[
  {
    "query": "select  \n  cd_gender,\n  cd_marital_status,\n  cd_education_status,\n  count(*) cnt1,\n  cd_purchase_estimate,\n  count(*) cnt2,\n  cd_credit_rating,\n  count(*) cnt3\n from\n  customer c,customer_address ca,customer_demographics\n where\n  c.c_current_addr_sk = ca.ca_address_sk and\n  ca_state in ('IN','UT','WV') and\n  cd_demo_sk = c.c_current_cdemo_sk and \n  exists (select *\n          from store_sales,date_dim\n          where c.c_customer_sk = ss_customer_sk and\n                ss_sold_date_sk = d_date_sk and\n                d_year = 2004 and\n                d_moy between 4 and 4+2) and\n   (not exists (select *\n            from web_sales,date_dim\n            where c.c_customer_sk = ws_bill_customer_sk and\n                  ws_sold_date_sk = d_date_sk and\n                  d_year = 2004 and\n                  d_moy between 4 and 4+2) and\n    not exists (select * \n            from catalog_sales,date_dim\n            where c.c_customer_sk = cs_ship_customer_sk and\n                  cs_sold_date_sk = d_date_sk and\n                  d_year = 2004 and\n                  d_moy between 4 and 4+2))\n group by cd_gender,\n          cd_marital_status,\n          cd_education_status,\n          cd_purchase_estimate,\n          cd_credit_rating\n order by cd_gender,\n          cd_marital_status,\n          cd_education_status,\n          cd_purchase_estimate,\n          cd_credit_rating\n limit 100;\n\n-- end query 51 in stream 4 using template query69.tpl\n",
    "indexes": "customer.c_customer_sk",
    "wo plan est": {
      "Node Type": "Limit",
      "Parallel Aware": false,
      "Async Capable": false,
      "Startup Cost": 747667.94,
      "Total Cost": 838660.28,
      "Plan Rows": 100,
      "Plan Width": 64,
      "Plans": [
        {
          "Node Type": "Aggregate",
          "Strategy": "Sorted",
          "Partial Mode": "Simple",
          "Parent Relationship": "Outer",
          "Parallel Aware": false,
          "Async Capable": false,
          "Startup Cost": 747667.94,
          "Total Cost": 2235392.72,
          "Plan Rows": 1635,
          "Plan Width": 64,
          "Group Key": [
            "customer_demographics.cd_gender",
            "customer_demographics.cd_marital_status",
            "customer_demographics.cd_education_status",
            "customer_demographics.cd_purchase_estimate",
            "customer_demographics.cd_credit_rating"
          ],
          "Plans": [
            {
              "Node Type": "Nested Loop",
              "Parent Relationship": "Outer",
              "Parallel Aware": false,
              "Async Capable": false,
              "Join Type": "Anti",
              "Startup Cost": 747667.94,
              "Total Cost": 2235351.85,
              "Plan Rows": 1635,
              "Plan Width": 40,
              "Inner Unique": false,
              "Join Filter": "(c.c_customer_sk = catalog_sales.cs_ship_customer_sk)",
              "Plans": [
                {
                  "Node Type": "Nested Loop",
                  "Parent Relationship": "Outer",
                  "Parallel Aware": false,
                  "Async Capable": false,
                  "Join Type": "Anti",
                  "Startup Cost": 744983.45,
                  "Total Cost": 1207187.45,
                  "Plan Rows": 1695,
                  "Plan Width": 44,
                  "Inner Unique": false,
                  "Join Filter": "(c.c_customer_sk = web_sales.ws_bill_customer_sk)",
                  "Plans": [
                    {
                      "Node Type": "Gather Merge",
                      "Parent Relationship": "Outer",
                      "Parallel Aware": false,
                      "Async Capable": false,
                      "Startup Cost": 741825.8,
                      "Total Cost": 742026.82,
                      "Plan Rows": 1726,
                      "Plan Width": 44,
                      "Workers Planned": 2,
                      "Plans": [
                        {
                          "Node Type": "Sort",
                          "Parent Relationship": "Outer",
                          "Parallel Aware": false,
                          "Async Capable": false,
                          "Startup Cost": 740825.77,
                          "Total Cost": 740827.57,
                          "Plan Rows": 719,
                          "Plan Width": 44,
                          "Sort Key": [
                            "customer_demographics.cd_gender",
                            "customer_demographics.cd_marital_status",
                            "customer_demographics.cd_education_status",
                            "customer_demographics.cd_purchase_estimate",
                            "customer_demographics.cd_credit_rating"
                          ],
                          "Plans": [
                            {
                              "Node Type": "Hash Join",
                              "Parent Relationship": "Outer",
                              "Parallel Aware": true,
                              "Async Capable": false,
                              "Join Type": "Inner",
                              "Startup Cost": 707956.07,
                              "Total Cost": 740791.66,
                              "Plan Rows": 719,
                              "Plan Width": 44,
                              "Inner Unique": false,
                              "Hash Cond": "(customer_demographics.cd_demo_sk = c.c_current_cdemo_sk)",
                              "Plans": [
                                {
                                  "Node Type": "Seq Scan",
                                  "Parent Relationship": "Outer",
                                  "Parallel Aware": true,
                                  "Async Capable": false,
                                  "Relation Name": "customer_demographics",
                                  "Alias": "customer_demographics",
                                  "Startup Cost": 0.0,
                                  "Total Cost": 29831.33,
                                  "Plan Rows": 800333,
                                  "Plan Width": 44,
                                  "parent": 6,
                                  "ID": 7
                                },
                                {
                                  "Node Type": "Hash",
                                  "Parent Relationship": "Inner",
                                  "Parallel Aware": true,
                                  "Async Capable": false,
                                  "Startup Cost": 707946.76,
                                  "Total Cost": 707946.76,
                                  "Plan Rows": 745,
                                  "Plan Width": 8,
                                  "Plans": [
                                    {
                                      "Node Type": "Hash Join",
                                      "Parent Relationship": "Outer",
                                      "Parallel Aware": true,
                                      "Async Capable": false,
                                      "Join Type": "Inner",
                                      "Startup Cost": 691275.92,
                                      "Total Cost": 707946.76,
                                      "Plan Rows": 745,
                                      "Plan Width": 8,
                                      "Inner Unique": false,
                                      "Hash Cond": "(c.c_current_addr_sk = ca.ca_address_sk)",
                                      "Plans": [
                                        {
                                          "Node Type": "Hash Join",
                                          "Parent Relationship": "Outer",
                                          "Parallel Aware": true,
                                          "Async Capable": false,
                                          "Join Type": "Semi",
                                          "Startup Cost": 684337.4,
                                          "Total Cost": 700954.09,
                                          "Plan Rows": 13615,
                                          "Plan Width": 12,
                                          "Inner Unique": false,
                                          "Hash Cond": "(c.c_customer_sk = store_sales.ss_customer_sk)",
                                          "Plans": [
                                            {
                                              "Node Type": "Seq Scan",
                                              "Parent Relationship": "Outer",
                                              "Parallel Aware": true,
                                              "Async Capable": false,
                                              "Relation Name": "customer",
                                              "Alias": "c",
                                              "Startup Cost": 0.0,
                                              "Total Cost": 15918.33,
                                              "Plan Rows": 208333,
                                              "Plan Width": 12,
                                              "parent": 10,
                                              "ID": 11
                                            },
                                            {
                                              "Node Type": "Hash",
                                              "Parent Relationship": "Inner",
                                              "Parallel Aware": true,
                                              "Async Capable": false,
                                              "Startup Cost": 684159.07,
                                              "Total Cost": 684159.07,
                                              "Plan Rows": 14267,
                                              "Plan Width": 4,
                                              "Plans": [
                                                {
                                                  "Node Type": "Hash Join",
                                                  "Parent Relationship": "Outer",
                                                  "Parallel Aware": true,
                                                  "Async Capable": false,
                                                  "Join Type": "Inner",
                                                  "Startup Cost": 2157.65,
                                                  "Total Cost": 684159.07,
                                                  "Plan Rows": 14267,
                                                  "Plan Width": 4,
                                                  "Inner Unique": false,
                                                  "Hash Cond": "(store_sales.ss_sold_date_sk = date_dim.d_date_sk)",
                                                  "Plans": [
                                                    {
                                                      "Node Type": "Seq Scan",
                                                      "Parent Relationship": "Outer",
                                                      "Parallel Aware": true,
                                                      "Async Capable": false,
                                                      "Relation Name": "store_sales",
                                                      "Alias": "store_sales",
                                                      "Startup Cost": 0.0,
                                                      "Total Cost": 636914.37,
                                                      "Plan Rows": 12000637,
                                                      "Plan Width": 8,
                                                      "parent": 13,
                                                      "ID": 14
                                                    },
                                                    {
                                                      "Node Type": "Hash",
                                                      "Parent Relationship": "Inner",
                                                      "Parallel Aware": true,
                                                      "Async Capable": false,
                                                      "Startup Cost": 2156.97,
                                                      "Total Cost": 2156.97,
                                                      "Plan Rows": 54,
                                                      "Plan Width": 4,
                                                      "Plans": [
                                                        {
                                                          "Node Type": "Seq Scan",
                                                          "Parent Relationship": "Outer",
                                                          "Parallel Aware": true,
                                                          "Async Capable": false,
                                                          "Relation Name": "date_dim",
                                                          "Alias": "date_dim",
                                                          "Startup Cost": 0.0,
                                                          "Total Cost": 2156.97,
                                                          "Plan Rows": 54,
                                                          "Plan Width": 4,
                                                          "Filter": "((d_moy >= 4) AND (d_moy <= 6) AND (d_year = 2004))",
                                                          "parent": 15,
                                                          "ID": 16
                                                        }
                                                      ],
                                                      "parent": 13,
                                                      "ID": 15,
                                                      "left": 16
                                                    }
                                                  ],
                                                  "parent": 12,
                                                  "ID": 13,
                                                  "left": 14,
                                                  "right": 15
                                                }
                                              ],
                                              "parent": 10,
                                              "ID": 12,
                                              "left": 13
                                            }
                                          ],
                                          "parent": 9,
                                          "ID": 10,
                                          "left": 11,
                                          "right": 12
                                        },
                                        {
                                          "Node Type": "Hash",
                                          "Parent Relationship": "Inner",
                                          "Parallel Aware": true,
                                          "Async Capable": false,
                                          "Startup Cost": 6867.29,
                                          "Total Cost": 6867.29,
                                          "Plan Rows": 5698,
                                          "Plan Width": 4,
                                          "Plans": [
                                            {
                                              "Node Type": "Seq Scan",
                                              "Parent Relationship": "Outer",
                                              "Parallel Aware": true,
                                              "Async Capable": false,
                                              "Relation Name": "customer_address",
                                              "Alias": "ca",
                                              "Startup Cost": 0.0,
                                              "Total Cost": 6867.29,
                                              "Plan Rows": 5698,
                                              "Plan Width": 4,
                                              "Filter": "(ca_state = ANY ('{IN,UT,WV}'::bpchar[]))",
                                              "parent": 17,
                                              "ID": 18
                                            }
                                          ],
                                          "parent": 9,
                                          "ID": 17,
                                          "left": 18
                                        }
                                      ],
                                      "parent": 8,
                                      "ID": 9,
                                      "left": 10,
                                      "right": 17
                                    }
                                  ],
                                  "parent": 6,
                                  "ID": 8,
                                  "left": 9
                                }
                              ],
                              "parent": 5,
                              "ID": 6,
                              "left": 7,
                              "right": 8
                            }
                          ],
                          "parent": 4,
                          "ID": 5,
                          "left": 6
                        }
                      ],
                      "parent": 3,
                      "ID": 4,
                      "left": 5
                    },
                    {
                      "Node Type": "Materialize",
                      "Parent Relationship": "Inner",
                      "Parallel Aware": false,
                      "Async Capable": false,
                      "Startup Cost": 3157.65,
                      "Total Cost": 233105.09,
                      "Plan Rows": 8964,
                      "Plan Width": 4,
                      "Plans": [
                        {
                          "Node Type": "Gather",
                          "Parent Relationship": "Outer",
                          "Parallel Aware": false,
                          "Async Capable": false,
                          "Startup Cost": 3157.65,
                          "Total Cost": 233060.27,
                          "Plan Rows": 8964,
                          "Plan Width": 4,
                          "Workers Planned": 2,
                          "Single Copy": false,
                          "Plans": [
                            {
                              "Node Type": "Hash Join",
                              "Parent Relationship": "Outer",
                              "Parallel Aware": true,
                              "Async Capable": false,
                              "Join Type": "Inner",
                              "Startup Cost": 2157.65,
                              "Total Cost": 231163.87,
                              "Plan Rows": 3735,
                              "Plan Width": 4,
                              "Inner Unique": false,
                              "Hash Cond": "(web_sales.ws_sold_date_sk = date_dim_1.d_date_sk)",
                              "Plans": [
                                {
                                  "Node Type": "Seq Scan",
                                  "Parent Relationship": "Outer",
                                  "Parallel Aware": true,
                                  "Async Capable": false,
                                  "Relation Name": "web_sales",
                                  "Alias": "web_sales",
                                  "Startup Cost": 0.0,
                                  "Total Cost": 217737.86,
                                  "Plan Rows": 2998986,
                                  "Plan Width": 8,
                                  "parent": 21,
                                  "ID": 22
                                },
                                {
                                  "Node Type": "Hash",
                                  "Parent Relationship": "Inner",
                                  "Parallel Aware": true,
                                  "Async Capable": false,
                                  "Startup Cost": 2156.97,
                                  "Total Cost": 2156.97,
                                  "Plan Rows": 54,
                                  "Plan Width": 4,
                                  "Plans": [
                                    {
                                      "Node Type": "Seq Scan",
                                      "Parent Relationship": "Outer",
                                      "Parallel Aware": true,
                                      "Async Capable": false,
                                      "Relation Name": "date_dim",
                                      "Alias": "date_dim_1",
                                      "Startup Cost": 0.0,
                                      "Total Cost": 2156.97,
                                      "Plan Rows": 54,
                                      "Plan Width": 4,
                                      "Filter": "((d_moy >= 4) AND (d_moy <= 6) AND (d_year = 2004))",
                                      "parent": 23,
                                      "ID": 24
                                    }
                                  ],
                                  "parent": 21,
                                  "ID": 23,
                                  "left": 24
                                }
                              ],
                              "parent": 20,
                              "ID": 21,
                              "left": 22,
                              "right": 23
                            }
                          ],
                          "parent": 19,
                          "ID": 20,
                          "left": 21
                        }
                      ],
                      "parent": 3,
                      "ID": 19,
                      "left": 20
                    }
                  ],
                  "parent": 2,
                  "ID": 3,
                  "left": 4,
                  "right": 19
                },
                {
                  "Node Type": "Materialize",
                  "Parent Relationship": "Inner",
                  "Parallel Aware": false,
                  "Async Capable": false,
                  "Startup Cost": 2684.49,
                  "Total Cost": 574652.42,
                  "Plan Rows": 17839,
                  "Plan Width": 4,
                  "Plans": [
                    {
                      "Node Type": "Hash Join",
                      "Parent Relationship": "Outer",
                      "Parallel Aware": false,
                      "Async Capable": false,
                      "Join Type": "Inner",
                      "Startup Cost": 2684.49,
                      "Total Cost": 574563.22,
                      "Plan Rows": 17839,
                      "Plan Width": 4,
                      "Inner Unique": false,
                      "Hash Cond": "(catalog_sales.cs_sold_date_sk = date_dim_2.d_date_sk)",
                      "Plans": [
                        {
                          "Node Type": "Seq Scan",
                          "Parent Relationship": "Outer",
                          "Parallel Aware": false,
                          "Async Capable": false,
                          "Relation Name": "catalog_sales",
                          "Alias": "catalog_sales",
                          "Startup Cost": 0.0,
                          "Total Cost": 517695.61,
                          "Plan Rows": 14401261,
                          "Plan Width": 8,
                          "parent": 26,
                          "ID": 27
                        },
                        {
                          "Node Type": "Hash",
                          "Parent Relationship": "Inner",
                          "Parallel Aware": false,
                          "Async Capable": false,
                          "Startup Cost": 2683.36,
                          "Total Cost": 2683.36,
                          "Plan Rows": 91,
                          "Plan Width": 4,
                          "Plans": [
                            {
                              "Node Type": "Seq Scan",
                              "Parent Relationship": "Outer",
                              "Parallel Aware": false,
                              "Async Capable": false,
                              "Relation Name": "date_dim",
                              "Alias": "date_dim_2",
                              "Startup Cost": 0.0,
                              "Total Cost": 2683.36,
                              "Plan Rows": 91,
                              "Plan Width": 4,
                              "Filter": "((d_moy >= 4) AND (d_moy <= 6) AND (d_year = 2004))",
                              "parent": 28,
                              "ID": 29
                            }
                          ],
                          "parent": 26,
                          "ID": 28,
                          "left": 29
                        }
                      ],
                      "parent": 25,
                      "ID": 26,
                      "left": 27,
                      "right": 28
                    }
                  ],
                  "parent": 2,
                  "ID": 25,
                  "left": 26
                }
              ],
              "parent": 1,
              "ID": 2,
              "left": 3,
              "right": 25
            }
          ],
          "parent": 0,
          "ID": 1,
          "left": 2
        }
      ],
      "parent": null,
      "ID": 0,
      "left": 1
    },
    "feat": {
      "utility": 0.009534872618151512,
      "query_shape": [
        [
          "Seq Scan",
          "Hash Join",
          "Sort",
          "Gather Merge",
          "Nested Loop",
          "Aggregate"
        ],
        [
          "Seq Scan",
          "Hash Join",
          "Hash",
          "Sort",
          "Gather Merge",
          "Nested Loop",
          "Aggregate"
        ],
        [
          "Seq Scan",
          "Hash Join",
          "Hash",
          "Sort",
          "Gather Merge",
          "Nested Loop",
          "Aggregate"
        ],
        [
          "Seq Scan",
          "Hash",
          "Hash Join",
          "Sort",
          "Gather Merge",
          "Nested Loop",
          "Aggregate"
        ],
        [
          "Seq Scan",
          "Hash",
          "Hash Join",
          "Sort",
          "Gather Merge",
          "Nested Loop",
          "Aggregate"
        ],
        [
          "Seq Scan",
          "Hash Join",
          "Gather",
          "Materialize",
          "Nested Loop",
          "Aggregate"
        ],
        [
          "Seq Scan",
          "Hash",
          "Hash Join",
          "Gather",
          "Materialize",
          "Nested Loop",
          "Aggregate"
        ],
        [
          "Seq Scan",
          "Hash Join",
          "Materialize",
          "Nested Loop",
          "Aggregate"
        ],
        [
          "Seq Scan",
          "Hash",
          "Hash Join",
          "Materialize",
          "Nested Loop",
          "Aggregate"
        ]
      ],
      "index_shape": [
        "join"
      ],
      "physical_operator": {
        "Nested Loop": [
          0.007353409883458764,
          0.01046679050231333
        ],
        "Hash Join": [
          0.0021402448383944653
        ]
      }
    }
  },
  {
    "query": "select  \n  cd_gender,\n  cd_marital_status,\n  cd_education_status,\n  count(*) cnt1,\n  cd_purchase_estimate,\n  count(*) cnt2,\n  cd_credit_rating,\n  count(*) cnt3\n from\n  customer c,customer_address ca,customer_demographics\n where\n  c.c_current_addr_sk = ca.ca_address_sk and\n  ca_state in ('IN','UT','WV') and\n  cd_demo_sk = c.c_current_cdemo_sk and \n  exists (select *\n          from store_sales,date_dim\n          where c.c_customer_sk = ss_customer_sk and\n                ss_sold_date_sk = d_date_sk and\n                d_year = 2004 and\n                d_moy between 4 and 4+2) and\n   (not exists (select *\n            from web_sales,date_dim\n            where c.c_customer_sk = ws_bill_customer_sk and\n                  ws_sold_date_sk = d_date_sk and\n                  d_year = 2004 and\n                  d_moy between 4 and 4+2) and\n    not exists (select * \n            from catalog_sales,date_dim\n            where c.c_customer_sk = cs_ship_customer_sk and\n                  cs_sold_date_sk = d_date_sk and\n                  d_year = 2004 and\n                  d_moy between 4 and 4+2))\n group by cd_gender,\n          cd_marital_status,\n          cd_education_status,\n          cd_purchase_estimate,\n          cd_credit_rating\n order by cd_gender,\n          cd_marital_status,\n          cd_education_status,\n          cd_purchase_estimate,\n          cd_credit_rating\n limit 100;\n\n-- end query 51 in stream 4 using template query69.tpl\n",
    "indexes": "customer.c_current_addr_sk",
    "wo plan est": {
      "Node Type": "Limit",
      "Parallel Aware": false,
      "Async Capable": false,
      "Startup Cost": 747667.94,
      "Total Cost": 838660.28,
      "Plan Rows": 100,
      "Plan Width": 64,
      "Plans": [
        {
          "Node Type": "Aggregate",
          "Strategy": "Sorted",
          "Partial Mode": "Simple",
          "Parent Relationship": "Outer",
          "Parallel Aware": false,
          "Async Capable": false,
          "Startup Cost": 747667.94,
          "Total Cost": 2235392.72,
          "Plan Rows": 1635,
          "Plan Width": 64,
          "Group Key": [
            "customer_demographics.cd_gender",
            "customer_demographics.cd_marital_status",
            "customer_demographics.cd_education_status",
            "customer_demographics.cd_purchase_estimate",
            "customer_demographics.cd_credit_rating"
          ],
          "Plans": [
            {
              "Node Type": "Nested Loop",
              "Parent Relationship": "Outer",
              "Parallel Aware": false,
              "Async Capable": false,
              "Join Type": "Anti",
              "Startup Cost": 747667.94,
              "Total Cost": 2235351.85,
              "Plan Rows": 1635,
              "Plan Width": 40,
              "Inner Unique": false,
              "Join Filter": "(c.c_customer_sk = catalog_sales.cs_ship_customer_sk)",
              "Plans": [
                {
                  "Node Type": "Nested Loop",
                  "Parent Relationship": "Outer",
                  "Parallel Aware": false,
                  "Async Capable": false,
                  "Join Type": "Anti",
                  "Startup Cost": 744983.45,
                  "Total Cost": 1207187.45,
                  "Plan Rows": 1695,
                  "Plan Width": 44,
                  "Inner Unique": false,
                  "Join Filter": "(c.c_customer_sk = web_sales.ws_bill_customer_sk)",
                  "Plans": [
                    {
                      "Node Type": "Gather Merge",
                      "Parent Relationship": "Outer",
                      "Parallel Aware": false,
                      "Async Capable": false,
                      "Startup Cost": 741825.8,
                      "Total Cost": 742026.82,
                      "Plan Rows": 1726,
                      "Plan Width": 44,
                      "Workers Planned": 2,
                      "Plans": [
                        {
                          "Node Type": "Sort",
                          "Parent Relationship": "Outer",
                          "Parallel Aware": false,
                          "Async Capable": false,
                          "Startup Cost": 740825.77,
                          "Total Cost": 740827.57,
                          "Plan Rows": 719,
                          "Plan Width": 44,
                          "Sort Key": [
                            "customer_demographics.cd_gender",
                            "customer_demographics.cd_marital_status",
                            "customer_demographics.cd_education_status",
                            "customer_demographics.cd_purchase_estimate",
                            "customer_demographics.cd_credit_rating"
                          ],
                          "Plans": [
                            {
                              "Node Type": "Hash Join",
                              "Parent Relationship": "Outer",
                              "Parallel Aware": true,
                              "Async Capable": false,
                              "Join Type": "Inner",
                              "Startup Cost": 707956.07,
                              "Total Cost": 740791.66,
                              "Plan Rows": 719,
                              "Plan Width": 44,
                              "Inner Unique": false,
                              "Hash Cond": "(customer_demographics.cd_demo_sk = c.c_current_cdemo_sk)",
                              "Plans": [
                                {
                                  "Node Type": "Seq Scan",
                                  "Parent Relationship": "Outer",
                                  "Parallel Aware": true,
                                  "Async Capable": false,
                                  "Relation Name": "customer_demographics",
                                  "Alias": "customer_demographics",
                                  "Startup Cost": 0.0,
                                  "Total Cost": 29831.33,
                                  "Plan Rows": 800333,
                                  "Plan Width": 44,
                                  "parent": 6,
                                  "ID": 7
                                },
                                {
                                  "Node Type": "Hash",
                                  "Parent Relationship": "Inner",
                                  "Parallel Aware": true,
                                  "Async Capable": false,
                                  "Startup Cost": 707946.76,
                                  "Total Cost": 707946.76,
                                  "Plan Rows": 745,
                                  "Plan Width": 8,
                                  "Plans": [
                                    {
                                      "Node Type": "Hash Join",
                                      "Parent Relationship": "Outer",
                                      "Parallel Aware": true,
                                      "Async Capable": false,
                                      "Join Type": "Inner",
                                      "Startup Cost": 691275.92,
                                      "Total Cost": 707946.76,
                                      "Plan Rows": 745,
                                      "Plan Width": 8,
                                      "Inner Unique": false,
                                      "Hash Cond": "(c.c_current_addr_sk = ca.ca_address_sk)",
                                      "Plans": [
                                        {
                                          "Node Type": "Hash Join",
                                          "Parent Relationship": "Outer",
                                          "Parallel Aware": true,
                                          "Async Capable": false,
                                          "Join Type": "Semi",
                                          "Startup Cost": 684337.4,
                                          "Total Cost": 700954.09,
                                          "Plan Rows": 13615,
                                          "Plan Width": 12,
                                          "Inner Unique": false,
                                          "Hash Cond": "(c.c_customer_sk = store_sales.ss_customer_sk)",
                                          "Plans": [
                                            {
                                              "Node Type": "Seq Scan",
                                              "Parent Relationship": "Outer",
                                              "Parallel Aware": true,
                                              "Async Capable": false,
                                              "Relation Name": "customer",
                                              "Alias": "c",
                                              "Startup Cost": 0.0,
                                              "Total Cost": 15918.33,
                                              "Plan Rows": 208333,
                                              "Plan Width": 12,
                                              "parent": 10,
                                              "ID": 11
                                            },
                                            {
                                              "Node Type": "Hash",
                                              "Parent Relationship": "Inner",
                                              "Parallel Aware": true,
                                              "Async Capable": false,
                                              "Startup Cost": 684159.07,
                                              "Total Cost": 684159.07,
                                              "Plan Rows": 14267,
                                              "Plan Width": 4,
                                              "Plans": [
                                                {
                                                  "Node Type": "Hash Join",
                                                  "Parent Relationship": "Outer",
                                                  "Parallel Aware": true,
                                                  "Async Capable": false,
                                                  "Join Type": "Inner",
                                                  "Startup Cost": 2157.65,
                                                  "Total Cost": 684159.07,
                                                  "Plan Rows": 14267,
                                                  "Plan Width": 4,
                                                  "Inner Unique": false,
                                                  "Hash Cond": "(store_sales.ss_sold_date_sk = date_dim.d_date_sk)",
                                                  "Plans": [
                                                    {
                                                      "Node Type": "Seq Scan",
                                                      "Parent Relationship": "Outer",
                                                      "Parallel Aware": true,
                                                      "Async Capable": false,
                                                      "Relation Name": "store_sales",
                                                      "Alias": "store_sales",
                                                      "Startup Cost": 0.0,
                                                      "Total Cost": 636914.37,
                                                      "Plan Rows": 12000637,
                                                      "Plan Width": 8,
                                                      "parent": 13,
                                                      "ID": 14
                                                    },
                                                    {
                                                      "Node Type": "Hash",
                                                      "Parent Relationship": "Inner",
                                                      "Parallel Aware": true,
                                                      "Async Capable": false,
                                                      "Startup Cost": 2156.97,
                                                      "Total Cost": 2156.97,
                                                      "Plan Rows": 54,
                                                      "Plan Width": 4,
                                                      "Plans": [
                                                        {
                                                          "Node Type": "Seq Scan",
                                                          "Parent Relationship": "Outer",
                                                          "Parallel Aware": true,
                                                          "Async Capable": false,
                                                          "Relation Name": "date_dim",
                                                          "Alias": "date_dim",
                                                          "Startup Cost": 0.0,
                                                          "Total Cost": 2156.97,
                                                          "Plan Rows": 54,
                                                          "Plan Width": 4,
                                                          "Filter": "((d_moy >= 4) AND (d_moy <= 6) AND (d_year = 2004))",
                                                          "parent": 15,
                                                          "ID": 16
                                                        }
                                                      ],
                                                      "parent": 13,
                                                      "ID": 15,
                                                      "left": 16
                                                    }
                                                  ],
                                                  "parent": 12,
                                                  "ID": 13,
                                                  "left": 14,
                                                  "right": 15
                                                }
                                              ],
                                              "parent": 10,
                                              "ID": 12,
                                              "left": 13
                                            }
                                          ],
                                          "parent": 9,
                                          "ID": 10,
                                          "left": 11,
                                          "right": 12
                                        },
                                        {
                                          "Node Type": "Hash",
                                          "Parent Relationship": "Inner",
                                          "Parallel Aware": true,
                                          "Async Capable": false,
                                          "Startup Cost": 6867.29,
                                          "Total Cost": 6867.29,
                                          "Plan Rows": 5698,
                                          "Plan Width": 4,
                                          "Plans": [
                                            {
                                              "Node Type": "Seq Scan",
                                              "Parent Relationship": "Outer",
                                              "Parallel Aware": true,
                                              "Async Capable": false,
                                              "Relation Name": "customer_address",
                                              "Alias": "ca",
                                              "Startup Cost": 0.0,
                                              "Total Cost": 6867.29,
                                              "Plan Rows": 5698,
                                              "Plan Width": 4,
                                              "Filter": "(ca_state = ANY ('{IN,UT,WV}'::bpchar[]))",
                                              "parent": 17,
                                              "ID": 18
                                            }
                                          ],
                                          "parent": 9,
                                          "ID": 17,
                                          "left": 18
                                        }
                                      ],
                                      "parent": 8,
                                      "ID": 9,
                                      "left": 10,
                                      "right": 17
                                    }
                                  ],
                                  "parent": 6,
                                  "ID": 8,
                                  "left": 9
                                }
                              ],
                              "parent": 5,
                              "ID": 6,
                              "left": 7,
                              "right": 8
                            }
                          ],
                          "parent": 4,
                          "ID": 5,
                          "left": 6
                        }
                      ],
                      "parent": 3,
                      "ID": 4,
                      "left": 5
                    },
                    {
                      "Node Type": "Materialize",
                      "Parent Relationship": "Inner",
                      "Parallel Aware": false,
                      "Async Capable": false,
                      "Startup Cost": 3157.65,
                      "Total Cost": 233105.09,
                      "Plan Rows": 8964,
                      "Plan Width": 4,
                      "Plans": [
                        {
                          "Node Type": "Gather",
                          "Parent Relationship": "Outer",
                          "Parallel Aware": false,
                          "Async Capable": false,
                          "Startup Cost": 3157.65,
                          "Total Cost": 233060.27,
                          "Plan Rows": 8964,
                          "Plan Width": 4,
                          "Workers Planned": 2,
                          "Single Copy": false,
                          "Plans": [
                            {
                              "Node Type": "Hash Join",
                              "Parent Relationship": "Outer",
                              "Parallel Aware": true,
                              "Async Capable": false,
                              "Join Type": "Inner",
                              "Startup Cost": 2157.65,
                              "Total Cost": 231163.87,
                              "Plan Rows": 3735,
                              "Plan Width": 4,
                              "Inner Unique": false,
                              "Hash Cond": "(web_sales.ws_sold_date_sk = date_dim_1.d_date_sk)",
                              "Plans": [
                                {
                                  "Node Type": "Seq Scan",
                                  "Parent Relationship": "Outer",
                                  "Parallel Aware": true,
                                  "Async Capable": false,
                                  "Relation Name": "web_sales",
                                  "Alias": "web_sales",
                                  "Startup Cost": 0.0,
                                  "Total Cost": 217737.86,
                                  "Plan Rows": 2998986,
                                  "Plan Width": 8,
                                  "parent": 21,
                                  "ID": 22
                                },
                                {
                                  "Node Type": "Hash",
                                  "Parent Relationship": "Inner",
                                  "Parallel Aware": true,
                                  "Async Capable": false,
                                  "Startup Cost": 2156.97,
                                  "Total Cost": 2156.97,
                                  "Plan Rows": 54,
                                  "Plan Width": 4,
                                  "Plans": [
                                    {
                                      "Node Type": "Seq Scan",
                                      "Parent Relationship": "Outer",
                                      "Parallel Aware": true,
                                      "Async Capable": false,
                                      "Relation Name": "date_dim",
                                      "Alias": "date_dim_1",
                                      "Startup Cost": 0.0,
                                      "Total Cost": 2156.97,
                                      "Plan Rows": 54,
                                      "Plan Width": 4,
                                      "Filter": "((d_moy >= 4) AND (d_moy <= 6) AND (d_year = 2004))",
                                      "parent": 23,
                                      "ID": 24
                                    }
                                  ],
                                  "parent": 21,
                                  "ID": 23,
                                  "left": 24
                                }
                              ],
                              "parent": 20,
                              "ID": 21,
                              "left": 22,
                              "right": 23
                            }
                          ],
                          "parent": 19,
                          "ID": 20,
                          "left": 21
                        }
                      ],
                      "parent": 3,
                      "ID": 19,
                      "left": 20
                    }
                  ],
                  "parent": 2,
                  "ID": 3,
                  "left": 4,
                  "right": 19
                },
                {
                  "Node Type": "Materialize",
                  "Parent Relationship": "Inner",
                  "Parallel Aware": false,
                  "Async Capable": false,
                  "Startup Cost": 2684.49,
                  "Total Cost": 574652.42,
                  "Plan Rows": 17839,
                  "Plan Width": 4,
                  "Plans": [
                    {
                      "Node Type": "Hash Join",
                      "Parent Relationship": "Outer",
                      "Parallel Aware": false,
                      "Async Capable": false,
                      "Join Type": "Inner",
                      "Startup Cost": 2684.49,
                      "Total Cost": 574563.22,
                      "Plan Rows": 17839,
                      "Plan Width": 4,
                      "Inner Unique": false,
                      "Hash Cond": "(catalog_sales.cs_sold_date_sk = date_dim_2.d_date_sk)",
                      "Plans": [
                        {
                          "Node Type": "Seq Scan",
                          "Parent Relationship": "Outer",
                          "Parallel Aware": false,
                          "Async Capable": false,
                          "Relation Name": "catalog_sales",
                          "Alias": "catalog_sales",
                          "Startup Cost": 0.0,
                          "Total Cost": 517695.61,
                          "Plan Rows": 14401261,
                          "Plan Width": 8,
                          "parent": 26,
                          "ID": 27
                        },
                        {
                          "Node Type": "Hash",
                          "Parent Relationship": "Inner",
                          "Parallel Aware": false,
                          "Async Capable": false,
                          "Startup Cost": 2683.36,
                          "Total Cost": 2683.36,
                          "Plan Rows": 91,
                          "Plan Width": 4,
                          "Plans": [
                            {
                              "Node Type": "Seq Scan",
                              "Parent Relationship": "Outer",
                              "Parallel Aware": false,
                              "Async Capable": false,
                              "Relation Name": "date_dim",
                              "Alias": "date_dim_2",
                              "Startup Cost": 0.0,
                              "Total Cost": 2683.36,
                              "Plan Rows": 91,
                              "Plan Width": 4,
                              "Filter": "((d_moy >= 4) AND (d_moy <= 6) AND (d_year = 2004))",
                              "parent": 28,
                              "ID": 29
                            }
                          ],
                          "parent": 26,
                          "ID": 28,
                          "left": 29
                        }
                      ],
                      "parent": 25,
                      "ID": 26,
                      "left": 27,
                      "right": 28
                    }
                  ],
                  "parent": 2,
                  "ID": 25,
                  "left": 26
                }
              ],
              "parent": 1,
              "ID": 2,
              "left": 3,
              "right": 25
            }
          ],
          "parent": 0,
          "ID": 1,
          "left": 2
        }
      ],
      "parent": null,
      "ID": 0,
      "left": 1
    },
    "feat": {
      "utility": 0.0,
      "query_shape": [
        [
          "Seq Scan",
          "Hash Join",
          "Sort",
          "Gather Merge",
          "Nested Loop",
          "Aggregate"
        ],
        [
          "Seq Scan",
          "Hash Join",
          "Hash",
          "Sort",
          "Gather Merge",
          "Nested Loop",
          "Aggregate"
        ],
        [
          "Seq Scan",
          "Hash Join",
          "Hash",
          "Sort",
          "Gather Merge",
          "Nested Loop",
          "Aggregate"
        ],
        [
          "Seq Scan",
          "Hash",
          "Hash Join",
          "Sort",
          "Gather Merge",
          "Nested Loop",
          "Aggregate"
        ],
        [
          "Seq Scan",
          "Hash",
          "Hash Join",
          "Sort",
          "Gather Merge",
          "Nested Loop",
          "Aggregate"
        ],
        [
          "Seq Scan",
          "Hash Join",
          "Gather",
          "Materialize",
          "Nested Loop",
          "Aggregate"
        ],
        [
          "Seq Scan",
          "Hash",
          "Hash Join",
          "Gather",
          "Materialize",
          "Nested Loop",
          "Aggregate"
        ],
        [
          "Seq Scan",
          "Hash Join",
          "Materialize",
          "Nested Loop",
          "Aggregate"
        ],
        [
          "Seq Scan",
          "Hash",
          "Hash Join",
          "Materialize",
          "Nested Loop",
          "Aggregate"
        ]
      ],
      "index_shape": [
        "join"
      ],
      "physical_operator": {}
    }
  },
  {
    "query": "select  \n  cd_gender,\n  cd_marital_status,\n  cd_education_status,\n  count(*) cnt1,\n  cd_purchase_estimate,\n  count(*) cnt2,\n  cd_credit_rating,\n  count(*) cnt3\n from\n  customer c,customer_address ca,customer_demographics\n where\n  c.c_current_addr_sk = ca.ca_address_sk and\n  ca_state in ('IN','UT','WV') and\n  cd_demo_sk = c.c_current_cdemo_sk and \n  exists (select *\n          from store_sales,date_dim\n          where c.c_customer_sk = ss_customer_sk and\n                ss_sold_date_sk = d_date_sk and\n                d_year = 2004 and\n                d_moy between 4 and 4+2) and\n   (not exists (select *\n            from web_sales,date_dim\n            where c.c_customer_sk = ws_bill_customer_sk and\n                  ws_sold_date_sk = d_date_sk and\n                  d_year = 2004 and\n                  d_moy between 4 and 4+2) and\n    not exists (select * \n            from catalog_sales,date_dim\n            where c.c_customer_sk = cs_ship_customer_sk and\n                  cs_sold_date_sk = d_date_sk and\n                  d_year = 2004 and\n                  d_moy between 4 and 4+2))\n group by cd_gender,\n          cd_marital_status,\n          cd_education_status,\n          cd_purchase_estimate,\n          cd_credit_rating\n order by cd_gender,\n          cd_marital_status,\n          cd_education_status,\n          cd_purchase_estimate,\n          cd_credit_rating\n limit 100;\n\n-- end query 51 in stream 4 using template query69.tpl\n",
    "indexes": "customer.c_current_cdemo_sk",
    "wo plan est": {
      "Node Type": "Limit",
      "Parallel Aware": false,
      "Async Capable": false,
      "Startup Cost": 747667.94,
      "Total Cost": 838660.28,
      "Plan Rows": 100,
      "Plan Width": 64,
      "Plans": [
        {
          "Node Type": "Aggregate",
          "Strategy": "Sorted",
          "Partial Mode": "Simple",
          "Parent Relationship": "Outer",
          "Parallel Aware": false,
          "Async Capable": false,
          "Startup Cost": 747667.94,
          "Total Cost": 2235392.72,
          "Plan Rows": 1635,
          "Plan Width": 64,
          "Group Key": [
            "customer_demographics.cd_gender",
            "customer_demographics.cd_marital_status",
            "customer_demographics.cd_education_status",
            "customer_demographics.cd_purchase_estimate",
            "customer_demographics.cd_credit_rating"
          ],
          "Plans": [
            {
              "Node Type": "Nested Loop",
              "Parent Relationship": "Outer",
              "Parallel Aware": false,
              "Async Capable": false,
              "Join Type": "Anti",
              "Startup Cost": 747667.94,
              "Total Cost": 2235351.85,
              "Plan Rows": 1635,
              "Plan Width": 40,
              "Inner Unique": false,
              "Join Filter": "(c.c_customer_sk = catalog_sales.cs_ship_customer_sk)",
              "Plans": [
                {
                  "Node Type": "Nested Loop",
                  "Parent Relationship": "Outer",
                  "Parallel Aware": false,
                  "Async Capable": false,
                  "Join Type": "Anti",
                  "Startup Cost": 744983.45,
                  "Total Cost": 1207187.45,
                  "Plan Rows": 1695,
                  "Plan Width": 44,
                  "Inner Unique": false,
                  "Join Filter": "(c.c_customer_sk = web_sales.ws_bill_customer_sk)",
                  "Plans": [
                    {
                      "Node Type": "Gather Merge",
                      "Parent Relationship": "Outer",
                      "Parallel Aware": false,
                      "Async Capable": false,
                      "Startup Cost": 741825.8,
                      "Total Cost": 742026.82,
                      "Plan Rows": 1726,
                      "Plan Width": 44,
                      "Workers Planned": 2,
                      "Plans": [
                        {
                          "Node Type": "Sort",
                          "Parent Relationship": "Outer",
                          "Parallel Aware": false,
                          "Async Capable": false,
                          "Startup Cost": 740825.77,
                          "Total Cost": 740827.57,
                          "Plan Rows": 719,
                          "Plan Width": 44,
                          "Sort Key": [
                            "customer_demographics.cd_gender",
                            "customer_demographics.cd_marital_status",
                            "customer_demographics.cd_education_status",
                            "customer_demographics.cd_purchase_estimate",
                            "customer_demographics.cd_credit_rating"
                          ],
                          "Plans": [
                            {
                              "Node Type": "Hash Join",
                              "Parent Relationship": "Outer",
                              "Parallel Aware": true,
                              "Async Capable": false,
                              "Join Type": "Inner",
                              "Startup Cost": 707956.07,
                              "Total Cost": 740791.66,
                              "Plan Rows": 719,
                              "Plan Width": 44,
                              "Inner Unique": false,
                              "Hash Cond": "(customer_demographics.cd_demo_sk = c.c_current_cdemo_sk)",
                              "Plans": [
                                {
                                  "Node Type": "Seq Scan",
                                  "Parent Relationship": "Outer",
                                  "Parallel Aware": true,
                                  "Async Capable": false,
                                  "Relation Name": "customer_demographics",
                                  "Alias": "customer_demographics",
                                  "Startup Cost": 0.0,
                                  "Total Cost": 29831.33,
                                  "Plan Rows": 800333,
                                  "Plan Width": 44,
                                  "parent": 6,
                                  "ID": 7
                                },
                                {
                                  "Node Type": "Hash",
                                  "Parent Relationship": "Inner",
                                  "Parallel Aware": true,
                                  "Async Capable": false,
                                  "Startup Cost": 707946.76,
                                  "Total Cost": 707946.76,
                                  "Plan Rows": 745,
                                  "Plan Width": 8,
                                  "Plans": [
                                    {
                                      "Node Type": "Hash Join",
                                      "Parent Relationship": "Outer",
                                      "Parallel Aware": true,
                                      "Async Capable": false,
                                      "Join Type": "Inner",
                                      "Startup Cost": 691275.92,
                                      "Total Cost": 707946.76,
                                      "Plan Rows": 745,
                                      "Plan Width": 8,
                                      "Inner Unique": false,
                                      "Hash Cond": "(c.c_current_addr_sk = ca.ca_address_sk)",
                                      "Plans": [
                                        {
                                          "Node Type": "Hash Join",
                                          "Parent Relationship": "Outer",
                                          "Parallel Aware": true,
                                          "Async Capable": false,
                                          "Join Type": "Semi",
                                          "Startup Cost": 684337.4,
                                          "Total Cost": 700954.09,
                                          "Plan Rows": 13615,
                                          "Plan Width": 12,
                                          "Inner Unique": false,
                                          "Hash Cond": "(c.c_customer_sk = store_sales.ss_customer_sk)",
                                          "Plans": [
                                            {
                                              "Node Type": "Seq Scan",
                                              "Parent Relationship": "Outer",
                                              "Parallel Aware": true,
                                              "Async Capable": false,
                                              "Relation Name": "customer",
                                              "Alias": "c",
                                              "Startup Cost": 0.0,
                                              "Total Cost": 15918.33,
                                              "Plan Rows": 208333,
                                              "Plan Width": 12,
                                              "parent": 10,
                                              "ID": 11
                                            },
                                            {
                                              "Node Type": "Hash",
                                              "Parent Relationship": "Inner",
                                              "Parallel Aware": true,
                                              "Async Capable": false,
                                              "Startup Cost": 684159.07,
                                              "Total Cost": 684159.07,
                                              "Plan Rows": 14267,
                                              "Plan Width": 4,
                                              "Plans": [
                                                {
                                                  "Node Type": "Hash Join",
                                                  "Parent Relationship": "Outer",
                                                  "Parallel Aware": true,
                                                  "Async Capable": false,
                                                  "Join Type": "Inner",
                                                  "Startup Cost": 2157.65,
                                                  "Total Cost": 684159.07,
                                                  "Plan Rows": 14267,
                                                  "Plan Width": 4,
                                                  "Inner Unique": false,
                                                  "Hash Cond": "(store_sales.ss_sold_date_sk = date_dim.d_date_sk)",
                                                  "Plans": [
                                                    {
                                                      "Node Type": "Seq Scan",
                                                      "Parent Relationship": "Outer",
                                                      "Parallel Aware": true,
                                                      "Async Capable": false,
                                                      "Relation Name": "store_sales",
                                                      "Alias": "store_sales",
                                                      "Startup Cost": 0.0,
                                                      "Total Cost": 636914.37,
                                                      "Plan Rows": 12000637,
                                                      "Plan Width": 8,
                                                      "parent": 13,
                                                      "ID": 14
                                                    },
                                                    {
                                                      "Node Type": "Hash",
                                                      "Parent Relationship": "Inner",
                                                      "Parallel Aware": true,
                                                      "Async Capable": false,
                                                      "Startup Cost": 2156.97,
                                                      "Total Cost": 2156.97,
                                                      "Plan Rows": 54,
                                                      "Plan Width": 4,
                                                      "Plans": [
                                                        {
                                                          "Node Type": "Seq Scan",
                                                          "Parent Relationship": "Outer",
                                                          "Parallel Aware": true,
                                                          "Async Capable": false,
                                                          "Relation Name": "date_dim",
                                                          "Alias": "date_dim",
                                                          "Startup Cost": 0.0,
                                                          "Total Cost": 2156.97,
                                                          "Plan Rows": 54,
                                                          "Plan Width": 4,
                                                          "Filter": "((d_moy >= 4) AND (d_moy <= 6) AND (d_year = 2004))",
                                                          "parent": 15,
                                                          "ID": 16
                                                        }
                                                      ],
                                                      "parent": 13,
                                                      "ID": 15,
                                                      "left": 16
                                                    }
                                                  ],
                                                  "parent": 12,
                                                  "ID": 13,
                                                  "left": 14,
                                                  "right": 15
                                                }
                                              ],
                                              "parent": 10,
                                              "ID": 12,
                                              "left": 13
                                            }
                                          ],
                                          "parent": 9,
                                          "ID": 10,
                                          "left": 11,
                                          "right": 12
                                        },
                                        {
                                          "Node Type": "Hash",
                                          "Parent Relationship": "Inner",
                                          "Parallel Aware": true,
                                          "Async Capable": false,
                                          "Startup Cost": 6867.29,
                                          "Total Cost": 6867.29,
                                          "Plan Rows": 5698,
                                          "Plan Width": 4,
                                          "Plans": [
                                            {
                                              "Node Type": "Seq Scan",
                                              "Parent Relationship": "Outer",
                                              "Parallel Aware": true,
                                              "Async Capable": false,
                                              "Relation Name": "customer_address",
                                              "Alias": "ca",
                                              "Startup Cost": 0.0,
                                              "Total Cost": 6867.29,
                                              "Plan Rows": 5698,
                                              "Plan Width": 4,
                                              "Filter": "(ca_state = ANY ('{IN,UT,WV}'::bpchar[]))",
                                              "parent": 17,
                                              "ID": 18
                                            }
                                          ],
                                          "parent": 9,
                                          "ID": 17,
                                          "left": 18
                                        }
                                      ],
                                      "parent": 8,
                                      "ID": 9,
                                      "left": 10,
                                      "right": 17
                                    }
                                  ],
                                  "parent": 6,
                                  "ID": 8,
                                  "left": 9
                                }
                              ],
                              "parent": 5,
                              "ID": 6,
                              "left": 7,
                              "right": 8
                            }
                          ],
                          "parent": 4,
                          "ID": 5,
                          "left": 6
                        }
                      ],
                      "parent": 3,
                      "ID": 4,
                      "left": 5
                    },
                    {
                      "Node Type": "Materialize",
                      "Parent Relationship": "Inner",
                      "Parallel Aware": false,
                      "Async Capable": false,
                      "Startup Cost": 3157.65,
                      "Total Cost": 233105.09,
                      "Plan Rows": 8964,
                      "Plan Width": 4,
                      "Plans": [
                        {
                          "Node Type": "Gather",
                          "Parent Relationship": "Outer",
                          "Parallel Aware": false,
                          "Async Capable": false,
                          "Startup Cost": 3157.65,
                          "Total Cost": 233060.27,
                          "Plan Rows": 8964,
                          "Plan Width": 4,
                          "Workers Planned": 2,
                          "Single Copy": false,
                          "Plans": [
                            {
                              "Node Type": "Hash Join",
                              "Parent Relationship": "Outer",
                              "Parallel Aware": true,
                              "Async Capable": false,
                              "Join Type": "Inner",
                              "Startup Cost": 2157.65,
                              "Total Cost": 231163.87,
                              "Plan Rows": 3735,
                              "Plan Width": 4,
                              "Inner Unique": false,
                              "Hash Cond": "(web_sales.ws_sold_date_sk = date_dim_1.d_date_sk)",
                              "Plans": [
                                {
                                  "Node Type": "Seq Scan",
                                  "Parent Relationship": "Outer",
                                  "Parallel Aware": true,
                                  "Async Capable": false,
                                  "Relation Name": "web_sales",
                                  "Alias": "web_sales",
                                  "Startup Cost": 0.0,
                                  "Total Cost": 217737.86,
                                  "Plan Rows": 2998986,
                                  "Plan Width": 8,
                                  "parent": 21,
                                  "ID": 22
                                },
                                {
                                  "Node Type": "Hash",
                                  "Parent Relationship": "Inner",
                                  "Parallel Aware": true,
                                  "Async Capable": false,
                                  "Startup Cost": 2156.97,
                                  "Total Cost": 2156.97,
                                  "Plan Rows": 54,
                                  "Plan Width": 4,
                                  "Plans": [
                                    {
                                      "Node Type": "Seq Scan",
                                      "Parent Relationship": "Outer",
                                      "Parallel Aware": true,
                                      "Async Capable": false,
                                      "Relation Name": "date_dim",
                                      "Alias": "date_dim_1",
                                      "Startup Cost": 0.0,
                                      "Total Cost": 2156.97,
                                      "Plan Rows": 54,
                                      "Plan Width": 4,
                                      "Filter": "((d_moy >= 4) AND (d_moy <= 6) AND (d_year = 2004))",
                                      "parent": 23,
                                      "ID": 24
                                    }
                                  ],
                                  "parent": 21,
                                  "ID": 23,
                                  "left": 24
                                }
                              ],
                              "parent": 20,
                              "ID": 21,
                              "left": 22,
                              "right": 23
                            }
                          ],
                          "parent": 19,
                          "ID": 20,
                          "left": 21
                        }
                      ],
                      "parent": 3,
                      "ID": 19,
                      "left": 20
                    }
                  ],
                  "parent": 2,
                  "ID": 3,
                  "left": 4,
                  "right": 19
                },
                {
                  "Node Type": "Materialize",
                  "Parent Relationship": "Inner",
                  "Parallel Aware": false,
                  "Async Capable": false,
                  "Startup Cost": 2684.49,
                  "Total Cost": 574652.42,
                  "Plan Rows": 17839,
                  "Plan Width": 4,
                  "Plans": [
                    {
                      "Node Type": "Hash Join",
                      "Parent Relationship": "Outer",
                      "Parallel Aware": false,
                      "Async Capable": false,
                      "Join Type": "Inner",
                      "Startup Cost": 2684.49,
                      "Total Cost": 574563.22,
                      "Plan Rows": 17839,
                      "Plan Width": 4,
                      "Inner Unique": false,
                      "Hash Cond": "(catalog_sales.cs_sold_date_sk = date_dim_2.d_date_sk)",
                      "Plans": [
                        {
                          "Node Type": "Seq Scan",
                          "Parent Relationship": "Outer",
                          "Parallel Aware": false,
                          "Async Capable": false,
                          "Relation Name": "catalog_sales",
                          "Alias": "catalog_sales",
                          "Startup Cost": 0.0,
                          "Total Cost": 517695.61,
                          "Plan Rows": 14401261,
                          "Plan Width": 8,
                          "parent": 26,
                          "ID": 27
                        },
                        {
                          "Node Type": "Hash",
                          "Parent Relationship": "Inner",
                          "Parallel Aware": false,
                          "Async Capable": false,
                          "Startup Cost": 2683.36,
                          "Total Cost": 2683.36,
                          "Plan Rows": 91,
                          "Plan Width": 4,
                          "Plans": [
                            {
                              "Node Type": "Seq Scan",
                              "Parent Relationship": "Outer",
                              "Parallel Aware": false,
                              "Async Capable": false,
                              "Relation Name": "date_dim",
                              "Alias": "date_dim_2",
                              "Startup Cost": 0.0,
                              "Total Cost": 2683.36,
                              "Plan Rows": 91,
                              "Plan Width": 4,
                              "Filter": "((d_moy >= 4) AND (d_moy <= 6) AND (d_year = 2004))",
                              "parent": 28,
                              "ID": 29
                            }
                          ],
                          "parent": 26,
                          "ID": 28,
                          "left": 29
                        }
                      ],
                      "parent": 25,
                      "ID": 26,
                      "left": 27,
                      "right": 28
                    }
                  ],
                  "parent": 2,
                  "ID": 25,
                  "left": 26
                }
              ],
              "parent": 1,
              "ID": 2,
              "left": 3,
              "right": 25
            }
          ],
          "parent": 0,
          "ID": 1,
          "left": 2
        }
      ],
      "parent": null,
      "ID": 0,
      "left": 1
    },
    "feat": {
      "utility": 0.0031960656834096983,
      "query_shape": [
        [
          "Seq Scan",
          "Hash Join",
          "Sort",
          "Gather Merge",
          "Nested Loop",
          "Aggregate"
        ],
        [
          "Seq Scan",
          "Hash Join",
          "Hash",
          "Sort",
          "Gather Merge",
          "Nested Loop",
          "Aggregate"
        ],
        [
          "Seq Scan",
          "Hash Join",
          "Hash",
          "Sort",
          "Gather Merge",
          "Nested Loop",
          "Aggregate"
        ],
        [
          "Seq Scan",
          "Hash",
          "Hash Join",
          "Sort",
          "Gather Merge",
          "Nested Loop",
          "Aggregate"
        ],
        [
          "Seq Scan",
          "Hash",
          "Hash Join",
          "Sort",
          "Gather Merge",
          "Nested Loop",
          "Aggregate"
        ],
        [
          "Seq Scan",
          "Hash Join",
          "Gather",
          "Materialize",
          "Nested Loop",
          "Aggregate"
        ],
        [
          "Seq Scan",
          "Hash",
          "Hash Join",
          "Gather",
          "Materialize",
          "Nested Loop",
          "Aggregate"
        ],
        [
          "Seq Scan",
          "Hash Join",
          "Materialize",
          "Nested Loop",
          "Aggregate"
        ],
        [
          "Seq Scan",
          "Hash",
          "Hash Join",
          "Materialize",
          "Nested Loop",
          "Aggregate"
        ]
      ],
      "index_shape": [
        "join"
      ],
      "physical_operator": {
        "Hash Join": [
          0.0010981228956350156
        ]
      }
    }
  },
  {
    "query": "select  \n  cd_gender,\n  cd_marital_status,\n  cd_education_status,\n  count(*) cnt1,\n  cd_purchase_estimate,\n  count(*) cnt2,\n  cd_credit_rating,\n  count(*) cnt3\n from\n  customer c,customer_address ca,customer_demographics\n where\n  c.c_current_addr_sk = ca.ca_address_sk and\n  ca_state in ('IN','UT','WV') and\n  cd_demo_sk = c.c_current_cdemo_sk and \n  exists (select *\n          from store_sales,date_dim\n          where c.c_customer_sk = ss_customer_sk and\n                ss_sold_date_sk = d_date_sk and\n                d_year = 2004 and\n                d_moy between 4 and 4+2) and\n   (not exists (select *\n            from web_sales,date_dim\n            where c.c_customer_sk = ws_bill_customer_sk and\n                  ws_sold_date_sk = d_date_sk and\n                  d_year = 2004 and\n                  d_moy between 4 and 4+2) and\n    not exists (select * \n            from catalog_sales,date_dim\n            where c.c_customer_sk = cs_ship_customer_sk and\n                  cs_sold_date_sk = d_date_sk and\n                  d_year = 2004 and\n                  d_moy between 4 and 4+2))\n group by cd_gender,\n          cd_marital_status,\n          cd_education_status,\n          cd_purchase_estimate,\n          cd_credit_rating\n order by cd_gender,\n          cd_marital_status,\n          cd_education_status,\n          cd_purchase_estimate,\n          cd_credit_rating\n limit 100;\n\n-- end query 51 in stream 4 using template query69.tpl\n",
    "indexes": "customer_address.ca_address_sk",
    "wo plan est": {
      "Node Type": "Limit",
      "Parallel Aware": false,
      "Async Capable": false,
      "Startup Cost": 747667.94,
      "Total Cost": 838660.28,
      "Plan Rows": 100,
      "Plan Width": 64,
      "Plans": [
        {
          "Node Type": "Aggregate",
          "Strategy": "Sorted",
          "Partial Mode": "Simple",
          "Parent Relationship": "Outer",
          "Parallel Aware": false,
          "Async Capable": false,
          "Startup Cost": 747667.94,
          "Total Cost": 2235392.72,
          "Plan Rows": 1635,
          "Plan Width": 64,
          "Group Key": [
            "customer_demographics.cd_gender",
            "customer_demographics.cd_marital_status",
            "customer_demographics.cd_education_status",
            "customer_demographics.cd_purchase_estimate",
            "customer_demographics.cd_credit_rating"
          ],
          "Plans": [
            {
              "Node Type": "Nested Loop",
              "Parent Relationship": "Outer",
              "Parallel Aware": false,
              "Async Capable": false,
              "Join Type": "Anti",
              "Startup Cost": 747667.94,
              "Total Cost": 2235351.85,
              "Plan Rows": 1635,
              "Plan Width": 40,
              "Inner Unique": false,
              "Join Filter": "(c.c_customer_sk = catalog_sales.cs_ship_customer_sk)",
              "Plans": [
                {
                  "Node Type": "Nested Loop",
                  "Parent Relationship": "Outer",
                  "Parallel Aware": false,
                  "Async Capable": false,
                  "Join Type": "Anti",
                  "Startup Cost": 744983.45,
                  "Total Cost": 1207187.45,
                  "Plan Rows": 1695,
                  "Plan Width": 44,
                  "Inner Unique": false,
                  "Join Filter": "(c.c_customer_sk = web_sales.ws_bill_customer_sk)",
                  "Plans": [
                    {
                      "Node Type": "Gather Merge",
                      "Parent Relationship": "Outer",
                      "Parallel Aware": false,
                      "Async Capable": false,
                      "Startup Cost": 741825.8,
                      "Total Cost": 742026.82,
                      "Plan Rows": 1726,
                      "Plan Width": 44,
                      "Workers Planned": 2,
                      "Plans": [
                        {
                          "Node Type": "Sort",
                          "Parent Relationship": "Outer",
                          "Parallel Aware": false,
                          "Async Capable": false,
                          "Startup Cost": 740825.77,
                          "Total Cost": 740827.57,
                          "Plan Rows": 719,
                          "Plan Width": 44,
                          "Sort Key": [
                            "customer_demographics.cd_gender",
                            "customer_demographics.cd_marital_status",
                            "customer_demographics.cd_education_status",
                            "customer_demographics.cd_purchase_estimate",
                            "customer_demographics.cd_credit_rating"
                          ],
                          "Plans": [
                            {
                              "Node Type": "Hash Join",
                              "Parent Relationship": "Outer",
                              "Parallel Aware": true,
                              "Async Capable": false,
                              "Join Type": "Inner",
                              "Startup Cost": 707956.07,
                              "Total Cost": 740791.66,
                              "Plan Rows": 719,
                              "Plan Width": 44,
                              "Inner Unique": false,
                              "Hash Cond": "(customer_demographics.cd_demo_sk = c.c_current_cdemo_sk)",
                              "Plans": [
                                {
                                  "Node Type": "Seq Scan",
                                  "Parent Relationship": "Outer",
                                  "Parallel Aware": true,
                                  "Async Capable": false,
                                  "Relation Name": "customer_demographics",
                                  "Alias": "customer_demographics",
                                  "Startup Cost": 0.0,
                                  "Total Cost": 29831.33,
                                  "Plan Rows": 800333,
                                  "Plan Width": 44,
                                  "parent": 6,
                                  "ID": 7
                                },
                                {
                                  "Node Type": "Hash",
                                  "Parent Relationship": "Inner",
                                  "Parallel Aware": true,
                                  "Async Capable": false,
                                  "Startup Cost": 707946.76,
                                  "Total Cost": 707946.76,
                                  "Plan Rows": 745,
                                  "Plan Width": 8,
                                  "Plans": [
                                    {
                                      "Node Type": "Hash Join",
                                      "Parent Relationship": "Outer",
                                      "Parallel Aware": true,
                                      "Async Capable": false,
                                      "Join Type": "Inner",
                                      "Startup Cost": 691275.92,
                                      "Total Cost": 707946.76,
                                      "Plan Rows": 745,
                                      "Plan Width": 8,
                                      "Inner Unique": false,
                                      "Hash Cond": "(c.c_current_addr_sk = ca.ca_address_sk)",
                                      "Plans": [
                                        {
                                          "Node Type": "Hash Join",
                                          "Parent Relationship": "Outer",
                                          "Parallel Aware": true,
                                          "Async Capable": false,
                                          "Join Type": "Semi",
                                          "Startup Cost": 684337.4,
                                          "Total Cost": 700954.09,
                                          "Plan Rows": 13615,
                                          "Plan Width": 12,
                                          "Inner Unique": false,
                                          "Hash Cond": "(c.c_customer_sk = store_sales.ss_customer_sk)",
                                          "Plans": [
                                            {
                                              "Node Type": "Seq Scan",
                                              "Parent Relationship": "Outer",
                                              "Parallel Aware": true,
                                              "Async Capable": false,
                                              "Relation Name": "customer",
                                              "Alias": "c",
                                              "Startup Cost": 0.0,
                                              "Total Cost": 15918.33,
                                              "Plan Rows": 208333,
                                              "Plan Width": 12,
                                              "parent": 10,
                                              "ID": 11
                                            },
                                            {
                                              "Node Type": "Hash",
                                              "Parent Relationship": "Inner",
                                              "Parallel Aware": true,
                                              "Async Capable": false,
                                              "Startup Cost": 684159.07,
                                              "Total Cost": 684159.07,
                                              "Plan Rows": 14267,
                                              "Plan Width": 4,
                                              "Plans": [
                                                {
                                                  "Node Type": "Hash Join",
                                                  "Parent Relationship": "Outer",
                                                  "Parallel Aware": true,
                                                  "Async Capable": false,
                                                  "Join Type": "Inner",
                                                  "Startup Cost": 2157.65,
                                                  "Total Cost": 684159.07,
                                                  "Plan Rows": 14267,
                                                  "Plan Width": 4,
                                                  "Inner Unique": false,
                                                  "Hash Cond": "(store_sales.ss_sold_date_sk = date_dim.d_date_sk)",
                                                  "Plans": [
                                                    {
                                                      "Node Type": "Seq Scan",
                                                      "Parent Relationship": "Outer",
                                                      "Parallel Aware": true,
                                                      "Async Capable": false,
                                                      "Relation Name": "store_sales",
                                                      "Alias": "store_sales",
                                                      "Startup Cost": 0.0,
                                                      "Total Cost": 636914.37,
                                                      "Plan Rows": 12000637,
                                                      "Plan Width": 8,
                                                      "parent": 13,
                                                      "ID": 14
                                                    },
                                                    {
                                                      "Node Type": "Hash",
                                                      "Parent Relationship": "Inner",
                                                      "Parallel Aware": true,
                                                      "Async Capable": false,
                                                      "Startup Cost": 2156.97,
                                                      "Total Cost": 2156.97,
                                                      "Plan Rows": 54,
                                                      "Plan Width": 4,
                                                      "Plans": [
                                                        {
                                                          "Node Type": "Seq Scan",
                                                          "Parent Relationship": "Outer",
                                                          "Parallel Aware": true,
                                                          "Async Capable": false,
                                                          "Relation Name": "date_dim",
                                                          "Alias": "date_dim",
                                                          "Startup Cost": 0.0,
                                                          "Total Cost": 2156.97,
                                                          "Plan Rows": 54,
                                                          "Plan Width": 4,
                                                          "Filter": "((d_moy >= 4) AND (d_moy <= 6) AND (d_year = 2004))",
                                                          "parent": 15,
                                                          "ID": 16
                                                        }
                                                      ],
                                                      "parent": 13,
                                                      "ID": 15,
                                                      "left": 16
                                                    }
                                                  ],
                                                  "parent": 12,
                                                  "ID": 13,
                                                  "left": 14,
                                                  "right": 15
                                                }
                                              ],
                                              "parent": 10,
                                              "ID": 12,
                                              "left": 13
                                            }
                                          ],
                                          "parent": 9,
                                          "ID": 10,
                                          "left": 11,
                                          "right": 12
                                        },
                                        {
                                          "Node Type": "Hash",
                                          "Parent Relationship": "Inner",
                                          "Parallel Aware": true,
                                          "Async Capable": false,
                                          "Startup Cost": 6867.29,
                                          "Total Cost": 6867.29,
                                          "Plan Rows": 5698,
                                          "Plan Width": 4,
                                          "Plans": [
                                            {
                                              "Node Type": "Seq Scan",
                                              "Parent Relationship": "Outer",
                                              "Parallel Aware": true,
                                              "Async Capable": false,
                                              "Relation Name": "customer_address",
                                              "Alias": "ca",
                                              "Startup Cost": 0.0,
                                              "Total Cost": 6867.29,
                                              "Plan Rows": 5698,
                                              "Plan Width": 4,
                                              "Filter": "(ca_state = ANY ('{IN,UT,WV}'::bpchar[]))",
                                              "parent": 17,
                                              "ID": 18
                                            }
                                          ],
                                          "parent": 9,
                                          "ID": 17,
                                          "left": 18
                                        }
                                      ],
                                      "parent": 8,
                                      "ID": 9,
                                      "left": 10,
                                      "right": 17
                                    }
                                  ],
                                  "parent": 6,
                                  "ID": 8,
                                  "left": 9
                                }
                              ],
                              "parent": 5,
                              "ID": 6,
                              "left": 7,
                              "right": 8
                            }
                          ],
                          "parent": 4,
                          "ID": 5,
                          "left": 6
                        }
                      ],
                      "parent": 3,
                      "ID": 4,
                      "left": 5
                    },
                    {
                      "Node Type": "Materialize",
                      "Parent Relationship": "Inner",
                      "Parallel Aware": false,
                      "Async Capable": false,
                      "Startup Cost": 3157.65,
                      "Total Cost": 233105.09,
                      "Plan Rows": 8964,
                      "Plan Width": 4,
                      "Plans": [
                        {
                          "Node Type": "Gather",
                          "Parent Relationship": "Outer",
                          "Parallel Aware": false,
                          "Async Capable": false,
                          "Startup Cost": 3157.65,
                          "Total Cost": 233060.27,
                          "Plan Rows": 8964,
                          "Plan Width": 4,
                          "Workers Planned": 2,
                          "Single Copy": false,
                          "Plans": [
                            {
                              "Node Type": "Hash Join",
                              "Parent Relationship": "Outer",
                              "Parallel Aware": true,
                              "Async Capable": false,
                              "Join Type": "Inner",
                              "Startup Cost": 2157.65,
                              "Total Cost": 231163.87,
                              "Plan Rows": 3735,
                              "Plan Width": 4,
                              "Inner Unique": false,
                              "Hash Cond": "(web_sales.ws_sold_date_sk = date_dim_1.d_date_sk)",
                              "Plans": [
                                {
                                  "Node Type": "Seq Scan",
                                  "Parent Relationship": "Outer",
                                  "Parallel Aware": true,
                                  "Async Capable": false,
                                  "Relation Name": "web_sales",
                                  "Alias": "web_sales",
                                  "Startup Cost": 0.0,
                                  "Total Cost": 217737.86,
                                  "Plan Rows": 2998986,
                                  "Plan Width": 8,
                                  "parent": 21,
                                  "ID": 22
                                },
                                {
                                  "Node Type": "Hash",
                                  "Parent Relationship": "Inner",
                                  "Parallel Aware": true,
                                  "Async Capable": false,
                                  "Startup Cost": 2156.97,
                                  "Total Cost": 2156.97,
                                  "Plan Rows": 54,
                                  "Plan Width": 4,
                                  "Plans": [
                                    {
                                      "Node Type": "Seq Scan",
                                      "Parent Relationship": "Outer",
                                      "Parallel Aware": true,
                                      "Async Capable": false,
                                      "Relation Name": "date_dim",
                                      "Alias": "date_dim_1",
                                      "Startup Cost": 0.0,
                                      "Total Cost": 2156.97,
                                      "Plan Rows": 54,
                                      "Plan Width": 4,
                                      "Filter": "((d_moy >= 4) AND (d_moy <= 6) AND (d_year = 2004))",
                                      "parent": 23,
                                      "ID": 24
                                    }
                                  ],
                                  "parent": 21,
                                  "ID": 23,
                                  "left": 24
                                }
                              ],
                              "parent": 20,
                              "ID": 21,
                              "left": 22,
                              "right": 23
                            }
                          ],
                          "parent": 19,
                          "ID": 20,
                          "left": 21
                        }
                      ],
                      "parent": 3,
                      "ID": 19,
                      "left": 20
                    }
                  ],
                  "parent": 2,
                  "ID": 3,
                  "left": 4,
                  "right": 19
                },
                {
                  "Node Type": "Materialize",
                  "Parent Relationship": "Inner",
                  "Parallel Aware": false,
                  "Async Capable": false,
                  "Startup Cost": 2684.49,
                  "Total Cost": 574652.42,
                  "Plan Rows": 17839,
                  "Plan Width": 4,
                  "Plans": [
                    {
                      "Node Type": "Hash Join",
                      "Parent Relationship": "Outer",
                      "Parallel Aware": false,
                      "Async Capable": false,
                      "Join Type": "Inner",
                      "Startup Cost": 2684.49,
                      "Total Cost": 574563.22,
                      "Plan Rows": 17839,
                      "Plan Width": 4,
                      "Inner Unique": false,
                      "Hash Cond": "(catalog_sales.cs_sold_date_sk = date_dim_2.d_date_sk)",
                      "Plans": [
                        {
                          "Node Type": "Seq Scan",
                          "Parent Relationship": "Outer",
                          "Parallel Aware": false,
                          "Async Capable": false,
                          "Relation Name": "catalog_sales",
                          "Alias": "catalog_sales",
                          "Startup Cost": 0.0,
                          "Total Cost": 517695.61,
                          "Plan Rows": 14401261,
                          "Plan Width": 8,
                          "parent": 26,
                          "ID": 27
                        },
                        {
                          "Node Type": "Hash",
                          "Parent Relationship": "Inner",
                          "Parallel Aware": false,
                          "Async Capable": false,
                          "Startup Cost": 2683.36,
                          "Total Cost": 2683.36,
                          "Plan Rows": 91,
                          "Plan Width": 4,
                          "Plans": [
                            {
                              "Node Type": "Seq Scan",
                              "Parent Relationship": "Outer",
                              "Parallel Aware": false,
                              "Async Capable": false,
                              "Relation Name": "date_dim",
                              "Alias": "date_dim_2",
                              "Startup Cost": 0.0,
                              "Total Cost": 2683.36,
                              "Plan Rows": 91,
                              "Plan Width": 4,
                              "Filter": "((d_moy >= 4) AND (d_moy <= 6) AND (d_year = 2004))",
                              "parent": 28,
                              "ID": 29
                            }
                          ],
                          "parent": 26,
                          "ID": 28,
                          "left": 29
                        }
                      ],
                      "parent": 25,
                      "ID": 26,
                      "left": 27,
                      "right": 28
                    }
                  ],
                  "parent": 2,
                  "ID": 25,
                  "left": 26
                }
              ],
              "parent": 1,
              "ID": 2,
              "left": 3,
              "right": 25
            }
          ],
          "parent": 0,
          "ID": 1,
          "left": 2
        }
      ],
      "parent": null,
      "ID": 0,
      "left": 1
    },
    "feat": {
      "utility": 0.0,
      "query_shape": [
        [
          "Seq Scan",
          "Hash Join",
          "Sort",
          "Gather Merge",
          "Nested Loop",
          "Aggregate"
        ],
        [
          "Seq Scan",
          "Hash Join",
          "Hash",
          "Sort",
          "Gather Merge",
          "Nested Loop",
          "Aggregate"
        ],
        [
          "Seq Scan",
          "Hash Join",
          "Hash",
          "Sort",
          "Gather Merge",
          "Nested Loop",
          "Aggregate"
        ],
        [
          "Seq Scan",
          "Hash",
          "Hash Join",
          "Sort",
          "Gather Merge",
          "Nested Loop",
          "Aggregate"
        ],
        [
          "Seq Scan",
          "Hash",
          "Hash Join",
          "Sort",
          "Gather Merge",
          "Nested Loop",
          "Aggregate"
        ],
        [
          "Seq Scan",
          "Hash Join",
          "Gather",
          "Materialize",
          "Nested Loop",
          "Aggregate"
        ],
        [
          "Seq Scan",
          "Hash",
          "Hash Join",
          "Gather",
          "Materialize",
          "Nested Loop",
          "Aggregate"
        ],
        [
          "Seq Scan",
          "Hash Join",
          "Materialize",
          "Nested Loop",
          "Aggregate"
        ],
        [
          "Seq Scan",
          "Hash",
          "Hash Join",
          "Materialize",
          "Nested Loop",
          "Aggregate"
        ]
      ],
      "index_shape": [],
      "physical_operator": {}
    }
  },
  {
    "query": "select  \n  cd_gender,\n  cd_marital_status,\n  cd_education_status,\n  count(*) cnt1,\n  cd_purchase_estimate,\n  count(*) cnt2,\n  cd_credit_rating,\n  count(*) cnt3\n from\n  customer c,customer_address ca,customer_demographics\n where\n  c.c_current_addr_sk = ca.ca_address_sk and\n  ca_state in ('IN','UT','WV') and\n  cd_demo_sk = c.c_current_cdemo_sk and \n  exists (select *\n          from store_sales,date_dim\n          where c.c_customer_sk = ss_customer_sk and\n                ss_sold_date_sk = d_date_sk and\n                d_year = 2004 and\n                d_moy between 4 and 4+2) and\n   (not exists (select *\n            from web_sales,date_dim\n            where c.c_customer_sk = ws_bill_customer_sk and\n                  ws_sold_date_sk = d_date_sk and\n                  d_year = 2004 and\n                  d_moy between 4 and 4+2) and\n    not exists (select * \n            from catalog_sales,date_dim\n            where c.c_customer_sk = cs_ship_customer_sk and\n                  cs_sold_date_sk = d_date_sk and\n                  d_year = 2004 and\n                  d_moy between 4 and 4+2))\n group by cd_gender,\n          cd_marital_status,\n          cd_education_status,\n          cd_purchase_estimate,\n          cd_credit_rating\n order by cd_gender,\n          cd_marital_status,\n          cd_education_status,\n          cd_purchase_estimate,\n          cd_credit_rating\n limit 100;\n\n-- end query 51 in stream 4 using template query69.tpl\n",
    "indexes": "customer_address.ca_state",
    "wo plan est": {
      "Node Type": "Limit",
      "Parallel Aware": false,
      "Async Capable": false,
      "Startup Cost": 747667.94,
      "Total Cost": 838660.28,
      "Plan Rows": 100,
      "Plan Width": 64,
      "Plans": [
        {
          "Node Type": "Aggregate",
          "Strategy": "Sorted",
          "Partial Mode": "Simple",
          "Parent Relationship": "Outer",
          "Parallel Aware": false,
          "Async Capable": false,
          "Startup Cost": 747667.94,
          "Total Cost": 2235392.72,
          "Plan Rows": 1635,
          "Plan Width": 64,
          "Group Key": [
            "customer_demographics.cd_gender",
            "customer_demographics.cd_marital_status",
            "customer_demographics.cd_education_status",
            "customer_demographics.cd_purchase_estimate",
            "customer_demographics.cd_credit_rating"
          ],
          "Plans": [
            {
              "Node Type": "Nested Loop",
              "Parent Relationship": "Outer",
              "Parallel Aware": false,
              "Async Capable": false,
              "Join Type": "Anti",
              "Startup Cost": 747667.94,
              "Total Cost": 2235351.85,
              "Plan Rows": 1635,
              "Plan Width": 40,
              "Inner Unique": false,
              "Join Filter": "(c.c_customer_sk = catalog_sales.cs_ship_customer_sk)",
              "Plans": [
                {
                  "Node Type": "Nested Loop",
                  "Parent Relationship": "Outer",
                  "Parallel Aware": false,
                  "Async Capable": false,
                  "Join Type": "Anti",
                  "Startup Cost": 744983.45,
                  "Total Cost": 1207187.45,
                  "Plan Rows": 1695,
                  "Plan Width": 44,
                  "Inner Unique": false,
                  "Join Filter": "(c.c_customer_sk = web_sales.ws_bill_customer_sk)",
                  "Plans": [
                    {
                      "Node Type": "Gather Merge",
                      "Parent Relationship": "Outer",
                      "Parallel Aware": false,
                      "Async Capable": false,
                      "Startup Cost": 741825.8,
                      "Total Cost": 742026.82,
                      "Plan Rows": 1726,
                      "Plan Width": 44,
                      "Workers Planned": 2,
                      "Plans": [
                        {
                          "Node Type": "Sort",
                          "Parent Relationship": "Outer",
                          "Parallel Aware": false,
                          "Async Capable": false,
                          "Startup Cost": 740825.77,
                          "Total Cost": 740827.57,
                          "Plan Rows": 719,
                          "Plan Width": 44,
                          "Sort Key": [
                            "customer_demographics.cd_gender",
                            "customer_demographics.cd_marital_status",
                            "customer_demographics.cd_education_status",
                            "customer_demographics.cd_purchase_estimate",
                            "customer_demographics.cd_credit_rating"
                          ],
                          "Plans": [
                            {
                              "Node Type": "Hash Join",
                              "Parent Relationship": "Outer",
                              "Parallel Aware": true,
                              "Async Capable": false,
                              "Join Type": "Inner",
                              "Startup Cost": 707956.07,
                              "Total Cost": 740791.66,
                              "Plan Rows": 719,
                              "Plan Width": 44,
                              "Inner Unique": false,
                              "Hash Cond": "(customer_demographics.cd_demo_sk = c.c_current_cdemo_sk)",
                              "Plans": [
                                {
                                  "Node Type": "Seq Scan",
                                  "Parent Relationship": "Outer",
                                  "Parallel Aware": true,
                                  "Async Capable": false,
                                  "Relation Name": "customer_demographics",
                                  "Alias": "customer_demographics",
                                  "Startup Cost": 0.0,
                                  "Total Cost": 29831.33,
                                  "Plan Rows": 800333,
                                  "Plan Width": 44,
                                  "parent": 6,
                                  "ID": 7
                                },
                                {
                                  "Node Type": "Hash",
                                  "Parent Relationship": "Inner",
                                  "Parallel Aware": true,
                                  "Async Capable": false,
                                  "Startup Cost": 707946.76,
                                  "Total Cost": 707946.76,
                                  "Plan Rows": 745,
                                  "Plan Width": 8,
                                  "Plans": [
                                    {
                                      "Node Type": "Hash Join",
                                      "Parent Relationship": "Outer",
                                      "Parallel Aware": true,
                                      "Async Capable": false,
                                      "Join Type": "Inner",
                                      "Startup Cost": 691275.92,
                                      "Total Cost": 707946.76,
                                      "Plan Rows": 745,
                                      "Plan Width": 8,
                                      "Inner Unique": false,
                                      "Hash Cond": "(c.c_current_addr_sk = ca.ca_address_sk)",
                                      "Plans": [
                                        {
                                          "Node Type": "Hash Join",
                                          "Parent Relationship": "Outer",
                                          "Parallel Aware": true,
                                          "Async Capable": false,
                                          "Join Type": "Semi",
                                          "Startup Cost": 684337.4,
                                          "Total Cost": 700954.09,
                                          "Plan Rows": 13615,
                                          "Plan Width": 12,
                                          "Inner Unique": false,
                                          "Hash Cond": "(c.c_customer_sk = store_sales.ss_customer_sk)",
                                          "Plans": [
                                            {
                                              "Node Type": "Seq Scan",
                                              "Parent Relationship": "Outer",
                                              "Parallel Aware": true,
                                              "Async Capable": false,
                                              "Relation Name": "customer",
                                              "Alias": "c",
                                              "Startup Cost": 0.0,
                                              "Total Cost": 15918.33,
                                              "Plan Rows": 208333,
                                              "Plan Width": 12,
                                              "parent": 10,
                                              "ID": 11
                                            },
                                            {
                                              "Node Type": "Hash",
                                              "Parent Relationship": "Inner",
                                              "Parallel Aware": true,
                                              "Async Capable": false,
                                              "Startup Cost": 684159.07,
                                              "Total Cost": 684159.07,
                                              "Plan Rows": 14267,
                                              "Plan Width": 4,
                                              "Plans": [
                                                {
                                                  "Node Type": "Hash Join",
                                                  "Parent Relationship": "Outer",
                                                  "Parallel Aware": true,
                                                  "Async Capable": false,
                                                  "Join Type": "Inner",
                                                  "Startup Cost": 2157.65,
                                                  "Total Cost": 684159.07,
                                                  "Plan Rows": 14267,
                                                  "Plan Width": 4,
                                                  "Inner Unique": false,
                                                  "Hash Cond": "(store_sales.ss_sold_date_sk = date_dim.d_date_sk)",
                                                  "Plans": [
                                                    {
                                                      "Node Type": "Seq Scan",
                                                      "Parent Relationship": "Outer",
                                                      "Parallel Aware": true,
                                                      "Async Capable": false,
                                                      "Relation Name": "store_sales",
                                                      "Alias": "store_sales",
                                                      "Startup Cost": 0.0,
                                                      "Total Cost": 636914.37,
                                                      "Plan Rows": 12000637,
                                                      "Plan Width": 8,
                                                      "parent": 13,
                                                      "ID": 14
                                                    },
                                                    {
                                                      "Node Type": "Hash",
                                                      "Parent Relationship": "Inner",
                                                      "Parallel Aware": true,
                                                      "Async Capable": false,
                                                      "Startup Cost": 2156.97,
                                                      "Total Cost": 2156.97,
                                                      "Plan Rows": 54,
                                                      "Plan Width": 4,
                                                      "Plans": [
                                                        {
                                                          "Node Type": "Seq Scan",
                                                          "Parent Relationship": "Outer",
                                                          "Parallel Aware": true,
                                                          "Async Capable": false,
                                                          "Relation Name": "date_dim",
                                                          "Alias": "date_dim",
                                                          "Startup Cost": 0.0,
                                                          "Total Cost": 2156.97,
                                                          "Plan Rows": 54,
                                                          "Plan Width": 4,
                                                          "Filter": "((d_moy >= 4) AND (d_moy <= 6) AND (d_year = 2004))",
                                                          "parent": 15,
                                                          "ID": 16
                                                        }
                                                      ],
                                                      "parent": 13,
                                                      "ID": 15,
                                                      "left": 16
                                                    }
                                                  ],
                                                  "parent": 12,
                                                  "ID": 13,
                                                  "left": 14,
                                                  "right": 15
                                                }
                                              ],
                                              "parent": 10,
                                              "ID": 12,
                                              "left": 13
                                            }
                                          ],
                                          "parent": 9,
                                          "ID": 10,
                                          "left": 11,
                                          "right": 12
                                        },
                                        {
                                          "Node Type": "Hash",
                                          "Parent Relationship": "Inner",
                                          "Parallel Aware": true,
                                          "Async Capable": false,
                                          "Startup Cost": 6867.29,
                                          "Total Cost": 6867.29,
                                          "Plan Rows": 5698,
                                          "Plan Width": 4,
                                          "Plans": [
                                            {
                                              "Node Type": "Seq Scan",
                                              "Parent Relationship": "Outer",
                                              "Parallel Aware": true,
                                              "Async Capable": false,
                                              "Relation Name": "customer_address",
                                              "Alias": "ca",
                                              "Startup Cost": 0.0,
                                              "Total Cost": 6867.29,
                                              "Plan Rows": 5698,
                                              "Plan Width": 4,
                                              "Filter": "(ca_state = ANY ('{IN,UT,WV}'::bpchar[]))",
                                              "parent": 17,
                                              "ID": 18
                                            }
                                          ],
                                          "parent": 9,
                                          "ID": 17,
                                          "left": 18
                                        }
                                      ],
                                      "parent": 8,
                                      "ID": 9,
                                      "left": 10,
                                      "right": 17
                                    }
                                  ],
                                  "parent": 6,
                                  "ID": 8,
                                  "left": 9
                                }
                              ],
                              "parent": 5,
                              "ID": 6,
                              "left": 7,
                              "right": 8
                            }
                          ],
                          "parent": 4,
                          "ID": 5,
                          "left": 6
                        }
                      ],
                      "parent": 3,
                      "ID": 4,
                      "left": 5
                    },
                    {
                      "Node Type": "Materialize",
                      "Parent Relationship": "Inner",
                      "Parallel Aware": false,
                      "Async Capable": false,
                      "Startup Cost": 3157.65,
                      "Total Cost": 233105.09,
                      "Plan Rows": 8964,
                      "Plan Width": 4,
                      "Plans": [
                        {
                          "Node Type": "Gather",
                          "Parent Relationship": "Outer",
                          "Parallel Aware": false,
                          "Async Capable": false,
                          "Startup Cost": 3157.65,
                          "Total Cost": 233060.27,
                          "Plan Rows": 8964,
                          "Plan Width": 4,
                          "Workers Planned": 2,
                          "Single Copy": false,
                          "Plans": [
                            {
                              "Node Type": "Hash Join",
                              "Parent Relationship": "Outer",
                              "Parallel Aware": true,
                              "Async Capable": false,
                              "Join Type": "Inner",
                              "Startup Cost": 2157.65,
                              "Total Cost": 231163.87,
                              "Plan Rows": 3735,
                              "Plan Width": 4,
                              "Inner Unique": false,
                              "Hash Cond": "(web_sales.ws_sold_date_sk = date_dim_1.d_date_sk)",
                              "Plans": [
                                {
                                  "Node Type": "Seq Scan",
                                  "Parent Relationship": "Outer",
                                  "Parallel Aware": true,
                                  "Async Capable": false,
                                  "Relation Name": "web_sales",
                                  "Alias": "web_sales",
                                  "Startup Cost": 0.0,
                                  "Total Cost": 217737.86,
                                  "Plan Rows": 2998986,
                                  "Plan Width": 8,
                                  "parent": 21,
                                  "ID": 22
                                },
                                {
                                  "Node Type": "Hash",
                                  "Parent Relationship": "Inner",
                                  "Parallel Aware": true,
                                  "Async Capable": false,
                                  "Startup Cost": 2156.97,
                                  "Total Cost": 2156.97,
                                  "Plan Rows": 54,
                                  "Plan Width": 4,
                                  "Plans": [
                                    {
                                      "Node Type": "Seq Scan",
                                      "Parent Relationship": "Outer",
                                      "Parallel Aware": true,
                                      "Async Capable": false,
                                      "Relation Name": "date_dim",
                                      "Alias": "date_dim_1",
                                      "Startup Cost": 0.0,
                                      "Total Cost": 2156.97,
                                      "Plan Rows": 54,
                                      "Plan Width": 4,
                                      "Filter": "((d_moy >= 4) AND (d_moy <= 6) AND (d_year = 2004))",
                                      "parent": 23,
                                      "ID": 24
                                    }
                                  ],
                                  "parent": 21,
                                  "ID": 23,
                                  "left": 24
                                }
                              ],
                              "parent": 20,
                              "ID": 21,
                              "left": 22,
                              "right": 23
                            }
                          ],
                          "parent": 19,
                          "ID": 20,
                          "left": 21
                        }
                      ],
                      "parent": 3,
                      "ID": 19,
                      "left": 20
                    }
                  ],
                  "parent": 2,
                  "ID": 3,
                  "left": 4,
                  "right": 19
                },
                {
                  "Node Type": "Materialize",
                  "Parent Relationship": "Inner",
                  "Parallel Aware": false,
                  "Async Capable": false,
                  "Startup Cost": 2684.49,
                  "Total Cost": 574652.42,
                  "Plan Rows": 17839,
                  "Plan Width": 4,
                  "Plans": [
                    {
                      "Node Type": "Hash Join",
                      "Parent Relationship": "Outer",
                      "Parallel Aware": false,
                      "Async Capable": false,
                      "Join Type": "Inner",
                      "Startup Cost": 2684.49,
                      "Total Cost": 574563.22,
                      "Plan Rows": 17839,
                      "Plan Width": 4,
                      "Inner Unique": false,
                      "Hash Cond": "(catalog_sales.cs_sold_date_sk = date_dim_2.d_date_sk)",
                      "Plans": [
                        {
                          "Node Type": "Seq Scan",
                          "Parent Relationship": "Outer",
                          "Parallel Aware": false,
                          "Async Capable": false,
                          "Relation Name": "catalog_sales",
                          "Alias": "catalog_sales",
                          "Startup Cost": 0.0,
                          "Total Cost": 517695.61,
                          "Plan Rows": 14401261,
                          "Plan Width": 8,
                          "parent": 26,
                          "ID": 27
                        },
                        {
                          "Node Type": "Hash",
                          "Parent Relationship": "Inner",
                          "Parallel Aware": false,
                          "Async Capable": false,
                          "Startup Cost": 2683.36,
                          "Total Cost": 2683.36,
                          "Plan Rows": 91,
                          "Plan Width": 4,
                          "Plans": [
                            {
                              "Node Type": "Seq Scan",
                              "Parent Relationship": "Outer",
                              "Parallel Aware": false,
                              "Async Capable": false,
                              "Relation Name": "date_dim",
                              "Alias": "date_dim_2",
                              "Startup Cost": 0.0,
                              "Total Cost": 2683.36,
                              "Plan Rows": 91,
                              "Plan Width": 4,
                              "Filter": "((d_moy >= 4) AND (d_moy <= 6) AND (d_year = 2004))",
                              "parent": 28,
                              "ID": 29
                            }
                          ],
                          "parent": 26,
                          "ID": 28,
                          "left": 29
                        }
                      ],
                      "parent": 25,
                      "ID": 26,
                      "left": 27,
                      "right": 28
                    }
                  ],
                  "parent": 2,
                  "ID": 25,
                  "left": 26
                }
              ],
              "parent": 1,
              "ID": 2,
              "left": 3,
              "right": 25
            }
          ],
          "parent": 0,
          "ID": 1,
          "left": 2
        }
      ],
      "parent": null,
      "ID": 0,
      "left": 1
    },
    "feat": {
      "utility": 0.00800177483822174,
      "query_shape": [
        [
          "Seq Scan",
          "Hash Join",
          "Sort",
          "Gather Merge",
          "Nested Loop",
          "Aggregate"
        ],
        [
          "Seq Scan",
          "Hash Join",
          "Hash",
          "Sort",
          "Gather Merge",
          "Nested Loop",
          "Aggregate"
        ],
        [
          "Seq Scan",
          "Hash Join",
          "Hash",
          "Sort",
          "Gather Merge",
          "Nested Loop",
          "Aggregate"
        ],
        [
          "Seq Scan",
          "Hash",
          "Hash Join",
          "Sort",
          "Gather Merge",
          "Nested Loop",
          "Aggregate"
        ],
        [
          "Seq Scan",
          "Hash",
          "Hash Join",
          "Sort",
          "Gather Merge",
          "Nested Loop",
          "Aggregate"
        ],
        [
          "Seq Scan",
          "Hash Join",
          "Gather",
          "Materialize",
          "Nested Loop",
          "Aggregate"
        ],
        [
          "Seq Scan",
          "Hash",
          "Hash Join",
          "Gather",
          "Materialize",
          "Nested Loop",
          "Aggregate"
        ],
        [
          "Seq Scan",
          "Hash Join",
          "Materialize",
          "Nested Loop",
          "Aggregate"
        ],
        [
          "Seq Scan",
          "Hash",
          "Hash Join",
          "Materialize",
          "Nested Loop",
          "Aggregate"
        ]
      ],
      "index_shape": [
        "selection"
      ],
      "physical_operator": {
        "Seq Scan": [
          0.022792000000000034
        ]
      }
    }
  },
  {
    "query": "select  \n  cd_gender,\n  cd_marital_status,\n  cd_education_status,\n  count(*) cnt1,\n  cd_purchase_estimate,\n  count(*) cnt2,\n  cd_credit_rating,\n  count(*) cnt3\n from\n  customer c,customer_address ca,customer_demographics\n where\n  c.c_current_addr_sk = ca.ca_address_sk and\n  ca_state in ('IN','UT','WV') and\n  cd_demo_sk = c.c_current_cdemo_sk and \n  exists (select *\n          from store_sales,date_dim\n          where c.c_customer_sk = ss_customer_sk and\n                ss_sold_date_sk = d_date_sk and\n                d_year = 2004 and\n                d_moy between 4 and 4+2) and\n   (not exists (select *\n            from web_sales,date_dim\n            where c.c_customer_sk = ws_bill_customer_sk and\n                  ws_sold_date_sk = d_date_sk and\n                  d_year = 2004 and\n                  d_moy between 4 and 4+2) and\n    not exists (select * \n            from catalog_sales,date_dim\n            where c.c_customer_sk = cs_ship_customer_sk and\n                  cs_sold_date_sk = d_date_sk and\n                  d_year = 2004 and\n                  d_moy between 4 and 4+2))\n group by cd_gender,\n          cd_marital_status,\n          cd_education_status,\n          cd_purchase_estimate,\n          cd_credit_rating\n order by cd_gender,\n          cd_marital_status,\n          cd_education_status,\n          cd_purchase_estimate,\n          cd_credit_rating\n limit 100;\n\n-- end query 51 in stream 4 using template query69.tpl\n",
    "indexes": "customer_demographics.cd_purchase_estimate",
    "wo plan est": {
      "Node Type": "Limit",
      "Parallel Aware": false,
      "Async Capable": false,
      "Startup Cost": 747667.94,
      "Total Cost": 838660.28,
      "Plan Rows": 100,
      "Plan Width": 64,
      "Plans": [
        {
          "Node Type": "Aggregate",
          "Strategy": "Sorted",
          "Partial Mode": "Simple",
          "Parent Relationship": "Outer",
          "Parallel Aware": false,
          "Async Capable": false,
          "Startup Cost": 747667.94,
          "Total Cost": 2235392.72,
          "Plan Rows": 1635,
          "Plan Width": 64,
          "Group Key": [
            "customer_demographics.cd_gender",
            "customer_demographics.cd_marital_status",
            "customer_demographics.cd_education_status",
            "customer_demographics.cd_purchase_estimate",
            "customer_demographics.cd_credit_rating"
          ],
          "Plans": [
            {
              "Node Type": "Nested Loop",
              "Parent Relationship": "Outer",
              "Parallel Aware": false,
              "Async Capable": false,
              "Join Type": "Anti",
              "Startup Cost": 747667.94,
              "Total Cost": 2235351.85,
              "Plan Rows": 1635,
              "Plan Width": 40,
              "Inner Unique": false,
              "Join Filter": "(c.c_customer_sk = catalog_sales.cs_ship_customer_sk)",
              "Plans": [
                {
                  "Node Type": "Nested Loop",
                  "Parent Relationship": "Outer",
                  "Parallel Aware": false,
                  "Async Capable": false,
                  "Join Type": "Anti",
                  "Startup Cost": 744983.45,
                  "Total Cost": 1207187.45,
                  "Plan Rows": 1695,
                  "Plan Width": 44,
                  "Inner Unique": false,
                  "Join Filter": "(c.c_customer_sk = web_sales.ws_bill_customer_sk)",
                  "Plans": [
                    {
                      "Node Type": "Gather Merge",
                      "Parent Relationship": "Outer",
                      "Parallel Aware": false,
                      "Async Capable": false,
                      "Startup Cost": 741825.8,
                      "Total Cost": 742026.82,
                      "Plan Rows": 1726,
                      "Plan Width": 44,
                      "Workers Planned": 2,
                      "Plans": [
                        {
                          "Node Type": "Sort",
                          "Parent Relationship": "Outer",
                          "Parallel Aware": false,
                          "Async Capable": false,
                          "Startup Cost": 740825.77,
                          "Total Cost": 740827.57,
                          "Plan Rows": 719,
                          "Plan Width": 44,
                          "Sort Key": [
                            "customer_demographics.cd_gender",
                            "customer_demographics.cd_marital_status",
                            "customer_demographics.cd_education_status",
                            "customer_demographics.cd_purchase_estimate",
                            "customer_demographics.cd_credit_rating"
                          ],
                          "Plans": [
                            {
                              "Node Type": "Hash Join",
                              "Parent Relationship": "Outer",
                              "Parallel Aware": true,
                              "Async Capable": false,
                              "Join Type": "Inner",
                              "Startup Cost": 707956.07,
                              "Total Cost": 740791.66,
                              "Plan Rows": 719,
                              "Plan Width": 44,
                              "Inner Unique": false,
                              "Hash Cond": "(customer_demographics.cd_demo_sk = c.c_current_cdemo_sk)",
                              "Plans": [
                                {
                                  "Node Type": "Seq Scan",
                                  "Parent Relationship": "Outer",
                                  "Parallel Aware": true,
                                  "Async Capable": false,
                                  "Relation Name": "customer_demographics",
                                  "Alias": "customer_demographics",
                                  "Startup Cost": 0.0,
                                  "Total Cost": 29831.33,
                                  "Plan Rows": 800333,
                                  "Plan Width": 44,
                                  "parent": 6,
                                  "ID": 7
                                },
                                {
                                  "Node Type": "Hash",
                                  "Parent Relationship": "Inner",
                                  "Parallel Aware": true,
                                  "Async Capable": false,
                                  "Startup Cost": 707946.76,
                                  "Total Cost": 707946.76,
                                  "Plan Rows": 745,
                                  "Plan Width": 8,
                                  "Plans": [
                                    {
                                      "Node Type": "Hash Join",
                                      "Parent Relationship": "Outer",
                                      "Parallel Aware": true,
                                      "Async Capable": false,
                                      "Join Type": "Inner",
                                      "Startup Cost": 691275.92,
                                      "Total Cost": 707946.76,
                                      "Plan Rows": 745,
                                      "Plan Width": 8,
                                      "Inner Unique": false,
                                      "Hash Cond": "(c.c_current_addr_sk = ca.ca_address_sk)",
                                      "Plans": [
                                        {
                                          "Node Type": "Hash Join",
                                          "Parent Relationship": "Outer",
                                          "Parallel Aware": true,
                                          "Async Capable": false,
                                          "Join Type": "Semi",
                                          "Startup Cost": 684337.4,
                                          "Total Cost": 700954.09,
                                          "Plan Rows": 13615,
                                          "Plan Width": 12,
                                          "Inner Unique": false,
                                          "Hash Cond": "(c.c_customer_sk = store_sales.ss_customer_sk)",
                                          "Plans": [
                                            {
                                              "Node Type": "Seq Scan",
                                              "Parent Relationship": "Outer",
                                              "Parallel Aware": true,
                                              "Async Capable": false,
                                              "Relation Name": "customer",
                                              "Alias": "c",
                                              "Startup Cost": 0.0,
                                              "Total Cost": 15918.33,
                                              "Plan Rows": 208333,
                                              "Plan Width": 12,
                                              "parent": 10,
                                              "ID": 11
                                            },
                                            {
                                              "Node Type": "Hash",
                                              "Parent Relationship": "Inner",
                                              "Parallel Aware": true,
                                              "Async Capable": false,
                                              "Startup Cost": 684159.07,
                                              "Total Cost": 684159.07,
                                              "Plan Rows": 14267,
                                              "Plan Width": 4,
                                              "Plans": [
                                                {
                                                  "Node Type": "Hash Join",
                                                  "Parent Relationship": "Outer",
                                                  "Parallel Aware": true,
                                                  "Async Capable": false,
                                                  "Join Type": "Inner",
                                                  "Startup Cost": 2157.65,
                                                  "Total Cost": 684159.07,
                                                  "Plan Rows": 14267,
                                                  "Plan Width": 4,
                                                  "Inner Unique": false,
                                                  "Hash Cond": "(store_sales.ss_sold_date_sk = date_dim.d_date_sk)",
                                                  "Plans": [
                                                    {
                                                      "Node Type": "Seq Scan",
                                                      "Parent Relationship": "Outer",
                                                      "Parallel Aware": true,
                                                      "Async Capable": false,
                                                      "Relation Name": "store_sales",
                                                      "Alias": "store_sales",
                                                      "Startup Cost": 0.0,
                                                      "Total Cost": 636914.37,
                                                      "Plan Rows": 12000637,
                                                      "Plan Width": 8,
                                                      "parent": 13,
                                                      "ID": 14
                                                    },
                                                    {
                                                      "Node Type": "Hash",
                                                      "Parent Relationship": "Inner",
                                                      "Parallel Aware": true,
                                                      "Async Capable": false,
                                                      "Startup Cost": 2156.97,
                                                      "Total Cost": 2156.97,
                                                      "Plan Rows": 54,
                                                      "Plan Width": 4,
                                                      "Plans": [
                                                        {
                                                          "Node Type": "Seq Scan",
                                                          "Parent Relationship": "Outer",
                                                          "Parallel Aware": true,
                                                          "Async Capable": false,
                                                          "Relation Name": "date_dim",
                                                          "Alias": "date_dim",
                                                          "Startup Cost": 0.0,
                                                          "Total Cost": 2156.97,
                                                          "Plan Rows": 54,
                                                          "Plan Width": 4,
                                                          "Filter": "((d_moy >= 4) AND (d_moy <= 6) AND (d_year = 2004))",
                                                          "parent": 15,
                                                          "ID": 16
                                                        }
                                                      ],
                                                      "parent": 13,
                                                      "ID": 15,
                                                      "left": 16
                                                    }
                                                  ],
                                                  "parent": 12,
                                                  "ID": 13,
                                                  "left": 14,
                                                  "right": 15
                                                }
                                              ],
                                              "parent": 10,
                                              "ID": 12,
                                              "left": 13
                                            }
                                          ],
                                          "parent": 9,
                                          "ID": 10,
                                          "left": 11,
                                          "right": 12
                                        },
                                        {
                                          "Node Type": "Hash",
                                          "Parent Relationship": "Inner",
                                          "Parallel Aware": true,
                                          "Async Capable": false,
                                          "Startup Cost": 6867.29,
                                          "Total Cost": 6867.29,
                                          "Plan Rows": 5698,
                                          "Plan Width": 4,
                                          "Plans": [
                                            {
                                              "Node Type": "Seq Scan",
                                              "Parent Relationship": "Outer",
                                              "Parallel Aware": true,
                                              "Async Capable": false,
                                              "Relation Name": "customer_address",
                                              "Alias": "ca",
                                              "Startup Cost": 0.0,
                                              "Total Cost": 6867.29,
                                              "Plan Rows": 5698,
                                              "Plan Width": 4,
                                              "Filter": "(ca_state = ANY ('{IN,UT,WV}'::bpchar[]))",
                                              "parent": 17,
                                              "ID": 18
                                            }
                                          ],
                                          "parent": 9,
                                          "ID": 17,
                                          "left": 18
                                        }
                                      ],
                                      "parent": 8,
                                      "ID": 9,
                                      "left": 10,
                                      "right": 17
                                    }
                                  ],
                                  "parent": 6,
                                  "ID": 8,
                                  "left": 9
                                }
                              ],
                              "parent": 5,
                              "ID": 6,
                              "left": 7,
                              "right": 8
                            }
                          ],
                          "parent": 4,
                          "ID": 5,
                          "left": 6
                        }
                      ],
                      "parent": 3,
                      "ID": 4,
                      "left": 5
                    },
                    {
                      "Node Type": "Materialize",
                      "Parent Relationship": "Inner",
                      "Parallel Aware": false,
                      "Async Capable": false,
                      "Startup Cost": 3157.65,
                      "Total Cost": 233105.09,
                      "Plan Rows": 8964,
                      "Plan Width": 4,
                      "Plans": [
                        {
                          "Node Type": "Gather",
                          "Parent Relationship": "Outer",
                          "Parallel Aware": false,
                          "Async Capable": false,
                          "Startup Cost": 3157.65,
                          "Total Cost": 233060.27,
                          "Plan Rows": 8964,
                          "Plan Width": 4,
                          "Workers Planned": 2,
                          "Single Copy": false,
                          "Plans": [
                            {
                              "Node Type": "Hash Join",
                              "Parent Relationship": "Outer",
                              "Parallel Aware": true,
                              "Async Capable": false,
                              "Join Type": "Inner",
                              "Startup Cost": 2157.65,
                              "Total Cost": 231163.87,
                              "Plan Rows": 3735,
                              "Plan Width": 4,
                              "Inner Unique": false,
                              "Hash Cond": "(web_sales.ws_sold_date_sk = date_dim_1.d_date_sk)",
                              "Plans": [
                                {
                                  "Node Type": "Seq Scan",
                                  "Parent Relationship": "Outer",
                                  "Parallel Aware": true,
                                  "Async Capable": false,
                                  "Relation Name": "web_sales",
                                  "Alias": "web_sales",
                                  "Startup Cost": 0.0,
                                  "Total Cost": 217737.86,
                                  "Plan Rows": 2998986,
                                  "Plan Width": 8,
                                  "parent": 21,
                                  "ID": 22
                                },
                                {
                                  "Node Type": "Hash",
                                  "Parent Relationship": "Inner",
                                  "Parallel Aware": true,
                                  "Async Capable": false,
                                  "Startup Cost": 2156.97,
                                  "Total Cost": 2156.97,
                                  "Plan Rows": 54,
                                  "Plan Width": 4,
                                  "Plans": [
                                    {
                                      "Node Type": "Seq Scan",
                                      "Parent Relationship": "Outer",
                                      "Parallel Aware": true,
                                      "Async Capable": false,
                                      "Relation Name": "date_dim",
                                      "Alias": "date_dim_1",
                                      "Startup Cost": 0.0,
                                      "Total Cost": 2156.97,
                                      "Plan Rows": 54,
                                      "Plan Width": 4,
                                      "Filter": "((d_moy >= 4) AND (d_moy <= 6) AND (d_year = 2004))",
                                      "parent": 23,
                                      "ID": 24
                                    }
                                  ],
                                  "parent": 21,
                                  "ID": 23,
                                  "left": 24
                                }
                              ],
                              "parent": 20,
                              "ID": 21,
                              "left": 22,
                              "right": 23
                            }
                          ],
                          "parent": 19,
                          "ID": 20,
                          "left": 21
                        }
                      ],
                      "parent": 3,
                      "ID": 19,
                      "left": 20
                    }
                  ],
                  "parent": 2,
                  "ID": 3,
                  "left": 4,
                  "right": 19
                },
                {
                  "Node Type": "Materialize",
                  "Parent Relationship": "Inner",
                  "Parallel Aware": false,
                  "Async Capable": false,
                  "Startup Cost": 2684.49,
                  "Total Cost": 574652.42,
                  "Plan Rows": 17839,
                  "Plan Width": 4,
                  "Plans": [
                    {
                      "Node Type": "Hash Join",
                      "Parent Relationship": "Outer",
                      "Parallel Aware": false,
                      "Async Capable": false,
                      "Join Type": "Inner",
                      "Startup Cost": 2684.49,
                      "Total Cost": 574563.22,
                      "Plan Rows": 17839,
                      "Plan Width": 4,
                      "Inner Unique": false,
                      "Hash Cond": "(catalog_sales.cs_sold_date_sk = date_dim_2.d_date_sk)",
                      "Plans": [
                        {
                          "Node Type": "Seq Scan",
                          "Parent Relationship": "Outer",
                          "Parallel Aware": false,
                          "Async Capable": false,
                          "Relation Name": "catalog_sales",
                          "Alias": "catalog_sales",
                          "Startup Cost": 0.0,
                          "Total Cost": 517695.61,
                          "Plan Rows": 14401261,
                          "Plan Width": 8,
                          "parent": 26,
                          "ID": 27
                        },
                        {
                          "Node Type": "Hash",
                          "Parent Relationship": "Inner",
                          "Parallel Aware": false,
                          "Async Capable": false,
                          "Startup Cost": 2683.36,
                          "Total Cost": 2683.36,
                          "Plan Rows": 91,
                          "Plan Width": 4,
                          "Plans": [
                            {
                              "Node Type": "Seq Scan",
                              "Parent Relationship": "Outer",
                              "Parallel Aware": false,
                              "Async Capable": false,
                              "Relation Name": "date_dim",
                              "Alias": "date_dim_2",
                              "Startup Cost": 0.0,
                              "Total Cost": 2683.36,
                              "Plan Rows": 91,
                              "Plan Width": 4,
                              "Filter": "((d_moy >= 4) AND (d_moy <= 6) AND (d_year = 2004))",
                              "parent": 28,
                              "ID": 29
                            }
                          ],
                          "parent": 26,
                          "ID": 28,
                          "left": 29
                        }
                      ],
                      "parent": 25,
                      "ID": 26,
                      "left": 27,
                      "right": 28
                    }
                  ],
                  "parent": 2,
                  "ID": 25,
                  "left": 26
                }
              ],
              "parent": 1,
              "ID": 2,
              "left": 3,
              "right": 25
            }
          ],
          "parent": 0,
          "ID": 1,
          "left": 2
        }
      ],
      "parent": null,
      "ID": 0,
      "left": 1
    },
    "feat": {
      "utility": 0.0,
      "query_shape": [
        [
          "Seq Scan",
          "Hash Join",
          "Sort",
          "Gather Merge",
          "Nested Loop",
          "Aggregate"
        ],
        [
          "Seq Scan",
          "Hash Join",
          "Hash",
          "Sort",
          "Gather Merge",
          "Nested Loop",
          "Aggregate"
        ],
        [
          "Seq Scan",
          "Hash Join",
          "Hash",
          "Sort",
          "Gather Merge",
          "Nested Loop",
          "Aggregate"
        ],
        [
          "Seq Scan",
          "Hash",
          "Hash Join",
          "Sort",
          "Gather Merge",
          "Nested Loop",
          "Aggregate"
        ],
        [
          "Seq Scan",
          "Hash",
          "Hash Join",
          "Sort",
          "Gather Merge",
          "Nested Loop",
          "Aggregate"
        ],
        [
          "Seq Scan",
          "Hash Join",
          "Gather",
          "Materialize",
          "Nested Loop",
          "Aggregate"
        ],
        [
          "Seq Scan",
          "Hash",
          "Hash Join",
          "Gather",
          "Materialize",
          "Nested Loop",
          "Aggregate"
        ],
        [
          "Seq Scan",
          "Hash Join",
          "Materialize",
          "Nested Loop",
          "Aggregate"
        ],
        [
          "Seq Scan",
          "Hash",
          "Hash Join",
          "Materialize",
          "Nested Loop",
          "Aggregate"
        ]
      ],
      "index_shape": [
        "order-by"
      ],
      "physical_operator": {
        "Sort": [
          "[  500.           500.           500.          1000.\n  1000.          1450.00000001  1500.          1500.\n  2000.          2000.          2400.00000002  2500.\n  2500.          3000.          3000.          3349.99999998\n  3500.          3500.          4000.          4000.\n  4300.00000005  4500.          4500.          5000.\n  5000.          5250.          5500.          5500.\n  6000.          6000.          6199.99999995  6500.\n  6500.          7000.          7000.          7149.99999991\n  7500.          7500.          8000.          8000.\n  8100.00000009  8500.          8500.          9000.\n  9000.          9050.00000005  9500.          9500.\n 10000.         10000.         10000.        ]"
        ],
        "Aggregate": [
          "[  500.           500.           500.          1000.\n  1000.          1450.00000001  1500.          1500.\n  2000.          2000.          2400.00000002  2500.\n  2500.          3000.          3000.          3349.99999998\n  3500.          3500.          4000.          4000.\n  4300.00000005  4500.          4500.          5000.\n  5000.          5250.          5500.          5500.\n  6000.          6000.          6199.99999995  6500.\n  6500.          7000.          7000.          7149.99999991\n  7500.          7500.          8000.          8000.\n  8100.00000009  8500.          8500.          9000.\n  9000.          9050.00000005  9500.          9500.\n 10000.         10000.         10000.        ]"
        ]
      }
    }
  },
  {
    "query": "select  \n  cd_gender,\n  cd_marital_status,\n  cd_education_status,\n  count(*) cnt1,\n  cd_purchase_estimate,\n  count(*) cnt2,\n  cd_credit_rating,\n  count(*) cnt3\n from\n  customer c,customer_address ca,customer_demographics\n where\n  c.c_current_addr_sk = ca.ca_address_sk and\n  ca_state in ('IN','UT','WV') and\n  cd_demo_sk = c.c_current_cdemo_sk and \n  exists (select *\n          from store_sales,date_dim\n          where c.c_customer_sk = ss_customer_sk and\n                ss_sold_date_sk = d_date_sk and\n                d_year = 2004 and\n                d_moy between 4 and 4+2) and\n   (not exists (select *\n            from web_sales,date_dim\n            where c.c_customer_sk = ws_bill_customer_sk and\n                  ws_sold_date_sk = d_date_sk and\n                  d_year = 2004 and\n                  d_moy between 4 and 4+2) and\n    not exists (select * \n            from catalog_sales,date_dim\n            where c.c_customer_sk = cs_ship_customer_sk and\n                  cs_sold_date_sk = d_date_sk and\n                  d_year = 2004 and\n                  d_moy between 4 and 4+2))\n group by cd_gender,\n          cd_marital_status,\n          cd_education_status,\n          cd_purchase_estimate,\n          cd_credit_rating\n order by cd_gender,\n          cd_marital_status,\n          cd_education_status,\n          cd_purchase_estimate,\n          cd_credit_rating\n limit 100;\n\n-- end query 51 in stream 4 using template query69.tpl\n",
    "indexes": "customer_demographics.cd_demo_sk",
    "wo plan est": {
      "Node Type": "Limit",
      "Parallel Aware": false,
      "Async Capable": false,
      "Startup Cost": 747667.94,
      "Total Cost": 838660.28,
      "Plan Rows": 100,
      "Plan Width": 64,
      "Plans": [
        {
          "Node Type": "Aggregate",
          "Strategy": "Sorted",
          "Partial Mode": "Simple",
          "Parent Relationship": "Outer",
          "Parallel Aware": false,
          "Async Capable": false,
          "Startup Cost": 747667.94,
          "Total Cost": 2235392.72,
          "Plan Rows": 1635,
          "Plan Width": 64,
          "Group Key": [
            "customer_demographics.cd_gender",
            "customer_demographics.cd_marital_status",
            "customer_demographics.cd_education_status",
            "customer_demographics.cd_purchase_estimate",
            "customer_demographics.cd_credit_rating"
          ],
          "Plans": [
            {
              "Node Type": "Nested Loop",
              "Parent Relationship": "Outer",
              "Parallel Aware": false,
              "Async Capable": false,
              "Join Type": "Anti",
              "Startup Cost": 747667.94,
              "Total Cost": 2235351.85,
              "Plan Rows": 1635,
              "Plan Width": 40,
              "Inner Unique": false,
              "Join Filter": "(c.c_customer_sk = catalog_sales.cs_ship_customer_sk)",
              "Plans": [
                {
                  "Node Type": "Nested Loop",
                  "Parent Relationship": "Outer",
                  "Parallel Aware": false,
                  "Async Capable": false,
                  "Join Type": "Anti",
                  "Startup Cost": 744983.45,
                  "Total Cost": 1207187.45,
                  "Plan Rows": 1695,
                  "Plan Width": 44,
                  "Inner Unique": false,
                  "Join Filter": "(c.c_customer_sk = web_sales.ws_bill_customer_sk)",
                  "Plans": [
                    {
                      "Node Type": "Gather Merge",
                      "Parent Relationship": "Outer",
                      "Parallel Aware": false,
                      "Async Capable": false,
                      "Startup Cost": 741825.8,
                      "Total Cost": 742026.82,
                      "Plan Rows": 1726,
                      "Plan Width": 44,
                      "Workers Planned": 2,
                      "Plans": [
                        {
                          "Node Type": "Sort",
                          "Parent Relationship": "Outer",
                          "Parallel Aware": false,
                          "Async Capable": false,
                          "Startup Cost": 740825.77,
                          "Total Cost": 740827.57,
                          "Plan Rows": 719,
                          "Plan Width": 44,
                          "Sort Key": [
                            "customer_demographics.cd_gender",
                            "customer_demographics.cd_marital_status",
                            "customer_demographics.cd_education_status",
                            "customer_demographics.cd_purchase_estimate",
                            "customer_demographics.cd_credit_rating"
                          ],
                          "Plans": [
                            {
                              "Node Type": "Hash Join",
                              "Parent Relationship": "Outer",
                              "Parallel Aware": true,
                              "Async Capable": false,
                              "Join Type": "Inner",
                              "Startup Cost": 707956.07,
                              "Total Cost": 740791.66,
                              "Plan Rows": 719,
                              "Plan Width": 44,
                              "Inner Unique": false,
                              "Hash Cond": "(customer_demographics.cd_demo_sk = c.c_current_cdemo_sk)",
                              "Plans": [
                                {
                                  "Node Type": "Seq Scan",
                                  "Parent Relationship": "Outer",
                                  "Parallel Aware": true,
                                  "Async Capable": false,
                                  "Relation Name": "customer_demographics",
                                  "Alias": "customer_demographics",
                                  "Startup Cost": 0.0,
                                  "Total Cost": 29831.33,
                                  "Plan Rows": 800333,
                                  "Plan Width": 44,
                                  "parent": 6,
                                  "ID": 7
                                },
                                {
                                  "Node Type": "Hash",
                                  "Parent Relationship": "Inner",
                                  "Parallel Aware": true,
                                  "Async Capable": false,
                                  "Startup Cost": 707946.76,
                                  "Total Cost": 707946.76,
                                  "Plan Rows": 745,
                                  "Plan Width": 8,
                                  "Plans": [
                                    {
                                      "Node Type": "Hash Join",
                                      "Parent Relationship": "Outer",
                                      "Parallel Aware": true,
                                      "Async Capable": false,
                                      "Join Type": "Inner",
                                      "Startup Cost": 691275.92,
                                      "Total Cost": 707946.76,
                                      "Plan Rows": 745,
                                      "Plan Width": 8,
                                      "Inner Unique": false,
                                      "Hash Cond": "(c.c_current_addr_sk = ca.ca_address_sk)",
                                      "Plans": [
                                        {
                                          "Node Type": "Hash Join",
                                          "Parent Relationship": "Outer",
                                          "Parallel Aware": true,
                                          "Async Capable": false,
                                          "Join Type": "Semi",
                                          "Startup Cost": 684337.4,
                                          "Total Cost": 700954.09,
                                          "Plan Rows": 13615,
                                          "Plan Width": 12,
                                          "Inner Unique": false,
                                          "Hash Cond": "(c.c_customer_sk = store_sales.ss_customer_sk)",
                                          "Plans": [
                                            {
                                              "Node Type": "Seq Scan",
                                              "Parent Relationship": "Outer",
                                              "Parallel Aware": true,
                                              "Async Capable": false,
                                              "Relation Name": "customer",
                                              "Alias": "c",
                                              "Startup Cost": 0.0,
                                              "Total Cost": 15918.33,
                                              "Plan Rows": 208333,
                                              "Plan Width": 12,
                                              "parent": 10,
                                              "ID": 11
                                            },
                                            {
                                              "Node Type": "Hash",
                                              "Parent Relationship": "Inner",
                                              "Parallel Aware": true,
                                              "Async Capable": false,
                                              "Startup Cost": 684159.07,
                                              "Total Cost": 684159.07,
                                              "Plan Rows": 14267,
                                              "Plan Width": 4,
                                              "Plans": [
                                                {
                                                  "Node Type": "Hash Join",
                                                  "Parent Relationship": "Outer",
                                                  "Parallel Aware": true,
                                                  "Async Capable": false,
                                                  "Join Type": "Inner",
                                                  "Startup Cost": 2157.65,
                                                  "Total Cost": 684159.07,
                                                  "Plan Rows": 14267,
                                                  "Plan Width": 4,
                                                  "Inner Unique": false,
                                                  "Hash Cond": "(store_sales.ss_sold_date_sk = date_dim.d_date_sk)",
                                                  "Plans": [
                                                    {
                                                      "Node Type": "Seq Scan",
                                                      "Parent Relationship": "Outer",
                                                      "Parallel Aware": true,
                                                      "Async Capable": false,
                                                      "Relation Name": "store_sales",
                                                      "Alias": "store_sales",
                                                      "Startup Cost": 0.0,
                                                      "Total Cost": 636914.37,
                                                      "Plan Rows": 12000637,
                                                      "Plan Width": 8,
                                                      "parent": 13,
                                                      "ID": 14
                                                    },
                                                    {
                                                      "Node Type": "Hash",
                                                      "Parent Relationship": "Inner",
                                                      "Parallel Aware": true,
                                                      "Async Capable": false,
                                                      "Startup Cost": 2156.97,
                                                      "Total Cost": 2156.97,
                                                      "Plan Rows": 54,
                                                      "Plan Width": 4,
                                                      "Plans": [
                                                        {
                                                          "Node Type": "Seq Scan",
                                                          "Parent Relationship": "Outer",
                                                          "Parallel Aware": true,
                                                          "Async Capable": false,
                                                          "Relation Name": "date_dim",
                                                          "Alias": "date_dim",
                                                          "Startup Cost": 0.0,
                                                          "Total Cost": 2156.97,
                                                          "Plan Rows": 54,
                                                          "Plan Width": 4,
                                                          "Filter": "((d_moy >= 4) AND (d_moy <= 6) AND (d_year = 2004))",
                                                          "parent": 15,
                                                          "ID": 16
                                                        }
                                                      ],
                                                      "parent": 13,
                                                      "ID": 15,
                                                      "left": 16
                                                    }
                                                  ],
                                                  "parent": 12,
                                                  "ID": 13,
                                                  "left": 14,
                                                  "right": 15
                                                }
                                              ],
                                              "parent": 10,
                                              "ID": 12,
                                              "left": 13
                                            }
                                          ],
                                          "parent": 9,
                                          "ID": 10,
                                          "left": 11,
                                          "right": 12
                                        },
                                        {
                                          "Node Type": "Hash",
                                          "Parent Relationship": "Inner",
                                          "Parallel Aware": true,
                                          "Async Capable": false,
                                          "Startup Cost": 6867.29,
                                          "Total Cost": 6867.29,
                                          "Plan Rows": 5698,
                                          "Plan Width": 4,
                                          "Plans": [
                                            {
                                              "Node Type": "Seq Scan",
                                              "Parent Relationship": "Outer",
                                              "Parallel Aware": true,
                                              "Async Capable": false,
                                              "Relation Name": "customer_address",
                                              "Alias": "ca",
                                              "Startup Cost": 0.0,
                                              "Total Cost": 6867.29,
                                              "Plan Rows": 5698,
                                              "Plan Width": 4,
                                              "Filter": "(ca_state = ANY ('{IN,UT,WV}'::bpchar[]))",
                                              "parent": 17,
                                              "ID": 18
                                            }
                                          ],
                                          "parent": 9,
                                          "ID": 17,
                                          "left": 18
                                        }
                                      ],
                                      "parent": 8,
                                      "ID": 9,
                                      "left": 10,
                                      "right": 17
                                    }
                                  ],
                                  "parent": 6,
                                  "ID": 8,
                                  "left": 9
                                }
                              ],
                              "parent": 5,
                              "ID": 6,
                              "left": 7,
                              "right": 8
                            }
                          ],
                          "parent": 4,
                          "ID": 5,
                          "left": 6
                        }
                      ],
                      "parent": 3,
                      "ID": 4,
                      "left": 5
                    },
                    {
                      "Node Type": "Materialize",
                      "Parent Relationship": "Inner",
                      "Parallel Aware": false,
                      "Async Capable": false,
                      "Startup Cost": 3157.65,
                      "Total Cost": 233105.09,
                      "Plan Rows": 8964,
                      "Plan Width": 4,
                      "Plans": [
                        {
                          "Node Type": "Gather",
                          "Parent Relationship": "Outer",
                          "Parallel Aware": false,
                          "Async Capable": false,
                          "Startup Cost": 3157.65,
                          "Total Cost": 233060.27,
                          "Plan Rows": 8964,
                          "Plan Width": 4,
                          "Workers Planned": 2,
                          "Single Copy": false,
                          "Plans": [
                            {
                              "Node Type": "Hash Join",
                              "Parent Relationship": "Outer",
                              "Parallel Aware": true,
                              "Async Capable": false,
                              "Join Type": "Inner",
                              "Startup Cost": 2157.65,
                              "Total Cost": 231163.87,
                              "Plan Rows": 3735,
                              "Plan Width": 4,
                              "Inner Unique": false,
                              "Hash Cond": "(web_sales.ws_sold_date_sk = date_dim_1.d_date_sk)",
                              "Plans": [
                                {
                                  "Node Type": "Seq Scan",
                                  "Parent Relationship": "Outer",
                                  "Parallel Aware": true,
                                  "Async Capable": false,
                                  "Relation Name": "web_sales",
                                  "Alias": "web_sales",
                                  "Startup Cost": 0.0,
                                  "Total Cost": 217737.86,
                                  "Plan Rows": 2998986,
                                  "Plan Width": 8,
                                  "parent": 21,
                                  "ID": 22
                                },
                                {
                                  "Node Type": "Hash",
                                  "Parent Relationship": "Inner",
                                  "Parallel Aware": true,
                                  "Async Capable": false,
                                  "Startup Cost": 2156.97,
                                  "Total Cost": 2156.97,
                                  "Plan Rows": 54,
                                  "Plan Width": 4,
                                  "Plans": [
                                    {
                                      "Node Type": "Seq Scan",
                                      "Parent Relationship": "Outer",
                                      "Parallel Aware": true,
                                      "Async Capable": false,
                                      "Relation Name": "date_dim",
                                      "Alias": "date_dim_1",
                                      "Startup Cost": 0.0,
                                      "Total Cost": 2156.97,
                                      "Plan Rows": 54,
                                      "Plan Width": 4,
                                      "Filter": "((d_moy >= 4) AND (d_moy <= 6) AND (d_year = 2004))",
                                      "parent": 23,
                                      "ID": 24
                                    }
                                  ],
                                  "parent": 21,
                                  "ID": 23,
                                  "left": 24
                                }
                              ],
                              "parent": 20,
                              "ID": 21,
                              "left": 22,
                              "right": 23
                            }
                          ],
                          "parent": 19,
                          "ID": 20,
                          "left": 21
                        }
                      ],
                      "parent": 3,
                      "ID": 19,
                      "left": 20
                    }
                  ],
                  "parent": 2,
                  "ID": 3,
                  "left": 4,
                  "right": 19
                },
                {
                  "Node Type": "Materialize",
                  "Parent Relationship": "Inner",
                  "Parallel Aware": false,
                  "Async Capable": false,
                  "Startup Cost": 2684.49,
                  "Total Cost": 574652.42,
                  "Plan Rows": 17839,
                  "Plan Width": 4,
                  "Plans": [
                    {
                      "Node Type": "Hash Join",
                      "Parent Relationship": "Outer",
                      "Parallel Aware": false,
                      "Async Capable": false,
                      "Join Type": "Inner",
                      "Startup Cost": 2684.49,
                      "Total Cost": 574563.22,
                      "Plan Rows": 17839,
                      "Plan Width": 4,
                      "Inner Unique": false,
                      "Hash Cond": "(catalog_sales.cs_sold_date_sk = date_dim_2.d_date_sk)",
                      "Plans": [
                        {
                          "Node Type": "Seq Scan",
                          "Parent Relationship": "Outer",
                          "Parallel Aware": false,
                          "Async Capable": false,
                          "Relation Name": "catalog_sales",
                          "Alias": "catalog_sales",
                          "Startup Cost": 0.0,
                          "Total Cost": 517695.61,
                          "Plan Rows": 14401261,
                          "Plan Width": 8,
                          "parent": 26,
                          "ID": 27
                        },
                        {
                          "Node Type": "Hash",
                          "Parent Relationship": "Inner",
                          "Parallel Aware": false,
                          "Async Capable": false,
                          "Startup Cost": 2683.36,
                          "Total Cost": 2683.36,
                          "Plan Rows": 91,
                          "Plan Width": 4,
                          "Plans": [
                            {
                              "Node Type": "Seq Scan",
                              "Parent Relationship": "Outer",
                              "Parallel Aware": false,
                              "Async Capable": false,
                              "Relation Name": "date_dim",
                              "Alias": "date_dim_2",
                              "Startup Cost": 0.0,
                              "Total Cost": 2683.36,
                              "Plan Rows": 91,
                              "Plan Width": 4,
                              "Filter": "((d_moy >= 4) AND (d_moy <= 6) AND (d_year = 2004))",
                              "parent": 28,
                              "ID": 29
                            }
                          ],
                          "parent": 26,
                          "ID": 28,
                          "left": 29
                        }
                      ],
                      "parent": 25,
                      "ID": 26,
                      "left": 27,
                      "right": 28
                    }
                  ],
                  "parent": 2,
                  "ID": 25,
                  "left": 26
                }
              ],
              "parent": 1,
              "ID": 2,
              "left": 3,
              "right": 25
            }
          ],
          "parent": 0,
          "ID": 1,
          "left": 2
        }
      ],
      "parent": null,
      "ID": 0,
      "left": 1
    },
    "feat": {
      "utility": 0.0031960656834096983,
      "query_shape": [
        [
          "Seq Scan",
          "Hash Join",
          "Sort",
          "Gather Merge",
          "Nested Loop",
          "Aggregate"
        ],
        [
          "Seq Scan",
          "Hash Join",
          "Hash",
          "Sort",
          "Gather Merge",
          "Nested Loop",
          "Aggregate"
        ],
        [
          "Seq Scan",
          "Hash Join",
          "Hash",
          "Sort",
          "Gather Merge",
          "Nested Loop",
          "Aggregate"
        ],
        [
          "Seq Scan",
          "Hash",
          "Hash Join",
          "Sort",
          "Gather Merge",
          "Nested Loop",
          "Aggregate"
        ],
        [
          "Seq Scan",
          "Hash",
          "Hash Join",
          "Sort",
          "Gather Merge",
          "Nested Loop",
          "Aggregate"
        ],
        [
          "Seq Scan",
          "Hash Join",
          "Gather",
          "Materialize",
          "Nested Loop",
          "Aggregate"
        ],
        [
          "Seq Scan",
          "Hash",
          "Hash Join",
          "Gather",
          "Materialize",
          "Nested Loop",
          "Aggregate"
        ],
        [
          "Seq Scan",
          "Hash Join",
          "Materialize",
          "Nested Loop",
          "Aggregate"
        ],
        [
          "Seq Scan",
          "Hash",
          "Hash Join",
          "Materialize",
          "Nested Loop",
          "Aggregate"
        ]
      ],
      "index_shape": [
        "join"
      ],
      "physical_operator": {
        "Hash Join": [
          0.0010981228956350156
        ]
      }
    }
  },
  {
    "query": "select  \n  cd_gender,\n  cd_marital_status,\n  cd_education_status,\n  count(*) cnt1,\n  cd_purchase_estimate,\n  count(*) cnt2,\n  cd_credit_rating,\n  count(*) cnt3\n from\n  customer c,customer_address ca,customer_demographics\n where\n  c.c_current_addr_sk = ca.ca_address_sk and\n  ca_state in ('IN','UT','WV') and\n  cd_demo_sk = c.c_current_cdemo_sk and \n  exists (select *\n          from store_sales,date_dim\n          where c.c_customer_sk = ss_customer_sk and\n                ss_sold_date_sk = d_date_sk and\n                d_year = 2004 and\n                d_moy between 4 and 4+2) and\n   (not exists (select *\n            from web_sales,date_dim\n            where c.c_customer_sk = ws_bill_customer_sk and\n                  ws_sold_date_sk = d_date_sk and\n                  d_year = 2004 and\n                  d_moy between 4 and 4+2) and\n    not exists (select * \n            from catalog_sales,date_dim\n            where c.c_customer_sk = cs_ship_customer_sk and\n                  cs_sold_date_sk = d_date_sk and\n                  d_year = 2004 and\n                  d_moy between 4 and 4+2))\n group by cd_gender,\n          cd_marital_status,\n          cd_education_status,\n          cd_purchase_estimate,\n          cd_credit_rating\n order by cd_gender,\n          cd_marital_status,\n          cd_education_status,\n          cd_purchase_estimate,\n          cd_credit_rating\n limit 100;\n\n-- end query 51 in stream 4 using template query69.tpl\n",
    "indexes": "customer_demographics.cd_gender",
    "wo plan est": {
      "Node Type": "Limit",
      "Parallel Aware": false,
      "Async Capable": false,
      "Startup Cost": 747667.94,
      "Total Cost": 838660.28,
      "Plan Rows": 100,
      "Plan Width": 64,
      "Plans": [
        {
          "Node Type": "Aggregate",
          "Strategy": "Sorted",
          "Partial Mode": "Simple",
          "Parent Relationship": "Outer",
          "Parallel Aware": false,
          "Async Capable": false,
          "Startup Cost": 747667.94,
          "Total Cost": 2235392.72,
          "Plan Rows": 1635,
          "Plan Width": 64,
          "Group Key": [
            "customer_demographics.cd_gender",
            "customer_demographics.cd_marital_status",
            "customer_demographics.cd_education_status",
            "customer_demographics.cd_purchase_estimate",
            "customer_demographics.cd_credit_rating"
          ],
          "Plans": [
            {
              "Node Type": "Nested Loop",
              "Parent Relationship": "Outer",
              "Parallel Aware": false,
              "Async Capable": false,
              "Join Type": "Anti",
              "Startup Cost": 747667.94,
              "Total Cost": 2235351.85,
              "Plan Rows": 1635,
              "Plan Width": 40,
              "Inner Unique": false,
              "Join Filter": "(c.c_customer_sk = catalog_sales.cs_ship_customer_sk)",
              "Plans": [
                {
                  "Node Type": "Nested Loop",
                  "Parent Relationship": "Outer",
                  "Parallel Aware": false,
                  "Async Capable": false,
                  "Join Type": "Anti",
                  "Startup Cost": 744983.45,
                  "Total Cost": 1207187.45,
                  "Plan Rows": 1695,
                  "Plan Width": 44,
                  "Inner Unique": false,
                  "Join Filter": "(c.c_customer_sk = web_sales.ws_bill_customer_sk)",
                  "Plans": [
                    {
                      "Node Type": "Gather Merge",
                      "Parent Relationship": "Outer",
                      "Parallel Aware": false,
                      "Async Capable": false,
                      "Startup Cost": 741825.8,
                      "Total Cost": 742026.82,
                      "Plan Rows": 1726,
                      "Plan Width": 44,
                      "Workers Planned": 2,
                      "Plans": [
                        {
                          "Node Type": "Sort",
                          "Parent Relationship": "Outer",
                          "Parallel Aware": false,
                          "Async Capable": false,
                          "Startup Cost": 740825.77,
                          "Total Cost": 740827.57,
                          "Plan Rows": 719,
                          "Plan Width": 44,
                          "Sort Key": [
                            "customer_demographics.cd_gender",
                            "customer_demographics.cd_marital_status",
                            "customer_demographics.cd_education_status",
                            "customer_demographics.cd_purchase_estimate",
                            "customer_demographics.cd_credit_rating"
                          ],
                          "Plans": [
                            {
                              "Node Type": "Hash Join",
                              "Parent Relationship": "Outer",
                              "Parallel Aware": true,
                              "Async Capable": false,
                              "Join Type": "Inner",
                              "Startup Cost": 707956.07,
                              "Total Cost": 740791.66,
                              "Plan Rows": 719,
                              "Plan Width": 44,
                              "Inner Unique": false,
                              "Hash Cond": "(customer_demographics.cd_demo_sk = c.c_current_cdemo_sk)",
                              "Plans": [
                                {
                                  "Node Type": "Seq Scan",
                                  "Parent Relationship": "Outer",
                                  "Parallel Aware": true,
                                  "Async Capable": false,
                                  "Relation Name": "customer_demographics",
                                  "Alias": "customer_demographics",
                                  "Startup Cost": 0.0,
                                  "Total Cost": 29831.33,
                                  "Plan Rows": 800333,
                                  "Plan Width": 44,
                                  "parent": 6,
                                  "ID": 7
                                },
                                {
                                  "Node Type": "Hash",
                                  "Parent Relationship": "Inner",
                                  "Parallel Aware": true,
                                  "Async Capable": false,
                                  "Startup Cost": 707946.76,
                                  "Total Cost": 707946.76,
                                  "Plan Rows": 745,
                                  "Plan Width": 8,
                                  "Plans": [
                                    {
                                      "Node Type": "Hash Join",
                                      "Parent Relationship": "Outer",
                                      "Parallel Aware": true,
                                      "Async Capable": false,
                                      "Join Type": "Inner",
                                      "Startup Cost": 691275.92,
                                      "Total Cost": 707946.76,
                                      "Plan Rows": 745,
                                      "Plan Width": 8,
                                      "Inner Unique": false,
                                      "Hash Cond": "(c.c_current_addr_sk = ca.ca_address_sk)",
                                      "Plans": [
                                        {
                                          "Node Type": "Hash Join",
                                          "Parent Relationship": "Outer",
                                          "Parallel Aware": true,
                                          "Async Capable": false,
                                          "Join Type": "Semi",
                                          "Startup Cost": 684337.4,
                                          "Total Cost": 700954.09,
                                          "Plan Rows": 13615,
                                          "Plan Width": 12,
                                          "Inner Unique": false,
                                          "Hash Cond": "(c.c_customer_sk = store_sales.ss_customer_sk)",
                                          "Plans": [
                                            {
                                              "Node Type": "Seq Scan",
                                              "Parent Relationship": "Outer",
                                              "Parallel Aware": true,
                                              "Async Capable": false,
                                              "Relation Name": "customer",
                                              "Alias": "c",
                                              "Startup Cost": 0.0,
                                              "Total Cost": 15918.33,
                                              "Plan Rows": 208333,
                                              "Plan Width": 12,
                                              "parent": 10,
                                              "ID": 11
                                            },
                                            {
                                              "Node Type": "Hash",
                                              "Parent Relationship": "Inner",
                                              "Parallel Aware": true,
                                              "Async Capable": false,
                                              "Startup Cost": 684159.07,
                                              "Total Cost": 684159.07,
                                              "Plan Rows": 14267,
                                              "Plan Width": 4,
                                              "Plans": [
                                                {
                                                  "Node Type": "Hash Join",
                                                  "Parent Relationship": "Outer",
                                                  "Parallel Aware": true,
                                                  "Async Capable": false,
                                                  "Join Type": "Inner",
                                                  "Startup Cost": 2157.65,
                                                  "Total Cost": 684159.07,
                                                  "Plan Rows": 14267,
                                                  "Plan Width": 4,
                                                  "Inner Unique": false,
                                                  "Hash Cond": "(store_sales.ss_sold_date_sk = date_dim.d_date_sk)",
                                                  "Plans": [
                                                    {
                                                      "Node Type": "Seq Scan",
                                                      "Parent Relationship": "Outer",
                                                      "Parallel Aware": true,
                                                      "Async Capable": false,
                                                      "Relation Name": "store_sales",
                                                      "Alias": "store_sales",
                                                      "Startup Cost": 0.0,
                                                      "Total Cost": 636914.37,
                                                      "Plan Rows": 12000637,
                                                      "Plan Width": 8,
                                                      "parent": 13,
                                                      "ID": 14
                                                    },
                                                    {
                                                      "Node Type": "Hash",
                                                      "Parent Relationship": "Inner",
                                                      "Parallel Aware": true,
                                                      "Async Capable": false,
                                                      "Startup Cost": 2156.97,
                                                      "Total Cost": 2156.97,
                                                      "Plan Rows": 54,
                                                      "Plan Width": 4,
                                                      "Plans": [
                                                        {
                                                          "Node Type": "Seq Scan",
                                                          "Parent Relationship": "Outer",
                                                          "Parallel Aware": true,
                                                          "Async Capable": false,
                                                          "Relation Name": "date_dim",
                                                          "Alias": "date_dim",
                                                          "Startup Cost": 0.0,
                                                          "Total Cost": 2156.97,
                                                          "Plan Rows": 54,
                                                          "Plan Width": 4,
                                                          "Filter": "((d_moy >= 4) AND (d_moy <= 6) AND (d_year = 2004))",
                                                          "parent": 15,
                                                          "ID": 16
                                                        }
                                                      ],
                                                      "parent": 13,
                                                      "ID": 15,
                                                      "left": 16
                                                    }
                                                  ],
                                                  "parent": 12,
                                                  "ID": 13,
                                                  "left": 14,
                                                  "right": 15
                                                }
                                              ],
                                              "parent": 10,
                                              "ID": 12,
                                              "left": 13
                                            }
                                          ],
                                          "parent": 9,
                                          "ID": 10,
                                          "left": 11,
                                          "right": 12
                                        },
                                        {
                                          "Node Type": "Hash",
                                          "Parent Relationship": "Inner",
                                          "Parallel Aware": true,
                                          "Async Capable": false,
                                          "Startup Cost": 6867.29,
                                          "Total Cost": 6867.29,
                                          "Plan Rows": 5698,
                                          "Plan Width": 4,
                                          "Plans": [
                                            {
                                              "Node Type": "Seq Scan",
                                              "Parent Relationship": "Outer",
                                              "Parallel Aware": true,
                                              "Async Capable": false,
                                              "Relation Name": "customer_address",
                                              "Alias": "ca",
                                              "Startup Cost": 0.0,
                                              "Total Cost": 6867.29,
                                              "Plan Rows": 5698,
                                              "Plan Width": 4,
                                              "Filter": "(ca_state = ANY ('{IN,UT,WV}'::bpchar[]))",
                                              "parent": 17,
                                              "ID": 18
                                            }
                                          ],
                                          "parent": 9,
                                          "ID": 17,
                                          "left": 18
                                        }
                                      ],
                                      "parent": 8,
                                      "ID": 9,
                                      "left": 10,
                                      "right": 17
                                    }
                                  ],
                                  "parent": 6,
                                  "ID": 8,
                                  "left": 9
                                }
                              ],
                              "parent": 5,
                              "ID": 6,
                              "left": 7,
                              "right": 8
                            }
                          ],
                          "parent": 4,
                          "ID": 5,
                          "left": 6
                        }
                      ],
                      "parent": 3,
                      "ID": 4,
                      "left": 5
                    },
                    {
                      "Node Type": "Materialize",
                      "Parent Relationship": "Inner",
                      "Parallel Aware": false,
                      "Async Capable": false,
                      "Startup Cost": 3157.65,
                      "Total Cost": 233105.09,
                      "Plan Rows": 8964,
                      "Plan Width": 4,
                      "Plans": [
                        {
                          "Node Type": "Gather",
                          "Parent Relationship": "Outer",
                          "Parallel Aware": false,
                          "Async Capable": false,
                          "Startup Cost": 3157.65,
                          "Total Cost": 233060.27,
                          "Plan Rows": 8964,
                          "Plan Width": 4,
                          "Workers Planned": 2,
                          "Single Copy": false,
                          "Plans": [
                            {
                              "Node Type": "Hash Join",
                              "Parent Relationship": "Outer",
                              "Parallel Aware": true,
                              "Async Capable": false,
                              "Join Type": "Inner",
                              "Startup Cost": 2157.65,
                              "Total Cost": 231163.87,
                              "Plan Rows": 3735,
                              "Plan Width": 4,
                              "Inner Unique": false,
                              "Hash Cond": "(web_sales.ws_sold_date_sk = date_dim_1.d_date_sk)",
                              "Plans": [
                                {
                                  "Node Type": "Seq Scan",
                                  "Parent Relationship": "Outer",
                                  "Parallel Aware": true,
                                  "Async Capable": false,
                                  "Relation Name": "web_sales",
                                  "Alias": "web_sales",
                                  "Startup Cost": 0.0,
                                  "Total Cost": 217737.86,
                                  "Plan Rows": 2998986,
                                  "Plan Width": 8,
                                  "parent": 21,
                                  "ID": 22
                                },
                                {
                                  "Node Type": "Hash",
                                  "Parent Relationship": "Inner",
                                  "Parallel Aware": true,
                                  "Async Capable": false,
                                  "Startup Cost": 2156.97,
                                  "Total Cost": 2156.97,
                                  "Plan Rows": 54,
                                  "Plan Width": 4,
                                  "Plans": [
                                    {
                                      "Node Type": "Seq Scan",
                                      "Parent Relationship": "Outer",
                                      "Parallel Aware": true,
                                      "Async Capable": false,
                                      "Relation Name": "date_dim",
                                      "Alias": "date_dim_1",
                                      "Startup Cost": 0.0,
                                      "Total Cost": 2156.97,
                                      "Plan Rows": 54,
                                      "Plan Width": 4,
                                      "Filter": "((d_moy >= 4) AND (d_moy <= 6) AND (d_year = 2004))",
                                      "parent": 23,
                                      "ID": 24
                                    }
                                  ],
                                  "parent": 21,
                                  "ID": 23,
                                  "left": 24
                                }
                              ],
                              "parent": 20,
                              "ID": 21,
                              "left": 22,
                              "right": 23
                            }
                          ],
                          "parent": 19,
                          "ID": 20,
                          "left": 21
                        }
                      ],
                      "parent": 3,
                      "ID": 19,
                      "left": 20
                    }
                  ],
                  "parent": 2,
                  "ID": 3,
                  "left": 4,
                  "right": 19
                },
                {
                  "Node Type": "Materialize",
                  "Parent Relationship": "Inner",
                  "Parallel Aware": false,
                  "Async Capable": false,
                  "Startup Cost": 2684.49,
                  "Total Cost": 574652.42,
                  "Plan Rows": 17839,
                  "Plan Width": 4,
                  "Plans": [
                    {
                      "Node Type": "Hash Join",
                      "Parent Relationship": "Outer",
                      "Parallel Aware": false,
                      "Async Capable": false,
                      "Join Type": "Inner",
                      "Startup Cost": 2684.49,
                      "Total Cost": 574563.22,
                      "Plan Rows": 17839,
                      "Plan Width": 4,
                      "Inner Unique": false,
                      "Hash Cond": "(catalog_sales.cs_sold_date_sk = date_dim_2.d_date_sk)",
                      "Plans": [
                        {
                          "Node Type": "Seq Scan",
                          "Parent Relationship": "Outer",
                          "Parallel Aware": false,
                          "Async Capable": false,
                          "Relation Name": "catalog_sales",
                          "Alias": "catalog_sales",
                          "Startup Cost": 0.0,
                          "Total Cost": 517695.61,
                          "Plan Rows": 14401261,
                          "Plan Width": 8,
                          "parent": 26,
                          "ID": 27
                        },
                        {
                          "Node Type": "Hash",
                          "Parent Relationship": "Inner",
                          "Parallel Aware": false,
                          "Async Capable": false,
                          "Startup Cost": 2683.36,
                          "Total Cost": 2683.36,
                          "Plan Rows": 91,
                          "Plan Width": 4,
                          "Plans": [
                            {
                              "Node Type": "Seq Scan",
                              "Parent Relationship": "Outer",
                              "Parallel Aware": false,
                              "Async Capable": false,
                              "Relation Name": "date_dim",
                              "Alias": "date_dim_2",
                              "Startup Cost": 0.0,
                              "Total Cost": 2683.36,
                              "Plan Rows": 91,
                              "Plan Width": 4,
                              "Filter": "((d_moy >= 4) AND (d_moy <= 6) AND (d_year = 2004))",
                              "parent": 28,
                              "ID": 29
                            }
                          ],
                          "parent": 26,
                          "ID": 28,
                          "left": 29
                        }
                      ],
                      "parent": 25,
                      "ID": 26,
                      "left": 27,
                      "right": 28
                    }
                  ],
                  "parent": 2,
                  "ID": 25,
                  "left": 26
                }
              ],
              "parent": 1,
              "ID": 2,
              "left": 3,
              "right": 25
            }
          ],
          "parent": 0,
          "ID": 1,
          "left": 2
        }
      ],
      "parent": null,
      "ID": 0,
      "left": 1
    },
    "feat": {
      "utility": 0.0,
      "query_shape": [
        [
          "Seq Scan",
          "Hash Join",
          "Sort",
          "Gather Merge",
          "Nested Loop",
          "Aggregate"
        ],
        [
          "Seq Scan",
          "Hash Join",
          "Hash",
          "Sort",
          "Gather Merge",
          "Nested Loop",
          "Aggregate"
        ],
        [
          "Seq Scan",
          "Hash Join",
          "Hash",
          "Sort",
          "Gather Merge",
          "Nested Loop",
          "Aggregate"
        ],
        [
          "Seq Scan",
          "Hash",
          "Hash Join",
          "Sort",
          "Gather Merge",
          "Nested Loop",
          "Aggregate"
        ],
        [
          "Seq Scan",
          "Hash",
          "Hash Join",
          "Sort",
          "Gather Merge",
          "Nested Loop",
          "Aggregate"
        ],
        [
          "Seq Scan",
          "Hash Join",
          "Gather",
          "Materialize",
          "Nested Loop",
          "Aggregate"
        ],
        [
          "Seq Scan",
          "Hash",
          "Hash Join",
          "Gather",
          "Materialize",
          "Nested Loop",
          "Aggregate"
        ],
        [
          "Seq Scan",
          "Hash Join",
          "Materialize",
          "Nested Loop",
          "Aggregate"
        ],
        [
          "Seq Scan",
          "Hash",
          "Hash Join",
          "Materialize",
          "Nested Loop",
          "Aggregate"
        ]
      ],
      "index_shape": [
        "order-by"
      ],
      "physical_operator": {
        "Sort": [
          "[0. 0. 0. 0. 0. 0. 0. 0. 0. 0. 0. 0. 0. 0. 0. 0. 0. 0. 0. 0. 0. 0. 0. 0.\n 0. 0. 0. 0. 0. 0. 0. 0. 0. 0. 0. 0. 0. 0. 0. 0. 0. 0. 0. 0. 0. 0. 0. 0.\n 0. 0. 0.]"
        ],
        "Aggregate": [
          "[0. 0. 0. 0. 0. 0. 0. 0. 0. 0. 0. 0. 0. 0. 0. 0. 0. 0. 0. 0. 0. 0. 0. 0.\n 0. 0. 0. 0. 0. 0. 0. 0. 0. 0. 0. 0. 0. 0. 0. 0. 0. 0. 0. 0. 0. 0. 0. 0.\n 0. 0. 0.]"
        ]
      }
    }
  },
  {
    "query": "select  \n  cd_gender,\n  cd_marital_status,\n  cd_education_status,\n  count(*) cnt1,\n  cd_purchase_estimate,\n  count(*) cnt2,\n  cd_credit_rating,\n  count(*) cnt3\n from\n  customer c,customer_address ca,customer_demographics\n where\n  c.c_current_addr_sk = ca.ca_address_sk and\n  ca_state in ('IN','UT','WV') and\n  cd_demo_sk = c.c_current_cdemo_sk and \n  exists (select *\n          from store_sales,date_dim\n          where c.c_customer_sk = ss_customer_sk and\n                ss_sold_date_sk = d_date_sk and\n                d_year = 2004 and\n                d_moy between 4 and 4+2) and\n   (not exists (select *\n            from web_sales,date_dim\n            where c.c_customer_sk = ws_bill_customer_sk and\n                  ws_sold_date_sk = d_date_sk and\n                  d_year = 2004 and\n                  d_moy between 4 and 4+2) and\n    not exists (select * \n            from catalog_sales,date_dim\n            where c.c_customer_sk = cs_ship_customer_sk and\n                  cs_sold_date_sk = d_date_sk and\n                  d_year = 2004 and\n                  d_moy between 4 and 4+2))\n group by cd_gender,\n          cd_marital_status,\n          cd_education_status,\n          cd_purchase_estimate,\n          cd_credit_rating\n order by cd_gender,\n          cd_marital_status,\n          cd_education_status,\n          cd_purchase_estimate,\n          cd_credit_rating\n limit 100;\n\n-- end query 51 in stream 4 using template query69.tpl\n",
    "indexes": "customer_demographics.cd_marital_status",
    "wo plan est": {
      "Node Type": "Limit",
      "Parallel Aware": false,
      "Async Capable": false,
      "Startup Cost": 747667.94,
      "Total Cost": 838660.28,
      "Plan Rows": 100,
      "Plan Width": 64,
      "Plans": [
        {
          "Node Type": "Aggregate",
          "Strategy": "Sorted",
          "Partial Mode": "Simple",
          "Parent Relationship": "Outer",
          "Parallel Aware": false,
          "Async Capable": false,
          "Startup Cost": 747667.94,
          "Total Cost": 2235392.72,
          "Plan Rows": 1635,
          "Plan Width": 64,
          "Group Key": [
            "customer_demographics.cd_gender",
            "customer_demographics.cd_marital_status",
            "customer_demographics.cd_education_status",
            "customer_demographics.cd_purchase_estimate",
            "customer_demographics.cd_credit_rating"
          ],
          "Plans": [
            {
              "Node Type": "Nested Loop",
              "Parent Relationship": "Outer",
              "Parallel Aware": false,
              "Async Capable": false,
              "Join Type": "Anti",
              "Startup Cost": 747667.94,
              "Total Cost": 2235351.85,
              "Plan Rows": 1635,
              "Plan Width": 40,
              "Inner Unique": false,
              "Join Filter": "(c.c_customer_sk = catalog_sales.cs_ship_customer_sk)",
              "Plans": [
                {
                  "Node Type": "Nested Loop",
                  "Parent Relationship": "Outer",
                  "Parallel Aware": false,
                  "Async Capable": false,
                  "Join Type": "Anti",
                  "Startup Cost": 744983.45,
                  "Total Cost": 1207187.45,
                  "Plan Rows": 1695,
                  "Plan Width": 44,
                  "Inner Unique": false,
                  "Join Filter": "(c.c_customer_sk = web_sales.ws_bill_customer_sk)",
                  "Plans": [
                    {
                      "Node Type": "Gather Merge",
                      "Parent Relationship": "Outer",
                      "Parallel Aware": false,
                      "Async Capable": false,
                      "Startup Cost": 741825.8,
                      "Total Cost": 742026.82,
                      "Plan Rows": 1726,
                      "Plan Width": 44,
                      "Workers Planned": 2,
                      "Plans": [
                        {
                          "Node Type": "Sort",
                          "Parent Relationship": "Outer",
                          "Parallel Aware": false,
                          "Async Capable": false,
                          "Startup Cost": 740825.77,
                          "Total Cost": 740827.57,
                          "Plan Rows": 719,
                          "Plan Width": 44,
                          "Sort Key": [
                            "customer_demographics.cd_gender",
                            "customer_demographics.cd_marital_status",
                            "customer_demographics.cd_education_status",
                            "customer_demographics.cd_purchase_estimate",
                            "customer_demographics.cd_credit_rating"
                          ],
                          "Plans": [
                            {
                              "Node Type": "Hash Join",
                              "Parent Relationship": "Outer",
                              "Parallel Aware": true,
                              "Async Capable": false,
                              "Join Type": "Inner",
                              "Startup Cost": 707956.07,
                              "Total Cost": 740791.66,
                              "Plan Rows": 719,
                              "Plan Width": 44,
                              "Inner Unique": false,
                              "Hash Cond": "(customer_demographics.cd_demo_sk = c.c_current_cdemo_sk)",
                              "Plans": [
                                {
                                  "Node Type": "Seq Scan",
                                  "Parent Relationship": "Outer",
                                  "Parallel Aware": true,
                                  "Async Capable": false,
                                  "Relation Name": "customer_demographics",
                                  "Alias": "customer_demographics",
                                  "Startup Cost": 0.0,
                                  "Total Cost": 29831.33,
                                  "Plan Rows": 800333,
                                  "Plan Width": 44,
                                  "parent": 6,
                                  "ID": 7
                                },
                                {
                                  "Node Type": "Hash",
                                  "Parent Relationship": "Inner",
                                  "Parallel Aware": true,
                                  "Async Capable": false,
                                  "Startup Cost": 707946.76,
                                  "Total Cost": 707946.76,
                                  "Plan Rows": 745,
                                  "Plan Width": 8,
                                  "Plans": [
                                    {
                                      "Node Type": "Hash Join",
                                      "Parent Relationship": "Outer",
                                      "Parallel Aware": true,
                                      "Async Capable": false,
                                      "Join Type": "Inner",
                                      "Startup Cost": 691275.92,
                                      "Total Cost": 707946.76,
                                      "Plan Rows": 745,
                                      "Plan Width": 8,
                                      "Inner Unique": false,
                                      "Hash Cond": "(c.c_current_addr_sk = ca.ca_address_sk)",
                                      "Plans": [
                                        {
                                          "Node Type": "Hash Join",
                                          "Parent Relationship": "Outer",
                                          "Parallel Aware": true,
                                          "Async Capable": false,
                                          "Join Type": "Semi",
                                          "Startup Cost": 684337.4,
                                          "Total Cost": 700954.09,
                                          "Plan Rows": 13615,
                                          "Plan Width": 12,
                                          "Inner Unique": false,
                                          "Hash Cond": "(c.c_customer_sk = store_sales.ss_customer_sk)",
                                          "Plans": [
                                            {
                                              "Node Type": "Seq Scan",
                                              "Parent Relationship": "Outer",
                                              "Parallel Aware": true,
                                              "Async Capable": false,
                                              "Relation Name": "customer",
                                              "Alias": "c",
                                              "Startup Cost": 0.0,
                                              "Total Cost": 15918.33,
                                              "Plan Rows": 208333,
                                              "Plan Width": 12,
                                              "parent": 10,
                                              "ID": 11
                                            },
                                            {
                                              "Node Type": "Hash",
                                              "Parent Relationship": "Inner",
                                              "Parallel Aware": true,
                                              "Async Capable": false,
                                              "Startup Cost": 684159.07,
                                              "Total Cost": 684159.07,
                                              "Plan Rows": 14267,
                                              "Plan Width": 4,
                                              "Plans": [
                                                {
                                                  "Node Type": "Hash Join",
                                                  "Parent Relationship": "Outer",
                                                  "Parallel Aware": true,
                                                  "Async Capable": false,
                                                  "Join Type": "Inner",
                                                  "Startup Cost": 2157.65,
                                                  "Total Cost": 684159.07,
                                                  "Plan Rows": 14267,
                                                  "Plan Width": 4,
                                                  "Inner Unique": false,
                                                  "Hash Cond": "(store_sales.ss_sold_date_sk = date_dim.d_date_sk)",
                                                  "Plans": [
                                                    {
                                                      "Node Type": "Seq Scan",
                                                      "Parent Relationship": "Outer",
                                                      "Parallel Aware": true,
                                                      "Async Capable": false,
                                                      "Relation Name": "store_sales",
                                                      "Alias": "store_sales",
                                                      "Startup Cost": 0.0,
                                                      "Total Cost": 636914.37,
                                                      "Plan Rows": 12000637,
                                                      "Plan Width": 8,
                                                      "parent": 13,
                                                      "ID": 14
                                                    },
                                                    {
                                                      "Node Type": "Hash",
                                                      "Parent Relationship": "Inner",
                                                      "Parallel Aware": true,
                                                      "Async Capable": false,
                                                      "Startup Cost": 2156.97,
                                                      "Total Cost": 2156.97,
                                                      "Plan Rows": 54,
                                                      "Plan Width": 4,
                                                      "Plans": [
                                                        {
                                                          "Node Type": "Seq Scan",
                                                          "Parent Relationship": "Outer",
                                                          "Parallel Aware": true,
                                                          "Async Capable": false,
                                                          "Relation Name": "date_dim",
                                                          "Alias": "date_dim",
                                                          "Startup Cost": 0.0,
                                                          "Total Cost": 2156.97,
                                                          "Plan Rows": 54,
                                                          "Plan Width": 4,
                                                          "Filter": "((d_moy >= 4) AND (d_moy <= 6) AND (d_year = 2004))",
                                                          "parent": 15,
                                                          "ID": 16
                                                        }
                                                      ],
                                                      "parent": 13,
                                                      "ID": 15,
                                                      "left": 16
                                                    }
                                                  ],
                                                  "parent": 12,
                                                  "ID": 13,
                                                  "left": 14,
                                                  "right": 15
                                                }
                                              ],
                                              "parent": 10,
                                              "ID": 12,
                                              "left": 13
                                            }
                                          ],
                                          "parent": 9,
                                          "ID": 10,
                                          "left": 11,
                                          "right": 12
                                        },
                                        {
                                          "Node Type": "Hash",
                                          "Parent Relationship": "Inner",
                                          "Parallel Aware": true,
                                          "Async Capable": false,
                                          "Startup Cost": 6867.29,
                                          "Total Cost": 6867.29,
                                          "Plan Rows": 5698,
                                          "Plan Width": 4,
                                          "Plans": [
                                            {
                                              "Node Type": "Seq Scan",
                                              "Parent Relationship": "Outer",
                                              "Parallel Aware": true,
                                              "Async Capable": false,
                                              "Relation Name": "customer_address",
                                              "Alias": "ca",
                                              "Startup Cost": 0.0,
                                              "Total Cost": 6867.29,
                                              "Plan Rows": 5698,
                                              "Plan Width": 4,
                                              "Filter": "(ca_state = ANY ('{IN,UT,WV}'::bpchar[]))",
                                              "parent": 17,
                                              "ID": 18
                                            }
                                          ],
                                          "parent": 9,
                                          "ID": 17,
                                          "left": 18
                                        }
                                      ],
                                      "parent": 8,
                                      "ID": 9,
                                      "left": 10,
                                      "right": 17
                                    }
                                  ],
                                  "parent": 6,
                                  "ID": 8,
                                  "left": 9
                                }
                              ],
                              "parent": 5,
                              "ID": 6,
                              "left": 7,
                              "right": 8
                            }
                          ],
                          "parent": 4,
                          "ID": 5,
                          "left": 6
                        }
                      ],
                      "parent": 3,
                      "ID": 4,
                      "left": 5
                    },
                    {
                      "Node Type": "Materialize",
                      "Parent Relationship": "Inner",
                      "Parallel Aware": false,
                      "Async Capable": false,
                      "Startup Cost": 3157.65,
                      "Total Cost": 233105.09,
                      "Plan Rows": 8964,
                      "Plan Width": 4,
                      "Plans": [
                        {
                          "Node Type": "Gather",
                          "Parent Relationship": "Outer",
                          "Parallel Aware": false,
                          "Async Capable": false,
                          "Startup Cost": 3157.65,
                          "Total Cost": 233060.27,
                          "Plan Rows": 8964,
                          "Plan Width": 4,
                          "Workers Planned": 2,
                          "Single Copy": false,
                          "Plans": [
                            {
                              "Node Type": "Hash Join",
                              "Parent Relationship": "Outer",
                              "Parallel Aware": true,
                              "Async Capable": false,
                              "Join Type": "Inner",
                              "Startup Cost": 2157.65,
                              "Total Cost": 231163.87,
                              "Plan Rows": 3735,
                              "Plan Width": 4,
                              "Inner Unique": false,
                              "Hash Cond": "(web_sales.ws_sold_date_sk = date_dim_1.d_date_sk)",
                              "Plans": [
                                {
                                  "Node Type": "Seq Scan",
                                  "Parent Relationship": "Outer",
                                  "Parallel Aware": true,
                                  "Async Capable": false,
                                  "Relation Name": "web_sales",
                                  "Alias": "web_sales",
                                  "Startup Cost": 0.0,
                                  "Total Cost": 217737.86,
                                  "Plan Rows": 2998986,
                                  "Plan Width": 8,
                                  "parent": 21,
                                  "ID": 22
                                },
                                {
                                  "Node Type": "Hash",
                                  "Parent Relationship": "Inner",
                                  "Parallel Aware": true,
                                  "Async Capable": false,
                                  "Startup Cost": 2156.97,
                                  "Total Cost": 2156.97,
                                  "Plan Rows": 54,
                                  "Plan Width": 4,
                                  "Plans": [
                                    {
                                      "Node Type": "Seq Scan",
                                      "Parent Relationship": "Outer",
                                      "Parallel Aware": true,
                                      "Async Capable": false,
                                      "Relation Name": "date_dim",
                                      "Alias": "date_dim_1",
                                      "Startup Cost": 0.0,
                                      "Total Cost": 2156.97,
                                      "Plan Rows": 54,
                                      "Plan Width": 4,
                                      "Filter": "((d_moy >= 4) AND (d_moy <= 6) AND (d_year = 2004))",
                                      "parent": 23,
                                      "ID": 24
                                    }
                                  ],
                                  "parent": 21,
                                  "ID": 23,
                                  "left": 24
                                }
                              ],
                              "parent": 20,
                              "ID": 21,
                              "left": 22,
                              "right": 23
                            }
                          ],
                          "parent": 19,
                          "ID": 20,
                          "left": 21
                        }
                      ],
                      "parent": 3,
                      "ID": 19,
                      "left": 20
                    }
                  ],
                  "parent": 2,
                  "ID": 3,
                  "left": 4,
                  "right": 19
                },
                {
                  "Node Type": "Materialize",
                  "Parent Relationship": "Inner",
                  "Parallel Aware": false,
                  "Async Capable": false,
                  "Startup Cost": 2684.49,
                  "Total Cost": 574652.42,
                  "Plan Rows": 17839,
                  "Plan Width": 4,
                  "Plans": [
                    {
                      "Node Type": "Hash Join",
                      "Parent Relationship": "Outer",
                      "Parallel Aware": false,
                      "Async Capable": false,
                      "Join Type": "Inner",
                      "Startup Cost": 2684.49,
                      "Total Cost": 574563.22,
                      "Plan Rows": 17839,
                      "Plan Width": 4,
                      "Inner Unique": false,
                      "Hash Cond": "(catalog_sales.cs_sold_date_sk = date_dim_2.d_date_sk)",
                      "Plans": [
                        {
                          "Node Type": "Seq Scan",
                          "Parent Relationship": "Outer",
                          "Parallel Aware": false,
                          "Async Capable": false,
                          "Relation Name": "catalog_sales",
                          "Alias": "catalog_sales",
                          "Startup Cost": 0.0,
                          "Total Cost": 517695.61,
                          "Plan Rows": 14401261,
                          "Plan Width": 8,
                          "parent": 26,
                          "ID": 27
                        },
                        {
                          "Node Type": "Hash",
                          "Parent Relationship": "Inner",
                          "Parallel Aware": false,
                          "Async Capable": false,
                          "Startup Cost": 2683.36,
                          "Total Cost": 2683.36,
                          "Plan Rows": 91,
                          "Plan Width": 4,
                          "Plans": [
                            {
                              "Node Type": "Seq Scan",
                              "Parent Relationship": "Outer",
                              "Parallel Aware": false,
                              "Async Capable": false,
                              "Relation Name": "date_dim",
                              "Alias": "date_dim_2",
                              "Startup Cost": 0.0,
                              "Total Cost": 2683.36,
                              "Plan Rows": 91,
                              "Plan Width": 4,
                              "Filter": "((d_moy >= 4) AND (d_moy <= 6) AND (d_year = 2004))",
                              "parent": 28,
                              "ID": 29
                            }
                          ],
                          "parent": 26,
                          "ID": 28,
                          "left": 29
                        }
                      ],
                      "parent": 25,
                      "ID": 26,
                      "left": 27,
                      "right": 28
                    }
                  ],
                  "parent": 2,
                  "ID": 25,
                  "left": 26
                }
              ],
              "parent": 1,
              "ID": 2,
              "left": 3,
              "right": 25
            }
          ],
          "parent": 0,
          "ID": 1,
          "left": 2
        }
      ],
      "parent": null,
      "ID": 0,
      "left": 1
    },
    "feat": {
      "utility": 0.0,
      "query_shape": [
        [
          "Seq Scan",
          "Hash Join",
          "Sort",
          "Gather Merge",
          "Nested Loop",
          "Aggregate"
        ],
        [
          "Seq Scan",
          "Hash Join",
          "Hash",
          "Sort",
          "Gather Merge",
          "Nested Loop",
          "Aggregate"
        ],
        [
          "Seq Scan",
          "Hash Join",
          "Hash",
          "Sort",
          "Gather Merge",
          "Nested Loop",
          "Aggregate"
        ],
        [
          "Seq Scan",
          "Hash",
          "Hash Join",
          "Sort",
          "Gather Merge",
          "Nested Loop",
          "Aggregate"
        ],
        [
          "Seq Scan",
          "Hash",
          "Hash Join",
          "Sort",
          "Gather Merge",
          "Nested Loop",
          "Aggregate"
        ],
        [
          "Seq Scan",
          "Hash Join",
          "Gather",
          "Materialize",
          "Nested Loop",
          "Aggregate"
        ],
        [
          "Seq Scan",
          "Hash",
          "Hash Join",
          "Gather",
          "Materialize",
          "Nested Loop",
          "Aggregate"
        ],
        [
          "Seq Scan",
          "Hash Join",
          "Materialize",
          "Nested Loop",
          "Aggregate"
        ],
        [
          "Seq Scan",
          "Hash",
          "Hash Join",
          "Materialize",
          "Nested Loop",
          "Aggregate"
        ]
      ],
      "index_shape": [
        "order-by"
      ],
      "physical_operator": {
        "Sort": [
          "[0. 0. 0. 0. 0. 0. 0. 0. 0. 0. 0. 0. 0. 0. 0. 0. 0. 0. 0. 0. 0. 0. 0. 0.\n 0. 0. 0. 0. 0. 0. 0. 0. 0. 0. 0. 0. 0. 0. 0. 0. 0. 0. 0. 0. 0. 0. 0. 0.\n 0. 0. 0.]"
        ],
        "Aggregate": [
          "[0. 0. 0. 0. 0. 0. 0. 0. 0. 0. 0. 0. 0. 0. 0. 0. 0. 0. 0. 0. 0. 0. 0. 0.\n 0. 0. 0. 0. 0. 0. 0. 0. 0. 0. 0. 0. 0. 0. 0. 0. 0. 0. 0. 0. 0. 0. 0. 0.\n 0. 0. 0.]"
        ]
      }
    }
  },
  {
    "query": "select  \n  cd_gender,\n  cd_marital_status,\n  cd_education_status,\n  count(*) cnt1,\n  cd_purchase_estimate,\n  count(*) cnt2,\n  cd_credit_rating,\n  count(*) cnt3\n from\n  customer c,customer_address ca,customer_demographics\n where\n  c.c_current_addr_sk = ca.ca_address_sk and\n  ca_state in ('IN','UT','WV') and\n  cd_demo_sk = c.c_current_cdemo_sk and \n  exists (select *\n          from store_sales,date_dim\n          where c.c_customer_sk = ss_customer_sk and\n                ss_sold_date_sk = d_date_sk and\n                d_year = 2004 and\n                d_moy between 4 and 4+2) and\n   (not exists (select *\n            from web_sales,date_dim\n            where c.c_customer_sk = ws_bill_customer_sk and\n                  ws_sold_date_sk = d_date_sk and\n                  d_year = 2004 and\n                  d_moy between 4 and 4+2) and\n    not exists (select * \n            from catalog_sales,date_dim\n            where c.c_customer_sk = cs_ship_customer_sk and\n                  cs_sold_date_sk = d_date_sk and\n                  d_year = 2004 and\n                  d_moy between 4 and 4+2))\n group by cd_gender,\n          cd_marital_status,\n          cd_education_status,\n          cd_purchase_estimate,\n          cd_credit_rating\n order by cd_gender,\n          cd_marital_status,\n          cd_education_status,\n          cd_purchase_estimate,\n          cd_credit_rating\n limit 100;\n\n-- end query 51 in stream 4 using template query69.tpl\n",
    "indexes": "customer_demographics.cd_education_status",
    "wo plan est": {
      "Node Type": "Limit",
      "Parallel Aware": false,
      "Async Capable": false,
      "Startup Cost": 747667.94,
      "Total Cost": 838660.28,
      "Plan Rows": 100,
      "Plan Width": 64,
      "Plans": [
        {
          "Node Type": "Aggregate",
          "Strategy": "Sorted",
          "Partial Mode": "Simple",
          "Parent Relationship": "Outer",
          "Parallel Aware": false,
          "Async Capable": false,
          "Startup Cost": 747667.94,
          "Total Cost": 2235392.72,
          "Plan Rows": 1635,
          "Plan Width": 64,
          "Group Key": [
            "customer_demographics.cd_gender",
            "customer_demographics.cd_marital_status",
            "customer_demographics.cd_education_status",
            "customer_demographics.cd_purchase_estimate",
            "customer_demographics.cd_credit_rating"
          ],
          "Plans": [
            {
              "Node Type": "Nested Loop",
              "Parent Relationship": "Outer",
              "Parallel Aware": false,
              "Async Capable": false,
              "Join Type": "Anti",
              "Startup Cost": 747667.94,
              "Total Cost": 2235351.85,
              "Plan Rows": 1635,
              "Plan Width": 40,
              "Inner Unique": false,
              "Join Filter": "(c.c_customer_sk = catalog_sales.cs_ship_customer_sk)",
              "Plans": [
                {
                  "Node Type": "Nested Loop",
                  "Parent Relationship": "Outer",
                  "Parallel Aware": false,
                  "Async Capable": false,
                  "Join Type": "Anti",
                  "Startup Cost": 744983.45,
                  "Total Cost": 1207187.45,
                  "Plan Rows": 1695,
                  "Plan Width": 44,
                  "Inner Unique": false,
                  "Join Filter": "(c.c_customer_sk = web_sales.ws_bill_customer_sk)",
                  "Plans": [
                    {
                      "Node Type": "Gather Merge",
                      "Parent Relationship": "Outer",
                      "Parallel Aware": false,
                      "Async Capable": false,
                      "Startup Cost": 741825.8,
                      "Total Cost": 742026.82,
                      "Plan Rows": 1726,
                      "Plan Width": 44,
                      "Workers Planned": 2,
                      "Plans": [
                        {
                          "Node Type": "Sort",
                          "Parent Relationship": "Outer",
                          "Parallel Aware": false,
                          "Async Capable": false,
                          "Startup Cost": 740825.77,
                          "Total Cost": 740827.57,
                          "Plan Rows": 719,
                          "Plan Width": 44,
                          "Sort Key": [
                            "customer_demographics.cd_gender",
                            "customer_demographics.cd_marital_status",
                            "customer_demographics.cd_education_status",
                            "customer_demographics.cd_purchase_estimate",
                            "customer_demographics.cd_credit_rating"
                          ],
                          "Plans": [
                            {
                              "Node Type": "Hash Join",
                              "Parent Relationship": "Outer",
                              "Parallel Aware": true,
                              "Async Capable": false,
                              "Join Type": "Inner",
                              "Startup Cost": 707956.07,
                              "Total Cost": 740791.66,
                              "Plan Rows": 719,
                              "Plan Width": 44,
                              "Inner Unique": false,
                              "Hash Cond": "(customer_demographics.cd_demo_sk = c.c_current_cdemo_sk)",
                              "Plans": [
                                {
                                  "Node Type": "Seq Scan",
                                  "Parent Relationship": "Outer",
                                  "Parallel Aware": true,
                                  "Async Capable": false,
                                  "Relation Name": "customer_demographics",
                                  "Alias": "customer_demographics",
                                  "Startup Cost": 0.0,
                                  "Total Cost": 29831.33,
                                  "Plan Rows": 800333,
                                  "Plan Width": 44,
                                  "parent": 6,
                                  "ID": 7
                                },
                                {
                                  "Node Type": "Hash",
                                  "Parent Relationship": "Inner",
                                  "Parallel Aware": true,
                                  "Async Capable": false,
                                  "Startup Cost": 707946.76,
                                  "Total Cost": 707946.76,
                                  "Plan Rows": 745,
                                  "Plan Width": 8,
                                  "Plans": [
                                    {
                                      "Node Type": "Hash Join",
                                      "Parent Relationship": "Outer",
                                      "Parallel Aware": true,
                                      "Async Capable": false,
                                      "Join Type": "Inner",
                                      "Startup Cost": 691275.92,
                                      "Total Cost": 707946.76,
                                      "Plan Rows": 745,
                                      "Plan Width": 8,
                                      "Inner Unique": false,
                                      "Hash Cond": "(c.c_current_addr_sk = ca.ca_address_sk)",
                                      "Plans": [
                                        {
                                          "Node Type": "Hash Join",
                                          "Parent Relationship": "Outer",
                                          "Parallel Aware": true,
                                          "Async Capable": false,
                                          "Join Type": "Semi",
                                          "Startup Cost": 684337.4,
                                          "Total Cost": 700954.09,
                                          "Plan Rows": 13615,
                                          "Plan Width": 12,
                                          "Inner Unique": false,
                                          "Hash Cond": "(c.c_customer_sk = store_sales.ss_customer_sk)",
                                          "Plans": [
                                            {
                                              "Node Type": "Seq Scan",
                                              "Parent Relationship": "Outer",
                                              "Parallel Aware": true,
                                              "Async Capable": false,
                                              "Relation Name": "customer",
                                              "Alias": "c",
                                              "Startup Cost": 0.0,
                                              "Total Cost": 15918.33,
                                              "Plan Rows": 208333,
                                              "Plan Width": 12,
                                              "parent": 10,
                                              "ID": 11
                                            },
                                            {
                                              "Node Type": "Hash",
                                              "Parent Relationship": "Inner",
                                              "Parallel Aware": true,
                                              "Async Capable": false,
                                              "Startup Cost": 684159.07,
                                              "Total Cost": 684159.07,
                                              "Plan Rows": 14267,
                                              "Plan Width": 4,
                                              "Plans": [
                                                {
                                                  "Node Type": "Hash Join",
                                                  "Parent Relationship": "Outer",
                                                  "Parallel Aware": true,
                                                  "Async Capable": false,
                                                  "Join Type": "Inner",
                                                  "Startup Cost": 2157.65,
                                                  "Total Cost": 684159.07,
                                                  "Plan Rows": 14267,
                                                  "Plan Width": 4,
                                                  "Inner Unique": false,
                                                  "Hash Cond": "(store_sales.ss_sold_date_sk = date_dim.d_date_sk)",
                                                  "Plans": [
                                                    {
                                                      "Node Type": "Seq Scan",
                                                      "Parent Relationship": "Outer",
                                                      "Parallel Aware": true,
                                                      "Async Capable": false,
                                                      "Relation Name": "store_sales",
                                                      "Alias": "store_sales",
                                                      "Startup Cost": 0.0,
                                                      "Total Cost": 636914.37,
                                                      "Plan Rows": 12000637,
                                                      "Plan Width": 8,
                                                      "parent": 13,
                                                      "ID": 14
                                                    },
                                                    {
                                                      "Node Type": "Hash",
                                                      "Parent Relationship": "Inner",
                                                      "Parallel Aware": true,
                                                      "Async Capable": false,
                                                      "Startup Cost": 2156.97,
                                                      "Total Cost": 2156.97,
                                                      "Plan Rows": 54,
                                                      "Plan Width": 4,
                                                      "Plans": [
                                                        {
                                                          "Node Type": "Seq Scan",
                                                          "Parent Relationship": "Outer",
                                                          "Parallel Aware": true,
                                                          "Async Capable": false,
                                                          "Relation Name": "date_dim",
                                                          "Alias": "date_dim",
                                                          "Startup Cost": 0.0,
                                                          "Total Cost": 2156.97,
                                                          "Plan Rows": 54,
                                                          "Plan Width": 4,
                                                          "Filter": "((d_moy >= 4) AND (d_moy <= 6) AND (d_year = 2004))",
                                                          "parent": 15,
                                                          "ID": 16
                                                        }
                                                      ],
                                                      "parent": 13,
                                                      "ID": 15,
                                                      "left": 16
                                                    }
                                                  ],
                                                  "parent": 12,
                                                  "ID": 13,
                                                  "left": 14,
                                                  "right": 15
                                                }
                                              ],
                                              "parent": 10,
                                              "ID": 12,
                                              "left": 13
                                            }
                                          ],
                                          "parent": 9,
                                          "ID": 10,
                                          "left": 11,
                                          "right": 12
                                        },
                                        {
                                          "Node Type": "Hash",
                                          "Parent Relationship": "Inner",
                                          "Parallel Aware": true,
                                          "Async Capable": false,
                                          "Startup Cost": 6867.29,
                                          "Total Cost": 6867.29,
                                          "Plan Rows": 5698,
                                          "Plan Width": 4,
                                          "Plans": [
                                            {
                                              "Node Type": "Seq Scan",
                                              "Parent Relationship": "Outer",
                                              "Parallel Aware": true,
                                              "Async Capable": false,
                                              "Relation Name": "customer_address",
                                              "Alias": "ca",
                                              "Startup Cost": 0.0,
                                              "Total Cost": 6867.29,
                                              "Plan Rows": 5698,
                                              "Plan Width": 4,
                                              "Filter": "(ca_state = ANY ('{IN,UT,WV}'::bpchar[]))",
                                              "parent": 17,
                                              "ID": 18
                                            }
                                          ],
                                          "parent": 9,
                                          "ID": 17,
                                          "left": 18
                                        }
                                      ],
                                      "parent": 8,
                                      "ID": 9,
                                      "left": 10,
                                      "right": 17
                                    }
                                  ],
                                  "parent": 6,
                                  "ID": 8,
                                  "left": 9
                                }
                              ],
                              "parent": 5,
                              "ID": 6,
                              "left": 7,
                              "right": 8
                            }
                          ],
                          "parent": 4,
                          "ID": 5,
                          "left": 6
                        }
                      ],
                      "parent": 3,
                      "ID": 4,
                      "left": 5
                    },
                    {
                      "Node Type": "Materialize",
                      "Parent Relationship": "Inner",
                      "Parallel Aware": false,
                      "Async Capable": false,
                      "Startup Cost": 3157.65,
                      "Total Cost": 233105.09,
                      "Plan Rows": 8964,
                      "Plan Width": 4,
                      "Plans": [
                        {
                          "Node Type": "Gather",
                          "Parent Relationship": "Outer",
                          "Parallel Aware": false,
                          "Async Capable": false,
                          "Startup Cost": 3157.65,
                          "Total Cost": 233060.27,
                          "Plan Rows": 8964,
                          "Plan Width": 4,
                          "Workers Planned": 2,
                          "Single Copy": false,
                          "Plans": [
                            {
                              "Node Type": "Hash Join",
                              "Parent Relationship": "Outer",
                              "Parallel Aware": true,
                              "Async Capable": false,
                              "Join Type": "Inner",
                              "Startup Cost": 2157.65,
                              "Total Cost": 231163.87,
                              "Plan Rows": 3735,
                              "Plan Width": 4,
                              "Inner Unique": false,
                              "Hash Cond": "(web_sales.ws_sold_date_sk = date_dim_1.d_date_sk)",
                              "Plans": [
                                {
                                  "Node Type": "Seq Scan",
                                  "Parent Relationship": "Outer",
                                  "Parallel Aware": true,
                                  "Async Capable": false,
                                  "Relation Name": "web_sales",
                                  "Alias": "web_sales",
                                  "Startup Cost": 0.0,
                                  "Total Cost": 217737.86,
                                  "Plan Rows": 2998986,
                                  "Plan Width": 8,
                                  "parent": 21,
                                  "ID": 22
                                },
                                {
                                  "Node Type": "Hash",
                                  "Parent Relationship": "Inner",
                                  "Parallel Aware": true,
                                  "Async Capable": false,
                                  "Startup Cost": 2156.97,
                                  "Total Cost": 2156.97,
                                  "Plan Rows": 54,
                                  "Plan Width": 4,
                                  "Plans": [
                                    {
                                      "Node Type": "Seq Scan",
                                      "Parent Relationship": "Outer",
                                      "Parallel Aware": true,
                                      "Async Capable": false,
                                      "Relation Name": "date_dim",
                                      "Alias": "date_dim_1",
                                      "Startup Cost": 0.0,
                                      "Total Cost": 2156.97,
                                      "Plan Rows": 54,
                                      "Plan Width": 4,
                                      "Filter": "((d_moy >= 4) AND (d_moy <= 6) AND (d_year = 2004))",
                                      "parent": 23,
                                      "ID": 24
                                    }
                                  ],
                                  "parent": 21,
                                  "ID": 23,
                                  "left": 24
                                }
                              ],
                              "parent": 20,
                              "ID": 21,
                              "left": 22,
                              "right": 23
                            }
                          ],
                          "parent": 19,
                          "ID": 20,
                          "left": 21
                        }
                      ],
                      "parent": 3,
                      "ID": 19,
                      "left": 20
                    }
                  ],
                  "parent": 2,
                  "ID": 3,
                  "left": 4,
                  "right": 19
                },
                {
                  "Node Type": "Materialize",
                  "Parent Relationship": "Inner",
                  "Parallel Aware": false,
                  "Async Capable": false,
                  "Startup Cost": 2684.49,
                  "Total Cost": 574652.42,
                  "Plan Rows": 17839,
                  "Plan Width": 4,
                  "Plans": [
                    {
                      "Node Type": "Hash Join",
                      "Parent Relationship": "Outer",
                      "Parallel Aware": false,
                      "Async Capable": false,
                      "Join Type": "Inner",
                      "Startup Cost": 2684.49,
                      "Total Cost": 574563.22,
                      "Plan Rows": 17839,
                      "Plan Width": 4,
                      "Inner Unique": false,
                      "Hash Cond": "(catalog_sales.cs_sold_date_sk = date_dim_2.d_date_sk)",
                      "Plans": [
                        {
                          "Node Type": "Seq Scan",
                          "Parent Relationship": "Outer",
                          "Parallel Aware": false,
                          "Async Capable": false,
                          "Relation Name": "catalog_sales",
                          "Alias": "catalog_sales",
                          "Startup Cost": 0.0,
                          "Total Cost": 517695.61,
                          "Plan Rows": 14401261,
                          "Plan Width": 8,
                          "parent": 26,
                          "ID": 27
                        },
                        {
                          "Node Type": "Hash",
                          "Parent Relationship": "Inner",
                          "Parallel Aware": false,
                          "Async Capable": false,
                          "Startup Cost": 2683.36,
                          "Total Cost": 2683.36,
                          "Plan Rows": 91,
                          "Plan Width": 4,
                          "Plans": [
                            {
                              "Node Type": "Seq Scan",
                              "Parent Relationship": "Outer",
                              "Parallel Aware": false,
                              "Async Capable": false,
                              "Relation Name": "date_dim",
                              "Alias": "date_dim_2",
                              "Startup Cost": 0.0,
                              "Total Cost": 2683.36,
                              "Plan Rows": 91,
                              "Plan Width": 4,
                              "Filter": "((d_moy >= 4) AND (d_moy <= 6) AND (d_year = 2004))",
                              "parent": 28,
                              "ID": 29
                            }
                          ],
                          "parent": 26,
                          "ID": 28,
                          "left": 29
                        }
                      ],
                      "parent": 25,
                      "ID": 26,
                      "left": 27,
                      "right": 28
                    }
                  ],
                  "parent": 2,
                  "ID": 25,
                  "left": 26
                }
              ],
              "parent": 1,
              "ID": 2,
              "left": 3,
              "right": 25
            }
          ],
          "parent": 0,
          "ID": 1,
          "left": 2
        }
      ],
      "parent": null,
      "ID": 0,
      "left": 1
    },
    "feat": {
      "utility": 0.0,
      "query_shape": [
        [
          "Seq Scan",
          "Hash Join",
          "Sort",
          "Gather Merge",
          "Nested Loop",
          "Aggregate"
        ],
        [
          "Seq Scan",
          "Hash Join",
          "Hash",
          "Sort",
          "Gather Merge",
          "Nested Loop",
          "Aggregate"
        ],
        [
          "Seq Scan",
          "Hash Join",
          "Hash",
          "Sort",
          "Gather Merge",
          "Nested Loop",
          "Aggregate"
        ],
        [
          "Seq Scan",
          "Hash",
          "Hash Join",
          "Sort",
          "Gather Merge",
          "Nested Loop",
          "Aggregate"
        ],
        [
          "Seq Scan",
          "Hash",
          "Hash Join",
          "Sort",
          "Gather Merge",
          "Nested Loop",
          "Aggregate"
        ],
        [
          "Seq Scan",
          "Hash Join",
          "Gather",
          "Materialize",
          "Nested Loop",
          "Aggregate"
        ],
        [
          "Seq Scan",
          "Hash",
          "Hash Join",
          "Gather",
          "Materialize",
          "Nested Loop",
          "Aggregate"
        ],
        [
          "Seq Scan",
          "Hash Join",
          "Materialize",
          "Nested Loop",
          "Aggregate"
        ],
        [
          "Seq Scan",
          "Hash",
          "Hash Join",
          "Materialize",
          "Nested Loop",
          "Aggregate"
        ]
      ],
      "index_shape": [
        "order-by"
      ],
      "physical_operator": {
        "Sort": [
          "[0. 0. 0. 0. 0. 0. 0. 0. 0. 0. 0. 0. 0. 0. 0. 0. 0. 0. 0. 0. 0. 0. 0. 0.\n 0. 0. 0. 0. 0. 0. 0. 0. 0. 0. 0. 0. 0. 0. 0. 0. 0. 0. 0. 0. 0. 0. 0. 0.\n 0. 0. 0.]"
        ],
        "Aggregate": [
          "[0. 0. 0. 0. 0. 0. 0. 0. 0. 0. 0. 0. 0. 0. 0. 0. 0. 0. 0. 0. 0. 0. 0. 0.\n 0. 0. 0. 0. 0. 0. 0. 0. 0. 0. 0. 0. 0. 0. 0. 0. 0. 0. 0. 0. 0. 0. 0. 0.\n 0. 0. 0.]"
        ]
      }
    }
  },
  {
    "query": "select  \n  cd_gender,\n  cd_marital_status,\n  cd_education_status,\n  count(*) cnt1,\n  cd_purchase_estimate,\n  count(*) cnt2,\n  cd_credit_rating,\n  count(*) cnt3\n from\n  customer c,customer_address ca,customer_demographics\n where\n  c.c_current_addr_sk = ca.ca_address_sk and\n  ca_state in ('IN','UT','WV') and\n  cd_demo_sk = c.c_current_cdemo_sk and \n  exists (select *\n          from store_sales,date_dim\n          where c.c_customer_sk = ss_customer_sk and\n                ss_sold_date_sk = d_date_sk and\n                d_year = 2004 and\n                d_moy between 4 and 4+2) and\n   (not exists (select *\n            from web_sales,date_dim\n            where c.c_customer_sk = ws_bill_customer_sk and\n                  ws_sold_date_sk = d_date_sk and\n                  d_year = 2004 and\n                  d_moy between 4 and 4+2) and\n    not exists (select * \n            from catalog_sales,date_dim\n            where c.c_customer_sk = cs_ship_customer_sk and\n                  cs_sold_date_sk = d_date_sk and\n                  d_year = 2004 and\n                  d_moy between 4 and 4+2))\n group by cd_gender,\n          cd_marital_status,\n          cd_education_status,\n          cd_purchase_estimate,\n          cd_credit_rating\n order by cd_gender,\n          cd_marital_status,\n          cd_education_status,\n          cd_purchase_estimate,\n          cd_credit_rating\n limit 100;\n\n-- end query 51 in stream 4 using template query69.tpl\n",
    "indexes": "customer_demographics.cd_credit_rating",
    "wo plan est": {
      "Node Type": "Limit",
      "Parallel Aware": false,
      "Async Capable": false,
      "Startup Cost": 747667.94,
      "Total Cost": 838660.28,
      "Plan Rows": 100,
      "Plan Width": 64,
      "Plans": [
        {
          "Node Type": "Aggregate",
          "Strategy": "Sorted",
          "Partial Mode": "Simple",
          "Parent Relationship": "Outer",
          "Parallel Aware": false,
          "Async Capable": false,
          "Startup Cost": 747667.94,
          "Total Cost": 2235392.72,
          "Plan Rows": 1635,
          "Plan Width": 64,
          "Group Key": [
            "customer_demographics.cd_gender",
            "customer_demographics.cd_marital_status",
            "customer_demographics.cd_education_status",
            "customer_demographics.cd_purchase_estimate",
            "customer_demographics.cd_credit_rating"
          ],
          "Plans": [
            {
              "Node Type": "Nested Loop",
              "Parent Relationship": "Outer",
              "Parallel Aware": false,
              "Async Capable": false,
              "Join Type": "Anti",
              "Startup Cost": 747667.94,
              "Total Cost": 2235351.85,
              "Plan Rows": 1635,
              "Plan Width": 40,
              "Inner Unique": false,
              "Join Filter": "(c.c_customer_sk = catalog_sales.cs_ship_customer_sk)",
              "Plans": [
                {
                  "Node Type": "Nested Loop",
                  "Parent Relationship": "Outer",
                  "Parallel Aware": false,
                  "Async Capable": false,
                  "Join Type": "Anti",
                  "Startup Cost": 744983.45,
                  "Total Cost": 1207187.45,
                  "Plan Rows": 1695,
                  "Plan Width": 44,
                  "Inner Unique": false,
                  "Join Filter": "(c.c_customer_sk = web_sales.ws_bill_customer_sk)",
                  "Plans": [
                    {
                      "Node Type": "Gather Merge",
                      "Parent Relationship": "Outer",
                      "Parallel Aware": false,
                      "Async Capable": false,
                      "Startup Cost": 741825.8,
                      "Total Cost": 742026.82,
                      "Plan Rows": 1726,
                      "Plan Width": 44,
                      "Workers Planned": 2,
                      "Plans": [
                        {
                          "Node Type": "Sort",
                          "Parent Relationship": "Outer",
                          "Parallel Aware": false,
                          "Async Capable": false,
                          "Startup Cost": 740825.77,
                          "Total Cost": 740827.57,
                          "Plan Rows": 719,
                          "Plan Width": 44,
                          "Sort Key": [
                            "customer_demographics.cd_gender",
                            "customer_demographics.cd_marital_status",
                            "customer_demographics.cd_education_status",
                            "customer_demographics.cd_purchase_estimate",
                            "customer_demographics.cd_credit_rating"
                          ],
                          "Plans": [
                            {
                              "Node Type": "Hash Join",
                              "Parent Relationship": "Outer",
                              "Parallel Aware": true,
                              "Async Capable": false,
                              "Join Type": "Inner",
                              "Startup Cost": 707956.07,
                              "Total Cost": 740791.66,
                              "Plan Rows": 719,
                              "Plan Width": 44,
                              "Inner Unique": false,
                              "Hash Cond": "(customer_demographics.cd_demo_sk = c.c_current_cdemo_sk)",
                              "Plans": [
                                {
                                  "Node Type": "Seq Scan",
                                  "Parent Relationship": "Outer",
                                  "Parallel Aware": true,
                                  "Async Capable": false,
                                  "Relation Name": "customer_demographics",
                                  "Alias": "customer_demographics",
                                  "Startup Cost": 0.0,
                                  "Total Cost": 29831.33,
                                  "Plan Rows": 800333,
                                  "Plan Width": 44,
                                  "parent": 6,
                                  "ID": 7
                                },
                                {
                                  "Node Type": "Hash",
                                  "Parent Relationship": "Inner",
                                  "Parallel Aware": true,
                                  "Async Capable": false,
                                  "Startup Cost": 707946.76,
                                  "Total Cost": 707946.76,
                                  "Plan Rows": 745,
                                  "Plan Width": 8,
                                  "Plans": [
                                    {
                                      "Node Type": "Hash Join",
                                      "Parent Relationship": "Outer",
                                      "Parallel Aware": true,
                                      "Async Capable": false,
                                      "Join Type": "Inner",
                                      "Startup Cost": 691275.92,
                                      "Total Cost": 707946.76,
                                      "Plan Rows": 745,
                                      "Plan Width": 8,
                                      "Inner Unique": false,
                                      "Hash Cond": "(c.c_current_addr_sk = ca.ca_address_sk)",
                                      "Plans": [
                                        {
                                          "Node Type": "Hash Join",
                                          "Parent Relationship": "Outer",
                                          "Parallel Aware": true,
                                          "Async Capable": false,
                                          "Join Type": "Semi",
                                          "Startup Cost": 684337.4,
                                          "Total Cost": 700954.09,
                                          "Plan Rows": 13615,
                                          "Plan Width": 12,
                                          "Inner Unique": false,
                                          "Hash Cond": "(c.c_customer_sk = store_sales.ss_customer_sk)",
                                          "Plans": [
                                            {
                                              "Node Type": "Seq Scan",
                                              "Parent Relationship": "Outer",
                                              "Parallel Aware": true,
                                              "Async Capable": false,
                                              "Relation Name": "customer",
                                              "Alias": "c",
                                              "Startup Cost": 0.0,
                                              "Total Cost": 15918.33,
                                              "Plan Rows": 208333,
                                              "Plan Width": 12,
                                              "parent": 10,
                                              "ID": 11
                                            },
                                            {
                                              "Node Type": "Hash",
                                              "Parent Relationship": "Inner",
                                              "Parallel Aware": true,
                                              "Async Capable": false,
                                              "Startup Cost": 684159.07,
                                              "Total Cost": 684159.07,
                                              "Plan Rows": 14267,
                                              "Plan Width": 4,
                                              "Plans": [
                                                {
                                                  "Node Type": "Hash Join",
                                                  "Parent Relationship": "Outer",
                                                  "Parallel Aware": true,
                                                  "Async Capable": false,
                                                  "Join Type": "Inner",
                                                  "Startup Cost": 2157.65,
                                                  "Total Cost": 684159.07,
                                                  "Plan Rows": 14267,
                                                  "Plan Width": 4,
                                                  "Inner Unique": false,
                                                  "Hash Cond": "(store_sales.ss_sold_date_sk = date_dim.d_date_sk)",
                                                  "Plans": [
                                                    {
                                                      "Node Type": "Seq Scan",
                                                      "Parent Relationship": "Outer",
                                                      "Parallel Aware": true,
                                                      "Async Capable": false,
                                                      "Relation Name": "store_sales",
                                                      "Alias": "store_sales",
                                                      "Startup Cost": 0.0,
                                                      "Total Cost": 636914.37,
                                                      "Plan Rows": 12000637,
                                                      "Plan Width": 8,
                                                      "parent": 13,
                                                      "ID": 14
                                                    },
                                                    {
                                                      "Node Type": "Hash",
                                                      "Parent Relationship": "Inner",
                                                      "Parallel Aware": true,
                                                      "Async Capable": false,
                                                      "Startup Cost": 2156.97,
                                                      "Total Cost": 2156.97,
                                                      "Plan Rows": 54,
                                                      "Plan Width": 4,
                                                      "Plans": [
                                                        {
                                                          "Node Type": "Seq Scan",
                                                          "Parent Relationship": "Outer",
                                                          "Parallel Aware": true,
                                                          "Async Capable": false,
                                                          "Relation Name": "date_dim",
                                                          "Alias": "date_dim",
                                                          "Startup Cost": 0.0,
                                                          "Total Cost": 2156.97,
                                                          "Plan Rows": 54,
                                                          "Plan Width": 4,
                                                          "Filter": "((d_moy >= 4) AND (d_moy <= 6) AND (d_year = 2004))",
                                                          "parent": 15,
                                                          "ID": 16
                                                        }
                                                      ],
                                                      "parent": 13,
                                                      "ID": 15,
                                                      "left": 16
                                                    }
                                                  ],
                                                  "parent": 12,
                                                  "ID": 13,
                                                  "left": 14,
                                                  "right": 15
                                                }
                                              ],
                                              "parent": 10,
                                              "ID": 12,
                                              "left": 13
                                            }
                                          ],
                                          "parent": 9,
                                          "ID": 10,
                                          "left": 11,
                                          "right": 12
                                        },
                                        {
                                          "Node Type": "Hash",
                                          "Parent Relationship": "Inner",
                                          "Parallel Aware": true,
                                          "Async Capable": false,
                                          "Startup Cost": 6867.29,
                                          "Total Cost": 6867.29,
                                          "Plan Rows": 5698,
                                          "Plan Width": 4,
                                          "Plans": [
                                            {
                                              "Node Type": "Seq Scan",
                                              "Parent Relationship": "Outer",
                                              "Parallel Aware": true,
                                              "Async Capable": false,
                                              "Relation Name": "customer_address",
                                              "Alias": "ca",
                                              "Startup Cost": 0.0,
                                              "Total Cost": 6867.29,
                                              "Plan Rows": 5698,
                                              "Plan Width": 4,
                                              "Filter": "(ca_state = ANY ('{IN,UT,WV}'::bpchar[]))",
                                              "parent": 17,
                                              "ID": 18
                                            }
                                          ],
                                          "parent": 9,
                                          "ID": 17,
                                          "left": 18
                                        }
                                      ],
                                      "parent": 8,
                                      "ID": 9,
                                      "left": 10,
                                      "right": 17
                                    }
                                  ],
                                  "parent": 6,
                                  "ID": 8,
                                  "left": 9
                                }
                              ],
                              "parent": 5,
                              "ID": 6,
                              "left": 7,
                              "right": 8
                            }
                          ],
                          "parent": 4,
                          "ID": 5,
                          "left": 6
                        }
                      ],
                      "parent": 3,
                      "ID": 4,
                      "left": 5
                    },
                    {
                      "Node Type": "Materialize",
                      "Parent Relationship": "Inner",
                      "Parallel Aware": false,
                      "Async Capable": false,
                      "Startup Cost": 3157.65,
                      "Total Cost": 233105.09,
                      "Plan Rows": 8964,
                      "Plan Width": 4,
                      "Plans": [
                        {
                          "Node Type": "Gather",
                          "Parent Relationship": "Outer",
                          "Parallel Aware": false,
                          "Async Capable": false,
                          "Startup Cost": 3157.65,
                          "Total Cost": 233060.27,
                          "Plan Rows": 8964,
                          "Plan Width": 4,
                          "Workers Planned": 2,
                          "Single Copy": false,
                          "Plans": [
                            {
                              "Node Type": "Hash Join",
                              "Parent Relationship": "Outer",
                              "Parallel Aware": true,
                              "Async Capable": false,
                              "Join Type": "Inner",
                              "Startup Cost": 2157.65,
                              "Total Cost": 231163.87,
                              "Plan Rows": 3735,
                              "Plan Width": 4,
                              "Inner Unique": false,
                              "Hash Cond": "(web_sales.ws_sold_date_sk = date_dim_1.d_date_sk)",
                              "Plans": [
                                {
                                  "Node Type": "Seq Scan",
                                  "Parent Relationship": "Outer",
                                  "Parallel Aware": true,
                                  "Async Capable": false,
                                  "Relation Name": "web_sales",
                                  "Alias": "web_sales",
                                  "Startup Cost": 0.0,
                                  "Total Cost": 217737.86,
                                  "Plan Rows": 2998986,
                                  "Plan Width": 8,
                                  "parent": 21,
                                  "ID": 22
                                },
                                {
                                  "Node Type": "Hash",
                                  "Parent Relationship": "Inner",
                                  "Parallel Aware": true,
                                  "Async Capable": false,
                                  "Startup Cost": 2156.97,
                                  "Total Cost": 2156.97,
                                  "Plan Rows": 54,
                                  "Plan Width": 4,
                                  "Plans": [
                                    {
                                      "Node Type": "Seq Scan",
                                      "Parent Relationship": "Outer",
                                      "Parallel Aware": true,
                                      "Async Capable": false,
                                      "Relation Name": "date_dim",
                                      "Alias": "date_dim_1",
                                      "Startup Cost": 0.0,
                                      "Total Cost": 2156.97,
                                      "Plan Rows": 54,
                                      "Plan Width": 4,
                                      "Filter": "((d_moy >= 4) AND (d_moy <= 6) AND (d_year = 2004))",
                                      "parent": 23,
                                      "ID": 24
                                    }
                                  ],
                                  "parent": 21,
                                  "ID": 23,
                                  "left": 24
                                }
                              ],
                              "parent": 20,
                              "ID": 21,
                              "left": 22,
                              "right": 23
                            }
                          ],
                          "parent": 19,
                          "ID": 20,
                          "left": 21
                        }
                      ],
                      "parent": 3,
                      "ID": 19,
                      "left": 20
                    }
                  ],
                  "parent": 2,
                  "ID": 3,
                  "left": 4,
                  "right": 19
                },
                {
                  "Node Type": "Materialize",
                  "Parent Relationship": "Inner",
                  "Parallel Aware": false,
                  "Async Capable": false,
                  "Startup Cost": 2684.49,
                  "Total Cost": 574652.42,
                  "Plan Rows": 17839,
                  "Plan Width": 4,
                  "Plans": [
                    {
                      "Node Type": "Hash Join",
                      "Parent Relationship": "Outer",
                      "Parallel Aware": false,
                      "Async Capable": false,
                      "Join Type": "Inner",
                      "Startup Cost": 2684.49,
                      "Total Cost": 574563.22,
                      "Plan Rows": 17839,
                      "Plan Width": 4,
                      "Inner Unique": false,
                      "Hash Cond": "(catalog_sales.cs_sold_date_sk = date_dim_2.d_date_sk)",
                      "Plans": [
                        {
                          "Node Type": "Seq Scan",
                          "Parent Relationship": "Outer",
                          "Parallel Aware": false,
                          "Async Capable": false,
                          "Relation Name": "catalog_sales",
                          "Alias": "catalog_sales",
                          "Startup Cost": 0.0,
                          "Total Cost": 517695.61,
                          "Plan Rows": 14401261,
                          "Plan Width": 8,
                          "parent": 26,
                          "ID": 27
                        },
                        {
                          "Node Type": "Hash",
                          "Parent Relationship": "Inner",
                          "Parallel Aware": false,
                          "Async Capable": false,
                          "Startup Cost": 2683.36,
                          "Total Cost": 2683.36,
                          "Plan Rows": 91,
                          "Plan Width": 4,
                          "Plans": [
                            {
                              "Node Type": "Seq Scan",
                              "Parent Relationship": "Outer",
                              "Parallel Aware": false,
                              "Async Capable": false,
                              "Relation Name": "date_dim",
                              "Alias": "date_dim_2",
                              "Startup Cost": 0.0,
                              "Total Cost": 2683.36,
                              "Plan Rows": 91,
                              "Plan Width": 4,
                              "Filter": "((d_moy >= 4) AND (d_moy <= 6) AND (d_year = 2004))",
                              "parent": 28,
                              "ID": 29
                            }
                          ],
                          "parent": 26,
                          "ID": 28,
                          "left": 29
                        }
                      ],
                      "parent": 25,
                      "ID": 26,
                      "left": 27,
                      "right": 28
                    }
                  ],
                  "parent": 2,
                  "ID": 25,
                  "left": 26
                }
              ],
              "parent": 1,
              "ID": 2,
              "left": 3,
              "right": 25
            }
          ],
          "parent": 0,
          "ID": 1,
          "left": 2
        }
      ],
      "parent": null,
      "ID": 0,
      "left": 1
    },
    "feat": {
      "utility": 0.0,
      "query_shape": [
        [
          "Seq Scan",
          "Hash Join",
          "Sort",
          "Gather Merge",
          "Nested Loop",
          "Aggregate"
        ],
        [
          "Seq Scan",
          "Hash Join",
          "Hash",
          "Sort",
          "Gather Merge",
          "Nested Loop",
          "Aggregate"
        ],
        [
          "Seq Scan",
          "Hash Join",
          "Hash",
          "Sort",
          "Gather Merge",
          "Nested Loop",
          "Aggregate"
        ],
        [
          "Seq Scan",
          "Hash",
          "Hash Join",
          "Sort",
          "Gather Merge",
          "Nested Loop",
          "Aggregate"
        ],
        [
          "Seq Scan",
          "Hash",
          "Hash Join",
          "Sort",
          "Gather Merge",
          "Nested Loop",
          "Aggregate"
        ],
        [
          "Seq Scan",
          "Hash Join",
          "Gather",
          "Materialize",
          "Nested Loop",
          "Aggregate"
        ],
        [
          "Seq Scan",
          "Hash",
          "Hash Join",
          "Gather",
          "Materialize",
          "Nested Loop",
          "Aggregate"
        ],
        [
          "Seq Scan",
          "Hash Join",
          "Materialize",
          "Nested Loop",
          "Aggregate"
        ],
        [
          "Seq Scan",
          "Hash",
          "Hash Join",
          "Materialize",
          "Nested Loop",
          "Aggregate"
        ]
      ],
      "index_shape": [
        "order-by"
      ],
      "physical_operator": {
        "Sort": [
          "[0. 0. 0. 0. 0. 0. 0. 0. 0. 0. 0. 0. 0. 0. 0. 0. 0. 0. 0. 0. 0. 0. 0. 0.\n 0. 0. 0. 0. 0. 0. 0. 0. 0. 0. 0. 0. 0. 0. 0. 0. 0. 0. 0. 0. 0. 0. 0. 0.\n 0. 0. 0.]"
        ],
        "Aggregate": [
          "[0. 0. 0. 0. 0. 0. 0. 0. 0. 0. 0. 0. 0. 0. 0. 0. 0. 0. 0. 0. 0. 0. 0. 0.\n 0. 0. 0. 0. 0. 0. 0. 0. 0. 0. 0. 0. 0. 0. 0. 0. 0. 0. 0. 0. 0. 0. 0. 0.\n 0. 0. 0.]"
        ]
      }
    }
  },
  {
    "query": "select  \n  cd_gender,\n  cd_marital_status,\n  cd_education_status,\n  count(*) cnt1,\n  cd_purchase_estimate,\n  count(*) cnt2,\n  cd_credit_rating,\n  count(*) cnt3\n from\n  customer c,customer_address ca,customer_demographics\n where\n  c.c_current_addr_sk = ca.ca_address_sk and\n  ca_state in ('IN','UT','WV') and\n  cd_demo_sk = c.c_current_cdemo_sk and \n  exists (select *\n          from store_sales,date_dim\n          where c.c_customer_sk = ss_customer_sk and\n                ss_sold_date_sk = d_date_sk and\n                d_year = 2004 and\n                d_moy between 4 and 4+2) and\n   (not exists (select *\n            from web_sales,date_dim\n            where c.c_customer_sk = ws_bill_customer_sk and\n                  ws_sold_date_sk = d_date_sk and\n                  d_year = 2004 and\n                  d_moy between 4 and 4+2) and\n    not exists (select * \n            from catalog_sales,date_dim\n            where c.c_customer_sk = cs_ship_customer_sk and\n                  cs_sold_date_sk = d_date_sk and\n                  d_year = 2004 and\n                  d_moy between 4 and 4+2))\n group by cd_gender,\n          cd_marital_status,\n          cd_education_status,\n          cd_purchase_estimate,\n          cd_credit_rating\n order by cd_gender,\n          cd_marital_status,\n          cd_education_status,\n          cd_purchase_estimate,\n          cd_credit_rating\n limit 100;\n\n-- end query 51 in stream 4 using template query69.tpl\n",
    "indexes": "date_dim.d_year",
    "wo plan est": {
      "Node Type": "Limit",
      "Parallel Aware": false,
      "Async Capable": false,
      "Startup Cost": 747667.94,
      "Total Cost": 838660.28,
      "Plan Rows": 100,
      "Plan Width": 64,
      "Plans": [
        {
          "Node Type": "Aggregate",
          "Strategy": "Sorted",
          "Partial Mode": "Simple",
          "Parent Relationship": "Outer",
          "Parallel Aware": false,
          "Async Capable": false,
          "Startup Cost": 747667.94,
          "Total Cost": 2235392.72,
          "Plan Rows": 1635,
          "Plan Width": 64,
          "Group Key": [
            "customer_demographics.cd_gender",
            "customer_demographics.cd_marital_status",
            "customer_demographics.cd_education_status",
            "customer_demographics.cd_purchase_estimate",
            "customer_demographics.cd_credit_rating"
          ],
          "Plans": [
            {
              "Node Type": "Nested Loop",
              "Parent Relationship": "Outer",
              "Parallel Aware": false,
              "Async Capable": false,
              "Join Type": "Anti",
              "Startup Cost": 747667.94,
              "Total Cost": 2235351.85,
              "Plan Rows": 1635,
              "Plan Width": 40,
              "Inner Unique": false,
              "Join Filter": "(c.c_customer_sk = catalog_sales.cs_ship_customer_sk)",
              "Plans": [
                {
                  "Node Type": "Nested Loop",
                  "Parent Relationship": "Outer",
                  "Parallel Aware": false,
                  "Async Capable": false,
                  "Join Type": "Anti",
                  "Startup Cost": 744983.45,
                  "Total Cost": 1207187.45,
                  "Plan Rows": 1695,
                  "Plan Width": 44,
                  "Inner Unique": false,
                  "Join Filter": "(c.c_customer_sk = web_sales.ws_bill_customer_sk)",
                  "Plans": [
                    {
                      "Node Type": "Gather Merge",
                      "Parent Relationship": "Outer",
                      "Parallel Aware": false,
                      "Async Capable": false,
                      "Startup Cost": 741825.8,
                      "Total Cost": 742026.82,
                      "Plan Rows": 1726,
                      "Plan Width": 44,
                      "Workers Planned": 2,
                      "Plans": [
                        {
                          "Node Type": "Sort",
                          "Parent Relationship": "Outer",
                          "Parallel Aware": false,
                          "Async Capable": false,
                          "Startup Cost": 740825.77,
                          "Total Cost": 740827.57,
                          "Plan Rows": 719,
                          "Plan Width": 44,
                          "Sort Key": [
                            "customer_demographics.cd_gender",
                            "customer_demographics.cd_marital_status",
                            "customer_demographics.cd_education_status",
                            "customer_demographics.cd_purchase_estimate",
                            "customer_demographics.cd_credit_rating"
                          ],
                          "Plans": [
                            {
                              "Node Type": "Hash Join",
                              "Parent Relationship": "Outer",
                              "Parallel Aware": true,
                              "Async Capable": false,
                              "Join Type": "Inner",
                              "Startup Cost": 707956.07,
                              "Total Cost": 740791.66,
                              "Plan Rows": 719,
                              "Plan Width": 44,
                              "Inner Unique": false,
                              "Hash Cond": "(customer_demographics.cd_demo_sk = c.c_current_cdemo_sk)",
                              "Plans": [
                                {
                                  "Node Type": "Seq Scan",
                                  "Parent Relationship": "Outer",
                                  "Parallel Aware": true,
                                  "Async Capable": false,
                                  "Relation Name": "customer_demographics",
                                  "Alias": "customer_demographics",
                                  "Startup Cost": 0.0,
                                  "Total Cost": 29831.33,
                                  "Plan Rows": 800333,
                                  "Plan Width": 44,
                                  "parent": 6,
                                  "ID": 7
                                },
                                {
                                  "Node Type": "Hash",
                                  "Parent Relationship": "Inner",
                                  "Parallel Aware": true,
                                  "Async Capable": false,
                                  "Startup Cost": 707946.76,
                                  "Total Cost": 707946.76,
                                  "Plan Rows": 745,
                                  "Plan Width": 8,
                                  "Plans": [
                                    {
                                      "Node Type": "Hash Join",
                                      "Parent Relationship": "Outer",
                                      "Parallel Aware": true,
                                      "Async Capable": false,
                                      "Join Type": "Inner",
                                      "Startup Cost": 691275.92,
                                      "Total Cost": 707946.76,
                                      "Plan Rows": 745,
                                      "Plan Width": 8,
                                      "Inner Unique": false,
                                      "Hash Cond": "(c.c_current_addr_sk = ca.ca_address_sk)",
                                      "Plans": [
                                        {
                                          "Node Type": "Hash Join",
                                          "Parent Relationship": "Outer",
                                          "Parallel Aware": true,
                                          "Async Capable": false,
                                          "Join Type": "Semi",
                                          "Startup Cost": 684337.4,
                                          "Total Cost": 700954.09,
                                          "Plan Rows": 13615,
                                          "Plan Width": 12,
                                          "Inner Unique": false,
                                          "Hash Cond": "(c.c_customer_sk = store_sales.ss_customer_sk)",
                                          "Plans": [
                                            {
                                              "Node Type": "Seq Scan",
                                              "Parent Relationship": "Outer",
                                              "Parallel Aware": true,
                                              "Async Capable": false,
                                              "Relation Name": "customer",
                                              "Alias": "c",
                                              "Startup Cost": 0.0,
                                              "Total Cost": 15918.33,
                                              "Plan Rows": 208333,
                                              "Plan Width": 12,
                                              "parent": 10,
                                              "ID": 11
                                            },
                                            {
                                              "Node Type": "Hash",
                                              "Parent Relationship": "Inner",
                                              "Parallel Aware": true,
                                              "Async Capable": false,
                                              "Startup Cost": 684159.07,
                                              "Total Cost": 684159.07,
                                              "Plan Rows": 14267,
                                              "Plan Width": 4,
                                              "Plans": [
                                                {
                                                  "Node Type": "Hash Join",
                                                  "Parent Relationship": "Outer",
                                                  "Parallel Aware": true,
                                                  "Async Capable": false,
                                                  "Join Type": "Inner",
                                                  "Startup Cost": 2157.65,
                                                  "Total Cost": 684159.07,
                                                  "Plan Rows": 14267,
                                                  "Plan Width": 4,
                                                  "Inner Unique": false,
                                                  "Hash Cond": "(store_sales.ss_sold_date_sk = date_dim.d_date_sk)",
                                                  "Plans": [
                                                    {
                                                      "Node Type": "Seq Scan",
                                                      "Parent Relationship": "Outer",
                                                      "Parallel Aware": true,
                                                      "Async Capable": false,
                                                      "Relation Name": "store_sales",
                                                      "Alias": "store_sales",
                                                      "Startup Cost": 0.0,
                                                      "Total Cost": 636914.37,
                                                      "Plan Rows": 12000637,
                                                      "Plan Width": 8,
                                                      "parent": 13,
                                                      "ID": 14
                                                    },
                                                    {
                                                      "Node Type": "Hash",
                                                      "Parent Relationship": "Inner",
                                                      "Parallel Aware": true,
                                                      "Async Capable": false,
                                                      "Startup Cost": 2156.97,
                                                      "Total Cost": 2156.97,
                                                      "Plan Rows": 54,
                                                      "Plan Width": 4,
                                                      "Plans": [
                                                        {
                                                          "Node Type": "Seq Scan",
                                                          "Parent Relationship": "Outer",
                                                          "Parallel Aware": true,
                                                          "Async Capable": false,
                                                          "Relation Name": "date_dim",
                                                          "Alias": "date_dim",
                                                          "Startup Cost": 0.0,
                                                          "Total Cost": 2156.97,
                                                          "Plan Rows": 54,
                                                          "Plan Width": 4,
                                                          "Filter": "((d_moy >= 4) AND (d_moy <= 6) AND (d_year = 2004))",
                                                          "parent": 15,
                                                          "ID": 16
                                                        }
                                                      ],
                                                      "parent": 13,
                                                      "ID": 15,
                                                      "left": 16
                                                    }
                                                  ],
                                                  "parent": 12,
                                                  "ID": 13,
                                                  "left": 14,
                                                  "right": 15
                                                }
                                              ],
                                              "parent": 10,
                                              "ID": 12,
                                              "left": 13
                                            }
                                          ],
                                          "parent": 9,
                                          "ID": 10,
                                          "left": 11,
                                          "right": 12
                                        },
                                        {
                                          "Node Type": "Hash",
                                          "Parent Relationship": "Inner",
                                          "Parallel Aware": true,
                                          "Async Capable": false,
                                          "Startup Cost": 6867.29,
                                          "Total Cost": 6867.29,
                                          "Plan Rows": 5698,
                                          "Plan Width": 4,
                                          "Plans": [
                                            {
                                              "Node Type": "Seq Scan",
                                              "Parent Relationship": "Outer",
                                              "Parallel Aware": true,
                                              "Async Capable": false,
                                              "Relation Name": "customer_address",
                                              "Alias": "ca",
                                              "Startup Cost": 0.0,
                                              "Total Cost": 6867.29,
                                              "Plan Rows": 5698,
                                              "Plan Width": 4,
                                              "Filter": "(ca_state = ANY ('{IN,UT,WV}'::bpchar[]))",
                                              "parent": 17,
                                              "ID": 18
                                            }
                                          ],
                                          "parent": 9,
                                          "ID": 17,
                                          "left": 18
                                        }
                                      ],
                                      "parent": 8,
                                      "ID": 9,
                                      "left": 10,
                                      "right": 17
                                    }
                                  ],
                                  "parent": 6,
                                  "ID": 8,
                                  "left": 9
                                }
                              ],
                              "parent": 5,
                              "ID": 6,
                              "left": 7,
                              "right": 8
                            }
                          ],
                          "parent": 4,
                          "ID": 5,
                          "left": 6
                        }
                      ],
                      "parent": 3,
                      "ID": 4,
                      "left": 5
                    },
                    {
                      "Node Type": "Materialize",
                      "Parent Relationship": "Inner",
                      "Parallel Aware": false,
                      "Async Capable": false,
                      "Startup Cost": 3157.65,
                      "Total Cost": 233105.09,
                      "Plan Rows": 8964,
                      "Plan Width": 4,
                      "Plans": [
                        {
                          "Node Type": "Gather",
                          "Parent Relationship": "Outer",
                          "Parallel Aware": false,
                          "Async Capable": false,
                          "Startup Cost": 3157.65,
                          "Total Cost": 233060.27,
                          "Plan Rows": 8964,
                          "Plan Width": 4,
                          "Workers Planned": 2,
                          "Single Copy": false,
                          "Plans": [
                            {
                              "Node Type": "Hash Join",
                              "Parent Relationship": "Outer",
                              "Parallel Aware": true,
                              "Async Capable": false,
                              "Join Type": "Inner",
                              "Startup Cost": 2157.65,
                              "Total Cost": 231163.87,
                              "Plan Rows": 3735,
                              "Plan Width": 4,
                              "Inner Unique": false,
                              "Hash Cond": "(web_sales.ws_sold_date_sk = date_dim_1.d_date_sk)",
                              "Plans": [
                                {
                                  "Node Type": "Seq Scan",
                                  "Parent Relationship": "Outer",
                                  "Parallel Aware": true,
                                  "Async Capable": false,
                                  "Relation Name": "web_sales",
                                  "Alias": "web_sales",
                                  "Startup Cost": 0.0,
                                  "Total Cost": 217737.86,
                                  "Plan Rows": 2998986,
                                  "Plan Width": 8,
                                  "parent": 21,
                                  "ID": 22
                                },
                                {
                                  "Node Type": "Hash",
                                  "Parent Relationship": "Inner",
                                  "Parallel Aware": true,
                                  "Async Capable": false,
                                  "Startup Cost": 2156.97,
                                  "Total Cost": 2156.97,
                                  "Plan Rows": 54,
                                  "Plan Width": 4,
                                  "Plans": [
                                    {
                                      "Node Type": "Seq Scan",
                                      "Parent Relationship": "Outer",
                                      "Parallel Aware": true,
                                      "Async Capable": false,
                                      "Relation Name": "date_dim",
                                      "Alias": "date_dim_1",
                                      "Startup Cost": 0.0,
                                      "Total Cost": 2156.97,
                                      "Plan Rows": 54,
                                      "Plan Width": 4,
                                      "Filter": "((d_moy >= 4) AND (d_moy <= 6) AND (d_year = 2004))",
                                      "parent": 23,
                                      "ID": 24
                                    }
                                  ],
                                  "parent": 21,
                                  "ID": 23,
                                  "left": 24
                                }
                              ],
                              "parent": 20,
                              "ID": 21,
                              "left": 22,
                              "right": 23
                            }
                          ],
                          "parent": 19,
                          "ID": 20,
                          "left": 21
                        }
                      ],
                      "parent": 3,
                      "ID": 19,
                      "left": 20
                    }
                  ],
                  "parent": 2,
                  "ID": 3,
                  "left": 4,
                  "right": 19
                },
                {
                  "Node Type": "Materialize",
                  "Parent Relationship": "Inner",
                  "Parallel Aware": false,
                  "Async Capable": false,
                  "Startup Cost": 2684.49,
                  "Total Cost": 574652.42,
                  "Plan Rows": 17839,
                  "Plan Width": 4,
                  "Plans": [
                    {
                      "Node Type": "Hash Join",
                      "Parent Relationship": "Outer",
                      "Parallel Aware": false,
                      "Async Capable": false,
                      "Join Type": "Inner",
                      "Startup Cost": 2684.49,
                      "Total Cost": 574563.22,
                      "Plan Rows": 17839,
                      "Plan Width": 4,
                      "Inner Unique": false,
                      "Hash Cond": "(catalog_sales.cs_sold_date_sk = date_dim_2.d_date_sk)",
                      "Plans": [
                        {
                          "Node Type": "Seq Scan",
                          "Parent Relationship": "Outer",
                          "Parallel Aware": false,
                          "Async Capable": false,
                          "Relation Name": "catalog_sales",
                          "Alias": "catalog_sales",
                          "Startup Cost": 0.0,
                          "Total Cost": 517695.61,
                          "Plan Rows": 14401261,
                          "Plan Width": 8,
                          "parent": 26,
                          "ID": 27
                        },
                        {
                          "Node Type": "Hash",
                          "Parent Relationship": "Inner",
                          "Parallel Aware": false,
                          "Async Capable": false,
                          "Startup Cost": 2683.36,
                          "Total Cost": 2683.36,
                          "Plan Rows": 91,
                          "Plan Width": 4,
                          "Plans": [
                            {
                              "Node Type": "Seq Scan",
                              "Parent Relationship": "Outer",
                              "Parallel Aware": false,
                              "Async Capable": false,
                              "Relation Name": "date_dim",
                              "Alias": "date_dim_2",
                              "Startup Cost": 0.0,
                              "Total Cost": 2683.36,
                              "Plan Rows": 91,
                              "Plan Width": 4,
                              "Filter": "((d_moy >= 4) AND (d_moy <= 6) AND (d_year = 2004))",
                              "parent": 28,
                              "ID": 29
                            }
                          ],
                          "parent": 26,
                          "ID": 28,
                          "left": 29
                        }
                      ],
                      "parent": 25,
                      "ID": 26,
                      "left": 27,
                      "right": 28
                    }
                  ],
                  "parent": 2,
                  "ID": 25,
                  "left": 26
                }
              ],
              "parent": 1,
              "ID": 2,
              "left": 3,
              "right": 25
            }
          ],
          "parent": 0,
          "ID": 1,
          "left": 2
        }
      ],
      "parent": null,
      "ID": 0,
      "left": 1
    },
    "feat": {
      "utility": 0.008335637691369283,
      "query_shape": [
        [
          "Seq Scan",
          "Hash Join",
          "Sort",
          "Gather Merge",
          "Nested Loop",
          "Aggregate"
        ],
        [
          "Seq Scan",
          "Hash Join",
          "Hash",
          "Sort",
          "Gather Merge",
          "Nested Loop",
          "Aggregate"
        ],
        [
          "Seq Scan",
          "Hash Join",
          "Hash",
          "Sort",
          "Gather Merge",
          "Nested Loop",
          "Aggregate"
        ],
        [
          "Seq Scan",
          "Hash",
          "Hash Join",
          "Sort",
          "Gather Merge",
          "Nested Loop",
          "Aggregate"
        ],
        [
          "Seq Scan",
          "Hash",
          "Hash Join",
          "Sort",
          "Gather Merge",
          "Nested Loop",
          "Aggregate"
        ],
        [
          "Seq Scan",
          "Hash Join",
          "Gather",
          "Materialize",
          "Nested Loop",
          "Aggregate"
        ],
        [
          "Seq Scan",
          "Hash",
          "Hash Join",
          "Gather",
          "Materialize",
          "Nested Loop",
          "Aggregate"
        ],
        [
          "Seq Scan",
          "Hash Join",
          "Materialize",
          "Nested Loop",
          "Aggregate"
        ],
        [
          "Seq Scan",
          "Hash",
          "Hash Join",
          "Materialize",
          "Nested Loop",
          "Aggregate"
        ]
      ],
      "index_shape": [
        "selection"
      ],
      "physical_operator": {
        "Seq Scan": [
          0.0007392298320305635,
          0.0007392298320305635,
          0.0012457391613848179
        ]
      }
    }
  },
  {
    "query": "select  \n  cd_gender,\n  cd_marital_status,\n  cd_education_status,\n  count(*) cnt1,\n  cd_purchase_estimate,\n  count(*) cnt2,\n  cd_credit_rating,\n  count(*) cnt3\n from\n  customer c,customer_address ca,customer_demographics\n where\n  c.c_current_addr_sk = ca.ca_address_sk and\n  ca_state in ('IN','UT','WV') and\n  cd_demo_sk = c.c_current_cdemo_sk and \n  exists (select *\n          from store_sales,date_dim\n          where c.c_customer_sk = ss_customer_sk and\n                ss_sold_date_sk = d_date_sk and\n                d_year = 2004 and\n                d_moy between 4 and 4+2) and\n   (not exists (select *\n            from web_sales,date_dim\n            where c.c_customer_sk = ws_bill_customer_sk and\n                  ws_sold_date_sk = d_date_sk and\n                  d_year = 2004 and\n                  d_moy between 4 and 4+2) and\n    not exists (select * \n            from catalog_sales,date_dim\n            where c.c_customer_sk = cs_ship_customer_sk and\n                  cs_sold_date_sk = d_date_sk and\n                  d_year = 2004 and\n                  d_moy between 4 and 4+2))\n group by cd_gender,\n          cd_marital_status,\n          cd_education_status,\n          cd_purchase_estimate,\n          cd_credit_rating\n order by cd_gender,\n          cd_marital_status,\n          cd_education_status,\n          cd_purchase_estimate,\n          cd_credit_rating\n limit 100;\n\n-- end query 51 in stream 4 using template query69.tpl\n",
    "indexes": "date_dim.d_moy",
    "wo plan est": {
      "Node Type": "Limit",
      "Parallel Aware": false,
      "Async Capable": false,
      "Startup Cost": 747667.94,
      "Total Cost": 838660.28,
      "Plan Rows": 100,
      "Plan Width": 64,
      "Plans": [
        {
          "Node Type": "Aggregate",
          "Strategy": "Sorted",
          "Partial Mode": "Simple",
          "Parent Relationship": "Outer",
          "Parallel Aware": false,
          "Async Capable": false,
          "Startup Cost": 747667.94,
          "Total Cost": 2235392.72,
          "Plan Rows": 1635,
          "Plan Width": 64,
          "Group Key": [
            "customer_demographics.cd_gender",
            "customer_demographics.cd_marital_status",
            "customer_demographics.cd_education_status",
            "customer_demographics.cd_purchase_estimate",
            "customer_demographics.cd_credit_rating"
          ],
          "Plans": [
            {
              "Node Type": "Nested Loop",
              "Parent Relationship": "Outer",
              "Parallel Aware": false,
              "Async Capable": false,
              "Join Type": "Anti",
              "Startup Cost": 747667.94,
              "Total Cost": 2235351.85,
              "Plan Rows": 1635,
              "Plan Width": 40,
              "Inner Unique": false,
              "Join Filter": "(c.c_customer_sk = catalog_sales.cs_ship_customer_sk)",
              "Plans": [
                {
                  "Node Type": "Nested Loop",
                  "Parent Relationship": "Outer",
                  "Parallel Aware": false,
                  "Async Capable": false,
                  "Join Type": "Anti",
                  "Startup Cost": 744983.45,
                  "Total Cost": 1207187.45,
                  "Plan Rows": 1695,
                  "Plan Width": 44,
                  "Inner Unique": false,
                  "Join Filter": "(c.c_customer_sk = web_sales.ws_bill_customer_sk)",
                  "Plans": [
                    {
                      "Node Type": "Gather Merge",
                      "Parent Relationship": "Outer",
                      "Parallel Aware": false,
                      "Async Capable": false,
                      "Startup Cost": 741825.8,
                      "Total Cost": 742026.82,
                      "Plan Rows": 1726,
                      "Plan Width": 44,
                      "Workers Planned": 2,
                      "Plans": [
                        {
                          "Node Type": "Sort",
                          "Parent Relationship": "Outer",
                          "Parallel Aware": false,
                          "Async Capable": false,
                          "Startup Cost": 740825.77,
                          "Total Cost": 740827.57,
                          "Plan Rows": 719,
                          "Plan Width": 44,
                          "Sort Key": [
                            "customer_demographics.cd_gender",
                            "customer_demographics.cd_marital_status",
                            "customer_demographics.cd_education_status",
                            "customer_demographics.cd_purchase_estimate",
                            "customer_demographics.cd_credit_rating"
                          ],
                          "Plans": [
                            {
                              "Node Type": "Hash Join",
                              "Parent Relationship": "Outer",
                              "Parallel Aware": true,
                              "Async Capable": false,
                              "Join Type": "Inner",
                              "Startup Cost": 707956.07,
                              "Total Cost": 740791.66,
                              "Plan Rows": 719,
                              "Plan Width": 44,
                              "Inner Unique": false,
                              "Hash Cond": "(customer_demographics.cd_demo_sk = c.c_current_cdemo_sk)",
                              "Plans": [
                                {
                                  "Node Type": "Seq Scan",
                                  "Parent Relationship": "Outer",
                                  "Parallel Aware": true,
                                  "Async Capable": false,
                                  "Relation Name": "customer_demographics",
                                  "Alias": "customer_demographics",
                                  "Startup Cost": 0.0,
                                  "Total Cost": 29831.33,
                                  "Plan Rows": 800333,
                                  "Plan Width": 44,
                                  "parent": 6,
                                  "ID": 7
                                },
                                {
                                  "Node Type": "Hash",
                                  "Parent Relationship": "Inner",
                                  "Parallel Aware": true,
                                  "Async Capable": false,
                                  "Startup Cost": 707946.76,
                                  "Total Cost": 707946.76,
                                  "Plan Rows": 745,
                                  "Plan Width": 8,
                                  "Plans": [
                                    {
                                      "Node Type": "Hash Join",
                                      "Parent Relationship": "Outer",
                                      "Parallel Aware": true,
                                      "Async Capable": false,
                                      "Join Type": "Inner",
                                      "Startup Cost": 691275.92,
                                      "Total Cost": 707946.76,
                                      "Plan Rows": 745,
                                      "Plan Width": 8,
                                      "Inner Unique": false,
                                      "Hash Cond": "(c.c_current_addr_sk = ca.ca_address_sk)",
                                      "Plans": [
                                        {
                                          "Node Type": "Hash Join",
                                          "Parent Relationship": "Outer",
                                          "Parallel Aware": true,
                                          "Async Capable": false,
                                          "Join Type": "Semi",
                                          "Startup Cost": 684337.4,
                                          "Total Cost": 700954.09,
                                          "Plan Rows": 13615,
                                          "Plan Width": 12,
                                          "Inner Unique": false,
                                          "Hash Cond": "(c.c_customer_sk = store_sales.ss_customer_sk)",
                                          "Plans": [
                                            {
                                              "Node Type": "Seq Scan",
                                              "Parent Relationship": "Outer",
                                              "Parallel Aware": true,
                                              "Async Capable": false,
                                              "Relation Name": "customer",
                                              "Alias": "c",
                                              "Startup Cost": 0.0,
                                              "Total Cost": 15918.33,
                                              "Plan Rows": 208333,
                                              "Plan Width": 12,
                                              "parent": 10,
                                              "ID": 11
                                            },
                                            {
                                              "Node Type": "Hash",
                                              "Parent Relationship": "Inner",
                                              "Parallel Aware": true,
                                              "Async Capable": false,
                                              "Startup Cost": 684159.07,
                                              "Total Cost": 684159.07,
                                              "Plan Rows": 14267,
                                              "Plan Width": 4,
                                              "Plans": [
                                                {
                                                  "Node Type": "Hash Join",
                                                  "Parent Relationship": "Outer",
                                                  "Parallel Aware": true,
                                                  "Async Capable": false,
                                                  "Join Type": "Inner",
                                                  "Startup Cost": 2157.65,
                                                  "Total Cost": 684159.07,
                                                  "Plan Rows": 14267,
                                                  "Plan Width": 4,
                                                  "Inner Unique": false,
                                                  "Hash Cond": "(store_sales.ss_sold_date_sk = date_dim.d_date_sk)",
                                                  "Plans": [
                                                    {
                                                      "Node Type": "Seq Scan",
                                                      "Parent Relationship": "Outer",
                                                      "Parallel Aware": true,
                                                      "Async Capable": false,
                                                      "Relation Name": "store_sales",
                                                      "Alias": "store_sales",
                                                      "Startup Cost": 0.0,
                                                      "Total Cost": 636914.37,
                                                      "Plan Rows": 12000637,
                                                      "Plan Width": 8,
                                                      "parent": 13,
                                                      "ID": 14
                                                    },
                                                    {
                                                      "Node Type": "Hash",
                                                      "Parent Relationship": "Inner",
                                                      "Parallel Aware": true,
                                                      "Async Capable": false,
                                                      "Startup Cost": 2156.97,
                                                      "Total Cost": 2156.97,
                                                      "Plan Rows": 54,
                                                      "Plan Width": 4,
                                                      "Plans": [
                                                        {
                                                          "Node Type": "Seq Scan",
                                                          "Parent Relationship": "Outer",
                                                          "Parallel Aware": true,
                                                          "Async Capable": false,
                                                          "Relation Name": "date_dim",
                                                          "Alias": "date_dim",
                                                          "Startup Cost": 0.0,
                                                          "Total Cost": 2156.97,
                                                          "Plan Rows": 54,
                                                          "Plan Width": 4,
                                                          "Filter": "((d_moy >= 4) AND (d_moy <= 6) AND (d_year = 2004))",
                                                          "parent": 15,
                                                          "ID": 16
                                                        }
                                                      ],
                                                      "parent": 13,
                                                      "ID": 15,
                                                      "left": 16
                                                    }
                                                  ],
                                                  "parent": 12,
                                                  "ID": 13,
                                                  "left": 14,
                                                  "right": 15
                                                }
                                              ],
                                              "parent": 10,
                                              "ID": 12,
                                              "left": 13
                                            }
                                          ],
                                          "parent": 9,
                                          "ID": 10,
                                          "left": 11,
                                          "right": 12
                                        },
                                        {
                                          "Node Type": "Hash",
                                          "Parent Relationship": "Inner",
                                          "Parallel Aware": true,
                                          "Async Capable": false,
                                          "Startup Cost": 6867.29,
                                          "Total Cost": 6867.29,
                                          "Plan Rows": 5698,
                                          "Plan Width": 4,
                                          "Plans": [
                                            {
                                              "Node Type": "Seq Scan",
                                              "Parent Relationship": "Outer",
                                              "Parallel Aware": true,
                                              "Async Capable": false,
                                              "Relation Name": "customer_address",
                                              "Alias": "ca",
                                              "Startup Cost": 0.0,
                                              "Total Cost": 6867.29,
                                              "Plan Rows": 5698,
                                              "Plan Width": 4,
                                              "Filter": "(ca_state = ANY ('{IN,UT,WV}'::bpchar[]))",
                                              "parent": 17,
                                              "ID": 18
                                            }
                                          ],
                                          "parent": 9,
                                          "ID": 17,
                                          "left": 18
                                        }
                                      ],
                                      "parent": 8,
                                      "ID": 9,
                                      "left": 10,
                                      "right": 17
                                    }
                                  ],
                                  "parent": 6,
                                  "ID": 8,
                                  "left": 9
                                }
                              ],
                              "parent": 5,
                              "ID": 6,
                              "left": 7,
                              "right": 8
                            }
                          ],
                          "parent": 4,
                          "ID": 5,
                          "left": 6
                        }
                      ],
                      "parent": 3,
                      "ID": 4,
                      "left": 5
                    },
                    {
                      "Node Type": "Materialize",
                      "Parent Relationship": "Inner",
                      "Parallel Aware": false,
                      "Async Capable": false,
                      "Startup Cost": 3157.65,
                      "Total Cost": 233105.09,
                      "Plan Rows": 8964,
                      "Plan Width": 4,
                      "Plans": [
                        {
                          "Node Type": "Gather",
                          "Parent Relationship": "Outer",
                          "Parallel Aware": false,
                          "Async Capable": false,
                          "Startup Cost": 3157.65,
                          "Total Cost": 233060.27,
                          "Plan Rows": 8964,
                          "Plan Width": 4,
                          "Workers Planned": 2,
                          "Single Copy": false,
                          "Plans": [
                            {
                              "Node Type": "Hash Join",
                              "Parent Relationship": "Outer",
                              "Parallel Aware": true,
                              "Async Capable": false,
                              "Join Type": "Inner",
                              "Startup Cost": 2157.65,
                              "Total Cost": 231163.87,
                              "Plan Rows": 3735,
                              "Plan Width": 4,
                              "Inner Unique": false,
                              "Hash Cond": "(web_sales.ws_sold_date_sk = date_dim_1.d_date_sk)",
                              "Plans": [
                                {
                                  "Node Type": "Seq Scan",
                                  "Parent Relationship": "Outer",
                                  "Parallel Aware": true,
                                  "Async Capable": false,
                                  "Relation Name": "web_sales",
                                  "Alias": "web_sales",
                                  "Startup Cost": 0.0,
                                  "Total Cost": 217737.86,
                                  "Plan Rows": 2998986,
                                  "Plan Width": 8,
                                  "parent": 21,
                                  "ID": 22
                                },
                                {
                                  "Node Type": "Hash",
                                  "Parent Relationship": "Inner",
                                  "Parallel Aware": true,
                                  "Async Capable": false,
                                  "Startup Cost": 2156.97,
                                  "Total Cost": 2156.97,
                                  "Plan Rows": 54,
                                  "Plan Width": 4,
                                  "Plans": [
                                    {
                                      "Node Type": "Seq Scan",
                                      "Parent Relationship": "Outer",
                                      "Parallel Aware": true,
                                      "Async Capable": false,
                                      "Relation Name": "date_dim",
                                      "Alias": "date_dim_1",
                                      "Startup Cost": 0.0,
                                      "Total Cost": 2156.97,
                                      "Plan Rows": 54,
                                      "Plan Width": 4,
                                      "Filter": "((d_moy >= 4) AND (d_moy <= 6) AND (d_year = 2004))",
                                      "parent": 23,
                                      "ID": 24
                                    }
                                  ],
                                  "parent": 21,
                                  "ID": 23,
                                  "left": 24
                                }
                              ],
                              "parent": 20,
                              "ID": 21,
                              "left": 22,
                              "right": 23
                            }
                          ],
                          "parent": 19,
                          "ID": 20,
                          "left": 21
                        }
                      ],
                      "parent": 3,
                      "ID": 19,
                      "left": 20
                    }
                  ],
                  "parent": 2,
                  "ID": 3,
                  "left": 4,
                  "right": 19
                },
                {
                  "Node Type": "Materialize",
                  "Parent Relationship": "Inner",
                  "Parallel Aware": false,
                  "Async Capable": false,
                  "Startup Cost": 2684.49,
                  "Total Cost": 574652.42,
                  "Plan Rows": 17839,
                  "Plan Width": 4,
                  "Plans": [
                    {
                      "Node Type": "Hash Join",
                      "Parent Relationship": "Outer",
                      "Parallel Aware": false,
                      "Async Capable": false,
                      "Join Type": "Inner",
                      "Startup Cost": 2684.49,
                      "Total Cost": 574563.22,
                      "Plan Rows": 17839,
                      "Plan Width": 4,
                      "Inner Unique": false,
                      "Hash Cond": "(catalog_sales.cs_sold_date_sk = date_dim_2.d_date_sk)",
                      "Plans": [
                        {
                          "Node Type": "Seq Scan",
                          "Parent Relationship": "Outer",
                          "Parallel Aware": false,
                          "Async Capable": false,
                          "Relation Name": "catalog_sales",
                          "Alias": "catalog_sales",
                          "Startup Cost": 0.0,
                          "Total Cost": 517695.61,
                          "Plan Rows": 14401261,
                          "Plan Width": 8,
                          "parent": 26,
                          "ID": 27
                        },
                        {
                          "Node Type": "Hash",
                          "Parent Relationship": "Inner",
                          "Parallel Aware": false,
                          "Async Capable": false,
                          "Startup Cost": 2683.36,
                          "Total Cost": 2683.36,
                          "Plan Rows": 91,
                          "Plan Width": 4,
                          "Plans": [
                            {
                              "Node Type": "Seq Scan",
                              "Parent Relationship": "Outer",
                              "Parallel Aware": false,
                              "Async Capable": false,
                              "Relation Name": "date_dim",
                              "Alias": "date_dim_2",
                              "Startup Cost": 0.0,
                              "Total Cost": 2683.36,
                              "Plan Rows": 91,
                              "Plan Width": 4,
                              "Filter": "((d_moy >= 4) AND (d_moy <= 6) AND (d_year = 2004))",
                              "parent": 28,
                              "ID": 29
                            }
                          ],
                          "parent": 26,
                          "ID": 28,
                          "left": 29
                        }
                      ],
                      "parent": 25,
                      "ID": 26,
                      "left": 27,
                      "right": 28
                    }
                  ],
                  "parent": 2,
                  "ID": 25,
                  "left": 26
                }
              ],
              "parent": 1,
              "ID": 2,
              "left": 3,
              "right": 25
            }
          ],
          "parent": 0,
          "ID": 1,
          "left": 2
        }
      ],
      "parent": null,
      "ID": 0,
      "left": 1
    },
    "feat": {
      "utility": 0.008335637691369283,
      "query_shape": [
        [
          "Seq Scan",
          "Hash Join",
          "Sort",
          "Gather Merge",
          "Nested Loop",
          "Aggregate"
        ],
        [
          "Seq Scan",
          "Hash Join",
          "Hash",
          "Sort",
          "Gather Merge",
          "Nested Loop",
          "Aggregate"
        ],
        [
          "Seq Scan",
          "Hash Join",
          "Hash",
          "Sort",
          "Gather Merge",
          "Nested Loop",
          "Aggregate"
        ],
        [
          "Seq Scan",
          "Hash",
          "Hash Join",
          "Sort",
          "Gather Merge",
          "Nested Loop",
          "Aggregate"
        ],
        [
          "Seq Scan",
          "Hash",
          "Hash Join",
          "Sort",
          "Gather Merge",
          "Nested Loop",
          "Aggregate"
        ],
        [
          "Seq Scan",
          "Hash Join",
          "Gather",
          "Materialize",
          "Nested Loop",
          "Aggregate"
        ],
        [
          "Seq Scan",
          "Hash",
          "Hash Join",
          "Gather",
          "Materialize",
          "Nested Loop",
          "Aggregate"
        ],
        [
          "Seq Scan",
          "Hash Join",
          "Materialize",
          "Nested Loop",
          "Aggregate"
        ],
        [
          "Seq Scan",
          "Hash",
          "Hash Join",
          "Materialize",
          "Nested Loop",
          "Aggregate"
        ]
      ],
      "index_shape": [
        "selection"
      ],
      "physical_operator": {
        "Seq Scan": [
          0.0007392298320305635,
          0.0007392298320305635,
          0.0012457391613848179
        ]
      }
    }
  },
  {
    "query": "select  \n  cd_gender,\n  cd_marital_status,\n  cd_education_status,\n  count(*) cnt1,\n  cd_purchase_estimate,\n  count(*) cnt2,\n  cd_credit_rating,\n  count(*) cnt3\n from\n  customer c,customer_address ca,customer_demographics\n where\n  c.c_current_addr_sk = ca.ca_address_sk and\n  ca_state in ('IN','UT','WV') and\n  cd_demo_sk = c.c_current_cdemo_sk and \n  exists (select *\n          from store_sales,date_dim\n          where c.c_customer_sk = ss_customer_sk and\n                ss_sold_date_sk = d_date_sk and\n                d_year = 2004 and\n                d_moy between 4 and 4+2) and\n   (not exists (select *\n            from web_sales,date_dim\n            where c.c_customer_sk = ws_bill_customer_sk and\n                  ws_sold_date_sk = d_date_sk and\n                  d_year = 2004 and\n                  d_moy between 4 and 4+2) and\n    not exists (select * \n            from catalog_sales,date_dim\n            where c.c_customer_sk = cs_ship_customer_sk and\n                  cs_sold_date_sk = d_date_sk and\n                  d_year = 2004 and\n                  d_moy between 4 and 4+2))\n group by cd_gender,\n          cd_marital_status,\n          cd_education_status,\n          cd_purchase_estimate,\n          cd_credit_rating\n order by cd_gender,\n          cd_marital_status,\n          cd_education_status,\n          cd_purchase_estimate,\n          cd_credit_rating\n limit 100;\n\n-- end query 51 in stream 4 using template query69.tpl\n",
    "indexes": "date_dim.d_date_sk",
    "wo plan est": {
      "Node Type": "Limit",
      "Parallel Aware": false,
      "Async Capable": false,
      "Startup Cost": 747667.94,
      "Total Cost": 838660.28,
      "Plan Rows": 100,
      "Plan Width": 64,
      "Plans": [
        {
          "Node Type": "Aggregate",
          "Strategy": "Sorted",
          "Partial Mode": "Simple",
          "Parent Relationship": "Outer",
          "Parallel Aware": false,
          "Async Capable": false,
          "Startup Cost": 747667.94,
          "Total Cost": 2235392.72,
          "Plan Rows": 1635,
          "Plan Width": 64,
          "Group Key": [
            "customer_demographics.cd_gender",
            "customer_demographics.cd_marital_status",
            "customer_demographics.cd_education_status",
            "customer_demographics.cd_purchase_estimate",
            "customer_demographics.cd_credit_rating"
          ],
          "Plans": [
            {
              "Node Type": "Nested Loop",
              "Parent Relationship": "Outer",
              "Parallel Aware": false,
              "Async Capable": false,
              "Join Type": "Anti",
              "Startup Cost": 747667.94,
              "Total Cost": 2235351.85,
              "Plan Rows": 1635,
              "Plan Width": 40,
              "Inner Unique": false,
              "Join Filter": "(c.c_customer_sk = catalog_sales.cs_ship_customer_sk)",
              "Plans": [
                {
                  "Node Type": "Nested Loop",
                  "Parent Relationship": "Outer",
                  "Parallel Aware": false,
                  "Async Capable": false,
                  "Join Type": "Anti",
                  "Startup Cost": 744983.45,
                  "Total Cost": 1207187.45,
                  "Plan Rows": 1695,
                  "Plan Width": 44,
                  "Inner Unique": false,
                  "Join Filter": "(c.c_customer_sk = web_sales.ws_bill_customer_sk)",
                  "Plans": [
                    {
                      "Node Type": "Gather Merge",
                      "Parent Relationship": "Outer",
                      "Parallel Aware": false,
                      "Async Capable": false,
                      "Startup Cost": 741825.8,
                      "Total Cost": 742026.82,
                      "Plan Rows": 1726,
                      "Plan Width": 44,
                      "Workers Planned": 2,
                      "Plans": [
                        {
                          "Node Type": "Sort",
                          "Parent Relationship": "Outer",
                          "Parallel Aware": false,
                          "Async Capable": false,
                          "Startup Cost": 740825.77,
                          "Total Cost": 740827.57,
                          "Plan Rows": 719,
                          "Plan Width": 44,
                          "Sort Key": [
                            "customer_demographics.cd_gender",
                            "customer_demographics.cd_marital_status",
                            "customer_demographics.cd_education_status",
                            "customer_demographics.cd_purchase_estimate",
                            "customer_demographics.cd_credit_rating"
                          ],
                          "Plans": [
                            {
                              "Node Type": "Hash Join",
                              "Parent Relationship": "Outer",
                              "Parallel Aware": true,
                              "Async Capable": false,
                              "Join Type": "Inner",
                              "Startup Cost": 707956.07,
                              "Total Cost": 740791.66,
                              "Plan Rows": 719,
                              "Plan Width": 44,
                              "Inner Unique": false,
                              "Hash Cond": "(customer_demographics.cd_demo_sk = c.c_current_cdemo_sk)",
                              "Plans": [
                                {
                                  "Node Type": "Seq Scan",
                                  "Parent Relationship": "Outer",
                                  "Parallel Aware": true,
                                  "Async Capable": false,
                                  "Relation Name": "customer_demographics",
                                  "Alias": "customer_demographics",
                                  "Startup Cost": 0.0,
                                  "Total Cost": 29831.33,
                                  "Plan Rows": 800333,
                                  "Plan Width": 44,
                                  "parent": 6,
                                  "ID": 7
                                },
                                {
                                  "Node Type": "Hash",
                                  "Parent Relationship": "Inner",
                                  "Parallel Aware": true,
                                  "Async Capable": false,
                                  "Startup Cost": 707946.76,
                                  "Total Cost": 707946.76,
                                  "Plan Rows": 745,
                                  "Plan Width": 8,
                                  "Plans": [
                                    {
                                      "Node Type": "Hash Join",
                                      "Parent Relationship": "Outer",
                                      "Parallel Aware": true,
                                      "Async Capable": false,
                                      "Join Type": "Inner",
                                      "Startup Cost": 691275.92,
                                      "Total Cost": 707946.76,
                                      "Plan Rows": 745,
                                      "Plan Width": 8,
                                      "Inner Unique": false,
                                      "Hash Cond": "(c.c_current_addr_sk = ca.ca_address_sk)",
                                      "Plans": [
                                        {
                                          "Node Type": "Hash Join",
                                          "Parent Relationship": "Outer",
                                          "Parallel Aware": true,
                                          "Async Capable": false,
                                          "Join Type": "Semi",
                                          "Startup Cost": 684337.4,
                                          "Total Cost": 700954.09,
                                          "Plan Rows": 13615,
                                          "Plan Width": 12,
                                          "Inner Unique": false,
                                          "Hash Cond": "(c.c_customer_sk = store_sales.ss_customer_sk)",
                                          "Plans": [
                                            {
                                              "Node Type": "Seq Scan",
                                              "Parent Relationship": "Outer",
                                              "Parallel Aware": true,
                                              "Async Capable": false,
                                              "Relation Name": "customer",
                                              "Alias": "c",
                                              "Startup Cost": 0.0,
                                              "Total Cost": 15918.33,
                                              "Plan Rows": 208333,
                                              "Plan Width": 12,
                                              "parent": 10,
                                              "ID": 11
                                            },
                                            {
                                              "Node Type": "Hash",
                                              "Parent Relationship": "Inner",
                                              "Parallel Aware": true,
                                              "Async Capable": false,
                                              "Startup Cost": 684159.07,
                                              "Total Cost": 684159.07,
                                              "Plan Rows": 14267,
                                              "Plan Width": 4,
                                              "Plans": [
                                                {
                                                  "Node Type": "Hash Join",
                                                  "Parent Relationship": "Outer",
                                                  "Parallel Aware": true,
                                                  "Async Capable": false,
                                                  "Join Type": "Inner",
                                                  "Startup Cost": 2157.65,
                                                  "Total Cost": 684159.07,
                                                  "Plan Rows": 14267,
                                                  "Plan Width": 4,
                                                  "Inner Unique": false,
                                                  "Hash Cond": "(store_sales.ss_sold_date_sk = date_dim.d_date_sk)",
                                                  "Plans": [
                                                    {
                                                      "Node Type": "Seq Scan",
                                                      "Parent Relationship": "Outer",
                                                      "Parallel Aware": true,
                                                      "Async Capable": false,
                                                      "Relation Name": "store_sales",
                                                      "Alias": "store_sales",
                                                      "Startup Cost": 0.0,
                                                      "Total Cost": 636914.37,
                                                      "Plan Rows": 12000637,
                                                      "Plan Width": 8,
                                                      "parent": 13,
                                                      "ID": 14
                                                    },
                                                    {
                                                      "Node Type": "Hash",
                                                      "Parent Relationship": "Inner",
                                                      "Parallel Aware": true,
                                                      "Async Capable": false,
                                                      "Startup Cost": 2156.97,
                                                      "Total Cost": 2156.97,
                                                      "Plan Rows": 54,
                                                      "Plan Width": 4,
                                                      "Plans": [
                                                        {
                                                          "Node Type": "Seq Scan",
                                                          "Parent Relationship": "Outer",
                                                          "Parallel Aware": true,
                                                          "Async Capable": false,
                                                          "Relation Name": "date_dim",
                                                          "Alias": "date_dim",
                                                          "Startup Cost": 0.0,
                                                          "Total Cost": 2156.97,
                                                          "Plan Rows": 54,
                                                          "Plan Width": 4,
                                                          "Filter": "((d_moy >= 4) AND (d_moy <= 6) AND (d_year = 2004))",
                                                          "parent": 15,
                                                          "ID": 16
                                                        }
                                                      ],
                                                      "parent": 13,
                                                      "ID": 15,
                                                      "left": 16
                                                    }
                                                  ],
                                                  "parent": 12,
                                                  "ID": 13,
                                                  "left": 14,
                                                  "right": 15
                                                }
                                              ],
                                              "parent": 10,
                                              "ID": 12,
                                              "left": 13
                                            }
                                          ],
                                          "parent": 9,
                                          "ID": 10,
                                          "left": 11,
                                          "right": 12
                                        },
                                        {
                                          "Node Type": "Hash",
                                          "Parent Relationship": "Inner",
                                          "Parallel Aware": true,
                                          "Async Capable": false,
                                          "Startup Cost": 6867.29,
                                          "Total Cost": 6867.29,
                                          "Plan Rows": 5698,
                                          "Plan Width": 4,
                                          "Plans": [
                                            {
                                              "Node Type": "Seq Scan",
                                              "Parent Relationship": "Outer",
                                              "Parallel Aware": true,
                                              "Async Capable": false,
                                              "Relation Name": "customer_address",
                                              "Alias": "ca",
                                              "Startup Cost": 0.0,
                                              "Total Cost": 6867.29,
                                              "Plan Rows": 5698,
                                              "Plan Width": 4,
                                              "Filter": "(ca_state = ANY ('{IN,UT,WV}'::bpchar[]))",
                                              "parent": 17,
                                              "ID": 18
                                            }
                                          ],
                                          "parent": 9,
                                          "ID": 17,
                                          "left": 18
                                        }
                                      ],
                                      "parent": 8,
                                      "ID": 9,
                                      "left": 10,
                                      "right": 17
                                    }
                                  ],
                                  "parent": 6,
                                  "ID": 8,
                                  "left": 9
                                }
                              ],
                              "parent": 5,
                              "ID": 6,
                              "left": 7,
                              "right": 8
                            }
                          ],
                          "parent": 4,
                          "ID": 5,
                          "left": 6
                        }
                      ],
                      "parent": 3,
                      "ID": 4,
                      "left": 5
                    },
                    {
                      "Node Type": "Materialize",
                      "Parent Relationship": "Inner",
                      "Parallel Aware": false,
                      "Async Capable": false,
                      "Startup Cost": 3157.65,
                      "Total Cost": 233105.09,
                      "Plan Rows": 8964,
                      "Plan Width": 4,
                      "Plans": [
                        {
                          "Node Type": "Gather",
                          "Parent Relationship": "Outer",
                          "Parallel Aware": false,
                          "Async Capable": false,
                          "Startup Cost": 3157.65,
                          "Total Cost": 233060.27,
                          "Plan Rows": 8964,
                          "Plan Width": 4,
                          "Workers Planned": 2,
                          "Single Copy": false,
                          "Plans": [
                            {
                              "Node Type": "Hash Join",
                              "Parent Relationship": "Outer",
                              "Parallel Aware": true,
                              "Async Capable": false,
                              "Join Type": "Inner",
                              "Startup Cost": 2157.65,
                              "Total Cost": 231163.87,
                              "Plan Rows": 3735,
                              "Plan Width": 4,
                              "Inner Unique": false,
                              "Hash Cond": "(web_sales.ws_sold_date_sk = date_dim_1.d_date_sk)",
                              "Plans": [
                                {
                                  "Node Type": "Seq Scan",
                                  "Parent Relationship": "Outer",
                                  "Parallel Aware": true,
                                  "Async Capable": false,
                                  "Relation Name": "web_sales",
                                  "Alias": "web_sales",
                                  "Startup Cost": 0.0,
                                  "Total Cost": 217737.86,
                                  "Plan Rows": 2998986,
                                  "Plan Width": 8,
                                  "parent": 21,
                                  "ID": 22
                                },
                                {
                                  "Node Type": "Hash",
                                  "Parent Relationship": "Inner",
                                  "Parallel Aware": true,
                                  "Async Capable": false,
                                  "Startup Cost": 2156.97,
                                  "Total Cost": 2156.97,
                                  "Plan Rows": 54,
                                  "Plan Width": 4,
                                  "Plans": [
                                    {
                                      "Node Type": "Seq Scan",
                                      "Parent Relationship": "Outer",
                                      "Parallel Aware": true,
                                      "Async Capable": false,
                                      "Relation Name": "date_dim",
                                      "Alias": "date_dim_1",
                                      "Startup Cost": 0.0,
                                      "Total Cost": 2156.97,
                                      "Plan Rows": 54,
                                      "Plan Width": 4,
                                      "Filter": "((d_moy >= 4) AND (d_moy <= 6) AND (d_year = 2004))",
                                      "parent": 23,
                                      "ID": 24
                                    }
                                  ],
                                  "parent": 21,
                                  "ID": 23,
                                  "left": 24
                                }
                              ],
                              "parent": 20,
                              "ID": 21,
                              "left": 22,
                              "right": 23
                            }
                          ],
                          "parent": 19,
                          "ID": 20,
                          "left": 21
                        }
                      ],
                      "parent": 3,
                      "ID": 19,
                      "left": 20
                    }
                  ],
                  "parent": 2,
                  "ID": 3,
                  "left": 4,
                  "right": 19
                },
                {
                  "Node Type": "Materialize",
                  "Parent Relationship": "Inner",
                  "Parallel Aware": false,
                  "Async Capable": false,
                  "Startup Cost": 2684.49,
                  "Total Cost": 574652.42,
                  "Plan Rows": 17839,
                  "Plan Width": 4,
                  "Plans": [
                    {
                      "Node Type": "Hash Join",
                      "Parent Relationship": "Outer",
                      "Parallel Aware": false,
                      "Async Capable": false,
                      "Join Type": "Inner",
                      "Startup Cost": 2684.49,
                      "Total Cost": 574563.22,
                      "Plan Rows": 17839,
                      "Plan Width": 4,
                      "Inner Unique": false,
                      "Hash Cond": "(catalog_sales.cs_sold_date_sk = date_dim_2.d_date_sk)",
                      "Plans": [
                        {
                          "Node Type": "Seq Scan",
                          "Parent Relationship": "Outer",
                          "Parallel Aware": false,
                          "Async Capable": false,
                          "Relation Name": "catalog_sales",
                          "Alias": "catalog_sales",
                          "Startup Cost": 0.0,
                          "Total Cost": 517695.61,
                          "Plan Rows": 14401261,
                          "Plan Width": 8,
                          "parent": 26,
                          "ID": 27
                        },
                        {
                          "Node Type": "Hash",
                          "Parent Relationship": "Inner",
                          "Parallel Aware": false,
                          "Async Capable": false,
                          "Startup Cost": 2683.36,
                          "Total Cost": 2683.36,
                          "Plan Rows": 91,
                          "Plan Width": 4,
                          "Plans": [
                            {
                              "Node Type": "Seq Scan",
                              "Parent Relationship": "Outer",
                              "Parallel Aware": false,
                              "Async Capable": false,
                              "Relation Name": "date_dim",
                              "Alias": "date_dim_2",
                              "Startup Cost": 0.0,
                              "Total Cost": 2683.36,
                              "Plan Rows": 91,
                              "Plan Width": 4,
                              "Filter": "((d_moy >= 4) AND (d_moy <= 6) AND (d_year = 2004))",
                              "parent": 28,
                              "ID": 29
                            }
                          ],
                          "parent": 26,
                          "ID": 28,
                          "left": 29
                        }
                      ],
                      "parent": 25,
                      "ID": 26,
                      "left": 27,
                      "right": 28
                    }
                  ],
                  "parent": 2,
                  "ID": 25,
                  "left": 26
                }
              ],
              "parent": 1,
              "ID": 2,
              "left": 3,
              "right": 25
            }
          ],
          "parent": 0,
          "ID": 1,
          "left": 2
        }
      ],
      "parent": null,
      "ID": 0,
      "left": 1
    },
    "feat": {
      "utility": 0.009556554375818427,
      "query_shape": [
        [
          "Seq Scan",
          "Hash Join",
          "Sort",
          "Gather Merge",
          "Nested Loop",
          "Aggregate"
        ],
        [
          "Seq Scan",
          "Hash Join",
          "Hash",
          "Sort",
          "Gather Merge",
          "Nested Loop",
          "Aggregate"
        ],
        [
          "Seq Scan",
          "Hash Join",
          "Hash",
          "Sort",
          "Gather Merge",
          "Nested Loop",
          "Aggregate"
        ],
        [
          "Seq Scan",
          "Hash",
          "Hash Join",
          "Sort",
          "Gather Merge",
          "Nested Loop",
          "Aggregate"
        ],
        [
          "Seq Scan",
          "Hash",
          "Hash Join",
          "Sort",
          "Gather Merge",
          "Nested Loop",
          "Aggregate"
        ],
        [
          "Seq Scan",
          "Hash Join",
          "Gather",
          "Materialize",
          "Nested Loop",
          "Aggregate"
        ],
        [
          "Seq Scan",
          "Hash",
          "Hash Join",
          "Gather",
          "Materialize",
          "Nested Loop",
          "Aggregate"
        ],
        [
          "Seq Scan",
          "Hash Join",
          "Materialize",
          "Nested Loop",
          "Aggregate"
        ],
        [
          "Seq Scan",
          "Hash",
          "Hash Join",
          "Materialize",
          "Nested Loop",
          "Aggregate"
        ]
      ],
      "index_shape": [
        "join"
      ],
      "physical_operator": {
        "Hash Join": [
          0.00469210045035693,
          0.004802431776525597,
          0.0036894726553894776
        ]
      }
    }
  },
  {
    "query": "select  \n  cd_gender,\n  cd_marital_status,\n  cd_education_status,\n  count(*) cnt1,\n  cd_purchase_estimate,\n  count(*) cnt2,\n  cd_credit_rating,\n  count(*) cnt3\n from\n  customer c,customer_address ca,customer_demographics\n where\n  c.c_current_addr_sk = ca.ca_address_sk and\n  ca_state in ('IN','UT','WV') and\n  cd_demo_sk = c.c_current_cdemo_sk and \n  exists (select *\n          from store_sales,date_dim\n          where c.c_customer_sk = ss_customer_sk and\n                ss_sold_date_sk = d_date_sk and\n                d_year = 2004 and\n                d_moy between 4 and 4+2) and\n   (not exists (select *\n            from web_sales,date_dim\n            where c.c_customer_sk = ws_bill_customer_sk and\n                  ws_sold_date_sk = d_date_sk and\n                  d_year = 2004 and\n                  d_moy between 4 and 4+2) and\n    not exists (select * \n            from catalog_sales,date_dim\n            where c.c_customer_sk = cs_ship_customer_sk and\n                  cs_sold_date_sk = d_date_sk and\n                  d_year = 2004 and\n                  d_moy between 4 and 4+2))\n group by cd_gender,\n          cd_marital_status,\n          cd_education_status,\n          cd_purchase_estimate,\n          cd_credit_rating\n order by cd_gender,\n          cd_marital_status,\n          cd_education_status,\n          cd_purchase_estimate,\n          cd_credit_rating\n limit 100;\n\n-- end query 51 in stream 4 using template query69.tpl\n",
    "indexes": "date_dim.d_date",
    "wo plan est": {
      "Node Type": "Limit",
      "Parallel Aware": false,
      "Async Capable": false,
      "Startup Cost": 747667.94,
      "Total Cost": 838660.28,
      "Plan Rows": 100,
      "Plan Width": 64,
      "Plans": [
        {
          "Node Type": "Aggregate",
          "Strategy": "Sorted",
          "Partial Mode": "Simple",
          "Parent Relationship": "Outer",
          "Parallel Aware": false,
          "Async Capable": false,
          "Startup Cost": 747667.94,
          "Total Cost": 2235392.72,
          "Plan Rows": 1635,
          "Plan Width": 64,
          "Group Key": [
            "customer_demographics.cd_gender",
            "customer_demographics.cd_marital_status",
            "customer_demographics.cd_education_status",
            "customer_demographics.cd_purchase_estimate",
            "customer_demographics.cd_credit_rating"
          ],
          "Plans": [
            {
              "Node Type": "Nested Loop",
              "Parent Relationship": "Outer",
              "Parallel Aware": false,
              "Async Capable": false,
              "Join Type": "Anti",
              "Startup Cost": 747667.94,
              "Total Cost": 2235351.85,
              "Plan Rows": 1635,
              "Plan Width": 40,
              "Inner Unique": false,
              "Join Filter": "(c.c_customer_sk = catalog_sales.cs_ship_customer_sk)",
              "Plans": [
                {
                  "Node Type": "Nested Loop",
                  "Parent Relationship": "Outer",
                  "Parallel Aware": false,
                  "Async Capable": false,
                  "Join Type": "Anti",
                  "Startup Cost": 744983.45,
                  "Total Cost": 1207187.45,
                  "Plan Rows": 1695,
                  "Plan Width": 44,
                  "Inner Unique": false,
                  "Join Filter": "(c.c_customer_sk = web_sales.ws_bill_customer_sk)",
                  "Plans": [
                    {
                      "Node Type": "Gather Merge",
                      "Parent Relationship": "Outer",
                      "Parallel Aware": false,
                      "Async Capable": false,
                      "Startup Cost": 741825.8,
                      "Total Cost": 742026.82,
                      "Plan Rows": 1726,
                      "Plan Width": 44,
                      "Workers Planned": 2,
                      "Plans": [
                        {
                          "Node Type": "Sort",
                          "Parent Relationship": "Outer",
                          "Parallel Aware": false,
                          "Async Capable": false,
                          "Startup Cost": 740825.77,
                          "Total Cost": 740827.57,
                          "Plan Rows": 719,
                          "Plan Width": 44,
                          "Sort Key": [
                            "customer_demographics.cd_gender",
                            "customer_demographics.cd_marital_status",
                            "customer_demographics.cd_education_status",
                            "customer_demographics.cd_purchase_estimate",
                            "customer_demographics.cd_credit_rating"
                          ],
                          "Plans": [
                            {
                              "Node Type": "Hash Join",
                              "Parent Relationship": "Outer",
                              "Parallel Aware": true,
                              "Async Capable": false,
                              "Join Type": "Inner",
                              "Startup Cost": 707956.07,
                              "Total Cost": 740791.66,
                              "Plan Rows": 719,
                              "Plan Width": 44,
                              "Inner Unique": false,
                              "Hash Cond": "(customer_demographics.cd_demo_sk = c.c_current_cdemo_sk)",
                              "Plans": [
                                {
                                  "Node Type": "Seq Scan",
                                  "Parent Relationship": "Outer",
                                  "Parallel Aware": true,
                                  "Async Capable": false,
                                  "Relation Name": "customer_demographics",
                                  "Alias": "customer_demographics",
                                  "Startup Cost": 0.0,
                                  "Total Cost": 29831.33,
                                  "Plan Rows": 800333,
                                  "Plan Width": 44,
                                  "parent": 6,
                                  "ID": 7
                                },
                                {
                                  "Node Type": "Hash",
                                  "Parent Relationship": "Inner",
                                  "Parallel Aware": true,
                                  "Async Capable": false,
                                  "Startup Cost": 707946.76,
                                  "Total Cost": 707946.76,
                                  "Plan Rows": 745,
                                  "Plan Width": 8,
                                  "Plans": [
                                    {
                                      "Node Type": "Hash Join",
                                      "Parent Relationship": "Outer",
                                      "Parallel Aware": true,
                                      "Async Capable": false,
                                      "Join Type": "Inner",
                                      "Startup Cost": 691275.92,
                                      "Total Cost": 707946.76,
                                      "Plan Rows": 745,
                                      "Plan Width": 8,
                                      "Inner Unique": false,
                                      "Hash Cond": "(c.c_current_addr_sk = ca.ca_address_sk)",
                                      "Plans": [
                                        {
                                          "Node Type": "Hash Join",
                                          "Parent Relationship": "Outer",
                                          "Parallel Aware": true,
                                          "Async Capable": false,
                                          "Join Type": "Semi",
                                          "Startup Cost": 684337.4,
                                          "Total Cost": 700954.09,
                                          "Plan Rows": 13615,
                                          "Plan Width": 12,
                                          "Inner Unique": false,
                                          "Hash Cond": "(c.c_customer_sk = store_sales.ss_customer_sk)",
                                          "Plans": [
                                            {
                                              "Node Type": "Seq Scan",
                                              "Parent Relationship": "Outer",
                                              "Parallel Aware": true,
                                              "Async Capable": false,
                                              "Relation Name": "customer",
                                              "Alias": "c",
                                              "Startup Cost": 0.0,
                                              "Total Cost": 15918.33,
                                              "Plan Rows": 208333,
                                              "Plan Width": 12,
                                              "parent": 10,
                                              "ID": 11
                                            },
                                            {
                                              "Node Type": "Hash",
                                              "Parent Relationship": "Inner",
                                              "Parallel Aware": true,
                                              "Async Capable": false,
                                              "Startup Cost": 684159.07,
                                              "Total Cost": 684159.07,
                                              "Plan Rows": 14267,
                                              "Plan Width": 4,
                                              "Plans": [
                                                {
                                                  "Node Type": "Hash Join",
                                                  "Parent Relationship": "Outer",
                                                  "Parallel Aware": true,
                                                  "Async Capable": false,
                                                  "Join Type": "Inner",
                                                  "Startup Cost": 2157.65,
                                                  "Total Cost": 684159.07,
                                                  "Plan Rows": 14267,
                                                  "Plan Width": 4,
                                                  "Inner Unique": false,
                                                  "Hash Cond": "(store_sales.ss_sold_date_sk = date_dim.d_date_sk)",
                                                  "Plans": [
                                                    {
                                                      "Node Type": "Seq Scan",
                                                      "Parent Relationship": "Outer",
                                                      "Parallel Aware": true,
                                                      "Async Capable": false,
                                                      "Relation Name": "store_sales",
                                                      "Alias": "store_sales",
                                                      "Startup Cost": 0.0,
                                                      "Total Cost": 636914.37,
                                                      "Plan Rows": 12000637,
                                                      "Plan Width": 8,
                                                      "parent": 13,
                                                      "ID": 14
                                                    },
                                                    {
                                                      "Node Type": "Hash",
                                                      "Parent Relationship": "Inner",
                                                      "Parallel Aware": true,
                                                      "Async Capable": false,
                                                      "Startup Cost": 2156.97,
                                                      "Total Cost": 2156.97,
                                                      "Plan Rows": 54,
                                                      "Plan Width": 4,
                                                      "Plans": [
                                                        {
                                                          "Node Type": "Seq Scan",
                                                          "Parent Relationship": "Outer",
                                                          "Parallel Aware": true,
                                                          "Async Capable": false,
                                                          "Relation Name": "date_dim",
                                                          "Alias": "date_dim",
                                                          "Startup Cost": 0.0,
                                                          "Total Cost": 2156.97,
                                                          "Plan Rows": 54,
                                                          "Plan Width": 4,
                                                          "Filter": "((d_moy >= 4) AND (d_moy <= 6) AND (d_year = 2004))",
                                                          "parent": 15,
                                                          "ID": 16
                                                        }
                                                      ],
                                                      "parent": 13,
                                                      "ID": 15,
                                                      "left": 16
                                                    }
                                                  ],
                                                  "parent": 12,
                                                  "ID": 13,
                                                  "left": 14,
                                                  "right": 15
                                                }
                                              ],
                                              "parent": 10,
                                              "ID": 12,
                                              "left": 13
                                            }
                                          ],
                                          "parent": 9,
                                          "ID": 10,
                                          "left": 11,
                                          "right": 12
                                        },
                                        {
                                          "Node Type": "Hash",
                                          "Parent Relationship": "Inner",
                                          "Parallel Aware": true,
                                          "Async Capable": false,
                                          "Startup Cost": 6867.29,
                                          "Total Cost": 6867.29,
                                          "Plan Rows": 5698,
                                          "Plan Width": 4,
                                          "Plans": [
                                            {
                                              "Node Type": "Seq Scan",
                                              "Parent Relationship": "Outer",
                                              "Parallel Aware": true,
                                              "Async Capable": false,
                                              "Relation Name": "customer_address",
                                              "Alias": "ca",
                                              "Startup Cost": 0.0,
                                              "Total Cost": 6867.29,
                                              "Plan Rows": 5698,
                                              "Plan Width": 4,
                                              "Filter": "(ca_state = ANY ('{IN,UT,WV}'::bpchar[]))",
                                              "parent": 17,
                                              "ID": 18
                                            }
                                          ],
                                          "parent": 9,
                                          "ID": 17,
                                          "left": 18
                                        }
                                      ],
                                      "parent": 8,
                                      "ID": 9,
                                      "left": 10,
                                      "right": 17
                                    }
                                  ],
                                  "parent": 6,
                                  "ID": 8,
                                  "left": 9
                                }
                              ],
                              "parent": 5,
                              "ID": 6,
                              "left": 7,
                              "right": 8
                            }
                          ],
                          "parent": 4,
                          "ID": 5,
                          "left": 6
                        }
                      ],
                      "parent": 3,
                      "ID": 4,
                      "left": 5
                    },
                    {
                      "Node Type": "Materialize",
                      "Parent Relationship": "Inner",
                      "Parallel Aware": false,
                      "Async Capable": false,
                      "Startup Cost": 3157.65,
                      "Total Cost": 233105.09,
                      "Plan Rows": 8964,
                      "Plan Width": 4,
                      "Plans": [
                        {
                          "Node Type": "Gather",
                          "Parent Relationship": "Outer",
                          "Parallel Aware": false,
                          "Async Capable": false,
                          "Startup Cost": 3157.65,
                          "Total Cost": 233060.27,
                          "Plan Rows": 8964,
                          "Plan Width": 4,
                          "Workers Planned": 2,
                          "Single Copy": false,
                          "Plans": [
                            {
                              "Node Type": "Hash Join",
                              "Parent Relationship": "Outer",
                              "Parallel Aware": true,
                              "Async Capable": false,
                              "Join Type": "Inner",
                              "Startup Cost": 2157.65,
                              "Total Cost": 231163.87,
                              "Plan Rows": 3735,
                              "Plan Width": 4,
                              "Inner Unique": false,
                              "Hash Cond": "(web_sales.ws_sold_date_sk = date_dim_1.d_date_sk)",
                              "Plans": [
                                {
                                  "Node Type": "Seq Scan",
                                  "Parent Relationship": "Outer",
                                  "Parallel Aware": true,
                                  "Async Capable": false,
                                  "Relation Name": "web_sales",
                                  "Alias": "web_sales",
                                  "Startup Cost": 0.0,
                                  "Total Cost": 217737.86,
                                  "Plan Rows": 2998986,
                                  "Plan Width": 8,
                                  "parent": 21,
                                  "ID": 22
                                },
                                {
                                  "Node Type": "Hash",
                                  "Parent Relationship": "Inner",
                                  "Parallel Aware": true,
                                  "Async Capable": false,
                                  "Startup Cost": 2156.97,
                                  "Total Cost": 2156.97,
                                  "Plan Rows": 54,
                                  "Plan Width": 4,
                                  "Plans": [
                                    {
                                      "Node Type": "Seq Scan",
                                      "Parent Relationship": "Outer",
                                      "Parallel Aware": true,
                                      "Async Capable": false,
                                      "Relation Name": "date_dim",
                                      "Alias": "date_dim_1",
                                      "Startup Cost": 0.0,
                                      "Total Cost": 2156.97,
                                      "Plan Rows": 54,
                                      "Plan Width": 4,
                                      "Filter": "((d_moy >= 4) AND (d_moy <= 6) AND (d_year = 2004))",
                                      "parent": 23,
                                      "ID": 24
                                    }
                                  ],
                                  "parent": 21,
                                  "ID": 23,
                                  "left": 24
                                }
                              ],
                              "parent": 20,
                              "ID": 21,
                              "left": 22,
                              "right": 23
                            }
                          ],
                          "parent": 19,
                          "ID": 20,
                          "left": 21
                        }
                      ],
                      "parent": 3,
                      "ID": 19,
                      "left": 20
                    }
                  ],
                  "parent": 2,
                  "ID": 3,
                  "left": 4,
                  "right": 19
                },
                {
                  "Node Type": "Materialize",
                  "Parent Relationship": "Inner",
                  "Parallel Aware": false,
                  "Async Capable": false,
                  "Startup Cost": 2684.49,
                  "Total Cost": 574652.42,
                  "Plan Rows": 17839,
                  "Plan Width": 4,
                  "Plans": [
                    {
                      "Node Type": "Hash Join",
                      "Parent Relationship": "Outer",
                      "Parallel Aware": false,
                      "Async Capable": false,
                      "Join Type": "Inner",
                      "Startup Cost": 2684.49,
                      "Total Cost": 574563.22,
                      "Plan Rows": 17839,
                      "Plan Width": 4,
                      "Inner Unique": false,
                      "Hash Cond": "(catalog_sales.cs_sold_date_sk = date_dim_2.d_date_sk)",
                      "Plans": [
                        {
                          "Node Type": "Seq Scan",
                          "Parent Relationship": "Outer",
                          "Parallel Aware": false,
                          "Async Capable": false,
                          "Relation Name": "catalog_sales",
                          "Alias": "catalog_sales",
                          "Startup Cost": 0.0,
                          "Total Cost": 517695.61,
                          "Plan Rows": 14401261,
                          "Plan Width": 8,
                          "parent": 26,
                          "ID": 27
                        },
                        {
                          "Node Type": "Hash",
                          "Parent Relationship": "Inner",
                          "Parallel Aware": false,
                          "Async Capable": false,
                          "Startup Cost": 2683.36,
                          "Total Cost": 2683.36,
                          "Plan Rows": 91,
                          "Plan Width": 4,
                          "Plans": [
                            {
                              "Node Type": "Seq Scan",
                              "Parent Relationship": "Outer",
                              "Parallel Aware": false,
                              "Async Capable": false,
                              "Relation Name": "date_dim",
                              "Alias": "date_dim_2",
                              "Startup Cost": 0.0,
                              "Total Cost": 2683.36,
                              "Plan Rows": 91,
                              "Plan Width": 4,
                              "Filter": "((d_moy >= 4) AND (d_moy <= 6) AND (d_year = 2004))",
                              "parent": 28,
                              "ID": 29
                            }
                          ],
                          "parent": 26,
                          "ID": 28,
                          "left": 29
                        }
                      ],
                      "parent": 25,
                      "ID": 26,
                      "left": 27,
                      "right": 28
                    }
                  ],
                  "parent": 2,
                  "ID": 25,
                  "left": 26
                }
              ],
              "parent": 1,
              "ID": 2,
              "left": 3,
              "right": 25
            }
          ],
          "parent": 0,
          "ID": 1,
          "left": 2
        }
      ],
      "parent": null,
      "ID": 0,
      "left": 1
    },
    "feat": {
      "utility": 0.009556554375818427,
      "query_shape": [
        [
          "Seq Scan",
          "Hash Join",
          "Sort",
          "Gather Merge",
          "Nested Loop",
          "Aggregate"
        ],
        [
          "Seq Scan",
          "Hash Join",
          "Hash",
          "Sort",
          "Gather Merge",
          "Nested Loop",
          "Aggregate"
        ],
        [
          "Seq Scan",
          "Hash Join",
          "Hash",
          "Sort",
          "Gather Merge",
          "Nested Loop",
          "Aggregate"
        ],
        [
          "Seq Scan",
          "Hash",
          "Hash Join",
          "Sort",
          "Gather Merge",
          "Nested Loop",
          "Aggregate"
        ],
        [
          "Seq Scan",
          "Hash",
          "Hash Join",
          "Sort",
          "Gather Merge",
          "Nested Loop",
          "Aggregate"
        ],
        [
          "Seq Scan",
          "Hash Join",
          "Gather",
          "Materialize",
          "Nested Loop",
          "Aggregate"
        ],
        [
          "Seq Scan",
          "Hash",
          "Hash Join",
          "Gather",
          "Materialize",
          "Nested Loop",
          "Aggregate"
        ],
        [
          "Seq Scan",
          "Hash Join",
          "Materialize",
          "Nested Loop",
          "Aggregate"
        ],
        [
          "Seq Scan",
          "Hash",
          "Hash Join",
          "Materialize",
          "Nested Loop",
          "Aggregate"
        ]
      ],
      "index_shape": [
        "join"
      ],
      "physical_operator": {
        "Hash Join": [
          0.00469210045035693,
          0.004802431776525597,
          0.0036894726553894776
        ]
      }
    }
  },
  {
    "query": "select  \n  cd_gender,\n  cd_marital_status,\n  cd_education_status,\n  count(*) cnt1,\n  cd_purchase_estimate,\n  count(*) cnt2,\n  cd_credit_rating,\n  count(*) cnt3\n from\n  customer c,customer_address ca,customer_demographics\n where\n  c.c_current_addr_sk = ca.ca_address_sk and\n  ca_state in ('IN','UT','WV') and\n  cd_demo_sk = c.c_current_cdemo_sk and \n  exists (select *\n          from store_sales,date_dim\n          where c.c_customer_sk = ss_customer_sk and\n                ss_sold_date_sk = d_date_sk and\n                d_year = 2004 and\n                d_moy between 4 and 4+2) and\n   (not exists (select *\n            from web_sales,date_dim\n            where c.c_customer_sk = ws_bill_customer_sk and\n                  ws_sold_date_sk = d_date_sk and\n                  d_year = 2004 and\n                  d_moy between 4 and 4+2) and\n    not exists (select * \n            from catalog_sales,date_dim\n            where c.c_customer_sk = cs_ship_customer_sk and\n                  cs_sold_date_sk = d_date_sk and\n                  d_year = 2004 and\n                  d_moy between 4 and 4+2))\n group by cd_gender,\n          cd_marital_status,\n          cd_education_status,\n          cd_purchase_estimate,\n          cd_credit_rating\n order by cd_gender,\n          cd_marital_status,\n          cd_education_status,\n          cd_purchase_estimate,\n          cd_credit_rating\n limit 100;\n\n-- end query 51 in stream 4 using template query69.tpl\n",
    "indexes": "catalog_sales.cs_sold_date_sk",
    "wo plan est": {
      "Node Type": "Limit",
      "Parallel Aware": false,
      "Async Capable": false,
      "Startup Cost": 747667.94,
      "Total Cost": 838660.28,
      "Plan Rows": 100,
      "Plan Width": 64,
      "Plans": [
        {
          "Node Type": "Aggregate",
          "Strategy": "Sorted",
          "Partial Mode": "Simple",
          "Parent Relationship": "Outer",
          "Parallel Aware": false,
          "Async Capable": false,
          "Startup Cost": 747667.94,
          "Total Cost": 2235392.72,
          "Plan Rows": 1635,
          "Plan Width": 64,
          "Group Key": [
            "customer_demographics.cd_gender",
            "customer_demographics.cd_marital_status",
            "customer_demographics.cd_education_status",
            "customer_demographics.cd_purchase_estimate",
            "customer_demographics.cd_credit_rating"
          ],
          "Plans": [
            {
              "Node Type": "Nested Loop",
              "Parent Relationship": "Outer",
              "Parallel Aware": false,
              "Async Capable": false,
              "Join Type": "Anti",
              "Startup Cost": 747667.94,
              "Total Cost": 2235351.85,
              "Plan Rows": 1635,
              "Plan Width": 40,
              "Inner Unique": false,
              "Join Filter": "(c.c_customer_sk = catalog_sales.cs_ship_customer_sk)",
              "Plans": [
                {
                  "Node Type": "Nested Loop",
                  "Parent Relationship": "Outer",
                  "Parallel Aware": false,
                  "Async Capable": false,
                  "Join Type": "Anti",
                  "Startup Cost": 744983.45,
                  "Total Cost": 1207187.45,
                  "Plan Rows": 1695,
                  "Plan Width": 44,
                  "Inner Unique": false,
                  "Join Filter": "(c.c_customer_sk = web_sales.ws_bill_customer_sk)",
                  "Plans": [
                    {
                      "Node Type": "Gather Merge",
                      "Parent Relationship": "Outer",
                      "Parallel Aware": false,
                      "Async Capable": false,
                      "Startup Cost": 741825.8,
                      "Total Cost": 742026.82,
                      "Plan Rows": 1726,
                      "Plan Width": 44,
                      "Workers Planned": 2,
                      "Plans": [
                        {
                          "Node Type": "Sort",
                          "Parent Relationship": "Outer",
                          "Parallel Aware": false,
                          "Async Capable": false,
                          "Startup Cost": 740825.77,
                          "Total Cost": 740827.57,
                          "Plan Rows": 719,
                          "Plan Width": 44,
                          "Sort Key": [
                            "customer_demographics.cd_gender",
                            "customer_demographics.cd_marital_status",
                            "customer_demographics.cd_education_status",
                            "customer_demographics.cd_purchase_estimate",
                            "customer_demographics.cd_credit_rating"
                          ],
                          "Plans": [
                            {
                              "Node Type": "Hash Join",
                              "Parent Relationship": "Outer",
                              "Parallel Aware": true,
                              "Async Capable": false,
                              "Join Type": "Inner",
                              "Startup Cost": 707956.07,
                              "Total Cost": 740791.66,
                              "Plan Rows": 719,
                              "Plan Width": 44,
                              "Inner Unique": false,
                              "Hash Cond": "(customer_demographics.cd_demo_sk = c.c_current_cdemo_sk)",
                              "Plans": [
                                {
                                  "Node Type": "Seq Scan",
                                  "Parent Relationship": "Outer",
                                  "Parallel Aware": true,
                                  "Async Capable": false,
                                  "Relation Name": "customer_demographics",
                                  "Alias": "customer_demographics",
                                  "Startup Cost": 0.0,
                                  "Total Cost": 29831.33,
                                  "Plan Rows": 800333,
                                  "Plan Width": 44,
                                  "parent": 6,
                                  "ID": 7
                                },
                                {
                                  "Node Type": "Hash",
                                  "Parent Relationship": "Inner",
                                  "Parallel Aware": true,
                                  "Async Capable": false,
                                  "Startup Cost": 707946.76,
                                  "Total Cost": 707946.76,
                                  "Plan Rows": 745,
                                  "Plan Width": 8,
                                  "Plans": [
                                    {
                                      "Node Type": "Hash Join",
                                      "Parent Relationship": "Outer",
                                      "Parallel Aware": true,
                                      "Async Capable": false,
                                      "Join Type": "Inner",
                                      "Startup Cost": 691275.92,
                                      "Total Cost": 707946.76,
                                      "Plan Rows": 745,
                                      "Plan Width": 8,
                                      "Inner Unique": false,
                                      "Hash Cond": "(c.c_current_addr_sk = ca.ca_address_sk)",
                                      "Plans": [
                                        {
                                          "Node Type": "Hash Join",
                                          "Parent Relationship": "Outer",
                                          "Parallel Aware": true,
                                          "Async Capable": false,
                                          "Join Type": "Semi",
                                          "Startup Cost": 684337.4,
                                          "Total Cost": 700954.09,
                                          "Plan Rows": 13615,
                                          "Plan Width": 12,
                                          "Inner Unique": false,
                                          "Hash Cond": "(c.c_customer_sk = store_sales.ss_customer_sk)",
                                          "Plans": [
                                            {
                                              "Node Type": "Seq Scan",
                                              "Parent Relationship": "Outer",
                                              "Parallel Aware": true,
                                              "Async Capable": false,
                                              "Relation Name": "customer",
                                              "Alias": "c",
                                              "Startup Cost": 0.0,
                                              "Total Cost": 15918.33,
                                              "Plan Rows": 208333,
                                              "Plan Width": 12,
                                              "parent": 10,
                                              "ID": 11
                                            },
                                            {
                                              "Node Type": "Hash",
                                              "Parent Relationship": "Inner",
                                              "Parallel Aware": true,
                                              "Async Capable": false,
                                              "Startup Cost": 684159.07,
                                              "Total Cost": 684159.07,
                                              "Plan Rows": 14267,
                                              "Plan Width": 4,
                                              "Plans": [
                                                {
                                                  "Node Type": "Hash Join",
                                                  "Parent Relationship": "Outer",
                                                  "Parallel Aware": true,
                                                  "Async Capable": false,
                                                  "Join Type": "Inner",
                                                  "Startup Cost": 2157.65,
                                                  "Total Cost": 684159.07,
                                                  "Plan Rows": 14267,
                                                  "Plan Width": 4,
                                                  "Inner Unique": false,
                                                  "Hash Cond": "(store_sales.ss_sold_date_sk = date_dim.d_date_sk)",
                                                  "Plans": [
                                                    {
                                                      "Node Type": "Seq Scan",
                                                      "Parent Relationship": "Outer",
                                                      "Parallel Aware": true,
                                                      "Async Capable": false,
                                                      "Relation Name": "store_sales",
                                                      "Alias": "store_sales",
                                                      "Startup Cost": 0.0,
                                                      "Total Cost": 636914.37,
                                                      "Plan Rows": 12000637,
                                                      "Plan Width": 8,
                                                      "parent": 13,
                                                      "ID": 14
                                                    },
                                                    {
                                                      "Node Type": "Hash",
                                                      "Parent Relationship": "Inner",
                                                      "Parallel Aware": true,
                                                      "Async Capable": false,
                                                      "Startup Cost": 2156.97,
                                                      "Total Cost": 2156.97,
                                                      "Plan Rows": 54,
                                                      "Plan Width": 4,
                                                      "Plans": [
                                                        {
                                                          "Node Type": "Seq Scan",
                                                          "Parent Relationship": "Outer",
                                                          "Parallel Aware": true,
                                                          "Async Capable": false,
                                                          "Relation Name": "date_dim",
                                                          "Alias": "date_dim",
                                                          "Startup Cost": 0.0,
                                                          "Total Cost": 2156.97,
                                                          "Plan Rows": 54,
                                                          "Plan Width": 4,
                                                          "Filter": "((d_moy >= 4) AND (d_moy <= 6) AND (d_year = 2004))",
                                                          "parent": 15,
                                                          "ID": 16
                                                        }
                                                      ],
                                                      "parent": 13,
                                                      "ID": 15,
                                                      "left": 16
                                                    }
                                                  ],
                                                  "parent": 12,
                                                  "ID": 13,
                                                  "left": 14,
                                                  "right": 15
                                                }
                                              ],
                                              "parent": 10,
                                              "ID": 12,
                                              "left": 13
                                            }
                                          ],
                                          "parent": 9,
                                          "ID": 10,
                                          "left": 11,
                                          "right": 12
                                        },
                                        {
                                          "Node Type": "Hash",
                                          "Parent Relationship": "Inner",
                                          "Parallel Aware": true,
                                          "Async Capable": false,
                                          "Startup Cost": 6867.29,
                                          "Total Cost": 6867.29,
                                          "Plan Rows": 5698,
                                          "Plan Width": 4,
                                          "Plans": [
                                            {
                                              "Node Type": "Seq Scan",
                                              "Parent Relationship": "Outer",
                                              "Parallel Aware": true,
                                              "Async Capable": false,
                                              "Relation Name": "customer_address",
                                              "Alias": "ca",
                                              "Startup Cost": 0.0,
                                              "Total Cost": 6867.29,
                                              "Plan Rows": 5698,
                                              "Plan Width": 4,
                                              "Filter": "(ca_state = ANY ('{IN,UT,WV}'::bpchar[]))",
                                              "parent": 17,
                                              "ID": 18
                                            }
                                          ],
                                          "parent": 9,
                                          "ID": 17,
                                          "left": 18
                                        }
                                      ],
                                      "parent": 8,
                                      "ID": 9,
                                      "left": 10,
                                      "right": 17
                                    }
                                  ],
                                  "parent": 6,
                                  "ID": 8,
                                  "left": 9
                                }
                              ],
                              "parent": 5,
                              "ID": 6,
                              "left": 7,
                              "right": 8
                            }
                          ],
                          "parent": 4,
                          "ID": 5,
                          "left": 6
                        }
                      ],
                      "parent": 3,
                      "ID": 4,
                      "left": 5
                    },
                    {
                      "Node Type": "Materialize",
                      "Parent Relationship": "Inner",
                      "Parallel Aware": false,
                      "Async Capable": false,
                      "Startup Cost": 3157.65,
                      "Total Cost": 233105.09,
                      "Plan Rows": 8964,
                      "Plan Width": 4,
                      "Plans": [
                        {
                          "Node Type": "Gather",
                          "Parent Relationship": "Outer",
                          "Parallel Aware": false,
                          "Async Capable": false,
                          "Startup Cost": 3157.65,
                          "Total Cost": 233060.27,
                          "Plan Rows": 8964,
                          "Plan Width": 4,
                          "Workers Planned": 2,
                          "Single Copy": false,
                          "Plans": [
                            {
                              "Node Type": "Hash Join",
                              "Parent Relationship": "Outer",
                              "Parallel Aware": true,
                              "Async Capable": false,
                              "Join Type": "Inner",
                              "Startup Cost": 2157.65,
                              "Total Cost": 231163.87,
                              "Plan Rows": 3735,
                              "Plan Width": 4,
                              "Inner Unique": false,
                              "Hash Cond": "(web_sales.ws_sold_date_sk = date_dim_1.d_date_sk)",
                              "Plans": [
                                {
                                  "Node Type": "Seq Scan",
                                  "Parent Relationship": "Outer",
                                  "Parallel Aware": true,
                                  "Async Capable": false,
                                  "Relation Name": "web_sales",
                                  "Alias": "web_sales",
                                  "Startup Cost": 0.0,
                                  "Total Cost": 217737.86,
                                  "Plan Rows": 2998986,
                                  "Plan Width": 8,
                                  "parent": 21,
                                  "ID": 22
                                },
                                {
                                  "Node Type": "Hash",
                                  "Parent Relationship": "Inner",
                                  "Parallel Aware": true,
                                  "Async Capable": false,
                                  "Startup Cost": 2156.97,
                                  "Total Cost": 2156.97,
                                  "Plan Rows": 54,
                                  "Plan Width": 4,
                                  "Plans": [
                                    {
                                      "Node Type": "Seq Scan",
                                      "Parent Relationship": "Outer",
                                      "Parallel Aware": true,
                                      "Async Capable": false,
                                      "Relation Name": "date_dim",
                                      "Alias": "date_dim_1",
                                      "Startup Cost": 0.0,
                                      "Total Cost": 2156.97,
                                      "Plan Rows": 54,
                                      "Plan Width": 4,
                                      "Filter": "((d_moy >= 4) AND (d_moy <= 6) AND (d_year = 2004))",
                                      "parent": 23,
                                      "ID": 24
                                    }
                                  ],
                                  "parent": 21,
                                  "ID": 23,
                                  "left": 24
                                }
                              ],
                              "parent": 20,
                              "ID": 21,
                              "left": 22,
                              "right": 23
                            }
                          ],
                          "parent": 19,
                          "ID": 20,
                          "left": 21
                        }
                      ],
                      "parent": 3,
                      "ID": 19,
                      "left": 20
                    }
                  ],
                  "parent": 2,
                  "ID": 3,
                  "left": 4,
                  "right": 19
                },
                {
                  "Node Type": "Materialize",
                  "Parent Relationship": "Inner",
                  "Parallel Aware": false,
                  "Async Capable": false,
                  "Startup Cost": 2684.49,
                  "Total Cost": 574652.42,
                  "Plan Rows": 17839,
                  "Plan Width": 4,
                  "Plans": [
                    {
                      "Node Type": "Hash Join",
                      "Parent Relationship": "Outer",
                      "Parallel Aware": false,
                      "Async Capable": false,
                      "Join Type": "Inner",
                      "Startup Cost": 2684.49,
                      "Total Cost": 574563.22,
                      "Plan Rows": 17839,
                      "Plan Width": 4,
                      "Inner Unique": false,
                      "Hash Cond": "(catalog_sales.cs_sold_date_sk = date_dim_2.d_date_sk)",
                      "Plans": [
                        {
                          "Node Type": "Seq Scan",
                          "Parent Relationship": "Outer",
                          "Parallel Aware": false,
                          "Async Capable": false,
                          "Relation Name": "catalog_sales",
                          "Alias": "catalog_sales",
                          "Startup Cost": 0.0,
                          "Total Cost": 517695.61,
                          "Plan Rows": 14401261,
                          "Plan Width": 8,
                          "parent": 26,
                          "ID": 27
                        },
                        {
                          "Node Type": "Hash",
                          "Parent Relationship": "Inner",
                          "Parallel Aware": false,
                          "Async Capable": false,
                          "Startup Cost": 2683.36,
                          "Total Cost": 2683.36,
                          "Plan Rows": 91,
                          "Plan Width": 4,
                          "Plans": [
                            {
                              "Node Type": "Seq Scan",
                              "Parent Relationship": "Outer",
                              "Parallel Aware": false,
                              "Async Capable": false,
                              "Relation Name": "date_dim",
                              "Alias": "date_dim_2",
                              "Startup Cost": 0.0,
                              "Total Cost": 2683.36,
                              "Plan Rows": 91,
                              "Plan Width": 4,
                              "Filter": "((d_moy >= 4) AND (d_moy <= 6) AND (d_year = 2004))",
                              "parent": 28,
                              "ID": 29
                            }
                          ],
                          "parent": 26,
                          "ID": 28,
                          "left": 29
                        }
                      ],
                      "parent": 25,
                      "ID": 26,
                      "left": 27,
                      "right": 28
                    }
                  ],
                  "parent": 2,
                  "ID": 25,
                  "left": 26
                }
              ],
              "parent": 1,
              "ID": 2,
              "left": 3,
              "right": 25
            }
          ],
          "parent": 0,
          "ID": 1,
          "left": 2
        }
      ],
      "parent": null,
      "ID": 0,
      "left": 1
    },
    "feat": {
      "utility": 0.003187774454580625,
      "query_shape": [
        [
          "Seq Scan",
          "Hash Join",
          "Sort",
          "Gather Merge",
          "Nested Loop",
          "Aggregate"
        ],
        [
          "Seq Scan",
          "Hash Join",
          "Hash",
          "Sort",
          "Gather Merge",
          "Nested Loop",
          "Aggregate"
        ],
        [
          "Seq Scan",
          "Hash Join",
          "Hash",
          "Sort",
          "Gather Merge",
          "Nested Loop",
          "Aggregate"
        ],
        [
          "Seq Scan",
          "Hash",
          "Hash Join",
          "Sort",
          "Gather Merge",
          "Nested Loop",
          "Aggregate"
        ],
        [
          "Seq Scan",
          "Hash",
          "Hash Join",
          "Sort",
          "Gather Merge",
          "Nested Loop",
          "Aggregate"
        ],
        [
          "Seq Scan",
          "Hash Join",
          "Gather",
          "Materialize",
          "Nested Loop",
          "Aggregate"
        ],
        [
          "Seq Scan",
          "Hash",
          "Hash Join",
          "Gather",
          "Materialize",
          "Nested Loop",
          "Aggregate"
        ],
        [
          "Seq Scan",
          "Hash Join",
          "Materialize",
          "Nested Loop",
          "Aggregate"
        ],
        [
          "Seq Scan",
          "Hash",
          "Hash Join",
          "Materialize",
          "Nested Loop",
          "Aggregate"
        ]
      ],
      "index_shape": [
        "join"
      ],
      "physical_operator": {
        "Hash Join": [
          0.0036894726553894776
        ]
      }
    }
  },
  {
    "query": "select  \n  cd_gender,\n  cd_marital_status,\n  cd_education_status,\n  count(*) cnt1,\n  cd_purchase_estimate,\n  count(*) cnt2,\n  cd_credit_rating,\n  count(*) cnt3\n from\n  customer c,customer_address ca,customer_demographics\n where\n  c.c_current_addr_sk = ca.ca_address_sk and\n  ca_state in ('IN','UT','WV') and\n  cd_demo_sk = c.c_current_cdemo_sk and \n  exists (select *\n          from store_sales,date_dim\n          where c.c_customer_sk = ss_customer_sk and\n                ss_sold_date_sk = d_date_sk and\n                d_year = 2004 and\n                d_moy between 4 and 4+2) and\n   (not exists (select *\n            from web_sales,date_dim\n            where c.c_customer_sk = ws_bill_customer_sk and\n                  ws_sold_date_sk = d_date_sk and\n                  d_year = 2004 and\n                  d_moy between 4 and 4+2) and\n    not exists (select * \n            from catalog_sales,date_dim\n            where c.c_customer_sk = cs_ship_customer_sk and\n                  cs_sold_date_sk = d_date_sk and\n                  d_year = 2004 and\n                  d_moy between 4 and 4+2))\n group by cd_gender,\n          cd_marital_status,\n          cd_education_status,\n          cd_purchase_estimate,\n          cd_credit_rating\n order by cd_gender,\n          cd_marital_status,\n          cd_education_status,\n          cd_purchase_estimate,\n          cd_credit_rating\n limit 100;\n\n-- end query 51 in stream 4 using template query69.tpl\n",
    "indexes": "catalog_sales.cs_ship_customer_sk",
    "wo plan est": {
      "Node Type": "Limit",
      "Parallel Aware": false,
      "Async Capable": false,
      "Startup Cost": 747667.94,
      "Total Cost": 838660.28,
      "Plan Rows": 100,
      "Plan Width": 64,
      "Plans": [
        {
          "Node Type": "Aggregate",
          "Strategy": "Sorted",
          "Partial Mode": "Simple",
          "Parent Relationship": "Outer",
          "Parallel Aware": false,
          "Async Capable": false,
          "Startup Cost": 747667.94,
          "Total Cost": 2235392.72,
          "Plan Rows": 1635,
          "Plan Width": 64,
          "Group Key": [
            "customer_demographics.cd_gender",
            "customer_demographics.cd_marital_status",
            "customer_demographics.cd_education_status",
            "customer_demographics.cd_purchase_estimate",
            "customer_demographics.cd_credit_rating"
          ],
          "Plans": [
            {
              "Node Type": "Nested Loop",
              "Parent Relationship": "Outer",
              "Parallel Aware": false,
              "Async Capable": false,
              "Join Type": "Anti",
              "Startup Cost": 747667.94,
              "Total Cost": 2235351.85,
              "Plan Rows": 1635,
              "Plan Width": 40,
              "Inner Unique": false,
              "Join Filter": "(c.c_customer_sk = catalog_sales.cs_ship_customer_sk)",
              "Plans": [
                {
                  "Node Type": "Nested Loop",
                  "Parent Relationship": "Outer",
                  "Parallel Aware": false,
                  "Async Capable": false,
                  "Join Type": "Anti",
                  "Startup Cost": 744983.45,
                  "Total Cost": 1207187.45,
                  "Plan Rows": 1695,
                  "Plan Width": 44,
                  "Inner Unique": false,
                  "Join Filter": "(c.c_customer_sk = web_sales.ws_bill_customer_sk)",
                  "Plans": [
                    {
                      "Node Type": "Gather Merge",
                      "Parent Relationship": "Outer",
                      "Parallel Aware": false,
                      "Async Capable": false,
                      "Startup Cost": 741825.8,
                      "Total Cost": 742026.82,
                      "Plan Rows": 1726,
                      "Plan Width": 44,
                      "Workers Planned": 2,
                      "Plans": [
                        {
                          "Node Type": "Sort",
                          "Parent Relationship": "Outer",
                          "Parallel Aware": false,
                          "Async Capable": false,
                          "Startup Cost": 740825.77,
                          "Total Cost": 740827.57,
                          "Plan Rows": 719,
                          "Plan Width": 44,
                          "Sort Key": [
                            "customer_demographics.cd_gender",
                            "customer_demographics.cd_marital_status",
                            "customer_demographics.cd_education_status",
                            "customer_demographics.cd_purchase_estimate",
                            "customer_demographics.cd_credit_rating"
                          ],
                          "Plans": [
                            {
                              "Node Type": "Hash Join",
                              "Parent Relationship": "Outer",
                              "Parallel Aware": true,
                              "Async Capable": false,
                              "Join Type": "Inner",
                              "Startup Cost": 707956.07,
                              "Total Cost": 740791.66,
                              "Plan Rows": 719,
                              "Plan Width": 44,
                              "Inner Unique": false,
                              "Hash Cond": "(customer_demographics.cd_demo_sk = c.c_current_cdemo_sk)",
                              "Plans": [
                                {
                                  "Node Type": "Seq Scan",
                                  "Parent Relationship": "Outer",
                                  "Parallel Aware": true,
                                  "Async Capable": false,
                                  "Relation Name": "customer_demographics",
                                  "Alias": "customer_demographics",
                                  "Startup Cost": 0.0,
                                  "Total Cost": 29831.33,
                                  "Plan Rows": 800333,
                                  "Plan Width": 44,
                                  "parent": 6,
                                  "ID": 7
                                },
                                {
                                  "Node Type": "Hash",
                                  "Parent Relationship": "Inner",
                                  "Parallel Aware": true,
                                  "Async Capable": false,
                                  "Startup Cost": 707946.76,
                                  "Total Cost": 707946.76,
                                  "Plan Rows": 745,
                                  "Plan Width": 8,
                                  "Plans": [
                                    {
                                      "Node Type": "Hash Join",
                                      "Parent Relationship": "Outer",
                                      "Parallel Aware": true,
                                      "Async Capable": false,
                                      "Join Type": "Inner",
                                      "Startup Cost": 691275.92,
                                      "Total Cost": 707946.76,
                                      "Plan Rows": 745,
                                      "Plan Width": 8,
                                      "Inner Unique": false,
                                      "Hash Cond": "(c.c_current_addr_sk = ca.ca_address_sk)",
                                      "Plans": [
                                        {
                                          "Node Type": "Hash Join",
                                          "Parent Relationship": "Outer",
                                          "Parallel Aware": true,
                                          "Async Capable": false,
                                          "Join Type": "Semi",
                                          "Startup Cost": 684337.4,
                                          "Total Cost": 700954.09,
                                          "Plan Rows": 13615,
                                          "Plan Width": 12,
                                          "Inner Unique": false,
                                          "Hash Cond": "(c.c_customer_sk = store_sales.ss_customer_sk)",
                                          "Plans": [
                                            {
                                              "Node Type": "Seq Scan",
                                              "Parent Relationship": "Outer",
                                              "Parallel Aware": true,
                                              "Async Capable": false,
                                              "Relation Name": "customer",
                                              "Alias": "c",
                                              "Startup Cost": 0.0,
                                              "Total Cost": 15918.33,
                                              "Plan Rows": 208333,
                                              "Plan Width": 12,
                                              "parent": 10,
                                              "ID": 11
                                            },
                                            {
                                              "Node Type": "Hash",
                                              "Parent Relationship": "Inner",
                                              "Parallel Aware": true,
                                              "Async Capable": false,
                                              "Startup Cost": 684159.07,
                                              "Total Cost": 684159.07,
                                              "Plan Rows": 14267,
                                              "Plan Width": 4,
                                              "Plans": [
                                                {
                                                  "Node Type": "Hash Join",
                                                  "Parent Relationship": "Outer",
                                                  "Parallel Aware": true,
                                                  "Async Capable": false,
                                                  "Join Type": "Inner",
                                                  "Startup Cost": 2157.65,
                                                  "Total Cost": 684159.07,
                                                  "Plan Rows": 14267,
                                                  "Plan Width": 4,
                                                  "Inner Unique": false,
                                                  "Hash Cond": "(store_sales.ss_sold_date_sk = date_dim.d_date_sk)",
                                                  "Plans": [
                                                    {
                                                      "Node Type": "Seq Scan",
                                                      "Parent Relationship": "Outer",
                                                      "Parallel Aware": true,
                                                      "Async Capable": false,
                                                      "Relation Name": "store_sales",
                                                      "Alias": "store_sales",
                                                      "Startup Cost": 0.0,
                                                      "Total Cost": 636914.37,
                                                      "Plan Rows": 12000637,
                                                      "Plan Width": 8,
                                                      "parent": 13,
                                                      "ID": 14
                                                    },
                                                    {
                                                      "Node Type": "Hash",
                                                      "Parent Relationship": "Inner",
                                                      "Parallel Aware": true,
                                                      "Async Capable": false,
                                                      "Startup Cost": 2156.97,
                                                      "Total Cost": 2156.97,
                                                      "Plan Rows": 54,
                                                      "Plan Width": 4,
                                                      "Plans": [
                                                        {
                                                          "Node Type": "Seq Scan",
                                                          "Parent Relationship": "Outer",
                                                          "Parallel Aware": true,
                                                          "Async Capable": false,
                                                          "Relation Name": "date_dim",
                                                          "Alias": "date_dim",
                                                          "Startup Cost": 0.0,
                                                          "Total Cost": 2156.97,
                                                          "Plan Rows": 54,
                                                          "Plan Width": 4,
                                                          "Filter": "((d_moy >= 4) AND (d_moy <= 6) AND (d_year = 2004))",
                                                          "parent": 15,
                                                          "ID": 16
                                                        }
                                                      ],
                                                      "parent": 13,
                                                      "ID": 15,
                                                      "left": 16
                                                    }
                                                  ],
                                                  "parent": 12,
                                                  "ID": 13,
                                                  "left": 14,
                                                  "right": 15
                                                }
                                              ],
                                              "parent": 10,
                                              "ID": 12,
                                              "left": 13
                                            }
                                          ],
                                          "parent": 9,
                                          "ID": 10,
                                          "left": 11,
                                          "right": 12
                                        },
                                        {
                                          "Node Type": "Hash",
                                          "Parent Relationship": "Inner",
                                          "Parallel Aware": true,
                                          "Async Capable": false,
                                          "Startup Cost": 6867.29,
                                          "Total Cost": 6867.29,
                                          "Plan Rows": 5698,
                                          "Plan Width": 4,
                                          "Plans": [
                                            {
                                              "Node Type": "Seq Scan",
                                              "Parent Relationship": "Outer",
                                              "Parallel Aware": true,
                                              "Async Capable": false,
                                              "Relation Name": "customer_address",
                                              "Alias": "ca",
                                              "Startup Cost": 0.0,
                                              "Total Cost": 6867.29,
                                              "Plan Rows": 5698,
                                              "Plan Width": 4,
                                              "Filter": "(ca_state = ANY ('{IN,UT,WV}'::bpchar[]))",
                                              "parent": 17,
                                              "ID": 18
                                            }
                                          ],
                                          "parent": 9,
                                          "ID": 17,
                                          "left": 18
                                        }
                                      ],
                                      "parent": 8,
                                      "ID": 9,
                                      "left": 10,
                                      "right": 17
                                    }
                                  ],
                                  "parent": 6,
                                  "ID": 8,
                                  "left": 9
                                }
                              ],
                              "parent": 5,
                              "ID": 6,
                              "left": 7,
                              "right": 8
                            }
                          ],
                          "parent": 4,
                          "ID": 5,
                          "left": 6
                        }
                      ],
                      "parent": 3,
                      "ID": 4,
                      "left": 5
                    },
                    {
                      "Node Type": "Materialize",
                      "Parent Relationship": "Inner",
                      "Parallel Aware": false,
                      "Async Capable": false,
                      "Startup Cost": 3157.65,
                      "Total Cost": 233105.09,
                      "Plan Rows": 8964,
                      "Plan Width": 4,
                      "Plans": [
                        {
                          "Node Type": "Gather",
                          "Parent Relationship": "Outer",
                          "Parallel Aware": false,
                          "Async Capable": false,
                          "Startup Cost": 3157.65,
                          "Total Cost": 233060.27,
                          "Plan Rows": 8964,
                          "Plan Width": 4,
                          "Workers Planned": 2,
                          "Single Copy": false,
                          "Plans": [
                            {
                              "Node Type": "Hash Join",
                              "Parent Relationship": "Outer",
                              "Parallel Aware": true,
                              "Async Capable": false,
                              "Join Type": "Inner",
                              "Startup Cost": 2157.65,
                              "Total Cost": 231163.87,
                              "Plan Rows": 3735,
                              "Plan Width": 4,
                              "Inner Unique": false,
                              "Hash Cond": "(web_sales.ws_sold_date_sk = date_dim_1.d_date_sk)",
                              "Plans": [
                                {
                                  "Node Type": "Seq Scan",
                                  "Parent Relationship": "Outer",
                                  "Parallel Aware": true,
                                  "Async Capable": false,
                                  "Relation Name": "web_sales",
                                  "Alias": "web_sales",
                                  "Startup Cost": 0.0,
                                  "Total Cost": 217737.86,
                                  "Plan Rows": 2998986,
                                  "Plan Width": 8,
                                  "parent": 21,
                                  "ID": 22
                                },
                                {
                                  "Node Type": "Hash",
                                  "Parent Relationship": "Inner",
                                  "Parallel Aware": true,
                                  "Async Capable": false,
                                  "Startup Cost": 2156.97,
                                  "Total Cost": 2156.97,
                                  "Plan Rows": 54,
                                  "Plan Width": 4,
                                  "Plans": [
                                    {
                                      "Node Type": "Seq Scan",
                                      "Parent Relationship": "Outer",
                                      "Parallel Aware": true,
                                      "Async Capable": false,
                                      "Relation Name": "date_dim",
                                      "Alias": "date_dim_1",
                                      "Startup Cost": 0.0,
                                      "Total Cost": 2156.97,
                                      "Plan Rows": 54,
                                      "Plan Width": 4,
                                      "Filter": "((d_moy >= 4) AND (d_moy <= 6) AND (d_year = 2004))",
                                      "parent": 23,
                                      "ID": 24
                                    }
                                  ],
                                  "parent": 21,
                                  "ID": 23,
                                  "left": 24
                                }
                              ],
                              "parent": 20,
                              "ID": 21,
                              "left": 22,
                              "right": 23
                            }
                          ],
                          "parent": 19,
                          "ID": 20,
                          "left": 21
                        }
                      ],
                      "parent": 3,
                      "ID": 19,
                      "left": 20
                    }
                  ],
                  "parent": 2,
                  "ID": 3,
                  "left": 4,
                  "right": 19
                },
                {
                  "Node Type": "Materialize",
                  "Parent Relationship": "Inner",
                  "Parallel Aware": false,
                  "Async Capable": false,
                  "Startup Cost": 2684.49,
                  "Total Cost": 574652.42,
                  "Plan Rows": 17839,
                  "Plan Width": 4,
                  "Plans": [
                    {
                      "Node Type": "Hash Join",
                      "Parent Relationship": "Outer",
                      "Parallel Aware": false,
                      "Async Capable": false,
                      "Join Type": "Inner",
                      "Startup Cost": 2684.49,
                      "Total Cost": 574563.22,
                      "Plan Rows": 17839,
                      "Plan Width": 4,
                      "Inner Unique": false,
                      "Hash Cond": "(catalog_sales.cs_sold_date_sk = date_dim_2.d_date_sk)",
                      "Plans": [
                        {
                          "Node Type": "Seq Scan",
                          "Parent Relationship": "Outer",
                          "Parallel Aware": false,
                          "Async Capable": false,
                          "Relation Name": "catalog_sales",
                          "Alias": "catalog_sales",
                          "Startup Cost": 0.0,
                          "Total Cost": 517695.61,
                          "Plan Rows": 14401261,
                          "Plan Width": 8,
                          "parent": 26,
                          "ID": 27
                        },
                        {
                          "Node Type": "Hash",
                          "Parent Relationship": "Inner",
                          "Parallel Aware": false,
                          "Async Capable": false,
                          "Startup Cost": 2683.36,
                          "Total Cost": 2683.36,
                          "Plan Rows": 91,
                          "Plan Width": 4,
                          "Plans": [
                            {
                              "Node Type": "Seq Scan",
                              "Parent Relationship": "Outer",
                              "Parallel Aware": false,
                              "Async Capable": false,
                              "Relation Name": "date_dim",
                              "Alias": "date_dim_2",
                              "Startup Cost": 0.0,
                              "Total Cost": 2683.36,
                              "Plan Rows": 91,
                              "Plan Width": 4,
                              "Filter": "((d_moy >= 4) AND (d_moy <= 6) AND (d_year = 2004))",
                              "parent": 28,
                              "ID": 29
                            }
                          ],
                          "parent": 26,
                          "ID": 28,
                          "left": 29
                        }
                      ],
                      "parent": 25,
                      "ID": 26,
                      "left": 27,
                      "right": 28
                    }
                  ],
                  "parent": 2,
                  "ID": 25,
                  "left": 26
                }
              ],
              "parent": 1,
              "ID": 2,
              "left": 3,
              "right": 25
            }
          ],
          "parent": 0,
          "ID": 1,
          "left": 2
        }
      ],
      "parent": null,
      "ID": 0,
      "left": 1
    },
    "feat": {
      "utility": 0.0031760513971820893,
      "query_shape": [
        [
          "Seq Scan",
          "Hash Join",
          "Sort",
          "Gather Merge",
          "Nested Loop",
          "Aggregate"
        ],
        [
          "Seq Scan",
          "Hash Join",
          "Hash",
          "Sort",
          "Gather Merge",
          "Nested Loop",
          "Aggregate"
        ],
        [
          "Seq Scan",
          "Hash Join",
          "Hash",
          "Sort",
          "Gather Merge",
          "Nested Loop",
          "Aggregate"
        ],
        [
          "Seq Scan",
          "Hash",
          "Hash Join",
          "Sort",
          "Gather Merge",
          "Nested Loop",
          "Aggregate"
        ],
        [
          "Seq Scan",
          "Hash",
          "Hash Join",
          "Sort",
          "Gather Merge",
          "Nested Loop",
          "Aggregate"
        ],
        [
          "Seq Scan",
          "Hash Join",
          "Gather",
          "Materialize",
          "Nested Loop",
          "Aggregate"
        ],
        [
          "Seq Scan",
          "Hash",
          "Hash Join",
          "Gather",
          "Materialize",
          "Nested Loop",
          "Aggregate"
        ],
        [
          "Seq Scan",
          "Hash Join",
          "Materialize",
          "Nested Loop",
          "Aggregate"
        ],
        [
          "Seq Scan",
          "Hash",
          "Hash Join",
          "Materialize",
          "Nested Loop",
          "Aggregate"
        ]
      ],
      "index_shape": [
        "join"
      ],
      "physical_operator": {
        "Nested Loop": [
          0.007353409883458764
        ]
      }
    }
  },
  {
    "query": "select  \n  cd_gender,\n  cd_marital_status,\n  cd_education_status,\n  count(*) cnt1,\n  cd_purchase_estimate,\n  count(*) cnt2,\n  cd_credit_rating,\n  count(*) cnt3\n from\n  customer c,customer_address ca,customer_demographics\n where\n  c.c_current_addr_sk = ca.ca_address_sk and\n  ca_state in ('IN','UT','WV') and\n  cd_demo_sk = c.c_current_cdemo_sk and \n  exists (select *\n          from store_sales,date_dim\n          where c.c_customer_sk = ss_customer_sk and\n                ss_sold_date_sk = d_date_sk and\n                d_year = 2004 and\n                d_moy between 4 and 4+2) and\n   (not exists (select *\n            from web_sales,date_dim\n            where c.c_customer_sk = ws_bill_customer_sk and\n                  ws_sold_date_sk = d_date_sk and\n                  d_year = 2004 and\n                  d_moy between 4 and 4+2) and\n    not exists (select * \n            from catalog_sales,date_dim\n            where c.c_customer_sk = cs_ship_customer_sk and\n                  cs_sold_date_sk = d_date_sk and\n                  d_year = 2004 and\n                  d_moy between 4 and 4+2))\n group by cd_gender,\n          cd_marital_status,\n          cd_education_status,\n          cd_purchase_estimate,\n          cd_credit_rating\n order by cd_gender,\n          cd_marital_status,\n          cd_education_status,\n          cd_purchase_estimate,\n          cd_credit_rating\n limit 100;\n\n-- end query 51 in stream 4 using template query69.tpl\n",
    "indexes": "store_sales.ss_sold_date_sk",
    "wo plan est": {
      "Node Type": "Limit",
      "Parallel Aware": false,
      "Async Capable": false,
      "Startup Cost": 747667.94,
      "Total Cost": 838660.28,
      "Plan Rows": 100,
      "Plan Width": 64,
      "Plans": [
        {
          "Node Type": "Aggregate",
          "Strategy": "Sorted",
          "Partial Mode": "Simple",
          "Parent Relationship": "Outer",
          "Parallel Aware": false,
          "Async Capable": false,
          "Startup Cost": 747667.94,
          "Total Cost": 2235392.72,
          "Plan Rows": 1635,
          "Plan Width": 64,
          "Group Key": [
            "customer_demographics.cd_gender",
            "customer_demographics.cd_marital_status",
            "customer_demographics.cd_education_status",
            "customer_demographics.cd_purchase_estimate",
            "customer_demographics.cd_credit_rating"
          ],
          "Plans": [
            {
              "Node Type": "Nested Loop",
              "Parent Relationship": "Outer",
              "Parallel Aware": false,
              "Async Capable": false,
              "Join Type": "Anti",
              "Startup Cost": 747667.94,
              "Total Cost": 2235351.85,
              "Plan Rows": 1635,
              "Plan Width": 40,
              "Inner Unique": false,
              "Join Filter": "(c.c_customer_sk = catalog_sales.cs_ship_customer_sk)",
              "Plans": [
                {
                  "Node Type": "Nested Loop",
                  "Parent Relationship": "Outer",
                  "Parallel Aware": false,
                  "Async Capable": false,
                  "Join Type": "Anti",
                  "Startup Cost": 744983.45,
                  "Total Cost": 1207187.45,
                  "Plan Rows": 1695,
                  "Plan Width": 44,
                  "Inner Unique": false,
                  "Join Filter": "(c.c_customer_sk = web_sales.ws_bill_customer_sk)",
                  "Plans": [
                    {
                      "Node Type": "Gather Merge",
                      "Parent Relationship": "Outer",
                      "Parallel Aware": false,
                      "Async Capable": false,
                      "Startup Cost": 741825.8,
                      "Total Cost": 742026.82,
                      "Plan Rows": 1726,
                      "Plan Width": 44,
                      "Workers Planned": 2,
                      "Plans": [
                        {
                          "Node Type": "Sort",
                          "Parent Relationship": "Outer",
                          "Parallel Aware": false,
                          "Async Capable": false,
                          "Startup Cost": 740825.77,
                          "Total Cost": 740827.57,
                          "Plan Rows": 719,
                          "Plan Width": 44,
                          "Sort Key": [
                            "customer_demographics.cd_gender",
                            "customer_demographics.cd_marital_status",
                            "customer_demographics.cd_education_status",
                            "customer_demographics.cd_purchase_estimate",
                            "customer_demographics.cd_credit_rating"
                          ],
                          "Plans": [
                            {
                              "Node Type": "Hash Join",
                              "Parent Relationship": "Outer",
                              "Parallel Aware": true,
                              "Async Capable": false,
                              "Join Type": "Inner",
                              "Startup Cost": 707956.07,
                              "Total Cost": 740791.66,
                              "Plan Rows": 719,
                              "Plan Width": 44,
                              "Inner Unique": false,
                              "Hash Cond": "(customer_demographics.cd_demo_sk = c.c_current_cdemo_sk)",
                              "Plans": [
                                {
                                  "Node Type": "Seq Scan",
                                  "Parent Relationship": "Outer",
                                  "Parallel Aware": true,
                                  "Async Capable": false,
                                  "Relation Name": "customer_demographics",
                                  "Alias": "customer_demographics",
                                  "Startup Cost": 0.0,
                                  "Total Cost": 29831.33,
                                  "Plan Rows": 800333,
                                  "Plan Width": 44,
                                  "parent": 6,
                                  "ID": 7
                                },
                                {
                                  "Node Type": "Hash",
                                  "Parent Relationship": "Inner",
                                  "Parallel Aware": true,
                                  "Async Capable": false,
                                  "Startup Cost": 707946.76,
                                  "Total Cost": 707946.76,
                                  "Plan Rows": 745,
                                  "Plan Width": 8,
                                  "Plans": [
                                    {
                                      "Node Type": "Hash Join",
                                      "Parent Relationship": "Outer",
                                      "Parallel Aware": true,
                                      "Async Capable": false,
                                      "Join Type": "Inner",
                                      "Startup Cost": 691275.92,
                                      "Total Cost": 707946.76,
                                      "Plan Rows": 745,
                                      "Plan Width": 8,
                                      "Inner Unique": false,
                                      "Hash Cond": "(c.c_current_addr_sk = ca.ca_address_sk)",
                                      "Plans": [
                                        {
                                          "Node Type": "Hash Join",
                                          "Parent Relationship": "Outer",
                                          "Parallel Aware": true,
                                          "Async Capable": false,
                                          "Join Type": "Semi",
                                          "Startup Cost": 684337.4,
                                          "Total Cost": 700954.09,
                                          "Plan Rows": 13615,
                                          "Plan Width": 12,
                                          "Inner Unique": false,
                                          "Hash Cond": "(c.c_customer_sk = store_sales.ss_customer_sk)",
                                          "Plans": [
                                            {
                                              "Node Type": "Seq Scan",
                                              "Parent Relationship": "Outer",
                                              "Parallel Aware": true,
                                              "Async Capable": false,
                                              "Relation Name": "customer",
                                              "Alias": "c",
                                              "Startup Cost": 0.0,
                                              "Total Cost": 15918.33,
                                              "Plan Rows": 208333,
                                              "Plan Width": 12,
                                              "parent": 10,
                                              "ID": 11
                                            },
                                            {
                                              "Node Type": "Hash",
                                              "Parent Relationship": "Inner",
                                              "Parallel Aware": true,
                                              "Async Capable": false,
                                              "Startup Cost": 684159.07,
                                              "Total Cost": 684159.07,
                                              "Plan Rows": 14267,
                                              "Plan Width": 4,
                                              "Plans": [
                                                {
                                                  "Node Type": "Hash Join",
                                                  "Parent Relationship": "Outer",
                                                  "Parallel Aware": true,
                                                  "Async Capable": false,
                                                  "Join Type": "Inner",
                                                  "Startup Cost": 2157.65,
                                                  "Total Cost": 684159.07,
                                                  "Plan Rows": 14267,
                                                  "Plan Width": 4,
                                                  "Inner Unique": false,
                                                  "Hash Cond": "(store_sales.ss_sold_date_sk = date_dim.d_date_sk)",
                                                  "Plans": [
                                                    {
                                                      "Node Type": "Seq Scan",
                                                      "Parent Relationship": "Outer",
                                                      "Parallel Aware": true,
                                                      "Async Capable": false,
                                                      "Relation Name": "store_sales",
                                                      "Alias": "store_sales",
                                                      "Startup Cost": 0.0,
                                                      "Total Cost": 636914.37,
                                                      "Plan Rows": 12000637,
                                                      "Plan Width": 8,
                                                      "parent": 13,
                                                      "ID": 14
                                                    },
                                                    {
                                                      "Node Type": "Hash",
                                                      "Parent Relationship": "Inner",
                                                      "Parallel Aware": true,
                                                      "Async Capable": false,
                                                      "Startup Cost": 2156.97,
                                                      "Total Cost": 2156.97,
                                                      "Plan Rows": 54,
                                                      "Plan Width": 4,
                                                      "Plans": [
                                                        {
                                                          "Node Type": "Seq Scan",
                                                          "Parent Relationship": "Outer",
                                                          "Parallel Aware": true,
                                                          "Async Capable": false,
                                                          "Relation Name": "date_dim",
                                                          "Alias": "date_dim",
                                                          "Startup Cost": 0.0,
                                                          "Total Cost": 2156.97,
                                                          "Plan Rows": 54,
                                                          "Plan Width": 4,
                                                          "Filter": "((d_moy >= 4) AND (d_moy <= 6) AND (d_year = 2004))",
                                                          "parent": 15,
                                                          "ID": 16
                                                        }
                                                      ],
                                                      "parent": 13,
                                                      "ID": 15,
                                                      "left": 16
                                                    }
                                                  ],
                                                  "parent": 12,
                                                  "ID": 13,
                                                  "left": 14,
                                                  "right": 15
                                                }
                                              ],
                                              "parent": 10,
                                              "ID": 12,
                                              "left": 13
                                            }
                                          ],
                                          "parent": 9,
                                          "ID": 10,
                                          "left": 11,
                                          "right": 12
                                        },
                                        {
                                          "Node Type": "Hash",
                                          "Parent Relationship": "Inner",
                                          "Parallel Aware": true,
                                          "Async Capable": false,
                                          "Startup Cost": 6867.29,
                                          "Total Cost": 6867.29,
                                          "Plan Rows": 5698,
                                          "Plan Width": 4,
                                          "Plans": [
                                            {
                                              "Node Type": "Seq Scan",
                                              "Parent Relationship": "Outer",
                                              "Parallel Aware": true,
                                              "Async Capable": false,
                                              "Relation Name": "customer_address",
                                              "Alias": "ca",
                                              "Startup Cost": 0.0,
                                              "Total Cost": 6867.29,
                                              "Plan Rows": 5698,
                                              "Plan Width": 4,
                                              "Filter": "(ca_state = ANY ('{IN,UT,WV}'::bpchar[]))",
                                              "parent": 17,
                                              "ID": 18
                                            }
                                          ],
                                          "parent": 9,
                                          "ID": 17,
                                          "left": 18
                                        }
                                      ],
                                      "parent": 8,
                                      "ID": 9,
                                      "left": 10,
                                      "right": 17
                                    }
                                  ],
                                  "parent": 6,
                                  "ID": 8,
                                  "left": 9
                                }
                              ],
                              "parent": 5,
                              "ID": 6,
                              "left": 7,
                              "right": 8
                            }
                          ],
                          "parent": 4,
                          "ID": 5,
                          "left": 6
                        }
                      ],
                      "parent": 3,
                      "ID": 4,
                      "left": 5
                    },
                    {
                      "Node Type": "Materialize",
                      "Parent Relationship": "Inner",
                      "Parallel Aware": false,
                      "Async Capable": false,
                      "Startup Cost": 3157.65,
                      "Total Cost": 233105.09,
                      "Plan Rows": 8964,
                      "Plan Width": 4,
                      "Plans": [
                        {
                          "Node Type": "Gather",
                          "Parent Relationship": "Outer",
                          "Parallel Aware": false,
                          "Async Capable": false,
                          "Startup Cost": 3157.65,
                          "Total Cost": 233060.27,
                          "Plan Rows": 8964,
                          "Plan Width": 4,
                          "Workers Planned": 2,
                          "Single Copy": false,
                          "Plans": [
                            {
                              "Node Type": "Hash Join",
                              "Parent Relationship": "Outer",
                              "Parallel Aware": true,
                              "Async Capable": false,
                              "Join Type": "Inner",
                              "Startup Cost": 2157.65,
                              "Total Cost": 231163.87,
                              "Plan Rows": 3735,
                              "Plan Width": 4,
                              "Inner Unique": false,
                              "Hash Cond": "(web_sales.ws_sold_date_sk = date_dim_1.d_date_sk)",
                              "Plans": [
                                {
                                  "Node Type": "Seq Scan",
                                  "Parent Relationship": "Outer",
                                  "Parallel Aware": true,
                                  "Async Capable": false,
                                  "Relation Name": "web_sales",
                                  "Alias": "web_sales",
                                  "Startup Cost": 0.0,
                                  "Total Cost": 217737.86,
                                  "Plan Rows": 2998986,
                                  "Plan Width": 8,
                                  "parent": 21,
                                  "ID": 22
                                },
                                {
                                  "Node Type": "Hash",
                                  "Parent Relationship": "Inner",
                                  "Parallel Aware": true,
                                  "Async Capable": false,
                                  "Startup Cost": 2156.97,
                                  "Total Cost": 2156.97,
                                  "Plan Rows": 54,
                                  "Plan Width": 4,
                                  "Plans": [
                                    {
                                      "Node Type": "Seq Scan",
                                      "Parent Relationship": "Outer",
                                      "Parallel Aware": true,
                                      "Async Capable": false,
                                      "Relation Name": "date_dim",
                                      "Alias": "date_dim_1",
                                      "Startup Cost": 0.0,
                                      "Total Cost": 2156.97,
                                      "Plan Rows": 54,
                                      "Plan Width": 4,
                                      "Filter": "((d_moy >= 4) AND (d_moy <= 6) AND (d_year = 2004))",
                                      "parent": 23,
                                      "ID": 24
                                    }
                                  ],
                                  "parent": 21,
                                  "ID": 23,
                                  "left": 24
                                }
                              ],
                              "parent": 20,
                              "ID": 21,
                              "left": 22,
                              "right": 23
                            }
                          ],
                          "parent": 19,
                          "ID": 20,
                          "left": 21
                        }
                      ],
                      "parent": 3,
                      "ID": 19,
                      "left": 20
                    }
                  ],
                  "parent": 2,
                  "ID": 3,
                  "left": 4,
                  "right": 19
                },
                {
                  "Node Type": "Materialize",
                  "Parent Relationship": "Inner",
                  "Parallel Aware": false,
                  "Async Capable": false,
                  "Startup Cost": 2684.49,
                  "Total Cost": 574652.42,
                  "Plan Rows": 17839,
                  "Plan Width": 4,
                  "Plans": [
                    {
                      "Node Type": "Hash Join",
                      "Parent Relationship": "Outer",
                      "Parallel Aware": false,
                      "Async Capable": false,
                      "Join Type": "Inner",
                      "Startup Cost": 2684.49,
                      "Total Cost": 574563.22,
                      "Plan Rows": 17839,
                      "Plan Width": 4,
                      "Inner Unique": false,
                      "Hash Cond": "(catalog_sales.cs_sold_date_sk = date_dim_2.d_date_sk)",
                      "Plans": [
                        {
                          "Node Type": "Seq Scan",
                          "Parent Relationship": "Outer",
                          "Parallel Aware": false,
                          "Async Capable": false,
                          "Relation Name": "catalog_sales",
                          "Alias": "catalog_sales",
                          "Startup Cost": 0.0,
                          "Total Cost": 517695.61,
                          "Plan Rows": 14401261,
                          "Plan Width": 8,
                          "parent": 26,
                          "ID": 27
                        },
                        {
                          "Node Type": "Hash",
                          "Parent Relationship": "Inner",
                          "Parallel Aware": false,
                          "Async Capable": false,
                          "Startup Cost": 2683.36,
                          "Total Cost": 2683.36,
                          "Plan Rows": 91,
                          "Plan Width": 4,
                          "Plans": [
                            {
                              "Node Type": "Seq Scan",
                              "Parent Relationship": "Outer",
                              "Parallel Aware": false,
                              "Async Capable": false,
                              "Relation Name": "date_dim",
                              "Alias": "date_dim_2",
                              "Startup Cost": 0.0,
                              "Total Cost": 2683.36,
                              "Plan Rows": 91,
                              "Plan Width": 4,
                              "Filter": "((d_moy >= 4) AND (d_moy <= 6) AND (d_year = 2004))",
                              "parent": 28,
                              "ID": 29
                            }
                          ],
                          "parent": 26,
                          "ID": 28,
                          "left": 29
                        }
                      ],
                      "parent": 25,
                      "ID": 26,
                      "left": 27,
                      "right": 28
                    }
                  ],
                  "parent": 2,
                  "ID": 25,
                  "left": 26
                }
              ],
              "parent": 1,
              "ID": 2,
              "left": 3,
              "right": 25
            }
          ],
          "parent": 0,
          "ID": 1,
          "left": 2
        }
      ],
      "parent": null,
      "ID": 0,
      "left": 1
    },
    "feat": {
      "utility": 0.003184566467527865,
      "query_shape": [
        [
          "Seq Scan",
          "Hash Join",
          "Sort",
          "Gather Merge",
          "Nested Loop",
          "Aggregate"
        ],
        [
          "Seq Scan",
          "Hash Join",
          "Hash",
          "Sort",
          "Gather Merge",
          "Nested Loop",
          "Aggregate"
        ],
        [
          "Seq Scan",
          "Hash Join",
          "Hash",
          "Sort",
          "Gather Merge",
          "Nested Loop",
          "Aggregate"
        ],
        [
          "Seq Scan",
          "Hash",
          "Hash Join",
          "Sort",
          "Gather Merge",
          "Nested Loop",
          "Aggregate"
        ],
        [
          "Seq Scan",
          "Hash",
          "Hash Join",
          "Sort",
          "Gather Merge",
          "Nested Loop",
          "Aggregate"
        ],
        [
          "Seq Scan",
          "Hash Join",
          "Gather",
          "Materialize",
          "Nested Loop",
          "Aggregate"
        ],
        [
          "Seq Scan",
          "Hash",
          "Hash Join",
          "Gather",
          "Materialize",
          "Nested Loop",
          "Aggregate"
        ],
        [
          "Seq Scan",
          "Hash Join",
          "Materialize",
          "Nested Loop",
          "Aggregate"
        ],
        [
          "Seq Scan",
          "Hash",
          "Hash Join",
          "Materialize",
          "Nested Loop",
          "Aggregate"
        ]
      ],
      "index_shape": [
        "join"
      ],
      "physical_operator": {
        "Hash Join": [
          0.00469210045035693
        ]
      }
    }
  },
  {
    "query": "select  \n  cd_gender,\n  cd_marital_status,\n  cd_education_status,\n  count(*) cnt1,\n  cd_purchase_estimate,\n  count(*) cnt2,\n  cd_credit_rating,\n  count(*) cnt3\n from\n  customer c,customer_address ca,customer_demographics\n where\n  c.c_current_addr_sk = ca.ca_address_sk and\n  ca_state in ('IN','UT','WV') and\n  cd_demo_sk = c.c_current_cdemo_sk and \n  exists (select *\n          from store_sales,date_dim\n          where c.c_customer_sk = ss_customer_sk and\n                ss_sold_date_sk = d_date_sk and\n                d_year = 2004 and\n                d_moy between 4 and 4+2) and\n   (not exists (select *\n            from web_sales,date_dim\n            where c.c_customer_sk = ws_bill_customer_sk and\n                  ws_sold_date_sk = d_date_sk and\n                  d_year = 2004 and\n                  d_moy between 4 and 4+2) and\n    not exists (select * \n            from catalog_sales,date_dim\n            where c.c_customer_sk = cs_ship_customer_sk and\n                  cs_sold_date_sk = d_date_sk and\n                  d_year = 2004 and\n                  d_moy between 4 and 4+2))\n group by cd_gender,\n          cd_marital_status,\n          cd_education_status,\n          cd_purchase_estimate,\n          cd_credit_rating\n order by cd_gender,\n          cd_marital_status,\n          cd_education_status,\n          cd_purchase_estimate,\n          cd_credit_rating\n limit 100;\n\n-- end query 51 in stream 4 using template query69.tpl\n",
    "indexes": "store_sales.ss_customer_sk",
    "wo plan est": {
      "Node Type": "Limit",
      "Parallel Aware": false,
      "Async Capable": false,
      "Startup Cost": 747667.94,
      "Total Cost": 838660.28,
      "Plan Rows": 100,
      "Plan Width": 64,
      "Plans": [
        {
          "Node Type": "Aggregate",
          "Strategy": "Sorted",
          "Partial Mode": "Simple",
          "Parent Relationship": "Outer",
          "Parallel Aware": false,
          "Async Capable": false,
          "Startup Cost": 747667.94,
          "Total Cost": 2235392.72,
          "Plan Rows": 1635,
          "Plan Width": 64,
          "Group Key": [
            "customer_demographics.cd_gender",
            "customer_demographics.cd_marital_status",
            "customer_demographics.cd_education_status",
            "customer_demographics.cd_purchase_estimate",
            "customer_demographics.cd_credit_rating"
          ],
          "Plans": [
            {
              "Node Type": "Nested Loop",
              "Parent Relationship": "Outer",
              "Parallel Aware": false,
              "Async Capable": false,
              "Join Type": "Anti",
              "Startup Cost": 747667.94,
              "Total Cost": 2235351.85,
              "Plan Rows": 1635,
              "Plan Width": 40,
              "Inner Unique": false,
              "Join Filter": "(c.c_customer_sk = catalog_sales.cs_ship_customer_sk)",
              "Plans": [
                {
                  "Node Type": "Nested Loop",
                  "Parent Relationship": "Outer",
                  "Parallel Aware": false,
                  "Async Capable": false,
                  "Join Type": "Anti",
                  "Startup Cost": 744983.45,
                  "Total Cost": 1207187.45,
                  "Plan Rows": 1695,
                  "Plan Width": 44,
                  "Inner Unique": false,
                  "Join Filter": "(c.c_customer_sk = web_sales.ws_bill_customer_sk)",
                  "Plans": [
                    {
                      "Node Type": "Gather Merge",
                      "Parent Relationship": "Outer",
                      "Parallel Aware": false,
                      "Async Capable": false,
                      "Startup Cost": 741825.8,
                      "Total Cost": 742026.82,
                      "Plan Rows": 1726,
                      "Plan Width": 44,
                      "Workers Planned": 2,
                      "Plans": [
                        {
                          "Node Type": "Sort",
                          "Parent Relationship": "Outer",
                          "Parallel Aware": false,
                          "Async Capable": false,
                          "Startup Cost": 740825.77,
                          "Total Cost": 740827.57,
                          "Plan Rows": 719,
                          "Plan Width": 44,
                          "Sort Key": [
                            "customer_demographics.cd_gender",
                            "customer_demographics.cd_marital_status",
                            "customer_demographics.cd_education_status",
                            "customer_demographics.cd_purchase_estimate",
                            "customer_demographics.cd_credit_rating"
                          ],
                          "Plans": [
                            {
                              "Node Type": "Hash Join",
                              "Parent Relationship": "Outer",
                              "Parallel Aware": true,
                              "Async Capable": false,
                              "Join Type": "Inner",
                              "Startup Cost": 707956.07,
                              "Total Cost": 740791.66,
                              "Plan Rows": 719,
                              "Plan Width": 44,
                              "Inner Unique": false,
                              "Hash Cond": "(customer_demographics.cd_demo_sk = c.c_current_cdemo_sk)",
                              "Plans": [
                                {
                                  "Node Type": "Seq Scan",
                                  "Parent Relationship": "Outer",
                                  "Parallel Aware": true,
                                  "Async Capable": false,
                                  "Relation Name": "customer_demographics",
                                  "Alias": "customer_demographics",
                                  "Startup Cost": 0.0,
                                  "Total Cost": 29831.33,
                                  "Plan Rows": 800333,
                                  "Plan Width": 44,
                                  "parent": 6,
                                  "ID": 7
                                },
                                {
                                  "Node Type": "Hash",
                                  "Parent Relationship": "Inner",
                                  "Parallel Aware": true,
                                  "Async Capable": false,
                                  "Startup Cost": 707946.76,
                                  "Total Cost": 707946.76,
                                  "Plan Rows": 745,
                                  "Plan Width": 8,
                                  "Plans": [
                                    {
                                      "Node Type": "Hash Join",
                                      "Parent Relationship": "Outer",
                                      "Parallel Aware": true,
                                      "Async Capable": false,
                                      "Join Type": "Inner",
                                      "Startup Cost": 691275.92,
                                      "Total Cost": 707946.76,
                                      "Plan Rows": 745,
                                      "Plan Width": 8,
                                      "Inner Unique": false,
                                      "Hash Cond": "(c.c_current_addr_sk = ca.ca_address_sk)",
                                      "Plans": [
                                        {
                                          "Node Type": "Hash Join",
                                          "Parent Relationship": "Outer",
                                          "Parallel Aware": true,
                                          "Async Capable": false,
                                          "Join Type": "Semi",
                                          "Startup Cost": 684337.4,
                                          "Total Cost": 700954.09,
                                          "Plan Rows": 13615,
                                          "Plan Width": 12,
                                          "Inner Unique": false,
                                          "Hash Cond": "(c.c_customer_sk = store_sales.ss_customer_sk)",
                                          "Plans": [
                                            {
                                              "Node Type": "Seq Scan",
                                              "Parent Relationship": "Outer",
                                              "Parallel Aware": true,
                                              "Async Capable": false,
                                              "Relation Name": "customer",
                                              "Alias": "c",
                                              "Startup Cost": 0.0,
                                              "Total Cost": 15918.33,
                                              "Plan Rows": 208333,
                                              "Plan Width": 12,
                                              "parent": 10,
                                              "ID": 11
                                            },
                                            {
                                              "Node Type": "Hash",
                                              "Parent Relationship": "Inner",
                                              "Parallel Aware": true,
                                              "Async Capable": false,
                                              "Startup Cost": 684159.07,
                                              "Total Cost": 684159.07,
                                              "Plan Rows": 14267,
                                              "Plan Width": 4,
                                              "Plans": [
                                                {
                                                  "Node Type": "Hash Join",
                                                  "Parent Relationship": "Outer",
                                                  "Parallel Aware": true,
                                                  "Async Capable": false,
                                                  "Join Type": "Inner",
                                                  "Startup Cost": 2157.65,
                                                  "Total Cost": 684159.07,
                                                  "Plan Rows": 14267,
                                                  "Plan Width": 4,
                                                  "Inner Unique": false,
                                                  "Hash Cond": "(store_sales.ss_sold_date_sk = date_dim.d_date_sk)",
                                                  "Plans": [
                                                    {
                                                      "Node Type": "Seq Scan",
                                                      "Parent Relationship": "Outer",
                                                      "Parallel Aware": true,
                                                      "Async Capable": false,
                                                      "Relation Name": "store_sales",
                                                      "Alias": "store_sales",
                                                      "Startup Cost": 0.0,
                                                      "Total Cost": 636914.37,
                                                      "Plan Rows": 12000637,
                                                      "Plan Width": 8,
                                                      "parent": 13,
                                                      "ID": 14
                                                    },
                                                    {
                                                      "Node Type": "Hash",
                                                      "Parent Relationship": "Inner",
                                                      "Parallel Aware": true,
                                                      "Async Capable": false,
                                                      "Startup Cost": 2156.97,
                                                      "Total Cost": 2156.97,
                                                      "Plan Rows": 54,
                                                      "Plan Width": 4,
                                                      "Plans": [
                                                        {
                                                          "Node Type": "Seq Scan",
                                                          "Parent Relationship": "Outer",
                                                          "Parallel Aware": true,
                                                          "Async Capable": false,
                                                          "Relation Name": "date_dim",
                                                          "Alias": "date_dim",
                                                          "Startup Cost": 0.0,
                                                          "Total Cost": 2156.97,
                                                          "Plan Rows": 54,
                                                          "Plan Width": 4,
                                                          "Filter": "((d_moy >= 4) AND (d_moy <= 6) AND (d_year = 2004))",
                                                          "parent": 15,
                                                          "ID": 16
                                                        }
                                                      ],
                                                      "parent": 13,
                                                      "ID": 15,
                                                      "left": 16
                                                    }
                                                  ],
                                                  "parent": 12,
                                                  "ID": 13,
                                                  "left": 14,
                                                  "right": 15
                                                }
                                              ],
                                              "parent": 10,
                                              "ID": 12,
                                              "left": 13
                                            }
                                          ],
                                          "parent": 9,
                                          "ID": 10,
                                          "left": 11,
                                          "right": 12
                                        },
                                        {
                                          "Node Type": "Hash",
                                          "Parent Relationship": "Inner",
                                          "Parallel Aware": true,
                                          "Async Capable": false,
                                          "Startup Cost": 6867.29,
                                          "Total Cost": 6867.29,
                                          "Plan Rows": 5698,
                                          "Plan Width": 4,
                                          "Plans": [
                                            {
                                              "Node Type": "Seq Scan",
                                              "Parent Relationship": "Outer",
                                              "Parallel Aware": true,
                                              "Async Capable": false,
                                              "Relation Name": "customer_address",
                                              "Alias": "ca",
                                              "Startup Cost": 0.0,
                                              "Total Cost": 6867.29,
                                              "Plan Rows": 5698,
                                              "Plan Width": 4,
                                              "Filter": "(ca_state = ANY ('{IN,UT,WV}'::bpchar[]))",
                                              "parent": 17,
                                              "ID": 18
                                            }
                                          ],
                                          "parent": 9,
                                          "ID": 17,
                                          "left": 18
                                        }
                                      ],
                                      "parent": 8,
                                      "ID": 9,
                                      "left": 10,
                                      "right": 17
                                    }
                                  ],
                                  "parent": 6,
                                  "ID": 8,
                                  "left": 9
                                }
                              ],
                              "parent": 5,
                              "ID": 6,
                              "left": 7,
                              "right": 8
                            }
                          ],
                          "parent": 4,
                          "ID": 5,
                          "left": 6
                        }
                      ],
                      "parent": 3,
                      "ID": 4,
                      "left": 5
                    },
                    {
                      "Node Type": "Materialize",
                      "Parent Relationship": "Inner",
                      "Parallel Aware": false,
                      "Async Capable": false,
                      "Startup Cost": 3157.65,
                      "Total Cost": 233105.09,
                      "Plan Rows": 8964,
                      "Plan Width": 4,
                      "Plans": [
                        {
                          "Node Type": "Gather",
                          "Parent Relationship": "Outer",
                          "Parallel Aware": false,
                          "Async Capable": false,
                          "Startup Cost": 3157.65,
                          "Total Cost": 233060.27,
                          "Plan Rows": 8964,
                          "Plan Width": 4,
                          "Workers Planned": 2,
                          "Single Copy": false,
                          "Plans": [
                            {
                              "Node Type": "Hash Join",
                              "Parent Relationship": "Outer",
                              "Parallel Aware": true,
                              "Async Capable": false,
                              "Join Type": "Inner",
                              "Startup Cost": 2157.65,
                              "Total Cost": 231163.87,
                              "Plan Rows": 3735,
                              "Plan Width": 4,
                              "Inner Unique": false,
                              "Hash Cond": "(web_sales.ws_sold_date_sk = date_dim_1.d_date_sk)",
                              "Plans": [
                                {
                                  "Node Type": "Seq Scan",
                                  "Parent Relationship": "Outer",
                                  "Parallel Aware": true,
                                  "Async Capable": false,
                                  "Relation Name": "web_sales",
                                  "Alias": "web_sales",
                                  "Startup Cost": 0.0,
                                  "Total Cost": 217737.86,
                                  "Plan Rows": 2998986,
                                  "Plan Width": 8,
                                  "parent": 21,
                                  "ID": 22
                                },
                                {
                                  "Node Type": "Hash",
                                  "Parent Relationship": "Inner",
                                  "Parallel Aware": true,
                                  "Async Capable": false,
                                  "Startup Cost": 2156.97,
                                  "Total Cost": 2156.97,
                                  "Plan Rows": 54,
                                  "Plan Width": 4,
                                  "Plans": [
                                    {
                                      "Node Type": "Seq Scan",
                                      "Parent Relationship": "Outer",
                                      "Parallel Aware": true,
                                      "Async Capable": false,
                                      "Relation Name": "date_dim",
                                      "Alias": "date_dim_1",
                                      "Startup Cost": 0.0,
                                      "Total Cost": 2156.97,
                                      "Plan Rows": 54,
                                      "Plan Width": 4,
                                      "Filter": "((d_moy >= 4) AND (d_moy <= 6) AND (d_year = 2004))",
                                      "parent": 23,
                                      "ID": 24
                                    }
                                  ],
                                  "parent": 21,
                                  "ID": 23,
                                  "left": 24
                                }
                              ],
                              "parent": 20,
                              "ID": 21,
                              "left": 22,
                              "right": 23
                            }
                          ],
                          "parent": 19,
                          "ID": 20,
                          "left": 21
                        }
                      ],
                      "parent": 3,
                      "ID": 19,
                      "left": 20
                    }
                  ],
                  "parent": 2,
                  "ID": 3,
                  "left": 4,
                  "right": 19
                },
                {
                  "Node Type": "Materialize",
                  "Parent Relationship": "Inner",
                  "Parallel Aware": false,
                  "Async Capable": false,
                  "Startup Cost": 2684.49,
                  "Total Cost": 574652.42,
                  "Plan Rows": 17839,
                  "Plan Width": 4,
                  "Plans": [
                    {
                      "Node Type": "Hash Join",
                      "Parent Relationship": "Outer",
                      "Parallel Aware": false,
                      "Async Capable": false,
                      "Join Type": "Inner",
                      "Startup Cost": 2684.49,
                      "Total Cost": 574563.22,
                      "Plan Rows": 17839,
                      "Plan Width": 4,
                      "Inner Unique": false,
                      "Hash Cond": "(catalog_sales.cs_sold_date_sk = date_dim_2.d_date_sk)",
                      "Plans": [
                        {
                          "Node Type": "Seq Scan",
                          "Parent Relationship": "Outer",
                          "Parallel Aware": false,
                          "Async Capable": false,
                          "Relation Name": "catalog_sales",
                          "Alias": "catalog_sales",
                          "Startup Cost": 0.0,
                          "Total Cost": 517695.61,
                          "Plan Rows": 14401261,
                          "Plan Width": 8,
                          "parent": 26,
                          "ID": 27
                        },
                        {
                          "Node Type": "Hash",
                          "Parent Relationship": "Inner",
                          "Parallel Aware": false,
                          "Async Capable": false,
                          "Startup Cost": 2683.36,
                          "Total Cost": 2683.36,
                          "Plan Rows": 91,
                          "Plan Width": 4,
                          "Plans": [
                            {
                              "Node Type": "Seq Scan",
                              "Parent Relationship": "Outer",
                              "Parallel Aware": false,
                              "Async Capable": false,
                              "Relation Name": "date_dim",
                              "Alias": "date_dim_2",
                              "Startup Cost": 0.0,
                              "Total Cost": 2683.36,
                              "Plan Rows": 91,
                              "Plan Width": 4,
                              "Filter": "((d_moy >= 4) AND (d_moy <= 6) AND (d_year = 2004))",
                              "parent": 28,
                              "ID": 29
                            }
                          ],
                          "parent": 26,
                          "ID": 28,
                          "left": 29
                        }
                      ],
                      "parent": 25,
                      "ID": 26,
                      "left": 27,
                      "right": 28
                    }
                  ],
                  "parent": 2,
                  "ID": 25,
                  "left": 26
                }
              ],
              "parent": 1,
              "ID": 2,
              "left": 3,
              "right": 25
            }
          ],
          "parent": 0,
          "ID": 1,
          "left": 2
        }
      ],
      "parent": null,
      "ID": 0,
      "left": 1
    },
    "feat": {
      "utility": 0.0031927313317025646,
      "query_shape": [
        [
          "Seq Scan",
          "Hash Join",
          "Sort",
          "Gather Merge",
          "Nested Loop",
          "Aggregate"
        ],
        [
          "Seq Scan",
          "Hash Join",
          "Hash",
          "Sort",
          "Gather Merge",
          "Nested Loop",
          "Aggregate"
        ],
        [
          "Seq Scan",
          "Hash Join",
          "Hash",
          "Sort",
          "Gather Merge",
          "Nested Loop",
          "Aggregate"
        ],
        [
          "Seq Scan",
          "Hash",
          "Hash Join",
          "Sort",
          "Gather Merge",
          "Nested Loop",
          "Aggregate"
        ],
        [
          "Seq Scan",
          "Hash",
          "Hash Join",
          "Sort",
          "Gather Merge",
          "Nested Loop",
          "Aggregate"
        ],
        [
          "Seq Scan",
          "Hash Join",
          "Gather",
          "Materialize",
          "Nested Loop",
          "Aggregate"
        ],
        [
          "Seq Scan",
          "Hash",
          "Hash Join",
          "Gather",
          "Materialize",
          "Nested Loop",
          "Aggregate"
        ],
        [
          "Seq Scan",
          "Hash Join",
          "Materialize",
          "Nested Loop",
          "Aggregate"
        ],
        [
          "Seq Scan",
          "Hash",
          "Hash Join",
          "Materialize",
          "Nested Loop",
          "Aggregate"
        ]
      ],
      "index_shape": [
        "join"
      ],
      "physical_operator": {
        "Hash Join": [
          0.0021402448383944653
        ]
      }
    }
  },
  {
    "query": "select  \n  cd_gender,\n  cd_marital_status,\n  cd_education_status,\n  count(*) cnt1,\n  cd_purchase_estimate,\n  count(*) cnt2,\n  cd_credit_rating,\n  count(*) cnt3\n from\n  customer c,customer_address ca,customer_demographics\n where\n  c.c_current_addr_sk = ca.ca_address_sk and\n  ca_state in ('IN','UT','WV') and\n  cd_demo_sk = c.c_current_cdemo_sk and \n  exists (select *\n          from store_sales,date_dim\n          where c.c_customer_sk = ss_customer_sk and\n                ss_sold_date_sk = d_date_sk and\n                d_year = 2004 and\n                d_moy between 4 and 4+2) and\n   (not exists (select *\n            from web_sales,date_dim\n            where c.c_customer_sk = ws_bill_customer_sk and\n                  ws_sold_date_sk = d_date_sk and\n                  d_year = 2004 and\n                  d_moy between 4 and 4+2) and\n    not exists (select * \n            from catalog_sales,date_dim\n            where c.c_customer_sk = cs_ship_customer_sk and\n                  cs_sold_date_sk = d_date_sk and\n                  d_year = 2004 and\n                  d_moy between 4 and 4+2))\n group by cd_gender,\n          cd_marital_status,\n          cd_education_status,\n          cd_purchase_estimate,\n          cd_credit_rating\n order by cd_gender,\n          cd_marital_status,\n          cd_education_status,\n          cd_purchase_estimate,\n          cd_credit_rating\n limit 100;\n\n-- end query 51 in stream 4 using template query69.tpl\n",
    "indexes": "web_sales.ws_sold_date_sk",
    "wo plan est": {
      "Node Type": "Limit",
      "Parallel Aware": false,
      "Async Capable": false,
      "Startup Cost": 747667.94,
      "Total Cost": 838660.28,
      "Plan Rows": 100,
      "Plan Width": 64,
      "Plans": [
        {
          "Node Type": "Aggregate",
          "Strategy": "Sorted",
          "Partial Mode": "Simple",
          "Parent Relationship": "Outer",
          "Parallel Aware": false,
          "Async Capable": false,
          "Startup Cost": 747667.94,
          "Total Cost": 2235392.72,
          "Plan Rows": 1635,
          "Plan Width": 64,
          "Group Key": [
            "customer_demographics.cd_gender",
            "customer_demographics.cd_marital_status",
            "customer_demographics.cd_education_status",
            "customer_demographics.cd_purchase_estimate",
            "customer_demographics.cd_credit_rating"
          ],
          "Plans": [
            {
              "Node Type": "Nested Loop",
              "Parent Relationship": "Outer",
              "Parallel Aware": false,
              "Async Capable": false,
              "Join Type": "Anti",
              "Startup Cost": 747667.94,
              "Total Cost": 2235351.85,
              "Plan Rows": 1635,
              "Plan Width": 40,
              "Inner Unique": false,
              "Join Filter": "(c.c_customer_sk = catalog_sales.cs_ship_customer_sk)",
              "Plans": [
                {
                  "Node Type": "Nested Loop",
                  "Parent Relationship": "Outer",
                  "Parallel Aware": false,
                  "Async Capable": false,
                  "Join Type": "Anti",
                  "Startup Cost": 744983.45,
                  "Total Cost": 1207187.45,
                  "Plan Rows": 1695,
                  "Plan Width": 44,
                  "Inner Unique": false,
                  "Join Filter": "(c.c_customer_sk = web_sales.ws_bill_customer_sk)",
                  "Plans": [
                    {
                      "Node Type": "Gather Merge",
                      "Parent Relationship": "Outer",
                      "Parallel Aware": false,
                      "Async Capable": false,
                      "Startup Cost": 741825.8,
                      "Total Cost": 742026.82,
                      "Plan Rows": 1726,
                      "Plan Width": 44,
                      "Workers Planned": 2,
                      "Plans": [
                        {
                          "Node Type": "Sort",
                          "Parent Relationship": "Outer",
                          "Parallel Aware": false,
                          "Async Capable": false,
                          "Startup Cost": 740825.77,
                          "Total Cost": 740827.57,
                          "Plan Rows": 719,
                          "Plan Width": 44,
                          "Sort Key": [
                            "customer_demographics.cd_gender",
                            "customer_demographics.cd_marital_status",
                            "customer_demographics.cd_education_status",
                            "customer_demographics.cd_purchase_estimate",
                            "customer_demographics.cd_credit_rating"
                          ],
                          "Plans": [
                            {
                              "Node Type": "Hash Join",
                              "Parent Relationship": "Outer",
                              "Parallel Aware": true,
                              "Async Capable": false,
                              "Join Type": "Inner",
                              "Startup Cost": 707956.07,
                              "Total Cost": 740791.66,
                              "Plan Rows": 719,
                              "Plan Width": 44,
                              "Inner Unique": false,
                              "Hash Cond": "(customer_demographics.cd_demo_sk = c.c_current_cdemo_sk)",
                              "Plans": [
                                {
                                  "Node Type": "Seq Scan",
                                  "Parent Relationship": "Outer",
                                  "Parallel Aware": true,
                                  "Async Capable": false,
                                  "Relation Name": "customer_demographics",
                                  "Alias": "customer_demographics",
                                  "Startup Cost": 0.0,
                                  "Total Cost": 29831.33,
                                  "Plan Rows": 800333,
                                  "Plan Width": 44,
                                  "parent": 6,
                                  "ID": 7
                                },
                                {
                                  "Node Type": "Hash",
                                  "Parent Relationship": "Inner",
                                  "Parallel Aware": true,
                                  "Async Capable": false,
                                  "Startup Cost": 707946.76,
                                  "Total Cost": 707946.76,
                                  "Plan Rows": 745,
                                  "Plan Width": 8,
                                  "Plans": [
                                    {
                                      "Node Type": "Hash Join",
                                      "Parent Relationship": "Outer",
                                      "Parallel Aware": true,
                                      "Async Capable": false,
                                      "Join Type": "Inner",
                                      "Startup Cost": 691275.92,
                                      "Total Cost": 707946.76,
                                      "Plan Rows": 745,
                                      "Plan Width": 8,
                                      "Inner Unique": false,
                                      "Hash Cond": "(c.c_current_addr_sk = ca.ca_address_sk)",
                                      "Plans": [
                                        {
                                          "Node Type": "Hash Join",
                                          "Parent Relationship": "Outer",
                                          "Parallel Aware": true,
                                          "Async Capable": false,
                                          "Join Type": "Semi",
                                          "Startup Cost": 684337.4,
                                          "Total Cost": 700954.09,
                                          "Plan Rows": 13615,
                                          "Plan Width": 12,
                                          "Inner Unique": false,
                                          "Hash Cond": "(c.c_customer_sk = store_sales.ss_customer_sk)",
                                          "Plans": [
                                            {
                                              "Node Type": "Seq Scan",
                                              "Parent Relationship": "Outer",
                                              "Parallel Aware": true,
                                              "Async Capable": false,
                                              "Relation Name": "customer",
                                              "Alias": "c",
                                              "Startup Cost": 0.0,
                                              "Total Cost": 15918.33,
                                              "Plan Rows": 208333,
                                              "Plan Width": 12,
                                              "parent": 10,
                                              "ID": 11
                                            },
                                            {
                                              "Node Type": "Hash",
                                              "Parent Relationship": "Inner",
                                              "Parallel Aware": true,
                                              "Async Capable": false,
                                              "Startup Cost": 684159.07,
                                              "Total Cost": 684159.07,
                                              "Plan Rows": 14267,
                                              "Plan Width": 4,
                                              "Plans": [
                                                {
                                                  "Node Type": "Hash Join",
                                                  "Parent Relationship": "Outer",
                                                  "Parallel Aware": true,
                                                  "Async Capable": false,
                                                  "Join Type": "Inner",
                                                  "Startup Cost": 2157.65,
                                                  "Total Cost": 684159.07,
                                                  "Plan Rows": 14267,
                                                  "Plan Width": 4,
                                                  "Inner Unique": false,
                                                  "Hash Cond": "(store_sales.ss_sold_date_sk = date_dim.d_date_sk)",
                                                  "Plans": [
                                                    {
                                                      "Node Type": "Seq Scan",
                                                      "Parent Relationship": "Outer",
                                                      "Parallel Aware": true,
                                                      "Async Capable": false,
                                                      "Relation Name": "store_sales",
                                                      "Alias": "store_sales",
                                                      "Startup Cost": 0.0,
                                                      "Total Cost": 636914.37,
                                                      "Plan Rows": 12000637,
                                                      "Plan Width": 8,
                                                      "parent": 13,
                                                      "ID": 14
                                                    },
                                                    {
                                                      "Node Type": "Hash",
                                                      "Parent Relationship": "Inner",
                                                      "Parallel Aware": true,
                                                      "Async Capable": false,
                                                      "Startup Cost": 2156.97,
                                                      "Total Cost": 2156.97,
                                                      "Plan Rows": 54,
                                                      "Plan Width": 4,
                                                      "Plans": [
                                                        {
                                                          "Node Type": "Seq Scan",
                                                          "Parent Relationship": "Outer",
                                                          "Parallel Aware": true,
                                                          "Async Capable": false,
                                                          "Relation Name": "date_dim",
                                                          "Alias": "date_dim",
                                                          "Startup Cost": 0.0,
                                                          "Total Cost": 2156.97,
                                                          "Plan Rows": 54,
                                                          "Plan Width": 4,
                                                          "Filter": "((d_moy >= 4) AND (d_moy <= 6) AND (d_year = 2004))",
                                                          "parent": 15,
                                                          "ID": 16
                                                        }
                                                      ],
                                                      "parent": 13,
                                                      "ID": 15,
                                                      "left": 16
                                                    }
                                                  ],
                                                  "parent": 12,
                                                  "ID": 13,
                                                  "left": 14,
                                                  "right": 15
                                                }
                                              ],
                                              "parent": 10,
                                              "ID": 12,
                                              "left": 13
                                            }
                                          ],
                                          "parent": 9,
                                          "ID": 10,
                                          "left": 11,
                                          "right": 12
                                        },
                                        {
                                          "Node Type": "Hash",
                                          "Parent Relationship": "Inner",
                                          "Parallel Aware": true,
                                          "Async Capable": false,
                                          "Startup Cost": 6867.29,
                                          "Total Cost": 6867.29,
                                          "Plan Rows": 5698,
                                          "Plan Width": 4,
                                          "Plans": [
                                            {
                                              "Node Type": "Seq Scan",
                                              "Parent Relationship": "Outer",
                                              "Parallel Aware": true,
                                              "Async Capable": false,
                                              "Relation Name": "customer_address",
                                              "Alias": "ca",
                                              "Startup Cost": 0.0,
                                              "Total Cost": 6867.29,
                                              "Plan Rows": 5698,
                                              "Plan Width": 4,
                                              "Filter": "(ca_state = ANY ('{IN,UT,WV}'::bpchar[]))",
                                              "parent": 17,
                                              "ID": 18
                                            }
                                          ],
                                          "parent": 9,
                                          "ID": 17,
                                          "left": 18
                                        }
                                      ],
                                      "parent": 8,
                                      "ID": 9,
                                      "left": 10,
                                      "right": 17
                                    }
                                  ],
                                  "parent": 6,
                                  "ID": 8,
                                  "left": 9
                                }
                              ],
                              "parent": 5,
                              "ID": 6,
                              "left": 7,
                              "right": 8
                            }
                          ],
                          "parent": 4,
                          "ID": 5,
                          "left": 6
                        }
                      ],
                      "parent": 3,
                      "ID": 4,
                      "left": 5
                    },
                    {
                      "Node Type": "Materialize",
                      "Parent Relationship": "Inner",
                      "Parallel Aware": false,
                      "Async Capable": false,
                      "Startup Cost": 3157.65,
                      "Total Cost": 233105.09,
                      "Plan Rows": 8964,
                      "Plan Width": 4,
                      "Plans": [
                        {
                          "Node Type": "Gather",
                          "Parent Relationship": "Outer",
                          "Parallel Aware": false,
                          "Async Capable": false,
                          "Startup Cost": 3157.65,
                          "Total Cost": 233060.27,
                          "Plan Rows": 8964,
                          "Plan Width": 4,
                          "Workers Planned": 2,
                          "Single Copy": false,
                          "Plans": [
                            {
                              "Node Type": "Hash Join",
                              "Parent Relationship": "Outer",
                              "Parallel Aware": true,
                              "Async Capable": false,
                              "Join Type": "Inner",
                              "Startup Cost": 2157.65,
                              "Total Cost": 231163.87,
                              "Plan Rows": 3735,
                              "Plan Width": 4,
                              "Inner Unique": false,
                              "Hash Cond": "(web_sales.ws_sold_date_sk = date_dim_1.d_date_sk)",
                              "Plans": [
                                {
                                  "Node Type": "Seq Scan",
                                  "Parent Relationship": "Outer",
                                  "Parallel Aware": true,
                                  "Async Capable": false,
                                  "Relation Name": "web_sales",
                                  "Alias": "web_sales",
                                  "Startup Cost": 0.0,
                                  "Total Cost": 217737.86,
                                  "Plan Rows": 2998986,
                                  "Plan Width": 8,
                                  "parent": 21,
                                  "ID": 22
                                },
                                {
                                  "Node Type": "Hash",
                                  "Parent Relationship": "Inner",
                                  "Parallel Aware": true,
                                  "Async Capable": false,
                                  "Startup Cost": 2156.97,
                                  "Total Cost": 2156.97,
                                  "Plan Rows": 54,
                                  "Plan Width": 4,
                                  "Plans": [
                                    {
                                      "Node Type": "Seq Scan",
                                      "Parent Relationship": "Outer",
                                      "Parallel Aware": true,
                                      "Async Capable": false,
                                      "Relation Name": "date_dim",
                                      "Alias": "date_dim_1",
                                      "Startup Cost": 0.0,
                                      "Total Cost": 2156.97,
                                      "Plan Rows": 54,
                                      "Plan Width": 4,
                                      "Filter": "((d_moy >= 4) AND (d_moy <= 6) AND (d_year = 2004))",
                                      "parent": 23,
                                      "ID": 24
                                    }
                                  ],
                                  "parent": 21,
                                  "ID": 23,
                                  "left": 24
                                }
                              ],
                              "parent": 20,
                              "ID": 21,
                              "left": 22,
                              "right": 23
                            }
                          ],
                          "parent": 19,
                          "ID": 20,
                          "left": 21
                        }
                      ],
                      "parent": 3,
                      "ID": 19,
                      "left": 20
                    }
                  ],
                  "parent": 2,
                  "ID": 3,
                  "left": 4,
                  "right": 19
                },
                {
                  "Node Type": "Materialize",
                  "Parent Relationship": "Inner",
                  "Parallel Aware": false,
                  "Async Capable": false,
                  "Startup Cost": 2684.49,
                  "Total Cost": 574652.42,
                  "Plan Rows": 17839,
                  "Plan Width": 4,
                  "Plans": [
                    {
                      "Node Type": "Hash Join",
                      "Parent Relationship": "Outer",
                      "Parallel Aware": false,
                      "Async Capable": false,
                      "Join Type": "Inner",
                      "Startup Cost": 2684.49,
                      "Total Cost": 574563.22,
                      "Plan Rows": 17839,
                      "Plan Width": 4,
                      "Inner Unique": false,
                      "Hash Cond": "(catalog_sales.cs_sold_date_sk = date_dim_2.d_date_sk)",
                      "Plans": [
                        {
                          "Node Type": "Seq Scan",
                          "Parent Relationship": "Outer",
                          "Parallel Aware": false,
                          "Async Capable": false,
                          "Relation Name": "catalog_sales",
                          "Alias": "catalog_sales",
                          "Startup Cost": 0.0,
                          "Total Cost": 517695.61,
                          "Plan Rows": 14401261,
                          "Plan Width": 8,
                          "parent": 26,
                          "ID": 27
                        },
                        {
                          "Node Type": "Hash",
                          "Parent Relationship": "Inner",
                          "Parallel Aware": false,
                          "Async Capable": false,
                          "Startup Cost": 2683.36,
                          "Total Cost": 2683.36,
                          "Plan Rows": 91,
                          "Plan Width": 4,
                          "Plans": [
                            {
                              "Node Type": "Seq Scan",
                              "Parent Relationship": "Outer",
                              "Parallel Aware": false,
                              "Async Capable": false,
                              "Relation Name": "date_dim",
                              "Alias": "date_dim_2",
                              "Startup Cost": 0.0,
                              "Total Cost": 2683.36,
                              "Plan Rows": 91,
                              "Plan Width": 4,
                              "Filter": "((d_moy >= 4) AND (d_moy <= 6) AND (d_year = 2004))",
                              "parent": 28,
                              "ID": 29
                            }
                          ],
                          "parent": 26,
                          "ID": 28,
                          "left": 29
                        }
                      ],
                      "parent": 25,
                      "ID": 26,
                      "left": 27,
                      "right": 28
                    }
                  ],
                  "parent": 2,
                  "ID": 25,
                  "left": 26
                }
              ],
              "parent": 1,
              "ID": 2,
              "left": 3,
              "right": 25
            }
          ],
          "parent": 0,
          "ID": 1,
          "left": 2
        }
      ],
      "parent": null,
      "ID": 0,
      "left": 1
    },
    "feat": {
      "utility": 0.0031842134537099363,
      "query_shape": [
        [
          "Seq Scan",
          "Hash Join",
          "Sort",
          "Gather Merge",
          "Nested Loop",
          "Aggregate"
        ],
        [
          "Seq Scan",
          "Hash Join",
          "Hash",
          "Sort",
          "Gather Merge",
          "Nested Loop",
          "Aggregate"
        ],
        [
          "Seq Scan",
          "Hash Join",
          "Hash",
          "Sort",
          "Gather Merge",
          "Nested Loop",
          "Aggregate"
        ],
        [
          "Seq Scan",
          "Hash",
          "Hash Join",
          "Sort",
          "Gather Merge",
          "Nested Loop",
          "Aggregate"
        ],
        [
          "Seq Scan",
          "Hash",
          "Hash Join",
          "Sort",
          "Gather Merge",
          "Nested Loop",
          "Aggregate"
        ],
        [
          "Seq Scan",
          "Hash Join",
          "Gather",
          "Materialize",
          "Nested Loop",
          "Aggregate"
        ],
        [
          "Seq Scan",
          "Hash",
          "Hash Join",
          "Gather",
          "Materialize",
          "Nested Loop",
          "Aggregate"
        ],
        [
          "Seq Scan",
          "Hash Join",
          "Materialize",
          "Nested Loop",
          "Aggregate"
        ],
        [
          "Seq Scan",
          "Hash",
          "Hash Join",
          "Materialize",
          "Nested Loop",
          "Aggregate"
        ]
      ],
      "index_shape": [
        "join"
      ],
      "physical_operator": {
        "Hash Join": [
          0.004802431776525597
        ]
      }
    }
  },
  {
    "query": "select  \n  cd_gender,\n  cd_marital_status,\n  cd_education_status,\n  count(*) cnt1,\n  cd_purchase_estimate,\n  count(*) cnt2,\n  cd_credit_rating,\n  count(*) cnt3\n from\n  customer c,customer_address ca,customer_demographics\n where\n  c.c_current_addr_sk = ca.ca_address_sk and\n  ca_state in ('IN','UT','WV') and\n  cd_demo_sk = c.c_current_cdemo_sk and \n  exists (select *\n          from store_sales,date_dim\n          where c.c_customer_sk = ss_customer_sk and\n                ss_sold_date_sk = d_date_sk and\n                d_year = 2004 and\n                d_moy between 4 and 4+2) and\n   (not exists (select *\n            from web_sales,date_dim\n            where c.c_customer_sk = ws_bill_customer_sk and\n                  ws_sold_date_sk = d_date_sk and\n                  d_year = 2004 and\n                  d_moy between 4 and 4+2) and\n    not exists (select * \n            from catalog_sales,date_dim\n            where c.c_customer_sk = cs_ship_customer_sk and\n                  cs_sold_date_sk = d_date_sk and\n                  d_year = 2004 and\n                  d_moy between 4 and 4+2))\n group by cd_gender,\n          cd_marital_status,\n          cd_education_status,\n          cd_purchase_estimate,\n          cd_credit_rating\n order by cd_gender,\n          cd_marital_status,\n          cd_education_status,\n          cd_purchase_estimate,\n          cd_credit_rating\n limit 100;\n\n-- end query 51 in stream 4 using template query69.tpl\n",
    "indexes": "web_sales.ws_bill_customer_sk",
    "wo plan est": {
      "Node Type": "Limit",
      "Parallel Aware": false,
      "Async Capable": false,
      "Startup Cost": 747667.94,
      "Total Cost": 838660.28,
      "Plan Rows": 100,
      "Plan Width": 64,
      "Plans": [
        {
          "Node Type": "Aggregate",
          "Strategy": "Sorted",
          "Partial Mode": "Simple",
          "Parent Relationship": "Outer",
          "Parallel Aware": false,
          "Async Capable": false,
          "Startup Cost": 747667.94,
          "Total Cost": 2235392.72,
          "Plan Rows": 1635,
          "Plan Width": 64,
          "Group Key": [
            "customer_demographics.cd_gender",
            "customer_demographics.cd_marital_status",
            "customer_demographics.cd_education_status",
            "customer_demographics.cd_purchase_estimate",
            "customer_demographics.cd_credit_rating"
          ],
          "Plans": [
            {
              "Node Type": "Nested Loop",
              "Parent Relationship": "Outer",
              "Parallel Aware": false,
              "Async Capable": false,
              "Join Type": "Anti",
              "Startup Cost": 747667.94,
              "Total Cost": 2235351.85,
              "Plan Rows": 1635,
              "Plan Width": 40,
              "Inner Unique": false,
              "Join Filter": "(c.c_customer_sk = catalog_sales.cs_ship_customer_sk)",
              "Plans": [
                {
                  "Node Type": "Nested Loop",
                  "Parent Relationship": "Outer",
                  "Parallel Aware": false,
                  "Async Capable": false,
                  "Join Type": "Anti",
                  "Startup Cost": 744983.45,
                  "Total Cost": 1207187.45,
                  "Plan Rows": 1695,
                  "Plan Width": 44,
                  "Inner Unique": false,
                  "Join Filter": "(c.c_customer_sk = web_sales.ws_bill_customer_sk)",
                  "Plans": [
                    {
                      "Node Type": "Gather Merge",
                      "Parent Relationship": "Outer",
                      "Parallel Aware": false,
                      "Async Capable": false,
                      "Startup Cost": 741825.8,
                      "Total Cost": 742026.82,
                      "Plan Rows": 1726,
                      "Plan Width": 44,
                      "Workers Planned": 2,
                      "Plans": [
                        {
                          "Node Type": "Sort",
                          "Parent Relationship": "Outer",
                          "Parallel Aware": false,
                          "Async Capable": false,
                          "Startup Cost": 740825.77,
                          "Total Cost": 740827.57,
                          "Plan Rows": 719,
                          "Plan Width": 44,
                          "Sort Key": [
                            "customer_demographics.cd_gender",
                            "customer_demographics.cd_marital_status",
                            "customer_demographics.cd_education_status",
                            "customer_demographics.cd_purchase_estimate",
                            "customer_demographics.cd_credit_rating"
                          ],
                          "Plans": [
                            {
                              "Node Type": "Hash Join",
                              "Parent Relationship": "Outer",
                              "Parallel Aware": true,
                              "Async Capable": false,
                              "Join Type": "Inner",
                              "Startup Cost": 707956.07,
                              "Total Cost": 740791.66,
                              "Plan Rows": 719,
                              "Plan Width": 44,
                              "Inner Unique": false,
                              "Hash Cond": "(customer_demographics.cd_demo_sk = c.c_current_cdemo_sk)",
                              "Plans": [
                                {
                                  "Node Type": "Seq Scan",
                                  "Parent Relationship": "Outer",
                                  "Parallel Aware": true,
                                  "Async Capable": false,
                                  "Relation Name": "customer_demographics",
                                  "Alias": "customer_demographics",
                                  "Startup Cost": 0.0,
                                  "Total Cost": 29831.33,
                                  "Plan Rows": 800333,
                                  "Plan Width": 44,
                                  "parent": 6,
                                  "ID": 7
                                },
                                {
                                  "Node Type": "Hash",
                                  "Parent Relationship": "Inner",
                                  "Parallel Aware": true,
                                  "Async Capable": false,
                                  "Startup Cost": 707946.76,
                                  "Total Cost": 707946.76,
                                  "Plan Rows": 745,
                                  "Plan Width": 8,
                                  "Plans": [
                                    {
                                      "Node Type": "Hash Join",
                                      "Parent Relationship": "Outer",
                                      "Parallel Aware": true,
                                      "Async Capable": false,
                                      "Join Type": "Inner",
                                      "Startup Cost": 691275.92,
                                      "Total Cost": 707946.76,
                                      "Plan Rows": 745,
                                      "Plan Width": 8,
                                      "Inner Unique": false,
                                      "Hash Cond": "(c.c_current_addr_sk = ca.ca_address_sk)",
                                      "Plans": [
                                        {
                                          "Node Type": "Hash Join",
                                          "Parent Relationship": "Outer",
                                          "Parallel Aware": true,
                                          "Async Capable": false,
                                          "Join Type": "Semi",
                                          "Startup Cost": 684337.4,
                                          "Total Cost": 700954.09,
                                          "Plan Rows": 13615,
                                          "Plan Width": 12,
                                          "Inner Unique": false,
                                          "Hash Cond": "(c.c_customer_sk = store_sales.ss_customer_sk)",
                                          "Plans": [
                                            {
                                              "Node Type": "Seq Scan",
                                              "Parent Relationship": "Outer",
                                              "Parallel Aware": true,
                                              "Async Capable": false,
                                              "Relation Name": "customer",
                                              "Alias": "c",
                                              "Startup Cost": 0.0,
                                              "Total Cost": 15918.33,
                                              "Plan Rows": 208333,
                                              "Plan Width": 12,
                                              "parent": 10,
                                              "ID": 11
                                            },
                                            {
                                              "Node Type": "Hash",
                                              "Parent Relationship": "Inner",
                                              "Parallel Aware": true,
                                              "Async Capable": false,
                                              "Startup Cost": 684159.07,
                                              "Total Cost": 684159.07,
                                              "Plan Rows": 14267,
                                              "Plan Width": 4,
                                              "Plans": [
                                                {
                                                  "Node Type": "Hash Join",
                                                  "Parent Relationship": "Outer",
                                                  "Parallel Aware": true,
                                                  "Async Capable": false,
                                                  "Join Type": "Inner",
                                                  "Startup Cost": 2157.65,
                                                  "Total Cost": 684159.07,
                                                  "Plan Rows": 14267,
                                                  "Plan Width": 4,
                                                  "Inner Unique": false,
                                                  "Hash Cond": "(store_sales.ss_sold_date_sk = date_dim.d_date_sk)",
                                                  "Plans": [
                                                    {
                                                      "Node Type": "Seq Scan",
                                                      "Parent Relationship": "Outer",
                                                      "Parallel Aware": true,
                                                      "Async Capable": false,
                                                      "Relation Name": "store_sales",
                                                      "Alias": "store_sales",
                                                      "Startup Cost": 0.0,
                                                      "Total Cost": 636914.37,
                                                      "Plan Rows": 12000637,
                                                      "Plan Width": 8,
                                                      "parent": 13,
                                                      "ID": 14
                                                    },
                                                    {
                                                      "Node Type": "Hash",
                                                      "Parent Relationship": "Inner",
                                                      "Parallel Aware": true,
                                                      "Async Capable": false,
                                                      "Startup Cost": 2156.97,
                                                      "Total Cost": 2156.97,
                                                      "Plan Rows": 54,
                                                      "Plan Width": 4,
                                                      "Plans": [
                                                        {
                                                          "Node Type": "Seq Scan",
                                                          "Parent Relationship": "Outer",
                                                          "Parallel Aware": true,
                                                          "Async Capable": false,
                                                          "Relation Name": "date_dim",
                                                          "Alias": "date_dim",
                                                          "Startup Cost": 0.0,
                                                          "Total Cost": 2156.97,
                                                          "Plan Rows": 54,
                                                          "Plan Width": 4,
                                                          "Filter": "((d_moy >= 4) AND (d_moy <= 6) AND (d_year = 2004))",
                                                          "parent": 15,
                                                          "ID": 16
                                                        }
                                                      ],
                                                      "parent": 13,
                                                      "ID": 15,
                                                      "left": 16
                                                    }
                                                  ],
                                                  "parent": 12,
                                                  "ID": 13,
                                                  "left": 14,
                                                  "right": 15
                                                }
                                              ],
                                              "parent": 10,
                                              "ID": 12,
                                              "left": 13
                                            }
                                          ],
                                          "parent": 9,
                                          "ID": 10,
                                          "left": 11,
                                          "right": 12
                                        },
                                        {
                                          "Node Type": "Hash",
                                          "Parent Relationship": "Inner",
                                          "Parallel Aware": true,
                                          "Async Capable": false,
                                          "Startup Cost": 6867.29,
                                          "Total Cost": 6867.29,
                                          "Plan Rows": 5698,
                                          "Plan Width": 4,
                                          "Plans": [
                                            {
                                              "Node Type": "Seq Scan",
                                              "Parent Relationship": "Outer",
                                              "Parallel Aware": true,
                                              "Async Capable": false,
                                              "Relation Name": "customer_address",
                                              "Alias": "ca",
                                              "Startup Cost": 0.0,
                                              "Total Cost": 6867.29,
                                              "Plan Rows": 5698,
                                              "Plan Width": 4,
                                              "Filter": "(ca_state = ANY ('{IN,UT,WV}'::bpchar[]))",
                                              "parent": 17,
                                              "ID": 18
                                            }
                                          ],
                                          "parent": 9,
                                          "ID": 17,
                                          "left": 18
                                        }
                                      ],
                                      "parent": 8,
                                      "ID": 9,
                                      "left": 10,
                                      "right": 17
                                    }
                                  ],
                                  "parent": 6,
                                  "ID": 8,
                                  "left": 9
                                }
                              ],
                              "parent": 5,
                              "ID": 6,
                              "left": 7,
                              "right": 8
                            }
                          ],
                          "parent": 4,
                          "ID": 5,
                          "left": 6
                        }
                      ],
                      "parent": 3,
                      "ID": 4,
                      "left": 5
                    },
                    {
                      "Node Type": "Materialize",
                      "Parent Relationship": "Inner",
                      "Parallel Aware": false,
                      "Async Capable": false,
                      "Startup Cost": 3157.65,
                      "Total Cost": 233105.09,
                      "Plan Rows": 8964,
                      "Plan Width": 4,
                      "Plans": [
                        {
                          "Node Type": "Gather",
                          "Parent Relationship": "Outer",
                          "Parallel Aware": false,
                          "Async Capable": false,
                          "Startup Cost": 3157.65,
                          "Total Cost": 233060.27,
                          "Plan Rows": 8964,
                          "Plan Width": 4,
                          "Workers Planned": 2,
                          "Single Copy": false,
                          "Plans": [
                            {
                              "Node Type": "Hash Join",
                              "Parent Relationship": "Outer",
                              "Parallel Aware": true,
                              "Async Capable": false,
                              "Join Type": "Inner",
                              "Startup Cost": 2157.65,
                              "Total Cost": 231163.87,
                              "Plan Rows": 3735,
                              "Plan Width": 4,
                              "Inner Unique": false,
                              "Hash Cond": "(web_sales.ws_sold_date_sk = date_dim_1.d_date_sk)",
                              "Plans": [
                                {
                                  "Node Type": "Seq Scan",
                                  "Parent Relationship": "Outer",
                                  "Parallel Aware": true,
                                  "Async Capable": false,
                                  "Relation Name": "web_sales",
                                  "Alias": "web_sales",
                                  "Startup Cost": 0.0,
                                  "Total Cost": 217737.86,
                                  "Plan Rows": 2998986,
                                  "Plan Width": 8,
                                  "parent": 21,
                                  "ID": 22
                                },
                                {
                                  "Node Type": "Hash",
                                  "Parent Relationship": "Inner",
                                  "Parallel Aware": true,
                                  "Async Capable": false,
                                  "Startup Cost": 2156.97,
                                  "Total Cost": 2156.97,
                                  "Plan Rows": 54,
                                  "Plan Width": 4,
                                  "Plans": [
                                    {
                                      "Node Type": "Seq Scan",
                                      "Parent Relationship": "Outer",
                                      "Parallel Aware": true,
                                      "Async Capable": false,
                                      "Relation Name": "date_dim",
                                      "Alias": "date_dim_1",
                                      "Startup Cost": 0.0,
                                      "Total Cost": 2156.97,
                                      "Plan Rows": 54,
                                      "Plan Width": 4,
                                      "Filter": "((d_moy >= 4) AND (d_moy <= 6) AND (d_year = 2004))",
                                      "parent": 23,
                                      "ID": 24
                                    }
                                  ],
                                  "parent": 21,
                                  "ID": 23,
                                  "left": 24
                                }
                              ],
                              "parent": 20,
                              "ID": 21,
                              "left": 22,
                              "right": 23
                            }
                          ],
                          "parent": 19,
                          "ID": 20,
                          "left": 21
                        }
                      ],
                      "parent": 3,
                      "ID": 19,
                      "left": 20
                    }
                  ],
                  "parent": 2,
                  "ID": 3,
                  "left": 4,
                  "right": 19
                },
                {
                  "Node Type": "Materialize",
                  "Parent Relationship": "Inner",
                  "Parallel Aware": false,
                  "Async Capable": false,
                  "Startup Cost": 2684.49,
                  "Total Cost": 574652.42,
                  "Plan Rows": 17839,
                  "Plan Width": 4,
                  "Plans": [
                    {
                      "Node Type": "Hash Join",
                      "Parent Relationship": "Outer",
                      "Parallel Aware": false,
                      "Async Capable": false,
                      "Join Type": "Inner",
                      "Startup Cost": 2684.49,
                      "Total Cost": 574563.22,
                      "Plan Rows": 17839,
                      "Plan Width": 4,
                      "Inner Unique": false,
                      "Hash Cond": "(catalog_sales.cs_sold_date_sk = date_dim_2.d_date_sk)",
                      "Plans": [
                        {
                          "Node Type": "Seq Scan",
                          "Parent Relationship": "Outer",
                          "Parallel Aware": false,
                          "Async Capable": false,
                          "Relation Name": "catalog_sales",
                          "Alias": "catalog_sales",
                          "Startup Cost": 0.0,
                          "Total Cost": 517695.61,
                          "Plan Rows": 14401261,
                          "Plan Width": 8,
                          "parent": 26,
                          "ID": 27
                        },
                        {
                          "Node Type": "Hash",
                          "Parent Relationship": "Inner",
                          "Parallel Aware": false,
                          "Async Capable": false,
                          "Startup Cost": 2683.36,
                          "Total Cost": 2683.36,
                          "Plan Rows": 91,
                          "Plan Width": 4,
                          "Plans": [
                            {
                              "Node Type": "Seq Scan",
                              "Parent Relationship": "Outer",
                              "Parallel Aware": false,
                              "Async Capable": false,
                              "Relation Name": "date_dim",
                              "Alias": "date_dim_2",
                              "Startup Cost": 0.0,
                              "Total Cost": 2683.36,
                              "Plan Rows": 91,
                              "Plan Width": 4,
                              "Filter": "((d_moy >= 4) AND (d_moy <= 6) AND (d_year = 2004))",
                              "parent": 28,
                              "ID": 29
                            }
                          ],
                          "parent": 26,
                          "ID": 28,
                          "left": 29
                        }
                      ],
                      "parent": 25,
                      "ID": 26,
                      "left": 27,
                      "right": 28
                    }
                  ],
                  "parent": 2,
                  "ID": 25,
                  "left": 26
                }
              ],
              "parent": 1,
              "ID": 2,
              "left": 3,
              "right": 25
            }
          ],
          "parent": 0,
          "ID": 1,
          "left": 2
        }
      ],
      "parent": null,
      "ID": 0,
      "left": 1
    },
    "feat": {
      "utility": 0.003166089889266858,
      "query_shape": [
        [
          "Seq Scan",
          "Hash Join",
          "Sort",
          "Gather Merge",
          "Nested Loop",
          "Aggregate"
        ],
        [
          "Seq Scan",
          "Hash Join",
          "Hash",
          "Sort",
          "Gather Merge",
          "Nested Loop",
          "Aggregate"
        ],
        [
          "Seq Scan",
          "Hash Join",
          "Hash",
          "Sort",
          "Gather Merge",
          "Nested Loop",
          "Aggregate"
        ],
        [
          "Seq Scan",
          "Hash",
          "Hash Join",
          "Sort",
          "Gather Merge",
          "Nested Loop",
          "Aggregate"
        ],
        [
          "Seq Scan",
          "Hash",
          "Hash Join",
          "Sort",
          "Gather Merge",
          "Nested Loop",
          "Aggregate"
        ],
        [
          "Seq Scan",
          "Hash Join",
          "Gather",
          "Materialize",
          "Nested Loop",
          "Aggregate"
        ],
        [
          "Seq Scan",
          "Hash",
          "Hash Join",
          "Gather",
          "Materialize",
          "Nested Loop",
          "Aggregate"
        ],
        [
          "Seq Scan",
          "Hash Join",
          "Materialize",
          "Nested Loop",
          "Aggregate"
        ],
        [
          "Seq Scan",
          "Hash",
          "Hash Join",
          "Materialize",
          "Nested Loop",
          "Aggregate"
        ]
      ],
      "index_shape": [
        "join"
      ],
      "physical_operator": {
        "Nested Loop": [
          0.01046679050231333
        ]
      }
    }
  },
  {
    "query": "with ssr as\n (select s_store_id,\n        sum(sales_price) as sales,\n        sum(profit) as profit,\n        sum(return_amt) as returns,\n        sum(net_loss) as profit_loss\n from\n  ( select  ss_store_sk as store_sk,\n            ss_sold_date_sk  as date_sk,\n            ss_ext_sales_price as sales_price,\n            ss_net_profit as profit,\n            cast(0 as decimal(7,2)) as return_amt,\n            cast(0 as decimal(7,2)) as net_loss\n    from store_sales\n    union all\n    select sr_store_sk as store_sk,\n           sr_returned_date_sk as date_sk,\n           cast(0 as decimal(7,2)) as sales_price,\n           cast(0 as decimal(7,2)) as profit,\n           sr_return_amt as return_amt,\n           sr_net_loss as net_loss\n    from store_returns\n   ) salesreturns,\n     date_dim,\n     store\n where date_sk = d_date_sk\n       and d_date between cast('1998-08-12' as date) \n                  and (cast('1998-08-12' as date) +  interval '14 days')\n       and store_sk = s_store_sk\n group by s_store_id)\n ,\n csr as\n (select cp_catalog_page_id,\n        sum(sales_price) as sales,\n        sum(profit) as profit,\n        sum(return_amt) as returns,\n        sum(net_loss) as profit_loss\n from\n  ( select  cs_catalog_page_sk as page_sk,\n            cs_sold_date_sk  as date_sk,\n            cs_ext_sales_price as sales_price,\n            cs_net_profit as profit,\n            cast(0 as decimal(7,2)) as return_amt,\n            cast(0 as decimal(7,2)) as net_loss\n    from catalog_sales\n    union all\n    select cr_catalog_page_sk as page_sk,\n           cr_returned_date_sk as date_sk,\n           cast(0 as decimal(7,2)) as sales_price,\n           cast(0 as decimal(7,2)) as profit,\n           cr_return_amount as return_amt,\n           cr_net_loss as net_loss\n    from catalog_returns\n   ) salesreturns,\n     date_dim,\n     catalog_page\n where date_sk = d_date_sk\n       and d_date between cast('1998-08-12' as date)\n                  and (cast('1998-08-12' as date) +  interval '14 days')\n       and page_sk = cp_catalog_page_sk\n group by cp_catalog_page_id)\n ,\n wsr as\n (select web_site_id,\n        sum(sales_price) as sales,\n        sum(profit) as profit,\n        sum(return_amt) as returns,\n        sum(net_loss) as profit_loss\n from\n  ( select  ws_web_site_sk as wsr_web_site_sk,\n            ws_sold_date_sk  as date_sk,\n            ws_ext_sales_price as sales_price,\n            ws_net_profit as profit,\n            cast(0 as decimal(7,2)) as return_amt,\n            cast(0 as decimal(7,2)) as net_loss\n    from web_sales\n    union all\n    select ws_web_site_sk as wsr_web_site_sk,\n           wr_returned_date_sk as date_sk,\n           cast(0 as decimal(7,2)) as sales_price,\n           cast(0 as decimal(7,2)) as profit,\n           wr_return_amt as return_amt,\n           wr_net_loss as net_loss\n    from web_returns left outer join web_sales on\n         ( wr_item_sk = ws_item_sk\n           and wr_order_number = ws_order_number)\n   ) salesreturns,\n     date_dim,\n     web_site\n where date_sk = d_date_sk\n       and d_date between cast('1998-08-12' as date)\n                  and (cast('1998-08-12' as date) +  interval '14 days')\n       and wsr_web_site_sk = web_site_sk\n group by web_site_id)\n  select  channel\n        , id\n        , sum(sales) as sales\n        , sum(returns) as returns\n        , sum(profit) as profit\n from \n (select 'store channel' as channel\n        , 'store' || s_store_id as id\n        , sales\n        , returns\n        , (profit - profit_loss) as profit\n from   ssr\n union all\n select 'catalog channel' as channel\n        , 'catalog_page' || cp_catalog_page_id as id\n        , sales\n        , returns\n        , (profit - profit_loss) as profit\n from  csr\n union all\n select 'web channel' as channel\n        , 'web_site' || web_site_id as id\n        , sales\n        , returns\n        , (profit - profit_loss) as profit\n from   wsr\n ) x\n group by rollup (channel, id)\n order by channel\n         ,id\n limit 100;\n\n-- end query 3 in stream 0 using template query5.tpl\n",
    "indexes": "store_returns.sr_returned_date_sk",
    "wo plan est": {
      "Node Type": "Limit",
      "Parallel Aware": false,
      "Async Capable": false,
      "Startup Cost": 1940046.82,
      "Total Cost": 1940047.07,
      "Plan Rows": 100,
      "Plan Width": 160,
      "Plans": [
        {
          "Node Type": "Sort",
          "Parent Relationship": "Outer",
          "Parallel Aware": false,
          "Async Capable": false,
          "Startup Cost": 1940046.82,
          "Total Cost": 1940048.1,
          "Plan Rows": 512,
          "Plan Width": 160,
          "Sort Key": [
            "('store channel'::text)",
            "(('store'::text || (ssr.s_store_id)::text))"
          ],
          "Plans": [
            {
              "Node Type": "Aggregate",
              "Strategy": "Mixed",
              "Partial Mode": "Simple",
              "Parent Relationship": "Outer",
              "Parallel Aware": false,
              "Async Capable": false,
              "Startup Cost": 815451.97,
              "Total Cost": 1940027.26,
              "Plan Rows": 512,
              "Plan Width": 160,
              "Grouping Sets": [
                {
                  "Hash Keys": [
                    [
                      "('store channel'::text)",
                      "(('store'::text || (ssr.s_store_id)::text))"
                    ]
                  ]
                },
                {
                  "Hash Keys": [
                    [
                      "('store channel'::text)"
                    ]
                  ]
                },
                {
                  "Group Keys": [
                    []
                  ]
                }
              ],
              "Planned Partitions": 0,
              "Plans": [
                {
                  "Node Type": "Append",
                  "Parent Relationship": "Outer",
                  "Parallel Aware": false,
                  "Async Capable": false,
                  "Startup Cost": 815451.97,
                  "Total Cost": 1939925.06,
                  "Plan Rows": 3108,
                  "Plan Width": 160,
                  "Subplans Removed": 0,
                  "Plans": [
                    {
                      "Node Type": "Subquery Scan",
                      "Parent Relationship": "Member",
                      "Parallel Aware": false,
                      "Async Capable": false,
                      "Alias": "ssr",
                      "Startup Cost": 815451.97,
                      "Total Cost": 815488.32,
                      "Plan Rows": 51,
                      "Plan Width": 160,
                      "Plans": [
                        {
                          "Node Type": "Aggregate",
                          "Strategy": "Sorted",
                          "Partial Mode": "Finalize",
                          "Parent Relationship": "Subquery",
                          "Parallel Aware": false,
                          "Async Capable": false,
                          "Startup Cost": 815451.97,
                          "Total Cost": 815487.43,
                          "Plan Rows": 51,
                          "Plan Width": 145,
                          "Group Key": [
                            "store.s_store_id"
                          ],
                          "Plans": [
                            {
                              "Node Type": "Gather Merge",
                              "Parent Relationship": "Outer",
                              "Parallel Aware": false,
                              "Async Capable": false,
                              "Startup Cost": 815451.97,
                              "Total Cost": 815484.12,
                              "Plan Rows": 102,
                              "Plan Width": 145,
                              "Workers Planned": 2,
                              "Plans": [
                                {
                                  "Node Type": "Aggregate",
                                  "Strategy": "Sorted",
                                  "Partial Mode": "Partial",
                                  "Parent Relationship": "Outer",
                                  "Parallel Aware": false,
                                  "Async Capable": false,
                                  "Startup Cost": 814451.95,
                                  "Total Cost": 814472.32,
                                  "Plan Rows": 51,
                                  "Plan Width": 145,
                                  "Group Key": [
                                    "store.s_store_id"
                                  ],
                                  "Plans": [
                                    {
                                      "Node Type": "Sort",
                                      "Parent Relationship": "Outer",
                                      "Parallel Aware": false,
                                      "Async Capable": false,
                                      "Startup Cost": 814451.95,
                                      "Total Cost": 814455.17,
                                      "Plan Rows": 1290,
                                      "Plan Width": 57,
                                      "Sort Key": [
                                        "store.s_store_id"
                                      ],
                                      "Plans": [
                                        {
                                          "Node Type": "Hash Join",
                                          "Parent Relationship": "Outer",
                                          "Parallel Aware": false,
                                          "Async Capable": false,
                                          "Join Type": "Inner",
                                          "Startup Cost": 2056.95,
                                          "Total Cost": 814385.3,
                                          "Plan Rows": 1290,
                                          "Plan Width": 57,
                                          "Inner Unique": false,
                                          "Hash Cond": "(store_sales.ss_store_sk = store.s_store_sk)",
                                          "Plans": [
                                            {
                                              "Node Type": "Hash Join",
                                              "Parent Relationship": "Outer",
                                              "Parallel Aware": true,
                                              "Async Capable": false,
                                              "Join Type": "Inner",
                                              "Startup Cost": 2049.65,
                                              "Total Cost": 814355.62,
                                              "Plan Rows": 2530,
                                              "Plan Width": 44,
                                              "Inner Unique": false,
                                              "Hash Cond": "(store_sales.ss_sold_date_sk = date_dim.d_date_sk)",
                                              "Plans": [
                                                {
                                                  "Node Type": "Append",
                                                  "Parent Relationship": "Outer",
                                                  "Parallel Aware": true,
                                                  "Async Capable": false,
                                                  "Startup Cost": 0.0,
                                                  "Total Cost": 762796.01,
                                                  "Plan Rows": 13198801,
                                                  "Plan Width": 48,
                                                  "Subplans Removed": 0,
                                                  "Plans": [
                                                    {
                                                      "Node Type": "Seq Scan",
                                                      "Parent Relationship": "Member",
                                                      "Parallel Aware": true,
                                                      "Async Capable": false,
                                                      "Relation Name": "store_sales",
                                                      "Alias": "store_sales",
                                                      "Startup Cost": 0.0,
                                                      "Total Cost": 636914.37,
                                                      "Plan Rows": 12000637,
                                                      "Plan Width": 48,
                                                      "parent": 11,
                                                      "ID": 12
                                                    },
                                                    {
                                                      "Node Type": "Seq Scan",
                                                      "Parent Relationship": "Member",
                                                      "Parallel Aware": true,
                                                      "Async Capable": false,
                                                      "Relation Name": "store_returns",
                                                      "Alias": "store_returns",
                                                      "Startup Cost": 0.0,
                                                      "Total Cost": 59887.64,
                                                      "Plan Rows": 1198164,
                                                      "Plan Width": 48,
                                                      "parent": 11,
                                                      "ID": 13
                                                    }
                                                  ],
                                                  "parent": 10,
                                                  "ID": 11,
                                                  "left": 12,
                                                  "right": 13
                                                },
                                                {
                                                  "Node Type": "Hash",
                                                  "Parent Relationship": "Inner",
                                                  "Parallel Aware": true,
                                                  "Async Capable": false,
                                                  "Startup Cost": 2049.55,
                                                  "Total Cost": 2049.55,
                                                  "Plan Rows": 8,
                                                  "Plan Width": 4,
                                                  "Plans": [
                                                    {
                                                      "Node Type": "Seq Scan",
                                                      "Parent Relationship": "Outer",
                                                      "Parallel Aware": true,
                                                      "Async Capable": false,
                                                      "Relation Name": "date_dim",
                                                      "Alias": "date_dim",
                                                      "Startup Cost": 0.0,
                                                      "Total Cost": 2049.55,
                                                      "Plan Rows": 8,
                                                      "Plan Width": 4,
                                                      "Filter": "((d_date >= '1998-08-12'::date) AND (d_date <= '1998-08-26 00:00:00'::timestamp without time zone))",
                                                      "parent": 14,
                                                      "ID": 15
                                                    }
                                                  ],
                                                  "parent": 10,
                                                  "ID": 14,
                                                  "left": 15
                                                }
                                              ],
                                              "parent": 9,
                                              "ID": 10,
                                              "left": 11,
                                              "right": 14
                                            },
                                            {
                                              "Node Type": "Hash",
                                              "Parent Relationship": "Inner",
                                              "Parallel Aware": false,
                                              "Async Capable": false,
                                              "Startup Cost": 6.02,
                                              "Total Cost": 6.02,
                                              "Plan Rows": 102,
                                              "Plan Width": 21,
                                              "Plans": [
                                                {
                                                  "Node Type": "Seq Scan",
                                                  "Parent Relationship": "Outer",
                                                  "Parallel Aware": false,
                                                  "Async Capable": false,
                                                  "Relation Name": "store",
                                                  "Alias": "store",
                                                  "Startup Cost": 0.0,
                                                  "Total Cost": 6.02,
                                                  "Plan Rows": 102,
                                                  "Plan Width": 21,
                                                  "parent": 16,
                                                  "ID": 17
                                                }
                                              ],
                                              "parent": 9,
                                              "ID": 16,
                                              "left": 17
                                            }
                                          ],
                                          "parent": 8,
                                          "ID": 9,
                                          "left": 10,
                                          "right": 16
                                        }
                                      ],
                                      "parent": 7,
                                      "ID": 8,
                                      "left": 9
                                    }
                                  ],
                                  "parent": 6,
                                  "ID": 7,
                                  "left": 8
                                }
                              ],
                              "parent": 5,
                              "ID": 6,
                              "left": 7
                            }
                          ],
                          "parent": 4,
                          "ID": 5,
                          "left": 6
                        }
                      ],
                      "parent": 3,
                      "ID": 4,
                      "left": 5
                    },
                    {
                      "Node Type": "Subquery Scan",
                      "Parent Relationship": "Member",
                      "Parallel Aware": false,
                      "Async Capable": false,
                      "Alias": "csr",
                      "Startup Cost": 529848.36,
                      "Total Cost": 530353.75,
                      "Plan Rows": 3036,
                      "Plan Width": 160,
                      "Plans": [
                        {
                          "Node Type": "Aggregate",
                          "Strategy": "Sorted",
                          "Partial Mode": "Simple",
                          "Parent Relationship": "Subquery",
                          "Parallel Aware": false,
                          "Async Capable": false,
                          "Startup Cost": 529848.36,
                          "Total Cost": 530300.62,
                          "Plan Rows": 3036,
                          "Plan Width": 145,
                          "Group Key": [
                            "catalog_page.cp_catalog_page_id"
                          ],
                          "Plans": [
                            {
                              "Node Type": "Gather Merge",
                              "Parent Relationship": "Outer",
                              "Parallel Aware": false,
                              "Async Capable": false,
                              "Startup Cost": 529848.36,
                              "Total Cost": 530201.95,
                              "Plan Rows": 3036,
                              "Plan Width": 57,
                              "Workers Planned": 2,
                              "Plans": [
                                {
                                  "Node Type": "Sort",
                                  "Parent Relationship": "Outer",
                                  "Parallel Aware": false,
                                  "Async Capable": false,
                                  "Startup Cost": 528848.34,
                                  "Total Cost": 528851.5,
                                  "Plan Rows": 1265,
                                  "Plan Width": 57,
                                  "Sort Key": [
                                    "catalog_page.cp_catalog_page_id"
                                  ],
                                  "Plans": [
                                    {
                                      "Node Type": "Hash Join",
                                      "Parent Relationship": "Outer",
                                      "Parallel Aware": false,
                                      "Async Capable": false,
                                      "Join Type": "Inner",
                                      "Startup Cost": 2567.65,
                                      "Total Cost": 528783.16,
                                      "Plan Rows": 1265,
                                      "Plan Width": 57,
                                      "Inner Unique": false,
                                      "Hash Cond": "(catalog_sales.cs_catalog_page_sk = catalog_page.cp_catalog_page_sk)",
                                      "Plans": [
                                        {
                                          "Node Type": "Hash Join",
                                          "Parent Relationship": "Outer",
                                          "Parallel Aware": true,
                                          "Async Capable": false,
                                          "Join Type": "Inner",
                                          "Startup Cost": 2049.65,
                                          "Total Cost": 528247.76,
                                          "Plan Rows": 1265,
                                          "Plan Width": 44,
                                          "Inner Unique": false,
                                          "Hash Cond": "(catalog_sales.cs_sold_date_sk = date_dim_1.d_date_sk)",
                                          "Plans": [
                                            {
                                              "Node Type": "Append",
                                              "Parent Relationship": "Outer",
                                              "Parallel Aware": true,
                                              "Async Capable": false,
                                              "Startup Cost": 0.0,
                                              "Total Cost": 501439.31,
                                              "Plan Rows": 6600420,
                                              "Plan Width": 48,
                                              "Subplans Removed": 0,
                                              "Plans": [
                                                {
                                                  "Node Type": "Seq Scan",
                                                  "Parent Relationship": "Member",
                                                  "Parallel Aware": true,
                                                  "Async Capable": false,
                                                  "Relation Name": "catalog_sales",
                                                  "Alias": "catalog_sales",
                                                  "Startup Cost": 0.0,
                                                  "Total Cost": 433688.25,
                                                  "Plan Rows": 6000525,
                                                  "Plan Width": 48,
                                                  "parent": 24,
                                                  "ID": 25
                                                },
                                                {
                                                  "Node Type": "Seq Scan",
                                                  "Parent Relationship": "Member",
                                                  "Parallel Aware": true,
                                                  "Async Capable": false,
                                                  "Relation Name": "catalog_returns",
                                                  "Alias": "catalog_returns",
                                                  "Startup Cost": 0.0,
                                                  "Total Cost": 34748.95,
                                                  "Plan Rows": 599895,
                                                  "Plan Width": 48,
                                                  "parent": 24,
                                                  "ID": 26
                                                }
                                              ],
                                              "parent": 23,
                                              "ID": 24,
                                              "left": 25,
                                              "right": 26
                                            },
                                            {
                                              "Node Type": "Hash",
                                              "Parent Relationship": "Inner",
                                              "Parallel Aware": true,
                                              "Async Capable": false,
                                              "Startup Cost": 2049.55,
                                              "Total Cost": 2049.55,
                                              "Plan Rows": 8,
                                              "Plan Width": 4,
                                              "Plans": [
                                                {
                                                  "Node Type": "Seq Scan",
                                                  "Parent Relationship": "Outer",
                                                  "Parallel Aware": true,
                                                  "Async Capable": false,
                                                  "Relation Name": "date_dim",
                                                  "Alias": "date_dim_1",
                                                  "Startup Cost": 0.0,
                                                  "Total Cost": 2049.55,
                                                  "Plan Rows": 8,
                                                  "Plan Width": 4,
                                                  "Filter": "((d_date >= '1998-08-12'::date) AND (d_date <= '1998-08-26 00:00:00'::timestamp without time zone))",
                                                  "parent": 27,
                                                  "ID": 28
                                                }
                                              ],
                                              "parent": 23,
                                              "ID": 27,
                                              "left": 28
                                            }
                                          ],
                                          "parent": 22,
                                          "ID": 23,
                                          "left": 24,
                                          "right": 27
                                        },
                                        {
                                          "Node Type": "Hash",
                                          "Parent Relationship": "Inner",
                                          "Parallel Aware": false,
                                          "Async Capable": false,
                                          "Startup Cost": 368.0,
                                          "Total Cost": 368.0,
                                          "Plan Rows": 12000,
                                          "Plan Width": 21,
                                          "Plans": [
                                            {
                                              "Node Type": "Seq Scan",
                                              "Parent Relationship": "Outer",
                                              "Parallel Aware": false,
                                              "Async Capable": false,
                                              "Relation Name": "catalog_page",
                                              "Alias": "catalog_page",
                                              "Startup Cost": 0.0,
                                              "Total Cost": 368.0,
                                              "Plan Rows": 12000,
                                              "Plan Width": 21,
                                              "parent": 29,
                                              "ID": 30
                                            }
                                          ],
                                          "parent": 22,
                                          "ID": 29,
                                          "left": 30
                                        }
                                      ],
                                      "parent": 21,
                                      "ID": 22,
                                      "left": 23,
                                      "right": 29
                                    }
                                  ],
                                  "parent": 20,
                                  "ID": 21,
                                  "left": 22
                                }
                              ],
                              "parent": 19,
                              "ID": 20,
                              "left": 21
                            }
                          ],
                          "parent": 18,
                          "ID": 19,
                          "left": 20
                        }
                      ],
                      "parent": 3,
                      "ID": 18,
                      "left": 19
                    },
                    {
                      "Node Type": "Subquery Scan",
                      "Parent Relationship": "Member",
                      "Parallel Aware": false,
                      "Async Capable": false,
                      "Alias": "wsr",
                      "Startup Cost": 594058.45,
                      "Total Cost": 594067.44,
                      "Plan Rows": 21,
                      "Plan Width": 160,
                      "Plans": [
                        {
                          "Node Type": "Aggregate",
                          "Strategy": "Sorted",
                          "Partial Mode": "Finalize",
                          "Parent Relationship": "Subquery",
                          "Parallel Aware": false,
                          "Async Capable": false,
                          "Startup Cost": 594058.45,
                          "Total Cost": 594067.07,
                          "Plan Rows": 21,
                          "Plan Width": 145,
                          "Group Key": [
                            "web_site.web_site_id"
                          ],
                          "Plans": [
                            {
                              "Node Type": "Gather Merge",
                              "Parent Relationship": "Outer",
                              "Parallel Aware": false,
                              "Async Capable": false,
                              "Startup Cost": 594058.45,
                              "Total Cost": 594065.71,
                              "Plan Rows": 42,
                              "Plan Width": 145,
                              "Workers Planned": 2,
                              "Plans": [
                                {
                                  "Node Type": "Aggregate",
                                  "Strategy": "Sorted",
                                  "Partial Mode": "Partial",
                                  "Parent Relationship": "Outer",
                                  "Parallel Aware": false,
                                  "Async Capable": false,
                                  "Startup Cost": 593058.42,
                                  "Total Cost": 593060.84,
                                  "Plan Rows": 21,
                                  "Plan Width": 145,
                                  "Group Key": [
                                    "web_site.web_site_id"
                                  ],
                                  "Plans": [
                                    {
                                      "Node Type": "Sort",
                                      "Parent Relationship": "Outer",
                                      "Parallel Aware": false,
                                      "Async Capable": false,
                                      "Startup Cost": 593058.42,
                                      "Total Cost": 593058.75,
                                      "Plan Rows": 133,
                                      "Plan Width": 57,
                                      "Sort Key": [
                                        "web_site.web_site_id"
                                      ],
                                      "Plans": [
                                        {
                                          "Node Type": "Hash Join",
                                          "Parent Relationship": "Outer",
                                          "Parallel Aware": false,
                                          "Async Capable": false,
                                          "Join Type": "Inner",
                                          "Startup Cost": 2053.6,
                                          "Total Cost": 593053.73,
                                          "Plan Rows": 133,
                                          "Plan Width": 57,
                                          "Inner Unique": false,
                                          "Hash Cond": "(\"*SELECT* 2\".wsr_web_site_sk = web_site.web_site_sk)",
                                          "Plans": [
                                            {
                                              "Node Type": "Hash Join",
                                              "Parent Relationship": "Outer",
                                              "Parallel Aware": true,
                                              "Async Capable": false,
                                              "Join Type": "Inner",
                                              "Startup Cost": 2049.65,
                                              "Total Cost": 593046.09,
                                              "Plan Rows": 632,
                                              "Plan Width": 44,
                                              "Inner Unique": false,
                                              "Hash Cond": "(\"*SELECT* 2\".date_sk = date_dim_2.d_date_sk)",
                                              "Plans": [
                                                {
                                                  "Node Type": "Append",
                                                  "Parent Relationship": "Outer",
                                                  "Parallel Aware": true,
                                                  "Async Capable": false,
                                                  "Startup Cost": 0.0,
                                                  "Total Cost": 577049.1,
                                                  "Plan Rows": 3718203,
                                                  "Plan Width": 48,
                                                  "Subplans Removed": 0,
                                                  "Plans": [
                                                    {
                                                      "Node Type": "Subquery Scan",
                                                      "Parent Relationship": "Member",
                                                      "Parallel Aware": false,
                                                      "Async Capable": false,
                                                      "Alias": "*SELECT* 2",
                                                      "Startup Cost": 277366.65,
                                                      "Total Cost": 340720.23,
                                                      "Plan Rows": 719217,
                                                      "Plan Width": 48,
                                                      "Plans": [
                                                        {
                                                          "Node Type": "Hash Join",
                                                          "Parent Relationship": "Subquery",
                                                          "Parallel Aware": true,
                                                          "Async Capable": false,
                                                          "Join Type": "Left",
                                                          "Startup Cost": 277366.65,
                                                          "Total Cost": 333528.06,
                                                          "Plan Rows": 299674,
                                                          "Plan Width": 48,
                                                          "Inner Unique": false,
                                                          "Hash Cond": "((web_returns.wr_item_sk = web_sales_1.ws_item_sk) AND (web_returns.wr_order_number = web_sales_1.ws_order_number))",
                                                          "Plans": [
                                                            {
                                                              "Node Type": "Seq Scan",
                                                              "Parent Relationship": "Outer",
                                                              "Parallel Aware": true,
                                                              "Async Capable": false,
                                                              "Relation Name": "web_returns",
                                                              "Alias": "web_returns",
                                                              "Startup Cost": 0.0,
                                                              "Total Cost": 16278.74,
                                                              "Plan Rows": 299674,
                                                              "Plan Width": 24,
                                                              "parent": 40,
                                                              "ID": 41
                                                            },
                                                            {
                                                              "Node Type": "Hash",
                                                              "Parent Relationship": "Inner",
                                                              "Parallel Aware": true,
                                                              "Async Capable": false,
                                                              "Startup Cost": 217737.86,
                                                              "Total Cost": 217737.86,
                                                              "Plan Rows": 2998986,
                                                              "Plan Width": 12,
                                                              "Plans": [
                                                                {
                                                                  "Node Type": "Seq Scan",
                                                                  "Parent Relationship": "Outer",
                                                                  "Parallel Aware": true,
                                                                  "Async Capable": false,
                                                                  "Relation Name": "web_sales",
                                                                  "Alias": "web_sales_1",
                                                                  "Startup Cost": 0.0,
                                                                  "Total Cost": 217737.86,
                                                                  "Plan Rows": 2998986,
                                                                  "Plan Width": 12,
                                                                  "parent": 42,
                                                                  "ID": 43
                                                                }
                                                              ],
                                                              "parent": 40,
                                                              "ID": 42,
                                                              "left": 43
                                                            }
                                                          ],
                                                          "parent": 39,
                                                          "ID": 40,
                                                          "left": 41,
                                                          "right": 42
                                                        }
                                                      ],
                                                      "parent": 38,
                                                      "ID": 39,
                                                      "left": 40
                                                    },
                                                    {
                                                      "Node Type": "Seq Scan",
                                                      "Parent Relationship": "Member",
                                                      "Parallel Aware": true,
                                                      "Async Capable": false,
                                                      "Relation Name": "web_sales",
                                                      "Alias": "web_sales",
                                                      "Startup Cost": 0.0,
                                                      "Total Cost": 217737.86,
                                                      "Plan Rows": 2998986,
                                                      "Plan Width": 48,
                                                      "parent": 38,
                                                      "ID": 44
                                                    }
                                                  ],
                                                  "parent": 37,
                                                  "ID": 38,
                                                  "left": 39,
                                                  "right": 44
                                                },
                                                {
                                                  "Node Type": "Hash",
                                                  "Parent Relationship": "Inner",
                                                  "Parallel Aware": true,
                                                  "Async Capable": false,
                                                  "Startup Cost": 2049.55,
                                                  "Total Cost": 2049.55,
                                                  "Plan Rows": 8,
                                                  "Plan Width": 4,
                                                  "Plans": [
                                                    {
                                                      "Node Type": "Seq Scan",
                                                      "Parent Relationship": "Outer",
                                                      "Parallel Aware": true,
                                                      "Async Capable": false,
                                                      "Relation Name": "date_dim",
                                                      "Alias": "date_dim_2",
                                                      "Startup Cost": 0.0,
                                                      "Total Cost": 2049.55,
                                                      "Plan Rows": 8,
                                                      "Plan Width": 4,
                                                      "Filter": "((d_date >= '1998-08-12'::date) AND (d_date <= '1998-08-26 00:00:00'::timestamp without time zone))",
                                                      "parent": 45,
                                                      "ID": 46
                                                    }
                                                  ],
                                                  "parent": 37,
                                                  "ID": 45,
                                                  "left": 46
                                                }
                                              ],
                                              "parent": 36,
                                              "ID": 37,
                                              "left": 38,
                                              "right": 45
                                            },
                                            {
                                              "Node Type": "Hash",
                                              "Parent Relationship": "Inner",
                                              "Parallel Aware": false,
                                              "Async Capable": false,
                                              "Startup Cost": 3.42,
                                              "Total Cost": 3.42,
                                              "Plan Rows": 42,
                                              "Plan Width": 21,
                                              "Plans": [
                                                {
                                                  "Node Type": "Seq Scan",
                                                  "Parent Relationship": "Outer",
                                                  "Parallel Aware": false,
                                                  "Async Capable": false,
                                                  "Relation Name": "web_site",
                                                  "Alias": "web_site",
                                                  "Startup Cost": 0.0,
                                                  "Total Cost": 3.42,
                                                  "Plan Rows": 42,
                                                  "Plan Width": 21,
                                                  "parent": 47,
                                                  "ID": 48
                                                }
                                              ],
                                              "parent": 36,
                                              "ID": 47,
                                              "left": 48
                                            }
                                          ],
                                          "parent": 35,
                                          "ID": 36,
                                          "left": 37,
                                          "right": 47
                                        }
                                      ],
                                      "parent": 34,
                                      "ID": 35,
                                      "left": 36
                                    }
                                  ],
                                  "parent": 33,
                                  "ID": 34,
                                  "left": 35
                                }
                              ],
                              "parent": 32,
                              "ID": 33,
                              "left": 34
                            }
                          ],
                          "parent": 31,
                          "ID": 32,
                          "left": 33
                        }
                      ],
                      "parent": 3,
                      "ID": 31,
                      "left": 32
                    }
                  ],
                  "parent": 2,
                  "ID": 3,
                  "left": 4,
                  "right": 18
                }
              ],
              "parent": 1,
              "ID": 2,
              "left": 3
            }
          ],
          "parent": 0,
          "ID": 1,
          "left": 2
        }
      ],
      "parent": null,
      "ID": 0,
      "left": 1
    },
    "feat": {
      "utility": 0.0,
      "query_shape": [
        [
          "Seq Scan",
          "Append",
          "Hash Join",
          "Sort",
          "Aggregate",
          "Gather Merge",
          "Subquery Scan"
        ],
        [
          "Seq Scan",
          "Append",
          "Hash Join",
          "Sort",
          "Aggregate",
          "Gather Merge",
          "Subquery Scan"
        ],
        [
          "Seq Scan",
          "Hash",
          "Hash Join",
          "Sort",
          "Aggregate",
          "Gather Merge",
          "Subquery Scan",
          "Append"
        ],
        [
          "Seq Scan",
          "Hash",
          "Hash Join",
          "Sort",
          "Aggregate",
          "Gather Merge",
          "Subquery Scan",
          "Append"
        ],
        [
          "Seq Scan",
          "Append",
          "Hash Join",
          "Sort",
          "Gather Merge",
          "Aggregate",
          "Subquery Scan"
        ],
        [
          "Seq Scan",
          "Append",
          "Hash Join",
          "Sort",
          "Gather Merge",
          "Aggregate",
          "Subquery Scan"
        ],
        [
          "Seq Scan",
          "Hash",
          "Hash Join",
          "Sort",
          "Gather Merge",
          "Aggregate",
          "Subquery Scan",
          "Append"
        ],
        [
          "Seq Scan",
          "Hash",
          "Hash Join",
          "Sort",
          "Gather Merge",
          "Aggregate",
          "Subquery Scan",
          "Append"
        ],
        [
          "Seq Scan",
          "Hash Join",
          "Subquery Scan",
          "Append",
          "Sort",
          "Aggregate",
          "Gather Merge"
        ],
        [
          "Seq Scan",
          "Hash",
          "Hash Join",
          "Subquery Scan",
          "Append",
          "Sort",
          "Aggregate",
          "Gather Merge"
        ],
        [
          "Seq Scan",
          "Append",
          "Hash Join",
          "Sort",
          "Aggregate",
          "Gather Merge",
          "Subquery Scan"
        ],
        [
          "Seq Scan",
          "Hash",
          "Hash Join",
          "Sort",
          "Aggregate",
          "Gather Merge",
          "Subquery Scan",
          "Append"
        ],
        [
          "Seq Scan",
          "Hash",
          "Hash Join",
          "Sort",
          "Aggregate",
          "Gather Merge",
          "Subquery Scan",
          "Append"
        ]
      ],
      "index_shape": [],
      "physical_operator": {}
    }
  },
  {
    "query": "with ssr as\n (select s_store_id,\n        sum(sales_price) as sales,\n        sum(profit) as profit,\n        sum(return_amt) as returns,\n        sum(net_loss) as profit_loss\n from\n  ( select  ss_store_sk as store_sk,\n            ss_sold_date_sk  as date_sk,\n            ss_ext_sales_price as sales_price,\n            ss_net_profit as profit,\n            cast(0 as decimal(7,2)) as return_amt,\n            cast(0 as decimal(7,2)) as net_loss\n    from store_sales\n    union all\n    select sr_store_sk as store_sk,\n           sr_returned_date_sk as date_sk,\n           cast(0 as decimal(7,2)) as sales_price,\n           cast(0 as decimal(7,2)) as profit,\n           sr_return_amt as return_amt,\n           sr_net_loss as net_loss\n    from store_returns\n   ) salesreturns,\n     date_dim,\n     store\n where date_sk = d_date_sk\n       and d_date between cast('1998-08-12' as date) \n                  and (cast('1998-08-12' as date) +  interval '14 days')\n       and store_sk = s_store_sk\n group by s_store_id)\n ,\n csr as\n (select cp_catalog_page_id,\n        sum(sales_price) as sales,\n        sum(profit) as profit,\n        sum(return_amt) as returns,\n        sum(net_loss) as profit_loss\n from\n  ( select  cs_catalog_page_sk as page_sk,\n            cs_sold_date_sk  as date_sk,\n            cs_ext_sales_price as sales_price,\n            cs_net_profit as profit,\n            cast(0 as decimal(7,2)) as return_amt,\n            cast(0 as decimal(7,2)) as net_loss\n    from catalog_sales\n    union all\n    select cr_catalog_page_sk as page_sk,\n           cr_returned_date_sk as date_sk,\n           cast(0 as decimal(7,2)) as sales_price,\n           cast(0 as decimal(7,2)) as profit,\n           cr_return_amount as return_amt,\n           cr_net_loss as net_loss\n    from catalog_returns\n   ) salesreturns,\n     date_dim,\n     catalog_page\n where date_sk = d_date_sk\n       and d_date between cast('1998-08-12' as date)\n                  and (cast('1998-08-12' as date) +  interval '14 days')\n       and page_sk = cp_catalog_page_sk\n group by cp_catalog_page_id)\n ,\n wsr as\n (select web_site_id,\n        sum(sales_price) as sales,\n        sum(profit) as profit,\n        sum(return_amt) as returns,\n        sum(net_loss) as profit_loss\n from\n  ( select  ws_web_site_sk as wsr_web_site_sk,\n            ws_sold_date_sk  as date_sk,\n            ws_ext_sales_price as sales_price,\n            ws_net_profit as profit,\n            cast(0 as decimal(7,2)) as return_amt,\n            cast(0 as decimal(7,2)) as net_loss\n    from web_sales\n    union all\n    select ws_web_site_sk as wsr_web_site_sk,\n           wr_returned_date_sk as date_sk,\n           cast(0 as decimal(7,2)) as sales_price,\n           cast(0 as decimal(7,2)) as profit,\n           wr_return_amt as return_amt,\n           wr_net_loss as net_loss\n    from web_returns left outer join web_sales on\n         ( wr_item_sk = ws_item_sk\n           and wr_order_number = ws_order_number)\n   ) salesreturns,\n     date_dim,\n     web_site\n where date_sk = d_date_sk\n       and d_date between cast('1998-08-12' as date)\n                  and (cast('1998-08-12' as date) +  interval '14 days')\n       and wsr_web_site_sk = web_site_sk\n group by web_site_id)\n  select  channel\n        , id\n        , sum(sales) as sales\n        , sum(returns) as returns\n        , sum(profit) as profit\n from \n (select 'store channel' as channel\n        , 'store' || s_store_id as id\n        , sales\n        , returns\n        , (profit - profit_loss) as profit\n from   ssr\n union all\n select 'catalog channel' as channel\n        , 'catalog_page' || cp_catalog_page_id as id\n        , sales\n        , returns\n        , (profit - profit_loss) as profit\n from  csr\n union all\n select 'web channel' as channel\n        , 'web_site' || web_site_id as id\n        , sales\n        , returns\n        , (profit - profit_loss) as profit\n from   wsr\n ) x\n group by rollup (channel, id)\n order by channel\n         ,id\n limit 100;\n\n-- end query 3 in stream 0 using template query5.tpl\n",
    "indexes": "store_returns.sr_store_sk",
    "wo plan est": {
      "Node Type": "Limit",
      "Parallel Aware": false,
      "Async Capable": false,
      "Startup Cost": 1940046.82,
      "Total Cost": 1940047.07,
      "Plan Rows": 100,
      "Plan Width": 160,
      "Plans": [
        {
          "Node Type": "Sort",
          "Parent Relationship": "Outer",
          "Parallel Aware": false,
          "Async Capable": false,
          "Startup Cost": 1940046.82,
          "Total Cost": 1940048.1,
          "Plan Rows": 512,
          "Plan Width": 160,
          "Sort Key": [
            "('store channel'::text)",
            "(('store'::text || (ssr.s_store_id)::text))"
          ],
          "Plans": [
            {
              "Node Type": "Aggregate",
              "Strategy": "Mixed",
              "Partial Mode": "Simple",
              "Parent Relationship": "Outer",
              "Parallel Aware": false,
              "Async Capable": false,
              "Startup Cost": 815451.97,
              "Total Cost": 1940027.26,
              "Plan Rows": 512,
              "Plan Width": 160,
              "Grouping Sets": [
                {
                  "Hash Keys": [
                    [
                      "('store channel'::text)",
                      "(('store'::text || (ssr.s_store_id)::text))"
                    ]
                  ]
                },
                {
                  "Hash Keys": [
                    [
                      "('store channel'::text)"
                    ]
                  ]
                },
                {
                  "Group Keys": [
                    []
                  ]
                }
              ],
              "Planned Partitions": 0,
              "Plans": [
                {
                  "Node Type": "Append",
                  "Parent Relationship": "Outer",
                  "Parallel Aware": false,
                  "Async Capable": false,
                  "Startup Cost": 815451.97,
                  "Total Cost": 1939925.06,
                  "Plan Rows": 3108,
                  "Plan Width": 160,
                  "Subplans Removed": 0,
                  "Plans": [
                    {
                      "Node Type": "Subquery Scan",
                      "Parent Relationship": "Member",
                      "Parallel Aware": false,
                      "Async Capable": false,
                      "Alias": "ssr",
                      "Startup Cost": 815451.97,
                      "Total Cost": 815488.32,
                      "Plan Rows": 51,
                      "Plan Width": 160,
                      "Plans": [
                        {
                          "Node Type": "Aggregate",
                          "Strategy": "Sorted",
                          "Partial Mode": "Finalize",
                          "Parent Relationship": "Subquery",
                          "Parallel Aware": false,
                          "Async Capable": false,
                          "Startup Cost": 815451.97,
                          "Total Cost": 815487.43,
                          "Plan Rows": 51,
                          "Plan Width": 145,
                          "Group Key": [
                            "store.s_store_id"
                          ],
                          "Plans": [
                            {
                              "Node Type": "Gather Merge",
                              "Parent Relationship": "Outer",
                              "Parallel Aware": false,
                              "Async Capable": false,
                              "Startup Cost": 815451.97,
                              "Total Cost": 815484.12,
                              "Plan Rows": 102,
                              "Plan Width": 145,
                              "Workers Planned": 2,
                              "Plans": [
                                {
                                  "Node Type": "Aggregate",
                                  "Strategy": "Sorted",
                                  "Partial Mode": "Partial",
                                  "Parent Relationship": "Outer",
                                  "Parallel Aware": false,
                                  "Async Capable": false,
                                  "Startup Cost": 814451.95,
                                  "Total Cost": 814472.32,
                                  "Plan Rows": 51,
                                  "Plan Width": 145,
                                  "Group Key": [
                                    "store.s_store_id"
                                  ],
                                  "Plans": [
                                    {
                                      "Node Type": "Sort",
                                      "Parent Relationship": "Outer",
                                      "Parallel Aware": false,
                                      "Async Capable": false,
                                      "Startup Cost": 814451.95,
                                      "Total Cost": 814455.17,
                                      "Plan Rows": 1290,
                                      "Plan Width": 57,
                                      "Sort Key": [
                                        "store.s_store_id"
                                      ],
                                      "Plans": [
                                        {
                                          "Node Type": "Hash Join",
                                          "Parent Relationship": "Outer",
                                          "Parallel Aware": false,
                                          "Async Capable": false,
                                          "Join Type": "Inner",
                                          "Startup Cost": 2056.95,
                                          "Total Cost": 814385.3,
                                          "Plan Rows": 1290,
                                          "Plan Width": 57,
                                          "Inner Unique": false,
                                          "Hash Cond": "(store_sales.ss_store_sk = store.s_store_sk)",
                                          "Plans": [
                                            {
                                              "Node Type": "Hash Join",
                                              "Parent Relationship": "Outer",
                                              "Parallel Aware": true,
                                              "Async Capable": false,
                                              "Join Type": "Inner",
                                              "Startup Cost": 2049.65,
                                              "Total Cost": 814355.62,
                                              "Plan Rows": 2530,
                                              "Plan Width": 44,
                                              "Inner Unique": false,
                                              "Hash Cond": "(store_sales.ss_sold_date_sk = date_dim.d_date_sk)",
                                              "Plans": [
                                                {
                                                  "Node Type": "Append",
                                                  "Parent Relationship": "Outer",
                                                  "Parallel Aware": true,
                                                  "Async Capable": false,
                                                  "Startup Cost": 0.0,
                                                  "Total Cost": 762796.01,
                                                  "Plan Rows": 13198801,
                                                  "Plan Width": 48,
                                                  "Subplans Removed": 0,
                                                  "Plans": [
                                                    {
                                                      "Node Type": "Seq Scan",
                                                      "Parent Relationship": "Member",
                                                      "Parallel Aware": true,
                                                      "Async Capable": false,
                                                      "Relation Name": "store_sales",
                                                      "Alias": "store_sales",
                                                      "Startup Cost": 0.0,
                                                      "Total Cost": 636914.37,
                                                      "Plan Rows": 12000637,
                                                      "Plan Width": 48,
                                                      "parent": 11,
                                                      "ID": 12
                                                    },
                                                    {
                                                      "Node Type": "Seq Scan",
                                                      "Parent Relationship": "Member",
                                                      "Parallel Aware": true,
                                                      "Async Capable": false,
                                                      "Relation Name": "store_returns",
                                                      "Alias": "store_returns",
                                                      "Startup Cost": 0.0,
                                                      "Total Cost": 59887.64,
                                                      "Plan Rows": 1198164,
                                                      "Plan Width": 48,
                                                      "parent": 11,
                                                      "ID": 13
                                                    }
                                                  ],
                                                  "parent": 10,
                                                  "ID": 11,
                                                  "left": 12,
                                                  "right": 13
                                                },
                                                {
                                                  "Node Type": "Hash",
                                                  "Parent Relationship": "Inner",
                                                  "Parallel Aware": true,
                                                  "Async Capable": false,
                                                  "Startup Cost": 2049.55,
                                                  "Total Cost": 2049.55,
                                                  "Plan Rows": 8,
                                                  "Plan Width": 4,
                                                  "Plans": [
                                                    {
                                                      "Node Type": "Seq Scan",
                                                      "Parent Relationship": "Outer",
                                                      "Parallel Aware": true,
                                                      "Async Capable": false,
                                                      "Relation Name": "date_dim",
                                                      "Alias": "date_dim",
                                                      "Startup Cost": 0.0,
                                                      "Total Cost": 2049.55,
                                                      "Plan Rows": 8,
                                                      "Plan Width": 4,
                                                      "Filter": "((d_date >= '1998-08-12'::date) AND (d_date <= '1998-08-26 00:00:00'::timestamp without time zone))",
                                                      "parent": 14,
                                                      "ID": 15
                                                    }
                                                  ],
                                                  "parent": 10,
                                                  "ID": 14,
                                                  "left": 15
                                                }
                                              ],
                                              "parent": 9,
                                              "ID": 10,
                                              "left": 11,
                                              "right": 14
                                            },
                                            {
                                              "Node Type": "Hash",
                                              "Parent Relationship": "Inner",
                                              "Parallel Aware": false,
                                              "Async Capable": false,
                                              "Startup Cost": 6.02,
                                              "Total Cost": 6.02,
                                              "Plan Rows": 102,
                                              "Plan Width": 21,
                                              "Plans": [
                                                {
                                                  "Node Type": "Seq Scan",
                                                  "Parent Relationship": "Outer",
                                                  "Parallel Aware": false,
                                                  "Async Capable": false,
                                                  "Relation Name": "store",
                                                  "Alias": "store",
                                                  "Startup Cost": 0.0,
                                                  "Total Cost": 6.02,
                                                  "Plan Rows": 102,
                                                  "Plan Width": 21,
                                                  "parent": 16,
                                                  "ID": 17
                                                }
                                              ],
                                              "parent": 9,
                                              "ID": 16,
                                              "left": 17
                                            }
                                          ],
                                          "parent": 8,
                                          "ID": 9,
                                          "left": 10,
                                          "right": 16
                                        }
                                      ],
                                      "parent": 7,
                                      "ID": 8,
                                      "left": 9
                                    }
                                  ],
                                  "parent": 6,
                                  "ID": 7,
                                  "left": 8
                                }
                              ],
                              "parent": 5,
                              "ID": 6,
                              "left": 7
                            }
                          ],
                          "parent": 4,
                          "ID": 5,
                          "left": 6
                        }
                      ],
                      "parent": 3,
                      "ID": 4,
                      "left": 5
                    },
                    {
                      "Node Type": "Subquery Scan",
                      "Parent Relationship": "Member",
                      "Parallel Aware": false,
                      "Async Capable": false,
                      "Alias": "csr",
                      "Startup Cost": 529848.36,
                      "Total Cost": 530353.75,
                      "Plan Rows": 3036,
                      "Plan Width": 160,
                      "Plans": [
                        {
                          "Node Type": "Aggregate",
                          "Strategy": "Sorted",
                          "Partial Mode": "Simple",
                          "Parent Relationship": "Subquery",
                          "Parallel Aware": false,
                          "Async Capable": false,
                          "Startup Cost": 529848.36,
                          "Total Cost": 530300.62,
                          "Plan Rows": 3036,
                          "Plan Width": 145,
                          "Group Key": [
                            "catalog_page.cp_catalog_page_id"
                          ],
                          "Plans": [
                            {
                              "Node Type": "Gather Merge",
                              "Parent Relationship": "Outer",
                              "Parallel Aware": false,
                              "Async Capable": false,
                              "Startup Cost": 529848.36,
                              "Total Cost": 530201.95,
                              "Plan Rows": 3036,
                              "Plan Width": 57,
                              "Workers Planned": 2,
                              "Plans": [
                                {
                                  "Node Type": "Sort",
                                  "Parent Relationship": "Outer",
                                  "Parallel Aware": false,
                                  "Async Capable": false,
                                  "Startup Cost": 528848.34,
                                  "Total Cost": 528851.5,
                                  "Plan Rows": 1265,
                                  "Plan Width": 57,
                                  "Sort Key": [
                                    "catalog_page.cp_catalog_page_id"
                                  ],
                                  "Plans": [
                                    {
                                      "Node Type": "Hash Join",
                                      "Parent Relationship": "Outer",
                                      "Parallel Aware": false,
                                      "Async Capable": false,
                                      "Join Type": "Inner",
                                      "Startup Cost": 2567.65,
                                      "Total Cost": 528783.16,
                                      "Plan Rows": 1265,
                                      "Plan Width": 57,
                                      "Inner Unique": false,
                                      "Hash Cond": "(catalog_sales.cs_catalog_page_sk = catalog_page.cp_catalog_page_sk)",
                                      "Plans": [
                                        {
                                          "Node Type": "Hash Join",
                                          "Parent Relationship": "Outer",
                                          "Parallel Aware": true,
                                          "Async Capable": false,
                                          "Join Type": "Inner",
                                          "Startup Cost": 2049.65,
                                          "Total Cost": 528247.76,
                                          "Plan Rows": 1265,
                                          "Plan Width": 44,
                                          "Inner Unique": false,
                                          "Hash Cond": "(catalog_sales.cs_sold_date_sk = date_dim_1.d_date_sk)",
                                          "Plans": [
                                            {
                                              "Node Type": "Append",
                                              "Parent Relationship": "Outer",
                                              "Parallel Aware": true,
                                              "Async Capable": false,
                                              "Startup Cost": 0.0,
                                              "Total Cost": 501439.31,
                                              "Plan Rows": 6600420,
                                              "Plan Width": 48,
                                              "Subplans Removed": 0,
                                              "Plans": [
                                                {
                                                  "Node Type": "Seq Scan",
                                                  "Parent Relationship": "Member",
                                                  "Parallel Aware": true,
                                                  "Async Capable": false,
                                                  "Relation Name": "catalog_sales",
                                                  "Alias": "catalog_sales",
                                                  "Startup Cost": 0.0,
                                                  "Total Cost": 433688.25,
                                                  "Plan Rows": 6000525,
                                                  "Plan Width": 48,
                                                  "parent": 24,
                                                  "ID": 25
                                                },
                                                {
                                                  "Node Type": "Seq Scan",
                                                  "Parent Relationship": "Member",
                                                  "Parallel Aware": true,
                                                  "Async Capable": false,
                                                  "Relation Name": "catalog_returns",
                                                  "Alias": "catalog_returns",
                                                  "Startup Cost": 0.0,
                                                  "Total Cost": 34748.95,
                                                  "Plan Rows": 599895,
                                                  "Plan Width": 48,
                                                  "parent": 24,
                                                  "ID": 26
                                                }
                                              ],
                                              "parent": 23,
                                              "ID": 24,
                                              "left": 25,
                                              "right": 26
                                            },
                                            {
                                              "Node Type": "Hash",
                                              "Parent Relationship": "Inner",
                                              "Parallel Aware": true,
                                              "Async Capable": false,
                                              "Startup Cost": 2049.55,
                                              "Total Cost": 2049.55,
                                              "Plan Rows": 8,
                                              "Plan Width": 4,
                                              "Plans": [
                                                {
                                                  "Node Type": "Seq Scan",
                                                  "Parent Relationship": "Outer",
                                                  "Parallel Aware": true,
                                                  "Async Capable": false,
                                                  "Relation Name": "date_dim",
                                                  "Alias": "date_dim_1",
                                                  "Startup Cost": 0.0,
                                                  "Total Cost": 2049.55,
                                                  "Plan Rows": 8,
                                                  "Plan Width": 4,
                                                  "Filter": "((d_date >= '1998-08-12'::date) AND (d_date <= '1998-08-26 00:00:00'::timestamp without time zone))",
                                                  "parent": 27,
                                                  "ID": 28
                                                }
                                              ],
                                              "parent": 23,
                                              "ID": 27,
                                              "left": 28
                                            }
                                          ],
                                          "parent": 22,
                                          "ID": 23,
                                          "left": 24,
                                          "right": 27
                                        },
                                        {
                                          "Node Type": "Hash",
                                          "Parent Relationship": "Inner",
                                          "Parallel Aware": false,
                                          "Async Capable": false,
                                          "Startup Cost": 368.0,
                                          "Total Cost": 368.0,
                                          "Plan Rows": 12000,
                                          "Plan Width": 21,
                                          "Plans": [
                                            {
                                              "Node Type": "Seq Scan",
                                              "Parent Relationship": "Outer",
                                              "Parallel Aware": false,
                                              "Async Capable": false,
                                              "Relation Name": "catalog_page",
                                              "Alias": "catalog_page",
                                              "Startup Cost": 0.0,
                                              "Total Cost": 368.0,
                                              "Plan Rows": 12000,
                                              "Plan Width": 21,
                                              "parent": 29,
                                              "ID": 30
                                            }
                                          ],
                                          "parent": 22,
                                          "ID": 29,
                                          "left": 30
                                        }
                                      ],
                                      "parent": 21,
                                      "ID": 22,
                                      "left": 23,
                                      "right": 29
                                    }
                                  ],
                                  "parent": 20,
                                  "ID": 21,
                                  "left": 22
                                }
                              ],
                              "parent": 19,
                              "ID": 20,
                              "left": 21
                            }
                          ],
                          "parent": 18,
                          "ID": 19,
                          "left": 20
                        }
                      ],
                      "parent": 3,
                      "ID": 18,
                      "left": 19
                    },
                    {
                      "Node Type": "Subquery Scan",
                      "Parent Relationship": "Member",
                      "Parallel Aware": false,
                      "Async Capable": false,
                      "Alias": "wsr",
                      "Startup Cost": 594058.45,
                      "Total Cost": 594067.44,
                      "Plan Rows": 21,
                      "Plan Width": 160,
                      "Plans": [
                        {
                          "Node Type": "Aggregate",
                          "Strategy": "Sorted",
                          "Partial Mode": "Finalize",
                          "Parent Relationship": "Subquery",
                          "Parallel Aware": false,
                          "Async Capable": false,
                          "Startup Cost": 594058.45,
                          "Total Cost": 594067.07,
                          "Plan Rows": 21,
                          "Plan Width": 145,
                          "Group Key": [
                            "web_site.web_site_id"
                          ],
                          "Plans": [
                            {
                              "Node Type": "Gather Merge",
                              "Parent Relationship": "Outer",
                              "Parallel Aware": false,
                              "Async Capable": false,
                              "Startup Cost": 594058.45,
                              "Total Cost": 594065.71,
                              "Plan Rows": 42,
                              "Plan Width": 145,
                              "Workers Planned": 2,
                              "Plans": [
                                {
                                  "Node Type": "Aggregate",
                                  "Strategy": "Sorted",
                                  "Partial Mode": "Partial",
                                  "Parent Relationship": "Outer",
                                  "Parallel Aware": false,
                                  "Async Capable": false,
                                  "Startup Cost": 593058.42,
                                  "Total Cost": 593060.84,
                                  "Plan Rows": 21,
                                  "Plan Width": 145,
                                  "Group Key": [
                                    "web_site.web_site_id"
                                  ],
                                  "Plans": [
                                    {
                                      "Node Type": "Sort",
                                      "Parent Relationship": "Outer",
                                      "Parallel Aware": false,
                                      "Async Capable": false,
                                      "Startup Cost": 593058.42,
                                      "Total Cost": 593058.75,
                                      "Plan Rows": 133,
                                      "Plan Width": 57,
                                      "Sort Key": [
                                        "web_site.web_site_id"
                                      ],
                                      "Plans": [
                                        {
                                          "Node Type": "Hash Join",
                                          "Parent Relationship": "Outer",
                                          "Parallel Aware": false,
                                          "Async Capable": false,
                                          "Join Type": "Inner",
                                          "Startup Cost": 2053.6,
                                          "Total Cost": 593053.73,
                                          "Plan Rows": 133,
                                          "Plan Width": 57,
                                          "Inner Unique": false,
                                          "Hash Cond": "(\"*SELECT* 2\".wsr_web_site_sk = web_site.web_site_sk)",
                                          "Plans": [
                                            {
                                              "Node Type": "Hash Join",
                                              "Parent Relationship": "Outer",
                                              "Parallel Aware": true,
                                              "Async Capable": false,
                                              "Join Type": "Inner",
                                              "Startup Cost": 2049.65,
                                              "Total Cost": 593046.09,
                                              "Plan Rows": 632,
                                              "Plan Width": 44,
                                              "Inner Unique": false,
                                              "Hash Cond": "(\"*SELECT* 2\".date_sk = date_dim_2.d_date_sk)",
                                              "Plans": [
                                                {
                                                  "Node Type": "Append",
                                                  "Parent Relationship": "Outer",
                                                  "Parallel Aware": true,
                                                  "Async Capable": false,
                                                  "Startup Cost": 0.0,
                                                  "Total Cost": 577049.1,
                                                  "Plan Rows": 3718203,
                                                  "Plan Width": 48,
                                                  "Subplans Removed": 0,
                                                  "Plans": [
                                                    {
                                                      "Node Type": "Subquery Scan",
                                                      "Parent Relationship": "Member",
                                                      "Parallel Aware": false,
                                                      "Async Capable": false,
                                                      "Alias": "*SELECT* 2",
                                                      "Startup Cost": 277366.65,
                                                      "Total Cost": 340720.23,
                                                      "Plan Rows": 719217,
                                                      "Plan Width": 48,
                                                      "Plans": [
                                                        {
                                                          "Node Type": "Hash Join",
                                                          "Parent Relationship": "Subquery",
                                                          "Parallel Aware": true,
                                                          "Async Capable": false,
                                                          "Join Type": "Left",
                                                          "Startup Cost": 277366.65,
                                                          "Total Cost": 333528.06,
                                                          "Plan Rows": 299674,
                                                          "Plan Width": 48,
                                                          "Inner Unique": false,
                                                          "Hash Cond": "((web_returns.wr_item_sk = web_sales_1.ws_item_sk) AND (web_returns.wr_order_number = web_sales_1.ws_order_number))",
                                                          "Plans": [
                                                            {
                                                              "Node Type": "Seq Scan",
                                                              "Parent Relationship": "Outer",
                                                              "Parallel Aware": true,
                                                              "Async Capable": false,
                                                              "Relation Name": "web_returns",
                                                              "Alias": "web_returns",
                                                              "Startup Cost": 0.0,
                                                              "Total Cost": 16278.74,
                                                              "Plan Rows": 299674,
                                                              "Plan Width": 24,
                                                              "parent": 40,
                                                              "ID": 41
                                                            },
                                                            {
                                                              "Node Type": "Hash",
                                                              "Parent Relationship": "Inner",
                                                              "Parallel Aware": true,
                                                              "Async Capable": false,
                                                              "Startup Cost": 217737.86,
                                                              "Total Cost": 217737.86,
                                                              "Plan Rows": 2998986,
                                                              "Plan Width": 12,
                                                              "Plans": [
                                                                {
                                                                  "Node Type": "Seq Scan",
                                                                  "Parent Relationship": "Outer",
                                                                  "Parallel Aware": true,
                                                                  "Async Capable": false,
                                                                  "Relation Name": "web_sales",
                                                                  "Alias": "web_sales_1",
                                                                  "Startup Cost": 0.0,
                                                                  "Total Cost": 217737.86,
                                                                  "Plan Rows": 2998986,
                                                                  "Plan Width": 12,
                                                                  "parent": 42,
                                                                  "ID": 43
                                                                }
                                                              ],
                                                              "parent": 40,
                                                              "ID": 42,
                                                              "left": 43
                                                            }
                                                          ],
                                                          "parent": 39,
                                                          "ID": 40,
                                                          "left": 41,
                                                          "right": 42
                                                        }
                                                      ],
                                                      "parent": 38,
                                                      "ID": 39,
                                                      "left": 40
                                                    },
                                                    {
                                                      "Node Type": "Seq Scan",
                                                      "Parent Relationship": "Member",
                                                      "Parallel Aware": true,
                                                      "Async Capable": false,
                                                      "Relation Name": "web_sales",
                                                      "Alias": "web_sales",
                                                      "Startup Cost": 0.0,
                                                      "Total Cost": 217737.86,
                                                      "Plan Rows": 2998986,
                                                      "Plan Width": 48,
                                                      "parent": 38,
                                                      "ID": 44
                                                    }
                                                  ],
                                                  "parent": 37,
                                                  "ID": 38,
                                                  "left": 39,
                                                  "right": 44
                                                },
                                                {
                                                  "Node Type": "Hash",
                                                  "Parent Relationship": "Inner",
                                                  "Parallel Aware": true,
                                                  "Async Capable": false,
                                                  "Startup Cost": 2049.55,
                                                  "Total Cost": 2049.55,
                                                  "Plan Rows": 8,
                                                  "Plan Width": 4,
                                                  "Plans": [
                                                    {
                                                      "Node Type": "Seq Scan",
                                                      "Parent Relationship": "Outer",
                                                      "Parallel Aware": true,
                                                      "Async Capable": false,
                                                      "Relation Name": "date_dim",
                                                      "Alias": "date_dim_2",
                                                      "Startup Cost": 0.0,
                                                      "Total Cost": 2049.55,
                                                      "Plan Rows": 8,
                                                      "Plan Width": 4,
                                                      "Filter": "((d_date >= '1998-08-12'::date) AND (d_date <= '1998-08-26 00:00:00'::timestamp without time zone))",
                                                      "parent": 45,
                                                      "ID": 46
                                                    }
                                                  ],
                                                  "parent": 37,
                                                  "ID": 45,
                                                  "left": 46
                                                }
                                              ],
                                              "parent": 36,
                                              "ID": 37,
                                              "left": 38,
                                              "right": 45
                                            },
                                            {
                                              "Node Type": "Hash",
                                              "Parent Relationship": "Inner",
                                              "Parallel Aware": false,
                                              "Async Capable": false,
                                              "Startup Cost": 3.42,
                                              "Total Cost": 3.42,
                                              "Plan Rows": 42,
                                              "Plan Width": 21,
                                              "Plans": [
                                                {
                                                  "Node Type": "Seq Scan",
                                                  "Parent Relationship": "Outer",
                                                  "Parallel Aware": false,
                                                  "Async Capable": false,
                                                  "Relation Name": "web_site",
                                                  "Alias": "web_site",
                                                  "Startup Cost": 0.0,
                                                  "Total Cost": 3.42,
                                                  "Plan Rows": 42,
                                                  "Plan Width": 21,
                                                  "parent": 47,
                                                  "ID": 48
                                                }
                                              ],
                                              "parent": 36,
                                              "ID": 47,
                                              "left": 48
                                            }
                                          ],
                                          "parent": 35,
                                          "ID": 36,
                                          "left": 37,
                                          "right": 47
                                        }
                                      ],
                                      "parent": 34,
                                      "ID": 35,
                                      "left": 36
                                    }
                                  ],
                                  "parent": 33,
                                  "ID": 34,
                                  "left": 35
                                }
                              ],
                              "parent": 32,
                              "ID": 33,
                              "left": 34
                            }
                          ],
                          "parent": 31,
                          "ID": 32,
                          "left": 33
                        }
                      ],
                      "parent": 3,
                      "ID": 31,
                      "left": 32
                    }
                  ],
                  "parent": 2,
                  "ID": 3,
                  "left": 4,
                  "right": 18
                }
              ],
              "parent": 1,
              "ID": 2,
              "left": 3
            }
          ],
          "parent": 0,
          "ID": 1,
          "left": 2
        }
      ],
      "parent": null,
      "ID": 0,
      "left": 1
    },
    "feat": {
      "utility": 0.0,
      "query_shape": [
        [
          "Seq Scan",
          "Append",
          "Hash Join",
          "Sort",
          "Aggregate",
          "Gather Merge",
          "Subquery Scan"
        ],
        [
          "Seq Scan",
          "Append",
          "Hash Join",
          "Sort",
          "Aggregate",
          "Gather Merge",
          "Subquery Scan"
        ],
        [
          "Seq Scan",
          "Hash",
          "Hash Join",
          "Sort",
          "Aggregate",
          "Gather Merge",
          "Subquery Scan",
          "Append"
        ],
        [
          "Seq Scan",
          "Hash",
          "Hash Join",
          "Sort",
          "Aggregate",
          "Gather Merge",
          "Subquery Scan",
          "Append"
        ],
        [
          "Seq Scan",
          "Append",
          "Hash Join",
          "Sort",
          "Gather Merge",
          "Aggregate",
          "Subquery Scan"
        ],
        [
          "Seq Scan",
          "Append",
          "Hash Join",
          "Sort",
          "Gather Merge",
          "Aggregate",
          "Subquery Scan"
        ],
        [
          "Seq Scan",
          "Hash",
          "Hash Join",
          "Sort",
          "Gather Merge",
          "Aggregate",
          "Subquery Scan",
          "Append"
        ],
        [
          "Seq Scan",
          "Hash",
          "Hash Join",
          "Sort",
          "Gather Merge",
          "Aggregate",
          "Subquery Scan",
          "Append"
        ],
        [
          "Seq Scan",
          "Hash Join",
          "Subquery Scan",
          "Append",
          "Sort",
          "Aggregate",
          "Gather Merge"
        ],
        [
          "Seq Scan",
          "Hash",
          "Hash Join",
          "Subquery Scan",
          "Append",
          "Sort",
          "Aggregate",
          "Gather Merge"
        ],
        [
          "Seq Scan",
          "Append",
          "Hash Join",
          "Sort",
          "Aggregate",
          "Gather Merge",
          "Subquery Scan"
        ],
        [
          "Seq Scan",
          "Hash",
          "Hash Join",
          "Sort",
          "Aggregate",
          "Gather Merge",
          "Subquery Scan",
          "Append"
        ],
        [
          "Seq Scan",
          "Hash",
          "Hash Join",
          "Sort",
          "Aggregate",
          "Gather Merge",
          "Subquery Scan",
          "Append"
        ]
      ],
      "index_shape": [],
      "physical_operator": {}
    }
  },
  {
    "query": "with ssr as\n (select s_store_id,\n        sum(sales_price) as sales,\n        sum(profit) as profit,\n        sum(return_amt) as returns,\n        sum(net_loss) as profit_loss\n from\n  ( select  ss_store_sk as store_sk,\n            ss_sold_date_sk  as date_sk,\n            ss_ext_sales_price as sales_price,\n            ss_net_profit as profit,\n            cast(0 as decimal(7,2)) as return_amt,\n            cast(0 as decimal(7,2)) as net_loss\n    from store_sales\n    union all\n    select sr_store_sk as store_sk,\n           sr_returned_date_sk as date_sk,\n           cast(0 as decimal(7,2)) as sales_price,\n           cast(0 as decimal(7,2)) as profit,\n           sr_return_amt as return_amt,\n           sr_net_loss as net_loss\n    from store_returns\n   ) salesreturns,\n     date_dim,\n     store\n where date_sk = d_date_sk\n       and d_date between cast('1998-08-12' as date) \n                  and (cast('1998-08-12' as date) +  interval '14 days')\n       and store_sk = s_store_sk\n group by s_store_id)\n ,\n csr as\n (select cp_catalog_page_id,\n        sum(sales_price) as sales,\n        sum(profit) as profit,\n        sum(return_amt) as returns,\n        sum(net_loss) as profit_loss\n from\n  ( select  cs_catalog_page_sk as page_sk,\n            cs_sold_date_sk  as date_sk,\n            cs_ext_sales_price as sales_price,\n            cs_net_profit as profit,\n            cast(0 as decimal(7,2)) as return_amt,\n            cast(0 as decimal(7,2)) as net_loss\n    from catalog_sales\n    union all\n    select cr_catalog_page_sk as page_sk,\n           cr_returned_date_sk as date_sk,\n           cast(0 as decimal(7,2)) as sales_price,\n           cast(0 as decimal(7,2)) as profit,\n           cr_return_amount as return_amt,\n           cr_net_loss as net_loss\n    from catalog_returns\n   ) salesreturns,\n     date_dim,\n     catalog_page\n where date_sk = d_date_sk\n       and d_date between cast('1998-08-12' as date)\n                  and (cast('1998-08-12' as date) +  interval '14 days')\n       and page_sk = cp_catalog_page_sk\n group by cp_catalog_page_id)\n ,\n wsr as\n (select web_site_id,\n        sum(sales_price) as sales,\n        sum(profit) as profit,\n        sum(return_amt) as returns,\n        sum(net_loss) as profit_loss\n from\n  ( select  ws_web_site_sk as wsr_web_site_sk,\n            ws_sold_date_sk  as date_sk,\n            ws_ext_sales_price as sales_price,\n            ws_net_profit as profit,\n            cast(0 as decimal(7,2)) as return_amt,\n            cast(0 as decimal(7,2)) as net_loss\n    from web_sales\n    union all\n    select ws_web_site_sk as wsr_web_site_sk,\n           wr_returned_date_sk as date_sk,\n           cast(0 as decimal(7,2)) as sales_price,\n           cast(0 as decimal(7,2)) as profit,\n           wr_return_amt as return_amt,\n           wr_net_loss as net_loss\n    from web_returns left outer join web_sales on\n         ( wr_item_sk = ws_item_sk\n           and wr_order_number = ws_order_number)\n   ) salesreturns,\n     date_dim,\n     web_site\n where date_sk = d_date_sk\n       and d_date between cast('1998-08-12' as date)\n                  and (cast('1998-08-12' as date) +  interval '14 days')\n       and wsr_web_site_sk = web_site_sk\n group by web_site_id)\n  select  channel\n        , id\n        , sum(sales) as sales\n        , sum(returns) as returns\n        , sum(profit) as profit\n from \n (select 'store channel' as channel\n        , 'store' || s_store_id as id\n        , sales\n        , returns\n        , (profit - profit_loss) as profit\n from   ssr\n union all\n select 'catalog channel' as channel\n        , 'catalog_page' || cp_catalog_page_id as id\n        , sales\n        , returns\n        , (profit - profit_loss) as profit\n from  csr\n union all\n select 'web channel' as channel\n        , 'web_site' || web_site_id as id\n        , sales\n        , returns\n        , (profit - profit_loss) as profit\n from   wsr\n ) x\n group by rollup (channel, id)\n order by channel\n         ,id\n limit 100;\n\n-- end query 3 in stream 0 using template query5.tpl\n",
    "indexes": "store_returns.sr_return_amt",
    "wo plan est": {
      "Node Type": "Limit",
      "Parallel Aware": false,
      "Async Capable": false,
      "Startup Cost": 1940046.82,
      "Total Cost": 1940047.07,
      "Plan Rows": 100,
      "Plan Width": 160,
      "Plans": [
        {
          "Node Type": "Sort",
          "Parent Relationship": "Outer",
          "Parallel Aware": false,
          "Async Capable": false,
          "Startup Cost": 1940046.82,
          "Total Cost": 1940048.1,
          "Plan Rows": 512,
          "Plan Width": 160,
          "Sort Key": [
            "('store channel'::text)",
            "(('store'::text || (ssr.s_store_id)::text))"
          ],
          "Plans": [
            {
              "Node Type": "Aggregate",
              "Strategy": "Mixed",
              "Partial Mode": "Simple",
              "Parent Relationship": "Outer",
              "Parallel Aware": false,
              "Async Capable": false,
              "Startup Cost": 815451.97,
              "Total Cost": 1940027.26,
              "Plan Rows": 512,
              "Plan Width": 160,
              "Grouping Sets": [
                {
                  "Hash Keys": [
                    [
                      "('store channel'::text)",
                      "(('store'::text || (ssr.s_store_id)::text))"
                    ]
                  ]
                },
                {
                  "Hash Keys": [
                    [
                      "('store channel'::text)"
                    ]
                  ]
                },
                {
                  "Group Keys": [
                    []
                  ]
                }
              ],
              "Planned Partitions": 0,
              "Plans": [
                {
                  "Node Type": "Append",
                  "Parent Relationship": "Outer",
                  "Parallel Aware": false,
                  "Async Capable": false,
                  "Startup Cost": 815451.97,
                  "Total Cost": 1939925.06,
                  "Plan Rows": 3108,
                  "Plan Width": 160,
                  "Subplans Removed": 0,
                  "Plans": [
                    {
                      "Node Type": "Subquery Scan",
                      "Parent Relationship": "Member",
                      "Parallel Aware": false,
                      "Async Capable": false,
                      "Alias": "ssr",
                      "Startup Cost": 815451.97,
                      "Total Cost": 815488.32,
                      "Plan Rows": 51,
                      "Plan Width": 160,
                      "Plans": [
                        {
                          "Node Type": "Aggregate",
                          "Strategy": "Sorted",
                          "Partial Mode": "Finalize",
                          "Parent Relationship": "Subquery",
                          "Parallel Aware": false,
                          "Async Capable": false,
                          "Startup Cost": 815451.97,
                          "Total Cost": 815487.43,
                          "Plan Rows": 51,
                          "Plan Width": 145,
                          "Group Key": [
                            "store.s_store_id"
                          ],
                          "Plans": [
                            {
                              "Node Type": "Gather Merge",
                              "Parent Relationship": "Outer",
                              "Parallel Aware": false,
                              "Async Capable": false,
                              "Startup Cost": 815451.97,
                              "Total Cost": 815484.12,
                              "Plan Rows": 102,
                              "Plan Width": 145,
                              "Workers Planned": 2,
                              "Plans": [
                                {
                                  "Node Type": "Aggregate",
                                  "Strategy": "Sorted",
                                  "Partial Mode": "Partial",
                                  "Parent Relationship": "Outer",
                                  "Parallel Aware": false,
                                  "Async Capable": false,
                                  "Startup Cost": 814451.95,
                                  "Total Cost": 814472.32,
                                  "Plan Rows": 51,
                                  "Plan Width": 145,
                                  "Group Key": [
                                    "store.s_store_id"
                                  ],
                                  "Plans": [
                                    {
                                      "Node Type": "Sort",
                                      "Parent Relationship": "Outer",
                                      "Parallel Aware": false,
                                      "Async Capable": false,
                                      "Startup Cost": 814451.95,
                                      "Total Cost": 814455.17,
                                      "Plan Rows": 1290,
                                      "Plan Width": 57,
                                      "Sort Key": [
                                        "store.s_store_id"
                                      ],
                                      "Plans": [
                                        {
                                          "Node Type": "Hash Join",
                                          "Parent Relationship": "Outer",
                                          "Parallel Aware": false,
                                          "Async Capable": false,
                                          "Join Type": "Inner",
                                          "Startup Cost": 2056.95,
                                          "Total Cost": 814385.3,
                                          "Plan Rows": 1290,
                                          "Plan Width": 57,
                                          "Inner Unique": false,
                                          "Hash Cond": "(store_sales.ss_store_sk = store.s_store_sk)",
                                          "Plans": [
                                            {
                                              "Node Type": "Hash Join",
                                              "Parent Relationship": "Outer",
                                              "Parallel Aware": true,
                                              "Async Capable": false,
                                              "Join Type": "Inner",
                                              "Startup Cost": 2049.65,
                                              "Total Cost": 814355.62,
                                              "Plan Rows": 2530,
                                              "Plan Width": 44,
                                              "Inner Unique": false,
                                              "Hash Cond": "(store_sales.ss_sold_date_sk = date_dim.d_date_sk)",
                                              "Plans": [
                                                {
                                                  "Node Type": "Append",
                                                  "Parent Relationship": "Outer",
                                                  "Parallel Aware": true,
                                                  "Async Capable": false,
                                                  "Startup Cost": 0.0,
                                                  "Total Cost": 762796.01,
                                                  "Plan Rows": 13198801,
                                                  "Plan Width": 48,
                                                  "Subplans Removed": 0,
                                                  "Plans": [
                                                    {
                                                      "Node Type": "Seq Scan",
                                                      "Parent Relationship": "Member",
                                                      "Parallel Aware": true,
                                                      "Async Capable": false,
                                                      "Relation Name": "store_sales",
                                                      "Alias": "store_sales",
                                                      "Startup Cost": 0.0,
                                                      "Total Cost": 636914.37,
                                                      "Plan Rows": 12000637,
                                                      "Plan Width": 48,
                                                      "parent": 11,
                                                      "ID": 12
                                                    },
                                                    {
                                                      "Node Type": "Seq Scan",
                                                      "Parent Relationship": "Member",
                                                      "Parallel Aware": true,
                                                      "Async Capable": false,
                                                      "Relation Name": "store_returns",
                                                      "Alias": "store_returns",
                                                      "Startup Cost": 0.0,
                                                      "Total Cost": 59887.64,
                                                      "Plan Rows": 1198164,
                                                      "Plan Width": 48,
                                                      "parent": 11,
                                                      "ID": 13
                                                    }
                                                  ],
                                                  "parent": 10,
                                                  "ID": 11,
                                                  "left": 12,
                                                  "right": 13
                                                },
                                                {
                                                  "Node Type": "Hash",
                                                  "Parent Relationship": "Inner",
                                                  "Parallel Aware": true,
                                                  "Async Capable": false,
                                                  "Startup Cost": 2049.55,
                                                  "Total Cost": 2049.55,
                                                  "Plan Rows": 8,
                                                  "Plan Width": 4,
                                                  "Plans": [
                                                    {
                                                      "Node Type": "Seq Scan",
                                                      "Parent Relationship": "Outer",
                                                      "Parallel Aware": true,
                                                      "Async Capable": false,
                                                      "Relation Name": "date_dim",
                                                      "Alias": "date_dim",
                                                      "Startup Cost": 0.0,
                                                      "Total Cost": 2049.55,
                                                      "Plan Rows": 8,
                                                      "Plan Width": 4,
                                                      "Filter": "((d_date >= '1998-08-12'::date) AND (d_date <= '1998-08-26 00:00:00'::timestamp without time zone))",
                                                      "parent": 14,
                                                      "ID": 15
                                                    }
                                                  ],
                                                  "parent": 10,
                                                  "ID": 14,
                                                  "left": 15
                                                }
                                              ],
                                              "parent": 9,
                                              "ID": 10,
                                              "left": 11,
                                              "right": 14
                                            },
                                            {
                                              "Node Type": "Hash",
                                              "Parent Relationship": "Inner",
                                              "Parallel Aware": false,
                                              "Async Capable": false,
                                              "Startup Cost": 6.02,
                                              "Total Cost": 6.02,
                                              "Plan Rows": 102,
                                              "Plan Width": 21,
                                              "Plans": [
                                                {
                                                  "Node Type": "Seq Scan",
                                                  "Parent Relationship": "Outer",
                                                  "Parallel Aware": false,
                                                  "Async Capable": false,
                                                  "Relation Name": "store",
                                                  "Alias": "store",
                                                  "Startup Cost": 0.0,
                                                  "Total Cost": 6.02,
                                                  "Plan Rows": 102,
                                                  "Plan Width": 21,
                                                  "parent": 16,
                                                  "ID": 17
                                                }
                                              ],
                                              "parent": 9,
                                              "ID": 16,
                                              "left": 17
                                            }
                                          ],
                                          "parent": 8,
                                          "ID": 9,
                                          "left": 10,
                                          "right": 16
                                        }
                                      ],
                                      "parent": 7,
                                      "ID": 8,
                                      "left": 9
                                    }
                                  ],
                                  "parent": 6,
                                  "ID": 7,
                                  "left": 8
                                }
                              ],
                              "parent": 5,
                              "ID": 6,
                              "left": 7
                            }
                          ],
                          "parent": 4,
                          "ID": 5,
                          "left": 6
                        }
                      ],
                      "parent": 3,
                      "ID": 4,
                      "left": 5
                    },
                    {
                      "Node Type": "Subquery Scan",
                      "Parent Relationship": "Member",
                      "Parallel Aware": false,
                      "Async Capable": false,
                      "Alias": "csr",
                      "Startup Cost": 529848.36,
                      "Total Cost": 530353.75,
                      "Plan Rows": 3036,
                      "Plan Width": 160,
                      "Plans": [
                        {
                          "Node Type": "Aggregate",
                          "Strategy": "Sorted",
                          "Partial Mode": "Simple",
                          "Parent Relationship": "Subquery",
                          "Parallel Aware": false,
                          "Async Capable": false,
                          "Startup Cost": 529848.36,
                          "Total Cost": 530300.62,
                          "Plan Rows": 3036,
                          "Plan Width": 145,
                          "Group Key": [
                            "catalog_page.cp_catalog_page_id"
                          ],
                          "Plans": [
                            {
                              "Node Type": "Gather Merge",
                              "Parent Relationship": "Outer",
                              "Parallel Aware": false,
                              "Async Capable": false,
                              "Startup Cost": 529848.36,
                              "Total Cost": 530201.95,
                              "Plan Rows": 3036,
                              "Plan Width": 57,
                              "Workers Planned": 2,
                              "Plans": [
                                {
                                  "Node Type": "Sort",
                                  "Parent Relationship": "Outer",
                                  "Parallel Aware": false,
                                  "Async Capable": false,
                                  "Startup Cost": 528848.34,
                                  "Total Cost": 528851.5,
                                  "Plan Rows": 1265,
                                  "Plan Width": 57,
                                  "Sort Key": [
                                    "catalog_page.cp_catalog_page_id"
                                  ],
                                  "Plans": [
                                    {
                                      "Node Type": "Hash Join",
                                      "Parent Relationship": "Outer",
                                      "Parallel Aware": false,
                                      "Async Capable": false,
                                      "Join Type": "Inner",
                                      "Startup Cost": 2567.65,
                                      "Total Cost": 528783.16,
                                      "Plan Rows": 1265,
                                      "Plan Width": 57,
                                      "Inner Unique": false,
                                      "Hash Cond": "(catalog_sales.cs_catalog_page_sk = catalog_page.cp_catalog_page_sk)",
                                      "Plans": [
                                        {
                                          "Node Type": "Hash Join",
                                          "Parent Relationship": "Outer",
                                          "Parallel Aware": true,
                                          "Async Capable": false,
                                          "Join Type": "Inner",
                                          "Startup Cost": 2049.65,
                                          "Total Cost": 528247.76,
                                          "Plan Rows": 1265,
                                          "Plan Width": 44,
                                          "Inner Unique": false,
                                          "Hash Cond": "(catalog_sales.cs_sold_date_sk = date_dim_1.d_date_sk)",
                                          "Plans": [
                                            {
                                              "Node Type": "Append",
                                              "Parent Relationship": "Outer",
                                              "Parallel Aware": true,
                                              "Async Capable": false,
                                              "Startup Cost": 0.0,
                                              "Total Cost": 501439.31,
                                              "Plan Rows": 6600420,
                                              "Plan Width": 48,
                                              "Subplans Removed": 0,
                                              "Plans": [
                                                {
                                                  "Node Type": "Seq Scan",
                                                  "Parent Relationship": "Member",
                                                  "Parallel Aware": true,
                                                  "Async Capable": false,
                                                  "Relation Name": "catalog_sales",
                                                  "Alias": "catalog_sales",
                                                  "Startup Cost": 0.0,
                                                  "Total Cost": 433688.25,
                                                  "Plan Rows": 6000525,
                                                  "Plan Width": 48,
                                                  "parent": 24,
                                                  "ID": 25
                                                },
                                                {
                                                  "Node Type": "Seq Scan",
                                                  "Parent Relationship": "Member",
                                                  "Parallel Aware": true,
                                                  "Async Capable": false,
                                                  "Relation Name": "catalog_returns",
                                                  "Alias": "catalog_returns",
                                                  "Startup Cost": 0.0,
                                                  "Total Cost": 34748.95,
                                                  "Plan Rows": 599895,
                                                  "Plan Width": 48,
                                                  "parent": 24,
                                                  "ID": 26
                                                }
                                              ],
                                              "parent": 23,
                                              "ID": 24,
                                              "left": 25,
                                              "right": 26
                                            },
                                            {
                                              "Node Type": "Hash",
                                              "Parent Relationship": "Inner",
                                              "Parallel Aware": true,
                                              "Async Capable": false,
                                              "Startup Cost": 2049.55,
                                              "Total Cost": 2049.55,
                                              "Plan Rows": 8,
                                              "Plan Width": 4,
                                              "Plans": [
                                                {
                                                  "Node Type": "Seq Scan",
                                                  "Parent Relationship": "Outer",
                                                  "Parallel Aware": true,
                                                  "Async Capable": false,
                                                  "Relation Name": "date_dim",
                                                  "Alias": "date_dim_1",
                                                  "Startup Cost": 0.0,
                                                  "Total Cost": 2049.55,
                                                  "Plan Rows": 8,
                                                  "Plan Width": 4,
                                                  "Filter": "((d_date >= '1998-08-12'::date) AND (d_date <= '1998-08-26 00:00:00'::timestamp without time zone))",
                                                  "parent": 27,
                                                  "ID": 28
                                                }
                                              ],
                                              "parent": 23,
                                              "ID": 27,
                                              "left": 28
                                            }
                                          ],
                                          "parent": 22,
                                          "ID": 23,
                                          "left": 24,
                                          "right": 27
                                        },
                                        {
                                          "Node Type": "Hash",
                                          "Parent Relationship": "Inner",
                                          "Parallel Aware": false,
                                          "Async Capable": false,
                                          "Startup Cost": 368.0,
                                          "Total Cost": 368.0,
                                          "Plan Rows": 12000,
                                          "Plan Width": 21,
                                          "Plans": [
                                            {
                                              "Node Type": "Seq Scan",
                                              "Parent Relationship": "Outer",
                                              "Parallel Aware": false,
                                              "Async Capable": false,
                                              "Relation Name": "catalog_page",
                                              "Alias": "catalog_page",
                                              "Startup Cost": 0.0,
                                              "Total Cost": 368.0,
                                              "Plan Rows": 12000,
                                              "Plan Width": 21,
                                              "parent": 29,
                                              "ID": 30
                                            }
                                          ],
                                          "parent": 22,
                                          "ID": 29,
                                          "left": 30
                                        }
                                      ],
                                      "parent": 21,
                                      "ID": 22,
                                      "left": 23,
                                      "right": 29
                                    }
                                  ],
                                  "parent": 20,
                                  "ID": 21,
                                  "left": 22
                                }
                              ],
                              "parent": 19,
                              "ID": 20,
                              "left": 21
                            }
                          ],
                          "parent": 18,
                          "ID": 19,
                          "left": 20
                        }
                      ],
                      "parent": 3,
                      "ID": 18,
                      "left": 19
                    },
                    {
                      "Node Type": "Subquery Scan",
                      "Parent Relationship": "Member",
                      "Parallel Aware": false,
                      "Async Capable": false,
                      "Alias": "wsr",
                      "Startup Cost": 594058.45,
                      "Total Cost": 594067.44,
                      "Plan Rows": 21,
                      "Plan Width": 160,
                      "Plans": [
                        {
                          "Node Type": "Aggregate",
                          "Strategy": "Sorted",
                          "Partial Mode": "Finalize",
                          "Parent Relationship": "Subquery",
                          "Parallel Aware": false,
                          "Async Capable": false,
                          "Startup Cost": 594058.45,
                          "Total Cost": 594067.07,
                          "Plan Rows": 21,
                          "Plan Width": 145,
                          "Group Key": [
                            "web_site.web_site_id"
                          ],
                          "Plans": [
                            {
                              "Node Type": "Gather Merge",
                              "Parent Relationship": "Outer",
                              "Parallel Aware": false,
                              "Async Capable": false,
                              "Startup Cost": 594058.45,
                              "Total Cost": 594065.71,
                              "Plan Rows": 42,
                              "Plan Width": 145,
                              "Workers Planned": 2,
                              "Plans": [
                                {
                                  "Node Type": "Aggregate",
                                  "Strategy": "Sorted",
                                  "Partial Mode": "Partial",
                                  "Parent Relationship": "Outer",
                                  "Parallel Aware": false,
                                  "Async Capable": false,
                                  "Startup Cost": 593058.42,
                                  "Total Cost": 593060.84,
                                  "Plan Rows": 21,
                                  "Plan Width": 145,
                                  "Group Key": [
                                    "web_site.web_site_id"
                                  ],
                                  "Plans": [
                                    {
                                      "Node Type": "Sort",
                                      "Parent Relationship": "Outer",
                                      "Parallel Aware": false,
                                      "Async Capable": false,
                                      "Startup Cost": 593058.42,
                                      "Total Cost": 593058.75,
                                      "Plan Rows": 133,
                                      "Plan Width": 57,
                                      "Sort Key": [
                                        "web_site.web_site_id"
                                      ],
                                      "Plans": [
                                        {
                                          "Node Type": "Hash Join",
                                          "Parent Relationship": "Outer",
                                          "Parallel Aware": false,
                                          "Async Capable": false,
                                          "Join Type": "Inner",
                                          "Startup Cost": 2053.6,
                                          "Total Cost": 593053.73,
                                          "Plan Rows": 133,
                                          "Plan Width": 57,
                                          "Inner Unique": false,
                                          "Hash Cond": "(\"*SELECT* 2\".wsr_web_site_sk = web_site.web_site_sk)",
                                          "Plans": [
                                            {
                                              "Node Type": "Hash Join",
                                              "Parent Relationship": "Outer",
                                              "Parallel Aware": true,
                                              "Async Capable": false,
                                              "Join Type": "Inner",
                                              "Startup Cost": 2049.65,
                                              "Total Cost": 593046.09,
                                              "Plan Rows": 632,
                                              "Plan Width": 44,
                                              "Inner Unique": false,
                                              "Hash Cond": "(\"*SELECT* 2\".date_sk = date_dim_2.d_date_sk)",
                                              "Plans": [
                                                {
                                                  "Node Type": "Append",
                                                  "Parent Relationship": "Outer",
                                                  "Parallel Aware": true,
                                                  "Async Capable": false,
                                                  "Startup Cost": 0.0,
                                                  "Total Cost": 577049.1,
                                                  "Plan Rows": 3718203,
                                                  "Plan Width": 48,
                                                  "Subplans Removed": 0,
                                                  "Plans": [
                                                    {
                                                      "Node Type": "Subquery Scan",
                                                      "Parent Relationship": "Member",
                                                      "Parallel Aware": false,
                                                      "Async Capable": false,
                                                      "Alias": "*SELECT* 2",
                                                      "Startup Cost": 277366.65,
                                                      "Total Cost": 340720.23,
                                                      "Plan Rows": 719217,
                                                      "Plan Width": 48,
                                                      "Plans": [
                                                        {
                                                          "Node Type": "Hash Join",
                                                          "Parent Relationship": "Subquery",
                                                          "Parallel Aware": true,
                                                          "Async Capable": false,
                                                          "Join Type": "Left",
                                                          "Startup Cost": 277366.65,
                                                          "Total Cost": 333528.06,
                                                          "Plan Rows": 299674,
                                                          "Plan Width": 48,
                                                          "Inner Unique": false,
                                                          "Hash Cond": "((web_returns.wr_item_sk = web_sales_1.ws_item_sk) AND (web_returns.wr_order_number = web_sales_1.ws_order_number))",
                                                          "Plans": [
                                                            {
                                                              "Node Type": "Seq Scan",
                                                              "Parent Relationship": "Outer",
                                                              "Parallel Aware": true,
                                                              "Async Capable": false,
                                                              "Relation Name": "web_returns",
                                                              "Alias": "web_returns",
                                                              "Startup Cost": 0.0,
                                                              "Total Cost": 16278.74,
                                                              "Plan Rows": 299674,
                                                              "Plan Width": 24,
                                                              "parent": 40,
                                                              "ID": 41
                                                            },
                                                            {
                                                              "Node Type": "Hash",
                                                              "Parent Relationship": "Inner",
                                                              "Parallel Aware": true,
                                                              "Async Capable": false,
                                                              "Startup Cost": 217737.86,
                                                              "Total Cost": 217737.86,
                                                              "Plan Rows": 2998986,
                                                              "Plan Width": 12,
                                                              "Plans": [
                                                                {
                                                                  "Node Type": "Seq Scan",
                                                                  "Parent Relationship": "Outer",
                                                                  "Parallel Aware": true,
                                                                  "Async Capable": false,
                                                                  "Relation Name": "web_sales",
                                                                  "Alias": "web_sales_1",
                                                                  "Startup Cost": 0.0,
                                                                  "Total Cost": 217737.86,
                                                                  "Plan Rows": 2998986,
                                                                  "Plan Width": 12,
                                                                  "parent": 42,
                                                                  "ID": 43
                                                                }
                                                              ],
                                                              "parent": 40,
                                                              "ID": 42,
                                                              "left": 43
                                                            }
                                                          ],
                                                          "parent": 39,
                                                          "ID": 40,
                                                          "left": 41,
                                                          "right": 42
                                                        }
                                                      ],
                                                      "parent": 38,
                                                      "ID": 39,
                                                      "left": 40
                                                    },
                                                    {
                                                      "Node Type": "Seq Scan",
                                                      "Parent Relationship": "Member",
                                                      "Parallel Aware": true,
                                                      "Async Capable": false,
                                                      "Relation Name": "web_sales",
                                                      "Alias": "web_sales",
                                                      "Startup Cost": 0.0,
                                                      "Total Cost": 217737.86,
                                                      "Plan Rows": 2998986,
                                                      "Plan Width": 48,
                                                      "parent": 38,
                                                      "ID": 44
                                                    }
                                                  ],
                                                  "parent": 37,
                                                  "ID": 38,
                                                  "left": 39,
                                                  "right": 44
                                                },
                                                {
                                                  "Node Type": "Hash",
                                                  "Parent Relationship": "Inner",
                                                  "Parallel Aware": true,
                                                  "Async Capable": false,
                                                  "Startup Cost": 2049.55,
                                                  "Total Cost": 2049.55,
                                                  "Plan Rows": 8,
                                                  "Plan Width": 4,
                                                  "Plans": [
                                                    {
                                                      "Node Type": "Seq Scan",
                                                      "Parent Relationship": "Outer",
                                                      "Parallel Aware": true,
                                                      "Async Capable": false,
                                                      "Relation Name": "date_dim",
                                                      "Alias": "date_dim_2",
                                                      "Startup Cost": 0.0,
                                                      "Total Cost": 2049.55,
                                                      "Plan Rows": 8,
                                                      "Plan Width": 4,
                                                      "Filter": "((d_date >= '1998-08-12'::date) AND (d_date <= '1998-08-26 00:00:00'::timestamp without time zone))",
                                                      "parent": 45,
                                                      "ID": 46
                                                    }
                                                  ],
                                                  "parent": 37,
                                                  "ID": 45,
                                                  "left": 46
                                                }
                                              ],
                                              "parent": 36,
                                              "ID": 37,
                                              "left": 38,
                                              "right": 45
                                            },
                                            {
                                              "Node Type": "Hash",
                                              "Parent Relationship": "Inner",
                                              "Parallel Aware": false,
                                              "Async Capable": false,
                                              "Startup Cost": 3.42,
                                              "Total Cost": 3.42,
                                              "Plan Rows": 42,
                                              "Plan Width": 21,
                                              "Plans": [
                                                {
                                                  "Node Type": "Seq Scan",
                                                  "Parent Relationship": "Outer",
                                                  "Parallel Aware": false,
                                                  "Async Capable": false,
                                                  "Relation Name": "web_site",
                                                  "Alias": "web_site",
                                                  "Startup Cost": 0.0,
                                                  "Total Cost": 3.42,
                                                  "Plan Rows": 42,
                                                  "Plan Width": 21,
                                                  "parent": 47,
                                                  "ID": 48
                                                }
                                              ],
                                              "parent": 36,
                                              "ID": 47,
                                              "left": 48
                                            }
                                          ],
                                          "parent": 35,
                                          "ID": 36,
                                          "left": 37,
                                          "right": 47
                                        }
                                      ],
                                      "parent": 34,
                                      "ID": 35,
                                      "left": 36
                                    }
                                  ],
                                  "parent": 33,
                                  "ID": 34,
                                  "left": 35
                                }
                              ],
                              "parent": 32,
                              "ID": 33,
                              "left": 34
                            }
                          ],
                          "parent": 31,
                          "ID": 32,
                          "left": 33
                        }
                      ],
                      "parent": 3,
                      "ID": 31,
                      "left": 32
                    }
                  ],
                  "parent": 2,
                  "ID": 3,
                  "left": 4,
                  "right": 18
                }
              ],
              "parent": 1,
              "ID": 2,
              "left": 3
            }
          ],
          "parent": 0,
          "ID": 1,
          "left": 2
        }
      ],
      "parent": null,
      "ID": 0,
      "left": 1
    },
    "feat": {
      "utility": 0.0,
      "query_shape": [
        [
          "Seq Scan",
          "Append",
          "Hash Join",
          "Sort",
          "Aggregate",
          "Gather Merge",
          "Subquery Scan"
        ],
        [
          "Seq Scan",
          "Append",
          "Hash Join",
          "Sort",
          "Aggregate",
          "Gather Merge",
          "Subquery Scan"
        ],
        [
          "Seq Scan",
          "Hash",
          "Hash Join",
          "Sort",
          "Aggregate",
          "Gather Merge",
          "Subquery Scan",
          "Append"
        ],
        [
          "Seq Scan",
          "Hash",
          "Hash Join",
          "Sort",
          "Aggregate",
          "Gather Merge",
          "Subquery Scan",
          "Append"
        ],
        [
          "Seq Scan",
          "Append",
          "Hash Join",
          "Sort",
          "Gather Merge",
          "Aggregate",
          "Subquery Scan"
        ],
        [
          "Seq Scan",
          "Append",
          "Hash Join",
          "Sort",
          "Gather Merge",
          "Aggregate",
          "Subquery Scan"
        ],
        [
          "Seq Scan",
          "Hash",
          "Hash Join",
          "Sort",
          "Gather Merge",
          "Aggregate",
          "Subquery Scan",
          "Append"
        ],
        [
          "Seq Scan",
          "Hash",
          "Hash Join",
          "Sort",
          "Gather Merge",
          "Aggregate",
          "Subquery Scan",
          "Append"
        ],
        [
          "Seq Scan",
          "Hash Join",
          "Subquery Scan",
          "Append",
          "Sort",
          "Aggregate",
          "Gather Merge"
        ],
        [
          "Seq Scan",
          "Hash",
          "Hash Join",
          "Subquery Scan",
          "Append",
          "Sort",
          "Aggregate",
          "Gather Merge"
        ],
        [
          "Seq Scan",
          "Append",
          "Hash Join",
          "Sort",
          "Aggregate",
          "Gather Merge",
          "Subquery Scan"
        ],
        [
          "Seq Scan",
          "Hash",
          "Hash Join",
          "Sort",
          "Aggregate",
          "Gather Merge",
          "Subquery Scan",
          "Append"
        ],
        [
          "Seq Scan",
          "Hash",
          "Hash Join",
          "Sort",
          "Aggregate",
          "Gather Merge",
          "Subquery Scan",
          "Append"
        ]
      ],
      "index_shape": [],
      "physical_operator": {}
    }
  },
  {
    "query": "with ssr as\n (select s_store_id,\n        sum(sales_price) as sales,\n        sum(profit) as profit,\n        sum(return_amt) as returns,\n        sum(net_loss) as profit_loss\n from\n  ( select  ss_store_sk as store_sk,\n            ss_sold_date_sk  as date_sk,\n            ss_ext_sales_price as sales_price,\n            ss_net_profit as profit,\n            cast(0 as decimal(7,2)) as return_amt,\n            cast(0 as decimal(7,2)) as net_loss\n    from store_sales\n    union all\n    select sr_store_sk as store_sk,\n           sr_returned_date_sk as date_sk,\n           cast(0 as decimal(7,2)) as sales_price,\n           cast(0 as decimal(7,2)) as profit,\n           sr_return_amt as return_amt,\n           sr_net_loss as net_loss\n    from store_returns\n   ) salesreturns,\n     date_dim,\n     store\n where date_sk = d_date_sk\n       and d_date between cast('1998-08-12' as date) \n                  and (cast('1998-08-12' as date) +  interval '14 days')\n       and store_sk = s_store_sk\n group by s_store_id)\n ,\n csr as\n (select cp_catalog_page_id,\n        sum(sales_price) as sales,\n        sum(profit) as profit,\n        sum(return_amt) as returns,\n        sum(net_loss) as profit_loss\n from\n  ( select  cs_catalog_page_sk as page_sk,\n            cs_sold_date_sk  as date_sk,\n            cs_ext_sales_price as sales_price,\n            cs_net_profit as profit,\n            cast(0 as decimal(7,2)) as return_amt,\n            cast(0 as decimal(7,2)) as net_loss\n    from catalog_sales\n    union all\n    select cr_catalog_page_sk as page_sk,\n           cr_returned_date_sk as date_sk,\n           cast(0 as decimal(7,2)) as sales_price,\n           cast(0 as decimal(7,2)) as profit,\n           cr_return_amount as return_amt,\n           cr_net_loss as net_loss\n    from catalog_returns\n   ) salesreturns,\n     date_dim,\n     catalog_page\n where date_sk = d_date_sk\n       and d_date between cast('1998-08-12' as date)\n                  and (cast('1998-08-12' as date) +  interval '14 days')\n       and page_sk = cp_catalog_page_sk\n group by cp_catalog_page_id)\n ,\n wsr as\n (select web_site_id,\n        sum(sales_price) as sales,\n        sum(profit) as profit,\n        sum(return_amt) as returns,\n        sum(net_loss) as profit_loss\n from\n  ( select  ws_web_site_sk as wsr_web_site_sk,\n            ws_sold_date_sk  as date_sk,\n            ws_ext_sales_price as sales_price,\n            ws_net_profit as profit,\n            cast(0 as decimal(7,2)) as return_amt,\n            cast(0 as decimal(7,2)) as net_loss\n    from web_sales\n    union all\n    select ws_web_site_sk as wsr_web_site_sk,\n           wr_returned_date_sk as date_sk,\n           cast(0 as decimal(7,2)) as sales_price,\n           cast(0 as decimal(7,2)) as profit,\n           wr_return_amt as return_amt,\n           wr_net_loss as net_loss\n    from web_returns left outer join web_sales on\n         ( wr_item_sk = ws_item_sk\n           and wr_order_number = ws_order_number)\n   ) salesreturns,\n     date_dim,\n     web_site\n where date_sk = d_date_sk\n       and d_date between cast('1998-08-12' as date)\n                  and (cast('1998-08-12' as date) +  interval '14 days')\n       and wsr_web_site_sk = web_site_sk\n group by web_site_id)\n  select  channel\n        , id\n        , sum(sales) as sales\n        , sum(returns) as returns\n        , sum(profit) as profit\n from \n (select 'store channel' as channel\n        , 'store' || s_store_id as id\n        , sales\n        , returns\n        , (profit - profit_loss) as profit\n from   ssr\n union all\n select 'catalog channel' as channel\n        , 'catalog_page' || cp_catalog_page_id as id\n        , sales\n        , returns\n        , (profit - profit_loss) as profit\n from  csr\n union all\n select 'web channel' as channel\n        , 'web_site' || web_site_id as id\n        , sales\n        , returns\n        , (profit - profit_loss) as profit\n from   wsr\n ) x\n group by rollup (channel, id)\n order by channel\n         ,id\n limit 100;\n\n-- end query 3 in stream 0 using template query5.tpl\n",
    "indexes": "store_returns.sr_net_loss",
    "wo plan est": {
      "Node Type": "Limit",
      "Parallel Aware": false,
      "Async Capable": false,
      "Startup Cost": 1940046.82,
      "Total Cost": 1940047.07,
      "Plan Rows": 100,
      "Plan Width": 160,
      "Plans": [
        {
          "Node Type": "Sort",
          "Parent Relationship": "Outer",
          "Parallel Aware": false,
          "Async Capable": false,
          "Startup Cost": 1940046.82,
          "Total Cost": 1940048.1,
          "Plan Rows": 512,
          "Plan Width": 160,
          "Sort Key": [
            "('store channel'::text)",
            "(('store'::text || (ssr.s_store_id)::text))"
          ],
          "Plans": [
            {
              "Node Type": "Aggregate",
              "Strategy": "Mixed",
              "Partial Mode": "Simple",
              "Parent Relationship": "Outer",
              "Parallel Aware": false,
              "Async Capable": false,
              "Startup Cost": 815451.97,
              "Total Cost": 1940027.26,
              "Plan Rows": 512,
              "Plan Width": 160,
              "Grouping Sets": [
                {
                  "Hash Keys": [
                    [
                      "('store channel'::text)",
                      "(('store'::text || (ssr.s_store_id)::text))"
                    ]
                  ]
                },
                {
                  "Hash Keys": [
                    [
                      "('store channel'::text)"
                    ]
                  ]
                },
                {
                  "Group Keys": [
                    []
                  ]
                }
              ],
              "Planned Partitions": 0,
              "Plans": [
                {
                  "Node Type": "Append",
                  "Parent Relationship": "Outer",
                  "Parallel Aware": false,
                  "Async Capable": false,
                  "Startup Cost": 815451.97,
                  "Total Cost": 1939925.06,
                  "Plan Rows": 3108,
                  "Plan Width": 160,
                  "Subplans Removed": 0,
                  "Plans": [
                    {
                      "Node Type": "Subquery Scan",
                      "Parent Relationship": "Member",
                      "Parallel Aware": false,
                      "Async Capable": false,
                      "Alias": "ssr",
                      "Startup Cost": 815451.97,
                      "Total Cost": 815488.32,
                      "Plan Rows": 51,
                      "Plan Width": 160,
                      "Plans": [
                        {
                          "Node Type": "Aggregate",
                          "Strategy": "Sorted",
                          "Partial Mode": "Finalize",
                          "Parent Relationship": "Subquery",
                          "Parallel Aware": false,
                          "Async Capable": false,
                          "Startup Cost": 815451.97,
                          "Total Cost": 815487.43,
                          "Plan Rows": 51,
                          "Plan Width": 145,
                          "Group Key": [
                            "store.s_store_id"
                          ],
                          "Plans": [
                            {
                              "Node Type": "Gather Merge",
                              "Parent Relationship": "Outer",
                              "Parallel Aware": false,
                              "Async Capable": false,
                              "Startup Cost": 815451.97,
                              "Total Cost": 815484.12,
                              "Plan Rows": 102,
                              "Plan Width": 145,
                              "Workers Planned": 2,
                              "Plans": [
                                {
                                  "Node Type": "Aggregate",
                                  "Strategy": "Sorted",
                                  "Partial Mode": "Partial",
                                  "Parent Relationship": "Outer",
                                  "Parallel Aware": false,
                                  "Async Capable": false,
                                  "Startup Cost": 814451.95,
                                  "Total Cost": 814472.32,
                                  "Plan Rows": 51,
                                  "Plan Width": 145,
                                  "Group Key": [
                                    "store.s_store_id"
                                  ],
                                  "Plans": [
                                    {
                                      "Node Type": "Sort",
                                      "Parent Relationship": "Outer",
                                      "Parallel Aware": false,
                                      "Async Capable": false,
                                      "Startup Cost": 814451.95,
                                      "Total Cost": 814455.17,
                                      "Plan Rows": 1290,
                                      "Plan Width": 57,
                                      "Sort Key": [
                                        "store.s_store_id"
                                      ],
                                      "Plans": [
                                        {
                                          "Node Type": "Hash Join",
                                          "Parent Relationship": "Outer",
                                          "Parallel Aware": false,
                                          "Async Capable": false,
                                          "Join Type": "Inner",
                                          "Startup Cost": 2056.95,
                                          "Total Cost": 814385.3,
                                          "Plan Rows": 1290,
                                          "Plan Width": 57,
                                          "Inner Unique": false,
                                          "Hash Cond": "(store_sales.ss_store_sk = store.s_store_sk)",
                                          "Plans": [
                                            {
                                              "Node Type": "Hash Join",
                                              "Parent Relationship": "Outer",
                                              "Parallel Aware": true,
                                              "Async Capable": false,
                                              "Join Type": "Inner",
                                              "Startup Cost": 2049.65,
                                              "Total Cost": 814355.62,
                                              "Plan Rows": 2530,
                                              "Plan Width": 44,
                                              "Inner Unique": false,
                                              "Hash Cond": "(store_sales.ss_sold_date_sk = date_dim.d_date_sk)",
                                              "Plans": [
                                                {
                                                  "Node Type": "Append",
                                                  "Parent Relationship": "Outer",
                                                  "Parallel Aware": true,
                                                  "Async Capable": false,
                                                  "Startup Cost": 0.0,
                                                  "Total Cost": 762796.01,
                                                  "Plan Rows": 13198801,
                                                  "Plan Width": 48,
                                                  "Subplans Removed": 0,
                                                  "Plans": [
                                                    {
                                                      "Node Type": "Seq Scan",
                                                      "Parent Relationship": "Member",
                                                      "Parallel Aware": true,
                                                      "Async Capable": false,
                                                      "Relation Name": "store_sales",
                                                      "Alias": "store_sales",
                                                      "Startup Cost": 0.0,
                                                      "Total Cost": 636914.37,
                                                      "Plan Rows": 12000637,
                                                      "Plan Width": 48,
                                                      "parent": 11,
                                                      "ID": 12
                                                    },
                                                    {
                                                      "Node Type": "Seq Scan",
                                                      "Parent Relationship": "Member",
                                                      "Parallel Aware": true,
                                                      "Async Capable": false,
                                                      "Relation Name": "store_returns",
                                                      "Alias": "store_returns",
                                                      "Startup Cost": 0.0,
                                                      "Total Cost": 59887.64,
                                                      "Plan Rows": 1198164,
                                                      "Plan Width": 48,
                                                      "parent": 11,
                                                      "ID": 13
                                                    }
                                                  ],
                                                  "parent": 10,
                                                  "ID": 11,
                                                  "left": 12,
                                                  "right": 13
                                                },
                                                {
                                                  "Node Type": "Hash",
                                                  "Parent Relationship": "Inner",
                                                  "Parallel Aware": true,
                                                  "Async Capable": false,
                                                  "Startup Cost": 2049.55,
                                                  "Total Cost": 2049.55,
                                                  "Plan Rows": 8,
                                                  "Plan Width": 4,
                                                  "Plans": [
                                                    {
                                                      "Node Type": "Seq Scan",
                                                      "Parent Relationship": "Outer",
                                                      "Parallel Aware": true,
                                                      "Async Capable": false,
                                                      "Relation Name": "date_dim",
                                                      "Alias": "date_dim",
                                                      "Startup Cost": 0.0,
                                                      "Total Cost": 2049.55,
                                                      "Plan Rows": 8,
                                                      "Plan Width": 4,
                                                      "Filter": "((d_date >= '1998-08-12'::date) AND (d_date <= '1998-08-26 00:00:00'::timestamp without time zone))",
                                                      "parent": 14,
                                                      "ID": 15
                                                    }
                                                  ],
                                                  "parent": 10,
                                                  "ID": 14,
                                                  "left": 15
                                                }
                                              ],
                                              "parent": 9,
                                              "ID": 10,
                                              "left": 11,
                                              "right": 14
                                            },
                                            {
                                              "Node Type": "Hash",
                                              "Parent Relationship": "Inner",
                                              "Parallel Aware": false,
                                              "Async Capable": false,
                                              "Startup Cost": 6.02,
                                              "Total Cost": 6.02,
                                              "Plan Rows": 102,
                                              "Plan Width": 21,
                                              "Plans": [
                                                {
                                                  "Node Type": "Seq Scan",
                                                  "Parent Relationship": "Outer",
                                                  "Parallel Aware": false,
                                                  "Async Capable": false,
                                                  "Relation Name": "store",
                                                  "Alias": "store",
                                                  "Startup Cost": 0.0,
                                                  "Total Cost": 6.02,
                                                  "Plan Rows": 102,
                                                  "Plan Width": 21,
                                                  "parent": 16,
                                                  "ID": 17
                                                }
                                              ],
                                              "parent": 9,
                                              "ID": 16,
                                              "left": 17
                                            }
                                          ],
                                          "parent": 8,
                                          "ID": 9,
                                          "left": 10,
                                          "right": 16
                                        }
                                      ],
                                      "parent": 7,
                                      "ID": 8,
                                      "left": 9
                                    }
                                  ],
                                  "parent": 6,
                                  "ID": 7,
                                  "left": 8
                                }
                              ],
                              "parent": 5,
                              "ID": 6,
                              "left": 7
                            }
                          ],
                          "parent": 4,
                          "ID": 5,
                          "left": 6
                        }
                      ],
                      "parent": 3,
                      "ID": 4,
                      "left": 5
                    },
                    {
                      "Node Type": "Subquery Scan",
                      "Parent Relationship": "Member",
                      "Parallel Aware": false,
                      "Async Capable": false,
                      "Alias": "csr",
                      "Startup Cost": 529848.36,
                      "Total Cost": 530353.75,
                      "Plan Rows": 3036,
                      "Plan Width": 160,
                      "Plans": [
                        {
                          "Node Type": "Aggregate",
                          "Strategy": "Sorted",
                          "Partial Mode": "Simple",
                          "Parent Relationship": "Subquery",
                          "Parallel Aware": false,
                          "Async Capable": false,
                          "Startup Cost": 529848.36,
                          "Total Cost": 530300.62,
                          "Plan Rows": 3036,
                          "Plan Width": 145,
                          "Group Key": [
                            "catalog_page.cp_catalog_page_id"
                          ],
                          "Plans": [
                            {
                              "Node Type": "Gather Merge",
                              "Parent Relationship": "Outer",
                              "Parallel Aware": false,
                              "Async Capable": false,
                              "Startup Cost": 529848.36,
                              "Total Cost": 530201.95,
                              "Plan Rows": 3036,
                              "Plan Width": 57,
                              "Workers Planned": 2,
                              "Plans": [
                                {
                                  "Node Type": "Sort",
                                  "Parent Relationship": "Outer",
                                  "Parallel Aware": false,
                                  "Async Capable": false,
                                  "Startup Cost": 528848.34,
                                  "Total Cost": 528851.5,
                                  "Plan Rows": 1265,
                                  "Plan Width": 57,
                                  "Sort Key": [
                                    "catalog_page.cp_catalog_page_id"
                                  ],
                                  "Plans": [
                                    {
                                      "Node Type": "Hash Join",
                                      "Parent Relationship": "Outer",
                                      "Parallel Aware": false,
                                      "Async Capable": false,
                                      "Join Type": "Inner",
                                      "Startup Cost": 2567.65,
                                      "Total Cost": 528783.16,
                                      "Plan Rows": 1265,
                                      "Plan Width": 57,
                                      "Inner Unique": false,
                                      "Hash Cond": "(catalog_sales.cs_catalog_page_sk = catalog_page.cp_catalog_page_sk)",
                                      "Plans": [
                                        {
                                          "Node Type": "Hash Join",
                                          "Parent Relationship": "Outer",
                                          "Parallel Aware": true,
                                          "Async Capable": false,
                                          "Join Type": "Inner",
                                          "Startup Cost": 2049.65,
                                          "Total Cost": 528247.76,
                                          "Plan Rows": 1265,
                                          "Plan Width": 44,
                                          "Inner Unique": false,
                                          "Hash Cond": "(catalog_sales.cs_sold_date_sk = date_dim_1.d_date_sk)",
                                          "Plans": [
                                            {
                                              "Node Type": "Append",
                                              "Parent Relationship": "Outer",
                                              "Parallel Aware": true,
                                              "Async Capable": false,
                                              "Startup Cost": 0.0,
                                              "Total Cost": 501439.31,
                                              "Plan Rows": 6600420,
                                              "Plan Width": 48,
                                              "Subplans Removed": 0,
                                              "Plans": [
                                                {
                                                  "Node Type": "Seq Scan",
                                                  "Parent Relationship": "Member",
                                                  "Parallel Aware": true,
                                                  "Async Capable": false,
                                                  "Relation Name": "catalog_sales",
                                                  "Alias": "catalog_sales",
                                                  "Startup Cost": 0.0,
                                                  "Total Cost": 433688.25,
                                                  "Plan Rows": 6000525,
                                                  "Plan Width": 48,
                                                  "parent": 24,
                                                  "ID": 25
                                                },
                                                {
                                                  "Node Type": "Seq Scan",
                                                  "Parent Relationship": "Member",
                                                  "Parallel Aware": true,
                                                  "Async Capable": false,
                                                  "Relation Name": "catalog_returns",
                                                  "Alias": "catalog_returns",
                                                  "Startup Cost": 0.0,
                                                  "Total Cost": 34748.95,
                                                  "Plan Rows": 599895,
                                                  "Plan Width": 48,
                                                  "parent": 24,
                                                  "ID": 26
                                                }
                                              ],
                                              "parent": 23,
                                              "ID": 24,
                                              "left": 25,
                                              "right": 26
                                            },
                                            {
                                              "Node Type": "Hash",
                                              "Parent Relationship": "Inner",
                                              "Parallel Aware": true,
                                              "Async Capable": false,
                                              "Startup Cost": 2049.55,
                                              "Total Cost": 2049.55,
                                              "Plan Rows": 8,
                                              "Plan Width": 4,
                                              "Plans": [
                                                {
                                                  "Node Type": "Seq Scan",
                                                  "Parent Relationship": "Outer",
                                                  "Parallel Aware": true,
                                                  "Async Capable": false,
                                                  "Relation Name": "date_dim",
                                                  "Alias": "date_dim_1",
                                                  "Startup Cost": 0.0,
                                                  "Total Cost": 2049.55,
                                                  "Plan Rows": 8,
                                                  "Plan Width": 4,
                                                  "Filter": "((d_date >= '1998-08-12'::date) AND (d_date <= '1998-08-26 00:00:00'::timestamp without time zone))",
                                                  "parent": 27,
                                                  "ID": 28
                                                }
                                              ],
                                              "parent": 23,
                                              "ID": 27,
                                              "left": 28
                                            }
                                          ],
                                          "parent": 22,
                                          "ID": 23,
                                          "left": 24,
                                          "right": 27
                                        },
                                        {
                                          "Node Type": "Hash",
                                          "Parent Relationship": "Inner",
                                          "Parallel Aware": false,
                                          "Async Capable": false,
                                          "Startup Cost": 368.0,
                                          "Total Cost": 368.0,
                                          "Plan Rows": 12000,
                                          "Plan Width": 21,
                                          "Plans": [
                                            {
                                              "Node Type": "Seq Scan",
                                              "Parent Relationship": "Outer",
                                              "Parallel Aware": false,
                                              "Async Capable": false,
                                              "Relation Name": "catalog_page",
                                              "Alias": "catalog_page",
                                              "Startup Cost": 0.0,
                                              "Total Cost": 368.0,
                                              "Plan Rows": 12000,
                                              "Plan Width": 21,
                                              "parent": 29,
                                              "ID": 30
                                            }
                                          ],
                                          "parent": 22,
                                          "ID": 29,
                                          "left": 30
                                        }
                                      ],
                                      "parent": 21,
                                      "ID": 22,
                                      "left": 23,
                                      "right": 29
                                    }
                                  ],
                                  "parent": 20,
                                  "ID": 21,
                                  "left": 22
                                }
                              ],
                              "parent": 19,
                              "ID": 20,
                              "left": 21
                            }
                          ],
                          "parent": 18,
                          "ID": 19,
                          "left": 20
                        }
                      ],
                      "parent": 3,
                      "ID": 18,
                      "left": 19
                    },
                    {
                      "Node Type": "Subquery Scan",
                      "Parent Relationship": "Member",
                      "Parallel Aware": false,
                      "Async Capable": false,
                      "Alias": "wsr",
                      "Startup Cost": 594058.45,
                      "Total Cost": 594067.44,
                      "Plan Rows": 21,
                      "Plan Width": 160,
                      "Plans": [
                        {
                          "Node Type": "Aggregate",
                          "Strategy": "Sorted",
                          "Partial Mode": "Finalize",
                          "Parent Relationship": "Subquery",
                          "Parallel Aware": false,
                          "Async Capable": false,
                          "Startup Cost": 594058.45,
                          "Total Cost": 594067.07,
                          "Plan Rows": 21,
                          "Plan Width": 145,
                          "Group Key": [
                            "web_site.web_site_id"
                          ],
                          "Plans": [
                            {
                              "Node Type": "Gather Merge",
                              "Parent Relationship": "Outer",
                              "Parallel Aware": false,
                              "Async Capable": false,
                              "Startup Cost": 594058.45,
                              "Total Cost": 594065.71,
                              "Plan Rows": 42,
                              "Plan Width": 145,
                              "Workers Planned": 2,
                              "Plans": [
                                {
                                  "Node Type": "Aggregate",
                                  "Strategy": "Sorted",
                                  "Partial Mode": "Partial",
                                  "Parent Relationship": "Outer",
                                  "Parallel Aware": false,
                                  "Async Capable": false,
                                  "Startup Cost": 593058.42,
                                  "Total Cost": 593060.84,
                                  "Plan Rows": 21,
                                  "Plan Width": 145,
                                  "Group Key": [
                                    "web_site.web_site_id"
                                  ],
                                  "Plans": [
                                    {
                                      "Node Type": "Sort",
                                      "Parent Relationship": "Outer",
                                      "Parallel Aware": false,
                                      "Async Capable": false,
                                      "Startup Cost": 593058.42,
                                      "Total Cost": 593058.75,
                                      "Plan Rows": 133,
                                      "Plan Width": 57,
                                      "Sort Key": [
                                        "web_site.web_site_id"
                                      ],
                                      "Plans": [
                                        {
                                          "Node Type": "Hash Join",
                                          "Parent Relationship": "Outer",
                                          "Parallel Aware": false,
                                          "Async Capable": false,
                                          "Join Type": "Inner",
                                          "Startup Cost": 2053.6,
                                          "Total Cost": 593053.73,
                                          "Plan Rows": 133,
                                          "Plan Width": 57,
                                          "Inner Unique": false,
                                          "Hash Cond": "(\"*SELECT* 2\".wsr_web_site_sk = web_site.web_site_sk)",
                                          "Plans": [
                                            {
                                              "Node Type": "Hash Join",
                                              "Parent Relationship": "Outer",
                                              "Parallel Aware": true,
                                              "Async Capable": false,
                                              "Join Type": "Inner",
                                              "Startup Cost": 2049.65,
                                              "Total Cost": 593046.09,
                                              "Plan Rows": 632,
                                              "Plan Width": 44,
                                              "Inner Unique": false,
                                              "Hash Cond": "(\"*SELECT* 2\".date_sk = date_dim_2.d_date_sk)",
                                              "Plans": [
                                                {
                                                  "Node Type": "Append",
                                                  "Parent Relationship": "Outer",
                                                  "Parallel Aware": true,
                                                  "Async Capable": false,
                                                  "Startup Cost": 0.0,
                                                  "Total Cost": 577049.1,
                                                  "Plan Rows": 3718203,
                                                  "Plan Width": 48,
                                                  "Subplans Removed": 0,
                                                  "Plans": [
                                                    {
                                                      "Node Type": "Subquery Scan",
                                                      "Parent Relationship": "Member",
                                                      "Parallel Aware": false,
                                                      "Async Capable": false,
                                                      "Alias": "*SELECT* 2",
                                                      "Startup Cost": 277366.65,
                                                      "Total Cost": 340720.23,
                                                      "Plan Rows": 719217,
                                                      "Plan Width": 48,
                                                      "Plans": [
                                                        {
                                                          "Node Type": "Hash Join",
                                                          "Parent Relationship": "Subquery",
                                                          "Parallel Aware": true,
                                                          "Async Capable": false,
                                                          "Join Type": "Left",
                                                          "Startup Cost": 277366.65,
                                                          "Total Cost": 333528.06,
                                                          "Plan Rows": 299674,
                                                          "Plan Width": 48,
                                                          "Inner Unique": false,
                                                          "Hash Cond": "((web_returns.wr_item_sk = web_sales_1.ws_item_sk) AND (web_returns.wr_order_number = web_sales_1.ws_order_number))",
                                                          "Plans": [
                                                            {
                                                              "Node Type": "Seq Scan",
                                                              "Parent Relationship": "Outer",
                                                              "Parallel Aware": true,
                                                              "Async Capable": false,
                                                              "Relation Name": "web_returns",
                                                              "Alias": "web_returns",
                                                              "Startup Cost": 0.0,
                                                              "Total Cost": 16278.74,
                                                              "Plan Rows": 299674,
                                                              "Plan Width": 24,
                                                              "parent": 40,
                                                              "ID": 41
                                                            },
                                                            {
                                                              "Node Type": "Hash",
                                                              "Parent Relationship": "Inner",
                                                              "Parallel Aware": true,
                                                              "Async Capable": false,
                                                              "Startup Cost": 217737.86,
                                                              "Total Cost": 217737.86,
                                                              "Plan Rows": 2998986,
                                                              "Plan Width": 12,
                                                              "Plans": [
                                                                {
                                                                  "Node Type": "Seq Scan",
                                                                  "Parent Relationship": "Outer",
                                                                  "Parallel Aware": true,
                                                                  "Async Capable": false,
                                                                  "Relation Name": "web_sales",
                                                                  "Alias": "web_sales_1",
                                                                  "Startup Cost": 0.0,
                                                                  "Total Cost": 217737.86,
                                                                  "Plan Rows": 2998986,
                                                                  "Plan Width": 12,
                                                                  "parent": 42,
                                                                  "ID": 43
                                                                }
                                                              ],
                                                              "parent": 40,
                                                              "ID": 42,
                                                              "left": 43
                                                            }
                                                          ],
                                                          "parent": 39,
                                                          "ID": 40,
                                                          "left": 41,
                                                          "right": 42
                                                        }
                                                      ],
                                                      "parent": 38,
                                                      "ID": 39,
                                                      "left": 40
                                                    },
                                                    {
                                                      "Node Type": "Seq Scan",
                                                      "Parent Relationship": "Member",
                                                      "Parallel Aware": true,
                                                      "Async Capable": false,
                                                      "Relation Name": "web_sales",
                                                      "Alias": "web_sales",
                                                      "Startup Cost": 0.0,
                                                      "Total Cost": 217737.86,
                                                      "Plan Rows": 2998986,
                                                      "Plan Width": 48,
                                                      "parent": 38,
                                                      "ID": 44
                                                    }
                                                  ],
                                                  "parent": 37,
                                                  "ID": 38,
                                                  "left": 39,
                                                  "right": 44
                                                },
                                                {
                                                  "Node Type": "Hash",
                                                  "Parent Relationship": "Inner",
                                                  "Parallel Aware": true,
                                                  "Async Capable": false,
                                                  "Startup Cost": 2049.55,
                                                  "Total Cost": 2049.55,
                                                  "Plan Rows": 8,
                                                  "Plan Width": 4,
                                                  "Plans": [
                                                    {
                                                      "Node Type": "Seq Scan",
                                                      "Parent Relationship": "Outer",
                                                      "Parallel Aware": true,
                                                      "Async Capable": false,
                                                      "Relation Name": "date_dim",
                                                      "Alias": "date_dim_2",
                                                      "Startup Cost": 0.0,
                                                      "Total Cost": 2049.55,
                                                      "Plan Rows": 8,
                                                      "Plan Width": 4,
                                                      "Filter": "((d_date >= '1998-08-12'::date) AND (d_date <= '1998-08-26 00:00:00'::timestamp without time zone))",
                                                      "parent": 45,
                                                      "ID": 46
                                                    }
                                                  ],
                                                  "parent": 37,
                                                  "ID": 45,
                                                  "left": 46
                                                }
                                              ],
                                              "parent": 36,
                                              "ID": 37,
                                              "left": 38,
                                              "right": 45
                                            },
                                            {
                                              "Node Type": "Hash",
                                              "Parent Relationship": "Inner",
                                              "Parallel Aware": false,
                                              "Async Capable": false,
                                              "Startup Cost": 3.42,
                                              "Total Cost": 3.42,
                                              "Plan Rows": 42,
                                              "Plan Width": 21,
                                              "Plans": [
                                                {
                                                  "Node Type": "Seq Scan",
                                                  "Parent Relationship": "Outer",
                                                  "Parallel Aware": false,
                                                  "Async Capable": false,
                                                  "Relation Name": "web_site",
                                                  "Alias": "web_site",
                                                  "Startup Cost": 0.0,
                                                  "Total Cost": 3.42,
                                                  "Plan Rows": 42,
                                                  "Plan Width": 21,
                                                  "parent": 47,
                                                  "ID": 48
                                                }
                                              ],
                                              "parent": 36,
                                              "ID": 47,
                                              "left": 48
                                            }
                                          ],
                                          "parent": 35,
                                          "ID": 36,
                                          "left": 37,
                                          "right": 47
                                        }
                                      ],
                                      "parent": 34,
                                      "ID": 35,
                                      "left": 36
                                    }
                                  ],
                                  "parent": 33,
                                  "ID": 34,
                                  "left": 35
                                }
                              ],
                              "parent": 32,
                              "ID": 33,
                              "left": 34
                            }
                          ],
                          "parent": 31,
                          "ID": 32,
                          "left": 33
                        }
                      ],
                      "parent": 3,
                      "ID": 31,
                      "left": 32
                    }
                  ],
                  "parent": 2,
                  "ID": 3,
                  "left": 4,
                  "right": 18
                }
              ],
              "parent": 1,
              "ID": 2,
              "left": 3
            }
          ],
          "parent": 0,
          "ID": 1,
          "left": 2
        }
      ],
      "parent": null,
      "ID": 0,
      "left": 1
    },
    "feat": {
      "utility": 0.0,
      "query_shape": [
        [
          "Seq Scan",
          "Append",
          "Hash Join",
          "Sort",
          "Aggregate",
          "Gather Merge",
          "Subquery Scan"
        ],
        [
          "Seq Scan",
          "Append",
          "Hash Join",
          "Sort",
          "Aggregate",
          "Gather Merge",
          "Subquery Scan"
        ],
        [
          "Seq Scan",
          "Hash",
          "Hash Join",
          "Sort",
          "Aggregate",
          "Gather Merge",
          "Subquery Scan",
          "Append"
        ],
        [
          "Seq Scan",
          "Hash",
          "Hash Join",
          "Sort",
          "Aggregate",
          "Gather Merge",
          "Subquery Scan",
          "Append"
        ],
        [
          "Seq Scan",
          "Append",
          "Hash Join",
          "Sort",
          "Gather Merge",
          "Aggregate",
          "Subquery Scan"
        ],
        [
          "Seq Scan",
          "Append",
          "Hash Join",
          "Sort",
          "Gather Merge",
          "Aggregate",
          "Subquery Scan"
        ],
        [
          "Seq Scan",
          "Hash",
          "Hash Join",
          "Sort",
          "Gather Merge",
          "Aggregate",
          "Subquery Scan",
          "Append"
        ],
        [
          "Seq Scan",
          "Hash",
          "Hash Join",
          "Sort",
          "Gather Merge",
          "Aggregate",
          "Subquery Scan",
          "Append"
        ],
        [
          "Seq Scan",
          "Hash Join",
          "Subquery Scan",
          "Append",
          "Sort",
          "Aggregate",
          "Gather Merge"
        ],
        [
          "Seq Scan",
          "Hash",
          "Hash Join",
          "Subquery Scan",
          "Append",
          "Sort",
          "Aggregate",
          "Gather Merge"
        ],
        [
          "Seq Scan",
          "Append",
          "Hash Join",
          "Sort",
          "Aggregate",
          "Gather Merge",
          "Subquery Scan"
        ],
        [
          "Seq Scan",
          "Hash",
          "Hash Join",
          "Sort",
          "Aggregate",
          "Gather Merge",
          "Subquery Scan",
          "Append"
        ],
        [
          "Seq Scan",
          "Hash",
          "Hash Join",
          "Sort",
          "Aggregate",
          "Gather Merge",
          "Subquery Scan",
          "Append"
        ]
      ],
      "index_shape": [],
      "physical_operator": {}
    }
  },
  {
    "query": "with ssr as\n (select s_store_id,\n        sum(sales_price) as sales,\n        sum(profit) as profit,\n        sum(return_amt) as returns,\n        sum(net_loss) as profit_loss\n from\n  ( select  ss_store_sk as store_sk,\n            ss_sold_date_sk  as date_sk,\n            ss_ext_sales_price as sales_price,\n            ss_net_profit as profit,\n            cast(0 as decimal(7,2)) as return_amt,\n            cast(0 as decimal(7,2)) as net_loss\n    from store_sales\n    union all\n    select sr_store_sk as store_sk,\n           sr_returned_date_sk as date_sk,\n           cast(0 as decimal(7,2)) as sales_price,\n           cast(0 as decimal(7,2)) as profit,\n           sr_return_amt as return_amt,\n           sr_net_loss as net_loss\n    from store_returns\n   ) salesreturns,\n     date_dim,\n     store\n where date_sk = d_date_sk\n       and d_date between cast('1998-08-12' as date) \n                  and (cast('1998-08-12' as date) +  interval '14 days')\n       and store_sk = s_store_sk\n group by s_store_id)\n ,\n csr as\n (select cp_catalog_page_id,\n        sum(sales_price) as sales,\n        sum(profit) as profit,\n        sum(return_amt) as returns,\n        sum(net_loss) as profit_loss\n from\n  ( select  cs_catalog_page_sk as page_sk,\n            cs_sold_date_sk  as date_sk,\n            cs_ext_sales_price as sales_price,\n            cs_net_profit as profit,\n            cast(0 as decimal(7,2)) as return_amt,\n            cast(0 as decimal(7,2)) as net_loss\n    from catalog_sales\n    union all\n    select cr_catalog_page_sk as page_sk,\n           cr_returned_date_sk as date_sk,\n           cast(0 as decimal(7,2)) as sales_price,\n           cast(0 as decimal(7,2)) as profit,\n           cr_return_amount as return_amt,\n           cr_net_loss as net_loss\n    from catalog_returns\n   ) salesreturns,\n     date_dim,\n     catalog_page\n where date_sk = d_date_sk\n       and d_date between cast('1998-08-12' as date)\n                  and (cast('1998-08-12' as date) +  interval '14 days')\n       and page_sk = cp_catalog_page_sk\n group by cp_catalog_page_id)\n ,\n wsr as\n (select web_site_id,\n        sum(sales_price) as sales,\n        sum(profit) as profit,\n        sum(return_amt) as returns,\n        sum(net_loss) as profit_loss\n from\n  ( select  ws_web_site_sk as wsr_web_site_sk,\n            ws_sold_date_sk  as date_sk,\n            ws_ext_sales_price as sales_price,\n            ws_net_profit as profit,\n            cast(0 as decimal(7,2)) as return_amt,\n            cast(0 as decimal(7,2)) as net_loss\n    from web_sales\n    union all\n    select ws_web_site_sk as wsr_web_site_sk,\n           wr_returned_date_sk as date_sk,\n           cast(0 as decimal(7,2)) as sales_price,\n           cast(0 as decimal(7,2)) as profit,\n           wr_return_amt as return_amt,\n           wr_net_loss as net_loss\n    from web_returns left outer join web_sales on\n         ( wr_item_sk = ws_item_sk\n           and wr_order_number = ws_order_number)\n   ) salesreturns,\n     date_dim,\n     web_site\n where date_sk = d_date_sk\n       and d_date between cast('1998-08-12' as date)\n                  and (cast('1998-08-12' as date) +  interval '14 days')\n       and wsr_web_site_sk = web_site_sk\n group by web_site_id)\n  select  channel\n        , id\n        , sum(sales) as sales\n        , sum(returns) as returns\n        , sum(profit) as profit\n from \n (select 'store channel' as channel\n        , 'store' || s_store_id as id\n        , sales\n        , returns\n        , (profit - profit_loss) as profit\n from   ssr\n union all\n select 'catalog channel' as channel\n        , 'catalog_page' || cp_catalog_page_id as id\n        , sales\n        , returns\n        , (profit - profit_loss) as profit\n from  csr\n union all\n select 'web channel' as channel\n        , 'web_site' || web_site_id as id\n        , sales\n        , returns\n        , (profit - profit_loss) as profit\n from   wsr\n ) x\n group by rollup (channel, id)\n order by channel\n         ,id\n limit 100;\n\n-- end query 3 in stream 0 using template query5.tpl\n",
    "indexes": "date_dim.d_date_sk",
    "wo plan est": {
      "Node Type": "Limit",
      "Parallel Aware": false,
      "Async Capable": false,
      "Startup Cost": 1940046.82,
      "Total Cost": 1940047.07,
      "Plan Rows": 100,
      "Plan Width": 160,
      "Plans": [
        {
          "Node Type": "Sort",
          "Parent Relationship": "Outer",
          "Parallel Aware": false,
          "Async Capable": false,
          "Startup Cost": 1940046.82,
          "Total Cost": 1940048.1,
          "Plan Rows": 512,
          "Plan Width": 160,
          "Sort Key": [
            "('store channel'::text)",
            "(('store'::text || (ssr.s_store_id)::text))"
          ],
          "Plans": [
            {
              "Node Type": "Aggregate",
              "Strategy": "Mixed",
              "Partial Mode": "Simple",
              "Parent Relationship": "Outer",
              "Parallel Aware": false,
              "Async Capable": false,
              "Startup Cost": 815451.97,
              "Total Cost": 1940027.26,
              "Plan Rows": 512,
              "Plan Width": 160,
              "Grouping Sets": [
                {
                  "Hash Keys": [
                    [
                      "('store channel'::text)",
                      "(('store'::text || (ssr.s_store_id)::text))"
                    ]
                  ]
                },
                {
                  "Hash Keys": [
                    [
                      "('store channel'::text)"
                    ]
                  ]
                },
                {
                  "Group Keys": [
                    []
                  ]
                }
              ],
              "Planned Partitions": 0,
              "Plans": [
                {
                  "Node Type": "Append",
                  "Parent Relationship": "Outer",
                  "Parallel Aware": false,
                  "Async Capable": false,
                  "Startup Cost": 815451.97,
                  "Total Cost": 1939925.06,
                  "Plan Rows": 3108,
                  "Plan Width": 160,
                  "Subplans Removed": 0,
                  "Plans": [
                    {
                      "Node Type": "Subquery Scan",
                      "Parent Relationship": "Member",
                      "Parallel Aware": false,
                      "Async Capable": false,
                      "Alias": "ssr",
                      "Startup Cost": 815451.97,
                      "Total Cost": 815488.32,
                      "Plan Rows": 51,
                      "Plan Width": 160,
                      "Plans": [
                        {
                          "Node Type": "Aggregate",
                          "Strategy": "Sorted",
                          "Partial Mode": "Finalize",
                          "Parent Relationship": "Subquery",
                          "Parallel Aware": false,
                          "Async Capable": false,
                          "Startup Cost": 815451.97,
                          "Total Cost": 815487.43,
                          "Plan Rows": 51,
                          "Plan Width": 145,
                          "Group Key": [
                            "store.s_store_id"
                          ],
                          "Plans": [
                            {
                              "Node Type": "Gather Merge",
                              "Parent Relationship": "Outer",
                              "Parallel Aware": false,
                              "Async Capable": false,
                              "Startup Cost": 815451.97,
                              "Total Cost": 815484.12,
                              "Plan Rows": 102,
                              "Plan Width": 145,
                              "Workers Planned": 2,
                              "Plans": [
                                {
                                  "Node Type": "Aggregate",
                                  "Strategy": "Sorted",
                                  "Partial Mode": "Partial",
                                  "Parent Relationship": "Outer",
                                  "Parallel Aware": false,
                                  "Async Capable": false,
                                  "Startup Cost": 814451.95,
                                  "Total Cost": 814472.32,
                                  "Plan Rows": 51,
                                  "Plan Width": 145,
                                  "Group Key": [
                                    "store.s_store_id"
                                  ],
                                  "Plans": [
                                    {
                                      "Node Type": "Sort",
                                      "Parent Relationship": "Outer",
                                      "Parallel Aware": false,
                                      "Async Capable": false,
                                      "Startup Cost": 814451.95,
                                      "Total Cost": 814455.17,
                                      "Plan Rows": 1290,
                                      "Plan Width": 57,
                                      "Sort Key": [
                                        "store.s_store_id"
                                      ],
                                      "Plans": [
                                        {
                                          "Node Type": "Hash Join",
                                          "Parent Relationship": "Outer",
                                          "Parallel Aware": false,
                                          "Async Capable": false,
                                          "Join Type": "Inner",
                                          "Startup Cost": 2056.95,
                                          "Total Cost": 814385.3,
                                          "Plan Rows": 1290,
                                          "Plan Width": 57,
                                          "Inner Unique": false,
                                          "Hash Cond": "(store_sales.ss_store_sk = store.s_store_sk)",
                                          "Plans": [
                                            {
                                              "Node Type": "Hash Join",
                                              "Parent Relationship": "Outer",
                                              "Parallel Aware": true,
                                              "Async Capable": false,
                                              "Join Type": "Inner",
                                              "Startup Cost": 2049.65,
                                              "Total Cost": 814355.62,
                                              "Plan Rows": 2530,
                                              "Plan Width": 44,
                                              "Inner Unique": false,
                                              "Hash Cond": "(store_sales.ss_sold_date_sk = date_dim.d_date_sk)",
                                              "Plans": [
                                                {
                                                  "Node Type": "Append",
                                                  "Parent Relationship": "Outer",
                                                  "Parallel Aware": true,
                                                  "Async Capable": false,
                                                  "Startup Cost": 0.0,
                                                  "Total Cost": 762796.01,
                                                  "Plan Rows": 13198801,
                                                  "Plan Width": 48,
                                                  "Subplans Removed": 0,
                                                  "Plans": [
                                                    {
                                                      "Node Type": "Seq Scan",
                                                      "Parent Relationship": "Member",
                                                      "Parallel Aware": true,
                                                      "Async Capable": false,
                                                      "Relation Name": "store_sales",
                                                      "Alias": "store_sales",
                                                      "Startup Cost": 0.0,
                                                      "Total Cost": 636914.37,
                                                      "Plan Rows": 12000637,
                                                      "Plan Width": 48,
                                                      "parent": 11,
                                                      "ID": 12
                                                    },
                                                    {
                                                      "Node Type": "Seq Scan",
                                                      "Parent Relationship": "Member",
                                                      "Parallel Aware": true,
                                                      "Async Capable": false,
                                                      "Relation Name": "store_returns",
                                                      "Alias": "store_returns",
                                                      "Startup Cost": 0.0,
                                                      "Total Cost": 59887.64,
                                                      "Plan Rows": 1198164,
                                                      "Plan Width": 48,
                                                      "parent": 11,
                                                      "ID": 13
                                                    }
                                                  ],
                                                  "parent": 10,
                                                  "ID": 11,
                                                  "left": 12,
                                                  "right": 13
                                                },
                                                {
                                                  "Node Type": "Hash",
                                                  "Parent Relationship": "Inner",
                                                  "Parallel Aware": true,
                                                  "Async Capable": false,
                                                  "Startup Cost": 2049.55,
                                                  "Total Cost": 2049.55,
                                                  "Plan Rows": 8,
                                                  "Plan Width": 4,
                                                  "Plans": [
                                                    {
                                                      "Node Type": "Seq Scan",
                                                      "Parent Relationship": "Outer",
                                                      "Parallel Aware": true,
                                                      "Async Capable": false,
                                                      "Relation Name": "date_dim",
                                                      "Alias": "date_dim",
                                                      "Startup Cost": 0.0,
                                                      "Total Cost": 2049.55,
                                                      "Plan Rows": 8,
                                                      "Plan Width": 4,
                                                      "Filter": "((d_date >= '1998-08-12'::date) AND (d_date <= '1998-08-26 00:00:00'::timestamp without time zone))",
                                                      "parent": 14,
                                                      "ID": 15
                                                    }
                                                  ],
                                                  "parent": 10,
                                                  "ID": 14,
                                                  "left": 15
                                                }
                                              ],
                                              "parent": 9,
                                              "ID": 10,
                                              "left": 11,
                                              "right": 14
                                            },
                                            {
                                              "Node Type": "Hash",
                                              "Parent Relationship": "Inner",
                                              "Parallel Aware": false,
                                              "Async Capable": false,
                                              "Startup Cost": 6.02,
                                              "Total Cost": 6.02,
                                              "Plan Rows": 102,
                                              "Plan Width": 21,
                                              "Plans": [
                                                {
                                                  "Node Type": "Seq Scan",
                                                  "Parent Relationship": "Outer",
                                                  "Parallel Aware": false,
                                                  "Async Capable": false,
                                                  "Relation Name": "store",
                                                  "Alias": "store",
                                                  "Startup Cost": 0.0,
                                                  "Total Cost": 6.02,
                                                  "Plan Rows": 102,
                                                  "Plan Width": 21,
                                                  "parent": 16,
                                                  "ID": 17
                                                }
                                              ],
                                              "parent": 9,
                                              "ID": 16,
                                              "left": 17
                                            }
                                          ],
                                          "parent": 8,
                                          "ID": 9,
                                          "left": 10,
                                          "right": 16
                                        }
                                      ],
                                      "parent": 7,
                                      "ID": 8,
                                      "left": 9
                                    }
                                  ],
                                  "parent": 6,
                                  "ID": 7,
                                  "left": 8
                                }
                              ],
                              "parent": 5,
                              "ID": 6,
                              "left": 7
                            }
                          ],
                          "parent": 4,
                          "ID": 5,
                          "left": 6
                        }
                      ],
                      "parent": 3,
                      "ID": 4,
                      "left": 5
                    },
                    {
                      "Node Type": "Subquery Scan",
                      "Parent Relationship": "Member",
                      "Parallel Aware": false,
                      "Async Capable": false,
                      "Alias": "csr",
                      "Startup Cost": 529848.36,
                      "Total Cost": 530353.75,
                      "Plan Rows": 3036,
                      "Plan Width": 160,
                      "Plans": [
                        {
                          "Node Type": "Aggregate",
                          "Strategy": "Sorted",
                          "Partial Mode": "Simple",
                          "Parent Relationship": "Subquery",
                          "Parallel Aware": false,
                          "Async Capable": false,
                          "Startup Cost": 529848.36,
                          "Total Cost": 530300.62,
                          "Plan Rows": 3036,
                          "Plan Width": 145,
                          "Group Key": [
                            "catalog_page.cp_catalog_page_id"
                          ],
                          "Plans": [
                            {
                              "Node Type": "Gather Merge",
                              "Parent Relationship": "Outer",
                              "Parallel Aware": false,
                              "Async Capable": false,
                              "Startup Cost": 529848.36,
                              "Total Cost": 530201.95,
                              "Plan Rows": 3036,
                              "Plan Width": 57,
                              "Workers Planned": 2,
                              "Plans": [
                                {
                                  "Node Type": "Sort",
                                  "Parent Relationship": "Outer",
                                  "Parallel Aware": false,
                                  "Async Capable": false,
                                  "Startup Cost": 528848.34,
                                  "Total Cost": 528851.5,
                                  "Plan Rows": 1265,
                                  "Plan Width": 57,
                                  "Sort Key": [
                                    "catalog_page.cp_catalog_page_id"
                                  ],
                                  "Plans": [
                                    {
                                      "Node Type": "Hash Join",
                                      "Parent Relationship": "Outer",
                                      "Parallel Aware": false,
                                      "Async Capable": false,
                                      "Join Type": "Inner",
                                      "Startup Cost": 2567.65,
                                      "Total Cost": 528783.16,
                                      "Plan Rows": 1265,
                                      "Plan Width": 57,
                                      "Inner Unique": false,
                                      "Hash Cond": "(catalog_sales.cs_catalog_page_sk = catalog_page.cp_catalog_page_sk)",
                                      "Plans": [
                                        {
                                          "Node Type": "Hash Join",
                                          "Parent Relationship": "Outer",
                                          "Parallel Aware": true,
                                          "Async Capable": false,
                                          "Join Type": "Inner",
                                          "Startup Cost": 2049.65,
                                          "Total Cost": 528247.76,
                                          "Plan Rows": 1265,
                                          "Plan Width": 44,
                                          "Inner Unique": false,
                                          "Hash Cond": "(catalog_sales.cs_sold_date_sk = date_dim_1.d_date_sk)",
                                          "Plans": [
                                            {
                                              "Node Type": "Append",
                                              "Parent Relationship": "Outer",
                                              "Parallel Aware": true,
                                              "Async Capable": false,
                                              "Startup Cost": 0.0,
                                              "Total Cost": 501439.31,
                                              "Plan Rows": 6600420,
                                              "Plan Width": 48,
                                              "Subplans Removed": 0,
                                              "Plans": [
                                                {
                                                  "Node Type": "Seq Scan",
                                                  "Parent Relationship": "Member",
                                                  "Parallel Aware": true,
                                                  "Async Capable": false,
                                                  "Relation Name": "catalog_sales",
                                                  "Alias": "catalog_sales",
                                                  "Startup Cost": 0.0,
                                                  "Total Cost": 433688.25,
                                                  "Plan Rows": 6000525,
                                                  "Plan Width": 48,
                                                  "parent": 24,
                                                  "ID": 25
                                                },
                                                {
                                                  "Node Type": "Seq Scan",
                                                  "Parent Relationship": "Member",
                                                  "Parallel Aware": true,
                                                  "Async Capable": false,
                                                  "Relation Name": "catalog_returns",
                                                  "Alias": "catalog_returns",
                                                  "Startup Cost": 0.0,
                                                  "Total Cost": 34748.95,
                                                  "Plan Rows": 599895,
                                                  "Plan Width": 48,
                                                  "parent": 24,
                                                  "ID": 26
                                                }
                                              ],
                                              "parent": 23,
                                              "ID": 24,
                                              "left": 25,
                                              "right": 26
                                            },
                                            {
                                              "Node Type": "Hash",
                                              "Parent Relationship": "Inner",
                                              "Parallel Aware": true,
                                              "Async Capable": false,
                                              "Startup Cost": 2049.55,
                                              "Total Cost": 2049.55,
                                              "Plan Rows": 8,
                                              "Plan Width": 4,
                                              "Plans": [
                                                {
                                                  "Node Type": "Seq Scan",
                                                  "Parent Relationship": "Outer",
                                                  "Parallel Aware": true,
                                                  "Async Capable": false,
                                                  "Relation Name": "date_dim",
                                                  "Alias": "date_dim_1",
                                                  "Startup Cost": 0.0,
                                                  "Total Cost": 2049.55,
                                                  "Plan Rows": 8,
                                                  "Plan Width": 4,
                                                  "Filter": "((d_date >= '1998-08-12'::date) AND (d_date <= '1998-08-26 00:00:00'::timestamp without time zone))",
                                                  "parent": 27,
                                                  "ID": 28
                                                }
                                              ],
                                              "parent": 23,
                                              "ID": 27,
                                              "left": 28
                                            }
                                          ],
                                          "parent": 22,
                                          "ID": 23,
                                          "left": 24,
                                          "right": 27
                                        },
                                        {
                                          "Node Type": "Hash",
                                          "Parent Relationship": "Inner",
                                          "Parallel Aware": false,
                                          "Async Capable": false,
                                          "Startup Cost": 368.0,
                                          "Total Cost": 368.0,
                                          "Plan Rows": 12000,
                                          "Plan Width": 21,
                                          "Plans": [
                                            {
                                              "Node Type": "Seq Scan",
                                              "Parent Relationship": "Outer",
                                              "Parallel Aware": false,
                                              "Async Capable": false,
                                              "Relation Name": "catalog_page",
                                              "Alias": "catalog_page",
                                              "Startup Cost": 0.0,
                                              "Total Cost": 368.0,
                                              "Plan Rows": 12000,
                                              "Plan Width": 21,
                                              "parent": 29,
                                              "ID": 30
                                            }
                                          ],
                                          "parent": 22,
                                          "ID": 29,
                                          "left": 30
                                        }
                                      ],
                                      "parent": 21,
                                      "ID": 22,
                                      "left": 23,
                                      "right": 29
                                    }
                                  ],
                                  "parent": 20,
                                  "ID": 21,
                                  "left": 22
                                }
                              ],
                              "parent": 19,
                              "ID": 20,
                              "left": 21
                            }
                          ],
                          "parent": 18,
                          "ID": 19,
                          "left": 20
                        }
                      ],
                      "parent": 3,
                      "ID": 18,
                      "left": 19
                    },
                    {
                      "Node Type": "Subquery Scan",
                      "Parent Relationship": "Member",
                      "Parallel Aware": false,
                      "Async Capable": false,
                      "Alias": "wsr",
                      "Startup Cost": 594058.45,
                      "Total Cost": 594067.44,
                      "Plan Rows": 21,
                      "Plan Width": 160,
                      "Plans": [
                        {
                          "Node Type": "Aggregate",
                          "Strategy": "Sorted",
                          "Partial Mode": "Finalize",
                          "Parent Relationship": "Subquery",
                          "Parallel Aware": false,
                          "Async Capable": false,
                          "Startup Cost": 594058.45,
                          "Total Cost": 594067.07,
                          "Plan Rows": 21,
                          "Plan Width": 145,
                          "Group Key": [
                            "web_site.web_site_id"
                          ],
                          "Plans": [
                            {
                              "Node Type": "Gather Merge",
                              "Parent Relationship": "Outer",
                              "Parallel Aware": false,
                              "Async Capable": false,
                              "Startup Cost": 594058.45,
                              "Total Cost": 594065.71,
                              "Plan Rows": 42,
                              "Plan Width": 145,
                              "Workers Planned": 2,
                              "Plans": [
                                {
                                  "Node Type": "Aggregate",
                                  "Strategy": "Sorted",
                                  "Partial Mode": "Partial",
                                  "Parent Relationship": "Outer",
                                  "Parallel Aware": false,
                                  "Async Capable": false,
                                  "Startup Cost": 593058.42,
                                  "Total Cost": 593060.84,
                                  "Plan Rows": 21,
                                  "Plan Width": 145,
                                  "Group Key": [
                                    "web_site.web_site_id"
                                  ],
                                  "Plans": [
                                    {
                                      "Node Type": "Sort",
                                      "Parent Relationship": "Outer",
                                      "Parallel Aware": false,
                                      "Async Capable": false,
                                      "Startup Cost": 593058.42,
                                      "Total Cost": 593058.75,
                                      "Plan Rows": 133,
                                      "Plan Width": 57,
                                      "Sort Key": [
                                        "web_site.web_site_id"
                                      ],
                                      "Plans": [
                                        {
                                          "Node Type": "Hash Join",
                                          "Parent Relationship": "Outer",
                                          "Parallel Aware": false,
                                          "Async Capable": false,
                                          "Join Type": "Inner",
                                          "Startup Cost": 2053.6,
                                          "Total Cost": 593053.73,
                                          "Plan Rows": 133,
                                          "Plan Width": 57,
                                          "Inner Unique": false,
                                          "Hash Cond": "(\"*SELECT* 2\".wsr_web_site_sk = web_site.web_site_sk)",
                                          "Plans": [
                                            {
                                              "Node Type": "Hash Join",
                                              "Parent Relationship": "Outer",
                                              "Parallel Aware": true,
                                              "Async Capable": false,
                                              "Join Type": "Inner",
                                              "Startup Cost": 2049.65,
                                              "Total Cost": 593046.09,
                                              "Plan Rows": 632,
                                              "Plan Width": 44,
                                              "Inner Unique": false,
                                              "Hash Cond": "(\"*SELECT* 2\".date_sk = date_dim_2.d_date_sk)",
                                              "Plans": [
                                                {
                                                  "Node Type": "Append",
                                                  "Parent Relationship": "Outer",
                                                  "Parallel Aware": true,
                                                  "Async Capable": false,
                                                  "Startup Cost": 0.0,
                                                  "Total Cost": 577049.1,
                                                  "Plan Rows": 3718203,
                                                  "Plan Width": 48,
                                                  "Subplans Removed": 0,
                                                  "Plans": [
                                                    {
                                                      "Node Type": "Subquery Scan",
                                                      "Parent Relationship": "Member",
                                                      "Parallel Aware": false,
                                                      "Async Capable": false,
                                                      "Alias": "*SELECT* 2",
                                                      "Startup Cost": 277366.65,
                                                      "Total Cost": 340720.23,
                                                      "Plan Rows": 719217,
                                                      "Plan Width": 48,
                                                      "Plans": [
                                                        {
                                                          "Node Type": "Hash Join",
                                                          "Parent Relationship": "Subquery",
                                                          "Parallel Aware": true,
                                                          "Async Capable": false,
                                                          "Join Type": "Left",
                                                          "Startup Cost": 277366.65,
                                                          "Total Cost": 333528.06,
                                                          "Plan Rows": 299674,
                                                          "Plan Width": 48,
                                                          "Inner Unique": false,
                                                          "Hash Cond": "((web_returns.wr_item_sk = web_sales_1.ws_item_sk) AND (web_returns.wr_order_number = web_sales_1.ws_order_number))",
                                                          "Plans": [
                                                            {
                                                              "Node Type": "Seq Scan",
                                                              "Parent Relationship": "Outer",
                                                              "Parallel Aware": true,
                                                              "Async Capable": false,
                                                              "Relation Name": "web_returns",
                                                              "Alias": "web_returns",
                                                              "Startup Cost": 0.0,
                                                              "Total Cost": 16278.74,
                                                              "Plan Rows": 299674,
                                                              "Plan Width": 24,
                                                              "parent": 40,
                                                              "ID": 41
                                                            },
                                                            {
                                                              "Node Type": "Hash",
                                                              "Parent Relationship": "Inner",
                                                              "Parallel Aware": true,
                                                              "Async Capable": false,
                                                              "Startup Cost": 217737.86,
                                                              "Total Cost": 217737.86,
                                                              "Plan Rows": 2998986,
                                                              "Plan Width": 12,
                                                              "Plans": [
                                                                {
                                                                  "Node Type": "Seq Scan",
                                                                  "Parent Relationship": "Outer",
                                                                  "Parallel Aware": true,
                                                                  "Async Capable": false,
                                                                  "Relation Name": "web_sales",
                                                                  "Alias": "web_sales_1",
                                                                  "Startup Cost": 0.0,
                                                                  "Total Cost": 217737.86,
                                                                  "Plan Rows": 2998986,
                                                                  "Plan Width": 12,
                                                                  "parent": 42,
                                                                  "ID": 43
                                                                }
                                                              ],
                                                              "parent": 40,
                                                              "ID": 42,
                                                              "left": 43
                                                            }
                                                          ],
                                                          "parent": 39,
                                                          "ID": 40,
                                                          "left": 41,
                                                          "right": 42
                                                        }
                                                      ],
                                                      "parent": 38,
                                                      "ID": 39,
                                                      "left": 40
                                                    },
                                                    {
                                                      "Node Type": "Seq Scan",
                                                      "Parent Relationship": "Member",
                                                      "Parallel Aware": true,
                                                      "Async Capable": false,
                                                      "Relation Name": "web_sales",
                                                      "Alias": "web_sales",
                                                      "Startup Cost": 0.0,
                                                      "Total Cost": 217737.86,
                                                      "Plan Rows": 2998986,
                                                      "Plan Width": 48,
                                                      "parent": 38,
                                                      "ID": 44
                                                    }
                                                  ],
                                                  "parent": 37,
                                                  "ID": 38,
                                                  "left": 39,
                                                  "right": 44
                                                },
                                                {
                                                  "Node Type": "Hash",
                                                  "Parent Relationship": "Inner",
                                                  "Parallel Aware": true,
                                                  "Async Capable": false,
                                                  "Startup Cost": 2049.55,
                                                  "Total Cost": 2049.55,
                                                  "Plan Rows": 8,
                                                  "Plan Width": 4,
                                                  "Plans": [
                                                    {
                                                      "Node Type": "Seq Scan",
                                                      "Parent Relationship": "Outer",
                                                      "Parallel Aware": true,
                                                      "Async Capable": false,
                                                      "Relation Name": "date_dim",
                                                      "Alias": "date_dim_2",
                                                      "Startup Cost": 0.0,
                                                      "Total Cost": 2049.55,
                                                      "Plan Rows": 8,
                                                      "Plan Width": 4,
                                                      "Filter": "((d_date >= '1998-08-12'::date) AND (d_date <= '1998-08-26 00:00:00'::timestamp without time zone))",
                                                      "parent": 45,
                                                      "ID": 46
                                                    }
                                                  ],
                                                  "parent": 37,
                                                  "ID": 45,
                                                  "left": 46
                                                }
                                              ],
                                              "parent": 36,
                                              "ID": 37,
                                              "left": 38,
                                              "right": 45
                                            },
                                            {
                                              "Node Type": "Hash",
                                              "Parent Relationship": "Inner",
                                              "Parallel Aware": false,
                                              "Async Capable": false,
                                              "Startup Cost": 3.42,
                                              "Total Cost": 3.42,
                                              "Plan Rows": 42,
                                              "Plan Width": 21,
                                              "Plans": [
                                                {
                                                  "Node Type": "Seq Scan",
                                                  "Parent Relationship": "Outer",
                                                  "Parallel Aware": false,
                                                  "Async Capable": false,
                                                  "Relation Name": "web_site",
                                                  "Alias": "web_site",
                                                  "Startup Cost": 0.0,
                                                  "Total Cost": 3.42,
                                                  "Plan Rows": 42,
                                                  "Plan Width": 21,
                                                  "parent": 47,
                                                  "ID": 48
                                                }
                                              ],
                                              "parent": 36,
                                              "ID": 47,
                                              "left": 48
                                            }
                                          ],
                                          "parent": 35,
                                          "ID": 36,
                                          "left": 37,
                                          "right": 47
                                        }
                                      ],
                                      "parent": 34,
                                      "ID": 35,
                                      "left": 36
                                    }
                                  ],
                                  "parent": 33,
                                  "ID": 34,
                                  "left": 35
                                }
                              ],
                              "parent": 32,
                              "ID": 33,
                              "left": 34
                            }
                          ],
                          "parent": 31,
                          "ID": 32,
                          "left": 33
                        }
                      ],
                      "parent": 3,
                      "ID": 31,
                      "left": 32
                    }
                  ],
                  "parent": 2,
                  "ID": 3,
                  "left": 4,
                  "right": 18
                }
              ],
              "parent": 1,
              "ID": 2,
              "left": 3
            }
          ],
          "parent": 0,
          "ID": 1,
          "left": 2
        }
      ],
      "parent": null,
      "ID": 0,
      "left": 1
    },
    "feat": {
      "utility": 5.263148388747753e-06,
      "query_shape": [
        [
          "Seq Scan",
          "Append",
          "Hash Join",
          "Sort",
          "Aggregate",
          "Gather Merge",
          "Subquery Scan"
        ],
        [
          "Seq Scan",
          "Append",
          "Hash Join",
          "Sort",
          "Aggregate",
          "Gather Merge",
          "Subquery Scan"
        ],
        [
          "Seq Scan",
          "Hash",
          "Hash Join",
          "Sort",
          "Aggregate",
          "Gather Merge",
          "Subquery Scan",
          "Append"
        ],
        [
          "Seq Scan",
          "Hash",
          "Hash Join",
          "Sort",
          "Aggregate",
          "Gather Merge",
          "Subquery Scan",
          "Append"
        ],
        [
          "Seq Scan",
          "Append",
          "Hash Join",
          "Sort",
          "Gather Merge",
          "Aggregate",
          "Subquery Scan"
        ],
        [
          "Seq Scan",
          "Append",
          "Hash Join",
          "Sort",
          "Gather Merge",
          "Aggregate",
          "Subquery Scan"
        ],
        [
          "Seq Scan",
          "Hash",
          "Hash Join",
          "Sort",
          "Gather Merge",
          "Aggregate",
          "Subquery Scan",
          "Append"
        ],
        [
          "Seq Scan",
          "Hash",
          "Hash Join",
          "Sort",
          "Gather Merge",
          "Aggregate",
          "Subquery Scan",
          "Append"
        ],
        [
          "Seq Scan",
          "Hash Join",
          "Subquery Scan",
          "Append",
          "Sort",
          "Aggregate",
          "Gather Merge"
        ],
        [
          "Seq Scan",
          "Hash",
          "Hash Join",
          "Subquery Scan",
          "Append",
          "Sort",
          "Aggregate",
          "Gather Merge"
        ],
        [
          "Seq Scan",
          "Append",
          "Hash Join",
          "Sort",
          "Aggregate",
          "Gather Merge",
          "Subquery Scan"
        ],
        [
          "Seq Scan",
          "Hash",
          "Hash Join",
          "Sort",
          "Aggregate",
          "Gather Merge",
          "Subquery Scan",
          "Append"
        ],
        [
          "Seq Scan",
          "Hash",
          "Hash Join",
          "Sort",
          "Aggregate",
          "Gather Merge",
          "Subquery Scan",
          "Append"
        ]
      ],
      "index_shape": [
        "join"
      ],
      "physical_operator": {
        "Hash Join": [
          0.004894947369104387,
          0.004894569318043865,
          0.004609427592003623
        ]
      }
    }
  },
  {
    "query": "with ssr as\n (select s_store_id,\n        sum(sales_price) as sales,\n        sum(profit) as profit,\n        sum(return_amt) as returns,\n        sum(net_loss) as profit_loss\n from\n  ( select  ss_store_sk as store_sk,\n            ss_sold_date_sk  as date_sk,\n            ss_ext_sales_price as sales_price,\n            ss_net_profit as profit,\n            cast(0 as decimal(7,2)) as return_amt,\n            cast(0 as decimal(7,2)) as net_loss\n    from store_sales\n    union all\n    select sr_store_sk as store_sk,\n           sr_returned_date_sk as date_sk,\n           cast(0 as decimal(7,2)) as sales_price,\n           cast(0 as decimal(7,2)) as profit,\n           sr_return_amt as return_amt,\n           sr_net_loss as net_loss\n    from store_returns\n   ) salesreturns,\n     date_dim,\n     store\n where date_sk = d_date_sk\n       and d_date between cast('1998-08-12' as date) \n                  and (cast('1998-08-12' as date) +  interval '14 days')\n       and store_sk = s_store_sk\n group by s_store_id)\n ,\n csr as\n (select cp_catalog_page_id,\n        sum(sales_price) as sales,\n        sum(profit) as profit,\n        sum(return_amt) as returns,\n        sum(net_loss) as profit_loss\n from\n  ( select  cs_catalog_page_sk as page_sk,\n            cs_sold_date_sk  as date_sk,\n            cs_ext_sales_price as sales_price,\n            cs_net_profit as profit,\n            cast(0 as decimal(7,2)) as return_amt,\n            cast(0 as decimal(7,2)) as net_loss\n    from catalog_sales\n    union all\n    select cr_catalog_page_sk as page_sk,\n           cr_returned_date_sk as date_sk,\n           cast(0 as decimal(7,2)) as sales_price,\n           cast(0 as decimal(7,2)) as profit,\n           cr_return_amount as return_amt,\n           cr_net_loss as net_loss\n    from catalog_returns\n   ) salesreturns,\n     date_dim,\n     catalog_page\n where date_sk = d_date_sk\n       and d_date between cast('1998-08-12' as date)\n                  and (cast('1998-08-12' as date) +  interval '14 days')\n       and page_sk = cp_catalog_page_sk\n group by cp_catalog_page_id)\n ,\n wsr as\n (select web_site_id,\n        sum(sales_price) as sales,\n        sum(profit) as profit,\n        sum(return_amt) as returns,\n        sum(net_loss) as profit_loss\n from\n  ( select  ws_web_site_sk as wsr_web_site_sk,\n            ws_sold_date_sk  as date_sk,\n            ws_ext_sales_price as sales_price,\n            ws_net_profit as profit,\n            cast(0 as decimal(7,2)) as return_amt,\n            cast(0 as decimal(7,2)) as net_loss\n    from web_sales\n    union all\n    select ws_web_site_sk as wsr_web_site_sk,\n           wr_returned_date_sk as date_sk,\n           cast(0 as decimal(7,2)) as sales_price,\n           cast(0 as decimal(7,2)) as profit,\n           wr_return_amt as return_amt,\n           wr_net_loss as net_loss\n    from web_returns left outer join web_sales on\n         ( wr_item_sk = ws_item_sk\n           and wr_order_number = ws_order_number)\n   ) salesreturns,\n     date_dim,\n     web_site\n where date_sk = d_date_sk\n       and d_date between cast('1998-08-12' as date)\n                  and (cast('1998-08-12' as date) +  interval '14 days')\n       and wsr_web_site_sk = web_site_sk\n group by web_site_id)\n  select  channel\n        , id\n        , sum(sales) as sales\n        , sum(returns) as returns\n        , sum(profit) as profit\n from \n (select 'store channel' as channel\n        , 'store' || s_store_id as id\n        , sales\n        , returns\n        , (profit - profit_loss) as profit\n from   ssr\n union all\n select 'catalog channel' as channel\n        , 'catalog_page' || cp_catalog_page_id as id\n        , sales\n        , returns\n        , (profit - profit_loss) as profit\n from  csr\n union all\n select 'web channel' as channel\n        , 'web_site' || web_site_id as id\n        , sales\n        , returns\n        , (profit - profit_loss) as profit\n from   wsr\n ) x\n group by rollup (channel, id)\n order by channel\n         ,id\n limit 100;\n\n-- end query 3 in stream 0 using template query5.tpl\n",
    "indexes": "date_dim.d_date",
    "wo plan est": {
      "Node Type": "Limit",
      "Parallel Aware": false,
      "Async Capable": false,
      "Startup Cost": 1940046.82,
      "Total Cost": 1940047.07,
      "Plan Rows": 100,
      "Plan Width": 160,
      "Plans": [
        {
          "Node Type": "Sort",
          "Parent Relationship": "Outer",
          "Parallel Aware": false,
          "Async Capable": false,
          "Startup Cost": 1940046.82,
          "Total Cost": 1940048.1,
          "Plan Rows": 512,
          "Plan Width": 160,
          "Sort Key": [
            "('store channel'::text)",
            "(('store'::text || (ssr.s_store_id)::text))"
          ],
          "Plans": [
            {
              "Node Type": "Aggregate",
              "Strategy": "Mixed",
              "Partial Mode": "Simple",
              "Parent Relationship": "Outer",
              "Parallel Aware": false,
              "Async Capable": false,
              "Startup Cost": 815451.97,
              "Total Cost": 1940027.26,
              "Plan Rows": 512,
              "Plan Width": 160,
              "Grouping Sets": [
                {
                  "Hash Keys": [
                    [
                      "('store channel'::text)",
                      "(('store'::text || (ssr.s_store_id)::text))"
                    ]
                  ]
                },
                {
                  "Hash Keys": [
                    [
                      "('store channel'::text)"
                    ]
                  ]
                },
                {
                  "Group Keys": [
                    []
                  ]
                }
              ],
              "Planned Partitions": 0,
              "Plans": [
                {
                  "Node Type": "Append",
                  "Parent Relationship": "Outer",
                  "Parallel Aware": false,
                  "Async Capable": false,
                  "Startup Cost": 815451.97,
                  "Total Cost": 1939925.06,
                  "Plan Rows": 3108,
                  "Plan Width": 160,
                  "Subplans Removed": 0,
                  "Plans": [
                    {
                      "Node Type": "Subquery Scan",
                      "Parent Relationship": "Member",
                      "Parallel Aware": false,
                      "Async Capable": false,
                      "Alias": "ssr",
                      "Startup Cost": 815451.97,
                      "Total Cost": 815488.32,
                      "Plan Rows": 51,
                      "Plan Width": 160,
                      "Plans": [
                        {
                          "Node Type": "Aggregate",
                          "Strategy": "Sorted",
                          "Partial Mode": "Finalize",
                          "Parent Relationship": "Subquery",
                          "Parallel Aware": false,
                          "Async Capable": false,
                          "Startup Cost": 815451.97,
                          "Total Cost": 815487.43,
                          "Plan Rows": 51,
                          "Plan Width": 145,
                          "Group Key": [
                            "store.s_store_id"
                          ],
                          "Plans": [
                            {
                              "Node Type": "Gather Merge",
                              "Parent Relationship": "Outer",
                              "Parallel Aware": false,
                              "Async Capable": false,
                              "Startup Cost": 815451.97,
                              "Total Cost": 815484.12,
                              "Plan Rows": 102,
                              "Plan Width": 145,
                              "Workers Planned": 2,
                              "Plans": [
                                {
                                  "Node Type": "Aggregate",
                                  "Strategy": "Sorted",
                                  "Partial Mode": "Partial",
                                  "Parent Relationship": "Outer",
                                  "Parallel Aware": false,
                                  "Async Capable": false,
                                  "Startup Cost": 814451.95,
                                  "Total Cost": 814472.32,
                                  "Plan Rows": 51,
                                  "Plan Width": 145,
                                  "Group Key": [
                                    "store.s_store_id"
                                  ],
                                  "Plans": [
                                    {
                                      "Node Type": "Sort",
                                      "Parent Relationship": "Outer",
                                      "Parallel Aware": false,
                                      "Async Capable": false,
                                      "Startup Cost": 814451.95,
                                      "Total Cost": 814455.17,
                                      "Plan Rows": 1290,
                                      "Plan Width": 57,
                                      "Sort Key": [
                                        "store.s_store_id"
                                      ],
                                      "Plans": [
                                        {
                                          "Node Type": "Hash Join",
                                          "Parent Relationship": "Outer",
                                          "Parallel Aware": false,
                                          "Async Capable": false,
                                          "Join Type": "Inner",
                                          "Startup Cost": 2056.95,
                                          "Total Cost": 814385.3,
                                          "Plan Rows": 1290,
                                          "Plan Width": 57,
                                          "Inner Unique": false,
                                          "Hash Cond": "(store_sales.ss_store_sk = store.s_store_sk)",
                                          "Plans": [
                                            {
                                              "Node Type": "Hash Join",
                                              "Parent Relationship": "Outer",
                                              "Parallel Aware": true,
                                              "Async Capable": false,
                                              "Join Type": "Inner",
                                              "Startup Cost": 2049.65,
                                              "Total Cost": 814355.62,
                                              "Plan Rows": 2530,
                                              "Plan Width": 44,
                                              "Inner Unique": false,
                                              "Hash Cond": "(store_sales.ss_sold_date_sk = date_dim.d_date_sk)",
                                              "Plans": [
                                                {
                                                  "Node Type": "Append",
                                                  "Parent Relationship": "Outer",
                                                  "Parallel Aware": true,
                                                  "Async Capable": false,
                                                  "Startup Cost": 0.0,
                                                  "Total Cost": 762796.01,
                                                  "Plan Rows": 13198801,
                                                  "Plan Width": 48,
                                                  "Subplans Removed": 0,
                                                  "Plans": [
                                                    {
                                                      "Node Type": "Seq Scan",
                                                      "Parent Relationship": "Member",
                                                      "Parallel Aware": true,
                                                      "Async Capable": false,
                                                      "Relation Name": "store_sales",
                                                      "Alias": "store_sales",
                                                      "Startup Cost": 0.0,
                                                      "Total Cost": 636914.37,
                                                      "Plan Rows": 12000637,
                                                      "Plan Width": 48,
                                                      "parent": 11,
                                                      "ID": 12
                                                    },
                                                    {
                                                      "Node Type": "Seq Scan",
                                                      "Parent Relationship": "Member",
                                                      "Parallel Aware": true,
                                                      "Async Capable": false,
                                                      "Relation Name": "store_returns",
                                                      "Alias": "store_returns",
                                                      "Startup Cost": 0.0,
                                                      "Total Cost": 59887.64,
                                                      "Plan Rows": 1198164,
                                                      "Plan Width": 48,
                                                      "parent": 11,
                                                      "ID": 13
                                                    }
                                                  ],
                                                  "parent": 10,
                                                  "ID": 11,
                                                  "left": 12,
                                                  "right": 13
                                                },
                                                {
                                                  "Node Type": "Hash",
                                                  "Parent Relationship": "Inner",
                                                  "Parallel Aware": true,
                                                  "Async Capable": false,
                                                  "Startup Cost": 2049.55,
                                                  "Total Cost": 2049.55,
                                                  "Plan Rows": 8,
                                                  "Plan Width": 4,
                                                  "Plans": [
                                                    {
                                                      "Node Type": "Seq Scan",
                                                      "Parent Relationship": "Outer",
                                                      "Parallel Aware": true,
                                                      "Async Capable": false,
                                                      "Relation Name": "date_dim",
                                                      "Alias": "date_dim",
                                                      "Startup Cost": 0.0,
                                                      "Total Cost": 2049.55,
                                                      "Plan Rows": 8,
                                                      "Plan Width": 4,
                                                      "Filter": "((d_date >= '1998-08-12'::date) AND (d_date <= '1998-08-26 00:00:00'::timestamp without time zone))",
                                                      "parent": 14,
                                                      "ID": 15
                                                    }
                                                  ],
                                                  "parent": 10,
                                                  "ID": 14,
                                                  "left": 15
                                                }
                                              ],
                                              "parent": 9,
                                              "ID": 10,
                                              "left": 11,
                                              "right": 14
                                            },
                                            {
                                              "Node Type": "Hash",
                                              "Parent Relationship": "Inner",
                                              "Parallel Aware": false,
                                              "Async Capable": false,
                                              "Startup Cost": 6.02,
                                              "Total Cost": 6.02,
                                              "Plan Rows": 102,
                                              "Plan Width": 21,
                                              "Plans": [
                                                {
                                                  "Node Type": "Seq Scan",
                                                  "Parent Relationship": "Outer",
                                                  "Parallel Aware": false,
                                                  "Async Capable": false,
                                                  "Relation Name": "store",
                                                  "Alias": "store",
                                                  "Startup Cost": 0.0,
                                                  "Total Cost": 6.02,
                                                  "Plan Rows": 102,
                                                  "Plan Width": 21,
                                                  "parent": 16,
                                                  "ID": 17
                                                }
                                              ],
                                              "parent": 9,
                                              "ID": 16,
                                              "left": 17
                                            }
                                          ],
                                          "parent": 8,
                                          "ID": 9,
                                          "left": 10,
                                          "right": 16
                                        }
                                      ],
                                      "parent": 7,
                                      "ID": 8,
                                      "left": 9
                                    }
                                  ],
                                  "parent": 6,
                                  "ID": 7,
                                  "left": 8
                                }
                              ],
                              "parent": 5,
                              "ID": 6,
                              "left": 7
                            }
                          ],
                          "parent": 4,
                          "ID": 5,
                          "left": 6
                        }
                      ],
                      "parent": 3,
                      "ID": 4,
                      "left": 5
                    },
                    {
                      "Node Type": "Subquery Scan",
                      "Parent Relationship": "Member",
                      "Parallel Aware": false,
                      "Async Capable": false,
                      "Alias": "csr",
                      "Startup Cost": 529848.36,
                      "Total Cost": 530353.75,
                      "Plan Rows": 3036,
                      "Plan Width": 160,
                      "Plans": [
                        {
                          "Node Type": "Aggregate",
                          "Strategy": "Sorted",
                          "Partial Mode": "Simple",
                          "Parent Relationship": "Subquery",
                          "Parallel Aware": false,
                          "Async Capable": false,
                          "Startup Cost": 529848.36,
                          "Total Cost": 530300.62,
                          "Plan Rows": 3036,
                          "Plan Width": 145,
                          "Group Key": [
                            "catalog_page.cp_catalog_page_id"
                          ],
                          "Plans": [
                            {
                              "Node Type": "Gather Merge",
                              "Parent Relationship": "Outer",
                              "Parallel Aware": false,
                              "Async Capable": false,
                              "Startup Cost": 529848.36,
                              "Total Cost": 530201.95,
                              "Plan Rows": 3036,
                              "Plan Width": 57,
                              "Workers Planned": 2,
                              "Plans": [
                                {
                                  "Node Type": "Sort",
                                  "Parent Relationship": "Outer",
                                  "Parallel Aware": false,
                                  "Async Capable": false,
                                  "Startup Cost": 528848.34,
                                  "Total Cost": 528851.5,
                                  "Plan Rows": 1265,
                                  "Plan Width": 57,
                                  "Sort Key": [
                                    "catalog_page.cp_catalog_page_id"
                                  ],
                                  "Plans": [
                                    {
                                      "Node Type": "Hash Join",
                                      "Parent Relationship": "Outer",
                                      "Parallel Aware": false,
                                      "Async Capable": false,
                                      "Join Type": "Inner",
                                      "Startup Cost": 2567.65,
                                      "Total Cost": 528783.16,
                                      "Plan Rows": 1265,
                                      "Plan Width": 57,
                                      "Inner Unique": false,
                                      "Hash Cond": "(catalog_sales.cs_catalog_page_sk = catalog_page.cp_catalog_page_sk)",
                                      "Plans": [
                                        {
                                          "Node Type": "Hash Join",
                                          "Parent Relationship": "Outer",
                                          "Parallel Aware": true,
                                          "Async Capable": false,
                                          "Join Type": "Inner",
                                          "Startup Cost": 2049.65,
                                          "Total Cost": 528247.76,
                                          "Plan Rows": 1265,
                                          "Plan Width": 44,
                                          "Inner Unique": false,
                                          "Hash Cond": "(catalog_sales.cs_sold_date_sk = date_dim_1.d_date_sk)",
                                          "Plans": [
                                            {
                                              "Node Type": "Append",
                                              "Parent Relationship": "Outer",
                                              "Parallel Aware": true,
                                              "Async Capable": false,
                                              "Startup Cost": 0.0,
                                              "Total Cost": 501439.31,
                                              "Plan Rows": 6600420,
                                              "Plan Width": 48,
                                              "Subplans Removed": 0,
                                              "Plans": [
                                                {
                                                  "Node Type": "Seq Scan",
                                                  "Parent Relationship": "Member",
                                                  "Parallel Aware": true,
                                                  "Async Capable": false,
                                                  "Relation Name": "catalog_sales",
                                                  "Alias": "catalog_sales",
                                                  "Startup Cost": 0.0,
                                                  "Total Cost": 433688.25,
                                                  "Plan Rows": 6000525,
                                                  "Plan Width": 48,
                                                  "parent": 24,
                                                  "ID": 25
                                                },
                                                {
                                                  "Node Type": "Seq Scan",
                                                  "Parent Relationship": "Member",
                                                  "Parallel Aware": true,
                                                  "Async Capable": false,
                                                  "Relation Name": "catalog_returns",
                                                  "Alias": "catalog_returns",
                                                  "Startup Cost": 0.0,
                                                  "Total Cost": 34748.95,
                                                  "Plan Rows": 599895,
                                                  "Plan Width": 48,
                                                  "parent": 24,
                                                  "ID": 26
                                                }
                                              ],
                                              "parent": 23,
                                              "ID": 24,
                                              "left": 25,
                                              "right": 26
                                            },
                                            {
                                              "Node Type": "Hash",
                                              "Parent Relationship": "Inner",
                                              "Parallel Aware": true,
                                              "Async Capable": false,
                                              "Startup Cost": 2049.55,
                                              "Total Cost": 2049.55,
                                              "Plan Rows": 8,
                                              "Plan Width": 4,
                                              "Plans": [
                                                {
                                                  "Node Type": "Seq Scan",
                                                  "Parent Relationship": "Outer",
                                                  "Parallel Aware": true,
                                                  "Async Capable": false,
                                                  "Relation Name": "date_dim",
                                                  "Alias": "date_dim_1",
                                                  "Startup Cost": 0.0,
                                                  "Total Cost": 2049.55,
                                                  "Plan Rows": 8,
                                                  "Plan Width": 4,
                                                  "Filter": "((d_date >= '1998-08-12'::date) AND (d_date <= '1998-08-26 00:00:00'::timestamp without time zone))",
                                                  "parent": 27,
                                                  "ID": 28
                                                }
                                              ],
                                              "parent": 23,
                                              "ID": 27,
                                              "left": 28
                                            }
                                          ],
                                          "parent": 22,
                                          "ID": 23,
                                          "left": 24,
                                          "right": 27
                                        },
                                        {
                                          "Node Type": "Hash",
                                          "Parent Relationship": "Inner",
                                          "Parallel Aware": false,
                                          "Async Capable": false,
                                          "Startup Cost": 368.0,
                                          "Total Cost": 368.0,
                                          "Plan Rows": 12000,
                                          "Plan Width": 21,
                                          "Plans": [
                                            {
                                              "Node Type": "Seq Scan",
                                              "Parent Relationship": "Outer",
                                              "Parallel Aware": false,
                                              "Async Capable": false,
                                              "Relation Name": "catalog_page",
                                              "Alias": "catalog_page",
                                              "Startup Cost": 0.0,
                                              "Total Cost": 368.0,
                                              "Plan Rows": 12000,
                                              "Plan Width": 21,
                                              "parent": 29,
                                              "ID": 30
                                            }
                                          ],
                                          "parent": 22,
                                          "ID": 29,
                                          "left": 30
                                        }
                                      ],
                                      "parent": 21,
                                      "ID": 22,
                                      "left": 23,
                                      "right": 29
                                    }
                                  ],
                                  "parent": 20,
                                  "ID": 21,
                                  "left": 22
                                }
                              ],
                              "parent": 19,
                              "ID": 20,
                              "left": 21
                            }
                          ],
                          "parent": 18,
                          "ID": 19,
                          "left": 20
                        }
                      ],
                      "parent": 3,
                      "ID": 18,
                      "left": 19
                    },
                    {
                      "Node Type": "Subquery Scan",
                      "Parent Relationship": "Member",
                      "Parallel Aware": false,
                      "Async Capable": false,
                      "Alias": "wsr",
                      "Startup Cost": 594058.45,
                      "Total Cost": 594067.44,
                      "Plan Rows": 21,
                      "Plan Width": 160,
                      "Plans": [
                        {
                          "Node Type": "Aggregate",
                          "Strategy": "Sorted",
                          "Partial Mode": "Finalize",
                          "Parent Relationship": "Subquery",
                          "Parallel Aware": false,
                          "Async Capable": false,
                          "Startup Cost": 594058.45,
                          "Total Cost": 594067.07,
                          "Plan Rows": 21,
                          "Plan Width": 145,
                          "Group Key": [
                            "web_site.web_site_id"
                          ],
                          "Plans": [
                            {
                              "Node Type": "Gather Merge",
                              "Parent Relationship": "Outer",
                              "Parallel Aware": false,
                              "Async Capable": false,
                              "Startup Cost": 594058.45,
                              "Total Cost": 594065.71,
                              "Plan Rows": 42,
                              "Plan Width": 145,
                              "Workers Planned": 2,
                              "Plans": [
                                {
                                  "Node Type": "Aggregate",
                                  "Strategy": "Sorted",
                                  "Partial Mode": "Partial",
                                  "Parent Relationship": "Outer",
                                  "Parallel Aware": false,
                                  "Async Capable": false,
                                  "Startup Cost": 593058.42,
                                  "Total Cost": 593060.84,
                                  "Plan Rows": 21,
                                  "Plan Width": 145,
                                  "Group Key": [
                                    "web_site.web_site_id"
                                  ],
                                  "Plans": [
                                    {
                                      "Node Type": "Sort",
                                      "Parent Relationship": "Outer",
                                      "Parallel Aware": false,
                                      "Async Capable": false,
                                      "Startup Cost": 593058.42,
                                      "Total Cost": 593058.75,
                                      "Plan Rows": 133,
                                      "Plan Width": 57,
                                      "Sort Key": [
                                        "web_site.web_site_id"
                                      ],
                                      "Plans": [
                                        {
                                          "Node Type": "Hash Join",
                                          "Parent Relationship": "Outer",
                                          "Parallel Aware": false,
                                          "Async Capable": false,
                                          "Join Type": "Inner",
                                          "Startup Cost": 2053.6,
                                          "Total Cost": 593053.73,
                                          "Plan Rows": 133,
                                          "Plan Width": 57,
                                          "Inner Unique": false,
                                          "Hash Cond": "(\"*SELECT* 2\".wsr_web_site_sk = web_site.web_site_sk)",
                                          "Plans": [
                                            {
                                              "Node Type": "Hash Join",
                                              "Parent Relationship": "Outer",
                                              "Parallel Aware": true,
                                              "Async Capable": false,
                                              "Join Type": "Inner",
                                              "Startup Cost": 2049.65,
                                              "Total Cost": 593046.09,
                                              "Plan Rows": 632,
                                              "Plan Width": 44,
                                              "Inner Unique": false,
                                              "Hash Cond": "(\"*SELECT* 2\".date_sk = date_dim_2.d_date_sk)",
                                              "Plans": [
                                                {
                                                  "Node Type": "Append",
                                                  "Parent Relationship": "Outer",
                                                  "Parallel Aware": true,
                                                  "Async Capable": false,
                                                  "Startup Cost": 0.0,
                                                  "Total Cost": 577049.1,
                                                  "Plan Rows": 3718203,
                                                  "Plan Width": 48,
                                                  "Subplans Removed": 0,
                                                  "Plans": [
                                                    {
                                                      "Node Type": "Subquery Scan",
                                                      "Parent Relationship": "Member",
                                                      "Parallel Aware": false,
                                                      "Async Capable": false,
                                                      "Alias": "*SELECT* 2",
                                                      "Startup Cost": 277366.65,
                                                      "Total Cost": 340720.23,
                                                      "Plan Rows": 719217,
                                                      "Plan Width": 48,
                                                      "Plans": [
                                                        {
                                                          "Node Type": "Hash Join",
                                                          "Parent Relationship": "Subquery",
                                                          "Parallel Aware": true,
                                                          "Async Capable": false,
                                                          "Join Type": "Left",
                                                          "Startup Cost": 277366.65,
                                                          "Total Cost": 333528.06,
                                                          "Plan Rows": 299674,
                                                          "Plan Width": 48,
                                                          "Inner Unique": false,
                                                          "Hash Cond": "((web_returns.wr_item_sk = web_sales_1.ws_item_sk) AND (web_returns.wr_order_number = web_sales_1.ws_order_number))",
                                                          "Plans": [
                                                            {
                                                              "Node Type": "Seq Scan",
                                                              "Parent Relationship": "Outer",
                                                              "Parallel Aware": true,
                                                              "Async Capable": false,
                                                              "Relation Name": "web_returns",
                                                              "Alias": "web_returns",
                                                              "Startup Cost": 0.0,
                                                              "Total Cost": 16278.74,
                                                              "Plan Rows": 299674,
                                                              "Plan Width": 24,
                                                              "parent": 40,
                                                              "ID": 41
                                                            },
                                                            {
                                                              "Node Type": "Hash",
                                                              "Parent Relationship": "Inner",
                                                              "Parallel Aware": true,
                                                              "Async Capable": false,
                                                              "Startup Cost": 217737.86,
                                                              "Total Cost": 217737.86,
                                                              "Plan Rows": 2998986,
                                                              "Plan Width": 12,
                                                              "Plans": [
                                                                {
                                                                  "Node Type": "Seq Scan",
                                                                  "Parent Relationship": "Outer",
                                                                  "Parallel Aware": true,
                                                                  "Async Capable": false,
                                                                  "Relation Name": "web_sales",
                                                                  "Alias": "web_sales_1",
                                                                  "Startup Cost": 0.0,
                                                                  "Total Cost": 217737.86,
                                                                  "Plan Rows": 2998986,
                                                                  "Plan Width": 12,
                                                                  "parent": 42,
                                                                  "ID": 43
                                                                }
                                                              ],
                                                              "parent": 40,
                                                              "ID": 42,
                                                              "left": 43
                                                            }
                                                          ],
                                                          "parent": 39,
                                                          "ID": 40,
                                                          "left": 41,
                                                          "right": 42
                                                        }
                                                      ],
                                                      "parent": 38,
                                                      "ID": 39,
                                                      "left": 40
                                                    },
                                                    {
                                                      "Node Type": "Seq Scan",
                                                      "Parent Relationship": "Member",
                                                      "Parallel Aware": true,
                                                      "Async Capable": false,
                                                      "Relation Name": "web_sales",
                                                      "Alias": "web_sales",
                                                      "Startup Cost": 0.0,
                                                      "Total Cost": 217737.86,
                                                      "Plan Rows": 2998986,
                                                      "Plan Width": 48,
                                                      "parent": 38,
                                                      "ID": 44
                                                    }
                                                  ],
                                                  "parent": 37,
                                                  "ID": 38,
                                                  "left": 39,
                                                  "right": 44
                                                },
                                                {
                                                  "Node Type": "Hash",
                                                  "Parent Relationship": "Inner",
                                                  "Parallel Aware": true,
                                                  "Async Capable": false,
                                                  "Startup Cost": 2049.55,
                                                  "Total Cost": 2049.55,
                                                  "Plan Rows": 8,
                                                  "Plan Width": 4,
                                                  "Plans": [
                                                    {
                                                      "Node Type": "Seq Scan",
                                                      "Parent Relationship": "Outer",
                                                      "Parallel Aware": true,
                                                      "Async Capable": false,
                                                      "Relation Name": "date_dim",
                                                      "Alias": "date_dim_2",
                                                      "Startup Cost": 0.0,
                                                      "Total Cost": 2049.55,
                                                      "Plan Rows": 8,
                                                      "Plan Width": 4,
                                                      "Filter": "((d_date >= '1998-08-12'::date) AND (d_date <= '1998-08-26 00:00:00'::timestamp without time zone))",
                                                      "parent": 45,
                                                      "ID": 46
                                                    }
                                                  ],
                                                  "parent": 37,
                                                  "ID": 45,
                                                  "left": 46
                                                }
                                              ],
                                              "parent": 36,
                                              "ID": 37,
                                              "left": 38,
                                              "right": 45
                                            },
                                            {
                                              "Node Type": "Hash",
                                              "Parent Relationship": "Inner",
                                              "Parallel Aware": false,
                                              "Async Capable": false,
                                              "Startup Cost": 3.42,
                                              "Total Cost": 3.42,
                                              "Plan Rows": 42,
                                              "Plan Width": 21,
                                              "Plans": [
                                                {
                                                  "Node Type": "Seq Scan",
                                                  "Parent Relationship": "Outer",
                                                  "Parallel Aware": false,
                                                  "Async Capable": false,
                                                  "Relation Name": "web_site",
                                                  "Alias": "web_site",
                                                  "Startup Cost": 0.0,
                                                  "Total Cost": 3.42,
                                                  "Plan Rows": 42,
                                                  "Plan Width": 21,
                                                  "parent": 47,
                                                  "ID": 48
                                                }
                                              ],
                                              "parent": 36,
                                              "ID": 47,
                                              "left": 48
                                            }
                                          ],
                                          "parent": 35,
                                          "ID": 36,
                                          "left": 37,
                                          "right": 47
                                        }
                                      ],
                                      "parent": 34,
                                      "ID": 35,
                                      "left": 36
                                    }
                                  ],
                                  "parent": 33,
                                  "ID": 34,
                                  "left": 35
                                }
                              ],
                              "parent": 32,
                              "ID": 33,
                              "left": 34
                            }
                          ],
                          "parent": 31,
                          "ID": 32,
                          "left": 33
                        }
                      ],
                      "parent": 3,
                      "ID": 31,
                      "left": 32
                    }
                  ],
                  "parent": 2,
                  "ID": 3,
                  "left": 4,
                  "right": 18
                }
              ],
              "parent": 1,
              "ID": 2,
              "left": 3
            }
          ],
          "parent": 0,
          "ID": 1,
          "left": 2
        }
      ],
      "parent": null,
      "ID": 0,
      "left": 1
    },
    "feat": {
      "utility": 0.003174246376889662,
      "query_shape": [
        [
          "Seq Scan",
          "Append",
          "Hash Join",
          "Sort",
          "Aggregate",
          "Gather Merge",
          "Subquery Scan"
        ],
        [
          "Seq Scan",
          "Append",
          "Hash Join",
          "Sort",
          "Aggregate",
          "Gather Merge",
          "Subquery Scan"
        ],
        [
          "Seq Scan",
          "Hash",
          "Hash Join",
          "Sort",
          "Aggregate",
          "Gather Merge",
          "Subquery Scan",
          "Append"
        ],
        [
          "Seq Scan",
          "Hash",
          "Hash Join",
          "Sort",
          "Aggregate",
          "Gather Merge",
          "Subquery Scan",
          "Append"
        ],
        [
          "Seq Scan",
          "Append",
          "Hash Join",
          "Sort",
          "Gather Merge",
          "Aggregate",
          "Subquery Scan"
        ],
        [
          "Seq Scan",
          "Append",
          "Hash Join",
          "Sort",
          "Gather Merge",
          "Aggregate",
          "Subquery Scan"
        ],
        [
          "Seq Scan",
          "Hash",
          "Hash Join",
          "Sort",
          "Gather Merge",
          "Aggregate",
          "Subquery Scan",
          "Append"
        ],
        [
          "Seq Scan",
          "Hash",
          "Hash Join",
          "Sort",
          "Gather Merge",
          "Aggregate",
          "Subquery Scan",
          "Append"
        ],
        [
          "Seq Scan",
          "Hash Join",
          "Subquery Scan",
          "Append",
          "Sort",
          "Aggregate",
          "Gather Merge"
        ],
        [
          "Seq Scan",
          "Hash",
          "Hash Join",
          "Subquery Scan",
          "Append",
          "Sort",
          "Aggregate",
          "Gather Merge"
        ],
        [
          "Seq Scan",
          "Append",
          "Hash Join",
          "Sort",
          "Aggregate",
          "Gather Merge",
          "Subquery Scan"
        ],
        [
          "Seq Scan",
          "Hash",
          "Hash Join",
          "Sort",
          "Aggregate",
          "Gather Merge",
          "Subquery Scan",
          "Append"
        ],
        [
          "Seq Scan",
          "Hash",
          "Hash Join",
          "Sort",
          "Aggregate",
          "Gather Merge",
          "Subquery Scan",
          "Append"
        ]
      ],
      "index_shape": [
        "join"
      ],
      "physical_operator": {
        "Seq Scan": [
          0.00010951553067117814,
          0.00010951553067117814,
          0.00010951553067117814
        ],
        "Hash Join": [
          0.004894947369104387,
          0.004894569318043865,
          0.004609427592003623
        ]
      }
    }
  },
  {
    "query": "with ssr as\n (select s_store_id,\n        sum(sales_price) as sales,\n        sum(profit) as profit,\n        sum(return_amt) as returns,\n        sum(net_loss) as profit_loss\n from\n  ( select  ss_store_sk as store_sk,\n            ss_sold_date_sk  as date_sk,\n            ss_ext_sales_price as sales_price,\n            ss_net_profit as profit,\n            cast(0 as decimal(7,2)) as return_amt,\n            cast(0 as decimal(7,2)) as net_loss\n    from store_sales\n    union all\n    select sr_store_sk as store_sk,\n           sr_returned_date_sk as date_sk,\n           cast(0 as decimal(7,2)) as sales_price,\n           cast(0 as decimal(7,2)) as profit,\n           sr_return_amt as return_amt,\n           sr_net_loss as net_loss\n    from store_returns\n   ) salesreturns,\n     date_dim,\n     store\n where date_sk = d_date_sk\n       and d_date between cast('1998-08-12' as date) \n                  and (cast('1998-08-12' as date) +  interval '14 days')\n       and store_sk = s_store_sk\n group by s_store_id)\n ,\n csr as\n (select cp_catalog_page_id,\n        sum(sales_price) as sales,\n        sum(profit) as profit,\n        sum(return_amt) as returns,\n        sum(net_loss) as profit_loss\n from\n  ( select  cs_catalog_page_sk as page_sk,\n            cs_sold_date_sk  as date_sk,\n            cs_ext_sales_price as sales_price,\n            cs_net_profit as profit,\n            cast(0 as decimal(7,2)) as return_amt,\n            cast(0 as decimal(7,2)) as net_loss\n    from catalog_sales\n    union all\n    select cr_catalog_page_sk as page_sk,\n           cr_returned_date_sk as date_sk,\n           cast(0 as decimal(7,2)) as sales_price,\n           cast(0 as decimal(7,2)) as profit,\n           cr_return_amount as return_amt,\n           cr_net_loss as net_loss\n    from catalog_returns\n   ) salesreturns,\n     date_dim,\n     catalog_page\n where date_sk = d_date_sk\n       and d_date between cast('1998-08-12' as date)\n                  and (cast('1998-08-12' as date) +  interval '14 days')\n       and page_sk = cp_catalog_page_sk\n group by cp_catalog_page_id)\n ,\n wsr as\n (select web_site_id,\n        sum(sales_price) as sales,\n        sum(profit) as profit,\n        sum(return_amt) as returns,\n        sum(net_loss) as profit_loss\n from\n  ( select  ws_web_site_sk as wsr_web_site_sk,\n            ws_sold_date_sk  as date_sk,\n            ws_ext_sales_price as sales_price,\n            ws_net_profit as profit,\n            cast(0 as decimal(7,2)) as return_amt,\n            cast(0 as decimal(7,2)) as net_loss\n    from web_sales\n    union all\n    select ws_web_site_sk as wsr_web_site_sk,\n           wr_returned_date_sk as date_sk,\n           cast(0 as decimal(7,2)) as sales_price,\n           cast(0 as decimal(7,2)) as profit,\n           wr_return_amt as return_amt,\n           wr_net_loss as net_loss\n    from web_returns left outer join web_sales on\n         ( wr_item_sk = ws_item_sk\n           and wr_order_number = ws_order_number)\n   ) salesreturns,\n     date_dim,\n     web_site\n where date_sk = d_date_sk\n       and d_date between cast('1998-08-12' as date)\n                  and (cast('1998-08-12' as date) +  interval '14 days')\n       and wsr_web_site_sk = web_site_sk\n group by web_site_id)\n  select  channel\n        , id\n        , sum(sales) as sales\n        , sum(returns) as returns\n        , sum(profit) as profit\n from \n (select 'store channel' as channel\n        , 'store' || s_store_id as id\n        , sales\n        , returns\n        , (profit - profit_loss) as profit\n from   ssr\n union all\n select 'catalog channel' as channel\n        , 'catalog_page' || cp_catalog_page_id as id\n        , sales\n        , returns\n        , (profit - profit_loss) as profit\n from  csr\n union all\n select 'web channel' as channel\n        , 'web_site' || web_site_id as id\n        , sales\n        , returns\n        , (profit - profit_loss) as profit\n from   wsr\n ) x\n group by rollup (channel, id)\n order by channel\n         ,id\n limit 100;\n\n-- end query 3 in stream 0 using template query5.tpl\n",
    "indexes": "store.s_store_sk",
    "wo plan est": {
      "Node Type": "Limit",
      "Parallel Aware": false,
      "Async Capable": false,
      "Startup Cost": 1940046.82,
      "Total Cost": 1940047.07,
      "Plan Rows": 100,
      "Plan Width": 160,
      "Plans": [
        {
          "Node Type": "Sort",
          "Parent Relationship": "Outer",
          "Parallel Aware": false,
          "Async Capable": false,
          "Startup Cost": 1940046.82,
          "Total Cost": 1940048.1,
          "Plan Rows": 512,
          "Plan Width": 160,
          "Sort Key": [
            "('store channel'::text)",
            "(('store'::text || (ssr.s_store_id)::text))"
          ],
          "Plans": [
            {
              "Node Type": "Aggregate",
              "Strategy": "Mixed",
              "Partial Mode": "Simple",
              "Parent Relationship": "Outer",
              "Parallel Aware": false,
              "Async Capable": false,
              "Startup Cost": 815451.97,
              "Total Cost": 1940027.26,
              "Plan Rows": 512,
              "Plan Width": 160,
              "Grouping Sets": [
                {
                  "Hash Keys": [
                    [
                      "('store channel'::text)",
                      "(('store'::text || (ssr.s_store_id)::text))"
                    ]
                  ]
                },
                {
                  "Hash Keys": [
                    [
                      "('store channel'::text)"
                    ]
                  ]
                },
                {
                  "Group Keys": [
                    []
                  ]
                }
              ],
              "Planned Partitions": 0,
              "Plans": [
                {
                  "Node Type": "Append",
                  "Parent Relationship": "Outer",
                  "Parallel Aware": false,
                  "Async Capable": false,
                  "Startup Cost": 815451.97,
                  "Total Cost": 1939925.06,
                  "Plan Rows": 3108,
                  "Plan Width": 160,
                  "Subplans Removed": 0,
                  "Plans": [
                    {
                      "Node Type": "Subquery Scan",
                      "Parent Relationship": "Member",
                      "Parallel Aware": false,
                      "Async Capable": false,
                      "Alias": "ssr",
                      "Startup Cost": 815451.97,
                      "Total Cost": 815488.32,
                      "Plan Rows": 51,
                      "Plan Width": 160,
                      "Plans": [
                        {
                          "Node Type": "Aggregate",
                          "Strategy": "Sorted",
                          "Partial Mode": "Finalize",
                          "Parent Relationship": "Subquery",
                          "Parallel Aware": false,
                          "Async Capable": false,
                          "Startup Cost": 815451.97,
                          "Total Cost": 815487.43,
                          "Plan Rows": 51,
                          "Plan Width": 145,
                          "Group Key": [
                            "store.s_store_id"
                          ],
                          "Plans": [
                            {
                              "Node Type": "Gather Merge",
                              "Parent Relationship": "Outer",
                              "Parallel Aware": false,
                              "Async Capable": false,
                              "Startup Cost": 815451.97,
                              "Total Cost": 815484.12,
                              "Plan Rows": 102,
                              "Plan Width": 145,
                              "Workers Planned": 2,
                              "Plans": [
                                {
                                  "Node Type": "Aggregate",
                                  "Strategy": "Sorted",
                                  "Partial Mode": "Partial",
                                  "Parent Relationship": "Outer",
                                  "Parallel Aware": false,
                                  "Async Capable": false,
                                  "Startup Cost": 814451.95,
                                  "Total Cost": 814472.32,
                                  "Plan Rows": 51,
                                  "Plan Width": 145,
                                  "Group Key": [
                                    "store.s_store_id"
                                  ],
                                  "Plans": [
                                    {
                                      "Node Type": "Sort",
                                      "Parent Relationship": "Outer",
                                      "Parallel Aware": false,
                                      "Async Capable": false,
                                      "Startup Cost": 814451.95,
                                      "Total Cost": 814455.17,
                                      "Plan Rows": 1290,
                                      "Plan Width": 57,
                                      "Sort Key": [
                                        "store.s_store_id"
                                      ],
                                      "Plans": [
                                        {
                                          "Node Type": "Hash Join",
                                          "Parent Relationship": "Outer",
                                          "Parallel Aware": false,
                                          "Async Capable": false,
                                          "Join Type": "Inner",
                                          "Startup Cost": 2056.95,
                                          "Total Cost": 814385.3,
                                          "Plan Rows": 1290,
                                          "Plan Width": 57,
                                          "Inner Unique": false,
                                          "Hash Cond": "(store_sales.ss_store_sk = store.s_store_sk)",
                                          "Plans": [
                                            {
                                              "Node Type": "Hash Join",
                                              "Parent Relationship": "Outer",
                                              "Parallel Aware": true,
                                              "Async Capable": false,
                                              "Join Type": "Inner",
                                              "Startup Cost": 2049.65,
                                              "Total Cost": 814355.62,
                                              "Plan Rows": 2530,
                                              "Plan Width": 44,
                                              "Inner Unique": false,
                                              "Hash Cond": "(store_sales.ss_sold_date_sk = date_dim.d_date_sk)",
                                              "Plans": [
                                                {
                                                  "Node Type": "Append",
                                                  "Parent Relationship": "Outer",
                                                  "Parallel Aware": true,
                                                  "Async Capable": false,
                                                  "Startup Cost": 0.0,
                                                  "Total Cost": 762796.01,
                                                  "Plan Rows": 13198801,
                                                  "Plan Width": 48,
                                                  "Subplans Removed": 0,
                                                  "Plans": [
                                                    {
                                                      "Node Type": "Seq Scan",
                                                      "Parent Relationship": "Member",
                                                      "Parallel Aware": true,
                                                      "Async Capable": false,
                                                      "Relation Name": "store_sales",
                                                      "Alias": "store_sales",
                                                      "Startup Cost": 0.0,
                                                      "Total Cost": 636914.37,
                                                      "Plan Rows": 12000637,
                                                      "Plan Width": 48,
                                                      "parent": 11,
                                                      "ID": 12
                                                    },
                                                    {
                                                      "Node Type": "Seq Scan",
                                                      "Parent Relationship": "Member",
                                                      "Parallel Aware": true,
                                                      "Async Capable": false,
                                                      "Relation Name": "store_returns",
                                                      "Alias": "store_returns",
                                                      "Startup Cost": 0.0,
                                                      "Total Cost": 59887.64,
                                                      "Plan Rows": 1198164,
                                                      "Plan Width": 48,
                                                      "parent": 11,
                                                      "ID": 13
                                                    }
                                                  ],
                                                  "parent": 10,
                                                  "ID": 11,
                                                  "left": 12,
                                                  "right": 13
                                                },
                                                {
                                                  "Node Type": "Hash",
                                                  "Parent Relationship": "Inner",
                                                  "Parallel Aware": true,
                                                  "Async Capable": false,
                                                  "Startup Cost": 2049.55,
                                                  "Total Cost": 2049.55,
                                                  "Plan Rows": 8,
                                                  "Plan Width": 4,
                                                  "Plans": [
                                                    {
                                                      "Node Type": "Seq Scan",
                                                      "Parent Relationship": "Outer",
                                                      "Parallel Aware": true,
                                                      "Async Capable": false,
                                                      "Relation Name": "date_dim",
                                                      "Alias": "date_dim",
                                                      "Startup Cost": 0.0,
                                                      "Total Cost": 2049.55,
                                                      "Plan Rows": 8,
                                                      "Plan Width": 4,
                                                      "Filter": "((d_date >= '1998-08-12'::date) AND (d_date <= '1998-08-26 00:00:00'::timestamp without time zone))",
                                                      "parent": 14,
                                                      "ID": 15
                                                    }
                                                  ],
                                                  "parent": 10,
                                                  "ID": 14,
                                                  "left": 15
                                                }
                                              ],
                                              "parent": 9,
                                              "ID": 10,
                                              "left": 11,
                                              "right": 14
                                            },
                                            {
                                              "Node Type": "Hash",
                                              "Parent Relationship": "Inner",
                                              "Parallel Aware": false,
                                              "Async Capable": false,
                                              "Startup Cost": 6.02,
                                              "Total Cost": 6.02,
                                              "Plan Rows": 102,
                                              "Plan Width": 21,
                                              "Plans": [
                                                {
                                                  "Node Type": "Seq Scan",
                                                  "Parent Relationship": "Outer",
                                                  "Parallel Aware": false,
                                                  "Async Capable": false,
                                                  "Relation Name": "store",
                                                  "Alias": "store",
                                                  "Startup Cost": 0.0,
                                                  "Total Cost": 6.02,
                                                  "Plan Rows": 102,
                                                  "Plan Width": 21,
                                                  "parent": 16,
                                                  "ID": 17
                                                }
                                              ],
                                              "parent": 9,
                                              "ID": 16,
                                              "left": 17
                                            }
                                          ],
                                          "parent": 8,
                                          "ID": 9,
                                          "left": 10,
                                          "right": 16
                                        }
                                      ],
                                      "parent": 7,
                                      "ID": 8,
                                      "left": 9
                                    }
                                  ],
                                  "parent": 6,
                                  "ID": 7,
                                  "left": 8
                                }
                              ],
                              "parent": 5,
                              "ID": 6,
                              "left": 7
                            }
                          ],
                          "parent": 4,
                          "ID": 5,
                          "left": 6
                        }
                      ],
                      "parent": 3,
                      "ID": 4,
                      "left": 5
                    },
                    {
                      "Node Type": "Subquery Scan",
                      "Parent Relationship": "Member",
                      "Parallel Aware": false,
                      "Async Capable": false,
                      "Alias": "csr",
                      "Startup Cost": 529848.36,
                      "Total Cost": 530353.75,
                      "Plan Rows": 3036,
                      "Plan Width": 160,
                      "Plans": [
                        {
                          "Node Type": "Aggregate",
                          "Strategy": "Sorted",
                          "Partial Mode": "Simple",
                          "Parent Relationship": "Subquery",
                          "Parallel Aware": false,
                          "Async Capable": false,
                          "Startup Cost": 529848.36,
                          "Total Cost": 530300.62,
                          "Plan Rows": 3036,
                          "Plan Width": 145,
                          "Group Key": [
                            "catalog_page.cp_catalog_page_id"
                          ],
                          "Plans": [
                            {
                              "Node Type": "Gather Merge",
                              "Parent Relationship": "Outer",
                              "Parallel Aware": false,
                              "Async Capable": false,
                              "Startup Cost": 529848.36,
                              "Total Cost": 530201.95,
                              "Plan Rows": 3036,
                              "Plan Width": 57,
                              "Workers Planned": 2,
                              "Plans": [
                                {
                                  "Node Type": "Sort",
                                  "Parent Relationship": "Outer",
                                  "Parallel Aware": false,
                                  "Async Capable": false,
                                  "Startup Cost": 528848.34,
                                  "Total Cost": 528851.5,
                                  "Plan Rows": 1265,
                                  "Plan Width": 57,
                                  "Sort Key": [
                                    "catalog_page.cp_catalog_page_id"
                                  ],
                                  "Plans": [
                                    {
                                      "Node Type": "Hash Join",
                                      "Parent Relationship": "Outer",
                                      "Parallel Aware": false,
                                      "Async Capable": false,
                                      "Join Type": "Inner",
                                      "Startup Cost": 2567.65,
                                      "Total Cost": 528783.16,
                                      "Plan Rows": 1265,
                                      "Plan Width": 57,
                                      "Inner Unique": false,
                                      "Hash Cond": "(catalog_sales.cs_catalog_page_sk = catalog_page.cp_catalog_page_sk)",
                                      "Plans": [
                                        {
                                          "Node Type": "Hash Join",
                                          "Parent Relationship": "Outer",
                                          "Parallel Aware": true,
                                          "Async Capable": false,
                                          "Join Type": "Inner",
                                          "Startup Cost": 2049.65,
                                          "Total Cost": 528247.76,
                                          "Plan Rows": 1265,
                                          "Plan Width": 44,
                                          "Inner Unique": false,
                                          "Hash Cond": "(catalog_sales.cs_sold_date_sk = date_dim_1.d_date_sk)",
                                          "Plans": [
                                            {
                                              "Node Type": "Append",
                                              "Parent Relationship": "Outer",
                                              "Parallel Aware": true,
                                              "Async Capable": false,
                                              "Startup Cost": 0.0,
                                              "Total Cost": 501439.31,
                                              "Plan Rows": 6600420,
                                              "Plan Width": 48,
                                              "Subplans Removed": 0,
                                              "Plans": [
                                                {
                                                  "Node Type": "Seq Scan",
                                                  "Parent Relationship": "Member",
                                                  "Parallel Aware": true,
                                                  "Async Capable": false,
                                                  "Relation Name": "catalog_sales",
                                                  "Alias": "catalog_sales",
                                                  "Startup Cost": 0.0,
                                                  "Total Cost": 433688.25,
                                                  "Plan Rows": 6000525,
                                                  "Plan Width": 48,
                                                  "parent": 24,
                                                  "ID": 25
                                                },
                                                {
                                                  "Node Type": "Seq Scan",
                                                  "Parent Relationship": "Member",
                                                  "Parallel Aware": true,
                                                  "Async Capable": false,
                                                  "Relation Name": "catalog_returns",
                                                  "Alias": "catalog_returns",
                                                  "Startup Cost": 0.0,
                                                  "Total Cost": 34748.95,
                                                  "Plan Rows": 599895,
                                                  "Plan Width": 48,
                                                  "parent": 24,
                                                  "ID": 26
                                                }
                                              ],
                                              "parent": 23,
                                              "ID": 24,
                                              "left": 25,
                                              "right": 26
                                            },
                                            {
                                              "Node Type": "Hash",
                                              "Parent Relationship": "Inner",
                                              "Parallel Aware": true,
                                              "Async Capable": false,
                                              "Startup Cost": 2049.55,
                                              "Total Cost": 2049.55,
                                              "Plan Rows": 8,
                                              "Plan Width": 4,
                                              "Plans": [
                                                {
                                                  "Node Type": "Seq Scan",
                                                  "Parent Relationship": "Outer",
                                                  "Parallel Aware": true,
                                                  "Async Capable": false,
                                                  "Relation Name": "date_dim",
                                                  "Alias": "date_dim_1",
                                                  "Startup Cost": 0.0,
                                                  "Total Cost": 2049.55,
                                                  "Plan Rows": 8,
                                                  "Plan Width": 4,
                                                  "Filter": "((d_date >= '1998-08-12'::date) AND (d_date <= '1998-08-26 00:00:00'::timestamp without time zone))",
                                                  "parent": 27,
                                                  "ID": 28
                                                }
                                              ],
                                              "parent": 23,
                                              "ID": 27,
                                              "left": 28
                                            }
                                          ],
                                          "parent": 22,
                                          "ID": 23,
                                          "left": 24,
                                          "right": 27
                                        },
                                        {
                                          "Node Type": "Hash",
                                          "Parent Relationship": "Inner",
                                          "Parallel Aware": false,
                                          "Async Capable": false,
                                          "Startup Cost": 368.0,
                                          "Total Cost": 368.0,
                                          "Plan Rows": 12000,
                                          "Plan Width": 21,
                                          "Plans": [
                                            {
                                              "Node Type": "Seq Scan",
                                              "Parent Relationship": "Outer",
                                              "Parallel Aware": false,
                                              "Async Capable": false,
                                              "Relation Name": "catalog_page",
                                              "Alias": "catalog_page",
                                              "Startup Cost": 0.0,
                                              "Total Cost": 368.0,
                                              "Plan Rows": 12000,
                                              "Plan Width": 21,
                                              "parent": 29,
                                              "ID": 30
                                            }
                                          ],
                                          "parent": 22,
                                          "ID": 29,
                                          "left": 30
                                        }
                                      ],
                                      "parent": 21,
                                      "ID": 22,
                                      "left": 23,
                                      "right": 29
                                    }
                                  ],
                                  "parent": 20,
                                  "ID": 21,
                                  "left": 22
                                }
                              ],
                              "parent": 19,
                              "ID": 20,
                              "left": 21
                            }
                          ],
                          "parent": 18,
                          "ID": 19,
                          "left": 20
                        }
                      ],
                      "parent": 3,
                      "ID": 18,
                      "left": 19
                    },
                    {
                      "Node Type": "Subquery Scan",
                      "Parent Relationship": "Member",
                      "Parallel Aware": false,
                      "Async Capable": false,
                      "Alias": "wsr",
                      "Startup Cost": 594058.45,
                      "Total Cost": 594067.44,
                      "Plan Rows": 21,
                      "Plan Width": 160,
                      "Plans": [
                        {
                          "Node Type": "Aggregate",
                          "Strategy": "Sorted",
                          "Partial Mode": "Finalize",
                          "Parent Relationship": "Subquery",
                          "Parallel Aware": false,
                          "Async Capable": false,
                          "Startup Cost": 594058.45,
                          "Total Cost": 594067.07,
                          "Plan Rows": 21,
                          "Plan Width": 145,
                          "Group Key": [
                            "web_site.web_site_id"
                          ],
                          "Plans": [
                            {
                              "Node Type": "Gather Merge",
                              "Parent Relationship": "Outer",
                              "Parallel Aware": false,
                              "Async Capable": false,
                              "Startup Cost": 594058.45,
                              "Total Cost": 594065.71,
                              "Plan Rows": 42,
                              "Plan Width": 145,
                              "Workers Planned": 2,
                              "Plans": [
                                {
                                  "Node Type": "Aggregate",
                                  "Strategy": "Sorted",
                                  "Partial Mode": "Partial",
                                  "Parent Relationship": "Outer",
                                  "Parallel Aware": false,
                                  "Async Capable": false,
                                  "Startup Cost": 593058.42,
                                  "Total Cost": 593060.84,
                                  "Plan Rows": 21,
                                  "Plan Width": 145,
                                  "Group Key": [
                                    "web_site.web_site_id"
                                  ],
                                  "Plans": [
                                    {
                                      "Node Type": "Sort",
                                      "Parent Relationship": "Outer",
                                      "Parallel Aware": false,
                                      "Async Capable": false,
                                      "Startup Cost": 593058.42,
                                      "Total Cost": 593058.75,
                                      "Plan Rows": 133,
                                      "Plan Width": 57,
                                      "Sort Key": [
                                        "web_site.web_site_id"
                                      ],
                                      "Plans": [
                                        {
                                          "Node Type": "Hash Join",
                                          "Parent Relationship": "Outer",
                                          "Parallel Aware": false,
                                          "Async Capable": false,
                                          "Join Type": "Inner",
                                          "Startup Cost": 2053.6,
                                          "Total Cost": 593053.73,
                                          "Plan Rows": 133,
                                          "Plan Width": 57,
                                          "Inner Unique": false,
                                          "Hash Cond": "(\"*SELECT* 2\".wsr_web_site_sk = web_site.web_site_sk)",
                                          "Plans": [
                                            {
                                              "Node Type": "Hash Join",
                                              "Parent Relationship": "Outer",
                                              "Parallel Aware": true,
                                              "Async Capable": false,
                                              "Join Type": "Inner",
                                              "Startup Cost": 2049.65,
                                              "Total Cost": 593046.09,
                                              "Plan Rows": 632,
                                              "Plan Width": 44,
                                              "Inner Unique": false,
                                              "Hash Cond": "(\"*SELECT* 2\".date_sk = date_dim_2.d_date_sk)",
                                              "Plans": [
                                                {
                                                  "Node Type": "Append",
                                                  "Parent Relationship": "Outer",
                                                  "Parallel Aware": true,
                                                  "Async Capable": false,
                                                  "Startup Cost": 0.0,
                                                  "Total Cost": 577049.1,
                                                  "Plan Rows": 3718203,
                                                  "Plan Width": 48,
                                                  "Subplans Removed": 0,
                                                  "Plans": [
                                                    {
                                                      "Node Type": "Subquery Scan",
                                                      "Parent Relationship": "Member",
                                                      "Parallel Aware": false,
                                                      "Async Capable": false,
                                                      "Alias": "*SELECT* 2",
                                                      "Startup Cost": 277366.65,
                                                      "Total Cost": 340720.23,
                                                      "Plan Rows": 719217,
                                                      "Plan Width": 48,
                                                      "Plans": [
                                                        {
                                                          "Node Type": "Hash Join",
                                                          "Parent Relationship": "Subquery",
                                                          "Parallel Aware": true,
                                                          "Async Capable": false,
                                                          "Join Type": "Left",
                                                          "Startup Cost": 277366.65,
                                                          "Total Cost": 333528.06,
                                                          "Plan Rows": 299674,
                                                          "Plan Width": 48,
                                                          "Inner Unique": false,
                                                          "Hash Cond": "((web_returns.wr_item_sk = web_sales_1.ws_item_sk) AND (web_returns.wr_order_number = web_sales_1.ws_order_number))",
                                                          "Plans": [
                                                            {
                                                              "Node Type": "Seq Scan",
                                                              "Parent Relationship": "Outer",
                                                              "Parallel Aware": true,
                                                              "Async Capable": false,
                                                              "Relation Name": "web_returns",
                                                              "Alias": "web_returns",
                                                              "Startup Cost": 0.0,
                                                              "Total Cost": 16278.74,
                                                              "Plan Rows": 299674,
                                                              "Plan Width": 24,
                                                              "parent": 40,
                                                              "ID": 41
                                                            },
                                                            {
                                                              "Node Type": "Hash",
                                                              "Parent Relationship": "Inner",
                                                              "Parallel Aware": true,
                                                              "Async Capable": false,
                                                              "Startup Cost": 217737.86,
                                                              "Total Cost": 217737.86,
                                                              "Plan Rows": 2998986,
                                                              "Plan Width": 12,
                                                              "Plans": [
                                                                {
                                                                  "Node Type": "Seq Scan",
                                                                  "Parent Relationship": "Outer",
                                                                  "Parallel Aware": true,
                                                                  "Async Capable": false,
                                                                  "Relation Name": "web_sales",
                                                                  "Alias": "web_sales_1",
                                                                  "Startup Cost": 0.0,
                                                                  "Total Cost": 217737.86,
                                                                  "Plan Rows": 2998986,
                                                                  "Plan Width": 12,
                                                                  "parent": 42,
                                                                  "ID": 43
                                                                }
                                                              ],
                                                              "parent": 40,
                                                              "ID": 42,
                                                              "left": 43
                                                            }
                                                          ],
                                                          "parent": 39,
                                                          "ID": 40,
                                                          "left": 41,
                                                          "right": 42
                                                        }
                                                      ],
                                                      "parent": 38,
                                                      "ID": 39,
                                                      "left": 40
                                                    },
                                                    {
                                                      "Node Type": "Seq Scan",
                                                      "Parent Relationship": "Member",
                                                      "Parallel Aware": true,
                                                      "Async Capable": false,
                                                      "Relation Name": "web_sales",
                                                      "Alias": "web_sales",
                                                      "Startup Cost": 0.0,
                                                      "Total Cost": 217737.86,
                                                      "Plan Rows": 2998986,
                                                      "Plan Width": 48,
                                                      "parent": 38,
                                                      "ID": 44
                                                    }
                                                  ],
                                                  "parent": 37,
                                                  "ID": 38,
                                                  "left": 39,
                                                  "right": 44
                                                },
                                                {
                                                  "Node Type": "Hash",
                                                  "Parent Relationship": "Inner",
                                                  "Parallel Aware": true,
                                                  "Async Capable": false,
                                                  "Startup Cost": 2049.55,
                                                  "Total Cost": 2049.55,
                                                  "Plan Rows": 8,
                                                  "Plan Width": 4,
                                                  "Plans": [
                                                    {
                                                      "Node Type": "Seq Scan",
                                                      "Parent Relationship": "Outer",
                                                      "Parallel Aware": true,
                                                      "Async Capable": false,
                                                      "Relation Name": "date_dim",
                                                      "Alias": "date_dim_2",
                                                      "Startup Cost": 0.0,
                                                      "Total Cost": 2049.55,
                                                      "Plan Rows": 8,
                                                      "Plan Width": 4,
                                                      "Filter": "((d_date >= '1998-08-12'::date) AND (d_date <= '1998-08-26 00:00:00'::timestamp without time zone))",
                                                      "parent": 45,
                                                      "ID": 46
                                                    }
                                                  ],
                                                  "parent": 37,
                                                  "ID": 45,
                                                  "left": 46
                                                }
                                              ],
                                              "parent": 36,
                                              "ID": 37,
                                              "left": 38,
                                              "right": 45
                                            },
                                            {
                                              "Node Type": "Hash",
                                              "Parent Relationship": "Inner",
                                              "Parallel Aware": false,
                                              "Async Capable": false,
                                              "Startup Cost": 3.42,
                                              "Total Cost": 3.42,
                                              "Plan Rows": 42,
                                              "Plan Width": 21,
                                              "Plans": [
                                                {
                                                  "Node Type": "Seq Scan",
                                                  "Parent Relationship": "Outer",
                                                  "Parallel Aware": false,
                                                  "Async Capable": false,
                                                  "Relation Name": "web_site",
                                                  "Alias": "web_site",
                                                  "Startup Cost": 0.0,
                                                  "Total Cost": 3.42,
                                                  "Plan Rows": 42,
                                                  "Plan Width": 21,
                                                  "parent": 47,
                                                  "ID": 48
                                                }
                                              ],
                                              "parent": 36,
                                              "ID": 47,
                                              "left": 48
                                            }
                                          ],
                                          "parent": 35,
                                          "ID": 36,
                                          "left": 37,
                                          "right": 47
                                        }
                                      ],
                                      "parent": 34,
                                      "ID": 35,
                                      "left": 36
                                    }
                                  ],
                                  "parent": 33,
                                  "ID": 34,
                                  "left": 35
                                }
                              ],
                              "parent": 32,
                              "ID": 33,
                              "left": 34
                            }
                          ],
                          "parent": 31,
                          "ID": 32,
                          "left": 33
                        }
                      ],
                      "parent": 3,
                      "ID": 31,
                      "left": 32
                    }
                  ],
                  "parent": 2,
                  "ID": 3,
                  "left": 4,
                  "right": 18
                }
              ],
              "parent": 1,
              "ID": 2,
              "left": 3
            }
          ],
          "parent": 0,
          "ID": 1,
          "left": 2
        }
      ],
      "parent": null,
      "ID": 0,
      "left": 1
    },
    "feat": {
      "utility": 1.6382064357636127e-06,
      "query_shape": [
        [
          "Seq Scan",
          "Append",
          "Hash Join",
          "Sort",
          "Aggregate",
          "Gather Merge",
          "Subquery Scan"
        ],
        [
          "Seq Scan",
          "Append",
          "Hash Join",
          "Sort",
          "Aggregate",
          "Gather Merge",
          "Subquery Scan"
        ],
        [
          "Seq Scan",
          "Hash",
          "Hash Join",
          "Sort",
          "Aggregate",
          "Gather Merge",
          "Subquery Scan",
          "Append"
        ],
        [
          "Seq Scan",
          "Hash",
          "Hash Join",
          "Sort",
          "Aggregate",
          "Gather Merge",
          "Subquery Scan",
          "Append"
        ],
        [
          "Seq Scan",
          "Append",
          "Hash Join",
          "Sort",
          "Gather Merge",
          "Aggregate",
          "Subquery Scan"
        ],
        [
          "Seq Scan",
          "Append",
          "Hash Join",
          "Sort",
          "Gather Merge",
          "Aggregate",
          "Subquery Scan"
        ],
        [
          "Seq Scan",
          "Hash",
          "Hash Join",
          "Sort",
          "Gather Merge",
          "Aggregate",
          "Subquery Scan",
          "Append"
        ],
        [
          "Seq Scan",
          "Hash",
          "Hash Join",
          "Sort",
          "Gather Merge",
          "Aggregate",
          "Subquery Scan",
          "Append"
        ],
        [
          "Seq Scan",
          "Hash Join",
          "Subquery Scan",
          "Append",
          "Sort",
          "Aggregate",
          "Gather Merge"
        ],
        [
          "Seq Scan",
          "Hash",
          "Hash Join",
          "Subquery Scan",
          "Append",
          "Sort",
          "Aggregate",
          "Gather Merge"
        ],
        [
          "Seq Scan",
          "Append",
          "Hash Join",
          "Sort",
          "Aggregate",
          "Gather Merge",
          "Subquery Scan"
        ],
        [
          "Seq Scan",
          "Hash",
          "Hash Join",
          "Sort",
          "Aggregate",
          "Gather Merge",
          "Subquery Scan",
          "Append"
        ],
        [
          "Seq Scan",
          "Hash",
          "Hash Join",
          "Sort",
          "Aggregate",
          "Gather Merge",
          "Subquery Scan",
          "Append"
        ]
      ],
      "index_shape": [
        "join"
      ],
      "physical_operator": {
        "Hash Join": [
          0.07070245738060237
        ]
      }
    }
  },
  {
    "query": "with ssr as\n (select s_store_id,\n        sum(sales_price) as sales,\n        sum(profit) as profit,\n        sum(return_amt) as returns,\n        sum(net_loss) as profit_loss\n from\n  ( select  ss_store_sk as store_sk,\n            ss_sold_date_sk  as date_sk,\n            ss_ext_sales_price as sales_price,\n            ss_net_profit as profit,\n            cast(0 as decimal(7,2)) as return_amt,\n            cast(0 as decimal(7,2)) as net_loss\n    from store_sales\n    union all\n    select sr_store_sk as store_sk,\n           sr_returned_date_sk as date_sk,\n           cast(0 as decimal(7,2)) as sales_price,\n           cast(0 as decimal(7,2)) as profit,\n           sr_return_amt as return_amt,\n           sr_net_loss as net_loss\n    from store_returns\n   ) salesreturns,\n     date_dim,\n     store\n where date_sk = d_date_sk\n       and d_date between cast('1998-08-12' as date) \n                  and (cast('1998-08-12' as date) +  interval '14 days')\n       and store_sk = s_store_sk\n group by s_store_id)\n ,\n csr as\n (select cp_catalog_page_id,\n        sum(sales_price) as sales,\n        sum(profit) as profit,\n        sum(return_amt) as returns,\n        sum(net_loss) as profit_loss\n from\n  ( select  cs_catalog_page_sk as page_sk,\n            cs_sold_date_sk  as date_sk,\n            cs_ext_sales_price as sales_price,\n            cs_net_profit as profit,\n            cast(0 as decimal(7,2)) as return_amt,\n            cast(0 as decimal(7,2)) as net_loss\n    from catalog_sales\n    union all\n    select cr_catalog_page_sk as page_sk,\n           cr_returned_date_sk as date_sk,\n           cast(0 as decimal(7,2)) as sales_price,\n           cast(0 as decimal(7,2)) as profit,\n           cr_return_amount as return_amt,\n           cr_net_loss as net_loss\n    from catalog_returns\n   ) salesreturns,\n     date_dim,\n     catalog_page\n where date_sk = d_date_sk\n       and d_date between cast('1998-08-12' as date)\n                  and (cast('1998-08-12' as date) +  interval '14 days')\n       and page_sk = cp_catalog_page_sk\n group by cp_catalog_page_id)\n ,\n wsr as\n (select web_site_id,\n        sum(sales_price) as sales,\n        sum(profit) as profit,\n        sum(return_amt) as returns,\n        sum(net_loss) as profit_loss\n from\n  ( select  ws_web_site_sk as wsr_web_site_sk,\n            ws_sold_date_sk  as date_sk,\n            ws_ext_sales_price as sales_price,\n            ws_net_profit as profit,\n            cast(0 as decimal(7,2)) as return_amt,\n            cast(0 as decimal(7,2)) as net_loss\n    from web_sales\n    union all\n    select ws_web_site_sk as wsr_web_site_sk,\n           wr_returned_date_sk as date_sk,\n           cast(0 as decimal(7,2)) as sales_price,\n           cast(0 as decimal(7,2)) as profit,\n           wr_return_amt as return_amt,\n           wr_net_loss as net_loss\n    from web_returns left outer join web_sales on\n         ( wr_item_sk = ws_item_sk\n           and wr_order_number = ws_order_number)\n   ) salesreturns,\n     date_dim,\n     web_site\n where date_sk = d_date_sk\n       and d_date between cast('1998-08-12' as date)\n                  and (cast('1998-08-12' as date) +  interval '14 days')\n       and wsr_web_site_sk = web_site_sk\n group by web_site_id)\n  select  channel\n        , id\n        , sum(sales) as sales\n        , sum(returns) as returns\n        , sum(profit) as profit\n from \n (select 'store channel' as channel\n        , 'store' || s_store_id as id\n        , sales\n        , returns\n        , (profit - profit_loss) as profit\n from   ssr\n union all\n select 'catalog channel' as channel\n        , 'catalog_page' || cp_catalog_page_id as id\n        , sales\n        , returns\n        , (profit - profit_loss) as profit\n from  csr\n union all\n select 'web channel' as channel\n        , 'web_site' || web_site_id as id\n        , sales\n        , returns\n        , (profit - profit_loss) as profit\n from   wsr\n ) x\n group by rollup (channel, id)\n order by channel\n         ,id\n limit 100;\n\n-- end query 3 in stream 0 using template query5.tpl\n",
    "indexes": "store.s_store_id",
    "wo plan est": {
      "Node Type": "Limit",
      "Parallel Aware": false,
      "Async Capable": false,
      "Startup Cost": 1940046.82,
      "Total Cost": 1940047.07,
      "Plan Rows": 100,
      "Plan Width": 160,
      "Plans": [
        {
          "Node Type": "Sort",
          "Parent Relationship": "Outer",
          "Parallel Aware": false,
          "Async Capable": false,
          "Startup Cost": 1940046.82,
          "Total Cost": 1940048.1,
          "Plan Rows": 512,
          "Plan Width": 160,
          "Sort Key": [
            "('store channel'::text)",
            "(('store'::text || (ssr.s_store_id)::text))"
          ],
          "Plans": [
            {
              "Node Type": "Aggregate",
              "Strategy": "Mixed",
              "Partial Mode": "Simple",
              "Parent Relationship": "Outer",
              "Parallel Aware": false,
              "Async Capable": false,
              "Startup Cost": 815451.97,
              "Total Cost": 1940027.26,
              "Plan Rows": 512,
              "Plan Width": 160,
              "Grouping Sets": [
                {
                  "Hash Keys": [
                    [
                      "('store channel'::text)",
                      "(('store'::text || (ssr.s_store_id)::text))"
                    ]
                  ]
                },
                {
                  "Hash Keys": [
                    [
                      "('store channel'::text)"
                    ]
                  ]
                },
                {
                  "Group Keys": [
                    []
                  ]
                }
              ],
              "Planned Partitions": 0,
              "Plans": [
                {
                  "Node Type": "Append",
                  "Parent Relationship": "Outer",
                  "Parallel Aware": false,
                  "Async Capable": false,
                  "Startup Cost": 815451.97,
                  "Total Cost": 1939925.06,
                  "Plan Rows": 3108,
                  "Plan Width": 160,
                  "Subplans Removed": 0,
                  "Plans": [
                    {
                      "Node Type": "Subquery Scan",
                      "Parent Relationship": "Member",
                      "Parallel Aware": false,
                      "Async Capable": false,
                      "Alias": "ssr",
                      "Startup Cost": 815451.97,
                      "Total Cost": 815488.32,
                      "Plan Rows": 51,
                      "Plan Width": 160,
                      "Plans": [
                        {
                          "Node Type": "Aggregate",
                          "Strategy": "Sorted",
                          "Partial Mode": "Finalize",
                          "Parent Relationship": "Subquery",
                          "Parallel Aware": false,
                          "Async Capable": false,
                          "Startup Cost": 815451.97,
                          "Total Cost": 815487.43,
                          "Plan Rows": 51,
                          "Plan Width": 145,
                          "Group Key": [
                            "store.s_store_id"
                          ],
                          "Plans": [
                            {
                              "Node Type": "Gather Merge",
                              "Parent Relationship": "Outer",
                              "Parallel Aware": false,
                              "Async Capable": false,
                              "Startup Cost": 815451.97,
                              "Total Cost": 815484.12,
                              "Plan Rows": 102,
                              "Plan Width": 145,
                              "Workers Planned": 2,
                              "Plans": [
                                {
                                  "Node Type": "Aggregate",
                                  "Strategy": "Sorted",
                                  "Partial Mode": "Partial",
                                  "Parent Relationship": "Outer",
                                  "Parallel Aware": false,
                                  "Async Capable": false,
                                  "Startup Cost": 814451.95,
                                  "Total Cost": 814472.32,
                                  "Plan Rows": 51,
                                  "Plan Width": 145,
                                  "Group Key": [
                                    "store.s_store_id"
                                  ],
                                  "Plans": [
                                    {
                                      "Node Type": "Sort",
                                      "Parent Relationship": "Outer",
                                      "Parallel Aware": false,
                                      "Async Capable": false,
                                      "Startup Cost": 814451.95,
                                      "Total Cost": 814455.17,
                                      "Plan Rows": 1290,
                                      "Plan Width": 57,
                                      "Sort Key": [
                                        "store.s_store_id"
                                      ],
                                      "Plans": [
                                        {
                                          "Node Type": "Hash Join",
                                          "Parent Relationship": "Outer",
                                          "Parallel Aware": false,
                                          "Async Capable": false,
                                          "Join Type": "Inner",
                                          "Startup Cost": 2056.95,
                                          "Total Cost": 814385.3,
                                          "Plan Rows": 1290,
                                          "Plan Width": 57,
                                          "Inner Unique": false,
                                          "Hash Cond": "(store_sales.ss_store_sk = store.s_store_sk)",
                                          "Plans": [
                                            {
                                              "Node Type": "Hash Join",
                                              "Parent Relationship": "Outer",
                                              "Parallel Aware": true,
                                              "Async Capable": false,
                                              "Join Type": "Inner",
                                              "Startup Cost": 2049.65,
                                              "Total Cost": 814355.62,
                                              "Plan Rows": 2530,
                                              "Plan Width": 44,
                                              "Inner Unique": false,
                                              "Hash Cond": "(store_sales.ss_sold_date_sk = date_dim.d_date_sk)",
                                              "Plans": [
                                                {
                                                  "Node Type": "Append",
                                                  "Parent Relationship": "Outer",
                                                  "Parallel Aware": true,
                                                  "Async Capable": false,
                                                  "Startup Cost": 0.0,
                                                  "Total Cost": 762796.01,
                                                  "Plan Rows": 13198801,
                                                  "Plan Width": 48,
                                                  "Subplans Removed": 0,
                                                  "Plans": [
                                                    {
                                                      "Node Type": "Seq Scan",
                                                      "Parent Relationship": "Member",
                                                      "Parallel Aware": true,
                                                      "Async Capable": false,
                                                      "Relation Name": "store_sales",
                                                      "Alias": "store_sales",
                                                      "Startup Cost": 0.0,
                                                      "Total Cost": 636914.37,
                                                      "Plan Rows": 12000637,
                                                      "Plan Width": 48,
                                                      "parent": 11,
                                                      "ID": 12
                                                    },
                                                    {
                                                      "Node Type": "Seq Scan",
                                                      "Parent Relationship": "Member",
                                                      "Parallel Aware": true,
                                                      "Async Capable": false,
                                                      "Relation Name": "store_returns",
                                                      "Alias": "store_returns",
                                                      "Startup Cost": 0.0,
                                                      "Total Cost": 59887.64,
                                                      "Plan Rows": 1198164,
                                                      "Plan Width": 48,
                                                      "parent": 11,
                                                      "ID": 13
                                                    }
                                                  ],
                                                  "parent": 10,
                                                  "ID": 11,
                                                  "left": 12,
                                                  "right": 13
                                                },
                                                {
                                                  "Node Type": "Hash",
                                                  "Parent Relationship": "Inner",
                                                  "Parallel Aware": true,
                                                  "Async Capable": false,
                                                  "Startup Cost": 2049.55,
                                                  "Total Cost": 2049.55,
                                                  "Plan Rows": 8,
                                                  "Plan Width": 4,
                                                  "Plans": [
                                                    {
                                                      "Node Type": "Seq Scan",
                                                      "Parent Relationship": "Outer",
                                                      "Parallel Aware": true,
                                                      "Async Capable": false,
                                                      "Relation Name": "date_dim",
                                                      "Alias": "date_dim",
                                                      "Startup Cost": 0.0,
                                                      "Total Cost": 2049.55,
                                                      "Plan Rows": 8,
                                                      "Plan Width": 4,
                                                      "Filter": "((d_date >= '1998-08-12'::date) AND (d_date <= '1998-08-26 00:00:00'::timestamp without time zone))",
                                                      "parent": 14,
                                                      "ID": 15
                                                    }
                                                  ],
                                                  "parent": 10,
                                                  "ID": 14,
                                                  "left": 15
                                                }
                                              ],
                                              "parent": 9,
                                              "ID": 10,
                                              "left": 11,
                                              "right": 14
                                            },
                                            {
                                              "Node Type": "Hash",
                                              "Parent Relationship": "Inner",
                                              "Parallel Aware": false,
                                              "Async Capable": false,
                                              "Startup Cost": 6.02,
                                              "Total Cost": 6.02,
                                              "Plan Rows": 102,
                                              "Plan Width": 21,
                                              "Plans": [
                                                {
                                                  "Node Type": "Seq Scan",
                                                  "Parent Relationship": "Outer",
                                                  "Parallel Aware": false,
                                                  "Async Capable": false,
                                                  "Relation Name": "store",
                                                  "Alias": "store",
                                                  "Startup Cost": 0.0,
                                                  "Total Cost": 6.02,
                                                  "Plan Rows": 102,
                                                  "Plan Width": 21,
                                                  "parent": 16,
                                                  "ID": 17
                                                }
                                              ],
                                              "parent": 9,
                                              "ID": 16,
                                              "left": 17
                                            }
                                          ],
                                          "parent": 8,
                                          "ID": 9,
                                          "left": 10,
                                          "right": 16
                                        }
                                      ],
                                      "parent": 7,
                                      "ID": 8,
                                      "left": 9
                                    }
                                  ],
                                  "parent": 6,
                                  "ID": 7,
                                  "left": 8
                                }
                              ],
                              "parent": 5,
                              "ID": 6,
                              "left": 7
                            }
                          ],
                          "parent": 4,
                          "ID": 5,
                          "left": 6
                        }
                      ],
                      "parent": 3,
                      "ID": 4,
                      "left": 5
                    },
                    {
                      "Node Type": "Subquery Scan",
                      "Parent Relationship": "Member",
                      "Parallel Aware": false,
                      "Async Capable": false,
                      "Alias": "csr",
                      "Startup Cost": 529848.36,
                      "Total Cost": 530353.75,
                      "Plan Rows": 3036,
                      "Plan Width": 160,
                      "Plans": [
                        {
                          "Node Type": "Aggregate",
                          "Strategy": "Sorted",
                          "Partial Mode": "Simple",
                          "Parent Relationship": "Subquery",
                          "Parallel Aware": false,
                          "Async Capable": false,
                          "Startup Cost": 529848.36,
                          "Total Cost": 530300.62,
                          "Plan Rows": 3036,
                          "Plan Width": 145,
                          "Group Key": [
                            "catalog_page.cp_catalog_page_id"
                          ],
                          "Plans": [
                            {
                              "Node Type": "Gather Merge",
                              "Parent Relationship": "Outer",
                              "Parallel Aware": false,
                              "Async Capable": false,
                              "Startup Cost": 529848.36,
                              "Total Cost": 530201.95,
                              "Plan Rows": 3036,
                              "Plan Width": 57,
                              "Workers Planned": 2,
                              "Plans": [
                                {
                                  "Node Type": "Sort",
                                  "Parent Relationship": "Outer",
                                  "Parallel Aware": false,
                                  "Async Capable": false,
                                  "Startup Cost": 528848.34,
                                  "Total Cost": 528851.5,
                                  "Plan Rows": 1265,
                                  "Plan Width": 57,
                                  "Sort Key": [
                                    "catalog_page.cp_catalog_page_id"
                                  ],
                                  "Plans": [
                                    {
                                      "Node Type": "Hash Join",
                                      "Parent Relationship": "Outer",
                                      "Parallel Aware": false,
                                      "Async Capable": false,
                                      "Join Type": "Inner",
                                      "Startup Cost": 2567.65,
                                      "Total Cost": 528783.16,
                                      "Plan Rows": 1265,
                                      "Plan Width": 57,
                                      "Inner Unique": false,
                                      "Hash Cond": "(catalog_sales.cs_catalog_page_sk = catalog_page.cp_catalog_page_sk)",
                                      "Plans": [
                                        {
                                          "Node Type": "Hash Join",
                                          "Parent Relationship": "Outer",
                                          "Parallel Aware": true,
                                          "Async Capable": false,
                                          "Join Type": "Inner",
                                          "Startup Cost": 2049.65,
                                          "Total Cost": 528247.76,
                                          "Plan Rows": 1265,
                                          "Plan Width": 44,
                                          "Inner Unique": false,
                                          "Hash Cond": "(catalog_sales.cs_sold_date_sk = date_dim_1.d_date_sk)",
                                          "Plans": [
                                            {
                                              "Node Type": "Append",
                                              "Parent Relationship": "Outer",
                                              "Parallel Aware": true,
                                              "Async Capable": false,
                                              "Startup Cost": 0.0,
                                              "Total Cost": 501439.31,
                                              "Plan Rows": 6600420,
                                              "Plan Width": 48,
                                              "Subplans Removed": 0,
                                              "Plans": [
                                                {
                                                  "Node Type": "Seq Scan",
                                                  "Parent Relationship": "Member",
                                                  "Parallel Aware": true,
                                                  "Async Capable": false,
                                                  "Relation Name": "catalog_sales",
                                                  "Alias": "catalog_sales",
                                                  "Startup Cost": 0.0,
                                                  "Total Cost": 433688.25,
                                                  "Plan Rows": 6000525,
                                                  "Plan Width": 48,
                                                  "parent": 24,
                                                  "ID": 25
                                                },
                                                {
                                                  "Node Type": "Seq Scan",
                                                  "Parent Relationship": "Member",
                                                  "Parallel Aware": true,
                                                  "Async Capable": false,
                                                  "Relation Name": "catalog_returns",
                                                  "Alias": "catalog_returns",
                                                  "Startup Cost": 0.0,
                                                  "Total Cost": 34748.95,
                                                  "Plan Rows": 599895,
                                                  "Plan Width": 48,
                                                  "parent": 24,
                                                  "ID": 26
                                                }
                                              ],
                                              "parent": 23,
                                              "ID": 24,
                                              "left": 25,
                                              "right": 26
                                            },
                                            {
                                              "Node Type": "Hash",
                                              "Parent Relationship": "Inner",
                                              "Parallel Aware": true,
                                              "Async Capable": false,
                                              "Startup Cost": 2049.55,
                                              "Total Cost": 2049.55,
                                              "Plan Rows": 8,
                                              "Plan Width": 4,
                                              "Plans": [
                                                {
                                                  "Node Type": "Seq Scan",
                                                  "Parent Relationship": "Outer",
                                                  "Parallel Aware": true,
                                                  "Async Capable": false,
                                                  "Relation Name": "date_dim",
                                                  "Alias": "date_dim_1",
                                                  "Startup Cost": 0.0,
                                                  "Total Cost": 2049.55,
                                                  "Plan Rows": 8,
                                                  "Plan Width": 4,
                                                  "Filter": "((d_date >= '1998-08-12'::date) AND (d_date <= '1998-08-26 00:00:00'::timestamp without time zone))",
                                                  "parent": 27,
                                                  "ID": 28
                                                }
                                              ],
                                              "parent": 23,
                                              "ID": 27,
                                              "left": 28
                                            }
                                          ],
                                          "parent": 22,
                                          "ID": 23,
                                          "left": 24,
                                          "right": 27
                                        },
                                        {
                                          "Node Type": "Hash",
                                          "Parent Relationship": "Inner",
                                          "Parallel Aware": false,
                                          "Async Capable": false,
                                          "Startup Cost": 368.0,
                                          "Total Cost": 368.0,
                                          "Plan Rows": 12000,
                                          "Plan Width": 21,
                                          "Plans": [
                                            {
                                              "Node Type": "Seq Scan",
                                              "Parent Relationship": "Outer",
                                              "Parallel Aware": false,
                                              "Async Capable": false,
                                              "Relation Name": "catalog_page",
                                              "Alias": "catalog_page",
                                              "Startup Cost": 0.0,
                                              "Total Cost": 368.0,
                                              "Plan Rows": 12000,
                                              "Plan Width": 21,
                                              "parent": 29,
                                              "ID": 30
                                            }
                                          ],
                                          "parent": 22,
                                          "ID": 29,
                                          "left": 30
                                        }
                                      ],
                                      "parent": 21,
                                      "ID": 22,
                                      "left": 23,
                                      "right": 29
                                    }
                                  ],
                                  "parent": 20,
                                  "ID": 21,
                                  "left": 22
                                }
                              ],
                              "parent": 19,
                              "ID": 20,
                              "left": 21
                            }
                          ],
                          "parent": 18,
                          "ID": 19,
                          "left": 20
                        }
                      ],
                      "parent": 3,
                      "ID": 18,
                      "left": 19
                    },
                    {
                      "Node Type": "Subquery Scan",
                      "Parent Relationship": "Member",
                      "Parallel Aware": false,
                      "Async Capable": false,
                      "Alias": "wsr",
                      "Startup Cost": 594058.45,
                      "Total Cost": 594067.44,
                      "Plan Rows": 21,
                      "Plan Width": 160,
                      "Plans": [
                        {
                          "Node Type": "Aggregate",
                          "Strategy": "Sorted",
                          "Partial Mode": "Finalize",
                          "Parent Relationship": "Subquery",
                          "Parallel Aware": false,
                          "Async Capable": false,
                          "Startup Cost": 594058.45,
                          "Total Cost": 594067.07,
                          "Plan Rows": 21,
                          "Plan Width": 145,
                          "Group Key": [
                            "web_site.web_site_id"
                          ],
                          "Plans": [
                            {
                              "Node Type": "Gather Merge",
                              "Parent Relationship": "Outer",
                              "Parallel Aware": false,
                              "Async Capable": false,
                              "Startup Cost": 594058.45,
                              "Total Cost": 594065.71,
                              "Plan Rows": 42,
                              "Plan Width": 145,
                              "Workers Planned": 2,
                              "Plans": [
                                {
                                  "Node Type": "Aggregate",
                                  "Strategy": "Sorted",
                                  "Partial Mode": "Partial",
                                  "Parent Relationship": "Outer",
                                  "Parallel Aware": false,
                                  "Async Capable": false,
                                  "Startup Cost": 593058.42,
                                  "Total Cost": 593060.84,
                                  "Plan Rows": 21,
                                  "Plan Width": 145,
                                  "Group Key": [
                                    "web_site.web_site_id"
                                  ],
                                  "Plans": [
                                    {
                                      "Node Type": "Sort",
                                      "Parent Relationship": "Outer",
                                      "Parallel Aware": false,
                                      "Async Capable": false,
                                      "Startup Cost": 593058.42,
                                      "Total Cost": 593058.75,
                                      "Plan Rows": 133,
                                      "Plan Width": 57,
                                      "Sort Key": [
                                        "web_site.web_site_id"
                                      ],
                                      "Plans": [
                                        {
                                          "Node Type": "Hash Join",
                                          "Parent Relationship": "Outer",
                                          "Parallel Aware": false,
                                          "Async Capable": false,
                                          "Join Type": "Inner",
                                          "Startup Cost": 2053.6,
                                          "Total Cost": 593053.73,
                                          "Plan Rows": 133,
                                          "Plan Width": 57,
                                          "Inner Unique": false,
                                          "Hash Cond": "(\"*SELECT* 2\".wsr_web_site_sk = web_site.web_site_sk)",
                                          "Plans": [
                                            {
                                              "Node Type": "Hash Join",
                                              "Parent Relationship": "Outer",
                                              "Parallel Aware": true,
                                              "Async Capable": false,
                                              "Join Type": "Inner",
                                              "Startup Cost": 2049.65,
                                              "Total Cost": 593046.09,
                                              "Plan Rows": 632,
                                              "Plan Width": 44,
                                              "Inner Unique": false,
                                              "Hash Cond": "(\"*SELECT* 2\".date_sk = date_dim_2.d_date_sk)",
                                              "Plans": [
                                                {
                                                  "Node Type": "Append",
                                                  "Parent Relationship": "Outer",
                                                  "Parallel Aware": true,
                                                  "Async Capable": false,
                                                  "Startup Cost": 0.0,
                                                  "Total Cost": 577049.1,
                                                  "Plan Rows": 3718203,
                                                  "Plan Width": 48,
                                                  "Subplans Removed": 0,
                                                  "Plans": [
                                                    {
                                                      "Node Type": "Subquery Scan",
                                                      "Parent Relationship": "Member",
                                                      "Parallel Aware": false,
                                                      "Async Capable": false,
                                                      "Alias": "*SELECT* 2",
                                                      "Startup Cost": 277366.65,
                                                      "Total Cost": 340720.23,
                                                      "Plan Rows": 719217,
                                                      "Plan Width": 48,
                                                      "Plans": [
                                                        {
                                                          "Node Type": "Hash Join",
                                                          "Parent Relationship": "Subquery",
                                                          "Parallel Aware": true,
                                                          "Async Capable": false,
                                                          "Join Type": "Left",
                                                          "Startup Cost": 277366.65,
                                                          "Total Cost": 333528.06,
                                                          "Plan Rows": 299674,
                                                          "Plan Width": 48,
                                                          "Inner Unique": false,
                                                          "Hash Cond": "((web_returns.wr_item_sk = web_sales_1.ws_item_sk) AND (web_returns.wr_order_number = web_sales_1.ws_order_number))",
                                                          "Plans": [
                                                            {
                                                              "Node Type": "Seq Scan",
                                                              "Parent Relationship": "Outer",
                                                              "Parallel Aware": true,
                                                              "Async Capable": false,
                                                              "Relation Name": "web_returns",
                                                              "Alias": "web_returns",
                                                              "Startup Cost": 0.0,
                                                              "Total Cost": 16278.74,
                                                              "Plan Rows": 299674,
                                                              "Plan Width": 24,
                                                              "parent": 40,
                                                              "ID": 41
                                                            },
                                                            {
                                                              "Node Type": "Hash",
                                                              "Parent Relationship": "Inner",
                                                              "Parallel Aware": true,
                                                              "Async Capable": false,
                                                              "Startup Cost": 217737.86,
                                                              "Total Cost": 217737.86,
                                                              "Plan Rows": 2998986,
                                                              "Plan Width": 12,
                                                              "Plans": [
                                                                {
                                                                  "Node Type": "Seq Scan",
                                                                  "Parent Relationship": "Outer",
                                                                  "Parallel Aware": true,
                                                                  "Async Capable": false,
                                                                  "Relation Name": "web_sales",
                                                                  "Alias": "web_sales_1",
                                                                  "Startup Cost": 0.0,
                                                                  "Total Cost": 217737.86,
                                                                  "Plan Rows": 2998986,
                                                                  "Plan Width": 12,
                                                                  "parent": 42,
                                                                  "ID": 43
                                                                }
                                                              ],
                                                              "parent": 40,
                                                              "ID": 42,
                                                              "left": 43
                                                            }
                                                          ],
                                                          "parent": 39,
                                                          "ID": 40,
                                                          "left": 41,
                                                          "right": 42
                                                        }
                                                      ],
                                                      "parent": 38,
                                                      "ID": 39,
                                                      "left": 40
                                                    },
                                                    {
                                                      "Node Type": "Seq Scan",
                                                      "Parent Relationship": "Member",
                                                      "Parallel Aware": true,
                                                      "Async Capable": false,
                                                      "Relation Name": "web_sales",
                                                      "Alias": "web_sales",
                                                      "Startup Cost": 0.0,
                                                      "Total Cost": 217737.86,
                                                      "Plan Rows": 2998986,
                                                      "Plan Width": 48,
                                                      "parent": 38,
                                                      "ID": 44
                                                    }
                                                  ],
                                                  "parent": 37,
                                                  "ID": 38,
                                                  "left": 39,
                                                  "right": 44
                                                },
                                                {
                                                  "Node Type": "Hash",
                                                  "Parent Relationship": "Inner",
                                                  "Parallel Aware": true,
                                                  "Async Capable": false,
                                                  "Startup Cost": 2049.55,
                                                  "Total Cost": 2049.55,
                                                  "Plan Rows": 8,
                                                  "Plan Width": 4,
                                                  "Plans": [
                                                    {
                                                      "Node Type": "Seq Scan",
                                                      "Parent Relationship": "Outer",
                                                      "Parallel Aware": true,
                                                      "Async Capable": false,
                                                      "Relation Name": "date_dim",
                                                      "Alias": "date_dim_2",
                                                      "Startup Cost": 0.0,
                                                      "Total Cost": 2049.55,
                                                      "Plan Rows": 8,
                                                      "Plan Width": 4,
                                                      "Filter": "((d_date >= '1998-08-12'::date) AND (d_date <= '1998-08-26 00:00:00'::timestamp without time zone))",
                                                      "parent": 45,
                                                      "ID": 46
                                                    }
                                                  ],
                                                  "parent": 37,
                                                  "ID": 45,
                                                  "left": 46
                                                }
                                              ],
                                              "parent": 36,
                                              "ID": 37,
                                              "left": 38,
                                              "right": 45
                                            },
                                            {
                                              "Node Type": "Hash",
                                              "Parent Relationship": "Inner",
                                              "Parallel Aware": false,
                                              "Async Capable": false,
                                              "Startup Cost": 3.42,
                                              "Total Cost": 3.42,
                                              "Plan Rows": 42,
                                              "Plan Width": 21,
                                              "Plans": [
                                                {
                                                  "Node Type": "Seq Scan",
                                                  "Parent Relationship": "Outer",
                                                  "Parallel Aware": false,
                                                  "Async Capable": false,
                                                  "Relation Name": "web_site",
                                                  "Alias": "web_site",
                                                  "Startup Cost": 0.0,
                                                  "Total Cost": 3.42,
                                                  "Plan Rows": 42,
                                                  "Plan Width": 21,
                                                  "parent": 47,
                                                  "ID": 48
                                                }
                                              ],
                                              "parent": 36,
                                              "ID": 47,
                                              "left": 48
                                            }
                                          ],
                                          "parent": 35,
                                          "ID": 36,
                                          "left": 37,
                                          "right": 47
                                        }
                                      ],
                                      "parent": 34,
                                      "ID": 35,
                                      "left": 36
                                    }
                                  ],
                                  "parent": 33,
                                  "ID": 34,
                                  "left": 35
                                }
                              ],
                              "parent": 32,
                              "ID": 33,
                              "left": 34
                            }
                          ],
                          "parent": 31,
                          "ID": 32,
                          "left": 33
                        }
                      ],
                      "parent": 3,
                      "ID": 31,
                      "left": 32
                    }
                  ],
                  "parent": 2,
                  "ID": 3,
                  "left": 4,
                  "right": 18
                }
              ],
              "parent": 1,
              "ID": 2,
              "left": 3
            }
          ],
          "parent": 0,
          "ID": 1,
          "left": 2
        }
      ],
      "parent": null,
      "ID": 0,
      "left": 1
    },
    "feat": {
      "utility": 0.0,
      "query_shape": [
        [
          "Seq Scan",
          "Append",
          "Hash Join",
          "Sort",
          "Aggregate",
          "Gather Merge",
          "Subquery Scan"
        ],
        [
          "Seq Scan",
          "Append",
          "Hash Join",
          "Sort",
          "Aggregate",
          "Gather Merge",
          "Subquery Scan"
        ],
        [
          "Seq Scan",
          "Hash",
          "Hash Join",
          "Sort",
          "Aggregate",
          "Gather Merge",
          "Subquery Scan",
          "Append"
        ],
        [
          "Seq Scan",
          "Hash",
          "Hash Join",
          "Sort",
          "Aggregate",
          "Gather Merge",
          "Subquery Scan",
          "Append"
        ],
        [
          "Seq Scan",
          "Append",
          "Hash Join",
          "Sort",
          "Gather Merge",
          "Aggregate",
          "Subquery Scan"
        ],
        [
          "Seq Scan",
          "Append",
          "Hash Join",
          "Sort",
          "Gather Merge",
          "Aggregate",
          "Subquery Scan"
        ],
        [
          "Seq Scan",
          "Hash",
          "Hash Join",
          "Sort",
          "Gather Merge",
          "Aggregate",
          "Subquery Scan",
          "Append"
        ],
        [
          "Seq Scan",
          "Hash",
          "Hash Join",
          "Sort",
          "Gather Merge",
          "Aggregate",
          "Subquery Scan",
          "Append"
        ],
        [
          "Seq Scan",
          "Hash Join",
          "Subquery Scan",
          "Append",
          "Sort",
          "Aggregate",
          "Gather Merge"
        ],
        [
          "Seq Scan",
          "Hash",
          "Hash Join",
          "Subquery Scan",
          "Append",
          "Sort",
          "Aggregate",
          "Gather Merge"
        ],
        [
          "Seq Scan",
          "Append",
          "Hash Join",
          "Sort",
          "Aggregate",
          "Gather Merge",
          "Subquery Scan"
        ],
        [
          "Seq Scan",
          "Hash",
          "Hash Join",
          "Sort",
          "Aggregate",
          "Gather Merge",
          "Subquery Scan",
          "Append"
        ],
        [
          "Seq Scan",
          "Hash",
          "Hash Join",
          "Sort",
          "Aggregate",
          "Gather Merge",
          "Subquery Scan",
          "Append"
        ]
      ],
      "index_shape": [
        "order-by"
      ],
      "physical_operator": {
        "Sort": [
          "[0. 0. 0. 0. 0. 0. 0. 0. 0. 0. 0. 0. 0. 0. 0. 0. 0. 0. 0. 0. 0. 0. 0. 0.\n 0. 0. 0. 0. 0. 0. 0. 0. 0. 0. 0. 0. 0. 0. 0. 0. 0. 0. 0. 0. 0. 0. 0. 0.\n 0. 0. 0.]",
          "[0. 0. 0. 0. 0. 0. 0. 0. 0. 0. 0. 0. 0. 0. 0. 0. 0. 0. 0. 0. 0. 0. 0. 0.\n 0. 0. 0. 0. 0. 0. 0. 0. 0. 0. 0. 0. 0. 0. 0. 0. 0. 0. 0. 0. 0. 0. 0. 0.\n 0. 0. 0.]"
        ],
        "Aggregate": [
          "[0. 0. 0. 0. 0. 0. 0. 0. 0. 0. 0. 0. 0. 0. 0. 0. 0. 0. 0. 0. 0. 0. 0. 0.\n 0. 0. 0. 0. 0. 0. 0. 0. 0. 0. 0. 0. 0. 0. 0. 0. 0. 0. 0. 0. 0. 0. 0. 0.\n 0. 0. 0.]",
          "[0. 0. 0. 0. 0. 0. 0. 0. 0. 0. 0. 0. 0. 0. 0. 0. 0. 0. 0. 0. 0. 0. 0. 0.\n 0. 0. 0. 0. 0. 0. 0. 0. 0. 0. 0. 0. 0. 0. 0. 0. 0. 0. 0. 0. 0. 0. 0. 0.\n 0. 0. 0.]",
          "[0. 0. 0. 0. 0. 0. 0. 0. 0. 0. 0. 0. 0. 0. 0. 0. 0. 0. 0. 0. 0. 0. 0. 0.\n 0. 0. 0. 0. 0. 0. 0. 0. 0. 0. 0. 0. 0. 0. 0. 0. 0. 0. 0. 0. 0. 0. 0. 0.\n 0. 0. 0.]"
        ]
      }
    }
  },
  {
    "query": "with ssr as\n (select s_store_id,\n        sum(sales_price) as sales,\n        sum(profit) as profit,\n        sum(return_amt) as returns,\n        sum(net_loss) as profit_loss\n from\n  ( select  ss_store_sk as store_sk,\n            ss_sold_date_sk  as date_sk,\n            ss_ext_sales_price as sales_price,\n            ss_net_profit as profit,\n            cast(0 as decimal(7,2)) as return_amt,\n            cast(0 as decimal(7,2)) as net_loss\n    from store_sales\n    union all\n    select sr_store_sk as store_sk,\n           sr_returned_date_sk as date_sk,\n           cast(0 as decimal(7,2)) as sales_price,\n           cast(0 as decimal(7,2)) as profit,\n           sr_return_amt as return_amt,\n           sr_net_loss as net_loss\n    from store_returns\n   ) salesreturns,\n     date_dim,\n     store\n where date_sk = d_date_sk\n       and d_date between cast('1998-08-12' as date) \n                  and (cast('1998-08-12' as date) +  interval '14 days')\n       and store_sk = s_store_sk\n group by s_store_id)\n ,\n csr as\n (select cp_catalog_page_id,\n        sum(sales_price) as sales,\n        sum(profit) as profit,\n        sum(return_amt) as returns,\n        sum(net_loss) as profit_loss\n from\n  ( select  cs_catalog_page_sk as page_sk,\n            cs_sold_date_sk  as date_sk,\n            cs_ext_sales_price as sales_price,\n            cs_net_profit as profit,\n            cast(0 as decimal(7,2)) as return_amt,\n            cast(0 as decimal(7,2)) as net_loss\n    from catalog_sales\n    union all\n    select cr_catalog_page_sk as page_sk,\n           cr_returned_date_sk as date_sk,\n           cast(0 as decimal(7,2)) as sales_price,\n           cast(0 as decimal(7,2)) as profit,\n           cr_return_amount as return_amt,\n           cr_net_loss as net_loss\n    from catalog_returns\n   ) salesreturns,\n     date_dim,\n     catalog_page\n where date_sk = d_date_sk\n       and d_date between cast('1998-08-12' as date)\n                  and (cast('1998-08-12' as date) +  interval '14 days')\n       and page_sk = cp_catalog_page_sk\n group by cp_catalog_page_id)\n ,\n wsr as\n (select web_site_id,\n        sum(sales_price) as sales,\n        sum(profit) as profit,\n        sum(return_amt) as returns,\n        sum(net_loss) as profit_loss\n from\n  ( select  ws_web_site_sk as wsr_web_site_sk,\n            ws_sold_date_sk  as date_sk,\n            ws_ext_sales_price as sales_price,\n            ws_net_profit as profit,\n            cast(0 as decimal(7,2)) as return_amt,\n            cast(0 as decimal(7,2)) as net_loss\n    from web_sales\n    union all\n    select ws_web_site_sk as wsr_web_site_sk,\n           wr_returned_date_sk as date_sk,\n           cast(0 as decimal(7,2)) as sales_price,\n           cast(0 as decimal(7,2)) as profit,\n           wr_return_amt as return_amt,\n           wr_net_loss as net_loss\n    from web_returns left outer join web_sales on\n         ( wr_item_sk = ws_item_sk\n           and wr_order_number = ws_order_number)\n   ) salesreturns,\n     date_dim,\n     web_site\n where date_sk = d_date_sk\n       and d_date between cast('1998-08-12' as date)\n                  and (cast('1998-08-12' as date) +  interval '14 days')\n       and wsr_web_site_sk = web_site_sk\n group by web_site_id)\n  select  channel\n        , id\n        , sum(sales) as sales\n        , sum(returns) as returns\n        , sum(profit) as profit\n from \n (select 'store channel' as channel\n        , 'store' || s_store_id as id\n        , sales\n        , returns\n        , (profit - profit_loss) as profit\n from   ssr\n union all\n select 'catalog channel' as channel\n        , 'catalog_page' || cp_catalog_page_id as id\n        , sales\n        , returns\n        , (profit - profit_loss) as profit\n from  csr\n union all\n select 'web channel' as channel\n        , 'web_site' || web_site_id as id\n        , sales\n        , returns\n        , (profit - profit_loss) as profit\n from   wsr\n ) x\n group by rollup (channel, id)\n order by channel\n         ,id\n limit 100;\n\n-- end query 3 in stream 0 using template query5.tpl\n",
    "indexes": "web_site.web_site_sk",
    "wo plan est": {
      "Node Type": "Limit",
      "Parallel Aware": false,
      "Async Capable": false,
      "Startup Cost": 1940046.82,
      "Total Cost": 1940047.07,
      "Plan Rows": 100,
      "Plan Width": 160,
      "Plans": [
        {
          "Node Type": "Sort",
          "Parent Relationship": "Outer",
          "Parallel Aware": false,
          "Async Capable": false,
          "Startup Cost": 1940046.82,
          "Total Cost": 1940048.1,
          "Plan Rows": 512,
          "Plan Width": 160,
          "Sort Key": [
            "('store channel'::text)",
            "(('store'::text || (ssr.s_store_id)::text))"
          ],
          "Plans": [
            {
              "Node Type": "Aggregate",
              "Strategy": "Mixed",
              "Partial Mode": "Simple",
              "Parent Relationship": "Outer",
              "Parallel Aware": false,
              "Async Capable": false,
              "Startup Cost": 815451.97,
              "Total Cost": 1940027.26,
              "Plan Rows": 512,
              "Plan Width": 160,
              "Grouping Sets": [
                {
                  "Hash Keys": [
                    [
                      "('store channel'::text)",
                      "(('store'::text || (ssr.s_store_id)::text))"
                    ]
                  ]
                },
                {
                  "Hash Keys": [
                    [
                      "('store channel'::text)"
                    ]
                  ]
                },
                {
                  "Group Keys": [
                    []
                  ]
                }
              ],
              "Planned Partitions": 0,
              "Plans": [
                {
                  "Node Type": "Append",
                  "Parent Relationship": "Outer",
                  "Parallel Aware": false,
                  "Async Capable": false,
                  "Startup Cost": 815451.97,
                  "Total Cost": 1939925.06,
                  "Plan Rows": 3108,
                  "Plan Width": 160,
                  "Subplans Removed": 0,
                  "Plans": [
                    {
                      "Node Type": "Subquery Scan",
                      "Parent Relationship": "Member",
                      "Parallel Aware": false,
                      "Async Capable": false,
                      "Alias": "ssr",
                      "Startup Cost": 815451.97,
                      "Total Cost": 815488.32,
                      "Plan Rows": 51,
                      "Plan Width": 160,
                      "Plans": [
                        {
                          "Node Type": "Aggregate",
                          "Strategy": "Sorted",
                          "Partial Mode": "Finalize",
                          "Parent Relationship": "Subquery",
                          "Parallel Aware": false,
                          "Async Capable": false,
                          "Startup Cost": 815451.97,
                          "Total Cost": 815487.43,
                          "Plan Rows": 51,
                          "Plan Width": 145,
                          "Group Key": [
                            "store.s_store_id"
                          ],
                          "Plans": [
                            {
                              "Node Type": "Gather Merge",
                              "Parent Relationship": "Outer",
                              "Parallel Aware": false,
                              "Async Capable": false,
                              "Startup Cost": 815451.97,
                              "Total Cost": 815484.12,
                              "Plan Rows": 102,
                              "Plan Width": 145,
                              "Workers Planned": 2,
                              "Plans": [
                                {
                                  "Node Type": "Aggregate",
                                  "Strategy": "Sorted",
                                  "Partial Mode": "Partial",
                                  "Parent Relationship": "Outer",
                                  "Parallel Aware": false,
                                  "Async Capable": false,
                                  "Startup Cost": 814451.95,
                                  "Total Cost": 814472.32,
                                  "Plan Rows": 51,
                                  "Plan Width": 145,
                                  "Group Key": [
                                    "store.s_store_id"
                                  ],
                                  "Plans": [
                                    {
                                      "Node Type": "Sort",
                                      "Parent Relationship": "Outer",
                                      "Parallel Aware": false,
                                      "Async Capable": false,
                                      "Startup Cost": 814451.95,
                                      "Total Cost": 814455.17,
                                      "Plan Rows": 1290,
                                      "Plan Width": 57,
                                      "Sort Key": [
                                        "store.s_store_id"
                                      ],
                                      "Plans": [
                                        {
                                          "Node Type": "Hash Join",
                                          "Parent Relationship": "Outer",
                                          "Parallel Aware": false,
                                          "Async Capable": false,
                                          "Join Type": "Inner",
                                          "Startup Cost": 2056.95,
                                          "Total Cost": 814385.3,
                                          "Plan Rows": 1290,
                                          "Plan Width": 57,
                                          "Inner Unique": false,
                                          "Hash Cond": "(store_sales.ss_store_sk = store.s_store_sk)",
                                          "Plans": [
                                            {
                                              "Node Type": "Hash Join",
                                              "Parent Relationship": "Outer",
                                              "Parallel Aware": true,
                                              "Async Capable": false,
                                              "Join Type": "Inner",
                                              "Startup Cost": 2049.65,
                                              "Total Cost": 814355.62,
                                              "Plan Rows": 2530,
                                              "Plan Width": 44,
                                              "Inner Unique": false,
                                              "Hash Cond": "(store_sales.ss_sold_date_sk = date_dim.d_date_sk)",
                                              "Plans": [
                                                {
                                                  "Node Type": "Append",
                                                  "Parent Relationship": "Outer",
                                                  "Parallel Aware": true,
                                                  "Async Capable": false,
                                                  "Startup Cost": 0.0,
                                                  "Total Cost": 762796.01,
                                                  "Plan Rows": 13198801,
                                                  "Plan Width": 48,
                                                  "Subplans Removed": 0,
                                                  "Plans": [
                                                    {
                                                      "Node Type": "Seq Scan",
                                                      "Parent Relationship": "Member",
                                                      "Parallel Aware": true,
                                                      "Async Capable": false,
                                                      "Relation Name": "store_sales",
                                                      "Alias": "store_sales",
                                                      "Startup Cost": 0.0,
                                                      "Total Cost": 636914.37,
                                                      "Plan Rows": 12000637,
                                                      "Plan Width": 48,
                                                      "parent": 11,
                                                      "ID": 12
                                                    },
                                                    {
                                                      "Node Type": "Seq Scan",
                                                      "Parent Relationship": "Member",
                                                      "Parallel Aware": true,
                                                      "Async Capable": false,
                                                      "Relation Name": "store_returns",
                                                      "Alias": "store_returns",
                                                      "Startup Cost": 0.0,
                                                      "Total Cost": 59887.64,
                                                      "Plan Rows": 1198164,
                                                      "Plan Width": 48,
                                                      "parent": 11,
                                                      "ID": 13
                                                    }
                                                  ],
                                                  "parent": 10,
                                                  "ID": 11,
                                                  "left": 12,
                                                  "right": 13
                                                },
                                                {
                                                  "Node Type": "Hash",
                                                  "Parent Relationship": "Inner",
                                                  "Parallel Aware": true,
                                                  "Async Capable": false,
                                                  "Startup Cost": 2049.55,
                                                  "Total Cost": 2049.55,
                                                  "Plan Rows": 8,
                                                  "Plan Width": 4,
                                                  "Plans": [
                                                    {
                                                      "Node Type": "Seq Scan",
                                                      "Parent Relationship": "Outer",
                                                      "Parallel Aware": true,
                                                      "Async Capable": false,
                                                      "Relation Name": "date_dim",
                                                      "Alias": "date_dim",
                                                      "Startup Cost": 0.0,
                                                      "Total Cost": 2049.55,
                                                      "Plan Rows": 8,
                                                      "Plan Width": 4,
                                                      "Filter": "((d_date >= '1998-08-12'::date) AND (d_date <= '1998-08-26 00:00:00'::timestamp without time zone))",
                                                      "parent": 14,
                                                      "ID": 15
                                                    }
                                                  ],
                                                  "parent": 10,
                                                  "ID": 14,
                                                  "left": 15
                                                }
                                              ],
                                              "parent": 9,
                                              "ID": 10,
                                              "left": 11,
                                              "right": 14
                                            },
                                            {
                                              "Node Type": "Hash",
                                              "Parent Relationship": "Inner",
                                              "Parallel Aware": false,
                                              "Async Capable": false,
                                              "Startup Cost": 6.02,
                                              "Total Cost": 6.02,
                                              "Plan Rows": 102,
                                              "Plan Width": 21,
                                              "Plans": [
                                                {
                                                  "Node Type": "Seq Scan",
                                                  "Parent Relationship": "Outer",
                                                  "Parallel Aware": false,
                                                  "Async Capable": false,
                                                  "Relation Name": "store",
                                                  "Alias": "store",
                                                  "Startup Cost": 0.0,
                                                  "Total Cost": 6.02,
                                                  "Plan Rows": 102,
                                                  "Plan Width": 21,
                                                  "parent": 16,
                                                  "ID": 17
                                                }
                                              ],
                                              "parent": 9,
                                              "ID": 16,
                                              "left": 17
                                            }
                                          ],
                                          "parent": 8,
                                          "ID": 9,
                                          "left": 10,
                                          "right": 16
                                        }
                                      ],
                                      "parent": 7,
                                      "ID": 8,
                                      "left": 9
                                    }
                                  ],
                                  "parent": 6,
                                  "ID": 7,
                                  "left": 8
                                }
                              ],
                              "parent": 5,
                              "ID": 6,
                              "left": 7
                            }
                          ],
                          "parent": 4,
                          "ID": 5,
                          "left": 6
                        }
                      ],
                      "parent": 3,
                      "ID": 4,
                      "left": 5
                    },
                    {
                      "Node Type": "Subquery Scan",
                      "Parent Relationship": "Member",
                      "Parallel Aware": false,
                      "Async Capable": false,
                      "Alias": "csr",
                      "Startup Cost": 529848.36,
                      "Total Cost": 530353.75,
                      "Plan Rows": 3036,
                      "Plan Width": 160,
                      "Plans": [
                        {
                          "Node Type": "Aggregate",
                          "Strategy": "Sorted",
                          "Partial Mode": "Simple",
                          "Parent Relationship": "Subquery",
                          "Parallel Aware": false,
                          "Async Capable": false,
                          "Startup Cost": 529848.36,
                          "Total Cost": 530300.62,
                          "Plan Rows": 3036,
                          "Plan Width": 145,
                          "Group Key": [
                            "catalog_page.cp_catalog_page_id"
                          ],
                          "Plans": [
                            {
                              "Node Type": "Gather Merge",
                              "Parent Relationship": "Outer",
                              "Parallel Aware": false,
                              "Async Capable": false,
                              "Startup Cost": 529848.36,
                              "Total Cost": 530201.95,
                              "Plan Rows": 3036,
                              "Plan Width": 57,
                              "Workers Planned": 2,
                              "Plans": [
                                {
                                  "Node Type": "Sort",
                                  "Parent Relationship": "Outer",
                                  "Parallel Aware": false,
                                  "Async Capable": false,
                                  "Startup Cost": 528848.34,
                                  "Total Cost": 528851.5,
                                  "Plan Rows": 1265,
                                  "Plan Width": 57,
                                  "Sort Key": [
                                    "catalog_page.cp_catalog_page_id"
                                  ],
                                  "Plans": [
                                    {
                                      "Node Type": "Hash Join",
                                      "Parent Relationship": "Outer",
                                      "Parallel Aware": false,
                                      "Async Capable": false,
                                      "Join Type": "Inner",
                                      "Startup Cost": 2567.65,
                                      "Total Cost": 528783.16,
                                      "Plan Rows": 1265,
                                      "Plan Width": 57,
                                      "Inner Unique": false,
                                      "Hash Cond": "(catalog_sales.cs_catalog_page_sk = catalog_page.cp_catalog_page_sk)",
                                      "Plans": [
                                        {
                                          "Node Type": "Hash Join",
                                          "Parent Relationship": "Outer",
                                          "Parallel Aware": true,
                                          "Async Capable": false,
                                          "Join Type": "Inner",
                                          "Startup Cost": 2049.65,
                                          "Total Cost": 528247.76,
                                          "Plan Rows": 1265,
                                          "Plan Width": 44,
                                          "Inner Unique": false,
                                          "Hash Cond": "(catalog_sales.cs_sold_date_sk = date_dim_1.d_date_sk)",
                                          "Plans": [
                                            {
                                              "Node Type": "Append",
                                              "Parent Relationship": "Outer",
                                              "Parallel Aware": true,
                                              "Async Capable": false,
                                              "Startup Cost": 0.0,
                                              "Total Cost": 501439.31,
                                              "Plan Rows": 6600420,
                                              "Plan Width": 48,
                                              "Subplans Removed": 0,
                                              "Plans": [
                                                {
                                                  "Node Type": "Seq Scan",
                                                  "Parent Relationship": "Member",
                                                  "Parallel Aware": true,
                                                  "Async Capable": false,
                                                  "Relation Name": "catalog_sales",
                                                  "Alias": "catalog_sales",
                                                  "Startup Cost": 0.0,
                                                  "Total Cost": 433688.25,
                                                  "Plan Rows": 6000525,
                                                  "Plan Width": 48,
                                                  "parent": 24,
                                                  "ID": 25
                                                },
                                                {
                                                  "Node Type": "Seq Scan",
                                                  "Parent Relationship": "Member",
                                                  "Parallel Aware": true,
                                                  "Async Capable": false,
                                                  "Relation Name": "catalog_returns",
                                                  "Alias": "catalog_returns",
                                                  "Startup Cost": 0.0,
                                                  "Total Cost": 34748.95,
                                                  "Plan Rows": 599895,
                                                  "Plan Width": 48,
                                                  "parent": 24,
                                                  "ID": 26
                                                }
                                              ],
                                              "parent": 23,
                                              "ID": 24,
                                              "left": 25,
                                              "right": 26
                                            },
                                            {
                                              "Node Type": "Hash",
                                              "Parent Relationship": "Inner",
                                              "Parallel Aware": true,
                                              "Async Capable": false,
                                              "Startup Cost": 2049.55,
                                              "Total Cost": 2049.55,
                                              "Plan Rows": 8,
                                              "Plan Width": 4,
                                              "Plans": [
                                                {
                                                  "Node Type": "Seq Scan",
                                                  "Parent Relationship": "Outer",
                                                  "Parallel Aware": true,
                                                  "Async Capable": false,
                                                  "Relation Name": "date_dim",
                                                  "Alias": "date_dim_1",
                                                  "Startup Cost": 0.0,
                                                  "Total Cost": 2049.55,
                                                  "Plan Rows": 8,
                                                  "Plan Width": 4,
                                                  "Filter": "((d_date >= '1998-08-12'::date) AND (d_date <= '1998-08-26 00:00:00'::timestamp without time zone))",
                                                  "parent": 27,
                                                  "ID": 28
                                                }
                                              ],
                                              "parent": 23,
                                              "ID": 27,
                                              "left": 28
                                            }
                                          ],
                                          "parent": 22,
                                          "ID": 23,
                                          "left": 24,
                                          "right": 27
                                        },
                                        {
                                          "Node Type": "Hash",
                                          "Parent Relationship": "Inner",
                                          "Parallel Aware": false,
                                          "Async Capable": false,
                                          "Startup Cost": 368.0,
                                          "Total Cost": 368.0,
                                          "Plan Rows": 12000,
                                          "Plan Width": 21,
                                          "Plans": [
                                            {
                                              "Node Type": "Seq Scan",
                                              "Parent Relationship": "Outer",
                                              "Parallel Aware": false,
                                              "Async Capable": false,
                                              "Relation Name": "catalog_page",
                                              "Alias": "catalog_page",
                                              "Startup Cost": 0.0,
                                              "Total Cost": 368.0,
                                              "Plan Rows": 12000,
                                              "Plan Width": 21,
                                              "parent": 29,
                                              "ID": 30
                                            }
                                          ],
                                          "parent": 22,
                                          "ID": 29,
                                          "left": 30
                                        }
                                      ],
                                      "parent": 21,
                                      "ID": 22,
                                      "left": 23,
                                      "right": 29
                                    }
                                  ],
                                  "parent": 20,
                                  "ID": 21,
                                  "left": 22
                                }
                              ],
                              "parent": 19,
                              "ID": 20,
                              "left": 21
                            }
                          ],
                          "parent": 18,
                          "ID": 19,
                          "left": 20
                        }
                      ],
                      "parent": 3,
                      "ID": 18,
                      "left": 19
                    },
                    {
                      "Node Type": "Subquery Scan",
                      "Parent Relationship": "Member",
                      "Parallel Aware": false,
                      "Async Capable": false,
                      "Alias": "wsr",
                      "Startup Cost": 594058.45,
                      "Total Cost": 594067.44,
                      "Plan Rows": 21,
                      "Plan Width": 160,
                      "Plans": [
                        {
                          "Node Type": "Aggregate",
                          "Strategy": "Sorted",
                          "Partial Mode": "Finalize",
                          "Parent Relationship": "Subquery",
                          "Parallel Aware": false,
                          "Async Capable": false,
                          "Startup Cost": 594058.45,
                          "Total Cost": 594067.07,
                          "Plan Rows": 21,
                          "Plan Width": 145,
                          "Group Key": [
                            "web_site.web_site_id"
                          ],
                          "Plans": [
                            {
                              "Node Type": "Gather Merge",
                              "Parent Relationship": "Outer",
                              "Parallel Aware": false,
                              "Async Capable": false,
                              "Startup Cost": 594058.45,
                              "Total Cost": 594065.71,
                              "Plan Rows": 42,
                              "Plan Width": 145,
                              "Workers Planned": 2,
                              "Plans": [
                                {
                                  "Node Type": "Aggregate",
                                  "Strategy": "Sorted",
                                  "Partial Mode": "Partial",
                                  "Parent Relationship": "Outer",
                                  "Parallel Aware": false,
                                  "Async Capable": false,
                                  "Startup Cost": 593058.42,
                                  "Total Cost": 593060.84,
                                  "Plan Rows": 21,
                                  "Plan Width": 145,
                                  "Group Key": [
                                    "web_site.web_site_id"
                                  ],
                                  "Plans": [
                                    {
                                      "Node Type": "Sort",
                                      "Parent Relationship": "Outer",
                                      "Parallel Aware": false,
                                      "Async Capable": false,
                                      "Startup Cost": 593058.42,
                                      "Total Cost": 593058.75,
                                      "Plan Rows": 133,
                                      "Plan Width": 57,
                                      "Sort Key": [
                                        "web_site.web_site_id"
                                      ],
                                      "Plans": [
                                        {
                                          "Node Type": "Hash Join",
                                          "Parent Relationship": "Outer",
                                          "Parallel Aware": false,
                                          "Async Capable": false,
                                          "Join Type": "Inner",
                                          "Startup Cost": 2053.6,
                                          "Total Cost": 593053.73,
                                          "Plan Rows": 133,
                                          "Plan Width": 57,
                                          "Inner Unique": false,
                                          "Hash Cond": "(\"*SELECT* 2\".wsr_web_site_sk = web_site.web_site_sk)",
                                          "Plans": [
                                            {
                                              "Node Type": "Hash Join",
                                              "Parent Relationship": "Outer",
                                              "Parallel Aware": true,
                                              "Async Capable": false,
                                              "Join Type": "Inner",
                                              "Startup Cost": 2049.65,
                                              "Total Cost": 593046.09,
                                              "Plan Rows": 632,
                                              "Plan Width": 44,
                                              "Inner Unique": false,
                                              "Hash Cond": "(\"*SELECT* 2\".date_sk = date_dim_2.d_date_sk)",
                                              "Plans": [
                                                {
                                                  "Node Type": "Append",
                                                  "Parent Relationship": "Outer",
                                                  "Parallel Aware": true,
                                                  "Async Capable": false,
                                                  "Startup Cost": 0.0,
                                                  "Total Cost": 577049.1,
                                                  "Plan Rows": 3718203,
                                                  "Plan Width": 48,
                                                  "Subplans Removed": 0,
                                                  "Plans": [
                                                    {
                                                      "Node Type": "Subquery Scan",
                                                      "Parent Relationship": "Member",
                                                      "Parallel Aware": false,
                                                      "Async Capable": false,
                                                      "Alias": "*SELECT* 2",
                                                      "Startup Cost": 277366.65,
                                                      "Total Cost": 340720.23,
                                                      "Plan Rows": 719217,
                                                      "Plan Width": 48,
                                                      "Plans": [
                                                        {
                                                          "Node Type": "Hash Join",
                                                          "Parent Relationship": "Subquery",
                                                          "Parallel Aware": true,
                                                          "Async Capable": false,
                                                          "Join Type": "Left",
                                                          "Startup Cost": 277366.65,
                                                          "Total Cost": 333528.06,
                                                          "Plan Rows": 299674,
                                                          "Plan Width": 48,
                                                          "Inner Unique": false,
                                                          "Hash Cond": "((web_returns.wr_item_sk = web_sales_1.ws_item_sk) AND (web_returns.wr_order_number = web_sales_1.ws_order_number))",
                                                          "Plans": [
                                                            {
                                                              "Node Type": "Seq Scan",
                                                              "Parent Relationship": "Outer",
                                                              "Parallel Aware": true,
                                                              "Async Capable": false,
                                                              "Relation Name": "web_returns",
                                                              "Alias": "web_returns",
                                                              "Startup Cost": 0.0,
                                                              "Total Cost": 16278.74,
                                                              "Plan Rows": 299674,
                                                              "Plan Width": 24,
                                                              "parent": 40,
                                                              "ID": 41
                                                            },
                                                            {
                                                              "Node Type": "Hash",
                                                              "Parent Relationship": "Inner",
                                                              "Parallel Aware": true,
                                                              "Async Capable": false,
                                                              "Startup Cost": 217737.86,
                                                              "Total Cost": 217737.86,
                                                              "Plan Rows": 2998986,
                                                              "Plan Width": 12,
                                                              "Plans": [
                                                                {
                                                                  "Node Type": "Seq Scan",
                                                                  "Parent Relationship": "Outer",
                                                                  "Parallel Aware": true,
                                                                  "Async Capable": false,
                                                                  "Relation Name": "web_sales",
                                                                  "Alias": "web_sales_1",
                                                                  "Startup Cost": 0.0,
                                                                  "Total Cost": 217737.86,
                                                                  "Plan Rows": 2998986,
                                                                  "Plan Width": 12,
                                                                  "parent": 42,
                                                                  "ID": 43
                                                                }
                                                              ],
                                                              "parent": 40,
                                                              "ID": 42,
                                                              "left": 43
                                                            }
                                                          ],
                                                          "parent": 39,
                                                          "ID": 40,
                                                          "left": 41,
                                                          "right": 42
                                                        }
                                                      ],
                                                      "parent": 38,
                                                      "ID": 39,
                                                      "left": 40
                                                    },
                                                    {
                                                      "Node Type": "Seq Scan",
                                                      "Parent Relationship": "Member",
                                                      "Parallel Aware": true,
                                                      "Async Capable": false,
                                                      "Relation Name": "web_sales",
                                                      "Alias": "web_sales",
                                                      "Startup Cost": 0.0,
                                                      "Total Cost": 217737.86,
                                                      "Plan Rows": 2998986,
                                                      "Plan Width": 48,
                                                      "parent": 38,
                                                      "ID": 44
                                                    }
                                                  ],
                                                  "parent": 37,
                                                  "ID": 38,
                                                  "left": 39,
                                                  "right": 44
                                                },
                                                {
                                                  "Node Type": "Hash",
                                                  "Parent Relationship": "Inner",
                                                  "Parallel Aware": true,
                                                  "Async Capable": false,
                                                  "Startup Cost": 2049.55,
                                                  "Total Cost": 2049.55,
                                                  "Plan Rows": 8,
                                                  "Plan Width": 4,
                                                  "Plans": [
                                                    {
                                                      "Node Type": "Seq Scan",
                                                      "Parent Relationship": "Outer",
                                                      "Parallel Aware": true,
                                                      "Async Capable": false,
                                                      "Relation Name": "date_dim",
                                                      "Alias": "date_dim_2",
                                                      "Startup Cost": 0.0,
                                                      "Total Cost": 2049.55,
                                                      "Plan Rows": 8,
                                                      "Plan Width": 4,
                                                      "Filter": "((d_date >= '1998-08-12'::date) AND (d_date <= '1998-08-26 00:00:00'::timestamp without time zone))",
                                                      "parent": 45,
                                                      "ID": 46
                                                    }
                                                  ],
                                                  "parent": 37,
                                                  "ID": 45,
                                                  "left": 46
                                                }
                                              ],
                                              "parent": 36,
                                              "ID": 37,
                                              "left": 38,
                                              "right": 45
                                            },
                                            {
                                              "Node Type": "Hash",
                                              "Parent Relationship": "Inner",
                                              "Parallel Aware": false,
                                              "Async Capable": false,
                                              "Startup Cost": 3.42,
                                              "Total Cost": 3.42,
                                              "Plan Rows": 42,
                                              "Plan Width": 21,
                                              "Plans": [
                                                {
                                                  "Node Type": "Seq Scan",
                                                  "Parent Relationship": "Outer",
                                                  "Parallel Aware": false,
                                                  "Async Capable": false,
                                                  "Relation Name": "web_site",
                                                  "Alias": "web_site",
                                                  "Startup Cost": 0.0,
                                                  "Total Cost": 3.42,
                                                  "Plan Rows": 42,
                                                  "Plan Width": 21,
                                                  "parent": 47,
                                                  "ID": 48
                                                }
                                              ],
                                              "parent": 36,
                                              "ID": 47,
                                              "left": 48
                                            }
                                          ],
                                          "parent": 35,
                                          "ID": 36,
                                          "left": 37,
                                          "right": 47
                                        }
                                      ],
                                      "parent": 34,
                                      "ID": 35,
                                      "left": 36
                                    }
                                  ],
                                  "parent": 33,
                                  "ID": 34,
                                  "left": 35
                                }
                              ],
                              "parent": 32,
                              "ID": 33,
                              "left": 34
                            }
                          ],
                          "parent": 31,
                          "ID": 32,
                          "left": 33
                        }
                      ],
                      "parent": 3,
                      "ID": 31,
                      "left": 32
                    }
                  ],
                  "parent": 2,
                  "ID": 3,
                  "left": 4,
                  "right": 18
                }
              ],
              "parent": 1,
              "ID": 2,
              "left": 3
            }
          ],
          "parent": 0,
          "ID": 1,
          "left": 2
        }
      ],
      "parent": null,
      "ID": 0,
      "left": 1
    },
    "feat": {
      "utility": 1.6380605238367454e-06,
      "query_shape": [
        [
          "Seq Scan",
          "Append",
          "Hash Join",
          "Sort",
          "Aggregate",
          "Gather Merge",
          "Subquery Scan"
        ],
        [
          "Seq Scan",
          "Append",
          "Hash Join",
          "Sort",
          "Aggregate",
          "Gather Merge",
          "Subquery Scan"
        ],
        [
          "Seq Scan",
          "Hash",
          "Hash Join",
          "Sort",
          "Aggregate",
          "Gather Merge",
          "Subquery Scan",
          "Append"
        ],
        [
          "Seq Scan",
          "Hash",
          "Hash Join",
          "Sort",
          "Aggregate",
          "Gather Merge",
          "Subquery Scan",
          "Append"
        ],
        [
          "Seq Scan",
          "Append",
          "Hash Join",
          "Sort",
          "Gather Merge",
          "Aggregate",
          "Subquery Scan"
        ],
        [
          "Seq Scan",
          "Append",
          "Hash Join",
          "Sort",
          "Gather Merge",
          "Aggregate",
          "Subquery Scan"
        ],
        [
          "Seq Scan",
          "Hash",
          "Hash Join",
          "Sort",
          "Gather Merge",
          "Aggregate",
          "Subquery Scan",
          "Append"
        ],
        [
          "Seq Scan",
          "Hash",
          "Hash Join",
          "Sort",
          "Gather Merge",
          "Aggregate",
          "Subquery Scan",
          "Append"
        ],
        [
          "Seq Scan",
          "Hash Join",
          "Subquery Scan",
          "Append",
          "Sort",
          "Aggregate",
          "Gather Merge"
        ],
        [
          "Seq Scan",
          "Hash",
          "Hash Join",
          "Subquery Scan",
          "Append",
          "Sort",
          "Aggregate",
          "Gather Merge"
        ],
        [
          "Seq Scan",
          "Append",
          "Hash Join",
          "Sort",
          "Aggregate",
          "Gather Merge",
          "Subquery Scan"
        ],
        [
          "Seq Scan",
          "Hash",
          "Hash Join",
          "Sort",
          "Aggregate",
          "Gather Merge",
          "Subquery Scan",
          "Append"
        ],
        [
          "Seq Scan",
          "Hash",
          "Hash Join",
          "Sort",
          "Aggregate",
          "Gather Merge",
          "Subquery Scan",
          "Append"
        ]
      ],
      "index_shape": [
        "join"
      ],
      "physical_operator": {
        "Hash Join": [
          0.07078522814264818
        ]
      }
    }
  },
  {
    "query": "with ssr as\n (select s_store_id,\n        sum(sales_price) as sales,\n        sum(profit) as profit,\n        sum(return_amt) as returns,\n        sum(net_loss) as profit_loss\n from\n  ( select  ss_store_sk as store_sk,\n            ss_sold_date_sk  as date_sk,\n            ss_ext_sales_price as sales_price,\n            ss_net_profit as profit,\n            cast(0 as decimal(7,2)) as return_amt,\n            cast(0 as decimal(7,2)) as net_loss\n    from store_sales\n    union all\n    select sr_store_sk as store_sk,\n           sr_returned_date_sk as date_sk,\n           cast(0 as decimal(7,2)) as sales_price,\n           cast(0 as decimal(7,2)) as profit,\n           sr_return_amt as return_amt,\n           sr_net_loss as net_loss\n    from store_returns\n   ) salesreturns,\n     date_dim,\n     store\n where date_sk = d_date_sk\n       and d_date between cast('1998-08-12' as date) \n                  and (cast('1998-08-12' as date) +  interval '14 days')\n       and store_sk = s_store_sk\n group by s_store_id)\n ,\n csr as\n (select cp_catalog_page_id,\n        sum(sales_price) as sales,\n        sum(profit) as profit,\n        sum(return_amt) as returns,\n        sum(net_loss) as profit_loss\n from\n  ( select  cs_catalog_page_sk as page_sk,\n            cs_sold_date_sk  as date_sk,\n            cs_ext_sales_price as sales_price,\n            cs_net_profit as profit,\n            cast(0 as decimal(7,2)) as return_amt,\n            cast(0 as decimal(7,2)) as net_loss\n    from catalog_sales\n    union all\n    select cr_catalog_page_sk as page_sk,\n           cr_returned_date_sk as date_sk,\n           cast(0 as decimal(7,2)) as sales_price,\n           cast(0 as decimal(7,2)) as profit,\n           cr_return_amount as return_amt,\n           cr_net_loss as net_loss\n    from catalog_returns\n   ) salesreturns,\n     date_dim,\n     catalog_page\n where date_sk = d_date_sk\n       and d_date between cast('1998-08-12' as date)\n                  and (cast('1998-08-12' as date) +  interval '14 days')\n       and page_sk = cp_catalog_page_sk\n group by cp_catalog_page_id)\n ,\n wsr as\n (select web_site_id,\n        sum(sales_price) as sales,\n        sum(profit) as profit,\n        sum(return_amt) as returns,\n        sum(net_loss) as profit_loss\n from\n  ( select  ws_web_site_sk as wsr_web_site_sk,\n            ws_sold_date_sk  as date_sk,\n            ws_ext_sales_price as sales_price,\n            ws_net_profit as profit,\n            cast(0 as decimal(7,2)) as return_amt,\n            cast(0 as decimal(7,2)) as net_loss\n    from web_sales\n    union all\n    select ws_web_site_sk as wsr_web_site_sk,\n           wr_returned_date_sk as date_sk,\n           cast(0 as decimal(7,2)) as sales_price,\n           cast(0 as decimal(7,2)) as profit,\n           wr_return_amt as return_amt,\n           wr_net_loss as net_loss\n    from web_returns left outer join web_sales on\n         ( wr_item_sk = ws_item_sk\n           and wr_order_number = ws_order_number)\n   ) salesreturns,\n     date_dim,\n     web_site\n where date_sk = d_date_sk\n       and d_date between cast('1998-08-12' as date)\n                  and (cast('1998-08-12' as date) +  interval '14 days')\n       and wsr_web_site_sk = web_site_sk\n group by web_site_id)\n  select  channel\n        , id\n        , sum(sales) as sales\n        , sum(returns) as returns\n        , sum(profit) as profit\n from \n (select 'store channel' as channel\n        , 'store' || s_store_id as id\n        , sales\n        , returns\n        , (profit - profit_loss) as profit\n from   ssr\n union all\n select 'catalog channel' as channel\n        , 'catalog_page' || cp_catalog_page_id as id\n        , sales\n        , returns\n        , (profit - profit_loss) as profit\n from  csr\n union all\n select 'web channel' as channel\n        , 'web_site' || web_site_id as id\n        , sales\n        , returns\n        , (profit - profit_loss) as profit\n from   wsr\n ) x\n group by rollup (channel, id)\n order by channel\n         ,id\n limit 100;\n\n-- end query 3 in stream 0 using template query5.tpl\n",
    "indexes": "web_site.web_site_id",
    "wo plan est": {
      "Node Type": "Limit",
      "Parallel Aware": false,
      "Async Capable": false,
      "Startup Cost": 1940046.82,
      "Total Cost": 1940047.07,
      "Plan Rows": 100,
      "Plan Width": 160,
      "Plans": [
        {
          "Node Type": "Sort",
          "Parent Relationship": "Outer",
          "Parallel Aware": false,
          "Async Capable": false,
          "Startup Cost": 1940046.82,
          "Total Cost": 1940048.1,
          "Plan Rows": 512,
          "Plan Width": 160,
          "Sort Key": [
            "('store channel'::text)",
            "(('store'::text || (ssr.s_store_id)::text))"
          ],
          "Plans": [
            {
              "Node Type": "Aggregate",
              "Strategy": "Mixed",
              "Partial Mode": "Simple",
              "Parent Relationship": "Outer",
              "Parallel Aware": false,
              "Async Capable": false,
              "Startup Cost": 815451.97,
              "Total Cost": 1940027.26,
              "Plan Rows": 512,
              "Plan Width": 160,
              "Grouping Sets": [
                {
                  "Hash Keys": [
                    [
                      "('store channel'::text)",
                      "(('store'::text || (ssr.s_store_id)::text))"
                    ]
                  ]
                },
                {
                  "Hash Keys": [
                    [
                      "('store channel'::text)"
                    ]
                  ]
                },
                {
                  "Group Keys": [
                    []
                  ]
                }
              ],
              "Planned Partitions": 0,
              "Plans": [
                {
                  "Node Type": "Append",
                  "Parent Relationship": "Outer",
                  "Parallel Aware": false,
                  "Async Capable": false,
                  "Startup Cost": 815451.97,
                  "Total Cost": 1939925.06,
                  "Plan Rows": 3108,
                  "Plan Width": 160,
                  "Subplans Removed": 0,
                  "Plans": [
                    {
                      "Node Type": "Subquery Scan",
                      "Parent Relationship": "Member",
                      "Parallel Aware": false,
                      "Async Capable": false,
                      "Alias": "ssr",
                      "Startup Cost": 815451.97,
                      "Total Cost": 815488.32,
                      "Plan Rows": 51,
                      "Plan Width": 160,
                      "Plans": [
                        {
                          "Node Type": "Aggregate",
                          "Strategy": "Sorted",
                          "Partial Mode": "Finalize",
                          "Parent Relationship": "Subquery",
                          "Parallel Aware": false,
                          "Async Capable": false,
                          "Startup Cost": 815451.97,
                          "Total Cost": 815487.43,
                          "Plan Rows": 51,
                          "Plan Width": 145,
                          "Group Key": [
                            "store.s_store_id"
                          ],
                          "Plans": [
                            {
                              "Node Type": "Gather Merge",
                              "Parent Relationship": "Outer",
                              "Parallel Aware": false,
                              "Async Capable": false,
                              "Startup Cost": 815451.97,
                              "Total Cost": 815484.12,
                              "Plan Rows": 102,
                              "Plan Width": 145,
                              "Workers Planned": 2,
                              "Plans": [
                                {
                                  "Node Type": "Aggregate",
                                  "Strategy": "Sorted",
                                  "Partial Mode": "Partial",
                                  "Parent Relationship": "Outer",
                                  "Parallel Aware": false,
                                  "Async Capable": false,
                                  "Startup Cost": 814451.95,
                                  "Total Cost": 814472.32,
                                  "Plan Rows": 51,
                                  "Plan Width": 145,
                                  "Group Key": [
                                    "store.s_store_id"
                                  ],
                                  "Plans": [
                                    {
                                      "Node Type": "Sort",
                                      "Parent Relationship": "Outer",
                                      "Parallel Aware": false,
                                      "Async Capable": false,
                                      "Startup Cost": 814451.95,
                                      "Total Cost": 814455.17,
                                      "Plan Rows": 1290,
                                      "Plan Width": 57,
                                      "Sort Key": [
                                        "store.s_store_id"
                                      ],
                                      "Plans": [
                                        {
                                          "Node Type": "Hash Join",
                                          "Parent Relationship": "Outer",
                                          "Parallel Aware": false,
                                          "Async Capable": false,
                                          "Join Type": "Inner",
                                          "Startup Cost": 2056.95,
                                          "Total Cost": 814385.3,
                                          "Plan Rows": 1290,
                                          "Plan Width": 57,
                                          "Inner Unique": false,
                                          "Hash Cond": "(store_sales.ss_store_sk = store.s_store_sk)",
                                          "Plans": [
                                            {
                                              "Node Type": "Hash Join",
                                              "Parent Relationship": "Outer",
                                              "Parallel Aware": true,
                                              "Async Capable": false,
                                              "Join Type": "Inner",
                                              "Startup Cost": 2049.65,
                                              "Total Cost": 814355.62,
                                              "Plan Rows": 2530,
                                              "Plan Width": 44,
                                              "Inner Unique": false,
                                              "Hash Cond": "(store_sales.ss_sold_date_sk = date_dim.d_date_sk)",
                                              "Plans": [
                                                {
                                                  "Node Type": "Append",
                                                  "Parent Relationship": "Outer",
                                                  "Parallel Aware": true,
                                                  "Async Capable": false,
                                                  "Startup Cost": 0.0,
                                                  "Total Cost": 762796.01,
                                                  "Plan Rows": 13198801,
                                                  "Plan Width": 48,
                                                  "Subplans Removed": 0,
                                                  "Plans": [
                                                    {
                                                      "Node Type": "Seq Scan",
                                                      "Parent Relationship": "Member",
                                                      "Parallel Aware": true,
                                                      "Async Capable": false,
                                                      "Relation Name": "store_sales",
                                                      "Alias": "store_sales",
                                                      "Startup Cost": 0.0,
                                                      "Total Cost": 636914.37,
                                                      "Plan Rows": 12000637,
                                                      "Plan Width": 48,
                                                      "parent": 11,
                                                      "ID": 12
                                                    },
                                                    {
                                                      "Node Type": "Seq Scan",
                                                      "Parent Relationship": "Member",
                                                      "Parallel Aware": true,
                                                      "Async Capable": false,
                                                      "Relation Name": "store_returns",
                                                      "Alias": "store_returns",
                                                      "Startup Cost": 0.0,
                                                      "Total Cost": 59887.64,
                                                      "Plan Rows": 1198164,
                                                      "Plan Width": 48,
                                                      "parent": 11,
                                                      "ID": 13
                                                    }
                                                  ],
                                                  "parent": 10,
                                                  "ID": 11,
                                                  "left": 12,
                                                  "right": 13
                                                },
                                                {
                                                  "Node Type": "Hash",
                                                  "Parent Relationship": "Inner",
                                                  "Parallel Aware": true,
                                                  "Async Capable": false,
                                                  "Startup Cost": 2049.55,
                                                  "Total Cost": 2049.55,
                                                  "Plan Rows": 8,
                                                  "Plan Width": 4,
                                                  "Plans": [
                                                    {
                                                      "Node Type": "Seq Scan",
                                                      "Parent Relationship": "Outer",
                                                      "Parallel Aware": true,
                                                      "Async Capable": false,
                                                      "Relation Name": "date_dim",
                                                      "Alias": "date_dim",
                                                      "Startup Cost": 0.0,
                                                      "Total Cost": 2049.55,
                                                      "Plan Rows": 8,
                                                      "Plan Width": 4,
                                                      "Filter": "((d_date >= '1998-08-12'::date) AND (d_date <= '1998-08-26 00:00:00'::timestamp without time zone))",
                                                      "parent": 14,
                                                      "ID": 15
                                                    }
                                                  ],
                                                  "parent": 10,
                                                  "ID": 14,
                                                  "left": 15
                                                }
                                              ],
                                              "parent": 9,
                                              "ID": 10,
                                              "left": 11,
                                              "right": 14
                                            },
                                            {
                                              "Node Type": "Hash",
                                              "Parent Relationship": "Inner",
                                              "Parallel Aware": false,
                                              "Async Capable": false,
                                              "Startup Cost": 6.02,
                                              "Total Cost": 6.02,
                                              "Plan Rows": 102,
                                              "Plan Width": 21,
                                              "Plans": [
                                                {
                                                  "Node Type": "Seq Scan",
                                                  "Parent Relationship": "Outer",
                                                  "Parallel Aware": false,
                                                  "Async Capable": false,
                                                  "Relation Name": "store",
                                                  "Alias": "store",
                                                  "Startup Cost": 0.0,
                                                  "Total Cost": 6.02,
                                                  "Plan Rows": 102,
                                                  "Plan Width": 21,
                                                  "parent": 16,
                                                  "ID": 17
                                                }
                                              ],
                                              "parent": 9,
                                              "ID": 16,
                                              "left": 17
                                            }
                                          ],
                                          "parent": 8,
                                          "ID": 9,
                                          "left": 10,
                                          "right": 16
                                        }
                                      ],
                                      "parent": 7,
                                      "ID": 8,
                                      "left": 9
                                    }
                                  ],
                                  "parent": 6,
                                  "ID": 7,
                                  "left": 8
                                }
                              ],
                              "parent": 5,
                              "ID": 6,
                              "left": 7
                            }
                          ],
                          "parent": 4,
                          "ID": 5,
                          "left": 6
                        }
                      ],
                      "parent": 3,
                      "ID": 4,
                      "left": 5
                    },
                    {
                      "Node Type": "Subquery Scan",
                      "Parent Relationship": "Member",
                      "Parallel Aware": false,
                      "Async Capable": false,
                      "Alias": "csr",
                      "Startup Cost": 529848.36,
                      "Total Cost": 530353.75,
                      "Plan Rows": 3036,
                      "Plan Width": 160,
                      "Plans": [
                        {
                          "Node Type": "Aggregate",
                          "Strategy": "Sorted",
                          "Partial Mode": "Simple",
                          "Parent Relationship": "Subquery",
                          "Parallel Aware": false,
                          "Async Capable": false,
                          "Startup Cost": 529848.36,
                          "Total Cost": 530300.62,
                          "Plan Rows": 3036,
                          "Plan Width": 145,
                          "Group Key": [
                            "catalog_page.cp_catalog_page_id"
                          ],
                          "Plans": [
                            {
                              "Node Type": "Gather Merge",
                              "Parent Relationship": "Outer",
                              "Parallel Aware": false,
                              "Async Capable": false,
                              "Startup Cost": 529848.36,
                              "Total Cost": 530201.95,
                              "Plan Rows": 3036,
                              "Plan Width": 57,
                              "Workers Planned": 2,
                              "Plans": [
                                {
                                  "Node Type": "Sort",
                                  "Parent Relationship": "Outer",
                                  "Parallel Aware": false,
                                  "Async Capable": false,
                                  "Startup Cost": 528848.34,
                                  "Total Cost": 528851.5,
                                  "Plan Rows": 1265,
                                  "Plan Width": 57,
                                  "Sort Key": [
                                    "catalog_page.cp_catalog_page_id"
                                  ],
                                  "Plans": [
                                    {
                                      "Node Type": "Hash Join",
                                      "Parent Relationship": "Outer",
                                      "Parallel Aware": false,
                                      "Async Capable": false,
                                      "Join Type": "Inner",
                                      "Startup Cost": 2567.65,
                                      "Total Cost": 528783.16,
                                      "Plan Rows": 1265,
                                      "Plan Width": 57,
                                      "Inner Unique": false,
                                      "Hash Cond": "(catalog_sales.cs_catalog_page_sk = catalog_page.cp_catalog_page_sk)",
                                      "Plans": [
                                        {
                                          "Node Type": "Hash Join",
                                          "Parent Relationship": "Outer",
                                          "Parallel Aware": true,
                                          "Async Capable": false,
                                          "Join Type": "Inner",
                                          "Startup Cost": 2049.65,
                                          "Total Cost": 528247.76,
                                          "Plan Rows": 1265,
                                          "Plan Width": 44,
                                          "Inner Unique": false,
                                          "Hash Cond": "(catalog_sales.cs_sold_date_sk = date_dim_1.d_date_sk)",
                                          "Plans": [
                                            {
                                              "Node Type": "Append",
                                              "Parent Relationship": "Outer",
                                              "Parallel Aware": true,
                                              "Async Capable": false,
                                              "Startup Cost": 0.0,
                                              "Total Cost": 501439.31,
                                              "Plan Rows": 6600420,
                                              "Plan Width": 48,
                                              "Subplans Removed": 0,
                                              "Plans": [
                                                {
                                                  "Node Type": "Seq Scan",
                                                  "Parent Relationship": "Member",
                                                  "Parallel Aware": true,
                                                  "Async Capable": false,
                                                  "Relation Name": "catalog_sales",
                                                  "Alias": "catalog_sales",
                                                  "Startup Cost": 0.0,
                                                  "Total Cost": 433688.25,
                                                  "Plan Rows": 6000525,
                                                  "Plan Width": 48,
                                                  "parent": 24,
                                                  "ID": 25
                                                },
                                                {
                                                  "Node Type": "Seq Scan",
                                                  "Parent Relationship": "Member",
                                                  "Parallel Aware": true,
                                                  "Async Capable": false,
                                                  "Relation Name": "catalog_returns",
                                                  "Alias": "catalog_returns",
                                                  "Startup Cost": 0.0,
                                                  "Total Cost": 34748.95,
                                                  "Plan Rows": 599895,
                                                  "Plan Width": 48,
                                                  "parent": 24,
                                                  "ID": 26
                                                }
                                              ],
                                              "parent": 23,
                                              "ID": 24,
                                              "left": 25,
                                              "right": 26
                                            },
                                            {
                                              "Node Type": "Hash",
                                              "Parent Relationship": "Inner",
                                              "Parallel Aware": true,
                                              "Async Capable": false,
                                              "Startup Cost": 2049.55,
                                              "Total Cost": 2049.55,
                                              "Plan Rows": 8,
                                              "Plan Width": 4,
                                              "Plans": [
                                                {
                                                  "Node Type": "Seq Scan",
                                                  "Parent Relationship": "Outer",
                                                  "Parallel Aware": true,
                                                  "Async Capable": false,
                                                  "Relation Name": "date_dim",
                                                  "Alias": "date_dim_1",
                                                  "Startup Cost": 0.0,
                                                  "Total Cost": 2049.55,
                                                  "Plan Rows": 8,
                                                  "Plan Width": 4,
                                                  "Filter": "((d_date >= '1998-08-12'::date) AND (d_date <= '1998-08-26 00:00:00'::timestamp without time zone))",
                                                  "parent": 27,
                                                  "ID": 28
                                                }
                                              ],
                                              "parent": 23,
                                              "ID": 27,
                                              "left": 28
                                            }
                                          ],
                                          "parent": 22,
                                          "ID": 23,
                                          "left": 24,
                                          "right": 27
                                        },
                                        {
                                          "Node Type": "Hash",
                                          "Parent Relationship": "Inner",
                                          "Parallel Aware": false,
                                          "Async Capable": false,
                                          "Startup Cost": 368.0,
                                          "Total Cost": 368.0,
                                          "Plan Rows": 12000,
                                          "Plan Width": 21,
                                          "Plans": [
                                            {
                                              "Node Type": "Seq Scan",
                                              "Parent Relationship": "Outer",
                                              "Parallel Aware": false,
                                              "Async Capable": false,
                                              "Relation Name": "catalog_page",
                                              "Alias": "catalog_page",
                                              "Startup Cost": 0.0,
                                              "Total Cost": 368.0,
                                              "Plan Rows": 12000,
                                              "Plan Width": 21,
                                              "parent": 29,
                                              "ID": 30
                                            }
                                          ],
                                          "parent": 22,
                                          "ID": 29,
                                          "left": 30
                                        }
                                      ],
                                      "parent": 21,
                                      "ID": 22,
                                      "left": 23,
                                      "right": 29
                                    }
                                  ],
                                  "parent": 20,
                                  "ID": 21,
                                  "left": 22
                                }
                              ],
                              "parent": 19,
                              "ID": 20,
                              "left": 21
                            }
                          ],
                          "parent": 18,
                          "ID": 19,
                          "left": 20
                        }
                      ],
                      "parent": 3,
                      "ID": 18,
                      "left": 19
                    },
                    {
                      "Node Type": "Subquery Scan",
                      "Parent Relationship": "Member",
                      "Parallel Aware": false,
                      "Async Capable": false,
                      "Alias": "wsr",
                      "Startup Cost": 594058.45,
                      "Total Cost": 594067.44,
                      "Plan Rows": 21,
                      "Plan Width": 160,
                      "Plans": [
                        {
                          "Node Type": "Aggregate",
                          "Strategy": "Sorted",
                          "Partial Mode": "Finalize",
                          "Parent Relationship": "Subquery",
                          "Parallel Aware": false,
                          "Async Capable": false,
                          "Startup Cost": 594058.45,
                          "Total Cost": 594067.07,
                          "Plan Rows": 21,
                          "Plan Width": 145,
                          "Group Key": [
                            "web_site.web_site_id"
                          ],
                          "Plans": [
                            {
                              "Node Type": "Gather Merge",
                              "Parent Relationship": "Outer",
                              "Parallel Aware": false,
                              "Async Capable": false,
                              "Startup Cost": 594058.45,
                              "Total Cost": 594065.71,
                              "Plan Rows": 42,
                              "Plan Width": 145,
                              "Workers Planned": 2,
                              "Plans": [
                                {
                                  "Node Type": "Aggregate",
                                  "Strategy": "Sorted",
                                  "Partial Mode": "Partial",
                                  "Parent Relationship": "Outer",
                                  "Parallel Aware": false,
                                  "Async Capable": false,
                                  "Startup Cost": 593058.42,
                                  "Total Cost": 593060.84,
                                  "Plan Rows": 21,
                                  "Plan Width": 145,
                                  "Group Key": [
                                    "web_site.web_site_id"
                                  ],
                                  "Plans": [
                                    {
                                      "Node Type": "Sort",
                                      "Parent Relationship": "Outer",
                                      "Parallel Aware": false,
                                      "Async Capable": false,
                                      "Startup Cost": 593058.42,
                                      "Total Cost": 593058.75,
                                      "Plan Rows": 133,
                                      "Plan Width": 57,
                                      "Sort Key": [
                                        "web_site.web_site_id"
                                      ],
                                      "Plans": [
                                        {
                                          "Node Type": "Hash Join",
                                          "Parent Relationship": "Outer",
                                          "Parallel Aware": false,
                                          "Async Capable": false,
                                          "Join Type": "Inner",
                                          "Startup Cost": 2053.6,
                                          "Total Cost": 593053.73,
                                          "Plan Rows": 133,
                                          "Plan Width": 57,
                                          "Inner Unique": false,
                                          "Hash Cond": "(\"*SELECT* 2\".wsr_web_site_sk = web_site.web_site_sk)",
                                          "Plans": [
                                            {
                                              "Node Type": "Hash Join",
                                              "Parent Relationship": "Outer",
                                              "Parallel Aware": true,
                                              "Async Capable": false,
                                              "Join Type": "Inner",
                                              "Startup Cost": 2049.65,
                                              "Total Cost": 593046.09,
                                              "Plan Rows": 632,
                                              "Plan Width": 44,
                                              "Inner Unique": false,
                                              "Hash Cond": "(\"*SELECT* 2\".date_sk = date_dim_2.d_date_sk)",
                                              "Plans": [
                                                {
                                                  "Node Type": "Append",
                                                  "Parent Relationship": "Outer",
                                                  "Parallel Aware": true,
                                                  "Async Capable": false,
                                                  "Startup Cost": 0.0,
                                                  "Total Cost": 577049.1,
                                                  "Plan Rows": 3718203,
                                                  "Plan Width": 48,
                                                  "Subplans Removed": 0,
                                                  "Plans": [
                                                    {
                                                      "Node Type": "Subquery Scan",
                                                      "Parent Relationship": "Member",
                                                      "Parallel Aware": false,
                                                      "Async Capable": false,
                                                      "Alias": "*SELECT* 2",
                                                      "Startup Cost": 277366.65,
                                                      "Total Cost": 340720.23,
                                                      "Plan Rows": 719217,
                                                      "Plan Width": 48,
                                                      "Plans": [
                                                        {
                                                          "Node Type": "Hash Join",
                                                          "Parent Relationship": "Subquery",
                                                          "Parallel Aware": true,
                                                          "Async Capable": false,
                                                          "Join Type": "Left",
                                                          "Startup Cost": 277366.65,
                                                          "Total Cost": 333528.06,
                                                          "Plan Rows": 299674,
                                                          "Plan Width": 48,
                                                          "Inner Unique": false,
                                                          "Hash Cond": "((web_returns.wr_item_sk = web_sales_1.ws_item_sk) AND (web_returns.wr_order_number = web_sales_1.ws_order_number))",
                                                          "Plans": [
                                                            {
                                                              "Node Type": "Seq Scan",
                                                              "Parent Relationship": "Outer",
                                                              "Parallel Aware": true,
                                                              "Async Capable": false,
                                                              "Relation Name": "web_returns",
                                                              "Alias": "web_returns",
                                                              "Startup Cost": 0.0,
                                                              "Total Cost": 16278.74,
                                                              "Plan Rows": 299674,
                                                              "Plan Width": 24,
                                                              "parent": 40,
                                                              "ID": 41
                                                            },
                                                            {
                                                              "Node Type": "Hash",
                                                              "Parent Relationship": "Inner",
                                                              "Parallel Aware": true,
                                                              "Async Capable": false,
                                                              "Startup Cost": 217737.86,
                                                              "Total Cost": 217737.86,
                                                              "Plan Rows": 2998986,
                                                              "Plan Width": 12,
                                                              "Plans": [
                                                                {
                                                                  "Node Type": "Seq Scan",
                                                                  "Parent Relationship": "Outer",
                                                                  "Parallel Aware": true,
                                                                  "Async Capable": false,
                                                                  "Relation Name": "web_sales",
                                                                  "Alias": "web_sales_1",
                                                                  "Startup Cost": 0.0,
                                                                  "Total Cost": 217737.86,
                                                                  "Plan Rows": 2998986,
                                                                  "Plan Width": 12,
                                                                  "parent": 42,
                                                                  "ID": 43
                                                                }
                                                              ],
                                                              "parent": 40,
                                                              "ID": 42,
                                                              "left": 43
                                                            }
                                                          ],
                                                          "parent": 39,
                                                          "ID": 40,
                                                          "left": 41,
                                                          "right": 42
                                                        }
                                                      ],
                                                      "parent": 38,
                                                      "ID": 39,
                                                      "left": 40
                                                    },
                                                    {
                                                      "Node Type": "Seq Scan",
                                                      "Parent Relationship": "Member",
                                                      "Parallel Aware": true,
                                                      "Async Capable": false,
                                                      "Relation Name": "web_sales",
                                                      "Alias": "web_sales",
                                                      "Startup Cost": 0.0,
                                                      "Total Cost": 217737.86,
                                                      "Plan Rows": 2998986,
                                                      "Plan Width": 48,
                                                      "parent": 38,
                                                      "ID": 44
                                                    }
                                                  ],
                                                  "parent": 37,
                                                  "ID": 38,
                                                  "left": 39,
                                                  "right": 44
                                                },
                                                {
                                                  "Node Type": "Hash",
                                                  "Parent Relationship": "Inner",
                                                  "Parallel Aware": true,
                                                  "Async Capable": false,
                                                  "Startup Cost": 2049.55,
                                                  "Total Cost": 2049.55,
                                                  "Plan Rows": 8,
                                                  "Plan Width": 4,
                                                  "Plans": [
                                                    {
                                                      "Node Type": "Seq Scan",
                                                      "Parent Relationship": "Outer",
                                                      "Parallel Aware": true,
                                                      "Async Capable": false,
                                                      "Relation Name": "date_dim",
                                                      "Alias": "date_dim_2",
                                                      "Startup Cost": 0.0,
                                                      "Total Cost": 2049.55,
                                                      "Plan Rows": 8,
                                                      "Plan Width": 4,
                                                      "Filter": "((d_date >= '1998-08-12'::date) AND (d_date <= '1998-08-26 00:00:00'::timestamp without time zone))",
                                                      "parent": 45,
                                                      "ID": 46
                                                    }
                                                  ],
                                                  "parent": 37,
                                                  "ID": 45,
                                                  "left": 46
                                                }
                                              ],
                                              "parent": 36,
                                              "ID": 37,
                                              "left": 38,
                                              "right": 45
                                            },
                                            {
                                              "Node Type": "Hash",
                                              "Parent Relationship": "Inner",
                                              "Parallel Aware": false,
                                              "Async Capable": false,
                                              "Startup Cost": 3.42,
                                              "Total Cost": 3.42,
                                              "Plan Rows": 42,
                                              "Plan Width": 21,
                                              "Plans": [
                                                {
                                                  "Node Type": "Seq Scan",
                                                  "Parent Relationship": "Outer",
                                                  "Parallel Aware": false,
                                                  "Async Capable": false,
                                                  "Relation Name": "web_site",
                                                  "Alias": "web_site",
                                                  "Startup Cost": 0.0,
                                                  "Total Cost": 3.42,
                                                  "Plan Rows": 42,
                                                  "Plan Width": 21,
                                                  "parent": 47,
                                                  "ID": 48
                                                }
                                              ],
                                              "parent": 36,
                                              "ID": 47,
                                              "left": 48
                                            }
                                          ],
                                          "parent": 35,
                                          "ID": 36,
                                          "left": 37,
                                          "right": 47
                                        }
                                      ],
                                      "parent": 34,
                                      "ID": 35,
                                      "left": 36
                                    }
                                  ],
                                  "parent": 33,
                                  "ID": 34,
                                  "left": 35
                                }
                              ],
                              "parent": 32,
                              "ID": 33,
                              "left": 34
                            }
                          ],
                          "parent": 31,
                          "ID": 32,
                          "left": 33
                        }
                      ],
                      "parent": 3,
                      "ID": 31,
                      "left": 32
                    }
                  ],
                  "parent": 2,
                  "ID": 3,
                  "left": 4,
                  "right": 18
                }
              ],
              "parent": 1,
              "ID": 2,
              "left": 3
            }
          ],
          "parent": 0,
          "ID": 1,
          "left": 2
        }
      ],
      "parent": null,
      "ID": 0,
      "left": 1
    },
    "feat": {
      "utility": 0.0,
      "query_shape": [
        [
          "Seq Scan",
          "Append",
          "Hash Join",
          "Sort",
          "Aggregate",
          "Gather Merge",
          "Subquery Scan"
        ],
        [
          "Seq Scan",
          "Append",
          "Hash Join",
          "Sort",
          "Aggregate",
          "Gather Merge",
          "Subquery Scan"
        ],
        [
          "Seq Scan",
          "Hash",
          "Hash Join",
          "Sort",
          "Aggregate",
          "Gather Merge",
          "Subquery Scan",
          "Append"
        ],
        [
          "Seq Scan",
          "Hash",
          "Hash Join",
          "Sort",
          "Aggregate",
          "Gather Merge",
          "Subquery Scan",
          "Append"
        ],
        [
          "Seq Scan",
          "Append",
          "Hash Join",
          "Sort",
          "Gather Merge",
          "Aggregate",
          "Subquery Scan"
        ],
        [
          "Seq Scan",
          "Append",
          "Hash Join",
          "Sort",
          "Gather Merge",
          "Aggregate",
          "Subquery Scan"
        ],
        [
          "Seq Scan",
          "Hash",
          "Hash Join",
          "Sort",
          "Gather Merge",
          "Aggregate",
          "Subquery Scan",
          "Append"
        ],
        [
          "Seq Scan",
          "Hash",
          "Hash Join",
          "Sort",
          "Gather Merge",
          "Aggregate",
          "Subquery Scan",
          "Append"
        ],
        [
          "Seq Scan",
          "Hash Join",
          "Subquery Scan",
          "Append",
          "Sort",
          "Aggregate",
          "Gather Merge"
        ],
        [
          "Seq Scan",
          "Hash",
          "Hash Join",
          "Subquery Scan",
          "Append",
          "Sort",
          "Aggregate",
          "Gather Merge"
        ],
        [
          "Seq Scan",
          "Append",
          "Hash Join",
          "Sort",
          "Aggregate",
          "Gather Merge",
          "Subquery Scan"
        ],
        [
          "Seq Scan",
          "Hash",
          "Hash Join",
          "Sort",
          "Aggregate",
          "Gather Merge",
          "Subquery Scan",
          "Append"
        ],
        [
          "Seq Scan",
          "Hash",
          "Hash Join",
          "Sort",
          "Aggregate",
          "Gather Merge",
          "Subquery Scan",
          "Append"
        ]
      ],
      "index_shape": [
        "order-by"
      ],
      "physical_operator": {
        "Sort": [
          "[0. 0. 0. 0. 0. 0. 0. 0. 0. 0. 0. 0. 0. 0. 0. 0. 0. 0. 0. 0. 0. 0. 0. 0.\n 0. 0. 0. 0. 0. 0. 0. 0. 0. 0. 0. 0. 0. 0. 0. 0. 0. 0. 0. 0. 0. 0. 0. 0.\n 0. 0. 0.]"
        ],
        "Aggregate": [
          "[0. 0. 0. 0. 0. 0. 0. 0. 0. 0. 0. 0. 0. 0. 0. 0. 0. 0. 0. 0. 0. 0. 0. 0.\n 0. 0. 0. 0. 0. 0. 0. 0. 0. 0. 0. 0. 0. 0. 0. 0. 0. 0. 0. 0. 0. 0. 0. 0.\n 0. 0. 0.]",
          "[0. 0. 0. 0. 0. 0. 0. 0. 0. 0. 0. 0. 0. 0. 0. 0. 0. 0. 0. 0. 0. 0. 0. 0.\n 0. 0. 0. 0. 0. 0. 0. 0. 0. 0. 0. 0. 0. 0. 0. 0. 0. 0. 0. 0. 0. 0. 0. 0.\n 0. 0. 0.]"
        ]
      }
    }
  },
  {
    "query": "with ssr as\n (select s_store_id,\n        sum(sales_price) as sales,\n        sum(profit) as profit,\n        sum(return_amt) as returns,\n        sum(net_loss) as profit_loss\n from\n  ( select  ss_store_sk as store_sk,\n            ss_sold_date_sk  as date_sk,\n            ss_ext_sales_price as sales_price,\n            ss_net_profit as profit,\n            cast(0 as decimal(7,2)) as return_amt,\n            cast(0 as decimal(7,2)) as net_loss\n    from store_sales\n    union all\n    select sr_store_sk as store_sk,\n           sr_returned_date_sk as date_sk,\n           cast(0 as decimal(7,2)) as sales_price,\n           cast(0 as decimal(7,2)) as profit,\n           sr_return_amt as return_amt,\n           sr_net_loss as net_loss\n    from store_returns\n   ) salesreturns,\n     date_dim,\n     store\n where date_sk = d_date_sk\n       and d_date between cast('1998-08-12' as date) \n                  and (cast('1998-08-12' as date) +  interval '14 days')\n       and store_sk = s_store_sk\n group by s_store_id)\n ,\n csr as\n (select cp_catalog_page_id,\n        sum(sales_price) as sales,\n        sum(profit) as profit,\n        sum(return_amt) as returns,\n        sum(net_loss) as profit_loss\n from\n  ( select  cs_catalog_page_sk as page_sk,\n            cs_sold_date_sk  as date_sk,\n            cs_ext_sales_price as sales_price,\n            cs_net_profit as profit,\n            cast(0 as decimal(7,2)) as return_amt,\n            cast(0 as decimal(7,2)) as net_loss\n    from catalog_sales\n    union all\n    select cr_catalog_page_sk as page_sk,\n           cr_returned_date_sk as date_sk,\n           cast(0 as decimal(7,2)) as sales_price,\n           cast(0 as decimal(7,2)) as profit,\n           cr_return_amount as return_amt,\n           cr_net_loss as net_loss\n    from catalog_returns\n   ) salesreturns,\n     date_dim,\n     catalog_page\n where date_sk = d_date_sk\n       and d_date between cast('1998-08-12' as date)\n                  and (cast('1998-08-12' as date) +  interval '14 days')\n       and page_sk = cp_catalog_page_sk\n group by cp_catalog_page_id)\n ,\n wsr as\n (select web_site_id,\n        sum(sales_price) as sales,\n        sum(profit) as profit,\n        sum(return_amt) as returns,\n        sum(net_loss) as profit_loss\n from\n  ( select  ws_web_site_sk as wsr_web_site_sk,\n            ws_sold_date_sk  as date_sk,\n            ws_ext_sales_price as sales_price,\n            ws_net_profit as profit,\n            cast(0 as decimal(7,2)) as return_amt,\n            cast(0 as decimal(7,2)) as net_loss\n    from web_sales\n    union all\n    select ws_web_site_sk as wsr_web_site_sk,\n           wr_returned_date_sk as date_sk,\n           cast(0 as decimal(7,2)) as sales_price,\n           cast(0 as decimal(7,2)) as profit,\n           wr_return_amt as return_amt,\n           wr_net_loss as net_loss\n    from web_returns left outer join web_sales on\n         ( wr_item_sk = ws_item_sk\n           and wr_order_number = ws_order_number)\n   ) salesreturns,\n     date_dim,\n     web_site\n where date_sk = d_date_sk\n       and d_date between cast('1998-08-12' as date)\n                  and (cast('1998-08-12' as date) +  interval '14 days')\n       and wsr_web_site_sk = web_site_sk\n group by web_site_id)\n  select  channel\n        , id\n        , sum(sales) as sales\n        , sum(returns) as returns\n        , sum(profit) as profit\n from \n (select 'store channel' as channel\n        , 'store' || s_store_id as id\n        , sales\n        , returns\n        , (profit - profit_loss) as profit\n from   ssr\n union all\n select 'catalog channel' as channel\n        , 'catalog_page' || cp_catalog_page_id as id\n        , sales\n        , returns\n        , (profit - profit_loss) as profit\n from  csr\n union all\n select 'web channel' as channel\n        , 'web_site' || web_site_id as id\n        , sales\n        , returns\n        , (profit - profit_loss) as profit\n from   wsr\n ) x\n group by rollup (channel, id)\n order by channel\n         ,id\n limit 100;\n\n-- end query 3 in stream 0 using template query5.tpl\n",
    "indexes": "catalog_page.cp_catalog_page_sk",
    "wo plan est": {
      "Node Type": "Limit",
      "Parallel Aware": false,
      "Async Capable": false,
      "Startup Cost": 1940046.82,
      "Total Cost": 1940047.07,
      "Plan Rows": 100,
      "Plan Width": 160,
      "Plans": [
        {
          "Node Type": "Sort",
          "Parent Relationship": "Outer",
          "Parallel Aware": false,
          "Async Capable": false,
          "Startup Cost": 1940046.82,
          "Total Cost": 1940048.1,
          "Plan Rows": 512,
          "Plan Width": 160,
          "Sort Key": [
            "('store channel'::text)",
            "(('store'::text || (ssr.s_store_id)::text))"
          ],
          "Plans": [
            {
              "Node Type": "Aggregate",
              "Strategy": "Mixed",
              "Partial Mode": "Simple",
              "Parent Relationship": "Outer",
              "Parallel Aware": false,
              "Async Capable": false,
              "Startup Cost": 815451.97,
              "Total Cost": 1940027.26,
              "Plan Rows": 512,
              "Plan Width": 160,
              "Grouping Sets": [
                {
                  "Hash Keys": [
                    [
                      "('store channel'::text)",
                      "(('store'::text || (ssr.s_store_id)::text))"
                    ]
                  ]
                },
                {
                  "Hash Keys": [
                    [
                      "('store channel'::text)"
                    ]
                  ]
                },
                {
                  "Group Keys": [
                    []
                  ]
                }
              ],
              "Planned Partitions": 0,
              "Plans": [
                {
                  "Node Type": "Append",
                  "Parent Relationship": "Outer",
                  "Parallel Aware": false,
                  "Async Capable": false,
                  "Startup Cost": 815451.97,
                  "Total Cost": 1939925.06,
                  "Plan Rows": 3108,
                  "Plan Width": 160,
                  "Subplans Removed": 0,
                  "Plans": [
                    {
                      "Node Type": "Subquery Scan",
                      "Parent Relationship": "Member",
                      "Parallel Aware": false,
                      "Async Capable": false,
                      "Alias": "ssr",
                      "Startup Cost": 815451.97,
                      "Total Cost": 815488.32,
                      "Plan Rows": 51,
                      "Plan Width": 160,
                      "Plans": [
                        {
                          "Node Type": "Aggregate",
                          "Strategy": "Sorted",
                          "Partial Mode": "Finalize",
                          "Parent Relationship": "Subquery",
                          "Parallel Aware": false,
                          "Async Capable": false,
                          "Startup Cost": 815451.97,
                          "Total Cost": 815487.43,
                          "Plan Rows": 51,
                          "Plan Width": 145,
                          "Group Key": [
                            "store.s_store_id"
                          ],
                          "Plans": [
                            {
                              "Node Type": "Gather Merge",
                              "Parent Relationship": "Outer",
                              "Parallel Aware": false,
                              "Async Capable": false,
                              "Startup Cost": 815451.97,
                              "Total Cost": 815484.12,
                              "Plan Rows": 102,
                              "Plan Width": 145,
                              "Workers Planned": 2,
                              "Plans": [
                                {
                                  "Node Type": "Aggregate",
                                  "Strategy": "Sorted",
                                  "Partial Mode": "Partial",
                                  "Parent Relationship": "Outer",
                                  "Parallel Aware": false,
                                  "Async Capable": false,
                                  "Startup Cost": 814451.95,
                                  "Total Cost": 814472.32,
                                  "Plan Rows": 51,
                                  "Plan Width": 145,
                                  "Group Key": [
                                    "store.s_store_id"
                                  ],
                                  "Plans": [
                                    {
                                      "Node Type": "Sort",
                                      "Parent Relationship": "Outer",
                                      "Parallel Aware": false,
                                      "Async Capable": false,
                                      "Startup Cost": 814451.95,
                                      "Total Cost": 814455.17,
                                      "Plan Rows": 1290,
                                      "Plan Width": 57,
                                      "Sort Key": [
                                        "store.s_store_id"
                                      ],
                                      "Plans": [
                                        {
                                          "Node Type": "Hash Join",
                                          "Parent Relationship": "Outer",
                                          "Parallel Aware": false,
                                          "Async Capable": false,
                                          "Join Type": "Inner",
                                          "Startup Cost": 2056.95,
                                          "Total Cost": 814385.3,
                                          "Plan Rows": 1290,
                                          "Plan Width": 57,
                                          "Inner Unique": false,
                                          "Hash Cond": "(store_sales.ss_store_sk = store.s_store_sk)",
                                          "Plans": [
                                            {
                                              "Node Type": "Hash Join",
                                              "Parent Relationship": "Outer",
                                              "Parallel Aware": true,
                                              "Async Capable": false,
                                              "Join Type": "Inner",
                                              "Startup Cost": 2049.65,
                                              "Total Cost": 814355.62,
                                              "Plan Rows": 2530,
                                              "Plan Width": 44,
                                              "Inner Unique": false,
                                              "Hash Cond": "(store_sales.ss_sold_date_sk = date_dim.d_date_sk)",
                                              "Plans": [
                                                {
                                                  "Node Type": "Append",
                                                  "Parent Relationship": "Outer",
                                                  "Parallel Aware": true,
                                                  "Async Capable": false,
                                                  "Startup Cost": 0.0,
                                                  "Total Cost": 762796.01,
                                                  "Plan Rows": 13198801,
                                                  "Plan Width": 48,
                                                  "Subplans Removed": 0,
                                                  "Plans": [
                                                    {
                                                      "Node Type": "Seq Scan",
                                                      "Parent Relationship": "Member",
                                                      "Parallel Aware": true,
                                                      "Async Capable": false,
                                                      "Relation Name": "store_sales",
                                                      "Alias": "store_sales",
                                                      "Startup Cost": 0.0,
                                                      "Total Cost": 636914.37,
                                                      "Plan Rows": 12000637,
                                                      "Plan Width": 48,
                                                      "parent": 11,
                                                      "ID": 12
                                                    },
                                                    {
                                                      "Node Type": "Seq Scan",
                                                      "Parent Relationship": "Member",
                                                      "Parallel Aware": true,
                                                      "Async Capable": false,
                                                      "Relation Name": "store_returns",
                                                      "Alias": "store_returns",
                                                      "Startup Cost": 0.0,
                                                      "Total Cost": 59887.64,
                                                      "Plan Rows": 1198164,
                                                      "Plan Width": 48,
                                                      "parent": 11,
                                                      "ID": 13
                                                    }
                                                  ],
                                                  "parent": 10,
                                                  "ID": 11,
                                                  "left": 12,
                                                  "right": 13
                                                },
                                                {
                                                  "Node Type": "Hash",
                                                  "Parent Relationship": "Inner",
                                                  "Parallel Aware": true,
                                                  "Async Capable": false,
                                                  "Startup Cost": 2049.55,
                                                  "Total Cost": 2049.55,
                                                  "Plan Rows": 8,
                                                  "Plan Width": 4,
                                                  "Plans": [
                                                    {
                                                      "Node Type": "Seq Scan",
                                                      "Parent Relationship": "Outer",
                                                      "Parallel Aware": true,
                                                      "Async Capable": false,
                                                      "Relation Name": "date_dim",
                                                      "Alias": "date_dim",
                                                      "Startup Cost": 0.0,
                                                      "Total Cost": 2049.55,
                                                      "Plan Rows": 8,
                                                      "Plan Width": 4,
                                                      "Filter": "((d_date >= '1998-08-12'::date) AND (d_date <= '1998-08-26 00:00:00'::timestamp without time zone))",
                                                      "parent": 14,
                                                      "ID": 15
                                                    }
                                                  ],
                                                  "parent": 10,
                                                  "ID": 14,
                                                  "left": 15
                                                }
                                              ],
                                              "parent": 9,
                                              "ID": 10,
                                              "left": 11,
                                              "right": 14
                                            },
                                            {
                                              "Node Type": "Hash",
                                              "Parent Relationship": "Inner",
                                              "Parallel Aware": false,
                                              "Async Capable": false,
                                              "Startup Cost": 6.02,
                                              "Total Cost": 6.02,
                                              "Plan Rows": 102,
                                              "Plan Width": 21,
                                              "Plans": [
                                                {
                                                  "Node Type": "Seq Scan",
                                                  "Parent Relationship": "Outer",
                                                  "Parallel Aware": false,
                                                  "Async Capable": false,
                                                  "Relation Name": "store",
                                                  "Alias": "store",
                                                  "Startup Cost": 0.0,
                                                  "Total Cost": 6.02,
                                                  "Plan Rows": 102,
                                                  "Plan Width": 21,
                                                  "parent": 16,
                                                  "ID": 17
                                                }
                                              ],
                                              "parent": 9,
                                              "ID": 16,
                                              "left": 17
                                            }
                                          ],
                                          "parent": 8,
                                          "ID": 9,
                                          "left": 10,
                                          "right": 16
                                        }
                                      ],
                                      "parent": 7,
                                      "ID": 8,
                                      "left": 9
                                    }
                                  ],
                                  "parent": 6,
                                  "ID": 7,
                                  "left": 8
                                }
                              ],
                              "parent": 5,
                              "ID": 6,
                              "left": 7
                            }
                          ],
                          "parent": 4,
                          "ID": 5,
                          "left": 6
                        }
                      ],
                      "parent": 3,
                      "ID": 4,
                      "left": 5
                    },
                    {
                      "Node Type": "Subquery Scan",
                      "Parent Relationship": "Member",
                      "Parallel Aware": false,
                      "Async Capable": false,
                      "Alias": "csr",
                      "Startup Cost": 529848.36,
                      "Total Cost": 530353.75,
                      "Plan Rows": 3036,
                      "Plan Width": 160,
                      "Plans": [
                        {
                          "Node Type": "Aggregate",
                          "Strategy": "Sorted",
                          "Partial Mode": "Simple",
                          "Parent Relationship": "Subquery",
                          "Parallel Aware": false,
                          "Async Capable": false,
                          "Startup Cost": 529848.36,
                          "Total Cost": 530300.62,
                          "Plan Rows": 3036,
                          "Plan Width": 145,
                          "Group Key": [
                            "catalog_page.cp_catalog_page_id"
                          ],
                          "Plans": [
                            {
                              "Node Type": "Gather Merge",
                              "Parent Relationship": "Outer",
                              "Parallel Aware": false,
                              "Async Capable": false,
                              "Startup Cost": 529848.36,
                              "Total Cost": 530201.95,
                              "Plan Rows": 3036,
                              "Plan Width": 57,
                              "Workers Planned": 2,
                              "Plans": [
                                {
                                  "Node Type": "Sort",
                                  "Parent Relationship": "Outer",
                                  "Parallel Aware": false,
                                  "Async Capable": false,
                                  "Startup Cost": 528848.34,
                                  "Total Cost": 528851.5,
                                  "Plan Rows": 1265,
                                  "Plan Width": 57,
                                  "Sort Key": [
                                    "catalog_page.cp_catalog_page_id"
                                  ],
                                  "Plans": [
                                    {
                                      "Node Type": "Hash Join",
                                      "Parent Relationship": "Outer",
                                      "Parallel Aware": false,
                                      "Async Capable": false,
                                      "Join Type": "Inner",
                                      "Startup Cost": 2567.65,
                                      "Total Cost": 528783.16,
                                      "Plan Rows": 1265,
                                      "Plan Width": 57,
                                      "Inner Unique": false,
                                      "Hash Cond": "(catalog_sales.cs_catalog_page_sk = catalog_page.cp_catalog_page_sk)",
                                      "Plans": [
                                        {
                                          "Node Type": "Hash Join",
                                          "Parent Relationship": "Outer",
                                          "Parallel Aware": true,
                                          "Async Capable": false,
                                          "Join Type": "Inner",
                                          "Startup Cost": 2049.65,
                                          "Total Cost": 528247.76,
                                          "Plan Rows": 1265,
                                          "Plan Width": 44,
                                          "Inner Unique": false,
                                          "Hash Cond": "(catalog_sales.cs_sold_date_sk = date_dim_1.d_date_sk)",
                                          "Plans": [
                                            {
                                              "Node Type": "Append",
                                              "Parent Relationship": "Outer",
                                              "Parallel Aware": true,
                                              "Async Capable": false,
                                              "Startup Cost": 0.0,
                                              "Total Cost": 501439.31,
                                              "Plan Rows": 6600420,
                                              "Plan Width": 48,
                                              "Subplans Removed": 0,
                                              "Plans": [
                                                {
                                                  "Node Type": "Seq Scan",
                                                  "Parent Relationship": "Member",
                                                  "Parallel Aware": true,
                                                  "Async Capable": false,
                                                  "Relation Name": "catalog_sales",
                                                  "Alias": "catalog_sales",
                                                  "Startup Cost": 0.0,
                                                  "Total Cost": 433688.25,
                                                  "Plan Rows": 6000525,
                                                  "Plan Width": 48,
                                                  "parent": 24,
                                                  "ID": 25
                                                },
                                                {
                                                  "Node Type": "Seq Scan",
                                                  "Parent Relationship": "Member",
                                                  "Parallel Aware": true,
                                                  "Async Capable": false,
                                                  "Relation Name": "catalog_returns",
                                                  "Alias": "catalog_returns",
                                                  "Startup Cost": 0.0,
                                                  "Total Cost": 34748.95,
                                                  "Plan Rows": 599895,
                                                  "Plan Width": 48,
                                                  "parent": 24,
                                                  "ID": 26
                                                }
                                              ],
                                              "parent": 23,
                                              "ID": 24,
                                              "left": 25,
                                              "right": 26
                                            },
                                            {
                                              "Node Type": "Hash",
                                              "Parent Relationship": "Inner",
                                              "Parallel Aware": true,
                                              "Async Capable": false,
                                              "Startup Cost": 2049.55,
                                              "Total Cost": 2049.55,
                                              "Plan Rows": 8,
                                              "Plan Width": 4,
                                              "Plans": [
                                                {
                                                  "Node Type": "Seq Scan",
                                                  "Parent Relationship": "Outer",
                                                  "Parallel Aware": true,
                                                  "Async Capable": false,
                                                  "Relation Name": "date_dim",
                                                  "Alias": "date_dim_1",
                                                  "Startup Cost": 0.0,
                                                  "Total Cost": 2049.55,
                                                  "Plan Rows": 8,
                                                  "Plan Width": 4,
                                                  "Filter": "((d_date >= '1998-08-12'::date) AND (d_date <= '1998-08-26 00:00:00'::timestamp without time zone))",
                                                  "parent": 27,
                                                  "ID": 28
                                                }
                                              ],
                                              "parent": 23,
                                              "ID": 27,
                                              "left": 28
                                            }
                                          ],
                                          "parent": 22,
                                          "ID": 23,
                                          "left": 24,
                                          "right": 27
                                        },
                                        {
                                          "Node Type": "Hash",
                                          "Parent Relationship": "Inner",
                                          "Parallel Aware": false,
                                          "Async Capable": false,
                                          "Startup Cost": 368.0,
                                          "Total Cost": 368.0,
                                          "Plan Rows": 12000,
                                          "Plan Width": 21,
                                          "Plans": [
                                            {
                                              "Node Type": "Seq Scan",
                                              "Parent Relationship": "Outer",
                                              "Parallel Aware": false,
                                              "Async Capable": false,
                                              "Relation Name": "catalog_page",
                                              "Alias": "catalog_page",
                                              "Startup Cost": 0.0,
                                              "Total Cost": 368.0,
                                              "Plan Rows": 12000,
                                              "Plan Width": 21,
                                              "parent": 29,
                                              "ID": 30
                                            }
                                          ],
                                          "parent": 22,
                                          "ID": 29,
                                          "left": 30
                                        }
                                      ],
                                      "parent": 21,
                                      "ID": 22,
                                      "left": 23,
                                      "right": 29
                                    }
                                  ],
                                  "parent": 20,
                                  "ID": 21,
                                  "left": 22
                                }
                              ],
                              "parent": 19,
                              "ID": 20,
                              "left": 21
                            }
                          ],
                          "parent": 18,
                          "ID": 19,
                          "left": 20
                        }
                      ],
                      "parent": 3,
                      "ID": 18,
                      "left": 19
                    },
                    {
                      "Node Type": "Subquery Scan",
                      "Parent Relationship": "Member",
                      "Parallel Aware": false,
                      "Async Capable": false,
                      "Alias": "wsr",
                      "Startup Cost": 594058.45,
                      "Total Cost": 594067.44,
                      "Plan Rows": 21,
                      "Plan Width": 160,
                      "Plans": [
                        {
                          "Node Type": "Aggregate",
                          "Strategy": "Sorted",
                          "Partial Mode": "Finalize",
                          "Parent Relationship": "Subquery",
                          "Parallel Aware": false,
                          "Async Capable": false,
                          "Startup Cost": 594058.45,
                          "Total Cost": 594067.07,
                          "Plan Rows": 21,
                          "Plan Width": 145,
                          "Group Key": [
                            "web_site.web_site_id"
                          ],
                          "Plans": [
                            {
                              "Node Type": "Gather Merge",
                              "Parent Relationship": "Outer",
                              "Parallel Aware": false,
                              "Async Capable": false,
                              "Startup Cost": 594058.45,
                              "Total Cost": 594065.71,
                              "Plan Rows": 42,
                              "Plan Width": 145,
                              "Workers Planned": 2,
                              "Plans": [
                                {
                                  "Node Type": "Aggregate",
                                  "Strategy": "Sorted",
                                  "Partial Mode": "Partial",
                                  "Parent Relationship": "Outer",
                                  "Parallel Aware": false,
                                  "Async Capable": false,
                                  "Startup Cost": 593058.42,
                                  "Total Cost": 593060.84,
                                  "Plan Rows": 21,
                                  "Plan Width": 145,
                                  "Group Key": [
                                    "web_site.web_site_id"
                                  ],
                                  "Plans": [
                                    {
                                      "Node Type": "Sort",
                                      "Parent Relationship": "Outer",
                                      "Parallel Aware": false,
                                      "Async Capable": false,
                                      "Startup Cost": 593058.42,
                                      "Total Cost": 593058.75,
                                      "Plan Rows": 133,
                                      "Plan Width": 57,
                                      "Sort Key": [
                                        "web_site.web_site_id"
                                      ],
                                      "Plans": [
                                        {
                                          "Node Type": "Hash Join",
                                          "Parent Relationship": "Outer",
                                          "Parallel Aware": false,
                                          "Async Capable": false,
                                          "Join Type": "Inner",
                                          "Startup Cost": 2053.6,
                                          "Total Cost": 593053.73,
                                          "Plan Rows": 133,
                                          "Plan Width": 57,
                                          "Inner Unique": false,
                                          "Hash Cond": "(\"*SELECT* 2\".wsr_web_site_sk = web_site.web_site_sk)",
                                          "Plans": [
                                            {
                                              "Node Type": "Hash Join",
                                              "Parent Relationship": "Outer",
                                              "Parallel Aware": true,
                                              "Async Capable": false,
                                              "Join Type": "Inner",
                                              "Startup Cost": 2049.65,
                                              "Total Cost": 593046.09,
                                              "Plan Rows": 632,
                                              "Plan Width": 44,
                                              "Inner Unique": false,
                                              "Hash Cond": "(\"*SELECT* 2\".date_sk = date_dim_2.d_date_sk)",
                                              "Plans": [
                                                {
                                                  "Node Type": "Append",
                                                  "Parent Relationship": "Outer",
                                                  "Parallel Aware": true,
                                                  "Async Capable": false,
                                                  "Startup Cost": 0.0,
                                                  "Total Cost": 577049.1,
                                                  "Plan Rows": 3718203,
                                                  "Plan Width": 48,
                                                  "Subplans Removed": 0,
                                                  "Plans": [
                                                    {
                                                      "Node Type": "Subquery Scan",
                                                      "Parent Relationship": "Member",
                                                      "Parallel Aware": false,
                                                      "Async Capable": false,
                                                      "Alias": "*SELECT* 2",
                                                      "Startup Cost": 277366.65,
                                                      "Total Cost": 340720.23,
                                                      "Plan Rows": 719217,
                                                      "Plan Width": 48,
                                                      "Plans": [
                                                        {
                                                          "Node Type": "Hash Join",
                                                          "Parent Relationship": "Subquery",
                                                          "Parallel Aware": true,
                                                          "Async Capable": false,
                                                          "Join Type": "Left",
                                                          "Startup Cost": 277366.65,
                                                          "Total Cost": 333528.06,
                                                          "Plan Rows": 299674,
                                                          "Plan Width": 48,
                                                          "Inner Unique": false,
                                                          "Hash Cond": "((web_returns.wr_item_sk = web_sales_1.ws_item_sk) AND (web_returns.wr_order_number = web_sales_1.ws_order_number))",
                                                          "Plans": [
                                                            {
                                                              "Node Type": "Seq Scan",
                                                              "Parent Relationship": "Outer",
                                                              "Parallel Aware": true,
                                                              "Async Capable": false,
                                                              "Relation Name": "web_returns",
                                                              "Alias": "web_returns",
                                                              "Startup Cost": 0.0,
                                                              "Total Cost": 16278.74,
                                                              "Plan Rows": 299674,
                                                              "Plan Width": 24,
                                                              "parent": 40,
                                                              "ID": 41
                                                            },
                                                            {
                                                              "Node Type": "Hash",
                                                              "Parent Relationship": "Inner",
                                                              "Parallel Aware": true,
                                                              "Async Capable": false,
                                                              "Startup Cost": 217737.86,
                                                              "Total Cost": 217737.86,
                                                              "Plan Rows": 2998986,
                                                              "Plan Width": 12,
                                                              "Plans": [
                                                                {
                                                                  "Node Type": "Seq Scan",
                                                                  "Parent Relationship": "Outer",
                                                                  "Parallel Aware": true,
                                                                  "Async Capable": false,
                                                                  "Relation Name": "web_sales",
                                                                  "Alias": "web_sales_1",
                                                                  "Startup Cost": 0.0,
                                                                  "Total Cost": 217737.86,
                                                                  "Plan Rows": 2998986,
                                                                  "Plan Width": 12,
                                                                  "parent": 42,
                                                                  "ID": 43
                                                                }
                                                              ],
                                                              "parent": 40,
                                                              "ID": 42,
                                                              "left": 43
                                                            }
                                                          ],
                                                          "parent": 39,
                                                          "ID": 40,
                                                          "left": 41,
                                                          "right": 42
                                                        }
                                                      ],
                                                      "parent": 38,
                                                      "ID": 39,
                                                      "left": 40
                                                    },
                                                    {
                                                      "Node Type": "Seq Scan",
                                                      "Parent Relationship": "Member",
                                                      "Parallel Aware": true,
                                                      "Async Capable": false,
                                                      "Relation Name": "web_sales",
                                                      "Alias": "web_sales",
                                                      "Startup Cost": 0.0,
                                                      "Total Cost": 217737.86,
                                                      "Plan Rows": 2998986,
                                                      "Plan Width": 48,
                                                      "parent": 38,
                                                      "ID": 44
                                                    }
                                                  ],
                                                  "parent": 37,
                                                  "ID": 38,
                                                  "left": 39,
                                                  "right": 44
                                                },
                                                {
                                                  "Node Type": "Hash",
                                                  "Parent Relationship": "Inner",
                                                  "Parallel Aware": true,
                                                  "Async Capable": false,
                                                  "Startup Cost": 2049.55,
                                                  "Total Cost": 2049.55,
                                                  "Plan Rows": 8,
                                                  "Plan Width": 4,
                                                  "Plans": [
                                                    {
                                                      "Node Type": "Seq Scan",
                                                      "Parent Relationship": "Outer",
                                                      "Parallel Aware": true,
                                                      "Async Capable": false,
                                                      "Relation Name": "date_dim",
                                                      "Alias": "date_dim_2",
                                                      "Startup Cost": 0.0,
                                                      "Total Cost": 2049.55,
                                                      "Plan Rows": 8,
                                                      "Plan Width": 4,
                                                      "Filter": "((d_date >= '1998-08-12'::date) AND (d_date <= '1998-08-26 00:00:00'::timestamp without time zone))",
                                                      "parent": 45,
                                                      "ID": 46
                                                    }
                                                  ],
                                                  "parent": 37,
                                                  "ID": 45,
                                                  "left": 46
                                                }
                                              ],
                                              "parent": 36,
                                              "ID": 37,
                                              "left": 38,
                                              "right": 45
                                            },
                                            {
                                              "Node Type": "Hash",
                                              "Parent Relationship": "Inner",
                                              "Parallel Aware": false,
                                              "Async Capable": false,
                                              "Startup Cost": 3.42,
                                              "Total Cost": 3.42,
                                              "Plan Rows": 42,
                                              "Plan Width": 21,
                                              "Plans": [
                                                {
                                                  "Node Type": "Seq Scan",
                                                  "Parent Relationship": "Outer",
                                                  "Parallel Aware": false,
                                                  "Async Capable": false,
                                                  "Relation Name": "web_site",
                                                  "Alias": "web_site",
                                                  "Startup Cost": 0.0,
                                                  "Total Cost": 3.42,
                                                  "Plan Rows": 42,
                                                  "Plan Width": 21,
                                                  "parent": 47,
                                                  "ID": 48
                                                }
                                              ],
                                              "parent": 36,
                                              "ID": 47,
                                              "left": 48
                                            }
                                          ],
                                          "parent": 35,
                                          "ID": 36,
                                          "left": 37,
                                          "right": 47
                                        }
                                      ],
                                      "parent": 34,
                                      "ID": 35,
                                      "left": 36
                                    }
                                  ],
                                  "parent": 33,
                                  "ID": 34,
                                  "left": 35
                                }
                              ],
                              "parent": 32,
                              "ID": 33,
                              "left": 34
                            }
                          ],
                          "parent": 31,
                          "ID": 32,
                          "left": 33
                        }
                      ],
                      "parent": 3,
                      "ID": 31,
                      "left": 32
                    }
                  ],
                  "parent": 2,
                  "ID": 3,
                  "left": 4,
                  "right": 18
                }
              ],
              "parent": 1,
              "ID": 2,
              "left": 3
            }
          ],
          "parent": 0,
          "ID": 1,
          "left": 2
        }
      ],
      "parent": null,
      "ID": 0,
      "left": 1
    },
    "feat": {
      "utility": 1.7467513374416247e-06,
      "query_shape": [
        [
          "Seq Scan",
          "Append",
          "Hash Join",
          "Sort",
          "Aggregate",
          "Gather Merge",
          "Subquery Scan"
        ],
        [
          "Seq Scan",
          "Append",
          "Hash Join",
          "Sort",
          "Aggregate",
          "Gather Merge",
          "Subquery Scan"
        ],
        [
          "Seq Scan",
          "Hash",
          "Hash Join",
          "Sort",
          "Aggregate",
          "Gather Merge",
          "Subquery Scan",
          "Append"
        ],
        [
          "Seq Scan",
          "Hash",
          "Hash Join",
          "Sort",
          "Aggregate",
          "Gather Merge",
          "Subquery Scan",
          "Append"
        ],
        [
          "Seq Scan",
          "Append",
          "Hash Join",
          "Sort",
          "Gather Merge",
          "Aggregate",
          "Subquery Scan"
        ],
        [
          "Seq Scan",
          "Append",
          "Hash Join",
          "Sort",
          "Gather Merge",
          "Aggregate",
          "Subquery Scan"
        ],
        [
          "Seq Scan",
          "Hash",
          "Hash Join",
          "Sort",
          "Gather Merge",
          "Aggregate",
          "Subquery Scan",
          "Append"
        ],
        [
          "Seq Scan",
          "Hash",
          "Hash Join",
          "Sort",
          "Gather Merge",
          "Aggregate",
          "Subquery Scan",
          "Append"
        ],
        [
          "Seq Scan",
          "Hash Join",
          "Subquery Scan",
          "Append",
          "Sort",
          "Aggregate",
          "Gather Merge"
        ],
        [
          "Seq Scan",
          "Hash",
          "Hash Join",
          "Subquery Scan",
          "Append",
          "Sort",
          "Aggregate",
          "Gather Merge"
        ],
        [
          "Seq Scan",
          "Append",
          "Hash Join",
          "Sort",
          "Aggregate",
          "Gather Merge",
          "Subquery Scan"
        ],
        [
          "Seq Scan",
          "Hash",
          "Hash Join",
          "Sort",
          "Aggregate",
          "Gather Merge",
          "Subquery Scan",
          "Append"
        ],
        [
          "Seq Scan",
          "Hash",
          "Hash Join",
          "Sort",
          "Aggregate",
          "Gather Merge",
          "Subquery Scan",
          "Append"
        ]
      ],
      "index_shape": [
        "join"
      ],
      "physical_operator": {
        "Hash Join": [
          0.009128709291752768
        ]
      }
    }
  },
  {
    "query": "with ssr as\n (select s_store_id,\n        sum(sales_price) as sales,\n        sum(profit) as profit,\n        sum(return_amt) as returns,\n        sum(net_loss) as profit_loss\n from\n  ( select  ss_store_sk as store_sk,\n            ss_sold_date_sk  as date_sk,\n            ss_ext_sales_price as sales_price,\n            ss_net_profit as profit,\n            cast(0 as decimal(7,2)) as return_amt,\n            cast(0 as decimal(7,2)) as net_loss\n    from store_sales\n    union all\n    select sr_store_sk as store_sk,\n           sr_returned_date_sk as date_sk,\n           cast(0 as decimal(7,2)) as sales_price,\n           cast(0 as decimal(7,2)) as profit,\n           sr_return_amt as return_amt,\n           sr_net_loss as net_loss\n    from store_returns\n   ) salesreturns,\n     date_dim,\n     store\n where date_sk = d_date_sk\n       and d_date between cast('1998-08-12' as date) \n                  and (cast('1998-08-12' as date) +  interval '14 days')\n       and store_sk = s_store_sk\n group by s_store_id)\n ,\n csr as\n (select cp_catalog_page_id,\n        sum(sales_price) as sales,\n        sum(profit) as profit,\n        sum(return_amt) as returns,\n        sum(net_loss) as profit_loss\n from\n  ( select  cs_catalog_page_sk as page_sk,\n            cs_sold_date_sk  as date_sk,\n            cs_ext_sales_price as sales_price,\n            cs_net_profit as profit,\n            cast(0 as decimal(7,2)) as return_amt,\n            cast(0 as decimal(7,2)) as net_loss\n    from catalog_sales\n    union all\n    select cr_catalog_page_sk as page_sk,\n           cr_returned_date_sk as date_sk,\n           cast(0 as decimal(7,2)) as sales_price,\n           cast(0 as decimal(7,2)) as profit,\n           cr_return_amount as return_amt,\n           cr_net_loss as net_loss\n    from catalog_returns\n   ) salesreturns,\n     date_dim,\n     catalog_page\n where date_sk = d_date_sk\n       and d_date between cast('1998-08-12' as date)\n                  and (cast('1998-08-12' as date) +  interval '14 days')\n       and page_sk = cp_catalog_page_sk\n group by cp_catalog_page_id)\n ,\n wsr as\n (select web_site_id,\n        sum(sales_price) as sales,\n        sum(profit) as profit,\n        sum(return_amt) as returns,\n        sum(net_loss) as profit_loss\n from\n  ( select  ws_web_site_sk as wsr_web_site_sk,\n            ws_sold_date_sk  as date_sk,\n            ws_ext_sales_price as sales_price,\n            ws_net_profit as profit,\n            cast(0 as decimal(7,2)) as return_amt,\n            cast(0 as decimal(7,2)) as net_loss\n    from web_sales\n    union all\n    select ws_web_site_sk as wsr_web_site_sk,\n           wr_returned_date_sk as date_sk,\n           cast(0 as decimal(7,2)) as sales_price,\n           cast(0 as decimal(7,2)) as profit,\n           wr_return_amt as return_amt,\n           wr_net_loss as net_loss\n    from web_returns left outer join web_sales on\n         ( wr_item_sk = ws_item_sk\n           and wr_order_number = ws_order_number)\n   ) salesreturns,\n     date_dim,\n     web_site\n where date_sk = d_date_sk\n       and d_date between cast('1998-08-12' as date)\n                  and (cast('1998-08-12' as date) +  interval '14 days')\n       and wsr_web_site_sk = web_site_sk\n group by web_site_id)\n  select  channel\n        , id\n        , sum(sales) as sales\n        , sum(returns) as returns\n        , sum(profit) as profit\n from \n (select 'store channel' as channel\n        , 'store' || s_store_id as id\n        , sales\n        , returns\n        , (profit - profit_loss) as profit\n from   ssr\n union all\n select 'catalog channel' as channel\n        , 'catalog_page' || cp_catalog_page_id as id\n        , sales\n        , returns\n        , (profit - profit_loss) as profit\n from  csr\n union all\n select 'web channel' as channel\n        , 'web_site' || web_site_id as id\n        , sales\n        , returns\n        , (profit - profit_loss) as profit\n from   wsr\n ) x\n group by rollup (channel, id)\n order by channel\n         ,id\n limit 100;\n\n-- end query 3 in stream 0 using template query5.tpl\n",
    "indexes": "catalog_page.cp_catalog_page_id",
    "wo plan est": {
      "Node Type": "Limit",
      "Parallel Aware": false,
      "Async Capable": false,
      "Startup Cost": 1940046.82,
      "Total Cost": 1940047.07,
      "Plan Rows": 100,
      "Plan Width": 160,
      "Plans": [
        {
          "Node Type": "Sort",
          "Parent Relationship": "Outer",
          "Parallel Aware": false,
          "Async Capable": false,
          "Startup Cost": 1940046.82,
          "Total Cost": 1940048.1,
          "Plan Rows": 512,
          "Plan Width": 160,
          "Sort Key": [
            "('store channel'::text)",
            "(('store'::text || (ssr.s_store_id)::text))"
          ],
          "Plans": [
            {
              "Node Type": "Aggregate",
              "Strategy": "Mixed",
              "Partial Mode": "Simple",
              "Parent Relationship": "Outer",
              "Parallel Aware": false,
              "Async Capable": false,
              "Startup Cost": 815451.97,
              "Total Cost": 1940027.26,
              "Plan Rows": 512,
              "Plan Width": 160,
              "Grouping Sets": [
                {
                  "Hash Keys": [
                    [
                      "('store channel'::text)",
                      "(('store'::text || (ssr.s_store_id)::text))"
                    ]
                  ]
                },
                {
                  "Hash Keys": [
                    [
                      "('store channel'::text)"
                    ]
                  ]
                },
                {
                  "Group Keys": [
                    []
                  ]
                }
              ],
              "Planned Partitions": 0,
              "Plans": [
                {
                  "Node Type": "Append",
                  "Parent Relationship": "Outer",
                  "Parallel Aware": false,
                  "Async Capable": false,
                  "Startup Cost": 815451.97,
                  "Total Cost": 1939925.06,
                  "Plan Rows": 3108,
                  "Plan Width": 160,
                  "Subplans Removed": 0,
                  "Plans": [
                    {
                      "Node Type": "Subquery Scan",
                      "Parent Relationship": "Member",
                      "Parallel Aware": false,
                      "Async Capable": false,
                      "Alias": "ssr",
                      "Startup Cost": 815451.97,
                      "Total Cost": 815488.32,
                      "Plan Rows": 51,
                      "Plan Width": 160,
                      "Plans": [
                        {
                          "Node Type": "Aggregate",
                          "Strategy": "Sorted",
                          "Partial Mode": "Finalize",
                          "Parent Relationship": "Subquery",
                          "Parallel Aware": false,
                          "Async Capable": false,
                          "Startup Cost": 815451.97,
                          "Total Cost": 815487.43,
                          "Plan Rows": 51,
                          "Plan Width": 145,
                          "Group Key": [
                            "store.s_store_id"
                          ],
                          "Plans": [
                            {
                              "Node Type": "Gather Merge",
                              "Parent Relationship": "Outer",
                              "Parallel Aware": false,
                              "Async Capable": false,
                              "Startup Cost": 815451.97,
                              "Total Cost": 815484.12,
                              "Plan Rows": 102,
                              "Plan Width": 145,
                              "Workers Planned": 2,
                              "Plans": [
                                {
                                  "Node Type": "Aggregate",
                                  "Strategy": "Sorted",
                                  "Partial Mode": "Partial",
                                  "Parent Relationship": "Outer",
                                  "Parallel Aware": false,
                                  "Async Capable": false,
                                  "Startup Cost": 814451.95,
                                  "Total Cost": 814472.32,
                                  "Plan Rows": 51,
                                  "Plan Width": 145,
                                  "Group Key": [
                                    "store.s_store_id"
                                  ],
                                  "Plans": [
                                    {
                                      "Node Type": "Sort",
                                      "Parent Relationship": "Outer",
                                      "Parallel Aware": false,
                                      "Async Capable": false,
                                      "Startup Cost": 814451.95,
                                      "Total Cost": 814455.17,
                                      "Plan Rows": 1290,
                                      "Plan Width": 57,
                                      "Sort Key": [
                                        "store.s_store_id"
                                      ],
                                      "Plans": [
                                        {
                                          "Node Type": "Hash Join",
                                          "Parent Relationship": "Outer",
                                          "Parallel Aware": false,
                                          "Async Capable": false,
                                          "Join Type": "Inner",
                                          "Startup Cost": 2056.95,
                                          "Total Cost": 814385.3,
                                          "Plan Rows": 1290,
                                          "Plan Width": 57,
                                          "Inner Unique": false,
                                          "Hash Cond": "(store_sales.ss_store_sk = store.s_store_sk)",
                                          "Plans": [
                                            {
                                              "Node Type": "Hash Join",
                                              "Parent Relationship": "Outer",
                                              "Parallel Aware": true,
                                              "Async Capable": false,
                                              "Join Type": "Inner",
                                              "Startup Cost": 2049.65,
                                              "Total Cost": 814355.62,
                                              "Plan Rows": 2530,
                                              "Plan Width": 44,
                                              "Inner Unique": false,
                                              "Hash Cond": "(store_sales.ss_sold_date_sk = date_dim.d_date_sk)",
                                              "Plans": [
                                                {
                                                  "Node Type": "Append",
                                                  "Parent Relationship": "Outer",
                                                  "Parallel Aware": true,
                                                  "Async Capable": false,
                                                  "Startup Cost": 0.0,
                                                  "Total Cost": 762796.01,
                                                  "Plan Rows": 13198801,
                                                  "Plan Width": 48,
                                                  "Subplans Removed": 0,
                                                  "Plans": [
                                                    {
                                                      "Node Type": "Seq Scan",
                                                      "Parent Relationship": "Member",
                                                      "Parallel Aware": true,
                                                      "Async Capable": false,
                                                      "Relation Name": "store_sales",
                                                      "Alias": "store_sales",
                                                      "Startup Cost": 0.0,
                                                      "Total Cost": 636914.37,
                                                      "Plan Rows": 12000637,
                                                      "Plan Width": 48,
                                                      "parent": 11,
                                                      "ID": 12
                                                    },
                                                    {
                                                      "Node Type": "Seq Scan",
                                                      "Parent Relationship": "Member",
                                                      "Parallel Aware": true,
                                                      "Async Capable": false,
                                                      "Relation Name": "store_returns",
                                                      "Alias": "store_returns",
                                                      "Startup Cost": 0.0,
                                                      "Total Cost": 59887.64,
                                                      "Plan Rows": 1198164,
                                                      "Plan Width": 48,
                                                      "parent": 11,
                                                      "ID": 13
                                                    }
                                                  ],
                                                  "parent": 10,
                                                  "ID": 11,
                                                  "left": 12,
                                                  "right": 13
                                                },
                                                {
                                                  "Node Type": "Hash",
                                                  "Parent Relationship": "Inner",
                                                  "Parallel Aware": true,
                                                  "Async Capable": false,
                                                  "Startup Cost": 2049.55,
                                                  "Total Cost": 2049.55,
                                                  "Plan Rows": 8,
                                                  "Plan Width": 4,
                                                  "Plans": [
                                                    {
                                                      "Node Type": "Seq Scan",
                                                      "Parent Relationship": "Outer",
                                                      "Parallel Aware": true,
                                                      "Async Capable": false,
                                                      "Relation Name": "date_dim",
                                                      "Alias": "date_dim",
                                                      "Startup Cost": 0.0,
                                                      "Total Cost": 2049.55,
                                                      "Plan Rows": 8,
                                                      "Plan Width": 4,
                                                      "Filter": "((d_date >= '1998-08-12'::date) AND (d_date <= '1998-08-26 00:00:00'::timestamp without time zone))",
                                                      "parent": 14,
                                                      "ID": 15
                                                    }
                                                  ],
                                                  "parent": 10,
                                                  "ID": 14,
                                                  "left": 15
                                                }
                                              ],
                                              "parent": 9,
                                              "ID": 10,
                                              "left": 11,
                                              "right": 14
                                            },
                                            {
                                              "Node Type": "Hash",
                                              "Parent Relationship": "Inner",
                                              "Parallel Aware": false,
                                              "Async Capable": false,
                                              "Startup Cost": 6.02,
                                              "Total Cost": 6.02,
                                              "Plan Rows": 102,
                                              "Plan Width": 21,
                                              "Plans": [
                                                {
                                                  "Node Type": "Seq Scan",
                                                  "Parent Relationship": "Outer",
                                                  "Parallel Aware": false,
                                                  "Async Capable": false,
                                                  "Relation Name": "store",
                                                  "Alias": "store",
                                                  "Startup Cost": 0.0,
                                                  "Total Cost": 6.02,
                                                  "Plan Rows": 102,
                                                  "Plan Width": 21,
                                                  "parent": 16,
                                                  "ID": 17
                                                }
                                              ],
                                              "parent": 9,
                                              "ID": 16,
                                              "left": 17
                                            }
                                          ],
                                          "parent": 8,
                                          "ID": 9,
                                          "left": 10,
                                          "right": 16
                                        }
                                      ],
                                      "parent": 7,
                                      "ID": 8,
                                      "left": 9
                                    }
                                  ],
                                  "parent": 6,
                                  "ID": 7,
                                  "left": 8
                                }
                              ],
                              "parent": 5,
                              "ID": 6,
                              "left": 7
                            }
                          ],
                          "parent": 4,
                          "ID": 5,
                          "left": 6
                        }
                      ],
                      "parent": 3,
                      "ID": 4,
                      "left": 5
                    },
                    {
                      "Node Type": "Subquery Scan",
                      "Parent Relationship": "Member",
                      "Parallel Aware": false,
                      "Async Capable": false,
                      "Alias": "csr",
                      "Startup Cost": 529848.36,
                      "Total Cost": 530353.75,
                      "Plan Rows": 3036,
                      "Plan Width": 160,
                      "Plans": [
                        {
                          "Node Type": "Aggregate",
                          "Strategy": "Sorted",
                          "Partial Mode": "Simple",
                          "Parent Relationship": "Subquery",
                          "Parallel Aware": false,
                          "Async Capable": false,
                          "Startup Cost": 529848.36,
                          "Total Cost": 530300.62,
                          "Plan Rows": 3036,
                          "Plan Width": 145,
                          "Group Key": [
                            "catalog_page.cp_catalog_page_id"
                          ],
                          "Plans": [
                            {
                              "Node Type": "Gather Merge",
                              "Parent Relationship": "Outer",
                              "Parallel Aware": false,
                              "Async Capable": false,
                              "Startup Cost": 529848.36,
                              "Total Cost": 530201.95,
                              "Plan Rows": 3036,
                              "Plan Width": 57,
                              "Workers Planned": 2,
                              "Plans": [
                                {
                                  "Node Type": "Sort",
                                  "Parent Relationship": "Outer",
                                  "Parallel Aware": false,
                                  "Async Capable": false,
                                  "Startup Cost": 528848.34,
                                  "Total Cost": 528851.5,
                                  "Plan Rows": 1265,
                                  "Plan Width": 57,
                                  "Sort Key": [
                                    "catalog_page.cp_catalog_page_id"
                                  ],
                                  "Plans": [
                                    {
                                      "Node Type": "Hash Join",
                                      "Parent Relationship": "Outer",
                                      "Parallel Aware": false,
                                      "Async Capable": false,
                                      "Join Type": "Inner",
                                      "Startup Cost": 2567.65,
                                      "Total Cost": 528783.16,
                                      "Plan Rows": 1265,
                                      "Plan Width": 57,
                                      "Inner Unique": false,
                                      "Hash Cond": "(catalog_sales.cs_catalog_page_sk = catalog_page.cp_catalog_page_sk)",
                                      "Plans": [
                                        {
                                          "Node Type": "Hash Join",
                                          "Parent Relationship": "Outer",
                                          "Parallel Aware": true,
                                          "Async Capable": false,
                                          "Join Type": "Inner",
                                          "Startup Cost": 2049.65,
                                          "Total Cost": 528247.76,
                                          "Plan Rows": 1265,
                                          "Plan Width": 44,
                                          "Inner Unique": false,
                                          "Hash Cond": "(catalog_sales.cs_sold_date_sk = date_dim_1.d_date_sk)",
                                          "Plans": [
                                            {
                                              "Node Type": "Append",
                                              "Parent Relationship": "Outer",
                                              "Parallel Aware": true,
                                              "Async Capable": false,
                                              "Startup Cost": 0.0,
                                              "Total Cost": 501439.31,
                                              "Plan Rows": 6600420,
                                              "Plan Width": 48,
                                              "Subplans Removed": 0,
                                              "Plans": [
                                                {
                                                  "Node Type": "Seq Scan",
                                                  "Parent Relationship": "Member",
                                                  "Parallel Aware": true,
                                                  "Async Capable": false,
                                                  "Relation Name": "catalog_sales",
                                                  "Alias": "catalog_sales",
                                                  "Startup Cost": 0.0,
                                                  "Total Cost": 433688.25,
                                                  "Plan Rows": 6000525,
                                                  "Plan Width": 48,
                                                  "parent": 24,
                                                  "ID": 25
                                                },
                                                {
                                                  "Node Type": "Seq Scan",
                                                  "Parent Relationship": "Member",
                                                  "Parallel Aware": true,
                                                  "Async Capable": false,
                                                  "Relation Name": "catalog_returns",
                                                  "Alias": "catalog_returns",
                                                  "Startup Cost": 0.0,
                                                  "Total Cost": 34748.95,
                                                  "Plan Rows": 599895,
                                                  "Plan Width": 48,
                                                  "parent": 24,
                                                  "ID": 26
                                                }
                                              ],
                                              "parent": 23,
                                              "ID": 24,
                                              "left": 25,
                                              "right": 26
                                            },
                                            {
                                              "Node Type": "Hash",
                                              "Parent Relationship": "Inner",
                                              "Parallel Aware": true,
                                              "Async Capable": false,
                                              "Startup Cost": 2049.55,
                                              "Total Cost": 2049.55,
                                              "Plan Rows": 8,
                                              "Plan Width": 4,
                                              "Plans": [
                                                {
                                                  "Node Type": "Seq Scan",
                                                  "Parent Relationship": "Outer",
                                                  "Parallel Aware": true,
                                                  "Async Capable": false,
                                                  "Relation Name": "date_dim",
                                                  "Alias": "date_dim_1",
                                                  "Startup Cost": 0.0,
                                                  "Total Cost": 2049.55,
                                                  "Plan Rows": 8,
                                                  "Plan Width": 4,
                                                  "Filter": "((d_date >= '1998-08-12'::date) AND (d_date <= '1998-08-26 00:00:00'::timestamp without time zone))",
                                                  "parent": 27,
                                                  "ID": 28
                                                }
                                              ],
                                              "parent": 23,
                                              "ID": 27,
                                              "left": 28
                                            }
                                          ],
                                          "parent": 22,
                                          "ID": 23,
                                          "left": 24,
                                          "right": 27
                                        },
                                        {
                                          "Node Type": "Hash",
                                          "Parent Relationship": "Inner",
                                          "Parallel Aware": false,
                                          "Async Capable": false,
                                          "Startup Cost": 368.0,
                                          "Total Cost": 368.0,
                                          "Plan Rows": 12000,
                                          "Plan Width": 21,
                                          "Plans": [
                                            {
                                              "Node Type": "Seq Scan",
                                              "Parent Relationship": "Outer",
                                              "Parallel Aware": false,
                                              "Async Capable": false,
                                              "Relation Name": "catalog_page",
                                              "Alias": "catalog_page",
                                              "Startup Cost": 0.0,
                                              "Total Cost": 368.0,
                                              "Plan Rows": 12000,
                                              "Plan Width": 21,
                                              "parent": 29,
                                              "ID": 30
                                            }
                                          ],
                                          "parent": 22,
                                          "ID": 29,
                                          "left": 30
                                        }
                                      ],
                                      "parent": 21,
                                      "ID": 22,
                                      "left": 23,
                                      "right": 29
                                    }
                                  ],
                                  "parent": 20,
                                  "ID": 21,
                                  "left": 22
                                }
                              ],
                              "parent": 19,
                              "ID": 20,
                              "left": 21
                            }
                          ],
                          "parent": 18,
                          "ID": 19,
                          "left": 20
                        }
                      ],
                      "parent": 3,
                      "ID": 18,
                      "left": 19
                    },
                    {
                      "Node Type": "Subquery Scan",
                      "Parent Relationship": "Member",
                      "Parallel Aware": false,
                      "Async Capable": false,
                      "Alias": "wsr",
                      "Startup Cost": 594058.45,
                      "Total Cost": 594067.44,
                      "Plan Rows": 21,
                      "Plan Width": 160,
                      "Plans": [
                        {
                          "Node Type": "Aggregate",
                          "Strategy": "Sorted",
                          "Partial Mode": "Finalize",
                          "Parent Relationship": "Subquery",
                          "Parallel Aware": false,
                          "Async Capable": false,
                          "Startup Cost": 594058.45,
                          "Total Cost": 594067.07,
                          "Plan Rows": 21,
                          "Plan Width": 145,
                          "Group Key": [
                            "web_site.web_site_id"
                          ],
                          "Plans": [
                            {
                              "Node Type": "Gather Merge",
                              "Parent Relationship": "Outer",
                              "Parallel Aware": false,
                              "Async Capable": false,
                              "Startup Cost": 594058.45,
                              "Total Cost": 594065.71,
                              "Plan Rows": 42,
                              "Plan Width": 145,
                              "Workers Planned": 2,
                              "Plans": [
                                {
                                  "Node Type": "Aggregate",
                                  "Strategy": "Sorted",
                                  "Partial Mode": "Partial",
                                  "Parent Relationship": "Outer",
                                  "Parallel Aware": false,
                                  "Async Capable": false,
                                  "Startup Cost": 593058.42,
                                  "Total Cost": 593060.84,
                                  "Plan Rows": 21,
                                  "Plan Width": 145,
                                  "Group Key": [
                                    "web_site.web_site_id"
                                  ],
                                  "Plans": [
                                    {
                                      "Node Type": "Sort",
                                      "Parent Relationship": "Outer",
                                      "Parallel Aware": false,
                                      "Async Capable": false,
                                      "Startup Cost": 593058.42,
                                      "Total Cost": 593058.75,
                                      "Plan Rows": 133,
                                      "Plan Width": 57,
                                      "Sort Key": [
                                        "web_site.web_site_id"
                                      ],
                                      "Plans": [
                                        {
                                          "Node Type": "Hash Join",
                                          "Parent Relationship": "Outer",
                                          "Parallel Aware": false,
                                          "Async Capable": false,
                                          "Join Type": "Inner",
                                          "Startup Cost": 2053.6,
                                          "Total Cost": 593053.73,
                                          "Plan Rows": 133,
                                          "Plan Width": 57,
                                          "Inner Unique": false,
                                          "Hash Cond": "(\"*SELECT* 2\".wsr_web_site_sk = web_site.web_site_sk)",
                                          "Plans": [
                                            {
                                              "Node Type": "Hash Join",
                                              "Parent Relationship": "Outer",
                                              "Parallel Aware": true,
                                              "Async Capable": false,
                                              "Join Type": "Inner",
                                              "Startup Cost": 2049.65,
                                              "Total Cost": 593046.09,
                                              "Plan Rows": 632,
                                              "Plan Width": 44,
                                              "Inner Unique": false,
                                              "Hash Cond": "(\"*SELECT* 2\".date_sk = date_dim_2.d_date_sk)",
                                              "Plans": [
                                                {
                                                  "Node Type": "Append",
                                                  "Parent Relationship": "Outer",
                                                  "Parallel Aware": true,
                                                  "Async Capable": false,
                                                  "Startup Cost": 0.0,
                                                  "Total Cost": 577049.1,
                                                  "Plan Rows": 3718203,
                                                  "Plan Width": 48,
                                                  "Subplans Removed": 0,
                                                  "Plans": [
                                                    {
                                                      "Node Type": "Subquery Scan",
                                                      "Parent Relationship": "Member",
                                                      "Parallel Aware": false,
                                                      "Async Capable": false,
                                                      "Alias": "*SELECT* 2",
                                                      "Startup Cost": 277366.65,
                                                      "Total Cost": 340720.23,
                                                      "Plan Rows": 719217,
                                                      "Plan Width": 48,
                                                      "Plans": [
                                                        {
                                                          "Node Type": "Hash Join",
                                                          "Parent Relationship": "Subquery",
                                                          "Parallel Aware": true,
                                                          "Async Capable": false,
                                                          "Join Type": "Left",
                                                          "Startup Cost": 277366.65,
                                                          "Total Cost": 333528.06,
                                                          "Plan Rows": 299674,
                                                          "Plan Width": 48,
                                                          "Inner Unique": false,
                                                          "Hash Cond": "((web_returns.wr_item_sk = web_sales_1.ws_item_sk) AND (web_returns.wr_order_number = web_sales_1.ws_order_number))",
                                                          "Plans": [
                                                            {
                                                              "Node Type": "Seq Scan",
                                                              "Parent Relationship": "Outer",
                                                              "Parallel Aware": true,
                                                              "Async Capable": false,
                                                              "Relation Name": "web_returns",
                                                              "Alias": "web_returns",
                                                              "Startup Cost": 0.0,
                                                              "Total Cost": 16278.74,
                                                              "Plan Rows": 299674,
                                                              "Plan Width": 24,
                                                              "parent": 40,
                                                              "ID": 41
                                                            },
                                                            {
                                                              "Node Type": "Hash",
                                                              "Parent Relationship": "Inner",
                                                              "Parallel Aware": true,
                                                              "Async Capable": false,
                                                              "Startup Cost": 217737.86,
                                                              "Total Cost": 217737.86,
                                                              "Plan Rows": 2998986,
                                                              "Plan Width": 12,
                                                              "Plans": [
                                                                {
                                                                  "Node Type": "Seq Scan",
                                                                  "Parent Relationship": "Outer",
                                                                  "Parallel Aware": true,
                                                                  "Async Capable": false,
                                                                  "Relation Name": "web_sales",
                                                                  "Alias": "web_sales_1",
                                                                  "Startup Cost": 0.0,
                                                                  "Total Cost": 217737.86,
                                                                  "Plan Rows": 2998986,
                                                                  "Plan Width": 12,
                                                                  "parent": 42,
                                                                  "ID": 43
                                                                }
                                                              ],
                                                              "parent": 40,
                                                              "ID": 42,
                                                              "left": 43
                                                            }
                                                          ],
                                                          "parent": 39,
                                                          "ID": 40,
                                                          "left": 41,
                                                          "right": 42
                                                        }
                                                      ],
                                                      "parent": 38,
                                                      "ID": 39,
                                                      "left": 40
                                                    },
                                                    {
                                                      "Node Type": "Seq Scan",
                                                      "Parent Relationship": "Member",
                                                      "Parallel Aware": true,
                                                      "Async Capable": false,
                                                      "Relation Name": "web_sales",
                                                      "Alias": "web_sales",
                                                      "Startup Cost": 0.0,
                                                      "Total Cost": 217737.86,
                                                      "Plan Rows": 2998986,
                                                      "Plan Width": 48,
                                                      "parent": 38,
                                                      "ID": 44
                                                    }
                                                  ],
                                                  "parent": 37,
                                                  "ID": 38,
                                                  "left": 39,
                                                  "right": 44
                                                },
                                                {
                                                  "Node Type": "Hash",
                                                  "Parent Relationship": "Inner",
                                                  "Parallel Aware": true,
                                                  "Async Capable": false,
                                                  "Startup Cost": 2049.55,
                                                  "Total Cost": 2049.55,
                                                  "Plan Rows": 8,
                                                  "Plan Width": 4,
                                                  "Plans": [
                                                    {
                                                      "Node Type": "Seq Scan",
                                                      "Parent Relationship": "Outer",
                                                      "Parallel Aware": true,
                                                      "Async Capable": false,
                                                      "Relation Name": "date_dim",
                                                      "Alias": "date_dim_2",
                                                      "Startup Cost": 0.0,
                                                      "Total Cost": 2049.55,
                                                      "Plan Rows": 8,
                                                      "Plan Width": 4,
                                                      "Filter": "((d_date >= '1998-08-12'::date) AND (d_date <= '1998-08-26 00:00:00'::timestamp without time zone))",
                                                      "parent": 45,
                                                      "ID": 46
                                                    }
                                                  ],
                                                  "parent": 37,
                                                  "ID": 45,
                                                  "left": 46
                                                }
                                              ],
                                              "parent": 36,
                                              "ID": 37,
                                              "left": 38,
                                              "right": 45
                                            },
                                            {
                                              "Node Type": "Hash",
                                              "Parent Relationship": "Inner",
                                              "Parallel Aware": false,
                                              "Async Capable": false,
                                              "Startup Cost": 3.42,
                                              "Total Cost": 3.42,
                                              "Plan Rows": 42,
                                              "Plan Width": 21,
                                              "Plans": [
                                                {
                                                  "Node Type": "Seq Scan",
                                                  "Parent Relationship": "Outer",
                                                  "Parallel Aware": false,
                                                  "Async Capable": false,
                                                  "Relation Name": "web_site",
                                                  "Alias": "web_site",
                                                  "Startup Cost": 0.0,
                                                  "Total Cost": 3.42,
                                                  "Plan Rows": 42,
                                                  "Plan Width": 21,
                                                  "parent": 47,
                                                  "ID": 48
                                                }
                                              ],
                                              "parent": 36,
                                              "ID": 47,
                                              "left": 48
                                            }
                                          ],
                                          "parent": 35,
                                          "ID": 36,
                                          "left": 37,
                                          "right": 47
                                        }
                                      ],
                                      "parent": 34,
                                      "ID": 35,
                                      "left": 36
                                    }
                                  ],
                                  "parent": 33,
                                  "ID": 34,
                                  "left": 35
                                }
                              ],
                              "parent": 32,
                              "ID": 33,
                              "left": 34
                            }
                          ],
                          "parent": 31,
                          "ID": 32,
                          "left": 33
                        }
                      ],
                      "parent": 3,
                      "ID": 31,
                      "left": 32
                    }
                  ],
                  "parent": 2,
                  "ID": 3,
                  "left": 4,
                  "right": 18
                }
              ],
              "parent": 1,
              "ID": 2,
              "left": 3
            }
          ],
          "parent": 0,
          "ID": 1,
          "left": 2
        }
      ],
      "parent": null,
      "ID": 0,
      "left": 1
    },
    "feat": {
      "utility": 0.0,
      "query_shape": [
        [
          "Seq Scan",
          "Append",
          "Hash Join",
          "Sort",
          "Aggregate",
          "Gather Merge",
          "Subquery Scan"
        ],
        [
          "Seq Scan",
          "Append",
          "Hash Join",
          "Sort",
          "Aggregate",
          "Gather Merge",
          "Subquery Scan"
        ],
        [
          "Seq Scan",
          "Hash",
          "Hash Join",
          "Sort",
          "Aggregate",
          "Gather Merge",
          "Subquery Scan",
          "Append"
        ],
        [
          "Seq Scan",
          "Hash",
          "Hash Join",
          "Sort",
          "Aggregate",
          "Gather Merge",
          "Subquery Scan",
          "Append"
        ],
        [
          "Seq Scan",
          "Append",
          "Hash Join",
          "Sort",
          "Gather Merge",
          "Aggregate",
          "Subquery Scan"
        ],
        [
          "Seq Scan",
          "Append",
          "Hash Join",
          "Sort",
          "Gather Merge",
          "Aggregate",
          "Subquery Scan"
        ],
        [
          "Seq Scan",
          "Hash",
          "Hash Join",
          "Sort",
          "Gather Merge",
          "Aggregate",
          "Subquery Scan",
          "Append"
        ],
        [
          "Seq Scan",
          "Hash",
          "Hash Join",
          "Sort",
          "Gather Merge",
          "Aggregate",
          "Subquery Scan",
          "Append"
        ],
        [
          "Seq Scan",
          "Hash Join",
          "Subquery Scan",
          "Append",
          "Sort",
          "Aggregate",
          "Gather Merge"
        ],
        [
          "Seq Scan",
          "Hash",
          "Hash Join",
          "Subquery Scan",
          "Append",
          "Sort",
          "Aggregate",
          "Gather Merge"
        ],
        [
          "Seq Scan",
          "Append",
          "Hash Join",
          "Sort",
          "Aggregate",
          "Gather Merge",
          "Subquery Scan"
        ],
        [
          "Seq Scan",
          "Hash",
          "Hash Join",
          "Sort",
          "Aggregate",
          "Gather Merge",
          "Subquery Scan",
          "Append"
        ],
        [
          "Seq Scan",
          "Hash",
          "Hash Join",
          "Sort",
          "Aggregate",
          "Gather Merge",
          "Subquery Scan",
          "Append"
        ]
      ],
      "index_shape": [
        "order-by"
      ],
      "physical_operator": {
        "Sort": [
          "[0. 0. 0. 0. 0. 0. 0. 0. 0. 0. 0. 0. 0. 0. 0. 0. 0. 0. 0. 0. 0. 0. 0. 0.\n 0. 0. 0. 0. 0. 0. 0. 0. 0. 0. 0. 0. 0. 0. 0. 0. 0. 0. 0. 0. 0. 0. 0. 0.\n 0. 0. 0.]"
        ],
        "Aggregate": [
          "[0. 0. 0. 0. 0. 0. 0. 0. 0. 0. 0. 0. 0. 0. 0. 0. 0. 0. 0. 0. 0. 0. 0. 0.\n 0. 0. 0. 0. 0. 0. 0. 0. 0. 0. 0. 0. 0. 0. 0. 0. 0. 0. 0. 0. 0. 0. 0. 0.\n 0. 0. 0.]"
        ]
      }
    }
  },
  {
    "query": "with ssr as\n (select s_store_id,\n        sum(sales_price) as sales,\n        sum(profit) as profit,\n        sum(return_amt) as returns,\n        sum(net_loss) as profit_loss\n from\n  ( select  ss_store_sk as store_sk,\n            ss_sold_date_sk  as date_sk,\n            ss_ext_sales_price as sales_price,\n            ss_net_profit as profit,\n            cast(0 as decimal(7,2)) as return_amt,\n            cast(0 as decimal(7,2)) as net_loss\n    from store_sales\n    union all\n    select sr_store_sk as store_sk,\n           sr_returned_date_sk as date_sk,\n           cast(0 as decimal(7,2)) as sales_price,\n           cast(0 as decimal(7,2)) as profit,\n           sr_return_amt as return_amt,\n           sr_net_loss as net_loss\n    from store_returns\n   ) salesreturns,\n     date_dim,\n     store\n where date_sk = d_date_sk\n       and d_date between cast('1998-08-12' as date) \n                  and (cast('1998-08-12' as date) +  interval '14 days')\n       and store_sk = s_store_sk\n group by s_store_id)\n ,\n csr as\n (select cp_catalog_page_id,\n        sum(sales_price) as sales,\n        sum(profit) as profit,\n        sum(return_amt) as returns,\n        sum(net_loss) as profit_loss\n from\n  ( select  cs_catalog_page_sk as page_sk,\n            cs_sold_date_sk  as date_sk,\n            cs_ext_sales_price as sales_price,\n            cs_net_profit as profit,\n            cast(0 as decimal(7,2)) as return_amt,\n            cast(0 as decimal(7,2)) as net_loss\n    from catalog_sales\n    union all\n    select cr_catalog_page_sk as page_sk,\n           cr_returned_date_sk as date_sk,\n           cast(0 as decimal(7,2)) as sales_price,\n           cast(0 as decimal(7,2)) as profit,\n           cr_return_amount as return_amt,\n           cr_net_loss as net_loss\n    from catalog_returns\n   ) salesreturns,\n     date_dim,\n     catalog_page\n where date_sk = d_date_sk\n       and d_date between cast('1998-08-12' as date)\n                  and (cast('1998-08-12' as date) +  interval '14 days')\n       and page_sk = cp_catalog_page_sk\n group by cp_catalog_page_id)\n ,\n wsr as\n (select web_site_id,\n        sum(sales_price) as sales,\n        sum(profit) as profit,\n        sum(return_amt) as returns,\n        sum(net_loss) as profit_loss\n from\n  ( select  ws_web_site_sk as wsr_web_site_sk,\n            ws_sold_date_sk  as date_sk,\n            ws_ext_sales_price as sales_price,\n            ws_net_profit as profit,\n            cast(0 as decimal(7,2)) as return_amt,\n            cast(0 as decimal(7,2)) as net_loss\n    from web_sales\n    union all\n    select ws_web_site_sk as wsr_web_site_sk,\n           wr_returned_date_sk as date_sk,\n           cast(0 as decimal(7,2)) as sales_price,\n           cast(0 as decimal(7,2)) as profit,\n           wr_return_amt as return_amt,\n           wr_net_loss as net_loss\n    from web_returns left outer join web_sales on\n         ( wr_item_sk = ws_item_sk\n           and wr_order_number = ws_order_number)\n   ) salesreturns,\n     date_dim,\n     web_site\n where date_sk = d_date_sk\n       and d_date between cast('1998-08-12' as date)\n                  and (cast('1998-08-12' as date) +  interval '14 days')\n       and wsr_web_site_sk = web_site_sk\n group by web_site_id)\n  select  channel\n        , id\n        , sum(sales) as sales\n        , sum(returns) as returns\n        , sum(profit) as profit\n from \n (select 'store channel' as channel\n        , 'store' || s_store_id as id\n        , sales\n        , returns\n        , (profit - profit_loss) as profit\n from   ssr\n union all\n select 'catalog channel' as channel\n        , 'catalog_page' || cp_catalog_page_id as id\n        , sales\n        , returns\n        , (profit - profit_loss) as profit\n from  csr\n union all\n select 'web channel' as channel\n        , 'web_site' || web_site_id as id\n        , sales\n        , returns\n        , (profit - profit_loss) as profit\n from   wsr\n ) x\n group by rollup (channel, id)\n order by channel\n         ,id\n limit 100;\n\n-- end query 3 in stream 0 using template query5.tpl\n",
    "indexes": "catalog_returns.cr_returned_date_sk",
    "wo plan est": {
      "Node Type": "Limit",
      "Parallel Aware": false,
      "Async Capable": false,
      "Startup Cost": 1940046.82,
      "Total Cost": 1940047.07,
      "Plan Rows": 100,
      "Plan Width": 160,
      "Plans": [
        {
          "Node Type": "Sort",
          "Parent Relationship": "Outer",
          "Parallel Aware": false,
          "Async Capable": false,
          "Startup Cost": 1940046.82,
          "Total Cost": 1940048.1,
          "Plan Rows": 512,
          "Plan Width": 160,
          "Sort Key": [
            "('store channel'::text)",
            "(('store'::text || (ssr.s_store_id)::text))"
          ],
          "Plans": [
            {
              "Node Type": "Aggregate",
              "Strategy": "Mixed",
              "Partial Mode": "Simple",
              "Parent Relationship": "Outer",
              "Parallel Aware": false,
              "Async Capable": false,
              "Startup Cost": 815451.97,
              "Total Cost": 1940027.26,
              "Plan Rows": 512,
              "Plan Width": 160,
              "Grouping Sets": [
                {
                  "Hash Keys": [
                    [
                      "('store channel'::text)",
                      "(('store'::text || (ssr.s_store_id)::text))"
                    ]
                  ]
                },
                {
                  "Hash Keys": [
                    [
                      "('store channel'::text)"
                    ]
                  ]
                },
                {
                  "Group Keys": [
                    []
                  ]
                }
              ],
              "Planned Partitions": 0,
              "Plans": [
                {
                  "Node Type": "Append",
                  "Parent Relationship": "Outer",
                  "Parallel Aware": false,
                  "Async Capable": false,
                  "Startup Cost": 815451.97,
                  "Total Cost": 1939925.06,
                  "Plan Rows": 3108,
                  "Plan Width": 160,
                  "Subplans Removed": 0,
                  "Plans": [
                    {
                      "Node Type": "Subquery Scan",
                      "Parent Relationship": "Member",
                      "Parallel Aware": false,
                      "Async Capable": false,
                      "Alias": "ssr",
                      "Startup Cost": 815451.97,
                      "Total Cost": 815488.32,
                      "Plan Rows": 51,
                      "Plan Width": 160,
                      "Plans": [
                        {
                          "Node Type": "Aggregate",
                          "Strategy": "Sorted",
                          "Partial Mode": "Finalize",
                          "Parent Relationship": "Subquery",
                          "Parallel Aware": false,
                          "Async Capable": false,
                          "Startup Cost": 815451.97,
                          "Total Cost": 815487.43,
                          "Plan Rows": 51,
                          "Plan Width": 145,
                          "Group Key": [
                            "store.s_store_id"
                          ],
                          "Plans": [
                            {
                              "Node Type": "Gather Merge",
                              "Parent Relationship": "Outer",
                              "Parallel Aware": false,
                              "Async Capable": false,
                              "Startup Cost": 815451.97,
                              "Total Cost": 815484.12,
                              "Plan Rows": 102,
                              "Plan Width": 145,
                              "Workers Planned": 2,
                              "Plans": [
                                {
                                  "Node Type": "Aggregate",
                                  "Strategy": "Sorted",
                                  "Partial Mode": "Partial",
                                  "Parent Relationship": "Outer",
                                  "Parallel Aware": false,
                                  "Async Capable": false,
                                  "Startup Cost": 814451.95,
                                  "Total Cost": 814472.32,
                                  "Plan Rows": 51,
                                  "Plan Width": 145,
                                  "Group Key": [
                                    "store.s_store_id"
                                  ],
                                  "Plans": [
                                    {
                                      "Node Type": "Sort",
                                      "Parent Relationship": "Outer",
                                      "Parallel Aware": false,
                                      "Async Capable": false,
                                      "Startup Cost": 814451.95,
                                      "Total Cost": 814455.17,
                                      "Plan Rows": 1290,
                                      "Plan Width": 57,
                                      "Sort Key": [
                                        "store.s_store_id"
                                      ],
                                      "Plans": [
                                        {
                                          "Node Type": "Hash Join",
                                          "Parent Relationship": "Outer",
                                          "Parallel Aware": false,
                                          "Async Capable": false,
                                          "Join Type": "Inner",
                                          "Startup Cost": 2056.95,
                                          "Total Cost": 814385.3,
                                          "Plan Rows": 1290,
                                          "Plan Width": 57,
                                          "Inner Unique": false,
                                          "Hash Cond": "(store_sales.ss_store_sk = store.s_store_sk)",
                                          "Plans": [
                                            {
                                              "Node Type": "Hash Join",
                                              "Parent Relationship": "Outer",
                                              "Parallel Aware": true,
                                              "Async Capable": false,
                                              "Join Type": "Inner",
                                              "Startup Cost": 2049.65,
                                              "Total Cost": 814355.62,
                                              "Plan Rows": 2530,
                                              "Plan Width": 44,
                                              "Inner Unique": false,
                                              "Hash Cond": "(store_sales.ss_sold_date_sk = date_dim.d_date_sk)",
                                              "Plans": [
                                                {
                                                  "Node Type": "Append",
                                                  "Parent Relationship": "Outer",
                                                  "Parallel Aware": true,
                                                  "Async Capable": false,
                                                  "Startup Cost": 0.0,
                                                  "Total Cost": 762796.01,
                                                  "Plan Rows": 13198801,
                                                  "Plan Width": 48,
                                                  "Subplans Removed": 0,
                                                  "Plans": [
                                                    {
                                                      "Node Type": "Seq Scan",
                                                      "Parent Relationship": "Member",
                                                      "Parallel Aware": true,
                                                      "Async Capable": false,
                                                      "Relation Name": "store_sales",
                                                      "Alias": "store_sales",
                                                      "Startup Cost": 0.0,
                                                      "Total Cost": 636914.37,
                                                      "Plan Rows": 12000637,
                                                      "Plan Width": 48,
                                                      "parent": 11,
                                                      "ID": 12
                                                    },
                                                    {
                                                      "Node Type": "Seq Scan",
                                                      "Parent Relationship": "Member",
                                                      "Parallel Aware": true,
                                                      "Async Capable": false,
                                                      "Relation Name": "store_returns",
                                                      "Alias": "store_returns",
                                                      "Startup Cost": 0.0,
                                                      "Total Cost": 59887.64,
                                                      "Plan Rows": 1198164,
                                                      "Plan Width": 48,
                                                      "parent": 11,
                                                      "ID": 13
                                                    }
                                                  ],
                                                  "parent": 10,
                                                  "ID": 11,
                                                  "left": 12,
                                                  "right": 13
                                                },
                                                {
                                                  "Node Type": "Hash",
                                                  "Parent Relationship": "Inner",
                                                  "Parallel Aware": true,
                                                  "Async Capable": false,
                                                  "Startup Cost": 2049.55,
                                                  "Total Cost": 2049.55,
                                                  "Plan Rows": 8,
                                                  "Plan Width": 4,
                                                  "Plans": [
                                                    {
                                                      "Node Type": "Seq Scan",
                                                      "Parent Relationship": "Outer",
                                                      "Parallel Aware": true,
                                                      "Async Capable": false,
                                                      "Relation Name": "date_dim",
                                                      "Alias": "date_dim",
                                                      "Startup Cost": 0.0,
                                                      "Total Cost": 2049.55,
                                                      "Plan Rows": 8,
                                                      "Plan Width": 4,
                                                      "Filter": "((d_date >= '1998-08-12'::date) AND (d_date <= '1998-08-26 00:00:00'::timestamp without time zone))",
                                                      "parent": 14,
                                                      "ID": 15
                                                    }
                                                  ],
                                                  "parent": 10,
                                                  "ID": 14,
                                                  "left": 15
                                                }
                                              ],
                                              "parent": 9,
                                              "ID": 10,
                                              "left": 11,
                                              "right": 14
                                            },
                                            {
                                              "Node Type": "Hash",
                                              "Parent Relationship": "Inner",
                                              "Parallel Aware": false,
                                              "Async Capable": false,
                                              "Startup Cost": 6.02,
                                              "Total Cost": 6.02,
                                              "Plan Rows": 102,
                                              "Plan Width": 21,
                                              "Plans": [
                                                {
                                                  "Node Type": "Seq Scan",
                                                  "Parent Relationship": "Outer",
                                                  "Parallel Aware": false,
                                                  "Async Capable": false,
                                                  "Relation Name": "store",
                                                  "Alias": "store",
                                                  "Startup Cost": 0.0,
                                                  "Total Cost": 6.02,
                                                  "Plan Rows": 102,
                                                  "Plan Width": 21,
                                                  "parent": 16,
                                                  "ID": 17
                                                }
                                              ],
                                              "parent": 9,
                                              "ID": 16,
                                              "left": 17
                                            }
                                          ],
                                          "parent": 8,
                                          "ID": 9,
                                          "left": 10,
                                          "right": 16
                                        }
                                      ],
                                      "parent": 7,
                                      "ID": 8,
                                      "left": 9
                                    }
                                  ],
                                  "parent": 6,
                                  "ID": 7,
                                  "left": 8
                                }
                              ],
                              "parent": 5,
                              "ID": 6,
                              "left": 7
                            }
                          ],
                          "parent": 4,
                          "ID": 5,
                          "left": 6
                        }
                      ],
                      "parent": 3,
                      "ID": 4,
                      "left": 5
                    },
                    {
                      "Node Type": "Subquery Scan",
                      "Parent Relationship": "Member",
                      "Parallel Aware": false,
                      "Async Capable": false,
                      "Alias": "csr",
                      "Startup Cost": 529848.36,
                      "Total Cost": 530353.75,
                      "Plan Rows": 3036,
                      "Plan Width": 160,
                      "Plans": [
                        {
                          "Node Type": "Aggregate",
                          "Strategy": "Sorted",
                          "Partial Mode": "Simple",
                          "Parent Relationship": "Subquery",
                          "Parallel Aware": false,
                          "Async Capable": false,
                          "Startup Cost": 529848.36,
                          "Total Cost": 530300.62,
                          "Plan Rows": 3036,
                          "Plan Width": 145,
                          "Group Key": [
                            "catalog_page.cp_catalog_page_id"
                          ],
                          "Plans": [
                            {
                              "Node Type": "Gather Merge",
                              "Parent Relationship": "Outer",
                              "Parallel Aware": false,
                              "Async Capable": false,
                              "Startup Cost": 529848.36,
                              "Total Cost": 530201.95,
                              "Plan Rows": 3036,
                              "Plan Width": 57,
                              "Workers Planned": 2,
                              "Plans": [
                                {
                                  "Node Type": "Sort",
                                  "Parent Relationship": "Outer",
                                  "Parallel Aware": false,
                                  "Async Capable": false,
                                  "Startup Cost": 528848.34,
                                  "Total Cost": 528851.5,
                                  "Plan Rows": 1265,
                                  "Plan Width": 57,
                                  "Sort Key": [
                                    "catalog_page.cp_catalog_page_id"
                                  ],
                                  "Plans": [
                                    {
                                      "Node Type": "Hash Join",
                                      "Parent Relationship": "Outer",
                                      "Parallel Aware": false,
                                      "Async Capable": false,
                                      "Join Type": "Inner",
                                      "Startup Cost": 2567.65,
                                      "Total Cost": 528783.16,
                                      "Plan Rows": 1265,
                                      "Plan Width": 57,
                                      "Inner Unique": false,
                                      "Hash Cond": "(catalog_sales.cs_catalog_page_sk = catalog_page.cp_catalog_page_sk)",
                                      "Plans": [
                                        {
                                          "Node Type": "Hash Join",
                                          "Parent Relationship": "Outer",
                                          "Parallel Aware": true,
                                          "Async Capable": false,
                                          "Join Type": "Inner",
                                          "Startup Cost": 2049.65,
                                          "Total Cost": 528247.76,
                                          "Plan Rows": 1265,
                                          "Plan Width": 44,
                                          "Inner Unique": false,
                                          "Hash Cond": "(catalog_sales.cs_sold_date_sk = date_dim_1.d_date_sk)",
                                          "Plans": [
                                            {
                                              "Node Type": "Append",
                                              "Parent Relationship": "Outer",
                                              "Parallel Aware": true,
                                              "Async Capable": false,
                                              "Startup Cost": 0.0,
                                              "Total Cost": 501439.31,
                                              "Plan Rows": 6600420,
                                              "Plan Width": 48,
                                              "Subplans Removed": 0,
                                              "Plans": [
                                                {
                                                  "Node Type": "Seq Scan",
                                                  "Parent Relationship": "Member",
                                                  "Parallel Aware": true,
                                                  "Async Capable": false,
                                                  "Relation Name": "catalog_sales",
                                                  "Alias": "catalog_sales",
                                                  "Startup Cost": 0.0,
                                                  "Total Cost": 433688.25,
                                                  "Plan Rows": 6000525,
                                                  "Plan Width": 48,
                                                  "parent": 24,
                                                  "ID": 25
                                                },
                                                {
                                                  "Node Type": "Seq Scan",
                                                  "Parent Relationship": "Member",
                                                  "Parallel Aware": true,
                                                  "Async Capable": false,
                                                  "Relation Name": "catalog_returns",
                                                  "Alias": "catalog_returns",
                                                  "Startup Cost": 0.0,
                                                  "Total Cost": 34748.95,
                                                  "Plan Rows": 599895,
                                                  "Plan Width": 48,
                                                  "parent": 24,
                                                  "ID": 26
                                                }
                                              ],
                                              "parent": 23,
                                              "ID": 24,
                                              "left": 25,
                                              "right": 26
                                            },
                                            {
                                              "Node Type": "Hash",
                                              "Parent Relationship": "Inner",
                                              "Parallel Aware": true,
                                              "Async Capable": false,
                                              "Startup Cost": 2049.55,
                                              "Total Cost": 2049.55,
                                              "Plan Rows": 8,
                                              "Plan Width": 4,
                                              "Plans": [
                                                {
                                                  "Node Type": "Seq Scan",
                                                  "Parent Relationship": "Outer",
                                                  "Parallel Aware": true,
                                                  "Async Capable": false,
                                                  "Relation Name": "date_dim",
                                                  "Alias": "date_dim_1",
                                                  "Startup Cost": 0.0,
                                                  "Total Cost": 2049.55,
                                                  "Plan Rows": 8,
                                                  "Plan Width": 4,
                                                  "Filter": "((d_date >= '1998-08-12'::date) AND (d_date <= '1998-08-26 00:00:00'::timestamp without time zone))",
                                                  "parent": 27,
                                                  "ID": 28
                                                }
                                              ],
                                              "parent": 23,
                                              "ID": 27,
                                              "left": 28
                                            }
                                          ],
                                          "parent": 22,
                                          "ID": 23,
                                          "left": 24,
                                          "right": 27
                                        },
                                        {
                                          "Node Type": "Hash",
                                          "Parent Relationship": "Inner",
                                          "Parallel Aware": false,
                                          "Async Capable": false,
                                          "Startup Cost": 368.0,
                                          "Total Cost": 368.0,
                                          "Plan Rows": 12000,
                                          "Plan Width": 21,
                                          "Plans": [
                                            {
                                              "Node Type": "Seq Scan",
                                              "Parent Relationship": "Outer",
                                              "Parallel Aware": false,
                                              "Async Capable": false,
                                              "Relation Name": "catalog_page",
                                              "Alias": "catalog_page",
                                              "Startup Cost": 0.0,
                                              "Total Cost": 368.0,
                                              "Plan Rows": 12000,
                                              "Plan Width": 21,
                                              "parent": 29,
                                              "ID": 30
                                            }
                                          ],
                                          "parent": 22,
                                          "ID": 29,
                                          "left": 30
                                        }
                                      ],
                                      "parent": 21,
                                      "ID": 22,
                                      "left": 23,
                                      "right": 29
                                    }
                                  ],
                                  "parent": 20,
                                  "ID": 21,
                                  "left": 22
                                }
                              ],
                              "parent": 19,
                              "ID": 20,
                              "left": 21
                            }
                          ],
                          "parent": 18,
                          "ID": 19,
                          "left": 20
                        }
                      ],
                      "parent": 3,
                      "ID": 18,
                      "left": 19
                    },
                    {
                      "Node Type": "Subquery Scan",
                      "Parent Relationship": "Member",
                      "Parallel Aware": false,
                      "Async Capable": false,
                      "Alias": "wsr",
                      "Startup Cost": 594058.45,
                      "Total Cost": 594067.44,
                      "Plan Rows": 21,
                      "Plan Width": 160,
                      "Plans": [
                        {
                          "Node Type": "Aggregate",
                          "Strategy": "Sorted",
                          "Partial Mode": "Finalize",
                          "Parent Relationship": "Subquery",
                          "Parallel Aware": false,
                          "Async Capable": false,
                          "Startup Cost": 594058.45,
                          "Total Cost": 594067.07,
                          "Plan Rows": 21,
                          "Plan Width": 145,
                          "Group Key": [
                            "web_site.web_site_id"
                          ],
                          "Plans": [
                            {
                              "Node Type": "Gather Merge",
                              "Parent Relationship": "Outer",
                              "Parallel Aware": false,
                              "Async Capable": false,
                              "Startup Cost": 594058.45,
                              "Total Cost": 594065.71,
                              "Plan Rows": 42,
                              "Plan Width": 145,
                              "Workers Planned": 2,
                              "Plans": [
                                {
                                  "Node Type": "Aggregate",
                                  "Strategy": "Sorted",
                                  "Partial Mode": "Partial",
                                  "Parent Relationship": "Outer",
                                  "Parallel Aware": false,
                                  "Async Capable": false,
                                  "Startup Cost": 593058.42,
                                  "Total Cost": 593060.84,
                                  "Plan Rows": 21,
                                  "Plan Width": 145,
                                  "Group Key": [
                                    "web_site.web_site_id"
                                  ],
                                  "Plans": [
                                    {
                                      "Node Type": "Sort",
                                      "Parent Relationship": "Outer",
                                      "Parallel Aware": false,
                                      "Async Capable": false,
                                      "Startup Cost": 593058.42,
                                      "Total Cost": 593058.75,
                                      "Plan Rows": 133,
                                      "Plan Width": 57,
                                      "Sort Key": [
                                        "web_site.web_site_id"
                                      ],
                                      "Plans": [
                                        {
                                          "Node Type": "Hash Join",
                                          "Parent Relationship": "Outer",
                                          "Parallel Aware": false,
                                          "Async Capable": false,
                                          "Join Type": "Inner",
                                          "Startup Cost": 2053.6,
                                          "Total Cost": 593053.73,
                                          "Plan Rows": 133,
                                          "Plan Width": 57,
                                          "Inner Unique": false,
                                          "Hash Cond": "(\"*SELECT* 2\".wsr_web_site_sk = web_site.web_site_sk)",
                                          "Plans": [
                                            {
                                              "Node Type": "Hash Join",
                                              "Parent Relationship": "Outer",
                                              "Parallel Aware": true,
                                              "Async Capable": false,
                                              "Join Type": "Inner",
                                              "Startup Cost": 2049.65,
                                              "Total Cost": 593046.09,
                                              "Plan Rows": 632,
                                              "Plan Width": 44,
                                              "Inner Unique": false,
                                              "Hash Cond": "(\"*SELECT* 2\".date_sk = date_dim_2.d_date_sk)",
                                              "Plans": [
                                                {
                                                  "Node Type": "Append",
                                                  "Parent Relationship": "Outer",
                                                  "Parallel Aware": true,
                                                  "Async Capable": false,
                                                  "Startup Cost": 0.0,
                                                  "Total Cost": 577049.1,
                                                  "Plan Rows": 3718203,
                                                  "Plan Width": 48,
                                                  "Subplans Removed": 0,
                                                  "Plans": [
                                                    {
                                                      "Node Type": "Subquery Scan",
                                                      "Parent Relationship": "Member",
                                                      "Parallel Aware": false,
                                                      "Async Capable": false,
                                                      "Alias": "*SELECT* 2",
                                                      "Startup Cost": 277366.65,
                                                      "Total Cost": 340720.23,
                                                      "Plan Rows": 719217,
                                                      "Plan Width": 48,
                                                      "Plans": [
                                                        {
                                                          "Node Type": "Hash Join",
                                                          "Parent Relationship": "Subquery",
                                                          "Parallel Aware": true,
                                                          "Async Capable": false,
                                                          "Join Type": "Left",
                                                          "Startup Cost": 277366.65,
                                                          "Total Cost": 333528.06,
                                                          "Plan Rows": 299674,
                                                          "Plan Width": 48,
                                                          "Inner Unique": false,
                                                          "Hash Cond": "((web_returns.wr_item_sk = web_sales_1.ws_item_sk) AND (web_returns.wr_order_number = web_sales_1.ws_order_number))",
                                                          "Plans": [
                                                            {
                                                              "Node Type": "Seq Scan",
                                                              "Parent Relationship": "Outer",
                                                              "Parallel Aware": true,
                                                              "Async Capable": false,
                                                              "Relation Name": "web_returns",
                                                              "Alias": "web_returns",
                                                              "Startup Cost": 0.0,
                                                              "Total Cost": 16278.74,
                                                              "Plan Rows": 299674,
                                                              "Plan Width": 24,
                                                              "parent": 40,
                                                              "ID": 41
                                                            },
                                                            {
                                                              "Node Type": "Hash",
                                                              "Parent Relationship": "Inner",
                                                              "Parallel Aware": true,
                                                              "Async Capable": false,
                                                              "Startup Cost": 217737.86,
                                                              "Total Cost": 217737.86,
                                                              "Plan Rows": 2998986,
                                                              "Plan Width": 12,
                                                              "Plans": [
                                                                {
                                                                  "Node Type": "Seq Scan",
                                                                  "Parent Relationship": "Outer",
                                                                  "Parallel Aware": true,
                                                                  "Async Capable": false,
                                                                  "Relation Name": "web_sales",
                                                                  "Alias": "web_sales_1",
                                                                  "Startup Cost": 0.0,
                                                                  "Total Cost": 217737.86,
                                                                  "Plan Rows": 2998986,
                                                                  "Plan Width": 12,
                                                                  "parent": 42,
                                                                  "ID": 43
                                                                }
                                                              ],
                                                              "parent": 40,
                                                              "ID": 42,
                                                              "left": 43
                                                            }
                                                          ],
                                                          "parent": 39,
                                                          "ID": 40,
                                                          "left": 41,
                                                          "right": 42
                                                        }
                                                      ],
                                                      "parent": 38,
                                                      "ID": 39,
                                                      "left": 40
                                                    },
                                                    {
                                                      "Node Type": "Seq Scan",
                                                      "Parent Relationship": "Member",
                                                      "Parallel Aware": true,
                                                      "Async Capable": false,
                                                      "Relation Name": "web_sales",
                                                      "Alias": "web_sales",
                                                      "Startup Cost": 0.0,
                                                      "Total Cost": 217737.86,
                                                      "Plan Rows": 2998986,
                                                      "Plan Width": 48,
                                                      "parent": 38,
                                                      "ID": 44
                                                    }
                                                  ],
                                                  "parent": 37,
                                                  "ID": 38,
                                                  "left": 39,
                                                  "right": 44
                                                },
                                                {
                                                  "Node Type": "Hash",
                                                  "Parent Relationship": "Inner",
                                                  "Parallel Aware": true,
                                                  "Async Capable": false,
                                                  "Startup Cost": 2049.55,
                                                  "Total Cost": 2049.55,
                                                  "Plan Rows": 8,
                                                  "Plan Width": 4,
                                                  "Plans": [
                                                    {
                                                      "Node Type": "Seq Scan",
                                                      "Parent Relationship": "Outer",
                                                      "Parallel Aware": true,
                                                      "Async Capable": false,
                                                      "Relation Name": "date_dim",
                                                      "Alias": "date_dim_2",
                                                      "Startup Cost": 0.0,
                                                      "Total Cost": 2049.55,
                                                      "Plan Rows": 8,
                                                      "Plan Width": 4,
                                                      "Filter": "((d_date >= '1998-08-12'::date) AND (d_date <= '1998-08-26 00:00:00'::timestamp without time zone))",
                                                      "parent": 45,
                                                      "ID": 46
                                                    }
                                                  ],
                                                  "parent": 37,
                                                  "ID": 45,
                                                  "left": 46
                                                }
                                              ],
                                              "parent": 36,
                                              "ID": 37,
                                              "left": 38,
                                              "right": 45
                                            },
                                            {
                                              "Node Type": "Hash",
                                              "Parent Relationship": "Inner",
                                              "Parallel Aware": false,
                                              "Async Capable": false,
                                              "Startup Cost": 3.42,
                                              "Total Cost": 3.42,
                                              "Plan Rows": 42,
                                              "Plan Width": 21,
                                              "Plans": [
                                                {
                                                  "Node Type": "Seq Scan",
                                                  "Parent Relationship": "Outer",
                                                  "Parallel Aware": false,
                                                  "Async Capable": false,
                                                  "Relation Name": "web_site",
                                                  "Alias": "web_site",
                                                  "Startup Cost": 0.0,
                                                  "Total Cost": 3.42,
                                                  "Plan Rows": 42,
                                                  "Plan Width": 21,
                                                  "parent": 47,
                                                  "ID": 48
                                                }
                                              ],
                                              "parent": 36,
                                              "ID": 47,
                                              "left": 48
                                            }
                                          ],
                                          "parent": 35,
                                          "ID": 36,
                                          "left": 37,
                                          "right": 47
                                        }
                                      ],
                                      "parent": 34,
                                      "ID": 35,
                                      "left": 36
                                    }
                                  ],
                                  "parent": 33,
                                  "ID": 34,
                                  "left": 35
                                }
                              ],
                              "parent": 32,
                              "ID": 33,
                              "left": 34
                            }
                          ],
                          "parent": 31,
                          "ID": 32,
                          "left": 33
                        }
                      ],
                      "parent": 3,
                      "ID": 31,
                      "left": 32
                    }
                  ],
                  "parent": 2,
                  "ID": 3,
                  "left": 4,
                  "right": 18
                }
              ],
              "parent": 1,
              "ID": 2,
              "left": 3
            }
          ],
          "parent": 0,
          "ID": 1,
          "left": 2
        }
      ],
      "parent": null,
      "ID": 0,
      "left": 1
    },
    "feat": {
      "utility": 0.0,
      "query_shape": [
        [
          "Seq Scan",
          "Append",
          "Hash Join",
          "Sort",
          "Aggregate",
          "Gather Merge",
          "Subquery Scan"
        ],
        [
          "Seq Scan",
          "Append",
          "Hash Join",
          "Sort",
          "Aggregate",
          "Gather Merge",
          "Subquery Scan"
        ],
        [
          "Seq Scan",
          "Hash",
          "Hash Join",
          "Sort",
          "Aggregate",
          "Gather Merge",
          "Subquery Scan",
          "Append"
        ],
        [
          "Seq Scan",
          "Hash",
          "Hash Join",
          "Sort",
          "Aggregate",
          "Gather Merge",
          "Subquery Scan",
          "Append"
        ],
        [
          "Seq Scan",
          "Append",
          "Hash Join",
          "Sort",
          "Gather Merge",
          "Aggregate",
          "Subquery Scan"
        ],
        [
          "Seq Scan",
          "Append",
          "Hash Join",
          "Sort",
          "Gather Merge",
          "Aggregate",
          "Subquery Scan"
        ],
        [
          "Seq Scan",
          "Hash",
          "Hash Join",
          "Sort",
          "Gather Merge",
          "Aggregate",
          "Subquery Scan",
          "Append"
        ],
        [
          "Seq Scan",
          "Hash",
          "Hash Join",
          "Sort",
          "Gather Merge",
          "Aggregate",
          "Subquery Scan",
          "Append"
        ],
        [
          "Seq Scan",
          "Hash Join",
          "Subquery Scan",
          "Append",
          "Sort",
          "Aggregate",
          "Gather Merge"
        ],
        [
          "Seq Scan",
          "Hash",
          "Hash Join",
          "Subquery Scan",
          "Append",
          "Sort",
          "Aggregate",
          "Gather Merge"
        ],
        [
          "Seq Scan",
          "Append",
          "Hash Join",
          "Sort",
          "Aggregate",
          "Gather Merge",
          "Subquery Scan"
        ],
        [
          "Seq Scan",
          "Hash",
          "Hash Join",
          "Sort",
          "Aggregate",
          "Gather Merge",
          "Subquery Scan",
          "Append"
        ],
        [
          "Seq Scan",
          "Hash",
          "Hash Join",
          "Sort",
          "Aggregate",
          "Gather Merge",
          "Subquery Scan",
          "Append"
        ]
      ],
      "index_shape": [],
      "physical_operator": {}
    }
  },
  {
    "query": "with ssr as\n (select s_store_id,\n        sum(sales_price) as sales,\n        sum(profit) as profit,\n        sum(return_amt) as returns,\n        sum(net_loss) as profit_loss\n from\n  ( select  ss_store_sk as store_sk,\n            ss_sold_date_sk  as date_sk,\n            ss_ext_sales_price as sales_price,\n            ss_net_profit as profit,\n            cast(0 as decimal(7,2)) as return_amt,\n            cast(0 as decimal(7,2)) as net_loss\n    from store_sales\n    union all\n    select sr_store_sk as store_sk,\n           sr_returned_date_sk as date_sk,\n           cast(0 as decimal(7,2)) as sales_price,\n           cast(0 as decimal(7,2)) as profit,\n           sr_return_amt as return_amt,\n           sr_net_loss as net_loss\n    from store_returns\n   ) salesreturns,\n     date_dim,\n     store\n where date_sk = d_date_sk\n       and d_date between cast('1998-08-12' as date) \n                  and (cast('1998-08-12' as date) +  interval '14 days')\n       and store_sk = s_store_sk\n group by s_store_id)\n ,\n csr as\n (select cp_catalog_page_id,\n        sum(sales_price) as sales,\n        sum(profit) as profit,\n        sum(return_amt) as returns,\n        sum(net_loss) as profit_loss\n from\n  ( select  cs_catalog_page_sk as page_sk,\n            cs_sold_date_sk  as date_sk,\n            cs_ext_sales_price as sales_price,\n            cs_net_profit as profit,\n            cast(0 as decimal(7,2)) as return_amt,\n            cast(0 as decimal(7,2)) as net_loss\n    from catalog_sales\n    union all\n    select cr_catalog_page_sk as page_sk,\n           cr_returned_date_sk as date_sk,\n           cast(0 as decimal(7,2)) as sales_price,\n           cast(0 as decimal(7,2)) as profit,\n           cr_return_amount as return_amt,\n           cr_net_loss as net_loss\n    from catalog_returns\n   ) salesreturns,\n     date_dim,\n     catalog_page\n where date_sk = d_date_sk\n       and d_date between cast('1998-08-12' as date)\n                  and (cast('1998-08-12' as date) +  interval '14 days')\n       and page_sk = cp_catalog_page_sk\n group by cp_catalog_page_id)\n ,\n wsr as\n (select web_site_id,\n        sum(sales_price) as sales,\n        sum(profit) as profit,\n        sum(return_amt) as returns,\n        sum(net_loss) as profit_loss\n from\n  ( select  ws_web_site_sk as wsr_web_site_sk,\n            ws_sold_date_sk  as date_sk,\n            ws_ext_sales_price as sales_price,\n            ws_net_profit as profit,\n            cast(0 as decimal(7,2)) as return_amt,\n            cast(0 as decimal(7,2)) as net_loss\n    from web_sales\n    union all\n    select ws_web_site_sk as wsr_web_site_sk,\n           wr_returned_date_sk as date_sk,\n           cast(0 as decimal(7,2)) as sales_price,\n           cast(0 as decimal(7,2)) as profit,\n           wr_return_amt as return_amt,\n           wr_net_loss as net_loss\n    from web_returns left outer join web_sales on\n         ( wr_item_sk = ws_item_sk\n           and wr_order_number = ws_order_number)\n   ) salesreturns,\n     date_dim,\n     web_site\n where date_sk = d_date_sk\n       and d_date between cast('1998-08-12' as date)\n                  and (cast('1998-08-12' as date) +  interval '14 days')\n       and wsr_web_site_sk = web_site_sk\n group by web_site_id)\n  select  channel\n        , id\n        , sum(sales) as sales\n        , sum(returns) as returns\n        , sum(profit) as profit\n from \n (select 'store channel' as channel\n        , 'store' || s_store_id as id\n        , sales\n        , returns\n        , (profit - profit_loss) as profit\n from   ssr\n union all\n select 'catalog channel' as channel\n        , 'catalog_page' || cp_catalog_page_id as id\n        , sales\n        , returns\n        , (profit - profit_loss) as profit\n from  csr\n union all\n select 'web channel' as channel\n        , 'web_site' || web_site_id as id\n        , sales\n        , returns\n        , (profit - profit_loss) as profit\n from   wsr\n ) x\n group by rollup (channel, id)\n order by channel\n         ,id\n limit 100;\n\n-- end query 3 in stream 0 using template query5.tpl\n",
    "indexes": "catalog_returns.cr_catalog_page_sk",
    "wo plan est": {
      "Node Type": "Limit",
      "Parallel Aware": false,
      "Async Capable": false,
      "Startup Cost": 1940046.82,
      "Total Cost": 1940047.07,
      "Plan Rows": 100,
      "Plan Width": 160,
      "Plans": [
        {
          "Node Type": "Sort",
          "Parent Relationship": "Outer",
          "Parallel Aware": false,
          "Async Capable": false,
          "Startup Cost": 1940046.82,
          "Total Cost": 1940048.1,
          "Plan Rows": 512,
          "Plan Width": 160,
          "Sort Key": [
            "('store channel'::text)",
            "(('store'::text || (ssr.s_store_id)::text))"
          ],
          "Plans": [
            {
              "Node Type": "Aggregate",
              "Strategy": "Mixed",
              "Partial Mode": "Simple",
              "Parent Relationship": "Outer",
              "Parallel Aware": false,
              "Async Capable": false,
              "Startup Cost": 815451.97,
              "Total Cost": 1940027.26,
              "Plan Rows": 512,
              "Plan Width": 160,
              "Grouping Sets": [
                {
                  "Hash Keys": [
                    [
                      "('store channel'::text)",
                      "(('store'::text || (ssr.s_store_id)::text))"
                    ]
                  ]
                },
                {
                  "Hash Keys": [
                    [
                      "('store channel'::text)"
                    ]
                  ]
                },
                {
                  "Group Keys": [
                    []
                  ]
                }
              ],
              "Planned Partitions": 0,
              "Plans": [
                {
                  "Node Type": "Append",
                  "Parent Relationship": "Outer",
                  "Parallel Aware": false,
                  "Async Capable": false,
                  "Startup Cost": 815451.97,
                  "Total Cost": 1939925.06,
                  "Plan Rows": 3108,
                  "Plan Width": 160,
                  "Subplans Removed": 0,
                  "Plans": [
                    {
                      "Node Type": "Subquery Scan",
                      "Parent Relationship": "Member",
                      "Parallel Aware": false,
                      "Async Capable": false,
                      "Alias": "ssr",
                      "Startup Cost": 815451.97,
                      "Total Cost": 815488.32,
                      "Plan Rows": 51,
                      "Plan Width": 160,
                      "Plans": [
                        {
                          "Node Type": "Aggregate",
                          "Strategy": "Sorted",
                          "Partial Mode": "Finalize",
                          "Parent Relationship": "Subquery",
                          "Parallel Aware": false,
                          "Async Capable": false,
                          "Startup Cost": 815451.97,
                          "Total Cost": 815487.43,
                          "Plan Rows": 51,
                          "Plan Width": 145,
                          "Group Key": [
                            "store.s_store_id"
                          ],
                          "Plans": [
                            {
                              "Node Type": "Gather Merge",
                              "Parent Relationship": "Outer",
                              "Parallel Aware": false,
                              "Async Capable": false,
                              "Startup Cost": 815451.97,
                              "Total Cost": 815484.12,
                              "Plan Rows": 102,
                              "Plan Width": 145,
                              "Workers Planned": 2,
                              "Plans": [
                                {
                                  "Node Type": "Aggregate",
                                  "Strategy": "Sorted",
                                  "Partial Mode": "Partial",
                                  "Parent Relationship": "Outer",
                                  "Parallel Aware": false,
                                  "Async Capable": false,
                                  "Startup Cost": 814451.95,
                                  "Total Cost": 814472.32,
                                  "Plan Rows": 51,
                                  "Plan Width": 145,
                                  "Group Key": [
                                    "store.s_store_id"
                                  ],
                                  "Plans": [
                                    {
                                      "Node Type": "Sort",
                                      "Parent Relationship": "Outer",
                                      "Parallel Aware": false,
                                      "Async Capable": false,
                                      "Startup Cost": 814451.95,
                                      "Total Cost": 814455.17,
                                      "Plan Rows": 1290,
                                      "Plan Width": 57,
                                      "Sort Key": [
                                        "store.s_store_id"
                                      ],
                                      "Plans": [
                                        {
                                          "Node Type": "Hash Join",
                                          "Parent Relationship": "Outer",
                                          "Parallel Aware": false,
                                          "Async Capable": false,
                                          "Join Type": "Inner",
                                          "Startup Cost": 2056.95,
                                          "Total Cost": 814385.3,
                                          "Plan Rows": 1290,
                                          "Plan Width": 57,
                                          "Inner Unique": false,
                                          "Hash Cond": "(store_sales.ss_store_sk = store.s_store_sk)",
                                          "Plans": [
                                            {
                                              "Node Type": "Hash Join",
                                              "Parent Relationship": "Outer",
                                              "Parallel Aware": true,
                                              "Async Capable": false,
                                              "Join Type": "Inner",
                                              "Startup Cost": 2049.65,
                                              "Total Cost": 814355.62,
                                              "Plan Rows": 2530,
                                              "Plan Width": 44,
                                              "Inner Unique": false,
                                              "Hash Cond": "(store_sales.ss_sold_date_sk = date_dim.d_date_sk)",
                                              "Plans": [
                                                {
                                                  "Node Type": "Append",
                                                  "Parent Relationship": "Outer",
                                                  "Parallel Aware": true,
                                                  "Async Capable": false,
                                                  "Startup Cost": 0.0,
                                                  "Total Cost": 762796.01,
                                                  "Plan Rows": 13198801,
                                                  "Plan Width": 48,
                                                  "Subplans Removed": 0,
                                                  "Plans": [
                                                    {
                                                      "Node Type": "Seq Scan",
                                                      "Parent Relationship": "Member",
                                                      "Parallel Aware": true,
                                                      "Async Capable": false,
                                                      "Relation Name": "store_sales",
                                                      "Alias": "store_sales",
                                                      "Startup Cost": 0.0,
                                                      "Total Cost": 636914.37,
                                                      "Plan Rows": 12000637,
                                                      "Plan Width": 48,
                                                      "parent": 11,
                                                      "ID": 12
                                                    },
                                                    {
                                                      "Node Type": "Seq Scan",
                                                      "Parent Relationship": "Member",
                                                      "Parallel Aware": true,
                                                      "Async Capable": false,
                                                      "Relation Name": "store_returns",
                                                      "Alias": "store_returns",
                                                      "Startup Cost": 0.0,
                                                      "Total Cost": 59887.64,
                                                      "Plan Rows": 1198164,
                                                      "Plan Width": 48,
                                                      "parent": 11,
                                                      "ID": 13
                                                    }
                                                  ],
                                                  "parent": 10,
                                                  "ID": 11,
                                                  "left": 12,
                                                  "right": 13
                                                },
                                                {
                                                  "Node Type": "Hash",
                                                  "Parent Relationship": "Inner",
                                                  "Parallel Aware": true,
                                                  "Async Capable": false,
                                                  "Startup Cost": 2049.55,
                                                  "Total Cost": 2049.55,
                                                  "Plan Rows": 8,
                                                  "Plan Width": 4,
                                                  "Plans": [
                                                    {
                                                      "Node Type": "Seq Scan",
                                                      "Parent Relationship": "Outer",
                                                      "Parallel Aware": true,
                                                      "Async Capable": false,
                                                      "Relation Name": "date_dim",
                                                      "Alias": "date_dim",
                                                      "Startup Cost": 0.0,
                                                      "Total Cost": 2049.55,
                                                      "Plan Rows": 8,
                                                      "Plan Width": 4,
                                                      "Filter": "((d_date >= '1998-08-12'::date) AND (d_date <= '1998-08-26 00:00:00'::timestamp without time zone))",
                                                      "parent": 14,
                                                      "ID": 15
                                                    }
                                                  ],
                                                  "parent": 10,
                                                  "ID": 14,
                                                  "left": 15
                                                }
                                              ],
                                              "parent": 9,
                                              "ID": 10,
                                              "left": 11,
                                              "right": 14
                                            },
                                            {
                                              "Node Type": "Hash",
                                              "Parent Relationship": "Inner",
                                              "Parallel Aware": false,
                                              "Async Capable": false,
                                              "Startup Cost": 6.02,
                                              "Total Cost": 6.02,
                                              "Plan Rows": 102,
                                              "Plan Width": 21,
                                              "Plans": [
                                                {
                                                  "Node Type": "Seq Scan",
                                                  "Parent Relationship": "Outer",
                                                  "Parallel Aware": false,
                                                  "Async Capable": false,
                                                  "Relation Name": "store",
                                                  "Alias": "store",
                                                  "Startup Cost": 0.0,
                                                  "Total Cost": 6.02,
                                                  "Plan Rows": 102,
                                                  "Plan Width": 21,
                                                  "parent": 16,
                                                  "ID": 17
                                                }
                                              ],
                                              "parent": 9,
                                              "ID": 16,
                                              "left": 17
                                            }
                                          ],
                                          "parent": 8,
                                          "ID": 9,
                                          "left": 10,
                                          "right": 16
                                        }
                                      ],
                                      "parent": 7,
                                      "ID": 8,
                                      "left": 9
                                    }
                                  ],
                                  "parent": 6,
                                  "ID": 7,
                                  "left": 8
                                }
                              ],
                              "parent": 5,
                              "ID": 6,
                              "left": 7
                            }
                          ],
                          "parent": 4,
                          "ID": 5,
                          "left": 6
                        }
                      ],
                      "parent": 3,
                      "ID": 4,
                      "left": 5
                    },
                    {
                      "Node Type": "Subquery Scan",
                      "Parent Relationship": "Member",
                      "Parallel Aware": false,
                      "Async Capable": false,
                      "Alias": "csr",
                      "Startup Cost": 529848.36,
                      "Total Cost": 530353.75,
                      "Plan Rows": 3036,
                      "Plan Width": 160,
                      "Plans": [
                        {
                          "Node Type": "Aggregate",
                          "Strategy": "Sorted",
                          "Partial Mode": "Simple",
                          "Parent Relationship": "Subquery",
                          "Parallel Aware": false,
                          "Async Capable": false,
                          "Startup Cost": 529848.36,
                          "Total Cost": 530300.62,
                          "Plan Rows": 3036,
                          "Plan Width": 145,
                          "Group Key": [
                            "catalog_page.cp_catalog_page_id"
                          ],
                          "Plans": [
                            {
                              "Node Type": "Gather Merge",
                              "Parent Relationship": "Outer",
                              "Parallel Aware": false,
                              "Async Capable": false,
                              "Startup Cost": 529848.36,
                              "Total Cost": 530201.95,
                              "Plan Rows": 3036,
                              "Plan Width": 57,
                              "Workers Planned": 2,
                              "Plans": [
                                {
                                  "Node Type": "Sort",
                                  "Parent Relationship": "Outer",
                                  "Parallel Aware": false,
                                  "Async Capable": false,
                                  "Startup Cost": 528848.34,
                                  "Total Cost": 528851.5,
                                  "Plan Rows": 1265,
                                  "Plan Width": 57,
                                  "Sort Key": [
                                    "catalog_page.cp_catalog_page_id"
                                  ],
                                  "Plans": [
                                    {
                                      "Node Type": "Hash Join",
                                      "Parent Relationship": "Outer",
                                      "Parallel Aware": false,
                                      "Async Capable": false,
                                      "Join Type": "Inner",
                                      "Startup Cost": 2567.65,
                                      "Total Cost": 528783.16,
                                      "Plan Rows": 1265,
                                      "Plan Width": 57,
                                      "Inner Unique": false,
                                      "Hash Cond": "(catalog_sales.cs_catalog_page_sk = catalog_page.cp_catalog_page_sk)",
                                      "Plans": [
                                        {
                                          "Node Type": "Hash Join",
                                          "Parent Relationship": "Outer",
                                          "Parallel Aware": true,
                                          "Async Capable": false,
                                          "Join Type": "Inner",
                                          "Startup Cost": 2049.65,
                                          "Total Cost": 528247.76,
                                          "Plan Rows": 1265,
                                          "Plan Width": 44,
                                          "Inner Unique": false,
                                          "Hash Cond": "(catalog_sales.cs_sold_date_sk = date_dim_1.d_date_sk)",
                                          "Plans": [
                                            {
                                              "Node Type": "Append",
                                              "Parent Relationship": "Outer",
                                              "Parallel Aware": true,
                                              "Async Capable": false,
                                              "Startup Cost": 0.0,
                                              "Total Cost": 501439.31,
                                              "Plan Rows": 6600420,
                                              "Plan Width": 48,
                                              "Subplans Removed": 0,
                                              "Plans": [
                                                {
                                                  "Node Type": "Seq Scan",
                                                  "Parent Relationship": "Member",
                                                  "Parallel Aware": true,
                                                  "Async Capable": false,
                                                  "Relation Name": "catalog_sales",
                                                  "Alias": "catalog_sales",
                                                  "Startup Cost": 0.0,
                                                  "Total Cost": 433688.25,
                                                  "Plan Rows": 6000525,
                                                  "Plan Width": 48,
                                                  "parent": 24,
                                                  "ID": 25
                                                },
                                                {
                                                  "Node Type": "Seq Scan",
                                                  "Parent Relationship": "Member",
                                                  "Parallel Aware": true,
                                                  "Async Capable": false,
                                                  "Relation Name": "catalog_returns",
                                                  "Alias": "catalog_returns",
                                                  "Startup Cost": 0.0,
                                                  "Total Cost": 34748.95,
                                                  "Plan Rows": 599895,
                                                  "Plan Width": 48,
                                                  "parent": 24,
                                                  "ID": 26
                                                }
                                              ],
                                              "parent": 23,
                                              "ID": 24,
                                              "left": 25,
                                              "right": 26
                                            },
                                            {
                                              "Node Type": "Hash",
                                              "Parent Relationship": "Inner",
                                              "Parallel Aware": true,
                                              "Async Capable": false,
                                              "Startup Cost": 2049.55,
                                              "Total Cost": 2049.55,
                                              "Plan Rows": 8,
                                              "Plan Width": 4,
                                              "Plans": [
                                                {
                                                  "Node Type": "Seq Scan",
                                                  "Parent Relationship": "Outer",
                                                  "Parallel Aware": true,
                                                  "Async Capable": false,
                                                  "Relation Name": "date_dim",
                                                  "Alias": "date_dim_1",
                                                  "Startup Cost": 0.0,
                                                  "Total Cost": 2049.55,
                                                  "Plan Rows": 8,
                                                  "Plan Width": 4,
                                                  "Filter": "((d_date >= '1998-08-12'::date) AND (d_date <= '1998-08-26 00:00:00'::timestamp without time zone))",
                                                  "parent": 27,
                                                  "ID": 28
                                                }
                                              ],
                                              "parent": 23,
                                              "ID": 27,
                                              "left": 28
                                            }
                                          ],
                                          "parent": 22,
                                          "ID": 23,
                                          "left": 24,
                                          "right": 27
                                        },
                                        {
                                          "Node Type": "Hash",
                                          "Parent Relationship": "Inner",
                                          "Parallel Aware": false,
                                          "Async Capable": false,
                                          "Startup Cost": 368.0,
                                          "Total Cost": 368.0,
                                          "Plan Rows": 12000,
                                          "Plan Width": 21,
                                          "Plans": [
                                            {
                                              "Node Type": "Seq Scan",
                                              "Parent Relationship": "Outer",
                                              "Parallel Aware": false,
                                              "Async Capable": false,
                                              "Relation Name": "catalog_page",
                                              "Alias": "catalog_page",
                                              "Startup Cost": 0.0,
                                              "Total Cost": 368.0,
                                              "Plan Rows": 12000,
                                              "Plan Width": 21,
                                              "parent": 29,
                                              "ID": 30
                                            }
                                          ],
                                          "parent": 22,
                                          "ID": 29,
                                          "left": 30
                                        }
                                      ],
                                      "parent": 21,
                                      "ID": 22,
                                      "left": 23,
                                      "right": 29
                                    }
                                  ],
                                  "parent": 20,
                                  "ID": 21,
                                  "left": 22
                                }
                              ],
                              "parent": 19,
                              "ID": 20,
                              "left": 21
                            }
                          ],
                          "parent": 18,
                          "ID": 19,
                          "left": 20
                        }
                      ],
                      "parent": 3,
                      "ID": 18,
                      "left": 19
                    },
                    {
                      "Node Type": "Subquery Scan",
                      "Parent Relationship": "Member",
                      "Parallel Aware": false,
                      "Async Capable": false,
                      "Alias": "wsr",
                      "Startup Cost": 594058.45,
                      "Total Cost": 594067.44,
                      "Plan Rows": 21,
                      "Plan Width": 160,
                      "Plans": [
                        {
                          "Node Type": "Aggregate",
                          "Strategy": "Sorted",
                          "Partial Mode": "Finalize",
                          "Parent Relationship": "Subquery",
                          "Parallel Aware": false,
                          "Async Capable": false,
                          "Startup Cost": 594058.45,
                          "Total Cost": 594067.07,
                          "Plan Rows": 21,
                          "Plan Width": 145,
                          "Group Key": [
                            "web_site.web_site_id"
                          ],
                          "Plans": [
                            {
                              "Node Type": "Gather Merge",
                              "Parent Relationship": "Outer",
                              "Parallel Aware": false,
                              "Async Capable": false,
                              "Startup Cost": 594058.45,
                              "Total Cost": 594065.71,
                              "Plan Rows": 42,
                              "Plan Width": 145,
                              "Workers Planned": 2,
                              "Plans": [
                                {
                                  "Node Type": "Aggregate",
                                  "Strategy": "Sorted",
                                  "Partial Mode": "Partial",
                                  "Parent Relationship": "Outer",
                                  "Parallel Aware": false,
                                  "Async Capable": false,
                                  "Startup Cost": 593058.42,
                                  "Total Cost": 593060.84,
                                  "Plan Rows": 21,
                                  "Plan Width": 145,
                                  "Group Key": [
                                    "web_site.web_site_id"
                                  ],
                                  "Plans": [
                                    {
                                      "Node Type": "Sort",
                                      "Parent Relationship": "Outer",
                                      "Parallel Aware": false,
                                      "Async Capable": false,
                                      "Startup Cost": 593058.42,
                                      "Total Cost": 593058.75,
                                      "Plan Rows": 133,
                                      "Plan Width": 57,
                                      "Sort Key": [
                                        "web_site.web_site_id"
                                      ],
                                      "Plans": [
                                        {
                                          "Node Type": "Hash Join",
                                          "Parent Relationship": "Outer",
                                          "Parallel Aware": false,
                                          "Async Capable": false,
                                          "Join Type": "Inner",
                                          "Startup Cost": 2053.6,
                                          "Total Cost": 593053.73,
                                          "Plan Rows": 133,
                                          "Plan Width": 57,
                                          "Inner Unique": false,
                                          "Hash Cond": "(\"*SELECT* 2\".wsr_web_site_sk = web_site.web_site_sk)",
                                          "Plans": [
                                            {
                                              "Node Type": "Hash Join",
                                              "Parent Relationship": "Outer",
                                              "Parallel Aware": true,
                                              "Async Capable": false,
                                              "Join Type": "Inner",
                                              "Startup Cost": 2049.65,
                                              "Total Cost": 593046.09,
                                              "Plan Rows": 632,
                                              "Plan Width": 44,
                                              "Inner Unique": false,
                                              "Hash Cond": "(\"*SELECT* 2\".date_sk = date_dim_2.d_date_sk)",
                                              "Plans": [
                                                {
                                                  "Node Type": "Append",
                                                  "Parent Relationship": "Outer",
                                                  "Parallel Aware": true,
                                                  "Async Capable": false,
                                                  "Startup Cost": 0.0,
                                                  "Total Cost": 577049.1,
                                                  "Plan Rows": 3718203,
                                                  "Plan Width": 48,
                                                  "Subplans Removed": 0,
                                                  "Plans": [
                                                    {
                                                      "Node Type": "Subquery Scan",
                                                      "Parent Relationship": "Member",
                                                      "Parallel Aware": false,
                                                      "Async Capable": false,
                                                      "Alias": "*SELECT* 2",
                                                      "Startup Cost": 277366.65,
                                                      "Total Cost": 340720.23,
                                                      "Plan Rows": 719217,
                                                      "Plan Width": 48,
                                                      "Plans": [
                                                        {
                                                          "Node Type": "Hash Join",
                                                          "Parent Relationship": "Subquery",
                                                          "Parallel Aware": true,
                                                          "Async Capable": false,
                                                          "Join Type": "Left",
                                                          "Startup Cost": 277366.65,
                                                          "Total Cost": 333528.06,
                                                          "Plan Rows": 299674,
                                                          "Plan Width": 48,
                                                          "Inner Unique": false,
                                                          "Hash Cond": "((web_returns.wr_item_sk = web_sales_1.ws_item_sk) AND (web_returns.wr_order_number = web_sales_1.ws_order_number))",
                                                          "Plans": [
                                                            {
                                                              "Node Type": "Seq Scan",
                                                              "Parent Relationship": "Outer",
                                                              "Parallel Aware": true,
                                                              "Async Capable": false,
                                                              "Relation Name": "web_returns",
                                                              "Alias": "web_returns",
                                                              "Startup Cost": 0.0,
                                                              "Total Cost": 16278.74,
                                                              "Plan Rows": 299674,
                                                              "Plan Width": 24,
                                                              "parent": 40,
                                                              "ID": 41
                                                            },
                                                            {
                                                              "Node Type": "Hash",
                                                              "Parent Relationship": "Inner",
                                                              "Parallel Aware": true,
                                                              "Async Capable": false,
                                                              "Startup Cost": 217737.86,
                                                              "Total Cost": 217737.86,
                                                              "Plan Rows": 2998986,
                                                              "Plan Width": 12,
                                                              "Plans": [
                                                                {
                                                                  "Node Type": "Seq Scan",
                                                                  "Parent Relationship": "Outer",
                                                                  "Parallel Aware": true,
                                                                  "Async Capable": false,
                                                                  "Relation Name": "web_sales",
                                                                  "Alias": "web_sales_1",
                                                                  "Startup Cost": 0.0,
                                                                  "Total Cost": 217737.86,
                                                                  "Plan Rows": 2998986,
                                                                  "Plan Width": 12,
                                                                  "parent": 42,
                                                                  "ID": 43
                                                                }
                                                              ],
                                                              "parent": 40,
                                                              "ID": 42,
                                                              "left": 43
                                                            }
                                                          ],
                                                          "parent": 39,
                                                          "ID": 40,
                                                          "left": 41,
                                                          "right": 42
                                                        }
                                                      ],
                                                      "parent": 38,
                                                      "ID": 39,
                                                      "left": 40
                                                    },
                                                    {
                                                      "Node Type": "Seq Scan",
                                                      "Parent Relationship": "Member",
                                                      "Parallel Aware": true,
                                                      "Async Capable": false,
                                                      "Relation Name": "web_sales",
                                                      "Alias": "web_sales",
                                                      "Startup Cost": 0.0,
                                                      "Total Cost": 217737.86,
                                                      "Plan Rows": 2998986,
                                                      "Plan Width": 48,
                                                      "parent": 38,
                                                      "ID": 44
                                                    }
                                                  ],
                                                  "parent": 37,
                                                  "ID": 38,
                                                  "left": 39,
                                                  "right": 44
                                                },
                                                {
                                                  "Node Type": "Hash",
                                                  "Parent Relationship": "Inner",
                                                  "Parallel Aware": true,
                                                  "Async Capable": false,
                                                  "Startup Cost": 2049.55,
                                                  "Total Cost": 2049.55,
                                                  "Plan Rows": 8,
                                                  "Plan Width": 4,
                                                  "Plans": [
                                                    {
                                                      "Node Type": "Seq Scan",
                                                      "Parent Relationship": "Outer",
                                                      "Parallel Aware": true,
                                                      "Async Capable": false,
                                                      "Relation Name": "date_dim",
                                                      "Alias": "date_dim_2",
                                                      "Startup Cost": 0.0,
                                                      "Total Cost": 2049.55,
                                                      "Plan Rows": 8,
                                                      "Plan Width": 4,
                                                      "Filter": "((d_date >= '1998-08-12'::date) AND (d_date <= '1998-08-26 00:00:00'::timestamp without time zone))",
                                                      "parent": 45,
                                                      "ID": 46
                                                    }
                                                  ],
                                                  "parent": 37,
                                                  "ID": 45,
                                                  "left": 46
                                                }
                                              ],
                                              "parent": 36,
                                              "ID": 37,
                                              "left": 38,
                                              "right": 45
                                            },
                                            {
                                              "Node Type": "Hash",
                                              "Parent Relationship": "Inner",
                                              "Parallel Aware": false,
                                              "Async Capable": false,
                                              "Startup Cost": 3.42,
                                              "Total Cost": 3.42,
                                              "Plan Rows": 42,
                                              "Plan Width": 21,
                                              "Plans": [
                                                {
                                                  "Node Type": "Seq Scan",
                                                  "Parent Relationship": "Outer",
                                                  "Parallel Aware": false,
                                                  "Async Capable": false,
                                                  "Relation Name": "web_site",
                                                  "Alias": "web_site",
                                                  "Startup Cost": 0.0,
                                                  "Total Cost": 3.42,
                                                  "Plan Rows": 42,
                                                  "Plan Width": 21,
                                                  "parent": 47,
                                                  "ID": 48
                                                }
                                              ],
                                              "parent": 36,
                                              "ID": 47,
                                              "left": 48
                                            }
                                          ],
                                          "parent": 35,
                                          "ID": 36,
                                          "left": 37,
                                          "right": 47
                                        }
                                      ],
                                      "parent": 34,
                                      "ID": 35,
                                      "left": 36
                                    }
                                  ],
                                  "parent": 33,
                                  "ID": 34,
                                  "left": 35
                                }
                              ],
                              "parent": 32,
                              "ID": 33,
                              "left": 34
                            }
                          ],
                          "parent": 31,
                          "ID": 32,
                          "left": 33
                        }
                      ],
                      "parent": 3,
                      "ID": 31,
                      "left": 32
                    }
                  ],
                  "parent": 2,
                  "ID": 3,
                  "left": 4,
                  "right": 18
                }
              ],
              "parent": 1,
              "ID": 2,
              "left": 3
            }
          ],
          "parent": 0,
          "ID": 1,
          "left": 2
        }
      ],
      "parent": null,
      "ID": 0,
      "left": 1
    },
    "feat": {
      "utility": 0.0,
      "query_shape": [
        [
          "Seq Scan",
          "Append",
          "Hash Join",
          "Sort",
          "Aggregate",
          "Gather Merge",
          "Subquery Scan"
        ],
        [
          "Seq Scan",
          "Append",
          "Hash Join",
          "Sort",
          "Aggregate",
          "Gather Merge",
          "Subquery Scan"
        ],
        [
          "Seq Scan",
          "Hash",
          "Hash Join",
          "Sort",
          "Aggregate",
          "Gather Merge",
          "Subquery Scan",
          "Append"
        ],
        [
          "Seq Scan",
          "Hash",
          "Hash Join",
          "Sort",
          "Aggregate",
          "Gather Merge",
          "Subquery Scan",
          "Append"
        ],
        [
          "Seq Scan",
          "Append",
          "Hash Join",
          "Sort",
          "Gather Merge",
          "Aggregate",
          "Subquery Scan"
        ],
        [
          "Seq Scan",
          "Append",
          "Hash Join",
          "Sort",
          "Gather Merge",
          "Aggregate",
          "Subquery Scan"
        ],
        [
          "Seq Scan",
          "Hash",
          "Hash Join",
          "Sort",
          "Gather Merge",
          "Aggregate",
          "Subquery Scan",
          "Append"
        ],
        [
          "Seq Scan",
          "Hash",
          "Hash Join",
          "Sort",
          "Gather Merge",
          "Aggregate",
          "Subquery Scan",
          "Append"
        ],
        [
          "Seq Scan",
          "Hash Join",
          "Subquery Scan",
          "Append",
          "Sort",
          "Aggregate",
          "Gather Merge"
        ],
        [
          "Seq Scan",
          "Hash",
          "Hash Join",
          "Subquery Scan",
          "Append",
          "Sort",
          "Aggregate",
          "Gather Merge"
        ],
        [
          "Seq Scan",
          "Append",
          "Hash Join",
          "Sort",
          "Aggregate",
          "Gather Merge",
          "Subquery Scan"
        ],
        [
          "Seq Scan",
          "Hash",
          "Hash Join",
          "Sort",
          "Aggregate",
          "Gather Merge",
          "Subquery Scan",
          "Append"
        ],
        [
          "Seq Scan",
          "Hash",
          "Hash Join",
          "Sort",
          "Aggregate",
          "Gather Merge",
          "Subquery Scan",
          "Append"
        ]
      ],
      "index_shape": [],
      "physical_operator": {}
    }
  },
  {
    "query": "with ssr as\n (select s_store_id,\n        sum(sales_price) as sales,\n        sum(profit) as profit,\n        sum(return_amt) as returns,\n        sum(net_loss) as profit_loss\n from\n  ( select  ss_store_sk as store_sk,\n            ss_sold_date_sk  as date_sk,\n            ss_ext_sales_price as sales_price,\n            ss_net_profit as profit,\n            cast(0 as decimal(7,2)) as return_amt,\n            cast(0 as decimal(7,2)) as net_loss\n    from store_sales\n    union all\n    select sr_store_sk as store_sk,\n           sr_returned_date_sk as date_sk,\n           cast(0 as decimal(7,2)) as sales_price,\n           cast(0 as decimal(7,2)) as profit,\n           sr_return_amt as return_amt,\n           sr_net_loss as net_loss\n    from store_returns\n   ) salesreturns,\n     date_dim,\n     store\n where date_sk = d_date_sk\n       and d_date between cast('1998-08-12' as date) \n                  and (cast('1998-08-12' as date) +  interval '14 days')\n       and store_sk = s_store_sk\n group by s_store_id)\n ,\n csr as\n (select cp_catalog_page_id,\n        sum(sales_price) as sales,\n        sum(profit) as profit,\n        sum(return_amt) as returns,\n        sum(net_loss) as profit_loss\n from\n  ( select  cs_catalog_page_sk as page_sk,\n            cs_sold_date_sk  as date_sk,\n            cs_ext_sales_price as sales_price,\n            cs_net_profit as profit,\n            cast(0 as decimal(7,2)) as return_amt,\n            cast(0 as decimal(7,2)) as net_loss\n    from catalog_sales\n    union all\n    select cr_catalog_page_sk as page_sk,\n           cr_returned_date_sk as date_sk,\n           cast(0 as decimal(7,2)) as sales_price,\n           cast(0 as decimal(7,2)) as profit,\n           cr_return_amount as return_amt,\n           cr_net_loss as net_loss\n    from catalog_returns\n   ) salesreturns,\n     date_dim,\n     catalog_page\n where date_sk = d_date_sk\n       and d_date between cast('1998-08-12' as date)\n                  and (cast('1998-08-12' as date) +  interval '14 days')\n       and page_sk = cp_catalog_page_sk\n group by cp_catalog_page_id)\n ,\n wsr as\n (select web_site_id,\n        sum(sales_price) as sales,\n        sum(profit) as profit,\n        sum(return_amt) as returns,\n        sum(net_loss) as profit_loss\n from\n  ( select  ws_web_site_sk as wsr_web_site_sk,\n            ws_sold_date_sk  as date_sk,\n            ws_ext_sales_price as sales_price,\n            ws_net_profit as profit,\n            cast(0 as decimal(7,2)) as return_amt,\n            cast(0 as decimal(7,2)) as net_loss\n    from web_sales\n    union all\n    select ws_web_site_sk as wsr_web_site_sk,\n           wr_returned_date_sk as date_sk,\n           cast(0 as decimal(7,2)) as sales_price,\n           cast(0 as decimal(7,2)) as profit,\n           wr_return_amt as return_amt,\n           wr_net_loss as net_loss\n    from web_returns left outer join web_sales on\n         ( wr_item_sk = ws_item_sk\n           and wr_order_number = ws_order_number)\n   ) salesreturns,\n     date_dim,\n     web_site\n where date_sk = d_date_sk\n       and d_date between cast('1998-08-12' as date)\n                  and (cast('1998-08-12' as date) +  interval '14 days')\n       and wsr_web_site_sk = web_site_sk\n group by web_site_id)\n  select  channel\n        , id\n        , sum(sales) as sales\n        , sum(returns) as returns\n        , sum(profit) as profit\n from \n (select 'store channel' as channel\n        , 'store' || s_store_id as id\n        , sales\n        , returns\n        , (profit - profit_loss) as profit\n from   ssr\n union all\n select 'catalog channel' as channel\n        , 'catalog_page' || cp_catalog_page_id as id\n        , sales\n        , returns\n        , (profit - profit_loss) as profit\n from  csr\n union all\n select 'web channel' as channel\n        , 'web_site' || web_site_id as id\n        , sales\n        , returns\n        , (profit - profit_loss) as profit\n from   wsr\n ) x\n group by rollup (channel, id)\n order by channel\n         ,id\n limit 100;\n\n-- end query 3 in stream 0 using template query5.tpl\n",
    "indexes": "catalog_returns.cr_return_amount",
    "wo plan est": {
      "Node Type": "Limit",
      "Parallel Aware": false,
      "Async Capable": false,
      "Startup Cost": 1940046.82,
      "Total Cost": 1940047.07,
      "Plan Rows": 100,
      "Plan Width": 160,
      "Plans": [
        {
          "Node Type": "Sort",
          "Parent Relationship": "Outer",
          "Parallel Aware": false,
          "Async Capable": false,
          "Startup Cost": 1940046.82,
          "Total Cost": 1940048.1,
          "Plan Rows": 512,
          "Plan Width": 160,
          "Sort Key": [
            "('store channel'::text)",
            "(('store'::text || (ssr.s_store_id)::text))"
          ],
          "Plans": [
            {
              "Node Type": "Aggregate",
              "Strategy": "Mixed",
              "Partial Mode": "Simple",
              "Parent Relationship": "Outer",
              "Parallel Aware": false,
              "Async Capable": false,
              "Startup Cost": 815451.97,
              "Total Cost": 1940027.26,
              "Plan Rows": 512,
              "Plan Width": 160,
              "Grouping Sets": [
                {
                  "Hash Keys": [
                    [
                      "('store channel'::text)",
                      "(('store'::text || (ssr.s_store_id)::text))"
                    ]
                  ]
                },
                {
                  "Hash Keys": [
                    [
                      "('store channel'::text)"
                    ]
                  ]
                },
                {
                  "Group Keys": [
                    []
                  ]
                }
              ],
              "Planned Partitions": 0,
              "Plans": [
                {
                  "Node Type": "Append",
                  "Parent Relationship": "Outer",
                  "Parallel Aware": false,
                  "Async Capable": false,
                  "Startup Cost": 815451.97,
                  "Total Cost": 1939925.06,
                  "Plan Rows": 3108,
                  "Plan Width": 160,
                  "Subplans Removed": 0,
                  "Plans": [
                    {
                      "Node Type": "Subquery Scan",
                      "Parent Relationship": "Member",
                      "Parallel Aware": false,
                      "Async Capable": false,
                      "Alias": "ssr",
                      "Startup Cost": 815451.97,
                      "Total Cost": 815488.32,
                      "Plan Rows": 51,
                      "Plan Width": 160,
                      "Plans": [
                        {
                          "Node Type": "Aggregate",
                          "Strategy": "Sorted",
                          "Partial Mode": "Finalize",
                          "Parent Relationship": "Subquery",
                          "Parallel Aware": false,
                          "Async Capable": false,
                          "Startup Cost": 815451.97,
                          "Total Cost": 815487.43,
                          "Plan Rows": 51,
                          "Plan Width": 145,
                          "Group Key": [
                            "store.s_store_id"
                          ],
                          "Plans": [
                            {
                              "Node Type": "Gather Merge",
                              "Parent Relationship": "Outer",
                              "Parallel Aware": false,
                              "Async Capable": false,
                              "Startup Cost": 815451.97,
                              "Total Cost": 815484.12,
                              "Plan Rows": 102,
                              "Plan Width": 145,
                              "Workers Planned": 2,
                              "Plans": [
                                {
                                  "Node Type": "Aggregate",
                                  "Strategy": "Sorted",
                                  "Partial Mode": "Partial",
                                  "Parent Relationship": "Outer",
                                  "Parallel Aware": false,
                                  "Async Capable": false,
                                  "Startup Cost": 814451.95,
                                  "Total Cost": 814472.32,
                                  "Plan Rows": 51,
                                  "Plan Width": 145,
                                  "Group Key": [
                                    "store.s_store_id"
                                  ],
                                  "Plans": [
                                    {
                                      "Node Type": "Sort",
                                      "Parent Relationship": "Outer",
                                      "Parallel Aware": false,
                                      "Async Capable": false,
                                      "Startup Cost": 814451.95,
                                      "Total Cost": 814455.17,
                                      "Plan Rows": 1290,
                                      "Plan Width": 57,
                                      "Sort Key": [
                                        "store.s_store_id"
                                      ],
                                      "Plans": [
                                        {
                                          "Node Type": "Hash Join",
                                          "Parent Relationship": "Outer",
                                          "Parallel Aware": false,
                                          "Async Capable": false,
                                          "Join Type": "Inner",
                                          "Startup Cost": 2056.95,
                                          "Total Cost": 814385.3,
                                          "Plan Rows": 1290,
                                          "Plan Width": 57,
                                          "Inner Unique": false,
                                          "Hash Cond": "(store_sales.ss_store_sk = store.s_store_sk)",
                                          "Plans": [
                                            {
                                              "Node Type": "Hash Join",
                                              "Parent Relationship": "Outer",
                                              "Parallel Aware": true,
                                              "Async Capable": false,
                                              "Join Type": "Inner",
                                              "Startup Cost": 2049.65,
                                              "Total Cost": 814355.62,
                                              "Plan Rows": 2530,
                                              "Plan Width": 44,
                                              "Inner Unique": false,
                                              "Hash Cond": "(store_sales.ss_sold_date_sk = date_dim.d_date_sk)",
                                              "Plans": [
                                                {
                                                  "Node Type": "Append",
                                                  "Parent Relationship": "Outer",
                                                  "Parallel Aware": true,
                                                  "Async Capable": false,
                                                  "Startup Cost": 0.0,
                                                  "Total Cost": 762796.01,
                                                  "Plan Rows": 13198801,
                                                  "Plan Width": 48,
                                                  "Subplans Removed": 0,
                                                  "Plans": [
                                                    {
                                                      "Node Type": "Seq Scan",
                                                      "Parent Relationship": "Member",
                                                      "Parallel Aware": true,
                                                      "Async Capable": false,
                                                      "Relation Name": "store_sales",
                                                      "Alias": "store_sales",
                                                      "Startup Cost": 0.0,
                                                      "Total Cost": 636914.37,
                                                      "Plan Rows": 12000637,
                                                      "Plan Width": 48,
                                                      "parent": 11,
                                                      "ID": 12
                                                    },
                                                    {
                                                      "Node Type": "Seq Scan",
                                                      "Parent Relationship": "Member",
                                                      "Parallel Aware": true,
                                                      "Async Capable": false,
                                                      "Relation Name": "store_returns",
                                                      "Alias": "store_returns",
                                                      "Startup Cost": 0.0,
                                                      "Total Cost": 59887.64,
                                                      "Plan Rows": 1198164,
                                                      "Plan Width": 48,
                                                      "parent": 11,
                                                      "ID": 13
                                                    }
                                                  ],
                                                  "parent": 10,
                                                  "ID": 11,
                                                  "left": 12,
                                                  "right": 13
                                                },
                                                {
                                                  "Node Type": "Hash",
                                                  "Parent Relationship": "Inner",
                                                  "Parallel Aware": true,
                                                  "Async Capable": false,
                                                  "Startup Cost": 2049.55,
                                                  "Total Cost": 2049.55,
                                                  "Plan Rows": 8,
                                                  "Plan Width": 4,
                                                  "Plans": [
                                                    {
                                                      "Node Type": "Seq Scan",
                                                      "Parent Relationship": "Outer",
                                                      "Parallel Aware": true,
                                                      "Async Capable": false,
                                                      "Relation Name": "date_dim",
                                                      "Alias": "date_dim",
                                                      "Startup Cost": 0.0,
                                                      "Total Cost": 2049.55,
                                                      "Plan Rows": 8,
                                                      "Plan Width": 4,
                                                      "Filter": "((d_date >= '1998-08-12'::date) AND (d_date <= '1998-08-26 00:00:00'::timestamp without time zone))",
                                                      "parent": 14,
                                                      "ID": 15
                                                    }
                                                  ],
                                                  "parent": 10,
                                                  "ID": 14,
                                                  "left": 15
                                                }
                                              ],
                                              "parent": 9,
                                              "ID": 10,
                                              "left": 11,
                                              "right": 14
                                            },
                                            {
                                              "Node Type": "Hash",
                                              "Parent Relationship": "Inner",
                                              "Parallel Aware": false,
                                              "Async Capable": false,
                                              "Startup Cost": 6.02,
                                              "Total Cost": 6.02,
                                              "Plan Rows": 102,
                                              "Plan Width": 21,
                                              "Plans": [
                                                {
                                                  "Node Type": "Seq Scan",
                                                  "Parent Relationship": "Outer",
                                                  "Parallel Aware": false,
                                                  "Async Capable": false,
                                                  "Relation Name": "store",
                                                  "Alias": "store",
                                                  "Startup Cost": 0.0,
                                                  "Total Cost": 6.02,
                                                  "Plan Rows": 102,
                                                  "Plan Width": 21,
                                                  "parent": 16,
                                                  "ID": 17
                                                }
                                              ],
                                              "parent": 9,
                                              "ID": 16,
                                              "left": 17
                                            }
                                          ],
                                          "parent": 8,
                                          "ID": 9,
                                          "left": 10,
                                          "right": 16
                                        }
                                      ],
                                      "parent": 7,
                                      "ID": 8,
                                      "left": 9
                                    }
                                  ],
                                  "parent": 6,
                                  "ID": 7,
                                  "left": 8
                                }
                              ],
                              "parent": 5,
                              "ID": 6,
                              "left": 7
                            }
                          ],
                          "parent": 4,
                          "ID": 5,
                          "left": 6
                        }
                      ],
                      "parent": 3,
                      "ID": 4,
                      "left": 5
                    },
                    {
                      "Node Type": "Subquery Scan",
                      "Parent Relationship": "Member",
                      "Parallel Aware": false,
                      "Async Capable": false,
                      "Alias": "csr",
                      "Startup Cost": 529848.36,
                      "Total Cost": 530353.75,
                      "Plan Rows": 3036,
                      "Plan Width": 160,
                      "Plans": [
                        {
                          "Node Type": "Aggregate",
                          "Strategy": "Sorted",
                          "Partial Mode": "Simple",
                          "Parent Relationship": "Subquery",
                          "Parallel Aware": false,
                          "Async Capable": false,
                          "Startup Cost": 529848.36,
                          "Total Cost": 530300.62,
                          "Plan Rows": 3036,
                          "Plan Width": 145,
                          "Group Key": [
                            "catalog_page.cp_catalog_page_id"
                          ],
                          "Plans": [
                            {
                              "Node Type": "Gather Merge",
                              "Parent Relationship": "Outer",
                              "Parallel Aware": false,
                              "Async Capable": false,
                              "Startup Cost": 529848.36,
                              "Total Cost": 530201.95,
                              "Plan Rows": 3036,
                              "Plan Width": 57,
                              "Workers Planned": 2,
                              "Plans": [
                                {
                                  "Node Type": "Sort",
                                  "Parent Relationship": "Outer",
                                  "Parallel Aware": false,
                                  "Async Capable": false,
                                  "Startup Cost": 528848.34,
                                  "Total Cost": 528851.5,
                                  "Plan Rows": 1265,
                                  "Plan Width": 57,
                                  "Sort Key": [
                                    "catalog_page.cp_catalog_page_id"
                                  ],
                                  "Plans": [
                                    {
                                      "Node Type": "Hash Join",
                                      "Parent Relationship": "Outer",
                                      "Parallel Aware": false,
                                      "Async Capable": false,
                                      "Join Type": "Inner",
                                      "Startup Cost": 2567.65,
                                      "Total Cost": 528783.16,
                                      "Plan Rows": 1265,
                                      "Plan Width": 57,
                                      "Inner Unique": false,
                                      "Hash Cond": "(catalog_sales.cs_catalog_page_sk = catalog_page.cp_catalog_page_sk)",
                                      "Plans": [
                                        {
                                          "Node Type": "Hash Join",
                                          "Parent Relationship": "Outer",
                                          "Parallel Aware": true,
                                          "Async Capable": false,
                                          "Join Type": "Inner",
                                          "Startup Cost": 2049.65,
                                          "Total Cost": 528247.76,
                                          "Plan Rows": 1265,
                                          "Plan Width": 44,
                                          "Inner Unique": false,
                                          "Hash Cond": "(catalog_sales.cs_sold_date_sk = date_dim_1.d_date_sk)",
                                          "Plans": [
                                            {
                                              "Node Type": "Append",
                                              "Parent Relationship": "Outer",
                                              "Parallel Aware": true,
                                              "Async Capable": false,
                                              "Startup Cost": 0.0,
                                              "Total Cost": 501439.31,
                                              "Plan Rows": 6600420,
                                              "Plan Width": 48,
                                              "Subplans Removed": 0,
                                              "Plans": [
                                                {
                                                  "Node Type": "Seq Scan",
                                                  "Parent Relationship": "Member",
                                                  "Parallel Aware": true,
                                                  "Async Capable": false,
                                                  "Relation Name": "catalog_sales",
                                                  "Alias": "catalog_sales",
                                                  "Startup Cost": 0.0,
                                                  "Total Cost": 433688.25,
                                                  "Plan Rows": 6000525,
                                                  "Plan Width": 48,
                                                  "parent": 24,
                                                  "ID": 25
                                                },
                                                {
                                                  "Node Type": "Seq Scan",
                                                  "Parent Relationship": "Member",
                                                  "Parallel Aware": true,
                                                  "Async Capable": false,
                                                  "Relation Name": "catalog_returns",
                                                  "Alias": "catalog_returns",
                                                  "Startup Cost": 0.0,
                                                  "Total Cost": 34748.95,
                                                  "Plan Rows": 599895,
                                                  "Plan Width": 48,
                                                  "parent": 24,
                                                  "ID": 26
                                                }
                                              ],
                                              "parent": 23,
                                              "ID": 24,
                                              "left": 25,
                                              "right": 26
                                            },
                                            {
                                              "Node Type": "Hash",
                                              "Parent Relationship": "Inner",
                                              "Parallel Aware": true,
                                              "Async Capable": false,
                                              "Startup Cost": 2049.55,
                                              "Total Cost": 2049.55,
                                              "Plan Rows": 8,
                                              "Plan Width": 4,
                                              "Plans": [
                                                {
                                                  "Node Type": "Seq Scan",
                                                  "Parent Relationship": "Outer",
                                                  "Parallel Aware": true,
                                                  "Async Capable": false,
                                                  "Relation Name": "date_dim",
                                                  "Alias": "date_dim_1",
                                                  "Startup Cost": 0.0,
                                                  "Total Cost": 2049.55,
                                                  "Plan Rows": 8,
                                                  "Plan Width": 4,
                                                  "Filter": "((d_date >= '1998-08-12'::date) AND (d_date <= '1998-08-26 00:00:00'::timestamp without time zone))",
                                                  "parent": 27,
                                                  "ID": 28
                                                }
                                              ],
                                              "parent": 23,
                                              "ID": 27,
                                              "left": 28
                                            }
                                          ],
                                          "parent": 22,
                                          "ID": 23,
                                          "left": 24,
                                          "right": 27
                                        },
                                        {
                                          "Node Type": "Hash",
                                          "Parent Relationship": "Inner",
                                          "Parallel Aware": false,
                                          "Async Capable": false,
                                          "Startup Cost": 368.0,
                                          "Total Cost": 368.0,
                                          "Plan Rows": 12000,
                                          "Plan Width": 21,
                                          "Plans": [
                                            {
                                              "Node Type": "Seq Scan",
                                              "Parent Relationship": "Outer",
                                              "Parallel Aware": false,
                                              "Async Capable": false,
                                              "Relation Name": "catalog_page",
                                              "Alias": "catalog_page",
                                              "Startup Cost": 0.0,
                                              "Total Cost": 368.0,
                                              "Plan Rows": 12000,
                                              "Plan Width": 21,
                                              "parent": 29,
                                              "ID": 30
                                            }
                                          ],
                                          "parent": 22,
                                          "ID": 29,
                                          "left": 30
                                        }
                                      ],
                                      "parent": 21,
                                      "ID": 22,
                                      "left": 23,
                                      "right": 29
                                    }
                                  ],
                                  "parent": 20,
                                  "ID": 21,
                                  "left": 22
                                }
                              ],
                              "parent": 19,
                              "ID": 20,
                              "left": 21
                            }
                          ],
                          "parent": 18,
                          "ID": 19,
                          "left": 20
                        }
                      ],
                      "parent": 3,
                      "ID": 18,
                      "left": 19
                    },
                    {
                      "Node Type": "Subquery Scan",
                      "Parent Relationship": "Member",
                      "Parallel Aware": false,
                      "Async Capable": false,
                      "Alias": "wsr",
                      "Startup Cost": 594058.45,
                      "Total Cost": 594067.44,
                      "Plan Rows": 21,
                      "Plan Width": 160,
                      "Plans": [
                        {
                          "Node Type": "Aggregate",
                          "Strategy": "Sorted",
                          "Partial Mode": "Finalize",
                          "Parent Relationship": "Subquery",
                          "Parallel Aware": false,
                          "Async Capable": false,
                          "Startup Cost": 594058.45,
                          "Total Cost": 594067.07,
                          "Plan Rows": 21,
                          "Plan Width": 145,
                          "Group Key": [
                            "web_site.web_site_id"
                          ],
                          "Plans": [
                            {
                              "Node Type": "Gather Merge",
                              "Parent Relationship": "Outer",
                              "Parallel Aware": false,
                              "Async Capable": false,
                              "Startup Cost": 594058.45,
                              "Total Cost": 594065.71,
                              "Plan Rows": 42,
                              "Plan Width": 145,
                              "Workers Planned": 2,
                              "Plans": [
                                {
                                  "Node Type": "Aggregate",
                                  "Strategy": "Sorted",
                                  "Partial Mode": "Partial",
                                  "Parent Relationship": "Outer",
                                  "Parallel Aware": false,
                                  "Async Capable": false,
                                  "Startup Cost": 593058.42,
                                  "Total Cost": 593060.84,
                                  "Plan Rows": 21,
                                  "Plan Width": 145,
                                  "Group Key": [
                                    "web_site.web_site_id"
                                  ],
                                  "Plans": [
                                    {
                                      "Node Type": "Sort",
                                      "Parent Relationship": "Outer",
                                      "Parallel Aware": false,
                                      "Async Capable": false,
                                      "Startup Cost": 593058.42,
                                      "Total Cost": 593058.75,
                                      "Plan Rows": 133,
                                      "Plan Width": 57,
                                      "Sort Key": [
                                        "web_site.web_site_id"
                                      ],
                                      "Plans": [
                                        {
                                          "Node Type": "Hash Join",
                                          "Parent Relationship": "Outer",
                                          "Parallel Aware": false,
                                          "Async Capable": false,
                                          "Join Type": "Inner",
                                          "Startup Cost": 2053.6,
                                          "Total Cost": 593053.73,
                                          "Plan Rows": 133,
                                          "Plan Width": 57,
                                          "Inner Unique": false,
                                          "Hash Cond": "(\"*SELECT* 2\".wsr_web_site_sk = web_site.web_site_sk)",
                                          "Plans": [
                                            {
                                              "Node Type": "Hash Join",
                                              "Parent Relationship": "Outer",
                                              "Parallel Aware": true,
                                              "Async Capable": false,
                                              "Join Type": "Inner",
                                              "Startup Cost": 2049.65,
                                              "Total Cost": 593046.09,
                                              "Plan Rows": 632,
                                              "Plan Width": 44,
                                              "Inner Unique": false,
                                              "Hash Cond": "(\"*SELECT* 2\".date_sk = date_dim_2.d_date_sk)",
                                              "Plans": [
                                                {
                                                  "Node Type": "Append",
                                                  "Parent Relationship": "Outer",
                                                  "Parallel Aware": true,
                                                  "Async Capable": false,
                                                  "Startup Cost": 0.0,
                                                  "Total Cost": 577049.1,
                                                  "Plan Rows": 3718203,
                                                  "Plan Width": 48,
                                                  "Subplans Removed": 0,
                                                  "Plans": [
                                                    {
                                                      "Node Type": "Subquery Scan",
                                                      "Parent Relationship": "Member",
                                                      "Parallel Aware": false,
                                                      "Async Capable": false,
                                                      "Alias": "*SELECT* 2",
                                                      "Startup Cost": 277366.65,
                                                      "Total Cost": 340720.23,
                                                      "Plan Rows": 719217,
                                                      "Plan Width": 48,
                                                      "Plans": [
                                                        {
                                                          "Node Type": "Hash Join",
                                                          "Parent Relationship": "Subquery",
                                                          "Parallel Aware": true,
                                                          "Async Capable": false,
                                                          "Join Type": "Left",
                                                          "Startup Cost": 277366.65,
                                                          "Total Cost": 333528.06,
                                                          "Plan Rows": 299674,
                                                          "Plan Width": 48,
                                                          "Inner Unique": false,
                                                          "Hash Cond": "((web_returns.wr_item_sk = web_sales_1.ws_item_sk) AND (web_returns.wr_order_number = web_sales_1.ws_order_number))",
                                                          "Plans": [
                                                            {
                                                              "Node Type": "Seq Scan",
                                                              "Parent Relationship": "Outer",
                                                              "Parallel Aware": true,
                                                              "Async Capable": false,
                                                              "Relation Name": "web_returns",
                                                              "Alias": "web_returns",
                                                              "Startup Cost": 0.0,
                                                              "Total Cost": 16278.74,
                                                              "Plan Rows": 299674,
                                                              "Plan Width": 24,
                                                              "parent": 40,
                                                              "ID": 41
                                                            },
                                                            {
                                                              "Node Type": "Hash",
                                                              "Parent Relationship": "Inner",
                                                              "Parallel Aware": true,
                                                              "Async Capable": false,
                                                              "Startup Cost": 217737.86,
                                                              "Total Cost": 217737.86,
                                                              "Plan Rows": 2998986,
                                                              "Plan Width": 12,
                                                              "Plans": [
                                                                {
                                                                  "Node Type": "Seq Scan",
                                                                  "Parent Relationship": "Outer",
                                                                  "Parallel Aware": true,
                                                                  "Async Capable": false,
                                                                  "Relation Name": "web_sales",
                                                                  "Alias": "web_sales_1",
                                                                  "Startup Cost": 0.0,
                                                                  "Total Cost": 217737.86,
                                                                  "Plan Rows": 2998986,
                                                                  "Plan Width": 12,
                                                                  "parent": 42,
                                                                  "ID": 43
                                                                }
                                                              ],
                                                              "parent": 40,
                                                              "ID": 42,
                                                              "left": 43
                                                            }
                                                          ],
                                                          "parent": 39,
                                                          "ID": 40,
                                                          "left": 41,
                                                          "right": 42
                                                        }
                                                      ],
                                                      "parent": 38,
                                                      "ID": 39,
                                                      "left": 40
                                                    },
                                                    {
                                                      "Node Type": "Seq Scan",
                                                      "Parent Relationship": "Member",
                                                      "Parallel Aware": true,
                                                      "Async Capable": false,
                                                      "Relation Name": "web_sales",
                                                      "Alias": "web_sales",
                                                      "Startup Cost": 0.0,
                                                      "Total Cost": 217737.86,
                                                      "Plan Rows": 2998986,
                                                      "Plan Width": 48,
                                                      "parent": 38,
                                                      "ID": 44
                                                    }
                                                  ],
                                                  "parent": 37,
                                                  "ID": 38,
                                                  "left": 39,
                                                  "right": 44
                                                },
                                                {
                                                  "Node Type": "Hash",
                                                  "Parent Relationship": "Inner",
                                                  "Parallel Aware": true,
                                                  "Async Capable": false,
                                                  "Startup Cost": 2049.55,
                                                  "Total Cost": 2049.55,
                                                  "Plan Rows": 8,
                                                  "Plan Width": 4,
                                                  "Plans": [
                                                    {
                                                      "Node Type": "Seq Scan",
                                                      "Parent Relationship": "Outer",
                                                      "Parallel Aware": true,
                                                      "Async Capable": false,
                                                      "Relation Name": "date_dim",
                                                      "Alias": "date_dim_2",
                                                      "Startup Cost": 0.0,
                                                      "Total Cost": 2049.55,
                                                      "Plan Rows": 8,
                                                      "Plan Width": 4,
                                                      "Filter": "((d_date >= '1998-08-12'::date) AND (d_date <= '1998-08-26 00:00:00'::timestamp without time zone))",
                                                      "parent": 45,
                                                      "ID": 46
                                                    }
                                                  ],
                                                  "parent": 37,
                                                  "ID": 45,
                                                  "left": 46
                                                }
                                              ],
                                              "parent": 36,
                                              "ID": 37,
                                              "left": 38,
                                              "right": 45
                                            },
                                            {
                                              "Node Type": "Hash",
                                              "Parent Relationship": "Inner",
                                              "Parallel Aware": false,
                                              "Async Capable": false,
                                              "Startup Cost": 3.42,
                                              "Total Cost": 3.42,
                                              "Plan Rows": 42,
                                              "Plan Width": 21,
                                              "Plans": [
                                                {
                                                  "Node Type": "Seq Scan",
                                                  "Parent Relationship": "Outer",
                                                  "Parallel Aware": false,
                                                  "Async Capable": false,
                                                  "Relation Name": "web_site",
                                                  "Alias": "web_site",
                                                  "Startup Cost": 0.0,
                                                  "Total Cost": 3.42,
                                                  "Plan Rows": 42,
                                                  "Plan Width": 21,
                                                  "parent": 47,
                                                  "ID": 48
                                                }
                                              ],
                                              "parent": 36,
                                              "ID": 47,
                                              "left": 48
                                            }
                                          ],
                                          "parent": 35,
                                          "ID": 36,
                                          "left": 37,
                                          "right": 47
                                        }
                                      ],
                                      "parent": 34,
                                      "ID": 35,
                                      "left": 36
                                    }
                                  ],
                                  "parent": 33,
                                  "ID": 34,
                                  "left": 35
                                }
                              ],
                              "parent": 32,
                              "ID": 33,
                              "left": 34
                            }
                          ],
                          "parent": 31,
                          "ID": 32,
                          "left": 33
                        }
                      ],
                      "parent": 3,
                      "ID": 31,
                      "left": 32
                    }
                  ],
                  "parent": 2,
                  "ID": 3,
                  "left": 4,
                  "right": 18
                }
              ],
              "parent": 1,
              "ID": 2,
              "left": 3
            }
          ],
          "parent": 0,
          "ID": 1,
          "left": 2
        }
      ],
      "parent": null,
      "ID": 0,
      "left": 1
    },
    "feat": {
      "utility": 0.0,
      "query_shape": [
        [
          "Seq Scan",
          "Append",
          "Hash Join",
          "Sort",
          "Aggregate",
          "Gather Merge",
          "Subquery Scan"
        ],
        [
          "Seq Scan",
          "Append",
          "Hash Join",
          "Sort",
          "Aggregate",
          "Gather Merge",
          "Subquery Scan"
        ],
        [
          "Seq Scan",
          "Hash",
          "Hash Join",
          "Sort",
          "Aggregate",
          "Gather Merge",
          "Subquery Scan",
          "Append"
        ],
        [
          "Seq Scan",
          "Hash",
          "Hash Join",
          "Sort",
          "Aggregate",
          "Gather Merge",
          "Subquery Scan",
          "Append"
        ],
        [
          "Seq Scan",
          "Append",
          "Hash Join",
          "Sort",
          "Gather Merge",
          "Aggregate",
          "Subquery Scan"
        ],
        [
          "Seq Scan",
          "Append",
          "Hash Join",
          "Sort",
          "Gather Merge",
          "Aggregate",
          "Subquery Scan"
        ],
        [
          "Seq Scan",
          "Hash",
          "Hash Join",
          "Sort",
          "Gather Merge",
          "Aggregate",
          "Subquery Scan",
          "Append"
        ],
        [
          "Seq Scan",
          "Hash",
          "Hash Join",
          "Sort",
          "Gather Merge",
          "Aggregate",
          "Subquery Scan",
          "Append"
        ],
        [
          "Seq Scan",
          "Hash Join",
          "Subquery Scan",
          "Append",
          "Sort",
          "Aggregate",
          "Gather Merge"
        ],
        [
          "Seq Scan",
          "Hash",
          "Hash Join",
          "Subquery Scan",
          "Append",
          "Sort",
          "Aggregate",
          "Gather Merge"
        ],
        [
          "Seq Scan",
          "Append",
          "Hash Join",
          "Sort",
          "Aggregate",
          "Gather Merge",
          "Subquery Scan"
        ],
        [
          "Seq Scan",
          "Hash",
          "Hash Join",
          "Sort",
          "Aggregate",
          "Gather Merge",
          "Subquery Scan",
          "Append"
        ],
        [
          "Seq Scan",
          "Hash",
          "Hash Join",
          "Sort",
          "Aggregate",
          "Gather Merge",
          "Subquery Scan",
          "Append"
        ]
      ],
      "index_shape": [],
      "physical_operator": {}
    }
  },
  {
    "query": "with ssr as\n (select s_store_id,\n        sum(sales_price) as sales,\n        sum(profit) as profit,\n        sum(return_amt) as returns,\n        sum(net_loss) as profit_loss\n from\n  ( select  ss_store_sk as store_sk,\n            ss_sold_date_sk  as date_sk,\n            ss_ext_sales_price as sales_price,\n            ss_net_profit as profit,\n            cast(0 as decimal(7,2)) as return_amt,\n            cast(0 as decimal(7,2)) as net_loss\n    from store_sales\n    union all\n    select sr_store_sk as store_sk,\n           sr_returned_date_sk as date_sk,\n           cast(0 as decimal(7,2)) as sales_price,\n           cast(0 as decimal(7,2)) as profit,\n           sr_return_amt as return_amt,\n           sr_net_loss as net_loss\n    from store_returns\n   ) salesreturns,\n     date_dim,\n     store\n where date_sk = d_date_sk\n       and d_date between cast('1998-08-12' as date) \n                  and (cast('1998-08-12' as date) +  interval '14 days')\n       and store_sk = s_store_sk\n group by s_store_id)\n ,\n csr as\n (select cp_catalog_page_id,\n        sum(sales_price) as sales,\n        sum(profit) as profit,\n        sum(return_amt) as returns,\n        sum(net_loss) as profit_loss\n from\n  ( select  cs_catalog_page_sk as page_sk,\n            cs_sold_date_sk  as date_sk,\n            cs_ext_sales_price as sales_price,\n            cs_net_profit as profit,\n            cast(0 as decimal(7,2)) as return_amt,\n            cast(0 as decimal(7,2)) as net_loss\n    from catalog_sales\n    union all\n    select cr_catalog_page_sk as page_sk,\n           cr_returned_date_sk as date_sk,\n           cast(0 as decimal(7,2)) as sales_price,\n           cast(0 as decimal(7,2)) as profit,\n           cr_return_amount as return_amt,\n           cr_net_loss as net_loss\n    from catalog_returns\n   ) salesreturns,\n     date_dim,\n     catalog_page\n where date_sk = d_date_sk\n       and d_date between cast('1998-08-12' as date)\n                  and (cast('1998-08-12' as date) +  interval '14 days')\n       and page_sk = cp_catalog_page_sk\n group by cp_catalog_page_id)\n ,\n wsr as\n (select web_site_id,\n        sum(sales_price) as sales,\n        sum(profit) as profit,\n        sum(return_amt) as returns,\n        sum(net_loss) as profit_loss\n from\n  ( select  ws_web_site_sk as wsr_web_site_sk,\n            ws_sold_date_sk  as date_sk,\n            ws_ext_sales_price as sales_price,\n            ws_net_profit as profit,\n            cast(0 as decimal(7,2)) as return_amt,\n            cast(0 as decimal(7,2)) as net_loss\n    from web_sales\n    union all\n    select ws_web_site_sk as wsr_web_site_sk,\n           wr_returned_date_sk as date_sk,\n           cast(0 as decimal(7,2)) as sales_price,\n           cast(0 as decimal(7,2)) as profit,\n           wr_return_amt as return_amt,\n           wr_net_loss as net_loss\n    from web_returns left outer join web_sales on\n         ( wr_item_sk = ws_item_sk\n           and wr_order_number = ws_order_number)\n   ) salesreturns,\n     date_dim,\n     web_site\n where date_sk = d_date_sk\n       and d_date between cast('1998-08-12' as date)\n                  and (cast('1998-08-12' as date) +  interval '14 days')\n       and wsr_web_site_sk = web_site_sk\n group by web_site_id)\n  select  channel\n        , id\n        , sum(sales) as sales\n        , sum(returns) as returns\n        , sum(profit) as profit\n from \n (select 'store channel' as channel\n        , 'store' || s_store_id as id\n        , sales\n        , returns\n        , (profit - profit_loss) as profit\n from   ssr\n union all\n select 'catalog channel' as channel\n        , 'catalog_page' || cp_catalog_page_id as id\n        , sales\n        , returns\n        , (profit - profit_loss) as profit\n from  csr\n union all\n select 'web channel' as channel\n        , 'web_site' || web_site_id as id\n        , sales\n        , returns\n        , (profit - profit_loss) as profit\n from   wsr\n ) x\n group by rollup (channel, id)\n order by channel\n         ,id\n limit 100;\n\n-- end query 3 in stream 0 using template query5.tpl\n",
    "indexes": "catalog_returns.cr_net_loss",
    "wo plan est": {
      "Node Type": "Limit",
      "Parallel Aware": false,
      "Async Capable": false,
      "Startup Cost": 1940046.82,
      "Total Cost": 1940047.07,
      "Plan Rows": 100,
      "Plan Width": 160,
      "Plans": [
        {
          "Node Type": "Sort",
          "Parent Relationship": "Outer",
          "Parallel Aware": false,
          "Async Capable": false,
          "Startup Cost": 1940046.82,
          "Total Cost": 1940048.1,
          "Plan Rows": 512,
          "Plan Width": 160,
          "Sort Key": [
            "('store channel'::text)",
            "(('store'::text || (ssr.s_store_id)::text))"
          ],
          "Plans": [
            {
              "Node Type": "Aggregate",
              "Strategy": "Mixed",
              "Partial Mode": "Simple",
              "Parent Relationship": "Outer",
              "Parallel Aware": false,
              "Async Capable": false,
              "Startup Cost": 815451.97,
              "Total Cost": 1940027.26,
              "Plan Rows": 512,
              "Plan Width": 160,
              "Grouping Sets": [
                {
                  "Hash Keys": [
                    [
                      "('store channel'::text)",
                      "(('store'::text || (ssr.s_store_id)::text))"
                    ]
                  ]
                },
                {
                  "Hash Keys": [
                    [
                      "('store channel'::text)"
                    ]
                  ]
                },
                {
                  "Group Keys": [
                    []
                  ]
                }
              ],
              "Planned Partitions": 0,
              "Plans": [
                {
                  "Node Type": "Append",
                  "Parent Relationship": "Outer",
                  "Parallel Aware": false,
                  "Async Capable": false,
                  "Startup Cost": 815451.97,
                  "Total Cost": 1939925.06,
                  "Plan Rows": 3108,
                  "Plan Width": 160,
                  "Subplans Removed": 0,
                  "Plans": [
                    {
                      "Node Type": "Subquery Scan",
                      "Parent Relationship": "Member",
                      "Parallel Aware": false,
                      "Async Capable": false,
                      "Alias": "ssr",
                      "Startup Cost": 815451.97,
                      "Total Cost": 815488.32,
                      "Plan Rows": 51,
                      "Plan Width": 160,
                      "Plans": [
                        {
                          "Node Type": "Aggregate",
                          "Strategy": "Sorted",
                          "Partial Mode": "Finalize",
                          "Parent Relationship": "Subquery",
                          "Parallel Aware": false,
                          "Async Capable": false,
                          "Startup Cost": 815451.97,
                          "Total Cost": 815487.43,
                          "Plan Rows": 51,
                          "Plan Width": 145,
                          "Group Key": [
                            "store.s_store_id"
                          ],
                          "Plans": [
                            {
                              "Node Type": "Gather Merge",
                              "Parent Relationship": "Outer",
                              "Parallel Aware": false,
                              "Async Capable": false,
                              "Startup Cost": 815451.97,
                              "Total Cost": 815484.12,
                              "Plan Rows": 102,
                              "Plan Width": 145,
                              "Workers Planned": 2,
                              "Plans": [
                                {
                                  "Node Type": "Aggregate",
                                  "Strategy": "Sorted",
                                  "Partial Mode": "Partial",
                                  "Parent Relationship": "Outer",
                                  "Parallel Aware": false,
                                  "Async Capable": false,
                                  "Startup Cost": 814451.95,
                                  "Total Cost": 814472.32,
                                  "Plan Rows": 51,
                                  "Plan Width": 145,
                                  "Group Key": [
                                    "store.s_store_id"
                                  ],
                                  "Plans": [
                                    {
                                      "Node Type": "Sort",
                                      "Parent Relationship": "Outer",
                                      "Parallel Aware": false,
                                      "Async Capable": false,
                                      "Startup Cost": 814451.95,
                                      "Total Cost": 814455.17,
                                      "Plan Rows": 1290,
                                      "Plan Width": 57,
                                      "Sort Key": [
                                        "store.s_store_id"
                                      ],
                                      "Plans": [
                                        {
                                          "Node Type": "Hash Join",
                                          "Parent Relationship": "Outer",
                                          "Parallel Aware": false,
                                          "Async Capable": false,
                                          "Join Type": "Inner",
                                          "Startup Cost": 2056.95,
                                          "Total Cost": 814385.3,
                                          "Plan Rows": 1290,
                                          "Plan Width": 57,
                                          "Inner Unique": false,
                                          "Hash Cond": "(store_sales.ss_store_sk = store.s_store_sk)",
                                          "Plans": [
                                            {
                                              "Node Type": "Hash Join",
                                              "Parent Relationship": "Outer",
                                              "Parallel Aware": true,
                                              "Async Capable": false,
                                              "Join Type": "Inner",
                                              "Startup Cost": 2049.65,
                                              "Total Cost": 814355.62,
                                              "Plan Rows": 2530,
                                              "Plan Width": 44,
                                              "Inner Unique": false,
                                              "Hash Cond": "(store_sales.ss_sold_date_sk = date_dim.d_date_sk)",
                                              "Plans": [
                                                {
                                                  "Node Type": "Append",
                                                  "Parent Relationship": "Outer",
                                                  "Parallel Aware": true,
                                                  "Async Capable": false,
                                                  "Startup Cost": 0.0,
                                                  "Total Cost": 762796.01,
                                                  "Plan Rows": 13198801,
                                                  "Plan Width": 48,
                                                  "Subplans Removed": 0,
                                                  "Plans": [
                                                    {
                                                      "Node Type": "Seq Scan",
                                                      "Parent Relationship": "Member",
                                                      "Parallel Aware": true,
                                                      "Async Capable": false,
                                                      "Relation Name": "store_sales",
                                                      "Alias": "store_sales",
                                                      "Startup Cost": 0.0,
                                                      "Total Cost": 636914.37,
                                                      "Plan Rows": 12000637,
                                                      "Plan Width": 48,
                                                      "parent": 11,
                                                      "ID": 12
                                                    },
                                                    {
                                                      "Node Type": "Seq Scan",
                                                      "Parent Relationship": "Member",
                                                      "Parallel Aware": true,
                                                      "Async Capable": false,
                                                      "Relation Name": "store_returns",
                                                      "Alias": "store_returns",
                                                      "Startup Cost": 0.0,
                                                      "Total Cost": 59887.64,
                                                      "Plan Rows": 1198164,
                                                      "Plan Width": 48,
                                                      "parent": 11,
                                                      "ID": 13
                                                    }
                                                  ],
                                                  "parent": 10,
                                                  "ID": 11,
                                                  "left": 12,
                                                  "right": 13
                                                },
                                                {
                                                  "Node Type": "Hash",
                                                  "Parent Relationship": "Inner",
                                                  "Parallel Aware": true,
                                                  "Async Capable": false,
                                                  "Startup Cost": 2049.55,
                                                  "Total Cost": 2049.55,
                                                  "Plan Rows": 8,
                                                  "Plan Width": 4,
                                                  "Plans": [
                                                    {
                                                      "Node Type": "Seq Scan",
                                                      "Parent Relationship": "Outer",
                                                      "Parallel Aware": true,
                                                      "Async Capable": false,
                                                      "Relation Name": "date_dim",
                                                      "Alias": "date_dim",
                                                      "Startup Cost": 0.0,
                                                      "Total Cost": 2049.55,
                                                      "Plan Rows": 8,
                                                      "Plan Width": 4,
                                                      "Filter": "((d_date >= '1998-08-12'::date) AND (d_date <= '1998-08-26 00:00:00'::timestamp without time zone))",
                                                      "parent": 14,
                                                      "ID": 15
                                                    }
                                                  ],
                                                  "parent": 10,
                                                  "ID": 14,
                                                  "left": 15
                                                }
                                              ],
                                              "parent": 9,
                                              "ID": 10,
                                              "left": 11,
                                              "right": 14
                                            },
                                            {
                                              "Node Type": "Hash",
                                              "Parent Relationship": "Inner",
                                              "Parallel Aware": false,
                                              "Async Capable": false,
                                              "Startup Cost": 6.02,
                                              "Total Cost": 6.02,
                                              "Plan Rows": 102,
                                              "Plan Width": 21,
                                              "Plans": [
                                                {
                                                  "Node Type": "Seq Scan",
                                                  "Parent Relationship": "Outer",
                                                  "Parallel Aware": false,
                                                  "Async Capable": false,
                                                  "Relation Name": "store",
                                                  "Alias": "store",
                                                  "Startup Cost": 0.0,
                                                  "Total Cost": 6.02,
                                                  "Plan Rows": 102,
                                                  "Plan Width": 21,
                                                  "parent": 16,
                                                  "ID": 17
                                                }
                                              ],
                                              "parent": 9,
                                              "ID": 16,
                                              "left": 17
                                            }
                                          ],
                                          "parent": 8,
                                          "ID": 9,
                                          "left": 10,
                                          "right": 16
                                        }
                                      ],
                                      "parent": 7,
                                      "ID": 8,
                                      "left": 9
                                    }
                                  ],
                                  "parent": 6,
                                  "ID": 7,
                                  "left": 8
                                }
                              ],
                              "parent": 5,
                              "ID": 6,
                              "left": 7
                            }
                          ],
                          "parent": 4,
                          "ID": 5,
                          "left": 6
                        }
                      ],
                      "parent": 3,
                      "ID": 4,
                      "left": 5
                    },
                    {
                      "Node Type": "Subquery Scan",
                      "Parent Relationship": "Member",
                      "Parallel Aware": false,
                      "Async Capable": false,
                      "Alias": "csr",
                      "Startup Cost": 529848.36,
                      "Total Cost": 530353.75,
                      "Plan Rows": 3036,
                      "Plan Width": 160,
                      "Plans": [
                        {
                          "Node Type": "Aggregate",
                          "Strategy": "Sorted",
                          "Partial Mode": "Simple",
                          "Parent Relationship": "Subquery",
                          "Parallel Aware": false,
                          "Async Capable": false,
                          "Startup Cost": 529848.36,
                          "Total Cost": 530300.62,
                          "Plan Rows": 3036,
                          "Plan Width": 145,
                          "Group Key": [
                            "catalog_page.cp_catalog_page_id"
                          ],
                          "Plans": [
                            {
                              "Node Type": "Gather Merge",
                              "Parent Relationship": "Outer",
                              "Parallel Aware": false,
                              "Async Capable": false,
                              "Startup Cost": 529848.36,
                              "Total Cost": 530201.95,
                              "Plan Rows": 3036,
                              "Plan Width": 57,
                              "Workers Planned": 2,
                              "Plans": [
                                {
                                  "Node Type": "Sort",
                                  "Parent Relationship": "Outer",
                                  "Parallel Aware": false,
                                  "Async Capable": false,
                                  "Startup Cost": 528848.34,
                                  "Total Cost": 528851.5,
                                  "Plan Rows": 1265,
                                  "Plan Width": 57,
                                  "Sort Key": [
                                    "catalog_page.cp_catalog_page_id"
                                  ],
                                  "Plans": [
                                    {
                                      "Node Type": "Hash Join",
                                      "Parent Relationship": "Outer",
                                      "Parallel Aware": false,
                                      "Async Capable": false,
                                      "Join Type": "Inner",
                                      "Startup Cost": 2567.65,
                                      "Total Cost": 528783.16,
                                      "Plan Rows": 1265,
                                      "Plan Width": 57,
                                      "Inner Unique": false,
                                      "Hash Cond": "(catalog_sales.cs_catalog_page_sk = catalog_page.cp_catalog_page_sk)",
                                      "Plans": [
                                        {
                                          "Node Type": "Hash Join",
                                          "Parent Relationship": "Outer",
                                          "Parallel Aware": true,
                                          "Async Capable": false,
                                          "Join Type": "Inner",
                                          "Startup Cost": 2049.65,
                                          "Total Cost": 528247.76,
                                          "Plan Rows": 1265,
                                          "Plan Width": 44,
                                          "Inner Unique": false,
                                          "Hash Cond": "(catalog_sales.cs_sold_date_sk = date_dim_1.d_date_sk)",
                                          "Plans": [
                                            {
                                              "Node Type": "Append",
                                              "Parent Relationship": "Outer",
                                              "Parallel Aware": true,
                                              "Async Capable": false,
                                              "Startup Cost": 0.0,
                                              "Total Cost": 501439.31,
                                              "Plan Rows": 6600420,
                                              "Plan Width": 48,
                                              "Subplans Removed": 0,
                                              "Plans": [
                                                {
                                                  "Node Type": "Seq Scan",
                                                  "Parent Relationship": "Member",
                                                  "Parallel Aware": true,
                                                  "Async Capable": false,
                                                  "Relation Name": "catalog_sales",
                                                  "Alias": "catalog_sales",
                                                  "Startup Cost": 0.0,
                                                  "Total Cost": 433688.25,
                                                  "Plan Rows": 6000525,
                                                  "Plan Width": 48,
                                                  "parent": 24,
                                                  "ID": 25
                                                },
                                                {
                                                  "Node Type": "Seq Scan",
                                                  "Parent Relationship": "Member",
                                                  "Parallel Aware": true,
                                                  "Async Capable": false,
                                                  "Relation Name": "catalog_returns",
                                                  "Alias": "catalog_returns",
                                                  "Startup Cost": 0.0,
                                                  "Total Cost": 34748.95,
                                                  "Plan Rows": 599895,
                                                  "Plan Width": 48,
                                                  "parent": 24,
                                                  "ID": 26
                                                }
                                              ],
                                              "parent": 23,
                                              "ID": 24,
                                              "left": 25,
                                              "right": 26
                                            },
                                            {
                                              "Node Type": "Hash",
                                              "Parent Relationship": "Inner",
                                              "Parallel Aware": true,
                                              "Async Capable": false,
                                              "Startup Cost": 2049.55,
                                              "Total Cost": 2049.55,
                                              "Plan Rows": 8,
                                              "Plan Width": 4,
                                              "Plans": [
                                                {
                                                  "Node Type": "Seq Scan",
                                                  "Parent Relationship": "Outer",
                                                  "Parallel Aware": true,
                                                  "Async Capable": false,
                                                  "Relation Name": "date_dim",
                                                  "Alias": "date_dim_1",
                                                  "Startup Cost": 0.0,
                                                  "Total Cost": 2049.55,
                                                  "Plan Rows": 8,
                                                  "Plan Width": 4,
                                                  "Filter": "((d_date >= '1998-08-12'::date) AND (d_date <= '1998-08-26 00:00:00'::timestamp without time zone))",
                                                  "parent": 27,
                                                  "ID": 28
                                                }
                                              ],
                                              "parent": 23,
                                              "ID": 27,
                                              "left": 28
                                            }
                                          ],
                                          "parent": 22,
                                          "ID": 23,
                                          "left": 24,
                                          "right": 27
                                        },
                                        {
                                          "Node Type": "Hash",
                                          "Parent Relationship": "Inner",
                                          "Parallel Aware": false,
                                          "Async Capable": false,
                                          "Startup Cost": 368.0,
                                          "Total Cost": 368.0,
                                          "Plan Rows": 12000,
                                          "Plan Width": 21,
                                          "Plans": [
                                            {
                                              "Node Type": "Seq Scan",
                                              "Parent Relationship": "Outer",
                                              "Parallel Aware": false,
                                              "Async Capable": false,
                                              "Relation Name": "catalog_page",
                                              "Alias": "catalog_page",
                                              "Startup Cost": 0.0,
                                              "Total Cost": 368.0,
                                              "Plan Rows": 12000,
                                              "Plan Width": 21,
                                              "parent": 29,
                                              "ID": 30
                                            }
                                          ],
                                          "parent": 22,
                                          "ID": 29,
                                          "left": 30
                                        }
                                      ],
                                      "parent": 21,
                                      "ID": 22,
                                      "left": 23,
                                      "right": 29
                                    }
                                  ],
                                  "parent": 20,
                                  "ID": 21,
                                  "left": 22
                                }
                              ],
                              "parent": 19,
                              "ID": 20,
                              "left": 21
                            }
                          ],
                          "parent": 18,
                          "ID": 19,
                          "left": 20
                        }
                      ],
                      "parent": 3,
                      "ID": 18,
                      "left": 19
                    },
                    {
                      "Node Type": "Subquery Scan",
                      "Parent Relationship": "Member",
                      "Parallel Aware": false,
                      "Async Capable": false,
                      "Alias": "wsr",
                      "Startup Cost": 594058.45,
                      "Total Cost": 594067.44,
                      "Plan Rows": 21,
                      "Plan Width": 160,
                      "Plans": [
                        {
                          "Node Type": "Aggregate",
                          "Strategy": "Sorted",
                          "Partial Mode": "Finalize",
                          "Parent Relationship": "Subquery",
                          "Parallel Aware": false,
                          "Async Capable": false,
                          "Startup Cost": 594058.45,
                          "Total Cost": 594067.07,
                          "Plan Rows": 21,
                          "Plan Width": 145,
                          "Group Key": [
                            "web_site.web_site_id"
                          ],
                          "Plans": [
                            {
                              "Node Type": "Gather Merge",
                              "Parent Relationship": "Outer",
                              "Parallel Aware": false,
                              "Async Capable": false,
                              "Startup Cost": 594058.45,
                              "Total Cost": 594065.71,
                              "Plan Rows": 42,
                              "Plan Width": 145,
                              "Workers Planned": 2,
                              "Plans": [
                                {
                                  "Node Type": "Aggregate",
                                  "Strategy": "Sorted",
                                  "Partial Mode": "Partial",
                                  "Parent Relationship": "Outer",
                                  "Parallel Aware": false,
                                  "Async Capable": false,
                                  "Startup Cost": 593058.42,
                                  "Total Cost": 593060.84,
                                  "Plan Rows": 21,
                                  "Plan Width": 145,
                                  "Group Key": [
                                    "web_site.web_site_id"
                                  ],
                                  "Plans": [
                                    {
                                      "Node Type": "Sort",
                                      "Parent Relationship": "Outer",
                                      "Parallel Aware": false,
                                      "Async Capable": false,
                                      "Startup Cost": 593058.42,
                                      "Total Cost": 593058.75,
                                      "Plan Rows": 133,
                                      "Plan Width": 57,
                                      "Sort Key": [
                                        "web_site.web_site_id"
                                      ],
                                      "Plans": [
                                        {
                                          "Node Type": "Hash Join",
                                          "Parent Relationship": "Outer",
                                          "Parallel Aware": false,
                                          "Async Capable": false,
                                          "Join Type": "Inner",
                                          "Startup Cost": 2053.6,
                                          "Total Cost": 593053.73,
                                          "Plan Rows": 133,
                                          "Plan Width": 57,
                                          "Inner Unique": false,
                                          "Hash Cond": "(\"*SELECT* 2\".wsr_web_site_sk = web_site.web_site_sk)",
                                          "Plans": [
                                            {
                                              "Node Type": "Hash Join",
                                              "Parent Relationship": "Outer",
                                              "Parallel Aware": true,
                                              "Async Capable": false,
                                              "Join Type": "Inner",
                                              "Startup Cost": 2049.65,
                                              "Total Cost": 593046.09,
                                              "Plan Rows": 632,
                                              "Plan Width": 44,
                                              "Inner Unique": false,
                                              "Hash Cond": "(\"*SELECT* 2\".date_sk = date_dim_2.d_date_sk)",
                                              "Plans": [
                                                {
                                                  "Node Type": "Append",
                                                  "Parent Relationship": "Outer",
                                                  "Parallel Aware": true,
                                                  "Async Capable": false,
                                                  "Startup Cost": 0.0,
                                                  "Total Cost": 577049.1,
                                                  "Plan Rows": 3718203,
                                                  "Plan Width": 48,
                                                  "Subplans Removed": 0,
                                                  "Plans": [
                                                    {
                                                      "Node Type": "Subquery Scan",
                                                      "Parent Relationship": "Member",
                                                      "Parallel Aware": false,
                                                      "Async Capable": false,
                                                      "Alias": "*SELECT* 2",
                                                      "Startup Cost": 277366.65,
                                                      "Total Cost": 340720.23,
                                                      "Plan Rows": 719217,
                                                      "Plan Width": 48,
                                                      "Plans": [
                                                        {
                                                          "Node Type": "Hash Join",
                                                          "Parent Relationship": "Subquery",
                                                          "Parallel Aware": true,
                                                          "Async Capable": false,
                                                          "Join Type": "Left",
                                                          "Startup Cost": 277366.65,
                                                          "Total Cost": 333528.06,
                                                          "Plan Rows": 299674,
                                                          "Plan Width": 48,
                                                          "Inner Unique": false,
                                                          "Hash Cond": "((web_returns.wr_item_sk = web_sales_1.ws_item_sk) AND (web_returns.wr_order_number = web_sales_1.ws_order_number))",
                                                          "Plans": [
                                                            {
                                                              "Node Type": "Seq Scan",
                                                              "Parent Relationship": "Outer",
                                                              "Parallel Aware": true,
                                                              "Async Capable": false,
                                                              "Relation Name": "web_returns",
                                                              "Alias": "web_returns",
                                                              "Startup Cost": 0.0,
                                                              "Total Cost": 16278.74,
                                                              "Plan Rows": 299674,
                                                              "Plan Width": 24,
                                                              "parent": 40,
                                                              "ID": 41
                                                            },
                                                            {
                                                              "Node Type": "Hash",
                                                              "Parent Relationship": "Inner",
                                                              "Parallel Aware": true,
                                                              "Async Capable": false,
                                                              "Startup Cost": 217737.86,
                                                              "Total Cost": 217737.86,
                                                              "Plan Rows": 2998986,
                                                              "Plan Width": 12,
                                                              "Plans": [
                                                                {
                                                                  "Node Type": "Seq Scan",
                                                                  "Parent Relationship": "Outer",
                                                                  "Parallel Aware": true,
                                                                  "Async Capable": false,
                                                                  "Relation Name": "web_sales",
                                                                  "Alias": "web_sales_1",
                                                                  "Startup Cost": 0.0,
                                                                  "Total Cost": 217737.86,
                                                                  "Plan Rows": 2998986,
                                                                  "Plan Width": 12,
                                                                  "parent": 42,
                                                                  "ID": 43
                                                                }
                                                              ],
                                                              "parent": 40,
                                                              "ID": 42,
                                                              "left": 43
                                                            }
                                                          ],
                                                          "parent": 39,
                                                          "ID": 40,
                                                          "left": 41,
                                                          "right": 42
                                                        }
                                                      ],
                                                      "parent": 38,
                                                      "ID": 39,
                                                      "left": 40
                                                    },
                                                    {
                                                      "Node Type": "Seq Scan",
                                                      "Parent Relationship": "Member",
                                                      "Parallel Aware": true,
                                                      "Async Capable": false,
                                                      "Relation Name": "web_sales",
                                                      "Alias": "web_sales",
                                                      "Startup Cost": 0.0,
                                                      "Total Cost": 217737.86,
                                                      "Plan Rows": 2998986,
                                                      "Plan Width": 48,
                                                      "parent": 38,
                                                      "ID": 44
                                                    }
                                                  ],
                                                  "parent": 37,
                                                  "ID": 38,
                                                  "left": 39,
                                                  "right": 44
                                                },
                                                {
                                                  "Node Type": "Hash",
                                                  "Parent Relationship": "Inner",
                                                  "Parallel Aware": true,
                                                  "Async Capable": false,
                                                  "Startup Cost": 2049.55,
                                                  "Total Cost": 2049.55,
                                                  "Plan Rows": 8,
                                                  "Plan Width": 4,
                                                  "Plans": [
                                                    {
                                                      "Node Type": "Seq Scan",
                                                      "Parent Relationship": "Outer",
                                                      "Parallel Aware": true,
                                                      "Async Capable": false,
                                                      "Relation Name": "date_dim",
                                                      "Alias": "date_dim_2",
                                                      "Startup Cost": 0.0,
                                                      "Total Cost": 2049.55,
                                                      "Plan Rows": 8,
                                                      "Plan Width": 4,
                                                      "Filter": "((d_date >= '1998-08-12'::date) AND (d_date <= '1998-08-26 00:00:00'::timestamp without time zone))",
                                                      "parent": 45,
                                                      "ID": 46
                                                    }
                                                  ],
                                                  "parent": 37,
                                                  "ID": 45,
                                                  "left": 46
                                                }
                                              ],
                                              "parent": 36,
                                              "ID": 37,
                                              "left": 38,
                                              "right": 45
                                            },
                                            {
                                              "Node Type": "Hash",
                                              "Parent Relationship": "Inner",
                                              "Parallel Aware": false,
                                              "Async Capable": false,
                                              "Startup Cost": 3.42,
                                              "Total Cost": 3.42,
                                              "Plan Rows": 42,
                                              "Plan Width": 21,
                                              "Plans": [
                                                {
                                                  "Node Type": "Seq Scan",
                                                  "Parent Relationship": "Outer",
                                                  "Parallel Aware": false,
                                                  "Async Capable": false,
                                                  "Relation Name": "web_site",
                                                  "Alias": "web_site",
                                                  "Startup Cost": 0.0,
                                                  "Total Cost": 3.42,
                                                  "Plan Rows": 42,
                                                  "Plan Width": 21,
                                                  "parent": 47,
                                                  "ID": 48
                                                }
                                              ],
                                              "parent": 36,
                                              "ID": 47,
                                              "left": 48
                                            }
                                          ],
                                          "parent": 35,
                                          "ID": 36,
                                          "left": 37,
                                          "right": 47
                                        }
                                      ],
                                      "parent": 34,
                                      "ID": 35,
                                      "left": 36
                                    }
                                  ],
                                  "parent": 33,
                                  "ID": 34,
                                  "left": 35
                                }
                              ],
                              "parent": 32,
                              "ID": 33,
                              "left": 34
                            }
                          ],
                          "parent": 31,
                          "ID": 32,
                          "left": 33
                        }
                      ],
                      "parent": 3,
                      "ID": 31,
                      "left": 32
                    }
                  ],
                  "parent": 2,
                  "ID": 3,
                  "left": 4,
                  "right": 18
                }
              ],
              "parent": 1,
              "ID": 2,
              "left": 3
            }
          ],
          "parent": 0,
          "ID": 1,
          "left": 2
        }
      ],
      "parent": null,
      "ID": 0,
      "left": 1
    },
    "feat": {
      "utility": 0.0,
      "query_shape": [
        [
          "Seq Scan",
          "Append",
          "Hash Join",
          "Sort",
          "Aggregate",
          "Gather Merge",
          "Subquery Scan"
        ],
        [
          "Seq Scan",
          "Append",
          "Hash Join",
          "Sort",
          "Aggregate",
          "Gather Merge",
          "Subquery Scan"
        ],
        [
          "Seq Scan",
          "Hash",
          "Hash Join",
          "Sort",
          "Aggregate",
          "Gather Merge",
          "Subquery Scan",
          "Append"
        ],
        [
          "Seq Scan",
          "Hash",
          "Hash Join",
          "Sort",
          "Aggregate",
          "Gather Merge",
          "Subquery Scan",
          "Append"
        ],
        [
          "Seq Scan",
          "Append",
          "Hash Join",
          "Sort",
          "Gather Merge",
          "Aggregate",
          "Subquery Scan"
        ],
        [
          "Seq Scan",
          "Append",
          "Hash Join",
          "Sort",
          "Gather Merge",
          "Aggregate",
          "Subquery Scan"
        ],
        [
          "Seq Scan",
          "Hash",
          "Hash Join",
          "Sort",
          "Gather Merge",
          "Aggregate",
          "Subquery Scan",
          "Append"
        ],
        [
          "Seq Scan",
          "Hash",
          "Hash Join",
          "Sort",
          "Gather Merge",
          "Aggregate",
          "Subquery Scan",
          "Append"
        ],
        [
          "Seq Scan",
          "Hash Join",
          "Subquery Scan",
          "Append",
          "Sort",
          "Aggregate",
          "Gather Merge"
        ],
        [
          "Seq Scan",
          "Hash",
          "Hash Join",
          "Subquery Scan",
          "Append",
          "Sort",
          "Aggregate",
          "Gather Merge"
        ],
        [
          "Seq Scan",
          "Append",
          "Hash Join",
          "Sort",
          "Aggregate",
          "Gather Merge",
          "Subquery Scan"
        ],
        [
          "Seq Scan",
          "Hash",
          "Hash Join",
          "Sort",
          "Aggregate",
          "Gather Merge",
          "Subquery Scan",
          "Append"
        ],
        [
          "Seq Scan",
          "Hash",
          "Hash Join",
          "Sort",
          "Aggregate",
          "Gather Merge",
          "Subquery Scan",
          "Append"
        ]
      ],
      "index_shape": [],
      "physical_operator": {}
    }
  },
  {
    "query": "with ssr as\n (select s_store_id,\n        sum(sales_price) as sales,\n        sum(profit) as profit,\n        sum(return_amt) as returns,\n        sum(net_loss) as profit_loss\n from\n  ( select  ss_store_sk as store_sk,\n            ss_sold_date_sk  as date_sk,\n            ss_ext_sales_price as sales_price,\n            ss_net_profit as profit,\n            cast(0 as decimal(7,2)) as return_amt,\n            cast(0 as decimal(7,2)) as net_loss\n    from store_sales\n    union all\n    select sr_store_sk as store_sk,\n           sr_returned_date_sk as date_sk,\n           cast(0 as decimal(7,2)) as sales_price,\n           cast(0 as decimal(7,2)) as profit,\n           sr_return_amt as return_amt,\n           sr_net_loss as net_loss\n    from store_returns\n   ) salesreturns,\n     date_dim,\n     store\n where date_sk = d_date_sk\n       and d_date between cast('1998-08-12' as date) \n                  and (cast('1998-08-12' as date) +  interval '14 days')\n       and store_sk = s_store_sk\n group by s_store_id)\n ,\n csr as\n (select cp_catalog_page_id,\n        sum(sales_price) as sales,\n        sum(profit) as profit,\n        sum(return_amt) as returns,\n        sum(net_loss) as profit_loss\n from\n  ( select  cs_catalog_page_sk as page_sk,\n            cs_sold_date_sk  as date_sk,\n            cs_ext_sales_price as sales_price,\n            cs_net_profit as profit,\n            cast(0 as decimal(7,2)) as return_amt,\n            cast(0 as decimal(7,2)) as net_loss\n    from catalog_sales\n    union all\n    select cr_catalog_page_sk as page_sk,\n           cr_returned_date_sk as date_sk,\n           cast(0 as decimal(7,2)) as sales_price,\n           cast(0 as decimal(7,2)) as profit,\n           cr_return_amount as return_amt,\n           cr_net_loss as net_loss\n    from catalog_returns\n   ) salesreturns,\n     date_dim,\n     catalog_page\n where date_sk = d_date_sk\n       and d_date between cast('1998-08-12' as date)\n                  and (cast('1998-08-12' as date) +  interval '14 days')\n       and page_sk = cp_catalog_page_sk\n group by cp_catalog_page_id)\n ,\n wsr as\n (select web_site_id,\n        sum(sales_price) as sales,\n        sum(profit) as profit,\n        sum(return_amt) as returns,\n        sum(net_loss) as profit_loss\n from\n  ( select  ws_web_site_sk as wsr_web_site_sk,\n            ws_sold_date_sk  as date_sk,\n            ws_ext_sales_price as sales_price,\n            ws_net_profit as profit,\n            cast(0 as decimal(7,2)) as return_amt,\n            cast(0 as decimal(7,2)) as net_loss\n    from web_sales\n    union all\n    select ws_web_site_sk as wsr_web_site_sk,\n           wr_returned_date_sk as date_sk,\n           cast(0 as decimal(7,2)) as sales_price,\n           cast(0 as decimal(7,2)) as profit,\n           wr_return_amt as return_amt,\n           wr_net_loss as net_loss\n    from web_returns left outer join web_sales on\n         ( wr_item_sk = ws_item_sk\n           and wr_order_number = ws_order_number)\n   ) salesreturns,\n     date_dim,\n     web_site\n where date_sk = d_date_sk\n       and d_date between cast('1998-08-12' as date)\n                  and (cast('1998-08-12' as date) +  interval '14 days')\n       and wsr_web_site_sk = web_site_sk\n group by web_site_id)\n  select  channel\n        , id\n        , sum(sales) as sales\n        , sum(returns) as returns\n        , sum(profit) as profit\n from \n (select 'store channel' as channel\n        , 'store' || s_store_id as id\n        , sales\n        , returns\n        , (profit - profit_loss) as profit\n from   ssr\n union all\n select 'catalog channel' as channel\n        , 'catalog_page' || cp_catalog_page_id as id\n        , sales\n        , returns\n        , (profit - profit_loss) as profit\n from  csr\n union all\n select 'web channel' as channel\n        , 'web_site' || web_site_id as id\n        , sales\n        , returns\n        , (profit - profit_loss) as profit\n from   wsr\n ) x\n group by rollup (channel, id)\n order by channel\n         ,id\n limit 100;\n\n-- end query 3 in stream 0 using template query5.tpl\n",
    "indexes": "catalog_sales.cs_sold_date_sk",
    "wo plan est": {
      "Node Type": "Limit",
      "Parallel Aware": false,
      "Async Capable": false,
      "Startup Cost": 1940046.82,
      "Total Cost": 1940047.07,
      "Plan Rows": 100,
      "Plan Width": 160,
      "Plans": [
        {
          "Node Type": "Sort",
          "Parent Relationship": "Outer",
          "Parallel Aware": false,
          "Async Capable": false,
          "Startup Cost": 1940046.82,
          "Total Cost": 1940048.1,
          "Plan Rows": 512,
          "Plan Width": 160,
          "Sort Key": [
            "('store channel'::text)",
            "(('store'::text || (ssr.s_store_id)::text))"
          ],
          "Plans": [
            {
              "Node Type": "Aggregate",
              "Strategy": "Mixed",
              "Partial Mode": "Simple",
              "Parent Relationship": "Outer",
              "Parallel Aware": false,
              "Async Capable": false,
              "Startup Cost": 815451.97,
              "Total Cost": 1940027.26,
              "Plan Rows": 512,
              "Plan Width": 160,
              "Grouping Sets": [
                {
                  "Hash Keys": [
                    [
                      "('store channel'::text)",
                      "(('store'::text || (ssr.s_store_id)::text))"
                    ]
                  ]
                },
                {
                  "Hash Keys": [
                    [
                      "('store channel'::text)"
                    ]
                  ]
                },
                {
                  "Group Keys": [
                    []
                  ]
                }
              ],
              "Planned Partitions": 0,
              "Plans": [
                {
                  "Node Type": "Append",
                  "Parent Relationship": "Outer",
                  "Parallel Aware": false,
                  "Async Capable": false,
                  "Startup Cost": 815451.97,
                  "Total Cost": 1939925.06,
                  "Plan Rows": 3108,
                  "Plan Width": 160,
                  "Subplans Removed": 0,
                  "Plans": [
                    {
                      "Node Type": "Subquery Scan",
                      "Parent Relationship": "Member",
                      "Parallel Aware": false,
                      "Async Capable": false,
                      "Alias": "ssr",
                      "Startup Cost": 815451.97,
                      "Total Cost": 815488.32,
                      "Plan Rows": 51,
                      "Plan Width": 160,
                      "Plans": [
                        {
                          "Node Type": "Aggregate",
                          "Strategy": "Sorted",
                          "Partial Mode": "Finalize",
                          "Parent Relationship": "Subquery",
                          "Parallel Aware": false,
                          "Async Capable": false,
                          "Startup Cost": 815451.97,
                          "Total Cost": 815487.43,
                          "Plan Rows": 51,
                          "Plan Width": 145,
                          "Group Key": [
                            "store.s_store_id"
                          ],
                          "Plans": [
                            {
                              "Node Type": "Gather Merge",
                              "Parent Relationship": "Outer",
                              "Parallel Aware": false,
                              "Async Capable": false,
                              "Startup Cost": 815451.97,
                              "Total Cost": 815484.12,
                              "Plan Rows": 102,
                              "Plan Width": 145,
                              "Workers Planned": 2,
                              "Plans": [
                                {
                                  "Node Type": "Aggregate",
                                  "Strategy": "Sorted",
                                  "Partial Mode": "Partial",
                                  "Parent Relationship": "Outer",
                                  "Parallel Aware": false,
                                  "Async Capable": false,
                                  "Startup Cost": 814451.95,
                                  "Total Cost": 814472.32,
                                  "Plan Rows": 51,
                                  "Plan Width": 145,
                                  "Group Key": [
                                    "store.s_store_id"
                                  ],
                                  "Plans": [
                                    {
                                      "Node Type": "Sort",
                                      "Parent Relationship": "Outer",
                                      "Parallel Aware": false,
                                      "Async Capable": false,
                                      "Startup Cost": 814451.95,
                                      "Total Cost": 814455.17,
                                      "Plan Rows": 1290,
                                      "Plan Width": 57,
                                      "Sort Key": [
                                        "store.s_store_id"
                                      ],
                                      "Plans": [
                                        {
                                          "Node Type": "Hash Join",
                                          "Parent Relationship": "Outer",
                                          "Parallel Aware": false,
                                          "Async Capable": false,
                                          "Join Type": "Inner",
                                          "Startup Cost": 2056.95,
                                          "Total Cost": 814385.3,
                                          "Plan Rows": 1290,
                                          "Plan Width": 57,
                                          "Inner Unique": false,
                                          "Hash Cond": "(store_sales.ss_store_sk = store.s_store_sk)",
                                          "Plans": [
                                            {
                                              "Node Type": "Hash Join",
                                              "Parent Relationship": "Outer",
                                              "Parallel Aware": true,
                                              "Async Capable": false,
                                              "Join Type": "Inner",
                                              "Startup Cost": 2049.65,
                                              "Total Cost": 814355.62,
                                              "Plan Rows": 2530,
                                              "Plan Width": 44,
                                              "Inner Unique": false,
                                              "Hash Cond": "(store_sales.ss_sold_date_sk = date_dim.d_date_sk)",
                                              "Plans": [
                                                {
                                                  "Node Type": "Append",
                                                  "Parent Relationship": "Outer",
                                                  "Parallel Aware": true,
                                                  "Async Capable": false,
                                                  "Startup Cost": 0.0,
                                                  "Total Cost": 762796.01,
                                                  "Plan Rows": 13198801,
                                                  "Plan Width": 48,
                                                  "Subplans Removed": 0,
                                                  "Plans": [
                                                    {
                                                      "Node Type": "Seq Scan",
                                                      "Parent Relationship": "Member",
                                                      "Parallel Aware": true,
                                                      "Async Capable": false,
                                                      "Relation Name": "store_sales",
                                                      "Alias": "store_sales",
                                                      "Startup Cost": 0.0,
                                                      "Total Cost": 636914.37,
                                                      "Plan Rows": 12000637,
                                                      "Plan Width": 48,
                                                      "parent": 11,
                                                      "ID": 12
                                                    },
                                                    {
                                                      "Node Type": "Seq Scan",
                                                      "Parent Relationship": "Member",
                                                      "Parallel Aware": true,
                                                      "Async Capable": false,
                                                      "Relation Name": "store_returns",
                                                      "Alias": "store_returns",
                                                      "Startup Cost": 0.0,
                                                      "Total Cost": 59887.64,
                                                      "Plan Rows": 1198164,
                                                      "Plan Width": 48,
                                                      "parent": 11,
                                                      "ID": 13
                                                    }
                                                  ],
                                                  "parent": 10,
                                                  "ID": 11,
                                                  "left": 12,
                                                  "right": 13
                                                },
                                                {
                                                  "Node Type": "Hash",
                                                  "Parent Relationship": "Inner",
                                                  "Parallel Aware": true,
                                                  "Async Capable": false,
                                                  "Startup Cost": 2049.55,
                                                  "Total Cost": 2049.55,
                                                  "Plan Rows": 8,
                                                  "Plan Width": 4,
                                                  "Plans": [
                                                    {
                                                      "Node Type": "Seq Scan",
                                                      "Parent Relationship": "Outer",
                                                      "Parallel Aware": true,
                                                      "Async Capable": false,
                                                      "Relation Name": "date_dim",
                                                      "Alias": "date_dim",
                                                      "Startup Cost": 0.0,
                                                      "Total Cost": 2049.55,
                                                      "Plan Rows": 8,
                                                      "Plan Width": 4,
                                                      "Filter": "((d_date >= '1998-08-12'::date) AND (d_date <= '1998-08-26 00:00:00'::timestamp without time zone))",
                                                      "parent": 14,
                                                      "ID": 15
                                                    }
                                                  ],
                                                  "parent": 10,
                                                  "ID": 14,
                                                  "left": 15
                                                }
                                              ],
                                              "parent": 9,
                                              "ID": 10,
                                              "left": 11,
                                              "right": 14
                                            },
                                            {
                                              "Node Type": "Hash",
                                              "Parent Relationship": "Inner",
                                              "Parallel Aware": false,
                                              "Async Capable": false,
                                              "Startup Cost": 6.02,
                                              "Total Cost": 6.02,
                                              "Plan Rows": 102,
                                              "Plan Width": 21,
                                              "Plans": [
                                                {
                                                  "Node Type": "Seq Scan",
                                                  "Parent Relationship": "Outer",
                                                  "Parallel Aware": false,
                                                  "Async Capable": false,
                                                  "Relation Name": "store",
                                                  "Alias": "store",
                                                  "Startup Cost": 0.0,
                                                  "Total Cost": 6.02,
                                                  "Plan Rows": 102,
                                                  "Plan Width": 21,
                                                  "parent": 16,
                                                  "ID": 17
                                                }
                                              ],
                                              "parent": 9,
                                              "ID": 16,
                                              "left": 17
                                            }
                                          ],
                                          "parent": 8,
                                          "ID": 9,
                                          "left": 10,
                                          "right": 16
                                        }
                                      ],
                                      "parent": 7,
                                      "ID": 8,
                                      "left": 9
                                    }
                                  ],
                                  "parent": 6,
                                  "ID": 7,
                                  "left": 8
                                }
                              ],
                              "parent": 5,
                              "ID": 6,
                              "left": 7
                            }
                          ],
                          "parent": 4,
                          "ID": 5,
                          "left": 6
                        }
                      ],
                      "parent": 3,
                      "ID": 4,
                      "left": 5
                    },
                    {
                      "Node Type": "Subquery Scan",
                      "Parent Relationship": "Member",
                      "Parallel Aware": false,
                      "Async Capable": false,
                      "Alias": "csr",
                      "Startup Cost": 529848.36,
                      "Total Cost": 530353.75,
                      "Plan Rows": 3036,
                      "Plan Width": 160,
                      "Plans": [
                        {
                          "Node Type": "Aggregate",
                          "Strategy": "Sorted",
                          "Partial Mode": "Simple",
                          "Parent Relationship": "Subquery",
                          "Parallel Aware": false,
                          "Async Capable": false,
                          "Startup Cost": 529848.36,
                          "Total Cost": 530300.62,
                          "Plan Rows": 3036,
                          "Plan Width": 145,
                          "Group Key": [
                            "catalog_page.cp_catalog_page_id"
                          ],
                          "Plans": [
                            {
                              "Node Type": "Gather Merge",
                              "Parent Relationship": "Outer",
                              "Parallel Aware": false,
                              "Async Capable": false,
                              "Startup Cost": 529848.36,
                              "Total Cost": 530201.95,
                              "Plan Rows": 3036,
                              "Plan Width": 57,
                              "Workers Planned": 2,
                              "Plans": [
                                {
                                  "Node Type": "Sort",
                                  "Parent Relationship": "Outer",
                                  "Parallel Aware": false,
                                  "Async Capable": false,
                                  "Startup Cost": 528848.34,
                                  "Total Cost": 528851.5,
                                  "Plan Rows": 1265,
                                  "Plan Width": 57,
                                  "Sort Key": [
                                    "catalog_page.cp_catalog_page_id"
                                  ],
                                  "Plans": [
                                    {
                                      "Node Type": "Hash Join",
                                      "Parent Relationship": "Outer",
                                      "Parallel Aware": false,
                                      "Async Capable": false,
                                      "Join Type": "Inner",
                                      "Startup Cost": 2567.65,
                                      "Total Cost": 528783.16,
                                      "Plan Rows": 1265,
                                      "Plan Width": 57,
                                      "Inner Unique": false,
                                      "Hash Cond": "(catalog_sales.cs_catalog_page_sk = catalog_page.cp_catalog_page_sk)",
                                      "Plans": [
                                        {
                                          "Node Type": "Hash Join",
                                          "Parent Relationship": "Outer",
                                          "Parallel Aware": true,
                                          "Async Capable": false,
                                          "Join Type": "Inner",
                                          "Startup Cost": 2049.65,
                                          "Total Cost": 528247.76,
                                          "Plan Rows": 1265,
                                          "Plan Width": 44,
                                          "Inner Unique": false,
                                          "Hash Cond": "(catalog_sales.cs_sold_date_sk = date_dim_1.d_date_sk)",
                                          "Plans": [
                                            {
                                              "Node Type": "Append",
                                              "Parent Relationship": "Outer",
                                              "Parallel Aware": true,
                                              "Async Capable": false,
                                              "Startup Cost": 0.0,
                                              "Total Cost": 501439.31,
                                              "Plan Rows": 6600420,
                                              "Plan Width": 48,
                                              "Subplans Removed": 0,
                                              "Plans": [
                                                {
                                                  "Node Type": "Seq Scan",
                                                  "Parent Relationship": "Member",
                                                  "Parallel Aware": true,
                                                  "Async Capable": false,
                                                  "Relation Name": "catalog_sales",
                                                  "Alias": "catalog_sales",
                                                  "Startup Cost": 0.0,
                                                  "Total Cost": 433688.25,
                                                  "Plan Rows": 6000525,
                                                  "Plan Width": 48,
                                                  "parent": 24,
                                                  "ID": 25
                                                },
                                                {
                                                  "Node Type": "Seq Scan",
                                                  "Parent Relationship": "Member",
                                                  "Parallel Aware": true,
                                                  "Async Capable": false,
                                                  "Relation Name": "catalog_returns",
                                                  "Alias": "catalog_returns",
                                                  "Startup Cost": 0.0,
                                                  "Total Cost": 34748.95,
                                                  "Plan Rows": 599895,
                                                  "Plan Width": 48,
                                                  "parent": 24,
                                                  "ID": 26
                                                }
                                              ],
                                              "parent": 23,
                                              "ID": 24,
                                              "left": 25,
                                              "right": 26
                                            },
                                            {
                                              "Node Type": "Hash",
                                              "Parent Relationship": "Inner",
                                              "Parallel Aware": true,
                                              "Async Capable": false,
                                              "Startup Cost": 2049.55,
                                              "Total Cost": 2049.55,
                                              "Plan Rows": 8,
                                              "Plan Width": 4,
                                              "Plans": [
                                                {
                                                  "Node Type": "Seq Scan",
                                                  "Parent Relationship": "Outer",
                                                  "Parallel Aware": true,
                                                  "Async Capable": false,
                                                  "Relation Name": "date_dim",
                                                  "Alias": "date_dim_1",
                                                  "Startup Cost": 0.0,
                                                  "Total Cost": 2049.55,
                                                  "Plan Rows": 8,
                                                  "Plan Width": 4,
                                                  "Filter": "((d_date >= '1998-08-12'::date) AND (d_date <= '1998-08-26 00:00:00'::timestamp without time zone))",
                                                  "parent": 27,
                                                  "ID": 28
                                                }
                                              ],
                                              "parent": 23,
                                              "ID": 27,
                                              "left": 28
                                            }
                                          ],
                                          "parent": 22,
                                          "ID": 23,
                                          "left": 24,
                                          "right": 27
                                        },
                                        {
                                          "Node Type": "Hash",
                                          "Parent Relationship": "Inner",
                                          "Parallel Aware": false,
                                          "Async Capable": false,
                                          "Startup Cost": 368.0,
                                          "Total Cost": 368.0,
                                          "Plan Rows": 12000,
                                          "Plan Width": 21,
                                          "Plans": [
                                            {
                                              "Node Type": "Seq Scan",
                                              "Parent Relationship": "Outer",
                                              "Parallel Aware": false,
                                              "Async Capable": false,
                                              "Relation Name": "catalog_page",
                                              "Alias": "catalog_page",
                                              "Startup Cost": 0.0,
                                              "Total Cost": 368.0,
                                              "Plan Rows": 12000,
                                              "Plan Width": 21,
                                              "parent": 29,
                                              "ID": 30
                                            }
                                          ],
                                          "parent": 22,
                                          "ID": 29,
                                          "left": 30
                                        }
                                      ],
                                      "parent": 21,
                                      "ID": 22,
                                      "left": 23,
                                      "right": 29
                                    }
                                  ],
                                  "parent": 20,
                                  "ID": 21,
                                  "left": 22
                                }
                              ],
                              "parent": 19,
                              "ID": 20,
                              "left": 21
                            }
                          ],
                          "parent": 18,
                          "ID": 19,
                          "left": 20
                        }
                      ],
                      "parent": 3,
                      "ID": 18,
                      "left": 19
                    },
                    {
                      "Node Type": "Subquery Scan",
                      "Parent Relationship": "Member",
                      "Parallel Aware": false,
                      "Async Capable": false,
                      "Alias": "wsr",
                      "Startup Cost": 594058.45,
                      "Total Cost": 594067.44,
                      "Plan Rows": 21,
                      "Plan Width": 160,
                      "Plans": [
                        {
                          "Node Type": "Aggregate",
                          "Strategy": "Sorted",
                          "Partial Mode": "Finalize",
                          "Parent Relationship": "Subquery",
                          "Parallel Aware": false,
                          "Async Capable": false,
                          "Startup Cost": 594058.45,
                          "Total Cost": 594067.07,
                          "Plan Rows": 21,
                          "Plan Width": 145,
                          "Group Key": [
                            "web_site.web_site_id"
                          ],
                          "Plans": [
                            {
                              "Node Type": "Gather Merge",
                              "Parent Relationship": "Outer",
                              "Parallel Aware": false,
                              "Async Capable": false,
                              "Startup Cost": 594058.45,
                              "Total Cost": 594065.71,
                              "Plan Rows": 42,
                              "Plan Width": 145,
                              "Workers Planned": 2,
                              "Plans": [
                                {
                                  "Node Type": "Aggregate",
                                  "Strategy": "Sorted",
                                  "Partial Mode": "Partial",
                                  "Parent Relationship": "Outer",
                                  "Parallel Aware": false,
                                  "Async Capable": false,
                                  "Startup Cost": 593058.42,
                                  "Total Cost": 593060.84,
                                  "Plan Rows": 21,
                                  "Plan Width": 145,
                                  "Group Key": [
                                    "web_site.web_site_id"
                                  ],
                                  "Plans": [
                                    {
                                      "Node Type": "Sort",
                                      "Parent Relationship": "Outer",
                                      "Parallel Aware": false,
                                      "Async Capable": false,
                                      "Startup Cost": 593058.42,
                                      "Total Cost": 593058.75,
                                      "Plan Rows": 133,
                                      "Plan Width": 57,
                                      "Sort Key": [
                                        "web_site.web_site_id"
                                      ],
                                      "Plans": [
                                        {
                                          "Node Type": "Hash Join",
                                          "Parent Relationship": "Outer",
                                          "Parallel Aware": false,
                                          "Async Capable": false,
                                          "Join Type": "Inner",
                                          "Startup Cost": 2053.6,
                                          "Total Cost": 593053.73,
                                          "Plan Rows": 133,
                                          "Plan Width": 57,
                                          "Inner Unique": false,
                                          "Hash Cond": "(\"*SELECT* 2\".wsr_web_site_sk = web_site.web_site_sk)",
                                          "Plans": [
                                            {
                                              "Node Type": "Hash Join",
                                              "Parent Relationship": "Outer",
                                              "Parallel Aware": true,
                                              "Async Capable": false,
                                              "Join Type": "Inner",
                                              "Startup Cost": 2049.65,
                                              "Total Cost": 593046.09,
                                              "Plan Rows": 632,
                                              "Plan Width": 44,
                                              "Inner Unique": false,
                                              "Hash Cond": "(\"*SELECT* 2\".date_sk = date_dim_2.d_date_sk)",
                                              "Plans": [
                                                {
                                                  "Node Type": "Append",
                                                  "Parent Relationship": "Outer",
                                                  "Parallel Aware": true,
                                                  "Async Capable": false,
                                                  "Startup Cost": 0.0,
                                                  "Total Cost": 577049.1,
                                                  "Plan Rows": 3718203,
                                                  "Plan Width": 48,
                                                  "Subplans Removed": 0,
                                                  "Plans": [
                                                    {
                                                      "Node Type": "Subquery Scan",
                                                      "Parent Relationship": "Member",
                                                      "Parallel Aware": false,
                                                      "Async Capable": false,
                                                      "Alias": "*SELECT* 2",
                                                      "Startup Cost": 277366.65,
                                                      "Total Cost": 340720.23,
                                                      "Plan Rows": 719217,
                                                      "Plan Width": 48,
                                                      "Plans": [
                                                        {
                                                          "Node Type": "Hash Join",
                                                          "Parent Relationship": "Subquery",
                                                          "Parallel Aware": true,
                                                          "Async Capable": false,
                                                          "Join Type": "Left",
                                                          "Startup Cost": 277366.65,
                                                          "Total Cost": 333528.06,
                                                          "Plan Rows": 299674,
                                                          "Plan Width": 48,
                                                          "Inner Unique": false,
                                                          "Hash Cond": "((web_returns.wr_item_sk = web_sales_1.ws_item_sk) AND (web_returns.wr_order_number = web_sales_1.ws_order_number))",
                                                          "Plans": [
                                                            {
                                                              "Node Type": "Seq Scan",
                                                              "Parent Relationship": "Outer",
                                                              "Parallel Aware": true,
                                                              "Async Capable": false,
                                                              "Relation Name": "web_returns",
                                                              "Alias": "web_returns",
                                                              "Startup Cost": 0.0,
                                                              "Total Cost": 16278.74,
                                                              "Plan Rows": 299674,
                                                              "Plan Width": 24,
                                                              "parent": 40,
                                                              "ID": 41
                                                            },
                                                            {
                                                              "Node Type": "Hash",
                                                              "Parent Relationship": "Inner",
                                                              "Parallel Aware": true,
                                                              "Async Capable": false,
                                                              "Startup Cost": 217737.86,
                                                              "Total Cost": 217737.86,
                                                              "Plan Rows": 2998986,
                                                              "Plan Width": 12,
                                                              "Plans": [
                                                                {
                                                                  "Node Type": "Seq Scan",
                                                                  "Parent Relationship": "Outer",
                                                                  "Parallel Aware": true,
                                                                  "Async Capable": false,
                                                                  "Relation Name": "web_sales",
                                                                  "Alias": "web_sales_1",
                                                                  "Startup Cost": 0.0,
                                                                  "Total Cost": 217737.86,
                                                                  "Plan Rows": 2998986,
                                                                  "Plan Width": 12,
                                                                  "parent": 42,
                                                                  "ID": 43
                                                                }
                                                              ],
                                                              "parent": 40,
                                                              "ID": 42,
                                                              "left": 43
                                                            }
                                                          ],
                                                          "parent": 39,
                                                          "ID": 40,
                                                          "left": 41,
                                                          "right": 42
                                                        }
                                                      ],
                                                      "parent": 38,
                                                      "ID": 39,
                                                      "left": 40
                                                    },
                                                    {
                                                      "Node Type": "Seq Scan",
                                                      "Parent Relationship": "Member",
                                                      "Parallel Aware": true,
                                                      "Async Capable": false,
                                                      "Relation Name": "web_sales",
                                                      "Alias": "web_sales",
                                                      "Startup Cost": 0.0,
                                                      "Total Cost": 217737.86,
                                                      "Plan Rows": 2998986,
                                                      "Plan Width": 48,
                                                      "parent": 38,
                                                      "ID": 44
                                                    }
                                                  ],
                                                  "parent": 37,
                                                  "ID": 38,
                                                  "left": 39,
                                                  "right": 44
                                                },
                                                {
                                                  "Node Type": "Hash",
                                                  "Parent Relationship": "Inner",
                                                  "Parallel Aware": true,
                                                  "Async Capable": false,
                                                  "Startup Cost": 2049.55,
                                                  "Total Cost": 2049.55,
                                                  "Plan Rows": 8,
                                                  "Plan Width": 4,
                                                  "Plans": [
                                                    {
                                                      "Node Type": "Seq Scan",
                                                      "Parent Relationship": "Outer",
                                                      "Parallel Aware": true,
                                                      "Async Capable": false,
                                                      "Relation Name": "date_dim",
                                                      "Alias": "date_dim_2",
                                                      "Startup Cost": 0.0,
                                                      "Total Cost": 2049.55,
                                                      "Plan Rows": 8,
                                                      "Plan Width": 4,
                                                      "Filter": "((d_date >= '1998-08-12'::date) AND (d_date <= '1998-08-26 00:00:00'::timestamp without time zone))",
                                                      "parent": 45,
                                                      "ID": 46
                                                    }
                                                  ],
                                                  "parent": 37,
                                                  "ID": 45,
                                                  "left": 46
                                                }
                                              ],
                                              "parent": 36,
                                              "ID": 37,
                                              "left": 38,
                                              "right": 45
                                            },
                                            {
                                              "Node Type": "Hash",
                                              "Parent Relationship": "Inner",
                                              "Parallel Aware": false,
                                              "Async Capable": false,
                                              "Startup Cost": 3.42,
                                              "Total Cost": 3.42,
                                              "Plan Rows": 42,
                                              "Plan Width": 21,
                                              "Plans": [
                                                {
                                                  "Node Type": "Seq Scan",
                                                  "Parent Relationship": "Outer",
                                                  "Parallel Aware": false,
                                                  "Async Capable": false,
                                                  "Relation Name": "web_site",
                                                  "Alias": "web_site",
                                                  "Startup Cost": 0.0,
                                                  "Total Cost": 3.42,
                                                  "Plan Rows": 42,
                                                  "Plan Width": 21,
                                                  "parent": 47,
                                                  "ID": 48
                                                }
                                              ],
                                              "parent": 36,
                                              "ID": 47,
                                              "left": 48
                                            }
                                          ],
                                          "parent": 35,
                                          "ID": 36,
                                          "left": 37,
                                          "right": 47
                                        }
                                      ],
                                      "parent": 34,
                                      "ID": 35,
                                      "left": 36
                                    }
                                  ],
                                  "parent": 33,
                                  "ID": 34,
                                  "left": 35
                                }
                              ],
                              "parent": 32,
                              "ID": 33,
                              "left": 34
                            }
                          ],
                          "parent": 31,
                          "ID": 32,
                          "left": 33
                        }
                      ],
                      "parent": 3,
                      "ID": 31,
                      "left": 32
                    }
                  ],
                  "parent": 2,
                  "ID": 3,
                  "left": 4,
                  "right": 18
                }
              ],
              "parent": 1,
              "ID": 2,
              "left": 3
            }
          ],
          "parent": 0,
          "ID": 1,
          "left": 2
        }
      ],
      "parent": null,
      "ID": 0,
      "left": 1
    },
    "feat": {
      "utility": 1.754215464953791e-06,
      "query_shape": [
        [
          "Seq Scan",
          "Append",
          "Hash Join",
          "Sort",
          "Aggregate",
          "Gather Merge",
          "Subquery Scan"
        ],
        [
          "Seq Scan",
          "Append",
          "Hash Join",
          "Sort",
          "Aggregate",
          "Gather Merge",
          "Subquery Scan"
        ],
        [
          "Seq Scan",
          "Hash",
          "Hash Join",
          "Sort",
          "Aggregate",
          "Gather Merge",
          "Subquery Scan",
          "Append"
        ],
        [
          "Seq Scan",
          "Hash",
          "Hash Join",
          "Sort",
          "Aggregate",
          "Gather Merge",
          "Subquery Scan",
          "Append"
        ],
        [
          "Seq Scan",
          "Append",
          "Hash Join",
          "Sort",
          "Gather Merge",
          "Aggregate",
          "Subquery Scan"
        ],
        [
          "Seq Scan",
          "Append",
          "Hash Join",
          "Sort",
          "Gather Merge",
          "Aggregate",
          "Subquery Scan"
        ],
        [
          "Seq Scan",
          "Hash",
          "Hash Join",
          "Sort",
          "Gather Merge",
          "Aggregate",
          "Subquery Scan",
          "Append"
        ],
        [
          "Seq Scan",
          "Hash",
          "Hash Join",
          "Sort",
          "Gather Merge",
          "Aggregate",
          "Subquery Scan",
          "Append"
        ],
        [
          "Seq Scan",
          "Hash Join",
          "Subquery Scan",
          "Append",
          "Sort",
          "Aggregate",
          "Gather Merge"
        ],
        [
          "Seq Scan",
          "Hash",
          "Hash Join",
          "Subquery Scan",
          "Append",
          "Sort",
          "Aggregate",
          "Gather Merge"
        ],
        [
          "Seq Scan",
          "Append",
          "Hash Join",
          "Sort",
          "Aggregate",
          "Gather Merge",
          "Subquery Scan"
        ],
        [
          "Seq Scan",
          "Hash",
          "Hash Join",
          "Sort",
          "Aggregate",
          "Gather Merge",
          "Subquery Scan",
          "Append"
        ],
        [
          "Seq Scan",
          "Hash",
          "Hash Join",
          "Sort",
          "Aggregate",
          "Gather Merge",
          "Subquery Scan",
          "Append"
        ]
      ],
      "index_shape": [
        "join"
      ],
      "physical_operator": {
        "Hash Join": [
          0.004894569318043865
        ]
      }
    }
  },
  {
    "query": "with ssr as\n (select s_store_id,\n        sum(sales_price) as sales,\n        sum(profit) as profit,\n        sum(return_amt) as returns,\n        sum(net_loss) as profit_loss\n from\n  ( select  ss_store_sk as store_sk,\n            ss_sold_date_sk  as date_sk,\n            ss_ext_sales_price as sales_price,\n            ss_net_profit as profit,\n            cast(0 as decimal(7,2)) as return_amt,\n            cast(0 as decimal(7,2)) as net_loss\n    from store_sales\n    union all\n    select sr_store_sk as store_sk,\n           sr_returned_date_sk as date_sk,\n           cast(0 as decimal(7,2)) as sales_price,\n           cast(0 as decimal(7,2)) as profit,\n           sr_return_amt as return_amt,\n           sr_net_loss as net_loss\n    from store_returns\n   ) salesreturns,\n     date_dim,\n     store\n where date_sk = d_date_sk\n       and d_date between cast('1998-08-12' as date) \n                  and (cast('1998-08-12' as date) +  interval '14 days')\n       and store_sk = s_store_sk\n group by s_store_id)\n ,\n csr as\n (select cp_catalog_page_id,\n        sum(sales_price) as sales,\n        sum(profit) as profit,\n        sum(return_amt) as returns,\n        sum(net_loss) as profit_loss\n from\n  ( select  cs_catalog_page_sk as page_sk,\n            cs_sold_date_sk  as date_sk,\n            cs_ext_sales_price as sales_price,\n            cs_net_profit as profit,\n            cast(0 as decimal(7,2)) as return_amt,\n            cast(0 as decimal(7,2)) as net_loss\n    from catalog_sales\n    union all\n    select cr_catalog_page_sk as page_sk,\n           cr_returned_date_sk as date_sk,\n           cast(0 as decimal(7,2)) as sales_price,\n           cast(0 as decimal(7,2)) as profit,\n           cr_return_amount as return_amt,\n           cr_net_loss as net_loss\n    from catalog_returns\n   ) salesreturns,\n     date_dim,\n     catalog_page\n where date_sk = d_date_sk\n       and d_date between cast('1998-08-12' as date)\n                  and (cast('1998-08-12' as date) +  interval '14 days')\n       and page_sk = cp_catalog_page_sk\n group by cp_catalog_page_id)\n ,\n wsr as\n (select web_site_id,\n        sum(sales_price) as sales,\n        sum(profit) as profit,\n        sum(return_amt) as returns,\n        sum(net_loss) as profit_loss\n from\n  ( select  ws_web_site_sk as wsr_web_site_sk,\n            ws_sold_date_sk  as date_sk,\n            ws_ext_sales_price as sales_price,\n            ws_net_profit as profit,\n            cast(0 as decimal(7,2)) as return_amt,\n            cast(0 as decimal(7,2)) as net_loss\n    from web_sales\n    union all\n    select ws_web_site_sk as wsr_web_site_sk,\n           wr_returned_date_sk as date_sk,\n           cast(0 as decimal(7,2)) as sales_price,\n           cast(0 as decimal(7,2)) as profit,\n           wr_return_amt as return_amt,\n           wr_net_loss as net_loss\n    from web_returns left outer join web_sales on\n         ( wr_item_sk = ws_item_sk\n           and wr_order_number = ws_order_number)\n   ) salesreturns,\n     date_dim,\n     web_site\n where date_sk = d_date_sk\n       and d_date between cast('1998-08-12' as date)\n                  and (cast('1998-08-12' as date) +  interval '14 days')\n       and wsr_web_site_sk = web_site_sk\n group by web_site_id)\n  select  channel\n        , id\n        , sum(sales) as sales\n        , sum(returns) as returns\n        , sum(profit) as profit\n from \n (select 'store channel' as channel\n        , 'store' || s_store_id as id\n        , sales\n        , returns\n        , (profit - profit_loss) as profit\n from   ssr\n union all\n select 'catalog channel' as channel\n        , 'catalog_page' || cp_catalog_page_id as id\n        , sales\n        , returns\n        , (profit - profit_loss) as profit\n from  csr\n union all\n select 'web channel' as channel\n        , 'web_site' || web_site_id as id\n        , sales\n        , returns\n        , (profit - profit_loss) as profit\n from   wsr\n ) x\n group by rollup (channel, id)\n order by channel\n         ,id\n limit 100;\n\n-- end query 3 in stream 0 using template query5.tpl\n",
    "indexes": "catalog_sales.cs_catalog_page_sk",
    "wo plan est": {
      "Node Type": "Limit",
      "Parallel Aware": false,
      "Async Capable": false,
      "Startup Cost": 1940046.82,
      "Total Cost": 1940047.07,
      "Plan Rows": 100,
      "Plan Width": 160,
      "Plans": [
        {
          "Node Type": "Sort",
          "Parent Relationship": "Outer",
          "Parallel Aware": false,
          "Async Capable": false,
          "Startup Cost": 1940046.82,
          "Total Cost": 1940048.1,
          "Plan Rows": 512,
          "Plan Width": 160,
          "Sort Key": [
            "('store channel'::text)",
            "(('store'::text || (ssr.s_store_id)::text))"
          ],
          "Plans": [
            {
              "Node Type": "Aggregate",
              "Strategy": "Mixed",
              "Partial Mode": "Simple",
              "Parent Relationship": "Outer",
              "Parallel Aware": false,
              "Async Capable": false,
              "Startup Cost": 815451.97,
              "Total Cost": 1940027.26,
              "Plan Rows": 512,
              "Plan Width": 160,
              "Grouping Sets": [
                {
                  "Hash Keys": [
                    [
                      "('store channel'::text)",
                      "(('store'::text || (ssr.s_store_id)::text))"
                    ]
                  ]
                },
                {
                  "Hash Keys": [
                    [
                      "('store channel'::text)"
                    ]
                  ]
                },
                {
                  "Group Keys": [
                    []
                  ]
                }
              ],
              "Planned Partitions": 0,
              "Plans": [
                {
                  "Node Type": "Append",
                  "Parent Relationship": "Outer",
                  "Parallel Aware": false,
                  "Async Capable": false,
                  "Startup Cost": 815451.97,
                  "Total Cost": 1939925.06,
                  "Plan Rows": 3108,
                  "Plan Width": 160,
                  "Subplans Removed": 0,
                  "Plans": [
                    {
                      "Node Type": "Subquery Scan",
                      "Parent Relationship": "Member",
                      "Parallel Aware": false,
                      "Async Capable": false,
                      "Alias": "ssr",
                      "Startup Cost": 815451.97,
                      "Total Cost": 815488.32,
                      "Plan Rows": 51,
                      "Plan Width": 160,
                      "Plans": [
                        {
                          "Node Type": "Aggregate",
                          "Strategy": "Sorted",
                          "Partial Mode": "Finalize",
                          "Parent Relationship": "Subquery",
                          "Parallel Aware": false,
                          "Async Capable": false,
                          "Startup Cost": 815451.97,
                          "Total Cost": 815487.43,
                          "Plan Rows": 51,
                          "Plan Width": 145,
                          "Group Key": [
                            "store.s_store_id"
                          ],
                          "Plans": [
                            {
                              "Node Type": "Gather Merge",
                              "Parent Relationship": "Outer",
                              "Parallel Aware": false,
                              "Async Capable": false,
                              "Startup Cost": 815451.97,
                              "Total Cost": 815484.12,
                              "Plan Rows": 102,
                              "Plan Width": 145,
                              "Workers Planned": 2,
                              "Plans": [
                                {
                                  "Node Type": "Aggregate",
                                  "Strategy": "Sorted",
                                  "Partial Mode": "Partial",
                                  "Parent Relationship": "Outer",
                                  "Parallel Aware": false,
                                  "Async Capable": false,
                                  "Startup Cost": 814451.95,
                                  "Total Cost": 814472.32,
                                  "Plan Rows": 51,
                                  "Plan Width": 145,
                                  "Group Key": [
                                    "store.s_store_id"
                                  ],
                                  "Plans": [
                                    {
                                      "Node Type": "Sort",
                                      "Parent Relationship": "Outer",
                                      "Parallel Aware": false,
                                      "Async Capable": false,
                                      "Startup Cost": 814451.95,
                                      "Total Cost": 814455.17,
                                      "Plan Rows": 1290,
                                      "Plan Width": 57,
                                      "Sort Key": [
                                        "store.s_store_id"
                                      ],
                                      "Plans": [
                                        {
                                          "Node Type": "Hash Join",
                                          "Parent Relationship": "Outer",
                                          "Parallel Aware": false,
                                          "Async Capable": false,
                                          "Join Type": "Inner",
                                          "Startup Cost": 2056.95,
                                          "Total Cost": 814385.3,
                                          "Plan Rows": 1290,
                                          "Plan Width": 57,
                                          "Inner Unique": false,
                                          "Hash Cond": "(store_sales.ss_store_sk = store.s_store_sk)",
                                          "Plans": [
                                            {
                                              "Node Type": "Hash Join",
                                              "Parent Relationship": "Outer",
                                              "Parallel Aware": true,
                                              "Async Capable": false,
                                              "Join Type": "Inner",
                                              "Startup Cost": 2049.65,
                                              "Total Cost": 814355.62,
                                              "Plan Rows": 2530,
                                              "Plan Width": 44,
                                              "Inner Unique": false,
                                              "Hash Cond": "(store_sales.ss_sold_date_sk = date_dim.d_date_sk)",
                                              "Plans": [
                                                {
                                                  "Node Type": "Append",
                                                  "Parent Relationship": "Outer",
                                                  "Parallel Aware": true,
                                                  "Async Capable": false,
                                                  "Startup Cost": 0.0,
                                                  "Total Cost": 762796.01,
                                                  "Plan Rows": 13198801,
                                                  "Plan Width": 48,
                                                  "Subplans Removed": 0,
                                                  "Plans": [
                                                    {
                                                      "Node Type": "Seq Scan",
                                                      "Parent Relationship": "Member",
                                                      "Parallel Aware": true,
                                                      "Async Capable": false,
                                                      "Relation Name": "store_sales",
                                                      "Alias": "store_sales",
                                                      "Startup Cost": 0.0,
                                                      "Total Cost": 636914.37,
                                                      "Plan Rows": 12000637,
                                                      "Plan Width": 48,
                                                      "parent": 11,
                                                      "ID": 12
                                                    },
                                                    {
                                                      "Node Type": "Seq Scan",
                                                      "Parent Relationship": "Member",
                                                      "Parallel Aware": true,
                                                      "Async Capable": false,
                                                      "Relation Name": "store_returns",
                                                      "Alias": "store_returns",
                                                      "Startup Cost": 0.0,
                                                      "Total Cost": 59887.64,
                                                      "Plan Rows": 1198164,
                                                      "Plan Width": 48,
                                                      "parent": 11,
                                                      "ID": 13
                                                    }
                                                  ],
                                                  "parent": 10,
                                                  "ID": 11,
                                                  "left": 12,
                                                  "right": 13
                                                },
                                                {
                                                  "Node Type": "Hash",
                                                  "Parent Relationship": "Inner",
                                                  "Parallel Aware": true,
                                                  "Async Capable": false,
                                                  "Startup Cost": 2049.55,
                                                  "Total Cost": 2049.55,
                                                  "Plan Rows": 8,
                                                  "Plan Width": 4,
                                                  "Plans": [
                                                    {
                                                      "Node Type": "Seq Scan",
                                                      "Parent Relationship": "Outer",
                                                      "Parallel Aware": true,
                                                      "Async Capable": false,
                                                      "Relation Name": "date_dim",
                                                      "Alias": "date_dim",
                                                      "Startup Cost": 0.0,
                                                      "Total Cost": 2049.55,
                                                      "Plan Rows": 8,
                                                      "Plan Width": 4,
                                                      "Filter": "((d_date >= '1998-08-12'::date) AND (d_date <= '1998-08-26 00:00:00'::timestamp without time zone))",
                                                      "parent": 14,
                                                      "ID": 15
                                                    }
                                                  ],
                                                  "parent": 10,
                                                  "ID": 14,
                                                  "left": 15
                                                }
                                              ],
                                              "parent": 9,
                                              "ID": 10,
                                              "left": 11,
                                              "right": 14
                                            },
                                            {
                                              "Node Type": "Hash",
                                              "Parent Relationship": "Inner",
                                              "Parallel Aware": false,
                                              "Async Capable": false,
                                              "Startup Cost": 6.02,
                                              "Total Cost": 6.02,
                                              "Plan Rows": 102,
                                              "Plan Width": 21,
                                              "Plans": [
                                                {
                                                  "Node Type": "Seq Scan",
                                                  "Parent Relationship": "Outer",
                                                  "Parallel Aware": false,
                                                  "Async Capable": false,
                                                  "Relation Name": "store",
                                                  "Alias": "store",
                                                  "Startup Cost": 0.0,
                                                  "Total Cost": 6.02,
                                                  "Plan Rows": 102,
                                                  "Plan Width": 21,
                                                  "parent": 16,
                                                  "ID": 17
                                                }
                                              ],
                                              "parent": 9,
                                              "ID": 16,
                                              "left": 17
                                            }
                                          ],
                                          "parent": 8,
                                          "ID": 9,
                                          "left": 10,
                                          "right": 16
                                        }
                                      ],
                                      "parent": 7,
                                      "ID": 8,
                                      "left": 9
                                    }
                                  ],
                                  "parent": 6,
                                  "ID": 7,
                                  "left": 8
                                }
                              ],
                              "parent": 5,
                              "ID": 6,
                              "left": 7
                            }
                          ],
                          "parent": 4,
                          "ID": 5,
                          "left": 6
                        }
                      ],
                      "parent": 3,
                      "ID": 4,
                      "left": 5
                    },
                    {
                      "Node Type": "Subquery Scan",
                      "Parent Relationship": "Member",
                      "Parallel Aware": false,
                      "Async Capable": false,
                      "Alias": "csr",
                      "Startup Cost": 529848.36,
                      "Total Cost": 530353.75,
                      "Plan Rows": 3036,
                      "Plan Width": 160,
                      "Plans": [
                        {
                          "Node Type": "Aggregate",
                          "Strategy": "Sorted",
                          "Partial Mode": "Simple",
                          "Parent Relationship": "Subquery",
                          "Parallel Aware": false,
                          "Async Capable": false,
                          "Startup Cost": 529848.36,
                          "Total Cost": 530300.62,
                          "Plan Rows": 3036,
                          "Plan Width": 145,
                          "Group Key": [
                            "catalog_page.cp_catalog_page_id"
                          ],
                          "Plans": [
                            {
                              "Node Type": "Gather Merge",
                              "Parent Relationship": "Outer",
                              "Parallel Aware": false,
                              "Async Capable": false,
                              "Startup Cost": 529848.36,
                              "Total Cost": 530201.95,
                              "Plan Rows": 3036,
                              "Plan Width": 57,
                              "Workers Planned": 2,
                              "Plans": [
                                {
                                  "Node Type": "Sort",
                                  "Parent Relationship": "Outer",
                                  "Parallel Aware": false,
                                  "Async Capable": false,
                                  "Startup Cost": 528848.34,
                                  "Total Cost": 528851.5,
                                  "Plan Rows": 1265,
                                  "Plan Width": 57,
                                  "Sort Key": [
                                    "catalog_page.cp_catalog_page_id"
                                  ],
                                  "Plans": [
                                    {
                                      "Node Type": "Hash Join",
                                      "Parent Relationship": "Outer",
                                      "Parallel Aware": false,
                                      "Async Capable": false,
                                      "Join Type": "Inner",
                                      "Startup Cost": 2567.65,
                                      "Total Cost": 528783.16,
                                      "Plan Rows": 1265,
                                      "Plan Width": 57,
                                      "Inner Unique": false,
                                      "Hash Cond": "(catalog_sales.cs_catalog_page_sk = catalog_page.cp_catalog_page_sk)",
                                      "Plans": [
                                        {
                                          "Node Type": "Hash Join",
                                          "Parent Relationship": "Outer",
                                          "Parallel Aware": true,
                                          "Async Capable": false,
                                          "Join Type": "Inner",
                                          "Startup Cost": 2049.65,
                                          "Total Cost": 528247.76,
                                          "Plan Rows": 1265,
                                          "Plan Width": 44,
                                          "Inner Unique": false,
                                          "Hash Cond": "(catalog_sales.cs_sold_date_sk = date_dim_1.d_date_sk)",
                                          "Plans": [
                                            {
                                              "Node Type": "Append",
                                              "Parent Relationship": "Outer",
                                              "Parallel Aware": true,
                                              "Async Capable": false,
                                              "Startup Cost": 0.0,
                                              "Total Cost": 501439.31,
                                              "Plan Rows": 6600420,
                                              "Plan Width": 48,
                                              "Subplans Removed": 0,
                                              "Plans": [
                                                {
                                                  "Node Type": "Seq Scan",
                                                  "Parent Relationship": "Member",
                                                  "Parallel Aware": true,
                                                  "Async Capable": false,
                                                  "Relation Name": "catalog_sales",
                                                  "Alias": "catalog_sales",
                                                  "Startup Cost": 0.0,
                                                  "Total Cost": 433688.25,
                                                  "Plan Rows": 6000525,
                                                  "Plan Width": 48,
                                                  "parent": 24,
                                                  "ID": 25
                                                },
                                                {
                                                  "Node Type": "Seq Scan",
                                                  "Parent Relationship": "Member",
                                                  "Parallel Aware": true,
                                                  "Async Capable": false,
                                                  "Relation Name": "catalog_returns",
                                                  "Alias": "catalog_returns",
                                                  "Startup Cost": 0.0,
                                                  "Total Cost": 34748.95,
                                                  "Plan Rows": 599895,
                                                  "Plan Width": 48,
                                                  "parent": 24,
                                                  "ID": 26
                                                }
                                              ],
                                              "parent": 23,
                                              "ID": 24,
                                              "left": 25,
                                              "right": 26
                                            },
                                            {
                                              "Node Type": "Hash",
                                              "Parent Relationship": "Inner",
                                              "Parallel Aware": true,
                                              "Async Capable": false,
                                              "Startup Cost": 2049.55,
                                              "Total Cost": 2049.55,
                                              "Plan Rows": 8,
                                              "Plan Width": 4,
                                              "Plans": [
                                                {
                                                  "Node Type": "Seq Scan",
                                                  "Parent Relationship": "Outer",
                                                  "Parallel Aware": true,
                                                  "Async Capable": false,
                                                  "Relation Name": "date_dim",
                                                  "Alias": "date_dim_1",
                                                  "Startup Cost": 0.0,
                                                  "Total Cost": 2049.55,
                                                  "Plan Rows": 8,
                                                  "Plan Width": 4,
                                                  "Filter": "((d_date >= '1998-08-12'::date) AND (d_date <= '1998-08-26 00:00:00'::timestamp without time zone))",
                                                  "parent": 27,
                                                  "ID": 28
                                                }
                                              ],
                                              "parent": 23,
                                              "ID": 27,
                                              "left": 28
                                            }
                                          ],
                                          "parent": 22,
                                          "ID": 23,
                                          "left": 24,
                                          "right": 27
                                        },
                                        {
                                          "Node Type": "Hash",
                                          "Parent Relationship": "Inner",
                                          "Parallel Aware": false,
                                          "Async Capable": false,
                                          "Startup Cost": 368.0,
                                          "Total Cost": 368.0,
                                          "Plan Rows": 12000,
                                          "Plan Width": 21,
                                          "Plans": [
                                            {
                                              "Node Type": "Seq Scan",
                                              "Parent Relationship": "Outer",
                                              "Parallel Aware": false,
                                              "Async Capable": false,
                                              "Relation Name": "catalog_page",
                                              "Alias": "catalog_page",
                                              "Startup Cost": 0.0,
                                              "Total Cost": 368.0,
                                              "Plan Rows": 12000,
                                              "Plan Width": 21,
                                              "parent": 29,
                                              "ID": 30
                                            }
                                          ],
                                          "parent": 22,
                                          "ID": 29,
                                          "left": 30
                                        }
                                      ],
                                      "parent": 21,
                                      "ID": 22,
                                      "left": 23,
                                      "right": 29
                                    }
                                  ],
                                  "parent": 20,
                                  "ID": 21,
                                  "left": 22
                                }
                              ],
                              "parent": 19,
                              "ID": 20,
                              "left": 21
                            }
                          ],
                          "parent": 18,
                          "ID": 19,
                          "left": 20
                        }
                      ],
                      "parent": 3,
                      "ID": 18,
                      "left": 19
                    },
                    {
                      "Node Type": "Subquery Scan",
                      "Parent Relationship": "Member",
                      "Parallel Aware": false,
                      "Async Capable": false,
                      "Alias": "wsr",
                      "Startup Cost": 594058.45,
                      "Total Cost": 594067.44,
                      "Plan Rows": 21,
                      "Plan Width": 160,
                      "Plans": [
                        {
                          "Node Type": "Aggregate",
                          "Strategy": "Sorted",
                          "Partial Mode": "Finalize",
                          "Parent Relationship": "Subquery",
                          "Parallel Aware": false,
                          "Async Capable": false,
                          "Startup Cost": 594058.45,
                          "Total Cost": 594067.07,
                          "Plan Rows": 21,
                          "Plan Width": 145,
                          "Group Key": [
                            "web_site.web_site_id"
                          ],
                          "Plans": [
                            {
                              "Node Type": "Gather Merge",
                              "Parent Relationship": "Outer",
                              "Parallel Aware": false,
                              "Async Capable": false,
                              "Startup Cost": 594058.45,
                              "Total Cost": 594065.71,
                              "Plan Rows": 42,
                              "Plan Width": 145,
                              "Workers Planned": 2,
                              "Plans": [
                                {
                                  "Node Type": "Aggregate",
                                  "Strategy": "Sorted",
                                  "Partial Mode": "Partial",
                                  "Parent Relationship": "Outer",
                                  "Parallel Aware": false,
                                  "Async Capable": false,
                                  "Startup Cost": 593058.42,
                                  "Total Cost": 593060.84,
                                  "Plan Rows": 21,
                                  "Plan Width": 145,
                                  "Group Key": [
                                    "web_site.web_site_id"
                                  ],
                                  "Plans": [
                                    {
                                      "Node Type": "Sort",
                                      "Parent Relationship": "Outer",
                                      "Parallel Aware": false,
                                      "Async Capable": false,
                                      "Startup Cost": 593058.42,
                                      "Total Cost": 593058.75,
                                      "Plan Rows": 133,
                                      "Plan Width": 57,
                                      "Sort Key": [
                                        "web_site.web_site_id"
                                      ],
                                      "Plans": [
                                        {
                                          "Node Type": "Hash Join",
                                          "Parent Relationship": "Outer",
                                          "Parallel Aware": false,
                                          "Async Capable": false,
                                          "Join Type": "Inner",
                                          "Startup Cost": 2053.6,
                                          "Total Cost": 593053.73,
                                          "Plan Rows": 133,
                                          "Plan Width": 57,
                                          "Inner Unique": false,
                                          "Hash Cond": "(\"*SELECT* 2\".wsr_web_site_sk = web_site.web_site_sk)",
                                          "Plans": [
                                            {
                                              "Node Type": "Hash Join",
                                              "Parent Relationship": "Outer",
                                              "Parallel Aware": true,
                                              "Async Capable": false,
                                              "Join Type": "Inner",
                                              "Startup Cost": 2049.65,
                                              "Total Cost": 593046.09,
                                              "Plan Rows": 632,
                                              "Plan Width": 44,
                                              "Inner Unique": false,
                                              "Hash Cond": "(\"*SELECT* 2\".date_sk = date_dim_2.d_date_sk)",
                                              "Plans": [
                                                {
                                                  "Node Type": "Append",
                                                  "Parent Relationship": "Outer",
                                                  "Parallel Aware": true,
                                                  "Async Capable": false,
                                                  "Startup Cost": 0.0,
                                                  "Total Cost": 577049.1,
                                                  "Plan Rows": 3718203,
                                                  "Plan Width": 48,
                                                  "Subplans Removed": 0,
                                                  "Plans": [
                                                    {
                                                      "Node Type": "Subquery Scan",
                                                      "Parent Relationship": "Member",
                                                      "Parallel Aware": false,
                                                      "Async Capable": false,
                                                      "Alias": "*SELECT* 2",
                                                      "Startup Cost": 277366.65,
                                                      "Total Cost": 340720.23,
                                                      "Plan Rows": 719217,
                                                      "Plan Width": 48,
                                                      "Plans": [
                                                        {
                                                          "Node Type": "Hash Join",
                                                          "Parent Relationship": "Subquery",
                                                          "Parallel Aware": true,
                                                          "Async Capable": false,
                                                          "Join Type": "Left",
                                                          "Startup Cost": 277366.65,
                                                          "Total Cost": 333528.06,
                                                          "Plan Rows": 299674,
                                                          "Plan Width": 48,
                                                          "Inner Unique": false,
                                                          "Hash Cond": "((web_returns.wr_item_sk = web_sales_1.ws_item_sk) AND (web_returns.wr_order_number = web_sales_1.ws_order_number))",
                                                          "Plans": [
                                                            {
                                                              "Node Type": "Seq Scan",
                                                              "Parent Relationship": "Outer",
                                                              "Parallel Aware": true,
                                                              "Async Capable": false,
                                                              "Relation Name": "web_returns",
                                                              "Alias": "web_returns",
                                                              "Startup Cost": 0.0,
                                                              "Total Cost": 16278.74,
                                                              "Plan Rows": 299674,
                                                              "Plan Width": 24,
                                                              "parent": 40,
                                                              "ID": 41
                                                            },
                                                            {
                                                              "Node Type": "Hash",
                                                              "Parent Relationship": "Inner",
                                                              "Parallel Aware": true,
                                                              "Async Capable": false,
                                                              "Startup Cost": 217737.86,
                                                              "Total Cost": 217737.86,
                                                              "Plan Rows": 2998986,
                                                              "Plan Width": 12,
                                                              "Plans": [
                                                                {
                                                                  "Node Type": "Seq Scan",
                                                                  "Parent Relationship": "Outer",
                                                                  "Parallel Aware": true,
                                                                  "Async Capable": false,
                                                                  "Relation Name": "web_sales",
                                                                  "Alias": "web_sales_1",
                                                                  "Startup Cost": 0.0,
                                                                  "Total Cost": 217737.86,
                                                                  "Plan Rows": 2998986,
                                                                  "Plan Width": 12,
                                                                  "parent": 42,
                                                                  "ID": 43
                                                                }
                                                              ],
                                                              "parent": 40,
                                                              "ID": 42,
                                                              "left": 43
                                                            }
                                                          ],
                                                          "parent": 39,
                                                          "ID": 40,
                                                          "left": 41,
                                                          "right": 42
                                                        }
                                                      ],
                                                      "parent": 38,
                                                      "ID": 39,
                                                      "left": 40
                                                    },
                                                    {
                                                      "Node Type": "Seq Scan",
                                                      "Parent Relationship": "Member",
                                                      "Parallel Aware": true,
                                                      "Async Capable": false,
                                                      "Relation Name": "web_sales",
                                                      "Alias": "web_sales",
                                                      "Startup Cost": 0.0,
                                                      "Total Cost": 217737.86,
                                                      "Plan Rows": 2998986,
                                                      "Plan Width": 48,
                                                      "parent": 38,
                                                      "ID": 44
                                                    }
                                                  ],
                                                  "parent": 37,
                                                  "ID": 38,
                                                  "left": 39,
                                                  "right": 44
                                                },
                                                {
                                                  "Node Type": "Hash",
                                                  "Parent Relationship": "Inner",
                                                  "Parallel Aware": true,
                                                  "Async Capable": false,
                                                  "Startup Cost": 2049.55,
                                                  "Total Cost": 2049.55,
                                                  "Plan Rows": 8,
                                                  "Plan Width": 4,
                                                  "Plans": [
                                                    {
                                                      "Node Type": "Seq Scan",
                                                      "Parent Relationship": "Outer",
                                                      "Parallel Aware": true,
                                                      "Async Capable": false,
                                                      "Relation Name": "date_dim",
                                                      "Alias": "date_dim_2",
                                                      "Startup Cost": 0.0,
                                                      "Total Cost": 2049.55,
                                                      "Plan Rows": 8,
                                                      "Plan Width": 4,
                                                      "Filter": "((d_date >= '1998-08-12'::date) AND (d_date <= '1998-08-26 00:00:00'::timestamp without time zone))",
                                                      "parent": 45,
                                                      "ID": 46
                                                    }
                                                  ],
                                                  "parent": 37,
                                                  "ID": 45,
                                                  "left": 46
                                                }
                                              ],
                                              "parent": 36,
                                              "ID": 37,
                                              "left": 38,
                                              "right": 45
                                            },
                                            {
                                              "Node Type": "Hash",
                                              "Parent Relationship": "Inner",
                                              "Parallel Aware": false,
                                              "Async Capable": false,
                                              "Startup Cost": 3.42,
                                              "Total Cost": 3.42,
                                              "Plan Rows": 42,
                                              "Plan Width": 21,
                                              "Plans": [
                                                {
                                                  "Node Type": "Seq Scan",
                                                  "Parent Relationship": "Outer",
                                                  "Parallel Aware": false,
                                                  "Async Capable": false,
                                                  "Relation Name": "web_site",
                                                  "Alias": "web_site",
                                                  "Startup Cost": 0.0,
                                                  "Total Cost": 3.42,
                                                  "Plan Rows": 42,
                                                  "Plan Width": 21,
                                                  "parent": 47,
                                                  "ID": 48
                                                }
                                              ],
                                              "parent": 36,
                                              "ID": 47,
                                              "left": 48
                                            }
                                          ],
                                          "parent": 35,
                                          "ID": 36,
                                          "left": 37,
                                          "right": 47
                                        }
                                      ],
                                      "parent": 34,
                                      "ID": 35,
                                      "left": 36
                                    }
                                  ],
                                  "parent": 33,
                                  "ID": 34,
                                  "left": 35
                                }
                              ],
                              "parent": 32,
                              "ID": 33,
                              "left": 34
                            }
                          ],
                          "parent": 31,
                          "ID": 32,
                          "left": 33
                        }
                      ],
                      "parent": 3,
                      "ID": 31,
                      "left": 32
                    }
                  ],
                  "parent": 2,
                  "ID": 3,
                  "left": 4,
                  "right": 18
                }
              ],
              "parent": 1,
              "ID": 2,
              "left": 3
            }
          ],
          "parent": 0,
          "ID": 1,
          "left": 2
        }
      ],
      "parent": null,
      "ID": 0,
      "left": 1
    },
    "feat": {
      "utility": 1.7467513374416247e-06,
      "query_shape": [
        [
          "Seq Scan",
          "Append",
          "Hash Join",
          "Sort",
          "Aggregate",
          "Gather Merge",
          "Subquery Scan"
        ],
        [
          "Seq Scan",
          "Append",
          "Hash Join",
          "Sort",
          "Aggregate",
          "Gather Merge",
          "Subquery Scan"
        ],
        [
          "Seq Scan",
          "Hash",
          "Hash Join",
          "Sort",
          "Aggregate",
          "Gather Merge",
          "Subquery Scan",
          "Append"
        ],
        [
          "Seq Scan",
          "Hash",
          "Hash Join",
          "Sort",
          "Aggregate",
          "Gather Merge",
          "Subquery Scan",
          "Append"
        ],
        [
          "Seq Scan",
          "Append",
          "Hash Join",
          "Sort",
          "Gather Merge",
          "Aggregate",
          "Subquery Scan"
        ],
        [
          "Seq Scan",
          "Append",
          "Hash Join",
          "Sort",
          "Gather Merge",
          "Aggregate",
          "Subquery Scan"
        ],
        [
          "Seq Scan",
          "Hash",
          "Hash Join",
          "Sort",
          "Gather Merge",
          "Aggregate",
          "Subquery Scan",
          "Append"
        ],
        [
          "Seq Scan",
          "Hash",
          "Hash Join",
          "Sort",
          "Gather Merge",
          "Aggregate",
          "Subquery Scan",
          "Append"
        ],
        [
          "Seq Scan",
          "Hash Join",
          "Subquery Scan",
          "Append",
          "Sort",
          "Aggregate",
          "Gather Merge"
        ],
        [
          "Seq Scan",
          "Hash",
          "Hash Join",
          "Subquery Scan",
          "Append",
          "Sort",
          "Aggregate",
          "Gather Merge"
        ],
        [
          "Seq Scan",
          "Append",
          "Hash Join",
          "Sort",
          "Aggregate",
          "Gather Merge",
          "Subquery Scan"
        ],
        [
          "Seq Scan",
          "Hash",
          "Hash Join",
          "Sort",
          "Aggregate",
          "Gather Merge",
          "Subquery Scan",
          "Append"
        ],
        [
          "Seq Scan",
          "Hash",
          "Hash Join",
          "Sort",
          "Aggregate",
          "Gather Merge",
          "Subquery Scan",
          "Append"
        ]
      ],
      "index_shape": [
        "join"
      ],
      "physical_operator": {
        "Hash Join": [
          0.009128709291752768
        ]
      }
    }
  },
  {
    "query": "with ssr as\n (select s_store_id,\n        sum(sales_price) as sales,\n        sum(profit) as profit,\n        sum(return_amt) as returns,\n        sum(net_loss) as profit_loss\n from\n  ( select  ss_store_sk as store_sk,\n            ss_sold_date_sk  as date_sk,\n            ss_ext_sales_price as sales_price,\n            ss_net_profit as profit,\n            cast(0 as decimal(7,2)) as return_amt,\n            cast(0 as decimal(7,2)) as net_loss\n    from store_sales\n    union all\n    select sr_store_sk as store_sk,\n           sr_returned_date_sk as date_sk,\n           cast(0 as decimal(7,2)) as sales_price,\n           cast(0 as decimal(7,2)) as profit,\n           sr_return_amt as return_amt,\n           sr_net_loss as net_loss\n    from store_returns\n   ) salesreturns,\n     date_dim,\n     store\n where date_sk = d_date_sk\n       and d_date between cast('1998-08-12' as date) \n                  and (cast('1998-08-12' as date) +  interval '14 days')\n       and store_sk = s_store_sk\n group by s_store_id)\n ,\n csr as\n (select cp_catalog_page_id,\n        sum(sales_price) as sales,\n        sum(profit) as profit,\n        sum(return_amt) as returns,\n        sum(net_loss) as profit_loss\n from\n  ( select  cs_catalog_page_sk as page_sk,\n            cs_sold_date_sk  as date_sk,\n            cs_ext_sales_price as sales_price,\n            cs_net_profit as profit,\n            cast(0 as decimal(7,2)) as return_amt,\n            cast(0 as decimal(7,2)) as net_loss\n    from catalog_sales\n    union all\n    select cr_catalog_page_sk as page_sk,\n           cr_returned_date_sk as date_sk,\n           cast(0 as decimal(7,2)) as sales_price,\n           cast(0 as decimal(7,2)) as profit,\n           cr_return_amount as return_amt,\n           cr_net_loss as net_loss\n    from catalog_returns\n   ) salesreturns,\n     date_dim,\n     catalog_page\n where date_sk = d_date_sk\n       and d_date between cast('1998-08-12' as date)\n                  and (cast('1998-08-12' as date) +  interval '14 days')\n       and page_sk = cp_catalog_page_sk\n group by cp_catalog_page_id)\n ,\n wsr as\n (select web_site_id,\n        sum(sales_price) as sales,\n        sum(profit) as profit,\n        sum(return_amt) as returns,\n        sum(net_loss) as profit_loss\n from\n  ( select  ws_web_site_sk as wsr_web_site_sk,\n            ws_sold_date_sk  as date_sk,\n            ws_ext_sales_price as sales_price,\n            ws_net_profit as profit,\n            cast(0 as decimal(7,2)) as return_amt,\n            cast(0 as decimal(7,2)) as net_loss\n    from web_sales\n    union all\n    select ws_web_site_sk as wsr_web_site_sk,\n           wr_returned_date_sk as date_sk,\n           cast(0 as decimal(7,2)) as sales_price,\n           cast(0 as decimal(7,2)) as profit,\n           wr_return_amt as return_amt,\n           wr_net_loss as net_loss\n    from web_returns left outer join web_sales on\n         ( wr_item_sk = ws_item_sk\n           and wr_order_number = ws_order_number)\n   ) salesreturns,\n     date_dim,\n     web_site\n where date_sk = d_date_sk\n       and d_date between cast('1998-08-12' as date)\n                  and (cast('1998-08-12' as date) +  interval '14 days')\n       and wsr_web_site_sk = web_site_sk\n group by web_site_id)\n  select  channel\n        , id\n        , sum(sales) as sales\n        , sum(returns) as returns\n        , sum(profit) as profit\n from \n (select 'store channel' as channel\n        , 'store' || s_store_id as id\n        , sales\n        , returns\n        , (profit - profit_loss) as profit\n from   ssr\n union all\n select 'catalog channel' as channel\n        , 'catalog_page' || cp_catalog_page_id as id\n        , sales\n        , returns\n        , (profit - profit_loss) as profit\n from  csr\n union all\n select 'web channel' as channel\n        , 'web_site' || web_site_id as id\n        , sales\n        , returns\n        , (profit - profit_loss) as profit\n from   wsr\n ) x\n group by rollup (channel, id)\n order by channel\n         ,id\n limit 100;\n\n-- end query 3 in stream 0 using template query5.tpl\n",
    "indexes": "catalog_sales.cs_ext_sales_price",
    "wo plan est": {
      "Node Type": "Limit",
      "Parallel Aware": false,
      "Async Capable": false,
      "Startup Cost": 1940046.82,
      "Total Cost": 1940047.07,
      "Plan Rows": 100,
      "Plan Width": 160,
      "Plans": [
        {
          "Node Type": "Sort",
          "Parent Relationship": "Outer",
          "Parallel Aware": false,
          "Async Capable": false,
          "Startup Cost": 1940046.82,
          "Total Cost": 1940048.1,
          "Plan Rows": 512,
          "Plan Width": 160,
          "Sort Key": [
            "('store channel'::text)",
            "(('store'::text || (ssr.s_store_id)::text))"
          ],
          "Plans": [
            {
              "Node Type": "Aggregate",
              "Strategy": "Mixed",
              "Partial Mode": "Simple",
              "Parent Relationship": "Outer",
              "Parallel Aware": false,
              "Async Capable": false,
              "Startup Cost": 815451.97,
              "Total Cost": 1940027.26,
              "Plan Rows": 512,
              "Plan Width": 160,
              "Grouping Sets": [
                {
                  "Hash Keys": [
                    [
                      "('store channel'::text)",
                      "(('store'::text || (ssr.s_store_id)::text))"
                    ]
                  ]
                },
                {
                  "Hash Keys": [
                    [
                      "('store channel'::text)"
                    ]
                  ]
                },
                {
                  "Group Keys": [
                    []
                  ]
                }
              ],
              "Planned Partitions": 0,
              "Plans": [
                {
                  "Node Type": "Append",
                  "Parent Relationship": "Outer",
                  "Parallel Aware": false,
                  "Async Capable": false,
                  "Startup Cost": 815451.97,
                  "Total Cost": 1939925.06,
                  "Plan Rows": 3108,
                  "Plan Width": 160,
                  "Subplans Removed": 0,
                  "Plans": [
                    {
                      "Node Type": "Subquery Scan",
                      "Parent Relationship": "Member",
                      "Parallel Aware": false,
                      "Async Capable": false,
                      "Alias": "ssr",
                      "Startup Cost": 815451.97,
                      "Total Cost": 815488.32,
                      "Plan Rows": 51,
                      "Plan Width": 160,
                      "Plans": [
                        {
                          "Node Type": "Aggregate",
                          "Strategy": "Sorted",
                          "Partial Mode": "Finalize",
                          "Parent Relationship": "Subquery",
                          "Parallel Aware": false,
                          "Async Capable": false,
                          "Startup Cost": 815451.97,
                          "Total Cost": 815487.43,
                          "Plan Rows": 51,
                          "Plan Width": 145,
                          "Group Key": [
                            "store.s_store_id"
                          ],
                          "Plans": [
                            {
                              "Node Type": "Gather Merge",
                              "Parent Relationship": "Outer",
                              "Parallel Aware": false,
                              "Async Capable": false,
                              "Startup Cost": 815451.97,
                              "Total Cost": 815484.12,
                              "Plan Rows": 102,
                              "Plan Width": 145,
                              "Workers Planned": 2,
                              "Plans": [
                                {
                                  "Node Type": "Aggregate",
                                  "Strategy": "Sorted",
                                  "Partial Mode": "Partial",
                                  "Parent Relationship": "Outer",
                                  "Parallel Aware": false,
                                  "Async Capable": false,
                                  "Startup Cost": 814451.95,
                                  "Total Cost": 814472.32,
                                  "Plan Rows": 51,
                                  "Plan Width": 145,
                                  "Group Key": [
                                    "store.s_store_id"
                                  ],
                                  "Plans": [
                                    {
                                      "Node Type": "Sort",
                                      "Parent Relationship": "Outer",
                                      "Parallel Aware": false,
                                      "Async Capable": false,
                                      "Startup Cost": 814451.95,
                                      "Total Cost": 814455.17,
                                      "Plan Rows": 1290,
                                      "Plan Width": 57,
                                      "Sort Key": [
                                        "store.s_store_id"
                                      ],
                                      "Plans": [
                                        {
                                          "Node Type": "Hash Join",
                                          "Parent Relationship": "Outer",
                                          "Parallel Aware": false,
                                          "Async Capable": false,
                                          "Join Type": "Inner",
                                          "Startup Cost": 2056.95,
                                          "Total Cost": 814385.3,
                                          "Plan Rows": 1290,
                                          "Plan Width": 57,
                                          "Inner Unique": false,
                                          "Hash Cond": "(store_sales.ss_store_sk = store.s_store_sk)",
                                          "Plans": [
                                            {
                                              "Node Type": "Hash Join",
                                              "Parent Relationship": "Outer",
                                              "Parallel Aware": true,
                                              "Async Capable": false,
                                              "Join Type": "Inner",
                                              "Startup Cost": 2049.65,
                                              "Total Cost": 814355.62,
                                              "Plan Rows": 2530,
                                              "Plan Width": 44,
                                              "Inner Unique": false,
                                              "Hash Cond": "(store_sales.ss_sold_date_sk = date_dim.d_date_sk)",
                                              "Plans": [
                                                {
                                                  "Node Type": "Append",
                                                  "Parent Relationship": "Outer",
                                                  "Parallel Aware": true,
                                                  "Async Capable": false,
                                                  "Startup Cost": 0.0,
                                                  "Total Cost": 762796.01,
                                                  "Plan Rows": 13198801,
                                                  "Plan Width": 48,
                                                  "Subplans Removed": 0,
                                                  "Plans": [
                                                    {
                                                      "Node Type": "Seq Scan",
                                                      "Parent Relationship": "Member",
                                                      "Parallel Aware": true,
                                                      "Async Capable": false,
                                                      "Relation Name": "store_sales",
                                                      "Alias": "store_sales",
                                                      "Startup Cost": 0.0,
                                                      "Total Cost": 636914.37,
                                                      "Plan Rows": 12000637,
                                                      "Plan Width": 48,
                                                      "parent": 11,
                                                      "ID": 12
                                                    },
                                                    {
                                                      "Node Type": "Seq Scan",
                                                      "Parent Relationship": "Member",
                                                      "Parallel Aware": true,
                                                      "Async Capable": false,
                                                      "Relation Name": "store_returns",
                                                      "Alias": "store_returns",
                                                      "Startup Cost": 0.0,
                                                      "Total Cost": 59887.64,
                                                      "Plan Rows": 1198164,
                                                      "Plan Width": 48,
                                                      "parent": 11,
                                                      "ID": 13
                                                    }
                                                  ],
                                                  "parent": 10,
                                                  "ID": 11,
                                                  "left": 12,
                                                  "right": 13
                                                },
                                                {
                                                  "Node Type": "Hash",
                                                  "Parent Relationship": "Inner",
                                                  "Parallel Aware": true,
                                                  "Async Capable": false,
                                                  "Startup Cost": 2049.55,
                                                  "Total Cost": 2049.55,
                                                  "Plan Rows": 8,
                                                  "Plan Width": 4,
                                                  "Plans": [
                                                    {
                                                      "Node Type": "Seq Scan",
                                                      "Parent Relationship": "Outer",
                                                      "Parallel Aware": true,
                                                      "Async Capable": false,
                                                      "Relation Name": "date_dim",
                                                      "Alias": "date_dim",
                                                      "Startup Cost": 0.0,
                                                      "Total Cost": 2049.55,
                                                      "Plan Rows": 8,
                                                      "Plan Width": 4,
                                                      "Filter": "((d_date >= '1998-08-12'::date) AND (d_date <= '1998-08-26 00:00:00'::timestamp without time zone))",
                                                      "parent": 14,
                                                      "ID": 15
                                                    }
                                                  ],
                                                  "parent": 10,
                                                  "ID": 14,
                                                  "left": 15
                                                }
                                              ],
                                              "parent": 9,
                                              "ID": 10,
                                              "left": 11,
                                              "right": 14
                                            },
                                            {
                                              "Node Type": "Hash",
                                              "Parent Relationship": "Inner",
                                              "Parallel Aware": false,
                                              "Async Capable": false,
                                              "Startup Cost": 6.02,
                                              "Total Cost": 6.02,
                                              "Plan Rows": 102,
                                              "Plan Width": 21,
                                              "Plans": [
                                                {
                                                  "Node Type": "Seq Scan",
                                                  "Parent Relationship": "Outer",
                                                  "Parallel Aware": false,
                                                  "Async Capable": false,
                                                  "Relation Name": "store",
                                                  "Alias": "store",
                                                  "Startup Cost": 0.0,
                                                  "Total Cost": 6.02,
                                                  "Plan Rows": 102,
                                                  "Plan Width": 21,
                                                  "parent": 16,
                                                  "ID": 17
                                                }
                                              ],
                                              "parent": 9,
                                              "ID": 16,
                                              "left": 17
                                            }
                                          ],
                                          "parent": 8,
                                          "ID": 9,
                                          "left": 10,
                                          "right": 16
                                        }
                                      ],
                                      "parent": 7,
                                      "ID": 8,
                                      "left": 9
                                    }
                                  ],
                                  "parent": 6,
                                  "ID": 7,
                                  "left": 8
                                }
                              ],
                              "parent": 5,
                              "ID": 6,
                              "left": 7
                            }
                          ],
                          "parent": 4,
                          "ID": 5,
                          "left": 6
                        }
                      ],
                      "parent": 3,
                      "ID": 4,
                      "left": 5
                    },
                    {
                      "Node Type": "Subquery Scan",
                      "Parent Relationship": "Member",
                      "Parallel Aware": false,
                      "Async Capable": false,
                      "Alias": "csr",
                      "Startup Cost": 529848.36,
                      "Total Cost": 530353.75,
                      "Plan Rows": 3036,
                      "Plan Width": 160,
                      "Plans": [
                        {
                          "Node Type": "Aggregate",
                          "Strategy": "Sorted",
                          "Partial Mode": "Simple",
                          "Parent Relationship": "Subquery",
                          "Parallel Aware": false,
                          "Async Capable": false,
                          "Startup Cost": 529848.36,
                          "Total Cost": 530300.62,
                          "Plan Rows": 3036,
                          "Plan Width": 145,
                          "Group Key": [
                            "catalog_page.cp_catalog_page_id"
                          ],
                          "Plans": [
                            {
                              "Node Type": "Gather Merge",
                              "Parent Relationship": "Outer",
                              "Parallel Aware": false,
                              "Async Capable": false,
                              "Startup Cost": 529848.36,
                              "Total Cost": 530201.95,
                              "Plan Rows": 3036,
                              "Plan Width": 57,
                              "Workers Planned": 2,
                              "Plans": [
                                {
                                  "Node Type": "Sort",
                                  "Parent Relationship": "Outer",
                                  "Parallel Aware": false,
                                  "Async Capable": false,
                                  "Startup Cost": 528848.34,
                                  "Total Cost": 528851.5,
                                  "Plan Rows": 1265,
                                  "Plan Width": 57,
                                  "Sort Key": [
                                    "catalog_page.cp_catalog_page_id"
                                  ],
                                  "Plans": [
                                    {
                                      "Node Type": "Hash Join",
                                      "Parent Relationship": "Outer",
                                      "Parallel Aware": false,
                                      "Async Capable": false,
                                      "Join Type": "Inner",
                                      "Startup Cost": 2567.65,
                                      "Total Cost": 528783.16,
                                      "Plan Rows": 1265,
                                      "Plan Width": 57,
                                      "Inner Unique": false,
                                      "Hash Cond": "(catalog_sales.cs_catalog_page_sk = catalog_page.cp_catalog_page_sk)",
                                      "Plans": [
                                        {
                                          "Node Type": "Hash Join",
                                          "Parent Relationship": "Outer",
                                          "Parallel Aware": true,
                                          "Async Capable": false,
                                          "Join Type": "Inner",
                                          "Startup Cost": 2049.65,
                                          "Total Cost": 528247.76,
                                          "Plan Rows": 1265,
                                          "Plan Width": 44,
                                          "Inner Unique": false,
                                          "Hash Cond": "(catalog_sales.cs_sold_date_sk = date_dim_1.d_date_sk)",
                                          "Plans": [
                                            {
                                              "Node Type": "Append",
                                              "Parent Relationship": "Outer",
                                              "Parallel Aware": true,
                                              "Async Capable": false,
                                              "Startup Cost": 0.0,
                                              "Total Cost": 501439.31,
                                              "Plan Rows": 6600420,
                                              "Plan Width": 48,
                                              "Subplans Removed": 0,
                                              "Plans": [
                                                {
                                                  "Node Type": "Seq Scan",
                                                  "Parent Relationship": "Member",
                                                  "Parallel Aware": true,
                                                  "Async Capable": false,
                                                  "Relation Name": "catalog_sales",
                                                  "Alias": "catalog_sales",
                                                  "Startup Cost": 0.0,
                                                  "Total Cost": 433688.25,
                                                  "Plan Rows": 6000525,
                                                  "Plan Width": 48,
                                                  "parent": 24,
                                                  "ID": 25
                                                },
                                                {
                                                  "Node Type": "Seq Scan",
                                                  "Parent Relationship": "Member",
                                                  "Parallel Aware": true,
                                                  "Async Capable": false,
                                                  "Relation Name": "catalog_returns",
                                                  "Alias": "catalog_returns",
                                                  "Startup Cost": 0.0,
                                                  "Total Cost": 34748.95,
                                                  "Plan Rows": 599895,
                                                  "Plan Width": 48,
                                                  "parent": 24,
                                                  "ID": 26
                                                }
                                              ],
                                              "parent": 23,
                                              "ID": 24,
                                              "left": 25,
                                              "right": 26
                                            },
                                            {
                                              "Node Type": "Hash",
                                              "Parent Relationship": "Inner",
                                              "Parallel Aware": true,
                                              "Async Capable": false,
                                              "Startup Cost": 2049.55,
                                              "Total Cost": 2049.55,
                                              "Plan Rows": 8,
                                              "Plan Width": 4,
                                              "Plans": [
                                                {
                                                  "Node Type": "Seq Scan",
                                                  "Parent Relationship": "Outer",
                                                  "Parallel Aware": true,
                                                  "Async Capable": false,
                                                  "Relation Name": "date_dim",
                                                  "Alias": "date_dim_1",
                                                  "Startup Cost": 0.0,
                                                  "Total Cost": 2049.55,
                                                  "Plan Rows": 8,
                                                  "Plan Width": 4,
                                                  "Filter": "((d_date >= '1998-08-12'::date) AND (d_date <= '1998-08-26 00:00:00'::timestamp without time zone))",
                                                  "parent": 27,
                                                  "ID": 28
                                                }
                                              ],
                                              "parent": 23,
                                              "ID": 27,
                                              "left": 28
                                            }
                                          ],
                                          "parent": 22,
                                          "ID": 23,
                                          "left": 24,
                                          "right": 27
                                        },
                                        {
                                          "Node Type": "Hash",
                                          "Parent Relationship": "Inner",
                                          "Parallel Aware": false,
                                          "Async Capable": false,
                                          "Startup Cost": 368.0,
                                          "Total Cost": 368.0,
                                          "Plan Rows": 12000,
                                          "Plan Width": 21,
                                          "Plans": [
                                            {
                                              "Node Type": "Seq Scan",
                                              "Parent Relationship": "Outer",
                                              "Parallel Aware": false,
                                              "Async Capable": false,
                                              "Relation Name": "catalog_page",
                                              "Alias": "catalog_page",
                                              "Startup Cost": 0.0,
                                              "Total Cost": 368.0,
                                              "Plan Rows": 12000,
                                              "Plan Width": 21,
                                              "parent": 29,
                                              "ID": 30
                                            }
                                          ],
                                          "parent": 22,
                                          "ID": 29,
                                          "left": 30
                                        }
                                      ],
                                      "parent": 21,
                                      "ID": 22,
                                      "left": 23,
                                      "right": 29
                                    }
                                  ],
                                  "parent": 20,
                                  "ID": 21,
                                  "left": 22
                                }
                              ],
                              "parent": 19,
                              "ID": 20,
                              "left": 21
                            }
                          ],
                          "parent": 18,
                          "ID": 19,
                          "left": 20
                        }
                      ],
                      "parent": 3,
                      "ID": 18,
                      "left": 19
                    },
                    {
                      "Node Type": "Subquery Scan",
                      "Parent Relationship": "Member",
                      "Parallel Aware": false,
                      "Async Capable": false,
                      "Alias": "wsr",
                      "Startup Cost": 594058.45,
                      "Total Cost": 594067.44,
                      "Plan Rows": 21,
                      "Plan Width": 160,
                      "Plans": [
                        {
                          "Node Type": "Aggregate",
                          "Strategy": "Sorted",
                          "Partial Mode": "Finalize",
                          "Parent Relationship": "Subquery",
                          "Parallel Aware": false,
                          "Async Capable": false,
                          "Startup Cost": 594058.45,
                          "Total Cost": 594067.07,
                          "Plan Rows": 21,
                          "Plan Width": 145,
                          "Group Key": [
                            "web_site.web_site_id"
                          ],
                          "Plans": [
                            {
                              "Node Type": "Gather Merge",
                              "Parent Relationship": "Outer",
                              "Parallel Aware": false,
                              "Async Capable": false,
                              "Startup Cost": 594058.45,
                              "Total Cost": 594065.71,
                              "Plan Rows": 42,
                              "Plan Width": 145,
                              "Workers Planned": 2,
                              "Plans": [
                                {
                                  "Node Type": "Aggregate",
                                  "Strategy": "Sorted",
                                  "Partial Mode": "Partial",
                                  "Parent Relationship": "Outer",
                                  "Parallel Aware": false,
                                  "Async Capable": false,
                                  "Startup Cost": 593058.42,
                                  "Total Cost": 593060.84,
                                  "Plan Rows": 21,
                                  "Plan Width": 145,
                                  "Group Key": [
                                    "web_site.web_site_id"
                                  ],
                                  "Plans": [
                                    {
                                      "Node Type": "Sort",
                                      "Parent Relationship": "Outer",
                                      "Parallel Aware": false,
                                      "Async Capable": false,
                                      "Startup Cost": 593058.42,
                                      "Total Cost": 593058.75,
                                      "Plan Rows": 133,
                                      "Plan Width": 57,
                                      "Sort Key": [
                                        "web_site.web_site_id"
                                      ],
                                      "Plans": [
                                        {
                                          "Node Type": "Hash Join",
                                          "Parent Relationship": "Outer",
                                          "Parallel Aware": false,
                                          "Async Capable": false,
                                          "Join Type": "Inner",
                                          "Startup Cost": 2053.6,
                                          "Total Cost": 593053.73,
                                          "Plan Rows": 133,
                                          "Plan Width": 57,
                                          "Inner Unique": false,
                                          "Hash Cond": "(\"*SELECT* 2\".wsr_web_site_sk = web_site.web_site_sk)",
                                          "Plans": [
                                            {
                                              "Node Type": "Hash Join",
                                              "Parent Relationship": "Outer",
                                              "Parallel Aware": true,
                                              "Async Capable": false,
                                              "Join Type": "Inner",
                                              "Startup Cost": 2049.65,
                                              "Total Cost": 593046.09,
                                              "Plan Rows": 632,
                                              "Plan Width": 44,
                                              "Inner Unique": false,
                                              "Hash Cond": "(\"*SELECT* 2\".date_sk = date_dim_2.d_date_sk)",
                                              "Plans": [
                                                {
                                                  "Node Type": "Append",
                                                  "Parent Relationship": "Outer",
                                                  "Parallel Aware": true,
                                                  "Async Capable": false,
                                                  "Startup Cost": 0.0,
                                                  "Total Cost": 577049.1,
                                                  "Plan Rows": 3718203,
                                                  "Plan Width": 48,
                                                  "Subplans Removed": 0,
                                                  "Plans": [
                                                    {
                                                      "Node Type": "Subquery Scan",
                                                      "Parent Relationship": "Member",
                                                      "Parallel Aware": false,
                                                      "Async Capable": false,
                                                      "Alias": "*SELECT* 2",
                                                      "Startup Cost": 277366.65,
                                                      "Total Cost": 340720.23,
                                                      "Plan Rows": 719217,
                                                      "Plan Width": 48,
                                                      "Plans": [
                                                        {
                                                          "Node Type": "Hash Join",
                                                          "Parent Relationship": "Subquery",
                                                          "Parallel Aware": true,
                                                          "Async Capable": false,
                                                          "Join Type": "Left",
                                                          "Startup Cost": 277366.65,
                                                          "Total Cost": 333528.06,
                                                          "Plan Rows": 299674,
                                                          "Plan Width": 48,
                                                          "Inner Unique": false,
                                                          "Hash Cond": "((web_returns.wr_item_sk = web_sales_1.ws_item_sk) AND (web_returns.wr_order_number = web_sales_1.ws_order_number))",
                                                          "Plans": [
                                                            {
                                                              "Node Type": "Seq Scan",
                                                              "Parent Relationship": "Outer",
                                                              "Parallel Aware": true,
                                                              "Async Capable": false,
                                                              "Relation Name": "web_returns",
                                                              "Alias": "web_returns",
                                                              "Startup Cost": 0.0,
                                                              "Total Cost": 16278.74,
                                                              "Plan Rows": 299674,
                                                              "Plan Width": 24,
                                                              "parent": 40,
                                                              "ID": 41
                                                            },
                                                            {
                                                              "Node Type": "Hash",
                                                              "Parent Relationship": "Inner",
                                                              "Parallel Aware": true,
                                                              "Async Capable": false,
                                                              "Startup Cost": 217737.86,
                                                              "Total Cost": 217737.86,
                                                              "Plan Rows": 2998986,
                                                              "Plan Width": 12,
                                                              "Plans": [
                                                                {
                                                                  "Node Type": "Seq Scan",
                                                                  "Parent Relationship": "Outer",
                                                                  "Parallel Aware": true,
                                                                  "Async Capable": false,
                                                                  "Relation Name": "web_sales",
                                                                  "Alias": "web_sales_1",
                                                                  "Startup Cost": 0.0,
                                                                  "Total Cost": 217737.86,
                                                                  "Plan Rows": 2998986,
                                                                  "Plan Width": 12,
                                                                  "parent": 42,
                                                                  "ID": 43
                                                                }
                                                              ],
                                                              "parent": 40,
                                                              "ID": 42,
                                                              "left": 43
                                                            }
                                                          ],
                                                          "parent": 39,
                                                          "ID": 40,
                                                          "left": 41,
                                                          "right": 42
                                                        }
                                                      ],
                                                      "parent": 38,
                                                      "ID": 39,
                                                      "left": 40
                                                    },
                                                    {
                                                      "Node Type": "Seq Scan",
                                                      "Parent Relationship": "Member",
                                                      "Parallel Aware": true,
                                                      "Async Capable": false,
                                                      "Relation Name": "web_sales",
                                                      "Alias": "web_sales",
                                                      "Startup Cost": 0.0,
                                                      "Total Cost": 217737.86,
                                                      "Plan Rows": 2998986,
                                                      "Plan Width": 48,
                                                      "parent": 38,
                                                      "ID": 44
                                                    }
                                                  ],
                                                  "parent": 37,
                                                  "ID": 38,
                                                  "left": 39,
                                                  "right": 44
                                                },
                                                {
                                                  "Node Type": "Hash",
                                                  "Parent Relationship": "Inner",
                                                  "Parallel Aware": true,
                                                  "Async Capable": false,
                                                  "Startup Cost": 2049.55,
                                                  "Total Cost": 2049.55,
                                                  "Plan Rows": 8,
                                                  "Plan Width": 4,
                                                  "Plans": [
                                                    {
                                                      "Node Type": "Seq Scan",
                                                      "Parent Relationship": "Outer",
                                                      "Parallel Aware": true,
                                                      "Async Capable": false,
                                                      "Relation Name": "date_dim",
                                                      "Alias": "date_dim_2",
                                                      "Startup Cost": 0.0,
                                                      "Total Cost": 2049.55,
                                                      "Plan Rows": 8,
                                                      "Plan Width": 4,
                                                      "Filter": "((d_date >= '1998-08-12'::date) AND (d_date <= '1998-08-26 00:00:00'::timestamp without time zone))",
                                                      "parent": 45,
                                                      "ID": 46
                                                    }
                                                  ],
                                                  "parent": 37,
                                                  "ID": 45,
                                                  "left": 46
                                                }
                                              ],
                                              "parent": 36,
                                              "ID": 37,
                                              "left": 38,
                                              "right": 45
                                            },
                                            {
                                              "Node Type": "Hash",
                                              "Parent Relationship": "Inner",
                                              "Parallel Aware": false,
                                              "Async Capable": false,
                                              "Startup Cost": 3.42,
                                              "Total Cost": 3.42,
                                              "Plan Rows": 42,
                                              "Plan Width": 21,
                                              "Plans": [
                                                {
                                                  "Node Type": "Seq Scan",
                                                  "Parent Relationship": "Outer",
                                                  "Parallel Aware": false,
                                                  "Async Capable": false,
                                                  "Relation Name": "web_site",
                                                  "Alias": "web_site",
                                                  "Startup Cost": 0.0,
                                                  "Total Cost": 3.42,
                                                  "Plan Rows": 42,
                                                  "Plan Width": 21,
                                                  "parent": 47,
                                                  "ID": 48
                                                }
                                              ],
                                              "parent": 36,
                                              "ID": 47,
                                              "left": 48
                                            }
                                          ],
                                          "parent": 35,
                                          "ID": 36,
                                          "left": 37,
                                          "right": 47
                                        }
                                      ],
                                      "parent": 34,
                                      "ID": 35,
                                      "left": 36
                                    }
                                  ],
                                  "parent": 33,
                                  "ID": 34,
                                  "left": 35
                                }
                              ],
                              "parent": 32,
                              "ID": 33,
                              "left": 34
                            }
                          ],
                          "parent": 31,
                          "ID": 32,
                          "left": 33
                        }
                      ],
                      "parent": 3,
                      "ID": 31,
                      "left": 32
                    }
                  ],
                  "parent": 2,
                  "ID": 3,
                  "left": 4,
                  "right": 18
                }
              ],
              "parent": 1,
              "ID": 2,
              "left": 3
            }
          ],
          "parent": 0,
          "ID": 1,
          "left": 2
        }
      ],
      "parent": null,
      "ID": 0,
      "left": 1
    },
    "feat": {
      "utility": 0.0,
      "query_shape": [
        [
          "Seq Scan",
          "Append",
          "Hash Join",
          "Sort",
          "Aggregate",
          "Gather Merge",
          "Subquery Scan"
        ],
        [
          "Seq Scan",
          "Append",
          "Hash Join",
          "Sort",
          "Aggregate",
          "Gather Merge",
          "Subquery Scan"
        ],
        [
          "Seq Scan",
          "Hash",
          "Hash Join",
          "Sort",
          "Aggregate",
          "Gather Merge",
          "Subquery Scan",
          "Append"
        ],
        [
          "Seq Scan",
          "Hash",
          "Hash Join",
          "Sort",
          "Aggregate",
          "Gather Merge",
          "Subquery Scan",
          "Append"
        ],
        [
          "Seq Scan",
          "Append",
          "Hash Join",
          "Sort",
          "Gather Merge",
          "Aggregate",
          "Subquery Scan"
        ],
        [
          "Seq Scan",
          "Append",
          "Hash Join",
          "Sort",
          "Gather Merge",
          "Aggregate",
          "Subquery Scan"
        ],
        [
          "Seq Scan",
          "Hash",
          "Hash Join",
          "Sort",
          "Gather Merge",
          "Aggregate",
          "Subquery Scan",
          "Append"
        ],
        [
          "Seq Scan",
          "Hash",
          "Hash Join",
          "Sort",
          "Gather Merge",
          "Aggregate",
          "Subquery Scan",
          "Append"
        ],
        [
          "Seq Scan",
          "Hash Join",
          "Subquery Scan",
          "Append",
          "Sort",
          "Aggregate",
          "Gather Merge"
        ],
        [
          "Seq Scan",
          "Hash",
          "Hash Join",
          "Subquery Scan",
          "Append",
          "Sort",
          "Aggregate",
          "Gather Merge"
        ],
        [
          "Seq Scan",
          "Append",
          "Hash Join",
          "Sort",
          "Aggregate",
          "Gather Merge",
          "Subquery Scan"
        ],
        [
          "Seq Scan",
          "Hash",
          "Hash Join",
          "Sort",
          "Aggregate",
          "Gather Merge",
          "Subquery Scan",
          "Append"
        ],
        [
          "Seq Scan",
          "Hash",
          "Hash Join",
          "Sort",
          "Aggregate",
          "Gather Merge",
          "Subquery Scan",
          "Append"
        ]
      ],
      "index_shape": [],
      "physical_operator": {}
    }
  },
  {
    "query": "with ssr as\n (select s_store_id,\n        sum(sales_price) as sales,\n        sum(profit) as profit,\n        sum(return_amt) as returns,\n        sum(net_loss) as profit_loss\n from\n  ( select  ss_store_sk as store_sk,\n            ss_sold_date_sk  as date_sk,\n            ss_ext_sales_price as sales_price,\n            ss_net_profit as profit,\n            cast(0 as decimal(7,2)) as return_amt,\n            cast(0 as decimal(7,2)) as net_loss\n    from store_sales\n    union all\n    select sr_store_sk as store_sk,\n           sr_returned_date_sk as date_sk,\n           cast(0 as decimal(7,2)) as sales_price,\n           cast(0 as decimal(7,2)) as profit,\n           sr_return_amt as return_amt,\n           sr_net_loss as net_loss\n    from store_returns\n   ) salesreturns,\n     date_dim,\n     store\n where date_sk = d_date_sk\n       and d_date between cast('1998-08-12' as date) \n                  and (cast('1998-08-12' as date) +  interval '14 days')\n       and store_sk = s_store_sk\n group by s_store_id)\n ,\n csr as\n (select cp_catalog_page_id,\n        sum(sales_price) as sales,\n        sum(profit) as profit,\n        sum(return_amt) as returns,\n        sum(net_loss) as profit_loss\n from\n  ( select  cs_catalog_page_sk as page_sk,\n            cs_sold_date_sk  as date_sk,\n            cs_ext_sales_price as sales_price,\n            cs_net_profit as profit,\n            cast(0 as decimal(7,2)) as return_amt,\n            cast(0 as decimal(7,2)) as net_loss\n    from catalog_sales\n    union all\n    select cr_catalog_page_sk as page_sk,\n           cr_returned_date_sk as date_sk,\n           cast(0 as decimal(7,2)) as sales_price,\n           cast(0 as decimal(7,2)) as profit,\n           cr_return_amount as return_amt,\n           cr_net_loss as net_loss\n    from catalog_returns\n   ) salesreturns,\n     date_dim,\n     catalog_page\n where date_sk = d_date_sk\n       and d_date between cast('1998-08-12' as date)\n                  and (cast('1998-08-12' as date) +  interval '14 days')\n       and page_sk = cp_catalog_page_sk\n group by cp_catalog_page_id)\n ,\n wsr as\n (select web_site_id,\n        sum(sales_price) as sales,\n        sum(profit) as profit,\n        sum(return_amt) as returns,\n        sum(net_loss) as profit_loss\n from\n  ( select  ws_web_site_sk as wsr_web_site_sk,\n            ws_sold_date_sk  as date_sk,\n            ws_ext_sales_price as sales_price,\n            ws_net_profit as profit,\n            cast(0 as decimal(7,2)) as return_amt,\n            cast(0 as decimal(7,2)) as net_loss\n    from web_sales\n    union all\n    select ws_web_site_sk as wsr_web_site_sk,\n           wr_returned_date_sk as date_sk,\n           cast(0 as decimal(7,2)) as sales_price,\n           cast(0 as decimal(7,2)) as profit,\n           wr_return_amt as return_amt,\n           wr_net_loss as net_loss\n    from web_returns left outer join web_sales on\n         ( wr_item_sk = ws_item_sk\n           and wr_order_number = ws_order_number)\n   ) salesreturns,\n     date_dim,\n     web_site\n where date_sk = d_date_sk\n       and d_date between cast('1998-08-12' as date)\n                  and (cast('1998-08-12' as date) +  interval '14 days')\n       and wsr_web_site_sk = web_site_sk\n group by web_site_id)\n  select  channel\n        , id\n        , sum(sales) as sales\n        , sum(returns) as returns\n        , sum(profit) as profit\n from \n (select 'store channel' as channel\n        , 'store' || s_store_id as id\n        , sales\n        , returns\n        , (profit - profit_loss) as profit\n from   ssr\n union all\n select 'catalog channel' as channel\n        , 'catalog_page' || cp_catalog_page_id as id\n        , sales\n        , returns\n        , (profit - profit_loss) as profit\n from  csr\n union all\n select 'web channel' as channel\n        , 'web_site' || web_site_id as id\n        , sales\n        , returns\n        , (profit - profit_loss) as profit\n from   wsr\n ) x\n group by rollup (channel, id)\n order by channel\n         ,id\n limit 100;\n\n-- end query 3 in stream 0 using template query5.tpl\n",
    "indexes": "catalog_sales.cs_net_profit",
    "wo plan est": {
      "Node Type": "Limit",
      "Parallel Aware": false,
      "Async Capable": false,
      "Startup Cost": 1940046.82,
      "Total Cost": 1940047.07,
      "Plan Rows": 100,
      "Plan Width": 160,
      "Plans": [
        {
          "Node Type": "Sort",
          "Parent Relationship": "Outer",
          "Parallel Aware": false,
          "Async Capable": false,
          "Startup Cost": 1940046.82,
          "Total Cost": 1940048.1,
          "Plan Rows": 512,
          "Plan Width": 160,
          "Sort Key": [
            "('store channel'::text)",
            "(('store'::text || (ssr.s_store_id)::text))"
          ],
          "Plans": [
            {
              "Node Type": "Aggregate",
              "Strategy": "Mixed",
              "Partial Mode": "Simple",
              "Parent Relationship": "Outer",
              "Parallel Aware": false,
              "Async Capable": false,
              "Startup Cost": 815451.97,
              "Total Cost": 1940027.26,
              "Plan Rows": 512,
              "Plan Width": 160,
              "Grouping Sets": [
                {
                  "Hash Keys": [
                    [
                      "('store channel'::text)",
                      "(('store'::text || (ssr.s_store_id)::text))"
                    ]
                  ]
                },
                {
                  "Hash Keys": [
                    [
                      "('store channel'::text)"
                    ]
                  ]
                },
                {
                  "Group Keys": [
                    []
                  ]
                }
              ],
              "Planned Partitions": 0,
              "Plans": [
                {
                  "Node Type": "Append",
                  "Parent Relationship": "Outer",
                  "Parallel Aware": false,
                  "Async Capable": false,
                  "Startup Cost": 815451.97,
                  "Total Cost": 1939925.06,
                  "Plan Rows": 3108,
                  "Plan Width": 160,
                  "Subplans Removed": 0,
                  "Plans": [
                    {
                      "Node Type": "Subquery Scan",
                      "Parent Relationship": "Member",
                      "Parallel Aware": false,
                      "Async Capable": false,
                      "Alias": "ssr",
                      "Startup Cost": 815451.97,
                      "Total Cost": 815488.32,
                      "Plan Rows": 51,
                      "Plan Width": 160,
                      "Plans": [
                        {
                          "Node Type": "Aggregate",
                          "Strategy": "Sorted",
                          "Partial Mode": "Finalize",
                          "Parent Relationship": "Subquery",
                          "Parallel Aware": false,
                          "Async Capable": false,
                          "Startup Cost": 815451.97,
                          "Total Cost": 815487.43,
                          "Plan Rows": 51,
                          "Plan Width": 145,
                          "Group Key": [
                            "store.s_store_id"
                          ],
                          "Plans": [
                            {
                              "Node Type": "Gather Merge",
                              "Parent Relationship": "Outer",
                              "Parallel Aware": false,
                              "Async Capable": false,
                              "Startup Cost": 815451.97,
                              "Total Cost": 815484.12,
                              "Plan Rows": 102,
                              "Plan Width": 145,
                              "Workers Planned": 2,
                              "Plans": [
                                {
                                  "Node Type": "Aggregate",
                                  "Strategy": "Sorted",
                                  "Partial Mode": "Partial",
                                  "Parent Relationship": "Outer",
                                  "Parallel Aware": false,
                                  "Async Capable": false,
                                  "Startup Cost": 814451.95,
                                  "Total Cost": 814472.32,
                                  "Plan Rows": 51,
                                  "Plan Width": 145,
                                  "Group Key": [
                                    "store.s_store_id"
                                  ],
                                  "Plans": [
                                    {
                                      "Node Type": "Sort",
                                      "Parent Relationship": "Outer",
                                      "Parallel Aware": false,
                                      "Async Capable": false,
                                      "Startup Cost": 814451.95,
                                      "Total Cost": 814455.17,
                                      "Plan Rows": 1290,
                                      "Plan Width": 57,
                                      "Sort Key": [
                                        "store.s_store_id"
                                      ],
                                      "Plans": [
                                        {
                                          "Node Type": "Hash Join",
                                          "Parent Relationship": "Outer",
                                          "Parallel Aware": false,
                                          "Async Capable": false,
                                          "Join Type": "Inner",
                                          "Startup Cost": 2056.95,
                                          "Total Cost": 814385.3,
                                          "Plan Rows": 1290,
                                          "Plan Width": 57,
                                          "Inner Unique": false,
                                          "Hash Cond": "(store_sales.ss_store_sk = store.s_store_sk)",
                                          "Plans": [
                                            {
                                              "Node Type": "Hash Join",
                                              "Parent Relationship": "Outer",
                                              "Parallel Aware": true,
                                              "Async Capable": false,
                                              "Join Type": "Inner",
                                              "Startup Cost": 2049.65,
                                              "Total Cost": 814355.62,
                                              "Plan Rows": 2530,
                                              "Plan Width": 44,
                                              "Inner Unique": false,
                                              "Hash Cond": "(store_sales.ss_sold_date_sk = date_dim.d_date_sk)",
                                              "Plans": [
                                                {
                                                  "Node Type": "Append",
                                                  "Parent Relationship": "Outer",
                                                  "Parallel Aware": true,
                                                  "Async Capable": false,
                                                  "Startup Cost": 0.0,
                                                  "Total Cost": 762796.01,
                                                  "Plan Rows": 13198801,
                                                  "Plan Width": 48,
                                                  "Subplans Removed": 0,
                                                  "Plans": [
                                                    {
                                                      "Node Type": "Seq Scan",
                                                      "Parent Relationship": "Member",
                                                      "Parallel Aware": true,
                                                      "Async Capable": false,
                                                      "Relation Name": "store_sales",
                                                      "Alias": "store_sales",
                                                      "Startup Cost": 0.0,
                                                      "Total Cost": 636914.37,
                                                      "Plan Rows": 12000637,
                                                      "Plan Width": 48,
                                                      "parent": 11,
                                                      "ID": 12
                                                    },
                                                    {
                                                      "Node Type": "Seq Scan",
                                                      "Parent Relationship": "Member",
                                                      "Parallel Aware": true,
                                                      "Async Capable": false,
                                                      "Relation Name": "store_returns",
                                                      "Alias": "store_returns",
                                                      "Startup Cost": 0.0,
                                                      "Total Cost": 59887.64,
                                                      "Plan Rows": 1198164,
                                                      "Plan Width": 48,
                                                      "parent": 11,
                                                      "ID": 13
                                                    }
                                                  ],
                                                  "parent": 10,
                                                  "ID": 11,
                                                  "left": 12,
                                                  "right": 13
                                                },
                                                {
                                                  "Node Type": "Hash",
                                                  "Parent Relationship": "Inner",
                                                  "Parallel Aware": true,
                                                  "Async Capable": false,
                                                  "Startup Cost": 2049.55,
                                                  "Total Cost": 2049.55,
                                                  "Plan Rows": 8,
                                                  "Plan Width": 4,
                                                  "Plans": [
                                                    {
                                                      "Node Type": "Seq Scan",
                                                      "Parent Relationship": "Outer",
                                                      "Parallel Aware": true,
                                                      "Async Capable": false,
                                                      "Relation Name": "date_dim",
                                                      "Alias": "date_dim",
                                                      "Startup Cost": 0.0,
                                                      "Total Cost": 2049.55,
                                                      "Plan Rows": 8,
                                                      "Plan Width": 4,
                                                      "Filter": "((d_date >= '1998-08-12'::date) AND (d_date <= '1998-08-26 00:00:00'::timestamp without time zone))",
                                                      "parent": 14,
                                                      "ID": 15
                                                    }
                                                  ],
                                                  "parent": 10,
                                                  "ID": 14,
                                                  "left": 15
                                                }
                                              ],
                                              "parent": 9,
                                              "ID": 10,
                                              "left": 11,
                                              "right": 14
                                            },
                                            {
                                              "Node Type": "Hash",
                                              "Parent Relationship": "Inner",
                                              "Parallel Aware": false,
                                              "Async Capable": false,
                                              "Startup Cost": 6.02,
                                              "Total Cost": 6.02,
                                              "Plan Rows": 102,
                                              "Plan Width": 21,
                                              "Plans": [
                                                {
                                                  "Node Type": "Seq Scan",
                                                  "Parent Relationship": "Outer",
                                                  "Parallel Aware": false,
                                                  "Async Capable": false,
                                                  "Relation Name": "store",
                                                  "Alias": "store",
                                                  "Startup Cost": 0.0,
                                                  "Total Cost": 6.02,
                                                  "Plan Rows": 102,
                                                  "Plan Width": 21,
                                                  "parent": 16,
                                                  "ID": 17
                                                }
                                              ],
                                              "parent": 9,
                                              "ID": 16,
                                              "left": 17
                                            }
                                          ],
                                          "parent": 8,
                                          "ID": 9,
                                          "left": 10,
                                          "right": 16
                                        }
                                      ],
                                      "parent": 7,
                                      "ID": 8,
                                      "left": 9
                                    }
                                  ],
                                  "parent": 6,
                                  "ID": 7,
                                  "left": 8
                                }
                              ],
                              "parent": 5,
                              "ID": 6,
                              "left": 7
                            }
                          ],
                          "parent": 4,
                          "ID": 5,
                          "left": 6
                        }
                      ],
                      "parent": 3,
                      "ID": 4,
                      "left": 5
                    },
                    {
                      "Node Type": "Subquery Scan",
                      "Parent Relationship": "Member",
                      "Parallel Aware": false,
                      "Async Capable": false,
                      "Alias": "csr",
                      "Startup Cost": 529848.36,
                      "Total Cost": 530353.75,
                      "Plan Rows": 3036,
                      "Plan Width": 160,
                      "Plans": [
                        {
                          "Node Type": "Aggregate",
                          "Strategy": "Sorted",
                          "Partial Mode": "Simple",
                          "Parent Relationship": "Subquery",
                          "Parallel Aware": false,
                          "Async Capable": false,
                          "Startup Cost": 529848.36,
                          "Total Cost": 530300.62,
                          "Plan Rows": 3036,
                          "Plan Width": 145,
                          "Group Key": [
                            "catalog_page.cp_catalog_page_id"
                          ],
                          "Plans": [
                            {
                              "Node Type": "Gather Merge",
                              "Parent Relationship": "Outer",
                              "Parallel Aware": false,
                              "Async Capable": false,
                              "Startup Cost": 529848.36,
                              "Total Cost": 530201.95,
                              "Plan Rows": 3036,
                              "Plan Width": 57,
                              "Workers Planned": 2,
                              "Plans": [
                                {
                                  "Node Type": "Sort",
                                  "Parent Relationship": "Outer",
                                  "Parallel Aware": false,
                                  "Async Capable": false,
                                  "Startup Cost": 528848.34,
                                  "Total Cost": 528851.5,
                                  "Plan Rows": 1265,
                                  "Plan Width": 57,
                                  "Sort Key": [
                                    "catalog_page.cp_catalog_page_id"
                                  ],
                                  "Plans": [
                                    {
                                      "Node Type": "Hash Join",
                                      "Parent Relationship": "Outer",
                                      "Parallel Aware": false,
                                      "Async Capable": false,
                                      "Join Type": "Inner",
                                      "Startup Cost": 2567.65,
                                      "Total Cost": 528783.16,
                                      "Plan Rows": 1265,
                                      "Plan Width": 57,
                                      "Inner Unique": false,
                                      "Hash Cond": "(catalog_sales.cs_catalog_page_sk = catalog_page.cp_catalog_page_sk)",
                                      "Plans": [
                                        {
                                          "Node Type": "Hash Join",
                                          "Parent Relationship": "Outer",
                                          "Parallel Aware": true,
                                          "Async Capable": false,
                                          "Join Type": "Inner",
                                          "Startup Cost": 2049.65,
                                          "Total Cost": 528247.76,
                                          "Plan Rows": 1265,
                                          "Plan Width": 44,
                                          "Inner Unique": false,
                                          "Hash Cond": "(catalog_sales.cs_sold_date_sk = date_dim_1.d_date_sk)",
                                          "Plans": [
                                            {
                                              "Node Type": "Append",
                                              "Parent Relationship": "Outer",
                                              "Parallel Aware": true,
                                              "Async Capable": false,
                                              "Startup Cost": 0.0,
                                              "Total Cost": 501439.31,
                                              "Plan Rows": 6600420,
                                              "Plan Width": 48,
                                              "Subplans Removed": 0,
                                              "Plans": [
                                                {
                                                  "Node Type": "Seq Scan",
                                                  "Parent Relationship": "Member",
                                                  "Parallel Aware": true,
                                                  "Async Capable": false,
                                                  "Relation Name": "catalog_sales",
                                                  "Alias": "catalog_sales",
                                                  "Startup Cost": 0.0,
                                                  "Total Cost": 433688.25,
                                                  "Plan Rows": 6000525,
                                                  "Plan Width": 48,
                                                  "parent": 24,
                                                  "ID": 25
                                                },
                                                {
                                                  "Node Type": "Seq Scan",
                                                  "Parent Relationship": "Member",
                                                  "Parallel Aware": true,
                                                  "Async Capable": false,
                                                  "Relation Name": "catalog_returns",
                                                  "Alias": "catalog_returns",
                                                  "Startup Cost": 0.0,
                                                  "Total Cost": 34748.95,
                                                  "Plan Rows": 599895,
                                                  "Plan Width": 48,
                                                  "parent": 24,
                                                  "ID": 26
                                                }
                                              ],
                                              "parent": 23,
                                              "ID": 24,
                                              "left": 25,
                                              "right": 26
                                            },
                                            {
                                              "Node Type": "Hash",
                                              "Parent Relationship": "Inner",
                                              "Parallel Aware": true,
                                              "Async Capable": false,
                                              "Startup Cost": 2049.55,
                                              "Total Cost": 2049.55,
                                              "Plan Rows": 8,
                                              "Plan Width": 4,
                                              "Plans": [
                                                {
                                                  "Node Type": "Seq Scan",
                                                  "Parent Relationship": "Outer",
                                                  "Parallel Aware": true,
                                                  "Async Capable": false,
                                                  "Relation Name": "date_dim",
                                                  "Alias": "date_dim_1",
                                                  "Startup Cost": 0.0,
                                                  "Total Cost": 2049.55,
                                                  "Plan Rows": 8,
                                                  "Plan Width": 4,
                                                  "Filter": "((d_date >= '1998-08-12'::date) AND (d_date <= '1998-08-26 00:00:00'::timestamp without time zone))",
                                                  "parent": 27,
                                                  "ID": 28
                                                }
                                              ],
                                              "parent": 23,
                                              "ID": 27,
                                              "left": 28
                                            }
                                          ],
                                          "parent": 22,
                                          "ID": 23,
                                          "left": 24,
                                          "right": 27
                                        },
                                        {
                                          "Node Type": "Hash",
                                          "Parent Relationship": "Inner",
                                          "Parallel Aware": false,
                                          "Async Capable": false,
                                          "Startup Cost": 368.0,
                                          "Total Cost": 368.0,
                                          "Plan Rows": 12000,
                                          "Plan Width": 21,
                                          "Plans": [
                                            {
                                              "Node Type": "Seq Scan",
                                              "Parent Relationship": "Outer",
                                              "Parallel Aware": false,
                                              "Async Capable": false,
                                              "Relation Name": "catalog_page",
                                              "Alias": "catalog_page",
                                              "Startup Cost": 0.0,
                                              "Total Cost": 368.0,
                                              "Plan Rows": 12000,
                                              "Plan Width": 21,
                                              "parent": 29,
                                              "ID": 30
                                            }
                                          ],
                                          "parent": 22,
                                          "ID": 29,
                                          "left": 30
                                        }
                                      ],
                                      "parent": 21,
                                      "ID": 22,
                                      "left": 23,
                                      "right": 29
                                    }
                                  ],
                                  "parent": 20,
                                  "ID": 21,
                                  "left": 22
                                }
                              ],
                              "parent": 19,
                              "ID": 20,
                              "left": 21
                            }
                          ],
                          "parent": 18,
                          "ID": 19,
                          "left": 20
                        }
                      ],
                      "parent": 3,
                      "ID": 18,
                      "left": 19
                    },
                    {
                      "Node Type": "Subquery Scan",
                      "Parent Relationship": "Member",
                      "Parallel Aware": false,
                      "Async Capable": false,
                      "Alias": "wsr",
                      "Startup Cost": 594058.45,
                      "Total Cost": 594067.44,
                      "Plan Rows": 21,
                      "Plan Width": 160,
                      "Plans": [
                        {
                          "Node Type": "Aggregate",
                          "Strategy": "Sorted",
                          "Partial Mode": "Finalize",
                          "Parent Relationship": "Subquery",
                          "Parallel Aware": false,
                          "Async Capable": false,
                          "Startup Cost": 594058.45,
                          "Total Cost": 594067.07,
                          "Plan Rows": 21,
                          "Plan Width": 145,
                          "Group Key": [
                            "web_site.web_site_id"
                          ],
                          "Plans": [
                            {
                              "Node Type": "Gather Merge",
                              "Parent Relationship": "Outer",
                              "Parallel Aware": false,
                              "Async Capable": false,
                              "Startup Cost": 594058.45,
                              "Total Cost": 594065.71,
                              "Plan Rows": 42,
                              "Plan Width": 145,
                              "Workers Planned": 2,
                              "Plans": [
                                {
                                  "Node Type": "Aggregate",
                                  "Strategy": "Sorted",
                                  "Partial Mode": "Partial",
                                  "Parent Relationship": "Outer",
                                  "Parallel Aware": false,
                                  "Async Capable": false,
                                  "Startup Cost": 593058.42,
                                  "Total Cost": 593060.84,
                                  "Plan Rows": 21,
                                  "Plan Width": 145,
                                  "Group Key": [
                                    "web_site.web_site_id"
                                  ],
                                  "Plans": [
                                    {
                                      "Node Type": "Sort",
                                      "Parent Relationship": "Outer",
                                      "Parallel Aware": false,
                                      "Async Capable": false,
                                      "Startup Cost": 593058.42,
                                      "Total Cost": 593058.75,
                                      "Plan Rows": 133,
                                      "Plan Width": 57,
                                      "Sort Key": [
                                        "web_site.web_site_id"
                                      ],
                                      "Plans": [
                                        {
                                          "Node Type": "Hash Join",
                                          "Parent Relationship": "Outer",
                                          "Parallel Aware": false,
                                          "Async Capable": false,
                                          "Join Type": "Inner",
                                          "Startup Cost": 2053.6,
                                          "Total Cost": 593053.73,
                                          "Plan Rows": 133,
                                          "Plan Width": 57,
                                          "Inner Unique": false,
                                          "Hash Cond": "(\"*SELECT* 2\".wsr_web_site_sk = web_site.web_site_sk)",
                                          "Plans": [
                                            {
                                              "Node Type": "Hash Join",
                                              "Parent Relationship": "Outer",
                                              "Parallel Aware": true,
                                              "Async Capable": false,
                                              "Join Type": "Inner",
                                              "Startup Cost": 2049.65,
                                              "Total Cost": 593046.09,
                                              "Plan Rows": 632,
                                              "Plan Width": 44,
                                              "Inner Unique": false,
                                              "Hash Cond": "(\"*SELECT* 2\".date_sk = date_dim_2.d_date_sk)",
                                              "Plans": [
                                                {
                                                  "Node Type": "Append",
                                                  "Parent Relationship": "Outer",
                                                  "Parallel Aware": true,
                                                  "Async Capable": false,
                                                  "Startup Cost": 0.0,
                                                  "Total Cost": 577049.1,
                                                  "Plan Rows": 3718203,
                                                  "Plan Width": 48,
                                                  "Subplans Removed": 0,
                                                  "Plans": [
                                                    {
                                                      "Node Type": "Subquery Scan",
                                                      "Parent Relationship": "Member",
                                                      "Parallel Aware": false,
                                                      "Async Capable": false,
                                                      "Alias": "*SELECT* 2",
                                                      "Startup Cost": 277366.65,
                                                      "Total Cost": 340720.23,
                                                      "Plan Rows": 719217,
                                                      "Plan Width": 48,
                                                      "Plans": [
                                                        {
                                                          "Node Type": "Hash Join",
                                                          "Parent Relationship": "Subquery",
                                                          "Parallel Aware": true,
                                                          "Async Capable": false,
                                                          "Join Type": "Left",
                                                          "Startup Cost": 277366.65,
                                                          "Total Cost": 333528.06,
                                                          "Plan Rows": 299674,
                                                          "Plan Width": 48,
                                                          "Inner Unique": false,
                                                          "Hash Cond": "((web_returns.wr_item_sk = web_sales_1.ws_item_sk) AND (web_returns.wr_order_number = web_sales_1.ws_order_number))",
                                                          "Plans": [
                                                            {
                                                              "Node Type": "Seq Scan",
                                                              "Parent Relationship": "Outer",
                                                              "Parallel Aware": true,
                                                              "Async Capable": false,
                                                              "Relation Name": "web_returns",
                                                              "Alias": "web_returns",
                                                              "Startup Cost": 0.0,
                                                              "Total Cost": 16278.74,
                                                              "Plan Rows": 299674,
                                                              "Plan Width": 24,
                                                              "parent": 40,
                                                              "ID": 41
                                                            },
                                                            {
                                                              "Node Type": "Hash",
                                                              "Parent Relationship": "Inner",
                                                              "Parallel Aware": true,
                                                              "Async Capable": false,
                                                              "Startup Cost": 217737.86,
                                                              "Total Cost": 217737.86,
                                                              "Plan Rows": 2998986,
                                                              "Plan Width": 12,
                                                              "Plans": [
                                                                {
                                                                  "Node Type": "Seq Scan",
                                                                  "Parent Relationship": "Outer",
                                                                  "Parallel Aware": true,
                                                                  "Async Capable": false,
                                                                  "Relation Name": "web_sales",
                                                                  "Alias": "web_sales_1",
                                                                  "Startup Cost": 0.0,
                                                                  "Total Cost": 217737.86,
                                                                  "Plan Rows": 2998986,
                                                                  "Plan Width": 12,
                                                                  "parent": 42,
                                                                  "ID": 43
                                                                }
                                                              ],
                                                              "parent": 40,
                                                              "ID": 42,
                                                              "left": 43
                                                            }
                                                          ],
                                                          "parent": 39,
                                                          "ID": 40,
                                                          "left": 41,
                                                          "right": 42
                                                        }
                                                      ],
                                                      "parent": 38,
                                                      "ID": 39,
                                                      "left": 40
                                                    },
                                                    {
                                                      "Node Type": "Seq Scan",
                                                      "Parent Relationship": "Member",
                                                      "Parallel Aware": true,
                                                      "Async Capable": false,
                                                      "Relation Name": "web_sales",
                                                      "Alias": "web_sales",
                                                      "Startup Cost": 0.0,
                                                      "Total Cost": 217737.86,
                                                      "Plan Rows": 2998986,
                                                      "Plan Width": 48,
                                                      "parent": 38,
                                                      "ID": 44
                                                    }
                                                  ],
                                                  "parent": 37,
                                                  "ID": 38,
                                                  "left": 39,
                                                  "right": 44
                                                },
                                                {
                                                  "Node Type": "Hash",
                                                  "Parent Relationship": "Inner",
                                                  "Parallel Aware": true,
                                                  "Async Capable": false,
                                                  "Startup Cost": 2049.55,
                                                  "Total Cost": 2049.55,
                                                  "Plan Rows": 8,
                                                  "Plan Width": 4,
                                                  "Plans": [
                                                    {
                                                      "Node Type": "Seq Scan",
                                                      "Parent Relationship": "Outer",
                                                      "Parallel Aware": true,
                                                      "Async Capable": false,
                                                      "Relation Name": "date_dim",
                                                      "Alias": "date_dim_2",
                                                      "Startup Cost": 0.0,
                                                      "Total Cost": 2049.55,
                                                      "Plan Rows": 8,
                                                      "Plan Width": 4,
                                                      "Filter": "((d_date >= '1998-08-12'::date) AND (d_date <= '1998-08-26 00:00:00'::timestamp without time zone))",
                                                      "parent": 45,
                                                      "ID": 46
                                                    }
                                                  ],
                                                  "parent": 37,
                                                  "ID": 45,
                                                  "left": 46
                                                }
                                              ],
                                              "parent": 36,
                                              "ID": 37,
                                              "left": 38,
                                              "right": 45
                                            },
                                            {
                                              "Node Type": "Hash",
                                              "Parent Relationship": "Inner",
                                              "Parallel Aware": false,
                                              "Async Capable": false,
                                              "Startup Cost": 3.42,
                                              "Total Cost": 3.42,
                                              "Plan Rows": 42,
                                              "Plan Width": 21,
                                              "Plans": [
                                                {
                                                  "Node Type": "Seq Scan",
                                                  "Parent Relationship": "Outer",
                                                  "Parallel Aware": false,
                                                  "Async Capable": false,
                                                  "Relation Name": "web_site",
                                                  "Alias": "web_site",
                                                  "Startup Cost": 0.0,
                                                  "Total Cost": 3.42,
                                                  "Plan Rows": 42,
                                                  "Plan Width": 21,
                                                  "parent": 47,
                                                  "ID": 48
                                                }
                                              ],
                                              "parent": 36,
                                              "ID": 47,
                                              "left": 48
                                            }
                                          ],
                                          "parent": 35,
                                          "ID": 36,
                                          "left": 37,
                                          "right": 47
                                        }
                                      ],
                                      "parent": 34,
                                      "ID": 35,
                                      "left": 36
                                    }
                                  ],
                                  "parent": 33,
                                  "ID": 34,
                                  "left": 35
                                }
                              ],
                              "parent": 32,
                              "ID": 33,
                              "left": 34
                            }
                          ],
                          "parent": 31,
                          "ID": 32,
                          "left": 33
                        }
                      ],
                      "parent": 3,
                      "ID": 31,
                      "left": 32
                    }
                  ],
                  "parent": 2,
                  "ID": 3,
                  "left": 4,
                  "right": 18
                }
              ],
              "parent": 1,
              "ID": 2,
              "left": 3
            }
          ],
          "parent": 0,
          "ID": 1,
          "left": 2
        }
      ],
      "parent": null,
      "ID": 0,
      "left": 1
    },
    "feat": {
      "utility": 0.0,
      "query_shape": [
        [
          "Seq Scan",
          "Append",
          "Hash Join",
          "Sort",
          "Aggregate",
          "Gather Merge",
          "Subquery Scan"
        ],
        [
          "Seq Scan",
          "Append",
          "Hash Join",
          "Sort",
          "Aggregate",
          "Gather Merge",
          "Subquery Scan"
        ],
        [
          "Seq Scan",
          "Hash",
          "Hash Join",
          "Sort",
          "Aggregate",
          "Gather Merge",
          "Subquery Scan",
          "Append"
        ],
        [
          "Seq Scan",
          "Hash",
          "Hash Join",
          "Sort",
          "Aggregate",
          "Gather Merge",
          "Subquery Scan",
          "Append"
        ],
        [
          "Seq Scan",
          "Append",
          "Hash Join",
          "Sort",
          "Gather Merge",
          "Aggregate",
          "Subquery Scan"
        ],
        [
          "Seq Scan",
          "Append",
          "Hash Join",
          "Sort",
          "Gather Merge",
          "Aggregate",
          "Subquery Scan"
        ],
        [
          "Seq Scan",
          "Hash",
          "Hash Join",
          "Sort",
          "Gather Merge",
          "Aggregate",
          "Subquery Scan",
          "Append"
        ],
        [
          "Seq Scan",
          "Hash",
          "Hash Join",
          "Sort",
          "Gather Merge",
          "Aggregate",
          "Subquery Scan",
          "Append"
        ],
        [
          "Seq Scan",
          "Hash Join",
          "Subquery Scan",
          "Append",
          "Sort",
          "Aggregate",
          "Gather Merge"
        ],
        [
          "Seq Scan",
          "Hash",
          "Hash Join",
          "Subquery Scan",
          "Append",
          "Sort",
          "Aggregate",
          "Gather Merge"
        ],
        [
          "Seq Scan",
          "Append",
          "Hash Join",
          "Sort",
          "Aggregate",
          "Gather Merge",
          "Subquery Scan"
        ],
        [
          "Seq Scan",
          "Hash",
          "Hash Join",
          "Sort",
          "Aggregate",
          "Gather Merge",
          "Subquery Scan",
          "Append"
        ],
        [
          "Seq Scan",
          "Hash",
          "Hash Join",
          "Sort",
          "Aggregate",
          "Gather Merge",
          "Subquery Scan",
          "Append"
        ]
      ],
      "index_shape": [],
      "physical_operator": {}
    }
  },
  {
    "query": "with ssr as\n (select s_store_id,\n        sum(sales_price) as sales,\n        sum(profit) as profit,\n        sum(return_amt) as returns,\n        sum(net_loss) as profit_loss\n from\n  ( select  ss_store_sk as store_sk,\n            ss_sold_date_sk  as date_sk,\n            ss_ext_sales_price as sales_price,\n            ss_net_profit as profit,\n            cast(0 as decimal(7,2)) as return_amt,\n            cast(0 as decimal(7,2)) as net_loss\n    from store_sales\n    union all\n    select sr_store_sk as store_sk,\n           sr_returned_date_sk as date_sk,\n           cast(0 as decimal(7,2)) as sales_price,\n           cast(0 as decimal(7,2)) as profit,\n           sr_return_amt as return_amt,\n           sr_net_loss as net_loss\n    from store_returns\n   ) salesreturns,\n     date_dim,\n     store\n where date_sk = d_date_sk\n       and d_date between cast('1998-08-12' as date) \n                  and (cast('1998-08-12' as date) +  interval '14 days')\n       and store_sk = s_store_sk\n group by s_store_id)\n ,\n csr as\n (select cp_catalog_page_id,\n        sum(sales_price) as sales,\n        sum(profit) as profit,\n        sum(return_amt) as returns,\n        sum(net_loss) as profit_loss\n from\n  ( select  cs_catalog_page_sk as page_sk,\n            cs_sold_date_sk  as date_sk,\n            cs_ext_sales_price as sales_price,\n            cs_net_profit as profit,\n            cast(0 as decimal(7,2)) as return_amt,\n            cast(0 as decimal(7,2)) as net_loss\n    from catalog_sales\n    union all\n    select cr_catalog_page_sk as page_sk,\n           cr_returned_date_sk as date_sk,\n           cast(0 as decimal(7,2)) as sales_price,\n           cast(0 as decimal(7,2)) as profit,\n           cr_return_amount as return_amt,\n           cr_net_loss as net_loss\n    from catalog_returns\n   ) salesreturns,\n     date_dim,\n     catalog_page\n where date_sk = d_date_sk\n       and d_date between cast('1998-08-12' as date)\n                  and (cast('1998-08-12' as date) +  interval '14 days')\n       and page_sk = cp_catalog_page_sk\n group by cp_catalog_page_id)\n ,\n wsr as\n (select web_site_id,\n        sum(sales_price) as sales,\n        sum(profit) as profit,\n        sum(return_amt) as returns,\n        sum(net_loss) as profit_loss\n from\n  ( select  ws_web_site_sk as wsr_web_site_sk,\n            ws_sold_date_sk  as date_sk,\n            ws_ext_sales_price as sales_price,\n            ws_net_profit as profit,\n            cast(0 as decimal(7,2)) as return_amt,\n            cast(0 as decimal(7,2)) as net_loss\n    from web_sales\n    union all\n    select ws_web_site_sk as wsr_web_site_sk,\n           wr_returned_date_sk as date_sk,\n           cast(0 as decimal(7,2)) as sales_price,\n           cast(0 as decimal(7,2)) as profit,\n           wr_return_amt as return_amt,\n           wr_net_loss as net_loss\n    from web_returns left outer join web_sales on\n         ( wr_item_sk = ws_item_sk\n           and wr_order_number = ws_order_number)\n   ) salesreturns,\n     date_dim,\n     web_site\n where date_sk = d_date_sk\n       and d_date between cast('1998-08-12' as date)\n                  and (cast('1998-08-12' as date) +  interval '14 days')\n       and wsr_web_site_sk = web_site_sk\n group by web_site_id)\n  select  channel\n        , id\n        , sum(sales) as sales\n        , sum(returns) as returns\n        , sum(profit) as profit\n from \n (select 'store channel' as channel\n        , 'store' || s_store_id as id\n        , sales\n        , returns\n        , (profit - profit_loss) as profit\n from   ssr\n union all\n select 'catalog channel' as channel\n        , 'catalog_page' || cp_catalog_page_id as id\n        , sales\n        , returns\n        , (profit - profit_loss) as profit\n from  csr\n union all\n select 'web channel' as channel\n        , 'web_site' || web_site_id as id\n        , sales\n        , returns\n        , (profit - profit_loss) as profit\n from   wsr\n ) x\n group by rollup (channel, id)\n order by channel\n         ,id\n limit 100;\n\n-- end query 3 in stream 0 using template query5.tpl\n",
    "indexes": "store_sales.ss_sold_date_sk",
    "wo plan est": {
      "Node Type": "Limit",
      "Parallel Aware": false,
      "Async Capable": false,
      "Startup Cost": 1940046.82,
      "Total Cost": 1940047.07,
      "Plan Rows": 100,
      "Plan Width": 160,
      "Plans": [
        {
          "Node Type": "Sort",
          "Parent Relationship": "Outer",
          "Parallel Aware": false,
          "Async Capable": false,
          "Startup Cost": 1940046.82,
          "Total Cost": 1940048.1,
          "Plan Rows": 512,
          "Plan Width": 160,
          "Sort Key": [
            "('store channel'::text)",
            "(('store'::text || (ssr.s_store_id)::text))"
          ],
          "Plans": [
            {
              "Node Type": "Aggregate",
              "Strategy": "Mixed",
              "Partial Mode": "Simple",
              "Parent Relationship": "Outer",
              "Parallel Aware": false,
              "Async Capable": false,
              "Startup Cost": 815451.97,
              "Total Cost": 1940027.26,
              "Plan Rows": 512,
              "Plan Width": 160,
              "Grouping Sets": [
                {
                  "Hash Keys": [
                    [
                      "('store channel'::text)",
                      "(('store'::text || (ssr.s_store_id)::text))"
                    ]
                  ]
                },
                {
                  "Hash Keys": [
                    [
                      "('store channel'::text)"
                    ]
                  ]
                },
                {
                  "Group Keys": [
                    []
                  ]
                }
              ],
              "Planned Partitions": 0,
              "Plans": [
                {
                  "Node Type": "Append",
                  "Parent Relationship": "Outer",
                  "Parallel Aware": false,
                  "Async Capable": false,
                  "Startup Cost": 815451.97,
                  "Total Cost": 1939925.06,
                  "Plan Rows": 3108,
                  "Plan Width": 160,
                  "Subplans Removed": 0,
                  "Plans": [
                    {
                      "Node Type": "Subquery Scan",
                      "Parent Relationship": "Member",
                      "Parallel Aware": false,
                      "Async Capable": false,
                      "Alias": "ssr",
                      "Startup Cost": 815451.97,
                      "Total Cost": 815488.32,
                      "Plan Rows": 51,
                      "Plan Width": 160,
                      "Plans": [
                        {
                          "Node Type": "Aggregate",
                          "Strategy": "Sorted",
                          "Partial Mode": "Finalize",
                          "Parent Relationship": "Subquery",
                          "Parallel Aware": false,
                          "Async Capable": false,
                          "Startup Cost": 815451.97,
                          "Total Cost": 815487.43,
                          "Plan Rows": 51,
                          "Plan Width": 145,
                          "Group Key": [
                            "store.s_store_id"
                          ],
                          "Plans": [
                            {
                              "Node Type": "Gather Merge",
                              "Parent Relationship": "Outer",
                              "Parallel Aware": false,
                              "Async Capable": false,
                              "Startup Cost": 815451.97,
                              "Total Cost": 815484.12,
                              "Plan Rows": 102,
                              "Plan Width": 145,
                              "Workers Planned": 2,
                              "Plans": [
                                {
                                  "Node Type": "Aggregate",
                                  "Strategy": "Sorted",
                                  "Partial Mode": "Partial",
                                  "Parent Relationship": "Outer",
                                  "Parallel Aware": false,
                                  "Async Capable": false,
                                  "Startup Cost": 814451.95,
                                  "Total Cost": 814472.32,
                                  "Plan Rows": 51,
                                  "Plan Width": 145,
                                  "Group Key": [
                                    "store.s_store_id"
                                  ],
                                  "Plans": [
                                    {
                                      "Node Type": "Sort",
                                      "Parent Relationship": "Outer",
                                      "Parallel Aware": false,
                                      "Async Capable": false,
                                      "Startup Cost": 814451.95,
                                      "Total Cost": 814455.17,
                                      "Plan Rows": 1290,
                                      "Plan Width": 57,
                                      "Sort Key": [
                                        "store.s_store_id"
                                      ],
                                      "Plans": [
                                        {
                                          "Node Type": "Hash Join",
                                          "Parent Relationship": "Outer",
                                          "Parallel Aware": false,
                                          "Async Capable": false,
                                          "Join Type": "Inner",
                                          "Startup Cost": 2056.95,
                                          "Total Cost": 814385.3,
                                          "Plan Rows": 1290,
                                          "Plan Width": 57,
                                          "Inner Unique": false,
                                          "Hash Cond": "(store_sales.ss_store_sk = store.s_store_sk)",
                                          "Plans": [
                                            {
                                              "Node Type": "Hash Join",
                                              "Parent Relationship": "Outer",
                                              "Parallel Aware": true,
                                              "Async Capable": false,
                                              "Join Type": "Inner",
                                              "Startup Cost": 2049.65,
                                              "Total Cost": 814355.62,
                                              "Plan Rows": 2530,
                                              "Plan Width": 44,
                                              "Inner Unique": false,
                                              "Hash Cond": "(store_sales.ss_sold_date_sk = date_dim.d_date_sk)",
                                              "Plans": [
                                                {
                                                  "Node Type": "Append",
                                                  "Parent Relationship": "Outer",
                                                  "Parallel Aware": true,
                                                  "Async Capable": false,
                                                  "Startup Cost": 0.0,
                                                  "Total Cost": 762796.01,
                                                  "Plan Rows": 13198801,
                                                  "Plan Width": 48,
                                                  "Subplans Removed": 0,
                                                  "Plans": [
                                                    {
                                                      "Node Type": "Seq Scan",
                                                      "Parent Relationship": "Member",
                                                      "Parallel Aware": true,
                                                      "Async Capable": false,
                                                      "Relation Name": "store_sales",
                                                      "Alias": "store_sales",
                                                      "Startup Cost": 0.0,
                                                      "Total Cost": 636914.37,
                                                      "Plan Rows": 12000637,
                                                      "Plan Width": 48,
                                                      "parent": 11,
                                                      "ID": 12
                                                    },
                                                    {
                                                      "Node Type": "Seq Scan",
                                                      "Parent Relationship": "Member",
                                                      "Parallel Aware": true,
                                                      "Async Capable": false,
                                                      "Relation Name": "store_returns",
                                                      "Alias": "store_returns",
                                                      "Startup Cost": 0.0,
                                                      "Total Cost": 59887.64,
                                                      "Plan Rows": 1198164,
                                                      "Plan Width": 48,
                                                      "parent": 11,
                                                      "ID": 13
                                                    }
                                                  ],
                                                  "parent": 10,
                                                  "ID": 11,
                                                  "left": 12,
                                                  "right": 13
                                                },
                                                {
                                                  "Node Type": "Hash",
                                                  "Parent Relationship": "Inner",
                                                  "Parallel Aware": true,
                                                  "Async Capable": false,
                                                  "Startup Cost": 2049.55,
                                                  "Total Cost": 2049.55,
                                                  "Plan Rows": 8,
                                                  "Plan Width": 4,
                                                  "Plans": [
                                                    {
                                                      "Node Type": "Seq Scan",
                                                      "Parent Relationship": "Outer",
                                                      "Parallel Aware": true,
                                                      "Async Capable": false,
                                                      "Relation Name": "date_dim",
                                                      "Alias": "date_dim",
                                                      "Startup Cost": 0.0,
                                                      "Total Cost": 2049.55,
                                                      "Plan Rows": 8,
                                                      "Plan Width": 4,
                                                      "Filter": "((d_date >= '1998-08-12'::date) AND (d_date <= '1998-08-26 00:00:00'::timestamp without time zone))",
                                                      "parent": 14,
                                                      "ID": 15
                                                    }
                                                  ],
                                                  "parent": 10,
                                                  "ID": 14,
                                                  "left": 15
                                                }
                                              ],
                                              "parent": 9,
                                              "ID": 10,
                                              "left": 11,
                                              "right": 14
                                            },
                                            {
                                              "Node Type": "Hash",
                                              "Parent Relationship": "Inner",
                                              "Parallel Aware": false,
                                              "Async Capable": false,
                                              "Startup Cost": 6.02,
                                              "Total Cost": 6.02,
                                              "Plan Rows": 102,
                                              "Plan Width": 21,
                                              "Plans": [
                                                {
                                                  "Node Type": "Seq Scan",
                                                  "Parent Relationship": "Outer",
                                                  "Parallel Aware": false,
                                                  "Async Capable": false,
                                                  "Relation Name": "store",
                                                  "Alias": "store",
                                                  "Startup Cost": 0.0,
                                                  "Total Cost": 6.02,
                                                  "Plan Rows": 102,
                                                  "Plan Width": 21,
                                                  "parent": 16,
                                                  "ID": 17
                                                }
                                              ],
                                              "parent": 9,
                                              "ID": 16,
                                              "left": 17
                                            }
                                          ],
                                          "parent": 8,
                                          "ID": 9,
                                          "left": 10,
                                          "right": 16
                                        }
                                      ],
                                      "parent": 7,
                                      "ID": 8,
                                      "left": 9
                                    }
                                  ],
                                  "parent": 6,
                                  "ID": 7,
                                  "left": 8
                                }
                              ],
                              "parent": 5,
                              "ID": 6,
                              "left": 7
                            }
                          ],
                          "parent": 4,
                          "ID": 5,
                          "left": 6
                        }
                      ],
                      "parent": 3,
                      "ID": 4,
                      "left": 5
                    },
                    {
                      "Node Type": "Subquery Scan",
                      "Parent Relationship": "Member",
                      "Parallel Aware": false,
                      "Async Capable": false,
                      "Alias": "csr",
                      "Startup Cost": 529848.36,
                      "Total Cost": 530353.75,
                      "Plan Rows": 3036,
                      "Plan Width": 160,
                      "Plans": [
                        {
                          "Node Type": "Aggregate",
                          "Strategy": "Sorted",
                          "Partial Mode": "Simple",
                          "Parent Relationship": "Subquery",
                          "Parallel Aware": false,
                          "Async Capable": false,
                          "Startup Cost": 529848.36,
                          "Total Cost": 530300.62,
                          "Plan Rows": 3036,
                          "Plan Width": 145,
                          "Group Key": [
                            "catalog_page.cp_catalog_page_id"
                          ],
                          "Plans": [
                            {
                              "Node Type": "Gather Merge",
                              "Parent Relationship": "Outer",
                              "Parallel Aware": false,
                              "Async Capable": false,
                              "Startup Cost": 529848.36,
                              "Total Cost": 530201.95,
                              "Plan Rows": 3036,
                              "Plan Width": 57,
                              "Workers Planned": 2,
                              "Plans": [
                                {
                                  "Node Type": "Sort",
                                  "Parent Relationship": "Outer",
                                  "Parallel Aware": false,
                                  "Async Capable": false,
                                  "Startup Cost": 528848.34,
                                  "Total Cost": 528851.5,
                                  "Plan Rows": 1265,
                                  "Plan Width": 57,
                                  "Sort Key": [
                                    "catalog_page.cp_catalog_page_id"
                                  ],
                                  "Plans": [
                                    {
                                      "Node Type": "Hash Join",
                                      "Parent Relationship": "Outer",
                                      "Parallel Aware": false,
                                      "Async Capable": false,
                                      "Join Type": "Inner",
                                      "Startup Cost": 2567.65,
                                      "Total Cost": 528783.16,
                                      "Plan Rows": 1265,
                                      "Plan Width": 57,
                                      "Inner Unique": false,
                                      "Hash Cond": "(catalog_sales.cs_catalog_page_sk = catalog_page.cp_catalog_page_sk)",
                                      "Plans": [
                                        {
                                          "Node Type": "Hash Join",
                                          "Parent Relationship": "Outer",
                                          "Parallel Aware": true,
                                          "Async Capable": false,
                                          "Join Type": "Inner",
                                          "Startup Cost": 2049.65,
                                          "Total Cost": 528247.76,
                                          "Plan Rows": 1265,
                                          "Plan Width": 44,
                                          "Inner Unique": false,
                                          "Hash Cond": "(catalog_sales.cs_sold_date_sk = date_dim_1.d_date_sk)",
                                          "Plans": [
                                            {
                                              "Node Type": "Append",
                                              "Parent Relationship": "Outer",
                                              "Parallel Aware": true,
                                              "Async Capable": false,
                                              "Startup Cost": 0.0,
                                              "Total Cost": 501439.31,
                                              "Plan Rows": 6600420,
                                              "Plan Width": 48,
                                              "Subplans Removed": 0,
                                              "Plans": [
                                                {
                                                  "Node Type": "Seq Scan",
                                                  "Parent Relationship": "Member",
                                                  "Parallel Aware": true,
                                                  "Async Capable": false,
                                                  "Relation Name": "catalog_sales",
                                                  "Alias": "catalog_sales",
                                                  "Startup Cost": 0.0,
                                                  "Total Cost": 433688.25,
                                                  "Plan Rows": 6000525,
                                                  "Plan Width": 48,
                                                  "parent": 24,
                                                  "ID": 25
                                                },
                                                {
                                                  "Node Type": "Seq Scan",
                                                  "Parent Relationship": "Member",
                                                  "Parallel Aware": true,
                                                  "Async Capable": false,
                                                  "Relation Name": "catalog_returns",
                                                  "Alias": "catalog_returns",
                                                  "Startup Cost": 0.0,
                                                  "Total Cost": 34748.95,
                                                  "Plan Rows": 599895,
                                                  "Plan Width": 48,
                                                  "parent": 24,
                                                  "ID": 26
                                                }
                                              ],
                                              "parent": 23,
                                              "ID": 24,
                                              "left": 25,
                                              "right": 26
                                            },
                                            {
                                              "Node Type": "Hash",
                                              "Parent Relationship": "Inner",
                                              "Parallel Aware": true,
                                              "Async Capable": false,
                                              "Startup Cost": 2049.55,
                                              "Total Cost": 2049.55,
                                              "Plan Rows": 8,
                                              "Plan Width": 4,
                                              "Plans": [
                                                {
                                                  "Node Type": "Seq Scan",
                                                  "Parent Relationship": "Outer",
                                                  "Parallel Aware": true,
                                                  "Async Capable": false,
                                                  "Relation Name": "date_dim",
                                                  "Alias": "date_dim_1",
                                                  "Startup Cost": 0.0,
                                                  "Total Cost": 2049.55,
                                                  "Plan Rows": 8,
                                                  "Plan Width": 4,
                                                  "Filter": "((d_date >= '1998-08-12'::date) AND (d_date <= '1998-08-26 00:00:00'::timestamp without time zone))",
                                                  "parent": 27,
                                                  "ID": 28
                                                }
                                              ],
                                              "parent": 23,
                                              "ID": 27,
                                              "left": 28
                                            }
                                          ],
                                          "parent": 22,
                                          "ID": 23,
                                          "left": 24,
                                          "right": 27
                                        },
                                        {
                                          "Node Type": "Hash",
                                          "Parent Relationship": "Inner",
                                          "Parallel Aware": false,
                                          "Async Capable": false,
                                          "Startup Cost": 368.0,
                                          "Total Cost": 368.0,
                                          "Plan Rows": 12000,
                                          "Plan Width": 21,
                                          "Plans": [
                                            {
                                              "Node Type": "Seq Scan",
                                              "Parent Relationship": "Outer",
                                              "Parallel Aware": false,
                                              "Async Capable": false,
                                              "Relation Name": "catalog_page",
                                              "Alias": "catalog_page",
                                              "Startup Cost": 0.0,
                                              "Total Cost": 368.0,
                                              "Plan Rows": 12000,
                                              "Plan Width": 21,
                                              "parent": 29,
                                              "ID": 30
                                            }
                                          ],
                                          "parent": 22,
                                          "ID": 29,
                                          "left": 30
                                        }
                                      ],
                                      "parent": 21,
                                      "ID": 22,
                                      "left": 23,
                                      "right": 29
                                    }
                                  ],
                                  "parent": 20,
                                  "ID": 21,
                                  "left": 22
                                }
                              ],
                              "parent": 19,
                              "ID": 20,
                              "left": 21
                            }
                          ],
                          "parent": 18,
                          "ID": 19,
                          "left": 20
                        }
                      ],
                      "parent": 3,
                      "ID": 18,
                      "left": 19
                    },
                    {
                      "Node Type": "Subquery Scan",
                      "Parent Relationship": "Member",
                      "Parallel Aware": false,
                      "Async Capable": false,
                      "Alias": "wsr",
                      "Startup Cost": 594058.45,
                      "Total Cost": 594067.44,
                      "Plan Rows": 21,
                      "Plan Width": 160,
                      "Plans": [
                        {
                          "Node Type": "Aggregate",
                          "Strategy": "Sorted",
                          "Partial Mode": "Finalize",
                          "Parent Relationship": "Subquery",
                          "Parallel Aware": false,
                          "Async Capable": false,
                          "Startup Cost": 594058.45,
                          "Total Cost": 594067.07,
                          "Plan Rows": 21,
                          "Plan Width": 145,
                          "Group Key": [
                            "web_site.web_site_id"
                          ],
                          "Plans": [
                            {
                              "Node Type": "Gather Merge",
                              "Parent Relationship": "Outer",
                              "Parallel Aware": false,
                              "Async Capable": false,
                              "Startup Cost": 594058.45,
                              "Total Cost": 594065.71,
                              "Plan Rows": 42,
                              "Plan Width": 145,
                              "Workers Planned": 2,
                              "Plans": [
                                {
                                  "Node Type": "Aggregate",
                                  "Strategy": "Sorted",
                                  "Partial Mode": "Partial",
                                  "Parent Relationship": "Outer",
                                  "Parallel Aware": false,
                                  "Async Capable": false,
                                  "Startup Cost": 593058.42,
                                  "Total Cost": 593060.84,
                                  "Plan Rows": 21,
                                  "Plan Width": 145,
                                  "Group Key": [
                                    "web_site.web_site_id"
                                  ],
                                  "Plans": [
                                    {
                                      "Node Type": "Sort",
                                      "Parent Relationship": "Outer",
                                      "Parallel Aware": false,
                                      "Async Capable": false,
                                      "Startup Cost": 593058.42,
                                      "Total Cost": 593058.75,
                                      "Plan Rows": 133,
                                      "Plan Width": 57,
                                      "Sort Key": [
                                        "web_site.web_site_id"
                                      ],
                                      "Plans": [
                                        {
                                          "Node Type": "Hash Join",
                                          "Parent Relationship": "Outer",
                                          "Parallel Aware": false,
                                          "Async Capable": false,
                                          "Join Type": "Inner",
                                          "Startup Cost": 2053.6,
                                          "Total Cost": 593053.73,
                                          "Plan Rows": 133,
                                          "Plan Width": 57,
                                          "Inner Unique": false,
                                          "Hash Cond": "(\"*SELECT* 2\".wsr_web_site_sk = web_site.web_site_sk)",
                                          "Plans": [
                                            {
                                              "Node Type": "Hash Join",
                                              "Parent Relationship": "Outer",
                                              "Parallel Aware": true,
                                              "Async Capable": false,
                                              "Join Type": "Inner",
                                              "Startup Cost": 2049.65,
                                              "Total Cost": 593046.09,
                                              "Plan Rows": 632,
                                              "Plan Width": 44,
                                              "Inner Unique": false,
                                              "Hash Cond": "(\"*SELECT* 2\".date_sk = date_dim_2.d_date_sk)",
                                              "Plans": [
                                                {
                                                  "Node Type": "Append",
                                                  "Parent Relationship": "Outer",
                                                  "Parallel Aware": true,
                                                  "Async Capable": false,
                                                  "Startup Cost": 0.0,
                                                  "Total Cost": 577049.1,
                                                  "Plan Rows": 3718203,
                                                  "Plan Width": 48,
                                                  "Subplans Removed": 0,
                                                  "Plans": [
                                                    {
                                                      "Node Type": "Subquery Scan",
                                                      "Parent Relationship": "Member",
                                                      "Parallel Aware": false,
                                                      "Async Capable": false,
                                                      "Alias": "*SELECT* 2",
                                                      "Startup Cost": 277366.65,
                                                      "Total Cost": 340720.23,
                                                      "Plan Rows": 719217,
                                                      "Plan Width": 48,
                                                      "Plans": [
                                                        {
                                                          "Node Type": "Hash Join",
                                                          "Parent Relationship": "Subquery",
                                                          "Parallel Aware": true,
                                                          "Async Capable": false,
                                                          "Join Type": "Left",
                                                          "Startup Cost": 277366.65,
                                                          "Total Cost": 333528.06,
                                                          "Plan Rows": 299674,
                                                          "Plan Width": 48,
                                                          "Inner Unique": false,
                                                          "Hash Cond": "((web_returns.wr_item_sk = web_sales_1.ws_item_sk) AND (web_returns.wr_order_number = web_sales_1.ws_order_number))",
                                                          "Plans": [
                                                            {
                                                              "Node Type": "Seq Scan",
                                                              "Parent Relationship": "Outer",
                                                              "Parallel Aware": true,
                                                              "Async Capable": false,
                                                              "Relation Name": "web_returns",
                                                              "Alias": "web_returns",
                                                              "Startup Cost": 0.0,
                                                              "Total Cost": 16278.74,
                                                              "Plan Rows": 299674,
                                                              "Plan Width": 24,
                                                              "parent": 40,
                                                              "ID": 41
                                                            },
                                                            {
                                                              "Node Type": "Hash",
                                                              "Parent Relationship": "Inner",
                                                              "Parallel Aware": true,
                                                              "Async Capable": false,
                                                              "Startup Cost": 217737.86,
                                                              "Total Cost": 217737.86,
                                                              "Plan Rows": 2998986,
                                                              "Plan Width": 12,
                                                              "Plans": [
                                                                {
                                                                  "Node Type": "Seq Scan",
                                                                  "Parent Relationship": "Outer",
                                                                  "Parallel Aware": true,
                                                                  "Async Capable": false,
                                                                  "Relation Name": "web_sales",
                                                                  "Alias": "web_sales_1",
                                                                  "Startup Cost": 0.0,
                                                                  "Total Cost": 217737.86,
                                                                  "Plan Rows": 2998986,
                                                                  "Plan Width": 12,
                                                                  "parent": 42,
                                                                  "ID": 43
                                                                }
                                                              ],
                                                              "parent": 40,
                                                              "ID": 42,
                                                              "left": 43
                                                            }
                                                          ],
                                                          "parent": 39,
                                                          "ID": 40,
                                                          "left": 41,
                                                          "right": 42
                                                        }
                                                      ],
                                                      "parent": 38,
                                                      "ID": 39,
                                                      "left": 40
                                                    },
                                                    {
                                                      "Node Type": "Seq Scan",
                                                      "Parent Relationship": "Member",
                                                      "Parallel Aware": true,
                                                      "Async Capable": false,
                                                      "Relation Name": "web_sales",
                                                      "Alias": "web_sales",
                                                      "Startup Cost": 0.0,
                                                      "Total Cost": 217737.86,
                                                      "Plan Rows": 2998986,
                                                      "Plan Width": 48,
                                                      "parent": 38,
                                                      "ID": 44
                                                    }
                                                  ],
                                                  "parent": 37,
                                                  "ID": 38,
                                                  "left": 39,
                                                  "right": 44
                                                },
                                                {
                                                  "Node Type": "Hash",
                                                  "Parent Relationship": "Inner",
                                                  "Parallel Aware": true,
                                                  "Async Capable": false,
                                                  "Startup Cost": 2049.55,
                                                  "Total Cost": 2049.55,
                                                  "Plan Rows": 8,
                                                  "Plan Width": 4,
                                                  "Plans": [
                                                    {
                                                      "Node Type": "Seq Scan",
                                                      "Parent Relationship": "Outer",
                                                      "Parallel Aware": true,
                                                      "Async Capable": false,
                                                      "Relation Name": "date_dim",
                                                      "Alias": "date_dim_2",
                                                      "Startup Cost": 0.0,
                                                      "Total Cost": 2049.55,
                                                      "Plan Rows": 8,
                                                      "Plan Width": 4,
                                                      "Filter": "((d_date >= '1998-08-12'::date) AND (d_date <= '1998-08-26 00:00:00'::timestamp without time zone))",
                                                      "parent": 45,
                                                      "ID": 46
                                                    }
                                                  ],
                                                  "parent": 37,
                                                  "ID": 45,
                                                  "left": 46
                                                }
                                              ],
                                              "parent": 36,
                                              "ID": 37,
                                              "left": 38,
                                              "right": 45
                                            },
                                            {
                                              "Node Type": "Hash",
                                              "Parent Relationship": "Inner",
                                              "Parallel Aware": false,
                                              "Async Capable": false,
                                              "Startup Cost": 3.42,
                                              "Total Cost": 3.42,
                                              "Plan Rows": 42,
                                              "Plan Width": 21,
                                              "Plans": [
                                                {
                                                  "Node Type": "Seq Scan",
                                                  "Parent Relationship": "Outer",
                                                  "Parallel Aware": false,
                                                  "Async Capable": false,
                                                  "Relation Name": "web_site",
                                                  "Alias": "web_site",
                                                  "Startup Cost": 0.0,
                                                  "Total Cost": 3.42,
                                                  "Plan Rows": 42,
                                                  "Plan Width": 21,
                                                  "parent": 47,
                                                  "ID": 48
                                                }
                                              ],
                                              "parent": 36,
                                              "ID": 47,
                                              "left": 48
                                            }
                                          ],
                                          "parent": 35,
                                          "ID": 36,
                                          "left": 37,
                                          "right": 47
                                        }
                                      ],
                                      "parent": 34,
                                      "ID": 35,
                                      "left": 36
                                    }
                                  ],
                                  "parent": 33,
                                  "ID": 34,
                                  "left": 35
                                }
                              ],
                              "parent": 32,
                              "ID": 33,
                              "left": 34
                            }
                          ],
                          "parent": 31,
                          "ID": 32,
                          "left": 33
                        }
                      ],
                      "parent": 3,
                      "ID": 31,
                      "left": 32
                    }
                  ],
                  "parent": 2,
                  "ID": 3,
                  "left": 4,
                  "right": 18
                }
              ],
              "parent": 1,
              "ID": 2,
              "left": 3
            }
          ],
          "parent": 0,
          "ID": 1,
          "left": 2
        }
      ],
      "parent": null,
      "ID": 0,
      "left": 1
    },
    "feat": {
      "utility": 1.7542147985088129e-06,
      "query_shape": [
        [
          "Seq Scan",
          "Append",
          "Hash Join",
          "Sort",
          "Aggregate",
          "Gather Merge",
          "Subquery Scan"
        ],
        [
          "Seq Scan",
          "Append",
          "Hash Join",
          "Sort",
          "Aggregate",
          "Gather Merge",
          "Subquery Scan"
        ],
        [
          "Seq Scan",
          "Hash",
          "Hash Join",
          "Sort",
          "Aggregate",
          "Gather Merge",
          "Subquery Scan",
          "Append"
        ],
        [
          "Seq Scan",
          "Hash",
          "Hash Join",
          "Sort",
          "Aggregate",
          "Gather Merge",
          "Subquery Scan",
          "Append"
        ],
        [
          "Seq Scan",
          "Append",
          "Hash Join",
          "Sort",
          "Gather Merge",
          "Aggregate",
          "Subquery Scan"
        ],
        [
          "Seq Scan",
          "Append",
          "Hash Join",
          "Sort",
          "Gather Merge",
          "Aggregate",
          "Subquery Scan"
        ],
        [
          "Seq Scan",
          "Hash",
          "Hash Join",
          "Sort",
          "Gather Merge",
          "Aggregate",
          "Subquery Scan",
          "Append"
        ],
        [
          "Seq Scan",
          "Hash",
          "Hash Join",
          "Sort",
          "Gather Merge",
          "Aggregate",
          "Subquery Scan",
          "Append"
        ],
        [
          "Seq Scan",
          "Hash Join",
          "Subquery Scan",
          "Append",
          "Sort",
          "Aggregate",
          "Gather Merge"
        ],
        [
          "Seq Scan",
          "Hash",
          "Hash Join",
          "Subquery Scan",
          "Append",
          "Sort",
          "Aggregate",
          "Gather Merge"
        ],
        [
          "Seq Scan",
          "Append",
          "Hash Join",
          "Sort",
          "Aggregate",
          "Gather Merge",
          "Subquery Scan"
        ],
        [
          "Seq Scan",
          "Hash",
          "Hash Join",
          "Sort",
          "Aggregate",
          "Gather Merge",
          "Subquery Scan",
          "Append"
        ],
        [
          "Seq Scan",
          "Hash",
          "Hash Join",
          "Sort",
          "Aggregate",
          "Gather Merge",
          "Subquery Scan",
          "Append"
        ]
      ],
      "index_shape": [
        "join"
      ],
      "physical_operator": {
        "Hash Join": [
          0.004894947369104387
        ]
      }
    }
  },
  {
    "query": "with ssr as\n (select s_store_id,\n        sum(sales_price) as sales,\n        sum(profit) as profit,\n        sum(return_amt) as returns,\n        sum(net_loss) as profit_loss\n from\n  ( select  ss_store_sk as store_sk,\n            ss_sold_date_sk  as date_sk,\n            ss_ext_sales_price as sales_price,\n            ss_net_profit as profit,\n            cast(0 as decimal(7,2)) as return_amt,\n            cast(0 as decimal(7,2)) as net_loss\n    from store_sales\n    union all\n    select sr_store_sk as store_sk,\n           sr_returned_date_sk as date_sk,\n           cast(0 as decimal(7,2)) as sales_price,\n           cast(0 as decimal(7,2)) as profit,\n           sr_return_amt as return_amt,\n           sr_net_loss as net_loss\n    from store_returns\n   ) salesreturns,\n     date_dim,\n     store\n where date_sk = d_date_sk\n       and d_date between cast('1998-08-12' as date) \n                  and (cast('1998-08-12' as date) +  interval '14 days')\n       and store_sk = s_store_sk\n group by s_store_id)\n ,\n csr as\n (select cp_catalog_page_id,\n        sum(sales_price) as sales,\n        sum(profit) as profit,\n        sum(return_amt) as returns,\n        sum(net_loss) as profit_loss\n from\n  ( select  cs_catalog_page_sk as page_sk,\n            cs_sold_date_sk  as date_sk,\n            cs_ext_sales_price as sales_price,\n            cs_net_profit as profit,\n            cast(0 as decimal(7,2)) as return_amt,\n            cast(0 as decimal(7,2)) as net_loss\n    from catalog_sales\n    union all\n    select cr_catalog_page_sk as page_sk,\n           cr_returned_date_sk as date_sk,\n           cast(0 as decimal(7,2)) as sales_price,\n           cast(0 as decimal(7,2)) as profit,\n           cr_return_amount as return_amt,\n           cr_net_loss as net_loss\n    from catalog_returns\n   ) salesreturns,\n     date_dim,\n     catalog_page\n where date_sk = d_date_sk\n       and d_date between cast('1998-08-12' as date)\n                  and (cast('1998-08-12' as date) +  interval '14 days')\n       and page_sk = cp_catalog_page_sk\n group by cp_catalog_page_id)\n ,\n wsr as\n (select web_site_id,\n        sum(sales_price) as sales,\n        sum(profit) as profit,\n        sum(return_amt) as returns,\n        sum(net_loss) as profit_loss\n from\n  ( select  ws_web_site_sk as wsr_web_site_sk,\n            ws_sold_date_sk  as date_sk,\n            ws_ext_sales_price as sales_price,\n            ws_net_profit as profit,\n            cast(0 as decimal(7,2)) as return_amt,\n            cast(0 as decimal(7,2)) as net_loss\n    from web_sales\n    union all\n    select ws_web_site_sk as wsr_web_site_sk,\n           wr_returned_date_sk as date_sk,\n           cast(0 as decimal(7,2)) as sales_price,\n           cast(0 as decimal(7,2)) as profit,\n           wr_return_amt as return_amt,\n           wr_net_loss as net_loss\n    from web_returns left outer join web_sales on\n         ( wr_item_sk = ws_item_sk\n           and wr_order_number = ws_order_number)\n   ) salesreturns,\n     date_dim,\n     web_site\n where date_sk = d_date_sk\n       and d_date between cast('1998-08-12' as date)\n                  and (cast('1998-08-12' as date) +  interval '14 days')\n       and wsr_web_site_sk = web_site_sk\n group by web_site_id)\n  select  channel\n        , id\n        , sum(sales) as sales\n        , sum(returns) as returns\n        , sum(profit) as profit\n from \n (select 'store channel' as channel\n        , 'store' || s_store_id as id\n        , sales\n        , returns\n        , (profit - profit_loss) as profit\n from   ssr\n union all\n select 'catalog channel' as channel\n        , 'catalog_page' || cp_catalog_page_id as id\n        , sales\n        , returns\n        , (profit - profit_loss) as profit\n from  csr\n union all\n select 'web channel' as channel\n        , 'web_site' || web_site_id as id\n        , sales\n        , returns\n        , (profit - profit_loss) as profit\n from   wsr\n ) x\n group by rollup (channel, id)\n order by channel\n         ,id\n limit 100;\n\n-- end query 3 in stream 0 using template query5.tpl\n",
    "indexes": "store_sales.ss_store_sk",
    "wo plan est": {
      "Node Type": "Limit",
      "Parallel Aware": false,
      "Async Capable": false,
      "Startup Cost": 1940046.82,
      "Total Cost": 1940047.07,
      "Plan Rows": 100,
      "Plan Width": 160,
      "Plans": [
        {
          "Node Type": "Sort",
          "Parent Relationship": "Outer",
          "Parallel Aware": false,
          "Async Capable": false,
          "Startup Cost": 1940046.82,
          "Total Cost": 1940048.1,
          "Plan Rows": 512,
          "Plan Width": 160,
          "Sort Key": [
            "('store channel'::text)",
            "(('store'::text || (ssr.s_store_id)::text))"
          ],
          "Plans": [
            {
              "Node Type": "Aggregate",
              "Strategy": "Mixed",
              "Partial Mode": "Simple",
              "Parent Relationship": "Outer",
              "Parallel Aware": false,
              "Async Capable": false,
              "Startup Cost": 815451.97,
              "Total Cost": 1940027.26,
              "Plan Rows": 512,
              "Plan Width": 160,
              "Grouping Sets": [
                {
                  "Hash Keys": [
                    [
                      "('store channel'::text)",
                      "(('store'::text || (ssr.s_store_id)::text))"
                    ]
                  ]
                },
                {
                  "Hash Keys": [
                    [
                      "('store channel'::text)"
                    ]
                  ]
                },
                {
                  "Group Keys": [
                    []
                  ]
                }
              ],
              "Planned Partitions": 0,
              "Plans": [
                {
                  "Node Type": "Append",
                  "Parent Relationship": "Outer",
                  "Parallel Aware": false,
                  "Async Capable": false,
                  "Startup Cost": 815451.97,
                  "Total Cost": 1939925.06,
                  "Plan Rows": 3108,
                  "Plan Width": 160,
                  "Subplans Removed": 0,
                  "Plans": [
                    {
                      "Node Type": "Subquery Scan",
                      "Parent Relationship": "Member",
                      "Parallel Aware": false,
                      "Async Capable": false,
                      "Alias": "ssr",
                      "Startup Cost": 815451.97,
                      "Total Cost": 815488.32,
                      "Plan Rows": 51,
                      "Plan Width": 160,
                      "Plans": [
                        {
                          "Node Type": "Aggregate",
                          "Strategy": "Sorted",
                          "Partial Mode": "Finalize",
                          "Parent Relationship": "Subquery",
                          "Parallel Aware": false,
                          "Async Capable": false,
                          "Startup Cost": 815451.97,
                          "Total Cost": 815487.43,
                          "Plan Rows": 51,
                          "Plan Width": 145,
                          "Group Key": [
                            "store.s_store_id"
                          ],
                          "Plans": [
                            {
                              "Node Type": "Gather Merge",
                              "Parent Relationship": "Outer",
                              "Parallel Aware": false,
                              "Async Capable": false,
                              "Startup Cost": 815451.97,
                              "Total Cost": 815484.12,
                              "Plan Rows": 102,
                              "Plan Width": 145,
                              "Workers Planned": 2,
                              "Plans": [
                                {
                                  "Node Type": "Aggregate",
                                  "Strategy": "Sorted",
                                  "Partial Mode": "Partial",
                                  "Parent Relationship": "Outer",
                                  "Parallel Aware": false,
                                  "Async Capable": false,
                                  "Startup Cost": 814451.95,
                                  "Total Cost": 814472.32,
                                  "Plan Rows": 51,
                                  "Plan Width": 145,
                                  "Group Key": [
                                    "store.s_store_id"
                                  ],
                                  "Plans": [
                                    {
                                      "Node Type": "Sort",
                                      "Parent Relationship": "Outer",
                                      "Parallel Aware": false,
                                      "Async Capable": false,
                                      "Startup Cost": 814451.95,
                                      "Total Cost": 814455.17,
                                      "Plan Rows": 1290,
                                      "Plan Width": 57,
                                      "Sort Key": [
                                        "store.s_store_id"
                                      ],
                                      "Plans": [
                                        {
                                          "Node Type": "Hash Join",
                                          "Parent Relationship": "Outer",
                                          "Parallel Aware": false,
                                          "Async Capable": false,
                                          "Join Type": "Inner",
                                          "Startup Cost": 2056.95,
                                          "Total Cost": 814385.3,
                                          "Plan Rows": 1290,
                                          "Plan Width": 57,
                                          "Inner Unique": false,
                                          "Hash Cond": "(store_sales.ss_store_sk = store.s_store_sk)",
                                          "Plans": [
                                            {
                                              "Node Type": "Hash Join",
                                              "Parent Relationship": "Outer",
                                              "Parallel Aware": true,
                                              "Async Capable": false,
                                              "Join Type": "Inner",
                                              "Startup Cost": 2049.65,
                                              "Total Cost": 814355.62,
                                              "Plan Rows": 2530,
                                              "Plan Width": 44,
                                              "Inner Unique": false,
                                              "Hash Cond": "(store_sales.ss_sold_date_sk = date_dim.d_date_sk)",
                                              "Plans": [
                                                {
                                                  "Node Type": "Append",
                                                  "Parent Relationship": "Outer",
                                                  "Parallel Aware": true,
                                                  "Async Capable": false,
                                                  "Startup Cost": 0.0,
                                                  "Total Cost": 762796.01,
                                                  "Plan Rows": 13198801,
                                                  "Plan Width": 48,
                                                  "Subplans Removed": 0,
                                                  "Plans": [
                                                    {
                                                      "Node Type": "Seq Scan",
                                                      "Parent Relationship": "Member",
                                                      "Parallel Aware": true,
                                                      "Async Capable": false,
                                                      "Relation Name": "store_sales",
                                                      "Alias": "store_sales",
                                                      "Startup Cost": 0.0,
                                                      "Total Cost": 636914.37,
                                                      "Plan Rows": 12000637,
                                                      "Plan Width": 48,
                                                      "parent": 11,
                                                      "ID": 12
                                                    },
                                                    {
                                                      "Node Type": "Seq Scan",
                                                      "Parent Relationship": "Member",
                                                      "Parallel Aware": true,
                                                      "Async Capable": false,
                                                      "Relation Name": "store_returns",
                                                      "Alias": "store_returns",
                                                      "Startup Cost": 0.0,
                                                      "Total Cost": 59887.64,
                                                      "Plan Rows": 1198164,
                                                      "Plan Width": 48,
                                                      "parent": 11,
                                                      "ID": 13
                                                    }
                                                  ],
                                                  "parent": 10,
                                                  "ID": 11,
                                                  "left": 12,
                                                  "right": 13
                                                },
                                                {
                                                  "Node Type": "Hash",
                                                  "Parent Relationship": "Inner",
                                                  "Parallel Aware": true,
                                                  "Async Capable": false,
                                                  "Startup Cost": 2049.55,
                                                  "Total Cost": 2049.55,
                                                  "Plan Rows": 8,
                                                  "Plan Width": 4,
                                                  "Plans": [
                                                    {
                                                      "Node Type": "Seq Scan",
                                                      "Parent Relationship": "Outer",
                                                      "Parallel Aware": true,
                                                      "Async Capable": false,
                                                      "Relation Name": "date_dim",
                                                      "Alias": "date_dim",
                                                      "Startup Cost": 0.0,
                                                      "Total Cost": 2049.55,
                                                      "Plan Rows": 8,
                                                      "Plan Width": 4,
                                                      "Filter": "((d_date >= '1998-08-12'::date) AND (d_date <= '1998-08-26 00:00:00'::timestamp without time zone))",
                                                      "parent": 14,
                                                      "ID": 15
                                                    }
                                                  ],
                                                  "parent": 10,
                                                  "ID": 14,
                                                  "left": 15
                                                }
                                              ],
                                              "parent": 9,
                                              "ID": 10,
                                              "left": 11,
                                              "right": 14
                                            },
                                            {
                                              "Node Type": "Hash",
                                              "Parent Relationship": "Inner",
                                              "Parallel Aware": false,
                                              "Async Capable": false,
                                              "Startup Cost": 6.02,
                                              "Total Cost": 6.02,
                                              "Plan Rows": 102,
                                              "Plan Width": 21,
                                              "Plans": [
                                                {
                                                  "Node Type": "Seq Scan",
                                                  "Parent Relationship": "Outer",
                                                  "Parallel Aware": false,
                                                  "Async Capable": false,
                                                  "Relation Name": "store",
                                                  "Alias": "store",
                                                  "Startup Cost": 0.0,
                                                  "Total Cost": 6.02,
                                                  "Plan Rows": 102,
                                                  "Plan Width": 21,
                                                  "parent": 16,
                                                  "ID": 17
                                                }
                                              ],
                                              "parent": 9,
                                              "ID": 16,
                                              "left": 17
                                            }
                                          ],
                                          "parent": 8,
                                          "ID": 9,
                                          "left": 10,
                                          "right": 16
                                        }
                                      ],
                                      "parent": 7,
                                      "ID": 8,
                                      "left": 9
                                    }
                                  ],
                                  "parent": 6,
                                  "ID": 7,
                                  "left": 8
                                }
                              ],
                              "parent": 5,
                              "ID": 6,
                              "left": 7
                            }
                          ],
                          "parent": 4,
                          "ID": 5,
                          "left": 6
                        }
                      ],
                      "parent": 3,
                      "ID": 4,
                      "left": 5
                    },
                    {
                      "Node Type": "Subquery Scan",
                      "Parent Relationship": "Member",
                      "Parallel Aware": false,
                      "Async Capable": false,
                      "Alias": "csr",
                      "Startup Cost": 529848.36,
                      "Total Cost": 530353.75,
                      "Plan Rows": 3036,
                      "Plan Width": 160,
                      "Plans": [
                        {
                          "Node Type": "Aggregate",
                          "Strategy": "Sorted",
                          "Partial Mode": "Simple",
                          "Parent Relationship": "Subquery",
                          "Parallel Aware": false,
                          "Async Capable": false,
                          "Startup Cost": 529848.36,
                          "Total Cost": 530300.62,
                          "Plan Rows": 3036,
                          "Plan Width": 145,
                          "Group Key": [
                            "catalog_page.cp_catalog_page_id"
                          ],
                          "Plans": [
                            {
                              "Node Type": "Gather Merge",
                              "Parent Relationship": "Outer",
                              "Parallel Aware": false,
                              "Async Capable": false,
                              "Startup Cost": 529848.36,
                              "Total Cost": 530201.95,
                              "Plan Rows": 3036,
                              "Plan Width": 57,
                              "Workers Planned": 2,
                              "Plans": [
                                {
                                  "Node Type": "Sort",
                                  "Parent Relationship": "Outer",
                                  "Parallel Aware": false,
                                  "Async Capable": false,
                                  "Startup Cost": 528848.34,
                                  "Total Cost": 528851.5,
                                  "Plan Rows": 1265,
                                  "Plan Width": 57,
                                  "Sort Key": [
                                    "catalog_page.cp_catalog_page_id"
                                  ],
                                  "Plans": [
                                    {
                                      "Node Type": "Hash Join",
                                      "Parent Relationship": "Outer",
                                      "Parallel Aware": false,
                                      "Async Capable": false,
                                      "Join Type": "Inner",
                                      "Startup Cost": 2567.65,
                                      "Total Cost": 528783.16,
                                      "Plan Rows": 1265,
                                      "Plan Width": 57,
                                      "Inner Unique": false,
                                      "Hash Cond": "(catalog_sales.cs_catalog_page_sk = catalog_page.cp_catalog_page_sk)",
                                      "Plans": [
                                        {
                                          "Node Type": "Hash Join",
                                          "Parent Relationship": "Outer",
                                          "Parallel Aware": true,
                                          "Async Capable": false,
                                          "Join Type": "Inner",
                                          "Startup Cost": 2049.65,
                                          "Total Cost": 528247.76,
                                          "Plan Rows": 1265,
                                          "Plan Width": 44,
                                          "Inner Unique": false,
                                          "Hash Cond": "(catalog_sales.cs_sold_date_sk = date_dim_1.d_date_sk)",
                                          "Plans": [
                                            {
                                              "Node Type": "Append",
                                              "Parent Relationship": "Outer",
                                              "Parallel Aware": true,
                                              "Async Capable": false,
                                              "Startup Cost": 0.0,
                                              "Total Cost": 501439.31,
                                              "Plan Rows": 6600420,
                                              "Plan Width": 48,
                                              "Subplans Removed": 0,
                                              "Plans": [
                                                {
                                                  "Node Type": "Seq Scan",
                                                  "Parent Relationship": "Member",
                                                  "Parallel Aware": true,
                                                  "Async Capable": false,
                                                  "Relation Name": "catalog_sales",
                                                  "Alias": "catalog_sales",
                                                  "Startup Cost": 0.0,
                                                  "Total Cost": 433688.25,
                                                  "Plan Rows": 6000525,
                                                  "Plan Width": 48,
                                                  "parent": 24,
                                                  "ID": 25
                                                },
                                                {
                                                  "Node Type": "Seq Scan",
                                                  "Parent Relationship": "Member",
                                                  "Parallel Aware": true,
                                                  "Async Capable": false,
                                                  "Relation Name": "catalog_returns",
                                                  "Alias": "catalog_returns",
                                                  "Startup Cost": 0.0,
                                                  "Total Cost": 34748.95,
                                                  "Plan Rows": 599895,
                                                  "Plan Width": 48,
                                                  "parent": 24,
                                                  "ID": 26
                                                }
                                              ],
                                              "parent": 23,
                                              "ID": 24,
                                              "left": 25,
                                              "right": 26
                                            },
                                            {
                                              "Node Type": "Hash",
                                              "Parent Relationship": "Inner",
                                              "Parallel Aware": true,
                                              "Async Capable": false,
                                              "Startup Cost": 2049.55,
                                              "Total Cost": 2049.55,
                                              "Plan Rows": 8,
                                              "Plan Width": 4,
                                              "Plans": [
                                                {
                                                  "Node Type": "Seq Scan",
                                                  "Parent Relationship": "Outer",
                                                  "Parallel Aware": true,
                                                  "Async Capable": false,
                                                  "Relation Name": "date_dim",
                                                  "Alias": "date_dim_1",
                                                  "Startup Cost": 0.0,
                                                  "Total Cost": 2049.55,
                                                  "Plan Rows": 8,
                                                  "Plan Width": 4,
                                                  "Filter": "((d_date >= '1998-08-12'::date) AND (d_date <= '1998-08-26 00:00:00'::timestamp without time zone))",
                                                  "parent": 27,
                                                  "ID": 28
                                                }
                                              ],
                                              "parent": 23,
                                              "ID": 27,
                                              "left": 28
                                            }
                                          ],
                                          "parent": 22,
                                          "ID": 23,
                                          "left": 24,
                                          "right": 27
                                        },
                                        {
                                          "Node Type": "Hash",
                                          "Parent Relationship": "Inner",
                                          "Parallel Aware": false,
                                          "Async Capable": false,
                                          "Startup Cost": 368.0,
                                          "Total Cost": 368.0,
                                          "Plan Rows": 12000,
                                          "Plan Width": 21,
                                          "Plans": [
                                            {
                                              "Node Type": "Seq Scan",
                                              "Parent Relationship": "Outer",
                                              "Parallel Aware": false,
                                              "Async Capable": false,
                                              "Relation Name": "catalog_page",
                                              "Alias": "catalog_page",
                                              "Startup Cost": 0.0,
                                              "Total Cost": 368.0,
                                              "Plan Rows": 12000,
                                              "Plan Width": 21,
                                              "parent": 29,
                                              "ID": 30
                                            }
                                          ],
                                          "parent": 22,
                                          "ID": 29,
                                          "left": 30
                                        }
                                      ],
                                      "parent": 21,
                                      "ID": 22,
                                      "left": 23,
                                      "right": 29
                                    }
                                  ],
                                  "parent": 20,
                                  "ID": 21,
                                  "left": 22
                                }
                              ],
                              "parent": 19,
                              "ID": 20,
                              "left": 21
                            }
                          ],
                          "parent": 18,
                          "ID": 19,
                          "left": 20
                        }
                      ],
                      "parent": 3,
                      "ID": 18,
                      "left": 19
                    },
                    {
                      "Node Type": "Subquery Scan",
                      "Parent Relationship": "Member",
                      "Parallel Aware": false,
                      "Async Capable": false,
                      "Alias": "wsr",
                      "Startup Cost": 594058.45,
                      "Total Cost": 594067.44,
                      "Plan Rows": 21,
                      "Plan Width": 160,
                      "Plans": [
                        {
                          "Node Type": "Aggregate",
                          "Strategy": "Sorted",
                          "Partial Mode": "Finalize",
                          "Parent Relationship": "Subquery",
                          "Parallel Aware": false,
                          "Async Capable": false,
                          "Startup Cost": 594058.45,
                          "Total Cost": 594067.07,
                          "Plan Rows": 21,
                          "Plan Width": 145,
                          "Group Key": [
                            "web_site.web_site_id"
                          ],
                          "Plans": [
                            {
                              "Node Type": "Gather Merge",
                              "Parent Relationship": "Outer",
                              "Parallel Aware": false,
                              "Async Capable": false,
                              "Startup Cost": 594058.45,
                              "Total Cost": 594065.71,
                              "Plan Rows": 42,
                              "Plan Width": 145,
                              "Workers Planned": 2,
                              "Plans": [
                                {
                                  "Node Type": "Aggregate",
                                  "Strategy": "Sorted",
                                  "Partial Mode": "Partial",
                                  "Parent Relationship": "Outer",
                                  "Parallel Aware": false,
                                  "Async Capable": false,
                                  "Startup Cost": 593058.42,
                                  "Total Cost": 593060.84,
                                  "Plan Rows": 21,
                                  "Plan Width": 145,
                                  "Group Key": [
                                    "web_site.web_site_id"
                                  ],
                                  "Plans": [
                                    {
                                      "Node Type": "Sort",
                                      "Parent Relationship": "Outer",
                                      "Parallel Aware": false,
                                      "Async Capable": false,
                                      "Startup Cost": 593058.42,
                                      "Total Cost": 593058.75,
                                      "Plan Rows": 133,
                                      "Plan Width": 57,
                                      "Sort Key": [
                                        "web_site.web_site_id"
                                      ],
                                      "Plans": [
                                        {
                                          "Node Type": "Hash Join",
                                          "Parent Relationship": "Outer",
                                          "Parallel Aware": false,
                                          "Async Capable": false,
                                          "Join Type": "Inner",
                                          "Startup Cost": 2053.6,
                                          "Total Cost": 593053.73,
                                          "Plan Rows": 133,
                                          "Plan Width": 57,
                                          "Inner Unique": false,
                                          "Hash Cond": "(\"*SELECT* 2\".wsr_web_site_sk = web_site.web_site_sk)",
                                          "Plans": [
                                            {
                                              "Node Type": "Hash Join",
                                              "Parent Relationship": "Outer",
                                              "Parallel Aware": true,
                                              "Async Capable": false,
                                              "Join Type": "Inner",
                                              "Startup Cost": 2049.65,
                                              "Total Cost": 593046.09,
                                              "Plan Rows": 632,
                                              "Plan Width": 44,
                                              "Inner Unique": false,
                                              "Hash Cond": "(\"*SELECT* 2\".date_sk = date_dim_2.d_date_sk)",
                                              "Plans": [
                                                {
                                                  "Node Type": "Append",
                                                  "Parent Relationship": "Outer",
                                                  "Parallel Aware": true,
                                                  "Async Capable": false,
                                                  "Startup Cost": 0.0,
                                                  "Total Cost": 577049.1,
                                                  "Plan Rows": 3718203,
                                                  "Plan Width": 48,
                                                  "Subplans Removed": 0,
                                                  "Plans": [
                                                    {
                                                      "Node Type": "Subquery Scan",
                                                      "Parent Relationship": "Member",
                                                      "Parallel Aware": false,
                                                      "Async Capable": false,
                                                      "Alias": "*SELECT* 2",
                                                      "Startup Cost": 277366.65,
                                                      "Total Cost": 340720.23,
                                                      "Plan Rows": 719217,
                                                      "Plan Width": 48,
                                                      "Plans": [
                                                        {
                                                          "Node Type": "Hash Join",
                                                          "Parent Relationship": "Subquery",
                                                          "Parallel Aware": true,
                                                          "Async Capable": false,
                                                          "Join Type": "Left",
                                                          "Startup Cost": 277366.65,
                                                          "Total Cost": 333528.06,
                                                          "Plan Rows": 299674,
                                                          "Plan Width": 48,
                                                          "Inner Unique": false,
                                                          "Hash Cond": "((web_returns.wr_item_sk = web_sales_1.ws_item_sk) AND (web_returns.wr_order_number = web_sales_1.ws_order_number))",
                                                          "Plans": [
                                                            {
                                                              "Node Type": "Seq Scan",
                                                              "Parent Relationship": "Outer",
                                                              "Parallel Aware": true,
                                                              "Async Capable": false,
                                                              "Relation Name": "web_returns",
                                                              "Alias": "web_returns",
                                                              "Startup Cost": 0.0,
                                                              "Total Cost": 16278.74,
                                                              "Plan Rows": 299674,
                                                              "Plan Width": 24,
                                                              "parent": 40,
                                                              "ID": 41
                                                            },
                                                            {
                                                              "Node Type": "Hash",
                                                              "Parent Relationship": "Inner",
                                                              "Parallel Aware": true,
                                                              "Async Capable": false,
                                                              "Startup Cost": 217737.86,
                                                              "Total Cost": 217737.86,
                                                              "Plan Rows": 2998986,
                                                              "Plan Width": 12,
                                                              "Plans": [
                                                                {
                                                                  "Node Type": "Seq Scan",
                                                                  "Parent Relationship": "Outer",
                                                                  "Parallel Aware": true,
                                                                  "Async Capable": false,
                                                                  "Relation Name": "web_sales",
                                                                  "Alias": "web_sales_1",
                                                                  "Startup Cost": 0.0,
                                                                  "Total Cost": 217737.86,
                                                                  "Plan Rows": 2998986,
                                                                  "Plan Width": 12,
                                                                  "parent": 42,
                                                                  "ID": 43
                                                                }
                                                              ],
                                                              "parent": 40,
                                                              "ID": 42,
                                                              "left": 43
                                                            }
                                                          ],
                                                          "parent": 39,
                                                          "ID": 40,
                                                          "left": 41,
                                                          "right": 42
                                                        }
                                                      ],
                                                      "parent": 38,
                                                      "ID": 39,
                                                      "left": 40
                                                    },
                                                    {
                                                      "Node Type": "Seq Scan",
                                                      "Parent Relationship": "Member",
                                                      "Parallel Aware": true,
                                                      "Async Capable": false,
                                                      "Relation Name": "web_sales",
                                                      "Alias": "web_sales",
                                                      "Startup Cost": 0.0,
                                                      "Total Cost": 217737.86,
                                                      "Plan Rows": 2998986,
                                                      "Plan Width": 48,
                                                      "parent": 38,
                                                      "ID": 44
                                                    }
                                                  ],
                                                  "parent": 37,
                                                  "ID": 38,
                                                  "left": 39,
                                                  "right": 44
                                                },
                                                {
                                                  "Node Type": "Hash",
                                                  "Parent Relationship": "Inner",
                                                  "Parallel Aware": true,
                                                  "Async Capable": false,
                                                  "Startup Cost": 2049.55,
                                                  "Total Cost": 2049.55,
                                                  "Plan Rows": 8,
                                                  "Plan Width": 4,
                                                  "Plans": [
                                                    {
                                                      "Node Type": "Seq Scan",
                                                      "Parent Relationship": "Outer",
                                                      "Parallel Aware": true,
                                                      "Async Capable": false,
                                                      "Relation Name": "date_dim",
                                                      "Alias": "date_dim_2",
                                                      "Startup Cost": 0.0,
                                                      "Total Cost": 2049.55,
                                                      "Plan Rows": 8,
                                                      "Plan Width": 4,
                                                      "Filter": "((d_date >= '1998-08-12'::date) AND (d_date <= '1998-08-26 00:00:00'::timestamp without time zone))",
                                                      "parent": 45,
                                                      "ID": 46
                                                    }
                                                  ],
                                                  "parent": 37,
                                                  "ID": 45,
                                                  "left": 46
                                                }
                                              ],
                                              "parent": 36,
                                              "ID": 37,
                                              "left": 38,
                                              "right": 45
                                            },
                                            {
                                              "Node Type": "Hash",
                                              "Parent Relationship": "Inner",
                                              "Parallel Aware": false,
                                              "Async Capable": false,
                                              "Startup Cost": 3.42,
                                              "Total Cost": 3.42,
                                              "Plan Rows": 42,
                                              "Plan Width": 21,
                                              "Plans": [
                                                {
                                                  "Node Type": "Seq Scan",
                                                  "Parent Relationship": "Outer",
                                                  "Parallel Aware": false,
                                                  "Async Capable": false,
                                                  "Relation Name": "web_site",
                                                  "Alias": "web_site",
                                                  "Startup Cost": 0.0,
                                                  "Total Cost": 3.42,
                                                  "Plan Rows": 42,
                                                  "Plan Width": 21,
                                                  "parent": 47,
                                                  "ID": 48
                                                }
                                              ],
                                              "parent": 36,
                                              "ID": 47,
                                              "left": 48
                                            }
                                          ],
                                          "parent": 35,
                                          "ID": 36,
                                          "left": 37,
                                          "right": 47
                                        }
                                      ],
                                      "parent": 34,
                                      "ID": 35,
                                      "left": 36
                                    }
                                  ],
                                  "parent": 33,
                                  "ID": 34,
                                  "left": 35
                                }
                              ],
                              "parent": 32,
                              "ID": 33,
                              "left": 34
                            }
                          ],
                          "parent": 31,
                          "ID": 32,
                          "left": 33
                        }
                      ],
                      "parent": 3,
                      "ID": 31,
                      "left": 32
                    }
                  ],
                  "parent": 2,
                  "ID": 3,
                  "left": 4,
                  "right": 18
                }
              ],
              "parent": 1,
              "ID": 2,
              "left": 3
            }
          ],
          "parent": 0,
          "ID": 1,
          "left": 2
        }
      ],
      "parent": null,
      "ID": 0,
      "left": 1
    },
    "feat": {
      "utility": 1.6382064357636127e-06,
      "query_shape": [
        [
          "Seq Scan",
          "Append",
          "Hash Join",
          "Sort",
          "Aggregate",
          "Gather Merge",
          "Subquery Scan"
        ],
        [
          "Seq Scan",
          "Append",
          "Hash Join",
          "Sort",
          "Aggregate",
          "Gather Merge",
          "Subquery Scan"
        ],
        [
          "Seq Scan",
          "Hash",
          "Hash Join",
          "Sort",
          "Aggregate",
          "Gather Merge",
          "Subquery Scan",
          "Append"
        ],
        [
          "Seq Scan",
          "Hash",
          "Hash Join",
          "Sort",
          "Aggregate",
          "Gather Merge",
          "Subquery Scan",
          "Append"
        ],
        [
          "Seq Scan",
          "Append",
          "Hash Join",
          "Sort",
          "Gather Merge",
          "Aggregate",
          "Subquery Scan"
        ],
        [
          "Seq Scan",
          "Append",
          "Hash Join",
          "Sort",
          "Gather Merge",
          "Aggregate",
          "Subquery Scan"
        ],
        [
          "Seq Scan",
          "Hash",
          "Hash Join",
          "Sort",
          "Gather Merge",
          "Aggregate",
          "Subquery Scan",
          "Append"
        ],
        [
          "Seq Scan",
          "Hash",
          "Hash Join",
          "Sort",
          "Gather Merge",
          "Aggregate",
          "Subquery Scan",
          "Append"
        ],
        [
          "Seq Scan",
          "Hash Join",
          "Subquery Scan",
          "Append",
          "Sort",
          "Aggregate",
          "Gather Merge"
        ],
        [
          "Seq Scan",
          "Hash",
          "Hash Join",
          "Subquery Scan",
          "Append",
          "Sort",
          "Aggregate",
          "Gather Merge"
        ],
        [
          "Seq Scan",
          "Append",
          "Hash Join",
          "Sort",
          "Aggregate",
          "Gather Merge",
          "Subquery Scan"
        ],
        [
          "Seq Scan",
          "Hash",
          "Hash Join",
          "Sort",
          "Aggregate",
          "Gather Merge",
          "Subquery Scan",
          "Append"
        ],
        [
          "Seq Scan",
          "Hash",
          "Hash Join",
          "Sort",
          "Aggregate",
          "Gather Merge",
          "Subquery Scan",
          "Append"
        ]
      ],
      "index_shape": [
        "join"
      ],
      "physical_operator": {
        "Hash Join": [
          0.07070245738060237
        ]
      }
    }
  },
  {
    "query": "with ssr as\n (select s_store_id,\n        sum(sales_price) as sales,\n        sum(profit) as profit,\n        sum(return_amt) as returns,\n        sum(net_loss) as profit_loss\n from\n  ( select  ss_store_sk as store_sk,\n            ss_sold_date_sk  as date_sk,\n            ss_ext_sales_price as sales_price,\n            ss_net_profit as profit,\n            cast(0 as decimal(7,2)) as return_amt,\n            cast(0 as decimal(7,2)) as net_loss\n    from store_sales\n    union all\n    select sr_store_sk as store_sk,\n           sr_returned_date_sk as date_sk,\n           cast(0 as decimal(7,2)) as sales_price,\n           cast(0 as decimal(7,2)) as profit,\n           sr_return_amt as return_amt,\n           sr_net_loss as net_loss\n    from store_returns\n   ) salesreturns,\n     date_dim,\n     store\n where date_sk = d_date_sk\n       and d_date between cast('1998-08-12' as date) \n                  and (cast('1998-08-12' as date) +  interval '14 days')\n       and store_sk = s_store_sk\n group by s_store_id)\n ,\n csr as\n (select cp_catalog_page_id,\n        sum(sales_price) as sales,\n        sum(profit) as profit,\n        sum(return_amt) as returns,\n        sum(net_loss) as profit_loss\n from\n  ( select  cs_catalog_page_sk as page_sk,\n            cs_sold_date_sk  as date_sk,\n            cs_ext_sales_price as sales_price,\n            cs_net_profit as profit,\n            cast(0 as decimal(7,2)) as return_amt,\n            cast(0 as decimal(7,2)) as net_loss\n    from catalog_sales\n    union all\n    select cr_catalog_page_sk as page_sk,\n           cr_returned_date_sk as date_sk,\n           cast(0 as decimal(7,2)) as sales_price,\n           cast(0 as decimal(7,2)) as profit,\n           cr_return_amount as return_amt,\n           cr_net_loss as net_loss\n    from catalog_returns\n   ) salesreturns,\n     date_dim,\n     catalog_page\n where date_sk = d_date_sk\n       and d_date between cast('1998-08-12' as date)\n                  and (cast('1998-08-12' as date) +  interval '14 days')\n       and page_sk = cp_catalog_page_sk\n group by cp_catalog_page_id)\n ,\n wsr as\n (select web_site_id,\n        sum(sales_price) as sales,\n        sum(profit) as profit,\n        sum(return_amt) as returns,\n        sum(net_loss) as profit_loss\n from\n  ( select  ws_web_site_sk as wsr_web_site_sk,\n            ws_sold_date_sk  as date_sk,\n            ws_ext_sales_price as sales_price,\n            ws_net_profit as profit,\n            cast(0 as decimal(7,2)) as return_amt,\n            cast(0 as decimal(7,2)) as net_loss\n    from web_sales\n    union all\n    select ws_web_site_sk as wsr_web_site_sk,\n           wr_returned_date_sk as date_sk,\n           cast(0 as decimal(7,2)) as sales_price,\n           cast(0 as decimal(7,2)) as profit,\n           wr_return_amt as return_amt,\n           wr_net_loss as net_loss\n    from web_returns left outer join web_sales on\n         ( wr_item_sk = ws_item_sk\n           and wr_order_number = ws_order_number)\n   ) salesreturns,\n     date_dim,\n     web_site\n where date_sk = d_date_sk\n       and d_date between cast('1998-08-12' as date)\n                  and (cast('1998-08-12' as date) +  interval '14 days')\n       and wsr_web_site_sk = web_site_sk\n group by web_site_id)\n  select  channel\n        , id\n        , sum(sales) as sales\n        , sum(returns) as returns\n        , sum(profit) as profit\n from \n (select 'store channel' as channel\n        , 'store' || s_store_id as id\n        , sales\n        , returns\n        , (profit - profit_loss) as profit\n from   ssr\n union all\n select 'catalog channel' as channel\n        , 'catalog_page' || cp_catalog_page_id as id\n        , sales\n        , returns\n        , (profit - profit_loss) as profit\n from  csr\n union all\n select 'web channel' as channel\n        , 'web_site' || web_site_id as id\n        , sales\n        , returns\n        , (profit - profit_loss) as profit\n from   wsr\n ) x\n group by rollup (channel, id)\n order by channel\n         ,id\n limit 100;\n\n-- end query 3 in stream 0 using template query5.tpl\n",
    "indexes": "store_sales.ss_ext_sales_price",
    "wo plan est": {
      "Node Type": "Limit",
      "Parallel Aware": false,
      "Async Capable": false,
      "Startup Cost": 1940046.82,
      "Total Cost": 1940047.07,
      "Plan Rows": 100,
      "Plan Width": 160,
      "Plans": [
        {
          "Node Type": "Sort",
          "Parent Relationship": "Outer",
          "Parallel Aware": false,
          "Async Capable": false,
          "Startup Cost": 1940046.82,
          "Total Cost": 1940048.1,
          "Plan Rows": 512,
          "Plan Width": 160,
          "Sort Key": [
            "('store channel'::text)",
            "(('store'::text || (ssr.s_store_id)::text))"
          ],
          "Plans": [
            {
              "Node Type": "Aggregate",
              "Strategy": "Mixed",
              "Partial Mode": "Simple",
              "Parent Relationship": "Outer",
              "Parallel Aware": false,
              "Async Capable": false,
              "Startup Cost": 815451.97,
              "Total Cost": 1940027.26,
              "Plan Rows": 512,
              "Plan Width": 160,
              "Grouping Sets": [
                {
                  "Hash Keys": [
                    [
                      "('store channel'::text)",
                      "(('store'::text || (ssr.s_store_id)::text))"
                    ]
                  ]
                },
                {
                  "Hash Keys": [
                    [
                      "('store channel'::text)"
                    ]
                  ]
                },
                {
                  "Group Keys": [
                    []
                  ]
                }
              ],
              "Planned Partitions": 0,
              "Plans": [
                {
                  "Node Type": "Append",
                  "Parent Relationship": "Outer",
                  "Parallel Aware": false,
                  "Async Capable": false,
                  "Startup Cost": 815451.97,
                  "Total Cost": 1939925.06,
                  "Plan Rows": 3108,
                  "Plan Width": 160,
                  "Subplans Removed": 0,
                  "Plans": [
                    {
                      "Node Type": "Subquery Scan",
                      "Parent Relationship": "Member",
                      "Parallel Aware": false,
                      "Async Capable": false,
                      "Alias": "ssr",
                      "Startup Cost": 815451.97,
                      "Total Cost": 815488.32,
                      "Plan Rows": 51,
                      "Plan Width": 160,
                      "Plans": [
                        {
                          "Node Type": "Aggregate",
                          "Strategy": "Sorted",
                          "Partial Mode": "Finalize",
                          "Parent Relationship": "Subquery",
                          "Parallel Aware": false,
                          "Async Capable": false,
                          "Startup Cost": 815451.97,
                          "Total Cost": 815487.43,
                          "Plan Rows": 51,
                          "Plan Width": 145,
                          "Group Key": [
                            "store.s_store_id"
                          ],
                          "Plans": [
                            {
                              "Node Type": "Gather Merge",
                              "Parent Relationship": "Outer",
                              "Parallel Aware": false,
                              "Async Capable": false,
                              "Startup Cost": 815451.97,
                              "Total Cost": 815484.12,
                              "Plan Rows": 102,
                              "Plan Width": 145,
                              "Workers Planned": 2,
                              "Plans": [
                                {
                                  "Node Type": "Aggregate",
                                  "Strategy": "Sorted",
                                  "Partial Mode": "Partial",
                                  "Parent Relationship": "Outer",
                                  "Parallel Aware": false,
                                  "Async Capable": false,
                                  "Startup Cost": 814451.95,
                                  "Total Cost": 814472.32,
                                  "Plan Rows": 51,
                                  "Plan Width": 145,
                                  "Group Key": [
                                    "store.s_store_id"
                                  ],
                                  "Plans": [
                                    {
                                      "Node Type": "Sort",
                                      "Parent Relationship": "Outer",
                                      "Parallel Aware": false,
                                      "Async Capable": false,
                                      "Startup Cost": 814451.95,
                                      "Total Cost": 814455.17,
                                      "Plan Rows": 1290,
                                      "Plan Width": 57,
                                      "Sort Key": [
                                        "store.s_store_id"
                                      ],
                                      "Plans": [
                                        {
                                          "Node Type": "Hash Join",
                                          "Parent Relationship": "Outer",
                                          "Parallel Aware": false,
                                          "Async Capable": false,
                                          "Join Type": "Inner",
                                          "Startup Cost": 2056.95,
                                          "Total Cost": 814385.3,
                                          "Plan Rows": 1290,
                                          "Plan Width": 57,
                                          "Inner Unique": false,
                                          "Hash Cond": "(store_sales.ss_store_sk = store.s_store_sk)",
                                          "Plans": [
                                            {
                                              "Node Type": "Hash Join",
                                              "Parent Relationship": "Outer",
                                              "Parallel Aware": true,
                                              "Async Capable": false,
                                              "Join Type": "Inner",
                                              "Startup Cost": 2049.65,
                                              "Total Cost": 814355.62,
                                              "Plan Rows": 2530,
                                              "Plan Width": 44,
                                              "Inner Unique": false,
                                              "Hash Cond": "(store_sales.ss_sold_date_sk = date_dim.d_date_sk)",
                                              "Plans": [
                                                {
                                                  "Node Type": "Append",
                                                  "Parent Relationship": "Outer",
                                                  "Parallel Aware": true,
                                                  "Async Capable": false,
                                                  "Startup Cost": 0.0,
                                                  "Total Cost": 762796.01,
                                                  "Plan Rows": 13198801,
                                                  "Plan Width": 48,
                                                  "Subplans Removed": 0,
                                                  "Plans": [
                                                    {
                                                      "Node Type": "Seq Scan",
                                                      "Parent Relationship": "Member",
                                                      "Parallel Aware": true,
                                                      "Async Capable": false,
                                                      "Relation Name": "store_sales",
                                                      "Alias": "store_sales",
                                                      "Startup Cost": 0.0,
                                                      "Total Cost": 636914.37,
                                                      "Plan Rows": 12000637,
                                                      "Plan Width": 48,
                                                      "parent": 11,
                                                      "ID": 12
                                                    },
                                                    {
                                                      "Node Type": "Seq Scan",
                                                      "Parent Relationship": "Member",
                                                      "Parallel Aware": true,
                                                      "Async Capable": false,
                                                      "Relation Name": "store_returns",
                                                      "Alias": "store_returns",
                                                      "Startup Cost": 0.0,
                                                      "Total Cost": 59887.64,
                                                      "Plan Rows": 1198164,
                                                      "Plan Width": 48,
                                                      "parent": 11,
                                                      "ID": 13
                                                    }
                                                  ],
                                                  "parent": 10,
                                                  "ID": 11,
                                                  "left": 12,
                                                  "right": 13
                                                },
                                                {
                                                  "Node Type": "Hash",
                                                  "Parent Relationship": "Inner",
                                                  "Parallel Aware": true,
                                                  "Async Capable": false,
                                                  "Startup Cost": 2049.55,
                                                  "Total Cost": 2049.55,
                                                  "Plan Rows": 8,
                                                  "Plan Width": 4,
                                                  "Plans": [
                                                    {
                                                      "Node Type": "Seq Scan",
                                                      "Parent Relationship": "Outer",
                                                      "Parallel Aware": true,
                                                      "Async Capable": false,
                                                      "Relation Name": "date_dim",
                                                      "Alias": "date_dim",
                                                      "Startup Cost": 0.0,
                                                      "Total Cost": 2049.55,
                                                      "Plan Rows": 8,
                                                      "Plan Width": 4,
                                                      "Filter": "((d_date >= '1998-08-12'::date) AND (d_date <= '1998-08-26 00:00:00'::timestamp without time zone))",
                                                      "parent": 14,
                                                      "ID": 15
                                                    }
                                                  ],
                                                  "parent": 10,
                                                  "ID": 14,
                                                  "left": 15
                                                }
                                              ],
                                              "parent": 9,
                                              "ID": 10,
                                              "left": 11,
                                              "right": 14
                                            },
                                            {
                                              "Node Type": "Hash",
                                              "Parent Relationship": "Inner",
                                              "Parallel Aware": false,
                                              "Async Capable": false,
                                              "Startup Cost": 6.02,
                                              "Total Cost": 6.02,
                                              "Plan Rows": 102,
                                              "Plan Width": 21,
                                              "Plans": [
                                                {
                                                  "Node Type": "Seq Scan",
                                                  "Parent Relationship": "Outer",
                                                  "Parallel Aware": false,
                                                  "Async Capable": false,
                                                  "Relation Name": "store",
                                                  "Alias": "store",
                                                  "Startup Cost": 0.0,
                                                  "Total Cost": 6.02,
                                                  "Plan Rows": 102,
                                                  "Plan Width": 21,
                                                  "parent": 16,
                                                  "ID": 17
                                                }
                                              ],
                                              "parent": 9,
                                              "ID": 16,
                                              "left": 17
                                            }
                                          ],
                                          "parent": 8,
                                          "ID": 9,
                                          "left": 10,
                                          "right": 16
                                        }
                                      ],
                                      "parent": 7,
                                      "ID": 8,
                                      "left": 9
                                    }
                                  ],
                                  "parent": 6,
                                  "ID": 7,
                                  "left": 8
                                }
                              ],
                              "parent": 5,
                              "ID": 6,
                              "left": 7
                            }
                          ],
                          "parent": 4,
                          "ID": 5,
                          "left": 6
                        }
                      ],
                      "parent": 3,
                      "ID": 4,
                      "left": 5
                    },
                    {
                      "Node Type": "Subquery Scan",
                      "Parent Relationship": "Member",
                      "Parallel Aware": false,
                      "Async Capable": false,
                      "Alias": "csr",
                      "Startup Cost": 529848.36,
                      "Total Cost": 530353.75,
                      "Plan Rows": 3036,
                      "Plan Width": 160,
                      "Plans": [
                        {
                          "Node Type": "Aggregate",
                          "Strategy": "Sorted",
                          "Partial Mode": "Simple",
                          "Parent Relationship": "Subquery",
                          "Parallel Aware": false,
                          "Async Capable": false,
                          "Startup Cost": 529848.36,
                          "Total Cost": 530300.62,
                          "Plan Rows": 3036,
                          "Plan Width": 145,
                          "Group Key": [
                            "catalog_page.cp_catalog_page_id"
                          ],
                          "Plans": [
                            {
                              "Node Type": "Gather Merge",
                              "Parent Relationship": "Outer",
                              "Parallel Aware": false,
                              "Async Capable": false,
                              "Startup Cost": 529848.36,
                              "Total Cost": 530201.95,
                              "Plan Rows": 3036,
                              "Plan Width": 57,
                              "Workers Planned": 2,
                              "Plans": [
                                {
                                  "Node Type": "Sort",
                                  "Parent Relationship": "Outer",
                                  "Parallel Aware": false,
                                  "Async Capable": false,
                                  "Startup Cost": 528848.34,
                                  "Total Cost": 528851.5,
                                  "Plan Rows": 1265,
                                  "Plan Width": 57,
                                  "Sort Key": [
                                    "catalog_page.cp_catalog_page_id"
                                  ],
                                  "Plans": [
                                    {
                                      "Node Type": "Hash Join",
                                      "Parent Relationship": "Outer",
                                      "Parallel Aware": false,
                                      "Async Capable": false,
                                      "Join Type": "Inner",
                                      "Startup Cost": 2567.65,
                                      "Total Cost": 528783.16,
                                      "Plan Rows": 1265,
                                      "Plan Width": 57,
                                      "Inner Unique": false,
                                      "Hash Cond": "(catalog_sales.cs_catalog_page_sk = catalog_page.cp_catalog_page_sk)",
                                      "Plans": [
                                        {
                                          "Node Type": "Hash Join",
                                          "Parent Relationship": "Outer",
                                          "Parallel Aware": true,
                                          "Async Capable": false,
                                          "Join Type": "Inner",
                                          "Startup Cost": 2049.65,
                                          "Total Cost": 528247.76,
                                          "Plan Rows": 1265,
                                          "Plan Width": 44,
                                          "Inner Unique": false,
                                          "Hash Cond": "(catalog_sales.cs_sold_date_sk = date_dim_1.d_date_sk)",
                                          "Plans": [
                                            {
                                              "Node Type": "Append",
                                              "Parent Relationship": "Outer",
                                              "Parallel Aware": true,
                                              "Async Capable": false,
                                              "Startup Cost": 0.0,
                                              "Total Cost": 501439.31,
                                              "Plan Rows": 6600420,
                                              "Plan Width": 48,
                                              "Subplans Removed": 0,
                                              "Plans": [
                                                {
                                                  "Node Type": "Seq Scan",
                                                  "Parent Relationship": "Member",
                                                  "Parallel Aware": true,
                                                  "Async Capable": false,
                                                  "Relation Name": "catalog_sales",
                                                  "Alias": "catalog_sales",
                                                  "Startup Cost": 0.0,
                                                  "Total Cost": 433688.25,
                                                  "Plan Rows": 6000525,
                                                  "Plan Width": 48,
                                                  "parent": 24,
                                                  "ID": 25
                                                },
                                                {
                                                  "Node Type": "Seq Scan",
                                                  "Parent Relationship": "Member",
                                                  "Parallel Aware": true,
                                                  "Async Capable": false,
                                                  "Relation Name": "catalog_returns",
                                                  "Alias": "catalog_returns",
                                                  "Startup Cost": 0.0,
                                                  "Total Cost": 34748.95,
                                                  "Plan Rows": 599895,
                                                  "Plan Width": 48,
                                                  "parent": 24,
                                                  "ID": 26
                                                }
                                              ],
                                              "parent": 23,
                                              "ID": 24,
                                              "left": 25,
                                              "right": 26
                                            },
                                            {
                                              "Node Type": "Hash",
                                              "Parent Relationship": "Inner",
                                              "Parallel Aware": true,
                                              "Async Capable": false,
                                              "Startup Cost": 2049.55,
                                              "Total Cost": 2049.55,
                                              "Plan Rows": 8,
                                              "Plan Width": 4,
                                              "Plans": [
                                                {
                                                  "Node Type": "Seq Scan",
                                                  "Parent Relationship": "Outer",
                                                  "Parallel Aware": true,
                                                  "Async Capable": false,
                                                  "Relation Name": "date_dim",
                                                  "Alias": "date_dim_1",
                                                  "Startup Cost": 0.0,
                                                  "Total Cost": 2049.55,
                                                  "Plan Rows": 8,
                                                  "Plan Width": 4,
                                                  "Filter": "((d_date >= '1998-08-12'::date) AND (d_date <= '1998-08-26 00:00:00'::timestamp without time zone))",
                                                  "parent": 27,
                                                  "ID": 28
                                                }
                                              ],
                                              "parent": 23,
                                              "ID": 27,
                                              "left": 28
                                            }
                                          ],
                                          "parent": 22,
                                          "ID": 23,
                                          "left": 24,
                                          "right": 27
                                        },
                                        {
                                          "Node Type": "Hash",
                                          "Parent Relationship": "Inner",
                                          "Parallel Aware": false,
                                          "Async Capable": false,
                                          "Startup Cost": 368.0,
                                          "Total Cost": 368.0,
                                          "Plan Rows": 12000,
                                          "Plan Width": 21,
                                          "Plans": [
                                            {
                                              "Node Type": "Seq Scan",
                                              "Parent Relationship": "Outer",
                                              "Parallel Aware": false,
                                              "Async Capable": false,
                                              "Relation Name": "catalog_page",
                                              "Alias": "catalog_page",
                                              "Startup Cost": 0.0,
                                              "Total Cost": 368.0,
                                              "Plan Rows": 12000,
                                              "Plan Width": 21,
                                              "parent": 29,
                                              "ID": 30
                                            }
                                          ],
                                          "parent": 22,
                                          "ID": 29,
                                          "left": 30
                                        }
                                      ],
                                      "parent": 21,
                                      "ID": 22,
                                      "left": 23,
                                      "right": 29
                                    }
                                  ],
                                  "parent": 20,
                                  "ID": 21,
                                  "left": 22
                                }
                              ],
                              "parent": 19,
                              "ID": 20,
                              "left": 21
                            }
                          ],
                          "parent": 18,
                          "ID": 19,
                          "left": 20
                        }
                      ],
                      "parent": 3,
                      "ID": 18,
                      "left": 19
                    },
                    {
                      "Node Type": "Subquery Scan",
                      "Parent Relationship": "Member",
                      "Parallel Aware": false,
                      "Async Capable": false,
                      "Alias": "wsr",
                      "Startup Cost": 594058.45,
                      "Total Cost": 594067.44,
                      "Plan Rows": 21,
                      "Plan Width": 160,
                      "Plans": [
                        {
                          "Node Type": "Aggregate",
                          "Strategy": "Sorted",
                          "Partial Mode": "Finalize",
                          "Parent Relationship": "Subquery",
                          "Parallel Aware": false,
                          "Async Capable": false,
                          "Startup Cost": 594058.45,
                          "Total Cost": 594067.07,
                          "Plan Rows": 21,
                          "Plan Width": 145,
                          "Group Key": [
                            "web_site.web_site_id"
                          ],
                          "Plans": [
                            {
                              "Node Type": "Gather Merge",
                              "Parent Relationship": "Outer",
                              "Parallel Aware": false,
                              "Async Capable": false,
                              "Startup Cost": 594058.45,
                              "Total Cost": 594065.71,
                              "Plan Rows": 42,
                              "Plan Width": 145,
                              "Workers Planned": 2,
                              "Plans": [
                                {
                                  "Node Type": "Aggregate",
                                  "Strategy": "Sorted",
                                  "Partial Mode": "Partial",
                                  "Parent Relationship": "Outer",
                                  "Parallel Aware": false,
                                  "Async Capable": false,
                                  "Startup Cost": 593058.42,
                                  "Total Cost": 593060.84,
                                  "Plan Rows": 21,
                                  "Plan Width": 145,
                                  "Group Key": [
                                    "web_site.web_site_id"
                                  ],
                                  "Plans": [
                                    {
                                      "Node Type": "Sort",
                                      "Parent Relationship": "Outer",
                                      "Parallel Aware": false,
                                      "Async Capable": false,
                                      "Startup Cost": 593058.42,
                                      "Total Cost": 593058.75,
                                      "Plan Rows": 133,
                                      "Plan Width": 57,
                                      "Sort Key": [
                                        "web_site.web_site_id"
                                      ],
                                      "Plans": [
                                        {
                                          "Node Type": "Hash Join",
                                          "Parent Relationship": "Outer",
                                          "Parallel Aware": false,
                                          "Async Capable": false,
                                          "Join Type": "Inner",
                                          "Startup Cost": 2053.6,
                                          "Total Cost": 593053.73,
                                          "Plan Rows": 133,
                                          "Plan Width": 57,
                                          "Inner Unique": false,
                                          "Hash Cond": "(\"*SELECT* 2\".wsr_web_site_sk = web_site.web_site_sk)",
                                          "Plans": [
                                            {
                                              "Node Type": "Hash Join",
                                              "Parent Relationship": "Outer",
                                              "Parallel Aware": true,
                                              "Async Capable": false,
                                              "Join Type": "Inner",
                                              "Startup Cost": 2049.65,
                                              "Total Cost": 593046.09,
                                              "Plan Rows": 632,
                                              "Plan Width": 44,
                                              "Inner Unique": false,
                                              "Hash Cond": "(\"*SELECT* 2\".date_sk = date_dim_2.d_date_sk)",
                                              "Plans": [
                                                {
                                                  "Node Type": "Append",
                                                  "Parent Relationship": "Outer",
                                                  "Parallel Aware": true,
                                                  "Async Capable": false,
                                                  "Startup Cost": 0.0,
                                                  "Total Cost": 577049.1,
                                                  "Plan Rows": 3718203,
                                                  "Plan Width": 48,
                                                  "Subplans Removed": 0,
                                                  "Plans": [
                                                    {
                                                      "Node Type": "Subquery Scan",
                                                      "Parent Relationship": "Member",
                                                      "Parallel Aware": false,
                                                      "Async Capable": false,
                                                      "Alias": "*SELECT* 2",
                                                      "Startup Cost": 277366.65,
                                                      "Total Cost": 340720.23,
                                                      "Plan Rows": 719217,
                                                      "Plan Width": 48,
                                                      "Plans": [
                                                        {
                                                          "Node Type": "Hash Join",
                                                          "Parent Relationship": "Subquery",
                                                          "Parallel Aware": true,
                                                          "Async Capable": false,
                                                          "Join Type": "Left",
                                                          "Startup Cost": 277366.65,
                                                          "Total Cost": 333528.06,
                                                          "Plan Rows": 299674,
                                                          "Plan Width": 48,
                                                          "Inner Unique": false,
                                                          "Hash Cond": "((web_returns.wr_item_sk = web_sales_1.ws_item_sk) AND (web_returns.wr_order_number = web_sales_1.ws_order_number))",
                                                          "Plans": [
                                                            {
                                                              "Node Type": "Seq Scan",
                                                              "Parent Relationship": "Outer",
                                                              "Parallel Aware": true,
                                                              "Async Capable": false,
                                                              "Relation Name": "web_returns",
                                                              "Alias": "web_returns",
                                                              "Startup Cost": 0.0,
                                                              "Total Cost": 16278.74,
                                                              "Plan Rows": 299674,
                                                              "Plan Width": 24,
                                                              "parent": 40,
                                                              "ID": 41
                                                            },
                                                            {
                                                              "Node Type": "Hash",
                                                              "Parent Relationship": "Inner",
                                                              "Parallel Aware": true,
                                                              "Async Capable": false,
                                                              "Startup Cost": 217737.86,
                                                              "Total Cost": 217737.86,
                                                              "Plan Rows": 2998986,
                                                              "Plan Width": 12,
                                                              "Plans": [
                                                                {
                                                                  "Node Type": "Seq Scan",
                                                                  "Parent Relationship": "Outer",
                                                                  "Parallel Aware": true,
                                                                  "Async Capable": false,
                                                                  "Relation Name": "web_sales",
                                                                  "Alias": "web_sales_1",
                                                                  "Startup Cost": 0.0,
                                                                  "Total Cost": 217737.86,
                                                                  "Plan Rows": 2998986,
                                                                  "Plan Width": 12,
                                                                  "parent": 42,
                                                                  "ID": 43
                                                                }
                                                              ],
                                                              "parent": 40,
                                                              "ID": 42,
                                                              "left": 43
                                                            }
                                                          ],
                                                          "parent": 39,
                                                          "ID": 40,
                                                          "left": 41,
                                                          "right": 42
                                                        }
                                                      ],
                                                      "parent": 38,
                                                      "ID": 39,
                                                      "left": 40
                                                    },
                                                    {
                                                      "Node Type": "Seq Scan",
                                                      "Parent Relationship": "Member",
                                                      "Parallel Aware": true,
                                                      "Async Capable": false,
                                                      "Relation Name": "web_sales",
                                                      "Alias": "web_sales",
                                                      "Startup Cost": 0.0,
                                                      "Total Cost": 217737.86,
                                                      "Plan Rows": 2998986,
                                                      "Plan Width": 48,
                                                      "parent": 38,
                                                      "ID": 44
                                                    }
                                                  ],
                                                  "parent": 37,
                                                  "ID": 38,
                                                  "left": 39,
                                                  "right": 44
                                                },
                                                {
                                                  "Node Type": "Hash",
                                                  "Parent Relationship": "Inner",
                                                  "Parallel Aware": true,
                                                  "Async Capable": false,
                                                  "Startup Cost": 2049.55,
                                                  "Total Cost": 2049.55,
                                                  "Plan Rows": 8,
                                                  "Plan Width": 4,
                                                  "Plans": [
                                                    {
                                                      "Node Type": "Seq Scan",
                                                      "Parent Relationship": "Outer",
                                                      "Parallel Aware": true,
                                                      "Async Capable": false,
                                                      "Relation Name": "date_dim",
                                                      "Alias": "date_dim_2",
                                                      "Startup Cost": 0.0,
                                                      "Total Cost": 2049.55,
                                                      "Plan Rows": 8,
                                                      "Plan Width": 4,
                                                      "Filter": "((d_date >= '1998-08-12'::date) AND (d_date <= '1998-08-26 00:00:00'::timestamp without time zone))",
                                                      "parent": 45,
                                                      "ID": 46
                                                    }
                                                  ],
                                                  "parent": 37,
                                                  "ID": 45,
                                                  "left": 46
                                                }
                                              ],
                                              "parent": 36,
                                              "ID": 37,
                                              "left": 38,
                                              "right": 45
                                            },
                                            {
                                              "Node Type": "Hash",
                                              "Parent Relationship": "Inner",
                                              "Parallel Aware": false,
                                              "Async Capable": false,
                                              "Startup Cost": 3.42,
                                              "Total Cost": 3.42,
                                              "Plan Rows": 42,
                                              "Plan Width": 21,
                                              "Plans": [
                                                {
                                                  "Node Type": "Seq Scan",
                                                  "Parent Relationship": "Outer",
                                                  "Parallel Aware": false,
                                                  "Async Capable": false,
                                                  "Relation Name": "web_site",
                                                  "Alias": "web_site",
                                                  "Startup Cost": 0.0,
                                                  "Total Cost": 3.42,
                                                  "Plan Rows": 42,
                                                  "Plan Width": 21,
                                                  "parent": 47,
                                                  "ID": 48
                                                }
                                              ],
                                              "parent": 36,
                                              "ID": 47,
                                              "left": 48
                                            }
                                          ],
                                          "parent": 35,
                                          "ID": 36,
                                          "left": 37,
                                          "right": 47
                                        }
                                      ],
                                      "parent": 34,
                                      "ID": 35,
                                      "left": 36
                                    }
                                  ],
                                  "parent": 33,
                                  "ID": 34,
                                  "left": 35
                                }
                              ],
                              "parent": 32,
                              "ID": 33,
                              "left": 34
                            }
                          ],
                          "parent": 31,
                          "ID": 32,
                          "left": 33
                        }
                      ],
                      "parent": 3,
                      "ID": 31,
                      "left": 32
                    }
                  ],
                  "parent": 2,
                  "ID": 3,
                  "left": 4,
                  "right": 18
                }
              ],
              "parent": 1,
              "ID": 2,
              "left": 3
            }
          ],
          "parent": 0,
          "ID": 1,
          "left": 2
        }
      ],
      "parent": null,
      "ID": 0,
      "left": 1
    },
    "feat": {
      "utility": 0.0,
      "query_shape": [
        [
          "Seq Scan",
          "Append",
          "Hash Join",
          "Sort",
          "Aggregate",
          "Gather Merge",
          "Subquery Scan"
        ],
        [
          "Seq Scan",
          "Append",
          "Hash Join",
          "Sort",
          "Aggregate",
          "Gather Merge",
          "Subquery Scan"
        ],
        [
          "Seq Scan",
          "Hash",
          "Hash Join",
          "Sort",
          "Aggregate",
          "Gather Merge",
          "Subquery Scan",
          "Append"
        ],
        [
          "Seq Scan",
          "Hash",
          "Hash Join",
          "Sort",
          "Aggregate",
          "Gather Merge",
          "Subquery Scan",
          "Append"
        ],
        [
          "Seq Scan",
          "Append",
          "Hash Join",
          "Sort",
          "Gather Merge",
          "Aggregate",
          "Subquery Scan"
        ],
        [
          "Seq Scan",
          "Append",
          "Hash Join",
          "Sort",
          "Gather Merge",
          "Aggregate",
          "Subquery Scan"
        ],
        [
          "Seq Scan",
          "Hash",
          "Hash Join",
          "Sort",
          "Gather Merge",
          "Aggregate",
          "Subquery Scan",
          "Append"
        ],
        [
          "Seq Scan",
          "Hash",
          "Hash Join",
          "Sort",
          "Gather Merge",
          "Aggregate",
          "Subquery Scan",
          "Append"
        ],
        [
          "Seq Scan",
          "Hash Join",
          "Subquery Scan",
          "Append",
          "Sort",
          "Aggregate",
          "Gather Merge"
        ],
        [
          "Seq Scan",
          "Hash",
          "Hash Join",
          "Subquery Scan",
          "Append",
          "Sort",
          "Aggregate",
          "Gather Merge"
        ],
        [
          "Seq Scan",
          "Append",
          "Hash Join",
          "Sort",
          "Aggregate",
          "Gather Merge",
          "Subquery Scan"
        ],
        [
          "Seq Scan",
          "Hash",
          "Hash Join",
          "Sort",
          "Aggregate",
          "Gather Merge",
          "Subquery Scan",
          "Append"
        ],
        [
          "Seq Scan",
          "Hash",
          "Hash Join",
          "Sort",
          "Aggregate",
          "Gather Merge",
          "Subquery Scan",
          "Append"
        ]
      ],
      "index_shape": [],
      "physical_operator": {}
    }
  },
  {
    "query": "with ssr as\n (select s_store_id,\n        sum(sales_price) as sales,\n        sum(profit) as profit,\n        sum(return_amt) as returns,\n        sum(net_loss) as profit_loss\n from\n  ( select  ss_store_sk as store_sk,\n            ss_sold_date_sk  as date_sk,\n            ss_ext_sales_price as sales_price,\n            ss_net_profit as profit,\n            cast(0 as decimal(7,2)) as return_amt,\n            cast(0 as decimal(7,2)) as net_loss\n    from store_sales\n    union all\n    select sr_store_sk as store_sk,\n           sr_returned_date_sk as date_sk,\n           cast(0 as decimal(7,2)) as sales_price,\n           cast(0 as decimal(7,2)) as profit,\n           sr_return_amt as return_amt,\n           sr_net_loss as net_loss\n    from store_returns\n   ) salesreturns,\n     date_dim,\n     store\n where date_sk = d_date_sk\n       and d_date between cast('1998-08-12' as date) \n                  and (cast('1998-08-12' as date) +  interval '14 days')\n       and store_sk = s_store_sk\n group by s_store_id)\n ,\n csr as\n (select cp_catalog_page_id,\n        sum(sales_price) as sales,\n        sum(profit) as profit,\n        sum(return_amt) as returns,\n        sum(net_loss) as profit_loss\n from\n  ( select  cs_catalog_page_sk as page_sk,\n            cs_sold_date_sk  as date_sk,\n            cs_ext_sales_price as sales_price,\n            cs_net_profit as profit,\n            cast(0 as decimal(7,2)) as return_amt,\n            cast(0 as decimal(7,2)) as net_loss\n    from catalog_sales\n    union all\n    select cr_catalog_page_sk as page_sk,\n           cr_returned_date_sk as date_sk,\n           cast(0 as decimal(7,2)) as sales_price,\n           cast(0 as decimal(7,2)) as profit,\n           cr_return_amount as return_amt,\n           cr_net_loss as net_loss\n    from catalog_returns\n   ) salesreturns,\n     date_dim,\n     catalog_page\n where date_sk = d_date_sk\n       and d_date between cast('1998-08-12' as date)\n                  and (cast('1998-08-12' as date) +  interval '14 days')\n       and page_sk = cp_catalog_page_sk\n group by cp_catalog_page_id)\n ,\n wsr as\n (select web_site_id,\n        sum(sales_price) as sales,\n        sum(profit) as profit,\n        sum(return_amt) as returns,\n        sum(net_loss) as profit_loss\n from\n  ( select  ws_web_site_sk as wsr_web_site_sk,\n            ws_sold_date_sk  as date_sk,\n            ws_ext_sales_price as sales_price,\n            ws_net_profit as profit,\n            cast(0 as decimal(7,2)) as return_amt,\n            cast(0 as decimal(7,2)) as net_loss\n    from web_sales\n    union all\n    select ws_web_site_sk as wsr_web_site_sk,\n           wr_returned_date_sk as date_sk,\n           cast(0 as decimal(7,2)) as sales_price,\n           cast(0 as decimal(7,2)) as profit,\n           wr_return_amt as return_amt,\n           wr_net_loss as net_loss\n    from web_returns left outer join web_sales on\n         ( wr_item_sk = ws_item_sk\n           and wr_order_number = ws_order_number)\n   ) salesreturns,\n     date_dim,\n     web_site\n where date_sk = d_date_sk\n       and d_date between cast('1998-08-12' as date)\n                  and (cast('1998-08-12' as date) +  interval '14 days')\n       and wsr_web_site_sk = web_site_sk\n group by web_site_id)\n  select  channel\n        , id\n        , sum(sales) as sales\n        , sum(returns) as returns\n        , sum(profit) as profit\n from \n (select 'store channel' as channel\n        , 'store' || s_store_id as id\n        , sales\n        , returns\n        , (profit - profit_loss) as profit\n from   ssr\n union all\n select 'catalog channel' as channel\n        , 'catalog_page' || cp_catalog_page_id as id\n        , sales\n        , returns\n        , (profit - profit_loss) as profit\n from  csr\n union all\n select 'web channel' as channel\n        , 'web_site' || web_site_id as id\n        , sales\n        , returns\n        , (profit - profit_loss) as profit\n from   wsr\n ) x\n group by rollup (channel, id)\n order by channel\n         ,id\n limit 100;\n\n-- end query 3 in stream 0 using template query5.tpl\n",
    "indexes": "store_sales.ss_net_profit",
    "wo plan est": {
      "Node Type": "Limit",
      "Parallel Aware": false,
      "Async Capable": false,
      "Startup Cost": 1940046.82,
      "Total Cost": 1940047.07,
      "Plan Rows": 100,
      "Plan Width": 160,
      "Plans": [
        {
          "Node Type": "Sort",
          "Parent Relationship": "Outer",
          "Parallel Aware": false,
          "Async Capable": false,
          "Startup Cost": 1940046.82,
          "Total Cost": 1940048.1,
          "Plan Rows": 512,
          "Plan Width": 160,
          "Sort Key": [
            "('store channel'::text)",
            "(('store'::text || (ssr.s_store_id)::text))"
          ],
          "Plans": [
            {
              "Node Type": "Aggregate",
              "Strategy": "Mixed",
              "Partial Mode": "Simple",
              "Parent Relationship": "Outer",
              "Parallel Aware": false,
              "Async Capable": false,
              "Startup Cost": 815451.97,
              "Total Cost": 1940027.26,
              "Plan Rows": 512,
              "Plan Width": 160,
              "Grouping Sets": [
                {
                  "Hash Keys": [
                    [
                      "('store channel'::text)",
                      "(('store'::text || (ssr.s_store_id)::text))"
                    ]
                  ]
                },
                {
                  "Hash Keys": [
                    [
                      "('store channel'::text)"
                    ]
                  ]
                },
                {
                  "Group Keys": [
                    []
                  ]
                }
              ],
              "Planned Partitions": 0,
              "Plans": [
                {
                  "Node Type": "Append",
                  "Parent Relationship": "Outer",
                  "Parallel Aware": false,
                  "Async Capable": false,
                  "Startup Cost": 815451.97,
                  "Total Cost": 1939925.06,
                  "Plan Rows": 3108,
                  "Plan Width": 160,
                  "Subplans Removed": 0,
                  "Plans": [
                    {
                      "Node Type": "Subquery Scan",
                      "Parent Relationship": "Member",
                      "Parallel Aware": false,
                      "Async Capable": false,
                      "Alias": "ssr",
                      "Startup Cost": 815451.97,
                      "Total Cost": 815488.32,
                      "Plan Rows": 51,
                      "Plan Width": 160,
                      "Plans": [
                        {
                          "Node Type": "Aggregate",
                          "Strategy": "Sorted",
                          "Partial Mode": "Finalize",
                          "Parent Relationship": "Subquery",
                          "Parallel Aware": false,
                          "Async Capable": false,
                          "Startup Cost": 815451.97,
                          "Total Cost": 815487.43,
                          "Plan Rows": 51,
                          "Plan Width": 145,
                          "Group Key": [
                            "store.s_store_id"
                          ],
                          "Plans": [
                            {
                              "Node Type": "Gather Merge",
                              "Parent Relationship": "Outer",
                              "Parallel Aware": false,
                              "Async Capable": false,
                              "Startup Cost": 815451.97,
                              "Total Cost": 815484.12,
                              "Plan Rows": 102,
                              "Plan Width": 145,
                              "Workers Planned": 2,
                              "Plans": [
                                {
                                  "Node Type": "Aggregate",
                                  "Strategy": "Sorted",
                                  "Partial Mode": "Partial",
                                  "Parent Relationship": "Outer",
                                  "Parallel Aware": false,
                                  "Async Capable": false,
                                  "Startup Cost": 814451.95,
                                  "Total Cost": 814472.32,
                                  "Plan Rows": 51,
                                  "Plan Width": 145,
                                  "Group Key": [
                                    "store.s_store_id"
                                  ],
                                  "Plans": [
                                    {
                                      "Node Type": "Sort",
                                      "Parent Relationship": "Outer",
                                      "Parallel Aware": false,
                                      "Async Capable": false,
                                      "Startup Cost": 814451.95,
                                      "Total Cost": 814455.17,
                                      "Plan Rows": 1290,
                                      "Plan Width": 57,
                                      "Sort Key": [
                                        "store.s_store_id"
                                      ],
                                      "Plans": [
                                        {
                                          "Node Type": "Hash Join",
                                          "Parent Relationship": "Outer",
                                          "Parallel Aware": false,
                                          "Async Capable": false,
                                          "Join Type": "Inner",
                                          "Startup Cost": 2056.95,
                                          "Total Cost": 814385.3,
                                          "Plan Rows": 1290,
                                          "Plan Width": 57,
                                          "Inner Unique": false,
                                          "Hash Cond": "(store_sales.ss_store_sk = store.s_store_sk)",
                                          "Plans": [
                                            {
                                              "Node Type": "Hash Join",
                                              "Parent Relationship": "Outer",
                                              "Parallel Aware": true,
                                              "Async Capable": false,
                                              "Join Type": "Inner",
                                              "Startup Cost": 2049.65,
                                              "Total Cost": 814355.62,
                                              "Plan Rows": 2530,
                                              "Plan Width": 44,
                                              "Inner Unique": false,
                                              "Hash Cond": "(store_sales.ss_sold_date_sk = date_dim.d_date_sk)",
                                              "Plans": [
                                                {
                                                  "Node Type": "Append",
                                                  "Parent Relationship": "Outer",
                                                  "Parallel Aware": true,
                                                  "Async Capable": false,
                                                  "Startup Cost": 0.0,
                                                  "Total Cost": 762796.01,
                                                  "Plan Rows": 13198801,
                                                  "Plan Width": 48,
                                                  "Subplans Removed": 0,
                                                  "Plans": [
                                                    {
                                                      "Node Type": "Seq Scan",
                                                      "Parent Relationship": "Member",
                                                      "Parallel Aware": true,
                                                      "Async Capable": false,
                                                      "Relation Name": "store_sales",
                                                      "Alias": "store_sales",
                                                      "Startup Cost": 0.0,
                                                      "Total Cost": 636914.37,
                                                      "Plan Rows": 12000637,
                                                      "Plan Width": 48,
                                                      "parent": 11,
                                                      "ID": 12
                                                    },
                                                    {
                                                      "Node Type": "Seq Scan",
                                                      "Parent Relationship": "Member",
                                                      "Parallel Aware": true,
                                                      "Async Capable": false,
                                                      "Relation Name": "store_returns",
                                                      "Alias": "store_returns",
                                                      "Startup Cost": 0.0,
                                                      "Total Cost": 59887.64,
                                                      "Plan Rows": 1198164,
                                                      "Plan Width": 48,
                                                      "parent": 11,
                                                      "ID": 13
                                                    }
                                                  ],
                                                  "parent": 10,
                                                  "ID": 11,
                                                  "left": 12,
                                                  "right": 13
                                                },
                                                {
                                                  "Node Type": "Hash",
                                                  "Parent Relationship": "Inner",
                                                  "Parallel Aware": true,
                                                  "Async Capable": false,
                                                  "Startup Cost": 2049.55,
                                                  "Total Cost": 2049.55,
                                                  "Plan Rows": 8,
                                                  "Plan Width": 4,
                                                  "Plans": [
                                                    {
                                                      "Node Type": "Seq Scan",
                                                      "Parent Relationship": "Outer",
                                                      "Parallel Aware": true,
                                                      "Async Capable": false,
                                                      "Relation Name": "date_dim",
                                                      "Alias": "date_dim",
                                                      "Startup Cost": 0.0,
                                                      "Total Cost": 2049.55,
                                                      "Plan Rows": 8,
                                                      "Plan Width": 4,
                                                      "Filter": "((d_date >= '1998-08-12'::date) AND (d_date <= '1998-08-26 00:00:00'::timestamp without time zone))",
                                                      "parent": 14,
                                                      "ID": 15
                                                    }
                                                  ],
                                                  "parent": 10,
                                                  "ID": 14,
                                                  "left": 15
                                                }
                                              ],
                                              "parent": 9,
                                              "ID": 10,
                                              "left": 11,
                                              "right": 14
                                            },
                                            {
                                              "Node Type": "Hash",
                                              "Parent Relationship": "Inner",
                                              "Parallel Aware": false,
                                              "Async Capable": false,
                                              "Startup Cost": 6.02,
                                              "Total Cost": 6.02,
                                              "Plan Rows": 102,
                                              "Plan Width": 21,
                                              "Plans": [
                                                {
                                                  "Node Type": "Seq Scan",
                                                  "Parent Relationship": "Outer",
                                                  "Parallel Aware": false,
                                                  "Async Capable": false,
                                                  "Relation Name": "store",
                                                  "Alias": "store",
                                                  "Startup Cost": 0.0,
                                                  "Total Cost": 6.02,
                                                  "Plan Rows": 102,
                                                  "Plan Width": 21,
                                                  "parent": 16,
                                                  "ID": 17
                                                }
                                              ],
                                              "parent": 9,
                                              "ID": 16,
                                              "left": 17
                                            }
                                          ],
                                          "parent": 8,
                                          "ID": 9,
                                          "left": 10,
                                          "right": 16
                                        }
                                      ],
                                      "parent": 7,
                                      "ID": 8,
                                      "left": 9
                                    }
                                  ],
                                  "parent": 6,
                                  "ID": 7,
                                  "left": 8
                                }
                              ],
                              "parent": 5,
                              "ID": 6,
                              "left": 7
                            }
                          ],
                          "parent": 4,
                          "ID": 5,
                          "left": 6
                        }
                      ],
                      "parent": 3,
                      "ID": 4,
                      "left": 5
                    },
                    {
                      "Node Type": "Subquery Scan",
                      "Parent Relationship": "Member",
                      "Parallel Aware": false,
                      "Async Capable": false,
                      "Alias": "csr",
                      "Startup Cost": 529848.36,
                      "Total Cost": 530353.75,
                      "Plan Rows": 3036,
                      "Plan Width": 160,
                      "Plans": [
                        {
                          "Node Type": "Aggregate",
                          "Strategy": "Sorted",
                          "Partial Mode": "Simple",
                          "Parent Relationship": "Subquery",
                          "Parallel Aware": false,
                          "Async Capable": false,
                          "Startup Cost": 529848.36,
                          "Total Cost": 530300.62,
                          "Plan Rows": 3036,
                          "Plan Width": 145,
                          "Group Key": [
                            "catalog_page.cp_catalog_page_id"
                          ],
                          "Plans": [
                            {
                              "Node Type": "Gather Merge",
                              "Parent Relationship": "Outer",
                              "Parallel Aware": false,
                              "Async Capable": false,
                              "Startup Cost": 529848.36,
                              "Total Cost": 530201.95,
                              "Plan Rows": 3036,
                              "Plan Width": 57,
                              "Workers Planned": 2,
                              "Plans": [
                                {
                                  "Node Type": "Sort",
                                  "Parent Relationship": "Outer",
                                  "Parallel Aware": false,
                                  "Async Capable": false,
                                  "Startup Cost": 528848.34,
                                  "Total Cost": 528851.5,
                                  "Plan Rows": 1265,
                                  "Plan Width": 57,
                                  "Sort Key": [
                                    "catalog_page.cp_catalog_page_id"
                                  ],
                                  "Plans": [
                                    {
                                      "Node Type": "Hash Join",
                                      "Parent Relationship": "Outer",
                                      "Parallel Aware": false,
                                      "Async Capable": false,
                                      "Join Type": "Inner",
                                      "Startup Cost": 2567.65,
                                      "Total Cost": 528783.16,
                                      "Plan Rows": 1265,
                                      "Plan Width": 57,
                                      "Inner Unique": false,
                                      "Hash Cond": "(catalog_sales.cs_catalog_page_sk = catalog_page.cp_catalog_page_sk)",
                                      "Plans": [
                                        {
                                          "Node Type": "Hash Join",
                                          "Parent Relationship": "Outer",
                                          "Parallel Aware": true,
                                          "Async Capable": false,
                                          "Join Type": "Inner",
                                          "Startup Cost": 2049.65,
                                          "Total Cost": 528247.76,
                                          "Plan Rows": 1265,
                                          "Plan Width": 44,
                                          "Inner Unique": false,
                                          "Hash Cond": "(catalog_sales.cs_sold_date_sk = date_dim_1.d_date_sk)",
                                          "Plans": [
                                            {
                                              "Node Type": "Append",
                                              "Parent Relationship": "Outer",
                                              "Parallel Aware": true,
                                              "Async Capable": false,
                                              "Startup Cost": 0.0,
                                              "Total Cost": 501439.31,
                                              "Plan Rows": 6600420,
                                              "Plan Width": 48,
                                              "Subplans Removed": 0,
                                              "Plans": [
                                                {
                                                  "Node Type": "Seq Scan",
                                                  "Parent Relationship": "Member",
                                                  "Parallel Aware": true,
                                                  "Async Capable": false,
                                                  "Relation Name": "catalog_sales",
                                                  "Alias": "catalog_sales",
                                                  "Startup Cost": 0.0,
                                                  "Total Cost": 433688.25,
                                                  "Plan Rows": 6000525,
                                                  "Plan Width": 48,
                                                  "parent": 24,
                                                  "ID": 25
                                                },
                                                {
                                                  "Node Type": "Seq Scan",
                                                  "Parent Relationship": "Member",
                                                  "Parallel Aware": true,
                                                  "Async Capable": false,
                                                  "Relation Name": "catalog_returns",
                                                  "Alias": "catalog_returns",
                                                  "Startup Cost": 0.0,
                                                  "Total Cost": 34748.95,
                                                  "Plan Rows": 599895,
                                                  "Plan Width": 48,
                                                  "parent": 24,
                                                  "ID": 26
                                                }
                                              ],
                                              "parent": 23,
                                              "ID": 24,
                                              "left": 25,
                                              "right": 26
                                            },
                                            {
                                              "Node Type": "Hash",
                                              "Parent Relationship": "Inner",
                                              "Parallel Aware": true,
                                              "Async Capable": false,
                                              "Startup Cost": 2049.55,
                                              "Total Cost": 2049.55,
                                              "Plan Rows": 8,
                                              "Plan Width": 4,
                                              "Plans": [
                                                {
                                                  "Node Type": "Seq Scan",
                                                  "Parent Relationship": "Outer",
                                                  "Parallel Aware": true,
                                                  "Async Capable": false,
                                                  "Relation Name": "date_dim",
                                                  "Alias": "date_dim_1",
                                                  "Startup Cost": 0.0,
                                                  "Total Cost": 2049.55,
                                                  "Plan Rows": 8,
                                                  "Plan Width": 4,
                                                  "Filter": "((d_date >= '1998-08-12'::date) AND (d_date <= '1998-08-26 00:00:00'::timestamp without time zone))",
                                                  "parent": 27,
                                                  "ID": 28
                                                }
                                              ],
                                              "parent": 23,
                                              "ID": 27,
                                              "left": 28
                                            }
                                          ],
                                          "parent": 22,
                                          "ID": 23,
                                          "left": 24,
                                          "right": 27
                                        },
                                        {
                                          "Node Type": "Hash",
                                          "Parent Relationship": "Inner",
                                          "Parallel Aware": false,
                                          "Async Capable": false,
                                          "Startup Cost": 368.0,
                                          "Total Cost": 368.0,
                                          "Plan Rows": 12000,
                                          "Plan Width": 21,
                                          "Plans": [
                                            {
                                              "Node Type": "Seq Scan",
                                              "Parent Relationship": "Outer",
                                              "Parallel Aware": false,
                                              "Async Capable": false,
                                              "Relation Name": "catalog_page",
                                              "Alias": "catalog_page",
                                              "Startup Cost": 0.0,
                                              "Total Cost": 368.0,
                                              "Plan Rows": 12000,
                                              "Plan Width": 21,
                                              "parent": 29,
                                              "ID": 30
                                            }
                                          ],
                                          "parent": 22,
                                          "ID": 29,
                                          "left": 30
                                        }
                                      ],
                                      "parent": 21,
                                      "ID": 22,
                                      "left": 23,
                                      "right": 29
                                    }
                                  ],
                                  "parent": 20,
                                  "ID": 21,
                                  "left": 22
                                }
                              ],
                              "parent": 19,
                              "ID": 20,
                              "left": 21
                            }
                          ],
                          "parent": 18,
                          "ID": 19,
                          "left": 20
                        }
                      ],
                      "parent": 3,
                      "ID": 18,
                      "left": 19
                    },
                    {
                      "Node Type": "Subquery Scan",
                      "Parent Relationship": "Member",
                      "Parallel Aware": false,
                      "Async Capable": false,
                      "Alias": "wsr",
                      "Startup Cost": 594058.45,
                      "Total Cost": 594067.44,
                      "Plan Rows": 21,
                      "Plan Width": 160,
                      "Plans": [
                        {
                          "Node Type": "Aggregate",
                          "Strategy": "Sorted",
                          "Partial Mode": "Finalize",
                          "Parent Relationship": "Subquery",
                          "Parallel Aware": false,
                          "Async Capable": false,
                          "Startup Cost": 594058.45,
                          "Total Cost": 594067.07,
                          "Plan Rows": 21,
                          "Plan Width": 145,
                          "Group Key": [
                            "web_site.web_site_id"
                          ],
                          "Plans": [
                            {
                              "Node Type": "Gather Merge",
                              "Parent Relationship": "Outer",
                              "Parallel Aware": false,
                              "Async Capable": false,
                              "Startup Cost": 594058.45,
                              "Total Cost": 594065.71,
                              "Plan Rows": 42,
                              "Plan Width": 145,
                              "Workers Planned": 2,
                              "Plans": [
                                {
                                  "Node Type": "Aggregate",
                                  "Strategy": "Sorted",
                                  "Partial Mode": "Partial",
                                  "Parent Relationship": "Outer",
                                  "Parallel Aware": false,
                                  "Async Capable": false,
                                  "Startup Cost": 593058.42,
                                  "Total Cost": 593060.84,
                                  "Plan Rows": 21,
                                  "Plan Width": 145,
                                  "Group Key": [
                                    "web_site.web_site_id"
                                  ],
                                  "Plans": [
                                    {
                                      "Node Type": "Sort",
                                      "Parent Relationship": "Outer",
                                      "Parallel Aware": false,
                                      "Async Capable": false,
                                      "Startup Cost": 593058.42,
                                      "Total Cost": 593058.75,
                                      "Plan Rows": 133,
                                      "Plan Width": 57,
                                      "Sort Key": [
                                        "web_site.web_site_id"
                                      ],
                                      "Plans": [
                                        {
                                          "Node Type": "Hash Join",
                                          "Parent Relationship": "Outer",
                                          "Parallel Aware": false,
                                          "Async Capable": false,
                                          "Join Type": "Inner",
                                          "Startup Cost": 2053.6,
                                          "Total Cost": 593053.73,
                                          "Plan Rows": 133,
                                          "Plan Width": 57,
                                          "Inner Unique": false,
                                          "Hash Cond": "(\"*SELECT* 2\".wsr_web_site_sk = web_site.web_site_sk)",
                                          "Plans": [
                                            {
                                              "Node Type": "Hash Join",
                                              "Parent Relationship": "Outer",
                                              "Parallel Aware": true,
                                              "Async Capable": false,
                                              "Join Type": "Inner",
                                              "Startup Cost": 2049.65,
                                              "Total Cost": 593046.09,
                                              "Plan Rows": 632,
                                              "Plan Width": 44,
                                              "Inner Unique": false,
                                              "Hash Cond": "(\"*SELECT* 2\".date_sk = date_dim_2.d_date_sk)",
                                              "Plans": [
                                                {
                                                  "Node Type": "Append",
                                                  "Parent Relationship": "Outer",
                                                  "Parallel Aware": true,
                                                  "Async Capable": false,
                                                  "Startup Cost": 0.0,
                                                  "Total Cost": 577049.1,
                                                  "Plan Rows": 3718203,
                                                  "Plan Width": 48,
                                                  "Subplans Removed": 0,
                                                  "Plans": [
                                                    {
                                                      "Node Type": "Subquery Scan",
                                                      "Parent Relationship": "Member",
                                                      "Parallel Aware": false,
                                                      "Async Capable": false,
                                                      "Alias": "*SELECT* 2",
                                                      "Startup Cost": 277366.65,
                                                      "Total Cost": 340720.23,
                                                      "Plan Rows": 719217,
                                                      "Plan Width": 48,
                                                      "Plans": [
                                                        {
                                                          "Node Type": "Hash Join",
                                                          "Parent Relationship": "Subquery",
                                                          "Parallel Aware": true,
                                                          "Async Capable": false,
                                                          "Join Type": "Left",
                                                          "Startup Cost": 277366.65,
                                                          "Total Cost": 333528.06,
                                                          "Plan Rows": 299674,
                                                          "Plan Width": 48,
                                                          "Inner Unique": false,
                                                          "Hash Cond": "((web_returns.wr_item_sk = web_sales_1.ws_item_sk) AND (web_returns.wr_order_number = web_sales_1.ws_order_number))",
                                                          "Plans": [
                                                            {
                                                              "Node Type": "Seq Scan",
                                                              "Parent Relationship": "Outer",
                                                              "Parallel Aware": true,
                                                              "Async Capable": false,
                                                              "Relation Name": "web_returns",
                                                              "Alias": "web_returns",
                                                              "Startup Cost": 0.0,
                                                              "Total Cost": 16278.74,
                                                              "Plan Rows": 299674,
                                                              "Plan Width": 24,
                                                              "parent": 40,
                                                              "ID": 41
                                                            },
                                                            {
                                                              "Node Type": "Hash",
                                                              "Parent Relationship": "Inner",
                                                              "Parallel Aware": true,
                                                              "Async Capable": false,
                                                              "Startup Cost": 217737.86,
                                                              "Total Cost": 217737.86,
                                                              "Plan Rows": 2998986,
                                                              "Plan Width": 12,
                                                              "Plans": [
                                                                {
                                                                  "Node Type": "Seq Scan",
                                                                  "Parent Relationship": "Outer",
                                                                  "Parallel Aware": true,
                                                                  "Async Capable": false,
                                                                  "Relation Name": "web_sales",
                                                                  "Alias": "web_sales_1",
                                                                  "Startup Cost": 0.0,
                                                                  "Total Cost": 217737.86,
                                                                  "Plan Rows": 2998986,
                                                                  "Plan Width": 12,
                                                                  "parent": 42,
                                                                  "ID": 43
                                                                }
                                                              ],
                                                              "parent": 40,
                                                              "ID": 42,
                                                              "left": 43
                                                            }
                                                          ],
                                                          "parent": 39,
                                                          "ID": 40,
                                                          "left": 41,
                                                          "right": 42
                                                        }
                                                      ],
                                                      "parent": 38,
                                                      "ID": 39,
                                                      "left": 40
                                                    },
                                                    {
                                                      "Node Type": "Seq Scan",
                                                      "Parent Relationship": "Member",
                                                      "Parallel Aware": true,
                                                      "Async Capable": false,
                                                      "Relation Name": "web_sales",
                                                      "Alias": "web_sales",
                                                      "Startup Cost": 0.0,
                                                      "Total Cost": 217737.86,
                                                      "Plan Rows": 2998986,
                                                      "Plan Width": 48,
                                                      "parent": 38,
                                                      "ID": 44
                                                    }
                                                  ],
                                                  "parent": 37,
                                                  "ID": 38,
                                                  "left": 39,
                                                  "right": 44
                                                },
                                                {
                                                  "Node Type": "Hash",
                                                  "Parent Relationship": "Inner",
                                                  "Parallel Aware": true,
                                                  "Async Capable": false,
                                                  "Startup Cost": 2049.55,
                                                  "Total Cost": 2049.55,
                                                  "Plan Rows": 8,
                                                  "Plan Width": 4,
                                                  "Plans": [
                                                    {
                                                      "Node Type": "Seq Scan",
                                                      "Parent Relationship": "Outer",
                                                      "Parallel Aware": true,
                                                      "Async Capable": false,
                                                      "Relation Name": "date_dim",
                                                      "Alias": "date_dim_2",
                                                      "Startup Cost": 0.0,
                                                      "Total Cost": 2049.55,
                                                      "Plan Rows": 8,
                                                      "Plan Width": 4,
                                                      "Filter": "((d_date >= '1998-08-12'::date) AND (d_date <= '1998-08-26 00:00:00'::timestamp without time zone))",
                                                      "parent": 45,
                                                      "ID": 46
                                                    }
                                                  ],
                                                  "parent": 37,
                                                  "ID": 45,
                                                  "left": 46
                                                }
                                              ],
                                              "parent": 36,
                                              "ID": 37,
                                              "left": 38,
                                              "right": 45
                                            },
                                            {
                                              "Node Type": "Hash",
                                              "Parent Relationship": "Inner",
                                              "Parallel Aware": false,
                                              "Async Capable": false,
                                              "Startup Cost": 3.42,
                                              "Total Cost": 3.42,
                                              "Plan Rows": 42,
                                              "Plan Width": 21,
                                              "Plans": [
                                                {
                                                  "Node Type": "Seq Scan",
                                                  "Parent Relationship": "Outer",
                                                  "Parallel Aware": false,
                                                  "Async Capable": false,
                                                  "Relation Name": "web_site",
                                                  "Alias": "web_site",
                                                  "Startup Cost": 0.0,
                                                  "Total Cost": 3.42,
                                                  "Plan Rows": 42,
                                                  "Plan Width": 21,
                                                  "parent": 47,
                                                  "ID": 48
                                                }
                                              ],
                                              "parent": 36,
                                              "ID": 47,
                                              "left": 48
                                            }
                                          ],
                                          "parent": 35,
                                          "ID": 36,
                                          "left": 37,
                                          "right": 47
                                        }
                                      ],
                                      "parent": 34,
                                      "ID": 35,
                                      "left": 36
                                    }
                                  ],
                                  "parent": 33,
                                  "ID": 34,
                                  "left": 35
                                }
                              ],
                              "parent": 32,
                              "ID": 33,
                              "left": 34
                            }
                          ],
                          "parent": 31,
                          "ID": 32,
                          "left": 33
                        }
                      ],
                      "parent": 3,
                      "ID": 31,
                      "left": 32
                    }
                  ],
                  "parent": 2,
                  "ID": 3,
                  "left": 4,
                  "right": 18
                }
              ],
              "parent": 1,
              "ID": 2,
              "left": 3
            }
          ],
          "parent": 0,
          "ID": 1,
          "left": 2
        }
      ],
      "parent": null,
      "ID": 0,
      "left": 1
    },
    "feat": {
      "utility": 0.0,
      "query_shape": [
        [
          "Seq Scan",
          "Append",
          "Hash Join",
          "Sort",
          "Aggregate",
          "Gather Merge",
          "Subquery Scan"
        ],
        [
          "Seq Scan",
          "Append",
          "Hash Join",
          "Sort",
          "Aggregate",
          "Gather Merge",
          "Subquery Scan"
        ],
        [
          "Seq Scan",
          "Hash",
          "Hash Join",
          "Sort",
          "Aggregate",
          "Gather Merge",
          "Subquery Scan",
          "Append"
        ],
        [
          "Seq Scan",
          "Hash",
          "Hash Join",
          "Sort",
          "Aggregate",
          "Gather Merge",
          "Subquery Scan",
          "Append"
        ],
        [
          "Seq Scan",
          "Append",
          "Hash Join",
          "Sort",
          "Gather Merge",
          "Aggregate",
          "Subquery Scan"
        ],
        [
          "Seq Scan",
          "Append",
          "Hash Join",
          "Sort",
          "Gather Merge",
          "Aggregate",
          "Subquery Scan"
        ],
        [
          "Seq Scan",
          "Hash",
          "Hash Join",
          "Sort",
          "Gather Merge",
          "Aggregate",
          "Subquery Scan",
          "Append"
        ],
        [
          "Seq Scan",
          "Hash",
          "Hash Join",
          "Sort",
          "Gather Merge",
          "Aggregate",
          "Subquery Scan",
          "Append"
        ],
        [
          "Seq Scan",
          "Hash Join",
          "Subquery Scan",
          "Append",
          "Sort",
          "Aggregate",
          "Gather Merge"
        ],
        [
          "Seq Scan",
          "Hash",
          "Hash Join",
          "Subquery Scan",
          "Append",
          "Sort",
          "Aggregate",
          "Gather Merge"
        ],
        [
          "Seq Scan",
          "Append",
          "Hash Join",
          "Sort",
          "Aggregate",
          "Gather Merge",
          "Subquery Scan"
        ],
        [
          "Seq Scan",
          "Hash",
          "Hash Join",
          "Sort",
          "Aggregate",
          "Gather Merge",
          "Subquery Scan",
          "Append"
        ],
        [
          "Seq Scan",
          "Hash",
          "Hash Join",
          "Sort",
          "Aggregate",
          "Gather Merge",
          "Subquery Scan",
          "Append"
        ]
      ],
      "index_shape": [],
      "physical_operator": {}
    }
  },
  {
    "query": "with ssr as\n (select s_store_id,\n        sum(sales_price) as sales,\n        sum(profit) as profit,\n        sum(return_amt) as returns,\n        sum(net_loss) as profit_loss\n from\n  ( select  ss_store_sk as store_sk,\n            ss_sold_date_sk  as date_sk,\n            ss_ext_sales_price as sales_price,\n            ss_net_profit as profit,\n            cast(0 as decimal(7,2)) as return_amt,\n            cast(0 as decimal(7,2)) as net_loss\n    from store_sales\n    union all\n    select sr_store_sk as store_sk,\n           sr_returned_date_sk as date_sk,\n           cast(0 as decimal(7,2)) as sales_price,\n           cast(0 as decimal(7,2)) as profit,\n           sr_return_amt as return_amt,\n           sr_net_loss as net_loss\n    from store_returns\n   ) salesreturns,\n     date_dim,\n     store\n where date_sk = d_date_sk\n       and d_date between cast('1998-08-12' as date) \n                  and (cast('1998-08-12' as date) +  interval '14 days')\n       and store_sk = s_store_sk\n group by s_store_id)\n ,\n csr as\n (select cp_catalog_page_id,\n        sum(sales_price) as sales,\n        sum(profit) as profit,\n        sum(return_amt) as returns,\n        sum(net_loss) as profit_loss\n from\n  ( select  cs_catalog_page_sk as page_sk,\n            cs_sold_date_sk  as date_sk,\n            cs_ext_sales_price as sales_price,\n            cs_net_profit as profit,\n            cast(0 as decimal(7,2)) as return_amt,\n            cast(0 as decimal(7,2)) as net_loss\n    from catalog_sales\n    union all\n    select cr_catalog_page_sk as page_sk,\n           cr_returned_date_sk as date_sk,\n           cast(0 as decimal(7,2)) as sales_price,\n           cast(0 as decimal(7,2)) as profit,\n           cr_return_amount as return_amt,\n           cr_net_loss as net_loss\n    from catalog_returns\n   ) salesreturns,\n     date_dim,\n     catalog_page\n where date_sk = d_date_sk\n       and d_date between cast('1998-08-12' as date)\n                  and (cast('1998-08-12' as date) +  interval '14 days')\n       and page_sk = cp_catalog_page_sk\n group by cp_catalog_page_id)\n ,\n wsr as\n (select web_site_id,\n        sum(sales_price) as sales,\n        sum(profit) as profit,\n        sum(return_amt) as returns,\n        sum(net_loss) as profit_loss\n from\n  ( select  ws_web_site_sk as wsr_web_site_sk,\n            ws_sold_date_sk  as date_sk,\n            ws_ext_sales_price as sales_price,\n            ws_net_profit as profit,\n            cast(0 as decimal(7,2)) as return_amt,\n            cast(0 as decimal(7,2)) as net_loss\n    from web_sales\n    union all\n    select ws_web_site_sk as wsr_web_site_sk,\n           wr_returned_date_sk as date_sk,\n           cast(0 as decimal(7,2)) as sales_price,\n           cast(0 as decimal(7,2)) as profit,\n           wr_return_amt as return_amt,\n           wr_net_loss as net_loss\n    from web_returns left outer join web_sales on\n         ( wr_item_sk = ws_item_sk\n           and wr_order_number = ws_order_number)\n   ) salesreturns,\n     date_dim,\n     web_site\n where date_sk = d_date_sk\n       and d_date between cast('1998-08-12' as date)\n                  and (cast('1998-08-12' as date) +  interval '14 days')\n       and wsr_web_site_sk = web_site_sk\n group by web_site_id)\n  select  channel\n        , id\n        , sum(sales) as sales\n        , sum(returns) as returns\n        , sum(profit) as profit\n from \n (select 'store channel' as channel\n        , 'store' || s_store_id as id\n        , sales\n        , returns\n        , (profit - profit_loss) as profit\n from   ssr\n union all\n select 'catalog channel' as channel\n        , 'catalog_page' || cp_catalog_page_id as id\n        , sales\n        , returns\n        , (profit - profit_loss) as profit\n from  csr\n union all\n select 'web channel' as channel\n        , 'web_site' || web_site_id as id\n        , sales\n        , returns\n        , (profit - profit_loss) as profit\n from   wsr\n ) x\n group by rollup (channel, id)\n order by channel\n         ,id\n limit 100;\n\n-- end query 3 in stream 0 using template query5.tpl\n",
    "indexes": "web_returns.wr_returned_date_sk",
    "wo plan est": {
      "Node Type": "Limit",
      "Parallel Aware": false,
      "Async Capable": false,
      "Startup Cost": 1940046.82,
      "Total Cost": 1940047.07,
      "Plan Rows": 100,
      "Plan Width": 160,
      "Plans": [
        {
          "Node Type": "Sort",
          "Parent Relationship": "Outer",
          "Parallel Aware": false,
          "Async Capable": false,
          "Startup Cost": 1940046.82,
          "Total Cost": 1940048.1,
          "Plan Rows": 512,
          "Plan Width": 160,
          "Sort Key": [
            "('store channel'::text)",
            "(('store'::text || (ssr.s_store_id)::text))"
          ],
          "Plans": [
            {
              "Node Type": "Aggregate",
              "Strategy": "Mixed",
              "Partial Mode": "Simple",
              "Parent Relationship": "Outer",
              "Parallel Aware": false,
              "Async Capable": false,
              "Startup Cost": 815451.97,
              "Total Cost": 1940027.26,
              "Plan Rows": 512,
              "Plan Width": 160,
              "Grouping Sets": [
                {
                  "Hash Keys": [
                    [
                      "('store channel'::text)",
                      "(('store'::text || (ssr.s_store_id)::text))"
                    ]
                  ]
                },
                {
                  "Hash Keys": [
                    [
                      "('store channel'::text)"
                    ]
                  ]
                },
                {
                  "Group Keys": [
                    []
                  ]
                }
              ],
              "Planned Partitions": 0,
              "Plans": [
                {
                  "Node Type": "Append",
                  "Parent Relationship": "Outer",
                  "Parallel Aware": false,
                  "Async Capable": false,
                  "Startup Cost": 815451.97,
                  "Total Cost": 1939925.06,
                  "Plan Rows": 3108,
                  "Plan Width": 160,
                  "Subplans Removed": 0,
                  "Plans": [
                    {
                      "Node Type": "Subquery Scan",
                      "Parent Relationship": "Member",
                      "Parallel Aware": false,
                      "Async Capable": false,
                      "Alias": "ssr",
                      "Startup Cost": 815451.97,
                      "Total Cost": 815488.32,
                      "Plan Rows": 51,
                      "Plan Width": 160,
                      "Plans": [
                        {
                          "Node Type": "Aggregate",
                          "Strategy": "Sorted",
                          "Partial Mode": "Finalize",
                          "Parent Relationship": "Subquery",
                          "Parallel Aware": false,
                          "Async Capable": false,
                          "Startup Cost": 815451.97,
                          "Total Cost": 815487.43,
                          "Plan Rows": 51,
                          "Plan Width": 145,
                          "Group Key": [
                            "store.s_store_id"
                          ],
                          "Plans": [
                            {
                              "Node Type": "Gather Merge",
                              "Parent Relationship": "Outer",
                              "Parallel Aware": false,
                              "Async Capable": false,
                              "Startup Cost": 815451.97,
                              "Total Cost": 815484.12,
                              "Plan Rows": 102,
                              "Plan Width": 145,
                              "Workers Planned": 2,
                              "Plans": [
                                {
                                  "Node Type": "Aggregate",
                                  "Strategy": "Sorted",
                                  "Partial Mode": "Partial",
                                  "Parent Relationship": "Outer",
                                  "Parallel Aware": false,
                                  "Async Capable": false,
                                  "Startup Cost": 814451.95,
                                  "Total Cost": 814472.32,
                                  "Plan Rows": 51,
                                  "Plan Width": 145,
                                  "Group Key": [
                                    "store.s_store_id"
                                  ],
                                  "Plans": [
                                    {
                                      "Node Type": "Sort",
                                      "Parent Relationship": "Outer",
                                      "Parallel Aware": false,
                                      "Async Capable": false,
                                      "Startup Cost": 814451.95,
                                      "Total Cost": 814455.17,
                                      "Plan Rows": 1290,
                                      "Plan Width": 57,
                                      "Sort Key": [
                                        "store.s_store_id"
                                      ],
                                      "Plans": [
                                        {
                                          "Node Type": "Hash Join",
                                          "Parent Relationship": "Outer",
                                          "Parallel Aware": false,
                                          "Async Capable": false,
                                          "Join Type": "Inner",
                                          "Startup Cost": 2056.95,
                                          "Total Cost": 814385.3,
                                          "Plan Rows": 1290,
                                          "Plan Width": 57,
                                          "Inner Unique": false,
                                          "Hash Cond": "(store_sales.ss_store_sk = store.s_store_sk)",
                                          "Plans": [
                                            {
                                              "Node Type": "Hash Join",
                                              "Parent Relationship": "Outer",
                                              "Parallel Aware": true,
                                              "Async Capable": false,
                                              "Join Type": "Inner",
                                              "Startup Cost": 2049.65,
                                              "Total Cost": 814355.62,
                                              "Plan Rows": 2530,
                                              "Plan Width": 44,
                                              "Inner Unique": false,
                                              "Hash Cond": "(store_sales.ss_sold_date_sk = date_dim.d_date_sk)",
                                              "Plans": [
                                                {
                                                  "Node Type": "Append",
                                                  "Parent Relationship": "Outer",
                                                  "Parallel Aware": true,
                                                  "Async Capable": false,
                                                  "Startup Cost": 0.0,
                                                  "Total Cost": 762796.01,
                                                  "Plan Rows": 13198801,
                                                  "Plan Width": 48,
                                                  "Subplans Removed": 0,
                                                  "Plans": [
                                                    {
                                                      "Node Type": "Seq Scan",
                                                      "Parent Relationship": "Member",
                                                      "Parallel Aware": true,
                                                      "Async Capable": false,
                                                      "Relation Name": "store_sales",
                                                      "Alias": "store_sales",
                                                      "Startup Cost": 0.0,
                                                      "Total Cost": 636914.37,
                                                      "Plan Rows": 12000637,
                                                      "Plan Width": 48,
                                                      "parent": 11,
                                                      "ID": 12
                                                    },
                                                    {
                                                      "Node Type": "Seq Scan",
                                                      "Parent Relationship": "Member",
                                                      "Parallel Aware": true,
                                                      "Async Capable": false,
                                                      "Relation Name": "store_returns",
                                                      "Alias": "store_returns",
                                                      "Startup Cost": 0.0,
                                                      "Total Cost": 59887.64,
                                                      "Plan Rows": 1198164,
                                                      "Plan Width": 48,
                                                      "parent": 11,
                                                      "ID": 13
                                                    }
                                                  ],
                                                  "parent": 10,
                                                  "ID": 11,
                                                  "left": 12,
                                                  "right": 13
                                                },
                                                {
                                                  "Node Type": "Hash",
                                                  "Parent Relationship": "Inner",
                                                  "Parallel Aware": true,
                                                  "Async Capable": false,
                                                  "Startup Cost": 2049.55,
                                                  "Total Cost": 2049.55,
                                                  "Plan Rows": 8,
                                                  "Plan Width": 4,
                                                  "Plans": [
                                                    {
                                                      "Node Type": "Seq Scan",
                                                      "Parent Relationship": "Outer",
                                                      "Parallel Aware": true,
                                                      "Async Capable": false,
                                                      "Relation Name": "date_dim",
                                                      "Alias": "date_dim",
                                                      "Startup Cost": 0.0,
                                                      "Total Cost": 2049.55,
                                                      "Plan Rows": 8,
                                                      "Plan Width": 4,
                                                      "Filter": "((d_date >= '1998-08-12'::date) AND (d_date <= '1998-08-26 00:00:00'::timestamp without time zone))",
                                                      "parent": 14,
                                                      "ID": 15
                                                    }
                                                  ],
                                                  "parent": 10,
                                                  "ID": 14,
                                                  "left": 15
                                                }
                                              ],
                                              "parent": 9,
                                              "ID": 10,
                                              "left": 11,
                                              "right": 14
                                            },
                                            {
                                              "Node Type": "Hash",
                                              "Parent Relationship": "Inner",
                                              "Parallel Aware": false,
                                              "Async Capable": false,
                                              "Startup Cost": 6.02,
                                              "Total Cost": 6.02,
                                              "Plan Rows": 102,
                                              "Plan Width": 21,
                                              "Plans": [
                                                {
                                                  "Node Type": "Seq Scan",
                                                  "Parent Relationship": "Outer",
                                                  "Parallel Aware": false,
                                                  "Async Capable": false,
                                                  "Relation Name": "store",
                                                  "Alias": "store",
                                                  "Startup Cost": 0.0,
                                                  "Total Cost": 6.02,
                                                  "Plan Rows": 102,
                                                  "Plan Width": 21,
                                                  "parent": 16,
                                                  "ID": 17
                                                }
                                              ],
                                              "parent": 9,
                                              "ID": 16,
                                              "left": 17
                                            }
                                          ],
                                          "parent": 8,
                                          "ID": 9,
                                          "left": 10,
                                          "right": 16
                                        }
                                      ],
                                      "parent": 7,
                                      "ID": 8,
                                      "left": 9
                                    }
                                  ],
                                  "parent": 6,
                                  "ID": 7,
                                  "left": 8
                                }
                              ],
                              "parent": 5,
                              "ID": 6,
                              "left": 7
                            }
                          ],
                          "parent": 4,
                          "ID": 5,
                          "left": 6
                        }
                      ],
                      "parent": 3,
                      "ID": 4,
                      "left": 5
                    },
                    {
                      "Node Type": "Subquery Scan",
                      "Parent Relationship": "Member",
                      "Parallel Aware": false,
                      "Async Capable": false,
                      "Alias": "csr",
                      "Startup Cost": 529848.36,
                      "Total Cost": 530353.75,
                      "Plan Rows": 3036,
                      "Plan Width": 160,
                      "Plans": [
                        {
                          "Node Type": "Aggregate",
                          "Strategy": "Sorted",
                          "Partial Mode": "Simple",
                          "Parent Relationship": "Subquery",
                          "Parallel Aware": false,
                          "Async Capable": false,
                          "Startup Cost": 529848.36,
                          "Total Cost": 530300.62,
                          "Plan Rows": 3036,
                          "Plan Width": 145,
                          "Group Key": [
                            "catalog_page.cp_catalog_page_id"
                          ],
                          "Plans": [
                            {
                              "Node Type": "Gather Merge",
                              "Parent Relationship": "Outer",
                              "Parallel Aware": false,
                              "Async Capable": false,
                              "Startup Cost": 529848.36,
                              "Total Cost": 530201.95,
                              "Plan Rows": 3036,
                              "Plan Width": 57,
                              "Workers Planned": 2,
                              "Plans": [
                                {
                                  "Node Type": "Sort",
                                  "Parent Relationship": "Outer",
                                  "Parallel Aware": false,
                                  "Async Capable": false,
                                  "Startup Cost": 528848.34,
                                  "Total Cost": 528851.5,
                                  "Plan Rows": 1265,
                                  "Plan Width": 57,
                                  "Sort Key": [
                                    "catalog_page.cp_catalog_page_id"
                                  ],
                                  "Plans": [
                                    {
                                      "Node Type": "Hash Join",
                                      "Parent Relationship": "Outer",
                                      "Parallel Aware": false,
                                      "Async Capable": false,
                                      "Join Type": "Inner",
                                      "Startup Cost": 2567.65,
                                      "Total Cost": 528783.16,
                                      "Plan Rows": 1265,
                                      "Plan Width": 57,
                                      "Inner Unique": false,
                                      "Hash Cond": "(catalog_sales.cs_catalog_page_sk = catalog_page.cp_catalog_page_sk)",
                                      "Plans": [
                                        {
                                          "Node Type": "Hash Join",
                                          "Parent Relationship": "Outer",
                                          "Parallel Aware": true,
                                          "Async Capable": false,
                                          "Join Type": "Inner",
                                          "Startup Cost": 2049.65,
                                          "Total Cost": 528247.76,
                                          "Plan Rows": 1265,
                                          "Plan Width": 44,
                                          "Inner Unique": false,
                                          "Hash Cond": "(catalog_sales.cs_sold_date_sk = date_dim_1.d_date_sk)",
                                          "Plans": [
                                            {
                                              "Node Type": "Append",
                                              "Parent Relationship": "Outer",
                                              "Parallel Aware": true,
                                              "Async Capable": false,
                                              "Startup Cost": 0.0,
                                              "Total Cost": 501439.31,
                                              "Plan Rows": 6600420,
                                              "Plan Width": 48,
                                              "Subplans Removed": 0,
                                              "Plans": [
                                                {
                                                  "Node Type": "Seq Scan",
                                                  "Parent Relationship": "Member",
                                                  "Parallel Aware": true,
                                                  "Async Capable": false,
                                                  "Relation Name": "catalog_sales",
                                                  "Alias": "catalog_sales",
                                                  "Startup Cost": 0.0,
                                                  "Total Cost": 433688.25,
                                                  "Plan Rows": 6000525,
                                                  "Plan Width": 48,
                                                  "parent": 24,
                                                  "ID": 25
                                                },
                                                {
                                                  "Node Type": "Seq Scan",
                                                  "Parent Relationship": "Member",
                                                  "Parallel Aware": true,
                                                  "Async Capable": false,
                                                  "Relation Name": "catalog_returns",
                                                  "Alias": "catalog_returns",
                                                  "Startup Cost": 0.0,
                                                  "Total Cost": 34748.95,
                                                  "Plan Rows": 599895,
                                                  "Plan Width": 48,
                                                  "parent": 24,
                                                  "ID": 26
                                                }
                                              ],
                                              "parent": 23,
                                              "ID": 24,
                                              "left": 25,
                                              "right": 26
                                            },
                                            {
                                              "Node Type": "Hash",
                                              "Parent Relationship": "Inner",
                                              "Parallel Aware": true,
                                              "Async Capable": false,
                                              "Startup Cost": 2049.55,
                                              "Total Cost": 2049.55,
                                              "Plan Rows": 8,
                                              "Plan Width": 4,
                                              "Plans": [
                                                {
                                                  "Node Type": "Seq Scan",
                                                  "Parent Relationship": "Outer",
                                                  "Parallel Aware": true,
                                                  "Async Capable": false,
                                                  "Relation Name": "date_dim",
                                                  "Alias": "date_dim_1",
                                                  "Startup Cost": 0.0,
                                                  "Total Cost": 2049.55,
                                                  "Plan Rows": 8,
                                                  "Plan Width": 4,
                                                  "Filter": "((d_date >= '1998-08-12'::date) AND (d_date <= '1998-08-26 00:00:00'::timestamp without time zone))",
                                                  "parent": 27,
                                                  "ID": 28
                                                }
                                              ],
                                              "parent": 23,
                                              "ID": 27,
                                              "left": 28
                                            }
                                          ],
                                          "parent": 22,
                                          "ID": 23,
                                          "left": 24,
                                          "right": 27
                                        },
                                        {
                                          "Node Type": "Hash",
                                          "Parent Relationship": "Inner",
                                          "Parallel Aware": false,
                                          "Async Capable": false,
                                          "Startup Cost": 368.0,
                                          "Total Cost": 368.0,
                                          "Plan Rows": 12000,
                                          "Plan Width": 21,
                                          "Plans": [
                                            {
                                              "Node Type": "Seq Scan",
                                              "Parent Relationship": "Outer",
                                              "Parallel Aware": false,
                                              "Async Capable": false,
                                              "Relation Name": "catalog_page",
                                              "Alias": "catalog_page",
                                              "Startup Cost": 0.0,
                                              "Total Cost": 368.0,
                                              "Plan Rows": 12000,
                                              "Plan Width": 21,
                                              "parent": 29,
                                              "ID": 30
                                            }
                                          ],
                                          "parent": 22,
                                          "ID": 29,
                                          "left": 30
                                        }
                                      ],
                                      "parent": 21,
                                      "ID": 22,
                                      "left": 23,
                                      "right": 29
                                    }
                                  ],
                                  "parent": 20,
                                  "ID": 21,
                                  "left": 22
                                }
                              ],
                              "parent": 19,
                              "ID": 20,
                              "left": 21
                            }
                          ],
                          "parent": 18,
                          "ID": 19,
                          "left": 20
                        }
                      ],
                      "parent": 3,
                      "ID": 18,
                      "left": 19
                    },
                    {
                      "Node Type": "Subquery Scan",
                      "Parent Relationship": "Member",
                      "Parallel Aware": false,
                      "Async Capable": false,
                      "Alias": "wsr",
                      "Startup Cost": 594058.45,
                      "Total Cost": 594067.44,
                      "Plan Rows": 21,
                      "Plan Width": 160,
                      "Plans": [
                        {
                          "Node Type": "Aggregate",
                          "Strategy": "Sorted",
                          "Partial Mode": "Finalize",
                          "Parent Relationship": "Subquery",
                          "Parallel Aware": false,
                          "Async Capable": false,
                          "Startup Cost": 594058.45,
                          "Total Cost": 594067.07,
                          "Plan Rows": 21,
                          "Plan Width": 145,
                          "Group Key": [
                            "web_site.web_site_id"
                          ],
                          "Plans": [
                            {
                              "Node Type": "Gather Merge",
                              "Parent Relationship": "Outer",
                              "Parallel Aware": false,
                              "Async Capable": false,
                              "Startup Cost": 594058.45,
                              "Total Cost": 594065.71,
                              "Plan Rows": 42,
                              "Plan Width": 145,
                              "Workers Planned": 2,
                              "Plans": [
                                {
                                  "Node Type": "Aggregate",
                                  "Strategy": "Sorted",
                                  "Partial Mode": "Partial",
                                  "Parent Relationship": "Outer",
                                  "Parallel Aware": false,
                                  "Async Capable": false,
                                  "Startup Cost": 593058.42,
                                  "Total Cost": 593060.84,
                                  "Plan Rows": 21,
                                  "Plan Width": 145,
                                  "Group Key": [
                                    "web_site.web_site_id"
                                  ],
                                  "Plans": [
                                    {
                                      "Node Type": "Sort",
                                      "Parent Relationship": "Outer",
                                      "Parallel Aware": false,
                                      "Async Capable": false,
                                      "Startup Cost": 593058.42,
                                      "Total Cost": 593058.75,
                                      "Plan Rows": 133,
                                      "Plan Width": 57,
                                      "Sort Key": [
                                        "web_site.web_site_id"
                                      ],
                                      "Plans": [
                                        {
                                          "Node Type": "Hash Join",
                                          "Parent Relationship": "Outer",
                                          "Parallel Aware": false,
                                          "Async Capable": false,
                                          "Join Type": "Inner",
                                          "Startup Cost": 2053.6,
                                          "Total Cost": 593053.73,
                                          "Plan Rows": 133,
                                          "Plan Width": 57,
                                          "Inner Unique": false,
                                          "Hash Cond": "(\"*SELECT* 2\".wsr_web_site_sk = web_site.web_site_sk)",
                                          "Plans": [
                                            {
                                              "Node Type": "Hash Join",
                                              "Parent Relationship": "Outer",
                                              "Parallel Aware": true,
                                              "Async Capable": false,
                                              "Join Type": "Inner",
                                              "Startup Cost": 2049.65,
                                              "Total Cost": 593046.09,
                                              "Plan Rows": 632,
                                              "Plan Width": 44,
                                              "Inner Unique": false,
                                              "Hash Cond": "(\"*SELECT* 2\".date_sk = date_dim_2.d_date_sk)",
                                              "Plans": [
                                                {
                                                  "Node Type": "Append",
                                                  "Parent Relationship": "Outer",
                                                  "Parallel Aware": true,
                                                  "Async Capable": false,
                                                  "Startup Cost": 0.0,
                                                  "Total Cost": 577049.1,
                                                  "Plan Rows": 3718203,
                                                  "Plan Width": 48,
                                                  "Subplans Removed": 0,
                                                  "Plans": [
                                                    {
                                                      "Node Type": "Subquery Scan",
                                                      "Parent Relationship": "Member",
                                                      "Parallel Aware": false,
                                                      "Async Capable": false,
                                                      "Alias": "*SELECT* 2",
                                                      "Startup Cost": 277366.65,
                                                      "Total Cost": 340720.23,
                                                      "Plan Rows": 719217,
                                                      "Plan Width": 48,
                                                      "Plans": [
                                                        {
                                                          "Node Type": "Hash Join",
                                                          "Parent Relationship": "Subquery",
                                                          "Parallel Aware": true,
                                                          "Async Capable": false,
                                                          "Join Type": "Left",
                                                          "Startup Cost": 277366.65,
                                                          "Total Cost": 333528.06,
                                                          "Plan Rows": 299674,
                                                          "Plan Width": 48,
                                                          "Inner Unique": false,
                                                          "Hash Cond": "((web_returns.wr_item_sk = web_sales_1.ws_item_sk) AND (web_returns.wr_order_number = web_sales_1.ws_order_number))",
                                                          "Plans": [
                                                            {
                                                              "Node Type": "Seq Scan",
                                                              "Parent Relationship": "Outer",
                                                              "Parallel Aware": true,
                                                              "Async Capable": false,
                                                              "Relation Name": "web_returns",
                                                              "Alias": "web_returns",
                                                              "Startup Cost": 0.0,
                                                              "Total Cost": 16278.74,
                                                              "Plan Rows": 299674,
                                                              "Plan Width": 24,
                                                              "parent": 40,
                                                              "ID": 41
                                                            },
                                                            {
                                                              "Node Type": "Hash",
                                                              "Parent Relationship": "Inner",
                                                              "Parallel Aware": true,
                                                              "Async Capable": false,
                                                              "Startup Cost": 217737.86,
                                                              "Total Cost": 217737.86,
                                                              "Plan Rows": 2998986,
                                                              "Plan Width": 12,
                                                              "Plans": [
                                                                {
                                                                  "Node Type": "Seq Scan",
                                                                  "Parent Relationship": "Outer",
                                                                  "Parallel Aware": true,
                                                                  "Async Capable": false,
                                                                  "Relation Name": "web_sales",
                                                                  "Alias": "web_sales_1",
                                                                  "Startup Cost": 0.0,
                                                                  "Total Cost": 217737.86,
                                                                  "Plan Rows": 2998986,
                                                                  "Plan Width": 12,
                                                                  "parent": 42,
                                                                  "ID": 43
                                                                }
                                                              ],
                                                              "parent": 40,
                                                              "ID": 42,
                                                              "left": 43
                                                            }
                                                          ],
                                                          "parent": 39,
                                                          "ID": 40,
                                                          "left": 41,
                                                          "right": 42
                                                        }
                                                      ],
                                                      "parent": 38,
                                                      "ID": 39,
                                                      "left": 40
                                                    },
                                                    {
                                                      "Node Type": "Seq Scan",
                                                      "Parent Relationship": "Member",
                                                      "Parallel Aware": true,
                                                      "Async Capable": false,
                                                      "Relation Name": "web_sales",
                                                      "Alias": "web_sales",
                                                      "Startup Cost": 0.0,
                                                      "Total Cost": 217737.86,
                                                      "Plan Rows": 2998986,
                                                      "Plan Width": 48,
                                                      "parent": 38,
                                                      "ID": 44
                                                    }
                                                  ],
                                                  "parent": 37,
                                                  "ID": 38,
                                                  "left": 39,
                                                  "right": 44
                                                },
                                                {
                                                  "Node Type": "Hash",
                                                  "Parent Relationship": "Inner",
                                                  "Parallel Aware": true,
                                                  "Async Capable": false,
                                                  "Startup Cost": 2049.55,
                                                  "Total Cost": 2049.55,
                                                  "Plan Rows": 8,
                                                  "Plan Width": 4,
                                                  "Plans": [
                                                    {
                                                      "Node Type": "Seq Scan",
                                                      "Parent Relationship": "Outer",
                                                      "Parallel Aware": true,
                                                      "Async Capable": false,
                                                      "Relation Name": "date_dim",
                                                      "Alias": "date_dim_2",
                                                      "Startup Cost": 0.0,
                                                      "Total Cost": 2049.55,
                                                      "Plan Rows": 8,
                                                      "Plan Width": 4,
                                                      "Filter": "((d_date >= '1998-08-12'::date) AND (d_date <= '1998-08-26 00:00:00'::timestamp without time zone))",
                                                      "parent": 45,
                                                      "ID": 46
                                                    }
                                                  ],
                                                  "parent": 37,
                                                  "ID": 45,
                                                  "left": 46
                                                }
                                              ],
                                              "parent": 36,
                                              "ID": 37,
                                              "left": 38,
                                              "right": 45
                                            },
                                            {
                                              "Node Type": "Hash",
                                              "Parent Relationship": "Inner",
                                              "Parallel Aware": false,
                                              "Async Capable": false,
                                              "Startup Cost": 3.42,
                                              "Total Cost": 3.42,
                                              "Plan Rows": 42,
                                              "Plan Width": 21,
                                              "Plans": [
                                                {
                                                  "Node Type": "Seq Scan",
                                                  "Parent Relationship": "Outer",
                                                  "Parallel Aware": false,
                                                  "Async Capable": false,
                                                  "Relation Name": "web_site",
                                                  "Alias": "web_site",
                                                  "Startup Cost": 0.0,
                                                  "Total Cost": 3.42,
                                                  "Plan Rows": 42,
                                                  "Plan Width": 21,
                                                  "parent": 47,
                                                  "ID": 48
                                                }
                                              ],
                                              "parent": 36,
                                              "ID": 47,
                                              "left": 48
                                            }
                                          ],
                                          "parent": 35,
                                          "ID": 36,
                                          "left": 37,
                                          "right": 47
                                        }
                                      ],
                                      "parent": 34,
                                      "ID": 35,
                                      "left": 36
                                    }
                                  ],
                                  "parent": 33,
                                  "ID": 34,
                                  "left": 35
                                }
                              ],
                              "parent": 32,
                              "ID": 33,
                              "left": 34
                            }
                          ],
                          "parent": 31,
                          "ID": 32,
                          "left": 33
                        }
                      ],
                      "parent": 3,
                      "ID": 31,
                      "left": 32
                    }
                  ],
                  "parent": 2,
                  "ID": 3,
                  "left": 4,
                  "right": 18
                }
              ],
              "parent": 1,
              "ID": 2,
              "left": 3
            }
          ],
          "parent": 0,
          "ID": 1,
          "left": 2
        }
      ],
      "parent": null,
      "ID": 0,
      "left": 1
    },
    "feat": {
      "utility": 0.0,
      "query_shape": [
        [
          "Seq Scan",
          "Append",
          "Hash Join",
          "Sort",
          "Aggregate",
          "Gather Merge",
          "Subquery Scan"
        ],
        [
          "Seq Scan",
          "Append",
          "Hash Join",
          "Sort",
          "Aggregate",
          "Gather Merge",
          "Subquery Scan"
        ],
        [
          "Seq Scan",
          "Hash",
          "Hash Join",
          "Sort",
          "Aggregate",
          "Gather Merge",
          "Subquery Scan",
          "Append"
        ],
        [
          "Seq Scan",
          "Hash",
          "Hash Join",
          "Sort",
          "Aggregate",
          "Gather Merge",
          "Subquery Scan",
          "Append"
        ],
        [
          "Seq Scan",
          "Append",
          "Hash Join",
          "Sort",
          "Gather Merge",
          "Aggregate",
          "Subquery Scan"
        ],
        [
          "Seq Scan",
          "Append",
          "Hash Join",
          "Sort",
          "Gather Merge",
          "Aggregate",
          "Subquery Scan"
        ],
        [
          "Seq Scan",
          "Hash",
          "Hash Join",
          "Sort",
          "Gather Merge",
          "Aggregate",
          "Subquery Scan",
          "Append"
        ],
        [
          "Seq Scan",
          "Hash",
          "Hash Join",
          "Sort",
          "Gather Merge",
          "Aggregate",
          "Subquery Scan",
          "Append"
        ],
        [
          "Seq Scan",
          "Hash Join",
          "Subquery Scan",
          "Append",
          "Sort",
          "Aggregate",
          "Gather Merge"
        ],
        [
          "Seq Scan",
          "Hash",
          "Hash Join",
          "Subquery Scan",
          "Append",
          "Sort",
          "Aggregate",
          "Gather Merge"
        ],
        [
          "Seq Scan",
          "Append",
          "Hash Join",
          "Sort",
          "Aggregate",
          "Gather Merge",
          "Subquery Scan"
        ],
        [
          "Seq Scan",
          "Hash",
          "Hash Join",
          "Sort",
          "Aggregate",
          "Gather Merge",
          "Subquery Scan",
          "Append"
        ],
        [
          "Seq Scan",
          "Hash",
          "Hash Join",
          "Sort",
          "Aggregate",
          "Gather Merge",
          "Subquery Scan",
          "Append"
        ]
      ],
      "index_shape": [],
      "physical_operator": {}
    }
  },
  {
    "query": "with ssr as\n (select s_store_id,\n        sum(sales_price) as sales,\n        sum(profit) as profit,\n        sum(return_amt) as returns,\n        sum(net_loss) as profit_loss\n from\n  ( select  ss_store_sk as store_sk,\n            ss_sold_date_sk  as date_sk,\n            ss_ext_sales_price as sales_price,\n            ss_net_profit as profit,\n            cast(0 as decimal(7,2)) as return_amt,\n            cast(0 as decimal(7,2)) as net_loss\n    from store_sales\n    union all\n    select sr_store_sk as store_sk,\n           sr_returned_date_sk as date_sk,\n           cast(0 as decimal(7,2)) as sales_price,\n           cast(0 as decimal(7,2)) as profit,\n           sr_return_amt as return_amt,\n           sr_net_loss as net_loss\n    from store_returns\n   ) salesreturns,\n     date_dim,\n     store\n where date_sk = d_date_sk\n       and d_date between cast('1998-08-12' as date) \n                  and (cast('1998-08-12' as date) +  interval '14 days')\n       and store_sk = s_store_sk\n group by s_store_id)\n ,\n csr as\n (select cp_catalog_page_id,\n        sum(sales_price) as sales,\n        sum(profit) as profit,\n        sum(return_amt) as returns,\n        sum(net_loss) as profit_loss\n from\n  ( select  cs_catalog_page_sk as page_sk,\n            cs_sold_date_sk  as date_sk,\n            cs_ext_sales_price as sales_price,\n            cs_net_profit as profit,\n            cast(0 as decimal(7,2)) as return_amt,\n            cast(0 as decimal(7,2)) as net_loss\n    from catalog_sales\n    union all\n    select cr_catalog_page_sk as page_sk,\n           cr_returned_date_sk as date_sk,\n           cast(0 as decimal(7,2)) as sales_price,\n           cast(0 as decimal(7,2)) as profit,\n           cr_return_amount as return_amt,\n           cr_net_loss as net_loss\n    from catalog_returns\n   ) salesreturns,\n     date_dim,\n     catalog_page\n where date_sk = d_date_sk\n       and d_date between cast('1998-08-12' as date)\n                  and (cast('1998-08-12' as date) +  interval '14 days')\n       and page_sk = cp_catalog_page_sk\n group by cp_catalog_page_id)\n ,\n wsr as\n (select web_site_id,\n        sum(sales_price) as sales,\n        sum(profit) as profit,\n        sum(return_amt) as returns,\n        sum(net_loss) as profit_loss\n from\n  ( select  ws_web_site_sk as wsr_web_site_sk,\n            ws_sold_date_sk  as date_sk,\n            ws_ext_sales_price as sales_price,\n            ws_net_profit as profit,\n            cast(0 as decimal(7,2)) as return_amt,\n            cast(0 as decimal(7,2)) as net_loss\n    from web_sales\n    union all\n    select ws_web_site_sk as wsr_web_site_sk,\n           wr_returned_date_sk as date_sk,\n           cast(0 as decimal(7,2)) as sales_price,\n           cast(0 as decimal(7,2)) as profit,\n           wr_return_amt as return_amt,\n           wr_net_loss as net_loss\n    from web_returns left outer join web_sales on\n         ( wr_item_sk = ws_item_sk\n           and wr_order_number = ws_order_number)\n   ) salesreturns,\n     date_dim,\n     web_site\n where date_sk = d_date_sk\n       and d_date between cast('1998-08-12' as date)\n                  and (cast('1998-08-12' as date) +  interval '14 days')\n       and wsr_web_site_sk = web_site_sk\n group by web_site_id)\n  select  channel\n        , id\n        , sum(sales) as sales\n        , sum(returns) as returns\n        , sum(profit) as profit\n from \n (select 'store channel' as channel\n        , 'store' || s_store_id as id\n        , sales\n        , returns\n        , (profit - profit_loss) as profit\n from   ssr\n union all\n select 'catalog channel' as channel\n        , 'catalog_page' || cp_catalog_page_id as id\n        , sales\n        , returns\n        , (profit - profit_loss) as profit\n from  csr\n union all\n select 'web channel' as channel\n        , 'web_site' || web_site_id as id\n        , sales\n        , returns\n        , (profit - profit_loss) as profit\n from   wsr\n ) x\n group by rollup (channel, id)\n order by channel\n         ,id\n limit 100;\n\n-- end query 3 in stream 0 using template query5.tpl\n",
    "indexes": "web_returns.wr_item_sk",
    "wo plan est": {
      "Node Type": "Limit",
      "Parallel Aware": false,
      "Async Capable": false,
      "Startup Cost": 1940046.82,
      "Total Cost": 1940047.07,
      "Plan Rows": 100,
      "Plan Width": 160,
      "Plans": [
        {
          "Node Type": "Sort",
          "Parent Relationship": "Outer",
          "Parallel Aware": false,
          "Async Capable": false,
          "Startup Cost": 1940046.82,
          "Total Cost": 1940048.1,
          "Plan Rows": 512,
          "Plan Width": 160,
          "Sort Key": [
            "('store channel'::text)",
            "(('store'::text || (ssr.s_store_id)::text))"
          ],
          "Plans": [
            {
              "Node Type": "Aggregate",
              "Strategy": "Mixed",
              "Partial Mode": "Simple",
              "Parent Relationship": "Outer",
              "Parallel Aware": false,
              "Async Capable": false,
              "Startup Cost": 815451.97,
              "Total Cost": 1940027.26,
              "Plan Rows": 512,
              "Plan Width": 160,
              "Grouping Sets": [
                {
                  "Hash Keys": [
                    [
                      "('store channel'::text)",
                      "(('store'::text || (ssr.s_store_id)::text))"
                    ]
                  ]
                },
                {
                  "Hash Keys": [
                    [
                      "('store channel'::text)"
                    ]
                  ]
                },
                {
                  "Group Keys": [
                    []
                  ]
                }
              ],
              "Planned Partitions": 0,
              "Plans": [
                {
                  "Node Type": "Append",
                  "Parent Relationship": "Outer",
                  "Parallel Aware": false,
                  "Async Capable": false,
                  "Startup Cost": 815451.97,
                  "Total Cost": 1939925.06,
                  "Plan Rows": 3108,
                  "Plan Width": 160,
                  "Subplans Removed": 0,
                  "Plans": [
                    {
                      "Node Type": "Subquery Scan",
                      "Parent Relationship": "Member",
                      "Parallel Aware": false,
                      "Async Capable": false,
                      "Alias": "ssr",
                      "Startup Cost": 815451.97,
                      "Total Cost": 815488.32,
                      "Plan Rows": 51,
                      "Plan Width": 160,
                      "Plans": [
                        {
                          "Node Type": "Aggregate",
                          "Strategy": "Sorted",
                          "Partial Mode": "Finalize",
                          "Parent Relationship": "Subquery",
                          "Parallel Aware": false,
                          "Async Capable": false,
                          "Startup Cost": 815451.97,
                          "Total Cost": 815487.43,
                          "Plan Rows": 51,
                          "Plan Width": 145,
                          "Group Key": [
                            "store.s_store_id"
                          ],
                          "Plans": [
                            {
                              "Node Type": "Gather Merge",
                              "Parent Relationship": "Outer",
                              "Parallel Aware": false,
                              "Async Capable": false,
                              "Startup Cost": 815451.97,
                              "Total Cost": 815484.12,
                              "Plan Rows": 102,
                              "Plan Width": 145,
                              "Workers Planned": 2,
                              "Plans": [
                                {
                                  "Node Type": "Aggregate",
                                  "Strategy": "Sorted",
                                  "Partial Mode": "Partial",
                                  "Parent Relationship": "Outer",
                                  "Parallel Aware": false,
                                  "Async Capable": false,
                                  "Startup Cost": 814451.95,
                                  "Total Cost": 814472.32,
                                  "Plan Rows": 51,
                                  "Plan Width": 145,
                                  "Group Key": [
                                    "store.s_store_id"
                                  ],
                                  "Plans": [
                                    {
                                      "Node Type": "Sort",
                                      "Parent Relationship": "Outer",
                                      "Parallel Aware": false,
                                      "Async Capable": false,
                                      "Startup Cost": 814451.95,
                                      "Total Cost": 814455.17,
                                      "Plan Rows": 1290,
                                      "Plan Width": 57,
                                      "Sort Key": [
                                        "store.s_store_id"
                                      ],
                                      "Plans": [
                                        {
                                          "Node Type": "Hash Join",
                                          "Parent Relationship": "Outer",
                                          "Parallel Aware": false,
                                          "Async Capable": false,
                                          "Join Type": "Inner",
                                          "Startup Cost": 2056.95,
                                          "Total Cost": 814385.3,
                                          "Plan Rows": 1290,
                                          "Plan Width": 57,
                                          "Inner Unique": false,
                                          "Hash Cond": "(store_sales.ss_store_sk = store.s_store_sk)",
                                          "Plans": [
                                            {
                                              "Node Type": "Hash Join",
                                              "Parent Relationship": "Outer",
                                              "Parallel Aware": true,
                                              "Async Capable": false,
                                              "Join Type": "Inner",
                                              "Startup Cost": 2049.65,
                                              "Total Cost": 814355.62,
                                              "Plan Rows": 2530,
                                              "Plan Width": 44,
                                              "Inner Unique": false,
                                              "Hash Cond": "(store_sales.ss_sold_date_sk = date_dim.d_date_sk)",
                                              "Plans": [
                                                {
                                                  "Node Type": "Append",
                                                  "Parent Relationship": "Outer",
                                                  "Parallel Aware": true,
                                                  "Async Capable": false,
                                                  "Startup Cost": 0.0,
                                                  "Total Cost": 762796.01,
                                                  "Plan Rows": 13198801,
                                                  "Plan Width": 48,
                                                  "Subplans Removed": 0,
                                                  "Plans": [
                                                    {
                                                      "Node Type": "Seq Scan",
                                                      "Parent Relationship": "Member",
                                                      "Parallel Aware": true,
                                                      "Async Capable": false,
                                                      "Relation Name": "store_sales",
                                                      "Alias": "store_sales",
                                                      "Startup Cost": 0.0,
                                                      "Total Cost": 636914.37,
                                                      "Plan Rows": 12000637,
                                                      "Plan Width": 48,
                                                      "parent": 11,
                                                      "ID": 12
                                                    },
                                                    {
                                                      "Node Type": "Seq Scan",
                                                      "Parent Relationship": "Member",
                                                      "Parallel Aware": true,
                                                      "Async Capable": false,
                                                      "Relation Name": "store_returns",
                                                      "Alias": "store_returns",
                                                      "Startup Cost": 0.0,
                                                      "Total Cost": 59887.64,
                                                      "Plan Rows": 1198164,
                                                      "Plan Width": 48,
                                                      "parent": 11,
                                                      "ID": 13
                                                    }
                                                  ],
                                                  "parent": 10,
                                                  "ID": 11,
                                                  "left": 12,
                                                  "right": 13
                                                },
                                                {
                                                  "Node Type": "Hash",
                                                  "Parent Relationship": "Inner",
                                                  "Parallel Aware": true,
                                                  "Async Capable": false,
                                                  "Startup Cost": 2049.55,
                                                  "Total Cost": 2049.55,
                                                  "Plan Rows": 8,
                                                  "Plan Width": 4,
                                                  "Plans": [
                                                    {
                                                      "Node Type": "Seq Scan",
                                                      "Parent Relationship": "Outer",
                                                      "Parallel Aware": true,
                                                      "Async Capable": false,
                                                      "Relation Name": "date_dim",
                                                      "Alias": "date_dim",
                                                      "Startup Cost": 0.0,
                                                      "Total Cost": 2049.55,
                                                      "Plan Rows": 8,
                                                      "Plan Width": 4,
                                                      "Filter": "((d_date >= '1998-08-12'::date) AND (d_date <= '1998-08-26 00:00:00'::timestamp without time zone))",
                                                      "parent": 14,
                                                      "ID": 15
                                                    }
                                                  ],
                                                  "parent": 10,
                                                  "ID": 14,
                                                  "left": 15
                                                }
                                              ],
                                              "parent": 9,
                                              "ID": 10,
                                              "left": 11,
                                              "right": 14
                                            },
                                            {
                                              "Node Type": "Hash",
                                              "Parent Relationship": "Inner",
                                              "Parallel Aware": false,
                                              "Async Capable": false,
                                              "Startup Cost": 6.02,
                                              "Total Cost": 6.02,
                                              "Plan Rows": 102,
                                              "Plan Width": 21,
                                              "Plans": [
                                                {
                                                  "Node Type": "Seq Scan",
                                                  "Parent Relationship": "Outer",
                                                  "Parallel Aware": false,
                                                  "Async Capable": false,
                                                  "Relation Name": "store",
                                                  "Alias": "store",
                                                  "Startup Cost": 0.0,
                                                  "Total Cost": 6.02,
                                                  "Plan Rows": 102,
                                                  "Plan Width": 21,
                                                  "parent": 16,
                                                  "ID": 17
                                                }
                                              ],
                                              "parent": 9,
                                              "ID": 16,
                                              "left": 17
                                            }
                                          ],
                                          "parent": 8,
                                          "ID": 9,
                                          "left": 10,
                                          "right": 16
                                        }
                                      ],
                                      "parent": 7,
                                      "ID": 8,
                                      "left": 9
                                    }
                                  ],
                                  "parent": 6,
                                  "ID": 7,
                                  "left": 8
                                }
                              ],
                              "parent": 5,
                              "ID": 6,
                              "left": 7
                            }
                          ],
                          "parent": 4,
                          "ID": 5,
                          "left": 6
                        }
                      ],
                      "parent": 3,
                      "ID": 4,
                      "left": 5
                    },
                    {
                      "Node Type": "Subquery Scan",
                      "Parent Relationship": "Member",
                      "Parallel Aware": false,
                      "Async Capable": false,
                      "Alias": "csr",
                      "Startup Cost": 529848.36,
                      "Total Cost": 530353.75,
                      "Plan Rows": 3036,
                      "Plan Width": 160,
                      "Plans": [
                        {
                          "Node Type": "Aggregate",
                          "Strategy": "Sorted",
                          "Partial Mode": "Simple",
                          "Parent Relationship": "Subquery",
                          "Parallel Aware": false,
                          "Async Capable": false,
                          "Startup Cost": 529848.36,
                          "Total Cost": 530300.62,
                          "Plan Rows": 3036,
                          "Plan Width": 145,
                          "Group Key": [
                            "catalog_page.cp_catalog_page_id"
                          ],
                          "Plans": [
                            {
                              "Node Type": "Gather Merge",
                              "Parent Relationship": "Outer",
                              "Parallel Aware": false,
                              "Async Capable": false,
                              "Startup Cost": 529848.36,
                              "Total Cost": 530201.95,
                              "Plan Rows": 3036,
                              "Plan Width": 57,
                              "Workers Planned": 2,
                              "Plans": [
                                {
                                  "Node Type": "Sort",
                                  "Parent Relationship": "Outer",
                                  "Parallel Aware": false,
                                  "Async Capable": false,
                                  "Startup Cost": 528848.34,
                                  "Total Cost": 528851.5,
                                  "Plan Rows": 1265,
                                  "Plan Width": 57,
                                  "Sort Key": [
                                    "catalog_page.cp_catalog_page_id"
                                  ],
                                  "Plans": [
                                    {
                                      "Node Type": "Hash Join",
                                      "Parent Relationship": "Outer",
                                      "Parallel Aware": false,
                                      "Async Capable": false,
                                      "Join Type": "Inner",
                                      "Startup Cost": 2567.65,
                                      "Total Cost": 528783.16,
                                      "Plan Rows": 1265,
                                      "Plan Width": 57,
                                      "Inner Unique": false,
                                      "Hash Cond": "(catalog_sales.cs_catalog_page_sk = catalog_page.cp_catalog_page_sk)",
                                      "Plans": [
                                        {
                                          "Node Type": "Hash Join",
                                          "Parent Relationship": "Outer",
                                          "Parallel Aware": true,
                                          "Async Capable": false,
                                          "Join Type": "Inner",
                                          "Startup Cost": 2049.65,
                                          "Total Cost": 528247.76,
                                          "Plan Rows": 1265,
                                          "Plan Width": 44,
                                          "Inner Unique": false,
                                          "Hash Cond": "(catalog_sales.cs_sold_date_sk = date_dim_1.d_date_sk)",
                                          "Plans": [
                                            {
                                              "Node Type": "Append",
                                              "Parent Relationship": "Outer",
                                              "Parallel Aware": true,
                                              "Async Capable": false,
                                              "Startup Cost": 0.0,
                                              "Total Cost": 501439.31,
                                              "Plan Rows": 6600420,
                                              "Plan Width": 48,
                                              "Subplans Removed": 0,
                                              "Plans": [
                                                {
                                                  "Node Type": "Seq Scan",
                                                  "Parent Relationship": "Member",
                                                  "Parallel Aware": true,
                                                  "Async Capable": false,
                                                  "Relation Name": "catalog_sales",
                                                  "Alias": "catalog_sales",
                                                  "Startup Cost": 0.0,
                                                  "Total Cost": 433688.25,
                                                  "Plan Rows": 6000525,
                                                  "Plan Width": 48,
                                                  "parent": 24,
                                                  "ID": 25
                                                },
                                                {
                                                  "Node Type": "Seq Scan",
                                                  "Parent Relationship": "Member",
                                                  "Parallel Aware": true,
                                                  "Async Capable": false,
                                                  "Relation Name": "catalog_returns",
                                                  "Alias": "catalog_returns",
                                                  "Startup Cost": 0.0,
                                                  "Total Cost": 34748.95,
                                                  "Plan Rows": 599895,
                                                  "Plan Width": 48,
                                                  "parent": 24,
                                                  "ID": 26
                                                }
                                              ],
                                              "parent": 23,
                                              "ID": 24,
                                              "left": 25,
                                              "right": 26
                                            },
                                            {
                                              "Node Type": "Hash",
                                              "Parent Relationship": "Inner",
                                              "Parallel Aware": true,
                                              "Async Capable": false,
                                              "Startup Cost": 2049.55,
                                              "Total Cost": 2049.55,
                                              "Plan Rows": 8,
                                              "Plan Width": 4,
                                              "Plans": [
                                                {
                                                  "Node Type": "Seq Scan",
                                                  "Parent Relationship": "Outer",
                                                  "Parallel Aware": true,
                                                  "Async Capable": false,
                                                  "Relation Name": "date_dim",
                                                  "Alias": "date_dim_1",
                                                  "Startup Cost": 0.0,
                                                  "Total Cost": 2049.55,
                                                  "Plan Rows": 8,
                                                  "Plan Width": 4,
                                                  "Filter": "((d_date >= '1998-08-12'::date) AND (d_date <= '1998-08-26 00:00:00'::timestamp without time zone))",
                                                  "parent": 27,
                                                  "ID": 28
                                                }
                                              ],
                                              "parent": 23,
                                              "ID": 27,
                                              "left": 28
                                            }
                                          ],
                                          "parent": 22,
                                          "ID": 23,
                                          "left": 24,
                                          "right": 27
                                        },
                                        {
                                          "Node Type": "Hash",
                                          "Parent Relationship": "Inner",
                                          "Parallel Aware": false,
                                          "Async Capable": false,
                                          "Startup Cost": 368.0,
                                          "Total Cost": 368.0,
                                          "Plan Rows": 12000,
                                          "Plan Width": 21,
                                          "Plans": [
                                            {
                                              "Node Type": "Seq Scan",
                                              "Parent Relationship": "Outer",
                                              "Parallel Aware": false,
                                              "Async Capable": false,
                                              "Relation Name": "catalog_page",
                                              "Alias": "catalog_page",
                                              "Startup Cost": 0.0,
                                              "Total Cost": 368.0,
                                              "Plan Rows": 12000,
                                              "Plan Width": 21,
                                              "parent": 29,
                                              "ID": 30
                                            }
                                          ],
                                          "parent": 22,
                                          "ID": 29,
                                          "left": 30
                                        }
                                      ],
                                      "parent": 21,
                                      "ID": 22,
                                      "left": 23,
                                      "right": 29
                                    }
                                  ],
                                  "parent": 20,
                                  "ID": 21,
                                  "left": 22
                                }
                              ],
                              "parent": 19,
                              "ID": 20,
                              "left": 21
                            }
                          ],
                          "parent": 18,
                          "ID": 19,
                          "left": 20
                        }
                      ],
                      "parent": 3,
                      "ID": 18,
                      "left": 19
                    },
                    {
                      "Node Type": "Subquery Scan",
                      "Parent Relationship": "Member",
                      "Parallel Aware": false,
                      "Async Capable": false,
                      "Alias": "wsr",
                      "Startup Cost": 594058.45,
                      "Total Cost": 594067.44,
                      "Plan Rows": 21,
                      "Plan Width": 160,
                      "Plans": [
                        {
                          "Node Type": "Aggregate",
                          "Strategy": "Sorted",
                          "Partial Mode": "Finalize",
                          "Parent Relationship": "Subquery",
                          "Parallel Aware": false,
                          "Async Capable": false,
                          "Startup Cost": 594058.45,
                          "Total Cost": 594067.07,
                          "Plan Rows": 21,
                          "Plan Width": 145,
                          "Group Key": [
                            "web_site.web_site_id"
                          ],
                          "Plans": [
                            {
                              "Node Type": "Gather Merge",
                              "Parent Relationship": "Outer",
                              "Parallel Aware": false,
                              "Async Capable": false,
                              "Startup Cost": 594058.45,
                              "Total Cost": 594065.71,
                              "Plan Rows": 42,
                              "Plan Width": 145,
                              "Workers Planned": 2,
                              "Plans": [
                                {
                                  "Node Type": "Aggregate",
                                  "Strategy": "Sorted",
                                  "Partial Mode": "Partial",
                                  "Parent Relationship": "Outer",
                                  "Parallel Aware": false,
                                  "Async Capable": false,
                                  "Startup Cost": 593058.42,
                                  "Total Cost": 593060.84,
                                  "Plan Rows": 21,
                                  "Plan Width": 145,
                                  "Group Key": [
                                    "web_site.web_site_id"
                                  ],
                                  "Plans": [
                                    {
                                      "Node Type": "Sort",
                                      "Parent Relationship": "Outer",
                                      "Parallel Aware": false,
                                      "Async Capable": false,
                                      "Startup Cost": 593058.42,
                                      "Total Cost": 593058.75,
                                      "Plan Rows": 133,
                                      "Plan Width": 57,
                                      "Sort Key": [
                                        "web_site.web_site_id"
                                      ],
                                      "Plans": [
                                        {
                                          "Node Type": "Hash Join",
                                          "Parent Relationship": "Outer",
                                          "Parallel Aware": false,
                                          "Async Capable": false,
                                          "Join Type": "Inner",
                                          "Startup Cost": 2053.6,
                                          "Total Cost": 593053.73,
                                          "Plan Rows": 133,
                                          "Plan Width": 57,
                                          "Inner Unique": false,
                                          "Hash Cond": "(\"*SELECT* 2\".wsr_web_site_sk = web_site.web_site_sk)",
                                          "Plans": [
                                            {
                                              "Node Type": "Hash Join",
                                              "Parent Relationship": "Outer",
                                              "Parallel Aware": true,
                                              "Async Capable": false,
                                              "Join Type": "Inner",
                                              "Startup Cost": 2049.65,
                                              "Total Cost": 593046.09,
                                              "Plan Rows": 632,
                                              "Plan Width": 44,
                                              "Inner Unique": false,
                                              "Hash Cond": "(\"*SELECT* 2\".date_sk = date_dim_2.d_date_sk)",
                                              "Plans": [
                                                {
                                                  "Node Type": "Append",
                                                  "Parent Relationship": "Outer",
                                                  "Parallel Aware": true,
                                                  "Async Capable": false,
                                                  "Startup Cost": 0.0,
                                                  "Total Cost": 577049.1,
                                                  "Plan Rows": 3718203,
                                                  "Plan Width": 48,
                                                  "Subplans Removed": 0,
                                                  "Plans": [
                                                    {
                                                      "Node Type": "Subquery Scan",
                                                      "Parent Relationship": "Member",
                                                      "Parallel Aware": false,
                                                      "Async Capable": false,
                                                      "Alias": "*SELECT* 2",
                                                      "Startup Cost": 277366.65,
                                                      "Total Cost": 340720.23,
                                                      "Plan Rows": 719217,
                                                      "Plan Width": 48,
                                                      "Plans": [
                                                        {
                                                          "Node Type": "Hash Join",
                                                          "Parent Relationship": "Subquery",
                                                          "Parallel Aware": true,
                                                          "Async Capable": false,
                                                          "Join Type": "Left",
                                                          "Startup Cost": 277366.65,
                                                          "Total Cost": 333528.06,
                                                          "Plan Rows": 299674,
                                                          "Plan Width": 48,
                                                          "Inner Unique": false,
                                                          "Hash Cond": "((web_returns.wr_item_sk = web_sales_1.ws_item_sk) AND (web_returns.wr_order_number = web_sales_1.ws_order_number))",
                                                          "Plans": [
                                                            {
                                                              "Node Type": "Seq Scan",
                                                              "Parent Relationship": "Outer",
                                                              "Parallel Aware": true,
                                                              "Async Capable": false,
                                                              "Relation Name": "web_returns",
                                                              "Alias": "web_returns",
                                                              "Startup Cost": 0.0,
                                                              "Total Cost": 16278.74,
                                                              "Plan Rows": 299674,
                                                              "Plan Width": 24,
                                                              "parent": 40,
                                                              "ID": 41
                                                            },
                                                            {
                                                              "Node Type": "Hash",
                                                              "Parent Relationship": "Inner",
                                                              "Parallel Aware": true,
                                                              "Async Capable": false,
                                                              "Startup Cost": 217737.86,
                                                              "Total Cost": 217737.86,
                                                              "Plan Rows": 2998986,
                                                              "Plan Width": 12,
                                                              "Plans": [
                                                                {
                                                                  "Node Type": "Seq Scan",
                                                                  "Parent Relationship": "Outer",
                                                                  "Parallel Aware": true,
                                                                  "Async Capable": false,
                                                                  "Relation Name": "web_sales",
                                                                  "Alias": "web_sales_1",
                                                                  "Startup Cost": 0.0,
                                                                  "Total Cost": 217737.86,
                                                                  "Plan Rows": 2998986,
                                                                  "Plan Width": 12,
                                                                  "parent": 42,
                                                                  "ID": 43
                                                                }
                                                              ],
                                                              "parent": 40,
                                                              "ID": 42,
                                                              "left": 43
                                                            }
                                                          ],
                                                          "parent": 39,
                                                          "ID": 40,
                                                          "left": 41,
                                                          "right": 42
                                                        }
                                                      ],
                                                      "parent": 38,
                                                      "ID": 39,
                                                      "left": 40
                                                    },
                                                    {
                                                      "Node Type": "Seq Scan",
                                                      "Parent Relationship": "Member",
                                                      "Parallel Aware": true,
                                                      "Async Capable": false,
                                                      "Relation Name": "web_sales",
                                                      "Alias": "web_sales",
                                                      "Startup Cost": 0.0,
                                                      "Total Cost": 217737.86,
                                                      "Plan Rows": 2998986,
                                                      "Plan Width": 48,
                                                      "parent": 38,
                                                      "ID": 44
                                                    }
                                                  ],
                                                  "parent": 37,
                                                  "ID": 38,
                                                  "left": 39,
                                                  "right": 44
                                                },
                                                {
                                                  "Node Type": "Hash",
                                                  "Parent Relationship": "Inner",
                                                  "Parallel Aware": true,
                                                  "Async Capable": false,
                                                  "Startup Cost": 2049.55,
                                                  "Total Cost": 2049.55,
                                                  "Plan Rows": 8,
                                                  "Plan Width": 4,
                                                  "Plans": [
                                                    {
                                                      "Node Type": "Seq Scan",
                                                      "Parent Relationship": "Outer",
                                                      "Parallel Aware": true,
                                                      "Async Capable": false,
                                                      "Relation Name": "date_dim",
                                                      "Alias": "date_dim_2",
                                                      "Startup Cost": 0.0,
                                                      "Total Cost": 2049.55,
                                                      "Plan Rows": 8,
                                                      "Plan Width": 4,
                                                      "Filter": "((d_date >= '1998-08-12'::date) AND (d_date <= '1998-08-26 00:00:00'::timestamp without time zone))",
                                                      "parent": 45,
                                                      "ID": 46
                                                    }
                                                  ],
                                                  "parent": 37,
                                                  "ID": 45,
                                                  "left": 46
                                                }
                                              ],
                                              "parent": 36,
                                              "ID": 37,
                                              "left": 38,
                                              "right": 45
                                            },
                                            {
                                              "Node Type": "Hash",
                                              "Parent Relationship": "Inner",
                                              "Parallel Aware": false,
                                              "Async Capable": false,
                                              "Startup Cost": 3.42,
                                              "Total Cost": 3.42,
                                              "Plan Rows": 42,
                                              "Plan Width": 21,
                                              "Plans": [
                                                {
                                                  "Node Type": "Seq Scan",
                                                  "Parent Relationship": "Outer",
                                                  "Parallel Aware": false,
                                                  "Async Capable": false,
                                                  "Relation Name": "web_site",
                                                  "Alias": "web_site",
                                                  "Startup Cost": 0.0,
                                                  "Total Cost": 3.42,
                                                  "Plan Rows": 42,
                                                  "Plan Width": 21,
                                                  "parent": 47,
                                                  "ID": 48
                                                }
                                              ],
                                              "parent": 36,
                                              "ID": 47,
                                              "left": 48
                                            }
                                          ],
                                          "parent": 35,
                                          "ID": 36,
                                          "left": 37,
                                          "right": 47
                                        }
                                      ],
                                      "parent": 34,
                                      "ID": 35,
                                      "left": 36
                                    }
                                  ],
                                  "parent": 33,
                                  "ID": 34,
                                  "left": 35
                                }
                              ],
                              "parent": 32,
                              "ID": 33,
                              "left": 34
                            }
                          ],
                          "parent": 31,
                          "ID": 32,
                          "left": 33
                        }
                      ],
                      "parent": 3,
                      "ID": 31,
                      "left": 32
                    }
                  ],
                  "parent": 2,
                  "ID": 3,
                  "left": 4,
                  "right": 18
                }
              ],
              "parent": 1,
              "ID": 2,
              "left": 3
            }
          ],
          "parent": 0,
          "ID": 1,
          "left": 2
        }
      ],
      "parent": null,
      "ID": 0,
      "left": 1
    },
    "feat": {
      "utility": 1.7618258758525105e-06,
      "query_shape": [
        [
          "Seq Scan",
          "Append",
          "Hash Join",
          "Sort",
          "Aggregate",
          "Gather Merge",
          "Subquery Scan"
        ],
        [
          "Seq Scan",
          "Append",
          "Hash Join",
          "Sort",
          "Aggregate",
          "Gather Merge",
          "Subquery Scan"
        ],
        [
          "Seq Scan",
          "Hash",
          "Hash Join",
          "Sort",
          "Aggregate",
          "Gather Merge",
          "Subquery Scan",
          "Append"
        ],
        [
          "Seq Scan",
          "Hash",
          "Hash Join",
          "Sort",
          "Aggregate",
          "Gather Merge",
          "Subquery Scan",
          "Append"
        ],
        [
          "Seq Scan",
          "Append",
          "Hash Join",
          "Sort",
          "Gather Merge",
          "Aggregate",
          "Subquery Scan"
        ],
        [
          "Seq Scan",
          "Append",
          "Hash Join",
          "Sort",
          "Gather Merge",
          "Aggregate",
          "Subquery Scan"
        ],
        [
          "Seq Scan",
          "Hash",
          "Hash Join",
          "Sort",
          "Gather Merge",
          "Aggregate",
          "Subquery Scan",
          "Append"
        ],
        [
          "Seq Scan",
          "Hash",
          "Hash Join",
          "Sort",
          "Gather Merge",
          "Aggregate",
          "Subquery Scan",
          "Append"
        ],
        [
          "Seq Scan",
          "Hash Join",
          "Subquery Scan",
          "Append",
          "Sort",
          "Aggregate",
          "Gather Merge"
        ],
        [
          "Seq Scan",
          "Hash",
          "Hash Join",
          "Subquery Scan",
          "Append",
          "Sort",
          "Aggregate",
          "Gather Merge"
        ],
        [
          "Seq Scan",
          "Append",
          "Hash Join",
          "Sort",
          "Aggregate",
          "Gather Merge",
          "Subquery Scan"
        ],
        [
          "Seq Scan",
          "Hash",
          "Hash Join",
          "Sort",
          "Aggregate",
          "Gather Merge",
          "Subquery Scan",
          "Append"
        ],
        [
          "Seq Scan",
          "Hash",
          "Hash Join",
          "Sort",
          "Aggregate",
          "Gather Merge",
          "Subquery Scan",
          "Append"
        ]
      ],
      "index_shape": [
        "join"
      ],
      "physical_operator": {
        "Hash Join": [
          0.0005774478661266393
        ]
      }
    }
  },
  {
    "query": "with ssr as\n (select s_store_id,\n        sum(sales_price) as sales,\n        sum(profit) as profit,\n        sum(return_amt) as returns,\n        sum(net_loss) as profit_loss\n from\n  ( select  ss_store_sk as store_sk,\n            ss_sold_date_sk  as date_sk,\n            ss_ext_sales_price as sales_price,\n            ss_net_profit as profit,\n            cast(0 as decimal(7,2)) as return_amt,\n            cast(0 as decimal(7,2)) as net_loss\n    from store_sales\n    union all\n    select sr_store_sk as store_sk,\n           sr_returned_date_sk as date_sk,\n           cast(0 as decimal(7,2)) as sales_price,\n           cast(0 as decimal(7,2)) as profit,\n           sr_return_amt as return_amt,\n           sr_net_loss as net_loss\n    from store_returns\n   ) salesreturns,\n     date_dim,\n     store\n where date_sk = d_date_sk\n       and d_date between cast('1998-08-12' as date) \n                  and (cast('1998-08-12' as date) +  interval '14 days')\n       and store_sk = s_store_sk\n group by s_store_id)\n ,\n csr as\n (select cp_catalog_page_id,\n        sum(sales_price) as sales,\n        sum(profit) as profit,\n        sum(return_amt) as returns,\n        sum(net_loss) as profit_loss\n from\n  ( select  cs_catalog_page_sk as page_sk,\n            cs_sold_date_sk  as date_sk,\n            cs_ext_sales_price as sales_price,\n            cs_net_profit as profit,\n            cast(0 as decimal(7,2)) as return_amt,\n            cast(0 as decimal(7,2)) as net_loss\n    from catalog_sales\n    union all\n    select cr_catalog_page_sk as page_sk,\n           cr_returned_date_sk as date_sk,\n           cast(0 as decimal(7,2)) as sales_price,\n           cast(0 as decimal(7,2)) as profit,\n           cr_return_amount as return_amt,\n           cr_net_loss as net_loss\n    from catalog_returns\n   ) salesreturns,\n     date_dim,\n     catalog_page\n where date_sk = d_date_sk\n       and d_date between cast('1998-08-12' as date)\n                  and (cast('1998-08-12' as date) +  interval '14 days')\n       and page_sk = cp_catalog_page_sk\n group by cp_catalog_page_id)\n ,\n wsr as\n (select web_site_id,\n        sum(sales_price) as sales,\n        sum(profit) as profit,\n        sum(return_amt) as returns,\n        sum(net_loss) as profit_loss\n from\n  ( select  ws_web_site_sk as wsr_web_site_sk,\n            ws_sold_date_sk  as date_sk,\n            ws_ext_sales_price as sales_price,\n            ws_net_profit as profit,\n            cast(0 as decimal(7,2)) as return_amt,\n            cast(0 as decimal(7,2)) as net_loss\n    from web_sales\n    union all\n    select ws_web_site_sk as wsr_web_site_sk,\n           wr_returned_date_sk as date_sk,\n           cast(0 as decimal(7,2)) as sales_price,\n           cast(0 as decimal(7,2)) as profit,\n           wr_return_amt as return_amt,\n           wr_net_loss as net_loss\n    from web_returns left outer join web_sales on\n         ( wr_item_sk = ws_item_sk\n           and wr_order_number = ws_order_number)\n   ) salesreturns,\n     date_dim,\n     web_site\n where date_sk = d_date_sk\n       and d_date between cast('1998-08-12' as date)\n                  and (cast('1998-08-12' as date) +  interval '14 days')\n       and wsr_web_site_sk = web_site_sk\n group by web_site_id)\n  select  channel\n        , id\n        , sum(sales) as sales\n        , sum(returns) as returns\n        , sum(profit) as profit\n from \n (select 'store channel' as channel\n        , 'store' || s_store_id as id\n        , sales\n        , returns\n        , (profit - profit_loss) as profit\n from   ssr\n union all\n select 'catalog channel' as channel\n        , 'catalog_page' || cp_catalog_page_id as id\n        , sales\n        , returns\n        , (profit - profit_loss) as profit\n from  csr\n union all\n select 'web channel' as channel\n        , 'web_site' || web_site_id as id\n        , sales\n        , returns\n        , (profit - profit_loss) as profit\n from   wsr\n ) x\n group by rollup (channel, id)\n order by channel\n         ,id\n limit 100;\n\n-- end query 3 in stream 0 using template query5.tpl\n",
    "indexes": "web_returns.wr_order_number",
    "wo plan est": {
      "Node Type": "Limit",
      "Parallel Aware": false,
      "Async Capable": false,
      "Startup Cost": 1940046.82,
      "Total Cost": 1940047.07,
      "Plan Rows": 100,
      "Plan Width": 160,
      "Plans": [
        {
          "Node Type": "Sort",
          "Parent Relationship": "Outer",
          "Parallel Aware": false,
          "Async Capable": false,
          "Startup Cost": 1940046.82,
          "Total Cost": 1940048.1,
          "Plan Rows": 512,
          "Plan Width": 160,
          "Sort Key": [
            "('store channel'::text)",
            "(('store'::text || (ssr.s_store_id)::text))"
          ],
          "Plans": [
            {
              "Node Type": "Aggregate",
              "Strategy": "Mixed",
              "Partial Mode": "Simple",
              "Parent Relationship": "Outer",
              "Parallel Aware": false,
              "Async Capable": false,
              "Startup Cost": 815451.97,
              "Total Cost": 1940027.26,
              "Plan Rows": 512,
              "Plan Width": 160,
              "Grouping Sets": [
                {
                  "Hash Keys": [
                    [
                      "('store channel'::text)",
                      "(('store'::text || (ssr.s_store_id)::text))"
                    ]
                  ]
                },
                {
                  "Hash Keys": [
                    [
                      "('store channel'::text)"
                    ]
                  ]
                },
                {
                  "Group Keys": [
                    []
                  ]
                }
              ],
              "Planned Partitions": 0,
              "Plans": [
                {
                  "Node Type": "Append",
                  "Parent Relationship": "Outer",
                  "Parallel Aware": false,
                  "Async Capable": false,
                  "Startup Cost": 815451.97,
                  "Total Cost": 1939925.06,
                  "Plan Rows": 3108,
                  "Plan Width": 160,
                  "Subplans Removed": 0,
                  "Plans": [
                    {
                      "Node Type": "Subquery Scan",
                      "Parent Relationship": "Member",
                      "Parallel Aware": false,
                      "Async Capable": false,
                      "Alias": "ssr",
                      "Startup Cost": 815451.97,
                      "Total Cost": 815488.32,
                      "Plan Rows": 51,
                      "Plan Width": 160,
                      "Plans": [
                        {
                          "Node Type": "Aggregate",
                          "Strategy": "Sorted",
                          "Partial Mode": "Finalize",
                          "Parent Relationship": "Subquery",
                          "Parallel Aware": false,
                          "Async Capable": false,
                          "Startup Cost": 815451.97,
                          "Total Cost": 815487.43,
                          "Plan Rows": 51,
                          "Plan Width": 145,
                          "Group Key": [
                            "store.s_store_id"
                          ],
                          "Plans": [
                            {
                              "Node Type": "Gather Merge",
                              "Parent Relationship": "Outer",
                              "Parallel Aware": false,
                              "Async Capable": false,
                              "Startup Cost": 815451.97,
                              "Total Cost": 815484.12,
                              "Plan Rows": 102,
                              "Plan Width": 145,
                              "Workers Planned": 2,
                              "Plans": [
                                {
                                  "Node Type": "Aggregate",
                                  "Strategy": "Sorted",
                                  "Partial Mode": "Partial",
                                  "Parent Relationship": "Outer",
                                  "Parallel Aware": false,
                                  "Async Capable": false,
                                  "Startup Cost": 814451.95,
                                  "Total Cost": 814472.32,
                                  "Plan Rows": 51,
                                  "Plan Width": 145,
                                  "Group Key": [
                                    "store.s_store_id"
                                  ],
                                  "Plans": [
                                    {
                                      "Node Type": "Sort",
                                      "Parent Relationship": "Outer",
                                      "Parallel Aware": false,
                                      "Async Capable": false,
                                      "Startup Cost": 814451.95,
                                      "Total Cost": 814455.17,
                                      "Plan Rows": 1290,
                                      "Plan Width": 57,
                                      "Sort Key": [
                                        "store.s_store_id"
                                      ],
                                      "Plans": [
                                        {
                                          "Node Type": "Hash Join",
                                          "Parent Relationship": "Outer",
                                          "Parallel Aware": false,
                                          "Async Capable": false,
                                          "Join Type": "Inner",
                                          "Startup Cost": 2056.95,
                                          "Total Cost": 814385.3,
                                          "Plan Rows": 1290,
                                          "Plan Width": 57,
                                          "Inner Unique": false,
                                          "Hash Cond": "(store_sales.ss_store_sk = store.s_store_sk)",
                                          "Plans": [
                                            {
                                              "Node Type": "Hash Join",
                                              "Parent Relationship": "Outer",
                                              "Parallel Aware": true,
                                              "Async Capable": false,
                                              "Join Type": "Inner",
                                              "Startup Cost": 2049.65,
                                              "Total Cost": 814355.62,
                                              "Plan Rows": 2530,
                                              "Plan Width": 44,
                                              "Inner Unique": false,
                                              "Hash Cond": "(store_sales.ss_sold_date_sk = date_dim.d_date_sk)",
                                              "Plans": [
                                                {
                                                  "Node Type": "Append",
                                                  "Parent Relationship": "Outer",
                                                  "Parallel Aware": true,
                                                  "Async Capable": false,
                                                  "Startup Cost": 0.0,
                                                  "Total Cost": 762796.01,
                                                  "Plan Rows": 13198801,
                                                  "Plan Width": 48,
                                                  "Subplans Removed": 0,
                                                  "Plans": [
                                                    {
                                                      "Node Type": "Seq Scan",
                                                      "Parent Relationship": "Member",
                                                      "Parallel Aware": true,
                                                      "Async Capable": false,
                                                      "Relation Name": "store_sales",
                                                      "Alias": "store_sales",
                                                      "Startup Cost": 0.0,
                                                      "Total Cost": 636914.37,
                                                      "Plan Rows": 12000637,
                                                      "Plan Width": 48,
                                                      "parent": 11,
                                                      "ID": 12
                                                    },
                                                    {
                                                      "Node Type": "Seq Scan",
                                                      "Parent Relationship": "Member",
                                                      "Parallel Aware": true,
                                                      "Async Capable": false,
                                                      "Relation Name": "store_returns",
                                                      "Alias": "store_returns",
                                                      "Startup Cost": 0.0,
                                                      "Total Cost": 59887.64,
                                                      "Plan Rows": 1198164,
                                                      "Plan Width": 48,
                                                      "parent": 11,
                                                      "ID": 13
                                                    }
                                                  ],
                                                  "parent": 10,
                                                  "ID": 11,
                                                  "left": 12,
                                                  "right": 13
                                                },
                                                {
                                                  "Node Type": "Hash",
                                                  "Parent Relationship": "Inner",
                                                  "Parallel Aware": true,
                                                  "Async Capable": false,
                                                  "Startup Cost": 2049.55,
                                                  "Total Cost": 2049.55,
                                                  "Plan Rows": 8,
                                                  "Plan Width": 4,
                                                  "Plans": [
                                                    {
                                                      "Node Type": "Seq Scan",
                                                      "Parent Relationship": "Outer",
                                                      "Parallel Aware": true,
                                                      "Async Capable": false,
                                                      "Relation Name": "date_dim",
                                                      "Alias": "date_dim",
                                                      "Startup Cost": 0.0,
                                                      "Total Cost": 2049.55,
                                                      "Plan Rows": 8,
                                                      "Plan Width": 4,
                                                      "Filter": "((d_date >= '1998-08-12'::date) AND (d_date <= '1998-08-26 00:00:00'::timestamp without time zone))",
                                                      "parent": 14,
                                                      "ID": 15
                                                    }
                                                  ],
                                                  "parent": 10,
                                                  "ID": 14,
                                                  "left": 15
                                                }
                                              ],
                                              "parent": 9,
                                              "ID": 10,
                                              "left": 11,
                                              "right": 14
                                            },
                                            {
                                              "Node Type": "Hash",
                                              "Parent Relationship": "Inner",
                                              "Parallel Aware": false,
                                              "Async Capable": false,
                                              "Startup Cost": 6.02,
                                              "Total Cost": 6.02,
                                              "Plan Rows": 102,
                                              "Plan Width": 21,
                                              "Plans": [
                                                {
                                                  "Node Type": "Seq Scan",
                                                  "Parent Relationship": "Outer",
                                                  "Parallel Aware": false,
                                                  "Async Capable": false,
                                                  "Relation Name": "store",
                                                  "Alias": "store",
                                                  "Startup Cost": 0.0,
                                                  "Total Cost": 6.02,
                                                  "Plan Rows": 102,
                                                  "Plan Width": 21,
                                                  "parent": 16,
                                                  "ID": 17
                                                }
                                              ],
                                              "parent": 9,
                                              "ID": 16,
                                              "left": 17
                                            }
                                          ],
                                          "parent": 8,
                                          "ID": 9,
                                          "left": 10,
                                          "right": 16
                                        }
                                      ],
                                      "parent": 7,
                                      "ID": 8,
                                      "left": 9
                                    }
                                  ],
                                  "parent": 6,
                                  "ID": 7,
                                  "left": 8
                                }
                              ],
                              "parent": 5,
                              "ID": 6,
                              "left": 7
                            }
                          ],
                          "parent": 4,
                          "ID": 5,
                          "left": 6
                        }
                      ],
                      "parent": 3,
                      "ID": 4,
                      "left": 5
                    },
                    {
                      "Node Type": "Subquery Scan",
                      "Parent Relationship": "Member",
                      "Parallel Aware": false,
                      "Async Capable": false,
                      "Alias": "csr",
                      "Startup Cost": 529848.36,
                      "Total Cost": 530353.75,
                      "Plan Rows": 3036,
                      "Plan Width": 160,
                      "Plans": [
                        {
                          "Node Type": "Aggregate",
                          "Strategy": "Sorted",
                          "Partial Mode": "Simple",
                          "Parent Relationship": "Subquery",
                          "Parallel Aware": false,
                          "Async Capable": false,
                          "Startup Cost": 529848.36,
                          "Total Cost": 530300.62,
                          "Plan Rows": 3036,
                          "Plan Width": 145,
                          "Group Key": [
                            "catalog_page.cp_catalog_page_id"
                          ],
                          "Plans": [
                            {
                              "Node Type": "Gather Merge",
                              "Parent Relationship": "Outer",
                              "Parallel Aware": false,
                              "Async Capable": false,
                              "Startup Cost": 529848.36,
                              "Total Cost": 530201.95,
                              "Plan Rows": 3036,
                              "Plan Width": 57,
                              "Workers Planned": 2,
                              "Plans": [
                                {
                                  "Node Type": "Sort",
                                  "Parent Relationship": "Outer",
                                  "Parallel Aware": false,
                                  "Async Capable": false,
                                  "Startup Cost": 528848.34,
                                  "Total Cost": 528851.5,
                                  "Plan Rows": 1265,
                                  "Plan Width": 57,
                                  "Sort Key": [
                                    "catalog_page.cp_catalog_page_id"
                                  ],
                                  "Plans": [
                                    {
                                      "Node Type": "Hash Join",
                                      "Parent Relationship": "Outer",
                                      "Parallel Aware": false,
                                      "Async Capable": false,
                                      "Join Type": "Inner",
                                      "Startup Cost": 2567.65,
                                      "Total Cost": 528783.16,
                                      "Plan Rows": 1265,
                                      "Plan Width": 57,
                                      "Inner Unique": false,
                                      "Hash Cond": "(catalog_sales.cs_catalog_page_sk = catalog_page.cp_catalog_page_sk)",
                                      "Plans": [
                                        {
                                          "Node Type": "Hash Join",
                                          "Parent Relationship": "Outer",
                                          "Parallel Aware": true,
                                          "Async Capable": false,
                                          "Join Type": "Inner",
                                          "Startup Cost": 2049.65,
                                          "Total Cost": 528247.76,
                                          "Plan Rows": 1265,
                                          "Plan Width": 44,
                                          "Inner Unique": false,
                                          "Hash Cond": "(catalog_sales.cs_sold_date_sk = date_dim_1.d_date_sk)",
                                          "Plans": [
                                            {
                                              "Node Type": "Append",
                                              "Parent Relationship": "Outer",
                                              "Parallel Aware": true,
                                              "Async Capable": false,
                                              "Startup Cost": 0.0,
                                              "Total Cost": 501439.31,
                                              "Plan Rows": 6600420,
                                              "Plan Width": 48,
                                              "Subplans Removed": 0,
                                              "Plans": [
                                                {
                                                  "Node Type": "Seq Scan",
                                                  "Parent Relationship": "Member",
                                                  "Parallel Aware": true,
                                                  "Async Capable": false,
                                                  "Relation Name": "catalog_sales",
                                                  "Alias": "catalog_sales",
                                                  "Startup Cost": 0.0,
                                                  "Total Cost": 433688.25,
                                                  "Plan Rows": 6000525,
                                                  "Plan Width": 48,
                                                  "parent": 24,
                                                  "ID": 25
                                                },
                                                {
                                                  "Node Type": "Seq Scan",
                                                  "Parent Relationship": "Member",
                                                  "Parallel Aware": true,
                                                  "Async Capable": false,
                                                  "Relation Name": "catalog_returns",
                                                  "Alias": "catalog_returns",
                                                  "Startup Cost": 0.0,
                                                  "Total Cost": 34748.95,
                                                  "Plan Rows": 599895,
                                                  "Plan Width": 48,
                                                  "parent": 24,
                                                  "ID": 26
                                                }
                                              ],
                                              "parent": 23,
                                              "ID": 24,
                                              "left": 25,
                                              "right": 26
                                            },
                                            {
                                              "Node Type": "Hash",
                                              "Parent Relationship": "Inner",
                                              "Parallel Aware": true,
                                              "Async Capable": false,
                                              "Startup Cost": 2049.55,
                                              "Total Cost": 2049.55,
                                              "Plan Rows": 8,
                                              "Plan Width": 4,
                                              "Plans": [
                                                {
                                                  "Node Type": "Seq Scan",
                                                  "Parent Relationship": "Outer",
                                                  "Parallel Aware": true,
                                                  "Async Capable": false,
                                                  "Relation Name": "date_dim",
                                                  "Alias": "date_dim_1",
                                                  "Startup Cost": 0.0,
                                                  "Total Cost": 2049.55,
                                                  "Plan Rows": 8,
                                                  "Plan Width": 4,
                                                  "Filter": "((d_date >= '1998-08-12'::date) AND (d_date <= '1998-08-26 00:00:00'::timestamp without time zone))",
                                                  "parent": 27,
                                                  "ID": 28
                                                }
                                              ],
                                              "parent": 23,
                                              "ID": 27,
                                              "left": 28
                                            }
                                          ],
                                          "parent": 22,
                                          "ID": 23,
                                          "left": 24,
                                          "right": 27
                                        },
                                        {
                                          "Node Type": "Hash",
                                          "Parent Relationship": "Inner",
                                          "Parallel Aware": false,
                                          "Async Capable": false,
                                          "Startup Cost": 368.0,
                                          "Total Cost": 368.0,
                                          "Plan Rows": 12000,
                                          "Plan Width": 21,
                                          "Plans": [
                                            {
                                              "Node Type": "Seq Scan",
                                              "Parent Relationship": "Outer",
                                              "Parallel Aware": false,
                                              "Async Capable": false,
                                              "Relation Name": "catalog_page",
                                              "Alias": "catalog_page",
                                              "Startup Cost": 0.0,
                                              "Total Cost": 368.0,
                                              "Plan Rows": 12000,
                                              "Plan Width": 21,
                                              "parent": 29,
                                              "ID": 30
                                            }
                                          ],
                                          "parent": 22,
                                          "ID": 29,
                                          "left": 30
                                        }
                                      ],
                                      "parent": 21,
                                      "ID": 22,
                                      "left": 23,
                                      "right": 29
                                    }
                                  ],
                                  "parent": 20,
                                  "ID": 21,
                                  "left": 22
                                }
                              ],
                              "parent": 19,
                              "ID": 20,
                              "left": 21
                            }
                          ],
                          "parent": 18,
                          "ID": 19,
                          "left": 20
                        }
                      ],
                      "parent": 3,
                      "ID": 18,
                      "left": 19
                    },
                    {
                      "Node Type": "Subquery Scan",
                      "Parent Relationship": "Member",
                      "Parallel Aware": false,
                      "Async Capable": false,
                      "Alias": "wsr",
                      "Startup Cost": 594058.45,
                      "Total Cost": 594067.44,
                      "Plan Rows": 21,
                      "Plan Width": 160,
                      "Plans": [
                        {
                          "Node Type": "Aggregate",
                          "Strategy": "Sorted",
                          "Partial Mode": "Finalize",
                          "Parent Relationship": "Subquery",
                          "Parallel Aware": false,
                          "Async Capable": false,
                          "Startup Cost": 594058.45,
                          "Total Cost": 594067.07,
                          "Plan Rows": 21,
                          "Plan Width": 145,
                          "Group Key": [
                            "web_site.web_site_id"
                          ],
                          "Plans": [
                            {
                              "Node Type": "Gather Merge",
                              "Parent Relationship": "Outer",
                              "Parallel Aware": false,
                              "Async Capable": false,
                              "Startup Cost": 594058.45,
                              "Total Cost": 594065.71,
                              "Plan Rows": 42,
                              "Plan Width": 145,
                              "Workers Planned": 2,
                              "Plans": [
                                {
                                  "Node Type": "Aggregate",
                                  "Strategy": "Sorted",
                                  "Partial Mode": "Partial",
                                  "Parent Relationship": "Outer",
                                  "Parallel Aware": false,
                                  "Async Capable": false,
                                  "Startup Cost": 593058.42,
                                  "Total Cost": 593060.84,
                                  "Plan Rows": 21,
                                  "Plan Width": 145,
                                  "Group Key": [
                                    "web_site.web_site_id"
                                  ],
                                  "Plans": [
                                    {
                                      "Node Type": "Sort",
                                      "Parent Relationship": "Outer",
                                      "Parallel Aware": false,
                                      "Async Capable": false,
                                      "Startup Cost": 593058.42,
                                      "Total Cost": 593058.75,
                                      "Plan Rows": 133,
                                      "Plan Width": 57,
                                      "Sort Key": [
                                        "web_site.web_site_id"
                                      ],
                                      "Plans": [
                                        {
                                          "Node Type": "Hash Join",
                                          "Parent Relationship": "Outer",
                                          "Parallel Aware": false,
                                          "Async Capable": false,
                                          "Join Type": "Inner",
                                          "Startup Cost": 2053.6,
                                          "Total Cost": 593053.73,
                                          "Plan Rows": 133,
                                          "Plan Width": 57,
                                          "Inner Unique": false,
                                          "Hash Cond": "(\"*SELECT* 2\".wsr_web_site_sk = web_site.web_site_sk)",
                                          "Plans": [
                                            {
                                              "Node Type": "Hash Join",
                                              "Parent Relationship": "Outer",
                                              "Parallel Aware": true,
                                              "Async Capable": false,
                                              "Join Type": "Inner",
                                              "Startup Cost": 2049.65,
                                              "Total Cost": 593046.09,
                                              "Plan Rows": 632,
                                              "Plan Width": 44,
                                              "Inner Unique": false,
                                              "Hash Cond": "(\"*SELECT* 2\".date_sk = date_dim_2.d_date_sk)",
                                              "Plans": [
                                                {
                                                  "Node Type": "Append",
                                                  "Parent Relationship": "Outer",
                                                  "Parallel Aware": true,
                                                  "Async Capable": false,
                                                  "Startup Cost": 0.0,
                                                  "Total Cost": 577049.1,
                                                  "Plan Rows": 3718203,
                                                  "Plan Width": 48,
                                                  "Subplans Removed": 0,
                                                  "Plans": [
                                                    {
                                                      "Node Type": "Subquery Scan",
                                                      "Parent Relationship": "Member",
                                                      "Parallel Aware": false,
                                                      "Async Capable": false,
                                                      "Alias": "*SELECT* 2",
                                                      "Startup Cost": 277366.65,
                                                      "Total Cost": 340720.23,
                                                      "Plan Rows": 719217,
                                                      "Plan Width": 48,
                                                      "Plans": [
                                                        {
                                                          "Node Type": "Hash Join",
                                                          "Parent Relationship": "Subquery",
                                                          "Parallel Aware": true,
                                                          "Async Capable": false,
                                                          "Join Type": "Left",
                                                          "Startup Cost": 277366.65,
                                                          "Total Cost": 333528.06,
                                                          "Plan Rows": 299674,
                                                          "Plan Width": 48,
                                                          "Inner Unique": false,
                                                          "Hash Cond": "((web_returns.wr_item_sk = web_sales_1.ws_item_sk) AND (web_returns.wr_order_number = web_sales_1.ws_order_number))",
                                                          "Plans": [
                                                            {
                                                              "Node Type": "Seq Scan",
                                                              "Parent Relationship": "Outer",
                                                              "Parallel Aware": true,
                                                              "Async Capable": false,
                                                              "Relation Name": "web_returns",
                                                              "Alias": "web_returns",
                                                              "Startup Cost": 0.0,
                                                              "Total Cost": 16278.74,
                                                              "Plan Rows": 299674,
                                                              "Plan Width": 24,
                                                              "parent": 40,
                                                              "ID": 41
                                                            },
                                                            {
                                                              "Node Type": "Hash",
                                                              "Parent Relationship": "Inner",
                                                              "Parallel Aware": true,
                                                              "Async Capable": false,
                                                              "Startup Cost": 217737.86,
                                                              "Total Cost": 217737.86,
                                                              "Plan Rows": 2998986,
                                                              "Plan Width": 12,
                                                              "Plans": [
                                                                {
                                                                  "Node Type": "Seq Scan",
                                                                  "Parent Relationship": "Outer",
                                                                  "Parallel Aware": true,
                                                                  "Async Capable": false,
                                                                  "Relation Name": "web_sales",
                                                                  "Alias": "web_sales_1",
                                                                  "Startup Cost": 0.0,
                                                                  "Total Cost": 217737.86,
                                                                  "Plan Rows": 2998986,
                                                                  "Plan Width": 12,
                                                                  "parent": 42,
                                                                  "ID": 43
                                                                }
                                                              ],
                                                              "parent": 40,
                                                              "ID": 42,
                                                              "left": 43
                                                            }
                                                          ],
                                                          "parent": 39,
                                                          "ID": 40,
                                                          "left": 41,
                                                          "right": 42
                                                        }
                                                      ],
                                                      "parent": 38,
                                                      "ID": 39,
                                                      "left": 40
                                                    },
                                                    {
                                                      "Node Type": "Seq Scan",
                                                      "Parent Relationship": "Member",
                                                      "Parallel Aware": true,
                                                      "Async Capable": false,
                                                      "Relation Name": "web_sales",
                                                      "Alias": "web_sales",
                                                      "Startup Cost": 0.0,
                                                      "Total Cost": 217737.86,
                                                      "Plan Rows": 2998986,
                                                      "Plan Width": 48,
                                                      "parent": 38,
                                                      "ID": 44
                                                    }
                                                  ],
                                                  "parent": 37,
                                                  "ID": 38,
                                                  "left": 39,
                                                  "right": 44
                                                },
                                                {
                                                  "Node Type": "Hash",
                                                  "Parent Relationship": "Inner",
                                                  "Parallel Aware": true,
                                                  "Async Capable": false,
                                                  "Startup Cost": 2049.55,
                                                  "Total Cost": 2049.55,
                                                  "Plan Rows": 8,
                                                  "Plan Width": 4,
                                                  "Plans": [
                                                    {
                                                      "Node Type": "Seq Scan",
                                                      "Parent Relationship": "Outer",
                                                      "Parallel Aware": true,
                                                      "Async Capable": false,
                                                      "Relation Name": "date_dim",
                                                      "Alias": "date_dim_2",
                                                      "Startup Cost": 0.0,
                                                      "Total Cost": 2049.55,
                                                      "Plan Rows": 8,
                                                      "Plan Width": 4,
                                                      "Filter": "((d_date >= '1998-08-12'::date) AND (d_date <= '1998-08-26 00:00:00'::timestamp without time zone))",
                                                      "parent": 45,
                                                      "ID": 46
                                                    }
                                                  ],
                                                  "parent": 37,
                                                  "ID": 45,
                                                  "left": 46
                                                }
                                              ],
                                              "parent": 36,
                                              "ID": 37,
                                              "left": 38,
                                              "right": 45
                                            },
                                            {
                                              "Node Type": "Hash",
                                              "Parent Relationship": "Inner",
                                              "Parallel Aware": false,
                                              "Async Capable": false,
                                              "Startup Cost": 3.42,
                                              "Total Cost": 3.42,
                                              "Plan Rows": 42,
                                              "Plan Width": 21,
                                              "Plans": [
                                                {
                                                  "Node Type": "Seq Scan",
                                                  "Parent Relationship": "Outer",
                                                  "Parallel Aware": false,
                                                  "Async Capable": false,
                                                  "Relation Name": "web_site",
                                                  "Alias": "web_site",
                                                  "Startup Cost": 0.0,
                                                  "Total Cost": 3.42,
                                                  "Plan Rows": 42,
                                                  "Plan Width": 21,
                                                  "parent": 47,
                                                  "ID": 48
                                                }
                                              ],
                                              "parent": 36,
                                              "ID": 47,
                                              "left": 48
                                            }
                                          ],
                                          "parent": 35,
                                          "ID": 36,
                                          "left": 37,
                                          "right": 47
                                        }
                                      ],
                                      "parent": 34,
                                      "ID": 35,
                                      "left": 36
                                    }
                                  ],
                                  "parent": 33,
                                  "ID": 34,
                                  "left": 35
                                }
                              ],
                              "parent": 32,
                              "ID": 33,
                              "left": 34
                            }
                          ],
                          "parent": 31,
                          "ID": 32,
                          "left": 33
                        }
                      ],
                      "parent": 3,
                      "ID": 31,
                      "left": 32
                    }
                  ],
                  "parent": 2,
                  "ID": 3,
                  "left": 4,
                  "right": 18
                }
              ],
              "parent": 1,
              "ID": 2,
              "left": 3
            }
          ],
          "parent": 0,
          "ID": 1,
          "left": 2
        }
      ],
      "parent": null,
      "ID": 0,
      "left": 1
    },
    "feat": {
      "utility": 1.7618258758525105e-06,
      "query_shape": [
        [
          "Seq Scan",
          "Append",
          "Hash Join",
          "Sort",
          "Aggregate",
          "Gather Merge",
          "Subquery Scan"
        ],
        [
          "Seq Scan",
          "Append",
          "Hash Join",
          "Sort",
          "Aggregate",
          "Gather Merge",
          "Subquery Scan"
        ],
        [
          "Seq Scan",
          "Hash",
          "Hash Join",
          "Sort",
          "Aggregate",
          "Gather Merge",
          "Subquery Scan",
          "Append"
        ],
        [
          "Seq Scan",
          "Hash",
          "Hash Join",
          "Sort",
          "Aggregate",
          "Gather Merge",
          "Subquery Scan",
          "Append"
        ],
        [
          "Seq Scan",
          "Append",
          "Hash Join",
          "Sort",
          "Gather Merge",
          "Aggregate",
          "Subquery Scan"
        ],
        [
          "Seq Scan",
          "Append",
          "Hash Join",
          "Sort",
          "Gather Merge",
          "Aggregate",
          "Subquery Scan"
        ],
        [
          "Seq Scan",
          "Hash",
          "Hash Join",
          "Sort",
          "Gather Merge",
          "Aggregate",
          "Subquery Scan",
          "Append"
        ],
        [
          "Seq Scan",
          "Hash",
          "Hash Join",
          "Sort",
          "Gather Merge",
          "Aggregate",
          "Subquery Scan",
          "Append"
        ],
        [
          "Seq Scan",
          "Hash Join",
          "Subquery Scan",
          "Append",
          "Sort",
          "Aggregate",
          "Gather Merge"
        ],
        [
          "Seq Scan",
          "Hash",
          "Hash Join",
          "Subquery Scan",
          "Append",
          "Sort",
          "Aggregate",
          "Gather Merge"
        ],
        [
          "Seq Scan",
          "Append",
          "Hash Join",
          "Sort",
          "Aggregate",
          "Gather Merge",
          "Subquery Scan"
        ],
        [
          "Seq Scan",
          "Hash",
          "Hash Join",
          "Sort",
          "Aggregate",
          "Gather Merge",
          "Subquery Scan",
          "Append"
        ],
        [
          "Seq Scan",
          "Hash",
          "Hash Join",
          "Sort",
          "Aggregate",
          "Gather Merge",
          "Subquery Scan",
          "Append"
        ]
      ],
      "index_shape": [
        "join"
      ],
      "physical_operator": {
        "Hash Join": [
          0.0005774478661266393
        ]
      }
    }
  },
  {
    "query": "with ssr as\n (select s_store_id,\n        sum(sales_price) as sales,\n        sum(profit) as profit,\n        sum(return_amt) as returns,\n        sum(net_loss) as profit_loss\n from\n  ( select  ss_store_sk as store_sk,\n            ss_sold_date_sk  as date_sk,\n            ss_ext_sales_price as sales_price,\n            ss_net_profit as profit,\n            cast(0 as decimal(7,2)) as return_amt,\n            cast(0 as decimal(7,2)) as net_loss\n    from store_sales\n    union all\n    select sr_store_sk as store_sk,\n           sr_returned_date_sk as date_sk,\n           cast(0 as decimal(7,2)) as sales_price,\n           cast(0 as decimal(7,2)) as profit,\n           sr_return_amt as return_amt,\n           sr_net_loss as net_loss\n    from store_returns\n   ) salesreturns,\n     date_dim,\n     store\n where date_sk = d_date_sk\n       and d_date between cast('1998-08-12' as date) \n                  and (cast('1998-08-12' as date) +  interval '14 days')\n       and store_sk = s_store_sk\n group by s_store_id)\n ,\n csr as\n (select cp_catalog_page_id,\n        sum(sales_price) as sales,\n        sum(profit) as profit,\n        sum(return_amt) as returns,\n        sum(net_loss) as profit_loss\n from\n  ( select  cs_catalog_page_sk as page_sk,\n            cs_sold_date_sk  as date_sk,\n            cs_ext_sales_price as sales_price,\n            cs_net_profit as profit,\n            cast(0 as decimal(7,2)) as return_amt,\n            cast(0 as decimal(7,2)) as net_loss\n    from catalog_sales\n    union all\n    select cr_catalog_page_sk as page_sk,\n           cr_returned_date_sk as date_sk,\n           cast(0 as decimal(7,2)) as sales_price,\n           cast(0 as decimal(7,2)) as profit,\n           cr_return_amount as return_amt,\n           cr_net_loss as net_loss\n    from catalog_returns\n   ) salesreturns,\n     date_dim,\n     catalog_page\n where date_sk = d_date_sk\n       and d_date between cast('1998-08-12' as date)\n                  and (cast('1998-08-12' as date) +  interval '14 days')\n       and page_sk = cp_catalog_page_sk\n group by cp_catalog_page_id)\n ,\n wsr as\n (select web_site_id,\n        sum(sales_price) as sales,\n        sum(profit) as profit,\n        sum(return_amt) as returns,\n        sum(net_loss) as profit_loss\n from\n  ( select  ws_web_site_sk as wsr_web_site_sk,\n            ws_sold_date_sk  as date_sk,\n            ws_ext_sales_price as sales_price,\n            ws_net_profit as profit,\n            cast(0 as decimal(7,2)) as return_amt,\n            cast(0 as decimal(7,2)) as net_loss\n    from web_sales\n    union all\n    select ws_web_site_sk as wsr_web_site_sk,\n           wr_returned_date_sk as date_sk,\n           cast(0 as decimal(7,2)) as sales_price,\n           cast(0 as decimal(7,2)) as profit,\n           wr_return_amt as return_amt,\n           wr_net_loss as net_loss\n    from web_returns left outer join web_sales on\n         ( wr_item_sk = ws_item_sk\n           and wr_order_number = ws_order_number)\n   ) salesreturns,\n     date_dim,\n     web_site\n where date_sk = d_date_sk\n       and d_date between cast('1998-08-12' as date)\n                  and (cast('1998-08-12' as date) +  interval '14 days')\n       and wsr_web_site_sk = web_site_sk\n group by web_site_id)\n  select  channel\n        , id\n        , sum(sales) as sales\n        , sum(returns) as returns\n        , sum(profit) as profit\n from \n (select 'store channel' as channel\n        , 'store' || s_store_id as id\n        , sales\n        , returns\n        , (profit - profit_loss) as profit\n from   ssr\n union all\n select 'catalog channel' as channel\n        , 'catalog_page' || cp_catalog_page_id as id\n        , sales\n        , returns\n        , (profit - profit_loss) as profit\n from  csr\n union all\n select 'web channel' as channel\n        , 'web_site' || web_site_id as id\n        , sales\n        , returns\n        , (profit - profit_loss) as profit\n from   wsr\n ) x\n group by rollup (channel, id)\n order by channel\n         ,id\n limit 100;\n\n-- end query 3 in stream 0 using template query5.tpl\n",
    "indexes": "web_returns.wr_return_amt",
    "wo plan est": {
      "Node Type": "Limit",
      "Parallel Aware": false,
      "Async Capable": false,
      "Startup Cost": 1940046.82,
      "Total Cost": 1940047.07,
      "Plan Rows": 100,
      "Plan Width": 160,
      "Plans": [
        {
          "Node Type": "Sort",
          "Parent Relationship": "Outer",
          "Parallel Aware": false,
          "Async Capable": false,
          "Startup Cost": 1940046.82,
          "Total Cost": 1940048.1,
          "Plan Rows": 512,
          "Plan Width": 160,
          "Sort Key": [
            "('store channel'::text)",
            "(('store'::text || (ssr.s_store_id)::text))"
          ],
          "Plans": [
            {
              "Node Type": "Aggregate",
              "Strategy": "Mixed",
              "Partial Mode": "Simple",
              "Parent Relationship": "Outer",
              "Parallel Aware": false,
              "Async Capable": false,
              "Startup Cost": 815451.97,
              "Total Cost": 1940027.26,
              "Plan Rows": 512,
              "Plan Width": 160,
              "Grouping Sets": [
                {
                  "Hash Keys": [
                    [
                      "('store channel'::text)",
                      "(('store'::text || (ssr.s_store_id)::text))"
                    ]
                  ]
                },
                {
                  "Hash Keys": [
                    [
                      "('store channel'::text)"
                    ]
                  ]
                },
                {
                  "Group Keys": [
                    []
                  ]
                }
              ],
              "Planned Partitions": 0,
              "Plans": [
                {
                  "Node Type": "Append",
                  "Parent Relationship": "Outer",
                  "Parallel Aware": false,
                  "Async Capable": false,
                  "Startup Cost": 815451.97,
                  "Total Cost": 1939925.06,
                  "Plan Rows": 3108,
                  "Plan Width": 160,
                  "Subplans Removed": 0,
                  "Plans": [
                    {
                      "Node Type": "Subquery Scan",
                      "Parent Relationship": "Member",
                      "Parallel Aware": false,
                      "Async Capable": false,
                      "Alias": "ssr",
                      "Startup Cost": 815451.97,
                      "Total Cost": 815488.32,
                      "Plan Rows": 51,
                      "Plan Width": 160,
                      "Plans": [
                        {
                          "Node Type": "Aggregate",
                          "Strategy": "Sorted",
                          "Partial Mode": "Finalize",
                          "Parent Relationship": "Subquery",
                          "Parallel Aware": false,
                          "Async Capable": false,
                          "Startup Cost": 815451.97,
                          "Total Cost": 815487.43,
                          "Plan Rows": 51,
                          "Plan Width": 145,
                          "Group Key": [
                            "store.s_store_id"
                          ],
                          "Plans": [
                            {
                              "Node Type": "Gather Merge",
                              "Parent Relationship": "Outer",
                              "Parallel Aware": false,
                              "Async Capable": false,
                              "Startup Cost": 815451.97,
                              "Total Cost": 815484.12,
                              "Plan Rows": 102,
                              "Plan Width": 145,
                              "Workers Planned": 2,
                              "Plans": [
                                {
                                  "Node Type": "Aggregate",
                                  "Strategy": "Sorted",
                                  "Partial Mode": "Partial",
                                  "Parent Relationship": "Outer",
                                  "Parallel Aware": false,
                                  "Async Capable": false,
                                  "Startup Cost": 814451.95,
                                  "Total Cost": 814472.32,
                                  "Plan Rows": 51,
                                  "Plan Width": 145,
                                  "Group Key": [
                                    "store.s_store_id"
                                  ],
                                  "Plans": [
                                    {
                                      "Node Type": "Sort",
                                      "Parent Relationship": "Outer",
                                      "Parallel Aware": false,
                                      "Async Capable": false,
                                      "Startup Cost": 814451.95,
                                      "Total Cost": 814455.17,
                                      "Plan Rows": 1290,
                                      "Plan Width": 57,
                                      "Sort Key": [
                                        "store.s_store_id"
                                      ],
                                      "Plans": [
                                        {
                                          "Node Type": "Hash Join",
                                          "Parent Relationship": "Outer",
                                          "Parallel Aware": false,
                                          "Async Capable": false,
                                          "Join Type": "Inner",
                                          "Startup Cost": 2056.95,
                                          "Total Cost": 814385.3,
                                          "Plan Rows": 1290,
                                          "Plan Width": 57,
                                          "Inner Unique": false,
                                          "Hash Cond": "(store_sales.ss_store_sk = store.s_store_sk)",
                                          "Plans": [
                                            {
                                              "Node Type": "Hash Join",
                                              "Parent Relationship": "Outer",
                                              "Parallel Aware": true,
                                              "Async Capable": false,
                                              "Join Type": "Inner",
                                              "Startup Cost": 2049.65,
                                              "Total Cost": 814355.62,
                                              "Plan Rows": 2530,
                                              "Plan Width": 44,
                                              "Inner Unique": false,
                                              "Hash Cond": "(store_sales.ss_sold_date_sk = date_dim.d_date_sk)",
                                              "Plans": [
                                                {
                                                  "Node Type": "Append",
                                                  "Parent Relationship": "Outer",
                                                  "Parallel Aware": true,
                                                  "Async Capable": false,
                                                  "Startup Cost": 0.0,
                                                  "Total Cost": 762796.01,
                                                  "Plan Rows": 13198801,
                                                  "Plan Width": 48,
                                                  "Subplans Removed": 0,
                                                  "Plans": [
                                                    {
                                                      "Node Type": "Seq Scan",
                                                      "Parent Relationship": "Member",
                                                      "Parallel Aware": true,
                                                      "Async Capable": false,
                                                      "Relation Name": "store_sales",
                                                      "Alias": "store_sales",
                                                      "Startup Cost": 0.0,
                                                      "Total Cost": 636914.37,
                                                      "Plan Rows": 12000637,
                                                      "Plan Width": 48,
                                                      "parent": 11,
                                                      "ID": 12
                                                    },
                                                    {
                                                      "Node Type": "Seq Scan",
                                                      "Parent Relationship": "Member",
                                                      "Parallel Aware": true,
                                                      "Async Capable": false,
                                                      "Relation Name": "store_returns",
                                                      "Alias": "store_returns",
                                                      "Startup Cost": 0.0,
                                                      "Total Cost": 59887.64,
                                                      "Plan Rows": 1198164,
                                                      "Plan Width": 48,
                                                      "parent": 11,
                                                      "ID": 13
                                                    }
                                                  ],
                                                  "parent": 10,
                                                  "ID": 11,
                                                  "left": 12,
                                                  "right": 13
                                                },
                                                {
                                                  "Node Type": "Hash",
                                                  "Parent Relationship": "Inner",
                                                  "Parallel Aware": true,
                                                  "Async Capable": false,
                                                  "Startup Cost": 2049.55,
                                                  "Total Cost": 2049.55,
                                                  "Plan Rows": 8,
                                                  "Plan Width": 4,
                                                  "Plans": [
                                                    {
                                                      "Node Type": "Seq Scan",
                                                      "Parent Relationship": "Outer",
                                                      "Parallel Aware": true,
                                                      "Async Capable": false,
                                                      "Relation Name": "date_dim",
                                                      "Alias": "date_dim",
                                                      "Startup Cost": 0.0,
                                                      "Total Cost": 2049.55,
                                                      "Plan Rows": 8,
                                                      "Plan Width": 4,
                                                      "Filter": "((d_date >= '1998-08-12'::date) AND (d_date <= '1998-08-26 00:00:00'::timestamp without time zone))",
                                                      "parent": 14,
                                                      "ID": 15
                                                    }
                                                  ],
                                                  "parent": 10,
                                                  "ID": 14,
                                                  "left": 15
                                                }
                                              ],
                                              "parent": 9,
                                              "ID": 10,
                                              "left": 11,
                                              "right": 14
                                            },
                                            {
                                              "Node Type": "Hash",
                                              "Parent Relationship": "Inner",
                                              "Parallel Aware": false,
                                              "Async Capable": false,
                                              "Startup Cost": 6.02,
                                              "Total Cost": 6.02,
                                              "Plan Rows": 102,
                                              "Plan Width": 21,
                                              "Plans": [
                                                {
                                                  "Node Type": "Seq Scan",
                                                  "Parent Relationship": "Outer",
                                                  "Parallel Aware": false,
                                                  "Async Capable": false,
                                                  "Relation Name": "store",
                                                  "Alias": "store",
                                                  "Startup Cost": 0.0,
                                                  "Total Cost": 6.02,
                                                  "Plan Rows": 102,
                                                  "Plan Width": 21,
                                                  "parent": 16,
                                                  "ID": 17
                                                }
                                              ],
                                              "parent": 9,
                                              "ID": 16,
                                              "left": 17
                                            }
                                          ],
                                          "parent": 8,
                                          "ID": 9,
                                          "left": 10,
                                          "right": 16
                                        }
                                      ],
                                      "parent": 7,
                                      "ID": 8,
                                      "left": 9
                                    }
                                  ],
                                  "parent": 6,
                                  "ID": 7,
                                  "left": 8
                                }
                              ],
                              "parent": 5,
                              "ID": 6,
                              "left": 7
                            }
                          ],
                          "parent": 4,
                          "ID": 5,
                          "left": 6
                        }
                      ],
                      "parent": 3,
                      "ID": 4,
                      "left": 5
                    },
                    {
                      "Node Type": "Subquery Scan",
                      "Parent Relationship": "Member",
                      "Parallel Aware": false,
                      "Async Capable": false,
                      "Alias": "csr",
                      "Startup Cost": 529848.36,
                      "Total Cost": 530353.75,
                      "Plan Rows": 3036,
                      "Plan Width": 160,
                      "Plans": [
                        {
                          "Node Type": "Aggregate",
                          "Strategy": "Sorted",
                          "Partial Mode": "Simple",
                          "Parent Relationship": "Subquery",
                          "Parallel Aware": false,
                          "Async Capable": false,
                          "Startup Cost": 529848.36,
                          "Total Cost": 530300.62,
                          "Plan Rows": 3036,
                          "Plan Width": 145,
                          "Group Key": [
                            "catalog_page.cp_catalog_page_id"
                          ],
                          "Plans": [
                            {
                              "Node Type": "Gather Merge",
                              "Parent Relationship": "Outer",
                              "Parallel Aware": false,
                              "Async Capable": false,
                              "Startup Cost": 529848.36,
                              "Total Cost": 530201.95,
                              "Plan Rows": 3036,
                              "Plan Width": 57,
                              "Workers Planned": 2,
                              "Plans": [
                                {
                                  "Node Type": "Sort",
                                  "Parent Relationship": "Outer",
                                  "Parallel Aware": false,
                                  "Async Capable": false,
                                  "Startup Cost": 528848.34,
                                  "Total Cost": 528851.5,
                                  "Plan Rows": 1265,
                                  "Plan Width": 57,
                                  "Sort Key": [
                                    "catalog_page.cp_catalog_page_id"
                                  ],
                                  "Plans": [
                                    {
                                      "Node Type": "Hash Join",
                                      "Parent Relationship": "Outer",
                                      "Parallel Aware": false,
                                      "Async Capable": false,
                                      "Join Type": "Inner",
                                      "Startup Cost": 2567.65,
                                      "Total Cost": 528783.16,
                                      "Plan Rows": 1265,
                                      "Plan Width": 57,
                                      "Inner Unique": false,
                                      "Hash Cond": "(catalog_sales.cs_catalog_page_sk = catalog_page.cp_catalog_page_sk)",
                                      "Plans": [
                                        {
                                          "Node Type": "Hash Join",
                                          "Parent Relationship": "Outer",
                                          "Parallel Aware": true,
                                          "Async Capable": false,
                                          "Join Type": "Inner",
                                          "Startup Cost": 2049.65,
                                          "Total Cost": 528247.76,
                                          "Plan Rows": 1265,
                                          "Plan Width": 44,
                                          "Inner Unique": false,
                                          "Hash Cond": "(catalog_sales.cs_sold_date_sk = date_dim_1.d_date_sk)",
                                          "Plans": [
                                            {
                                              "Node Type": "Append",
                                              "Parent Relationship": "Outer",
                                              "Parallel Aware": true,
                                              "Async Capable": false,
                                              "Startup Cost": 0.0,
                                              "Total Cost": 501439.31,
                                              "Plan Rows": 6600420,
                                              "Plan Width": 48,
                                              "Subplans Removed": 0,
                                              "Plans": [
                                                {
                                                  "Node Type": "Seq Scan",
                                                  "Parent Relationship": "Member",
                                                  "Parallel Aware": true,
                                                  "Async Capable": false,
                                                  "Relation Name": "catalog_sales",
                                                  "Alias": "catalog_sales",
                                                  "Startup Cost": 0.0,
                                                  "Total Cost": 433688.25,
                                                  "Plan Rows": 6000525,
                                                  "Plan Width": 48,
                                                  "parent": 24,
                                                  "ID": 25
                                                },
                                                {
                                                  "Node Type": "Seq Scan",
                                                  "Parent Relationship": "Member",
                                                  "Parallel Aware": true,
                                                  "Async Capable": false,
                                                  "Relation Name": "catalog_returns",
                                                  "Alias": "catalog_returns",
                                                  "Startup Cost": 0.0,
                                                  "Total Cost": 34748.95,
                                                  "Plan Rows": 599895,
                                                  "Plan Width": 48,
                                                  "parent": 24,
                                                  "ID": 26
                                                }
                                              ],
                                              "parent": 23,
                                              "ID": 24,
                                              "left": 25,
                                              "right": 26
                                            },
                                            {
                                              "Node Type": "Hash",
                                              "Parent Relationship": "Inner",
                                              "Parallel Aware": true,
                                              "Async Capable": false,
                                              "Startup Cost": 2049.55,
                                              "Total Cost": 2049.55,
                                              "Plan Rows": 8,
                                              "Plan Width": 4,
                                              "Plans": [
                                                {
                                                  "Node Type": "Seq Scan",
                                                  "Parent Relationship": "Outer",
                                                  "Parallel Aware": true,
                                                  "Async Capable": false,
                                                  "Relation Name": "date_dim",
                                                  "Alias": "date_dim_1",
                                                  "Startup Cost": 0.0,
                                                  "Total Cost": 2049.55,
                                                  "Plan Rows": 8,
                                                  "Plan Width": 4,
                                                  "Filter": "((d_date >= '1998-08-12'::date) AND (d_date <= '1998-08-26 00:00:00'::timestamp without time zone))",
                                                  "parent": 27,
                                                  "ID": 28
                                                }
                                              ],
                                              "parent": 23,
                                              "ID": 27,
                                              "left": 28
                                            }
                                          ],
                                          "parent": 22,
                                          "ID": 23,
                                          "left": 24,
                                          "right": 27
                                        },
                                        {
                                          "Node Type": "Hash",
                                          "Parent Relationship": "Inner",
                                          "Parallel Aware": false,
                                          "Async Capable": false,
                                          "Startup Cost": 368.0,
                                          "Total Cost": 368.0,
                                          "Plan Rows": 12000,
                                          "Plan Width": 21,
                                          "Plans": [
                                            {
                                              "Node Type": "Seq Scan",
                                              "Parent Relationship": "Outer",
                                              "Parallel Aware": false,
                                              "Async Capable": false,
                                              "Relation Name": "catalog_page",
                                              "Alias": "catalog_page",
                                              "Startup Cost": 0.0,
                                              "Total Cost": 368.0,
                                              "Plan Rows": 12000,
                                              "Plan Width": 21,
                                              "parent": 29,
                                              "ID": 30
                                            }
                                          ],
                                          "parent": 22,
                                          "ID": 29,
                                          "left": 30
                                        }
                                      ],
                                      "parent": 21,
                                      "ID": 22,
                                      "left": 23,
                                      "right": 29
                                    }
                                  ],
                                  "parent": 20,
                                  "ID": 21,
                                  "left": 22
                                }
                              ],
                              "parent": 19,
                              "ID": 20,
                              "left": 21
                            }
                          ],
                          "parent": 18,
                          "ID": 19,
                          "left": 20
                        }
                      ],
                      "parent": 3,
                      "ID": 18,
                      "left": 19
                    },
                    {
                      "Node Type": "Subquery Scan",
                      "Parent Relationship": "Member",
                      "Parallel Aware": false,
                      "Async Capable": false,
                      "Alias": "wsr",
                      "Startup Cost": 594058.45,
                      "Total Cost": 594067.44,
                      "Plan Rows": 21,
                      "Plan Width": 160,
                      "Plans": [
                        {
                          "Node Type": "Aggregate",
                          "Strategy": "Sorted",
                          "Partial Mode": "Finalize",
                          "Parent Relationship": "Subquery",
                          "Parallel Aware": false,
                          "Async Capable": false,
                          "Startup Cost": 594058.45,
                          "Total Cost": 594067.07,
                          "Plan Rows": 21,
                          "Plan Width": 145,
                          "Group Key": [
                            "web_site.web_site_id"
                          ],
                          "Plans": [
                            {
                              "Node Type": "Gather Merge",
                              "Parent Relationship": "Outer",
                              "Parallel Aware": false,
                              "Async Capable": false,
                              "Startup Cost": 594058.45,
                              "Total Cost": 594065.71,
                              "Plan Rows": 42,
                              "Plan Width": 145,
                              "Workers Planned": 2,
                              "Plans": [
                                {
                                  "Node Type": "Aggregate",
                                  "Strategy": "Sorted",
                                  "Partial Mode": "Partial",
                                  "Parent Relationship": "Outer",
                                  "Parallel Aware": false,
                                  "Async Capable": false,
                                  "Startup Cost": 593058.42,
                                  "Total Cost": 593060.84,
                                  "Plan Rows": 21,
                                  "Plan Width": 145,
                                  "Group Key": [
                                    "web_site.web_site_id"
                                  ],
                                  "Plans": [
                                    {
                                      "Node Type": "Sort",
                                      "Parent Relationship": "Outer",
                                      "Parallel Aware": false,
                                      "Async Capable": false,
                                      "Startup Cost": 593058.42,
                                      "Total Cost": 593058.75,
                                      "Plan Rows": 133,
                                      "Plan Width": 57,
                                      "Sort Key": [
                                        "web_site.web_site_id"
                                      ],
                                      "Plans": [
                                        {
                                          "Node Type": "Hash Join",
                                          "Parent Relationship": "Outer",
                                          "Parallel Aware": false,
                                          "Async Capable": false,
                                          "Join Type": "Inner",
                                          "Startup Cost": 2053.6,
                                          "Total Cost": 593053.73,
                                          "Plan Rows": 133,
                                          "Plan Width": 57,
                                          "Inner Unique": false,
                                          "Hash Cond": "(\"*SELECT* 2\".wsr_web_site_sk = web_site.web_site_sk)",
                                          "Plans": [
                                            {
                                              "Node Type": "Hash Join",
                                              "Parent Relationship": "Outer",
                                              "Parallel Aware": true,
                                              "Async Capable": false,
                                              "Join Type": "Inner",
                                              "Startup Cost": 2049.65,
                                              "Total Cost": 593046.09,
                                              "Plan Rows": 632,
                                              "Plan Width": 44,
                                              "Inner Unique": false,
                                              "Hash Cond": "(\"*SELECT* 2\".date_sk = date_dim_2.d_date_sk)",
                                              "Plans": [
                                                {
                                                  "Node Type": "Append",
                                                  "Parent Relationship": "Outer",
                                                  "Parallel Aware": true,
                                                  "Async Capable": false,
                                                  "Startup Cost": 0.0,
                                                  "Total Cost": 577049.1,
                                                  "Plan Rows": 3718203,
                                                  "Plan Width": 48,
                                                  "Subplans Removed": 0,
                                                  "Plans": [
                                                    {
                                                      "Node Type": "Subquery Scan",
                                                      "Parent Relationship": "Member",
                                                      "Parallel Aware": false,
                                                      "Async Capable": false,
                                                      "Alias": "*SELECT* 2",
                                                      "Startup Cost": 277366.65,
                                                      "Total Cost": 340720.23,
                                                      "Plan Rows": 719217,
                                                      "Plan Width": 48,
                                                      "Plans": [
                                                        {
                                                          "Node Type": "Hash Join",
                                                          "Parent Relationship": "Subquery",
                                                          "Parallel Aware": true,
                                                          "Async Capable": false,
                                                          "Join Type": "Left",
                                                          "Startup Cost": 277366.65,
                                                          "Total Cost": 333528.06,
                                                          "Plan Rows": 299674,
                                                          "Plan Width": 48,
                                                          "Inner Unique": false,
                                                          "Hash Cond": "((web_returns.wr_item_sk = web_sales_1.ws_item_sk) AND (web_returns.wr_order_number = web_sales_1.ws_order_number))",
                                                          "Plans": [
                                                            {
                                                              "Node Type": "Seq Scan",
                                                              "Parent Relationship": "Outer",
                                                              "Parallel Aware": true,
                                                              "Async Capable": false,
                                                              "Relation Name": "web_returns",
                                                              "Alias": "web_returns",
                                                              "Startup Cost": 0.0,
                                                              "Total Cost": 16278.74,
                                                              "Plan Rows": 299674,
                                                              "Plan Width": 24,
                                                              "parent": 40,
                                                              "ID": 41
                                                            },
                                                            {
                                                              "Node Type": "Hash",
                                                              "Parent Relationship": "Inner",
                                                              "Parallel Aware": true,
                                                              "Async Capable": false,
                                                              "Startup Cost": 217737.86,
                                                              "Total Cost": 217737.86,
                                                              "Plan Rows": 2998986,
                                                              "Plan Width": 12,
                                                              "Plans": [
                                                                {
                                                                  "Node Type": "Seq Scan",
                                                                  "Parent Relationship": "Outer",
                                                                  "Parallel Aware": true,
                                                                  "Async Capable": false,
                                                                  "Relation Name": "web_sales",
                                                                  "Alias": "web_sales_1",
                                                                  "Startup Cost": 0.0,
                                                                  "Total Cost": 217737.86,
                                                                  "Plan Rows": 2998986,
                                                                  "Plan Width": 12,
                                                                  "parent": 42,
                                                                  "ID": 43
                                                                }
                                                              ],
                                                              "parent": 40,
                                                              "ID": 42,
                                                              "left": 43
                                                            }
                                                          ],
                                                          "parent": 39,
                                                          "ID": 40,
                                                          "left": 41,
                                                          "right": 42
                                                        }
                                                      ],
                                                      "parent": 38,
                                                      "ID": 39,
                                                      "left": 40
                                                    },
                                                    {
                                                      "Node Type": "Seq Scan",
                                                      "Parent Relationship": "Member",
                                                      "Parallel Aware": true,
                                                      "Async Capable": false,
                                                      "Relation Name": "web_sales",
                                                      "Alias": "web_sales",
                                                      "Startup Cost": 0.0,
                                                      "Total Cost": 217737.86,
                                                      "Plan Rows": 2998986,
                                                      "Plan Width": 48,
                                                      "parent": 38,
                                                      "ID": 44
                                                    }
                                                  ],
                                                  "parent": 37,
                                                  "ID": 38,
                                                  "left": 39,
                                                  "right": 44
                                                },
                                                {
                                                  "Node Type": "Hash",
                                                  "Parent Relationship": "Inner",
                                                  "Parallel Aware": true,
                                                  "Async Capable": false,
                                                  "Startup Cost": 2049.55,
                                                  "Total Cost": 2049.55,
                                                  "Plan Rows": 8,
                                                  "Plan Width": 4,
                                                  "Plans": [
                                                    {
                                                      "Node Type": "Seq Scan",
                                                      "Parent Relationship": "Outer",
                                                      "Parallel Aware": true,
                                                      "Async Capable": false,
                                                      "Relation Name": "date_dim",
                                                      "Alias": "date_dim_2",
                                                      "Startup Cost": 0.0,
                                                      "Total Cost": 2049.55,
                                                      "Plan Rows": 8,
                                                      "Plan Width": 4,
                                                      "Filter": "((d_date >= '1998-08-12'::date) AND (d_date <= '1998-08-26 00:00:00'::timestamp without time zone))",
                                                      "parent": 45,
                                                      "ID": 46
                                                    }
                                                  ],
                                                  "parent": 37,
                                                  "ID": 45,
                                                  "left": 46
                                                }
                                              ],
                                              "parent": 36,
                                              "ID": 37,
                                              "left": 38,
                                              "right": 45
                                            },
                                            {
                                              "Node Type": "Hash",
                                              "Parent Relationship": "Inner",
                                              "Parallel Aware": false,
                                              "Async Capable": false,
                                              "Startup Cost": 3.42,
                                              "Total Cost": 3.42,
                                              "Plan Rows": 42,
                                              "Plan Width": 21,
                                              "Plans": [
                                                {
                                                  "Node Type": "Seq Scan",
                                                  "Parent Relationship": "Outer",
                                                  "Parallel Aware": false,
                                                  "Async Capable": false,
                                                  "Relation Name": "web_site",
                                                  "Alias": "web_site",
                                                  "Startup Cost": 0.0,
                                                  "Total Cost": 3.42,
                                                  "Plan Rows": 42,
                                                  "Plan Width": 21,
                                                  "parent": 47,
                                                  "ID": 48
                                                }
                                              ],
                                              "parent": 36,
                                              "ID": 47,
                                              "left": 48
                                            }
                                          ],
                                          "parent": 35,
                                          "ID": 36,
                                          "left": 37,
                                          "right": 47
                                        }
                                      ],
                                      "parent": 34,
                                      "ID": 35,
                                      "left": 36
                                    }
                                  ],
                                  "parent": 33,
                                  "ID": 34,
                                  "left": 35
                                }
                              ],
                              "parent": 32,
                              "ID": 33,
                              "left": 34
                            }
                          ],
                          "parent": 31,
                          "ID": 32,
                          "left": 33
                        }
                      ],
                      "parent": 3,
                      "ID": 31,
                      "left": 32
                    }
                  ],
                  "parent": 2,
                  "ID": 3,
                  "left": 4,
                  "right": 18
                }
              ],
              "parent": 1,
              "ID": 2,
              "left": 3
            }
          ],
          "parent": 0,
          "ID": 1,
          "left": 2
        }
      ],
      "parent": null,
      "ID": 0,
      "left": 1
    },
    "feat": {
      "utility": 0.0,
      "query_shape": [
        [
          "Seq Scan",
          "Append",
          "Hash Join",
          "Sort",
          "Aggregate",
          "Gather Merge",
          "Subquery Scan"
        ],
        [
          "Seq Scan",
          "Append",
          "Hash Join",
          "Sort",
          "Aggregate",
          "Gather Merge",
          "Subquery Scan"
        ],
        [
          "Seq Scan",
          "Hash",
          "Hash Join",
          "Sort",
          "Aggregate",
          "Gather Merge",
          "Subquery Scan",
          "Append"
        ],
        [
          "Seq Scan",
          "Hash",
          "Hash Join",
          "Sort",
          "Aggregate",
          "Gather Merge",
          "Subquery Scan",
          "Append"
        ],
        [
          "Seq Scan",
          "Append",
          "Hash Join",
          "Sort",
          "Gather Merge",
          "Aggregate",
          "Subquery Scan"
        ],
        [
          "Seq Scan",
          "Append",
          "Hash Join",
          "Sort",
          "Gather Merge",
          "Aggregate",
          "Subquery Scan"
        ],
        [
          "Seq Scan",
          "Hash",
          "Hash Join",
          "Sort",
          "Gather Merge",
          "Aggregate",
          "Subquery Scan",
          "Append"
        ],
        [
          "Seq Scan",
          "Hash",
          "Hash Join",
          "Sort",
          "Gather Merge",
          "Aggregate",
          "Subquery Scan",
          "Append"
        ],
        [
          "Seq Scan",
          "Hash Join",
          "Subquery Scan",
          "Append",
          "Sort",
          "Aggregate",
          "Gather Merge"
        ],
        [
          "Seq Scan",
          "Hash",
          "Hash Join",
          "Subquery Scan",
          "Append",
          "Sort",
          "Aggregate",
          "Gather Merge"
        ],
        [
          "Seq Scan",
          "Append",
          "Hash Join",
          "Sort",
          "Aggregate",
          "Gather Merge",
          "Subquery Scan"
        ],
        [
          "Seq Scan",
          "Hash",
          "Hash Join",
          "Sort",
          "Aggregate",
          "Gather Merge",
          "Subquery Scan",
          "Append"
        ],
        [
          "Seq Scan",
          "Hash",
          "Hash Join",
          "Sort",
          "Aggregate",
          "Gather Merge",
          "Subquery Scan",
          "Append"
        ]
      ],
      "index_shape": [],
      "physical_operator": {}
    }
  },
  {
    "query": "with ssr as\n (select s_store_id,\n        sum(sales_price) as sales,\n        sum(profit) as profit,\n        sum(return_amt) as returns,\n        sum(net_loss) as profit_loss\n from\n  ( select  ss_store_sk as store_sk,\n            ss_sold_date_sk  as date_sk,\n            ss_ext_sales_price as sales_price,\n            ss_net_profit as profit,\n            cast(0 as decimal(7,2)) as return_amt,\n            cast(0 as decimal(7,2)) as net_loss\n    from store_sales\n    union all\n    select sr_store_sk as store_sk,\n           sr_returned_date_sk as date_sk,\n           cast(0 as decimal(7,2)) as sales_price,\n           cast(0 as decimal(7,2)) as profit,\n           sr_return_amt as return_amt,\n           sr_net_loss as net_loss\n    from store_returns\n   ) salesreturns,\n     date_dim,\n     store\n where date_sk = d_date_sk\n       and d_date between cast('1998-08-12' as date) \n                  and (cast('1998-08-12' as date) +  interval '14 days')\n       and store_sk = s_store_sk\n group by s_store_id)\n ,\n csr as\n (select cp_catalog_page_id,\n        sum(sales_price) as sales,\n        sum(profit) as profit,\n        sum(return_amt) as returns,\n        sum(net_loss) as profit_loss\n from\n  ( select  cs_catalog_page_sk as page_sk,\n            cs_sold_date_sk  as date_sk,\n            cs_ext_sales_price as sales_price,\n            cs_net_profit as profit,\n            cast(0 as decimal(7,2)) as return_amt,\n            cast(0 as decimal(7,2)) as net_loss\n    from catalog_sales\n    union all\n    select cr_catalog_page_sk as page_sk,\n           cr_returned_date_sk as date_sk,\n           cast(0 as decimal(7,2)) as sales_price,\n           cast(0 as decimal(7,2)) as profit,\n           cr_return_amount as return_amt,\n           cr_net_loss as net_loss\n    from catalog_returns\n   ) salesreturns,\n     date_dim,\n     catalog_page\n where date_sk = d_date_sk\n       and d_date between cast('1998-08-12' as date)\n                  and (cast('1998-08-12' as date) +  interval '14 days')\n       and page_sk = cp_catalog_page_sk\n group by cp_catalog_page_id)\n ,\n wsr as\n (select web_site_id,\n        sum(sales_price) as sales,\n        sum(profit) as profit,\n        sum(return_amt) as returns,\n        sum(net_loss) as profit_loss\n from\n  ( select  ws_web_site_sk as wsr_web_site_sk,\n            ws_sold_date_sk  as date_sk,\n            ws_ext_sales_price as sales_price,\n            ws_net_profit as profit,\n            cast(0 as decimal(7,2)) as return_amt,\n            cast(0 as decimal(7,2)) as net_loss\n    from web_sales\n    union all\n    select ws_web_site_sk as wsr_web_site_sk,\n           wr_returned_date_sk as date_sk,\n           cast(0 as decimal(7,2)) as sales_price,\n           cast(0 as decimal(7,2)) as profit,\n           wr_return_amt as return_amt,\n           wr_net_loss as net_loss\n    from web_returns left outer join web_sales on\n         ( wr_item_sk = ws_item_sk\n           and wr_order_number = ws_order_number)\n   ) salesreturns,\n     date_dim,\n     web_site\n where date_sk = d_date_sk\n       and d_date between cast('1998-08-12' as date)\n                  and (cast('1998-08-12' as date) +  interval '14 days')\n       and wsr_web_site_sk = web_site_sk\n group by web_site_id)\n  select  channel\n        , id\n        , sum(sales) as sales\n        , sum(returns) as returns\n        , sum(profit) as profit\n from \n (select 'store channel' as channel\n        , 'store' || s_store_id as id\n        , sales\n        , returns\n        , (profit - profit_loss) as profit\n from   ssr\n union all\n select 'catalog channel' as channel\n        , 'catalog_page' || cp_catalog_page_id as id\n        , sales\n        , returns\n        , (profit - profit_loss) as profit\n from  csr\n union all\n select 'web channel' as channel\n        , 'web_site' || web_site_id as id\n        , sales\n        , returns\n        , (profit - profit_loss) as profit\n from   wsr\n ) x\n group by rollup (channel, id)\n order by channel\n         ,id\n limit 100;\n\n-- end query 3 in stream 0 using template query5.tpl\n",
    "indexes": "web_returns.wr_net_loss",
    "wo plan est": {
      "Node Type": "Limit",
      "Parallel Aware": false,
      "Async Capable": false,
      "Startup Cost": 1940046.82,
      "Total Cost": 1940047.07,
      "Plan Rows": 100,
      "Plan Width": 160,
      "Plans": [
        {
          "Node Type": "Sort",
          "Parent Relationship": "Outer",
          "Parallel Aware": false,
          "Async Capable": false,
          "Startup Cost": 1940046.82,
          "Total Cost": 1940048.1,
          "Plan Rows": 512,
          "Plan Width": 160,
          "Sort Key": [
            "('store channel'::text)",
            "(('store'::text || (ssr.s_store_id)::text))"
          ],
          "Plans": [
            {
              "Node Type": "Aggregate",
              "Strategy": "Mixed",
              "Partial Mode": "Simple",
              "Parent Relationship": "Outer",
              "Parallel Aware": false,
              "Async Capable": false,
              "Startup Cost": 815451.97,
              "Total Cost": 1940027.26,
              "Plan Rows": 512,
              "Plan Width": 160,
              "Grouping Sets": [
                {
                  "Hash Keys": [
                    [
                      "('store channel'::text)",
                      "(('store'::text || (ssr.s_store_id)::text))"
                    ]
                  ]
                },
                {
                  "Hash Keys": [
                    [
                      "('store channel'::text)"
                    ]
                  ]
                },
                {
                  "Group Keys": [
                    []
                  ]
                }
              ],
              "Planned Partitions": 0,
              "Plans": [
                {
                  "Node Type": "Append",
                  "Parent Relationship": "Outer",
                  "Parallel Aware": false,
                  "Async Capable": false,
                  "Startup Cost": 815451.97,
                  "Total Cost": 1939925.06,
                  "Plan Rows": 3108,
                  "Plan Width": 160,
                  "Subplans Removed": 0,
                  "Plans": [
                    {
                      "Node Type": "Subquery Scan",
                      "Parent Relationship": "Member",
                      "Parallel Aware": false,
                      "Async Capable": false,
                      "Alias": "ssr",
                      "Startup Cost": 815451.97,
                      "Total Cost": 815488.32,
                      "Plan Rows": 51,
                      "Plan Width": 160,
                      "Plans": [
                        {
                          "Node Type": "Aggregate",
                          "Strategy": "Sorted",
                          "Partial Mode": "Finalize",
                          "Parent Relationship": "Subquery",
                          "Parallel Aware": false,
                          "Async Capable": false,
                          "Startup Cost": 815451.97,
                          "Total Cost": 815487.43,
                          "Plan Rows": 51,
                          "Plan Width": 145,
                          "Group Key": [
                            "store.s_store_id"
                          ],
                          "Plans": [
                            {
                              "Node Type": "Gather Merge",
                              "Parent Relationship": "Outer",
                              "Parallel Aware": false,
                              "Async Capable": false,
                              "Startup Cost": 815451.97,
                              "Total Cost": 815484.12,
                              "Plan Rows": 102,
                              "Plan Width": 145,
                              "Workers Planned": 2,
                              "Plans": [
                                {
                                  "Node Type": "Aggregate",
                                  "Strategy": "Sorted",
                                  "Partial Mode": "Partial",
                                  "Parent Relationship": "Outer",
                                  "Parallel Aware": false,
                                  "Async Capable": false,
                                  "Startup Cost": 814451.95,
                                  "Total Cost": 814472.32,
                                  "Plan Rows": 51,
                                  "Plan Width": 145,
                                  "Group Key": [
                                    "store.s_store_id"
                                  ],
                                  "Plans": [
                                    {
                                      "Node Type": "Sort",
                                      "Parent Relationship": "Outer",
                                      "Parallel Aware": false,
                                      "Async Capable": false,
                                      "Startup Cost": 814451.95,
                                      "Total Cost": 814455.17,
                                      "Plan Rows": 1290,
                                      "Plan Width": 57,
                                      "Sort Key": [
                                        "store.s_store_id"
                                      ],
                                      "Plans": [
                                        {
                                          "Node Type": "Hash Join",
                                          "Parent Relationship": "Outer",
                                          "Parallel Aware": false,
                                          "Async Capable": false,
                                          "Join Type": "Inner",
                                          "Startup Cost": 2056.95,
                                          "Total Cost": 814385.3,
                                          "Plan Rows": 1290,
                                          "Plan Width": 57,
                                          "Inner Unique": false,
                                          "Hash Cond": "(store_sales.ss_store_sk = store.s_store_sk)",
                                          "Plans": [
                                            {
                                              "Node Type": "Hash Join",
                                              "Parent Relationship": "Outer",
                                              "Parallel Aware": true,
                                              "Async Capable": false,
                                              "Join Type": "Inner",
                                              "Startup Cost": 2049.65,
                                              "Total Cost": 814355.62,
                                              "Plan Rows": 2530,
                                              "Plan Width": 44,
                                              "Inner Unique": false,
                                              "Hash Cond": "(store_sales.ss_sold_date_sk = date_dim.d_date_sk)",
                                              "Plans": [
                                                {
                                                  "Node Type": "Append",
                                                  "Parent Relationship": "Outer",
                                                  "Parallel Aware": true,
                                                  "Async Capable": false,
                                                  "Startup Cost": 0.0,
                                                  "Total Cost": 762796.01,
                                                  "Plan Rows": 13198801,
                                                  "Plan Width": 48,
                                                  "Subplans Removed": 0,
                                                  "Plans": [
                                                    {
                                                      "Node Type": "Seq Scan",
                                                      "Parent Relationship": "Member",
                                                      "Parallel Aware": true,
                                                      "Async Capable": false,
                                                      "Relation Name": "store_sales",
                                                      "Alias": "store_sales",
                                                      "Startup Cost": 0.0,
                                                      "Total Cost": 636914.37,
                                                      "Plan Rows": 12000637,
                                                      "Plan Width": 48,
                                                      "parent": 11,
                                                      "ID": 12
                                                    },
                                                    {
                                                      "Node Type": "Seq Scan",
                                                      "Parent Relationship": "Member",
                                                      "Parallel Aware": true,
                                                      "Async Capable": false,
                                                      "Relation Name": "store_returns",
                                                      "Alias": "store_returns",
                                                      "Startup Cost": 0.0,
                                                      "Total Cost": 59887.64,
                                                      "Plan Rows": 1198164,
                                                      "Plan Width": 48,
                                                      "parent": 11,
                                                      "ID": 13
                                                    }
                                                  ],
                                                  "parent": 10,
                                                  "ID": 11,
                                                  "left": 12,
                                                  "right": 13
                                                },
                                                {
                                                  "Node Type": "Hash",
                                                  "Parent Relationship": "Inner",
                                                  "Parallel Aware": true,
                                                  "Async Capable": false,
                                                  "Startup Cost": 2049.55,
                                                  "Total Cost": 2049.55,
                                                  "Plan Rows": 8,
                                                  "Plan Width": 4,
                                                  "Plans": [
                                                    {
                                                      "Node Type": "Seq Scan",
                                                      "Parent Relationship": "Outer",
                                                      "Parallel Aware": true,
                                                      "Async Capable": false,
                                                      "Relation Name": "date_dim",
                                                      "Alias": "date_dim",
                                                      "Startup Cost": 0.0,
                                                      "Total Cost": 2049.55,
                                                      "Plan Rows": 8,
                                                      "Plan Width": 4,
                                                      "Filter": "((d_date >= '1998-08-12'::date) AND (d_date <= '1998-08-26 00:00:00'::timestamp without time zone))",
                                                      "parent": 14,
                                                      "ID": 15
                                                    }
                                                  ],
                                                  "parent": 10,
                                                  "ID": 14,
                                                  "left": 15
                                                }
                                              ],
                                              "parent": 9,
                                              "ID": 10,
                                              "left": 11,
                                              "right": 14
                                            },
                                            {
                                              "Node Type": "Hash",
                                              "Parent Relationship": "Inner",
                                              "Parallel Aware": false,
                                              "Async Capable": false,
                                              "Startup Cost": 6.02,
                                              "Total Cost": 6.02,
                                              "Plan Rows": 102,
                                              "Plan Width": 21,
                                              "Plans": [
                                                {
                                                  "Node Type": "Seq Scan",
                                                  "Parent Relationship": "Outer",
                                                  "Parallel Aware": false,
                                                  "Async Capable": false,
                                                  "Relation Name": "store",
                                                  "Alias": "store",
                                                  "Startup Cost": 0.0,
                                                  "Total Cost": 6.02,
                                                  "Plan Rows": 102,
                                                  "Plan Width": 21,
                                                  "parent": 16,
                                                  "ID": 17
                                                }
                                              ],
                                              "parent": 9,
                                              "ID": 16,
                                              "left": 17
                                            }
                                          ],
                                          "parent": 8,
                                          "ID": 9,
                                          "left": 10,
                                          "right": 16
                                        }
                                      ],
                                      "parent": 7,
                                      "ID": 8,
                                      "left": 9
                                    }
                                  ],
                                  "parent": 6,
                                  "ID": 7,
                                  "left": 8
                                }
                              ],
                              "parent": 5,
                              "ID": 6,
                              "left": 7
                            }
                          ],
                          "parent": 4,
                          "ID": 5,
                          "left": 6
                        }
                      ],
                      "parent": 3,
                      "ID": 4,
                      "left": 5
                    },
                    {
                      "Node Type": "Subquery Scan",
                      "Parent Relationship": "Member",
                      "Parallel Aware": false,
                      "Async Capable": false,
                      "Alias": "csr",
                      "Startup Cost": 529848.36,
                      "Total Cost": 530353.75,
                      "Plan Rows": 3036,
                      "Plan Width": 160,
                      "Plans": [
                        {
                          "Node Type": "Aggregate",
                          "Strategy": "Sorted",
                          "Partial Mode": "Simple",
                          "Parent Relationship": "Subquery",
                          "Parallel Aware": false,
                          "Async Capable": false,
                          "Startup Cost": 529848.36,
                          "Total Cost": 530300.62,
                          "Plan Rows": 3036,
                          "Plan Width": 145,
                          "Group Key": [
                            "catalog_page.cp_catalog_page_id"
                          ],
                          "Plans": [
                            {
                              "Node Type": "Gather Merge",
                              "Parent Relationship": "Outer",
                              "Parallel Aware": false,
                              "Async Capable": false,
                              "Startup Cost": 529848.36,
                              "Total Cost": 530201.95,
                              "Plan Rows": 3036,
                              "Plan Width": 57,
                              "Workers Planned": 2,
                              "Plans": [
                                {
                                  "Node Type": "Sort",
                                  "Parent Relationship": "Outer",
                                  "Parallel Aware": false,
                                  "Async Capable": false,
                                  "Startup Cost": 528848.34,
                                  "Total Cost": 528851.5,
                                  "Plan Rows": 1265,
                                  "Plan Width": 57,
                                  "Sort Key": [
                                    "catalog_page.cp_catalog_page_id"
                                  ],
                                  "Plans": [
                                    {
                                      "Node Type": "Hash Join",
                                      "Parent Relationship": "Outer",
                                      "Parallel Aware": false,
                                      "Async Capable": false,
                                      "Join Type": "Inner",
                                      "Startup Cost": 2567.65,
                                      "Total Cost": 528783.16,
                                      "Plan Rows": 1265,
                                      "Plan Width": 57,
                                      "Inner Unique": false,
                                      "Hash Cond": "(catalog_sales.cs_catalog_page_sk = catalog_page.cp_catalog_page_sk)",
                                      "Plans": [
                                        {
                                          "Node Type": "Hash Join",
                                          "Parent Relationship": "Outer",
                                          "Parallel Aware": true,
                                          "Async Capable": false,
                                          "Join Type": "Inner",
                                          "Startup Cost": 2049.65,
                                          "Total Cost": 528247.76,
                                          "Plan Rows": 1265,
                                          "Plan Width": 44,
                                          "Inner Unique": false,
                                          "Hash Cond": "(catalog_sales.cs_sold_date_sk = date_dim_1.d_date_sk)",
                                          "Plans": [
                                            {
                                              "Node Type": "Append",
                                              "Parent Relationship": "Outer",
                                              "Parallel Aware": true,
                                              "Async Capable": false,
                                              "Startup Cost": 0.0,
                                              "Total Cost": 501439.31,
                                              "Plan Rows": 6600420,
                                              "Plan Width": 48,
                                              "Subplans Removed": 0,
                                              "Plans": [
                                                {
                                                  "Node Type": "Seq Scan",
                                                  "Parent Relationship": "Member",
                                                  "Parallel Aware": true,
                                                  "Async Capable": false,
                                                  "Relation Name": "catalog_sales",
                                                  "Alias": "catalog_sales",
                                                  "Startup Cost": 0.0,
                                                  "Total Cost": 433688.25,
                                                  "Plan Rows": 6000525,
                                                  "Plan Width": 48,
                                                  "parent": 24,
                                                  "ID": 25
                                                },
                                                {
                                                  "Node Type": "Seq Scan",
                                                  "Parent Relationship": "Member",
                                                  "Parallel Aware": true,
                                                  "Async Capable": false,
                                                  "Relation Name": "catalog_returns",
                                                  "Alias": "catalog_returns",
                                                  "Startup Cost": 0.0,
                                                  "Total Cost": 34748.95,
                                                  "Plan Rows": 599895,
                                                  "Plan Width": 48,
                                                  "parent": 24,
                                                  "ID": 26
                                                }
                                              ],
                                              "parent": 23,
                                              "ID": 24,
                                              "left": 25,
                                              "right": 26
                                            },
                                            {
                                              "Node Type": "Hash",
                                              "Parent Relationship": "Inner",
                                              "Parallel Aware": true,
                                              "Async Capable": false,
                                              "Startup Cost": 2049.55,
                                              "Total Cost": 2049.55,
                                              "Plan Rows": 8,
                                              "Plan Width": 4,
                                              "Plans": [
                                                {
                                                  "Node Type": "Seq Scan",
                                                  "Parent Relationship": "Outer",
                                                  "Parallel Aware": true,
                                                  "Async Capable": false,
                                                  "Relation Name": "date_dim",
                                                  "Alias": "date_dim_1",
                                                  "Startup Cost": 0.0,
                                                  "Total Cost": 2049.55,
                                                  "Plan Rows": 8,
                                                  "Plan Width": 4,
                                                  "Filter": "((d_date >= '1998-08-12'::date) AND (d_date <= '1998-08-26 00:00:00'::timestamp without time zone))",
                                                  "parent": 27,
                                                  "ID": 28
                                                }
                                              ],
                                              "parent": 23,
                                              "ID": 27,
                                              "left": 28
                                            }
                                          ],
                                          "parent": 22,
                                          "ID": 23,
                                          "left": 24,
                                          "right": 27
                                        },
                                        {
                                          "Node Type": "Hash",
                                          "Parent Relationship": "Inner",
                                          "Parallel Aware": false,
                                          "Async Capable": false,
                                          "Startup Cost": 368.0,
                                          "Total Cost": 368.0,
                                          "Plan Rows": 12000,
                                          "Plan Width": 21,
                                          "Plans": [
                                            {
                                              "Node Type": "Seq Scan",
                                              "Parent Relationship": "Outer",
                                              "Parallel Aware": false,
                                              "Async Capable": false,
                                              "Relation Name": "catalog_page",
                                              "Alias": "catalog_page",
                                              "Startup Cost": 0.0,
                                              "Total Cost": 368.0,
                                              "Plan Rows": 12000,
                                              "Plan Width": 21,
                                              "parent": 29,
                                              "ID": 30
                                            }
                                          ],
                                          "parent": 22,
                                          "ID": 29,
                                          "left": 30
                                        }
                                      ],
                                      "parent": 21,
                                      "ID": 22,
                                      "left": 23,
                                      "right": 29
                                    }
                                  ],
                                  "parent": 20,
                                  "ID": 21,
                                  "left": 22
                                }
                              ],
                              "parent": 19,
                              "ID": 20,
                              "left": 21
                            }
                          ],
                          "parent": 18,
                          "ID": 19,
                          "left": 20
                        }
                      ],
                      "parent": 3,
                      "ID": 18,
                      "left": 19
                    },
                    {
                      "Node Type": "Subquery Scan",
                      "Parent Relationship": "Member",
                      "Parallel Aware": false,
                      "Async Capable": false,
                      "Alias": "wsr",
                      "Startup Cost": 594058.45,
                      "Total Cost": 594067.44,
                      "Plan Rows": 21,
                      "Plan Width": 160,
                      "Plans": [
                        {
                          "Node Type": "Aggregate",
                          "Strategy": "Sorted",
                          "Partial Mode": "Finalize",
                          "Parent Relationship": "Subquery",
                          "Parallel Aware": false,
                          "Async Capable": false,
                          "Startup Cost": 594058.45,
                          "Total Cost": 594067.07,
                          "Plan Rows": 21,
                          "Plan Width": 145,
                          "Group Key": [
                            "web_site.web_site_id"
                          ],
                          "Plans": [
                            {
                              "Node Type": "Gather Merge",
                              "Parent Relationship": "Outer",
                              "Parallel Aware": false,
                              "Async Capable": false,
                              "Startup Cost": 594058.45,
                              "Total Cost": 594065.71,
                              "Plan Rows": 42,
                              "Plan Width": 145,
                              "Workers Planned": 2,
                              "Plans": [
                                {
                                  "Node Type": "Aggregate",
                                  "Strategy": "Sorted",
                                  "Partial Mode": "Partial",
                                  "Parent Relationship": "Outer",
                                  "Parallel Aware": false,
                                  "Async Capable": false,
                                  "Startup Cost": 593058.42,
                                  "Total Cost": 593060.84,
                                  "Plan Rows": 21,
                                  "Plan Width": 145,
                                  "Group Key": [
                                    "web_site.web_site_id"
                                  ],
                                  "Plans": [
                                    {
                                      "Node Type": "Sort",
                                      "Parent Relationship": "Outer",
                                      "Parallel Aware": false,
                                      "Async Capable": false,
                                      "Startup Cost": 593058.42,
                                      "Total Cost": 593058.75,
                                      "Plan Rows": 133,
                                      "Plan Width": 57,
                                      "Sort Key": [
                                        "web_site.web_site_id"
                                      ],
                                      "Plans": [
                                        {
                                          "Node Type": "Hash Join",
                                          "Parent Relationship": "Outer",
                                          "Parallel Aware": false,
                                          "Async Capable": false,
                                          "Join Type": "Inner",
                                          "Startup Cost": 2053.6,
                                          "Total Cost": 593053.73,
                                          "Plan Rows": 133,
                                          "Plan Width": 57,
                                          "Inner Unique": false,
                                          "Hash Cond": "(\"*SELECT* 2\".wsr_web_site_sk = web_site.web_site_sk)",
                                          "Plans": [
                                            {
                                              "Node Type": "Hash Join",
                                              "Parent Relationship": "Outer",
                                              "Parallel Aware": true,
                                              "Async Capable": false,
                                              "Join Type": "Inner",
                                              "Startup Cost": 2049.65,
                                              "Total Cost": 593046.09,
                                              "Plan Rows": 632,
                                              "Plan Width": 44,
                                              "Inner Unique": false,
                                              "Hash Cond": "(\"*SELECT* 2\".date_sk = date_dim_2.d_date_sk)",
                                              "Plans": [
                                                {
                                                  "Node Type": "Append",
                                                  "Parent Relationship": "Outer",
                                                  "Parallel Aware": true,
                                                  "Async Capable": false,
                                                  "Startup Cost": 0.0,
                                                  "Total Cost": 577049.1,
                                                  "Plan Rows": 3718203,
                                                  "Plan Width": 48,
                                                  "Subplans Removed": 0,
                                                  "Plans": [
                                                    {
                                                      "Node Type": "Subquery Scan",
                                                      "Parent Relationship": "Member",
                                                      "Parallel Aware": false,
                                                      "Async Capable": false,
                                                      "Alias": "*SELECT* 2",
                                                      "Startup Cost": 277366.65,
                                                      "Total Cost": 340720.23,
                                                      "Plan Rows": 719217,
                                                      "Plan Width": 48,
                                                      "Plans": [
                                                        {
                                                          "Node Type": "Hash Join",
                                                          "Parent Relationship": "Subquery",
                                                          "Parallel Aware": true,
                                                          "Async Capable": false,
                                                          "Join Type": "Left",
                                                          "Startup Cost": 277366.65,
                                                          "Total Cost": 333528.06,
                                                          "Plan Rows": 299674,
                                                          "Plan Width": 48,
                                                          "Inner Unique": false,
                                                          "Hash Cond": "((web_returns.wr_item_sk = web_sales_1.ws_item_sk) AND (web_returns.wr_order_number = web_sales_1.ws_order_number))",
                                                          "Plans": [
                                                            {
                                                              "Node Type": "Seq Scan",
                                                              "Parent Relationship": "Outer",
                                                              "Parallel Aware": true,
                                                              "Async Capable": false,
                                                              "Relation Name": "web_returns",
                                                              "Alias": "web_returns",
                                                              "Startup Cost": 0.0,
                                                              "Total Cost": 16278.74,
                                                              "Plan Rows": 299674,
                                                              "Plan Width": 24,
                                                              "parent": 40,
                                                              "ID": 41
                                                            },
                                                            {
                                                              "Node Type": "Hash",
                                                              "Parent Relationship": "Inner",
                                                              "Parallel Aware": true,
                                                              "Async Capable": false,
                                                              "Startup Cost": 217737.86,
                                                              "Total Cost": 217737.86,
                                                              "Plan Rows": 2998986,
                                                              "Plan Width": 12,
                                                              "Plans": [
                                                                {
                                                                  "Node Type": "Seq Scan",
                                                                  "Parent Relationship": "Outer",
                                                                  "Parallel Aware": true,
                                                                  "Async Capable": false,
                                                                  "Relation Name": "web_sales",
                                                                  "Alias": "web_sales_1",
                                                                  "Startup Cost": 0.0,
                                                                  "Total Cost": 217737.86,
                                                                  "Plan Rows": 2998986,
                                                                  "Plan Width": 12,
                                                                  "parent": 42,
                                                                  "ID": 43
                                                                }
                                                              ],
                                                              "parent": 40,
                                                              "ID": 42,
                                                              "left": 43
                                                            }
                                                          ],
                                                          "parent": 39,
                                                          "ID": 40,
                                                          "left": 41,
                                                          "right": 42
                                                        }
                                                      ],
                                                      "parent": 38,
                                                      "ID": 39,
                                                      "left": 40
                                                    },
                                                    {
                                                      "Node Type": "Seq Scan",
                                                      "Parent Relationship": "Member",
                                                      "Parallel Aware": true,
                                                      "Async Capable": false,
                                                      "Relation Name": "web_sales",
                                                      "Alias": "web_sales",
                                                      "Startup Cost": 0.0,
                                                      "Total Cost": 217737.86,
                                                      "Plan Rows": 2998986,
                                                      "Plan Width": 48,
                                                      "parent": 38,
                                                      "ID": 44
                                                    }
                                                  ],
                                                  "parent": 37,
                                                  "ID": 38,
                                                  "left": 39,
                                                  "right": 44
                                                },
                                                {
                                                  "Node Type": "Hash",
                                                  "Parent Relationship": "Inner",
                                                  "Parallel Aware": true,
                                                  "Async Capable": false,
                                                  "Startup Cost": 2049.55,
                                                  "Total Cost": 2049.55,
                                                  "Plan Rows": 8,
                                                  "Plan Width": 4,
                                                  "Plans": [
                                                    {
                                                      "Node Type": "Seq Scan",
                                                      "Parent Relationship": "Outer",
                                                      "Parallel Aware": true,
                                                      "Async Capable": false,
                                                      "Relation Name": "date_dim",
                                                      "Alias": "date_dim_2",
                                                      "Startup Cost": 0.0,
                                                      "Total Cost": 2049.55,
                                                      "Plan Rows": 8,
                                                      "Plan Width": 4,
                                                      "Filter": "((d_date >= '1998-08-12'::date) AND (d_date <= '1998-08-26 00:00:00'::timestamp without time zone))",
                                                      "parent": 45,
                                                      "ID": 46
                                                    }
                                                  ],
                                                  "parent": 37,
                                                  "ID": 45,
                                                  "left": 46
                                                }
                                              ],
                                              "parent": 36,
                                              "ID": 37,
                                              "left": 38,
                                              "right": 45
                                            },
                                            {
                                              "Node Type": "Hash",
                                              "Parent Relationship": "Inner",
                                              "Parallel Aware": false,
                                              "Async Capable": false,
                                              "Startup Cost": 3.42,
                                              "Total Cost": 3.42,
                                              "Plan Rows": 42,
                                              "Plan Width": 21,
                                              "Plans": [
                                                {
                                                  "Node Type": "Seq Scan",
                                                  "Parent Relationship": "Outer",
                                                  "Parallel Aware": false,
                                                  "Async Capable": false,
                                                  "Relation Name": "web_site",
                                                  "Alias": "web_site",
                                                  "Startup Cost": 0.0,
                                                  "Total Cost": 3.42,
                                                  "Plan Rows": 42,
                                                  "Plan Width": 21,
                                                  "parent": 47,
                                                  "ID": 48
                                                }
                                              ],
                                              "parent": 36,
                                              "ID": 47,
                                              "left": 48
                                            }
                                          ],
                                          "parent": 35,
                                          "ID": 36,
                                          "left": 37,
                                          "right": 47
                                        }
                                      ],
                                      "parent": 34,
                                      "ID": 35,
                                      "left": 36
                                    }
                                  ],
                                  "parent": 33,
                                  "ID": 34,
                                  "left": 35
                                }
                              ],
                              "parent": 32,
                              "ID": 33,
                              "left": 34
                            }
                          ],
                          "parent": 31,
                          "ID": 32,
                          "left": 33
                        }
                      ],
                      "parent": 3,
                      "ID": 31,
                      "left": 32
                    }
                  ],
                  "parent": 2,
                  "ID": 3,
                  "left": 4,
                  "right": 18
                }
              ],
              "parent": 1,
              "ID": 2,
              "left": 3
            }
          ],
          "parent": 0,
          "ID": 1,
          "left": 2
        }
      ],
      "parent": null,
      "ID": 0,
      "left": 1
    },
    "feat": {
      "utility": 0.0,
      "query_shape": [
        [
          "Seq Scan",
          "Append",
          "Hash Join",
          "Sort",
          "Aggregate",
          "Gather Merge",
          "Subquery Scan"
        ],
        [
          "Seq Scan",
          "Append",
          "Hash Join",
          "Sort",
          "Aggregate",
          "Gather Merge",
          "Subquery Scan"
        ],
        [
          "Seq Scan",
          "Hash",
          "Hash Join",
          "Sort",
          "Aggregate",
          "Gather Merge",
          "Subquery Scan",
          "Append"
        ],
        [
          "Seq Scan",
          "Hash",
          "Hash Join",
          "Sort",
          "Aggregate",
          "Gather Merge",
          "Subquery Scan",
          "Append"
        ],
        [
          "Seq Scan",
          "Append",
          "Hash Join",
          "Sort",
          "Gather Merge",
          "Aggregate",
          "Subquery Scan"
        ],
        [
          "Seq Scan",
          "Append",
          "Hash Join",
          "Sort",
          "Gather Merge",
          "Aggregate",
          "Subquery Scan"
        ],
        [
          "Seq Scan",
          "Hash",
          "Hash Join",
          "Sort",
          "Gather Merge",
          "Aggregate",
          "Subquery Scan",
          "Append"
        ],
        [
          "Seq Scan",
          "Hash",
          "Hash Join",
          "Sort",
          "Gather Merge",
          "Aggregate",
          "Subquery Scan",
          "Append"
        ],
        [
          "Seq Scan",
          "Hash Join",
          "Subquery Scan",
          "Append",
          "Sort",
          "Aggregate",
          "Gather Merge"
        ],
        [
          "Seq Scan",
          "Hash",
          "Hash Join",
          "Subquery Scan",
          "Append",
          "Sort",
          "Aggregate",
          "Gather Merge"
        ],
        [
          "Seq Scan",
          "Append",
          "Hash Join",
          "Sort",
          "Aggregate",
          "Gather Merge",
          "Subquery Scan"
        ],
        [
          "Seq Scan",
          "Hash",
          "Hash Join",
          "Sort",
          "Aggregate",
          "Gather Merge",
          "Subquery Scan",
          "Append"
        ],
        [
          "Seq Scan",
          "Hash",
          "Hash Join",
          "Sort",
          "Aggregate",
          "Gather Merge",
          "Subquery Scan",
          "Append"
        ]
      ],
      "index_shape": [],
      "physical_operator": {}
    }
  },
  {
    "query": "with ssr as\n (select s_store_id,\n        sum(sales_price) as sales,\n        sum(profit) as profit,\n        sum(return_amt) as returns,\n        sum(net_loss) as profit_loss\n from\n  ( select  ss_store_sk as store_sk,\n            ss_sold_date_sk  as date_sk,\n            ss_ext_sales_price as sales_price,\n            ss_net_profit as profit,\n            cast(0 as decimal(7,2)) as return_amt,\n            cast(0 as decimal(7,2)) as net_loss\n    from store_sales\n    union all\n    select sr_store_sk as store_sk,\n           sr_returned_date_sk as date_sk,\n           cast(0 as decimal(7,2)) as sales_price,\n           cast(0 as decimal(7,2)) as profit,\n           sr_return_amt as return_amt,\n           sr_net_loss as net_loss\n    from store_returns\n   ) salesreturns,\n     date_dim,\n     store\n where date_sk = d_date_sk\n       and d_date between cast('1998-08-12' as date) \n                  and (cast('1998-08-12' as date) +  interval '14 days')\n       and store_sk = s_store_sk\n group by s_store_id)\n ,\n csr as\n (select cp_catalog_page_id,\n        sum(sales_price) as sales,\n        sum(profit) as profit,\n        sum(return_amt) as returns,\n        sum(net_loss) as profit_loss\n from\n  ( select  cs_catalog_page_sk as page_sk,\n            cs_sold_date_sk  as date_sk,\n            cs_ext_sales_price as sales_price,\n            cs_net_profit as profit,\n            cast(0 as decimal(7,2)) as return_amt,\n            cast(0 as decimal(7,2)) as net_loss\n    from catalog_sales\n    union all\n    select cr_catalog_page_sk as page_sk,\n           cr_returned_date_sk as date_sk,\n           cast(0 as decimal(7,2)) as sales_price,\n           cast(0 as decimal(7,2)) as profit,\n           cr_return_amount as return_amt,\n           cr_net_loss as net_loss\n    from catalog_returns\n   ) salesreturns,\n     date_dim,\n     catalog_page\n where date_sk = d_date_sk\n       and d_date between cast('1998-08-12' as date)\n                  and (cast('1998-08-12' as date) +  interval '14 days')\n       and page_sk = cp_catalog_page_sk\n group by cp_catalog_page_id)\n ,\n wsr as\n (select web_site_id,\n        sum(sales_price) as sales,\n        sum(profit) as profit,\n        sum(return_amt) as returns,\n        sum(net_loss) as profit_loss\n from\n  ( select  ws_web_site_sk as wsr_web_site_sk,\n            ws_sold_date_sk  as date_sk,\n            ws_ext_sales_price as sales_price,\n            ws_net_profit as profit,\n            cast(0 as decimal(7,2)) as return_amt,\n            cast(0 as decimal(7,2)) as net_loss\n    from web_sales\n    union all\n    select ws_web_site_sk as wsr_web_site_sk,\n           wr_returned_date_sk as date_sk,\n           cast(0 as decimal(7,2)) as sales_price,\n           cast(0 as decimal(7,2)) as profit,\n           wr_return_amt as return_amt,\n           wr_net_loss as net_loss\n    from web_returns left outer join web_sales on\n         ( wr_item_sk = ws_item_sk\n           and wr_order_number = ws_order_number)\n   ) salesreturns,\n     date_dim,\n     web_site\n where date_sk = d_date_sk\n       and d_date between cast('1998-08-12' as date)\n                  and (cast('1998-08-12' as date) +  interval '14 days')\n       and wsr_web_site_sk = web_site_sk\n group by web_site_id)\n  select  channel\n        , id\n        , sum(sales) as sales\n        , sum(returns) as returns\n        , sum(profit) as profit\n from \n (select 'store channel' as channel\n        , 'store' || s_store_id as id\n        , sales\n        , returns\n        , (profit - profit_loss) as profit\n from   ssr\n union all\n select 'catalog channel' as channel\n        , 'catalog_page' || cp_catalog_page_id as id\n        , sales\n        , returns\n        , (profit - profit_loss) as profit\n from  csr\n union all\n select 'web channel' as channel\n        , 'web_site' || web_site_id as id\n        , sales\n        , returns\n        , (profit - profit_loss) as profit\n from   wsr\n ) x\n group by rollup (channel, id)\n order by channel\n         ,id\n limit 100;\n\n-- end query 3 in stream 0 using template query5.tpl\n",
    "indexes": "web_sales.ws_sold_date_sk",
    "wo plan est": {
      "Node Type": "Limit",
      "Parallel Aware": false,
      "Async Capable": false,
      "Startup Cost": 1940046.82,
      "Total Cost": 1940047.07,
      "Plan Rows": 100,
      "Plan Width": 160,
      "Plans": [
        {
          "Node Type": "Sort",
          "Parent Relationship": "Outer",
          "Parallel Aware": false,
          "Async Capable": false,
          "Startup Cost": 1940046.82,
          "Total Cost": 1940048.1,
          "Plan Rows": 512,
          "Plan Width": 160,
          "Sort Key": [
            "('store channel'::text)",
            "(('store'::text || (ssr.s_store_id)::text))"
          ],
          "Plans": [
            {
              "Node Type": "Aggregate",
              "Strategy": "Mixed",
              "Partial Mode": "Simple",
              "Parent Relationship": "Outer",
              "Parallel Aware": false,
              "Async Capable": false,
              "Startup Cost": 815451.97,
              "Total Cost": 1940027.26,
              "Plan Rows": 512,
              "Plan Width": 160,
              "Grouping Sets": [
                {
                  "Hash Keys": [
                    [
                      "('store channel'::text)",
                      "(('store'::text || (ssr.s_store_id)::text))"
                    ]
                  ]
                },
                {
                  "Hash Keys": [
                    [
                      "('store channel'::text)"
                    ]
                  ]
                },
                {
                  "Group Keys": [
                    []
                  ]
                }
              ],
              "Planned Partitions": 0,
              "Plans": [
                {
                  "Node Type": "Append",
                  "Parent Relationship": "Outer",
                  "Parallel Aware": false,
                  "Async Capable": false,
                  "Startup Cost": 815451.97,
                  "Total Cost": 1939925.06,
                  "Plan Rows": 3108,
                  "Plan Width": 160,
                  "Subplans Removed": 0,
                  "Plans": [
                    {
                      "Node Type": "Subquery Scan",
                      "Parent Relationship": "Member",
                      "Parallel Aware": false,
                      "Async Capable": false,
                      "Alias": "ssr",
                      "Startup Cost": 815451.97,
                      "Total Cost": 815488.32,
                      "Plan Rows": 51,
                      "Plan Width": 160,
                      "Plans": [
                        {
                          "Node Type": "Aggregate",
                          "Strategy": "Sorted",
                          "Partial Mode": "Finalize",
                          "Parent Relationship": "Subquery",
                          "Parallel Aware": false,
                          "Async Capable": false,
                          "Startup Cost": 815451.97,
                          "Total Cost": 815487.43,
                          "Plan Rows": 51,
                          "Plan Width": 145,
                          "Group Key": [
                            "store.s_store_id"
                          ],
                          "Plans": [
                            {
                              "Node Type": "Gather Merge",
                              "Parent Relationship": "Outer",
                              "Parallel Aware": false,
                              "Async Capable": false,
                              "Startup Cost": 815451.97,
                              "Total Cost": 815484.12,
                              "Plan Rows": 102,
                              "Plan Width": 145,
                              "Workers Planned": 2,
                              "Plans": [
                                {
                                  "Node Type": "Aggregate",
                                  "Strategy": "Sorted",
                                  "Partial Mode": "Partial",
                                  "Parent Relationship": "Outer",
                                  "Parallel Aware": false,
                                  "Async Capable": false,
                                  "Startup Cost": 814451.95,
                                  "Total Cost": 814472.32,
                                  "Plan Rows": 51,
                                  "Plan Width": 145,
                                  "Group Key": [
                                    "store.s_store_id"
                                  ],
                                  "Plans": [
                                    {
                                      "Node Type": "Sort",
                                      "Parent Relationship": "Outer",
                                      "Parallel Aware": false,
                                      "Async Capable": false,
                                      "Startup Cost": 814451.95,
                                      "Total Cost": 814455.17,
                                      "Plan Rows": 1290,
                                      "Plan Width": 57,
                                      "Sort Key": [
                                        "store.s_store_id"
                                      ],
                                      "Plans": [
                                        {
                                          "Node Type": "Hash Join",
                                          "Parent Relationship": "Outer",
                                          "Parallel Aware": false,
                                          "Async Capable": false,
                                          "Join Type": "Inner",
                                          "Startup Cost": 2056.95,
                                          "Total Cost": 814385.3,
                                          "Plan Rows": 1290,
                                          "Plan Width": 57,
                                          "Inner Unique": false,
                                          "Hash Cond": "(store_sales.ss_store_sk = store.s_store_sk)",
                                          "Plans": [
                                            {
                                              "Node Type": "Hash Join",
                                              "Parent Relationship": "Outer",
                                              "Parallel Aware": true,
                                              "Async Capable": false,
                                              "Join Type": "Inner",
                                              "Startup Cost": 2049.65,
                                              "Total Cost": 814355.62,
                                              "Plan Rows": 2530,
                                              "Plan Width": 44,
                                              "Inner Unique": false,
                                              "Hash Cond": "(store_sales.ss_sold_date_sk = date_dim.d_date_sk)",
                                              "Plans": [
                                                {
                                                  "Node Type": "Append",
                                                  "Parent Relationship": "Outer",
                                                  "Parallel Aware": true,
                                                  "Async Capable": false,
                                                  "Startup Cost": 0.0,
                                                  "Total Cost": 762796.01,
                                                  "Plan Rows": 13198801,
                                                  "Plan Width": 48,
                                                  "Subplans Removed": 0,
                                                  "Plans": [
                                                    {
                                                      "Node Type": "Seq Scan",
                                                      "Parent Relationship": "Member",
                                                      "Parallel Aware": true,
                                                      "Async Capable": false,
                                                      "Relation Name": "store_sales",
                                                      "Alias": "store_sales",
                                                      "Startup Cost": 0.0,
                                                      "Total Cost": 636914.37,
                                                      "Plan Rows": 12000637,
                                                      "Plan Width": 48,
                                                      "parent": 11,
                                                      "ID": 12
                                                    },
                                                    {
                                                      "Node Type": "Seq Scan",
                                                      "Parent Relationship": "Member",
                                                      "Parallel Aware": true,
                                                      "Async Capable": false,
                                                      "Relation Name": "store_returns",
                                                      "Alias": "store_returns",
                                                      "Startup Cost": 0.0,
                                                      "Total Cost": 59887.64,
                                                      "Plan Rows": 1198164,
                                                      "Plan Width": 48,
                                                      "parent": 11,
                                                      "ID": 13
                                                    }
                                                  ],
                                                  "parent": 10,
                                                  "ID": 11,
                                                  "left": 12,
                                                  "right": 13
                                                },
                                                {
                                                  "Node Type": "Hash",
                                                  "Parent Relationship": "Inner",
                                                  "Parallel Aware": true,
                                                  "Async Capable": false,
                                                  "Startup Cost": 2049.55,
                                                  "Total Cost": 2049.55,
                                                  "Plan Rows": 8,
                                                  "Plan Width": 4,
                                                  "Plans": [
                                                    {
                                                      "Node Type": "Seq Scan",
                                                      "Parent Relationship": "Outer",
                                                      "Parallel Aware": true,
                                                      "Async Capable": false,
                                                      "Relation Name": "date_dim",
                                                      "Alias": "date_dim",
                                                      "Startup Cost": 0.0,
                                                      "Total Cost": 2049.55,
                                                      "Plan Rows": 8,
                                                      "Plan Width": 4,
                                                      "Filter": "((d_date >= '1998-08-12'::date) AND (d_date <= '1998-08-26 00:00:00'::timestamp without time zone))",
                                                      "parent": 14,
                                                      "ID": 15
                                                    }
                                                  ],
                                                  "parent": 10,
                                                  "ID": 14,
                                                  "left": 15
                                                }
                                              ],
                                              "parent": 9,
                                              "ID": 10,
                                              "left": 11,
                                              "right": 14
                                            },
                                            {
                                              "Node Type": "Hash",
                                              "Parent Relationship": "Inner",
                                              "Parallel Aware": false,
                                              "Async Capable": false,
                                              "Startup Cost": 6.02,
                                              "Total Cost": 6.02,
                                              "Plan Rows": 102,
                                              "Plan Width": 21,
                                              "Plans": [
                                                {
                                                  "Node Type": "Seq Scan",
                                                  "Parent Relationship": "Outer",
                                                  "Parallel Aware": false,
                                                  "Async Capable": false,
                                                  "Relation Name": "store",
                                                  "Alias": "store",
                                                  "Startup Cost": 0.0,
                                                  "Total Cost": 6.02,
                                                  "Plan Rows": 102,
                                                  "Plan Width": 21,
                                                  "parent": 16,
                                                  "ID": 17
                                                }
                                              ],
                                              "parent": 9,
                                              "ID": 16,
                                              "left": 17
                                            }
                                          ],
                                          "parent": 8,
                                          "ID": 9,
                                          "left": 10,
                                          "right": 16
                                        }
                                      ],
                                      "parent": 7,
                                      "ID": 8,
                                      "left": 9
                                    }
                                  ],
                                  "parent": 6,
                                  "ID": 7,
                                  "left": 8
                                }
                              ],
                              "parent": 5,
                              "ID": 6,
                              "left": 7
                            }
                          ],
                          "parent": 4,
                          "ID": 5,
                          "left": 6
                        }
                      ],
                      "parent": 3,
                      "ID": 4,
                      "left": 5
                    },
                    {
                      "Node Type": "Subquery Scan",
                      "Parent Relationship": "Member",
                      "Parallel Aware": false,
                      "Async Capable": false,
                      "Alias": "csr",
                      "Startup Cost": 529848.36,
                      "Total Cost": 530353.75,
                      "Plan Rows": 3036,
                      "Plan Width": 160,
                      "Plans": [
                        {
                          "Node Type": "Aggregate",
                          "Strategy": "Sorted",
                          "Partial Mode": "Simple",
                          "Parent Relationship": "Subquery",
                          "Parallel Aware": false,
                          "Async Capable": false,
                          "Startup Cost": 529848.36,
                          "Total Cost": 530300.62,
                          "Plan Rows": 3036,
                          "Plan Width": 145,
                          "Group Key": [
                            "catalog_page.cp_catalog_page_id"
                          ],
                          "Plans": [
                            {
                              "Node Type": "Gather Merge",
                              "Parent Relationship": "Outer",
                              "Parallel Aware": false,
                              "Async Capable": false,
                              "Startup Cost": 529848.36,
                              "Total Cost": 530201.95,
                              "Plan Rows": 3036,
                              "Plan Width": 57,
                              "Workers Planned": 2,
                              "Plans": [
                                {
                                  "Node Type": "Sort",
                                  "Parent Relationship": "Outer",
                                  "Parallel Aware": false,
                                  "Async Capable": false,
                                  "Startup Cost": 528848.34,
                                  "Total Cost": 528851.5,
                                  "Plan Rows": 1265,
                                  "Plan Width": 57,
                                  "Sort Key": [
                                    "catalog_page.cp_catalog_page_id"
                                  ],
                                  "Plans": [
                                    {
                                      "Node Type": "Hash Join",
                                      "Parent Relationship": "Outer",
                                      "Parallel Aware": false,
                                      "Async Capable": false,
                                      "Join Type": "Inner",
                                      "Startup Cost": 2567.65,
                                      "Total Cost": 528783.16,
                                      "Plan Rows": 1265,
                                      "Plan Width": 57,
                                      "Inner Unique": false,
                                      "Hash Cond": "(catalog_sales.cs_catalog_page_sk = catalog_page.cp_catalog_page_sk)",
                                      "Plans": [
                                        {
                                          "Node Type": "Hash Join",
                                          "Parent Relationship": "Outer",
                                          "Parallel Aware": true,
                                          "Async Capable": false,
                                          "Join Type": "Inner",
                                          "Startup Cost": 2049.65,
                                          "Total Cost": 528247.76,
                                          "Plan Rows": 1265,
                                          "Plan Width": 44,
                                          "Inner Unique": false,
                                          "Hash Cond": "(catalog_sales.cs_sold_date_sk = date_dim_1.d_date_sk)",
                                          "Plans": [
                                            {
                                              "Node Type": "Append",
                                              "Parent Relationship": "Outer",
                                              "Parallel Aware": true,
                                              "Async Capable": false,
                                              "Startup Cost": 0.0,
                                              "Total Cost": 501439.31,
                                              "Plan Rows": 6600420,
                                              "Plan Width": 48,
                                              "Subplans Removed": 0,
                                              "Plans": [
                                                {
                                                  "Node Type": "Seq Scan",
                                                  "Parent Relationship": "Member",
                                                  "Parallel Aware": true,
                                                  "Async Capable": false,
                                                  "Relation Name": "catalog_sales",
                                                  "Alias": "catalog_sales",
                                                  "Startup Cost": 0.0,
                                                  "Total Cost": 433688.25,
                                                  "Plan Rows": 6000525,
                                                  "Plan Width": 48,
                                                  "parent": 24,
                                                  "ID": 25
                                                },
                                                {
                                                  "Node Type": "Seq Scan",
                                                  "Parent Relationship": "Member",
                                                  "Parallel Aware": true,
                                                  "Async Capable": false,
                                                  "Relation Name": "catalog_returns",
                                                  "Alias": "catalog_returns",
                                                  "Startup Cost": 0.0,
                                                  "Total Cost": 34748.95,
                                                  "Plan Rows": 599895,
                                                  "Plan Width": 48,
                                                  "parent": 24,
                                                  "ID": 26
                                                }
                                              ],
                                              "parent": 23,
                                              "ID": 24,
                                              "left": 25,
                                              "right": 26
                                            },
                                            {
                                              "Node Type": "Hash",
                                              "Parent Relationship": "Inner",
                                              "Parallel Aware": true,
                                              "Async Capable": false,
                                              "Startup Cost": 2049.55,
                                              "Total Cost": 2049.55,
                                              "Plan Rows": 8,
                                              "Plan Width": 4,
                                              "Plans": [
                                                {
                                                  "Node Type": "Seq Scan",
                                                  "Parent Relationship": "Outer",
                                                  "Parallel Aware": true,
                                                  "Async Capable": false,
                                                  "Relation Name": "date_dim",
                                                  "Alias": "date_dim_1",
                                                  "Startup Cost": 0.0,
                                                  "Total Cost": 2049.55,
                                                  "Plan Rows": 8,
                                                  "Plan Width": 4,
                                                  "Filter": "((d_date >= '1998-08-12'::date) AND (d_date <= '1998-08-26 00:00:00'::timestamp without time zone))",
                                                  "parent": 27,
                                                  "ID": 28
                                                }
                                              ],
                                              "parent": 23,
                                              "ID": 27,
                                              "left": 28
                                            }
                                          ],
                                          "parent": 22,
                                          "ID": 23,
                                          "left": 24,
                                          "right": 27
                                        },
                                        {
                                          "Node Type": "Hash",
                                          "Parent Relationship": "Inner",
                                          "Parallel Aware": false,
                                          "Async Capable": false,
                                          "Startup Cost": 368.0,
                                          "Total Cost": 368.0,
                                          "Plan Rows": 12000,
                                          "Plan Width": 21,
                                          "Plans": [
                                            {
                                              "Node Type": "Seq Scan",
                                              "Parent Relationship": "Outer",
                                              "Parallel Aware": false,
                                              "Async Capable": false,
                                              "Relation Name": "catalog_page",
                                              "Alias": "catalog_page",
                                              "Startup Cost": 0.0,
                                              "Total Cost": 368.0,
                                              "Plan Rows": 12000,
                                              "Plan Width": 21,
                                              "parent": 29,
                                              "ID": 30
                                            }
                                          ],
                                          "parent": 22,
                                          "ID": 29,
                                          "left": 30
                                        }
                                      ],
                                      "parent": 21,
                                      "ID": 22,
                                      "left": 23,
                                      "right": 29
                                    }
                                  ],
                                  "parent": 20,
                                  "ID": 21,
                                  "left": 22
                                }
                              ],
                              "parent": 19,
                              "ID": 20,
                              "left": 21
                            }
                          ],
                          "parent": 18,
                          "ID": 19,
                          "left": 20
                        }
                      ],
                      "parent": 3,
                      "ID": 18,
                      "left": 19
                    },
                    {
                      "Node Type": "Subquery Scan",
                      "Parent Relationship": "Member",
                      "Parallel Aware": false,
                      "Async Capable": false,
                      "Alias": "wsr",
                      "Startup Cost": 594058.45,
                      "Total Cost": 594067.44,
                      "Plan Rows": 21,
                      "Plan Width": 160,
                      "Plans": [
                        {
                          "Node Type": "Aggregate",
                          "Strategy": "Sorted",
                          "Partial Mode": "Finalize",
                          "Parent Relationship": "Subquery",
                          "Parallel Aware": false,
                          "Async Capable": false,
                          "Startup Cost": 594058.45,
                          "Total Cost": 594067.07,
                          "Plan Rows": 21,
                          "Plan Width": 145,
                          "Group Key": [
                            "web_site.web_site_id"
                          ],
                          "Plans": [
                            {
                              "Node Type": "Gather Merge",
                              "Parent Relationship": "Outer",
                              "Parallel Aware": false,
                              "Async Capable": false,
                              "Startup Cost": 594058.45,
                              "Total Cost": 594065.71,
                              "Plan Rows": 42,
                              "Plan Width": 145,
                              "Workers Planned": 2,
                              "Plans": [
                                {
                                  "Node Type": "Aggregate",
                                  "Strategy": "Sorted",
                                  "Partial Mode": "Partial",
                                  "Parent Relationship": "Outer",
                                  "Parallel Aware": false,
                                  "Async Capable": false,
                                  "Startup Cost": 593058.42,
                                  "Total Cost": 593060.84,
                                  "Plan Rows": 21,
                                  "Plan Width": 145,
                                  "Group Key": [
                                    "web_site.web_site_id"
                                  ],
                                  "Plans": [
                                    {
                                      "Node Type": "Sort",
                                      "Parent Relationship": "Outer",
                                      "Parallel Aware": false,
                                      "Async Capable": false,
                                      "Startup Cost": 593058.42,
                                      "Total Cost": 593058.75,
                                      "Plan Rows": 133,
                                      "Plan Width": 57,
                                      "Sort Key": [
                                        "web_site.web_site_id"
                                      ],
                                      "Plans": [
                                        {
                                          "Node Type": "Hash Join",
                                          "Parent Relationship": "Outer",
                                          "Parallel Aware": false,
                                          "Async Capable": false,
                                          "Join Type": "Inner",
                                          "Startup Cost": 2053.6,
                                          "Total Cost": 593053.73,
                                          "Plan Rows": 133,
                                          "Plan Width": 57,
                                          "Inner Unique": false,
                                          "Hash Cond": "(\"*SELECT* 2\".wsr_web_site_sk = web_site.web_site_sk)",
                                          "Plans": [
                                            {
                                              "Node Type": "Hash Join",
                                              "Parent Relationship": "Outer",
                                              "Parallel Aware": true,
                                              "Async Capable": false,
                                              "Join Type": "Inner",
                                              "Startup Cost": 2049.65,
                                              "Total Cost": 593046.09,
                                              "Plan Rows": 632,
                                              "Plan Width": 44,
                                              "Inner Unique": false,
                                              "Hash Cond": "(\"*SELECT* 2\".date_sk = date_dim_2.d_date_sk)",
                                              "Plans": [
                                                {
                                                  "Node Type": "Append",
                                                  "Parent Relationship": "Outer",
                                                  "Parallel Aware": true,
                                                  "Async Capable": false,
                                                  "Startup Cost": 0.0,
                                                  "Total Cost": 577049.1,
                                                  "Plan Rows": 3718203,
                                                  "Plan Width": 48,
                                                  "Subplans Removed": 0,
                                                  "Plans": [
                                                    {
                                                      "Node Type": "Subquery Scan",
                                                      "Parent Relationship": "Member",
                                                      "Parallel Aware": false,
                                                      "Async Capable": false,
                                                      "Alias": "*SELECT* 2",
                                                      "Startup Cost": 277366.65,
                                                      "Total Cost": 340720.23,
                                                      "Plan Rows": 719217,
                                                      "Plan Width": 48,
                                                      "Plans": [
                                                        {
                                                          "Node Type": "Hash Join",
                                                          "Parent Relationship": "Subquery",
                                                          "Parallel Aware": true,
                                                          "Async Capable": false,
                                                          "Join Type": "Left",
                                                          "Startup Cost": 277366.65,
                                                          "Total Cost": 333528.06,
                                                          "Plan Rows": 299674,
                                                          "Plan Width": 48,
                                                          "Inner Unique": false,
                                                          "Hash Cond": "((web_returns.wr_item_sk = web_sales_1.ws_item_sk) AND (web_returns.wr_order_number = web_sales_1.ws_order_number))",
                                                          "Plans": [
                                                            {
                                                              "Node Type": "Seq Scan",
                                                              "Parent Relationship": "Outer",
                                                              "Parallel Aware": true,
                                                              "Async Capable": false,
                                                              "Relation Name": "web_returns",
                                                              "Alias": "web_returns",
                                                              "Startup Cost": 0.0,
                                                              "Total Cost": 16278.74,
                                                              "Plan Rows": 299674,
                                                              "Plan Width": 24,
                                                              "parent": 40,
                                                              "ID": 41
                                                            },
                                                            {
                                                              "Node Type": "Hash",
                                                              "Parent Relationship": "Inner",
                                                              "Parallel Aware": true,
                                                              "Async Capable": false,
                                                              "Startup Cost": 217737.86,
                                                              "Total Cost": 217737.86,
                                                              "Plan Rows": 2998986,
                                                              "Plan Width": 12,
                                                              "Plans": [
                                                                {
                                                                  "Node Type": "Seq Scan",
                                                                  "Parent Relationship": "Outer",
                                                                  "Parallel Aware": true,
                                                                  "Async Capable": false,
                                                                  "Relation Name": "web_sales",
                                                                  "Alias": "web_sales_1",
                                                                  "Startup Cost": 0.0,
                                                                  "Total Cost": 217737.86,
                                                                  "Plan Rows": 2998986,
                                                                  "Plan Width": 12,
                                                                  "parent": 42,
                                                                  "ID": 43
                                                                }
                                                              ],
                                                              "parent": 40,
                                                              "ID": 42,
                                                              "left": 43
                                                            }
                                                          ],
                                                          "parent": 39,
                                                          "ID": 40,
                                                          "left": 41,
                                                          "right": 42
                                                        }
                                                      ],
                                                      "parent": 38,
                                                      "ID": 39,
                                                      "left": 40
                                                    },
                                                    {
                                                      "Node Type": "Seq Scan",
                                                      "Parent Relationship": "Member",
                                                      "Parallel Aware": true,
                                                      "Async Capable": false,
                                                      "Relation Name": "web_sales",
                                                      "Alias": "web_sales",
                                                      "Startup Cost": 0.0,
                                                      "Total Cost": 217737.86,
                                                      "Plan Rows": 2998986,
                                                      "Plan Width": 48,
                                                      "parent": 38,
                                                      "ID": 44
                                                    }
                                                  ],
                                                  "parent": 37,
                                                  "ID": 38,
                                                  "left": 39,
                                                  "right": 44
                                                },
                                                {
                                                  "Node Type": "Hash",
                                                  "Parent Relationship": "Inner",
                                                  "Parallel Aware": true,
                                                  "Async Capable": false,
                                                  "Startup Cost": 2049.55,
                                                  "Total Cost": 2049.55,
                                                  "Plan Rows": 8,
                                                  "Plan Width": 4,
                                                  "Plans": [
                                                    {
                                                      "Node Type": "Seq Scan",
                                                      "Parent Relationship": "Outer",
                                                      "Parallel Aware": true,
                                                      "Async Capable": false,
                                                      "Relation Name": "date_dim",
                                                      "Alias": "date_dim_2",
                                                      "Startup Cost": 0.0,
                                                      "Total Cost": 2049.55,
                                                      "Plan Rows": 8,
                                                      "Plan Width": 4,
                                                      "Filter": "((d_date >= '1998-08-12'::date) AND (d_date <= '1998-08-26 00:00:00'::timestamp without time zone))",
                                                      "parent": 45,
                                                      "ID": 46
                                                    }
                                                  ],
                                                  "parent": 37,
                                                  "ID": 45,
                                                  "left": 46
                                                }
                                              ],
                                              "parent": 36,
                                              "ID": 37,
                                              "left": 38,
                                              "right": 45
                                            },
                                            {
                                              "Node Type": "Hash",
                                              "Parent Relationship": "Inner",
                                              "Parallel Aware": false,
                                              "Async Capable": false,
                                              "Startup Cost": 3.42,
                                              "Total Cost": 3.42,
                                              "Plan Rows": 42,
                                              "Plan Width": 21,
                                              "Plans": [
                                                {
                                                  "Node Type": "Seq Scan",
                                                  "Parent Relationship": "Outer",
                                                  "Parallel Aware": false,
                                                  "Async Capable": false,
                                                  "Relation Name": "web_site",
                                                  "Alias": "web_site",
                                                  "Startup Cost": 0.0,
                                                  "Total Cost": 3.42,
                                                  "Plan Rows": 42,
                                                  "Plan Width": 21,
                                                  "parent": 47,
                                                  "ID": 48
                                                }
                                              ],
                                              "parent": 36,
                                              "ID": 47,
                                              "left": 48
                                            }
                                          ],
                                          "parent": 35,
                                          "ID": 36,
                                          "left": 37,
                                          "right": 47
                                        }
                                      ],
                                      "parent": 34,
                                      "ID": 35,
                                      "left": 36
                                    }
                                  ],
                                  "parent": 33,
                                  "ID": 34,
                                  "left": 35
                                }
                              ],
                              "parent": 32,
                              "ID": 33,
                              "left": 34
                            }
                          ],
                          "parent": 31,
                          "ID": 32,
                          "left": 33
                        }
                      ],
                      "parent": 3,
                      "ID": 31,
                      "left": 32
                    }
                  ],
                  "parent": 2,
                  "ID": 3,
                  "left": 4,
                  "right": 18
                }
              ],
              "parent": 1,
              "ID": 2,
              "left": 3
            }
          ],
          "parent": 0,
          "ID": 1,
          "left": 2
        }
      ],
      "parent": null,
      "ID": 0,
      "left": 1
    },
    "feat": {
      "utility": 0.0,
      "query_shape": [
        [
          "Seq Scan",
          "Append",
          "Hash Join",
          "Sort",
          "Aggregate",
          "Gather Merge",
          "Subquery Scan"
        ],
        [
          "Seq Scan",
          "Append",
          "Hash Join",
          "Sort",
          "Aggregate",
          "Gather Merge",
          "Subquery Scan"
        ],
        [
          "Seq Scan",
          "Hash",
          "Hash Join",
          "Sort",
          "Aggregate",
          "Gather Merge",
          "Subquery Scan",
          "Append"
        ],
        [
          "Seq Scan",
          "Hash",
          "Hash Join",
          "Sort",
          "Aggregate",
          "Gather Merge",
          "Subquery Scan",
          "Append"
        ],
        [
          "Seq Scan",
          "Append",
          "Hash Join",
          "Sort",
          "Gather Merge",
          "Aggregate",
          "Subquery Scan"
        ],
        [
          "Seq Scan",
          "Append",
          "Hash Join",
          "Sort",
          "Gather Merge",
          "Aggregate",
          "Subquery Scan"
        ],
        [
          "Seq Scan",
          "Hash",
          "Hash Join",
          "Sort",
          "Gather Merge",
          "Aggregate",
          "Subquery Scan",
          "Append"
        ],
        [
          "Seq Scan",
          "Hash",
          "Hash Join",
          "Sort",
          "Gather Merge",
          "Aggregate",
          "Subquery Scan",
          "Append"
        ],
        [
          "Seq Scan",
          "Hash Join",
          "Subquery Scan",
          "Append",
          "Sort",
          "Aggregate",
          "Gather Merge"
        ],
        [
          "Seq Scan",
          "Hash",
          "Hash Join",
          "Subquery Scan",
          "Append",
          "Sort",
          "Aggregate",
          "Gather Merge"
        ],
        [
          "Seq Scan",
          "Append",
          "Hash Join",
          "Sort",
          "Aggregate",
          "Gather Merge",
          "Subquery Scan"
        ],
        [
          "Seq Scan",
          "Hash",
          "Hash Join",
          "Sort",
          "Aggregate",
          "Gather Merge",
          "Subquery Scan",
          "Append"
        ],
        [
          "Seq Scan",
          "Hash",
          "Hash Join",
          "Sort",
          "Aggregate",
          "Gather Merge",
          "Subquery Scan",
          "Append"
        ]
      ],
      "index_shape": [],
      "physical_operator": {}
    }
  },
  {
    "query": "with ssr as\n (select s_store_id,\n        sum(sales_price) as sales,\n        sum(profit) as profit,\n        sum(return_amt) as returns,\n        sum(net_loss) as profit_loss\n from\n  ( select  ss_store_sk as store_sk,\n            ss_sold_date_sk  as date_sk,\n            ss_ext_sales_price as sales_price,\n            ss_net_profit as profit,\n            cast(0 as decimal(7,2)) as return_amt,\n            cast(0 as decimal(7,2)) as net_loss\n    from store_sales\n    union all\n    select sr_store_sk as store_sk,\n           sr_returned_date_sk as date_sk,\n           cast(0 as decimal(7,2)) as sales_price,\n           cast(0 as decimal(7,2)) as profit,\n           sr_return_amt as return_amt,\n           sr_net_loss as net_loss\n    from store_returns\n   ) salesreturns,\n     date_dim,\n     store\n where date_sk = d_date_sk\n       and d_date between cast('1998-08-12' as date) \n                  and (cast('1998-08-12' as date) +  interval '14 days')\n       and store_sk = s_store_sk\n group by s_store_id)\n ,\n csr as\n (select cp_catalog_page_id,\n        sum(sales_price) as sales,\n        sum(profit) as profit,\n        sum(return_amt) as returns,\n        sum(net_loss) as profit_loss\n from\n  ( select  cs_catalog_page_sk as page_sk,\n            cs_sold_date_sk  as date_sk,\n            cs_ext_sales_price as sales_price,\n            cs_net_profit as profit,\n            cast(0 as decimal(7,2)) as return_amt,\n            cast(0 as decimal(7,2)) as net_loss\n    from catalog_sales\n    union all\n    select cr_catalog_page_sk as page_sk,\n           cr_returned_date_sk as date_sk,\n           cast(0 as decimal(7,2)) as sales_price,\n           cast(0 as decimal(7,2)) as profit,\n           cr_return_amount as return_amt,\n           cr_net_loss as net_loss\n    from catalog_returns\n   ) salesreturns,\n     date_dim,\n     catalog_page\n where date_sk = d_date_sk\n       and d_date between cast('1998-08-12' as date)\n                  and (cast('1998-08-12' as date) +  interval '14 days')\n       and page_sk = cp_catalog_page_sk\n group by cp_catalog_page_id)\n ,\n wsr as\n (select web_site_id,\n        sum(sales_price) as sales,\n        sum(profit) as profit,\n        sum(return_amt) as returns,\n        sum(net_loss) as profit_loss\n from\n  ( select  ws_web_site_sk as wsr_web_site_sk,\n            ws_sold_date_sk  as date_sk,\n            ws_ext_sales_price as sales_price,\n            ws_net_profit as profit,\n            cast(0 as decimal(7,2)) as return_amt,\n            cast(0 as decimal(7,2)) as net_loss\n    from web_sales\n    union all\n    select ws_web_site_sk as wsr_web_site_sk,\n           wr_returned_date_sk as date_sk,\n           cast(0 as decimal(7,2)) as sales_price,\n           cast(0 as decimal(7,2)) as profit,\n           wr_return_amt as return_amt,\n           wr_net_loss as net_loss\n    from web_returns left outer join web_sales on\n         ( wr_item_sk = ws_item_sk\n           and wr_order_number = ws_order_number)\n   ) salesreturns,\n     date_dim,\n     web_site\n where date_sk = d_date_sk\n       and d_date between cast('1998-08-12' as date)\n                  and (cast('1998-08-12' as date) +  interval '14 days')\n       and wsr_web_site_sk = web_site_sk\n group by web_site_id)\n  select  channel\n        , id\n        , sum(sales) as sales\n        , sum(returns) as returns\n        , sum(profit) as profit\n from \n (select 'store channel' as channel\n        , 'store' || s_store_id as id\n        , sales\n        , returns\n        , (profit - profit_loss) as profit\n from   ssr\n union all\n select 'catalog channel' as channel\n        , 'catalog_page' || cp_catalog_page_id as id\n        , sales\n        , returns\n        , (profit - profit_loss) as profit\n from  csr\n union all\n select 'web channel' as channel\n        , 'web_site' || web_site_id as id\n        , sales\n        , returns\n        , (profit - profit_loss) as profit\n from   wsr\n ) x\n group by rollup (channel, id)\n order by channel\n         ,id\n limit 100;\n\n-- end query 3 in stream 0 using template query5.tpl\n",
    "indexes": "web_sales.ws_item_sk",
    "wo plan est": {
      "Node Type": "Limit",
      "Parallel Aware": false,
      "Async Capable": false,
      "Startup Cost": 1940046.82,
      "Total Cost": 1940047.07,
      "Plan Rows": 100,
      "Plan Width": 160,
      "Plans": [
        {
          "Node Type": "Sort",
          "Parent Relationship": "Outer",
          "Parallel Aware": false,
          "Async Capable": false,
          "Startup Cost": 1940046.82,
          "Total Cost": 1940048.1,
          "Plan Rows": 512,
          "Plan Width": 160,
          "Sort Key": [
            "('store channel'::text)",
            "(('store'::text || (ssr.s_store_id)::text))"
          ],
          "Plans": [
            {
              "Node Type": "Aggregate",
              "Strategy": "Mixed",
              "Partial Mode": "Simple",
              "Parent Relationship": "Outer",
              "Parallel Aware": false,
              "Async Capable": false,
              "Startup Cost": 815451.97,
              "Total Cost": 1940027.26,
              "Plan Rows": 512,
              "Plan Width": 160,
              "Grouping Sets": [
                {
                  "Hash Keys": [
                    [
                      "('store channel'::text)",
                      "(('store'::text || (ssr.s_store_id)::text))"
                    ]
                  ]
                },
                {
                  "Hash Keys": [
                    [
                      "('store channel'::text)"
                    ]
                  ]
                },
                {
                  "Group Keys": [
                    []
                  ]
                }
              ],
              "Planned Partitions": 0,
              "Plans": [
                {
                  "Node Type": "Append",
                  "Parent Relationship": "Outer",
                  "Parallel Aware": false,
                  "Async Capable": false,
                  "Startup Cost": 815451.97,
                  "Total Cost": 1939925.06,
                  "Plan Rows": 3108,
                  "Plan Width": 160,
                  "Subplans Removed": 0,
                  "Plans": [
                    {
                      "Node Type": "Subquery Scan",
                      "Parent Relationship": "Member",
                      "Parallel Aware": false,
                      "Async Capable": false,
                      "Alias": "ssr",
                      "Startup Cost": 815451.97,
                      "Total Cost": 815488.32,
                      "Plan Rows": 51,
                      "Plan Width": 160,
                      "Plans": [
                        {
                          "Node Type": "Aggregate",
                          "Strategy": "Sorted",
                          "Partial Mode": "Finalize",
                          "Parent Relationship": "Subquery",
                          "Parallel Aware": false,
                          "Async Capable": false,
                          "Startup Cost": 815451.97,
                          "Total Cost": 815487.43,
                          "Plan Rows": 51,
                          "Plan Width": 145,
                          "Group Key": [
                            "store.s_store_id"
                          ],
                          "Plans": [
                            {
                              "Node Type": "Gather Merge",
                              "Parent Relationship": "Outer",
                              "Parallel Aware": false,
                              "Async Capable": false,
                              "Startup Cost": 815451.97,
                              "Total Cost": 815484.12,
                              "Plan Rows": 102,
                              "Plan Width": 145,
                              "Workers Planned": 2,
                              "Plans": [
                                {
                                  "Node Type": "Aggregate",
                                  "Strategy": "Sorted",
                                  "Partial Mode": "Partial",
                                  "Parent Relationship": "Outer",
                                  "Parallel Aware": false,
                                  "Async Capable": false,
                                  "Startup Cost": 814451.95,
                                  "Total Cost": 814472.32,
                                  "Plan Rows": 51,
                                  "Plan Width": 145,
                                  "Group Key": [
                                    "store.s_store_id"
                                  ],
                                  "Plans": [
                                    {
                                      "Node Type": "Sort",
                                      "Parent Relationship": "Outer",
                                      "Parallel Aware": false,
                                      "Async Capable": false,
                                      "Startup Cost": 814451.95,
                                      "Total Cost": 814455.17,
                                      "Plan Rows": 1290,
                                      "Plan Width": 57,
                                      "Sort Key": [
                                        "store.s_store_id"
                                      ],
                                      "Plans": [
                                        {
                                          "Node Type": "Hash Join",
                                          "Parent Relationship": "Outer",
                                          "Parallel Aware": false,
                                          "Async Capable": false,
                                          "Join Type": "Inner",
                                          "Startup Cost": 2056.95,
                                          "Total Cost": 814385.3,
                                          "Plan Rows": 1290,
                                          "Plan Width": 57,
                                          "Inner Unique": false,
                                          "Hash Cond": "(store_sales.ss_store_sk = store.s_store_sk)",
                                          "Plans": [
                                            {
                                              "Node Type": "Hash Join",
                                              "Parent Relationship": "Outer",
                                              "Parallel Aware": true,
                                              "Async Capable": false,
                                              "Join Type": "Inner",
                                              "Startup Cost": 2049.65,
                                              "Total Cost": 814355.62,
                                              "Plan Rows": 2530,
                                              "Plan Width": 44,
                                              "Inner Unique": false,
                                              "Hash Cond": "(store_sales.ss_sold_date_sk = date_dim.d_date_sk)",
                                              "Plans": [
                                                {
                                                  "Node Type": "Append",
                                                  "Parent Relationship": "Outer",
                                                  "Parallel Aware": true,
                                                  "Async Capable": false,
                                                  "Startup Cost": 0.0,
                                                  "Total Cost": 762796.01,
                                                  "Plan Rows": 13198801,
                                                  "Plan Width": 48,
                                                  "Subplans Removed": 0,
                                                  "Plans": [
                                                    {
                                                      "Node Type": "Seq Scan",
                                                      "Parent Relationship": "Member",
                                                      "Parallel Aware": true,
                                                      "Async Capable": false,
                                                      "Relation Name": "store_sales",
                                                      "Alias": "store_sales",
                                                      "Startup Cost": 0.0,
                                                      "Total Cost": 636914.37,
                                                      "Plan Rows": 12000637,
                                                      "Plan Width": 48,
                                                      "parent": 11,
                                                      "ID": 12
                                                    },
                                                    {
                                                      "Node Type": "Seq Scan",
                                                      "Parent Relationship": "Member",
                                                      "Parallel Aware": true,
                                                      "Async Capable": false,
                                                      "Relation Name": "store_returns",
                                                      "Alias": "store_returns",
                                                      "Startup Cost": 0.0,
                                                      "Total Cost": 59887.64,
                                                      "Plan Rows": 1198164,
                                                      "Plan Width": 48,
                                                      "parent": 11,
                                                      "ID": 13
                                                    }
                                                  ],
                                                  "parent": 10,
                                                  "ID": 11,
                                                  "left": 12,
                                                  "right": 13
                                                },
                                                {
                                                  "Node Type": "Hash",
                                                  "Parent Relationship": "Inner",
                                                  "Parallel Aware": true,
                                                  "Async Capable": false,
                                                  "Startup Cost": 2049.55,
                                                  "Total Cost": 2049.55,
                                                  "Plan Rows": 8,
                                                  "Plan Width": 4,
                                                  "Plans": [
                                                    {
                                                      "Node Type": "Seq Scan",
                                                      "Parent Relationship": "Outer",
                                                      "Parallel Aware": true,
                                                      "Async Capable": false,
                                                      "Relation Name": "date_dim",
                                                      "Alias": "date_dim",
                                                      "Startup Cost": 0.0,
                                                      "Total Cost": 2049.55,
                                                      "Plan Rows": 8,
                                                      "Plan Width": 4,
                                                      "Filter": "((d_date >= '1998-08-12'::date) AND (d_date <= '1998-08-26 00:00:00'::timestamp without time zone))",
                                                      "parent": 14,
                                                      "ID": 15
                                                    }
                                                  ],
                                                  "parent": 10,
                                                  "ID": 14,
                                                  "left": 15
                                                }
                                              ],
                                              "parent": 9,
                                              "ID": 10,
                                              "left": 11,
                                              "right": 14
                                            },
                                            {
                                              "Node Type": "Hash",
                                              "Parent Relationship": "Inner",
                                              "Parallel Aware": false,
                                              "Async Capable": false,
                                              "Startup Cost": 6.02,
                                              "Total Cost": 6.02,
                                              "Plan Rows": 102,
                                              "Plan Width": 21,
                                              "Plans": [
                                                {
                                                  "Node Type": "Seq Scan",
                                                  "Parent Relationship": "Outer",
                                                  "Parallel Aware": false,
                                                  "Async Capable": false,
                                                  "Relation Name": "store",
                                                  "Alias": "store",
                                                  "Startup Cost": 0.0,
                                                  "Total Cost": 6.02,
                                                  "Plan Rows": 102,
                                                  "Plan Width": 21,
                                                  "parent": 16,
                                                  "ID": 17
                                                }
                                              ],
                                              "parent": 9,
                                              "ID": 16,
                                              "left": 17
                                            }
                                          ],
                                          "parent": 8,
                                          "ID": 9,
                                          "left": 10,
                                          "right": 16
                                        }
                                      ],
                                      "parent": 7,
                                      "ID": 8,
                                      "left": 9
                                    }
                                  ],
                                  "parent": 6,
                                  "ID": 7,
                                  "left": 8
                                }
                              ],
                              "parent": 5,
                              "ID": 6,
                              "left": 7
                            }
                          ],
                          "parent": 4,
                          "ID": 5,
                          "left": 6
                        }
                      ],
                      "parent": 3,
                      "ID": 4,
                      "left": 5
                    },
                    {
                      "Node Type": "Subquery Scan",
                      "Parent Relationship": "Member",
                      "Parallel Aware": false,
                      "Async Capable": false,
                      "Alias": "csr",
                      "Startup Cost": 529848.36,
                      "Total Cost": 530353.75,
                      "Plan Rows": 3036,
                      "Plan Width": 160,
                      "Plans": [
                        {
                          "Node Type": "Aggregate",
                          "Strategy": "Sorted",
                          "Partial Mode": "Simple",
                          "Parent Relationship": "Subquery",
                          "Parallel Aware": false,
                          "Async Capable": false,
                          "Startup Cost": 529848.36,
                          "Total Cost": 530300.62,
                          "Plan Rows": 3036,
                          "Plan Width": 145,
                          "Group Key": [
                            "catalog_page.cp_catalog_page_id"
                          ],
                          "Plans": [
                            {
                              "Node Type": "Gather Merge",
                              "Parent Relationship": "Outer",
                              "Parallel Aware": false,
                              "Async Capable": false,
                              "Startup Cost": 529848.36,
                              "Total Cost": 530201.95,
                              "Plan Rows": 3036,
                              "Plan Width": 57,
                              "Workers Planned": 2,
                              "Plans": [
                                {
                                  "Node Type": "Sort",
                                  "Parent Relationship": "Outer",
                                  "Parallel Aware": false,
                                  "Async Capable": false,
                                  "Startup Cost": 528848.34,
                                  "Total Cost": 528851.5,
                                  "Plan Rows": 1265,
                                  "Plan Width": 57,
                                  "Sort Key": [
                                    "catalog_page.cp_catalog_page_id"
                                  ],
                                  "Plans": [
                                    {
                                      "Node Type": "Hash Join",
                                      "Parent Relationship": "Outer",
                                      "Parallel Aware": false,
                                      "Async Capable": false,
                                      "Join Type": "Inner",
                                      "Startup Cost": 2567.65,
                                      "Total Cost": 528783.16,
                                      "Plan Rows": 1265,
                                      "Plan Width": 57,
                                      "Inner Unique": false,
                                      "Hash Cond": "(catalog_sales.cs_catalog_page_sk = catalog_page.cp_catalog_page_sk)",
                                      "Plans": [
                                        {
                                          "Node Type": "Hash Join",
                                          "Parent Relationship": "Outer",
                                          "Parallel Aware": true,
                                          "Async Capable": false,
                                          "Join Type": "Inner",
                                          "Startup Cost": 2049.65,
                                          "Total Cost": 528247.76,
                                          "Plan Rows": 1265,
                                          "Plan Width": 44,
                                          "Inner Unique": false,
                                          "Hash Cond": "(catalog_sales.cs_sold_date_sk = date_dim_1.d_date_sk)",
                                          "Plans": [
                                            {
                                              "Node Type": "Append",
                                              "Parent Relationship": "Outer",
                                              "Parallel Aware": true,
                                              "Async Capable": false,
                                              "Startup Cost": 0.0,
                                              "Total Cost": 501439.31,
                                              "Plan Rows": 6600420,
                                              "Plan Width": 48,
                                              "Subplans Removed": 0,
                                              "Plans": [
                                                {
                                                  "Node Type": "Seq Scan",
                                                  "Parent Relationship": "Member",
                                                  "Parallel Aware": true,
                                                  "Async Capable": false,
                                                  "Relation Name": "catalog_sales",
                                                  "Alias": "catalog_sales",
                                                  "Startup Cost": 0.0,
                                                  "Total Cost": 433688.25,
                                                  "Plan Rows": 6000525,
                                                  "Plan Width": 48,
                                                  "parent": 24,
                                                  "ID": 25
                                                },
                                                {
                                                  "Node Type": "Seq Scan",
                                                  "Parent Relationship": "Member",
                                                  "Parallel Aware": true,
                                                  "Async Capable": false,
                                                  "Relation Name": "catalog_returns",
                                                  "Alias": "catalog_returns",
                                                  "Startup Cost": 0.0,
                                                  "Total Cost": 34748.95,
                                                  "Plan Rows": 599895,
                                                  "Plan Width": 48,
                                                  "parent": 24,
                                                  "ID": 26
                                                }
                                              ],
                                              "parent": 23,
                                              "ID": 24,
                                              "left": 25,
                                              "right": 26
                                            },
                                            {
                                              "Node Type": "Hash",
                                              "Parent Relationship": "Inner",
                                              "Parallel Aware": true,
                                              "Async Capable": false,
                                              "Startup Cost": 2049.55,
                                              "Total Cost": 2049.55,
                                              "Plan Rows": 8,
                                              "Plan Width": 4,
                                              "Plans": [
                                                {
                                                  "Node Type": "Seq Scan",
                                                  "Parent Relationship": "Outer",
                                                  "Parallel Aware": true,
                                                  "Async Capable": false,
                                                  "Relation Name": "date_dim",
                                                  "Alias": "date_dim_1",
                                                  "Startup Cost": 0.0,
                                                  "Total Cost": 2049.55,
                                                  "Plan Rows": 8,
                                                  "Plan Width": 4,
                                                  "Filter": "((d_date >= '1998-08-12'::date) AND (d_date <= '1998-08-26 00:00:00'::timestamp without time zone))",
                                                  "parent": 27,
                                                  "ID": 28
                                                }
                                              ],
                                              "parent": 23,
                                              "ID": 27,
                                              "left": 28
                                            }
                                          ],
                                          "parent": 22,
                                          "ID": 23,
                                          "left": 24,
                                          "right": 27
                                        },
                                        {
                                          "Node Type": "Hash",
                                          "Parent Relationship": "Inner",
                                          "Parallel Aware": false,
                                          "Async Capable": false,
                                          "Startup Cost": 368.0,
                                          "Total Cost": 368.0,
                                          "Plan Rows": 12000,
                                          "Plan Width": 21,
                                          "Plans": [
                                            {
                                              "Node Type": "Seq Scan",
                                              "Parent Relationship": "Outer",
                                              "Parallel Aware": false,
                                              "Async Capable": false,
                                              "Relation Name": "catalog_page",
                                              "Alias": "catalog_page",
                                              "Startup Cost": 0.0,
                                              "Total Cost": 368.0,
                                              "Plan Rows": 12000,
                                              "Plan Width": 21,
                                              "parent": 29,
                                              "ID": 30
                                            }
                                          ],
                                          "parent": 22,
                                          "ID": 29,
                                          "left": 30
                                        }
                                      ],
                                      "parent": 21,
                                      "ID": 22,
                                      "left": 23,
                                      "right": 29
                                    }
                                  ],
                                  "parent": 20,
                                  "ID": 21,
                                  "left": 22
                                }
                              ],
                              "parent": 19,
                              "ID": 20,
                              "left": 21
                            }
                          ],
                          "parent": 18,
                          "ID": 19,
                          "left": 20
                        }
                      ],
                      "parent": 3,
                      "ID": 18,
                      "left": 19
                    },
                    {
                      "Node Type": "Subquery Scan",
                      "Parent Relationship": "Member",
                      "Parallel Aware": false,
                      "Async Capable": false,
                      "Alias": "wsr",
                      "Startup Cost": 594058.45,
                      "Total Cost": 594067.44,
                      "Plan Rows": 21,
                      "Plan Width": 160,
                      "Plans": [
                        {
                          "Node Type": "Aggregate",
                          "Strategy": "Sorted",
                          "Partial Mode": "Finalize",
                          "Parent Relationship": "Subquery",
                          "Parallel Aware": false,
                          "Async Capable": false,
                          "Startup Cost": 594058.45,
                          "Total Cost": 594067.07,
                          "Plan Rows": 21,
                          "Plan Width": 145,
                          "Group Key": [
                            "web_site.web_site_id"
                          ],
                          "Plans": [
                            {
                              "Node Type": "Gather Merge",
                              "Parent Relationship": "Outer",
                              "Parallel Aware": false,
                              "Async Capable": false,
                              "Startup Cost": 594058.45,
                              "Total Cost": 594065.71,
                              "Plan Rows": 42,
                              "Plan Width": 145,
                              "Workers Planned": 2,
                              "Plans": [
                                {
                                  "Node Type": "Aggregate",
                                  "Strategy": "Sorted",
                                  "Partial Mode": "Partial",
                                  "Parent Relationship": "Outer",
                                  "Parallel Aware": false,
                                  "Async Capable": false,
                                  "Startup Cost": 593058.42,
                                  "Total Cost": 593060.84,
                                  "Plan Rows": 21,
                                  "Plan Width": 145,
                                  "Group Key": [
                                    "web_site.web_site_id"
                                  ],
                                  "Plans": [
                                    {
                                      "Node Type": "Sort",
                                      "Parent Relationship": "Outer",
                                      "Parallel Aware": false,
                                      "Async Capable": false,
                                      "Startup Cost": 593058.42,
                                      "Total Cost": 593058.75,
                                      "Plan Rows": 133,
                                      "Plan Width": 57,
                                      "Sort Key": [
                                        "web_site.web_site_id"
                                      ],
                                      "Plans": [
                                        {
                                          "Node Type": "Hash Join",
                                          "Parent Relationship": "Outer",
                                          "Parallel Aware": false,
                                          "Async Capable": false,
                                          "Join Type": "Inner",
                                          "Startup Cost": 2053.6,
                                          "Total Cost": 593053.73,
                                          "Plan Rows": 133,
                                          "Plan Width": 57,
                                          "Inner Unique": false,
                                          "Hash Cond": "(\"*SELECT* 2\".wsr_web_site_sk = web_site.web_site_sk)",
                                          "Plans": [
                                            {
                                              "Node Type": "Hash Join",
                                              "Parent Relationship": "Outer",
                                              "Parallel Aware": true,
                                              "Async Capable": false,
                                              "Join Type": "Inner",
                                              "Startup Cost": 2049.65,
                                              "Total Cost": 593046.09,
                                              "Plan Rows": 632,
                                              "Plan Width": 44,
                                              "Inner Unique": false,
                                              "Hash Cond": "(\"*SELECT* 2\".date_sk = date_dim_2.d_date_sk)",
                                              "Plans": [
                                                {
                                                  "Node Type": "Append",
                                                  "Parent Relationship": "Outer",
                                                  "Parallel Aware": true,
                                                  "Async Capable": false,
                                                  "Startup Cost": 0.0,
                                                  "Total Cost": 577049.1,
                                                  "Plan Rows": 3718203,
                                                  "Plan Width": 48,
                                                  "Subplans Removed": 0,
                                                  "Plans": [
                                                    {
                                                      "Node Type": "Subquery Scan",
                                                      "Parent Relationship": "Member",
                                                      "Parallel Aware": false,
                                                      "Async Capable": false,
                                                      "Alias": "*SELECT* 2",
                                                      "Startup Cost": 277366.65,
                                                      "Total Cost": 340720.23,
                                                      "Plan Rows": 719217,
                                                      "Plan Width": 48,
                                                      "Plans": [
                                                        {
                                                          "Node Type": "Hash Join",
                                                          "Parent Relationship": "Subquery",
                                                          "Parallel Aware": true,
                                                          "Async Capable": false,
                                                          "Join Type": "Left",
                                                          "Startup Cost": 277366.65,
                                                          "Total Cost": 333528.06,
                                                          "Plan Rows": 299674,
                                                          "Plan Width": 48,
                                                          "Inner Unique": false,
                                                          "Hash Cond": "((web_returns.wr_item_sk = web_sales_1.ws_item_sk) AND (web_returns.wr_order_number = web_sales_1.ws_order_number))",
                                                          "Plans": [
                                                            {
                                                              "Node Type": "Seq Scan",
                                                              "Parent Relationship": "Outer",
                                                              "Parallel Aware": true,
                                                              "Async Capable": false,
                                                              "Relation Name": "web_returns",
                                                              "Alias": "web_returns",
                                                              "Startup Cost": 0.0,
                                                              "Total Cost": 16278.74,
                                                              "Plan Rows": 299674,
                                                              "Plan Width": 24,
                                                              "parent": 40,
                                                              "ID": 41
                                                            },
                                                            {
                                                              "Node Type": "Hash",
                                                              "Parent Relationship": "Inner",
                                                              "Parallel Aware": true,
                                                              "Async Capable": false,
                                                              "Startup Cost": 217737.86,
                                                              "Total Cost": 217737.86,
                                                              "Plan Rows": 2998986,
                                                              "Plan Width": 12,
                                                              "Plans": [
                                                                {
                                                                  "Node Type": "Seq Scan",
                                                                  "Parent Relationship": "Outer",
                                                                  "Parallel Aware": true,
                                                                  "Async Capable": false,
                                                                  "Relation Name": "web_sales",
                                                                  "Alias": "web_sales_1",
                                                                  "Startup Cost": 0.0,
                                                                  "Total Cost": 217737.86,
                                                                  "Plan Rows": 2998986,
                                                                  "Plan Width": 12,
                                                                  "parent": 42,
                                                                  "ID": 43
                                                                }
                                                              ],
                                                              "parent": 40,
                                                              "ID": 42,
                                                              "left": 43
                                                            }
                                                          ],
                                                          "parent": 39,
                                                          "ID": 40,
                                                          "left": 41,
                                                          "right": 42
                                                        }
                                                      ],
                                                      "parent": 38,
                                                      "ID": 39,
                                                      "left": 40
                                                    },
                                                    {
                                                      "Node Type": "Seq Scan",
                                                      "Parent Relationship": "Member",
                                                      "Parallel Aware": true,
                                                      "Async Capable": false,
                                                      "Relation Name": "web_sales",
                                                      "Alias": "web_sales",
                                                      "Startup Cost": 0.0,
                                                      "Total Cost": 217737.86,
                                                      "Plan Rows": 2998986,
                                                      "Plan Width": 48,
                                                      "parent": 38,
                                                      "ID": 44
                                                    }
                                                  ],
                                                  "parent": 37,
                                                  "ID": 38,
                                                  "left": 39,
                                                  "right": 44
                                                },
                                                {
                                                  "Node Type": "Hash",
                                                  "Parent Relationship": "Inner",
                                                  "Parallel Aware": true,
                                                  "Async Capable": false,
                                                  "Startup Cost": 2049.55,
                                                  "Total Cost": 2049.55,
                                                  "Plan Rows": 8,
                                                  "Plan Width": 4,
                                                  "Plans": [
                                                    {
                                                      "Node Type": "Seq Scan",
                                                      "Parent Relationship": "Outer",
                                                      "Parallel Aware": true,
                                                      "Async Capable": false,
                                                      "Relation Name": "date_dim",
                                                      "Alias": "date_dim_2",
                                                      "Startup Cost": 0.0,
                                                      "Total Cost": 2049.55,
                                                      "Plan Rows": 8,
                                                      "Plan Width": 4,
                                                      "Filter": "((d_date >= '1998-08-12'::date) AND (d_date <= '1998-08-26 00:00:00'::timestamp without time zone))",
                                                      "parent": 45,
                                                      "ID": 46
                                                    }
                                                  ],
                                                  "parent": 37,
                                                  "ID": 45,
                                                  "left": 46
                                                }
                                              ],
                                              "parent": 36,
                                              "ID": 37,
                                              "left": 38,
                                              "right": 45
                                            },
                                            {
                                              "Node Type": "Hash",
                                              "Parent Relationship": "Inner",
                                              "Parallel Aware": false,
                                              "Async Capable": false,
                                              "Startup Cost": 3.42,
                                              "Total Cost": 3.42,
                                              "Plan Rows": 42,
                                              "Plan Width": 21,
                                              "Plans": [
                                                {
                                                  "Node Type": "Seq Scan",
                                                  "Parent Relationship": "Outer",
                                                  "Parallel Aware": false,
                                                  "Async Capable": false,
                                                  "Relation Name": "web_site",
                                                  "Alias": "web_site",
                                                  "Startup Cost": 0.0,
                                                  "Total Cost": 3.42,
                                                  "Plan Rows": 42,
                                                  "Plan Width": 21,
                                                  "parent": 47,
                                                  "ID": 48
                                                }
                                              ],
                                              "parent": 36,
                                              "ID": 47,
                                              "left": 48
                                            }
                                          ],
                                          "parent": 35,
                                          "ID": 36,
                                          "left": 37,
                                          "right": 47
                                        }
                                      ],
                                      "parent": 34,
                                      "ID": 35,
                                      "left": 36
                                    }
                                  ],
                                  "parent": 33,
                                  "ID": 34,
                                  "left": 35
                                }
                              ],
                              "parent": 32,
                              "ID": 33,
                              "left": 34
                            }
                          ],
                          "parent": 31,
                          "ID": 32,
                          "left": 33
                        }
                      ],
                      "parent": 3,
                      "ID": 31,
                      "left": 32
                    }
                  ],
                  "parent": 2,
                  "ID": 3,
                  "left": 4,
                  "right": 18
                }
              ],
              "parent": 1,
              "ID": 2,
              "left": 3
            }
          ],
          "parent": 0,
          "ID": 1,
          "left": 2
        }
      ],
      "parent": null,
      "ID": 0,
      "left": 1
    },
    "feat": {
      "utility": 1.7618258758525105e-06,
      "query_shape": [
        [
          "Seq Scan",
          "Append",
          "Hash Join",
          "Sort",
          "Aggregate",
          "Gather Merge",
          "Subquery Scan"
        ],
        [
          "Seq Scan",
          "Append",
          "Hash Join",
          "Sort",
          "Aggregate",
          "Gather Merge",
          "Subquery Scan"
        ],
        [
          "Seq Scan",
          "Hash",
          "Hash Join",
          "Sort",
          "Aggregate",
          "Gather Merge",
          "Subquery Scan",
          "Append"
        ],
        [
          "Seq Scan",
          "Hash",
          "Hash Join",
          "Sort",
          "Aggregate",
          "Gather Merge",
          "Subquery Scan",
          "Append"
        ],
        [
          "Seq Scan",
          "Append",
          "Hash Join",
          "Sort",
          "Gather Merge",
          "Aggregate",
          "Subquery Scan"
        ],
        [
          "Seq Scan",
          "Append",
          "Hash Join",
          "Sort",
          "Gather Merge",
          "Aggregate",
          "Subquery Scan"
        ],
        [
          "Seq Scan",
          "Hash",
          "Hash Join",
          "Sort",
          "Gather Merge",
          "Aggregate",
          "Subquery Scan",
          "Append"
        ],
        [
          "Seq Scan",
          "Hash",
          "Hash Join",
          "Sort",
          "Gather Merge",
          "Aggregate",
          "Subquery Scan",
          "Append"
        ],
        [
          "Seq Scan",
          "Hash Join",
          "Subquery Scan",
          "Append",
          "Sort",
          "Aggregate",
          "Gather Merge"
        ],
        [
          "Seq Scan",
          "Hash",
          "Hash Join",
          "Subquery Scan",
          "Append",
          "Sort",
          "Aggregate",
          "Gather Merge"
        ],
        [
          "Seq Scan",
          "Append",
          "Hash Join",
          "Sort",
          "Aggregate",
          "Gather Merge",
          "Subquery Scan"
        ],
        [
          "Seq Scan",
          "Hash",
          "Hash Join",
          "Sort",
          "Aggregate",
          "Gather Merge",
          "Subquery Scan",
          "Append"
        ],
        [
          "Seq Scan",
          "Hash",
          "Hash Join",
          "Sort",
          "Aggregate",
          "Gather Merge",
          "Subquery Scan",
          "Append"
        ]
      ],
      "index_shape": [
        "join"
      ],
      "physical_operator": {
        "Hash Join": [
          0.0005774478661266393
        ]
      }
    }
  },
  {
    "query": "with ssr as\n (select s_store_id,\n        sum(sales_price) as sales,\n        sum(profit) as profit,\n        sum(return_amt) as returns,\n        sum(net_loss) as profit_loss\n from\n  ( select  ss_store_sk as store_sk,\n            ss_sold_date_sk  as date_sk,\n            ss_ext_sales_price as sales_price,\n            ss_net_profit as profit,\n            cast(0 as decimal(7,2)) as return_amt,\n            cast(0 as decimal(7,2)) as net_loss\n    from store_sales\n    union all\n    select sr_store_sk as store_sk,\n           sr_returned_date_sk as date_sk,\n           cast(0 as decimal(7,2)) as sales_price,\n           cast(0 as decimal(7,2)) as profit,\n           sr_return_amt as return_amt,\n           sr_net_loss as net_loss\n    from store_returns\n   ) salesreturns,\n     date_dim,\n     store\n where date_sk = d_date_sk\n       and d_date between cast('1998-08-12' as date) \n                  and (cast('1998-08-12' as date) +  interval '14 days')\n       and store_sk = s_store_sk\n group by s_store_id)\n ,\n csr as\n (select cp_catalog_page_id,\n        sum(sales_price) as sales,\n        sum(profit) as profit,\n        sum(return_amt) as returns,\n        sum(net_loss) as profit_loss\n from\n  ( select  cs_catalog_page_sk as page_sk,\n            cs_sold_date_sk  as date_sk,\n            cs_ext_sales_price as sales_price,\n            cs_net_profit as profit,\n            cast(0 as decimal(7,2)) as return_amt,\n            cast(0 as decimal(7,2)) as net_loss\n    from catalog_sales\n    union all\n    select cr_catalog_page_sk as page_sk,\n           cr_returned_date_sk as date_sk,\n           cast(0 as decimal(7,2)) as sales_price,\n           cast(0 as decimal(7,2)) as profit,\n           cr_return_amount as return_amt,\n           cr_net_loss as net_loss\n    from catalog_returns\n   ) salesreturns,\n     date_dim,\n     catalog_page\n where date_sk = d_date_sk\n       and d_date between cast('1998-08-12' as date)\n                  and (cast('1998-08-12' as date) +  interval '14 days')\n       and page_sk = cp_catalog_page_sk\n group by cp_catalog_page_id)\n ,\n wsr as\n (select web_site_id,\n        sum(sales_price) as sales,\n        sum(profit) as profit,\n        sum(return_amt) as returns,\n        sum(net_loss) as profit_loss\n from\n  ( select  ws_web_site_sk as wsr_web_site_sk,\n            ws_sold_date_sk  as date_sk,\n            ws_ext_sales_price as sales_price,\n            ws_net_profit as profit,\n            cast(0 as decimal(7,2)) as return_amt,\n            cast(0 as decimal(7,2)) as net_loss\n    from web_sales\n    union all\n    select ws_web_site_sk as wsr_web_site_sk,\n           wr_returned_date_sk as date_sk,\n           cast(0 as decimal(7,2)) as sales_price,\n           cast(0 as decimal(7,2)) as profit,\n           wr_return_amt as return_amt,\n           wr_net_loss as net_loss\n    from web_returns left outer join web_sales on\n         ( wr_item_sk = ws_item_sk\n           and wr_order_number = ws_order_number)\n   ) salesreturns,\n     date_dim,\n     web_site\n where date_sk = d_date_sk\n       and d_date between cast('1998-08-12' as date)\n                  and (cast('1998-08-12' as date) +  interval '14 days')\n       and wsr_web_site_sk = web_site_sk\n group by web_site_id)\n  select  channel\n        , id\n        , sum(sales) as sales\n        , sum(returns) as returns\n        , sum(profit) as profit\n from \n (select 'store channel' as channel\n        , 'store' || s_store_id as id\n        , sales\n        , returns\n        , (profit - profit_loss) as profit\n from   ssr\n union all\n select 'catalog channel' as channel\n        , 'catalog_page' || cp_catalog_page_id as id\n        , sales\n        , returns\n        , (profit - profit_loss) as profit\n from  csr\n union all\n select 'web channel' as channel\n        , 'web_site' || web_site_id as id\n        , sales\n        , returns\n        , (profit - profit_loss) as profit\n from   wsr\n ) x\n group by rollup (channel, id)\n order by channel\n         ,id\n limit 100;\n\n-- end query 3 in stream 0 using template query5.tpl\n",
    "indexes": "web_sales.ws_web_site_sk",
    "wo plan est": {
      "Node Type": "Limit",
      "Parallel Aware": false,
      "Async Capable": false,
      "Startup Cost": 1940046.82,
      "Total Cost": 1940047.07,
      "Plan Rows": 100,
      "Plan Width": 160,
      "Plans": [
        {
          "Node Type": "Sort",
          "Parent Relationship": "Outer",
          "Parallel Aware": false,
          "Async Capable": false,
          "Startup Cost": 1940046.82,
          "Total Cost": 1940048.1,
          "Plan Rows": 512,
          "Plan Width": 160,
          "Sort Key": [
            "('store channel'::text)",
            "(('store'::text || (ssr.s_store_id)::text))"
          ],
          "Plans": [
            {
              "Node Type": "Aggregate",
              "Strategy": "Mixed",
              "Partial Mode": "Simple",
              "Parent Relationship": "Outer",
              "Parallel Aware": false,
              "Async Capable": false,
              "Startup Cost": 815451.97,
              "Total Cost": 1940027.26,
              "Plan Rows": 512,
              "Plan Width": 160,
              "Grouping Sets": [
                {
                  "Hash Keys": [
                    [
                      "('store channel'::text)",
                      "(('store'::text || (ssr.s_store_id)::text))"
                    ]
                  ]
                },
                {
                  "Hash Keys": [
                    [
                      "('store channel'::text)"
                    ]
                  ]
                },
                {
                  "Group Keys": [
                    []
                  ]
                }
              ],
              "Planned Partitions": 0,
              "Plans": [
                {
                  "Node Type": "Append",
                  "Parent Relationship": "Outer",
                  "Parallel Aware": false,
                  "Async Capable": false,
                  "Startup Cost": 815451.97,
                  "Total Cost": 1939925.06,
                  "Plan Rows": 3108,
                  "Plan Width": 160,
                  "Subplans Removed": 0,
                  "Plans": [
                    {
                      "Node Type": "Subquery Scan",
                      "Parent Relationship": "Member",
                      "Parallel Aware": false,
                      "Async Capable": false,
                      "Alias": "ssr",
                      "Startup Cost": 815451.97,
                      "Total Cost": 815488.32,
                      "Plan Rows": 51,
                      "Plan Width": 160,
                      "Plans": [
                        {
                          "Node Type": "Aggregate",
                          "Strategy": "Sorted",
                          "Partial Mode": "Finalize",
                          "Parent Relationship": "Subquery",
                          "Parallel Aware": false,
                          "Async Capable": false,
                          "Startup Cost": 815451.97,
                          "Total Cost": 815487.43,
                          "Plan Rows": 51,
                          "Plan Width": 145,
                          "Group Key": [
                            "store.s_store_id"
                          ],
                          "Plans": [
                            {
                              "Node Type": "Gather Merge",
                              "Parent Relationship": "Outer",
                              "Parallel Aware": false,
                              "Async Capable": false,
                              "Startup Cost": 815451.97,
                              "Total Cost": 815484.12,
                              "Plan Rows": 102,
                              "Plan Width": 145,
                              "Workers Planned": 2,
                              "Plans": [
                                {
                                  "Node Type": "Aggregate",
                                  "Strategy": "Sorted",
                                  "Partial Mode": "Partial",
                                  "Parent Relationship": "Outer",
                                  "Parallel Aware": false,
                                  "Async Capable": false,
                                  "Startup Cost": 814451.95,
                                  "Total Cost": 814472.32,
                                  "Plan Rows": 51,
                                  "Plan Width": 145,
                                  "Group Key": [
                                    "store.s_store_id"
                                  ],
                                  "Plans": [
                                    {
                                      "Node Type": "Sort",
                                      "Parent Relationship": "Outer",
                                      "Parallel Aware": false,
                                      "Async Capable": false,
                                      "Startup Cost": 814451.95,
                                      "Total Cost": 814455.17,
                                      "Plan Rows": 1290,
                                      "Plan Width": 57,
                                      "Sort Key": [
                                        "store.s_store_id"
                                      ],
                                      "Plans": [
                                        {
                                          "Node Type": "Hash Join",
                                          "Parent Relationship": "Outer",
                                          "Parallel Aware": false,
                                          "Async Capable": false,
                                          "Join Type": "Inner",
                                          "Startup Cost": 2056.95,
                                          "Total Cost": 814385.3,
                                          "Plan Rows": 1290,
                                          "Plan Width": 57,
                                          "Inner Unique": false,
                                          "Hash Cond": "(store_sales.ss_store_sk = store.s_store_sk)",
                                          "Plans": [
                                            {
                                              "Node Type": "Hash Join",
                                              "Parent Relationship": "Outer",
                                              "Parallel Aware": true,
                                              "Async Capable": false,
                                              "Join Type": "Inner",
                                              "Startup Cost": 2049.65,
                                              "Total Cost": 814355.62,
                                              "Plan Rows": 2530,
                                              "Plan Width": 44,
                                              "Inner Unique": false,
                                              "Hash Cond": "(store_sales.ss_sold_date_sk = date_dim.d_date_sk)",
                                              "Plans": [
                                                {
                                                  "Node Type": "Append",
                                                  "Parent Relationship": "Outer",
                                                  "Parallel Aware": true,
                                                  "Async Capable": false,
                                                  "Startup Cost": 0.0,
                                                  "Total Cost": 762796.01,
                                                  "Plan Rows": 13198801,
                                                  "Plan Width": 48,
                                                  "Subplans Removed": 0,
                                                  "Plans": [
                                                    {
                                                      "Node Type": "Seq Scan",
                                                      "Parent Relationship": "Member",
                                                      "Parallel Aware": true,
                                                      "Async Capable": false,
                                                      "Relation Name": "store_sales",
                                                      "Alias": "store_sales",
                                                      "Startup Cost": 0.0,
                                                      "Total Cost": 636914.37,
                                                      "Plan Rows": 12000637,
                                                      "Plan Width": 48,
                                                      "parent": 11,
                                                      "ID": 12
                                                    },
                                                    {
                                                      "Node Type": "Seq Scan",
                                                      "Parent Relationship": "Member",
                                                      "Parallel Aware": true,
                                                      "Async Capable": false,
                                                      "Relation Name": "store_returns",
                                                      "Alias": "store_returns",
                                                      "Startup Cost": 0.0,
                                                      "Total Cost": 59887.64,
                                                      "Plan Rows": 1198164,
                                                      "Plan Width": 48,
                                                      "parent": 11,
                                                      "ID": 13
                                                    }
                                                  ],
                                                  "parent": 10,
                                                  "ID": 11,
                                                  "left": 12,
                                                  "right": 13
                                                },
                                                {
                                                  "Node Type": "Hash",
                                                  "Parent Relationship": "Inner",
                                                  "Parallel Aware": true,
                                                  "Async Capable": false,
                                                  "Startup Cost": 2049.55,
                                                  "Total Cost": 2049.55,
                                                  "Plan Rows": 8,
                                                  "Plan Width": 4,
                                                  "Plans": [
                                                    {
                                                      "Node Type": "Seq Scan",
                                                      "Parent Relationship": "Outer",
                                                      "Parallel Aware": true,
                                                      "Async Capable": false,
                                                      "Relation Name": "date_dim",
                                                      "Alias": "date_dim",
                                                      "Startup Cost": 0.0,
                                                      "Total Cost": 2049.55,
                                                      "Plan Rows": 8,
                                                      "Plan Width": 4,
                                                      "Filter": "((d_date >= '1998-08-12'::date) AND (d_date <= '1998-08-26 00:00:00'::timestamp without time zone))",
                                                      "parent": 14,
                                                      "ID": 15
                                                    }
                                                  ],
                                                  "parent": 10,
                                                  "ID": 14,
                                                  "left": 15
                                                }
                                              ],
                                              "parent": 9,
                                              "ID": 10,
                                              "left": 11,
                                              "right": 14
                                            },
                                            {
                                              "Node Type": "Hash",
                                              "Parent Relationship": "Inner",
                                              "Parallel Aware": false,
                                              "Async Capable": false,
                                              "Startup Cost": 6.02,
                                              "Total Cost": 6.02,
                                              "Plan Rows": 102,
                                              "Plan Width": 21,
                                              "Plans": [
                                                {
                                                  "Node Type": "Seq Scan",
                                                  "Parent Relationship": "Outer",
                                                  "Parallel Aware": false,
                                                  "Async Capable": false,
                                                  "Relation Name": "store",
                                                  "Alias": "store",
                                                  "Startup Cost": 0.0,
                                                  "Total Cost": 6.02,
                                                  "Plan Rows": 102,
                                                  "Plan Width": 21,
                                                  "parent": 16,
                                                  "ID": 17
                                                }
                                              ],
                                              "parent": 9,
                                              "ID": 16,
                                              "left": 17
                                            }
                                          ],
                                          "parent": 8,
                                          "ID": 9,
                                          "left": 10,
                                          "right": 16
                                        }
                                      ],
                                      "parent": 7,
                                      "ID": 8,
                                      "left": 9
                                    }
                                  ],
                                  "parent": 6,
                                  "ID": 7,
                                  "left": 8
                                }
                              ],
                              "parent": 5,
                              "ID": 6,
                              "left": 7
                            }
                          ],
                          "parent": 4,
                          "ID": 5,
                          "left": 6
                        }
                      ],
                      "parent": 3,
                      "ID": 4,
                      "left": 5
                    },
                    {
                      "Node Type": "Subquery Scan",
                      "Parent Relationship": "Member",
                      "Parallel Aware": false,
                      "Async Capable": false,
                      "Alias": "csr",
                      "Startup Cost": 529848.36,
                      "Total Cost": 530353.75,
                      "Plan Rows": 3036,
                      "Plan Width": 160,
                      "Plans": [
                        {
                          "Node Type": "Aggregate",
                          "Strategy": "Sorted",
                          "Partial Mode": "Simple",
                          "Parent Relationship": "Subquery",
                          "Parallel Aware": false,
                          "Async Capable": false,
                          "Startup Cost": 529848.36,
                          "Total Cost": 530300.62,
                          "Plan Rows": 3036,
                          "Plan Width": 145,
                          "Group Key": [
                            "catalog_page.cp_catalog_page_id"
                          ],
                          "Plans": [
                            {
                              "Node Type": "Gather Merge",
                              "Parent Relationship": "Outer",
                              "Parallel Aware": false,
                              "Async Capable": false,
                              "Startup Cost": 529848.36,
                              "Total Cost": 530201.95,
                              "Plan Rows": 3036,
                              "Plan Width": 57,
                              "Workers Planned": 2,
                              "Plans": [
                                {
                                  "Node Type": "Sort",
                                  "Parent Relationship": "Outer",
                                  "Parallel Aware": false,
                                  "Async Capable": false,
                                  "Startup Cost": 528848.34,
                                  "Total Cost": 528851.5,
                                  "Plan Rows": 1265,
                                  "Plan Width": 57,
                                  "Sort Key": [
                                    "catalog_page.cp_catalog_page_id"
                                  ],
                                  "Plans": [
                                    {
                                      "Node Type": "Hash Join",
                                      "Parent Relationship": "Outer",
                                      "Parallel Aware": false,
                                      "Async Capable": false,
                                      "Join Type": "Inner",
                                      "Startup Cost": 2567.65,
                                      "Total Cost": 528783.16,
                                      "Plan Rows": 1265,
                                      "Plan Width": 57,
                                      "Inner Unique": false,
                                      "Hash Cond": "(catalog_sales.cs_catalog_page_sk = catalog_page.cp_catalog_page_sk)",
                                      "Plans": [
                                        {
                                          "Node Type": "Hash Join",
                                          "Parent Relationship": "Outer",
                                          "Parallel Aware": true,
                                          "Async Capable": false,
                                          "Join Type": "Inner",
                                          "Startup Cost": 2049.65,
                                          "Total Cost": 528247.76,
                                          "Plan Rows": 1265,
                                          "Plan Width": 44,
                                          "Inner Unique": false,
                                          "Hash Cond": "(catalog_sales.cs_sold_date_sk = date_dim_1.d_date_sk)",
                                          "Plans": [
                                            {
                                              "Node Type": "Append",
                                              "Parent Relationship": "Outer",
                                              "Parallel Aware": true,
                                              "Async Capable": false,
                                              "Startup Cost": 0.0,
                                              "Total Cost": 501439.31,
                                              "Plan Rows": 6600420,
                                              "Plan Width": 48,
                                              "Subplans Removed": 0,
                                              "Plans": [
                                                {
                                                  "Node Type": "Seq Scan",
                                                  "Parent Relationship": "Member",
                                                  "Parallel Aware": true,
                                                  "Async Capable": false,
                                                  "Relation Name": "catalog_sales",
                                                  "Alias": "catalog_sales",
                                                  "Startup Cost": 0.0,
                                                  "Total Cost": 433688.25,
                                                  "Plan Rows": 6000525,
                                                  "Plan Width": 48,
                                                  "parent": 24,
                                                  "ID": 25
                                                },
                                                {
                                                  "Node Type": "Seq Scan",
                                                  "Parent Relationship": "Member",
                                                  "Parallel Aware": true,
                                                  "Async Capable": false,
                                                  "Relation Name": "catalog_returns",
                                                  "Alias": "catalog_returns",
                                                  "Startup Cost": 0.0,
                                                  "Total Cost": 34748.95,
                                                  "Plan Rows": 599895,
                                                  "Plan Width": 48,
                                                  "parent": 24,
                                                  "ID": 26
                                                }
                                              ],
                                              "parent": 23,
                                              "ID": 24,
                                              "left": 25,
                                              "right": 26
                                            },
                                            {
                                              "Node Type": "Hash",
                                              "Parent Relationship": "Inner",
                                              "Parallel Aware": true,
                                              "Async Capable": false,
                                              "Startup Cost": 2049.55,
                                              "Total Cost": 2049.55,
                                              "Plan Rows": 8,
                                              "Plan Width": 4,
                                              "Plans": [
                                                {
                                                  "Node Type": "Seq Scan",
                                                  "Parent Relationship": "Outer",
                                                  "Parallel Aware": true,
                                                  "Async Capable": false,
                                                  "Relation Name": "date_dim",
                                                  "Alias": "date_dim_1",
                                                  "Startup Cost": 0.0,
                                                  "Total Cost": 2049.55,
                                                  "Plan Rows": 8,
                                                  "Plan Width": 4,
                                                  "Filter": "((d_date >= '1998-08-12'::date) AND (d_date <= '1998-08-26 00:00:00'::timestamp without time zone))",
                                                  "parent": 27,
                                                  "ID": 28
                                                }
                                              ],
                                              "parent": 23,
                                              "ID": 27,
                                              "left": 28
                                            }
                                          ],
                                          "parent": 22,
                                          "ID": 23,
                                          "left": 24,
                                          "right": 27
                                        },
                                        {
                                          "Node Type": "Hash",
                                          "Parent Relationship": "Inner",
                                          "Parallel Aware": false,
                                          "Async Capable": false,
                                          "Startup Cost": 368.0,
                                          "Total Cost": 368.0,
                                          "Plan Rows": 12000,
                                          "Plan Width": 21,
                                          "Plans": [
                                            {
                                              "Node Type": "Seq Scan",
                                              "Parent Relationship": "Outer",
                                              "Parallel Aware": false,
                                              "Async Capable": false,
                                              "Relation Name": "catalog_page",
                                              "Alias": "catalog_page",
                                              "Startup Cost": 0.0,
                                              "Total Cost": 368.0,
                                              "Plan Rows": 12000,
                                              "Plan Width": 21,
                                              "parent": 29,
                                              "ID": 30
                                            }
                                          ],
                                          "parent": 22,
                                          "ID": 29,
                                          "left": 30
                                        }
                                      ],
                                      "parent": 21,
                                      "ID": 22,
                                      "left": 23,
                                      "right": 29
                                    }
                                  ],
                                  "parent": 20,
                                  "ID": 21,
                                  "left": 22
                                }
                              ],
                              "parent": 19,
                              "ID": 20,
                              "left": 21
                            }
                          ],
                          "parent": 18,
                          "ID": 19,
                          "left": 20
                        }
                      ],
                      "parent": 3,
                      "ID": 18,
                      "left": 19
                    },
                    {
                      "Node Type": "Subquery Scan",
                      "Parent Relationship": "Member",
                      "Parallel Aware": false,
                      "Async Capable": false,
                      "Alias": "wsr",
                      "Startup Cost": 594058.45,
                      "Total Cost": 594067.44,
                      "Plan Rows": 21,
                      "Plan Width": 160,
                      "Plans": [
                        {
                          "Node Type": "Aggregate",
                          "Strategy": "Sorted",
                          "Partial Mode": "Finalize",
                          "Parent Relationship": "Subquery",
                          "Parallel Aware": false,
                          "Async Capable": false,
                          "Startup Cost": 594058.45,
                          "Total Cost": 594067.07,
                          "Plan Rows": 21,
                          "Plan Width": 145,
                          "Group Key": [
                            "web_site.web_site_id"
                          ],
                          "Plans": [
                            {
                              "Node Type": "Gather Merge",
                              "Parent Relationship": "Outer",
                              "Parallel Aware": false,
                              "Async Capable": false,
                              "Startup Cost": 594058.45,
                              "Total Cost": 594065.71,
                              "Plan Rows": 42,
                              "Plan Width": 145,
                              "Workers Planned": 2,
                              "Plans": [
                                {
                                  "Node Type": "Aggregate",
                                  "Strategy": "Sorted",
                                  "Partial Mode": "Partial",
                                  "Parent Relationship": "Outer",
                                  "Parallel Aware": false,
                                  "Async Capable": false,
                                  "Startup Cost": 593058.42,
                                  "Total Cost": 593060.84,
                                  "Plan Rows": 21,
                                  "Plan Width": 145,
                                  "Group Key": [
                                    "web_site.web_site_id"
                                  ],
                                  "Plans": [
                                    {
                                      "Node Type": "Sort",
                                      "Parent Relationship": "Outer",
                                      "Parallel Aware": false,
                                      "Async Capable": false,
                                      "Startup Cost": 593058.42,
                                      "Total Cost": 593058.75,
                                      "Plan Rows": 133,
                                      "Plan Width": 57,
                                      "Sort Key": [
                                        "web_site.web_site_id"
                                      ],
                                      "Plans": [
                                        {
                                          "Node Type": "Hash Join",
                                          "Parent Relationship": "Outer",
                                          "Parallel Aware": false,
                                          "Async Capable": false,
                                          "Join Type": "Inner",
                                          "Startup Cost": 2053.6,
                                          "Total Cost": 593053.73,
                                          "Plan Rows": 133,
                                          "Plan Width": 57,
                                          "Inner Unique": false,
                                          "Hash Cond": "(\"*SELECT* 2\".wsr_web_site_sk = web_site.web_site_sk)",
                                          "Plans": [
                                            {
                                              "Node Type": "Hash Join",
                                              "Parent Relationship": "Outer",
                                              "Parallel Aware": true,
                                              "Async Capable": false,
                                              "Join Type": "Inner",
                                              "Startup Cost": 2049.65,
                                              "Total Cost": 593046.09,
                                              "Plan Rows": 632,
                                              "Plan Width": 44,
                                              "Inner Unique": false,
                                              "Hash Cond": "(\"*SELECT* 2\".date_sk = date_dim_2.d_date_sk)",
                                              "Plans": [
                                                {
                                                  "Node Type": "Append",
                                                  "Parent Relationship": "Outer",
                                                  "Parallel Aware": true,
                                                  "Async Capable": false,
                                                  "Startup Cost": 0.0,
                                                  "Total Cost": 577049.1,
                                                  "Plan Rows": 3718203,
                                                  "Plan Width": 48,
                                                  "Subplans Removed": 0,
                                                  "Plans": [
                                                    {
                                                      "Node Type": "Subquery Scan",
                                                      "Parent Relationship": "Member",
                                                      "Parallel Aware": false,
                                                      "Async Capable": false,
                                                      "Alias": "*SELECT* 2",
                                                      "Startup Cost": 277366.65,
                                                      "Total Cost": 340720.23,
                                                      "Plan Rows": 719217,
                                                      "Plan Width": 48,
                                                      "Plans": [
                                                        {
                                                          "Node Type": "Hash Join",
                                                          "Parent Relationship": "Subquery",
                                                          "Parallel Aware": true,
                                                          "Async Capable": false,
                                                          "Join Type": "Left",
                                                          "Startup Cost": 277366.65,
                                                          "Total Cost": 333528.06,
                                                          "Plan Rows": 299674,
                                                          "Plan Width": 48,
                                                          "Inner Unique": false,
                                                          "Hash Cond": "((web_returns.wr_item_sk = web_sales_1.ws_item_sk) AND (web_returns.wr_order_number = web_sales_1.ws_order_number))",
                                                          "Plans": [
                                                            {
                                                              "Node Type": "Seq Scan",
                                                              "Parent Relationship": "Outer",
                                                              "Parallel Aware": true,
                                                              "Async Capable": false,
                                                              "Relation Name": "web_returns",
                                                              "Alias": "web_returns",
                                                              "Startup Cost": 0.0,
                                                              "Total Cost": 16278.74,
                                                              "Plan Rows": 299674,
                                                              "Plan Width": 24,
                                                              "parent": 40,
                                                              "ID": 41
                                                            },
                                                            {
                                                              "Node Type": "Hash",
                                                              "Parent Relationship": "Inner",
                                                              "Parallel Aware": true,
                                                              "Async Capable": false,
                                                              "Startup Cost": 217737.86,
                                                              "Total Cost": 217737.86,
                                                              "Plan Rows": 2998986,
                                                              "Plan Width": 12,
                                                              "Plans": [
                                                                {
                                                                  "Node Type": "Seq Scan",
                                                                  "Parent Relationship": "Outer",
                                                                  "Parallel Aware": true,
                                                                  "Async Capable": false,
                                                                  "Relation Name": "web_sales",
                                                                  "Alias": "web_sales_1",
                                                                  "Startup Cost": 0.0,
                                                                  "Total Cost": 217737.86,
                                                                  "Plan Rows": 2998986,
                                                                  "Plan Width": 12,
                                                                  "parent": 42,
                                                                  "ID": 43
                                                                }
                                                              ],
                                                              "parent": 40,
                                                              "ID": 42,
                                                              "left": 43
                                                            }
                                                          ],
                                                          "parent": 39,
                                                          "ID": 40,
                                                          "left": 41,
                                                          "right": 42
                                                        }
                                                      ],
                                                      "parent": 38,
                                                      "ID": 39,
                                                      "left": 40
                                                    },
                                                    {
                                                      "Node Type": "Seq Scan",
                                                      "Parent Relationship": "Member",
                                                      "Parallel Aware": true,
                                                      "Async Capable": false,
                                                      "Relation Name": "web_sales",
                                                      "Alias": "web_sales",
                                                      "Startup Cost": 0.0,
                                                      "Total Cost": 217737.86,
                                                      "Plan Rows": 2998986,
                                                      "Plan Width": 48,
                                                      "parent": 38,
                                                      "ID": 44
                                                    }
                                                  ],
                                                  "parent": 37,
                                                  "ID": 38,
                                                  "left": 39,
                                                  "right": 44
                                                },
                                                {
                                                  "Node Type": "Hash",
                                                  "Parent Relationship": "Inner",
                                                  "Parallel Aware": true,
                                                  "Async Capable": false,
                                                  "Startup Cost": 2049.55,
                                                  "Total Cost": 2049.55,
                                                  "Plan Rows": 8,
                                                  "Plan Width": 4,
                                                  "Plans": [
                                                    {
                                                      "Node Type": "Seq Scan",
                                                      "Parent Relationship": "Outer",
                                                      "Parallel Aware": true,
                                                      "Async Capable": false,
                                                      "Relation Name": "date_dim",
                                                      "Alias": "date_dim_2",
                                                      "Startup Cost": 0.0,
                                                      "Total Cost": 2049.55,
                                                      "Plan Rows": 8,
                                                      "Plan Width": 4,
                                                      "Filter": "((d_date >= '1998-08-12'::date) AND (d_date <= '1998-08-26 00:00:00'::timestamp without time zone))",
                                                      "parent": 45,
                                                      "ID": 46
                                                    }
                                                  ],
                                                  "parent": 37,
                                                  "ID": 45,
                                                  "left": 46
                                                }
                                              ],
                                              "parent": 36,
                                              "ID": 37,
                                              "left": 38,
                                              "right": 45
                                            },
                                            {
                                              "Node Type": "Hash",
                                              "Parent Relationship": "Inner",
                                              "Parallel Aware": false,
                                              "Async Capable": false,
                                              "Startup Cost": 3.42,
                                              "Total Cost": 3.42,
                                              "Plan Rows": 42,
                                              "Plan Width": 21,
                                              "Plans": [
                                                {
                                                  "Node Type": "Seq Scan",
                                                  "Parent Relationship": "Outer",
                                                  "Parallel Aware": false,
                                                  "Async Capable": false,
                                                  "Relation Name": "web_site",
                                                  "Alias": "web_site",
                                                  "Startup Cost": 0.0,
                                                  "Total Cost": 3.42,
                                                  "Plan Rows": 42,
                                                  "Plan Width": 21,
                                                  "parent": 47,
                                                  "ID": 48
                                                }
                                              ],
                                              "parent": 36,
                                              "ID": 47,
                                              "left": 48
                                            }
                                          ],
                                          "parent": 35,
                                          "ID": 36,
                                          "left": 37,
                                          "right": 47
                                        }
                                      ],
                                      "parent": 34,
                                      "ID": 35,
                                      "left": 36
                                    }
                                  ],
                                  "parent": 33,
                                  "ID": 34,
                                  "left": 35
                                }
                              ],
                              "parent": 32,
                              "ID": 33,
                              "left": 34
                            }
                          ],
                          "parent": 31,
                          "ID": 32,
                          "left": 33
                        }
                      ],
                      "parent": 3,
                      "ID": 31,
                      "left": 32
                    }
                  ],
                  "parent": 2,
                  "ID": 3,
                  "left": 4,
                  "right": 18
                }
              ],
              "parent": 1,
              "ID": 2,
              "left": 3
            }
          ],
          "parent": 0,
          "ID": 1,
          "left": 2
        }
      ],
      "parent": null,
      "ID": 0,
      "left": 1
    },
    "feat": {
      "utility": 0.0,
      "query_shape": [
        [
          "Seq Scan",
          "Append",
          "Hash Join",
          "Sort",
          "Aggregate",
          "Gather Merge",
          "Subquery Scan"
        ],
        [
          "Seq Scan",
          "Append",
          "Hash Join",
          "Sort",
          "Aggregate",
          "Gather Merge",
          "Subquery Scan"
        ],
        [
          "Seq Scan",
          "Hash",
          "Hash Join",
          "Sort",
          "Aggregate",
          "Gather Merge",
          "Subquery Scan",
          "Append"
        ],
        [
          "Seq Scan",
          "Hash",
          "Hash Join",
          "Sort",
          "Aggregate",
          "Gather Merge",
          "Subquery Scan",
          "Append"
        ],
        [
          "Seq Scan",
          "Append",
          "Hash Join",
          "Sort",
          "Gather Merge",
          "Aggregate",
          "Subquery Scan"
        ],
        [
          "Seq Scan",
          "Append",
          "Hash Join",
          "Sort",
          "Gather Merge",
          "Aggregate",
          "Subquery Scan"
        ],
        [
          "Seq Scan",
          "Hash",
          "Hash Join",
          "Sort",
          "Gather Merge",
          "Aggregate",
          "Subquery Scan",
          "Append"
        ],
        [
          "Seq Scan",
          "Hash",
          "Hash Join",
          "Sort",
          "Gather Merge",
          "Aggregate",
          "Subquery Scan",
          "Append"
        ],
        [
          "Seq Scan",
          "Hash Join",
          "Subquery Scan",
          "Append",
          "Sort",
          "Aggregate",
          "Gather Merge"
        ],
        [
          "Seq Scan",
          "Hash",
          "Hash Join",
          "Subquery Scan",
          "Append",
          "Sort",
          "Aggregate",
          "Gather Merge"
        ],
        [
          "Seq Scan",
          "Append",
          "Hash Join",
          "Sort",
          "Aggregate",
          "Gather Merge",
          "Subquery Scan"
        ],
        [
          "Seq Scan",
          "Hash",
          "Hash Join",
          "Sort",
          "Aggregate",
          "Gather Merge",
          "Subquery Scan",
          "Append"
        ],
        [
          "Seq Scan",
          "Hash",
          "Hash Join",
          "Sort",
          "Aggregate",
          "Gather Merge",
          "Subquery Scan",
          "Append"
        ]
      ],
      "index_shape": [],
      "physical_operator": {}
    }
  },
  {
    "query": "with ssr as\n (select s_store_id,\n        sum(sales_price) as sales,\n        sum(profit) as profit,\n        sum(return_amt) as returns,\n        sum(net_loss) as profit_loss\n from\n  ( select  ss_store_sk as store_sk,\n            ss_sold_date_sk  as date_sk,\n            ss_ext_sales_price as sales_price,\n            ss_net_profit as profit,\n            cast(0 as decimal(7,2)) as return_amt,\n            cast(0 as decimal(7,2)) as net_loss\n    from store_sales\n    union all\n    select sr_store_sk as store_sk,\n           sr_returned_date_sk as date_sk,\n           cast(0 as decimal(7,2)) as sales_price,\n           cast(0 as decimal(7,2)) as profit,\n           sr_return_amt as return_amt,\n           sr_net_loss as net_loss\n    from store_returns\n   ) salesreturns,\n     date_dim,\n     store\n where date_sk = d_date_sk\n       and d_date between cast('1998-08-12' as date) \n                  and (cast('1998-08-12' as date) +  interval '14 days')\n       and store_sk = s_store_sk\n group by s_store_id)\n ,\n csr as\n (select cp_catalog_page_id,\n        sum(sales_price) as sales,\n        sum(profit) as profit,\n        sum(return_amt) as returns,\n        sum(net_loss) as profit_loss\n from\n  ( select  cs_catalog_page_sk as page_sk,\n            cs_sold_date_sk  as date_sk,\n            cs_ext_sales_price as sales_price,\n            cs_net_profit as profit,\n            cast(0 as decimal(7,2)) as return_amt,\n            cast(0 as decimal(7,2)) as net_loss\n    from catalog_sales\n    union all\n    select cr_catalog_page_sk as page_sk,\n           cr_returned_date_sk as date_sk,\n           cast(0 as decimal(7,2)) as sales_price,\n           cast(0 as decimal(7,2)) as profit,\n           cr_return_amount as return_amt,\n           cr_net_loss as net_loss\n    from catalog_returns\n   ) salesreturns,\n     date_dim,\n     catalog_page\n where date_sk = d_date_sk\n       and d_date between cast('1998-08-12' as date)\n                  and (cast('1998-08-12' as date) +  interval '14 days')\n       and page_sk = cp_catalog_page_sk\n group by cp_catalog_page_id)\n ,\n wsr as\n (select web_site_id,\n        sum(sales_price) as sales,\n        sum(profit) as profit,\n        sum(return_amt) as returns,\n        sum(net_loss) as profit_loss\n from\n  ( select  ws_web_site_sk as wsr_web_site_sk,\n            ws_sold_date_sk  as date_sk,\n            ws_ext_sales_price as sales_price,\n            ws_net_profit as profit,\n            cast(0 as decimal(7,2)) as return_amt,\n            cast(0 as decimal(7,2)) as net_loss\n    from web_sales\n    union all\n    select ws_web_site_sk as wsr_web_site_sk,\n           wr_returned_date_sk as date_sk,\n           cast(0 as decimal(7,2)) as sales_price,\n           cast(0 as decimal(7,2)) as profit,\n           wr_return_amt as return_amt,\n           wr_net_loss as net_loss\n    from web_returns left outer join web_sales on\n         ( wr_item_sk = ws_item_sk\n           and wr_order_number = ws_order_number)\n   ) salesreturns,\n     date_dim,\n     web_site\n where date_sk = d_date_sk\n       and d_date between cast('1998-08-12' as date)\n                  and (cast('1998-08-12' as date) +  interval '14 days')\n       and wsr_web_site_sk = web_site_sk\n group by web_site_id)\n  select  channel\n        , id\n        , sum(sales) as sales\n        , sum(returns) as returns\n        , sum(profit) as profit\n from \n (select 'store channel' as channel\n        , 'store' || s_store_id as id\n        , sales\n        , returns\n        , (profit - profit_loss) as profit\n from   ssr\n union all\n select 'catalog channel' as channel\n        , 'catalog_page' || cp_catalog_page_id as id\n        , sales\n        , returns\n        , (profit - profit_loss) as profit\n from  csr\n union all\n select 'web channel' as channel\n        , 'web_site' || web_site_id as id\n        , sales\n        , returns\n        , (profit - profit_loss) as profit\n from   wsr\n ) x\n group by rollup (channel, id)\n order by channel\n         ,id\n limit 100;\n\n-- end query 3 in stream 0 using template query5.tpl\n",
    "indexes": "web_sales.ws_order_number",
    "wo plan est": {
      "Node Type": "Limit",
      "Parallel Aware": false,
      "Async Capable": false,
      "Startup Cost": 1940046.82,
      "Total Cost": 1940047.07,
      "Plan Rows": 100,
      "Plan Width": 160,
      "Plans": [
        {
          "Node Type": "Sort",
          "Parent Relationship": "Outer",
          "Parallel Aware": false,
          "Async Capable": false,
          "Startup Cost": 1940046.82,
          "Total Cost": 1940048.1,
          "Plan Rows": 512,
          "Plan Width": 160,
          "Sort Key": [
            "('store channel'::text)",
            "(('store'::text || (ssr.s_store_id)::text))"
          ],
          "Plans": [
            {
              "Node Type": "Aggregate",
              "Strategy": "Mixed",
              "Partial Mode": "Simple",
              "Parent Relationship": "Outer",
              "Parallel Aware": false,
              "Async Capable": false,
              "Startup Cost": 815451.97,
              "Total Cost": 1940027.26,
              "Plan Rows": 512,
              "Plan Width": 160,
              "Grouping Sets": [
                {
                  "Hash Keys": [
                    [
                      "('store channel'::text)",
                      "(('store'::text || (ssr.s_store_id)::text))"
                    ]
                  ]
                },
                {
                  "Hash Keys": [
                    [
                      "('store channel'::text)"
                    ]
                  ]
                },
                {
                  "Group Keys": [
                    []
                  ]
                }
              ],
              "Planned Partitions": 0,
              "Plans": [
                {
                  "Node Type": "Append",
                  "Parent Relationship": "Outer",
                  "Parallel Aware": false,
                  "Async Capable": false,
                  "Startup Cost": 815451.97,
                  "Total Cost": 1939925.06,
                  "Plan Rows": 3108,
                  "Plan Width": 160,
                  "Subplans Removed": 0,
                  "Plans": [
                    {
                      "Node Type": "Subquery Scan",
                      "Parent Relationship": "Member",
                      "Parallel Aware": false,
                      "Async Capable": false,
                      "Alias": "ssr",
                      "Startup Cost": 815451.97,
                      "Total Cost": 815488.32,
                      "Plan Rows": 51,
                      "Plan Width": 160,
                      "Plans": [
                        {
                          "Node Type": "Aggregate",
                          "Strategy": "Sorted",
                          "Partial Mode": "Finalize",
                          "Parent Relationship": "Subquery",
                          "Parallel Aware": false,
                          "Async Capable": false,
                          "Startup Cost": 815451.97,
                          "Total Cost": 815487.43,
                          "Plan Rows": 51,
                          "Plan Width": 145,
                          "Group Key": [
                            "store.s_store_id"
                          ],
                          "Plans": [
                            {
                              "Node Type": "Gather Merge",
                              "Parent Relationship": "Outer",
                              "Parallel Aware": false,
                              "Async Capable": false,
                              "Startup Cost": 815451.97,
                              "Total Cost": 815484.12,
                              "Plan Rows": 102,
                              "Plan Width": 145,
                              "Workers Planned": 2,
                              "Plans": [
                                {
                                  "Node Type": "Aggregate",
                                  "Strategy": "Sorted",
                                  "Partial Mode": "Partial",
                                  "Parent Relationship": "Outer",
                                  "Parallel Aware": false,
                                  "Async Capable": false,
                                  "Startup Cost": 814451.95,
                                  "Total Cost": 814472.32,
                                  "Plan Rows": 51,
                                  "Plan Width": 145,
                                  "Group Key": [
                                    "store.s_store_id"
                                  ],
                                  "Plans": [
                                    {
                                      "Node Type": "Sort",
                                      "Parent Relationship": "Outer",
                                      "Parallel Aware": false,
                                      "Async Capable": false,
                                      "Startup Cost": 814451.95,
                                      "Total Cost": 814455.17,
                                      "Plan Rows": 1290,
                                      "Plan Width": 57,
                                      "Sort Key": [
                                        "store.s_store_id"
                                      ],
                                      "Plans": [
                                        {
                                          "Node Type": "Hash Join",
                                          "Parent Relationship": "Outer",
                                          "Parallel Aware": false,
                                          "Async Capable": false,
                                          "Join Type": "Inner",
                                          "Startup Cost": 2056.95,
                                          "Total Cost": 814385.3,
                                          "Plan Rows": 1290,
                                          "Plan Width": 57,
                                          "Inner Unique": false,
                                          "Hash Cond": "(store_sales.ss_store_sk = store.s_store_sk)",
                                          "Plans": [
                                            {
                                              "Node Type": "Hash Join",
                                              "Parent Relationship": "Outer",
                                              "Parallel Aware": true,
                                              "Async Capable": false,
                                              "Join Type": "Inner",
                                              "Startup Cost": 2049.65,
                                              "Total Cost": 814355.62,
                                              "Plan Rows": 2530,
                                              "Plan Width": 44,
                                              "Inner Unique": false,
                                              "Hash Cond": "(store_sales.ss_sold_date_sk = date_dim.d_date_sk)",
                                              "Plans": [
                                                {
                                                  "Node Type": "Append",
                                                  "Parent Relationship": "Outer",
                                                  "Parallel Aware": true,
                                                  "Async Capable": false,
                                                  "Startup Cost": 0.0,
                                                  "Total Cost": 762796.01,
                                                  "Plan Rows": 13198801,
                                                  "Plan Width": 48,
                                                  "Subplans Removed": 0,
                                                  "Plans": [
                                                    {
                                                      "Node Type": "Seq Scan",
                                                      "Parent Relationship": "Member",
                                                      "Parallel Aware": true,
                                                      "Async Capable": false,
                                                      "Relation Name": "store_sales",
                                                      "Alias": "store_sales",
                                                      "Startup Cost": 0.0,
                                                      "Total Cost": 636914.37,
                                                      "Plan Rows": 12000637,
                                                      "Plan Width": 48,
                                                      "parent": 11,
                                                      "ID": 12
                                                    },
                                                    {
                                                      "Node Type": "Seq Scan",
                                                      "Parent Relationship": "Member",
                                                      "Parallel Aware": true,
                                                      "Async Capable": false,
                                                      "Relation Name": "store_returns",
                                                      "Alias": "store_returns",
                                                      "Startup Cost": 0.0,
                                                      "Total Cost": 59887.64,
                                                      "Plan Rows": 1198164,
                                                      "Plan Width": 48,
                                                      "parent": 11,
                                                      "ID": 13
                                                    }
                                                  ],
                                                  "parent": 10,
                                                  "ID": 11,
                                                  "left": 12,
                                                  "right": 13
                                                },
                                                {
                                                  "Node Type": "Hash",
                                                  "Parent Relationship": "Inner",
                                                  "Parallel Aware": true,
                                                  "Async Capable": false,
                                                  "Startup Cost": 2049.55,
                                                  "Total Cost": 2049.55,
                                                  "Plan Rows": 8,
                                                  "Plan Width": 4,
                                                  "Plans": [
                                                    {
                                                      "Node Type": "Seq Scan",
                                                      "Parent Relationship": "Outer",
                                                      "Parallel Aware": true,
                                                      "Async Capable": false,
                                                      "Relation Name": "date_dim",
                                                      "Alias": "date_dim",
                                                      "Startup Cost": 0.0,
                                                      "Total Cost": 2049.55,
                                                      "Plan Rows": 8,
                                                      "Plan Width": 4,
                                                      "Filter": "((d_date >= '1998-08-12'::date) AND (d_date <= '1998-08-26 00:00:00'::timestamp without time zone))",
                                                      "parent": 14,
                                                      "ID": 15
                                                    }
                                                  ],
                                                  "parent": 10,
                                                  "ID": 14,
                                                  "left": 15
                                                }
                                              ],
                                              "parent": 9,
                                              "ID": 10,
                                              "left": 11,
                                              "right": 14
                                            },
                                            {
                                              "Node Type": "Hash",
                                              "Parent Relationship": "Inner",
                                              "Parallel Aware": false,
                                              "Async Capable": false,
                                              "Startup Cost": 6.02,
                                              "Total Cost": 6.02,
                                              "Plan Rows": 102,
                                              "Plan Width": 21,
                                              "Plans": [
                                                {
                                                  "Node Type": "Seq Scan",
                                                  "Parent Relationship": "Outer",
                                                  "Parallel Aware": false,
                                                  "Async Capable": false,
                                                  "Relation Name": "store",
                                                  "Alias": "store",
                                                  "Startup Cost": 0.0,
                                                  "Total Cost": 6.02,
                                                  "Plan Rows": 102,
                                                  "Plan Width": 21,
                                                  "parent": 16,
                                                  "ID": 17
                                                }
                                              ],
                                              "parent": 9,
                                              "ID": 16,
                                              "left": 17
                                            }
                                          ],
                                          "parent": 8,
                                          "ID": 9,
                                          "left": 10,
                                          "right": 16
                                        }
                                      ],
                                      "parent": 7,
                                      "ID": 8,
                                      "left": 9
                                    }
                                  ],
                                  "parent": 6,
                                  "ID": 7,
                                  "left": 8
                                }
                              ],
                              "parent": 5,
                              "ID": 6,
                              "left": 7
                            }
                          ],
                          "parent": 4,
                          "ID": 5,
                          "left": 6
                        }
                      ],
                      "parent": 3,
                      "ID": 4,
                      "left": 5
                    },
                    {
                      "Node Type": "Subquery Scan",
                      "Parent Relationship": "Member",
                      "Parallel Aware": false,
                      "Async Capable": false,
                      "Alias": "csr",
                      "Startup Cost": 529848.36,
                      "Total Cost": 530353.75,
                      "Plan Rows": 3036,
                      "Plan Width": 160,
                      "Plans": [
                        {
                          "Node Type": "Aggregate",
                          "Strategy": "Sorted",
                          "Partial Mode": "Simple",
                          "Parent Relationship": "Subquery",
                          "Parallel Aware": false,
                          "Async Capable": false,
                          "Startup Cost": 529848.36,
                          "Total Cost": 530300.62,
                          "Plan Rows": 3036,
                          "Plan Width": 145,
                          "Group Key": [
                            "catalog_page.cp_catalog_page_id"
                          ],
                          "Plans": [
                            {
                              "Node Type": "Gather Merge",
                              "Parent Relationship": "Outer",
                              "Parallel Aware": false,
                              "Async Capable": false,
                              "Startup Cost": 529848.36,
                              "Total Cost": 530201.95,
                              "Plan Rows": 3036,
                              "Plan Width": 57,
                              "Workers Planned": 2,
                              "Plans": [
                                {
                                  "Node Type": "Sort",
                                  "Parent Relationship": "Outer",
                                  "Parallel Aware": false,
                                  "Async Capable": false,
                                  "Startup Cost": 528848.34,
                                  "Total Cost": 528851.5,
                                  "Plan Rows": 1265,
                                  "Plan Width": 57,
                                  "Sort Key": [
                                    "catalog_page.cp_catalog_page_id"
                                  ],
                                  "Plans": [
                                    {
                                      "Node Type": "Hash Join",
                                      "Parent Relationship": "Outer",
                                      "Parallel Aware": false,
                                      "Async Capable": false,
                                      "Join Type": "Inner",
                                      "Startup Cost": 2567.65,
                                      "Total Cost": 528783.16,
                                      "Plan Rows": 1265,
                                      "Plan Width": 57,
                                      "Inner Unique": false,
                                      "Hash Cond": "(catalog_sales.cs_catalog_page_sk = catalog_page.cp_catalog_page_sk)",
                                      "Plans": [
                                        {
                                          "Node Type": "Hash Join",
                                          "Parent Relationship": "Outer",
                                          "Parallel Aware": true,
                                          "Async Capable": false,
                                          "Join Type": "Inner",
                                          "Startup Cost": 2049.65,
                                          "Total Cost": 528247.76,
                                          "Plan Rows": 1265,
                                          "Plan Width": 44,
                                          "Inner Unique": false,
                                          "Hash Cond": "(catalog_sales.cs_sold_date_sk = date_dim_1.d_date_sk)",
                                          "Plans": [
                                            {
                                              "Node Type": "Append",
                                              "Parent Relationship": "Outer",
                                              "Parallel Aware": true,
                                              "Async Capable": false,
                                              "Startup Cost": 0.0,
                                              "Total Cost": 501439.31,
                                              "Plan Rows": 6600420,
                                              "Plan Width": 48,
                                              "Subplans Removed": 0,
                                              "Plans": [
                                                {
                                                  "Node Type": "Seq Scan",
                                                  "Parent Relationship": "Member",
                                                  "Parallel Aware": true,
                                                  "Async Capable": false,
                                                  "Relation Name": "catalog_sales",
                                                  "Alias": "catalog_sales",
                                                  "Startup Cost": 0.0,
                                                  "Total Cost": 433688.25,
                                                  "Plan Rows": 6000525,
                                                  "Plan Width": 48,
                                                  "parent": 24,
                                                  "ID": 25
                                                },
                                                {
                                                  "Node Type": "Seq Scan",
                                                  "Parent Relationship": "Member",
                                                  "Parallel Aware": true,
                                                  "Async Capable": false,
                                                  "Relation Name": "catalog_returns",
                                                  "Alias": "catalog_returns",
                                                  "Startup Cost": 0.0,
                                                  "Total Cost": 34748.95,
                                                  "Plan Rows": 599895,
                                                  "Plan Width": 48,
                                                  "parent": 24,
                                                  "ID": 26
                                                }
                                              ],
                                              "parent": 23,
                                              "ID": 24,
                                              "left": 25,
                                              "right": 26
                                            },
                                            {
                                              "Node Type": "Hash",
                                              "Parent Relationship": "Inner",
                                              "Parallel Aware": true,
                                              "Async Capable": false,
                                              "Startup Cost": 2049.55,
                                              "Total Cost": 2049.55,
                                              "Plan Rows": 8,
                                              "Plan Width": 4,
                                              "Plans": [
                                                {
                                                  "Node Type": "Seq Scan",
                                                  "Parent Relationship": "Outer",
                                                  "Parallel Aware": true,
                                                  "Async Capable": false,
                                                  "Relation Name": "date_dim",
                                                  "Alias": "date_dim_1",
                                                  "Startup Cost": 0.0,
                                                  "Total Cost": 2049.55,
                                                  "Plan Rows": 8,
                                                  "Plan Width": 4,
                                                  "Filter": "((d_date >= '1998-08-12'::date) AND (d_date <= '1998-08-26 00:00:00'::timestamp without time zone))",
                                                  "parent": 27,
                                                  "ID": 28
                                                }
                                              ],
                                              "parent": 23,
                                              "ID": 27,
                                              "left": 28
                                            }
                                          ],
                                          "parent": 22,
                                          "ID": 23,
                                          "left": 24,
                                          "right": 27
                                        },
                                        {
                                          "Node Type": "Hash",
                                          "Parent Relationship": "Inner",
                                          "Parallel Aware": false,
                                          "Async Capable": false,
                                          "Startup Cost": 368.0,
                                          "Total Cost": 368.0,
                                          "Plan Rows": 12000,
                                          "Plan Width": 21,
                                          "Plans": [
                                            {
                                              "Node Type": "Seq Scan",
                                              "Parent Relationship": "Outer",
                                              "Parallel Aware": false,
                                              "Async Capable": false,
                                              "Relation Name": "catalog_page",
                                              "Alias": "catalog_page",
                                              "Startup Cost": 0.0,
                                              "Total Cost": 368.0,
                                              "Plan Rows": 12000,
                                              "Plan Width": 21,
                                              "parent": 29,
                                              "ID": 30
                                            }
                                          ],
                                          "parent": 22,
                                          "ID": 29,
                                          "left": 30
                                        }
                                      ],
                                      "parent": 21,
                                      "ID": 22,
                                      "left": 23,
                                      "right": 29
                                    }
                                  ],
                                  "parent": 20,
                                  "ID": 21,
                                  "left": 22
                                }
                              ],
                              "parent": 19,
                              "ID": 20,
                              "left": 21
                            }
                          ],
                          "parent": 18,
                          "ID": 19,
                          "left": 20
                        }
                      ],
                      "parent": 3,
                      "ID": 18,
                      "left": 19
                    },
                    {
                      "Node Type": "Subquery Scan",
                      "Parent Relationship": "Member",
                      "Parallel Aware": false,
                      "Async Capable": false,
                      "Alias": "wsr",
                      "Startup Cost": 594058.45,
                      "Total Cost": 594067.44,
                      "Plan Rows": 21,
                      "Plan Width": 160,
                      "Plans": [
                        {
                          "Node Type": "Aggregate",
                          "Strategy": "Sorted",
                          "Partial Mode": "Finalize",
                          "Parent Relationship": "Subquery",
                          "Parallel Aware": false,
                          "Async Capable": false,
                          "Startup Cost": 594058.45,
                          "Total Cost": 594067.07,
                          "Plan Rows": 21,
                          "Plan Width": 145,
                          "Group Key": [
                            "web_site.web_site_id"
                          ],
                          "Plans": [
                            {
                              "Node Type": "Gather Merge",
                              "Parent Relationship": "Outer",
                              "Parallel Aware": false,
                              "Async Capable": false,
                              "Startup Cost": 594058.45,
                              "Total Cost": 594065.71,
                              "Plan Rows": 42,
                              "Plan Width": 145,
                              "Workers Planned": 2,
                              "Plans": [
                                {
                                  "Node Type": "Aggregate",
                                  "Strategy": "Sorted",
                                  "Partial Mode": "Partial",
                                  "Parent Relationship": "Outer",
                                  "Parallel Aware": false,
                                  "Async Capable": false,
                                  "Startup Cost": 593058.42,
                                  "Total Cost": 593060.84,
                                  "Plan Rows": 21,
                                  "Plan Width": 145,
                                  "Group Key": [
                                    "web_site.web_site_id"
                                  ],
                                  "Plans": [
                                    {
                                      "Node Type": "Sort",
                                      "Parent Relationship": "Outer",
                                      "Parallel Aware": false,
                                      "Async Capable": false,
                                      "Startup Cost": 593058.42,
                                      "Total Cost": 593058.75,
                                      "Plan Rows": 133,
                                      "Plan Width": 57,
                                      "Sort Key": [
                                        "web_site.web_site_id"
                                      ],
                                      "Plans": [
                                        {
                                          "Node Type": "Hash Join",
                                          "Parent Relationship": "Outer",
                                          "Parallel Aware": false,
                                          "Async Capable": false,
                                          "Join Type": "Inner",
                                          "Startup Cost": 2053.6,
                                          "Total Cost": 593053.73,
                                          "Plan Rows": 133,
                                          "Plan Width": 57,
                                          "Inner Unique": false,
                                          "Hash Cond": "(\"*SELECT* 2\".wsr_web_site_sk = web_site.web_site_sk)",
                                          "Plans": [
                                            {
                                              "Node Type": "Hash Join",
                                              "Parent Relationship": "Outer",
                                              "Parallel Aware": true,
                                              "Async Capable": false,
                                              "Join Type": "Inner",
                                              "Startup Cost": 2049.65,
                                              "Total Cost": 593046.09,
                                              "Plan Rows": 632,
                                              "Plan Width": 44,
                                              "Inner Unique": false,
                                              "Hash Cond": "(\"*SELECT* 2\".date_sk = date_dim_2.d_date_sk)",
                                              "Plans": [
                                                {
                                                  "Node Type": "Append",
                                                  "Parent Relationship": "Outer",
                                                  "Parallel Aware": true,
                                                  "Async Capable": false,
                                                  "Startup Cost": 0.0,
                                                  "Total Cost": 577049.1,
                                                  "Plan Rows": 3718203,
                                                  "Plan Width": 48,
                                                  "Subplans Removed": 0,
                                                  "Plans": [
                                                    {
                                                      "Node Type": "Subquery Scan",
                                                      "Parent Relationship": "Member",
                                                      "Parallel Aware": false,
                                                      "Async Capable": false,
                                                      "Alias": "*SELECT* 2",
                                                      "Startup Cost": 277366.65,
                                                      "Total Cost": 340720.23,
                                                      "Plan Rows": 719217,
                                                      "Plan Width": 48,
                                                      "Plans": [
                                                        {
                                                          "Node Type": "Hash Join",
                                                          "Parent Relationship": "Subquery",
                                                          "Parallel Aware": true,
                                                          "Async Capable": false,
                                                          "Join Type": "Left",
                                                          "Startup Cost": 277366.65,
                                                          "Total Cost": 333528.06,
                                                          "Plan Rows": 299674,
                                                          "Plan Width": 48,
                                                          "Inner Unique": false,
                                                          "Hash Cond": "((web_returns.wr_item_sk = web_sales_1.ws_item_sk) AND (web_returns.wr_order_number = web_sales_1.ws_order_number))",
                                                          "Plans": [
                                                            {
                                                              "Node Type": "Seq Scan",
                                                              "Parent Relationship": "Outer",
                                                              "Parallel Aware": true,
                                                              "Async Capable": false,
                                                              "Relation Name": "web_returns",
                                                              "Alias": "web_returns",
                                                              "Startup Cost": 0.0,
                                                              "Total Cost": 16278.74,
                                                              "Plan Rows": 299674,
                                                              "Plan Width": 24,
                                                              "parent": 40,
                                                              "ID": 41
                                                            },
                                                            {
                                                              "Node Type": "Hash",
                                                              "Parent Relationship": "Inner",
                                                              "Parallel Aware": true,
                                                              "Async Capable": false,
                                                              "Startup Cost": 217737.86,
                                                              "Total Cost": 217737.86,
                                                              "Plan Rows": 2998986,
                                                              "Plan Width": 12,
                                                              "Plans": [
                                                                {
                                                                  "Node Type": "Seq Scan",
                                                                  "Parent Relationship": "Outer",
                                                                  "Parallel Aware": true,
                                                                  "Async Capable": false,
                                                                  "Relation Name": "web_sales",
                                                                  "Alias": "web_sales_1",
                                                                  "Startup Cost": 0.0,
                                                                  "Total Cost": 217737.86,
                                                                  "Plan Rows": 2998986,
                                                                  "Plan Width": 12,
                                                                  "parent": 42,
                                                                  "ID": 43
                                                                }
                                                              ],
                                                              "parent": 40,
                                                              "ID": 42,
                                                              "left": 43
                                                            }
                                                          ],
                                                          "parent": 39,
                                                          "ID": 40,
                                                          "left": 41,
                                                          "right": 42
                                                        }
                                                      ],
                                                      "parent": 38,
                                                      "ID": 39,
                                                      "left": 40
                                                    },
                                                    {
                                                      "Node Type": "Seq Scan",
                                                      "Parent Relationship": "Member",
                                                      "Parallel Aware": true,
                                                      "Async Capable": false,
                                                      "Relation Name": "web_sales",
                                                      "Alias": "web_sales",
                                                      "Startup Cost": 0.0,
                                                      "Total Cost": 217737.86,
                                                      "Plan Rows": 2998986,
                                                      "Plan Width": 48,
                                                      "parent": 38,
                                                      "ID": 44
                                                    }
                                                  ],
                                                  "parent": 37,
                                                  "ID": 38,
                                                  "left": 39,
                                                  "right": 44
                                                },
                                                {
                                                  "Node Type": "Hash",
                                                  "Parent Relationship": "Inner",
                                                  "Parallel Aware": true,
                                                  "Async Capable": false,
                                                  "Startup Cost": 2049.55,
                                                  "Total Cost": 2049.55,
                                                  "Plan Rows": 8,
                                                  "Plan Width": 4,
                                                  "Plans": [
                                                    {
                                                      "Node Type": "Seq Scan",
                                                      "Parent Relationship": "Outer",
                                                      "Parallel Aware": true,
                                                      "Async Capable": false,
                                                      "Relation Name": "date_dim",
                                                      "Alias": "date_dim_2",
                                                      "Startup Cost": 0.0,
                                                      "Total Cost": 2049.55,
                                                      "Plan Rows": 8,
                                                      "Plan Width": 4,
                                                      "Filter": "((d_date >= '1998-08-12'::date) AND (d_date <= '1998-08-26 00:00:00'::timestamp without time zone))",
                                                      "parent": 45,
                                                      "ID": 46
                                                    }
                                                  ],
                                                  "parent": 37,
                                                  "ID": 45,
                                                  "left": 46
                                                }
                                              ],
                                              "parent": 36,
                                              "ID": 37,
                                              "left": 38,
                                              "right": 45
                                            },
                                            {
                                              "Node Type": "Hash",
                                              "Parent Relationship": "Inner",
                                              "Parallel Aware": false,
                                              "Async Capable": false,
                                              "Startup Cost": 3.42,
                                              "Total Cost": 3.42,
                                              "Plan Rows": 42,
                                              "Plan Width": 21,
                                              "Plans": [
                                                {
                                                  "Node Type": "Seq Scan",
                                                  "Parent Relationship": "Outer",
                                                  "Parallel Aware": false,
                                                  "Async Capable": false,
                                                  "Relation Name": "web_site",
                                                  "Alias": "web_site",
                                                  "Startup Cost": 0.0,
                                                  "Total Cost": 3.42,
                                                  "Plan Rows": 42,
                                                  "Plan Width": 21,
                                                  "parent": 47,
                                                  "ID": 48
                                                }
                                              ],
                                              "parent": 36,
                                              "ID": 47,
                                              "left": 48
                                            }
                                          ],
                                          "parent": 35,
                                          "ID": 36,
                                          "left": 37,
                                          "right": 47
                                        }
                                      ],
                                      "parent": 34,
                                      "ID": 35,
                                      "left": 36
                                    }
                                  ],
                                  "parent": 33,
                                  "ID": 34,
                                  "left": 35
                                }
                              ],
                              "parent": 32,
                              "ID": 33,
                              "left": 34
                            }
                          ],
                          "parent": 31,
                          "ID": 32,
                          "left": 33
                        }
                      ],
                      "parent": 3,
                      "ID": 31,
                      "left": 32
                    }
                  ],
                  "parent": 2,
                  "ID": 3,
                  "left": 4,
                  "right": 18
                }
              ],
              "parent": 1,
              "ID": 2,
              "left": 3
            }
          ],
          "parent": 0,
          "ID": 1,
          "left": 2
        }
      ],
      "parent": null,
      "ID": 0,
      "left": 1
    },
    "feat": {
      "utility": 1.7618258758525105e-06,
      "query_shape": [
        [
          "Seq Scan",
          "Append",
          "Hash Join",
          "Sort",
          "Aggregate",
          "Gather Merge",
          "Subquery Scan"
        ],
        [
          "Seq Scan",
          "Append",
          "Hash Join",
          "Sort",
          "Aggregate",
          "Gather Merge",
          "Subquery Scan"
        ],
        [
          "Seq Scan",
          "Hash",
          "Hash Join",
          "Sort",
          "Aggregate",
          "Gather Merge",
          "Subquery Scan",
          "Append"
        ],
        [
          "Seq Scan",
          "Hash",
          "Hash Join",
          "Sort",
          "Aggregate",
          "Gather Merge",
          "Subquery Scan",
          "Append"
        ],
        [
          "Seq Scan",
          "Append",
          "Hash Join",
          "Sort",
          "Gather Merge",
          "Aggregate",
          "Subquery Scan"
        ],
        [
          "Seq Scan",
          "Append",
          "Hash Join",
          "Sort",
          "Gather Merge",
          "Aggregate",
          "Subquery Scan"
        ],
        [
          "Seq Scan",
          "Hash",
          "Hash Join",
          "Sort",
          "Gather Merge",
          "Aggregate",
          "Subquery Scan",
          "Append"
        ],
        [
          "Seq Scan",
          "Hash",
          "Hash Join",
          "Sort",
          "Gather Merge",
          "Aggregate",
          "Subquery Scan",
          "Append"
        ],
        [
          "Seq Scan",
          "Hash Join",
          "Subquery Scan",
          "Append",
          "Sort",
          "Aggregate",
          "Gather Merge"
        ],
        [
          "Seq Scan",
          "Hash",
          "Hash Join",
          "Subquery Scan",
          "Append",
          "Sort",
          "Aggregate",
          "Gather Merge"
        ],
        [
          "Seq Scan",
          "Append",
          "Hash Join",
          "Sort",
          "Aggregate",
          "Gather Merge",
          "Subquery Scan"
        ],
        [
          "Seq Scan",
          "Hash",
          "Hash Join",
          "Sort",
          "Aggregate",
          "Gather Merge",
          "Subquery Scan",
          "Append"
        ],
        [
          "Seq Scan",
          "Hash",
          "Hash Join",
          "Sort",
          "Aggregate",
          "Gather Merge",
          "Subquery Scan",
          "Append"
        ]
      ],
      "index_shape": [
        "join"
      ],
      "physical_operator": {
        "Hash Join": [
          0.0005774478661266393
        ]
      }
    }
  },
  {
    "query": "with ssr as\n (select s_store_id,\n        sum(sales_price) as sales,\n        sum(profit) as profit,\n        sum(return_amt) as returns,\n        sum(net_loss) as profit_loss\n from\n  ( select  ss_store_sk as store_sk,\n            ss_sold_date_sk  as date_sk,\n            ss_ext_sales_price as sales_price,\n            ss_net_profit as profit,\n            cast(0 as decimal(7,2)) as return_amt,\n            cast(0 as decimal(7,2)) as net_loss\n    from store_sales\n    union all\n    select sr_store_sk as store_sk,\n           sr_returned_date_sk as date_sk,\n           cast(0 as decimal(7,2)) as sales_price,\n           cast(0 as decimal(7,2)) as profit,\n           sr_return_amt as return_amt,\n           sr_net_loss as net_loss\n    from store_returns\n   ) salesreturns,\n     date_dim,\n     store\n where date_sk = d_date_sk\n       and d_date between cast('1998-08-12' as date) \n                  and (cast('1998-08-12' as date) +  interval '14 days')\n       and store_sk = s_store_sk\n group by s_store_id)\n ,\n csr as\n (select cp_catalog_page_id,\n        sum(sales_price) as sales,\n        sum(profit) as profit,\n        sum(return_amt) as returns,\n        sum(net_loss) as profit_loss\n from\n  ( select  cs_catalog_page_sk as page_sk,\n            cs_sold_date_sk  as date_sk,\n            cs_ext_sales_price as sales_price,\n            cs_net_profit as profit,\n            cast(0 as decimal(7,2)) as return_amt,\n            cast(0 as decimal(7,2)) as net_loss\n    from catalog_sales\n    union all\n    select cr_catalog_page_sk as page_sk,\n           cr_returned_date_sk as date_sk,\n           cast(0 as decimal(7,2)) as sales_price,\n           cast(0 as decimal(7,2)) as profit,\n           cr_return_amount as return_amt,\n           cr_net_loss as net_loss\n    from catalog_returns\n   ) salesreturns,\n     date_dim,\n     catalog_page\n where date_sk = d_date_sk\n       and d_date between cast('1998-08-12' as date)\n                  and (cast('1998-08-12' as date) +  interval '14 days')\n       and page_sk = cp_catalog_page_sk\n group by cp_catalog_page_id)\n ,\n wsr as\n (select web_site_id,\n        sum(sales_price) as sales,\n        sum(profit) as profit,\n        sum(return_amt) as returns,\n        sum(net_loss) as profit_loss\n from\n  ( select  ws_web_site_sk as wsr_web_site_sk,\n            ws_sold_date_sk  as date_sk,\n            ws_ext_sales_price as sales_price,\n            ws_net_profit as profit,\n            cast(0 as decimal(7,2)) as return_amt,\n            cast(0 as decimal(7,2)) as net_loss\n    from web_sales\n    union all\n    select ws_web_site_sk as wsr_web_site_sk,\n           wr_returned_date_sk as date_sk,\n           cast(0 as decimal(7,2)) as sales_price,\n           cast(0 as decimal(7,2)) as profit,\n           wr_return_amt as return_amt,\n           wr_net_loss as net_loss\n    from web_returns left outer join web_sales on\n         ( wr_item_sk = ws_item_sk\n           and wr_order_number = ws_order_number)\n   ) salesreturns,\n     date_dim,\n     web_site\n where date_sk = d_date_sk\n       and d_date between cast('1998-08-12' as date)\n                  and (cast('1998-08-12' as date) +  interval '14 days')\n       and wsr_web_site_sk = web_site_sk\n group by web_site_id)\n  select  channel\n        , id\n        , sum(sales) as sales\n        , sum(returns) as returns\n        , sum(profit) as profit\n from \n (select 'store channel' as channel\n        , 'store' || s_store_id as id\n        , sales\n        , returns\n        , (profit - profit_loss) as profit\n from   ssr\n union all\n select 'catalog channel' as channel\n        , 'catalog_page' || cp_catalog_page_id as id\n        , sales\n        , returns\n        , (profit - profit_loss) as profit\n from  csr\n union all\n select 'web channel' as channel\n        , 'web_site' || web_site_id as id\n        , sales\n        , returns\n        , (profit - profit_loss) as profit\n from   wsr\n ) x\n group by rollup (channel, id)\n order by channel\n         ,id\n limit 100;\n\n-- end query 3 in stream 0 using template query5.tpl\n",
    "indexes": "web_sales.ws_ext_sales_price",
    "wo plan est": {
      "Node Type": "Limit",
      "Parallel Aware": false,
      "Async Capable": false,
      "Startup Cost": 1940046.82,
      "Total Cost": 1940047.07,
      "Plan Rows": 100,
      "Plan Width": 160,
      "Plans": [
        {
          "Node Type": "Sort",
          "Parent Relationship": "Outer",
          "Parallel Aware": false,
          "Async Capable": false,
          "Startup Cost": 1940046.82,
          "Total Cost": 1940048.1,
          "Plan Rows": 512,
          "Plan Width": 160,
          "Sort Key": [
            "('store channel'::text)",
            "(('store'::text || (ssr.s_store_id)::text))"
          ],
          "Plans": [
            {
              "Node Type": "Aggregate",
              "Strategy": "Mixed",
              "Partial Mode": "Simple",
              "Parent Relationship": "Outer",
              "Parallel Aware": false,
              "Async Capable": false,
              "Startup Cost": 815451.97,
              "Total Cost": 1940027.26,
              "Plan Rows": 512,
              "Plan Width": 160,
              "Grouping Sets": [
                {
                  "Hash Keys": [
                    [
                      "('store channel'::text)",
                      "(('store'::text || (ssr.s_store_id)::text))"
                    ]
                  ]
                },
                {
                  "Hash Keys": [
                    [
                      "('store channel'::text)"
                    ]
                  ]
                },
                {
                  "Group Keys": [
                    []
                  ]
                }
              ],
              "Planned Partitions": 0,
              "Plans": [
                {
                  "Node Type": "Append",
                  "Parent Relationship": "Outer",
                  "Parallel Aware": false,
                  "Async Capable": false,
                  "Startup Cost": 815451.97,
                  "Total Cost": 1939925.06,
                  "Plan Rows": 3108,
                  "Plan Width": 160,
                  "Subplans Removed": 0,
                  "Plans": [
                    {
                      "Node Type": "Subquery Scan",
                      "Parent Relationship": "Member",
                      "Parallel Aware": false,
                      "Async Capable": false,
                      "Alias": "ssr",
                      "Startup Cost": 815451.97,
                      "Total Cost": 815488.32,
                      "Plan Rows": 51,
                      "Plan Width": 160,
                      "Plans": [
                        {
                          "Node Type": "Aggregate",
                          "Strategy": "Sorted",
                          "Partial Mode": "Finalize",
                          "Parent Relationship": "Subquery",
                          "Parallel Aware": false,
                          "Async Capable": false,
                          "Startup Cost": 815451.97,
                          "Total Cost": 815487.43,
                          "Plan Rows": 51,
                          "Plan Width": 145,
                          "Group Key": [
                            "store.s_store_id"
                          ],
                          "Plans": [
                            {
                              "Node Type": "Gather Merge",
                              "Parent Relationship": "Outer",
                              "Parallel Aware": false,
                              "Async Capable": false,
                              "Startup Cost": 815451.97,
                              "Total Cost": 815484.12,
                              "Plan Rows": 102,
                              "Plan Width": 145,
                              "Workers Planned": 2,
                              "Plans": [
                                {
                                  "Node Type": "Aggregate",
                                  "Strategy": "Sorted",
                                  "Partial Mode": "Partial",
                                  "Parent Relationship": "Outer",
                                  "Parallel Aware": false,
                                  "Async Capable": false,
                                  "Startup Cost": 814451.95,
                                  "Total Cost": 814472.32,
                                  "Plan Rows": 51,
                                  "Plan Width": 145,
                                  "Group Key": [
                                    "store.s_store_id"
                                  ],
                                  "Plans": [
                                    {
                                      "Node Type": "Sort",
                                      "Parent Relationship": "Outer",
                                      "Parallel Aware": false,
                                      "Async Capable": false,
                                      "Startup Cost": 814451.95,
                                      "Total Cost": 814455.17,
                                      "Plan Rows": 1290,
                                      "Plan Width": 57,
                                      "Sort Key": [
                                        "store.s_store_id"
                                      ],
                                      "Plans": [
                                        {
                                          "Node Type": "Hash Join",
                                          "Parent Relationship": "Outer",
                                          "Parallel Aware": false,
                                          "Async Capable": false,
                                          "Join Type": "Inner",
                                          "Startup Cost": 2056.95,
                                          "Total Cost": 814385.3,
                                          "Plan Rows": 1290,
                                          "Plan Width": 57,
                                          "Inner Unique": false,
                                          "Hash Cond": "(store_sales.ss_store_sk = store.s_store_sk)",
                                          "Plans": [
                                            {
                                              "Node Type": "Hash Join",
                                              "Parent Relationship": "Outer",
                                              "Parallel Aware": true,
                                              "Async Capable": false,
                                              "Join Type": "Inner",
                                              "Startup Cost": 2049.65,
                                              "Total Cost": 814355.62,
                                              "Plan Rows": 2530,
                                              "Plan Width": 44,
                                              "Inner Unique": false,
                                              "Hash Cond": "(store_sales.ss_sold_date_sk = date_dim.d_date_sk)",
                                              "Plans": [
                                                {
                                                  "Node Type": "Append",
                                                  "Parent Relationship": "Outer",
                                                  "Parallel Aware": true,
                                                  "Async Capable": false,
                                                  "Startup Cost": 0.0,
                                                  "Total Cost": 762796.01,
                                                  "Plan Rows": 13198801,
                                                  "Plan Width": 48,
                                                  "Subplans Removed": 0,
                                                  "Plans": [
                                                    {
                                                      "Node Type": "Seq Scan",
                                                      "Parent Relationship": "Member",
                                                      "Parallel Aware": true,
                                                      "Async Capable": false,
                                                      "Relation Name": "store_sales",
                                                      "Alias": "store_sales",
                                                      "Startup Cost": 0.0,
                                                      "Total Cost": 636914.37,
                                                      "Plan Rows": 12000637,
                                                      "Plan Width": 48,
                                                      "parent": 11,
                                                      "ID": 12
                                                    },
                                                    {
                                                      "Node Type": "Seq Scan",
                                                      "Parent Relationship": "Member",
                                                      "Parallel Aware": true,
                                                      "Async Capable": false,
                                                      "Relation Name": "store_returns",
                                                      "Alias": "store_returns",
                                                      "Startup Cost": 0.0,
                                                      "Total Cost": 59887.64,
                                                      "Plan Rows": 1198164,
                                                      "Plan Width": 48,
                                                      "parent": 11,
                                                      "ID": 13
                                                    }
                                                  ],
                                                  "parent": 10,
                                                  "ID": 11,
                                                  "left": 12,
                                                  "right": 13
                                                },
                                                {
                                                  "Node Type": "Hash",
                                                  "Parent Relationship": "Inner",
                                                  "Parallel Aware": true,
                                                  "Async Capable": false,
                                                  "Startup Cost": 2049.55,
                                                  "Total Cost": 2049.55,
                                                  "Plan Rows": 8,
                                                  "Plan Width": 4,
                                                  "Plans": [
                                                    {
                                                      "Node Type": "Seq Scan",
                                                      "Parent Relationship": "Outer",
                                                      "Parallel Aware": true,
                                                      "Async Capable": false,
                                                      "Relation Name": "date_dim",
                                                      "Alias": "date_dim",
                                                      "Startup Cost": 0.0,
                                                      "Total Cost": 2049.55,
                                                      "Plan Rows": 8,
                                                      "Plan Width": 4,
                                                      "Filter": "((d_date >= '1998-08-12'::date) AND (d_date <= '1998-08-26 00:00:00'::timestamp without time zone))",
                                                      "parent": 14,
                                                      "ID": 15
                                                    }
                                                  ],
                                                  "parent": 10,
                                                  "ID": 14,
                                                  "left": 15
                                                }
                                              ],
                                              "parent": 9,
                                              "ID": 10,
                                              "left": 11,
                                              "right": 14
                                            },
                                            {
                                              "Node Type": "Hash",
                                              "Parent Relationship": "Inner",
                                              "Parallel Aware": false,
                                              "Async Capable": false,
                                              "Startup Cost": 6.02,
                                              "Total Cost": 6.02,
                                              "Plan Rows": 102,
                                              "Plan Width": 21,
                                              "Plans": [
                                                {
                                                  "Node Type": "Seq Scan",
                                                  "Parent Relationship": "Outer",
                                                  "Parallel Aware": false,
                                                  "Async Capable": false,
                                                  "Relation Name": "store",
                                                  "Alias": "store",
                                                  "Startup Cost": 0.0,
                                                  "Total Cost": 6.02,
                                                  "Plan Rows": 102,
                                                  "Plan Width": 21,
                                                  "parent": 16,
                                                  "ID": 17
                                                }
                                              ],
                                              "parent": 9,
                                              "ID": 16,
                                              "left": 17
                                            }
                                          ],
                                          "parent": 8,
                                          "ID": 9,
                                          "left": 10,
                                          "right": 16
                                        }
                                      ],
                                      "parent": 7,
                                      "ID": 8,
                                      "left": 9
                                    }
                                  ],
                                  "parent": 6,
                                  "ID": 7,
                                  "left": 8
                                }
                              ],
                              "parent": 5,
                              "ID": 6,
                              "left": 7
                            }
                          ],
                          "parent": 4,
                          "ID": 5,
                          "left": 6
                        }
                      ],
                      "parent": 3,
                      "ID": 4,
                      "left": 5
                    },
                    {
                      "Node Type": "Subquery Scan",
                      "Parent Relationship": "Member",
                      "Parallel Aware": false,
                      "Async Capable": false,
                      "Alias": "csr",
                      "Startup Cost": 529848.36,
                      "Total Cost": 530353.75,
                      "Plan Rows": 3036,
                      "Plan Width": 160,
                      "Plans": [
                        {
                          "Node Type": "Aggregate",
                          "Strategy": "Sorted",
                          "Partial Mode": "Simple",
                          "Parent Relationship": "Subquery",
                          "Parallel Aware": false,
                          "Async Capable": false,
                          "Startup Cost": 529848.36,
                          "Total Cost": 530300.62,
                          "Plan Rows": 3036,
                          "Plan Width": 145,
                          "Group Key": [
                            "catalog_page.cp_catalog_page_id"
                          ],
                          "Plans": [
                            {
                              "Node Type": "Gather Merge",
                              "Parent Relationship": "Outer",
                              "Parallel Aware": false,
                              "Async Capable": false,
                              "Startup Cost": 529848.36,
                              "Total Cost": 530201.95,
                              "Plan Rows": 3036,
                              "Plan Width": 57,
                              "Workers Planned": 2,
                              "Plans": [
                                {
                                  "Node Type": "Sort",
                                  "Parent Relationship": "Outer",
                                  "Parallel Aware": false,
                                  "Async Capable": false,
                                  "Startup Cost": 528848.34,
                                  "Total Cost": 528851.5,
                                  "Plan Rows": 1265,
                                  "Plan Width": 57,
                                  "Sort Key": [
                                    "catalog_page.cp_catalog_page_id"
                                  ],
                                  "Plans": [
                                    {
                                      "Node Type": "Hash Join",
                                      "Parent Relationship": "Outer",
                                      "Parallel Aware": false,
                                      "Async Capable": false,
                                      "Join Type": "Inner",
                                      "Startup Cost": 2567.65,
                                      "Total Cost": 528783.16,
                                      "Plan Rows": 1265,
                                      "Plan Width": 57,
                                      "Inner Unique": false,
                                      "Hash Cond": "(catalog_sales.cs_catalog_page_sk = catalog_page.cp_catalog_page_sk)",
                                      "Plans": [
                                        {
                                          "Node Type": "Hash Join",
                                          "Parent Relationship": "Outer",
                                          "Parallel Aware": true,
                                          "Async Capable": false,
                                          "Join Type": "Inner",
                                          "Startup Cost": 2049.65,
                                          "Total Cost": 528247.76,
                                          "Plan Rows": 1265,
                                          "Plan Width": 44,
                                          "Inner Unique": false,
                                          "Hash Cond": "(catalog_sales.cs_sold_date_sk = date_dim_1.d_date_sk)",
                                          "Plans": [
                                            {
                                              "Node Type": "Append",
                                              "Parent Relationship": "Outer",
                                              "Parallel Aware": true,
                                              "Async Capable": false,
                                              "Startup Cost": 0.0,
                                              "Total Cost": 501439.31,
                                              "Plan Rows": 6600420,
                                              "Plan Width": 48,
                                              "Subplans Removed": 0,
                                              "Plans": [
                                                {
                                                  "Node Type": "Seq Scan",
                                                  "Parent Relationship": "Member",
                                                  "Parallel Aware": true,
                                                  "Async Capable": false,
                                                  "Relation Name": "catalog_sales",
                                                  "Alias": "catalog_sales",
                                                  "Startup Cost": 0.0,
                                                  "Total Cost": 433688.25,
                                                  "Plan Rows": 6000525,
                                                  "Plan Width": 48,
                                                  "parent": 24,
                                                  "ID": 25
                                                },
                                                {
                                                  "Node Type": "Seq Scan",
                                                  "Parent Relationship": "Member",
                                                  "Parallel Aware": true,
                                                  "Async Capable": false,
                                                  "Relation Name": "catalog_returns",
                                                  "Alias": "catalog_returns",
                                                  "Startup Cost": 0.0,
                                                  "Total Cost": 34748.95,
                                                  "Plan Rows": 599895,
                                                  "Plan Width": 48,
                                                  "parent": 24,
                                                  "ID": 26
                                                }
                                              ],
                                              "parent": 23,
                                              "ID": 24,
                                              "left": 25,
                                              "right": 26
                                            },
                                            {
                                              "Node Type": "Hash",
                                              "Parent Relationship": "Inner",
                                              "Parallel Aware": true,
                                              "Async Capable": false,
                                              "Startup Cost": 2049.55,
                                              "Total Cost": 2049.55,
                                              "Plan Rows": 8,
                                              "Plan Width": 4,
                                              "Plans": [
                                                {
                                                  "Node Type": "Seq Scan",
                                                  "Parent Relationship": "Outer",
                                                  "Parallel Aware": true,
                                                  "Async Capable": false,
                                                  "Relation Name": "date_dim",
                                                  "Alias": "date_dim_1",
                                                  "Startup Cost": 0.0,
                                                  "Total Cost": 2049.55,
                                                  "Plan Rows": 8,
                                                  "Plan Width": 4,
                                                  "Filter": "((d_date >= '1998-08-12'::date) AND (d_date <= '1998-08-26 00:00:00'::timestamp without time zone))",
                                                  "parent": 27,
                                                  "ID": 28
                                                }
                                              ],
                                              "parent": 23,
                                              "ID": 27,
                                              "left": 28
                                            }
                                          ],
                                          "parent": 22,
                                          "ID": 23,
                                          "left": 24,
                                          "right": 27
                                        },
                                        {
                                          "Node Type": "Hash",
                                          "Parent Relationship": "Inner",
                                          "Parallel Aware": false,
                                          "Async Capable": false,
                                          "Startup Cost": 368.0,
                                          "Total Cost": 368.0,
                                          "Plan Rows": 12000,
                                          "Plan Width": 21,
                                          "Plans": [
                                            {
                                              "Node Type": "Seq Scan",
                                              "Parent Relationship": "Outer",
                                              "Parallel Aware": false,
                                              "Async Capable": false,
                                              "Relation Name": "catalog_page",
                                              "Alias": "catalog_page",
                                              "Startup Cost": 0.0,
                                              "Total Cost": 368.0,
                                              "Plan Rows": 12000,
                                              "Plan Width": 21,
                                              "parent": 29,
                                              "ID": 30
                                            }
                                          ],
                                          "parent": 22,
                                          "ID": 29,
                                          "left": 30
                                        }
                                      ],
                                      "parent": 21,
                                      "ID": 22,
                                      "left": 23,
                                      "right": 29
                                    }
                                  ],
                                  "parent": 20,
                                  "ID": 21,
                                  "left": 22
                                }
                              ],
                              "parent": 19,
                              "ID": 20,
                              "left": 21
                            }
                          ],
                          "parent": 18,
                          "ID": 19,
                          "left": 20
                        }
                      ],
                      "parent": 3,
                      "ID": 18,
                      "left": 19
                    },
                    {
                      "Node Type": "Subquery Scan",
                      "Parent Relationship": "Member",
                      "Parallel Aware": false,
                      "Async Capable": false,
                      "Alias": "wsr",
                      "Startup Cost": 594058.45,
                      "Total Cost": 594067.44,
                      "Plan Rows": 21,
                      "Plan Width": 160,
                      "Plans": [
                        {
                          "Node Type": "Aggregate",
                          "Strategy": "Sorted",
                          "Partial Mode": "Finalize",
                          "Parent Relationship": "Subquery",
                          "Parallel Aware": false,
                          "Async Capable": false,
                          "Startup Cost": 594058.45,
                          "Total Cost": 594067.07,
                          "Plan Rows": 21,
                          "Plan Width": 145,
                          "Group Key": [
                            "web_site.web_site_id"
                          ],
                          "Plans": [
                            {
                              "Node Type": "Gather Merge",
                              "Parent Relationship": "Outer",
                              "Parallel Aware": false,
                              "Async Capable": false,
                              "Startup Cost": 594058.45,
                              "Total Cost": 594065.71,
                              "Plan Rows": 42,
                              "Plan Width": 145,
                              "Workers Planned": 2,
                              "Plans": [
                                {
                                  "Node Type": "Aggregate",
                                  "Strategy": "Sorted",
                                  "Partial Mode": "Partial",
                                  "Parent Relationship": "Outer",
                                  "Parallel Aware": false,
                                  "Async Capable": false,
                                  "Startup Cost": 593058.42,
                                  "Total Cost": 593060.84,
                                  "Plan Rows": 21,
                                  "Plan Width": 145,
                                  "Group Key": [
                                    "web_site.web_site_id"
                                  ],
                                  "Plans": [
                                    {
                                      "Node Type": "Sort",
                                      "Parent Relationship": "Outer",
                                      "Parallel Aware": false,
                                      "Async Capable": false,
                                      "Startup Cost": 593058.42,
                                      "Total Cost": 593058.75,
                                      "Plan Rows": 133,
                                      "Plan Width": 57,
                                      "Sort Key": [
                                        "web_site.web_site_id"
                                      ],
                                      "Plans": [
                                        {
                                          "Node Type": "Hash Join",
                                          "Parent Relationship": "Outer",
                                          "Parallel Aware": false,
                                          "Async Capable": false,
                                          "Join Type": "Inner",
                                          "Startup Cost": 2053.6,
                                          "Total Cost": 593053.73,
                                          "Plan Rows": 133,
                                          "Plan Width": 57,
                                          "Inner Unique": false,
                                          "Hash Cond": "(\"*SELECT* 2\".wsr_web_site_sk = web_site.web_site_sk)",
                                          "Plans": [
                                            {
                                              "Node Type": "Hash Join",
                                              "Parent Relationship": "Outer",
                                              "Parallel Aware": true,
                                              "Async Capable": false,
                                              "Join Type": "Inner",
                                              "Startup Cost": 2049.65,
                                              "Total Cost": 593046.09,
                                              "Plan Rows": 632,
                                              "Plan Width": 44,
                                              "Inner Unique": false,
                                              "Hash Cond": "(\"*SELECT* 2\".date_sk = date_dim_2.d_date_sk)",
                                              "Plans": [
                                                {
                                                  "Node Type": "Append",
                                                  "Parent Relationship": "Outer",
                                                  "Parallel Aware": true,
                                                  "Async Capable": false,
                                                  "Startup Cost": 0.0,
                                                  "Total Cost": 577049.1,
                                                  "Plan Rows": 3718203,
                                                  "Plan Width": 48,
                                                  "Subplans Removed": 0,
                                                  "Plans": [
                                                    {
                                                      "Node Type": "Subquery Scan",
                                                      "Parent Relationship": "Member",
                                                      "Parallel Aware": false,
                                                      "Async Capable": false,
                                                      "Alias": "*SELECT* 2",
                                                      "Startup Cost": 277366.65,
                                                      "Total Cost": 340720.23,
                                                      "Plan Rows": 719217,
                                                      "Plan Width": 48,
                                                      "Plans": [
                                                        {
                                                          "Node Type": "Hash Join",
                                                          "Parent Relationship": "Subquery",
                                                          "Parallel Aware": true,
                                                          "Async Capable": false,
                                                          "Join Type": "Left",
                                                          "Startup Cost": 277366.65,
                                                          "Total Cost": 333528.06,
                                                          "Plan Rows": 299674,
                                                          "Plan Width": 48,
                                                          "Inner Unique": false,
                                                          "Hash Cond": "((web_returns.wr_item_sk = web_sales_1.ws_item_sk) AND (web_returns.wr_order_number = web_sales_1.ws_order_number))",
                                                          "Plans": [
                                                            {
                                                              "Node Type": "Seq Scan",
                                                              "Parent Relationship": "Outer",
                                                              "Parallel Aware": true,
                                                              "Async Capable": false,
                                                              "Relation Name": "web_returns",
                                                              "Alias": "web_returns",
                                                              "Startup Cost": 0.0,
                                                              "Total Cost": 16278.74,
                                                              "Plan Rows": 299674,
                                                              "Plan Width": 24,
                                                              "parent": 40,
                                                              "ID": 41
                                                            },
                                                            {
                                                              "Node Type": "Hash",
                                                              "Parent Relationship": "Inner",
                                                              "Parallel Aware": true,
                                                              "Async Capable": false,
                                                              "Startup Cost": 217737.86,
                                                              "Total Cost": 217737.86,
                                                              "Plan Rows": 2998986,
                                                              "Plan Width": 12,
                                                              "Plans": [
                                                                {
                                                                  "Node Type": "Seq Scan",
                                                                  "Parent Relationship": "Outer",
                                                                  "Parallel Aware": true,
                                                                  "Async Capable": false,
                                                                  "Relation Name": "web_sales",
                                                                  "Alias": "web_sales_1",
                                                                  "Startup Cost": 0.0,
                                                                  "Total Cost": 217737.86,
                                                                  "Plan Rows": 2998986,
                                                                  "Plan Width": 12,
                                                                  "parent": 42,
                                                                  "ID": 43
                                                                }
                                                              ],
                                                              "parent": 40,
                                                              "ID": 42,
                                                              "left": 43
                                                            }
                                                          ],
                                                          "parent": 39,
                                                          "ID": 40,
                                                          "left": 41,
                                                          "right": 42
                                                        }
                                                      ],
                                                      "parent": 38,
                                                      "ID": 39,
                                                      "left": 40
                                                    },
                                                    {
                                                      "Node Type": "Seq Scan",
                                                      "Parent Relationship": "Member",
                                                      "Parallel Aware": true,
                                                      "Async Capable": false,
                                                      "Relation Name": "web_sales",
                                                      "Alias": "web_sales",
                                                      "Startup Cost": 0.0,
                                                      "Total Cost": 217737.86,
                                                      "Plan Rows": 2998986,
                                                      "Plan Width": 48,
                                                      "parent": 38,
                                                      "ID": 44
                                                    }
                                                  ],
                                                  "parent": 37,
                                                  "ID": 38,
                                                  "left": 39,
                                                  "right": 44
                                                },
                                                {
                                                  "Node Type": "Hash",
                                                  "Parent Relationship": "Inner",
                                                  "Parallel Aware": true,
                                                  "Async Capable": false,
                                                  "Startup Cost": 2049.55,
                                                  "Total Cost": 2049.55,
                                                  "Plan Rows": 8,
                                                  "Plan Width": 4,
                                                  "Plans": [
                                                    {
                                                      "Node Type": "Seq Scan",
                                                      "Parent Relationship": "Outer",
                                                      "Parallel Aware": true,
                                                      "Async Capable": false,
                                                      "Relation Name": "date_dim",
                                                      "Alias": "date_dim_2",
                                                      "Startup Cost": 0.0,
                                                      "Total Cost": 2049.55,
                                                      "Plan Rows": 8,
                                                      "Plan Width": 4,
                                                      "Filter": "((d_date >= '1998-08-12'::date) AND (d_date <= '1998-08-26 00:00:00'::timestamp without time zone))",
                                                      "parent": 45,
                                                      "ID": 46
                                                    }
                                                  ],
                                                  "parent": 37,
                                                  "ID": 45,
                                                  "left": 46
                                                }
                                              ],
                                              "parent": 36,
                                              "ID": 37,
                                              "left": 38,
                                              "right": 45
                                            },
                                            {
                                              "Node Type": "Hash",
                                              "Parent Relationship": "Inner",
                                              "Parallel Aware": false,
                                              "Async Capable": false,
                                              "Startup Cost": 3.42,
                                              "Total Cost": 3.42,
                                              "Plan Rows": 42,
                                              "Plan Width": 21,
                                              "Plans": [
                                                {
                                                  "Node Type": "Seq Scan",
                                                  "Parent Relationship": "Outer",
                                                  "Parallel Aware": false,
                                                  "Async Capable": false,
                                                  "Relation Name": "web_site",
                                                  "Alias": "web_site",
                                                  "Startup Cost": 0.0,
                                                  "Total Cost": 3.42,
                                                  "Plan Rows": 42,
                                                  "Plan Width": 21,
                                                  "parent": 47,
                                                  "ID": 48
                                                }
                                              ],
                                              "parent": 36,
                                              "ID": 47,
                                              "left": 48
                                            }
                                          ],
                                          "parent": 35,
                                          "ID": 36,
                                          "left": 37,
                                          "right": 47
                                        }
                                      ],
                                      "parent": 34,
                                      "ID": 35,
                                      "left": 36
                                    }
                                  ],
                                  "parent": 33,
                                  "ID": 34,
                                  "left": 35
                                }
                              ],
                              "parent": 32,
                              "ID": 33,
                              "left": 34
                            }
                          ],
                          "parent": 31,
                          "ID": 32,
                          "left": 33
                        }
                      ],
                      "parent": 3,
                      "ID": 31,
                      "left": 32
                    }
                  ],
                  "parent": 2,
                  "ID": 3,
                  "left": 4,
                  "right": 18
                }
              ],
              "parent": 1,
              "ID": 2,
              "left": 3
            }
          ],
          "parent": 0,
          "ID": 1,
          "left": 2
        }
      ],
      "parent": null,
      "ID": 0,
      "left": 1
    },
    "feat": {
      "utility": 0.0,
      "query_shape": [
        [
          "Seq Scan",
          "Append",
          "Hash Join",
          "Sort",
          "Aggregate",
          "Gather Merge",
          "Subquery Scan"
        ],
        [
          "Seq Scan",
          "Append",
          "Hash Join",
          "Sort",
          "Aggregate",
          "Gather Merge",
          "Subquery Scan"
        ],
        [
          "Seq Scan",
          "Hash",
          "Hash Join",
          "Sort",
          "Aggregate",
          "Gather Merge",
          "Subquery Scan",
          "Append"
        ],
        [
          "Seq Scan",
          "Hash",
          "Hash Join",
          "Sort",
          "Aggregate",
          "Gather Merge",
          "Subquery Scan",
          "Append"
        ],
        [
          "Seq Scan",
          "Append",
          "Hash Join",
          "Sort",
          "Gather Merge",
          "Aggregate",
          "Subquery Scan"
        ],
        [
          "Seq Scan",
          "Append",
          "Hash Join",
          "Sort",
          "Gather Merge",
          "Aggregate",
          "Subquery Scan"
        ],
        [
          "Seq Scan",
          "Hash",
          "Hash Join",
          "Sort",
          "Gather Merge",
          "Aggregate",
          "Subquery Scan",
          "Append"
        ],
        [
          "Seq Scan",
          "Hash",
          "Hash Join",
          "Sort",
          "Gather Merge",
          "Aggregate",
          "Subquery Scan",
          "Append"
        ],
        [
          "Seq Scan",
          "Hash Join",
          "Subquery Scan",
          "Append",
          "Sort",
          "Aggregate",
          "Gather Merge"
        ],
        [
          "Seq Scan",
          "Hash",
          "Hash Join",
          "Subquery Scan",
          "Append",
          "Sort",
          "Aggregate",
          "Gather Merge"
        ],
        [
          "Seq Scan",
          "Append",
          "Hash Join",
          "Sort",
          "Aggregate",
          "Gather Merge",
          "Subquery Scan"
        ],
        [
          "Seq Scan",
          "Hash",
          "Hash Join",
          "Sort",
          "Aggregate",
          "Gather Merge",
          "Subquery Scan",
          "Append"
        ],
        [
          "Seq Scan",
          "Hash",
          "Hash Join",
          "Sort",
          "Aggregate",
          "Gather Merge",
          "Subquery Scan",
          "Append"
        ]
      ],
      "index_shape": [],
      "physical_operator": {}
    }
  },
  {
    "query": "with ssr as\n (select s_store_id,\n        sum(sales_price) as sales,\n        sum(profit) as profit,\n        sum(return_amt) as returns,\n        sum(net_loss) as profit_loss\n from\n  ( select  ss_store_sk as store_sk,\n            ss_sold_date_sk  as date_sk,\n            ss_ext_sales_price as sales_price,\n            ss_net_profit as profit,\n            cast(0 as decimal(7,2)) as return_amt,\n            cast(0 as decimal(7,2)) as net_loss\n    from store_sales\n    union all\n    select sr_store_sk as store_sk,\n           sr_returned_date_sk as date_sk,\n           cast(0 as decimal(7,2)) as sales_price,\n           cast(0 as decimal(7,2)) as profit,\n           sr_return_amt as return_amt,\n           sr_net_loss as net_loss\n    from store_returns\n   ) salesreturns,\n     date_dim,\n     store\n where date_sk = d_date_sk\n       and d_date between cast('1998-08-12' as date) \n                  and (cast('1998-08-12' as date) +  interval '14 days')\n       and store_sk = s_store_sk\n group by s_store_id)\n ,\n csr as\n (select cp_catalog_page_id,\n        sum(sales_price) as sales,\n        sum(profit) as profit,\n        sum(return_amt) as returns,\n        sum(net_loss) as profit_loss\n from\n  ( select  cs_catalog_page_sk as page_sk,\n            cs_sold_date_sk  as date_sk,\n            cs_ext_sales_price as sales_price,\n            cs_net_profit as profit,\n            cast(0 as decimal(7,2)) as return_amt,\n            cast(0 as decimal(7,2)) as net_loss\n    from catalog_sales\n    union all\n    select cr_catalog_page_sk as page_sk,\n           cr_returned_date_sk as date_sk,\n           cast(0 as decimal(7,2)) as sales_price,\n           cast(0 as decimal(7,2)) as profit,\n           cr_return_amount as return_amt,\n           cr_net_loss as net_loss\n    from catalog_returns\n   ) salesreturns,\n     date_dim,\n     catalog_page\n where date_sk = d_date_sk\n       and d_date between cast('1998-08-12' as date)\n                  and (cast('1998-08-12' as date) +  interval '14 days')\n       and page_sk = cp_catalog_page_sk\n group by cp_catalog_page_id)\n ,\n wsr as\n (select web_site_id,\n        sum(sales_price) as sales,\n        sum(profit) as profit,\n        sum(return_amt) as returns,\n        sum(net_loss) as profit_loss\n from\n  ( select  ws_web_site_sk as wsr_web_site_sk,\n            ws_sold_date_sk  as date_sk,\n            ws_ext_sales_price as sales_price,\n            ws_net_profit as profit,\n            cast(0 as decimal(7,2)) as return_amt,\n            cast(0 as decimal(7,2)) as net_loss\n    from web_sales\n    union all\n    select ws_web_site_sk as wsr_web_site_sk,\n           wr_returned_date_sk as date_sk,\n           cast(0 as decimal(7,2)) as sales_price,\n           cast(0 as decimal(7,2)) as profit,\n           wr_return_amt as return_amt,\n           wr_net_loss as net_loss\n    from web_returns left outer join web_sales on\n         ( wr_item_sk = ws_item_sk\n           and wr_order_number = ws_order_number)\n   ) salesreturns,\n     date_dim,\n     web_site\n where date_sk = d_date_sk\n       and d_date between cast('1998-08-12' as date)\n                  and (cast('1998-08-12' as date) +  interval '14 days')\n       and wsr_web_site_sk = web_site_sk\n group by web_site_id)\n  select  channel\n        , id\n        , sum(sales) as sales\n        , sum(returns) as returns\n        , sum(profit) as profit\n from \n (select 'store channel' as channel\n        , 'store' || s_store_id as id\n        , sales\n        , returns\n        , (profit - profit_loss) as profit\n from   ssr\n union all\n select 'catalog channel' as channel\n        , 'catalog_page' || cp_catalog_page_id as id\n        , sales\n        , returns\n        , (profit - profit_loss) as profit\n from  csr\n union all\n select 'web channel' as channel\n        , 'web_site' || web_site_id as id\n        , sales\n        , returns\n        , (profit - profit_loss) as profit\n from   wsr\n ) x\n group by rollup (channel, id)\n order by channel\n         ,id\n limit 100;\n\n-- end query 3 in stream 0 using template query5.tpl\n",
    "indexes": "web_sales.ws_net_profit",
    "wo plan est": {
      "Node Type": "Limit",
      "Parallel Aware": false,
      "Async Capable": false,
      "Startup Cost": 1940046.82,
      "Total Cost": 1940047.07,
      "Plan Rows": 100,
      "Plan Width": 160,
      "Plans": [
        {
          "Node Type": "Sort",
          "Parent Relationship": "Outer",
          "Parallel Aware": false,
          "Async Capable": false,
          "Startup Cost": 1940046.82,
          "Total Cost": 1940048.1,
          "Plan Rows": 512,
          "Plan Width": 160,
          "Sort Key": [
            "('store channel'::text)",
            "(('store'::text || (ssr.s_store_id)::text))"
          ],
          "Plans": [
            {
              "Node Type": "Aggregate",
              "Strategy": "Mixed",
              "Partial Mode": "Simple",
              "Parent Relationship": "Outer",
              "Parallel Aware": false,
              "Async Capable": false,
              "Startup Cost": 815451.97,
              "Total Cost": 1940027.26,
              "Plan Rows": 512,
              "Plan Width": 160,
              "Grouping Sets": [
                {
                  "Hash Keys": [
                    [
                      "('store channel'::text)",
                      "(('store'::text || (ssr.s_store_id)::text))"
                    ]
                  ]
                },
                {
                  "Hash Keys": [
                    [
                      "('store channel'::text)"
                    ]
                  ]
                },
                {
                  "Group Keys": [
                    []
                  ]
                }
              ],
              "Planned Partitions": 0,
              "Plans": [
                {
                  "Node Type": "Append",
                  "Parent Relationship": "Outer",
                  "Parallel Aware": false,
                  "Async Capable": false,
                  "Startup Cost": 815451.97,
                  "Total Cost": 1939925.06,
                  "Plan Rows": 3108,
                  "Plan Width": 160,
                  "Subplans Removed": 0,
                  "Plans": [
                    {
                      "Node Type": "Subquery Scan",
                      "Parent Relationship": "Member",
                      "Parallel Aware": false,
                      "Async Capable": false,
                      "Alias": "ssr",
                      "Startup Cost": 815451.97,
                      "Total Cost": 815488.32,
                      "Plan Rows": 51,
                      "Plan Width": 160,
                      "Plans": [
                        {
                          "Node Type": "Aggregate",
                          "Strategy": "Sorted",
                          "Partial Mode": "Finalize",
                          "Parent Relationship": "Subquery",
                          "Parallel Aware": false,
                          "Async Capable": false,
                          "Startup Cost": 815451.97,
                          "Total Cost": 815487.43,
                          "Plan Rows": 51,
                          "Plan Width": 145,
                          "Group Key": [
                            "store.s_store_id"
                          ],
                          "Plans": [
                            {
                              "Node Type": "Gather Merge",
                              "Parent Relationship": "Outer",
                              "Parallel Aware": false,
                              "Async Capable": false,
                              "Startup Cost": 815451.97,
                              "Total Cost": 815484.12,
                              "Plan Rows": 102,
                              "Plan Width": 145,
                              "Workers Planned": 2,
                              "Plans": [
                                {
                                  "Node Type": "Aggregate",
                                  "Strategy": "Sorted",
                                  "Partial Mode": "Partial",
                                  "Parent Relationship": "Outer",
                                  "Parallel Aware": false,
                                  "Async Capable": false,
                                  "Startup Cost": 814451.95,
                                  "Total Cost": 814472.32,
                                  "Plan Rows": 51,
                                  "Plan Width": 145,
                                  "Group Key": [
                                    "store.s_store_id"
                                  ],
                                  "Plans": [
                                    {
                                      "Node Type": "Sort",
                                      "Parent Relationship": "Outer",
                                      "Parallel Aware": false,
                                      "Async Capable": false,
                                      "Startup Cost": 814451.95,
                                      "Total Cost": 814455.17,
                                      "Plan Rows": 1290,
                                      "Plan Width": 57,
                                      "Sort Key": [
                                        "store.s_store_id"
                                      ],
                                      "Plans": [
                                        {
                                          "Node Type": "Hash Join",
                                          "Parent Relationship": "Outer",
                                          "Parallel Aware": false,
                                          "Async Capable": false,
                                          "Join Type": "Inner",
                                          "Startup Cost": 2056.95,
                                          "Total Cost": 814385.3,
                                          "Plan Rows": 1290,
                                          "Plan Width": 57,
                                          "Inner Unique": false,
                                          "Hash Cond": "(store_sales.ss_store_sk = store.s_store_sk)",
                                          "Plans": [
                                            {
                                              "Node Type": "Hash Join",
                                              "Parent Relationship": "Outer",
                                              "Parallel Aware": true,
                                              "Async Capable": false,
                                              "Join Type": "Inner",
                                              "Startup Cost": 2049.65,
                                              "Total Cost": 814355.62,
                                              "Plan Rows": 2530,
                                              "Plan Width": 44,
                                              "Inner Unique": false,
                                              "Hash Cond": "(store_sales.ss_sold_date_sk = date_dim.d_date_sk)",
                                              "Plans": [
                                                {
                                                  "Node Type": "Append",
                                                  "Parent Relationship": "Outer",
                                                  "Parallel Aware": true,
                                                  "Async Capable": false,
                                                  "Startup Cost": 0.0,
                                                  "Total Cost": 762796.01,
                                                  "Plan Rows": 13198801,
                                                  "Plan Width": 48,
                                                  "Subplans Removed": 0,
                                                  "Plans": [
                                                    {
                                                      "Node Type": "Seq Scan",
                                                      "Parent Relationship": "Member",
                                                      "Parallel Aware": true,
                                                      "Async Capable": false,
                                                      "Relation Name": "store_sales",
                                                      "Alias": "store_sales",
                                                      "Startup Cost": 0.0,
                                                      "Total Cost": 636914.37,
                                                      "Plan Rows": 12000637,
                                                      "Plan Width": 48,
                                                      "parent": 11,
                                                      "ID": 12
                                                    },
                                                    {
                                                      "Node Type": "Seq Scan",
                                                      "Parent Relationship": "Member",
                                                      "Parallel Aware": true,
                                                      "Async Capable": false,
                                                      "Relation Name": "store_returns",
                                                      "Alias": "store_returns",
                                                      "Startup Cost": 0.0,
                                                      "Total Cost": 59887.64,
                                                      "Plan Rows": 1198164,
                                                      "Plan Width": 48,
                                                      "parent": 11,
                                                      "ID": 13
                                                    }
                                                  ],
                                                  "parent": 10,
                                                  "ID": 11,
                                                  "left": 12,
                                                  "right": 13
                                                },
                                                {
                                                  "Node Type": "Hash",
                                                  "Parent Relationship": "Inner",
                                                  "Parallel Aware": true,
                                                  "Async Capable": false,
                                                  "Startup Cost": 2049.55,
                                                  "Total Cost": 2049.55,
                                                  "Plan Rows": 8,
                                                  "Plan Width": 4,
                                                  "Plans": [
                                                    {
                                                      "Node Type": "Seq Scan",
                                                      "Parent Relationship": "Outer",
                                                      "Parallel Aware": true,
                                                      "Async Capable": false,
                                                      "Relation Name": "date_dim",
                                                      "Alias": "date_dim",
                                                      "Startup Cost": 0.0,
                                                      "Total Cost": 2049.55,
                                                      "Plan Rows": 8,
                                                      "Plan Width": 4,
                                                      "Filter": "((d_date >= '1998-08-12'::date) AND (d_date <= '1998-08-26 00:00:00'::timestamp without time zone))",
                                                      "parent": 14,
                                                      "ID": 15
                                                    }
                                                  ],
                                                  "parent": 10,
                                                  "ID": 14,
                                                  "left": 15
                                                }
                                              ],
                                              "parent": 9,
                                              "ID": 10,
                                              "left": 11,
                                              "right": 14
                                            },
                                            {
                                              "Node Type": "Hash",
                                              "Parent Relationship": "Inner",
                                              "Parallel Aware": false,
                                              "Async Capable": false,
                                              "Startup Cost": 6.02,
                                              "Total Cost": 6.02,
                                              "Plan Rows": 102,
                                              "Plan Width": 21,
                                              "Plans": [
                                                {
                                                  "Node Type": "Seq Scan",
                                                  "Parent Relationship": "Outer",
                                                  "Parallel Aware": false,
                                                  "Async Capable": false,
                                                  "Relation Name": "store",
                                                  "Alias": "store",
                                                  "Startup Cost": 0.0,
                                                  "Total Cost": 6.02,
                                                  "Plan Rows": 102,
                                                  "Plan Width": 21,
                                                  "parent": 16,
                                                  "ID": 17
                                                }
                                              ],
                                              "parent": 9,
                                              "ID": 16,
                                              "left": 17
                                            }
                                          ],
                                          "parent": 8,
                                          "ID": 9,
                                          "left": 10,
                                          "right": 16
                                        }
                                      ],
                                      "parent": 7,
                                      "ID": 8,
                                      "left": 9
                                    }
                                  ],
                                  "parent": 6,
                                  "ID": 7,
                                  "left": 8
                                }
                              ],
                              "parent": 5,
                              "ID": 6,
                              "left": 7
                            }
                          ],
                          "parent": 4,
                          "ID": 5,
                          "left": 6
                        }
                      ],
                      "parent": 3,
                      "ID": 4,
                      "left": 5
                    },
                    {
                      "Node Type": "Subquery Scan",
                      "Parent Relationship": "Member",
                      "Parallel Aware": false,
                      "Async Capable": false,
                      "Alias": "csr",
                      "Startup Cost": 529848.36,
                      "Total Cost": 530353.75,
                      "Plan Rows": 3036,
                      "Plan Width": 160,
                      "Plans": [
                        {
                          "Node Type": "Aggregate",
                          "Strategy": "Sorted",
                          "Partial Mode": "Simple",
                          "Parent Relationship": "Subquery",
                          "Parallel Aware": false,
                          "Async Capable": false,
                          "Startup Cost": 529848.36,
                          "Total Cost": 530300.62,
                          "Plan Rows": 3036,
                          "Plan Width": 145,
                          "Group Key": [
                            "catalog_page.cp_catalog_page_id"
                          ],
                          "Plans": [
                            {
                              "Node Type": "Gather Merge",
                              "Parent Relationship": "Outer",
                              "Parallel Aware": false,
                              "Async Capable": false,
                              "Startup Cost": 529848.36,
                              "Total Cost": 530201.95,
                              "Plan Rows": 3036,
                              "Plan Width": 57,
                              "Workers Planned": 2,
                              "Plans": [
                                {
                                  "Node Type": "Sort",
                                  "Parent Relationship": "Outer",
                                  "Parallel Aware": false,
                                  "Async Capable": false,
                                  "Startup Cost": 528848.34,
                                  "Total Cost": 528851.5,
                                  "Plan Rows": 1265,
                                  "Plan Width": 57,
                                  "Sort Key": [
                                    "catalog_page.cp_catalog_page_id"
                                  ],
                                  "Plans": [
                                    {
                                      "Node Type": "Hash Join",
                                      "Parent Relationship": "Outer",
                                      "Parallel Aware": false,
                                      "Async Capable": false,
                                      "Join Type": "Inner",
                                      "Startup Cost": 2567.65,
                                      "Total Cost": 528783.16,
                                      "Plan Rows": 1265,
                                      "Plan Width": 57,
                                      "Inner Unique": false,
                                      "Hash Cond": "(catalog_sales.cs_catalog_page_sk = catalog_page.cp_catalog_page_sk)",
                                      "Plans": [
                                        {
                                          "Node Type": "Hash Join",
                                          "Parent Relationship": "Outer",
                                          "Parallel Aware": true,
                                          "Async Capable": false,
                                          "Join Type": "Inner",
                                          "Startup Cost": 2049.65,
                                          "Total Cost": 528247.76,
                                          "Plan Rows": 1265,
                                          "Plan Width": 44,
                                          "Inner Unique": false,
                                          "Hash Cond": "(catalog_sales.cs_sold_date_sk = date_dim_1.d_date_sk)",
                                          "Plans": [
                                            {
                                              "Node Type": "Append",
                                              "Parent Relationship": "Outer",
                                              "Parallel Aware": true,
                                              "Async Capable": false,
                                              "Startup Cost": 0.0,
                                              "Total Cost": 501439.31,
                                              "Plan Rows": 6600420,
                                              "Plan Width": 48,
                                              "Subplans Removed": 0,
                                              "Plans": [
                                                {
                                                  "Node Type": "Seq Scan",
                                                  "Parent Relationship": "Member",
                                                  "Parallel Aware": true,
                                                  "Async Capable": false,
                                                  "Relation Name": "catalog_sales",
                                                  "Alias": "catalog_sales",
                                                  "Startup Cost": 0.0,
                                                  "Total Cost": 433688.25,
                                                  "Plan Rows": 6000525,
                                                  "Plan Width": 48,
                                                  "parent": 24,
                                                  "ID": 25
                                                },
                                                {
                                                  "Node Type": "Seq Scan",
                                                  "Parent Relationship": "Member",
                                                  "Parallel Aware": true,
                                                  "Async Capable": false,
                                                  "Relation Name": "catalog_returns",
                                                  "Alias": "catalog_returns",
                                                  "Startup Cost": 0.0,
                                                  "Total Cost": 34748.95,
                                                  "Plan Rows": 599895,
                                                  "Plan Width": 48,
                                                  "parent": 24,
                                                  "ID": 26
                                                }
                                              ],
                                              "parent": 23,
                                              "ID": 24,
                                              "left": 25,
                                              "right": 26
                                            },
                                            {
                                              "Node Type": "Hash",
                                              "Parent Relationship": "Inner",
                                              "Parallel Aware": true,
                                              "Async Capable": false,
                                              "Startup Cost": 2049.55,
                                              "Total Cost": 2049.55,
                                              "Plan Rows": 8,
                                              "Plan Width": 4,
                                              "Plans": [
                                                {
                                                  "Node Type": "Seq Scan",
                                                  "Parent Relationship": "Outer",
                                                  "Parallel Aware": true,
                                                  "Async Capable": false,
                                                  "Relation Name": "date_dim",
                                                  "Alias": "date_dim_1",
                                                  "Startup Cost": 0.0,
                                                  "Total Cost": 2049.55,
                                                  "Plan Rows": 8,
                                                  "Plan Width": 4,
                                                  "Filter": "((d_date >= '1998-08-12'::date) AND (d_date <= '1998-08-26 00:00:00'::timestamp without time zone))",
                                                  "parent": 27,
                                                  "ID": 28
                                                }
                                              ],
                                              "parent": 23,
                                              "ID": 27,
                                              "left": 28
                                            }
                                          ],
                                          "parent": 22,
                                          "ID": 23,
                                          "left": 24,
                                          "right": 27
                                        },
                                        {
                                          "Node Type": "Hash",
                                          "Parent Relationship": "Inner",
                                          "Parallel Aware": false,
                                          "Async Capable": false,
                                          "Startup Cost": 368.0,
                                          "Total Cost": 368.0,
                                          "Plan Rows": 12000,
                                          "Plan Width": 21,
                                          "Plans": [
                                            {
                                              "Node Type": "Seq Scan",
                                              "Parent Relationship": "Outer",
                                              "Parallel Aware": false,
                                              "Async Capable": false,
                                              "Relation Name": "catalog_page",
                                              "Alias": "catalog_page",
                                              "Startup Cost": 0.0,
                                              "Total Cost": 368.0,
                                              "Plan Rows": 12000,
                                              "Plan Width": 21,
                                              "parent": 29,
                                              "ID": 30
                                            }
                                          ],
                                          "parent": 22,
                                          "ID": 29,
                                          "left": 30
                                        }
                                      ],
                                      "parent": 21,
                                      "ID": 22,
                                      "left": 23,
                                      "right": 29
                                    }
                                  ],
                                  "parent": 20,
                                  "ID": 21,
                                  "left": 22
                                }
                              ],
                              "parent": 19,
                              "ID": 20,
                              "left": 21
                            }
                          ],
                          "parent": 18,
                          "ID": 19,
                          "left": 20
                        }
                      ],
                      "parent": 3,
                      "ID": 18,
                      "left": 19
                    },
                    {
                      "Node Type": "Subquery Scan",
                      "Parent Relationship": "Member",
                      "Parallel Aware": false,
                      "Async Capable": false,
                      "Alias": "wsr",
                      "Startup Cost": 594058.45,
                      "Total Cost": 594067.44,
                      "Plan Rows": 21,
                      "Plan Width": 160,
                      "Plans": [
                        {
                          "Node Type": "Aggregate",
                          "Strategy": "Sorted",
                          "Partial Mode": "Finalize",
                          "Parent Relationship": "Subquery",
                          "Parallel Aware": false,
                          "Async Capable": false,
                          "Startup Cost": 594058.45,
                          "Total Cost": 594067.07,
                          "Plan Rows": 21,
                          "Plan Width": 145,
                          "Group Key": [
                            "web_site.web_site_id"
                          ],
                          "Plans": [
                            {
                              "Node Type": "Gather Merge",
                              "Parent Relationship": "Outer",
                              "Parallel Aware": false,
                              "Async Capable": false,
                              "Startup Cost": 594058.45,
                              "Total Cost": 594065.71,
                              "Plan Rows": 42,
                              "Plan Width": 145,
                              "Workers Planned": 2,
                              "Plans": [
                                {
                                  "Node Type": "Aggregate",
                                  "Strategy": "Sorted",
                                  "Partial Mode": "Partial",
                                  "Parent Relationship": "Outer",
                                  "Parallel Aware": false,
                                  "Async Capable": false,
                                  "Startup Cost": 593058.42,
                                  "Total Cost": 593060.84,
                                  "Plan Rows": 21,
                                  "Plan Width": 145,
                                  "Group Key": [
                                    "web_site.web_site_id"
                                  ],
                                  "Plans": [
                                    {
                                      "Node Type": "Sort",
                                      "Parent Relationship": "Outer",
                                      "Parallel Aware": false,
                                      "Async Capable": false,
                                      "Startup Cost": 593058.42,
                                      "Total Cost": 593058.75,
                                      "Plan Rows": 133,
                                      "Plan Width": 57,
                                      "Sort Key": [
                                        "web_site.web_site_id"
                                      ],
                                      "Plans": [
                                        {
                                          "Node Type": "Hash Join",
                                          "Parent Relationship": "Outer",
                                          "Parallel Aware": false,
                                          "Async Capable": false,
                                          "Join Type": "Inner",
                                          "Startup Cost": 2053.6,
                                          "Total Cost": 593053.73,
                                          "Plan Rows": 133,
                                          "Plan Width": 57,
                                          "Inner Unique": false,
                                          "Hash Cond": "(\"*SELECT* 2\".wsr_web_site_sk = web_site.web_site_sk)",
                                          "Plans": [
                                            {
                                              "Node Type": "Hash Join",
                                              "Parent Relationship": "Outer",
                                              "Parallel Aware": true,
                                              "Async Capable": false,
                                              "Join Type": "Inner",
                                              "Startup Cost": 2049.65,
                                              "Total Cost": 593046.09,
                                              "Plan Rows": 632,
                                              "Plan Width": 44,
                                              "Inner Unique": false,
                                              "Hash Cond": "(\"*SELECT* 2\".date_sk = date_dim_2.d_date_sk)",
                                              "Plans": [
                                                {
                                                  "Node Type": "Append",
                                                  "Parent Relationship": "Outer",
                                                  "Parallel Aware": true,
                                                  "Async Capable": false,
                                                  "Startup Cost": 0.0,
                                                  "Total Cost": 577049.1,
                                                  "Plan Rows": 3718203,
                                                  "Plan Width": 48,
                                                  "Subplans Removed": 0,
                                                  "Plans": [
                                                    {
                                                      "Node Type": "Subquery Scan",
                                                      "Parent Relationship": "Member",
                                                      "Parallel Aware": false,
                                                      "Async Capable": false,
                                                      "Alias": "*SELECT* 2",
                                                      "Startup Cost": 277366.65,
                                                      "Total Cost": 340720.23,
                                                      "Plan Rows": 719217,
                                                      "Plan Width": 48,
                                                      "Plans": [
                                                        {
                                                          "Node Type": "Hash Join",
                                                          "Parent Relationship": "Subquery",
                                                          "Parallel Aware": true,
                                                          "Async Capable": false,
                                                          "Join Type": "Left",
                                                          "Startup Cost": 277366.65,
                                                          "Total Cost": 333528.06,
                                                          "Plan Rows": 299674,
                                                          "Plan Width": 48,
                                                          "Inner Unique": false,
                                                          "Hash Cond": "((web_returns.wr_item_sk = web_sales_1.ws_item_sk) AND (web_returns.wr_order_number = web_sales_1.ws_order_number))",
                                                          "Plans": [
                                                            {
                                                              "Node Type": "Seq Scan",
                                                              "Parent Relationship": "Outer",
                                                              "Parallel Aware": true,
                                                              "Async Capable": false,
                                                              "Relation Name": "web_returns",
                                                              "Alias": "web_returns",
                                                              "Startup Cost": 0.0,
                                                              "Total Cost": 16278.74,
                                                              "Plan Rows": 299674,
                                                              "Plan Width": 24,
                                                              "parent": 40,
                                                              "ID": 41
                                                            },
                                                            {
                                                              "Node Type": "Hash",
                                                              "Parent Relationship": "Inner",
                                                              "Parallel Aware": true,
                                                              "Async Capable": false,
                                                              "Startup Cost": 217737.86,
                                                              "Total Cost": 217737.86,
                                                              "Plan Rows": 2998986,
                                                              "Plan Width": 12,
                                                              "Plans": [
                                                                {
                                                                  "Node Type": "Seq Scan",
                                                                  "Parent Relationship": "Outer",
                                                                  "Parallel Aware": true,
                                                                  "Async Capable": false,
                                                                  "Relation Name": "web_sales",
                                                                  "Alias": "web_sales_1",
                                                                  "Startup Cost": 0.0,
                                                                  "Total Cost": 217737.86,
                                                                  "Plan Rows": 2998986,
                                                                  "Plan Width": 12,
                                                                  "parent": 42,
                                                                  "ID": 43
                                                                }
                                                              ],
                                                              "parent": 40,
                                                              "ID": 42,
                                                              "left": 43
                                                            }
                                                          ],
                                                          "parent": 39,
                                                          "ID": 40,
                                                          "left": 41,
                                                          "right": 42
                                                        }
                                                      ],
                                                      "parent": 38,
                                                      "ID": 39,
                                                      "left": 40
                                                    },
                                                    {
                                                      "Node Type": "Seq Scan",
                                                      "Parent Relationship": "Member",
                                                      "Parallel Aware": true,
                                                      "Async Capable": false,
                                                      "Relation Name": "web_sales",
                                                      "Alias": "web_sales",
                                                      "Startup Cost": 0.0,
                                                      "Total Cost": 217737.86,
                                                      "Plan Rows": 2998986,
                                                      "Plan Width": 48,
                                                      "parent": 38,
                                                      "ID": 44
                                                    }
                                                  ],
                                                  "parent": 37,
                                                  "ID": 38,
                                                  "left": 39,
                                                  "right": 44
                                                },
                                                {
                                                  "Node Type": "Hash",
                                                  "Parent Relationship": "Inner",
                                                  "Parallel Aware": true,
                                                  "Async Capable": false,
                                                  "Startup Cost": 2049.55,
                                                  "Total Cost": 2049.55,
                                                  "Plan Rows": 8,
                                                  "Plan Width": 4,
                                                  "Plans": [
                                                    {
                                                      "Node Type": "Seq Scan",
                                                      "Parent Relationship": "Outer",
                                                      "Parallel Aware": true,
                                                      "Async Capable": false,
                                                      "Relation Name": "date_dim",
                                                      "Alias": "date_dim_2",
                                                      "Startup Cost": 0.0,
                                                      "Total Cost": 2049.55,
                                                      "Plan Rows": 8,
                                                      "Plan Width": 4,
                                                      "Filter": "((d_date >= '1998-08-12'::date) AND (d_date <= '1998-08-26 00:00:00'::timestamp without time zone))",
                                                      "parent": 45,
                                                      "ID": 46
                                                    }
                                                  ],
                                                  "parent": 37,
                                                  "ID": 45,
                                                  "left": 46
                                                }
                                              ],
                                              "parent": 36,
                                              "ID": 37,
                                              "left": 38,
                                              "right": 45
                                            },
                                            {
                                              "Node Type": "Hash",
                                              "Parent Relationship": "Inner",
                                              "Parallel Aware": false,
                                              "Async Capable": false,
                                              "Startup Cost": 3.42,
                                              "Total Cost": 3.42,
                                              "Plan Rows": 42,
                                              "Plan Width": 21,
                                              "Plans": [
                                                {
                                                  "Node Type": "Seq Scan",
                                                  "Parent Relationship": "Outer",
                                                  "Parallel Aware": false,
                                                  "Async Capable": false,
                                                  "Relation Name": "web_site",
                                                  "Alias": "web_site",
                                                  "Startup Cost": 0.0,
                                                  "Total Cost": 3.42,
                                                  "Plan Rows": 42,
                                                  "Plan Width": 21,
                                                  "parent": 47,
                                                  "ID": 48
                                                }
                                              ],
                                              "parent": 36,
                                              "ID": 47,
                                              "left": 48
                                            }
                                          ],
                                          "parent": 35,
                                          "ID": 36,
                                          "left": 37,
                                          "right": 47
                                        }
                                      ],
                                      "parent": 34,
                                      "ID": 35,
                                      "left": 36
                                    }
                                  ],
                                  "parent": 33,
                                  "ID": 34,
                                  "left": 35
                                }
                              ],
                              "parent": 32,
                              "ID": 33,
                              "left": 34
                            }
                          ],
                          "parent": 31,
                          "ID": 32,
                          "left": 33
                        }
                      ],
                      "parent": 3,
                      "ID": 31,
                      "left": 32
                    }
                  ],
                  "parent": 2,
                  "ID": 3,
                  "left": 4,
                  "right": 18
                }
              ],
              "parent": 1,
              "ID": 2,
              "left": 3
            }
          ],
          "parent": 0,
          "ID": 1,
          "left": 2
        }
      ],
      "parent": null,
      "ID": 0,
      "left": 1
    },
    "feat": {
      "utility": 0.0,
      "query_shape": [
        [
          "Seq Scan",
          "Append",
          "Hash Join",
          "Sort",
          "Aggregate",
          "Gather Merge",
          "Subquery Scan"
        ],
        [
          "Seq Scan",
          "Append",
          "Hash Join",
          "Sort",
          "Aggregate",
          "Gather Merge",
          "Subquery Scan"
        ],
        [
          "Seq Scan",
          "Hash",
          "Hash Join",
          "Sort",
          "Aggregate",
          "Gather Merge",
          "Subquery Scan",
          "Append"
        ],
        [
          "Seq Scan",
          "Hash",
          "Hash Join",
          "Sort",
          "Aggregate",
          "Gather Merge",
          "Subquery Scan",
          "Append"
        ],
        [
          "Seq Scan",
          "Append",
          "Hash Join",
          "Sort",
          "Gather Merge",
          "Aggregate",
          "Subquery Scan"
        ],
        [
          "Seq Scan",
          "Append",
          "Hash Join",
          "Sort",
          "Gather Merge",
          "Aggregate",
          "Subquery Scan"
        ],
        [
          "Seq Scan",
          "Hash",
          "Hash Join",
          "Sort",
          "Gather Merge",
          "Aggregate",
          "Subquery Scan",
          "Append"
        ],
        [
          "Seq Scan",
          "Hash",
          "Hash Join",
          "Sort",
          "Gather Merge",
          "Aggregate",
          "Subquery Scan",
          "Append"
        ],
        [
          "Seq Scan",
          "Hash Join",
          "Subquery Scan",
          "Append",
          "Sort",
          "Aggregate",
          "Gather Merge"
        ],
        [
          "Seq Scan",
          "Hash",
          "Hash Join",
          "Subquery Scan",
          "Append",
          "Sort",
          "Aggregate",
          "Gather Merge"
        ],
        [
          "Seq Scan",
          "Append",
          "Hash Join",
          "Sort",
          "Aggregate",
          "Gather Merge",
          "Subquery Scan"
        ],
        [
          "Seq Scan",
          "Hash",
          "Hash Join",
          "Sort",
          "Aggregate",
          "Gather Merge",
          "Subquery Scan",
          "Append"
        ],
        [
          "Seq Scan",
          "Hash",
          "Hash Join",
          "Sort",
          "Aggregate",
          "Gather Merge",
          "Subquery Scan",
          "Append"
        ]
      ],
      "index_shape": [],
      "physical_operator": {}
    }
  },
  {
    "query": "select count(*) \nfrom ((select distinct c_last_name, c_first_name, d_date\n       from store_sales, date_dim, customer\n       where store_sales.ss_sold_date_sk = date_dim.d_date_sk\n         and store_sales.ss_customer_sk = customer.c_customer_sk\n         and d_month_seq between 1210 and 1210+11)\n       except\n      (select distinct c_last_name, c_first_name, d_date\n       from catalog_sales, date_dim, customer\n       where catalog_sales.cs_sold_date_sk = date_dim.d_date_sk\n         and catalog_sales.cs_bill_customer_sk = customer.c_customer_sk\n         and d_month_seq between 1210 and 1210+11)\n       except\n      (select distinct c_last_name, c_first_name, d_date\n       from web_sales, date_dim, customer\n       where web_sales.ws_sold_date_sk = date_dim.d_date_sk\n         and web_sales.ws_bill_customer_sk = customer.c_customer_sk\n         and d_month_seq between 1210 and 1210+11)\n) cool_cust\n;\n\n-- end query 67 in stream 4 using template query87.tpl\n",
    "indexes": "customer.c_customer_sk",
    "wo plan est": {
      "Node Type": "Aggregate",
      "Strategy": "Plain",
      "Partial Mode": "Simple",
      "Parallel Aware": false,
      "Async Capable": false,
      "Startup Cost": 1554392.94,
      "Total Cost": 1554392.95,
      "Plan Rows": 1,
      "Plan Width": 8,
      "Plans": [
        {
          "Node Type": "Subquery Scan",
          "Parent Relationship": "Outer",
          "Parallel Aware": false,
          "Async Capable": false,
          "Alias": "cool_cust",
          "Startup Cost": 1550966.58,
          "Total Cost": 1554053.6,
          "Plan Rows": 135736,
          "Plan Width": 0,
          "Plans": [
            {
              "Node Type": "SetOp",
              "Strategy": "Sorted",
              "Parent Relationship": "Subquery",
              "Parallel Aware": false,
              "Async Capable": false,
              "Command": "Except",
              "Startup Cost": 1550966.58,
              "Total Cost": 1552696.24,
              "Plan Rows": 135736,
              "Plan Width": 216,
              "Plans": [
                {
                  "Node Type": "Sort",
                  "Parent Relationship": "Outer",
                  "Parallel Aware": false,
                  "Async Capable": false,
                  "Startup Cost": 1550966.58,
                  "Total Cost": 1551399.0,
                  "Plan Rows": 172966,
                  "Plan Width": 216,
                  "Sort Key": [
                    "\"*SELECT* 1\".c_last_name",
                    "\"*SELECT* 1\".c_first_name",
                    "\"*SELECT* 1\".d_date"
                  ],
                  "Plans": [
                    {
                      "Node Type": "Append",
                      "Parent Relationship": "Outer",
                      "Parallel Aware": false,
                      "Async Capable": false,
                      "Startup Cost": 1258710.95,
                      "Total Cost": 1518180.43,
                      "Plan Rows": 172966,
                      "Plan Width": 216,
                      "Subplans Removed": 0,
                      "Plans": [
                        {
                          "Node Type": "Result",
                          "Parent Relationship": "Member",
                          "Parallel Aware": false,
                          "Async Capable": false,
                          "Startup Cost": 1258710.95,
                          "Total Cost": 1262162.63,
                          "Plan Rows": 135736,
                          "Plan Width": 216,
                          "Plans": [
                            {
                              "Node Type": "SetOp",
                              "Strategy": "Sorted",
                              "Parent Relationship": "Outer",
                              "Parallel Aware": false,
                              "Async Capable": false,
                              "Command": "Except",
                              "Startup Cost": 1258710.95,
                              "Total Cost": 1260805.27,
                              "Plan Rows": 135736,
                              "Plan Width": 216,
                              "Plans": [
                                {
                                  "Node Type": "Sort",
                                  "Parent Relationship": "Outer",
                                  "Parallel Aware": false,
                                  "Async Capable": false,
                                  "Startup Cost": 1258710.95,
                                  "Total Cost": 1259234.53,
                                  "Plan Rows": 209432,
                                  "Plan Width": 216,
                                  "Sort Key": [
                                    "\"*SELECT* 1\".c_last_name",
                                    "\"*SELECT* 1\".c_first_name",
                                    "\"*SELECT* 1\".d_date"
                                  ],
                                  "Plans": [
                                    {
                                      "Node Type": "Append",
                                      "Parent Relationship": "Outer",
                                      "Parallel Aware": false,
                                      "Async Capable": false,
                                      "Startup Cost": 709393.12,
                                      "Total Cost": 1218725.23,
                                      "Plan Rows": 209432,
                                      "Plan Width": 216,
                                      "Subplans Removed": 0,
                                      "Plans": [
                                        {
                                          "Node Type": "Subquery Scan",
                                          "Parent Relationship": "Member",
                                          "Parallel Aware": false,
                                          "Async Capable": false,
                                          "Alias": "*SELECT* 1",
                                          "Startup Cost": 709393.12,
                                          "Total Cost": 727577.19,
                                          "Plan Rows": 135736,
                                          "Plan Width": 60,
                                          "Plans": [
                                            {
                                              "Node Type": "Unique",
                                              "Parent Relationship": "Subquery",
                                              "Parallel Aware": false,
                                              "Async Capable": false,
                                              "Startup Cost": 709393.12,
                                              "Total Cost": 726219.83,
                                              "Plan Rows": 135736,
                                              "Plan Width": 56,
                                              "Plans": [
                                                {
                                                  "Node Type": "Gather Merge",
                                                  "Parent Relationship": "Outer",
                                                  "Parallel Aware": false,
                                                  "Async Capable": false,
                                                  "Startup Cost": 709393.12,
                                                  "Total Cost": 725201.81,
                                                  "Plan Rows": 135736,
                                                  "Plan Width": 56,
                                                  "Workers Planned": 2,
                                                  "Plans": [
                                                    {
                                                      "Node Type": "Sort",
                                                      "Parent Relationship": "Outer",
                                                      "Parallel Aware": false,
                                                      "Async Capable": false,
                                                      "Startup Cost": 708393.09,
                                                      "Total Cost": 708534.49,
                                                      "Plan Rows": 56557,
                                                      "Plan Width": 56,
                                                      "Sort Key": [
                                                        "customer.c_last_name",
                                                        "customer.c_first_name",
                                                        "date_dim.d_date"
                                                      ],
                                                      "Plans": [
                                                        {
                                                          "Node Type": "Hash Join",
                                                          "Parent Relationship": "Outer",
                                                          "Parallel Aware": true,
                                                          "Async Capable": false,
                                                          "Join Type": "Inner",
                                                          "Startup Cost": 685057.92,
                                                          "Total Cost": 701993.15,
                                                          "Plan Rows": 56557,
                                                          "Plan Width": 56,
                                                          "Inner Unique": false,
                                                          "Hash Cond": "(customer.c_customer_sk = store_sales.ss_customer_sk)",
                                                          "Plans": [
                                                            {
                                                              "Node Type": "Seq Scan",
                                                              "Parent Relationship": "Outer",
                                                              "Parallel Aware": true,
                                                              "Async Capable": false,
                                                              "Relation Name": "customer",
                                                              "Alias": "customer",
                                                              "Startup Cost": 0.0,
                                                              "Total Cost": 15918.33,
                                                              "Plan Rows": 208333,
                                                              "Plan Width": 56,
                                                              "parent": 13,
                                                              "ID": 14
                                                            },
                                                            {
                                                              "Node Type": "Hash",
                                                              "Parent Relationship": "Inner",
                                                              "Parallel Aware": true,
                                                              "Async Capable": false,
                                                              "Startup Cost": 684317.13,
                                                              "Total Cost": 684317.13,
                                                              "Plan Rows": 59263,
                                                              "Plan Width": 8,
                                                              "Plans": [
                                                                {
                                                                  "Node Type": "Hash Join",
                                                                  "Parent Relationship": "Outer",
                                                                  "Parallel Aware": true,
                                                                  "Async Capable": false,
                                                                  "Join Type": "Inner",
                                                                  "Startup Cost": 2052.33,
                                                                  "Total Cost": 684317.13,
                                                                  "Plan Rows": 59263,
                                                                  "Plan Width": 8,
                                                                  "Inner Unique": false,
                                                                  "Hash Cond": "(store_sales.ss_sold_date_sk = date_dim.d_date_sk)",
                                                                  "Plans": [
                                                                    {
                                                                      "Node Type": "Seq Scan",
                                                                      "Parent Relationship": "Outer",
                                                                      "Parallel Aware": true,
                                                                      "Async Capable": false,
                                                                      "Relation Name": "store_sales",
                                                                      "Alias": "store_sales",
                                                                      "Startup Cost": 0.0,
                                                                      "Total Cost": 636914.37,
                                                                      "Plan Rows": 12000637,
                                                                      "Plan Width": 8,
                                                                      "parent": 16,
                                                                      "ID": 17
                                                                    },
                                                                    {
                                                                      "Node Type": "Hash",
                                                                      "Parent Relationship": "Inner",
                                                                      "Parallel Aware": true,
                                                                      "Async Capable": false,
                                                                      "Startup Cost": 2049.55,
                                                                      "Total Cost": 2049.55,
                                                                      "Plan Rows": 222,
                                                                      "Plan Width": 8,
                                                                      "Plans": [
                                                                        {
                                                                          "Node Type": "Seq Scan",
                                                                          "Parent Relationship": "Outer",
                                                                          "Parallel Aware": true,
                                                                          "Async Capable": false,
                                                                          "Relation Name": "date_dim",
                                                                          "Alias": "date_dim",
                                                                          "Startup Cost": 0.0,
                                                                          "Total Cost": 2049.55,
                                                                          "Plan Rows": 222,
                                                                          "Plan Width": 8,
                                                                          "Filter": "((d_month_seq >= 1210) AND (d_month_seq <= 1221))",
                                                                          "parent": 18,
                                                                          "ID": 19
                                                                        }
                                                                      ],
                                                                      "parent": 16,
                                                                      "ID": 18,
                                                                      "left": 19
                                                                    }
                                                                  ],
                                                                  "parent": 15,
                                                                  "ID": 16,
                                                                  "left": 17,
                                                                  "right": 18
                                                                }
                                                              ],
                                                              "parent": 13,
                                                              "ID": 15,
                                                              "left": 16
                                                            }
                                                          ],
                                                          "parent": 12,
                                                          "ID": 13,
                                                          "left": 14,
                                                          "right": 15
                                                        }
                                                      ],
                                                      "parent": 11,
                                                      "ID": 12,
                                                      "left": 13
                                                    }
                                                  ],
                                                  "parent": 10,
                                                  "ID": 11,
                                                  "left": 12
                                                }
                                              ],
                                              "parent": 9,
                                              "ID": 10,
                                              "left": 11
                                            }
                                          ],
                                          "parent": 8,
                                          "ID": 9,
                                          "left": 10
                                        },
                                        {
                                          "Node Type": "Subquery Scan",
                                          "Parent Relationship": "Member",
                                          "Parallel Aware": false,
                                          "Async Capable": false,
                                          "Alias": "*SELECT* 2",
                                          "Startup Cost": 480228.08,
                                          "Total Cost": 490100.87,
                                          "Plan Rows": 73696,
                                          "Plan Width": 60,
                                          "Plans": [
                                            {
                                              "Node Type": "Unique",
                                              "Parent Relationship": "Subquery",
                                              "Parallel Aware": false,
                                              "Async Capable": false,
                                              "Startup Cost": 480228.08,
                                              "Total Cost": 489363.91,
                                              "Plan Rows": 73696,
                                              "Plan Width": 56,
                                              "Plans": [
                                                {
                                                  "Node Type": "Gather Merge",
                                                  "Parent Relationship": "Outer",
                                                  "Parallel Aware": false,
                                                  "Async Capable": false,
                                                  "Startup Cost": 480228.08,
                                                  "Total Cost": 488811.19,
                                                  "Plan Rows": 73696,
                                                  "Plan Width": 56,
                                                  "Workers Planned": 2,
                                                  "Plans": [
                                                    {
                                                      "Node Type": "Sort",
                                                      "Parent Relationship": "Outer",
                                                      "Parallel Aware": false,
                                                      "Async Capable": false,
                                                      "Startup Cost": 479228.05,
                                                      "Total Cost": 479304.82,
                                                      "Plan Rows": 30707,
                                                      "Plan Width": 56,
                                                      "Sort Key": [
                                                        "customer_1.c_last_name",
                                                        "customer_1.c_first_name",
                                                        "date_dim_1.d_date"
                                                      ],
                                                      "Plans": [
                                                        {
                                                          "Node Type": "Hash Join",
                                                          "Parent Relationship": "Outer",
                                                          "Parallel Aware": true,
                                                          "Async Capable": false,
                                                          "Join Type": "Inner",
                                                          "Startup Cost": 458809.82,
                                                          "Total Cost": 476939.42,
                                                          "Plan Rows": 30707,
                                                          "Plan Width": 56,
                                                          "Inner Unique": false,
                                                          "Hash Cond": "(customer_1.c_customer_sk = catalog_sales.cs_bill_customer_sk)",
                                                          "Plans": [
                                                            {
                                                              "Node Type": "Seq Scan",
                                                              "Parent Relationship": "Outer",
                                                              "Parallel Aware": true,
                                                              "Async Capable": false,
                                                              "Relation Name": "customer",
                                                              "Alias": "customer_1",
                                                              "Startup Cost": 0.0,
                                                              "Total Cost": 15918.33,
                                                              "Plan Rows": 208333,
                                                              "Plan Width": 56,
                                                              "parent": 24,
                                                              "ID": 25
                                                            },
                                                            {
                                                              "Node Type": "Hash",
                                                              "Parent Relationship": "Inner",
                                                              "Parallel Aware": true,
                                                              "Async Capable": false,
                                                              "Startup Cost": 458423.88,
                                                              "Total Cost": 458423.88,
                                                              "Plan Rows": 30875,
                                                              "Plan Width": 8,
                                                              "Plans": [
                                                                {
                                                                  "Node Type": "Hash Join",
                                                                  "Parent Relationship": "Outer",
                                                                  "Parallel Aware": true,
                                                                  "Async Capable": false,
                                                                  "Join Type": "Inner",
                                                                  "Startup Cost": 2052.33,
                                                                  "Total Cost": 458423.88,
                                                                  "Plan Rows": 30875,
                                                                  "Plan Width": 8,
                                                                  "Inner Unique": false,
                                                                  "Hash Cond": "(catalog_sales.cs_sold_date_sk = date_dim_1.d_date_sk)",
                                                                  "Plans": [
                                                                    {
                                                                      "Node Type": "Seq Scan",
                                                                      "Parent Relationship": "Outer",
                                                                      "Parallel Aware": true,
                                                                      "Async Capable": false,
                                                                      "Relation Name": "catalog_sales",
                                                                      "Alias": "catalog_sales",
                                                                      "Startup Cost": 0.0,
                                                                      "Total Cost": 433688.25,
                                                                      "Plan Rows": 6000525,
                                                                      "Plan Width": 8,
                                                                      "parent": 27,
                                                                      "ID": 28
                                                                    },
                                                                    {
                                                                      "Node Type": "Hash",
                                                                      "Parent Relationship": "Inner",
                                                                      "Parallel Aware": true,
                                                                      "Async Capable": false,
                                                                      "Startup Cost": 2049.55,
                                                                      "Total Cost": 2049.55,
                                                                      "Plan Rows": 222,
                                                                      "Plan Width": 8,
                                                                      "Plans": [
                                                                        {
                                                                          "Node Type": "Seq Scan",
                                                                          "Parent Relationship": "Outer",
                                                                          "Parallel Aware": true,
                                                                          "Async Capable": false,
                                                                          "Relation Name": "date_dim",
                                                                          "Alias": "date_dim_1",
                                                                          "Startup Cost": 0.0,
                                                                          "Total Cost": 2049.55,
                                                                          "Plan Rows": 222,
                                                                          "Plan Width": 8,
                                                                          "Filter": "((d_month_seq >= 1210) AND (d_month_seq <= 1221))",
                                                                          "parent": 29,
                                                                          "ID": 30
                                                                        }
                                                                      ],
                                                                      "parent": 27,
                                                                      "ID": 29,
                                                                      "left": 30
                                                                    }
                                                                  ],
                                                                  "parent": 26,
                                                                  "ID": 27,
                                                                  "left": 28,
                                                                  "right": 29
                                                                }
                                                              ],
                                                              "parent": 24,
                                                              "ID": 26,
                                                              "left": 27
                                                            }
                                                          ],
                                                          "parent": 23,
                                                          "ID": 24,
                                                          "left": 25,
                                                          "right": 26
                                                        }
                                                      ],
                                                      "parent": 22,
                                                      "ID": 23,
                                                      "left": 24
                                                    }
                                                  ],
                                                  "parent": 21,
                                                  "ID": 22,
                                                  "left": 23
                                                }
                                              ],
                                              "parent": 20,
                                              "ID": 21,
                                              "left": 22
                                            }
                                          ],
                                          "parent": 8,
                                          "ID": 20,
                                          "left": 21
                                        }
                                      ],
                                      "parent": 7,
                                      "ID": 8,
                                      "left": 9,
                                      "right": 20
                                    }
                                  ],
                                  "parent": 6,
                                  "ID": 7,
                                  "left": 8
                                }
                              ],
                              "parent": 5,
                              "ID": 6,
                              "left": 7
                            }
                          ],
                          "parent": 4,
                          "ID": 5,
                          "left": 6
                        },
                        {
                          "Node Type": "Subquery Scan",
                          "Parent Relationship": "Member",
                          "Parallel Aware": false,
                          "Async Capable": false,
                          "Alias": "*SELECT* 3",
                          "Startup Cost": 250165.39,
                          "Total Cost": 255152.97,
                          "Plan Rows": 37230,
                          "Plan Width": 60,
                          "Plans": [
                            {
                              "Node Type": "Unique",
                              "Parent Relationship": "Subquery",
                              "Parallel Aware": false,
                              "Async Capable": false,
                              "Startup Cost": 250165.39,
                              "Total Cost": 254780.67,
                              "Plan Rows": 37230,
                              "Plan Width": 56,
                              "Plans": [
                                {
                                  "Node Type": "Gather Merge",
                                  "Parent Relationship": "Outer",
                                  "Parallel Aware": false,
                                  "Async Capable": false,
                                  "Startup Cost": 250165.39,
                                  "Total Cost": 254501.44,
                                  "Plan Rows": 37230,
                                  "Plan Width": 56,
                                  "Workers Planned": 2,
                                  "Plans": [
                                    {
                                      "Node Type": "Sort",
                                      "Parent Relationship": "Outer",
                                      "Parallel Aware": false,
                                      "Async Capable": false,
                                      "Startup Cost": 249165.37,
                                      "Total Cost": 249204.15,
                                      "Plan Rows": 15512,
                                      "Plan Width": 56,
                                      "Sort Key": [
                                        "customer_2.c_last_name",
                                        "customer_2.c_first_name",
                                        "date_dim_2.d_date"
                                      ],
                                      "Plans": [
                                        {
                                          "Node Type": "Hash Join",
                                          "Parent Relationship": "Outer",
                                          "Parallel Aware": true,
                                          "Async Capable": false,
                                          "Join Type": "Inner",
                                          "Startup Cost": 231321.44,
                                          "Total Cost": 248085.65,
                                          "Plan Rows": 15512,
                                          "Plan Width": 56,
                                          "Inner Unique": false,
                                          "Hash Cond": "(customer_2.c_customer_sk = web_sales.ws_bill_customer_sk)",
                                          "Plans": [
                                            {
                                              "Node Type": "Seq Scan",
                                              "Parent Relationship": "Outer",
                                              "Parallel Aware": true,
                                              "Async Capable": false,
                                              "Relation Name": "customer",
                                              "Alias": "customer_2",
                                              "Startup Cost": 0.0,
                                              "Total Cost": 15918.33,
                                              "Plan Rows": 208333,
                                              "Plan Width": 56,
                                              "parent": 35,
                                              "ID": 36
                                            },
                                            {
                                              "Node Type": "Hash",
                                              "Parent Relationship": "Inner",
                                              "Parallel Aware": true,
                                              "Async Capable": false,
                                              "Startup Cost": 231127.5,
                                              "Total Cost": 231127.5,
                                              "Plan Rows": 15515,
                                              "Plan Width": 8,
                                              "Plans": [
                                                {
                                                  "Node Type": "Hash Join",
                                                  "Parent Relationship": "Outer",
                                                  "Parallel Aware": true,
                                                  "Async Capable": false,
                                                  "Join Type": "Inner",
                                                  "Startup Cost": 2052.33,
                                                  "Total Cost": 231127.5,
                                                  "Plan Rows": 15515,
                                                  "Plan Width": 8,
                                                  "Inner Unique": false,
                                                  "Hash Cond": "(web_sales.ws_sold_date_sk = date_dim_2.d_date_sk)",
                                                  "Plans": [
                                                    {
                                                      "Node Type": "Seq Scan",
                                                      "Parent Relationship": "Outer",
                                                      "Parallel Aware": true,
                                                      "Async Capable": false,
                                                      "Relation Name": "web_sales",
                                                      "Alias": "web_sales",
                                                      "Startup Cost": 0.0,
                                                      "Total Cost": 217737.86,
                                                      "Plan Rows": 2998986,
                                                      "Plan Width": 8,
                                                      "parent": 38,
                                                      "ID": 39
                                                    },
                                                    {
                                                      "Node Type": "Hash",
                                                      "Parent Relationship": "Inner",
                                                      "Parallel Aware": true,
                                                      "Async Capable": false,
                                                      "Startup Cost": 2049.55,
                                                      "Total Cost": 2049.55,
                                                      "Plan Rows": 222,
                                                      "Plan Width": 8,
                                                      "Plans": [
                                                        {
                                                          "Node Type": "Seq Scan",
                                                          "Parent Relationship": "Outer",
                                                          "Parallel Aware": true,
                                                          "Async Capable": false,
                                                          "Relation Name": "date_dim",
                                                          "Alias": "date_dim_2",
                                                          "Startup Cost": 0.0,
                                                          "Total Cost": 2049.55,
                                                          "Plan Rows": 222,
                                                          "Plan Width": 8,
                                                          "Filter": "((d_month_seq >= 1210) AND (d_month_seq <= 1221))",
                                                          "parent": 40,
                                                          "ID": 41
                                                        }
                                                      ],
                                                      "parent": 38,
                                                      "ID": 40,
                                                      "left": 41
                                                    }
                                                  ],
                                                  "parent": 37,
                                                  "ID": 38,
                                                  "left": 39,
                                                  "right": 40
                                                }
                                              ],
                                              "parent": 35,
                                              "ID": 37,
                                              "left": 38
                                            }
                                          ],
                                          "parent": 34,
                                          "ID": 35,
                                          "left": 36,
                                          "right": 37
                                        }
                                      ],
                                      "parent": 33,
                                      "ID": 34,
                                      "left": 35
                                    }
                                  ],
                                  "parent": 32,
                                  "ID": 33,
                                  "left": 34
                                }
                              ],
                              "parent": 31,
                              "ID": 32,
                              "left": 33
                            }
                          ],
                          "parent": 4,
                          "ID": 31,
                          "left": 32
                        }
                      ],
                      "parent": 3,
                      "ID": 4,
                      "left": 5,
                      "right": 31
                    }
                  ],
                  "parent": 2,
                  "ID": 3,
                  "left": 4
                }
              ],
              "parent": 1,
              "ID": 2,
              "left": 3
            }
          ],
          "parent": 0,
          "ID": 1,
          "left": 2
        }
      ],
      "parent": null,
      "ID": 0,
      "left": 1
    },
    "feat": {
      "utility": 0.003947068438317986,
      "query_shape": [
        [
          "Seq Scan",
          "Hash Join",
          "Sort",
          "Gather Merge",
          "Unique",
          "Subquery Scan",
          "Append",
          "SetOp",
          "Result"
        ],
        [
          "Seq Scan",
          "Hash Join",
          "Hash",
          "Sort",
          "Gather Merge",
          "Unique",
          "Subquery Scan",
          "Append",
          "SetOp",
          "Result"
        ],
        [
          "Seq Scan",
          "Hash",
          "Hash Join",
          "Sort",
          "Gather Merge",
          "Unique",
          "Subquery Scan",
          "Append",
          "SetOp",
          "Result"
        ],
        [
          "Seq Scan",
          "Hash Join",
          "Sort",
          "Gather Merge",
          "Unique",
          "Subquery Scan",
          "Append",
          "SetOp",
          "Result"
        ],
        [
          "Seq Scan",
          "Hash Join",
          "Hash",
          "Sort",
          "Gather Merge",
          "Unique",
          "Subquery Scan",
          "Append",
          "SetOp",
          "Result"
        ],
        [
          "Seq Scan",
          "Hash",
          "Hash Join",
          "Sort",
          "Gather Merge",
          "Unique",
          "Subquery Scan",
          "Append",
          "SetOp",
          "Result"
        ],
        [
          "Seq Scan",
          "Hash Join",
          "Sort",
          "Gather Merge",
          "Unique",
          "Subquery Scan",
          "Append",
          "SetOp"
        ],
        [
          "Seq Scan",
          "Hash Join",
          "Hash",
          "Sort",
          "Gather Merge",
          "Unique",
          "Subquery Scan",
          "Append",
          "SetOp"
        ],
        [
          "Seq Scan",
          "Hash",
          "Hash Join",
          "Sort",
          "Gather Merge",
          "Unique",
          "Subquery Scan",
          "Append",
          "SetOp"
        ]
      ],
      "index_shape": [
        "join"
      ],
      "physical_operator": {
        "Hash Join": [
          0.0021402885703986655,
          0.002184923206796886,
          0.002190680155673909
        ]
      }
    }
  },
  {
    "query": "select count(*) \nfrom ((select distinct c_last_name, c_first_name, d_date\n       from store_sales, date_dim, customer\n       where store_sales.ss_sold_date_sk = date_dim.d_date_sk\n         and store_sales.ss_customer_sk = customer.c_customer_sk\n         and d_month_seq between 1210 and 1210+11)\n       except\n      (select distinct c_last_name, c_first_name, d_date\n       from catalog_sales, date_dim, customer\n       where catalog_sales.cs_sold_date_sk = date_dim.d_date_sk\n         and catalog_sales.cs_bill_customer_sk = customer.c_customer_sk\n         and d_month_seq between 1210 and 1210+11)\n       except\n      (select distinct c_last_name, c_first_name, d_date\n       from web_sales, date_dim, customer\n       where web_sales.ws_sold_date_sk = date_dim.d_date_sk\n         and web_sales.ws_bill_customer_sk = customer.c_customer_sk\n         and d_month_seq between 1210 and 1210+11)\n) cool_cust\n;\n\n-- end query 67 in stream 4 using template query87.tpl\n",
    "indexes": "customer.c_last_name",
    "wo plan est": {
      "Node Type": "Aggregate",
      "Strategy": "Plain",
      "Partial Mode": "Simple",
      "Parallel Aware": false,
      "Async Capable": false,
      "Startup Cost": 1554392.94,
      "Total Cost": 1554392.95,
      "Plan Rows": 1,
      "Plan Width": 8,
      "Plans": [
        {
          "Node Type": "Subquery Scan",
          "Parent Relationship": "Outer",
          "Parallel Aware": false,
          "Async Capable": false,
          "Alias": "cool_cust",
          "Startup Cost": 1550966.58,
          "Total Cost": 1554053.6,
          "Plan Rows": 135736,
          "Plan Width": 0,
          "Plans": [
            {
              "Node Type": "SetOp",
              "Strategy": "Sorted",
              "Parent Relationship": "Subquery",
              "Parallel Aware": false,
              "Async Capable": false,
              "Command": "Except",
              "Startup Cost": 1550966.58,
              "Total Cost": 1552696.24,
              "Plan Rows": 135736,
              "Plan Width": 216,
              "Plans": [
                {
                  "Node Type": "Sort",
                  "Parent Relationship": "Outer",
                  "Parallel Aware": false,
                  "Async Capable": false,
                  "Startup Cost": 1550966.58,
                  "Total Cost": 1551399.0,
                  "Plan Rows": 172966,
                  "Plan Width": 216,
                  "Sort Key": [
                    "\"*SELECT* 1\".c_last_name",
                    "\"*SELECT* 1\".c_first_name",
                    "\"*SELECT* 1\".d_date"
                  ],
                  "Plans": [
                    {
                      "Node Type": "Append",
                      "Parent Relationship": "Outer",
                      "Parallel Aware": false,
                      "Async Capable": false,
                      "Startup Cost": 1258710.95,
                      "Total Cost": 1518180.43,
                      "Plan Rows": 172966,
                      "Plan Width": 216,
                      "Subplans Removed": 0,
                      "Plans": [
                        {
                          "Node Type": "Result",
                          "Parent Relationship": "Member",
                          "Parallel Aware": false,
                          "Async Capable": false,
                          "Startup Cost": 1258710.95,
                          "Total Cost": 1262162.63,
                          "Plan Rows": 135736,
                          "Plan Width": 216,
                          "Plans": [
                            {
                              "Node Type": "SetOp",
                              "Strategy": "Sorted",
                              "Parent Relationship": "Outer",
                              "Parallel Aware": false,
                              "Async Capable": false,
                              "Command": "Except",
                              "Startup Cost": 1258710.95,
                              "Total Cost": 1260805.27,
                              "Plan Rows": 135736,
                              "Plan Width": 216,
                              "Plans": [
                                {
                                  "Node Type": "Sort",
                                  "Parent Relationship": "Outer",
                                  "Parallel Aware": false,
                                  "Async Capable": false,
                                  "Startup Cost": 1258710.95,
                                  "Total Cost": 1259234.53,
                                  "Plan Rows": 209432,
                                  "Plan Width": 216,
                                  "Sort Key": [
                                    "\"*SELECT* 1\".c_last_name",
                                    "\"*SELECT* 1\".c_first_name",
                                    "\"*SELECT* 1\".d_date"
                                  ],
                                  "Plans": [
                                    {
                                      "Node Type": "Append",
                                      "Parent Relationship": "Outer",
                                      "Parallel Aware": false,
                                      "Async Capable": false,
                                      "Startup Cost": 709393.12,
                                      "Total Cost": 1218725.23,
                                      "Plan Rows": 209432,
                                      "Plan Width": 216,
                                      "Subplans Removed": 0,
                                      "Plans": [
                                        {
                                          "Node Type": "Subquery Scan",
                                          "Parent Relationship": "Member",
                                          "Parallel Aware": false,
                                          "Async Capable": false,
                                          "Alias": "*SELECT* 1",
                                          "Startup Cost": 709393.12,
                                          "Total Cost": 727577.19,
                                          "Plan Rows": 135736,
                                          "Plan Width": 60,
                                          "Plans": [
                                            {
                                              "Node Type": "Unique",
                                              "Parent Relationship": "Subquery",
                                              "Parallel Aware": false,
                                              "Async Capable": false,
                                              "Startup Cost": 709393.12,
                                              "Total Cost": 726219.83,
                                              "Plan Rows": 135736,
                                              "Plan Width": 56,
                                              "Plans": [
                                                {
                                                  "Node Type": "Gather Merge",
                                                  "Parent Relationship": "Outer",
                                                  "Parallel Aware": false,
                                                  "Async Capable": false,
                                                  "Startup Cost": 709393.12,
                                                  "Total Cost": 725201.81,
                                                  "Plan Rows": 135736,
                                                  "Plan Width": 56,
                                                  "Workers Planned": 2,
                                                  "Plans": [
                                                    {
                                                      "Node Type": "Sort",
                                                      "Parent Relationship": "Outer",
                                                      "Parallel Aware": false,
                                                      "Async Capable": false,
                                                      "Startup Cost": 708393.09,
                                                      "Total Cost": 708534.49,
                                                      "Plan Rows": 56557,
                                                      "Plan Width": 56,
                                                      "Sort Key": [
                                                        "customer.c_last_name",
                                                        "customer.c_first_name",
                                                        "date_dim.d_date"
                                                      ],
                                                      "Plans": [
                                                        {
                                                          "Node Type": "Hash Join",
                                                          "Parent Relationship": "Outer",
                                                          "Parallel Aware": true,
                                                          "Async Capable": false,
                                                          "Join Type": "Inner",
                                                          "Startup Cost": 685057.92,
                                                          "Total Cost": 701993.15,
                                                          "Plan Rows": 56557,
                                                          "Plan Width": 56,
                                                          "Inner Unique": false,
                                                          "Hash Cond": "(customer.c_customer_sk = store_sales.ss_customer_sk)",
                                                          "Plans": [
                                                            {
                                                              "Node Type": "Seq Scan",
                                                              "Parent Relationship": "Outer",
                                                              "Parallel Aware": true,
                                                              "Async Capable": false,
                                                              "Relation Name": "customer",
                                                              "Alias": "customer",
                                                              "Startup Cost": 0.0,
                                                              "Total Cost": 15918.33,
                                                              "Plan Rows": 208333,
                                                              "Plan Width": 56,
                                                              "parent": 13,
                                                              "ID": 14
                                                            },
                                                            {
                                                              "Node Type": "Hash",
                                                              "Parent Relationship": "Inner",
                                                              "Parallel Aware": true,
                                                              "Async Capable": false,
                                                              "Startup Cost": 684317.13,
                                                              "Total Cost": 684317.13,
                                                              "Plan Rows": 59263,
                                                              "Plan Width": 8,
                                                              "Plans": [
                                                                {
                                                                  "Node Type": "Hash Join",
                                                                  "Parent Relationship": "Outer",
                                                                  "Parallel Aware": true,
                                                                  "Async Capable": false,
                                                                  "Join Type": "Inner",
                                                                  "Startup Cost": 2052.33,
                                                                  "Total Cost": 684317.13,
                                                                  "Plan Rows": 59263,
                                                                  "Plan Width": 8,
                                                                  "Inner Unique": false,
                                                                  "Hash Cond": "(store_sales.ss_sold_date_sk = date_dim.d_date_sk)",
                                                                  "Plans": [
                                                                    {
                                                                      "Node Type": "Seq Scan",
                                                                      "Parent Relationship": "Outer",
                                                                      "Parallel Aware": true,
                                                                      "Async Capable": false,
                                                                      "Relation Name": "store_sales",
                                                                      "Alias": "store_sales",
                                                                      "Startup Cost": 0.0,
                                                                      "Total Cost": 636914.37,
                                                                      "Plan Rows": 12000637,
                                                                      "Plan Width": 8,
                                                                      "parent": 16,
                                                                      "ID": 17
                                                                    },
                                                                    {
                                                                      "Node Type": "Hash",
                                                                      "Parent Relationship": "Inner",
                                                                      "Parallel Aware": true,
                                                                      "Async Capable": false,
                                                                      "Startup Cost": 2049.55,
                                                                      "Total Cost": 2049.55,
                                                                      "Plan Rows": 222,
                                                                      "Plan Width": 8,
                                                                      "Plans": [
                                                                        {
                                                                          "Node Type": "Seq Scan",
                                                                          "Parent Relationship": "Outer",
                                                                          "Parallel Aware": true,
                                                                          "Async Capable": false,
                                                                          "Relation Name": "date_dim",
                                                                          "Alias": "date_dim",
                                                                          "Startup Cost": 0.0,
                                                                          "Total Cost": 2049.55,
                                                                          "Plan Rows": 222,
                                                                          "Plan Width": 8,
                                                                          "Filter": "((d_month_seq >= 1210) AND (d_month_seq <= 1221))",
                                                                          "parent": 18,
                                                                          "ID": 19
                                                                        }
                                                                      ],
                                                                      "parent": 16,
                                                                      "ID": 18,
                                                                      "left": 19
                                                                    }
                                                                  ],
                                                                  "parent": 15,
                                                                  "ID": 16,
                                                                  "left": 17,
                                                                  "right": 18
                                                                }
                                                              ],
                                                              "parent": 13,
                                                              "ID": 15,
                                                              "left": 16
                                                            }
                                                          ],
                                                          "parent": 12,
                                                          "ID": 13,
                                                          "left": 14,
                                                          "right": 15
                                                        }
                                                      ],
                                                      "parent": 11,
                                                      "ID": 12,
                                                      "left": 13
                                                    }
                                                  ],
                                                  "parent": 10,
                                                  "ID": 11,
                                                  "left": 12
                                                }
                                              ],
                                              "parent": 9,
                                              "ID": 10,
                                              "left": 11
                                            }
                                          ],
                                          "parent": 8,
                                          "ID": 9,
                                          "left": 10
                                        },
                                        {
                                          "Node Type": "Subquery Scan",
                                          "Parent Relationship": "Member",
                                          "Parallel Aware": false,
                                          "Async Capable": false,
                                          "Alias": "*SELECT* 2",
                                          "Startup Cost": 480228.08,
                                          "Total Cost": 490100.87,
                                          "Plan Rows": 73696,
                                          "Plan Width": 60,
                                          "Plans": [
                                            {
                                              "Node Type": "Unique",
                                              "Parent Relationship": "Subquery",
                                              "Parallel Aware": false,
                                              "Async Capable": false,
                                              "Startup Cost": 480228.08,
                                              "Total Cost": 489363.91,
                                              "Plan Rows": 73696,
                                              "Plan Width": 56,
                                              "Plans": [
                                                {
                                                  "Node Type": "Gather Merge",
                                                  "Parent Relationship": "Outer",
                                                  "Parallel Aware": false,
                                                  "Async Capable": false,
                                                  "Startup Cost": 480228.08,
                                                  "Total Cost": 488811.19,
                                                  "Plan Rows": 73696,
                                                  "Plan Width": 56,
                                                  "Workers Planned": 2,
                                                  "Plans": [
                                                    {
                                                      "Node Type": "Sort",
                                                      "Parent Relationship": "Outer",
                                                      "Parallel Aware": false,
                                                      "Async Capable": false,
                                                      "Startup Cost": 479228.05,
                                                      "Total Cost": 479304.82,
                                                      "Plan Rows": 30707,
                                                      "Plan Width": 56,
                                                      "Sort Key": [
                                                        "customer_1.c_last_name",
                                                        "customer_1.c_first_name",
                                                        "date_dim_1.d_date"
                                                      ],
                                                      "Plans": [
                                                        {
                                                          "Node Type": "Hash Join",
                                                          "Parent Relationship": "Outer",
                                                          "Parallel Aware": true,
                                                          "Async Capable": false,
                                                          "Join Type": "Inner",
                                                          "Startup Cost": 458809.82,
                                                          "Total Cost": 476939.42,
                                                          "Plan Rows": 30707,
                                                          "Plan Width": 56,
                                                          "Inner Unique": false,
                                                          "Hash Cond": "(customer_1.c_customer_sk = catalog_sales.cs_bill_customer_sk)",
                                                          "Plans": [
                                                            {
                                                              "Node Type": "Seq Scan",
                                                              "Parent Relationship": "Outer",
                                                              "Parallel Aware": true,
                                                              "Async Capable": false,
                                                              "Relation Name": "customer",
                                                              "Alias": "customer_1",
                                                              "Startup Cost": 0.0,
                                                              "Total Cost": 15918.33,
                                                              "Plan Rows": 208333,
                                                              "Plan Width": 56,
                                                              "parent": 24,
                                                              "ID": 25
                                                            },
                                                            {
                                                              "Node Type": "Hash",
                                                              "Parent Relationship": "Inner",
                                                              "Parallel Aware": true,
                                                              "Async Capable": false,
                                                              "Startup Cost": 458423.88,
                                                              "Total Cost": 458423.88,
                                                              "Plan Rows": 30875,
                                                              "Plan Width": 8,
                                                              "Plans": [
                                                                {
                                                                  "Node Type": "Hash Join",
                                                                  "Parent Relationship": "Outer",
                                                                  "Parallel Aware": true,
                                                                  "Async Capable": false,
                                                                  "Join Type": "Inner",
                                                                  "Startup Cost": 2052.33,
                                                                  "Total Cost": 458423.88,
                                                                  "Plan Rows": 30875,
                                                                  "Plan Width": 8,
                                                                  "Inner Unique": false,
                                                                  "Hash Cond": "(catalog_sales.cs_sold_date_sk = date_dim_1.d_date_sk)",
                                                                  "Plans": [
                                                                    {
                                                                      "Node Type": "Seq Scan",
                                                                      "Parent Relationship": "Outer",
                                                                      "Parallel Aware": true,
                                                                      "Async Capable": false,
                                                                      "Relation Name": "catalog_sales",
                                                                      "Alias": "catalog_sales",
                                                                      "Startup Cost": 0.0,
                                                                      "Total Cost": 433688.25,
                                                                      "Plan Rows": 6000525,
                                                                      "Plan Width": 8,
                                                                      "parent": 27,
                                                                      "ID": 28
                                                                    },
                                                                    {
                                                                      "Node Type": "Hash",
                                                                      "Parent Relationship": "Inner",
                                                                      "Parallel Aware": true,
                                                                      "Async Capable": false,
                                                                      "Startup Cost": 2049.55,
                                                                      "Total Cost": 2049.55,
                                                                      "Plan Rows": 222,
                                                                      "Plan Width": 8,
                                                                      "Plans": [
                                                                        {
                                                                          "Node Type": "Seq Scan",
                                                                          "Parent Relationship": "Outer",
                                                                          "Parallel Aware": true,
                                                                          "Async Capable": false,
                                                                          "Relation Name": "date_dim",
                                                                          "Alias": "date_dim_1",
                                                                          "Startup Cost": 0.0,
                                                                          "Total Cost": 2049.55,
                                                                          "Plan Rows": 222,
                                                                          "Plan Width": 8,
                                                                          "Filter": "((d_month_seq >= 1210) AND (d_month_seq <= 1221))",
                                                                          "parent": 29,
                                                                          "ID": 30
                                                                        }
                                                                      ],
                                                                      "parent": 27,
                                                                      "ID": 29,
                                                                      "left": 30
                                                                    }
                                                                  ],
                                                                  "parent": 26,
                                                                  "ID": 27,
                                                                  "left": 28,
                                                                  "right": 29
                                                                }
                                                              ],
                                                              "parent": 24,
                                                              "ID": 26,
                                                              "left": 27
                                                            }
                                                          ],
                                                          "parent": 23,
                                                          "ID": 24,
                                                          "left": 25,
                                                          "right": 26
                                                        }
                                                      ],
                                                      "parent": 22,
                                                      "ID": 23,
                                                      "left": 24
                                                    }
                                                  ],
                                                  "parent": 21,
                                                  "ID": 22,
                                                  "left": 23
                                                }
                                              ],
                                              "parent": 20,
                                              "ID": 21,
                                              "left": 22
                                            }
                                          ],
                                          "parent": 8,
                                          "ID": 20,
                                          "left": 21
                                        }
                                      ],
                                      "parent": 7,
                                      "ID": 8,
                                      "left": 9,
                                      "right": 20
                                    }
                                  ],
                                  "parent": 6,
                                  "ID": 7,
                                  "left": 8
                                }
                              ],
                              "parent": 5,
                              "ID": 6,
                              "left": 7
                            }
                          ],
                          "parent": 4,
                          "ID": 5,
                          "left": 6
                        },
                        {
                          "Node Type": "Subquery Scan",
                          "Parent Relationship": "Member",
                          "Parallel Aware": false,
                          "Async Capable": false,
                          "Alias": "*SELECT* 3",
                          "Startup Cost": 250165.39,
                          "Total Cost": 255152.97,
                          "Plan Rows": 37230,
                          "Plan Width": 60,
                          "Plans": [
                            {
                              "Node Type": "Unique",
                              "Parent Relationship": "Subquery",
                              "Parallel Aware": false,
                              "Async Capable": false,
                              "Startup Cost": 250165.39,
                              "Total Cost": 254780.67,
                              "Plan Rows": 37230,
                              "Plan Width": 56,
                              "Plans": [
                                {
                                  "Node Type": "Gather Merge",
                                  "Parent Relationship": "Outer",
                                  "Parallel Aware": false,
                                  "Async Capable": false,
                                  "Startup Cost": 250165.39,
                                  "Total Cost": 254501.44,
                                  "Plan Rows": 37230,
                                  "Plan Width": 56,
                                  "Workers Planned": 2,
                                  "Plans": [
                                    {
                                      "Node Type": "Sort",
                                      "Parent Relationship": "Outer",
                                      "Parallel Aware": false,
                                      "Async Capable": false,
                                      "Startup Cost": 249165.37,
                                      "Total Cost": 249204.15,
                                      "Plan Rows": 15512,
                                      "Plan Width": 56,
                                      "Sort Key": [
                                        "customer_2.c_last_name",
                                        "customer_2.c_first_name",
                                        "date_dim_2.d_date"
                                      ],
                                      "Plans": [
                                        {
                                          "Node Type": "Hash Join",
                                          "Parent Relationship": "Outer",
                                          "Parallel Aware": true,
                                          "Async Capable": false,
                                          "Join Type": "Inner",
                                          "Startup Cost": 231321.44,
                                          "Total Cost": 248085.65,
                                          "Plan Rows": 15512,
                                          "Plan Width": 56,
                                          "Inner Unique": false,
                                          "Hash Cond": "(customer_2.c_customer_sk = web_sales.ws_bill_customer_sk)",
                                          "Plans": [
                                            {
                                              "Node Type": "Seq Scan",
                                              "Parent Relationship": "Outer",
                                              "Parallel Aware": true,
                                              "Async Capable": false,
                                              "Relation Name": "customer",
                                              "Alias": "customer_2",
                                              "Startup Cost": 0.0,
                                              "Total Cost": 15918.33,
                                              "Plan Rows": 208333,
                                              "Plan Width": 56,
                                              "parent": 35,
                                              "ID": 36
                                            },
                                            {
                                              "Node Type": "Hash",
                                              "Parent Relationship": "Inner",
                                              "Parallel Aware": true,
                                              "Async Capable": false,
                                              "Startup Cost": 231127.5,
                                              "Total Cost": 231127.5,
                                              "Plan Rows": 15515,
                                              "Plan Width": 8,
                                              "Plans": [
                                                {
                                                  "Node Type": "Hash Join",
                                                  "Parent Relationship": "Outer",
                                                  "Parallel Aware": true,
                                                  "Async Capable": false,
                                                  "Join Type": "Inner",
                                                  "Startup Cost": 2052.33,
                                                  "Total Cost": 231127.5,
                                                  "Plan Rows": 15515,
                                                  "Plan Width": 8,
                                                  "Inner Unique": false,
                                                  "Hash Cond": "(web_sales.ws_sold_date_sk = date_dim_2.d_date_sk)",
                                                  "Plans": [
                                                    {
                                                      "Node Type": "Seq Scan",
                                                      "Parent Relationship": "Outer",
                                                      "Parallel Aware": true,
                                                      "Async Capable": false,
                                                      "Relation Name": "web_sales",
                                                      "Alias": "web_sales",
                                                      "Startup Cost": 0.0,
                                                      "Total Cost": 217737.86,
                                                      "Plan Rows": 2998986,
                                                      "Plan Width": 8,
                                                      "parent": 38,
                                                      "ID": 39
                                                    },
                                                    {
                                                      "Node Type": "Hash",
                                                      "Parent Relationship": "Inner",
                                                      "Parallel Aware": true,
                                                      "Async Capable": false,
                                                      "Startup Cost": 2049.55,
                                                      "Total Cost": 2049.55,
                                                      "Plan Rows": 222,
                                                      "Plan Width": 8,
                                                      "Plans": [
                                                        {
                                                          "Node Type": "Seq Scan",
                                                          "Parent Relationship": "Outer",
                                                          "Parallel Aware": true,
                                                          "Async Capable": false,
                                                          "Relation Name": "date_dim",
                                                          "Alias": "date_dim_2",
                                                          "Startup Cost": 0.0,
                                                          "Total Cost": 2049.55,
                                                          "Plan Rows": 222,
                                                          "Plan Width": 8,
                                                          "Filter": "((d_month_seq >= 1210) AND (d_month_seq <= 1221))",
                                                          "parent": 40,
                                                          "ID": 41
                                                        }
                                                      ],
                                                      "parent": 38,
                                                      "ID": 40,
                                                      "left": 41
                                                    }
                                                  ],
                                                  "parent": 37,
                                                  "ID": 38,
                                                  "left": 39,
                                                  "right": 40
                                                }
                                              ],
                                              "parent": 35,
                                              "ID": 37,
                                              "left": 38
                                            }
                                          ],
                                          "parent": 34,
                                          "ID": 35,
                                          "left": 36,
                                          "right": 37
                                        }
                                      ],
                                      "parent": 33,
                                      "ID": 34,
                                      "left": 35
                                    }
                                  ],
                                  "parent": 32,
                                  "ID": 33,
                                  "left": 34
                                }
                              ],
                              "parent": 31,
                              "ID": 32,
                              "left": 33
                            }
                          ],
                          "parent": 4,
                          "ID": 31,
                          "left": 32
                        }
                      ],
                      "parent": 3,
                      "ID": 4,
                      "left": 5,
                      "right": 31
                    }
                  ],
                  "parent": 2,
                  "ID": 3,
                  "left": 4
                }
              ],
              "parent": 1,
              "ID": 2,
              "left": 3
            }
          ],
          "parent": 0,
          "ID": 1,
          "left": 2
        }
      ],
      "parent": null,
      "ID": 0,
      "left": 1
    },
    "feat": {
      "utility": 0.0,
      "query_shape": [
        [
          "Seq Scan",
          "Hash Join",
          "Sort",
          "Gather Merge",
          "Unique",
          "Subquery Scan",
          "Append",
          "SetOp",
          "Result"
        ],
        [
          "Seq Scan",
          "Hash Join",
          "Hash",
          "Sort",
          "Gather Merge",
          "Unique",
          "Subquery Scan",
          "Append",
          "SetOp",
          "Result"
        ],
        [
          "Seq Scan",
          "Hash",
          "Hash Join",
          "Sort",
          "Gather Merge",
          "Unique",
          "Subquery Scan",
          "Append",
          "SetOp",
          "Result"
        ],
        [
          "Seq Scan",
          "Hash Join",
          "Sort",
          "Gather Merge",
          "Unique",
          "Subquery Scan",
          "Append",
          "SetOp",
          "Result"
        ],
        [
          "Seq Scan",
          "Hash Join",
          "Hash",
          "Sort",
          "Gather Merge",
          "Unique",
          "Subquery Scan",
          "Append",
          "SetOp",
          "Result"
        ],
        [
          "Seq Scan",
          "Hash",
          "Hash Join",
          "Sort",
          "Gather Merge",
          "Unique",
          "Subquery Scan",
          "Append",
          "SetOp",
          "Result"
        ],
        [
          "Seq Scan",
          "Hash Join",
          "Sort",
          "Gather Merge",
          "Unique",
          "Subquery Scan",
          "Append",
          "SetOp"
        ],
        [
          "Seq Scan",
          "Hash Join",
          "Hash",
          "Sort",
          "Gather Merge",
          "Unique",
          "Subquery Scan",
          "Append",
          "SetOp"
        ],
        [
          "Seq Scan",
          "Hash",
          "Hash Join",
          "Sort",
          "Gather Merge",
          "Unique",
          "Subquery Scan",
          "Append",
          "SetOp"
        ]
      ],
      "index_shape": [
        "order-by"
      ],
      "physical_operator": {
        "Sort": [
          "[0. 0. 0. 0. 0. 0. 0. 0. 0. 0. 0. 0. 0. 0. 0. 0. 0. 0. 0. 0. 0. 0. 0. 0.\n 0. 0. 0. 0. 0. 0. 0. 0. 0. 0. 0. 0. 0. 0. 0. 0. 0. 0. 0. 0. 0. 0. 0. 0.\n 0. 0. 0.]",
          "[0. 0. 0. 0. 0. 0. 0. 0. 0. 0. 0. 0. 0. 0. 0. 0. 0. 0. 0. 0. 0. 0. 0. 0.\n 0. 0. 0. 0. 0. 0. 0. 0. 0. 0. 0. 0. 0. 0. 0. 0. 0. 0. 0. 0. 0. 0. 0. 0.\n 0. 0. 0.]",
          "[0. 0. 0. 0. 0. 0. 0. 0. 0. 0. 0. 0. 0. 0. 0. 0. 0. 0. 0. 0. 0. 0. 0. 0.\n 0. 0. 0. 0. 0. 0. 0. 0. 0. 0. 0. 0. 0. 0. 0. 0. 0. 0. 0. 0. 0. 0. 0. 0.\n 0. 0. 0.]"
        ]
      }
    }
  },
  {
    "query": "select count(*) \nfrom ((select distinct c_last_name, c_first_name, d_date\n       from store_sales, date_dim, customer\n       where store_sales.ss_sold_date_sk = date_dim.d_date_sk\n         and store_sales.ss_customer_sk = customer.c_customer_sk\n         and d_month_seq between 1210 and 1210+11)\n       except\n      (select distinct c_last_name, c_first_name, d_date\n       from catalog_sales, date_dim, customer\n       where catalog_sales.cs_sold_date_sk = date_dim.d_date_sk\n         and catalog_sales.cs_bill_customer_sk = customer.c_customer_sk\n         and d_month_seq between 1210 and 1210+11)\n       except\n      (select distinct c_last_name, c_first_name, d_date\n       from web_sales, date_dim, customer\n       where web_sales.ws_sold_date_sk = date_dim.d_date_sk\n         and web_sales.ws_bill_customer_sk = customer.c_customer_sk\n         and d_month_seq between 1210 and 1210+11)\n) cool_cust\n;\n\n-- end query 67 in stream 4 using template query87.tpl\n",
    "indexes": "customer.c_first_name",
    "wo plan est": {
      "Node Type": "Aggregate",
      "Strategy": "Plain",
      "Partial Mode": "Simple",
      "Parallel Aware": false,
      "Async Capable": false,
      "Startup Cost": 1554392.94,
      "Total Cost": 1554392.95,
      "Plan Rows": 1,
      "Plan Width": 8,
      "Plans": [
        {
          "Node Type": "Subquery Scan",
          "Parent Relationship": "Outer",
          "Parallel Aware": false,
          "Async Capable": false,
          "Alias": "cool_cust",
          "Startup Cost": 1550966.58,
          "Total Cost": 1554053.6,
          "Plan Rows": 135736,
          "Plan Width": 0,
          "Plans": [
            {
              "Node Type": "SetOp",
              "Strategy": "Sorted",
              "Parent Relationship": "Subquery",
              "Parallel Aware": false,
              "Async Capable": false,
              "Command": "Except",
              "Startup Cost": 1550966.58,
              "Total Cost": 1552696.24,
              "Plan Rows": 135736,
              "Plan Width": 216,
              "Plans": [
                {
                  "Node Type": "Sort",
                  "Parent Relationship": "Outer",
                  "Parallel Aware": false,
                  "Async Capable": false,
                  "Startup Cost": 1550966.58,
                  "Total Cost": 1551399.0,
                  "Plan Rows": 172966,
                  "Plan Width": 216,
                  "Sort Key": [
                    "\"*SELECT* 1\".c_last_name",
                    "\"*SELECT* 1\".c_first_name",
                    "\"*SELECT* 1\".d_date"
                  ],
                  "Plans": [
                    {
                      "Node Type": "Append",
                      "Parent Relationship": "Outer",
                      "Parallel Aware": false,
                      "Async Capable": false,
                      "Startup Cost": 1258710.95,
                      "Total Cost": 1518180.43,
                      "Plan Rows": 172966,
                      "Plan Width": 216,
                      "Subplans Removed": 0,
                      "Plans": [
                        {
                          "Node Type": "Result",
                          "Parent Relationship": "Member",
                          "Parallel Aware": false,
                          "Async Capable": false,
                          "Startup Cost": 1258710.95,
                          "Total Cost": 1262162.63,
                          "Plan Rows": 135736,
                          "Plan Width": 216,
                          "Plans": [
                            {
                              "Node Type": "SetOp",
                              "Strategy": "Sorted",
                              "Parent Relationship": "Outer",
                              "Parallel Aware": false,
                              "Async Capable": false,
                              "Command": "Except",
                              "Startup Cost": 1258710.95,
                              "Total Cost": 1260805.27,
                              "Plan Rows": 135736,
                              "Plan Width": 216,
                              "Plans": [
                                {
                                  "Node Type": "Sort",
                                  "Parent Relationship": "Outer",
                                  "Parallel Aware": false,
                                  "Async Capable": false,
                                  "Startup Cost": 1258710.95,
                                  "Total Cost": 1259234.53,
                                  "Plan Rows": 209432,
                                  "Plan Width": 216,
                                  "Sort Key": [
                                    "\"*SELECT* 1\".c_last_name",
                                    "\"*SELECT* 1\".c_first_name",
                                    "\"*SELECT* 1\".d_date"
                                  ],
                                  "Plans": [
                                    {
                                      "Node Type": "Append",
                                      "Parent Relationship": "Outer",
                                      "Parallel Aware": false,
                                      "Async Capable": false,
                                      "Startup Cost": 709393.12,
                                      "Total Cost": 1218725.23,
                                      "Plan Rows": 209432,
                                      "Plan Width": 216,
                                      "Subplans Removed": 0,
                                      "Plans": [
                                        {
                                          "Node Type": "Subquery Scan",
                                          "Parent Relationship": "Member",
                                          "Parallel Aware": false,
                                          "Async Capable": false,
                                          "Alias": "*SELECT* 1",
                                          "Startup Cost": 709393.12,
                                          "Total Cost": 727577.19,
                                          "Plan Rows": 135736,
                                          "Plan Width": 60,
                                          "Plans": [
                                            {
                                              "Node Type": "Unique",
                                              "Parent Relationship": "Subquery",
                                              "Parallel Aware": false,
                                              "Async Capable": false,
                                              "Startup Cost": 709393.12,
                                              "Total Cost": 726219.83,
                                              "Plan Rows": 135736,
                                              "Plan Width": 56,
                                              "Plans": [
                                                {
                                                  "Node Type": "Gather Merge",
                                                  "Parent Relationship": "Outer",
                                                  "Parallel Aware": false,
                                                  "Async Capable": false,
                                                  "Startup Cost": 709393.12,
                                                  "Total Cost": 725201.81,
                                                  "Plan Rows": 135736,
                                                  "Plan Width": 56,
                                                  "Workers Planned": 2,
                                                  "Plans": [
                                                    {
                                                      "Node Type": "Sort",
                                                      "Parent Relationship": "Outer",
                                                      "Parallel Aware": false,
                                                      "Async Capable": false,
                                                      "Startup Cost": 708393.09,
                                                      "Total Cost": 708534.49,
                                                      "Plan Rows": 56557,
                                                      "Plan Width": 56,
                                                      "Sort Key": [
                                                        "customer.c_last_name",
                                                        "customer.c_first_name",
                                                        "date_dim.d_date"
                                                      ],
                                                      "Plans": [
                                                        {
                                                          "Node Type": "Hash Join",
                                                          "Parent Relationship": "Outer",
                                                          "Parallel Aware": true,
                                                          "Async Capable": false,
                                                          "Join Type": "Inner",
                                                          "Startup Cost": 685057.92,
                                                          "Total Cost": 701993.15,
                                                          "Plan Rows": 56557,
                                                          "Plan Width": 56,
                                                          "Inner Unique": false,
                                                          "Hash Cond": "(customer.c_customer_sk = store_sales.ss_customer_sk)",
                                                          "Plans": [
                                                            {
                                                              "Node Type": "Seq Scan",
                                                              "Parent Relationship": "Outer",
                                                              "Parallel Aware": true,
                                                              "Async Capable": false,
                                                              "Relation Name": "customer",
                                                              "Alias": "customer",
                                                              "Startup Cost": 0.0,
                                                              "Total Cost": 15918.33,
                                                              "Plan Rows": 208333,
                                                              "Plan Width": 56,
                                                              "parent": 13,
                                                              "ID": 14
                                                            },
                                                            {
                                                              "Node Type": "Hash",
                                                              "Parent Relationship": "Inner",
                                                              "Parallel Aware": true,
                                                              "Async Capable": false,
                                                              "Startup Cost": 684317.13,
                                                              "Total Cost": 684317.13,
                                                              "Plan Rows": 59263,
                                                              "Plan Width": 8,
                                                              "Plans": [
                                                                {
                                                                  "Node Type": "Hash Join",
                                                                  "Parent Relationship": "Outer",
                                                                  "Parallel Aware": true,
                                                                  "Async Capable": false,
                                                                  "Join Type": "Inner",
                                                                  "Startup Cost": 2052.33,
                                                                  "Total Cost": 684317.13,
                                                                  "Plan Rows": 59263,
                                                                  "Plan Width": 8,
                                                                  "Inner Unique": false,
                                                                  "Hash Cond": "(store_sales.ss_sold_date_sk = date_dim.d_date_sk)",
                                                                  "Plans": [
                                                                    {
                                                                      "Node Type": "Seq Scan",
                                                                      "Parent Relationship": "Outer",
                                                                      "Parallel Aware": true,
                                                                      "Async Capable": false,
                                                                      "Relation Name": "store_sales",
                                                                      "Alias": "store_sales",
                                                                      "Startup Cost": 0.0,
                                                                      "Total Cost": 636914.37,
                                                                      "Plan Rows": 12000637,
                                                                      "Plan Width": 8,
                                                                      "parent": 16,
                                                                      "ID": 17
                                                                    },
                                                                    {
                                                                      "Node Type": "Hash",
                                                                      "Parent Relationship": "Inner",
                                                                      "Parallel Aware": true,
                                                                      "Async Capable": false,
                                                                      "Startup Cost": 2049.55,
                                                                      "Total Cost": 2049.55,
                                                                      "Plan Rows": 222,
                                                                      "Plan Width": 8,
                                                                      "Plans": [
                                                                        {
                                                                          "Node Type": "Seq Scan",
                                                                          "Parent Relationship": "Outer",
                                                                          "Parallel Aware": true,
                                                                          "Async Capable": false,
                                                                          "Relation Name": "date_dim",
                                                                          "Alias": "date_dim",
                                                                          "Startup Cost": 0.0,
                                                                          "Total Cost": 2049.55,
                                                                          "Plan Rows": 222,
                                                                          "Plan Width": 8,
                                                                          "Filter": "((d_month_seq >= 1210) AND (d_month_seq <= 1221))",
                                                                          "parent": 18,
                                                                          "ID": 19
                                                                        }
                                                                      ],
                                                                      "parent": 16,
                                                                      "ID": 18,
                                                                      "left": 19
                                                                    }
                                                                  ],
                                                                  "parent": 15,
                                                                  "ID": 16,
                                                                  "left": 17,
                                                                  "right": 18
                                                                }
                                                              ],
                                                              "parent": 13,
                                                              "ID": 15,
                                                              "left": 16
                                                            }
                                                          ],
                                                          "parent": 12,
                                                          "ID": 13,
                                                          "left": 14,
                                                          "right": 15
                                                        }
                                                      ],
                                                      "parent": 11,
                                                      "ID": 12,
                                                      "left": 13
                                                    }
                                                  ],
                                                  "parent": 10,
                                                  "ID": 11,
                                                  "left": 12
                                                }
                                              ],
                                              "parent": 9,
                                              "ID": 10,
                                              "left": 11
                                            }
                                          ],
                                          "parent": 8,
                                          "ID": 9,
                                          "left": 10
                                        },
                                        {
                                          "Node Type": "Subquery Scan",
                                          "Parent Relationship": "Member",
                                          "Parallel Aware": false,
                                          "Async Capable": false,
                                          "Alias": "*SELECT* 2",
                                          "Startup Cost": 480228.08,
                                          "Total Cost": 490100.87,
                                          "Plan Rows": 73696,
                                          "Plan Width": 60,
                                          "Plans": [
                                            {
                                              "Node Type": "Unique",
                                              "Parent Relationship": "Subquery",
                                              "Parallel Aware": false,
                                              "Async Capable": false,
                                              "Startup Cost": 480228.08,
                                              "Total Cost": 489363.91,
                                              "Plan Rows": 73696,
                                              "Plan Width": 56,
                                              "Plans": [
                                                {
                                                  "Node Type": "Gather Merge",
                                                  "Parent Relationship": "Outer",
                                                  "Parallel Aware": false,
                                                  "Async Capable": false,
                                                  "Startup Cost": 480228.08,
                                                  "Total Cost": 488811.19,
                                                  "Plan Rows": 73696,
                                                  "Plan Width": 56,
                                                  "Workers Planned": 2,
                                                  "Plans": [
                                                    {
                                                      "Node Type": "Sort",
                                                      "Parent Relationship": "Outer",
                                                      "Parallel Aware": false,
                                                      "Async Capable": false,
                                                      "Startup Cost": 479228.05,
                                                      "Total Cost": 479304.82,
                                                      "Plan Rows": 30707,
                                                      "Plan Width": 56,
                                                      "Sort Key": [
                                                        "customer_1.c_last_name",
                                                        "customer_1.c_first_name",
                                                        "date_dim_1.d_date"
                                                      ],
                                                      "Plans": [
                                                        {
                                                          "Node Type": "Hash Join",
                                                          "Parent Relationship": "Outer",
                                                          "Parallel Aware": true,
                                                          "Async Capable": false,
                                                          "Join Type": "Inner",
                                                          "Startup Cost": 458809.82,
                                                          "Total Cost": 476939.42,
                                                          "Plan Rows": 30707,
                                                          "Plan Width": 56,
                                                          "Inner Unique": false,
                                                          "Hash Cond": "(customer_1.c_customer_sk = catalog_sales.cs_bill_customer_sk)",
                                                          "Plans": [
                                                            {
                                                              "Node Type": "Seq Scan",
                                                              "Parent Relationship": "Outer",
                                                              "Parallel Aware": true,
                                                              "Async Capable": false,
                                                              "Relation Name": "customer",
                                                              "Alias": "customer_1",
                                                              "Startup Cost": 0.0,
                                                              "Total Cost": 15918.33,
                                                              "Plan Rows": 208333,
                                                              "Plan Width": 56,
                                                              "parent": 24,
                                                              "ID": 25
                                                            },
                                                            {
                                                              "Node Type": "Hash",
                                                              "Parent Relationship": "Inner",
                                                              "Parallel Aware": true,
                                                              "Async Capable": false,
                                                              "Startup Cost": 458423.88,
                                                              "Total Cost": 458423.88,
                                                              "Plan Rows": 30875,
                                                              "Plan Width": 8,
                                                              "Plans": [
                                                                {
                                                                  "Node Type": "Hash Join",
                                                                  "Parent Relationship": "Outer",
                                                                  "Parallel Aware": true,
                                                                  "Async Capable": false,
                                                                  "Join Type": "Inner",
                                                                  "Startup Cost": 2052.33,
                                                                  "Total Cost": 458423.88,
                                                                  "Plan Rows": 30875,
                                                                  "Plan Width": 8,
                                                                  "Inner Unique": false,
                                                                  "Hash Cond": "(catalog_sales.cs_sold_date_sk = date_dim_1.d_date_sk)",
                                                                  "Plans": [
                                                                    {
                                                                      "Node Type": "Seq Scan",
                                                                      "Parent Relationship": "Outer",
                                                                      "Parallel Aware": true,
                                                                      "Async Capable": false,
                                                                      "Relation Name": "catalog_sales",
                                                                      "Alias": "catalog_sales",
                                                                      "Startup Cost": 0.0,
                                                                      "Total Cost": 433688.25,
                                                                      "Plan Rows": 6000525,
                                                                      "Plan Width": 8,
                                                                      "parent": 27,
                                                                      "ID": 28
                                                                    },
                                                                    {
                                                                      "Node Type": "Hash",
                                                                      "Parent Relationship": "Inner",
                                                                      "Parallel Aware": true,
                                                                      "Async Capable": false,
                                                                      "Startup Cost": 2049.55,
                                                                      "Total Cost": 2049.55,
                                                                      "Plan Rows": 222,
                                                                      "Plan Width": 8,
                                                                      "Plans": [
                                                                        {
                                                                          "Node Type": "Seq Scan",
                                                                          "Parent Relationship": "Outer",
                                                                          "Parallel Aware": true,
                                                                          "Async Capable": false,
                                                                          "Relation Name": "date_dim",
                                                                          "Alias": "date_dim_1",
                                                                          "Startup Cost": 0.0,
                                                                          "Total Cost": 2049.55,
                                                                          "Plan Rows": 222,
                                                                          "Plan Width": 8,
                                                                          "Filter": "((d_month_seq >= 1210) AND (d_month_seq <= 1221))",
                                                                          "parent": 29,
                                                                          "ID": 30
                                                                        }
                                                                      ],
                                                                      "parent": 27,
                                                                      "ID": 29,
                                                                      "left": 30
                                                                    }
                                                                  ],
                                                                  "parent": 26,
                                                                  "ID": 27,
                                                                  "left": 28,
                                                                  "right": 29
                                                                }
                                                              ],
                                                              "parent": 24,
                                                              "ID": 26,
                                                              "left": 27
                                                            }
                                                          ],
                                                          "parent": 23,
                                                          "ID": 24,
                                                          "left": 25,
                                                          "right": 26
                                                        }
                                                      ],
                                                      "parent": 22,
                                                      "ID": 23,
                                                      "left": 24
                                                    }
                                                  ],
                                                  "parent": 21,
                                                  "ID": 22,
                                                  "left": 23
                                                }
                                              ],
                                              "parent": 20,
                                              "ID": 21,
                                              "left": 22
                                            }
                                          ],
                                          "parent": 8,
                                          "ID": 20,
                                          "left": 21
                                        }
                                      ],
                                      "parent": 7,
                                      "ID": 8,
                                      "left": 9,
                                      "right": 20
                                    }
                                  ],
                                  "parent": 6,
                                  "ID": 7,
                                  "left": 8
                                }
                              ],
                              "parent": 5,
                              "ID": 6,
                              "left": 7
                            }
                          ],
                          "parent": 4,
                          "ID": 5,
                          "left": 6
                        },
                        {
                          "Node Type": "Subquery Scan",
                          "Parent Relationship": "Member",
                          "Parallel Aware": false,
                          "Async Capable": false,
                          "Alias": "*SELECT* 3",
                          "Startup Cost": 250165.39,
                          "Total Cost": 255152.97,
                          "Plan Rows": 37230,
                          "Plan Width": 60,
                          "Plans": [
                            {
                              "Node Type": "Unique",
                              "Parent Relationship": "Subquery",
                              "Parallel Aware": false,
                              "Async Capable": false,
                              "Startup Cost": 250165.39,
                              "Total Cost": 254780.67,
                              "Plan Rows": 37230,
                              "Plan Width": 56,
                              "Plans": [
                                {
                                  "Node Type": "Gather Merge",
                                  "Parent Relationship": "Outer",
                                  "Parallel Aware": false,
                                  "Async Capable": false,
                                  "Startup Cost": 250165.39,
                                  "Total Cost": 254501.44,
                                  "Plan Rows": 37230,
                                  "Plan Width": 56,
                                  "Workers Planned": 2,
                                  "Plans": [
                                    {
                                      "Node Type": "Sort",
                                      "Parent Relationship": "Outer",
                                      "Parallel Aware": false,
                                      "Async Capable": false,
                                      "Startup Cost": 249165.37,
                                      "Total Cost": 249204.15,
                                      "Plan Rows": 15512,
                                      "Plan Width": 56,
                                      "Sort Key": [
                                        "customer_2.c_last_name",
                                        "customer_2.c_first_name",
                                        "date_dim_2.d_date"
                                      ],
                                      "Plans": [
                                        {
                                          "Node Type": "Hash Join",
                                          "Parent Relationship": "Outer",
                                          "Parallel Aware": true,
                                          "Async Capable": false,
                                          "Join Type": "Inner",
                                          "Startup Cost": 231321.44,
                                          "Total Cost": 248085.65,
                                          "Plan Rows": 15512,
                                          "Plan Width": 56,
                                          "Inner Unique": false,
                                          "Hash Cond": "(customer_2.c_customer_sk = web_sales.ws_bill_customer_sk)",
                                          "Plans": [
                                            {
                                              "Node Type": "Seq Scan",
                                              "Parent Relationship": "Outer",
                                              "Parallel Aware": true,
                                              "Async Capable": false,
                                              "Relation Name": "customer",
                                              "Alias": "customer_2",
                                              "Startup Cost": 0.0,
                                              "Total Cost": 15918.33,
                                              "Plan Rows": 208333,
                                              "Plan Width": 56,
                                              "parent": 35,
                                              "ID": 36
                                            },
                                            {
                                              "Node Type": "Hash",
                                              "Parent Relationship": "Inner",
                                              "Parallel Aware": true,
                                              "Async Capable": false,
                                              "Startup Cost": 231127.5,
                                              "Total Cost": 231127.5,
                                              "Plan Rows": 15515,
                                              "Plan Width": 8,
                                              "Plans": [
                                                {
                                                  "Node Type": "Hash Join",
                                                  "Parent Relationship": "Outer",
                                                  "Parallel Aware": true,
                                                  "Async Capable": false,
                                                  "Join Type": "Inner",
                                                  "Startup Cost": 2052.33,
                                                  "Total Cost": 231127.5,
                                                  "Plan Rows": 15515,
                                                  "Plan Width": 8,
                                                  "Inner Unique": false,
                                                  "Hash Cond": "(web_sales.ws_sold_date_sk = date_dim_2.d_date_sk)",
                                                  "Plans": [
                                                    {
                                                      "Node Type": "Seq Scan",
                                                      "Parent Relationship": "Outer",
                                                      "Parallel Aware": true,
                                                      "Async Capable": false,
                                                      "Relation Name": "web_sales",
                                                      "Alias": "web_sales",
                                                      "Startup Cost": 0.0,
                                                      "Total Cost": 217737.86,
                                                      "Plan Rows": 2998986,
                                                      "Plan Width": 8,
                                                      "parent": 38,
                                                      "ID": 39
                                                    },
                                                    {
                                                      "Node Type": "Hash",
                                                      "Parent Relationship": "Inner",
                                                      "Parallel Aware": true,
                                                      "Async Capable": false,
                                                      "Startup Cost": 2049.55,
                                                      "Total Cost": 2049.55,
                                                      "Plan Rows": 222,
                                                      "Plan Width": 8,
                                                      "Plans": [
                                                        {
                                                          "Node Type": "Seq Scan",
                                                          "Parent Relationship": "Outer",
                                                          "Parallel Aware": true,
                                                          "Async Capable": false,
                                                          "Relation Name": "date_dim",
                                                          "Alias": "date_dim_2",
                                                          "Startup Cost": 0.0,
                                                          "Total Cost": 2049.55,
                                                          "Plan Rows": 222,
                                                          "Plan Width": 8,
                                                          "Filter": "((d_month_seq >= 1210) AND (d_month_seq <= 1221))",
                                                          "parent": 40,
                                                          "ID": 41
                                                        }
                                                      ],
                                                      "parent": 38,
                                                      "ID": 40,
                                                      "left": 41
                                                    }
                                                  ],
                                                  "parent": 37,
                                                  "ID": 38,
                                                  "left": 39,
                                                  "right": 40
                                                }
                                              ],
                                              "parent": 35,
                                              "ID": 37,
                                              "left": 38
                                            }
                                          ],
                                          "parent": 34,
                                          "ID": 35,
                                          "left": 36,
                                          "right": 37
                                        }
                                      ],
                                      "parent": 33,
                                      "ID": 34,
                                      "left": 35
                                    }
                                  ],
                                  "parent": 32,
                                  "ID": 33,
                                  "left": 34
                                }
                              ],
                              "parent": 31,
                              "ID": 32,
                              "left": 33
                            }
                          ],
                          "parent": 4,
                          "ID": 31,
                          "left": 32
                        }
                      ],
                      "parent": 3,
                      "ID": 4,
                      "left": 5,
                      "right": 31
                    }
                  ],
                  "parent": 2,
                  "ID": 3,
                  "left": 4
                }
              ],
              "parent": 1,
              "ID": 2,
              "left": 3
            }
          ],
          "parent": 0,
          "ID": 1,
          "left": 2
        }
      ],
      "parent": null,
      "ID": 0,
      "left": 1
    },
    "feat": {
      "utility": 0.0,
      "query_shape": [
        [
          "Seq Scan",
          "Hash Join",
          "Sort",
          "Gather Merge",
          "Unique",
          "Subquery Scan",
          "Append",
          "SetOp",
          "Result"
        ],
        [
          "Seq Scan",
          "Hash Join",
          "Hash",
          "Sort",
          "Gather Merge",
          "Unique",
          "Subquery Scan",
          "Append",
          "SetOp",
          "Result"
        ],
        [
          "Seq Scan",
          "Hash",
          "Hash Join",
          "Sort",
          "Gather Merge",
          "Unique",
          "Subquery Scan",
          "Append",
          "SetOp",
          "Result"
        ],
        [
          "Seq Scan",
          "Hash Join",
          "Sort",
          "Gather Merge",
          "Unique",
          "Subquery Scan",
          "Append",
          "SetOp",
          "Result"
        ],
        [
          "Seq Scan",
          "Hash Join",
          "Hash",
          "Sort",
          "Gather Merge",
          "Unique",
          "Subquery Scan",
          "Append",
          "SetOp",
          "Result"
        ],
        [
          "Seq Scan",
          "Hash",
          "Hash Join",
          "Sort",
          "Gather Merge",
          "Unique",
          "Subquery Scan",
          "Append",
          "SetOp",
          "Result"
        ],
        [
          "Seq Scan",
          "Hash Join",
          "Sort",
          "Gather Merge",
          "Unique",
          "Subquery Scan",
          "Append",
          "SetOp"
        ],
        [
          "Seq Scan",
          "Hash Join",
          "Hash",
          "Sort",
          "Gather Merge",
          "Unique",
          "Subquery Scan",
          "Append",
          "SetOp"
        ],
        [
          "Seq Scan",
          "Hash",
          "Hash Join",
          "Sort",
          "Gather Merge",
          "Unique",
          "Subquery Scan",
          "Append",
          "SetOp"
        ]
      ],
      "index_shape": [
        "order-by"
      ],
      "physical_operator": {
        "Sort": [
          "[0. 0. 0. 0. 0. 0. 0. 0. 0. 0. 0. 0. 0. 0. 0. 0. 0. 0. 0. 0. 0. 0. 0. 0.\n 0. 0. 0. 0. 0. 0. 0. 0. 0. 0. 0. 0. 0. 0. 0. 0. 0. 0. 0. 0. 0. 0. 0. 0.\n 0. 0. 0.]",
          "[0. 0. 0. 0. 0. 0. 0. 0. 0. 0. 0. 0. 0. 0. 0. 0. 0. 0. 0. 0. 0. 0. 0. 0.\n 0. 0. 0. 0. 0. 0. 0. 0. 0. 0. 0. 0. 0. 0. 0. 0. 0. 0. 0. 0. 0. 0. 0. 0.\n 0. 0. 0.]",
          "[0. 0. 0. 0. 0. 0. 0. 0. 0. 0. 0. 0. 0. 0. 0. 0. 0. 0. 0. 0. 0. 0. 0. 0.\n 0. 0. 0. 0. 0. 0. 0. 0. 0. 0. 0. 0. 0. 0. 0. 0. 0. 0. 0. 0. 0. 0. 0. 0.\n 0. 0. 0.]"
        ]
      }
    }
  },
  {
    "query": "select count(*) \nfrom ((select distinct c_last_name, c_first_name, d_date\n       from store_sales, date_dim, customer\n       where store_sales.ss_sold_date_sk = date_dim.d_date_sk\n         and store_sales.ss_customer_sk = customer.c_customer_sk\n         and d_month_seq between 1210 and 1210+11)\n       except\n      (select distinct c_last_name, c_first_name, d_date\n       from catalog_sales, date_dim, customer\n       where catalog_sales.cs_sold_date_sk = date_dim.d_date_sk\n         and catalog_sales.cs_bill_customer_sk = customer.c_customer_sk\n         and d_month_seq between 1210 and 1210+11)\n       except\n      (select distinct c_last_name, c_first_name, d_date\n       from web_sales, date_dim, customer\n       where web_sales.ws_sold_date_sk = date_dim.d_date_sk\n         and web_sales.ws_bill_customer_sk = customer.c_customer_sk\n         and d_month_seq between 1210 and 1210+11)\n) cool_cust\n;\n\n-- end query 67 in stream 4 using template query87.tpl\n",
    "indexes": "date_dim.d_date_sk",
    "wo plan est": {
      "Node Type": "Aggregate",
      "Strategy": "Plain",
      "Partial Mode": "Simple",
      "Parallel Aware": false,
      "Async Capable": false,
      "Startup Cost": 1554392.94,
      "Total Cost": 1554392.95,
      "Plan Rows": 1,
      "Plan Width": 8,
      "Plans": [
        {
          "Node Type": "Subquery Scan",
          "Parent Relationship": "Outer",
          "Parallel Aware": false,
          "Async Capable": false,
          "Alias": "cool_cust",
          "Startup Cost": 1550966.58,
          "Total Cost": 1554053.6,
          "Plan Rows": 135736,
          "Plan Width": 0,
          "Plans": [
            {
              "Node Type": "SetOp",
              "Strategy": "Sorted",
              "Parent Relationship": "Subquery",
              "Parallel Aware": false,
              "Async Capable": false,
              "Command": "Except",
              "Startup Cost": 1550966.58,
              "Total Cost": 1552696.24,
              "Plan Rows": 135736,
              "Plan Width": 216,
              "Plans": [
                {
                  "Node Type": "Sort",
                  "Parent Relationship": "Outer",
                  "Parallel Aware": false,
                  "Async Capable": false,
                  "Startup Cost": 1550966.58,
                  "Total Cost": 1551399.0,
                  "Plan Rows": 172966,
                  "Plan Width": 216,
                  "Sort Key": [
                    "\"*SELECT* 1\".c_last_name",
                    "\"*SELECT* 1\".c_first_name",
                    "\"*SELECT* 1\".d_date"
                  ],
                  "Plans": [
                    {
                      "Node Type": "Append",
                      "Parent Relationship": "Outer",
                      "Parallel Aware": false,
                      "Async Capable": false,
                      "Startup Cost": 1258710.95,
                      "Total Cost": 1518180.43,
                      "Plan Rows": 172966,
                      "Plan Width": 216,
                      "Subplans Removed": 0,
                      "Plans": [
                        {
                          "Node Type": "Result",
                          "Parent Relationship": "Member",
                          "Parallel Aware": false,
                          "Async Capable": false,
                          "Startup Cost": 1258710.95,
                          "Total Cost": 1262162.63,
                          "Plan Rows": 135736,
                          "Plan Width": 216,
                          "Plans": [
                            {
                              "Node Type": "SetOp",
                              "Strategy": "Sorted",
                              "Parent Relationship": "Outer",
                              "Parallel Aware": false,
                              "Async Capable": false,
                              "Command": "Except",
                              "Startup Cost": 1258710.95,
                              "Total Cost": 1260805.27,
                              "Plan Rows": 135736,
                              "Plan Width": 216,
                              "Plans": [
                                {
                                  "Node Type": "Sort",
                                  "Parent Relationship": "Outer",
                                  "Parallel Aware": false,
                                  "Async Capable": false,
                                  "Startup Cost": 1258710.95,
                                  "Total Cost": 1259234.53,
                                  "Plan Rows": 209432,
                                  "Plan Width": 216,
                                  "Sort Key": [
                                    "\"*SELECT* 1\".c_last_name",
                                    "\"*SELECT* 1\".c_first_name",
                                    "\"*SELECT* 1\".d_date"
                                  ],
                                  "Plans": [
                                    {
                                      "Node Type": "Append",
                                      "Parent Relationship": "Outer",
                                      "Parallel Aware": false,
                                      "Async Capable": false,
                                      "Startup Cost": 709393.12,
                                      "Total Cost": 1218725.23,
                                      "Plan Rows": 209432,
                                      "Plan Width": 216,
                                      "Subplans Removed": 0,
                                      "Plans": [
                                        {
                                          "Node Type": "Subquery Scan",
                                          "Parent Relationship": "Member",
                                          "Parallel Aware": false,
                                          "Async Capable": false,
                                          "Alias": "*SELECT* 1",
                                          "Startup Cost": 709393.12,
                                          "Total Cost": 727577.19,
                                          "Plan Rows": 135736,
                                          "Plan Width": 60,
                                          "Plans": [
                                            {
                                              "Node Type": "Unique",
                                              "Parent Relationship": "Subquery",
                                              "Parallel Aware": false,
                                              "Async Capable": false,
                                              "Startup Cost": 709393.12,
                                              "Total Cost": 726219.83,
                                              "Plan Rows": 135736,
                                              "Plan Width": 56,
                                              "Plans": [
                                                {
                                                  "Node Type": "Gather Merge",
                                                  "Parent Relationship": "Outer",
                                                  "Parallel Aware": false,
                                                  "Async Capable": false,
                                                  "Startup Cost": 709393.12,
                                                  "Total Cost": 725201.81,
                                                  "Plan Rows": 135736,
                                                  "Plan Width": 56,
                                                  "Workers Planned": 2,
                                                  "Plans": [
                                                    {
                                                      "Node Type": "Sort",
                                                      "Parent Relationship": "Outer",
                                                      "Parallel Aware": false,
                                                      "Async Capable": false,
                                                      "Startup Cost": 708393.09,
                                                      "Total Cost": 708534.49,
                                                      "Plan Rows": 56557,
                                                      "Plan Width": 56,
                                                      "Sort Key": [
                                                        "customer.c_last_name",
                                                        "customer.c_first_name",
                                                        "date_dim.d_date"
                                                      ],
                                                      "Plans": [
                                                        {
                                                          "Node Type": "Hash Join",
                                                          "Parent Relationship": "Outer",
                                                          "Parallel Aware": true,
                                                          "Async Capable": false,
                                                          "Join Type": "Inner",
                                                          "Startup Cost": 685057.92,
                                                          "Total Cost": 701993.15,
                                                          "Plan Rows": 56557,
                                                          "Plan Width": 56,
                                                          "Inner Unique": false,
                                                          "Hash Cond": "(customer.c_customer_sk = store_sales.ss_customer_sk)",
                                                          "Plans": [
                                                            {
                                                              "Node Type": "Seq Scan",
                                                              "Parent Relationship": "Outer",
                                                              "Parallel Aware": true,
                                                              "Async Capable": false,
                                                              "Relation Name": "customer",
                                                              "Alias": "customer",
                                                              "Startup Cost": 0.0,
                                                              "Total Cost": 15918.33,
                                                              "Plan Rows": 208333,
                                                              "Plan Width": 56,
                                                              "parent": 13,
                                                              "ID": 14
                                                            },
                                                            {
                                                              "Node Type": "Hash",
                                                              "Parent Relationship": "Inner",
                                                              "Parallel Aware": true,
                                                              "Async Capable": false,
                                                              "Startup Cost": 684317.13,
                                                              "Total Cost": 684317.13,
                                                              "Plan Rows": 59263,
                                                              "Plan Width": 8,
                                                              "Plans": [
                                                                {
                                                                  "Node Type": "Hash Join",
                                                                  "Parent Relationship": "Outer",
                                                                  "Parallel Aware": true,
                                                                  "Async Capable": false,
                                                                  "Join Type": "Inner",
                                                                  "Startup Cost": 2052.33,
                                                                  "Total Cost": 684317.13,
                                                                  "Plan Rows": 59263,
                                                                  "Plan Width": 8,
                                                                  "Inner Unique": false,
                                                                  "Hash Cond": "(store_sales.ss_sold_date_sk = date_dim.d_date_sk)",
                                                                  "Plans": [
                                                                    {
                                                                      "Node Type": "Seq Scan",
                                                                      "Parent Relationship": "Outer",
                                                                      "Parallel Aware": true,
                                                                      "Async Capable": false,
                                                                      "Relation Name": "store_sales",
                                                                      "Alias": "store_sales",
                                                                      "Startup Cost": 0.0,
                                                                      "Total Cost": 636914.37,
                                                                      "Plan Rows": 12000637,
                                                                      "Plan Width": 8,
                                                                      "parent": 16,
                                                                      "ID": 17
                                                                    },
                                                                    {
                                                                      "Node Type": "Hash",
                                                                      "Parent Relationship": "Inner",
                                                                      "Parallel Aware": true,
                                                                      "Async Capable": false,
                                                                      "Startup Cost": 2049.55,
                                                                      "Total Cost": 2049.55,
                                                                      "Plan Rows": 222,
                                                                      "Plan Width": 8,
                                                                      "Plans": [
                                                                        {
                                                                          "Node Type": "Seq Scan",
                                                                          "Parent Relationship": "Outer",
                                                                          "Parallel Aware": true,
                                                                          "Async Capable": false,
                                                                          "Relation Name": "date_dim",
                                                                          "Alias": "date_dim",
                                                                          "Startup Cost": 0.0,
                                                                          "Total Cost": 2049.55,
                                                                          "Plan Rows": 222,
                                                                          "Plan Width": 8,
                                                                          "Filter": "((d_month_seq >= 1210) AND (d_month_seq <= 1221))",
                                                                          "parent": 18,
                                                                          "ID": 19
                                                                        }
                                                                      ],
                                                                      "parent": 16,
                                                                      "ID": 18,
                                                                      "left": 19
                                                                    }
                                                                  ],
                                                                  "parent": 15,
                                                                  "ID": 16,
                                                                  "left": 17,
                                                                  "right": 18
                                                                }
                                                              ],
                                                              "parent": 13,
                                                              "ID": 15,
                                                              "left": 16
                                                            }
                                                          ],
                                                          "parent": 12,
                                                          "ID": 13,
                                                          "left": 14,
                                                          "right": 15
                                                        }
                                                      ],
                                                      "parent": 11,
                                                      "ID": 12,
                                                      "left": 13
                                                    }
                                                  ],
                                                  "parent": 10,
                                                  "ID": 11,
                                                  "left": 12
                                                }
                                              ],
                                              "parent": 9,
                                              "ID": 10,
                                              "left": 11
                                            }
                                          ],
                                          "parent": 8,
                                          "ID": 9,
                                          "left": 10
                                        },
                                        {
                                          "Node Type": "Subquery Scan",
                                          "Parent Relationship": "Member",
                                          "Parallel Aware": false,
                                          "Async Capable": false,
                                          "Alias": "*SELECT* 2",
                                          "Startup Cost": 480228.08,
                                          "Total Cost": 490100.87,
                                          "Plan Rows": 73696,
                                          "Plan Width": 60,
                                          "Plans": [
                                            {
                                              "Node Type": "Unique",
                                              "Parent Relationship": "Subquery",
                                              "Parallel Aware": false,
                                              "Async Capable": false,
                                              "Startup Cost": 480228.08,
                                              "Total Cost": 489363.91,
                                              "Plan Rows": 73696,
                                              "Plan Width": 56,
                                              "Plans": [
                                                {
                                                  "Node Type": "Gather Merge",
                                                  "Parent Relationship": "Outer",
                                                  "Parallel Aware": false,
                                                  "Async Capable": false,
                                                  "Startup Cost": 480228.08,
                                                  "Total Cost": 488811.19,
                                                  "Plan Rows": 73696,
                                                  "Plan Width": 56,
                                                  "Workers Planned": 2,
                                                  "Plans": [
                                                    {
                                                      "Node Type": "Sort",
                                                      "Parent Relationship": "Outer",
                                                      "Parallel Aware": false,
                                                      "Async Capable": false,
                                                      "Startup Cost": 479228.05,
                                                      "Total Cost": 479304.82,
                                                      "Plan Rows": 30707,
                                                      "Plan Width": 56,
                                                      "Sort Key": [
                                                        "customer_1.c_last_name",
                                                        "customer_1.c_first_name",
                                                        "date_dim_1.d_date"
                                                      ],
                                                      "Plans": [
                                                        {
                                                          "Node Type": "Hash Join",
                                                          "Parent Relationship": "Outer",
                                                          "Parallel Aware": true,
                                                          "Async Capable": false,
                                                          "Join Type": "Inner",
                                                          "Startup Cost": 458809.82,
                                                          "Total Cost": 476939.42,
                                                          "Plan Rows": 30707,
                                                          "Plan Width": 56,
                                                          "Inner Unique": false,
                                                          "Hash Cond": "(customer_1.c_customer_sk = catalog_sales.cs_bill_customer_sk)",
                                                          "Plans": [
                                                            {
                                                              "Node Type": "Seq Scan",
                                                              "Parent Relationship": "Outer",
                                                              "Parallel Aware": true,
                                                              "Async Capable": false,
                                                              "Relation Name": "customer",
                                                              "Alias": "customer_1",
                                                              "Startup Cost": 0.0,
                                                              "Total Cost": 15918.33,
                                                              "Plan Rows": 208333,
                                                              "Plan Width": 56,
                                                              "parent": 24,
                                                              "ID": 25
                                                            },
                                                            {
                                                              "Node Type": "Hash",
                                                              "Parent Relationship": "Inner",
                                                              "Parallel Aware": true,
                                                              "Async Capable": false,
                                                              "Startup Cost": 458423.88,
                                                              "Total Cost": 458423.88,
                                                              "Plan Rows": 30875,
                                                              "Plan Width": 8,
                                                              "Plans": [
                                                                {
                                                                  "Node Type": "Hash Join",
                                                                  "Parent Relationship": "Outer",
                                                                  "Parallel Aware": true,
                                                                  "Async Capable": false,
                                                                  "Join Type": "Inner",
                                                                  "Startup Cost": 2052.33,
                                                                  "Total Cost": 458423.88,
                                                                  "Plan Rows": 30875,
                                                                  "Plan Width": 8,
                                                                  "Inner Unique": false,
                                                                  "Hash Cond": "(catalog_sales.cs_sold_date_sk = date_dim_1.d_date_sk)",
                                                                  "Plans": [
                                                                    {
                                                                      "Node Type": "Seq Scan",
                                                                      "Parent Relationship": "Outer",
                                                                      "Parallel Aware": true,
                                                                      "Async Capable": false,
                                                                      "Relation Name": "catalog_sales",
                                                                      "Alias": "catalog_sales",
                                                                      "Startup Cost": 0.0,
                                                                      "Total Cost": 433688.25,
                                                                      "Plan Rows": 6000525,
                                                                      "Plan Width": 8,
                                                                      "parent": 27,
                                                                      "ID": 28
                                                                    },
                                                                    {
                                                                      "Node Type": "Hash",
                                                                      "Parent Relationship": "Inner",
                                                                      "Parallel Aware": true,
                                                                      "Async Capable": false,
                                                                      "Startup Cost": 2049.55,
                                                                      "Total Cost": 2049.55,
                                                                      "Plan Rows": 222,
                                                                      "Plan Width": 8,
                                                                      "Plans": [
                                                                        {
                                                                          "Node Type": "Seq Scan",
                                                                          "Parent Relationship": "Outer",
                                                                          "Parallel Aware": true,
                                                                          "Async Capable": false,
                                                                          "Relation Name": "date_dim",
                                                                          "Alias": "date_dim_1",
                                                                          "Startup Cost": 0.0,
                                                                          "Total Cost": 2049.55,
                                                                          "Plan Rows": 222,
                                                                          "Plan Width": 8,
                                                                          "Filter": "((d_month_seq >= 1210) AND (d_month_seq <= 1221))",
                                                                          "parent": 29,
                                                                          "ID": 30
                                                                        }
                                                                      ],
                                                                      "parent": 27,
                                                                      "ID": 29,
                                                                      "left": 30
                                                                    }
                                                                  ],
                                                                  "parent": 26,
                                                                  "ID": 27,
                                                                  "left": 28,
                                                                  "right": 29
                                                                }
                                                              ],
                                                              "parent": 24,
                                                              "ID": 26,
                                                              "left": 27
                                                            }
                                                          ],
                                                          "parent": 23,
                                                          "ID": 24,
                                                          "left": 25,
                                                          "right": 26
                                                        }
                                                      ],
                                                      "parent": 22,
                                                      "ID": 23,
                                                      "left": 24
                                                    }
                                                  ],
                                                  "parent": 21,
                                                  "ID": 22,
                                                  "left": 23
                                                }
                                              ],
                                              "parent": 20,
                                              "ID": 21,
                                              "left": 22
                                            }
                                          ],
                                          "parent": 8,
                                          "ID": 20,
                                          "left": 21
                                        }
                                      ],
                                      "parent": 7,
                                      "ID": 8,
                                      "left": 9,
                                      "right": 20
                                    }
                                  ],
                                  "parent": 6,
                                  "ID": 7,
                                  "left": 8
                                }
                              ],
                              "parent": 5,
                              "ID": 6,
                              "left": 7
                            }
                          ],
                          "parent": 4,
                          "ID": 5,
                          "left": 6
                        },
                        {
                          "Node Type": "Subquery Scan",
                          "Parent Relationship": "Member",
                          "Parallel Aware": false,
                          "Async Capable": false,
                          "Alias": "*SELECT* 3",
                          "Startup Cost": 250165.39,
                          "Total Cost": 255152.97,
                          "Plan Rows": 37230,
                          "Plan Width": 60,
                          "Plans": [
                            {
                              "Node Type": "Unique",
                              "Parent Relationship": "Subquery",
                              "Parallel Aware": false,
                              "Async Capable": false,
                              "Startup Cost": 250165.39,
                              "Total Cost": 254780.67,
                              "Plan Rows": 37230,
                              "Plan Width": 56,
                              "Plans": [
                                {
                                  "Node Type": "Gather Merge",
                                  "Parent Relationship": "Outer",
                                  "Parallel Aware": false,
                                  "Async Capable": false,
                                  "Startup Cost": 250165.39,
                                  "Total Cost": 254501.44,
                                  "Plan Rows": 37230,
                                  "Plan Width": 56,
                                  "Workers Planned": 2,
                                  "Plans": [
                                    {
                                      "Node Type": "Sort",
                                      "Parent Relationship": "Outer",
                                      "Parallel Aware": false,
                                      "Async Capable": false,
                                      "Startup Cost": 249165.37,
                                      "Total Cost": 249204.15,
                                      "Plan Rows": 15512,
                                      "Plan Width": 56,
                                      "Sort Key": [
                                        "customer_2.c_last_name",
                                        "customer_2.c_first_name",
                                        "date_dim_2.d_date"
                                      ],
                                      "Plans": [
                                        {
                                          "Node Type": "Hash Join",
                                          "Parent Relationship": "Outer",
                                          "Parallel Aware": true,
                                          "Async Capable": false,
                                          "Join Type": "Inner",
                                          "Startup Cost": 231321.44,
                                          "Total Cost": 248085.65,
                                          "Plan Rows": 15512,
                                          "Plan Width": 56,
                                          "Inner Unique": false,
                                          "Hash Cond": "(customer_2.c_customer_sk = web_sales.ws_bill_customer_sk)",
                                          "Plans": [
                                            {
                                              "Node Type": "Seq Scan",
                                              "Parent Relationship": "Outer",
                                              "Parallel Aware": true,
                                              "Async Capable": false,
                                              "Relation Name": "customer",
                                              "Alias": "customer_2",
                                              "Startup Cost": 0.0,
                                              "Total Cost": 15918.33,
                                              "Plan Rows": 208333,
                                              "Plan Width": 56,
                                              "parent": 35,
                                              "ID": 36
                                            },
                                            {
                                              "Node Type": "Hash",
                                              "Parent Relationship": "Inner",
                                              "Parallel Aware": true,
                                              "Async Capable": false,
                                              "Startup Cost": 231127.5,
                                              "Total Cost": 231127.5,
                                              "Plan Rows": 15515,
                                              "Plan Width": 8,
                                              "Plans": [
                                                {
                                                  "Node Type": "Hash Join",
                                                  "Parent Relationship": "Outer",
                                                  "Parallel Aware": true,
                                                  "Async Capable": false,
                                                  "Join Type": "Inner",
                                                  "Startup Cost": 2052.33,
                                                  "Total Cost": 231127.5,
                                                  "Plan Rows": 15515,
                                                  "Plan Width": 8,
                                                  "Inner Unique": false,
                                                  "Hash Cond": "(web_sales.ws_sold_date_sk = date_dim_2.d_date_sk)",
                                                  "Plans": [
                                                    {
                                                      "Node Type": "Seq Scan",
                                                      "Parent Relationship": "Outer",
                                                      "Parallel Aware": true,
                                                      "Async Capable": false,
                                                      "Relation Name": "web_sales",
                                                      "Alias": "web_sales",
                                                      "Startup Cost": 0.0,
                                                      "Total Cost": 217737.86,
                                                      "Plan Rows": 2998986,
                                                      "Plan Width": 8,
                                                      "parent": 38,
                                                      "ID": 39
                                                    },
                                                    {
                                                      "Node Type": "Hash",
                                                      "Parent Relationship": "Inner",
                                                      "Parallel Aware": true,
                                                      "Async Capable": false,
                                                      "Startup Cost": 2049.55,
                                                      "Total Cost": 2049.55,
                                                      "Plan Rows": 222,
                                                      "Plan Width": 8,
                                                      "Plans": [
                                                        {
                                                          "Node Type": "Seq Scan",
                                                          "Parent Relationship": "Outer",
                                                          "Parallel Aware": true,
                                                          "Async Capable": false,
                                                          "Relation Name": "date_dim",
                                                          "Alias": "date_dim_2",
                                                          "Startup Cost": 0.0,
                                                          "Total Cost": 2049.55,
                                                          "Plan Rows": 222,
                                                          "Plan Width": 8,
                                                          "Filter": "((d_month_seq >= 1210) AND (d_month_seq <= 1221))",
                                                          "parent": 40,
                                                          "ID": 41
                                                        }
                                                      ],
                                                      "parent": 38,
                                                      "ID": 40,
                                                      "left": 41
                                                    }
                                                  ],
                                                  "parent": 37,
                                                  "ID": 38,
                                                  "left": 39,
                                                  "right": 40
                                                }
                                              ],
                                              "parent": 35,
                                              "ID": 37,
                                              "left": 38
                                            }
                                          ],
                                          "parent": 34,
                                          "ID": 35,
                                          "left": 36,
                                          "right": 37
                                        }
                                      ],
                                      "parent": 33,
                                      "ID": 34,
                                      "left": 35
                                    }
                                  ],
                                  "parent": 32,
                                  "ID": 33,
                                  "left": 34
                                }
                              ],
                              "parent": 31,
                              "ID": 32,
                              "left": 33
                            }
                          ],
                          "parent": 4,
                          "ID": 31,
                          "left": 32
                        }
                      ],
                      "parent": 3,
                      "ID": 4,
                      "left": 5,
                      "right": 31
                    }
                  ],
                  "parent": 2,
                  "ID": 3,
                  "left": 4
                }
              ],
              "parent": 1,
              "ID": 2,
              "left": 3
            }
          ],
          "parent": 0,
          "ID": 1,
          "left": 2
        }
      ],
      "parent": null,
      "ID": 0,
      "left": 1
    },
    "feat": {
      "utility": 0.003936728059799307,
      "query_shape": [
        [
          "Seq Scan",
          "Hash Join",
          "Sort",
          "Gather Merge",
          "Unique",
          "Subquery Scan",
          "Append",
          "SetOp",
          "Result"
        ],
        [
          "Seq Scan",
          "Hash Join",
          "Hash",
          "Sort",
          "Gather Merge",
          "Unique",
          "Subquery Scan",
          "Append",
          "SetOp",
          "Result"
        ],
        [
          "Seq Scan",
          "Hash",
          "Hash Join",
          "Sort",
          "Gather Merge",
          "Unique",
          "Subquery Scan",
          "Append",
          "SetOp",
          "Result"
        ],
        [
          "Seq Scan",
          "Hash Join",
          "Sort",
          "Gather Merge",
          "Unique",
          "Subquery Scan",
          "Append",
          "SetOp",
          "Result"
        ],
        [
          "Seq Scan",
          "Hash Join",
          "Hash",
          "Sort",
          "Gather Merge",
          "Unique",
          "Subquery Scan",
          "Append",
          "SetOp",
          "Result"
        ],
        [
          "Seq Scan",
          "Hash",
          "Hash Join",
          "Sort",
          "Gather Merge",
          "Unique",
          "Subquery Scan",
          "Append",
          "SetOp",
          "Result"
        ],
        [
          "Seq Scan",
          "Hash Join",
          "Sort",
          "Gather Merge",
          "Unique",
          "Subquery Scan",
          "Append",
          "SetOp"
        ],
        [
          "Seq Scan",
          "Hash Join",
          "Hash",
          "Sort",
          "Gather Merge",
          "Unique",
          "Subquery Scan",
          "Append",
          "SetOp"
        ],
        [
          "Seq Scan",
          "Hash",
          "Hash Join",
          "Sort",
          "Gather Merge",
          "Unique",
          "Subquery Scan",
          "Append",
          "SetOp"
        ]
      ],
      "index_shape": [
        "join"
      ],
      "physical_operator": {
        "Hash Join": [
          0.004716427678717668,
          0.004814291371199539,
          0.004827387744637831
        ]
      }
    }
  },
  {
    "query": "select count(*) \nfrom ((select distinct c_last_name, c_first_name, d_date\n       from store_sales, date_dim, customer\n       where store_sales.ss_sold_date_sk = date_dim.d_date_sk\n         and store_sales.ss_customer_sk = customer.c_customer_sk\n         and d_month_seq between 1210 and 1210+11)\n       except\n      (select distinct c_last_name, c_first_name, d_date\n       from catalog_sales, date_dim, customer\n       where catalog_sales.cs_sold_date_sk = date_dim.d_date_sk\n         and catalog_sales.cs_bill_customer_sk = customer.c_customer_sk\n         and d_month_seq between 1210 and 1210+11)\n       except\n      (select distinct c_last_name, c_first_name, d_date\n       from web_sales, date_dim, customer\n       where web_sales.ws_sold_date_sk = date_dim.d_date_sk\n         and web_sales.ws_bill_customer_sk = customer.c_customer_sk\n         and d_month_seq between 1210 and 1210+11)\n) cool_cust\n;\n\n-- end query 67 in stream 4 using template query87.tpl\n",
    "indexes": "date_dim.d_date",
    "wo plan est": {
      "Node Type": "Aggregate",
      "Strategy": "Plain",
      "Partial Mode": "Simple",
      "Parallel Aware": false,
      "Async Capable": false,
      "Startup Cost": 1554392.94,
      "Total Cost": 1554392.95,
      "Plan Rows": 1,
      "Plan Width": 8,
      "Plans": [
        {
          "Node Type": "Subquery Scan",
          "Parent Relationship": "Outer",
          "Parallel Aware": false,
          "Async Capable": false,
          "Alias": "cool_cust",
          "Startup Cost": 1550966.58,
          "Total Cost": 1554053.6,
          "Plan Rows": 135736,
          "Plan Width": 0,
          "Plans": [
            {
              "Node Type": "SetOp",
              "Strategy": "Sorted",
              "Parent Relationship": "Subquery",
              "Parallel Aware": false,
              "Async Capable": false,
              "Command": "Except",
              "Startup Cost": 1550966.58,
              "Total Cost": 1552696.24,
              "Plan Rows": 135736,
              "Plan Width": 216,
              "Plans": [
                {
                  "Node Type": "Sort",
                  "Parent Relationship": "Outer",
                  "Parallel Aware": false,
                  "Async Capable": false,
                  "Startup Cost": 1550966.58,
                  "Total Cost": 1551399.0,
                  "Plan Rows": 172966,
                  "Plan Width": 216,
                  "Sort Key": [
                    "\"*SELECT* 1\".c_last_name",
                    "\"*SELECT* 1\".c_first_name",
                    "\"*SELECT* 1\".d_date"
                  ],
                  "Plans": [
                    {
                      "Node Type": "Append",
                      "Parent Relationship": "Outer",
                      "Parallel Aware": false,
                      "Async Capable": false,
                      "Startup Cost": 1258710.95,
                      "Total Cost": 1518180.43,
                      "Plan Rows": 172966,
                      "Plan Width": 216,
                      "Subplans Removed": 0,
                      "Plans": [
                        {
                          "Node Type": "Result",
                          "Parent Relationship": "Member",
                          "Parallel Aware": false,
                          "Async Capable": false,
                          "Startup Cost": 1258710.95,
                          "Total Cost": 1262162.63,
                          "Plan Rows": 135736,
                          "Plan Width": 216,
                          "Plans": [
                            {
                              "Node Type": "SetOp",
                              "Strategy": "Sorted",
                              "Parent Relationship": "Outer",
                              "Parallel Aware": false,
                              "Async Capable": false,
                              "Command": "Except",
                              "Startup Cost": 1258710.95,
                              "Total Cost": 1260805.27,
                              "Plan Rows": 135736,
                              "Plan Width": 216,
                              "Plans": [
                                {
                                  "Node Type": "Sort",
                                  "Parent Relationship": "Outer",
                                  "Parallel Aware": false,
                                  "Async Capable": false,
                                  "Startup Cost": 1258710.95,
                                  "Total Cost": 1259234.53,
                                  "Plan Rows": 209432,
                                  "Plan Width": 216,
                                  "Sort Key": [
                                    "\"*SELECT* 1\".c_last_name",
                                    "\"*SELECT* 1\".c_first_name",
                                    "\"*SELECT* 1\".d_date"
                                  ],
                                  "Plans": [
                                    {
                                      "Node Type": "Append",
                                      "Parent Relationship": "Outer",
                                      "Parallel Aware": false,
                                      "Async Capable": false,
                                      "Startup Cost": 709393.12,
                                      "Total Cost": 1218725.23,
                                      "Plan Rows": 209432,
                                      "Plan Width": 216,
                                      "Subplans Removed": 0,
                                      "Plans": [
                                        {
                                          "Node Type": "Subquery Scan",
                                          "Parent Relationship": "Member",
                                          "Parallel Aware": false,
                                          "Async Capable": false,
                                          "Alias": "*SELECT* 1",
                                          "Startup Cost": 709393.12,
                                          "Total Cost": 727577.19,
                                          "Plan Rows": 135736,
                                          "Plan Width": 60,
                                          "Plans": [
                                            {
                                              "Node Type": "Unique",
                                              "Parent Relationship": "Subquery",
                                              "Parallel Aware": false,
                                              "Async Capable": false,
                                              "Startup Cost": 709393.12,
                                              "Total Cost": 726219.83,
                                              "Plan Rows": 135736,
                                              "Plan Width": 56,
                                              "Plans": [
                                                {
                                                  "Node Type": "Gather Merge",
                                                  "Parent Relationship": "Outer",
                                                  "Parallel Aware": false,
                                                  "Async Capable": false,
                                                  "Startup Cost": 709393.12,
                                                  "Total Cost": 725201.81,
                                                  "Plan Rows": 135736,
                                                  "Plan Width": 56,
                                                  "Workers Planned": 2,
                                                  "Plans": [
                                                    {
                                                      "Node Type": "Sort",
                                                      "Parent Relationship": "Outer",
                                                      "Parallel Aware": false,
                                                      "Async Capable": false,
                                                      "Startup Cost": 708393.09,
                                                      "Total Cost": 708534.49,
                                                      "Plan Rows": 56557,
                                                      "Plan Width": 56,
                                                      "Sort Key": [
                                                        "customer.c_last_name",
                                                        "customer.c_first_name",
                                                        "date_dim.d_date"
                                                      ],
                                                      "Plans": [
                                                        {
                                                          "Node Type": "Hash Join",
                                                          "Parent Relationship": "Outer",
                                                          "Parallel Aware": true,
                                                          "Async Capable": false,
                                                          "Join Type": "Inner",
                                                          "Startup Cost": 685057.92,
                                                          "Total Cost": 701993.15,
                                                          "Plan Rows": 56557,
                                                          "Plan Width": 56,
                                                          "Inner Unique": false,
                                                          "Hash Cond": "(customer.c_customer_sk = store_sales.ss_customer_sk)",
                                                          "Plans": [
                                                            {
                                                              "Node Type": "Seq Scan",
                                                              "Parent Relationship": "Outer",
                                                              "Parallel Aware": true,
                                                              "Async Capable": false,
                                                              "Relation Name": "customer",
                                                              "Alias": "customer",
                                                              "Startup Cost": 0.0,
                                                              "Total Cost": 15918.33,
                                                              "Plan Rows": 208333,
                                                              "Plan Width": 56,
                                                              "parent": 13,
                                                              "ID": 14
                                                            },
                                                            {
                                                              "Node Type": "Hash",
                                                              "Parent Relationship": "Inner",
                                                              "Parallel Aware": true,
                                                              "Async Capable": false,
                                                              "Startup Cost": 684317.13,
                                                              "Total Cost": 684317.13,
                                                              "Plan Rows": 59263,
                                                              "Plan Width": 8,
                                                              "Plans": [
                                                                {
                                                                  "Node Type": "Hash Join",
                                                                  "Parent Relationship": "Outer",
                                                                  "Parallel Aware": true,
                                                                  "Async Capable": false,
                                                                  "Join Type": "Inner",
                                                                  "Startup Cost": 2052.33,
                                                                  "Total Cost": 684317.13,
                                                                  "Plan Rows": 59263,
                                                                  "Plan Width": 8,
                                                                  "Inner Unique": false,
                                                                  "Hash Cond": "(store_sales.ss_sold_date_sk = date_dim.d_date_sk)",
                                                                  "Plans": [
                                                                    {
                                                                      "Node Type": "Seq Scan",
                                                                      "Parent Relationship": "Outer",
                                                                      "Parallel Aware": true,
                                                                      "Async Capable": false,
                                                                      "Relation Name": "store_sales",
                                                                      "Alias": "store_sales",
                                                                      "Startup Cost": 0.0,
                                                                      "Total Cost": 636914.37,
                                                                      "Plan Rows": 12000637,
                                                                      "Plan Width": 8,
                                                                      "parent": 16,
                                                                      "ID": 17
                                                                    },
                                                                    {
                                                                      "Node Type": "Hash",
                                                                      "Parent Relationship": "Inner",
                                                                      "Parallel Aware": true,
                                                                      "Async Capable": false,
                                                                      "Startup Cost": 2049.55,
                                                                      "Total Cost": 2049.55,
                                                                      "Plan Rows": 222,
                                                                      "Plan Width": 8,
                                                                      "Plans": [
                                                                        {
                                                                          "Node Type": "Seq Scan",
                                                                          "Parent Relationship": "Outer",
                                                                          "Parallel Aware": true,
                                                                          "Async Capable": false,
                                                                          "Relation Name": "date_dim",
                                                                          "Alias": "date_dim",
                                                                          "Startup Cost": 0.0,
                                                                          "Total Cost": 2049.55,
                                                                          "Plan Rows": 222,
                                                                          "Plan Width": 8,
                                                                          "Filter": "((d_month_seq >= 1210) AND (d_month_seq <= 1221))",
                                                                          "parent": 18,
                                                                          "ID": 19
                                                                        }
                                                                      ],
                                                                      "parent": 16,
                                                                      "ID": 18,
                                                                      "left": 19
                                                                    }
                                                                  ],
                                                                  "parent": 15,
                                                                  "ID": 16,
                                                                  "left": 17,
                                                                  "right": 18
                                                                }
                                                              ],
                                                              "parent": 13,
                                                              "ID": 15,
                                                              "left": 16
                                                            }
                                                          ],
                                                          "parent": 12,
                                                          "ID": 13,
                                                          "left": 14,
                                                          "right": 15
                                                        }
                                                      ],
                                                      "parent": 11,
                                                      "ID": 12,
                                                      "left": 13
                                                    }
                                                  ],
                                                  "parent": 10,
                                                  "ID": 11,
                                                  "left": 12
                                                }
                                              ],
                                              "parent": 9,
                                              "ID": 10,
                                              "left": 11
                                            }
                                          ],
                                          "parent": 8,
                                          "ID": 9,
                                          "left": 10
                                        },
                                        {
                                          "Node Type": "Subquery Scan",
                                          "Parent Relationship": "Member",
                                          "Parallel Aware": false,
                                          "Async Capable": false,
                                          "Alias": "*SELECT* 2",
                                          "Startup Cost": 480228.08,
                                          "Total Cost": 490100.87,
                                          "Plan Rows": 73696,
                                          "Plan Width": 60,
                                          "Plans": [
                                            {
                                              "Node Type": "Unique",
                                              "Parent Relationship": "Subquery",
                                              "Parallel Aware": false,
                                              "Async Capable": false,
                                              "Startup Cost": 480228.08,
                                              "Total Cost": 489363.91,
                                              "Plan Rows": 73696,
                                              "Plan Width": 56,
                                              "Plans": [
                                                {
                                                  "Node Type": "Gather Merge",
                                                  "Parent Relationship": "Outer",
                                                  "Parallel Aware": false,
                                                  "Async Capable": false,
                                                  "Startup Cost": 480228.08,
                                                  "Total Cost": 488811.19,
                                                  "Plan Rows": 73696,
                                                  "Plan Width": 56,
                                                  "Workers Planned": 2,
                                                  "Plans": [
                                                    {
                                                      "Node Type": "Sort",
                                                      "Parent Relationship": "Outer",
                                                      "Parallel Aware": false,
                                                      "Async Capable": false,
                                                      "Startup Cost": 479228.05,
                                                      "Total Cost": 479304.82,
                                                      "Plan Rows": 30707,
                                                      "Plan Width": 56,
                                                      "Sort Key": [
                                                        "customer_1.c_last_name",
                                                        "customer_1.c_first_name",
                                                        "date_dim_1.d_date"
                                                      ],
                                                      "Plans": [
                                                        {
                                                          "Node Type": "Hash Join",
                                                          "Parent Relationship": "Outer",
                                                          "Parallel Aware": true,
                                                          "Async Capable": false,
                                                          "Join Type": "Inner",
                                                          "Startup Cost": 458809.82,
                                                          "Total Cost": 476939.42,
                                                          "Plan Rows": 30707,
                                                          "Plan Width": 56,
                                                          "Inner Unique": false,
                                                          "Hash Cond": "(customer_1.c_customer_sk = catalog_sales.cs_bill_customer_sk)",
                                                          "Plans": [
                                                            {
                                                              "Node Type": "Seq Scan",
                                                              "Parent Relationship": "Outer",
                                                              "Parallel Aware": true,
                                                              "Async Capable": false,
                                                              "Relation Name": "customer",
                                                              "Alias": "customer_1",
                                                              "Startup Cost": 0.0,
                                                              "Total Cost": 15918.33,
                                                              "Plan Rows": 208333,
                                                              "Plan Width": 56,
                                                              "parent": 24,
                                                              "ID": 25
                                                            },
                                                            {
                                                              "Node Type": "Hash",
                                                              "Parent Relationship": "Inner",
                                                              "Parallel Aware": true,
                                                              "Async Capable": false,
                                                              "Startup Cost": 458423.88,
                                                              "Total Cost": 458423.88,
                                                              "Plan Rows": 30875,
                                                              "Plan Width": 8,
                                                              "Plans": [
                                                                {
                                                                  "Node Type": "Hash Join",
                                                                  "Parent Relationship": "Outer",
                                                                  "Parallel Aware": true,
                                                                  "Async Capable": false,
                                                                  "Join Type": "Inner",
                                                                  "Startup Cost": 2052.33,
                                                                  "Total Cost": 458423.88,
                                                                  "Plan Rows": 30875,
                                                                  "Plan Width": 8,
                                                                  "Inner Unique": false,
                                                                  "Hash Cond": "(catalog_sales.cs_sold_date_sk = date_dim_1.d_date_sk)",
                                                                  "Plans": [
                                                                    {
                                                                      "Node Type": "Seq Scan",
                                                                      "Parent Relationship": "Outer",
                                                                      "Parallel Aware": true,
                                                                      "Async Capable": false,
                                                                      "Relation Name": "catalog_sales",
                                                                      "Alias": "catalog_sales",
                                                                      "Startup Cost": 0.0,
                                                                      "Total Cost": 433688.25,
                                                                      "Plan Rows": 6000525,
                                                                      "Plan Width": 8,
                                                                      "parent": 27,
                                                                      "ID": 28
                                                                    },
                                                                    {
                                                                      "Node Type": "Hash",
                                                                      "Parent Relationship": "Inner",
                                                                      "Parallel Aware": true,
                                                                      "Async Capable": false,
                                                                      "Startup Cost": 2049.55,
                                                                      "Total Cost": 2049.55,
                                                                      "Plan Rows": 222,
                                                                      "Plan Width": 8,
                                                                      "Plans": [
                                                                        {
                                                                          "Node Type": "Seq Scan",
                                                                          "Parent Relationship": "Outer",
                                                                          "Parallel Aware": true,
                                                                          "Async Capable": false,
                                                                          "Relation Name": "date_dim",
                                                                          "Alias": "date_dim_1",
                                                                          "Startup Cost": 0.0,
                                                                          "Total Cost": 2049.55,
                                                                          "Plan Rows": 222,
                                                                          "Plan Width": 8,
                                                                          "Filter": "((d_month_seq >= 1210) AND (d_month_seq <= 1221))",
                                                                          "parent": 29,
                                                                          "ID": 30
                                                                        }
                                                                      ],
                                                                      "parent": 27,
                                                                      "ID": 29,
                                                                      "left": 30
                                                                    }
                                                                  ],
                                                                  "parent": 26,
                                                                  "ID": 27,
                                                                  "left": 28,
                                                                  "right": 29
                                                                }
                                                              ],
                                                              "parent": 24,
                                                              "ID": 26,
                                                              "left": 27
                                                            }
                                                          ],
                                                          "parent": 23,
                                                          "ID": 24,
                                                          "left": 25,
                                                          "right": 26
                                                        }
                                                      ],
                                                      "parent": 22,
                                                      "ID": 23,
                                                      "left": 24
                                                    }
                                                  ],
                                                  "parent": 21,
                                                  "ID": 22,
                                                  "left": 23
                                                }
                                              ],
                                              "parent": 20,
                                              "ID": 21,
                                              "left": 22
                                            }
                                          ],
                                          "parent": 8,
                                          "ID": 20,
                                          "left": 21
                                        }
                                      ],
                                      "parent": 7,
                                      "ID": 8,
                                      "left": 9,
                                      "right": 20
                                    }
                                  ],
                                  "parent": 6,
                                  "ID": 7,
                                  "left": 8
                                }
                              ],
                              "parent": 5,
                              "ID": 6,
                              "left": 7
                            }
                          ],
                          "parent": 4,
                          "ID": 5,
                          "left": 6
                        },
                        {
                          "Node Type": "Subquery Scan",
                          "Parent Relationship": "Member",
                          "Parallel Aware": false,
                          "Async Capable": false,
                          "Alias": "*SELECT* 3",
                          "Startup Cost": 250165.39,
                          "Total Cost": 255152.97,
                          "Plan Rows": 37230,
                          "Plan Width": 60,
                          "Plans": [
                            {
                              "Node Type": "Unique",
                              "Parent Relationship": "Subquery",
                              "Parallel Aware": false,
                              "Async Capable": false,
                              "Startup Cost": 250165.39,
                              "Total Cost": 254780.67,
                              "Plan Rows": 37230,
                              "Plan Width": 56,
                              "Plans": [
                                {
                                  "Node Type": "Gather Merge",
                                  "Parent Relationship": "Outer",
                                  "Parallel Aware": false,
                                  "Async Capable": false,
                                  "Startup Cost": 250165.39,
                                  "Total Cost": 254501.44,
                                  "Plan Rows": 37230,
                                  "Plan Width": 56,
                                  "Workers Planned": 2,
                                  "Plans": [
                                    {
                                      "Node Type": "Sort",
                                      "Parent Relationship": "Outer",
                                      "Parallel Aware": false,
                                      "Async Capable": false,
                                      "Startup Cost": 249165.37,
                                      "Total Cost": 249204.15,
                                      "Plan Rows": 15512,
                                      "Plan Width": 56,
                                      "Sort Key": [
                                        "customer_2.c_last_name",
                                        "customer_2.c_first_name",
                                        "date_dim_2.d_date"
                                      ],
                                      "Plans": [
                                        {
                                          "Node Type": "Hash Join",
                                          "Parent Relationship": "Outer",
                                          "Parallel Aware": true,
                                          "Async Capable": false,
                                          "Join Type": "Inner",
                                          "Startup Cost": 231321.44,
                                          "Total Cost": 248085.65,
                                          "Plan Rows": 15512,
                                          "Plan Width": 56,
                                          "Inner Unique": false,
                                          "Hash Cond": "(customer_2.c_customer_sk = web_sales.ws_bill_customer_sk)",
                                          "Plans": [
                                            {
                                              "Node Type": "Seq Scan",
                                              "Parent Relationship": "Outer",
                                              "Parallel Aware": true,
                                              "Async Capable": false,
                                              "Relation Name": "customer",
                                              "Alias": "customer_2",
                                              "Startup Cost": 0.0,
                                              "Total Cost": 15918.33,
                                              "Plan Rows": 208333,
                                              "Plan Width": 56,
                                              "parent": 35,
                                              "ID": 36
                                            },
                                            {
                                              "Node Type": "Hash",
                                              "Parent Relationship": "Inner",
                                              "Parallel Aware": true,
                                              "Async Capable": false,
                                              "Startup Cost": 231127.5,
                                              "Total Cost": 231127.5,
                                              "Plan Rows": 15515,
                                              "Plan Width": 8,
                                              "Plans": [
                                                {
                                                  "Node Type": "Hash Join",
                                                  "Parent Relationship": "Outer",
                                                  "Parallel Aware": true,
                                                  "Async Capable": false,
                                                  "Join Type": "Inner",
                                                  "Startup Cost": 2052.33,
                                                  "Total Cost": 231127.5,
                                                  "Plan Rows": 15515,
                                                  "Plan Width": 8,
                                                  "Inner Unique": false,
                                                  "Hash Cond": "(web_sales.ws_sold_date_sk = date_dim_2.d_date_sk)",
                                                  "Plans": [
                                                    {
                                                      "Node Type": "Seq Scan",
                                                      "Parent Relationship": "Outer",
                                                      "Parallel Aware": true,
                                                      "Async Capable": false,
                                                      "Relation Name": "web_sales",
                                                      "Alias": "web_sales",
                                                      "Startup Cost": 0.0,
                                                      "Total Cost": 217737.86,
                                                      "Plan Rows": 2998986,
                                                      "Plan Width": 8,
                                                      "parent": 38,
                                                      "ID": 39
                                                    },
                                                    {
                                                      "Node Type": "Hash",
                                                      "Parent Relationship": "Inner",
                                                      "Parallel Aware": true,
                                                      "Async Capable": false,
                                                      "Startup Cost": 2049.55,
                                                      "Total Cost": 2049.55,
                                                      "Plan Rows": 222,
                                                      "Plan Width": 8,
                                                      "Plans": [
                                                        {
                                                          "Node Type": "Seq Scan",
                                                          "Parent Relationship": "Outer",
                                                          "Parallel Aware": true,
                                                          "Async Capable": false,
                                                          "Relation Name": "date_dim",
                                                          "Alias": "date_dim_2",
                                                          "Startup Cost": 0.0,
                                                          "Total Cost": 2049.55,
                                                          "Plan Rows": 222,
                                                          "Plan Width": 8,
                                                          "Filter": "((d_month_seq >= 1210) AND (d_month_seq <= 1221))",
                                                          "parent": 40,
                                                          "ID": 41
                                                        }
                                                      ],
                                                      "parent": 38,
                                                      "ID": 40,
                                                      "left": 41
                                                    }
                                                  ],
                                                  "parent": 37,
                                                  "ID": 38,
                                                  "left": 39,
                                                  "right": 40
                                                }
                                              ],
                                              "parent": 35,
                                              "ID": 37,
                                              "left": 38
                                            }
                                          ],
                                          "parent": 34,
                                          "ID": 35,
                                          "left": 36,
                                          "right": 37
                                        }
                                      ],
                                      "parent": 33,
                                      "ID": 34,
                                      "left": 35
                                    }
                                  ],
                                  "parent": 32,
                                  "ID": 33,
                                  "left": 34
                                }
                              ],
                              "parent": 31,
                              "ID": 32,
                              "left": 33
                            }
                          ],
                          "parent": 4,
                          "ID": 31,
                          "left": 32
                        }
                      ],
                      "parent": 3,
                      "ID": 4,
                      "left": 5,
                      "right": 31
                    }
                  ],
                  "parent": 2,
                  "ID": 3,
                  "left": 4
                }
              ],
              "parent": 1,
              "ID": 2,
              "left": 3
            }
          ],
          "parent": 0,
          "ID": 1,
          "left": 2
        }
      ],
      "parent": null,
      "ID": 0,
      "left": 1
    },
    "feat": {
      "utility": 0.003936728059799307,
      "query_shape": [
        [
          "Seq Scan",
          "Hash Join",
          "Sort",
          "Gather Merge",
          "Unique",
          "Subquery Scan",
          "Append",
          "SetOp",
          "Result"
        ],
        [
          "Seq Scan",
          "Hash Join",
          "Hash",
          "Sort",
          "Gather Merge",
          "Unique",
          "Subquery Scan",
          "Append",
          "SetOp",
          "Result"
        ],
        [
          "Seq Scan",
          "Hash",
          "Hash Join",
          "Sort",
          "Gather Merge",
          "Unique",
          "Subquery Scan",
          "Append",
          "SetOp",
          "Result"
        ],
        [
          "Seq Scan",
          "Hash Join",
          "Sort",
          "Gather Merge",
          "Unique",
          "Subquery Scan",
          "Append",
          "SetOp",
          "Result"
        ],
        [
          "Seq Scan",
          "Hash Join",
          "Hash",
          "Sort",
          "Gather Merge",
          "Unique",
          "Subquery Scan",
          "Append",
          "SetOp",
          "Result"
        ],
        [
          "Seq Scan",
          "Hash",
          "Hash Join",
          "Sort",
          "Gather Merge",
          "Unique",
          "Subquery Scan",
          "Append",
          "SetOp",
          "Result"
        ],
        [
          "Seq Scan",
          "Hash Join",
          "Sort",
          "Gather Merge",
          "Unique",
          "Subquery Scan",
          "Append",
          "SetOp"
        ],
        [
          "Seq Scan",
          "Hash Join",
          "Hash",
          "Sort",
          "Gather Merge",
          "Unique",
          "Subquery Scan",
          "Append",
          "SetOp"
        ],
        [
          "Seq Scan",
          "Hash",
          "Hash Join",
          "Sort",
          "Gather Merge",
          "Unique",
          "Subquery Scan",
          "Append",
          "SetOp"
        ]
      ],
      "index_shape": [
        "join"
      ],
      "physical_operator": {
        "Hash Join": [
          0.004716427678717668,
          0.004814291371199539,
          0.004827387744637831
        ],
        "Sort": [
          "[0. 0. 0. 0. 0. 0. 0. 0. 0. 0. 0. 0. 0. 0. 0. 0. 0. 0. 0. 0. 0. 0. 0. 0.\n 0. 0. 0. 0. 0. 0. 0. 0. 0. 0. 0. 0. 0. 0. 0. 0. 0. 0. 0. 0. 0. 0. 0. 0.\n 0. 0. 0.]",
          "[0. 0. 0. 0. 0. 0. 0. 0. 0. 0. 0. 0. 0. 0. 0. 0. 0. 0. 0. 0. 0. 0. 0. 0.\n 0. 0. 0. 0. 0. 0. 0. 0. 0. 0. 0. 0. 0. 0. 0. 0. 0. 0. 0. 0. 0. 0. 0. 0.\n 0. 0. 0.]",
          "[0. 0. 0. 0. 0. 0. 0. 0. 0. 0. 0. 0. 0. 0. 0. 0. 0. 0. 0. 0. 0. 0. 0. 0.\n 0. 0. 0. 0. 0. 0. 0. 0. 0. 0. 0. 0. 0. 0. 0. 0. 0. 0. 0. 0. 0. 0. 0. 0.\n 0. 0. 0.]"
        ]
      }
    }
  },
  {
    "query": "select count(*) \nfrom ((select distinct c_last_name, c_first_name, d_date\n       from store_sales, date_dim, customer\n       where store_sales.ss_sold_date_sk = date_dim.d_date_sk\n         and store_sales.ss_customer_sk = customer.c_customer_sk\n         and d_month_seq between 1210 and 1210+11)\n       except\n      (select distinct c_last_name, c_first_name, d_date\n       from catalog_sales, date_dim, customer\n       where catalog_sales.cs_sold_date_sk = date_dim.d_date_sk\n         and catalog_sales.cs_bill_customer_sk = customer.c_customer_sk\n         and d_month_seq between 1210 and 1210+11)\n       except\n      (select distinct c_last_name, c_first_name, d_date\n       from web_sales, date_dim, customer\n       where web_sales.ws_sold_date_sk = date_dim.d_date_sk\n         and web_sales.ws_bill_customer_sk = customer.c_customer_sk\n         and d_month_seq between 1210 and 1210+11)\n) cool_cust\n;\n\n-- end query 67 in stream 4 using template query87.tpl\n",
    "indexes": "date_dim.d_month_seq",
    "wo plan est": {
      "Node Type": "Aggregate",
      "Strategy": "Plain",
      "Partial Mode": "Simple",
      "Parallel Aware": false,
      "Async Capable": false,
      "Startup Cost": 1554392.94,
      "Total Cost": 1554392.95,
      "Plan Rows": 1,
      "Plan Width": 8,
      "Plans": [
        {
          "Node Type": "Subquery Scan",
          "Parent Relationship": "Outer",
          "Parallel Aware": false,
          "Async Capable": false,
          "Alias": "cool_cust",
          "Startup Cost": 1550966.58,
          "Total Cost": 1554053.6,
          "Plan Rows": 135736,
          "Plan Width": 0,
          "Plans": [
            {
              "Node Type": "SetOp",
              "Strategy": "Sorted",
              "Parent Relationship": "Subquery",
              "Parallel Aware": false,
              "Async Capable": false,
              "Command": "Except",
              "Startup Cost": 1550966.58,
              "Total Cost": 1552696.24,
              "Plan Rows": 135736,
              "Plan Width": 216,
              "Plans": [
                {
                  "Node Type": "Sort",
                  "Parent Relationship": "Outer",
                  "Parallel Aware": false,
                  "Async Capable": false,
                  "Startup Cost": 1550966.58,
                  "Total Cost": 1551399.0,
                  "Plan Rows": 172966,
                  "Plan Width": 216,
                  "Sort Key": [
                    "\"*SELECT* 1\".c_last_name",
                    "\"*SELECT* 1\".c_first_name",
                    "\"*SELECT* 1\".d_date"
                  ],
                  "Plans": [
                    {
                      "Node Type": "Append",
                      "Parent Relationship": "Outer",
                      "Parallel Aware": false,
                      "Async Capable": false,
                      "Startup Cost": 1258710.95,
                      "Total Cost": 1518180.43,
                      "Plan Rows": 172966,
                      "Plan Width": 216,
                      "Subplans Removed": 0,
                      "Plans": [
                        {
                          "Node Type": "Result",
                          "Parent Relationship": "Member",
                          "Parallel Aware": false,
                          "Async Capable": false,
                          "Startup Cost": 1258710.95,
                          "Total Cost": 1262162.63,
                          "Plan Rows": 135736,
                          "Plan Width": 216,
                          "Plans": [
                            {
                              "Node Type": "SetOp",
                              "Strategy": "Sorted",
                              "Parent Relationship": "Outer",
                              "Parallel Aware": false,
                              "Async Capable": false,
                              "Command": "Except",
                              "Startup Cost": 1258710.95,
                              "Total Cost": 1260805.27,
                              "Plan Rows": 135736,
                              "Plan Width": 216,
                              "Plans": [
                                {
                                  "Node Type": "Sort",
                                  "Parent Relationship": "Outer",
                                  "Parallel Aware": false,
                                  "Async Capable": false,
                                  "Startup Cost": 1258710.95,
                                  "Total Cost": 1259234.53,
                                  "Plan Rows": 209432,
                                  "Plan Width": 216,
                                  "Sort Key": [
                                    "\"*SELECT* 1\".c_last_name",
                                    "\"*SELECT* 1\".c_first_name",
                                    "\"*SELECT* 1\".d_date"
                                  ],
                                  "Plans": [
                                    {
                                      "Node Type": "Append",
                                      "Parent Relationship": "Outer",
                                      "Parallel Aware": false,
                                      "Async Capable": false,
                                      "Startup Cost": 709393.12,
                                      "Total Cost": 1218725.23,
                                      "Plan Rows": 209432,
                                      "Plan Width": 216,
                                      "Subplans Removed": 0,
                                      "Plans": [
                                        {
                                          "Node Type": "Subquery Scan",
                                          "Parent Relationship": "Member",
                                          "Parallel Aware": false,
                                          "Async Capable": false,
                                          "Alias": "*SELECT* 1",
                                          "Startup Cost": 709393.12,
                                          "Total Cost": 727577.19,
                                          "Plan Rows": 135736,
                                          "Plan Width": 60,
                                          "Plans": [
                                            {
                                              "Node Type": "Unique",
                                              "Parent Relationship": "Subquery",
                                              "Parallel Aware": false,
                                              "Async Capable": false,
                                              "Startup Cost": 709393.12,
                                              "Total Cost": 726219.83,
                                              "Plan Rows": 135736,
                                              "Plan Width": 56,
                                              "Plans": [
                                                {
                                                  "Node Type": "Gather Merge",
                                                  "Parent Relationship": "Outer",
                                                  "Parallel Aware": false,
                                                  "Async Capable": false,
                                                  "Startup Cost": 709393.12,
                                                  "Total Cost": 725201.81,
                                                  "Plan Rows": 135736,
                                                  "Plan Width": 56,
                                                  "Workers Planned": 2,
                                                  "Plans": [
                                                    {
                                                      "Node Type": "Sort",
                                                      "Parent Relationship": "Outer",
                                                      "Parallel Aware": false,
                                                      "Async Capable": false,
                                                      "Startup Cost": 708393.09,
                                                      "Total Cost": 708534.49,
                                                      "Plan Rows": 56557,
                                                      "Plan Width": 56,
                                                      "Sort Key": [
                                                        "customer.c_last_name",
                                                        "customer.c_first_name",
                                                        "date_dim.d_date"
                                                      ],
                                                      "Plans": [
                                                        {
                                                          "Node Type": "Hash Join",
                                                          "Parent Relationship": "Outer",
                                                          "Parallel Aware": true,
                                                          "Async Capable": false,
                                                          "Join Type": "Inner",
                                                          "Startup Cost": 685057.92,
                                                          "Total Cost": 701993.15,
                                                          "Plan Rows": 56557,
                                                          "Plan Width": 56,
                                                          "Inner Unique": false,
                                                          "Hash Cond": "(customer.c_customer_sk = store_sales.ss_customer_sk)",
                                                          "Plans": [
                                                            {
                                                              "Node Type": "Seq Scan",
                                                              "Parent Relationship": "Outer",
                                                              "Parallel Aware": true,
                                                              "Async Capable": false,
                                                              "Relation Name": "customer",
                                                              "Alias": "customer",
                                                              "Startup Cost": 0.0,
                                                              "Total Cost": 15918.33,
                                                              "Plan Rows": 208333,
                                                              "Plan Width": 56,
                                                              "parent": 13,
                                                              "ID": 14
                                                            },
                                                            {
                                                              "Node Type": "Hash",
                                                              "Parent Relationship": "Inner",
                                                              "Parallel Aware": true,
                                                              "Async Capable": false,
                                                              "Startup Cost": 684317.13,
                                                              "Total Cost": 684317.13,
                                                              "Plan Rows": 59263,
                                                              "Plan Width": 8,
                                                              "Plans": [
                                                                {
                                                                  "Node Type": "Hash Join",
                                                                  "Parent Relationship": "Outer",
                                                                  "Parallel Aware": true,
                                                                  "Async Capable": false,
                                                                  "Join Type": "Inner",
                                                                  "Startup Cost": 2052.33,
                                                                  "Total Cost": 684317.13,
                                                                  "Plan Rows": 59263,
                                                                  "Plan Width": 8,
                                                                  "Inner Unique": false,
                                                                  "Hash Cond": "(store_sales.ss_sold_date_sk = date_dim.d_date_sk)",
                                                                  "Plans": [
                                                                    {
                                                                      "Node Type": "Seq Scan",
                                                                      "Parent Relationship": "Outer",
                                                                      "Parallel Aware": true,
                                                                      "Async Capable": false,
                                                                      "Relation Name": "store_sales",
                                                                      "Alias": "store_sales",
                                                                      "Startup Cost": 0.0,
                                                                      "Total Cost": 636914.37,
                                                                      "Plan Rows": 12000637,
                                                                      "Plan Width": 8,
                                                                      "parent": 16,
                                                                      "ID": 17
                                                                    },
                                                                    {
                                                                      "Node Type": "Hash",
                                                                      "Parent Relationship": "Inner",
                                                                      "Parallel Aware": true,
                                                                      "Async Capable": false,
                                                                      "Startup Cost": 2049.55,
                                                                      "Total Cost": 2049.55,
                                                                      "Plan Rows": 222,
                                                                      "Plan Width": 8,
                                                                      "Plans": [
                                                                        {
                                                                          "Node Type": "Seq Scan",
                                                                          "Parent Relationship": "Outer",
                                                                          "Parallel Aware": true,
                                                                          "Async Capable": false,
                                                                          "Relation Name": "date_dim",
                                                                          "Alias": "date_dim",
                                                                          "Startup Cost": 0.0,
                                                                          "Total Cost": 2049.55,
                                                                          "Plan Rows": 222,
                                                                          "Plan Width": 8,
                                                                          "Filter": "((d_month_seq >= 1210) AND (d_month_seq <= 1221))",
                                                                          "parent": 18,
                                                                          "ID": 19
                                                                        }
                                                                      ],
                                                                      "parent": 16,
                                                                      "ID": 18,
                                                                      "left": 19
                                                                    }
                                                                  ],
                                                                  "parent": 15,
                                                                  "ID": 16,
                                                                  "left": 17,
                                                                  "right": 18
                                                                }
                                                              ],
                                                              "parent": 13,
                                                              "ID": 15,
                                                              "left": 16
                                                            }
                                                          ],
                                                          "parent": 12,
                                                          "ID": 13,
                                                          "left": 14,
                                                          "right": 15
                                                        }
                                                      ],
                                                      "parent": 11,
                                                      "ID": 12,
                                                      "left": 13
                                                    }
                                                  ],
                                                  "parent": 10,
                                                  "ID": 11,
                                                  "left": 12
                                                }
                                              ],
                                              "parent": 9,
                                              "ID": 10,
                                              "left": 11
                                            }
                                          ],
                                          "parent": 8,
                                          "ID": 9,
                                          "left": 10
                                        },
                                        {
                                          "Node Type": "Subquery Scan",
                                          "Parent Relationship": "Member",
                                          "Parallel Aware": false,
                                          "Async Capable": false,
                                          "Alias": "*SELECT* 2",
                                          "Startup Cost": 480228.08,
                                          "Total Cost": 490100.87,
                                          "Plan Rows": 73696,
                                          "Plan Width": 60,
                                          "Plans": [
                                            {
                                              "Node Type": "Unique",
                                              "Parent Relationship": "Subquery",
                                              "Parallel Aware": false,
                                              "Async Capable": false,
                                              "Startup Cost": 480228.08,
                                              "Total Cost": 489363.91,
                                              "Plan Rows": 73696,
                                              "Plan Width": 56,
                                              "Plans": [
                                                {
                                                  "Node Type": "Gather Merge",
                                                  "Parent Relationship": "Outer",
                                                  "Parallel Aware": false,
                                                  "Async Capable": false,
                                                  "Startup Cost": 480228.08,
                                                  "Total Cost": 488811.19,
                                                  "Plan Rows": 73696,
                                                  "Plan Width": 56,
                                                  "Workers Planned": 2,
                                                  "Plans": [
                                                    {
                                                      "Node Type": "Sort",
                                                      "Parent Relationship": "Outer",
                                                      "Parallel Aware": false,
                                                      "Async Capable": false,
                                                      "Startup Cost": 479228.05,
                                                      "Total Cost": 479304.82,
                                                      "Plan Rows": 30707,
                                                      "Plan Width": 56,
                                                      "Sort Key": [
                                                        "customer_1.c_last_name",
                                                        "customer_1.c_first_name",
                                                        "date_dim_1.d_date"
                                                      ],
                                                      "Plans": [
                                                        {
                                                          "Node Type": "Hash Join",
                                                          "Parent Relationship": "Outer",
                                                          "Parallel Aware": true,
                                                          "Async Capable": false,
                                                          "Join Type": "Inner",
                                                          "Startup Cost": 458809.82,
                                                          "Total Cost": 476939.42,
                                                          "Plan Rows": 30707,
                                                          "Plan Width": 56,
                                                          "Inner Unique": false,
                                                          "Hash Cond": "(customer_1.c_customer_sk = catalog_sales.cs_bill_customer_sk)",
                                                          "Plans": [
                                                            {
                                                              "Node Type": "Seq Scan",
                                                              "Parent Relationship": "Outer",
                                                              "Parallel Aware": true,
                                                              "Async Capable": false,
                                                              "Relation Name": "customer",
                                                              "Alias": "customer_1",
                                                              "Startup Cost": 0.0,
                                                              "Total Cost": 15918.33,
                                                              "Plan Rows": 208333,
                                                              "Plan Width": 56,
                                                              "parent": 24,
                                                              "ID": 25
                                                            },
                                                            {
                                                              "Node Type": "Hash",
                                                              "Parent Relationship": "Inner",
                                                              "Parallel Aware": true,
                                                              "Async Capable": false,
                                                              "Startup Cost": 458423.88,
                                                              "Total Cost": 458423.88,
                                                              "Plan Rows": 30875,
                                                              "Plan Width": 8,
                                                              "Plans": [
                                                                {
                                                                  "Node Type": "Hash Join",
                                                                  "Parent Relationship": "Outer",
                                                                  "Parallel Aware": true,
                                                                  "Async Capable": false,
                                                                  "Join Type": "Inner",
                                                                  "Startup Cost": 2052.33,
                                                                  "Total Cost": 458423.88,
                                                                  "Plan Rows": 30875,
                                                                  "Plan Width": 8,
                                                                  "Inner Unique": false,
                                                                  "Hash Cond": "(catalog_sales.cs_sold_date_sk = date_dim_1.d_date_sk)",
                                                                  "Plans": [
                                                                    {
                                                                      "Node Type": "Seq Scan",
                                                                      "Parent Relationship": "Outer",
                                                                      "Parallel Aware": true,
                                                                      "Async Capable": false,
                                                                      "Relation Name": "catalog_sales",
                                                                      "Alias": "catalog_sales",
                                                                      "Startup Cost": 0.0,
                                                                      "Total Cost": 433688.25,
                                                                      "Plan Rows": 6000525,
                                                                      "Plan Width": 8,
                                                                      "parent": 27,
                                                                      "ID": 28
                                                                    },
                                                                    {
                                                                      "Node Type": "Hash",
                                                                      "Parent Relationship": "Inner",
                                                                      "Parallel Aware": true,
                                                                      "Async Capable": false,
                                                                      "Startup Cost": 2049.55,
                                                                      "Total Cost": 2049.55,
                                                                      "Plan Rows": 222,
                                                                      "Plan Width": 8,
                                                                      "Plans": [
                                                                        {
                                                                          "Node Type": "Seq Scan",
                                                                          "Parent Relationship": "Outer",
                                                                          "Parallel Aware": true,
                                                                          "Async Capable": false,
                                                                          "Relation Name": "date_dim",
                                                                          "Alias": "date_dim_1",
                                                                          "Startup Cost": 0.0,
                                                                          "Total Cost": 2049.55,
                                                                          "Plan Rows": 222,
                                                                          "Plan Width": 8,
                                                                          "Filter": "((d_month_seq >= 1210) AND (d_month_seq <= 1221))",
                                                                          "parent": 29,
                                                                          "ID": 30
                                                                        }
                                                                      ],
                                                                      "parent": 27,
                                                                      "ID": 29,
                                                                      "left": 30
                                                                    }
                                                                  ],
                                                                  "parent": 26,
                                                                  "ID": 27,
                                                                  "left": 28,
                                                                  "right": 29
                                                                }
                                                              ],
                                                              "parent": 24,
                                                              "ID": 26,
                                                              "left": 27
                                                            }
                                                          ],
                                                          "parent": 23,
                                                          "ID": 24,
                                                          "left": 25,
                                                          "right": 26
                                                        }
                                                      ],
                                                      "parent": 22,
                                                      "ID": 23,
                                                      "left": 24
                                                    }
                                                  ],
                                                  "parent": 21,
                                                  "ID": 22,
                                                  "left": 23
                                                }
                                              ],
                                              "parent": 20,
                                              "ID": 21,
                                              "left": 22
                                            }
                                          ],
                                          "parent": 8,
                                          "ID": 20,
                                          "left": 21
                                        }
                                      ],
                                      "parent": 7,
                                      "ID": 8,
                                      "left": 9,
                                      "right": 20
                                    }
                                  ],
                                  "parent": 6,
                                  "ID": 7,
                                  "left": 8
                                }
                              ],
                              "parent": 5,
                              "ID": 6,
                              "left": 7
                            }
                          ],
                          "parent": 4,
                          "ID": 5,
                          "left": 6
                        },
                        {
                          "Node Type": "Subquery Scan",
                          "Parent Relationship": "Member",
                          "Parallel Aware": false,
                          "Async Capable": false,
                          "Alias": "*SELECT* 3",
                          "Startup Cost": 250165.39,
                          "Total Cost": 255152.97,
                          "Plan Rows": 37230,
                          "Plan Width": 60,
                          "Plans": [
                            {
                              "Node Type": "Unique",
                              "Parent Relationship": "Subquery",
                              "Parallel Aware": false,
                              "Async Capable": false,
                              "Startup Cost": 250165.39,
                              "Total Cost": 254780.67,
                              "Plan Rows": 37230,
                              "Plan Width": 56,
                              "Plans": [
                                {
                                  "Node Type": "Gather Merge",
                                  "Parent Relationship": "Outer",
                                  "Parallel Aware": false,
                                  "Async Capable": false,
                                  "Startup Cost": 250165.39,
                                  "Total Cost": 254501.44,
                                  "Plan Rows": 37230,
                                  "Plan Width": 56,
                                  "Workers Planned": 2,
                                  "Plans": [
                                    {
                                      "Node Type": "Sort",
                                      "Parent Relationship": "Outer",
                                      "Parallel Aware": false,
                                      "Async Capable": false,
                                      "Startup Cost": 249165.37,
                                      "Total Cost": 249204.15,
                                      "Plan Rows": 15512,
                                      "Plan Width": 56,
                                      "Sort Key": [
                                        "customer_2.c_last_name",
                                        "customer_2.c_first_name",
                                        "date_dim_2.d_date"
                                      ],
                                      "Plans": [
                                        {
                                          "Node Type": "Hash Join",
                                          "Parent Relationship": "Outer",
                                          "Parallel Aware": true,
                                          "Async Capable": false,
                                          "Join Type": "Inner",
                                          "Startup Cost": 231321.44,
                                          "Total Cost": 248085.65,
                                          "Plan Rows": 15512,
                                          "Plan Width": 56,
                                          "Inner Unique": false,
                                          "Hash Cond": "(customer_2.c_customer_sk = web_sales.ws_bill_customer_sk)",
                                          "Plans": [
                                            {
                                              "Node Type": "Seq Scan",
                                              "Parent Relationship": "Outer",
                                              "Parallel Aware": true,
                                              "Async Capable": false,
                                              "Relation Name": "customer",
                                              "Alias": "customer_2",
                                              "Startup Cost": 0.0,
                                              "Total Cost": 15918.33,
                                              "Plan Rows": 208333,
                                              "Plan Width": 56,
                                              "parent": 35,
                                              "ID": 36
                                            },
                                            {
                                              "Node Type": "Hash",
                                              "Parent Relationship": "Inner",
                                              "Parallel Aware": true,
                                              "Async Capable": false,
                                              "Startup Cost": 231127.5,
                                              "Total Cost": 231127.5,
                                              "Plan Rows": 15515,
                                              "Plan Width": 8,
                                              "Plans": [
                                                {
                                                  "Node Type": "Hash Join",
                                                  "Parent Relationship": "Outer",
                                                  "Parallel Aware": true,
                                                  "Async Capable": false,
                                                  "Join Type": "Inner",
                                                  "Startup Cost": 2052.33,
                                                  "Total Cost": 231127.5,
                                                  "Plan Rows": 15515,
                                                  "Plan Width": 8,
                                                  "Inner Unique": false,
                                                  "Hash Cond": "(web_sales.ws_sold_date_sk = date_dim_2.d_date_sk)",
                                                  "Plans": [
                                                    {
                                                      "Node Type": "Seq Scan",
                                                      "Parent Relationship": "Outer",
                                                      "Parallel Aware": true,
                                                      "Async Capable": false,
                                                      "Relation Name": "web_sales",
                                                      "Alias": "web_sales",
                                                      "Startup Cost": 0.0,
                                                      "Total Cost": 217737.86,
                                                      "Plan Rows": 2998986,
                                                      "Plan Width": 8,
                                                      "parent": 38,
                                                      "ID": 39
                                                    },
                                                    {
                                                      "Node Type": "Hash",
                                                      "Parent Relationship": "Inner",
                                                      "Parallel Aware": true,
                                                      "Async Capable": false,
                                                      "Startup Cost": 2049.55,
                                                      "Total Cost": 2049.55,
                                                      "Plan Rows": 222,
                                                      "Plan Width": 8,
                                                      "Plans": [
                                                        {
                                                          "Node Type": "Seq Scan",
                                                          "Parent Relationship": "Outer",
                                                          "Parallel Aware": true,
                                                          "Async Capable": false,
                                                          "Relation Name": "date_dim",
                                                          "Alias": "date_dim_2",
                                                          "Startup Cost": 0.0,
                                                          "Total Cost": 2049.55,
                                                          "Plan Rows": 222,
                                                          "Plan Width": 8,
                                                          "Filter": "((d_month_seq >= 1210) AND (d_month_seq <= 1221))",
                                                          "parent": 40,
                                                          "ID": 41
                                                        }
                                                      ],
                                                      "parent": 38,
                                                      "ID": 40,
                                                      "left": 41
                                                    }
                                                  ],
                                                  "parent": 37,
                                                  "ID": 38,
                                                  "left": 39,
                                                  "right": 40
                                                }
                                              ],
                                              "parent": 35,
                                              "ID": 37,
                                              "left": 38
                                            }
                                          ],
                                          "parent": 34,
                                          "ID": 35,
                                          "left": 36,
                                          "right": 37
                                        }
                                      ],
                                      "parent": 33,
                                      "ID": 34,
                                      "left": 35
                                    }
                                  ],
                                  "parent": 32,
                                  "ID": 33,
                                  "left": 34
                                }
                              ],
                              "parent": 31,
                              "ID": 32,
                              "left": 33
                            }
                          ],
                          "parent": 4,
                          "ID": 31,
                          "left": 32
                        }
                      ],
                      "parent": 3,
                      "ID": 4,
                      "left": 5,
                      "right": 31
                    }
                  ],
                  "parent": 2,
                  "ID": 3,
                  "left": 4
                }
              ],
              "parent": 1,
              "ID": 2,
              "left": 3
            }
          ],
          "parent": 0,
          "ID": 1,
          "left": 2
        }
      ],
      "parent": null,
      "ID": 0,
      "left": 1
    },
    "feat": {
      "utility": 0.003943638517192449,
      "query_shape": [
        [
          "Seq Scan",
          "Hash Join",
          "Sort",
          "Gather Merge",
          "Unique",
          "Subquery Scan",
          "Append",
          "SetOp",
          "Result"
        ],
        [
          "Seq Scan",
          "Hash Join",
          "Hash",
          "Sort",
          "Gather Merge",
          "Unique",
          "Subquery Scan",
          "Append",
          "SetOp",
          "Result"
        ],
        [
          "Seq Scan",
          "Hash",
          "Hash Join",
          "Sort",
          "Gather Merge",
          "Unique",
          "Subquery Scan",
          "Append",
          "SetOp",
          "Result"
        ],
        [
          "Seq Scan",
          "Hash Join",
          "Sort",
          "Gather Merge",
          "Unique",
          "Subquery Scan",
          "Append",
          "SetOp",
          "Result"
        ],
        [
          "Seq Scan",
          "Hash Join",
          "Hash",
          "Sort",
          "Gather Merge",
          "Unique",
          "Subquery Scan",
          "Append",
          "SetOp",
          "Result"
        ],
        [
          "Seq Scan",
          "Hash",
          "Hash Join",
          "Sort",
          "Gather Merge",
          "Unique",
          "Subquery Scan",
          "Append",
          "SetOp",
          "Result"
        ],
        [
          "Seq Scan",
          "Hash Join",
          "Sort",
          "Gather Merge",
          "Unique",
          "Subquery Scan",
          "Append",
          "SetOp"
        ],
        [
          "Seq Scan",
          "Hash Join",
          "Hash",
          "Sort",
          "Gather Merge",
          "Unique",
          "Subquery Scan",
          "Append",
          "SetOp"
        ],
        [
          "Seq Scan",
          "Hash",
          "Hash Join",
          "Sort",
          "Gather Merge",
          "Unique",
          "Subquery Scan",
          "Append",
          "SetOp"
        ]
      ],
      "index_shape": [
        "selection"
      ],
      "physical_operator": {
        "Seq Scan": [
          0.0030390559761256375,
          0.0030390559761256375,
          0.0030390559761256375
        ]
      }
    }
  },
  {
    "query": "select count(*) \nfrom ((select distinct c_last_name, c_first_name, d_date\n       from store_sales, date_dim, customer\n       where store_sales.ss_sold_date_sk = date_dim.d_date_sk\n         and store_sales.ss_customer_sk = customer.c_customer_sk\n         and d_month_seq between 1210 and 1210+11)\n       except\n      (select distinct c_last_name, c_first_name, d_date\n       from catalog_sales, date_dim, customer\n       where catalog_sales.cs_sold_date_sk = date_dim.d_date_sk\n         and catalog_sales.cs_bill_customer_sk = customer.c_customer_sk\n         and d_month_seq between 1210 and 1210+11)\n       except\n      (select distinct c_last_name, c_first_name, d_date\n       from web_sales, date_dim, customer\n       where web_sales.ws_sold_date_sk = date_dim.d_date_sk\n         and web_sales.ws_bill_customer_sk = customer.c_customer_sk\n         and d_month_seq between 1210 and 1210+11)\n) cool_cust\n;\n\n-- end query 67 in stream 4 using template query87.tpl\n",
    "indexes": "catalog_sales.cs_sold_date_sk",
    "wo plan est": {
      "Node Type": "Aggregate",
      "Strategy": "Plain",
      "Partial Mode": "Simple",
      "Parallel Aware": false,
      "Async Capable": false,
      "Startup Cost": 1554392.94,
      "Total Cost": 1554392.95,
      "Plan Rows": 1,
      "Plan Width": 8,
      "Plans": [
        {
          "Node Type": "Subquery Scan",
          "Parent Relationship": "Outer",
          "Parallel Aware": false,
          "Async Capable": false,
          "Alias": "cool_cust",
          "Startup Cost": 1550966.58,
          "Total Cost": 1554053.6,
          "Plan Rows": 135736,
          "Plan Width": 0,
          "Plans": [
            {
              "Node Type": "SetOp",
              "Strategy": "Sorted",
              "Parent Relationship": "Subquery",
              "Parallel Aware": false,
              "Async Capable": false,
              "Command": "Except",
              "Startup Cost": 1550966.58,
              "Total Cost": 1552696.24,
              "Plan Rows": 135736,
              "Plan Width": 216,
              "Plans": [
                {
                  "Node Type": "Sort",
                  "Parent Relationship": "Outer",
                  "Parallel Aware": false,
                  "Async Capable": false,
                  "Startup Cost": 1550966.58,
                  "Total Cost": 1551399.0,
                  "Plan Rows": 172966,
                  "Plan Width": 216,
                  "Sort Key": [
                    "\"*SELECT* 1\".c_last_name",
                    "\"*SELECT* 1\".c_first_name",
                    "\"*SELECT* 1\".d_date"
                  ],
                  "Plans": [
                    {
                      "Node Type": "Append",
                      "Parent Relationship": "Outer",
                      "Parallel Aware": false,
                      "Async Capable": false,
                      "Startup Cost": 1258710.95,
                      "Total Cost": 1518180.43,
                      "Plan Rows": 172966,
                      "Plan Width": 216,
                      "Subplans Removed": 0,
                      "Plans": [
                        {
                          "Node Type": "Result",
                          "Parent Relationship": "Member",
                          "Parallel Aware": false,
                          "Async Capable": false,
                          "Startup Cost": 1258710.95,
                          "Total Cost": 1262162.63,
                          "Plan Rows": 135736,
                          "Plan Width": 216,
                          "Plans": [
                            {
                              "Node Type": "SetOp",
                              "Strategy": "Sorted",
                              "Parent Relationship": "Outer",
                              "Parallel Aware": false,
                              "Async Capable": false,
                              "Command": "Except",
                              "Startup Cost": 1258710.95,
                              "Total Cost": 1260805.27,
                              "Plan Rows": 135736,
                              "Plan Width": 216,
                              "Plans": [
                                {
                                  "Node Type": "Sort",
                                  "Parent Relationship": "Outer",
                                  "Parallel Aware": false,
                                  "Async Capable": false,
                                  "Startup Cost": 1258710.95,
                                  "Total Cost": 1259234.53,
                                  "Plan Rows": 209432,
                                  "Plan Width": 216,
                                  "Sort Key": [
                                    "\"*SELECT* 1\".c_last_name",
                                    "\"*SELECT* 1\".c_first_name",
                                    "\"*SELECT* 1\".d_date"
                                  ],
                                  "Plans": [
                                    {
                                      "Node Type": "Append",
                                      "Parent Relationship": "Outer",
                                      "Parallel Aware": false,
                                      "Async Capable": false,
                                      "Startup Cost": 709393.12,
                                      "Total Cost": 1218725.23,
                                      "Plan Rows": 209432,
                                      "Plan Width": 216,
                                      "Subplans Removed": 0,
                                      "Plans": [
                                        {
                                          "Node Type": "Subquery Scan",
                                          "Parent Relationship": "Member",
                                          "Parallel Aware": false,
                                          "Async Capable": false,
                                          "Alias": "*SELECT* 1",
                                          "Startup Cost": 709393.12,
                                          "Total Cost": 727577.19,
                                          "Plan Rows": 135736,
                                          "Plan Width": 60,
                                          "Plans": [
                                            {
                                              "Node Type": "Unique",
                                              "Parent Relationship": "Subquery",
                                              "Parallel Aware": false,
                                              "Async Capable": false,
                                              "Startup Cost": 709393.12,
                                              "Total Cost": 726219.83,
                                              "Plan Rows": 135736,
                                              "Plan Width": 56,
                                              "Plans": [
                                                {
                                                  "Node Type": "Gather Merge",
                                                  "Parent Relationship": "Outer",
                                                  "Parallel Aware": false,
                                                  "Async Capable": false,
                                                  "Startup Cost": 709393.12,
                                                  "Total Cost": 725201.81,
                                                  "Plan Rows": 135736,
                                                  "Plan Width": 56,
                                                  "Workers Planned": 2,
                                                  "Plans": [
                                                    {
                                                      "Node Type": "Sort",
                                                      "Parent Relationship": "Outer",
                                                      "Parallel Aware": false,
                                                      "Async Capable": false,
                                                      "Startup Cost": 708393.09,
                                                      "Total Cost": 708534.49,
                                                      "Plan Rows": 56557,
                                                      "Plan Width": 56,
                                                      "Sort Key": [
                                                        "customer.c_last_name",
                                                        "customer.c_first_name",
                                                        "date_dim.d_date"
                                                      ],
                                                      "Plans": [
                                                        {
                                                          "Node Type": "Hash Join",
                                                          "Parent Relationship": "Outer",
                                                          "Parallel Aware": true,
                                                          "Async Capable": false,
                                                          "Join Type": "Inner",
                                                          "Startup Cost": 685057.92,
                                                          "Total Cost": 701993.15,
                                                          "Plan Rows": 56557,
                                                          "Plan Width": 56,
                                                          "Inner Unique": false,
                                                          "Hash Cond": "(customer.c_customer_sk = store_sales.ss_customer_sk)",
                                                          "Plans": [
                                                            {
                                                              "Node Type": "Seq Scan",
                                                              "Parent Relationship": "Outer",
                                                              "Parallel Aware": true,
                                                              "Async Capable": false,
                                                              "Relation Name": "customer",
                                                              "Alias": "customer",
                                                              "Startup Cost": 0.0,
                                                              "Total Cost": 15918.33,
                                                              "Plan Rows": 208333,
                                                              "Plan Width": 56,
                                                              "parent": 13,
                                                              "ID": 14
                                                            },
                                                            {
                                                              "Node Type": "Hash",
                                                              "Parent Relationship": "Inner",
                                                              "Parallel Aware": true,
                                                              "Async Capable": false,
                                                              "Startup Cost": 684317.13,
                                                              "Total Cost": 684317.13,
                                                              "Plan Rows": 59263,
                                                              "Plan Width": 8,
                                                              "Plans": [
                                                                {
                                                                  "Node Type": "Hash Join",
                                                                  "Parent Relationship": "Outer",
                                                                  "Parallel Aware": true,
                                                                  "Async Capable": false,
                                                                  "Join Type": "Inner",
                                                                  "Startup Cost": 2052.33,
                                                                  "Total Cost": 684317.13,
                                                                  "Plan Rows": 59263,
                                                                  "Plan Width": 8,
                                                                  "Inner Unique": false,
                                                                  "Hash Cond": "(store_sales.ss_sold_date_sk = date_dim.d_date_sk)",
                                                                  "Plans": [
                                                                    {
                                                                      "Node Type": "Seq Scan",
                                                                      "Parent Relationship": "Outer",
                                                                      "Parallel Aware": true,
                                                                      "Async Capable": false,
                                                                      "Relation Name": "store_sales",
                                                                      "Alias": "store_sales",
                                                                      "Startup Cost": 0.0,
                                                                      "Total Cost": 636914.37,
                                                                      "Plan Rows": 12000637,
                                                                      "Plan Width": 8,
                                                                      "parent": 16,
                                                                      "ID": 17
                                                                    },
                                                                    {
                                                                      "Node Type": "Hash",
                                                                      "Parent Relationship": "Inner",
                                                                      "Parallel Aware": true,
                                                                      "Async Capable": false,
                                                                      "Startup Cost": 2049.55,
                                                                      "Total Cost": 2049.55,
                                                                      "Plan Rows": 222,
                                                                      "Plan Width": 8,
                                                                      "Plans": [
                                                                        {
                                                                          "Node Type": "Seq Scan",
                                                                          "Parent Relationship": "Outer",
                                                                          "Parallel Aware": true,
                                                                          "Async Capable": false,
                                                                          "Relation Name": "date_dim",
                                                                          "Alias": "date_dim",
                                                                          "Startup Cost": 0.0,
                                                                          "Total Cost": 2049.55,
                                                                          "Plan Rows": 222,
                                                                          "Plan Width": 8,
                                                                          "Filter": "((d_month_seq >= 1210) AND (d_month_seq <= 1221))",
                                                                          "parent": 18,
                                                                          "ID": 19
                                                                        }
                                                                      ],
                                                                      "parent": 16,
                                                                      "ID": 18,
                                                                      "left": 19
                                                                    }
                                                                  ],
                                                                  "parent": 15,
                                                                  "ID": 16,
                                                                  "left": 17,
                                                                  "right": 18
                                                                }
                                                              ],
                                                              "parent": 13,
                                                              "ID": 15,
                                                              "left": 16
                                                            }
                                                          ],
                                                          "parent": 12,
                                                          "ID": 13,
                                                          "left": 14,
                                                          "right": 15
                                                        }
                                                      ],
                                                      "parent": 11,
                                                      "ID": 12,
                                                      "left": 13
                                                    }
                                                  ],
                                                  "parent": 10,
                                                  "ID": 11,
                                                  "left": 12
                                                }
                                              ],
                                              "parent": 9,
                                              "ID": 10,
                                              "left": 11
                                            }
                                          ],
                                          "parent": 8,
                                          "ID": 9,
                                          "left": 10
                                        },
                                        {
                                          "Node Type": "Subquery Scan",
                                          "Parent Relationship": "Member",
                                          "Parallel Aware": false,
                                          "Async Capable": false,
                                          "Alias": "*SELECT* 2",
                                          "Startup Cost": 480228.08,
                                          "Total Cost": 490100.87,
                                          "Plan Rows": 73696,
                                          "Plan Width": 60,
                                          "Plans": [
                                            {
                                              "Node Type": "Unique",
                                              "Parent Relationship": "Subquery",
                                              "Parallel Aware": false,
                                              "Async Capable": false,
                                              "Startup Cost": 480228.08,
                                              "Total Cost": 489363.91,
                                              "Plan Rows": 73696,
                                              "Plan Width": 56,
                                              "Plans": [
                                                {
                                                  "Node Type": "Gather Merge",
                                                  "Parent Relationship": "Outer",
                                                  "Parallel Aware": false,
                                                  "Async Capable": false,
                                                  "Startup Cost": 480228.08,
                                                  "Total Cost": 488811.19,
                                                  "Plan Rows": 73696,
                                                  "Plan Width": 56,
                                                  "Workers Planned": 2,
                                                  "Plans": [
                                                    {
                                                      "Node Type": "Sort",
                                                      "Parent Relationship": "Outer",
                                                      "Parallel Aware": false,
                                                      "Async Capable": false,
                                                      "Startup Cost": 479228.05,
                                                      "Total Cost": 479304.82,
                                                      "Plan Rows": 30707,
                                                      "Plan Width": 56,
                                                      "Sort Key": [
                                                        "customer_1.c_last_name",
                                                        "customer_1.c_first_name",
                                                        "date_dim_1.d_date"
                                                      ],
                                                      "Plans": [
                                                        {
                                                          "Node Type": "Hash Join",
                                                          "Parent Relationship": "Outer",
                                                          "Parallel Aware": true,
                                                          "Async Capable": false,
                                                          "Join Type": "Inner",
                                                          "Startup Cost": 458809.82,
                                                          "Total Cost": 476939.42,
                                                          "Plan Rows": 30707,
                                                          "Plan Width": 56,
                                                          "Inner Unique": false,
                                                          "Hash Cond": "(customer_1.c_customer_sk = catalog_sales.cs_bill_customer_sk)",
                                                          "Plans": [
                                                            {
                                                              "Node Type": "Seq Scan",
                                                              "Parent Relationship": "Outer",
                                                              "Parallel Aware": true,
                                                              "Async Capable": false,
                                                              "Relation Name": "customer",
                                                              "Alias": "customer_1",
                                                              "Startup Cost": 0.0,
                                                              "Total Cost": 15918.33,
                                                              "Plan Rows": 208333,
                                                              "Plan Width": 56,
                                                              "parent": 24,
                                                              "ID": 25
                                                            },
                                                            {
                                                              "Node Type": "Hash",
                                                              "Parent Relationship": "Inner",
                                                              "Parallel Aware": true,
                                                              "Async Capable": false,
                                                              "Startup Cost": 458423.88,
                                                              "Total Cost": 458423.88,
                                                              "Plan Rows": 30875,
                                                              "Plan Width": 8,
                                                              "Plans": [
                                                                {
                                                                  "Node Type": "Hash Join",
                                                                  "Parent Relationship": "Outer",
                                                                  "Parallel Aware": true,
                                                                  "Async Capable": false,
                                                                  "Join Type": "Inner",
                                                                  "Startup Cost": 2052.33,
                                                                  "Total Cost": 458423.88,
                                                                  "Plan Rows": 30875,
                                                                  "Plan Width": 8,
                                                                  "Inner Unique": false,
                                                                  "Hash Cond": "(catalog_sales.cs_sold_date_sk = date_dim_1.d_date_sk)",
                                                                  "Plans": [
                                                                    {
                                                                      "Node Type": "Seq Scan",
                                                                      "Parent Relationship": "Outer",
                                                                      "Parallel Aware": true,
                                                                      "Async Capable": false,
                                                                      "Relation Name": "catalog_sales",
                                                                      "Alias": "catalog_sales",
                                                                      "Startup Cost": 0.0,
                                                                      "Total Cost": 433688.25,
                                                                      "Plan Rows": 6000525,
                                                                      "Plan Width": 8,
                                                                      "parent": 27,
                                                                      "ID": 28
                                                                    },
                                                                    {
                                                                      "Node Type": "Hash",
                                                                      "Parent Relationship": "Inner",
                                                                      "Parallel Aware": true,
                                                                      "Async Capable": false,
                                                                      "Startup Cost": 2049.55,
                                                                      "Total Cost": 2049.55,
                                                                      "Plan Rows": 222,
                                                                      "Plan Width": 8,
                                                                      "Plans": [
                                                                        {
                                                                          "Node Type": "Seq Scan",
                                                                          "Parent Relationship": "Outer",
                                                                          "Parallel Aware": true,
                                                                          "Async Capable": false,
                                                                          "Relation Name": "date_dim",
                                                                          "Alias": "date_dim_1",
                                                                          "Startup Cost": 0.0,
                                                                          "Total Cost": 2049.55,
                                                                          "Plan Rows": 222,
                                                                          "Plan Width": 8,
                                                                          "Filter": "((d_month_seq >= 1210) AND (d_month_seq <= 1221))",
                                                                          "parent": 29,
                                                                          "ID": 30
                                                                        }
                                                                      ],
                                                                      "parent": 27,
                                                                      "ID": 29,
                                                                      "left": 30
                                                                    }
                                                                  ],
                                                                  "parent": 26,
                                                                  "ID": 27,
                                                                  "left": 28,
                                                                  "right": 29
                                                                }
                                                              ],
                                                              "parent": 24,
                                                              "ID": 26,
                                                              "left": 27
                                                            }
                                                          ],
                                                          "parent": 23,
                                                          "ID": 24,
                                                          "left": 25,
                                                          "right": 26
                                                        }
                                                      ],
                                                      "parent": 22,
                                                      "ID": 23,
                                                      "left": 24
                                                    }
                                                  ],
                                                  "parent": 21,
                                                  "ID": 22,
                                                  "left": 23
                                                }
                                              ],
                                              "parent": 20,
                                              "ID": 21,
                                              "left": 22
                                            }
                                          ],
                                          "parent": 8,
                                          "ID": 20,
                                          "left": 21
                                        }
                                      ],
                                      "parent": 7,
                                      "ID": 8,
                                      "left": 9,
                                      "right": 20
                                    }
                                  ],
                                  "parent": 6,
                                  "ID": 7,
                                  "left": 8
                                }
                              ],
                              "parent": 5,
                              "ID": 6,
                              "left": 7
                            }
                          ],
                          "parent": 4,
                          "ID": 5,
                          "left": 6
                        },
                        {
                          "Node Type": "Subquery Scan",
                          "Parent Relationship": "Member",
                          "Parallel Aware": false,
                          "Async Capable": false,
                          "Alias": "*SELECT* 3",
                          "Startup Cost": 250165.39,
                          "Total Cost": 255152.97,
                          "Plan Rows": 37230,
                          "Plan Width": 60,
                          "Plans": [
                            {
                              "Node Type": "Unique",
                              "Parent Relationship": "Subquery",
                              "Parallel Aware": false,
                              "Async Capable": false,
                              "Startup Cost": 250165.39,
                              "Total Cost": 254780.67,
                              "Plan Rows": 37230,
                              "Plan Width": 56,
                              "Plans": [
                                {
                                  "Node Type": "Gather Merge",
                                  "Parent Relationship": "Outer",
                                  "Parallel Aware": false,
                                  "Async Capable": false,
                                  "Startup Cost": 250165.39,
                                  "Total Cost": 254501.44,
                                  "Plan Rows": 37230,
                                  "Plan Width": 56,
                                  "Workers Planned": 2,
                                  "Plans": [
                                    {
                                      "Node Type": "Sort",
                                      "Parent Relationship": "Outer",
                                      "Parallel Aware": false,
                                      "Async Capable": false,
                                      "Startup Cost": 249165.37,
                                      "Total Cost": 249204.15,
                                      "Plan Rows": 15512,
                                      "Plan Width": 56,
                                      "Sort Key": [
                                        "customer_2.c_last_name",
                                        "customer_2.c_first_name",
                                        "date_dim_2.d_date"
                                      ],
                                      "Plans": [
                                        {
                                          "Node Type": "Hash Join",
                                          "Parent Relationship": "Outer",
                                          "Parallel Aware": true,
                                          "Async Capable": false,
                                          "Join Type": "Inner",
                                          "Startup Cost": 231321.44,
                                          "Total Cost": 248085.65,
                                          "Plan Rows": 15512,
                                          "Plan Width": 56,
                                          "Inner Unique": false,
                                          "Hash Cond": "(customer_2.c_customer_sk = web_sales.ws_bill_customer_sk)",
                                          "Plans": [
                                            {
                                              "Node Type": "Seq Scan",
                                              "Parent Relationship": "Outer",
                                              "Parallel Aware": true,
                                              "Async Capable": false,
                                              "Relation Name": "customer",
                                              "Alias": "customer_2",
                                              "Startup Cost": 0.0,
                                              "Total Cost": 15918.33,
                                              "Plan Rows": 208333,
                                              "Plan Width": 56,
                                              "parent": 35,
                                              "ID": 36
                                            },
                                            {
                                              "Node Type": "Hash",
                                              "Parent Relationship": "Inner",
                                              "Parallel Aware": true,
                                              "Async Capable": false,
                                              "Startup Cost": 231127.5,
                                              "Total Cost": 231127.5,
                                              "Plan Rows": 15515,
                                              "Plan Width": 8,
                                              "Plans": [
                                                {
                                                  "Node Type": "Hash Join",
                                                  "Parent Relationship": "Outer",
                                                  "Parallel Aware": true,
                                                  "Async Capable": false,
                                                  "Join Type": "Inner",
                                                  "Startup Cost": 2052.33,
                                                  "Total Cost": 231127.5,
                                                  "Plan Rows": 15515,
                                                  "Plan Width": 8,
                                                  "Inner Unique": false,
                                                  "Hash Cond": "(web_sales.ws_sold_date_sk = date_dim_2.d_date_sk)",
                                                  "Plans": [
                                                    {
                                                      "Node Type": "Seq Scan",
                                                      "Parent Relationship": "Outer",
                                                      "Parallel Aware": true,
                                                      "Async Capable": false,
                                                      "Relation Name": "web_sales",
                                                      "Alias": "web_sales",
                                                      "Startup Cost": 0.0,
                                                      "Total Cost": 217737.86,
                                                      "Plan Rows": 2998986,
                                                      "Plan Width": 8,
                                                      "parent": 38,
                                                      "ID": 39
                                                    },
                                                    {
                                                      "Node Type": "Hash",
                                                      "Parent Relationship": "Inner",
                                                      "Parallel Aware": true,
                                                      "Async Capable": false,
                                                      "Startup Cost": 2049.55,
                                                      "Total Cost": 2049.55,
                                                      "Plan Rows": 222,
                                                      "Plan Width": 8,
                                                      "Plans": [
                                                        {
                                                          "Node Type": "Seq Scan",
                                                          "Parent Relationship": "Outer",
                                                          "Parallel Aware": true,
                                                          "Async Capable": false,
                                                          "Relation Name": "date_dim",
                                                          "Alias": "date_dim_2",
                                                          "Startup Cost": 0.0,
                                                          "Total Cost": 2049.55,
                                                          "Plan Rows": 222,
                                                          "Plan Width": 8,
                                                          "Filter": "((d_month_seq >= 1210) AND (d_month_seq <= 1221))",
                                                          "parent": 40,
                                                          "ID": 41
                                                        }
                                                      ],
                                                      "parent": 38,
                                                      "ID": 40,
                                                      "left": 41
                                                    }
                                                  ],
                                                  "parent": 37,
                                                  "ID": 38,
                                                  "left": 39,
                                                  "right": 40
                                                }
                                              ],
                                              "parent": 35,
                                              "ID": 37,
                                              "left": 38
                                            }
                                          ],
                                          "parent": 34,
                                          "ID": 35,
                                          "left": 36,
                                          "right": 37
                                        }
                                      ],
                                      "parent": 33,
                                      "ID": 34,
                                      "left": 35
                                    }
                                  ],
                                  "parent": 32,
                                  "ID": 33,
                                  "left": 34
                                }
                              ],
                              "parent": 31,
                              "ID": 32,
                              "left": 33
                            }
                          ],
                          "parent": 4,
                          "ID": 31,
                          "left": 32
                        }
                      ],
                      "parent": 3,
                      "ID": 4,
                      "left": 5,
                      "right": 31
                    }
                  ],
                  "parent": 2,
                  "ID": 3,
                  "left": 4
                }
              ],
              "parent": 1,
              "ID": 2,
              "left": 3
            }
          ],
          "parent": 0,
          "ID": 1,
          "left": 2
        }
      ],
      "parent": null,
      "ID": 0,
      "left": 1
    },
    "feat": {
      "utility": 0.0013122054298561753,
      "query_shape": [
        [
          "Seq Scan",
          "Hash Join",
          "Sort",
          "Gather Merge",
          "Unique",
          "Subquery Scan",
          "Append",
          "SetOp",
          "Result"
        ],
        [
          "Seq Scan",
          "Hash Join",
          "Hash",
          "Sort",
          "Gather Merge",
          "Unique",
          "Subquery Scan",
          "Append",
          "SetOp",
          "Result"
        ],
        [
          "Seq Scan",
          "Hash",
          "Hash Join",
          "Sort",
          "Gather Merge",
          "Unique",
          "Subquery Scan",
          "Append",
          "SetOp",
          "Result"
        ],
        [
          "Seq Scan",
          "Hash Join",
          "Sort",
          "Gather Merge",
          "Unique",
          "Subquery Scan",
          "Append",
          "SetOp",
          "Result"
        ],
        [
          "Seq Scan",
          "Hash Join",
          "Hash",
          "Sort",
          "Gather Merge",
          "Unique",
          "Subquery Scan",
          "Append",
          "SetOp",
          "Result"
        ],
        [
          "Seq Scan",
          "Hash",
          "Hash Join",
          "Sort",
          "Gather Merge",
          "Unique",
          "Subquery Scan",
          "Append",
          "SetOp",
          "Result"
        ],
        [
          "Seq Scan",
          "Hash Join",
          "Sort",
          "Gather Merge",
          "Unique",
          "Subquery Scan",
          "Append",
          "SetOp"
        ],
        [
          "Seq Scan",
          "Hash Join",
          "Hash",
          "Sort",
          "Gather Merge",
          "Unique",
          "Subquery Scan",
          "Append",
          "SetOp"
        ],
        [
          "Seq Scan",
          "Hash",
          "Hash Join",
          "Sort",
          "Gather Merge",
          "Unique",
          "Subquery Scan",
          "Append",
          "SetOp"
        ]
      ],
      "index_shape": [
        "join"
      ],
      "physical_operator": {
        "Hash Join": [
          0.004814291371199539
        ]
      }
    }
  },
  {
    "query": "select count(*) \nfrom ((select distinct c_last_name, c_first_name, d_date\n       from store_sales, date_dim, customer\n       where store_sales.ss_sold_date_sk = date_dim.d_date_sk\n         and store_sales.ss_customer_sk = customer.c_customer_sk\n         and d_month_seq between 1210 and 1210+11)\n       except\n      (select distinct c_last_name, c_first_name, d_date\n       from catalog_sales, date_dim, customer\n       where catalog_sales.cs_sold_date_sk = date_dim.d_date_sk\n         and catalog_sales.cs_bill_customer_sk = customer.c_customer_sk\n         and d_month_seq between 1210 and 1210+11)\n       except\n      (select distinct c_last_name, c_first_name, d_date\n       from web_sales, date_dim, customer\n       where web_sales.ws_sold_date_sk = date_dim.d_date_sk\n         and web_sales.ws_bill_customer_sk = customer.c_customer_sk\n         and d_month_seq between 1210 and 1210+11)\n) cool_cust\n;\n\n-- end query 67 in stream 4 using template query87.tpl\n",
    "indexes": "catalog_sales.cs_bill_customer_sk",
    "wo plan est": {
      "Node Type": "Aggregate",
      "Strategy": "Plain",
      "Partial Mode": "Simple",
      "Parallel Aware": false,
      "Async Capable": false,
      "Startup Cost": 1554392.94,
      "Total Cost": 1554392.95,
      "Plan Rows": 1,
      "Plan Width": 8,
      "Plans": [
        {
          "Node Type": "Subquery Scan",
          "Parent Relationship": "Outer",
          "Parallel Aware": false,
          "Async Capable": false,
          "Alias": "cool_cust",
          "Startup Cost": 1550966.58,
          "Total Cost": 1554053.6,
          "Plan Rows": 135736,
          "Plan Width": 0,
          "Plans": [
            {
              "Node Type": "SetOp",
              "Strategy": "Sorted",
              "Parent Relationship": "Subquery",
              "Parallel Aware": false,
              "Async Capable": false,
              "Command": "Except",
              "Startup Cost": 1550966.58,
              "Total Cost": 1552696.24,
              "Plan Rows": 135736,
              "Plan Width": 216,
              "Plans": [
                {
                  "Node Type": "Sort",
                  "Parent Relationship": "Outer",
                  "Parallel Aware": false,
                  "Async Capable": false,
                  "Startup Cost": 1550966.58,
                  "Total Cost": 1551399.0,
                  "Plan Rows": 172966,
                  "Plan Width": 216,
                  "Sort Key": [
                    "\"*SELECT* 1\".c_last_name",
                    "\"*SELECT* 1\".c_first_name",
                    "\"*SELECT* 1\".d_date"
                  ],
                  "Plans": [
                    {
                      "Node Type": "Append",
                      "Parent Relationship": "Outer",
                      "Parallel Aware": false,
                      "Async Capable": false,
                      "Startup Cost": 1258710.95,
                      "Total Cost": 1518180.43,
                      "Plan Rows": 172966,
                      "Plan Width": 216,
                      "Subplans Removed": 0,
                      "Plans": [
                        {
                          "Node Type": "Result",
                          "Parent Relationship": "Member",
                          "Parallel Aware": false,
                          "Async Capable": false,
                          "Startup Cost": 1258710.95,
                          "Total Cost": 1262162.63,
                          "Plan Rows": 135736,
                          "Plan Width": 216,
                          "Plans": [
                            {
                              "Node Type": "SetOp",
                              "Strategy": "Sorted",
                              "Parent Relationship": "Outer",
                              "Parallel Aware": false,
                              "Async Capable": false,
                              "Command": "Except",
                              "Startup Cost": 1258710.95,
                              "Total Cost": 1260805.27,
                              "Plan Rows": 135736,
                              "Plan Width": 216,
                              "Plans": [
                                {
                                  "Node Type": "Sort",
                                  "Parent Relationship": "Outer",
                                  "Parallel Aware": false,
                                  "Async Capable": false,
                                  "Startup Cost": 1258710.95,
                                  "Total Cost": 1259234.53,
                                  "Plan Rows": 209432,
                                  "Plan Width": 216,
                                  "Sort Key": [
                                    "\"*SELECT* 1\".c_last_name",
                                    "\"*SELECT* 1\".c_first_name",
                                    "\"*SELECT* 1\".d_date"
                                  ],
                                  "Plans": [
                                    {
                                      "Node Type": "Append",
                                      "Parent Relationship": "Outer",
                                      "Parallel Aware": false,
                                      "Async Capable": false,
                                      "Startup Cost": 709393.12,
                                      "Total Cost": 1218725.23,
                                      "Plan Rows": 209432,
                                      "Plan Width": 216,
                                      "Subplans Removed": 0,
                                      "Plans": [
                                        {
                                          "Node Type": "Subquery Scan",
                                          "Parent Relationship": "Member",
                                          "Parallel Aware": false,
                                          "Async Capable": false,
                                          "Alias": "*SELECT* 1",
                                          "Startup Cost": 709393.12,
                                          "Total Cost": 727577.19,
                                          "Plan Rows": 135736,
                                          "Plan Width": 60,
                                          "Plans": [
                                            {
                                              "Node Type": "Unique",
                                              "Parent Relationship": "Subquery",
                                              "Parallel Aware": false,
                                              "Async Capable": false,
                                              "Startup Cost": 709393.12,
                                              "Total Cost": 726219.83,
                                              "Plan Rows": 135736,
                                              "Plan Width": 56,
                                              "Plans": [
                                                {
                                                  "Node Type": "Gather Merge",
                                                  "Parent Relationship": "Outer",
                                                  "Parallel Aware": false,
                                                  "Async Capable": false,
                                                  "Startup Cost": 709393.12,
                                                  "Total Cost": 725201.81,
                                                  "Plan Rows": 135736,
                                                  "Plan Width": 56,
                                                  "Workers Planned": 2,
                                                  "Plans": [
                                                    {
                                                      "Node Type": "Sort",
                                                      "Parent Relationship": "Outer",
                                                      "Parallel Aware": false,
                                                      "Async Capable": false,
                                                      "Startup Cost": 708393.09,
                                                      "Total Cost": 708534.49,
                                                      "Plan Rows": 56557,
                                                      "Plan Width": 56,
                                                      "Sort Key": [
                                                        "customer.c_last_name",
                                                        "customer.c_first_name",
                                                        "date_dim.d_date"
                                                      ],
                                                      "Plans": [
                                                        {
                                                          "Node Type": "Hash Join",
                                                          "Parent Relationship": "Outer",
                                                          "Parallel Aware": true,
                                                          "Async Capable": false,
                                                          "Join Type": "Inner",
                                                          "Startup Cost": 685057.92,
                                                          "Total Cost": 701993.15,
                                                          "Plan Rows": 56557,
                                                          "Plan Width": 56,
                                                          "Inner Unique": false,
                                                          "Hash Cond": "(customer.c_customer_sk = store_sales.ss_customer_sk)",
                                                          "Plans": [
                                                            {
                                                              "Node Type": "Seq Scan",
                                                              "Parent Relationship": "Outer",
                                                              "Parallel Aware": true,
                                                              "Async Capable": false,
                                                              "Relation Name": "customer",
                                                              "Alias": "customer",
                                                              "Startup Cost": 0.0,
                                                              "Total Cost": 15918.33,
                                                              "Plan Rows": 208333,
                                                              "Plan Width": 56,
                                                              "parent": 13,
                                                              "ID": 14
                                                            },
                                                            {
                                                              "Node Type": "Hash",
                                                              "Parent Relationship": "Inner",
                                                              "Parallel Aware": true,
                                                              "Async Capable": false,
                                                              "Startup Cost": 684317.13,
                                                              "Total Cost": 684317.13,
                                                              "Plan Rows": 59263,
                                                              "Plan Width": 8,
                                                              "Plans": [
                                                                {
                                                                  "Node Type": "Hash Join",
                                                                  "Parent Relationship": "Outer",
                                                                  "Parallel Aware": true,
                                                                  "Async Capable": false,
                                                                  "Join Type": "Inner",
                                                                  "Startup Cost": 2052.33,
                                                                  "Total Cost": 684317.13,
                                                                  "Plan Rows": 59263,
                                                                  "Plan Width": 8,
                                                                  "Inner Unique": false,
                                                                  "Hash Cond": "(store_sales.ss_sold_date_sk = date_dim.d_date_sk)",
                                                                  "Plans": [
                                                                    {
                                                                      "Node Type": "Seq Scan",
                                                                      "Parent Relationship": "Outer",
                                                                      "Parallel Aware": true,
                                                                      "Async Capable": false,
                                                                      "Relation Name": "store_sales",
                                                                      "Alias": "store_sales",
                                                                      "Startup Cost": 0.0,
                                                                      "Total Cost": 636914.37,
                                                                      "Plan Rows": 12000637,
                                                                      "Plan Width": 8,
                                                                      "parent": 16,
                                                                      "ID": 17
                                                                    },
                                                                    {
                                                                      "Node Type": "Hash",
                                                                      "Parent Relationship": "Inner",
                                                                      "Parallel Aware": true,
                                                                      "Async Capable": false,
                                                                      "Startup Cost": 2049.55,
                                                                      "Total Cost": 2049.55,
                                                                      "Plan Rows": 222,
                                                                      "Plan Width": 8,
                                                                      "Plans": [
                                                                        {
                                                                          "Node Type": "Seq Scan",
                                                                          "Parent Relationship": "Outer",
                                                                          "Parallel Aware": true,
                                                                          "Async Capable": false,
                                                                          "Relation Name": "date_dim",
                                                                          "Alias": "date_dim",
                                                                          "Startup Cost": 0.0,
                                                                          "Total Cost": 2049.55,
                                                                          "Plan Rows": 222,
                                                                          "Plan Width": 8,
                                                                          "Filter": "((d_month_seq >= 1210) AND (d_month_seq <= 1221))",
                                                                          "parent": 18,
                                                                          "ID": 19
                                                                        }
                                                                      ],
                                                                      "parent": 16,
                                                                      "ID": 18,
                                                                      "left": 19
                                                                    }
                                                                  ],
                                                                  "parent": 15,
                                                                  "ID": 16,
                                                                  "left": 17,
                                                                  "right": 18
                                                                }
                                                              ],
                                                              "parent": 13,
                                                              "ID": 15,
                                                              "left": 16
                                                            }
                                                          ],
                                                          "parent": 12,
                                                          "ID": 13,
                                                          "left": 14,
                                                          "right": 15
                                                        }
                                                      ],
                                                      "parent": 11,
                                                      "ID": 12,
                                                      "left": 13
                                                    }
                                                  ],
                                                  "parent": 10,
                                                  "ID": 11,
                                                  "left": 12
                                                }
                                              ],
                                              "parent": 9,
                                              "ID": 10,
                                              "left": 11
                                            }
                                          ],
                                          "parent": 8,
                                          "ID": 9,
                                          "left": 10
                                        },
                                        {
                                          "Node Type": "Subquery Scan",
                                          "Parent Relationship": "Member",
                                          "Parallel Aware": false,
                                          "Async Capable": false,
                                          "Alias": "*SELECT* 2",
                                          "Startup Cost": 480228.08,
                                          "Total Cost": 490100.87,
                                          "Plan Rows": 73696,
                                          "Plan Width": 60,
                                          "Plans": [
                                            {
                                              "Node Type": "Unique",
                                              "Parent Relationship": "Subquery",
                                              "Parallel Aware": false,
                                              "Async Capable": false,
                                              "Startup Cost": 480228.08,
                                              "Total Cost": 489363.91,
                                              "Plan Rows": 73696,
                                              "Plan Width": 56,
                                              "Plans": [
                                                {
                                                  "Node Type": "Gather Merge",
                                                  "Parent Relationship": "Outer",
                                                  "Parallel Aware": false,
                                                  "Async Capable": false,
                                                  "Startup Cost": 480228.08,
                                                  "Total Cost": 488811.19,
                                                  "Plan Rows": 73696,
                                                  "Plan Width": 56,
                                                  "Workers Planned": 2,
                                                  "Plans": [
                                                    {
                                                      "Node Type": "Sort",
                                                      "Parent Relationship": "Outer",
                                                      "Parallel Aware": false,
                                                      "Async Capable": false,
                                                      "Startup Cost": 479228.05,
                                                      "Total Cost": 479304.82,
                                                      "Plan Rows": 30707,
                                                      "Plan Width": 56,
                                                      "Sort Key": [
                                                        "customer_1.c_last_name",
                                                        "customer_1.c_first_name",
                                                        "date_dim_1.d_date"
                                                      ],
                                                      "Plans": [
                                                        {
                                                          "Node Type": "Hash Join",
                                                          "Parent Relationship": "Outer",
                                                          "Parallel Aware": true,
                                                          "Async Capable": false,
                                                          "Join Type": "Inner",
                                                          "Startup Cost": 458809.82,
                                                          "Total Cost": 476939.42,
                                                          "Plan Rows": 30707,
                                                          "Plan Width": 56,
                                                          "Inner Unique": false,
                                                          "Hash Cond": "(customer_1.c_customer_sk = catalog_sales.cs_bill_customer_sk)",
                                                          "Plans": [
                                                            {
                                                              "Node Type": "Seq Scan",
                                                              "Parent Relationship": "Outer",
                                                              "Parallel Aware": true,
                                                              "Async Capable": false,
                                                              "Relation Name": "customer",
                                                              "Alias": "customer_1",
                                                              "Startup Cost": 0.0,
                                                              "Total Cost": 15918.33,
                                                              "Plan Rows": 208333,
                                                              "Plan Width": 56,
                                                              "parent": 24,
                                                              "ID": 25
                                                            },
                                                            {
                                                              "Node Type": "Hash",
                                                              "Parent Relationship": "Inner",
                                                              "Parallel Aware": true,
                                                              "Async Capable": false,
                                                              "Startup Cost": 458423.88,
                                                              "Total Cost": 458423.88,
                                                              "Plan Rows": 30875,
                                                              "Plan Width": 8,
                                                              "Plans": [
                                                                {
                                                                  "Node Type": "Hash Join",
                                                                  "Parent Relationship": "Outer",
                                                                  "Parallel Aware": true,
                                                                  "Async Capable": false,
                                                                  "Join Type": "Inner",
                                                                  "Startup Cost": 2052.33,
                                                                  "Total Cost": 458423.88,
                                                                  "Plan Rows": 30875,
                                                                  "Plan Width": 8,
                                                                  "Inner Unique": false,
                                                                  "Hash Cond": "(catalog_sales.cs_sold_date_sk = date_dim_1.d_date_sk)",
                                                                  "Plans": [
                                                                    {
                                                                      "Node Type": "Seq Scan",
                                                                      "Parent Relationship": "Outer",
                                                                      "Parallel Aware": true,
                                                                      "Async Capable": false,
                                                                      "Relation Name": "catalog_sales",
                                                                      "Alias": "catalog_sales",
                                                                      "Startup Cost": 0.0,
                                                                      "Total Cost": 433688.25,
                                                                      "Plan Rows": 6000525,
                                                                      "Plan Width": 8,
                                                                      "parent": 27,
                                                                      "ID": 28
                                                                    },
                                                                    {
                                                                      "Node Type": "Hash",
                                                                      "Parent Relationship": "Inner",
                                                                      "Parallel Aware": true,
                                                                      "Async Capable": false,
                                                                      "Startup Cost": 2049.55,
                                                                      "Total Cost": 2049.55,
                                                                      "Plan Rows": 222,
                                                                      "Plan Width": 8,
                                                                      "Plans": [
                                                                        {
                                                                          "Node Type": "Seq Scan",
                                                                          "Parent Relationship": "Outer",
                                                                          "Parallel Aware": true,
                                                                          "Async Capable": false,
                                                                          "Relation Name": "date_dim",
                                                                          "Alias": "date_dim_1",
                                                                          "Startup Cost": 0.0,
                                                                          "Total Cost": 2049.55,
                                                                          "Plan Rows": 222,
                                                                          "Plan Width": 8,
                                                                          "Filter": "((d_month_seq >= 1210) AND (d_month_seq <= 1221))",
                                                                          "parent": 29,
                                                                          "ID": 30
                                                                        }
                                                                      ],
                                                                      "parent": 27,
                                                                      "ID": 29,
                                                                      "left": 30
                                                                    }
                                                                  ],
                                                                  "parent": 26,
                                                                  "ID": 27,
                                                                  "left": 28,
                                                                  "right": 29
                                                                }
                                                              ],
                                                              "parent": 24,
                                                              "ID": 26,
                                                              "left": 27
                                                            }
                                                          ],
                                                          "parent": 23,
                                                          "ID": 24,
                                                          "left": 25,
                                                          "right": 26
                                                        }
                                                      ],
                                                      "parent": 22,
                                                      "ID": 23,
                                                      "left": 24
                                                    }
                                                  ],
                                                  "parent": 21,
                                                  "ID": 22,
                                                  "left": 23
                                                }
                                              ],
                                              "parent": 20,
                                              "ID": 21,
                                              "left": 22
                                            }
                                          ],
                                          "parent": 8,
                                          "ID": 20,
                                          "left": 21
                                        }
                                      ],
                                      "parent": 7,
                                      "ID": 8,
                                      "left": 9,
                                      "right": 20
                                    }
                                  ],
                                  "parent": 6,
                                  "ID": 7,
                                  "left": 8
                                }
                              ],
                              "parent": 5,
                              "ID": 6,
                              "left": 7
                            }
                          ],
                          "parent": 4,
                          "ID": 5,
                          "left": 6
                        },
                        {
                          "Node Type": "Subquery Scan",
                          "Parent Relationship": "Member",
                          "Parallel Aware": false,
                          "Async Capable": false,
                          "Alias": "*SELECT* 3",
                          "Startup Cost": 250165.39,
                          "Total Cost": 255152.97,
                          "Plan Rows": 37230,
                          "Plan Width": 60,
                          "Plans": [
                            {
                              "Node Type": "Unique",
                              "Parent Relationship": "Subquery",
                              "Parallel Aware": false,
                              "Async Capable": false,
                              "Startup Cost": 250165.39,
                              "Total Cost": 254780.67,
                              "Plan Rows": 37230,
                              "Plan Width": 56,
                              "Plans": [
                                {
                                  "Node Type": "Gather Merge",
                                  "Parent Relationship": "Outer",
                                  "Parallel Aware": false,
                                  "Async Capable": false,
                                  "Startup Cost": 250165.39,
                                  "Total Cost": 254501.44,
                                  "Plan Rows": 37230,
                                  "Plan Width": 56,
                                  "Workers Planned": 2,
                                  "Plans": [
                                    {
                                      "Node Type": "Sort",
                                      "Parent Relationship": "Outer",
                                      "Parallel Aware": false,
                                      "Async Capable": false,
                                      "Startup Cost": 249165.37,
                                      "Total Cost": 249204.15,
                                      "Plan Rows": 15512,
                                      "Plan Width": 56,
                                      "Sort Key": [
                                        "customer_2.c_last_name",
                                        "customer_2.c_first_name",
                                        "date_dim_2.d_date"
                                      ],
                                      "Plans": [
                                        {
                                          "Node Type": "Hash Join",
                                          "Parent Relationship": "Outer",
                                          "Parallel Aware": true,
                                          "Async Capable": false,
                                          "Join Type": "Inner",
                                          "Startup Cost": 231321.44,
                                          "Total Cost": 248085.65,
                                          "Plan Rows": 15512,
                                          "Plan Width": 56,
                                          "Inner Unique": false,
                                          "Hash Cond": "(customer_2.c_customer_sk = web_sales.ws_bill_customer_sk)",
                                          "Plans": [
                                            {
                                              "Node Type": "Seq Scan",
                                              "Parent Relationship": "Outer",
                                              "Parallel Aware": true,
                                              "Async Capable": false,
                                              "Relation Name": "customer",
                                              "Alias": "customer_2",
                                              "Startup Cost": 0.0,
                                              "Total Cost": 15918.33,
                                              "Plan Rows": 208333,
                                              "Plan Width": 56,
                                              "parent": 35,
                                              "ID": 36
                                            },
                                            {
                                              "Node Type": "Hash",
                                              "Parent Relationship": "Inner",
                                              "Parallel Aware": true,
                                              "Async Capable": false,
                                              "Startup Cost": 231127.5,
                                              "Total Cost": 231127.5,
                                              "Plan Rows": 15515,
                                              "Plan Width": 8,
                                              "Plans": [
                                                {
                                                  "Node Type": "Hash Join",
                                                  "Parent Relationship": "Outer",
                                                  "Parallel Aware": true,
                                                  "Async Capable": false,
                                                  "Join Type": "Inner",
                                                  "Startup Cost": 2052.33,
                                                  "Total Cost": 231127.5,
                                                  "Plan Rows": 15515,
                                                  "Plan Width": 8,
                                                  "Inner Unique": false,
                                                  "Hash Cond": "(web_sales.ws_sold_date_sk = date_dim_2.d_date_sk)",
                                                  "Plans": [
                                                    {
                                                      "Node Type": "Seq Scan",
                                                      "Parent Relationship": "Outer",
                                                      "Parallel Aware": true,
                                                      "Async Capable": false,
                                                      "Relation Name": "web_sales",
                                                      "Alias": "web_sales",
                                                      "Startup Cost": 0.0,
                                                      "Total Cost": 217737.86,
                                                      "Plan Rows": 2998986,
                                                      "Plan Width": 8,
                                                      "parent": 38,
                                                      "ID": 39
                                                    },
                                                    {
                                                      "Node Type": "Hash",
                                                      "Parent Relationship": "Inner",
                                                      "Parallel Aware": true,
                                                      "Async Capable": false,
                                                      "Startup Cost": 2049.55,
                                                      "Total Cost": 2049.55,
                                                      "Plan Rows": 222,
                                                      "Plan Width": 8,
                                                      "Plans": [
                                                        {
                                                          "Node Type": "Seq Scan",
                                                          "Parent Relationship": "Outer",
                                                          "Parallel Aware": true,
                                                          "Async Capable": false,
                                                          "Relation Name": "date_dim",
                                                          "Alias": "date_dim_2",
                                                          "Startup Cost": 0.0,
                                                          "Total Cost": 2049.55,
                                                          "Plan Rows": 222,
                                                          "Plan Width": 8,
                                                          "Filter": "((d_month_seq >= 1210) AND (d_month_seq <= 1221))",
                                                          "parent": 40,
                                                          "ID": 41
                                                        }
                                                      ],
                                                      "parent": 38,
                                                      "ID": 40,
                                                      "left": 41
                                                    }
                                                  ],
                                                  "parent": 37,
                                                  "ID": 38,
                                                  "left": 39,
                                                  "right": 40
                                                }
                                              ],
                                              "parent": 35,
                                              "ID": 37,
                                              "left": 38
                                            }
                                          ],
                                          "parent": 34,
                                          "ID": 35,
                                          "left": 36,
                                          "right": 37
                                        }
                                      ],
                                      "parent": 33,
                                      "ID": 34,
                                      "left": 35
                                    }
                                  ],
                                  "parent": 32,
                                  "ID": 33,
                                  "left": 34
                                }
                              ],
                              "parent": 31,
                              "ID": 32,
                              "left": 33
                            }
                          ],
                          "parent": 4,
                          "ID": 31,
                          "left": 32
                        }
                      ],
                      "parent": 3,
                      "ID": 4,
                      "left": 5,
                      "right": 31
                    }
                  ],
                  "parent": 2,
                  "ID": 3,
                  "left": 4
                }
              ],
              "parent": 1,
              "ID": 2,
              "left": 3
            }
          ],
          "parent": 0,
          "ID": 1,
          "left": 2
        }
      ],
      "parent": null,
      "ID": 0,
      "left": 1
    },
    "feat": {
      "utility": 0.0013156723920045505,
      "query_shape": [
        [
          "Seq Scan",
          "Hash Join",
          "Sort",
          "Gather Merge",
          "Unique",
          "Subquery Scan",
          "Append",
          "SetOp",
          "Result"
        ],
        [
          "Seq Scan",
          "Hash Join",
          "Hash",
          "Sort",
          "Gather Merge",
          "Unique",
          "Subquery Scan",
          "Append",
          "SetOp",
          "Result"
        ],
        [
          "Seq Scan",
          "Hash",
          "Hash Join",
          "Sort",
          "Gather Merge",
          "Unique",
          "Subquery Scan",
          "Append",
          "SetOp",
          "Result"
        ],
        [
          "Seq Scan",
          "Hash Join",
          "Sort",
          "Gather Merge",
          "Unique",
          "Subquery Scan",
          "Append",
          "SetOp",
          "Result"
        ],
        [
          "Seq Scan",
          "Hash Join",
          "Hash",
          "Sort",
          "Gather Merge",
          "Unique",
          "Subquery Scan",
          "Append",
          "SetOp",
          "Result"
        ],
        [
          "Seq Scan",
          "Hash",
          "Hash Join",
          "Sort",
          "Gather Merge",
          "Unique",
          "Subquery Scan",
          "Append",
          "SetOp",
          "Result"
        ],
        [
          "Seq Scan",
          "Hash Join",
          "Sort",
          "Gather Merge",
          "Unique",
          "Subquery Scan",
          "Append",
          "SetOp"
        ],
        [
          "Seq Scan",
          "Hash Join",
          "Hash",
          "Sort",
          "Gather Merge",
          "Unique",
          "Subquery Scan",
          "Append",
          "SetOp"
        ],
        [
          "Seq Scan",
          "Hash",
          "Hash Join",
          "Sort",
          "Gather Merge",
          "Unique",
          "Subquery Scan",
          "Append",
          "SetOp"
        ]
      ],
      "index_shape": [
        "join"
      ],
      "physical_operator": {
        "Hash Join": [
          0.002184923206796886
        ]
      }
    }
  },
  {
    "query": "select count(*) \nfrom ((select distinct c_last_name, c_first_name, d_date\n       from store_sales, date_dim, customer\n       where store_sales.ss_sold_date_sk = date_dim.d_date_sk\n         and store_sales.ss_customer_sk = customer.c_customer_sk\n         and d_month_seq between 1210 and 1210+11)\n       except\n      (select distinct c_last_name, c_first_name, d_date\n       from catalog_sales, date_dim, customer\n       where catalog_sales.cs_sold_date_sk = date_dim.d_date_sk\n         and catalog_sales.cs_bill_customer_sk = customer.c_customer_sk\n         and d_month_seq between 1210 and 1210+11)\n       except\n      (select distinct c_last_name, c_first_name, d_date\n       from web_sales, date_dim, customer\n       where web_sales.ws_sold_date_sk = date_dim.d_date_sk\n         and web_sales.ws_bill_customer_sk = customer.c_customer_sk\n         and d_month_seq between 1210 and 1210+11)\n) cool_cust\n;\n\n-- end query 67 in stream 4 using template query87.tpl\n",
    "indexes": "store_sales.ss_sold_date_sk",
    "wo plan est": {
      "Node Type": "Aggregate",
      "Strategy": "Plain",
      "Partial Mode": "Simple",
      "Parallel Aware": false,
      "Async Capable": false,
      "Startup Cost": 1554392.94,
      "Total Cost": 1554392.95,
      "Plan Rows": 1,
      "Plan Width": 8,
      "Plans": [
        {
          "Node Type": "Subquery Scan",
          "Parent Relationship": "Outer",
          "Parallel Aware": false,
          "Async Capable": false,
          "Alias": "cool_cust",
          "Startup Cost": 1550966.58,
          "Total Cost": 1554053.6,
          "Plan Rows": 135736,
          "Plan Width": 0,
          "Plans": [
            {
              "Node Type": "SetOp",
              "Strategy": "Sorted",
              "Parent Relationship": "Subquery",
              "Parallel Aware": false,
              "Async Capable": false,
              "Command": "Except",
              "Startup Cost": 1550966.58,
              "Total Cost": 1552696.24,
              "Plan Rows": 135736,
              "Plan Width": 216,
              "Plans": [
                {
                  "Node Type": "Sort",
                  "Parent Relationship": "Outer",
                  "Parallel Aware": false,
                  "Async Capable": false,
                  "Startup Cost": 1550966.58,
                  "Total Cost": 1551399.0,
                  "Plan Rows": 172966,
                  "Plan Width": 216,
                  "Sort Key": [
                    "\"*SELECT* 1\".c_last_name",
                    "\"*SELECT* 1\".c_first_name",
                    "\"*SELECT* 1\".d_date"
                  ],
                  "Plans": [
                    {
                      "Node Type": "Append",
                      "Parent Relationship": "Outer",
                      "Parallel Aware": false,
                      "Async Capable": false,
                      "Startup Cost": 1258710.95,
                      "Total Cost": 1518180.43,
                      "Plan Rows": 172966,
                      "Plan Width": 216,
                      "Subplans Removed": 0,
                      "Plans": [
                        {
                          "Node Type": "Result",
                          "Parent Relationship": "Member",
                          "Parallel Aware": false,
                          "Async Capable": false,
                          "Startup Cost": 1258710.95,
                          "Total Cost": 1262162.63,
                          "Plan Rows": 135736,
                          "Plan Width": 216,
                          "Plans": [
                            {
                              "Node Type": "SetOp",
                              "Strategy": "Sorted",
                              "Parent Relationship": "Outer",
                              "Parallel Aware": false,
                              "Async Capable": false,
                              "Command": "Except",
                              "Startup Cost": 1258710.95,
                              "Total Cost": 1260805.27,
                              "Plan Rows": 135736,
                              "Plan Width": 216,
                              "Plans": [
                                {
                                  "Node Type": "Sort",
                                  "Parent Relationship": "Outer",
                                  "Parallel Aware": false,
                                  "Async Capable": false,
                                  "Startup Cost": 1258710.95,
                                  "Total Cost": 1259234.53,
                                  "Plan Rows": 209432,
                                  "Plan Width": 216,
                                  "Sort Key": [
                                    "\"*SELECT* 1\".c_last_name",
                                    "\"*SELECT* 1\".c_first_name",
                                    "\"*SELECT* 1\".d_date"
                                  ],
                                  "Plans": [
                                    {
                                      "Node Type": "Append",
                                      "Parent Relationship": "Outer",
                                      "Parallel Aware": false,
                                      "Async Capable": false,
                                      "Startup Cost": 709393.12,
                                      "Total Cost": 1218725.23,
                                      "Plan Rows": 209432,
                                      "Plan Width": 216,
                                      "Subplans Removed": 0,
                                      "Plans": [
                                        {
                                          "Node Type": "Subquery Scan",
                                          "Parent Relationship": "Member",
                                          "Parallel Aware": false,
                                          "Async Capable": false,
                                          "Alias": "*SELECT* 1",
                                          "Startup Cost": 709393.12,
                                          "Total Cost": 727577.19,
                                          "Plan Rows": 135736,
                                          "Plan Width": 60,
                                          "Plans": [
                                            {
                                              "Node Type": "Unique",
                                              "Parent Relationship": "Subquery",
                                              "Parallel Aware": false,
                                              "Async Capable": false,
                                              "Startup Cost": 709393.12,
                                              "Total Cost": 726219.83,
                                              "Plan Rows": 135736,
                                              "Plan Width": 56,
                                              "Plans": [
                                                {
                                                  "Node Type": "Gather Merge",
                                                  "Parent Relationship": "Outer",
                                                  "Parallel Aware": false,
                                                  "Async Capable": false,
                                                  "Startup Cost": 709393.12,
                                                  "Total Cost": 725201.81,
                                                  "Plan Rows": 135736,
                                                  "Plan Width": 56,
                                                  "Workers Planned": 2,
                                                  "Plans": [
                                                    {
                                                      "Node Type": "Sort",
                                                      "Parent Relationship": "Outer",
                                                      "Parallel Aware": false,
                                                      "Async Capable": false,
                                                      "Startup Cost": 708393.09,
                                                      "Total Cost": 708534.49,
                                                      "Plan Rows": 56557,
                                                      "Plan Width": 56,
                                                      "Sort Key": [
                                                        "customer.c_last_name",
                                                        "customer.c_first_name",
                                                        "date_dim.d_date"
                                                      ],
                                                      "Plans": [
                                                        {
                                                          "Node Type": "Hash Join",
                                                          "Parent Relationship": "Outer",
                                                          "Parallel Aware": true,
                                                          "Async Capable": false,
                                                          "Join Type": "Inner",
                                                          "Startup Cost": 685057.92,
                                                          "Total Cost": 701993.15,
                                                          "Plan Rows": 56557,
                                                          "Plan Width": 56,
                                                          "Inner Unique": false,
                                                          "Hash Cond": "(customer.c_customer_sk = store_sales.ss_customer_sk)",
                                                          "Plans": [
                                                            {
                                                              "Node Type": "Seq Scan",
                                                              "Parent Relationship": "Outer",
                                                              "Parallel Aware": true,
                                                              "Async Capable": false,
                                                              "Relation Name": "customer",
                                                              "Alias": "customer",
                                                              "Startup Cost": 0.0,
                                                              "Total Cost": 15918.33,
                                                              "Plan Rows": 208333,
                                                              "Plan Width": 56,
                                                              "parent": 13,
                                                              "ID": 14
                                                            },
                                                            {
                                                              "Node Type": "Hash",
                                                              "Parent Relationship": "Inner",
                                                              "Parallel Aware": true,
                                                              "Async Capable": false,
                                                              "Startup Cost": 684317.13,
                                                              "Total Cost": 684317.13,
                                                              "Plan Rows": 59263,
                                                              "Plan Width": 8,
                                                              "Plans": [
                                                                {
                                                                  "Node Type": "Hash Join",
                                                                  "Parent Relationship": "Outer",
                                                                  "Parallel Aware": true,
                                                                  "Async Capable": false,
                                                                  "Join Type": "Inner",
                                                                  "Startup Cost": 2052.33,
                                                                  "Total Cost": 684317.13,
                                                                  "Plan Rows": 59263,
                                                                  "Plan Width": 8,
                                                                  "Inner Unique": false,
                                                                  "Hash Cond": "(store_sales.ss_sold_date_sk = date_dim.d_date_sk)",
                                                                  "Plans": [
                                                                    {
                                                                      "Node Type": "Seq Scan",
                                                                      "Parent Relationship": "Outer",
                                                                      "Parallel Aware": true,
                                                                      "Async Capable": false,
                                                                      "Relation Name": "store_sales",
                                                                      "Alias": "store_sales",
                                                                      "Startup Cost": 0.0,
                                                                      "Total Cost": 636914.37,
                                                                      "Plan Rows": 12000637,
                                                                      "Plan Width": 8,
                                                                      "parent": 16,
                                                                      "ID": 17
                                                                    },
                                                                    {
                                                                      "Node Type": "Hash",
                                                                      "Parent Relationship": "Inner",
                                                                      "Parallel Aware": true,
                                                                      "Async Capable": false,
                                                                      "Startup Cost": 2049.55,
                                                                      "Total Cost": 2049.55,
                                                                      "Plan Rows": 222,
                                                                      "Plan Width": 8,
                                                                      "Plans": [
                                                                        {
                                                                          "Node Type": "Seq Scan",
                                                                          "Parent Relationship": "Outer",
                                                                          "Parallel Aware": true,
                                                                          "Async Capable": false,
                                                                          "Relation Name": "date_dim",
                                                                          "Alias": "date_dim",
                                                                          "Startup Cost": 0.0,
                                                                          "Total Cost": 2049.55,
                                                                          "Plan Rows": 222,
                                                                          "Plan Width": 8,
                                                                          "Filter": "((d_month_seq >= 1210) AND (d_month_seq <= 1221))",
                                                                          "parent": 18,
                                                                          "ID": 19
                                                                        }
                                                                      ],
                                                                      "parent": 16,
                                                                      "ID": 18,
                                                                      "left": 19
                                                                    }
                                                                  ],
                                                                  "parent": 15,
                                                                  "ID": 16,
                                                                  "left": 17,
                                                                  "right": 18
                                                                }
                                                              ],
                                                              "parent": 13,
                                                              "ID": 15,
                                                              "left": 16
                                                            }
                                                          ],
                                                          "parent": 12,
                                                          "ID": 13,
                                                          "left": 14,
                                                          "right": 15
                                                        }
                                                      ],
                                                      "parent": 11,
                                                      "ID": 12,
                                                      "left": 13
                                                    }
                                                  ],
                                                  "parent": 10,
                                                  "ID": 11,
                                                  "left": 12
                                                }
                                              ],
                                              "parent": 9,
                                              "ID": 10,
                                              "left": 11
                                            }
                                          ],
                                          "parent": 8,
                                          "ID": 9,
                                          "left": 10
                                        },
                                        {
                                          "Node Type": "Subquery Scan",
                                          "Parent Relationship": "Member",
                                          "Parallel Aware": false,
                                          "Async Capable": false,
                                          "Alias": "*SELECT* 2",
                                          "Startup Cost": 480228.08,
                                          "Total Cost": 490100.87,
                                          "Plan Rows": 73696,
                                          "Plan Width": 60,
                                          "Plans": [
                                            {
                                              "Node Type": "Unique",
                                              "Parent Relationship": "Subquery",
                                              "Parallel Aware": false,
                                              "Async Capable": false,
                                              "Startup Cost": 480228.08,
                                              "Total Cost": 489363.91,
                                              "Plan Rows": 73696,
                                              "Plan Width": 56,
                                              "Plans": [
                                                {
                                                  "Node Type": "Gather Merge",
                                                  "Parent Relationship": "Outer",
                                                  "Parallel Aware": false,
                                                  "Async Capable": false,
                                                  "Startup Cost": 480228.08,
                                                  "Total Cost": 488811.19,
                                                  "Plan Rows": 73696,
                                                  "Plan Width": 56,
                                                  "Workers Planned": 2,
                                                  "Plans": [
                                                    {
                                                      "Node Type": "Sort",
                                                      "Parent Relationship": "Outer",
                                                      "Parallel Aware": false,
                                                      "Async Capable": false,
                                                      "Startup Cost": 479228.05,
                                                      "Total Cost": 479304.82,
                                                      "Plan Rows": 30707,
                                                      "Plan Width": 56,
                                                      "Sort Key": [
                                                        "customer_1.c_last_name",
                                                        "customer_1.c_first_name",
                                                        "date_dim_1.d_date"
                                                      ],
                                                      "Plans": [
                                                        {
                                                          "Node Type": "Hash Join",
                                                          "Parent Relationship": "Outer",
                                                          "Parallel Aware": true,
                                                          "Async Capable": false,
                                                          "Join Type": "Inner",
                                                          "Startup Cost": 458809.82,
                                                          "Total Cost": 476939.42,
                                                          "Plan Rows": 30707,
                                                          "Plan Width": 56,
                                                          "Inner Unique": false,
                                                          "Hash Cond": "(customer_1.c_customer_sk = catalog_sales.cs_bill_customer_sk)",
                                                          "Plans": [
                                                            {
                                                              "Node Type": "Seq Scan",
                                                              "Parent Relationship": "Outer",
                                                              "Parallel Aware": true,
                                                              "Async Capable": false,
                                                              "Relation Name": "customer",
                                                              "Alias": "customer_1",
                                                              "Startup Cost": 0.0,
                                                              "Total Cost": 15918.33,
                                                              "Plan Rows": 208333,
                                                              "Plan Width": 56,
                                                              "parent": 24,
                                                              "ID": 25
                                                            },
                                                            {
                                                              "Node Type": "Hash",
                                                              "Parent Relationship": "Inner",
                                                              "Parallel Aware": true,
                                                              "Async Capable": false,
                                                              "Startup Cost": 458423.88,
                                                              "Total Cost": 458423.88,
                                                              "Plan Rows": 30875,
                                                              "Plan Width": 8,
                                                              "Plans": [
                                                                {
                                                                  "Node Type": "Hash Join",
                                                                  "Parent Relationship": "Outer",
                                                                  "Parallel Aware": true,
                                                                  "Async Capable": false,
                                                                  "Join Type": "Inner",
                                                                  "Startup Cost": 2052.33,
                                                                  "Total Cost": 458423.88,
                                                                  "Plan Rows": 30875,
                                                                  "Plan Width": 8,
                                                                  "Inner Unique": false,
                                                                  "Hash Cond": "(catalog_sales.cs_sold_date_sk = date_dim_1.d_date_sk)",
                                                                  "Plans": [
                                                                    {
                                                                      "Node Type": "Seq Scan",
                                                                      "Parent Relationship": "Outer",
                                                                      "Parallel Aware": true,
                                                                      "Async Capable": false,
                                                                      "Relation Name": "catalog_sales",
                                                                      "Alias": "catalog_sales",
                                                                      "Startup Cost": 0.0,
                                                                      "Total Cost": 433688.25,
                                                                      "Plan Rows": 6000525,
                                                                      "Plan Width": 8,
                                                                      "parent": 27,
                                                                      "ID": 28
                                                                    },
                                                                    {
                                                                      "Node Type": "Hash",
                                                                      "Parent Relationship": "Inner",
                                                                      "Parallel Aware": true,
                                                                      "Async Capable": false,
                                                                      "Startup Cost": 2049.55,
                                                                      "Total Cost": 2049.55,
                                                                      "Plan Rows": 222,
                                                                      "Plan Width": 8,
                                                                      "Plans": [
                                                                        {
                                                                          "Node Type": "Seq Scan",
                                                                          "Parent Relationship": "Outer",
                                                                          "Parallel Aware": true,
                                                                          "Async Capable": false,
                                                                          "Relation Name": "date_dim",
                                                                          "Alias": "date_dim_1",
                                                                          "Startup Cost": 0.0,
                                                                          "Total Cost": 2049.55,
                                                                          "Plan Rows": 222,
                                                                          "Plan Width": 8,
                                                                          "Filter": "((d_month_seq >= 1210) AND (d_month_seq <= 1221))",
                                                                          "parent": 29,
                                                                          "ID": 30
                                                                        }
                                                                      ],
                                                                      "parent": 27,
                                                                      "ID": 29,
                                                                      "left": 30
                                                                    }
                                                                  ],
                                                                  "parent": 26,
                                                                  "ID": 27,
                                                                  "left": 28,
                                                                  "right": 29
                                                                }
                                                              ],
                                                              "parent": 24,
                                                              "ID": 26,
                                                              "left": 27
                                                            }
                                                          ],
                                                          "parent": 23,
                                                          "ID": 24,
                                                          "left": 25,
                                                          "right": 26
                                                        }
                                                      ],
                                                      "parent": 22,
                                                      "ID": 23,
                                                      "left": 24
                                                    }
                                                  ],
                                                  "parent": 21,
                                                  "ID": 22,
                                                  "left": 23
                                                }
                                              ],
                                              "parent": 20,
                                              "ID": 21,
                                              "left": 22
                                            }
                                          ],
                                          "parent": 8,
                                          "ID": 20,
                                          "left": 21
                                        }
                                      ],
                                      "parent": 7,
                                      "ID": 8,
                                      "left": 9,
                                      "right": 20
                                    }
                                  ],
                                  "parent": 6,
                                  "ID": 7,
                                  "left": 8
                                }
                              ],
                              "parent": 5,
                              "ID": 6,
                              "left": 7
                            }
                          ],
                          "parent": 4,
                          "ID": 5,
                          "left": 6
                        },
                        {
                          "Node Type": "Subquery Scan",
                          "Parent Relationship": "Member",
                          "Parallel Aware": false,
                          "Async Capable": false,
                          "Alias": "*SELECT* 3",
                          "Startup Cost": 250165.39,
                          "Total Cost": 255152.97,
                          "Plan Rows": 37230,
                          "Plan Width": 60,
                          "Plans": [
                            {
                              "Node Type": "Unique",
                              "Parent Relationship": "Subquery",
                              "Parallel Aware": false,
                              "Async Capable": false,
                              "Startup Cost": 250165.39,
                              "Total Cost": 254780.67,
                              "Plan Rows": 37230,
                              "Plan Width": 56,
                              "Plans": [
                                {
                                  "Node Type": "Gather Merge",
                                  "Parent Relationship": "Outer",
                                  "Parallel Aware": false,
                                  "Async Capable": false,
                                  "Startup Cost": 250165.39,
                                  "Total Cost": 254501.44,
                                  "Plan Rows": 37230,
                                  "Plan Width": 56,
                                  "Workers Planned": 2,
                                  "Plans": [
                                    {
                                      "Node Type": "Sort",
                                      "Parent Relationship": "Outer",
                                      "Parallel Aware": false,
                                      "Async Capable": false,
                                      "Startup Cost": 249165.37,
                                      "Total Cost": 249204.15,
                                      "Plan Rows": 15512,
                                      "Plan Width": 56,
                                      "Sort Key": [
                                        "customer_2.c_last_name",
                                        "customer_2.c_first_name",
                                        "date_dim_2.d_date"
                                      ],
                                      "Plans": [
                                        {
                                          "Node Type": "Hash Join",
                                          "Parent Relationship": "Outer",
                                          "Parallel Aware": true,
                                          "Async Capable": false,
                                          "Join Type": "Inner",
                                          "Startup Cost": 231321.44,
                                          "Total Cost": 248085.65,
                                          "Plan Rows": 15512,
                                          "Plan Width": 56,
                                          "Inner Unique": false,
                                          "Hash Cond": "(customer_2.c_customer_sk = web_sales.ws_bill_customer_sk)",
                                          "Plans": [
                                            {
                                              "Node Type": "Seq Scan",
                                              "Parent Relationship": "Outer",
                                              "Parallel Aware": true,
                                              "Async Capable": false,
                                              "Relation Name": "customer",
                                              "Alias": "customer_2",
                                              "Startup Cost": 0.0,
                                              "Total Cost": 15918.33,
                                              "Plan Rows": 208333,
                                              "Plan Width": 56,
                                              "parent": 35,
                                              "ID": 36
                                            },
                                            {
                                              "Node Type": "Hash",
                                              "Parent Relationship": "Inner",
                                              "Parallel Aware": true,
                                              "Async Capable": false,
                                              "Startup Cost": 231127.5,
                                              "Total Cost": 231127.5,
                                              "Plan Rows": 15515,
                                              "Plan Width": 8,
                                              "Plans": [
                                                {
                                                  "Node Type": "Hash Join",
                                                  "Parent Relationship": "Outer",
                                                  "Parallel Aware": true,
                                                  "Async Capable": false,
                                                  "Join Type": "Inner",
                                                  "Startup Cost": 2052.33,
                                                  "Total Cost": 231127.5,
                                                  "Plan Rows": 15515,
                                                  "Plan Width": 8,
                                                  "Inner Unique": false,
                                                  "Hash Cond": "(web_sales.ws_sold_date_sk = date_dim_2.d_date_sk)",
                                                  "Plans": [
                                                    {
                                                      "Node Type": "Seq Scan",
                                                      "Parent Relationship": "Outer",
                                                      "Parallel Aware": true,
                                                      "Async Capable": false,
                                                      "Relation Name": "web_sales",
                                                      "Alias": "web_sales",
                                                      "Startup Cost": 0.0,
                                                      "Total Cost": 217737.86,
                                                      "Plan Rows": 2998986,
                                                      "Plan Width": 8,
                                                      "parent": 38,
                                                      "ID": 39
                                                    },
                                                    {
                                                      "Node Type": "Hash",
                                                      "Parent Relationship": "Inner",
                                                      "Parallel Aware": true,
                                                      "Async Capable": false,
                                                      "Startup Cost": 2049.55,
                                                      "Total Cost": 2049.55,
                                                      "Plan Rows": 222,
                                                      "Plan Width": 8,
                                                      "Plans": [
                                                        {
                                                          "Node Type": "Seq Scan",
                                                          "Parent Relationship": "Outer",
                                                          "Parallel Aware": true,
                                                          "Async Capable": false,
                                                          "Relation Name": "date_dim",
                                                          "Alias": "date_dim_2",
                                                          "Startup Cost": 0.0,
                                                          "Total Cost": 2049.55,
                                                          "Plan Rows": 222,
                                                          "Plan Width": 8,
                                                          "Filter": "((d_month_seq >= 1210) AND (d_month_seq <= 1221))",
                                                          "parent": 40,
                                                          "ID": 41
                                                        }
                                                      ],
                                                      "parent": 38,
                                                      "ID": 40,
                                                      "left": 41
                                                    }
                                                  ],
                                                  "parent": 37,
                                                  "ID": 38,
                                                  "left": 39,
                                                  "right": 40
                                                }
                                              ],
                                              "parent": 35,
                                              "ID": 37,
                                              "left": 38
                                            }
                                          ],
                                          "parent": 34,
                                          "ID": 35,
                                          "left": 36,
                                          "right": 37
                                        }
                                      ],
                                      "parent": 33,
                                      "ID": 34,
                                      "left": 35
                                    }
                                  ],
                                  "parent": 32,
                                  "ID": 33,
                                  "left": 34
                                }
                              ],
                              "parent": 31,
                              "ID": 32,
                              "left": 33
                            }
                          ],
                          "parent": 4,
                          "ID": 31,
                          "left": 32
                        }
                      ],
                      "parent": 3,
                      "ID": 4,
                      "left": 5,
                      "right": 31
                    }
                  ],
                  "parent": 2,
                  "ID": 3,
                  "left": 4
                }
              ],
              "parent": 1,
              "ID": 2,
              "left": 3
            }
          ],
          "parent": 0,
          "ID": 1,
          "left": 2
        }
      ],
      "parent": null,
      "ID": 0,
      "left": 1
    },
    "feat": {
      "utility": 0.001312334468353761,
      "query_shape": [
        [
          "Seq Scan",
          "Hash Join",
          "Sort",
          "Gather Merge",
          "Unique",
          "Subquery Scan",
          "Append",
          "SetOp",
          "Result"
        ],
        [
          "Seq Scan",
          "Hash Join",
          "Hash",
          "Sort",
          "Gather Merge",
          "Unique",
          "Subquery Scan",
          "Append",
          "SetOp",
          "Result"
        ],
        [
          "Seq Scan",
          "Hash",
          "Hash Join",
          "Sort",
          "Gather Merge",
          "Unique",
          "Subquery Scan",
          "Append",
          "SetOp",
          "Result"
        ],
        [
          "Seq Scan",
          "Hash Join",
          "Sort",
          "Gather Merge",
          "Unique",
          "Subquery Scan",
          "Append",
          "SetOp",
          "Result"
        ],
        [
          "Seq Scan",
          "Hash Join",
          "Hash",
          "Sort",
          "Gather Merge",
          "Unique",
          "Subquery Scan",
          "Append",
          "SetOp",
          "Result"
        ],
        [
          "Seq Scan",
          "Hash",
          "Hash Join",
          "Sort",
          "Gather Merge",
          "Unique",
          "Subquery Scan",
          "Append",
          "SetOp",
          "Result"
        ],
        [
          "Seq Scan",
          "Hash Join",
          "Sort",
          "Gather Merge",
          "Unique",
          "Subquery Scan",
          "Append",
          "SetOp"
        ],
        [
          "Seq Scan",
          "Hash Join",
          "Hash",
          "Sort",
          "Gather Merge",
          "Unique",
          "Subquery Scan",
          "Append",
          "SetOp"
        ],
        [
          "Seq Scan",
          "Hash",
          "Hash Join",
          "Sort",
          "Gather Merge",
          "Unique",
          "Subquery Scan",
          "Append",
          "SetOp"
        ]
      ],
      "index_shape": [
        "join"
      ],
      "physical_operator": {
        "Hash Join": [
          0.004716427678717668
        ]
      }
    }
  },
  {
    "query": "select count(*) \nfrom ((select distinct c_last_name, c_first_name, d_date\n       from store_sales, date_dim, customer\n       where store_sales.ss_sold_date_sk = date_dim.d_date_sk\n         and store_sales.ss_customer_sk = customer.c_customer_sk\n         and d_month_seq between 1210 and 1210+11)\n       except\n      (select distinct c_last_name, c_first_name, d_date\n       from catalog_sales, date_dim, customer\n       where catalog_sales.cs_sold_date_sk = date_dim.d_date_sk\n         and catalog_sales.cs_bill_customer_sk = customer.c_customer_sk\n         and d_month_seq between 1210 and 1210+11)\n       except\n      (select distinct c_last_name, c_first_name, d_date\n       from web_sales, date_dim, customer\n       where web_sales.ws_sold_date_sk = date_dim.d_date_sk\n         and web_sales.ws_bill_customer_sk = customer.c_customer_sk\n         and d_month_seq between 1210 and 1210+11)\n) cool_cust\n;\n\n-- end query 67 in stream 4 using template query87.tpl\n",
    "indexes": "store_sales.ss_customer_sk",
    "wo plan est": {
      "Node Type": "Aggregate",
      "Strategy": "Plain",
      "Partial Mode": "Simple",
      "Parallel Aware": false,
      "Async Capable": false,
      "Startup Cost": 1554392.94,
      "Total Cost": 1554392.95,
      "Plan Rows": 1,
      "Plan Width": 8,
      "Plans": [
        {
          "Node Type": "Subquery Scan",
          "Parent Relationship": "Outer",
          "Parallel Aware": false,
          "Async Capable": false,
          "Alias": "cool_cust",
          "Startup Cost": 1550966.58,
          "Total Cost": 1554053.6,
          "Plan Rows": 135736,
          "Plan Width": 0,
          "Plans": [
            {
              "Node Type": "SetOp",
              "Strategy": "Sorted",
              "Parent Relationship": "Subquery",
              "Parallel Aware": false,
              "Async Capable": false,
              "Command": "Except",
              "Startup Cost": 1550966.58,
              "Total Cost": 1552696.24,
              "Plan Rows": 135736,
              "Plan Width": 216,
              "Plans": [
                {
                  "Node Type": "Sort",
                  "Parent Relationship": "Outer",
                  "Parallel Aware": false,
                  "Async Capable": false,
                  "Startup Cost": 1550966.58,
                  "Total Cost": 1551399.0,
                  "Plan Rows": 172966,
                  "Plan Width": 216,
                  "Sort Key": [
                    "\"*SELECT* 1\".c_last_name",
                    "\"*SELECT* 1\".c_first_name",
                    "\"*SELECT* 1\".d_date"
                  ],
                  "Plans": [
                    {
                      "Node Type": "Append",
                      "Parent Relationship": "Outer",
                      "Parallel Aware": false,
                      "Async Capable": false,
                      "Startup Cost": 1258710.95,
                      "Total Cost": 1518180.43,
                      "Plan Rows": 172966,
                      "Plan Width": 216,
                      "Subplans Removed": 0,
                      "Plans": [
                        {
                          "Node Type": "Result",
                          "Parent Relationship": "Member",
                          "Parallel Aware": false,
                          "Async Capable": false,
                          "Startup Cost": 1258710.95,
                          "Total Cost": 1262162.63,
                          "Plan Rows": 135736,
                          "Plan Width": 216,
                          "Plans": [
                            {
                              "Node Type": "SetOp",
                              "Strategy": "Sorted",
                              "Parent Relationship": "Outer",
                              "Parallel Aware": false,
                              "Async Capable": false,
                              "Command": "Except",
                              "Startup Cost": 1258710.95,
                              "Total Cost": 1260805.27,
                              "Plan Rows": 135736,
                              "Plan Width": 216,
                              "Plans": [
                                {
                                  "Node Type": "Sort",
                                  "Parent Relationship": "Outer",
                                  "Parallel Aware": false,
                                  "Async Capable": false,
                                  "Startup Cost": 1258710.95,
                                  "Total Cost": 1259234.53,
                                  "Plan Rows": 209432,
                                  "Plan Width": 216,
                                  "Sort Key": [
                                    "\"*SELECT* 1\".c_last_name",
                                    "\"*SELECT* 1\".c_first_name",
                                    "\"*SELECT* 1\".d_date"
                                  ],
                                  "Plans": [
                                    {
                                      "Node Type": "Append",
                                      "Parent Relationship": "Outer",
                                      "Parallel Aware": false,
                                      "Async Capable": false,
                                      "Startup Cost": 709393.12,
                                      "Total Cost": 1218725.23,
                                      "Plan Rows": 209432,
                                      "Plan Width": 216,
                                      "Subplans Removed": 0,
                                      "Plans": [
                                        {
                                          "Node Type": "Subquery Scan",
                                          "Parent Relationship": "Member",
                                          "Parallel Aware": false,
                                          "Async Capable": false,
                                          "Alias": "*SELECT* 1",
                                          "Startup Cost": 709393.12,
                                          "Total Cost": 727577.19,
                                          "Plan Rows": 135736,
                                          "Plan Width": 60,
                                          "Plans": [
                                            {
                                              "Node Type": "Unique",
                                              "Parent Relationship": "Subquery",
                                              "Parallel Aware": false,
                                              "Async Capable": false,
                                              "Startup Cost": 709393.12,
                                              "Total Cost": 726219.83,
                                              "Plan Rows": 135736,
                                              "Plan Width": 56,
                                              "Plans": [
                                                {
                                                  "Node Type": "Gather Merge",
                                                  "Parent Relationship": "Outer",
                                                  "Parallel Aware": false,
                                                  "Async Capable": false,
                                                  "Startup Cost": 709393.12,
                                                  "Total Cost": 725201.81,
                                                  "Plan Rows": 135736,
                                                  "Plan Width": 56,
                                                  "Workers Planned": 2,
                                                  "Plans": [
                                                    {
                                                      "Node Type": "Sort",
                                                      "Parent Relationship": "Outer",
                                                      "Parallel Aware": false,
                                                      "Async Capable": false,
                                                      "Startup Cost": 708393.09,
                                                      "Total Cost": 708534.49,
                                                      "Plan Rows": 56557,
                                                      "Plan Width": 56,
                                                      "Sort Key": [
                                                        "customer.c_last_name",
                                                        "customer.c_first_name",
                                                        "date_dim.d_date"
                                                      ],
                                                      "Plans": [
                                                        {
                                                          "Node Type": "Hash Join",
                                                          "Parent Relationship": "Outer",
                                                          "Parallel Aware": true,
                                                          "Async Capable": false,
                                                          "Join Type": "Inner",
                                                          "Startup Cost": 685057.92,
                                                          "Total Cost": 701993.15,
                                                          "Plan Rows": 56557,
                                                          "Plan Width": 56,
                                                          "Inner Unique": false,
                                                          "Hash Cond": "(customer.c_customer_sk = store_sales.ss_customer_sk)",
                                                          "Plans": [
                                                            {
                                                              "Node Type": "Seq Scan",
                                                              "Parent Relationship": "Outer",
                                                              "Parallel Aware": true,
                                                              "Async Capable": false,
                                                              "Relation Name": "customer",
                                                              "Alias": "customer",
                                                              "Startup Cost": 0.0,
                                                              "Total Cost": 15918.33,
                                                              "Plan Rows": 208333,
                                                              "Plan Width": 56,
                                                              "parent": 13,
                                                              "ID": 14
                                                            },
                                                            {
                                                              "Node Type": "Hash",
                                                              "Parent Relationship": "Inner",
                                                              "Parallel Aware": true,
                                                              "Async Capable": false,
                                                              "Startup Cost": 684317.13,
                                                              "Total Cost": 684317.13,
                                                              "Plan Rows": 59263,
                                                              "Plan Width": 8,
                                                              "Plans": [
                                                                {
                                                                  "Node Type": "Hash Join",
                                                                  "Parent Relationship": "Outer",
                                                                  "Parallel Aware": true,
                                                                  "Async Capable": false,
                                                                  "Join Type": "Inner",
                                                                  "Startup Cost": 2052.33,
                                                                  "Total Cost": 684317.13,
                                                                  "Plan Rows": 59263,
                                                                  "Plan Width": 8,
                                                                  "Inner Unique": false,
                                                                  "Hash Cond": "(store_sales.ss_sold_date_sk = date_dim.d_date_sk)",
                                                                  "Plans": [
                                                                    {
                                                                      "Node Type": "Seq Scan",
                                                                      "Parent Relationship": "Outer",
                                                                      "Parallel Aware": true,
                                                                      "Async Capable": false,
                                                                      "Relation Name": "store_sales",
                                                                      "Alias": "store_sales",
                                                                      "Startup Cost": 0.0,
                                                                      "Total Cost": 636914.37,
                                                                      "Plan Rows": 12000637,
                                                                      "Plan Width": 8,
                                                                      "parent": 16,
                                                                      "ID": 17
                                                                    },
                                                                    {
                                                                      "Node Type": "Hash",
                                                                      "Parent Relationship": "Inner",
                                                                      "Parallel Aware": true,
                                                                      "Async Capable": false,
                                                                      "Startup Cost": 2049.55,
                                                                      "Total Cost": 2049.55,
                                                                      "Plan Rows": 222,
                                                                      "Plan Width": 8,
                                                                      "Plans": [
                                                                        {
                                                                          "Node Type": "Seq Scan",
                                                                          "Parent Relationship": "Outer",
                                                                          "Parallel Aware": true,
                                                                          "Async Capable": false,
                                                                          "Relation Name": "date_dim",
                                                                          "Alias": "date_dim",
                                                                          "Startup Cost": 0.0,
                                                                          "Total Cost": 2049.55,
                                                                          "Plan Rows": 222,
                                                                          "Plan Width": 8,
                                                                          "Filter": "((d_month_seq >= 1210) AND (d_month_seq <= 1221))",
                                                                          "parent": 18,
                                                                          "ID": 19
                                                                        }
                                                                      ],
                                                                      "parent": 16,
                                                                      "ID": 18,
                                                                      "left": 19
                                                                    }
                                                                  ],
                                                                  "parent": 15,
                                                                  "ID": 16,
                                                                  "left": 17,
                                                                  "right": 18
                                                                }
                                                              ],
                                                              "parent": 13,
                                                              "ID": 15,
                                                              "left": 16
                                                            }
                                                          ],
                                                          "parent": 12,
                                                          "ID": 13,
                                                          "left": 14,
                                                          "right": 15
                                                        }
                                                      ],
                                                      "parent": 11,
                                                      "ID": 12,
                                                      "left": 13
                                                    }
                                                  ],
                                                  "parent": 10,
                                                  "ID": 11,
                                                  "left": 12
                                                }
                                              ],
                                              "parent": 9,
                                              "ID": 10,
                                              "left": 11
                                            }
                                          ],
                                          "parent": 8,
                                          "ID": 9,
                                          "left": 10
                                        },
                                        {
                                          "Node Type": "Subquery Scan",
                                          "Parent Relationship": "Member",
                                          "Parallel Aware": false,
                                          "Async Capable": false,
                                          "Alias": "*SELECT* 2",
                                          "Startup Cost": 480228.08,
                                          "Total Cost": 490100.87,
                                          "Plan Rows": 73696,
                                          "Plan Width": 60,
                                          "Plans": [
                                            {
                                              "Node Type": "Unique",
                                              "Parent Relationship": "Subquery",
                                              "Parallel Aware": false,
                                              "Async Capable": false,
                                              "Startup Cost": 480228.08,
                                              "Total Cost": 489363.91,
                                              "Plan Rows": 73696,
                                              "Plan Width": 56,
                                              "Plans": [
                                                {
                                                  "Node Type": "Gather Merge",
                                                  "Parent Relationship": "Outer",
                                                  "Parallel Aware": false,
                                                  "Async Capable": false,
                                                  "Startup Cost": 480228.08,
                                                  "Total Cost": 488811.19,
                                                  "Plan Rows": 73696,
                                                  "Plan Width": 56,
                                                  "Workers Planned": 2,
                                                  "Plans": [
                                                    {
                                                      "Node Type": "Sort",
                                                      "Parent Relationship": "Outer",
                                                      "Parallel Aware": false,
                                                      "Async Capable": false,
                                                      "Startup Cost": 479228.05,
                                                      "Total Cost": 479304.82,
                                                      "Plan Rows": 30707,
                                                      "Plan Width": 56,
                                                      "Sort Key": [
                                                        "customer_1.c_last_name",
                                                        "customer_1.c_first_name",
                                                        "date_dim_1.d_date"
                                                      ],
                                                      "Plans": [
                                                        {
                                                          "Node Type": "Hash Join",
                                                          "Parent Relationship": "Outer",
                                                          "Parallel Aware": true,
                                                          "Async Capable": false,
                                                          "Join Type": "Inner",
                                                          "Startup Cost": 458809.82,
                                                          "Total Cost": 476939.42,
                                                          "Plan Rows": 30707,
                                                          "Plan Width": 56,
                                                          "Inner Unique": false,
                                                          "Hash Cond": "(customer_1.c_customer_sk = catalog_sales.cs_bill_customer_sk)",
                                                          "Plans": [
                                                            {
                                                              "Node Type": "Seq Scan",
                                                              "Parent Relationship": "Outer",
                                                              "Parallel Aware": true,
                                                              "Async Capable": false,
                                                              "Relation Name": "customer",
                                                              "Alias": "customer_1",
                                                              "Startup Cost": 0.0,
                                                              "Total Cost": 15918.33,
                                                              "Plan Rows": 208333,
                                                              "Plan Width": 56,
                                                              "parent": 24,
                                                              "ID": 25
                                                            },
                                                            {
                                                              "Node Type": "Hash",
                                                              "Parent Relationship": "Inner",
                                                              "Parallel Aware": true,
                                                              "Async Capable": false,
                                                              "Startup Cost": 458423.88,
                                                              "Total Cost": 458423.88,
                                                              "Plan Rows": 30875,
                                                              "Plan Width": 8,
                                                              "Plans": [
                                                                {
                                                                  "Node Type": "Hash Join",
                                                                  "Parent Relationship": "Outer",
                                                                  "Parallel Aware": true,
                                                                  "Async Capable": false,
                                                                  "Join Type": "Inner",
                                                                  "Startup Cost": 2052.33,
                                                                  "Total Cost": 458423.88,
                                                                  "Plan Rows": 30875,
                                                                  "Plan Width": 8,
                                                                  "Inner Unique": false,
                                                                  "Hash Cond": "(catalog_sales.cs_sold_date_sk = date_dim_1.d_date_sk)",
                                                                  "Plans": [
                                                                    {
                                                                      "Node Type": "Seq Scan",
                                                                      "Parent Relationship": "Outer",
                                                                      "Parallel Aware": true,
                                                                      "Async Capable": false,
                                                                      "Relation Name": "catalog_sales",
                                                                      "Alias": "catalog_sales",
                                                                      "Startup Cost": 0.0,
                                                                      "Total Cost": 433688.25,
                                                                      "Plan Rows": 6000525,
                                                                      "Plan Width": 8,
                                                                      "parent": 27,
                                                                      "ID": 28
                                                                    },
                                                                    {
                                                                      "Node Type": "Hash",
                                                                      "Parent Relationship": "Inner",
                                                                      "Parallel Aware": true,
                                                                      "Async Capable": false,
                                                                      "Startup Cost": 2049.55,
                                                                      "Total Cost": 2049.55,
                                                                      "Plan Rows": 222,
                                                                      "Plan Width": 8,
                                                                      "Plans": [
                                                                        {
                                                                          "Node Type": "Seq Scan",
                                                                          "Parent Relationship": "Outer",
                                                                          "Parallel Aware": true,
                                                                          "Async Capable": false,
                                                                          "Relation Name": "date_dim",
                                                                          "Alias": "date_dim_1",
                                                                          "Startup Cost": 0.0,
                                                                          "Total Cost": 2049.55,
                                                                          "Plan Rows": 222,
                                                                          "Plan Width": 8,
                                                                          "Filter": "((d_month_seq >= 1210) AND (d_month_seq <= 1221))",
                                                                          "parent": 29,
                                                                          "ID": 30
                                                                        }
                                                                      ],
                                                                      "parent": 27,
                                                                      "ID": 29,
                                                                      "left": 30
                                                                    }
                                                                  ],
                                                                  "parent": 26,
                                                                  "ID": 27,
                                                                  "left": 28,
                                                                  "right": 29
                                                                }
                                                              ],
                                                              "parent": 24,
                                                              "ID": 26,
                                                              "left": 27
                                                            }
                                                          ],
                                                          "parent": 23,
                                                          "ID": 24,
                                                          "left": 25,
                                                          "right": 26
                                                        }
                                                      ],
                                                      "parent": 22,
                                                      "ID": 23,
                                                      "left": 24
                                                    }
                                                  ],
                                                  "parent": 21,
                                                  "ID": 22,
                                                  "left": 23
                                                }
                                              ],
                                              "parent": 20,
                                              "ID": 21,
                                              "left": 22
                                            }
                                          ],
                                          "parent": 8,
                                          "ID": 20,
                                          "left": 21
                                        }
                                      ],
                                      "parent": 7,
                                      "ID": 8,
                                      "left": 9,
                                      "right": 20
                                    }
                                  ],
                                  "parent": 6,
                                  "ID": 7,
                                  "left": 8
                                }
                              ],
                              "parent": 5,
                              "ID": 6,
                              "left": 7
                            }
                          ],
                          "parent": 4,
                          "ID": 5,
                          "left": 6
                        },
                        {
                          "Node Type": "Subquery Scan",
                          "Parent Relationship": "Member",
                          "Parallel Aware": false,
                          "Async Capable": false,
                          "Alias": "*SELECT* 3",
                          "Startup Cost": 250165.39,
                          "Total Cost": 255152.97,
                          "Plan Rows": 37230,
                          "Plan Width": 60,
                          "Plans": [
                            {
                              "Node Type": "Unique",
                              "Parent Relationship": "Subquery",
                              "Parallel Aware": false,
                              "Async Capable": false,
                              "Startup Cost": 250165.39,
                              "Total Cost": 254780.67,
                              "Plan Rows": 37230,
                              "Plan Width": 56,
                              "Plans": [
                                {
                                  "Node Type": "Gather Merge",
                                  "Parent Relationship": "Outer",
                                  "Parallel Aware": false,
                                  "Async Capable": false,
                                  "Startup Cost": 250165.39,
                                  "Total Cost": 254501.44,
                                  "Plan Rows": 37230,
                                  "Plan Width": 56,
                                  "Workers Planned": 2,
                                  "Plans": [
                                    {
                                      "Node Type": "Sort",
                                      "Parent Relationship": "Outer",
                                      "Parallel Aware": false,
                                      "Async Capable": false,
                                      "Startup Cost": 249165.37,
                                      "Total Cost": 249204.15,
                                      "Plan Rows": 15512,
                                      "Plan Width": 56,
                                      "Sort Key": [
                                        "customer_2.c_last_name",
                                        "customer_2.c_first_name",
                                        "date_dim_2.d_date"
                                      ],
                                      "Plans": [
                                        {
                                          "Node Type": "Hash Join",
                                          "Parent Relationship": "Outer",
                                          "Parallel Aware": true,
                                          "Async Capable": false,
                                          "Join Type": "Inner",
                                          "Startup Cost": 231321.44,
                                          "Total Cost": 248085.65,
                                          "Plan Rows": 15512,
                                          "Plan Width": 56,
                                          "Inner Unique": false,
                                          "Hash Cond": "(customer_2.c_customer_sk = web_sales.ws_bill_customer_sk)",
                                          "Plans": [
                                            {
                                              "Node Type": "Seq Scan",
                                              "Parent Relationship": "Outer",
                                              "Parallel Aware": true,
                                              "Async Capable": false,
                                              "Relation Name": "customer",
                                              "Alias": "customer_2",
                                              "Startup Cost": 0.0,
                                              "Total Cost": 15918.33,
                                              "Plan Rows": 208333,
                                              "Plan Width": 56,
                                              "parent": 35,
                                              "ID": 36
                                            },
                                            {
                                              "Node Type": "Hash",
                                              "Parent Relationship": "Inner",
                                              "Parallel Aware": true,
                                              "Async Capable": false,
                                              "Startup Cost": 231127.5,
                                              "Total Cost": 231127.5,
                                              "Plan Rows": 15515,
                                              "Plan Width": 8,
                                              "Plans": [
                                                {
                                                  "Node Type": "Hash Join",
                                                  "Parent Relationship": "Outer",
                                                  "Parallel Aware": true,
                                                  "Async Capable": false,
                                                  "Join Type": "Inner",
                                                  "Startup Cost": 2052.33,
                                                  "Total Cost": 231127.5,
                                                  "Plan Rows": 15515,
                                                  "Plan Width": 8,
                                                  "Inner Unique": false,
                                                  "Hash Cond": "(web_sales.ws_sold_date_sk = date_dim_2.d_date_sk)",
                                                  "Plans": [
                                                    {
                                                      "Node Type": "Seq Scan",
                                                      "Parent Relationship": "Outer",
                                                      "Parallel Aware": true,
                                                      "Async Capable": false,
                                                      "Relation Name": "web_sales",
                                                      "Alias": "web_sales",
                                                      "Startup Cost": 0.0,
                                                      "Total Cost": 217737.86,
                                                      "Plan Rows": 2998986,
                                                      "Plan Width": 8,
                                                      "parent": 38,
                                                      "ID": 39
                                                    },
                                                    {
                                                      "Node Type": "Hash",
                                                      "Parent Relationship": "Inner",
                                                      "Parallel Aware": true,
                                                      "Async Capable": false,
                                                      "Startup Cost": 2049.55,
                                                      "Total Cost": 2049.55,
                                                      "Plan Rows": 222,
                                                      "Plan Width": 8,
                                                      "Plans": [
                                                        {
                                                          "Node Type": "Seq Scan",
                                                          "Parent Relationship": "Outer",
                                                          "Parallel Aware": true,
                                                          "Async Capable": false,
                                                          "Relation Name": "date_dim",
                                                          "Alias": "date_dim_2",
                                                          "Startup Cost": 0.0,
                                                          "Total Cost": 2049.55,
                                                          "Plan Rows": 222,
                                                          "Plan Width": 8,
                                                          "Filter": "((d_month_seq >= 1210) AND (d_month_seq <= 1221))",
                                                          "parent": 40,
                                                          "ID": 41
                                                        }
                                                      ],
                                                      "parent": 38,
                                                      "ID": 40,
                                                      "left": 41
                                                    }
                                                  ],
                                                  "parent": 37,
                                                  "ID": 38,
                                                  "left": 39,
                                                  "right": 40
                                                }
                                              ],
                                              "parent": 35,
                                              "ID": 37,
                                              "left": 38
                                            }
                                          ],
                                          "parent": 34,
                                          "ID": 35,
                                          "left": 36,
                                          "right": 37
                                        }
                                      ],
                                      "parent": 33,
                                      "ID": 34,
                                      "left": 35
                                    }
                                  ],
                                  "parent": 32,
                                  "ID": 33,
                                  "left": 34
                                }
                              ],
                              "parent": 31,
                              "ID": 32,
                              "left": 33
                            }
                          ],
                          "parent": 4,
                          "ID": 31,
                          "left": 32
                        }
                      ],
                      "parent": 3,
                      "ID": 4,
                      "left": 5,
                      "right": 31
                    }
                  ],
                  "parent": 2,
                  "ID": 3,
                  "left": 4
                }
              ],
              "parent": 1,
              "ID": 2,
              "left": 3
            }
          ],
          "parent": 0,
          "ID": 1,
          "left": 2
        }
      ],
      "parent": null,
      "ID": 0,
      "left": 1
    },
    "feat": {
      "utility": 0.0013157312451529965,
      "query_shape": [
        [
          "Seq Scan",
          "Hash Join",
          "Sort",
          "Gather Merge",
          "Unique",
          "Subquery Scan",
          "Append",
          "SetOp",
          "Result"
        ],
        [
          "Seq Scan",
          "Hash Join",
          "Hash",
          "Sort",
          "Gather Merge",
          "Unique",
          "Subquery Scan",
          "Append",
          "SetOp",
          "Result"
        ],
        [
          "Seq Scan",
          "Hash",
          "Hash Join",
          "Sort",
          "Gather Merge",
          "Unique",
          "Subquery Scan",
          "Append",
          "SetOp",
          "Result"
        ],
        [
          "Seq Scan",
          "Hash Join",
          "Sort",
          "Gather Merge",
          "Unique",
          "Subquery Scan",
          "Append",
          "SetOp",
          "Result"
        ],
        [
          "Seq Scan",
          "Hash Join",
          "Hash",
          "Sort",
          "Gather Merge",
          "Unique",
          "Subquery Scan",
          "Append",
          "SetOp",
          "Result"
        ],
        [
          "Seq Scan",
          "Hash",
          "Hash Join",
          "Sort",
          "Gather Merge",
          "Unique",
          "Subquery Scan",
          "Append",
          "SetOp",
          "Result"
        ],
        [
          "Seq Scan",
          "Hash Join",
          "Sort",
          "Gather Merge",
          "Unique",
          "Subquery Scan",
          "Append",
          "SetOp"
        ],
        [
          "Seq Scan",
          "Hash Join",
          "Hash",
          "Sort",
          "Gather Merge",
          "Unique",
          "Subquery Scan",
          "Append",
          "SetOp"
        ],
        [
          "Seq Scan",
          "Hash",
          "Hash Join",
          "Sort",
          "Gather Merge",
          "Unique",
          "Subquery Scan",
          "Append",
          "SetOp"
        ]
      ],
      "index_shape": [
        "join"
      ],
      "physical_operator": {
        "Hash Join": [
          0.0021402885703986655
        ]
      }
    }
  },
  {
    "query": "select count(*) \nfrom ((select distinct c_last_name, c_first_name, d_date\n       from store_sales, date_dim, customer\n       where store_sales.ss_sold_date_sk = date_dim.d_date_sk\n         and store_sales.ss_customer_sk = customer.c_customer_sk\n         and d_month_seq between 1210 and 1210+11)\n       except\n      (select distinct c_last_name, c_first_name, d_date\n       from catalog_sales, date_dim, customer\n       where catalog_sales.cs_sold_date_sk = date_dim.d_date_sk\n         and catalog_sales.cs_bill_customer_sk = customer.c_customer_sk\n         and d_month_seq between 1210 and 1210+11)\n       except\n      (select distinct c_last_name, c_first_name, d_date\n       from web_sales, date_dim, customer\n       where web_sales.ws_sold_date_sk = date_dim.d_date_sk\n         and web_sales.ws_bill_customer_sk = customer.c_customer_sk\n         and d_month_seq between 1210 and 1210+11)\n) cool_cust\n;\n\n-- end query 67 in stream 4 using template query87.tpl\n",
    "indexes": "web_sales.ws_sold_date_sk",
    "wo plan est": {
      "Node Type": "Aggregate",
      "Strategy": "Plain",
      "Partial Mode": "Simple",
      "Parallel Aware": false,
      "Async Capable": false,
      "Startup Cost": 1554392.94,
      "Total Cost": 1554392.95,
      "Plan Rows": 1,
      "Plan Width": 8,
      "Plans": [
        {
          "Node Type": "Subquery Scan",
          "Parent Relationship": "Outer",
          "Parallel Aware": false,
          "Async Capable": false,
          "Alias": "cool_cust",
          "Startup Cost": 1550966.58,
          "Total Cost": 1554053.6,
          "Plan Rows": 135736,
          "Plan Width": 0,
          "Plans": [
            {
              "Node Type": "SetOp",
              "Strategy": "Sorted",
              "Parent Relationship": "Subquery",
              "Parallel Aware": false,
              "Async Capable": false,
              "Command": "Except",
              "Startup Cost": 1550966.58,
              "Total Cost": 1552696.24,
              "Plan Rows": 135736,
              "Plan Width": 216,
              "Plans": [
                {
                  "Node Type": "Sort",
                  "Parent Relationship": "Outer",
                  "Parallel Aware": false,
                  "Async Capable": false,
                  "Startup Cost": 1550966.58,
                  "Total Cost": 1551399.0,
                  "Plan Rows": 172966,
                  "Plan Width": 216,
                  "Sort Key": [
                    "\"*SELECT* 1\".c_last_name",
                    "\"*SELECT* 1\".c_first_name",
                    "\"*SELECT* 1\".d_date"
                  ],
                  "Plans": [
                    {
                      "Node Type": "Append",
                      "Parent Relationship": "Outer",
                      "Parallel Aware": false,
                      "Async Capable": false,
                      "Startup Cost": 1258710.95,
                      "Total Cost": 1518180.43,
                      "Plan Rows": 172966,
                      "Plan Width": 216,
                      "Subplans Removed": 0,
                      "Plans": [
                        {
                          "Node Type": "Result",
                          "Parent Relationship": "Member",
                          "Parallel Aware": false,
                          "Async Capable": false,
                          "Startup Cost": 1258710.95,
                          "Total Cost": 1262162.63,
                          "Plan Rows": 135736,
                          "Plan Width": 216,
                          "Plans": [
                            {
                              "Node Type": "SetOp",
                              "Strategy": "Sorted",
                              "Parent Relationship": "Outer",
                              "Parallel Aware": false,
                              "Async Capable": false,
                              "Command": "Except",
                              "Startup Cost": 1258710.95,
                              "Total Cost": 1260805.27,
                              "Plan Rows": 135736,
                              "Plan Width": 216,
                              "Plans": [
                                {
                                  "Node Type": "Sort",
                                  "Parent Relationship": "Outer",
                                  "Parallel Aware": false,
                                  "Async Capable": false,
                                  "Startup Cost": 1258710.95,
                                  "Total Cost": 1259234.53,
                                  "Plan Rows": 209432,
                                  "Plan Width": 216,
                                  "Sort Key": [
                                    "\"*SELECT* 1\".c_last_name",
                                    "\"*SELECT* 1\".c_first_name",
                                    "\"*SELECT* 1\".d_date"
                                  ],
                                  "Plans": [
                                    {
                                      "Node Type": "Append",
                                      "Parent Relationship": "Outer",
                                      "Parallel Aware": false,
                                      "Async Capable": false,
                                      "Startup Cost": 709393.12,
                                      "Total Cost": 1218725.23,
                                      "Plan Rows": 209432,
                                      "Plan Width": 216,
                                      "Subplans Removed": 0,
                                      "Plans": [
                                        {
                                          "Node Type": "Subquery Scan",
                                          "Parent Relationship": "Member",
                                          "Parallel Aware": false,
                                          "Async Capable": false,
                                          "Alias": "*SELECT* 1",
                                          "Startup Cost": 709393.12,
                                          "Total Cost": 727577.19,
                                          "Plan Rows": 135736,
                                          "Plan Width": 60,
                                          "Plans": [
                                            {
                                              "Node Type": "Unique",
                                              "Parent Relationship": "Subquery",
                                              "Parallel Aware": false,
                                              "Async Capable": false,
                                              "Startup Cost": 709393.12,
                                              "Total Cost": 726219.83,
                                              "Plan Rows": 135736,
                                              "Plan Width": 56,
                                              "Plans": [
                                                {
                                                  "Node Type": "Gather Merge",
                                                  "Parent Relationship": "Outer",
                                                  "Parallel Aware": false,
                                                  "Async Capable": false,
                                                  "Startup Cost": 709393.12,
                                                  "Total Cost": 725201.81,
                                                  "Plan Rows": 135736,
                                                  "Plan Width": 56,
                                                  "Workers Planned": 2,
                                                  "Plans": [
                                                    {
                                                      "Node Type": "Sort",
                                                      "Parent Relationship": "Outer",
                                                      "Parallel Aware": false,
                                                      "Async Capable": false,
                                                      "Startup Cost": 708393.09,
                                                      "Total Cost": 708534.49,
                                                      "Plan Rows": 56557,
                                                      "Plan Width": 56,
                                                      "Sort Key": [
                                                        "customer.c_last_name",
                                                        "customer.c_first_name",
                                                        "date_dim.d_date"
                                                      ],
                                                      "Plans": [
                                                        {
                                                          "Node Type": "Hash Join",
                                                          "Parent Relationship": "Outer",
                                                          "Parallel Aware": true,
                                                          "Async Capable": false,
                                                          "Join Type": "Inner",
                                                          "Startup Cost": 685057.92,
                                                          "Total Cost": 701993.15,
                                                          "Plan Rows": 56557,
                                                          "Plan Width": 56,
                                                          "Inner Unique": false,
                                                          "Hash Cond": "(customer.c_customer_sk = store_sales.ss_customer_sk)",
                                                          "Plans": [
                                                            {
                                                              "Node Type": "Seq Scan",
                                                              "Parent Relationship": "Outer",
                                                              "Parallel Aware": true,
                                                              "Async Capable": false,
                                                              "Relation Name": "customer",
                                                              "Alias": "customer",
                                                              "Startup Cost": 0.0,
                                                              "Total Cost": 15918.33,
                                                              "Plan Rows": 208333,
                                                              "Plan Width": 56,
                                                              "parent": 13,
                                                              "ID": 14
                                                            },
                                                            {
                                                              "Node Type": "Hash",
                                                              "Parent Relationship": "Inner",
                                                              "Parallel Aware": true,
                                                              "Async Capable": false,
                                                              "Startup Cost": 684317.13,
                                                              "Total Cost": 684317.13,
                                                              "Plan Rows": 59263,
                                                              "Plan Width": 8,
                                                              "Plans": [
                                                                {
                                                                  "Node Type": "Hash Join",
                                                                  "Parent Relationship": "Outer",
                                                                  "Parallel Aware": true,
                                                                  "Async Capable": false,
                                                                  "Join Type": "Inner",
                                                                  "Startup Cost": 2052.33,
                                                                  "Total Cost": 684317.13,
                                                                  "Plan Rows": 59263,
                                                                  "Plan Width": 8,
                                                                  "Inner Unique": false,
                                                                  "Hash Cond": "(store_sales.ss_sold_date_sk = date_dim.d_date_sk)",
                                                                  "Plans": [
                                                                    {
                                                                      "Node Type": "Seq Scan",
                                                                      "Parent Relationship": "Outer",
                                                                      "Parallel Aware": true,
                                                                      "Async Capable": false,
                                                                      "Relation Name": "store_sales",
                                                                      "Alias": "store_sales",
                                                                      "Startup Cost": 0.0,
                                                                      "Total Cost": 636914.37,
                                                                      "Plan Rows": 12000637,
                                                                      "Plan Width": 8,
                                                                      "parent": 16,
                                                                      "ID": 17
                                                                    },
                                                                    {
                                                                      "Node Type": "Hash",
                                                                      "Parent Relationship": "Inner",
                                                                      "Parallel Aware": true,
                                                                      "Async Capable": false,
                                                                      "Startup Cost": 2049.55,
                                                                      "Total Cost": 2049.55,
                                                                      "Plan Rows": 222,
                                                                      "Plan Width": 8,
                                                                      "Plans": [
                                                                        {
                                                                          "Node Type": "Seq Scan",
                                                                          "Parent Relationship": "Outer",
                                                                          "Parallel Aware": true,
                                                                          "Async Capable": false,
                                                                          "Relation Name": "date_dim",
                                                                          "Alias": "date_dim",
                                                                          "Startup Cost": 0.0,
                                                                          "Total Cost": 2049.55,
                                                                          "Plan Rows": 222,
                                                                          "Plan Width": 8,
                                                                          "Filter": "((d_month_seq >= 1210) AND (d_month_seq <= 1221))",
                                                                          "parent": 18,
                                                                          "ID": 19
                                                                        }
                                                                      ],
                                                                      "parent": 16,
                                                                      "ID": 18,
                                                                      "left": 19
                                                                    }
                                                                  ],
                                                                  "parent": 15,
                                                                  "ID": 16,
                                                                  "left": 17,
                                                                  "right": 18
                                                                }
                                                              ],
                                                              "parent": 13,
                                                              "ID": 15,
                                                              "left": 16
                                                            }
                                                          ],
                                                          "parent": 12,
                                                          "ID": 13,
                                                          "left": 14,
                                                          "right": 15
                                                        }
                                                      ],
                                                      "parent": 11,
                                                      "ID": 12,
                                                      "left": 13
                                                    }
                                                  ],
                                                  "parent": 10,
                                                  "ID": 11,
                                                  "left": 12
                                                }
                                              ],
                                              "parent": 9,
                                              "ID": 10,
                                              "left": 11
                                            }
                                          ],
                                          "parent": 8,
                                          "ID": 9,
                                          "left": 10
                                        },
                                        {
                                          "Node Type": "Subquery Scan",
                                          "Parent Relationship": "Member",
                                          "Parallel Aware": false,
                                          "Async Capable": false,
                                          "Alias": "*SELECT* 2",
                                          "Startup Cost": 480228.08,
                                          "Total Cost": 490100.87,
                                          "Plan Rows": 73696,
                                          "Plan Width": 60,
                                          "Plans": [
                                            {
                                              "Node Type": "Unique",
                                              "Parent Relationship": "Subquery",
                                              "Parallel Aware": false,
                                              "Async Capable": false,
                                              "Startup Cost": 480228.08,
                                              "Total Cost": 489363.91,
                                              "Plan Rows": 73696,
                                              "Plan Width": 56,
                                              "Plans": [
                                                {
                                                  "Node Type": "Gather Merge",
                                                  "Parent Relationship": "Outer",
                                                  "Parallel Aware": false,
                                                  "Async Capable": false,
                                                  "Startup Cost": 480228.08,
                                                  "Total Cost": 488811.19,
                                                  "Plan Rows": 73696,
                                                  "Plan Width": 56,
                                                  "Workers Planned": 2,
                                                  "Plans": [
                                                    {
                                                      "Node Type": "Sort",
                                                      "Parent Relationship": "Outer",
                                                      "Parallel Aware": false,
                                                      "Async Capable": false,
                                                      "Startup Cost": 479228.05,
                                                      "Total Cost": 479304.82,
                                                      "Plan Rows": 30707,
                                                      "Plan Width": 56,
                                                      "Sort Key": [
                                                        "customer_1.c_last_name",
                                                        "customer_1.c_first_name",
                                                        "date_dim_1.d_date"
                                                      ],
                                                      "Plans": [
                                                        {
                                                          "Node Type": "Hash Join",
                                                          "Parent Relationship": "Outer",
                                                          "Parallel Aware": true,
                                                          "Async Capable": false,
                                                          "Join Type": "Inner",
                                                          "Startup Cost": 458809.82,
                                                          "Total Cost": 476939.42,
                                                          "Plan Rows": 30707,
                                                          "Plan Width": 56,
                                                          "Inner Unique": false,
                                                          "Hash Cond": "(customer_1.c_customer_sk = catalog_sales.cs_bill_customer_sk)",
                                                          "Plans": [
                                                            {
                                                              "Node Type": "Seq Scan",
                                                              "Parent Relationship": "Outer",
                                                              "Parallel Aware": true,
                                                              "Async Capable": false,
                                                              "Relation Name": "customer",
                                                              "Alias": "customer_1",
                                                              "Startup Cost": 0.0,
                                                              "Total Cost": 15918.33,
                                                              "Plan Rows": 208333,
                                                              "Plan Width": 56,
                                                              "parent": 24,
                                                              "ID": 25
                                                            },
                                                            {
                                                              "Node Type": "Hash",
                                                              "Parent Relationship": "Inner",
                                                              "Parallel Aware": true,
                                                              "Async Capable": false,
                                                              "Startup Cost": 458423.88,
                                                              "Total Cost": 458423.88,
                                                              "Plan Rows": 30875,
                                                              "Plan Width": 8,
                                                              "Plans": [
                                                                {
                                                                  "Node Type": "Hash Join",
                                                                  "Parent Relationship": "Outer",
                                                                  "Parallel Aware": true,
                                                                  "Async Capable": false,
                                                                  "Join Type": "Inner",
                                                                  "Startup Cost": 2052.33,
                                                                  "Total Cost": 458423.88,
                                                                  "Plan Rows": 30875,
                                                                  "Plan Width": 8,
                                                                  "Inner Unique": false,
                                                                  "Hash Cond": "(catalog_sales.cs_sold_date_sk = date_dim_1.d_date_sk)",
                                                                  "Plans": [
                                                                    {
                                                                      "Node Type": "Seq Scan",
                                                                      "Parent Relationship": "Outer",
                                                                      "Parallel Aware": true,
                                                                      "Async Capable": false,
                                                                      "Relation Name": "catalog_sales",
                                                                      "Alias": "catalog_sales",
                                                                      "Startup Cost": 0.0,
                                                                      "Total Cost": 433688.25,
                                                                      "Plan Rows": 6000525,
                                                                      "Plan Width": 8,
                                                                      "parent": 27,
                                                                      "ID": 28
                                                                    },
                                                                    {
                                                                      "Node Type": "Hash",
                                                                      "Parent Relationship": "Inner",
                                                                      "Parallel Aware": true,
                                                                      "Async Capable": false,
                                                                      "Startup Cost": 2049.55,
                                                                      "Total Cost": 2049.55,
                                                                      "Plan Rows": 222,
                                                                      "Plan Width": 8,
                                                                      "Plans": [
                                                                        {
                                                                          "Node Type": "Seq Scan",
                                                                          "Parent Relationship": "Outer",
                                                                          "Parallel Aware": true,
                                                                          "Async Capable": false,
                                                                          "Relation Name": "date_dim",
                                                                          "Alias": "date_dim_1",
                                                                          "Startup Cost": 0.0,
                                                                          "Total Cost": 2049.55,
                                                                          "Plan Rows": 222,
                                                                          "Plan Width": 8,
                                                                          "Filter": "((d_month_seq >= 1210) AND (d_month_seq <= 1221))",
                                                                          "parent": 29,
                                                                          "ID": 30
                                                                        }
                                                                      ],
                                                                      "parent": 27,
                                                                      "ID": 29,
                                                                      "left": 30
                                                                    }
                                                                  ],
                                                                  "parent": 26,
                                                                  "ID": 27,
                                                                  "left": 28,
                                                                  "right": 29
                                                                }
                                                              ],
                                                              "parent": 24,
                                                              "ID": 26,
                                                              "left": 27
                                                            }
                                                          ],
                                                          "parent": 23,
                                                          "ID": 24,
                                                          "left": 25,
                                                          "right": 26
                                                        }
                                                      ],
                                                      "parent": 22,
                                                      "ID": 23,
                                                      "left": 24
                                                    }
                                                  ],
                                                  "parent": 21,
                                                  "ID": 22,
                                                  "left": 23
                                                }
                                              ],
                                              "parent": 20,
                                              "ID": 21,
                                              "left": 22
                                            }
                                          ],
                                          "parent": 8,
                                          "ID": 20,
                                          "left": 21
                                        }
                                      ],
                                      "parent": 7,
                                      "ID": 8,
                                      "left": 9,
                                      "right": 20
                                    }
                                  ],
                                  "parent": 6,
                                  "ID": 7,
                                  "left": 8
                                }
                              ],
                              "parent": 5,
                              "ID": 6,
                              "left": 7
                            }
                          ],
                          "parent": 4,
                          "ID": 5,
                          "left": 6
                        },
                        {
                          "Node Type": "Subquery Scan",
                          "Parent Relationship": "Member",
                          "Parallel Aware": false,
                          "Async Capable": false,
                          "Alias": "*SELECT* 3",
                          "Startup Cost": 250165.39,
                          "Total Cost": 255152.97,
                          "Plan Rows": 37230,
                          "Plan Width": 60,
                          "Plans": [
                            {
                              "Node Type": "Unique",
                              "Parent Relationship": "Subquery",
                              "Parallel Aware": false,
                              "Async Capable": false,
                              "Startup Cost": 250165.39,
                              "Total Cost": 254780.67,
                              "Plan Rows": 37230,
                              "Plan Width": 56,
                              "Plans": [
                                {
                                  "Node Type": "Gather Merge",
                                  "Parent Relationship": "Outer",
                                  "Parallel Aware": false,
                                  "Async Capable": false,
                                  "Startup Cost": 250165.39,
                                  "Total Cost": 254501.44,
                                  "Plan Rows": 37230,
                                  "Plan Width": 56,
                                  "Workers Planned": 2,
                                  "Plans": [
                                    {
                                      "Node Type": "Sort",
                                      "Parent Relationship": "Outer",
                                      "Parallel Aware": false,
                                      "Async Capable": false,
                                      "Startup Cost": 249165.37,
                                      "Total Cost": 249204.15,
                                      "Plan Rows": 15512,
                                      "Plan Width": 56,
                                      "Sort Key": [
                                        "customer_2.c_last_name",
                                        "customer_2.c_first_name",
                                        "date_dim_2.d_date"
                                      ],
                                      "Plans": [
                                        {
                                          "Node Type": "Hash Join",
                                          "Parent Relationship": "Outer",
                                          "Parallel Aware": true,
                                          "Async Capable": false,
                                          "Join Type": "Inner",
                                          "Startup Cost": 231321.44,
                                          "Total Cost": 248085.65,
                                          "Plan Rows": 15512,
                                          "Plan Width": 56,
                                          "Inner Unique": false,
                                          "Hash Cond": "(customer_2.c_customer_sk = web_sales.ws_bill_customer_sk)",
                                          "Plans": [
                                            {
                                              "Node Type": "Seq Scan",
                                              "Parent Relationship": "Outer",
                                              "Parallel Aware": true,
                                              "Async Capable": false,
                                              "Relation Name": "customer",
                                              "Alias": "customer_2",
                                              "Startup Cost": 0.0,
                                              "Total Cost": 15918.33,
                                              "Plan Rows": 208333,
                                              "Plan Width": 56,
                                              "parent": 35,
                                              "ID": 36
                                            },
                                            {
                                              "Node Type": "Hash",
                                              "Parent Relationship": "Inner",
                                              "Parallel Aware": true,
                                              "Async Capable": false,
                                              "Startup Cost": 231127.5,
                                              "Total Cost": 231127.5,
                                              "Plan Rows": 15515,
                                              "Plan Width": 8,
                                              "Plans": [
                                                {
                                                  "Node Type": "Hash Join",
                                                  "Parent Relationship": "Outer",
                                                  "Parallel Aware": true,
                                                  "Async Capable": false,
                                                  "Join Type": "Inner",
                                                  "Startup Cost": 2052.33,
                                                  "Total Cost": 231127.5,
                                                  "Plan Rows": 15515,
                                                  "Plan Width": 8,
                                                  "Inner Unique": false,
                                                  "Hash Cond": "(web_sales.ws_sold_date_sk = date_dim_2.d_date_sk)",
                                                  "Plans": [
                                                    {
                                                      "Node Type": "Seq Scan",
                                                      "Parent Relationship": "Outer",
                                                      "Parallel Aware": true,
                                                      "Async Capable": false,
                                                      "Relation Name": "web_sales",
                                                      "Alias": "web_sales",
                                                      "Startup Cost": 0.0,
                                                      "Total Cost": 217737.86,
                                                      "Plan Rows": 2998986,
                                                      "Plan Width": 8,
                                                      "parent": 38,
                                                      "ID": 39
                                                    },
                                                    {
                                                      "Node Type": "Hash",
                                                      "Parent Relationship": "Inner",
                                                      "Parallel Aware": true,
                                                      "Async Capable": false,
                                                      "Startup Cost": 2049.55,
                                                      "Total Cost": 2049.55,
                                                      "Plan Rows": 222,
                                                      "Plan Width": 8,
                                                      "Plans": [
                                                        {
                                                          "Node Type": "Seq Scan",
                                                          "Parent Relationship": "Outer",
                                                          "Parallel Aware": true,
                                                          "Async Capable": false,
                                                          "Relation Name": "date_dim",
                                                          "Alias": "date_dim_2",
                                                          "Startup Cost": 0.0,
                                                          "Total Cost": 2049.55,
                                                          "Plan Rows": 222,
                                                          "Plan Width": 8,
                                                          "Filter": "((d_month_seq >= 1210) AND (d_month_seq <= 1221))",
                                                          "parent": 40,
                                                          "ID": 41
                                                        }
                                                      ],
                                                      "parent": 38,
                                                      "ID": 40,
                                                      "left": 41
                                                    }
                                                  ],
                                                  "parent": 37,
                                                  "ID": 38,
                                                  "left": 39,
                                                  "right": 40
                                                }
                                              ],
                                              "parent": 35,
                                              "ID": 37,
                                              "left": 38
                                            }
                                          ],
                                          "parent": 34,
                                          "ID": 35,
                                          "left": 36,
                                          "right": 37
                                        }
                                      ],
                                      "parent": 33,
                                      "ID": 34,
                                      "left": 35
                                    }
                                  ],
                                  "parent": 32,
                                  "ID": 33,
                                  "left": 34
                                }
                              ],
                              "parent": 31,
                              "ID": 32,
                              "left": 33
                            }
                          ],
                          "parent": 4,
                          "ID": 31,
                          "left": 32
                        }
                      ],
                      "parent": 3,
                      "ID": 4,
                      "left": 5,
                      "right": 31
                    }
                  ],
                  "parent": 2,
                  "ID": 3,
                  "left": 4
                }
              ],
              "parent": 1,
              "ID": 2,
              "left": 3
            }
          ],
          "parent": 0,
          "ID": 1,
          "left": 2
        }
      ],
      "parent": null,
      "ID": 0,
      "left": 1
    },
    "feat": {
      "utility": 0.00131218816158937,
      "query_shape": [
        [
          "Seq Scan",
          "Hash Join",
          "Sort",
          "Gather Merge",
          "Unique",
          "Subquery Scan",
          "Append",
          "SetOp",
          "Result"
        ],
        [
          "Seq Scan",
          "Hash Join",
          "Hash",
          "Sort",
          "Gather Merge",
          "Unique",
          "Subquery Scan",
          "Append",
          "SetOp",
          "Result"
        ],
        [
          "Seq Scan",
          "Hash",
          "Hash Join",
          "Sort",
          "Gather Merge",
          "Unique",
          "Subquery Scan",
          "Append",
          "SetOp",
          "Result"
        ],
        [
          "Seq Scan",
          "Hash Join",
          "Sort",
          "Gather Merge",
          "Unique",
          "Subquery Scan",
          "Append",
          "SetOp",
          "Result"
        ],
        [
          "Seq Scan",
          "Hash Join",
          "Hash",
          "Sort",
          "Gather Merge",
          "Unique",
          "Subquery Scan",
          "Append",
          "SetOp",
          "Result"
        ],
        [
          "Seq Scan",
          "Hash",
          "Hash Join",
          "Sort",
          "Gather Merge",
          "Unique",
          "Subquery Scan",
          "Append",
          "SetOp",
          "Result"
        ],
        [
          "Seq Scan",
          "Hash Join",
          "Sort",
          "Gather Merge",
          "Unique",
          "Subquery Scan",
          "Append",
          "SetOp"
        ],
        [
          "Seq Scan",
          "Hash Join",
          "Hash",
          "Sort",
          "Gather Merge",
          "Unique",
          "Subquery Scan",
          "Append",
          "SetOp"
        ],
        [
          "Seq Scan",
          "Hash",
          "Hash Join",
          "Sort",
          "Gather Merge",
          "Unique",
          "Subquery Scan",
          "Append",
          "SetOp"
        ]
      ],
      "index_shape": [
        "join"
      ],
      "physical_operator": {
        "Hash Join": [
          0.004827387744637831
        ]
      }
    }
  },
  {
    "query": "select count(*) \nfrom ((select distinct c_last_name, c_first_name, d_date\n       from store_sales, date_dim, customer\n       where store_sales.ss_sold_date_sk = date_dim.d_date_sk\n         and store_sales.ss_customer_sk = customer.c_customer_sk\n         and d_month_seq between 1210 and 1210+11)\n       except\n      (select distinct c_last_name, c_first_name, d_date\n       from catalog_sales, date_dim, customer\n       where catalog_sales.cs_sold_date_sk = date_dim.d_date_sk\n         and catalog_sales.cs_bill_customer_sk = customer.c_customer_sk\n         and d_month_seq between 1210 and 1210+11)\n       except\n      (select distinct c_last_name, c_first_name, d_date\n       from web_sales, date_dim, customer\n       where web_sales.ws_sold_date_sk = date_dim.d_date_sk\n         and web_sales.ws_bill_customer_sk = customer.c_customer_sk\n         and d_month_seq between 1210 and 1210+11)\n) cool_cust\n;\n\n-- end query 67 in stream 4 using template query87.tpl\n",
    "indexes": "web_sales.ws_bill_customer_sk",
    "wo plan est": {
      "Node Type": "Aggregate",
      "Strategy": "Plain",
      "Partial Mode": "Simple",
      "Parallel Aware": false,
      "Async Capable": false,
      "Startup Cost": 1554392.94,
      "Total Cost": 1554392.95,
      "Plan Rows": 1,
      "Plan Width": 8,
      "Plans": [
        {
          "Node Type": "Subquery Scan",
          "Parent Relationship": "Outer",
          "Parallel Aware": false,
          "Async Capable": false,
          "Alias": "cool_cust",
          "Startup Cost": 1550966.58,
          "Total Cost": 1554053.6,
          "Plan Rows": 135736,
          "Plan Width": 0,
          "Plans": [
            {
              "Node Type": "SetOp",
              "Strategy": "Sorted",
              "Parent Relationship": "Subquery",
              "Parallel Aware": false,
              "Async Capable": false,
              "Command": "Except",
              "Startup Cost": 1550966.58,
              "Total Cost": 1552696.24,
              "Plan Rows": 135736,
              "Plan Width": 216,
              "Plans": [
                {
                  "Node Type": "Sort",
                  "Parent Relationship": "Outer",
                  "Parallel Aware": false,
                  "Async Capable": false,
                  "Startup Cost": 1550966.58,
                  "Total Cost": 1551399.0,
                  "Plan Rows": 172966,
                  "Plan Width": 216,
                  "Sort Key": [
                    "\"*SELECT* 1\".c_last_name",
                    "\"*SELECT* 1\".c_first_name",
                    "\"*SELECT* 1\".d_date"
                  ],
                  "Plans": [
                    {
                      "Node Type": "Append",
                      "Parent Relationship": "Outer",
                      "Parallel Aware": false,
                      "Async Capable": false,
                      "Startup Cost": 1258710.95,
                      "Total Cost": 1518180.43,
                      "Plan Rows": 172966,
                      "Plan Width": 216,
                      "Subplans Removed": 0,
                      "Plans": [
                        {
                          "Node Type": "Result",
                          "Parent Relationship": "Member",
                          "Parallel Aware": false,
                          "Async Capable": false,
                          "Startup Cost": 1258710.95,
                          "Total Cost": 1262162.63,
                          "Plan Rows": 135736,
                          "Plan Width": 216,
                          "Plans": [
                            {
                              "Node Type": "SetOp",
                              "Strategy": "Sorted",
                              "Parent Relationship": "Outer",
                              "Parallel Aware": false,
                              "Async Capable": false,
                              "Command": "Except",
                              "Startup Cost": 1258710.95,
                              "Total Cost": 1260805.27,
                              "Plan Rows": 135736,
                              "Plan Width": 216,
                              "Plans": [
                                {
                                  "Node Type": "Sort",
                                  "Parent Relationship": "Outer",
                                  "Parallel Aware": false,
                                  "Async Capable": false,
                                  "Startup Cost": 1258710.95,
                                  "Total Cost": 1259234.53,
                                  "Plan Rows": 209432,
                                  "Plan Width": 216,
                                  "Sort Key": [
                                    "\"*SELECT* 1\".c_last_name",
                                    "\"*SELECT* 1\".c_first_name",
                                    "\"*SELECT* 1\".d_date"
                                  ],
                                  "Plans": [
                                    {
                                      "Node Type": "Append",
                                      "Parent Relationship": "Outer",
                                      "Parallel Aware": false,
                                      "Async Capable": false,
                                      "Startup Cost": 709393.12,
                                      "Total Cost": 1218725.23,
                                      "Plan Rows": 209432,
                                      "Plan Width": 216,
                                      "Subplans Removed": 0,
                                      "Plans": [
                                        {
                                          "Node Type": "Subquery Scan",
                                          "Parent Relationship": "Member",
                                          "Parallel Aware": false,
                                          "Async Capable": false,
                                          "Alias": "*SELECT* 1",
                                          "Startup Cost": 709393.12,
                                          "Total Cost": 727577.19,
                                          "Plan Rows": 135736,
                                          "Plan Width": 60,
                                          "Plans": [
                                            {
                                              "Node Type": "Unique",
                                              "Parent Relationship": "Subquery",
                                              "Parallel Aware": false,
                                              "Async Capable": false,
                                              "Startup Cost": 709393.12,
                                              "Total Cost": 726219.83,
                                              "Plan Rows": 135736,
                                              "Plan Width": 56,
                                              "Plans": [
                                                {
                                                  "Node Type": "Gather Merge",
                                                  "Parent Relationship": "Outer",
                                                  "Parallel Aware": false,
                                                  "Async Capable": false,
                                                  "Startup Cost": 709393.12,
                                                  "Total Cost": 725201.81,
                                                  "Plan Rows": 135736,
                                                  "Plan Width": 56,
                                                  "Workers Planned": 2,
                                                  "Plans": [
                                                    {
                                                      "Node Type": "Sort",
                                                      "Parent Relationship": "Outer",
                                                      "Parallel Aware": false,
                                                      "Async Capable": false,
                                                      "Startup Cost": 708393.09,
                                                      "Total Cost": 708534.49,
                                                      "Plan Rows": 56557,
                                                      "Plan Width": 56,
                                                      "Sort Key": [
                                                        "customer.c_last_name",
                                                        "customer.c_first_name",
                                                        "date_dim.d_date"
                                                      ],
                                                      "Plans": [
                                                        {
                                                          "Node Type": "Hash Join",
                                                          "Parent Relationship": "Outer",
                                                          "Parallel Aware": true,
                                                          "Async Capable": false,
                                                          "Join Type": "Inner",
                                                          "Startup Cost": 685057.92,
                                                          "Total Cost": 701993.15,
                                                          "Plan Rows": 56557,
                                                          "Plan Width": 56,
                                                          "Inner Unique": false,
                                                          "Hash Cond": "(customer.c_customer_sk = store_sales.ss_customer_sk)",
                                                          "Plans": [
                                                            {
                                                              "Node Type": "Seq Scan",
                                                              "Parent Relationship": "Outer",
                                                              "Parallel Aware": true,
                                                              "Async Capable": false,
                                                              "Relation Name": "customer",
                                                              "Alias": "customer",
                                                              "Startup Cost": 0.0,
                                                              "Total Cost": 15918.33,
                                                              "Plan Rows": 208333,
                                                              "Plan Width": 56,
                                                              "parent": 13,
                                                              "ID": 14
                                                            },
                                                            {
                                                              "Node Type": "Hash",
                                                              "Parent Relationship": "Inner",
                                                              "Parallel Aware": true,
                                                              "Async Capable": false,
                                                              "Startup Cost": 684317.13,
                                                              "Total Cost": 684317.13,
                                                              "Plan Rows": 59263,
                                                              "Plan Width": 8,
                                                              "Plans": [
                                                                {
                                                                  "Node Type": "Hash Join",
                                                                  "Parent Relationship": "Outer",
                                                                  "Parallel Aware": true,
                                                                  "Async Capable": false,
                                                                  "Join Type": "Inner",
                                                                  "Startup Cost": 2052.33,
                                                                  "Total Cost": 684317.13,
                                                                  "Plan Rows": 59263,
                                                                  "Plan Width": 8,
                                                                  "Inner Unique": false,
                                                                  "Hash Cond": "(store_sales.ss_sold_date_sk = date_dim.d_date_sk)",
                                                                  "Plans": [
                                                                    {
                                                                      "Node Type": "Seq Scan",
                                                                      "Parent Relationship": "Outer",
                                                                      "Parallel Aware": true,
                                                                      "Async Capable": false,
                                                                      "Relation Name": "store_sales",
                                                                      "Alias": "store_sales",
                                                                      "Startup Cost": 0.0,
                                                                      "Total Cost": 636914.37,
                                                                      "Plan Rows": 12000637,
                                                                      "Plan Width": 8,
                                                                      "parent": 16,
                                                                      "ID": 17
                                                                    },
                                                                    {
                                                                      "Node Type": "Hash",
                                                                      "Parent Relationship": "Inner",
                                                                      "Parallel Aware": true,
                                                                      "Async Capable": false,
                                                                      "Startup Cost": 2049.55,
                                                                      "Total Cost": 2049.55,
                                                                      "Plan Rows": 222,
                                                                      "Plan Width": 8,
                                                                      "Plans": [
                                                                        {
                                                                          "Node Type": "Seq Scan",
                                                                          "Parent Relationship": "Outer",
                                                                          "Parallel Aware": true,
                                                                          "Async Capable": false,
                                                                          "Relation Name": "date_dim",
                                                                          "Alias": "date_dim",
                                                                          "Startup Cost": 0.0,
                                                                          "Total Cost": 2049.55,
                                                                          "Plan Rows": 222,
                                                                          "Plan Width": 8,
                                                                          "Filter": "((d_month_seq >= 1210) AND (d_month_seq <= 1221))",
                                                                          "parent": 18,
                                                                          "ID": 19
                                                                        }
                                                                      ],
                                                                      "parent": 16,
                                                                      "ID": 18,
                                                                      "left": 19
                                                                    }
                                                                  ],
                                                                  "parent": 15,
                                                                  "ID": 16,
                                                                  "left": 17,
                                                                  "right": 18
                                                                }
                                                              ],
                                                              "parent": 13,
                                                              "ID": 15,
                                                              "left": 16
                                                            }
                                                          ],
                                                          "parent": 12,
                                                          "ID": 13,
                                                          "left": 14,
                                                          "right": 15
                                                        }
                                                      ],
                                                      "parent": 11,
                                                      "ID": 12,
                                                      "left": 13
                                                    }
                                                  ],
                                                  "parent": 10,
                                                  "ID": 11,
                                                  "left": 12
                                                }
                                              ],
                                              "parent": 9,
                                              "ID": 10,
                                              "left": 11
                                            }
                                          ],
                                          "parent": 8,
                                          "ID": 9,
                                          "left": 10
                                        },
                                        {
                                          "Node Type": "Subquery Scan",
                                          "Parent Relationship": "Member",
                                          "Parallel Aware": false,
                                          "Async Capable": false,
                                          "Alias": "*SELECT* 2",
                                          "Startup Cost": 480228.08,
                                          "Total Cost": 490100.87,
                                          "Plan Rows": 73696,
                                          "Plan Width": 60,
                                          "Plans": [
                                            {
                                              "Node Type": "Unique",
                                              "Parent Relationship": "Subquery",
                                              "Parallel Aware": false,
                                              "Async Capable": false,
                                              "Startup Cost": 480228.08,
                                              "Total Cost": 489363.91,
                                              "Plan Rows": 73696,
                                              "Plan Width": 56,
                                              "Plans": [
                                                {
                                                  "Node Type": "Gather Merge",
                                                  "Parent Relationship": "Outer",
                                                  "Parallel Aware": false,
                                                  "Async Capable": false,
                                                  "Startup Cost": 480228.08,
                                                  "Total Cost": 488811.19,
                                                  "Plan Rows": 73696,
                                                  "Plan Width": 56,
                                                  "Workers Planned": 2,
                                                  "Plans": [
                                                    {
                                                      "Node Type": "Sort",
                                                      "Parent Relationship": "Outer",
                                                      "Parallel Aware": false,
                                                      "Async Capable": false,
                                                      "Startup Cost": 479228.05,
                                                      "Total Cost": 479304.82,
                                                      "Plan Rows": 30707,
                                                      "Plan Width": 56,
                                                      "Sort Key": [
                                                        "customer_1.c_last_name",
                                                        "customer_1.c_first_name",
                                                        "date_dim_1.d_date"
                                                      ],
                                                      "Plans": [
                                                        {
                                                          "Node Type": "Hash Join",
                                                          "Parent Relationship": "Outer",
                                                          "Parallel Aware": true,
                                                          "Async Capable": false,
                                                          "Join Type": "Inner",
                                                          "Startup Cost": 458809.82,
                                                          "Total Cost": 476939.42,
                                                          "Plan Rows": 30707,
                                                          "Plan Width": 56,
                                                          "Inner Unique": false,
                                                          "Hash Cond": "(customer_1.c_customer_sk = catalog_sales.cs_bill_customer_sk)",
                                                          "Plans": [
                                                            {
                                                              "Node Type": "Seq Scan",
                                                              "Parent Relationship": "Outer",
                                                              "Parallel Aware": true,
                                                              "Async Capable": false,
                                                              "Relation Name": "customer",
                                                              "Alias": "customer_1",
                                                              "Startup Cost": 0.0,
                                                              "Total Cost": 15918.33,
                                                              "Plan Rows": 208333,
                                                              "Plan Width": 56,
                                                              "parent": 24,
                                                              "ID": 25
                                                            },
                                                            {
                                                              "Node Type": "Hash",
                                                              "Parent Relationship": "Inner",
                                                              "Parallel Aware": true,
                                                              "Async Capable": false,
                                                              "Startup Cost": 458423.88,
                                                              "Total Cost": 458423.88,
                                                              "Plan Rows": 30875,
                                                              "Plan Width": 8,
                                                              "Plans": [
                                                                {
                                                                  "Node Type": "Hash Join",
                                                                  "Parent Relationship": "Outer",
                                                                  "Parallel Aware": true,
                                                                  "Async Capable": false,
                                                                  "Join Type": "Inner",
                                                                  "Startup Cost": 2052.33,
                                                                  "Total Cost": 458423.88,
                                                                  "Plan Rows": 30875,
                                                                  "Plan Width": 8,
                                                                  "Inner Unique": false,
                                                                  "Hash Cond": "(catalog_sales.cs_sold_date_sk = date_dim_1.d_date_sk)",
                                                                  "Plans": [
                                                                    {
                                                                      "Node Type": "Seq Scan",
                                                                      "Parent Relationship": "Outer",
                                                                      "Parallel Aware": true,
                                                                      "Async Capable": false,
                                                                      "Relation Name": "catalog_sales",
                                                                      "Alias": "catalog_sales",
                                                                      "Startup Cost": 0.0,
                                                                      "Total Cost": 433688.25,
                                                                      "Plan Rows": 6000525,
                                                                      "Plan Width": 8,
                                                                      "parent": 27,
                                                                      "ID": 28
                                                                    },
                                                                    {
                                                                      "Node Type": "Hash",
                                                                      "Parent Relationship": "Inner",
                                                                      "Parallel Aware": true,
                                                                      "Async Capable": false,
                                                                      "Startup Cost": 2049.55,
                                                                      "Total Cost": 2049.55,
                                                                      "Plan Rows": 222,
                                                                      "Plan Width": 8,
                                                                      "Plans": [
                                                                        {
                                                                          "Node Type": "Seq Scan",
                                                                          "Parent Relationship": "Outer",
                                                                          "Parallel Aware": true,
                                                                          "Async Capable": false,
                                                                          "Relation Name": "date_dim",
                                                                          "Alias": "date_dim_1",
                                                                          "Startup Cost": 0.0,
                                                                          "Total Cost": 2049.55,
                                                                          "Plan Rows": 222,
                                                                          "Plan Width": 8,
                                                                          "Filter": "((d_month_seq >= 1210) AND (d_month_seq <= 1221))",
                                                                          "parent": 29,
                                                                          "ID": 30
                                                                        }
                                                                      ],
                                                                      "parent": 27,
                                                                      "ID": 29,
                                                                      "left": 30
                                                                    }
                                                                  ],
                                                                  "parent": 26,
                                                                  "ID": 27,
                                                                  "left": 28,
                                                                  "right": 29
                                                                }
                                                              ],
                                                              "parent": 24,
                                                              "ID": 26,
                                                              "left": 27
                                                            }
                                                          ],
                                                          "parent": 23,
                                                          "ID": 24,
                                                          "left": 25,
                                                          "right": 26
                                                        }
                                                      ],
                                                      "parent": 22,
                                                      "ID": 23,
                                                      "left": 24
                                                    }
                                                  ],
                                                  "parent": 21,
                                                  "ID": 22,
                                                  "left": 23
                                                }
                                              ],
                                              "parent": 20,
                                              "ID": 21,
                                              "left": 22
                                            }
                                          ],
                                          "parent": 8,
                                          "ID": 20,
                                          "left": 21
                                        }
                                      ],
                                      "parent": 7,
                                      "ID": 8,
                                      "left": 9,
                                      "right": 20
                                    }
                                  ],
                                  "parent": 6,
                                  "ID": 7,
                                  "left": 8
                                }
                              ],
                              "parent": 5,
                              "ID": 6,
                              "left": 7
                            }
                          ],
                          "parent": 4,
                          "ID": 5,
                          "left": 6
                        },
                        {
                          "Node Type": "Subquery Scan",
                          "Parent Relationship": "Member",
                          "Parallel Aware": false,
                          "Async Capable": false,
                          "Alias": "*SELECT* 3",
                          "Startup Cost": 250165.39,
                          "Total Cost": 255152.97,
                          "Plan Rows": 37230,
                          "Plan Width": 60,
                          "Plans": [
                            {
                              "Node Type": "Unique",
                              "Parent Relationship": "Subquery",
                              "Parallel Aware": false,
                              "Async Capable": false,
                              "Startup Cost": 250165.39,
                              "Total Cost": 254780.67,
                              "Plan Rows": 37230,
                              "Plan Width": 56,
                              "Plans": [
                                {
                                  "Node Type": "Gather Merge",
                                  "Parent Relationship": "Outer",
                                  "Parallel Aware": false,
                                  "Async Capable": false,
                                  "Startup Cost": 250165.39,
                                  "Total Cost": 254501.44,
                                  "Plan Rows": 37230,
                                  "Plan Width": 56,
                                  "Workers Planned": 2,
                                  "Plans": [
                                    {
                                      "Node Type": "Sort",
                                      "Parent Relationship": "Outer",
                                      "Parallel Aware": false,
                                      "Async Capable": false,
                                      "Startup Cost": 249165.37,
                                      "Total Cost": 249204.15,
                                      "Plan Rows": 15512,
                                      "Plan Width": 56,
                                      "Sort Key": [
                                        "customer_2.c_last_name",
                                        "customer_2.c_first_name",
                                        "date_dim_2.d_date"
                                      ],
                                      "Plans": [
                                        {
                                          "Node Type": "Hash Join",
                                          "Parent Relationship": "Outer",
                                          "Parallel Aware": true,
                                          "Async Capable": false,
                                          "Join Type": "Inner",
                                          "Startup Cost": 231321.44,
                                          "Total Cost": 248085.65,
                                          "Plan Rows": 15512,
                                          "Plan Width": 56,
                                          "Inner Unique": false,
                                          "Hash Cond": "(customer_2.c_customer_sk = web_sales.ws_bill_customer_sk)",
                                          "Plans": [
                                            {
                                              "Node Type": "Seq Scan",
                                              "Parent Relationship": "Outer",
                                              "Parallel Aware": true,
                                              "Async Capable": false,
                                              "Relation Name": "customer",
                                              "Alias": "customer_2",
                                              "Startup Cost": 0.0,
                                              "Total Cost": 15918.33,
                                              "Plan Rows": 208333,
                                              "Plan Width": 56,
                                              "parent": 35,
                                              "ID": 36
                                            },
                                            {
                                              "Node Type": "Hash",
                                              "Parent Relationship": "Inner",
                                              "Parallel Aware": true,
                                              "Async Capable": false,
                                              "Startup Cost": 231127.5,
                                              "Total Cost": 231127.5,
                                              "Plan Rows": 15515,
                                              "Plan Width": 8,
                                              "Plans": [
                                                {
                                                  "Node Type": "Hash Join",
                                                  "Parent Relationship": "Outer",
                                                  "Parallel Aware": true,
                                                  "Async Capable": false,
                                                  "Join Type": "Inner",
                                                  "Startup Cost": 2052.33,
                                                  "Total Cost": 231127.5,
                                                  "Plan Rows": 15515,
                                                  "Plan Width": 8,
                                                  "Inner Unique": false,
                                                  "Hash Cond": "(web_sales.ws_sold_date_sk = date_dim_2.d_date_sk)",
                                                  "Plans": [
                                                    {
                                                      "Node Type": "Seq Scan",
                                                      "Parent Relationship": "Outer",
                                                      "Parallel Aware": true,
                                                      "Async Capable": false,
                                                      "Relation Name": "web_sales",
                                                      "Alias": "web_sales",
                                                      "Startup Cost": 0.0,
                                                      "Total Cost": 217737.86,
                                                      "Plan Rows": 2998986,
                                                      "Plan Width": 8,
                                                      "parent": 38,
                                                      "ID": 39
                                                    },
                                                    {
                                                      "Node Type": "Hash",
                                                      "Parent Relationship": "Inner",
                                                      "Parallel Aware": true,
                                                      "Async Capable": false,
                                                      "Startup Cost": 2049.55,
                                                      "Total Cost": 2049.55,
                                                      "Plan Rows": 222,
                                                      "Plan Width": 8,
                                                      "Plans": [
                                                        {
                                                          "Node Type": "Seq Scan",
                                                          "Parent Relationship": "Outer",
                                                          "Parallel Aware": true,
                                                          "Async Capable": false,
                                                          "Relation Name": "date_dim",
                                                          "Alias": "date_dim_2",
                                                          "Startup Cost": 0.0,
                                                          "Total Cost": 2049.55,
                                                          "Plan Rows": 222,
                                                          "Plan Width": 8,
                                                          "Filter": "((d_month_seq >= 1210) AND (d_month_seq <= 1221))",
                                                          "parent": 40,
                                                          "ID": 41
                                                        }
                                                      ],
                                                      "parent": 38,
                                                      "ID": 40,
                                                      "left": 41
                                                    }
                                                  ],
                                                  "parent": 37,
                                                  "ID": 38,
                                                  "left": 39,
                                                  "right": 40
                                                }
                                              ],
                                              "parent": 35,
                                              "ID": 37,
                                              "left": 38
                                            }
                                          ],
                                          "parent": 34,
                                          "ID": 35,
                                          "left": 36,
                                          "right": 37
                                        }
                                      ],
                                      "parent": 33,
                                      "ID": 34,
                                      "left": 35
                                    }
                                  ],
                                  "parent": 32,
                                  "ID": 33,
                                  "left": 34
                                }
                              ],
                              "parent": 31,
                              "ID": 32,
                              "left": 33
                            }
                          ],
                          "parent": 4,
                          "ID": 31,
                          "left": 32
                        }
                      ],
                      "parent": 3,
                      "ID": 4,
                      "left": 5,
                      "right": 31
                    }
                  ],
                  "parent": 2,
                  "ID": 3,
                  "left": 4
                }
              ],
              "parent": 1,
              "ID": 2,
              "left": 3
            }
          ],
          "parent": 0,
          "ID": 1,
          "left": 2
        }
      ],
      "parent": null,
      "ID": 0,
      "left": 1
    },
    "feat": {
      "utility": 0.0013156648011604394,
      "query_shape": [
        [
          "Seq Scan",
          "Hash Join",
          "Sort",
          "Gather Merge",
          "Unique",
          "Subquery Scan",
          "Append",
          "SetOp",
          "Result"
        ],
        [
          "Seq Scan",
          "Hash Join",
          "Hash",
          "Sort",
          "Gather Merge",
          "Unique",
          "Subquery Scan",
          "Append",
          "SetOp",
          "Result"
        ],
        [
          "Seq Scan",
          "Hash",
          "Hash Join",
          "Sort",
          "Gather Merge",
          "Unique",
          "Subquery Scan",
          "Append",
          "SetOp",
          "Result"
        ],
        [
          "Seq Scan",
          "Hash Join",
          "Sort",
          "Gather Merge",
          "Unique",
          "Subquery Scan",
          "Append",
          "SetOp",
          "Result"
        ],
        [
          "Seq Scan",
          "Hash Join",
          "Hash",
          "Sort",
          "Gather Merge",
          "Unique",
          "Subquery Scan",
          "Append",
          "SetOp",
          "Result"
        ],
        [
          "Seq Scan",
          "Hash",
          "Hash Join",
          "Sort",
          "Gather Merge",
          "Unique",
          "Subquery Scan",
          "Append",
          "SetOp",
          "Result"
        ],
        [
          "Seq Scan",
          "Hash Join",
          "Sort",
          "Gather Merge",
          "Unique",
          "Subquery Scan",
          "Append",
          "SetOp"
        ],
        [
          "Seq Scan",
          "Hash Join",
          "Hash",
          "Sort",
          "Gather Merge",
          "Unique",
          "Subquery Scan",
          "Append",
          "SetOp"
        ],
        [
          "Seq Scan",
          "Hash",
          "Hash Join",
          "Sort",
          "Gather Merge",
          "Unique",
          "Subquery Scan",
          "Append",
          "SetOp"
        ]
      ],
      "index_shape": [
        "join"
      ],
      "physical_operator": {
        "Hash Join": [
          0.002190680155673909
        ]
      }
    }
  }
]