[
  {
    "query": "-- Functional Query Definition\n-- Approved February 1998\n\n\nselect\nsum(l_extendedprice* (1 - l_discount)) as revenue\nfrom\nlineitem,\npart\nwhere\n(\np_partkey = l_partkey\nand p_brand = 'Brand#44'\nand p_container in ('SM CASE', 'SM BOX', 'SM PACK', 'SM PKG')\nand l_quantity >= 7 and l_quantity <= 7 + 10\nand p_size between 1 and 5\nand l_shipmode in ('AIR', 'AIR REG')\nand l_shipinstruct = 'DELIVER IN PERSON'\n)\nor\n(\np_partkey = l_partkey\nand p_brand = 'Brand#45'\nand p_container in ('MED BAG', 'MED BOX', 'MED PKG', 'MED PACK')\nand l_quantity >= 12 and l_quantity <= 12 + 10\nand p_size between 1 and 10\nand l_shipmode in ('AIR', 'AIR REG')\nand l_shipinstruct = 'DELIVER IN PERSON'\n)\nor\n(\np_partkey = l_partkey\nand p_brand = 'Brand#14'\nand p_container in ('LG CASE', 'LG BOX', 'LG PACK', 'LG PKG')\nand l_quantity >= 24 and l_quantity <= 24 + 10\nand p_size between 1 and 15\nand l_shipmode in ('AIR', 'AIR REG')\nand l_shipinstruct = 'DELIVER IN PERSON'\n) ;\n-- $ID$\n-- TPC-H/TPC-R Potential Part Promotion ",
    "indexes": "lineitem.l_partkey",
    "wo plan est": {
      "Node Type": "Aggregate",
      "Strategy": "Plain",
      "Partial Mode": "Finalize",
      "Parallel Aware": false,
      "Async Capable": false,
      "Startup Cost": 1953624.38,
      "Total Cost": 1953624.39,
      "Plan Rows": 1,
      "Plan Width": 32,
      "Plans": [
        {
          "Node Type": "Gather",
          "Parent Relationship": "Outer",
          "Parallel Aware": false,
          "Async Capable": false,
          "Startup Cost": 1953624.16,
          "Total Cost": 1953624.37,
          "Plan Rows": 2,
          "Plan Width": 32,
          "Workers Planned": 2,
          "Single Copy": false,
          "Plans": [
            {
              "Node Type": "Aggregate",
              "Strategy": "Plain",
              "Partial Mode": "Partial",
              "Parent Relationship": "Outer",
              "Parallel Aware": false,
              "Async Capable": false,
              "Startup Cost": 1952624.16,
              "Total Cost": 1952624.17,
              "Plan Rows": 1,
              "Plan Width": 32,
              "Plans": [
                {
                  "Node Type": "Hash Join",
                  "Parent Relationship": "Outer",
                  "Parallel Aware": true,
                  "Async Capable": false,
                  "Join Type": "Inner",
                  "Startup Cost": 76402.01,
                  "Total Cost": 1952620.73,
                  "Plan Rows": 457,
                  "Plan Width": 12,
                  "Inner Unique": false,
                  "Hash Cond": "(lineitem.l_partkey = part.p_partkey)",
                  "Join Filter": "(((part.p_brand = 'Brand#44'::bpchar) AND (part.p_container = ANY ('{\"SM CASE\",\"SM BOX\",\"SM PACK\",\"SM PKG\"}'::bpchar[])) AND (lineitem.l_quantity >= '7'::numeric) AND (lineitem.l_quantity <= '17'::numeric) AND (part.p_size <= 5)) OR ((part.p_brand = 'Brand#45'::bpchar) AND (part.p_container = ANY ('{\"MED BAG\",\"MED BOX\",\"MED PKG\",\"MED PACK\"}'::bpchar[])) AND (lineitem.l_quantity >= '12'::numeric) AND (lineitem.l_quantity <= '22'::numeric) AND (part.p_size <= 10)) OR ((part.p_brand = 'Brand#14'::bpchar) AND (part.p_container = ANY ('{\"LG CASE\",\"LG BOX\",\"LG PACK\",\"LG PKG\"}'::bpchar[])) AND (lineitem.l_quantity >= '24'::numeric) AND (lineitem.l_quantity <= '34'::numeric) AND (part.p_size <= 15)))",
                  "Plans": [
                    {
                      "Node Type": "Seq Scan",
                      "Parent Relationship": "Outer",
                      "Parallel Aware": true,
                      "Async Capable": false,
                      "Relation Name": "lineitem",
                      "Alias": "lineitem",
                      "Startup Cost": 0.0,
                      "Total Cost": 1874399.7,
                      "Plan Rows": 478400,
                      "Plan Width": 21,
                      "Filter": "((l_shipmode = ANY ('{AIR,\"AIR REG\"}'::bpchar[])) AND (l_shipinstruct = 'DELIVER IN PERSON'::bpchar) AND (((l_quantity >= '7'::numeric) AND (l_quantity <= '17'::numeric)) OR ((l_quantity >= '12'::numeric) AND (l_quantity <= '22'::numeric)) OR ((l_quantity >= '24'::numeric) AND (l_quantity <= '34'::numeric))))",
                      "parent": 3,
                      "ID": 4
                    },
                    {
                      "Node Type": "Hash",
                      "Parent Relationship": "Inner",
                      "Parallel Aware": true,
                      "Async Capable": false,
                      "Startup Cost": 76377.36,
                      "Total Cost": 76377.36,
                      "Plan Rows": 1972,
                      "Plan Width": 30,
                      "Plans": [
                        {
                          "Node Type": "Seq Scan",
                          "Parent Relationship": "Outer",
                          "Parallel Aware": true,
                          "Async Capable": false,
                          "Relation Name": "part",
                          "Alias": "part",
                          "Startup Cost": 0.0,
                          "Total Cost": 76377.36,
                          "Plan Rows": 1972,
                          "Plan Width": 30,
                          "Filter": "((p_size >= 1) AND (((p_brand = 'Brand#44'::bpchar) AND (p_container = ANY ('{\"SM CASE\",\"SM BOX\",\"SM PACK\",\"SM PKG\"}'::bpchar[])) AND (p_size <= 5)) OR ((p_brand = 'Brand#45'::bpchar) AND (p_container = ANY ('{\"MED BAG\",\"MED BOX\",\"MED PKG\",\"MED PACK\"}'::bpchar[])) AND (p_size <= 10)) OR ((p_brand = 'Brand#14'::bpchar) AND (p_container = ANY ('{\"LG CASE\",\"LG BOX\",\"LG PACK\",\"LG PKG\"}'::bpchar[])) AND (p_size <= 15))))",
                          "parent": 5,
                          "ID": 6
                        }
                      ],
                      "parent": 3,
                      "ID": 5,
                      "left": 6
                    }
                  ],
                  "parent": 2,
                  "ID": 3,
                  "left": 4,
                  "right": 5
                }
              ],
              "parent": 1,
              "ID": 2,
              "left": 3
            }
          ],
          "parent": 0,
          "ID": 1,
          "left": 2
        }
      ],
      "parent": null,
      "ID": 0,
      "left": 1
    },
    "feat": {
      "utility": 0.039068001899545034,
      "query_shape": [
        [
          "Seq Scan",
          "Hash Join",
          "Aggregate",
          "Gather"
        ],
        [
          "Seq Scan",
          "Hash",
          "Hash Join",
          "Aggregate",
          "Gather"
        ]
      ],
      "index_shape": [
        "join"
      ],
      "physical_operator": {
        "Hash Join": [
          0.0006959997109417854
        ]
      }
    }
  },
  {
    "query": "-- Functional Query Definition\n-- Approved February 1998\n\n\nselect\nsum(l_extendedprice* (1 - l_discount)) as revenue\nfrom\nlineitem,\npart\nwhere\n(\np_partkey = l_partkey\nand p_brand = 'Brand#44'\nand p_container in ('SM CASE', 'SM BOX', 'SM PACK', 'SM PKG')\nand l_quantity >= 7 and l_quantity <= 7 + 10\nand p_size between 1 and 5\nand l_shipmode in ('AIR', 'AIR REG')\nand l_shipinstruct = 'DELIVER IN PERSON'\n)\nor\n(\np_partkey = l_partkey\nand p_brand = 'Brand#45'\nand p_container in ('MED BAG', 'MED BOX', 'MED PKG', 'MED PACK')\nand l_quantity >= 12 and l_quantity <= 12 + 10\nand p_size between 1 and 10\nand l_shipmode in ('AIR', 'AIR REG')\nand l_shipinstruct = 'DELIVER IN PERSON'\n)\nor\n(\np_partkey = l_partkey\nand p_brand = 'Brand#14'\nand p_container in ('LG CASE', 'LG BOX', 'LG PACK', 'LG PKG')\nand l_quantity >= 24 and l_quantity <= 24 + 10\nand p_size between 1 and 15\nand l_shipmode in ('AIR', 'AIR REG')\nand l_shipinstruct = 'DELIVER IN PERSON'\n) ;\n-- $ID$\n-- TPC-H/TPC-R Potential Part Promotion ",
    "indexes": "lineitem.l_quantity",
    "wo plan est": {
      "Node Type": "Aggregate",
      "Strategy": "Plain",
      "Partial Mode": "Finalize",
      "Parallel Aware": false,
      "Async Capable": false,
      "Startup Cost": 1953624.38,
      "Total Cost": 1953624.39,
      "Plan Rows": 1,
      "Plan Width": 32,
      "Plans": [
        {
          "Node Type": "Gather",
          "Parent Relationship": "Outer",
          "Parallel Aware": false,
          "Async Capable": false,
          "Startup Cost": 1953624.16,
          "Total Cost": 1953624.37,
          "Plan Rows": 2,
          "Plan Width": 32,
          "Workers Planned": 2,
          "Single Copy": false,
          "Plans": [
            {
              "Node Type": "Aggregate",
              "Strategy": "Plain",
              "Partial Mode": "Partial",
              "Parent Relationship": "Outer",
              "Parallel Aware": false,
              "Async Capable": false,
              "Startup Cost": 1952624.16,
              "Total Cost": 1952624.17,
              "Plan Rows": 1,
              "Plan Width": 32,
              "Plans": [
                {
                  "Node Type": "Hash Join",
                  "Parent Relationship": "Outer",
                  "Parallel Aware": true,
                  "Async Capable": false,
                  "Join Type": "Inner",
                  "Startup Cost": 76402.01,
                  "Total Cost": 1952620.73,
                  "Plan Rows": 457,
                  "Plan Width": 12,
                  "Inner Unique": false,
                  "Hash Cond": "(lineitem.l_partkey = part.p_partkey)",
                  "Join Filter": "(((part.p_brand = 'Brand#44'::bpchar) AND (part.p_container = ANY ('{\"SM CASE\",\"SM BOX\",\"SM PACK\",\"SM PKG\"}'::bpchar[])) AND (lineitem.l_quantity >= '7'::numeric) AND (lineitem.l_quantity <= '17'::numeric) AND (part.p_size <= 5)) OR ((part.p_brand = 'Brand#45'::bpchar) AND (part.p_container = ANY ('{\"MED BAG\",\"MED BOX\",\"MED PKG\",\"MED PACK\"}'::bpchar[])) AND (lineitem.l_quantity >= '12'::numeric) AND (lineitem.l_quantity <= '22'::numeric) AND (part.p_size <= 10)) OR ((part.p_brand = 'Brand#14'::bpchar) AND (part.p_container = ANY ('{\"LG CASE\",\"LG BOX\",\"LG PACK\",\"LG PKG\"}'::bpchar[])) AND (lineitem.l_quantity >= '24'::numeric) AND (lineitem.l_quantity <= '34'::numeric) AND (part.p_size <= 15)))",
                  "Plans": [
                    {
                      "Node Type": "Seq Scan",
                      "Parent Relationship": "Outer",
                      "Parallel Aware": true,
                      "Async Capable": false,
                      "Relation Name": "lineitem",
                      "Alias": "lineitem",
                      "Startup Cost": 0.0,
                      "Total Cost": 1874399.7,
                      "Plan Rows": 478400,
                      "Plan Width": 21,
                      "Filter": "((l_shipmode = ANY ('{AIR,\"AIR REG\"}'::bpchar[])) AND (l_shipinstruct = 'DELIVER IN PERSON'::bpchar) AND (((l_quantity >= '7'::numeric) AND (l_quantity <= '17'::numeric)) OR ((l_quantity >= '12'::numeric) AND (l_quantity <= '22'::numeric)) OR ((l_quantity >= '24'::numeric) AND (l_quantity <= '34'::numeric))))",
                      "parent": 3,
                      "ID": 4
                    },
                    {
                      "Node Type": "Hash",
                      "Parent Relationship": "Inner",
                      "Parallel Aware": true,
                      "Async Capable": false,
                      "Startup Cost": 76377.36,
                      "Total Cost": 76377.36,
                      "Plan Rows": 1972,
                      "Plan Width": 30,
                      "Plans": [
                        {
                          "Node Type": "Seq Scan",
                          "Parent Relationship": "Outer",
                          "Parallel Aware": true,
                          "Async Capable": false,
                          "Relation Name": "part",
                          "Alias": "part",
                          "Startup Cost": 0.0,
                          "Total Cost": 76377.36,
                          "Plan Rows": 1972,
                          "Plan Width": 30,
                          "Filter": "((p_size >= 1) AND (((p_brand = 'Brand#44'::bpchar) AND (p_container = ANY ('{\"SM CASE\",\"SM BOX\",\"SM PACK\",\"SM PKG\"}'::bpchar[])) AND (p_size <= 5)) OR ((p_brand = 'Brand#45'::bpchar) AND (p_container = ANY ('{\"MED BAG\",\"MED BOX\",\"MED PKG\",\"MED PACK\"}'::bpchar[])) AND (p_size <= 10)) OR ((p_brand = 'Brand#14'::bpchar) AND (p_container = ANY ('{\"LG CASE\",\"LG BOX\",\"LG PACK\",\"LG PKG\"}'::bpchar[])) AND (p_size <= 15))))",
                          "parent": 5,
                          "ID": 6
                        }
                      ],
                      "parent": 3,
                      "ID": 5,
                      "left": 6
                    }
                  ],
                  "parent": 2,
                  "ID": 3,
                  "left": 4,
                  "right": 5
                }
              ],
              "parent": 1,
              "ID": 2,
              "left": 3
            }
          ],
          "parent": 0,
          "ID": 1,
          "left": 2
        }
      ],
      "parent": null,
      "ID": 0,
      "left": 1
    },
    "feat": {
      "utility": 0.9908653360800422,
      "query_shape": [
        [
          "Seq Scan",
          "Hash Join",
          "Aggregate",
          "Gather"
        ],
        [
          "Seq Scan",
          "Hash",
          "Hash Join",
          "Aggregate",
          "Gather"
        ]
      ],
      "index_shape": [
        "join"
      ],
      "physical_operator": {
        "Seq Scan": [
          0.007973333333333388
        ],
        "Hash Join": [
          0.0006959997109417854
        ]
      }
    }
  },
  {
    "query": "-- Functional Query Definition\n-- Approved February 1998\n\n\nselect\nsum(l_extendedprice* (1 - l_discount)) as revenue\nfrom\nlineitem,\npart\nwhere\n(\np_partkey = l_partkey\nand p_brand = 'Brand#44'\nand p_container in ('SM CASE', 'SM BOX', 'SM PACK', 'SM PKG')\nand l_quantity >= 7 and l_quantity <= 7 + 10\nand p_size between 1 and 5\nand l_shipmode in ('AIR', 'AIR REG')\nand l_shipinstruct = 'DELIVER IN PERSON'\n)\nor\n(\np_partkey = l_partkey\nand p_brand = 'Brand#45'\nand p_container in ('MED BAG', 'MED BOX', 'MED PKG', 'MED PACK')\nand l_quantity >= 12 and l_quantity <= 12 + 10\nand p_size between 1 and 10\nand l_shipmode in ('AIR', 'AIR REG')\nand l_shipinstruct = 'DELIVER IN PERSON'\n)\nor\n(\np_partkey = l_partkey\nand p_brand = 'Brand#14'\nand p_container in ('LG CASE', 'LG BOX', 'LG PACK', 'LG PKG')\nand l_quantity >= 24 and l_quantity <= 24 + 10\nand p_size between 1 and 15\nand l_shipmode in ('AIR', 'AIR REG')\nand l_shipinstruct = 'DELIVER IN PERSON'\n) ;\n-- $ID$\n-- TPC-H/TPC-R Potential Part Promotion ",
    "indexes": "lineitem.l_extendedprice",
    "wo plan est": {
      "Node Type": "Aggregate",
      "Strategy": "Plain",
      "Partial Mode": "Finalize",
      "Parallel Aware": false,
      "Async Capable": false,
      "Startup Cost": 1953624.38,
      "Total Cost": 1953624.39,
      "Plan Rows": 1,
      "Plan Width": 32,
      "Plans": [
        {
          "Node Type": "Gather",
          "Parent Relationship": "Outer",
          "Parallel Aware": false,
          "Async Capable": false,
          "Startup Cost": 1953624.16,
          "Total Cost": 1953624.37,
          "Plan Rows": 2,
          "Plan Width": 32,
          "Workers Planned": 2,
          "Single Copy": false,
          "Plans": [
            {
              "Node Type": "Aggregate",
              "Strategy": "Plain",
              "Partial Mode": "Partial",
              "Parent Relationship": "Outer",
              "Parallel Aware": false,
              "Async Capable": false,
              "Startup Cost": 1952624.16,
              "Total Cost": 1952624.17,
              "Plan Rows": 1,
              "Plan Width": 32,
              "Plans": [
                {
                  "Node Type": "Hash Join",
                  "Parent Relationship": "Outer",
                  "Parallel Aware": true,
                  "Async Capable": false,
                  "Join Type": "Inner",
                  "Startup Cost": 76402.01,
                  "Total Cost": 1952620.73,
                  "Plan Rows": 457,
                  "Plan Width": 12,
                  "Inner Unique": false,
                  "Hash Cond": "(lineitem.l_partkey = part.p_partkey)",
                  "Join Filter": "(((part.p_brand = 'Brand#44'::bpchar) AND (part.p_container = ANY ('{\"SM CASE\",\"SM BOX\",\"SM PACK\",\"SM PKG\"}'::bpchar[])) AND (lineitem.l_quantity >= '7'::numeric) AND (lineitem.l_quantity <= '17'::numeric) AND (part.p_size <= 5)) OR ((part.p_brand = 'Brand#45'::bpchar) AND (part.p_container = ANY ('{\"MED BAG\",\"MED BOX\",\"MED PKG\",\"MED PACK\"}'::bpchar[])) AND (lineitem.l_quantity >= '12'::numeric) AND (lineitem.l_quantity <= '22'::numeric) AND (part.p_size <= 10)) OR ((part.p_brand = 'Brand#14'::bpchar) AND (part.p_container = ANY ('{\"LG CASE\",\"LG BOX\",\"LG PACK\",\"LG PKG\"}'::bpchar[])) AND (lineitem.l_quantity >= '24'::numeric) AND (lineitem.l_quantity <= '34'::numeric) AND (part.p_size <= 15)))",
                  "Plans": [
                    {
                      "Node Type": "Seq Scan",
                      "Parent Relationship": "Outer",
                      "Parallel Aware": true,
                      "Async Capable": false,
                      "Relation Name": "lineitem",
                      "Alias": "lineitem",
                      "Startup Cost": 0.0,
                      "Total Cost": 1874399.7,
                      "Plan Rows": 478400,
                      "Plan Width": 21,
                      "Filter": "((l_shipmode = ANY ('{AIR,\"AIR REG\"}'::bpchar[])) AND (l_shipinstruct = 'DELIVER IN PERSON'::bpchar) AND (((l_quantity >= '7'::numeric) AND (l_quantity <= '17'::numeric)) OR ((l_quantity >= '12'::numeric) AND (l_quantity <= '22'::numeric)) OR ((l_quantity >= '24'::numeric) AND (l_quantity <= '34'::numeric))))",
                      "parent": 3,
                      "ID": 4
                    },
                    {
                      "Node Type": "Hash",
                      "Parent Relationship": "Inner",
                      "Parallel Aware": true,
                      "Async Capable": false,
                      "Startup Cost": 76377.36,
                      "Total Cost": 76377.36,
                      "Plan Rows": 1972,
                      "Plan Width": 30,
                      "Plans": [
                        {
                          "Node Type": "Seq Scan",
                          "Parent Relationship": "Outer",
                          "Parallel Aware": true,
                          "Async Capable": false,
                          "Relation Name": "part",
                          "Alias": "part",
                          "Startup Cost": 0.0,
                          "Total Cost": 76377.36,
                          "Plan Rows": 1972,
                          "Plan Width": 30,
                          "Filter": "((p_size >= 1) AND (((p_brand = 'Brand#44'::bpchar) AND (p_container = ANY ('{\"SM CASE\",\"SM BOX\",\"SM PACK\",\"SM PKG\"}'::bpchar[])) AND (p_size <= 5)) OR ((p_brand = 'Brand#45'::bpchar) AND (p_container = ANY ('{\"MED BAG\",\"MED BOX\",\"MED PKG\",\"MED PACK\"}'::bpchar[])) AND (p_size <= 10)) OR ((p_brand = 'Brand#14'::bpchar) AND (p_container = ANY ('{\"LG CASE\",\"LG BOX\",\"LG PACK\",\"LG PKG\"}'::bpchar[])) AND (p_size <= 15))))",
                          "parent": 5,
                          "ID": 6
                        }
                      ],
                      "parent": 3,
                      "ID": 5,
                      "left": 6
                    }
                  ],
                  "parent": 2,
                  "ID": 3,
                  "left": 4,
                  "right": 5
                }
              ],
              "parent": 1,
              "ID": 2,
              "left": 3
            }
          ],
          "parent": 0,
          "ID": 1,
          "left": 2
        }
      ],
      "parent": null,
      "ID": 0,
      "left": 1
    },
    "feat": {
      "utility": 0.0,
      "query_shape": [
        [
          "Seq Scan",
          "Hash Join",
          "Aggregate",
          "Gather"
        ],
        [
          "Seq Scan",
          "Hash",
          "Hash Join",
          "Aggregate",
          "Gather"
        ]
      ],
      "index_shape": [],
      "physical_operator": {}
    }
  },
  {
    "query": "-- Functional Query Definition\n-- Approved February 1998\n\n\nselect\nsum(l_extendedprice* (1 - l_discount)) as revenue\nfrom\nlineitem,\npart\nwhere\n(\np_partkey = l_partkey\nand p_brand = 'Brand#44'\nand p_container in ('SM CASE', 'SM BOX', 'SM PACK', 'SM PKG')\nand l_quantity >= 7 and l_quantity <= 7 + 10\nand p_size between 1 and 5\nand l_shipmode in ('AIR', 'AIR REG')\nand l_shipinstruct = 'DELIVER IN PERSON'\n)\nor\n(\np_partkey = l_partkey\nand p_brand = 'Brand#45'\nand p_container in ('MED BAG', 'MED BOX', 'MED PKG', 'MED PACK')\nand l_quantity >= 12 and l_quantity <= 12 + 10\nand p_size between 1 and 10\nand l_shipmode in ('AIR', 'AIR REG')\nand l_shipinstruct = 'DELIVER IN PERSON'\n)\nor\n(\np_partkey = l_partkey\nand p_brand = 'Brand#14'\nand p_container in ('LG CASE', 'LG BOX', 'LG PACK', 'LG PKG')\nand l_quantity >= 24 and l_quantity <= 24 + 10\nand p_size between 1 and 15\nand l_shipmode in ('AIR', 'AIR REG')\nand l_shipinstruct = 'DELIVER IN PERSON'\n) ;\n-- $ID$\n-- TPC-H/TPC-R Potential Part Promotion ",
    "indexes": "lineitem.l_discount",
    "wo plan est": {
      "Node Type": "Aggregate",
      "Strategy": "Plain",
      "Partial Mode": "Finalize",
      "Parallel Aware": false,
      "Async Capable": false,
      "Startup Cost": 1953624.38,
      "Total Cost": 1953624.39,
      "Plan Rows": 1,
      "Plan Width": 32,
      "Plans": [
        {
          "Node Type": "Gather",
          "Parent Relationship": "Outer",
          "Parallel Aware": false,
          "Async Capable": false,
          "Startup Cost": 1953624.16,
          "Total Cost": 1953624.37,
          "Plan Rows": 2,
          "Plan Width": 32,
          "Workers Planned": 2,
          "Single Copy": false,
          "Plans": [
            {
              "Node Type": "Aggregate",
              "Strategy": "Plain",
              "Partial Mode": "Partial",
              "Parent Relationship": "Outer",
              "Parallel Aware": false,
              "Async Capable": false,
              "Startup Cost": 1952624.16,
              "Total Cost": 1952624.17,
              "Plan Rows": 1,
              "Plan Width": 32,
              "Plans": [
                {
                  "Node Type": "Hash Join",
                  "Parent Relationship": "Outer",
                  "Parallel Aware": true,
                  "Async Capable": false,
                  "Join Type": "Inner",
                  "Startup Cost": 76402.01,
                  "Total Cost": 1952620.73,
                  "Plan Rows": 457,
                  "Plan Width": 12,
                  "Inner Unique": false,
                  "Hash Cond": "(lineitem.l_partkey = part.p_partkey)",
                  "Join Filter": "(((part.p_brand = 'Brand#44'::bpchar) AND (part.p_container = ANY ('{\"SM CASE\",\"SM BOX\",\"SM PACK\",\"SM PKG\"}'::bpchar[])) AND (lineitem.l_quantity >= '7'::numeric) AND (lineitem.l_quantity <= '17'::numeric) AND (part.p_size <= 5)) OR ((part.p_brand = 'Brand#45'::bpchar) AND (part.p_container = ANY ('{\"MED BAG\",\"MED BOX\",\"MED PKG\",\"MED PACK\"}'::bpchar[])) AND (lineitem.l_quantity >= '12'::numeric) AND (lineitem.l_quantity <= '22'::numeric) AND (part.p_size <= 10)) OR ((part.p_brand = 'Brand#14'::bpchar) AND (part.p_container = ANY ('{\"LG CASE\",\"LG BOX\",\"LG PACK\",\"LG PKG\"}'::bpchar[])) AND (lineitem.l_quantity >= '24'::numeric) AND (lineitem.l_quantity <= '34'::numeric) AND (part.p_size <= 15)))",
                  "Plans": [
                    {
                      "Node Type": "Seq Scan",
                      "Parent Relationship": "Outer",
                      "Parallel Aware": true,
                      "Async Capable": false,
                      "Relation Name": "lineitem",
                      "Alias": "lineitem",
                      "Startup Cost": 0.0,
                      "Total Cost": 1874399.7,
                      "Plan Rows": 478400,
                      "Plan Width": 21,
                      "Filter": "((l_shipmode = ANY ('{AIR,\"AIR REG\"}'::bpchar[])) AND (l_shipinstruct = 'DELIVER IN PERSON'::bpchar) AND (((l_quantity >= '7'::numeric) AND (l_quantity <= '17'::numeric)) OR ((l_quantity >= '12'::numeric) AND (l_quantity <= '22'::numeric)) OR ((l_quantity >= '24'::numeric) AND (l_quantity <= '34'::numeric))))",
                      "parent": 3,
                      "ID": 4
                    },
                    {
                      "Node Type": "Hash",
                      "Parent Relationship": "Inner",
                      "Parallel Aware": true,
                      "Async Capable": false,
                      "Startup Cost": 76377.36,
                      "Total Cost": 76377.36,
                      "Plan Rows": 1972,
                      "Plan Width": 30,
                      "Plans": [
                        {
                          "Node Type": "Seq Scan",
                          "Parent Relationship": "Outer",
                          "Parallel Aware": true,
                          "Async Capable": false,
                          "Relation Name": "part",
                          "Alias": "part",
                          "Startup Cost": 0.0,
                          "Total Cost": 76377.36,
                          "Plan Rows": 1972,
                          "Plan Width": 30,
                          "Filter": "((p_size >= 1) AND (((p_brand = 'Brand#44'::bpchar) AND (p_container = ANY ('{\"SM CASE\",\"SM BOX\",\"SM PACK\",\"SM PKG\"}'::bpchar[])) AND (p_size <= 5)) OR ((p_brand = 'Brand#45'::bpchar) AND (p_container = ANY ('{\"MED BAG\",\"MED BOX\",\"MED PKG\",\"MED PACK\"}'::bpchar[])) AND (p_size <= 10)) OR ((p_brand = 'Brand#14'::bpchar) AND (p_container = ANY ('{\"LG CASE\",\"LG BOX\",\"LG PACK\",\"LG PKG\"}'::bpchar[])) AND (p_size <= 15))))",
                          "parent": 5,
                          "ID": 6
                        }
                      ],
                      "parent": 3,
                      "ID": 5,
                      "left": 6
                    }
                  ],
                  "parent": 2,
                  "ID": 3,
                  "left": 4,
                  "right": 5
                }
              ],
              "parent": 1,
              "ID": 2,
              "left": 3
            }
          ],
          "parent": 0,
          "ID": 1,
          "left": 2
        }
      ],
      "parent": null,
      "ID": 0,
      "left": 1
    },
    "feat": {
      "utility": 0.0,
      "query_shape": [
        [
          "Seq Scan",
          "Hash Join",
          "Aggregate",
          "Gather"
        ],
        [
          "Seq Scan",
          "Hash",
          "Hash Join",
          "Aggregate",
          "Gather"
        ]
      ],
      "index_shape": [],
      "physical_operator": {}
    }
  },
  {
    "query": "-- Functional Query Definition\n-- Approved February 1998\n\n\nselect\nsum(l_extendedprice* (1 - l_discount)) as revenue\nfrom\nlineitem,\npart\nwhere\n(\np_partkey = l_partkey\nand p_brand = 'Brand#44'\nand p_container in ('SM CASE', 'SM BOX', 'SM PACK', 'SM PKG')\nand l_quantity >= 7 and l_quantity <= 7 + 10\nand p_size between 1 and 5\nand l_shipmode in ('AIR', 'AIR REG')\nand l_shipinstruct = 'DELIVER IN PERSON'\n)\nor\n(\np_partkey = l_partkey\nand p_brand = 'Brand#45'\nand p_container in ('MED BAG', 'MED BOX', 'MED PKG', 'MED PACK')\nand l_quantity >= 12 and l_quantity <= 12 + 10\nand p_size between 1 and 10\nand l_shipmode in ('AIR', 'AIR REG')\nand l_shipinstruct = 'DELIVER IN PERSON'\n)\nor\n(\np_partkey = l_partkey\nand p_brand = 'Brand#14'\nand p_container in ('LG CASE', 'LG BOX', 'LG PACK', 'LG PKG')\nand l_quantity >= 24 and l_quantity <= 24 + 10\nand p_size between 1 and 15\nand l_shipmode in ('AIR', 'AIR REG')\nand l_shipinstruct = 'DELIVER IN PERSON'\n) ;\n-- $ID$\n-- TPC-H/TPC-R Potential Part Promotion ",
    "indexes": "lineitem.l_shipinstruct",
    "wo plan est": {
      "Node Type": "Aggregate",
      "Strategy": "Plain",
      "Partial Mode": "Finalize",
      "Parallel Aware": false,
      "Async Capable": false,
      "Startup Cost": 1953624.38,
      "Total Cost": 1953624.39,
      "Plan Rows": 1,
      "Plan Width": 32,
      "Plans": [
        {
          "Node Type": "Gather",
          "Parent Relationship": "Outer",
          "Parallel Aware": false,
          "Async Capable": false,
          "Startup Cost": 1953624.16,
          "Total Cost": 1953624.37,
          "Plan Rows": 2,
          "Plan Width": 32,
          "Workers Planned": 2,
          "Single Copy": false,
          "Plans": [
            {
              "Node Type": "Aggregate",
              "Strategy": "Plain",
              "Partial Mode": "Partial",
              "Parent Relationship": "Outer",
              "Parallel Aware": false,
              "Async Capable": false,
              "Startup Cost": 1952624.16,
              "Total Cost": 1952624.17,
              "Plan Rows": 1,
              "Plan Width": 32,
              "Plans": [
                {
                  "Node Type": "Hash Join",
                  "Parent Relationship": "Outer",
                  "Parallel Aware": true,
                  "Async Capable": false,
                  "Join Type": "Inner",
                  "Startup Cost": 76402.01,
                  "Total Cost": 1952620.73,
                  "Plan Rows": 457,
                  "Plan Width": 12,
                  "Inner Unique": false,
                  "Hash Cond": "(lineitem.l_partkey = part.p_partkey)",
                  "Join Filter": "(((part.p_brand = 'Brand#44'::bpchar) AND (part.p_container = ANY ('{\"SM CASE\",\"SM BOX\",\"SM PACK\",\"SM PKG\"}'::bpchar[])) AND (lineitem.l_quantity >= '7'::numeric) AND (lineitem.l_quantity <= '17'::numeric) AND (part.p_size <= 5)) OR ((part.p_brand = 'Brand#45'::bpchar) AND (part.p_container = ANY ('{\"MED BAG\",\"MED BOX\",\"MED PKG\",\"MED PACK\"}'::bpchar[])) AND (lineitem.l_quantity >= '12'::numeric) AND (lineitem.l_quantity <= '22'::numeric) AND (part.p_size <= 10)) OR ((part.p_brand = 'Brand#14'::bpchar) AND (part.p_container = ANY ('{\"LG CASE\",\"LG BOX\",\"LG PACK\",\"LG PKG\"}'::bpchar[])) AND (lineitem.l_quantity >= '24'::numeric) AND (lineitem.l_quantity <= '34'::numeric) AND (part.p_size <= 15)))",
                  "Plans": [
                    {
                      "Node Type": "Seq Scan",
                      "Parent Relationship": "Outer",
                      "Parallel Aware": true,
                      "Async Capable": false,
                      "Relation Name": "lineitem",
                      "Alias": "lineitem",
                      "Startup Cost": 0.0,
                      "Total Cost": 1874399.7,
                      "Plan Rows": 478400,
                      "Plan Width": 21,
                      "Filter": "((l_shipmode = ANY ('{AIR,\"AIR REG\"}'::bpchar[])) AND (l_shipinstruct = 'DELIVER IN PERSON'::bpchar) AND (((l_quantity >= '7'::numeric) AND (l_quantity <= '17'::numeric)) OR ((l_quantity >= '12'::numeric) AND (l_quantity <= '22'::numeric)) OR ((l_quantity >= '24'::numeric) AND (l_quantity <= '34'::numeric))))",
                      "parent": 3,
                      "ID": 4
                    },
                    {
                      "Node Type": "Hash",
                      "Parent Relationship": "Inner",
                      "Parallel Aware": true,
                      "Async Capable": false,
                      "Startup Cost": 76377.36,
                      "Total Cost": 76377.36,
                      "Plan Rows": 1972,
                      "Plan Width": 30,
                      "Plans": [
                        {
                          "Node Type": "Seq Scan",
                          "Parent Relationship": "Outer",
                          "Parallel Aware": true,
                          "Async Capable": false,
                          "Relation Name": "part",
                          "Alias": "part",
                          "Startup Cost": 0.0,
                          "Total Cost": 76377.36,
                          "Plan Rows": 1972,
                          "Plan Width": 30,
                          "Filter": "((p_size >= 1) AND (((p_brand = 'Brand#44'::bpchar) AND (p_container = ANY ('{\"SM CASE\",\"SM BOX\",\"SM PACK\",\"SM PKG\"}'::bpchar[])) AND (p_size <= 5)) OR ((p_brand = 'Brand#45'::bpchar) AND (p_container = ANY ('{\"MED BAG\",\"MED BOX\",\"MED PKG\",\"MED PACK\"}'::bpchar[])) AND (p_size <= 10)) OR ((p_brand = 'Brand#14'::bpchar) AND (p_container = ANY ('{\"LG CASE\",\"LG BOX\",\"LG PACK\",\"LG PKG\"}'::bpchar[])) AND (p_size <= 15))))",
                          "parent": 5,
                          "ID": 6
                        }
                      ],
                      "parent": 3,
                      "ID": 5,
                      "left": 6
                    }
                  ],
                  "parent": 2,
                  "ID": 3,
                  "left": 4,
                  "right": 5
                }
              ],
              "parent": 1,
              "ID": 2,
              "left": 3
            }
          ],
          "parent": 0,
          "ID": 1,
          "left": 2
        }
      ],
      "parent": null,
      "ID": 0,
      "left": 1
    },
    "feat": {
      "utility": 0.9517973341804972,
      "query_shape": [
        [
          "Seq Scan",
          "Hash Join",
          "Aggregate",
          "Gather"
        ],
        [
          "Seq Scan",
          "Hash",
          "Hash Join",
          "Aggregate",
          "Gather"
        ]
      ],
      "index_shape": [
        "selection"
      ],
      "physical_operator": {
        "Seq Scan": [
          0.007973333333333388
        ]
      }
    }
  },
  {
    "query": "-- Functional Query Definition\n-- Approved February 1998\n\n\nselect\nsum(l_extendedprice* (1 - l_discount)) as revenue\nfrom\nlineitem,\npart\nwhere\n(\np_partkey = l_partkey\nand p_brand = 'Brand#44'\nand p_container in ('SM CASE', 'SM BOX', 'SM PACK', 'SM PKG')\nand l_quantity >= 7 and l_quantity <= 7 + 10\nand p_size between 1 and 5\nand l_shipmode in ('AIR', 'AIR REG')\nand l_shipinstruct = 'DELIVER IN PERSON'\n)\nor\n(\np_partkey = l_partkey\nand p_brand = 'Brand#45'\nand p_container in ('MED BAG', 'MED BOX', 'MED PKG', 'MED PACK')\nand l_quantity >= 12 and l_quantity <= 12 + 10\nand p_size between 1 and 10\nand l_shipmode in ('AIR', 'AIR REG')\nand l_shipinstruct = 'DELIVER IN PERSON'\n)\nor\n(\np_partkey = l_partkey\nand p_brand = 'Brand#14'\nand p_container in ('LG CASE', 'LG BOX', 'LG PACK', 'LG PKG')\nand l_quantity >= 24 and l_quantity <= 24 + 10\nand p_size between 1 and 15\nand l_shipmode in ('AIR', 'AIR REG')\nand l_shipinstruct = 'DELIVER IN PERSON'\n) ;\n-- $ID$\n-- TPC-H/TPC-R Potential Part Promotion ",
    "indexes": "lineitem.l_shipmode",
    "wo plan est": {
      "Node Type": "Aggregate",
      "Strategy": "Plain",
      "Partial Mode": "Finalize",
      "Parallel Aware": false,
      "Async Capable": false,
      "Startup Cost": 1953624.38,
      "Total Cost": 1953624.39,
      "Plan Rows": 1,
      "Plan Width": 32,
      "Plans": [
        {
          "Node Type": "Gather",
          "Parent Relationship": "Outer",
          "Parallel Aware": false,
          "Async Capable": false,
          "Startup Cost": 1953624.16,
          "Total Cost": 1953624.37,
          "Plan Rows": 2,
          "Plan Width": 32,
          "Workers Planned": 2,
          "Single Copy": false,
          "Plans": [
            {
              "Node Type": "Aggregate",
              "Strategy": "Plain",
              "Partial Mode": "Partial",
              "Parent Relationship": "Outer",
              "Parallel Aware": false,
              "Async Capable": false,
              "Startup Cost": 1952624.16,
              "Total Cost": 1952624.17,
              "Plan Rows": 1,
              "Plan Width": 32,
              "Plans": [
                {
                  "Node Type": "Hash Join",
                  "Parent Relationship": "Outer",
                  "Parallel Aware": true,
                  "Async Capable": false,
                  "Join Type": "Inner",
                  "Startup Cost": 76402.01,
                  "Total Cost": 1952620.73,
                  "Plan Rows": 457,
                  "Plan Width": 12,
                  "Inner Unique": false,
                  "Hash Cond": "(lineitem.l_partkey = part.p_partkey)",
                  "Join Filter": "(((part.p_brand = 'Brand#44'::bpchar) AND (part.p_container = ANY ('{\"SM CASE\",\"SM BOX\",\"SM PACK\",\"SM PKG\"}'::bpchar[])) AND (lineitem.l_quantity >= '7'::numeric) AND (lineitem.l_quantity <= '17'::numeric) AND (part.p_size <= 5)) OR ((part.p_brand = 'Brand#45'::bpchar) AND (part.p_container = ANY ('{\"MED BAG\",\"MED BOX\",\"MED PKG\",\"MED PACK\"}'::bpchar[])) AND (lineitem.l_quantity >= '12'::numeric) AND (lineitem.l_quantity <= '22'::numeric) AND (part.p_size <= 10)) OR ((part.p_brand = 'Brand#14'::bpchar) AND (part.p_container = ANY ('{\"LG CASE\",\"LG BOX\",\"LG PACK\",\"LG PKG\"}'::bpchar[])) AND (lineitem.l_quantity >= '24'::numeric) AND (lineitem.l_quantity <= '34'::numeric) AND (part.p_size <= 15)))",
                  "Plans": [
                    {
                      "Node Type": "Seq Scan",
                      "Parent Relationship": "Outer",
                      "Parallel Aware": true,
                      "Async Capable": false,
                      "Relation Name": "lineitem",
                      "Alias": "lineitem",
                      "Startup Cost": 0.0,
                      "Total Cost": 1874399.7,
                      "Plan Rows": 478400,
                      "Plan Width": 21,
                      "Filter": "((l_shipmode = ANY ('{AIR,\"AIR REG\"}'::bpchar[])) AND (l_shipinstruct = 'DELIVER IN PERSON'::bpchar) AND (((l_quantity >= '7'::numeric) AND (l_quantity <= '17'::numeric)) OR ((l_quantity >= '12'::numeric) AND (l_quantity <= '22'::numeric)) OR ((l_quantity >= '24'::numeric) AND (l_quantity <= '34'::numeric))))",
                      "parent": 3,
                      "ID": 4
                    },
                    {
                      "Node Type": "Hash",
                      "Parent Relationship": "Inner",
                      "Parallel Aware": true,
                      "Async Capable": false,
                      "Startup Cost": 76377.36,
                      "Total Cost": 76377.36,
                      "Plan Rows": 1972,
                      "Plan Width": 30,
                      "Plans": [
                        {
                          "Node Type": "Seq Scan",
                          "Parent Relationship": "Outer",
                          "Parallel Aware": true,
                          "Async Capable": false,
                          "Relation Name": "part",
                          "Alias": "part",
                          "Startup Cost": 0.0,
                          "Total Cost": 76377.36,
                          "Plan Rows": 1972,
                          "Plan Width": 30,
                          "Filter": "((p_size >= 1) AND (((p_brand = 'Brand#44'::bpchar) AND (p_container = ANY ('{\"SM CASE\",\"SM BOX\",\"SM PACK\",\"SM PKG\"}'::bpchar[])) AND (p_size <= 5)) OR ((p_brand = 'Brand#45'::bpchar) AND (p_container = ANY ('{\"MED BAG\",\"MED BOX\",\"MED PKG\",\"MED PACK\"}'::bpchar[])) AND (p_size <= 10)) OR ((p_brand = 'Brand#14'::bpchar) AND (p_container = ANY ('{\"LG CASE\",\"LG BOX\",\"LG PACK\",\"LG PKG\"}'::bpchar[])) AND (p_size <= 15))))",
                          "parent": 5,
                          "ID": 6
                        }
                      ],
                      "parent": 3,
                      "ID": 5,
                      "left": 6
                    }
                  ],
                  "parent": 2,
                  "ID": 3,
                  "left": 4,
                  "right": 5
                }
              ],
              "parent": 1,
              "ID": 2,
              "left": 3
            }
          ],
          "parent": 0,
          "ID": 1,
          "left": 2
        }
      ],
      "parent": null,
      "ID": 0,
      "left": 1
    },
    "feat": {
      "utility": 0.9517973341804972,
      "query_shape": [
        [
          "Seq Scan",
          "Hash Join",
          "Aggregate",
          "Gather"
        ],
        [
          "Seq Scan",
          "Hash",
          "Hash Join",
          "Aggregate",
          "Gather"
        ]
      ],
      "index_shape": [
        "selection"
      ],
      "physical_operator": {
        "Seq Scan": [
          0.007973333333333388
        ]
      }
    }
  },
  {
    "query": "-- Functional Query Definition\n-- Approved February 1998\n\n\nselect\nsum(l_extendedprice* (1 - l_discount)) as revenue\nfrom\nlineitem,\npart\nwhere\n(\np_partkey = l_partkey\nand p_brand = 'Brand#44'\nand p_container in ('SM CASE', 'SM BOX', 'SM PACK', 'SM PKG')\nand l_quantity >= 7 and l_quantity <= 7 + 10\nand p_size between 1 and 5\nand l_shipmode in ('AIR', 'AIR REG')\nand l_shipinstruct = 'DELIVER IN PERSON'\n)\nor\n(\np_partkey = l_partkey\nand p_brand = 'Brand#45'\nand p_container in ('MED BAG', 'MED BOX', 'MED PKG', 'MED PACK')\nand l_quantity >= 12 and l_quantity <= 12 + 10\nand p_size between 1 and 10\nand l_shipmode in ('AIR', 'AIR REG')\nand l_shipinstruct = 'DELIVER IN PERSON'\n)\nor\n(\np_partkey = l_partkey\nand p_brand = 'Brand#14'\nand p_container in ('LG CASE', 'LG BOX', 'LG PACK', 'LG PKG')\nand l_quantity >= 24 and l_quantity <= 24 + 10\nand p_size between 1 and 15\nand l_shipmode in ('AIR', 'AIR REG')\nand l_shipinstruct = 'DELIVER IN PERSON'\n) ;\n-- $ID$\n-- TPC-H/TPC-R Potential Part Promotion ",
    "indexes": "part.p_partkey",
    "wo plan est": {
      "Node Type": "Aggregate",
      "Strategy": "Plain",
      "Partial Mode": "Finalize",
      "Parallel Aware": false,
      "Async Capable": false,
      "Startup Cost": 1953624.38,
      "Total Cost": 1953624.39,
      "Plan Rows": 1,
      "Plan Width": 32,
      "Plans": [
        {
          "Node Type": "Gather",
          "Parent Relationship": "Outer",
          "Parallel Aware": false,
          "Async Capable": false,
          "Startup Cost": 1953624.16,
          "Total Cost": 1953624.37,
          "Plan Rows": 2,
          "Plan Width": 32,
          "Workers Planned": 2,
          "Single Copy": false,
          "Plans": [
            {
              "Node Type": "Aggregate",
              "Strategy": "Plain",
              "Partial Mode": "Partial",
              "Parent Relationship": "Outer",
              "Parallel Aware": false,
              "Async Capable": false,
              "Startup Cost": 1952624.16,
              "Total Cost": 1952624.17,
              "Plan Rows": 1,
              "Plan Width": 32,
              "Plans": [
                {
                  "Node Type": "Hash Join",
                  "Parent Relationship": "Outer",
                  "Parallel Aware": true,
                  "Async Capable": false,
                  "Join Type": "Inner",
                  "Startup Cost": 76402.01,
                  "Total Cost": 1952620.73,
                  "Plan Rows": 457,
                  "Plan Width": 12,
                  "Inner Unique": false,
                  "Hash Cond": "(lineitem.l_partkey = part.p_partkey)",
                  "Join Filter": "(((part.p_brand = 'Brand#44'::bpchar) AND (part.p_container = ANY ('{\"SM CASE\",\"SM BOX\",\"SM PACK\",\"SM PKG\"}'::bpchar[])) AND (lineitem.l_quantity >= '7'::numeric) AND (lineitem.l_quantity <= '17'::numeric) AND (part.p_size <= 5)) OR ((part.p_brand = 'Brand#45'::bpchar) AND (part.p_container = ANY ('{\"MED BAG\",\"MED BOX\",\"MED PKG\",\"MED PACK\"}'::bpchar[])) AND (lineitem.l_quantity >= '12'::numeric) AND (lineitem.l_quantity <= '22'::numeric) AND (part.p_size <= 10)) OR ((part.p_brand = 'Brand#14'::bpchar) AND (part.p_container = ANY ('{\"LG CASE\",\"LG BOX\",\"LG PACK\",\"LG PKG\"}'::bpchar[])) AND (lineitem.l_quantity >= '24'::numeric) AND (lineitem.l_quantity <= '34'::numeric) AND (part.p_size <= 15)))",
                  "Plans": [
                    {
                      "Node Type": "Seq Scan",
                      "Parent Relationship": "Outer",
                      "Parallel Aware": true,
                      "Async Capable": false,
                      "Relation Name": "lineitem",
                      "Alias": "lineitem",
                      "Startup Cost": 0.0,
                      "Total Cost": 1874399.7,
                      "Plan Rows": 478400,
                      "Plan Width": 21,
                      "Filter": "((l_shipmode = ANY ('{AIR,\"AIR REG\"}'::bpchar[])) AND (l_shipinstruct = 'DELIVER IN PERSON'::bpchar) AND (((l_quantity >= '7'::numeric) AND (l_quantity <= '17'::numeric)) OR ((l_quantity >= '12'::numeric) AND (l_quantity <= '22'::numeric)) OR ((l_quantity >= '24'::numeric) AND (l_quantity <= '34'::numeric))))",
                      "parent": 3,
                      "ID": 4
                    },
                    {
                      "Node Type": "Hash",
                      "Parent Relationship": "Inner",
                      "Parallel Aware": true,
                      "Async Capable": false,
                      "Startup Cost": 76377.36,
                      "Total Cost": 76377.36,
                      "Plan Rows": 1972,
                      "Plan Width": 30,
                      "Plans": [
                        {
                          "Node Type": "Seq Scan",
                          "Parent Relationship": "Outer",
                          "Parallel Aware": true,
                          "Async Capable": false,
                          "Relation Name": "part",
                          "Alias": "part",
                          "Startup Cost": 0.0,
                          "Total Cost": 76377.36,
                          "Plan Rows": 1972,
                          "Plan Width": 30,
                          "Filter": "((p_size >= 1) AND (((p_brand = 'Brand#44'::bpchar) AND (p_container = ANY ('{\"SM CASE\",\"SM BOX\",\"SM PACK\",\"SM PKG\"}'::bpchar[])) AND (p_size <= 5)) OR ((p_brand = 'Brand#45'::bpchar) AND (p_container = ANY ('{\"MED BAG\",\"MED BOX\",\"MED PKG\",\"MED PACK\"}'::bpchar[])) AND (p_size <= 10)) OR ((p_brand = 'Brand#14'::bpchar) AND (p_container = ANY ('{\"LG CASE\",\"LG BOX\",\"LG PACK\",\"LG PKG\"}'::bpchar[])) AND (p_size <= 15))))",
                          "parent": 5,
                          "ID": 6
                        }
                      ],
                      "parent": 3,
                      "ID": 5,
                      "left": 6
                    }
                  ],
                  "parent": 2,
                  "ID": 3,
                  "left": 4,
                  "right": 5
                }
              ],
              "parent": 1,
              "ID": 2,
              "left": 3
            }
          ],
          "parent": 0,
          "ID": 1,
          "left": 2
        }
      ],
      "parent": null,
      "ID": 0,
      "left": 1
    },
    "feat": {
      "utility": 0.039068001899545034,
      "query_shape": [
        [
          "Seq Scan",
          "Hash Join",
          "Aggregate",
          "Gather"
        ],
        [
          "Seq Scan",
          "Hash",
          "Hash Join",
          "Aggregate",
          "Gather"
        ]
      ],
      "index_shape": [
        "join"
      ],
      "physical_operator": {
        "Hash Join": [
          0.0006959997109417854
        ]
      }
    }
  },
  {
    "query": "-- Functional Query Definition\n-- Approved February 1998\n\n\nselect\nsum(l_extendedprice* (1 - l_discount)) as revenue\nfrom\nlineitem,\npart\nwhere\n(\np_partkey = l_partkey\nand p_brand = 'Brand#44'\nand p_container in ('SM CASE', 'SM BOX', 'SM PACK', 'SM PKG')\nand l_quantity >= 7 and l_quantity <= 7 + 10\nand p_size between 1 and 5\nand l_shipmode in ('AIR', 'AIR REG')\nand l_shipinstruct = 'DELIVER IN PERSON'\n)\nor\n(\np_partkey = l_partkey\nand p_brand = 'Brand#45'\nand p_container in ('MED BAG', 'MED BOX', 'MED PKG', 'MED PACK')\nand l_quantity >= 12 and l_quantity <= 12 + 10\nand p_size between 1 and 10\nand l_shipmode in ('AIR', 'AIR REG')\nand l_shipinstruct = 'DELIVER IN PERSON'\n)\nor\n(\np_partkey = l_partkey\nand p_brand = 'Brand#14'\nand p_container in ('LG CASE', 'LG BOX', 'LG PACK', 'LG PKG')\nand l_quantity >= 24 and l_quantity <= 24 + 10\nand p_size between 1 and 15\nand l_shipmode in ('AIR', 'AIR REG')\nand l_shipinstruct = 'DELIVER IN PERSON'\n) ;\n-- $ID$\n-- TPC-H/TPC-R Potential Part Promotion ",
    "indexes": "part.p_brand",
    "wo plan est": {
      "Node Type": "Aggregate",
      "Strategy": "Plain",
      "Partial Mode": "Finalize",
      "Parallel Aware": false,
      "Async Capable": false,
      "Startup Cost": 1953624.38,
      "Total Cost": 1953624.39,
      "Plan Rows": 1,
      "Plan Width": 32,
      "Plans": [
        {
          "Node Type": "Gather",
          "Parent Relationship": "Outer",
          "Parallel Aware": false,
          "Async Capable": false,
          "Startup Cost": 1953624.16,
          "Total Cost": 1953624.37,
          "Plan Rows": 2,
          "Plan Width": 32,
          "Workers Planned": 2,
          "Single Copy": false,
          "Plans": [
            {
              "Node Type": "Aggregate",
              "Strategy": "Plain",
              "Partial Mode": "Partial",
              "Parent Relationship": "Outer",
              "Parallel Aware": false,
              "Async Capable": false,
              "Startup Cost": 1952624.16,
              "Total Cost": 1952624.17,
              "Plan Rows": 1,
              "Plan Width": 32,
              "Plans": [
                {
                  "Node Type": "Hash Join",
                  "Parent Relationship": "Outer",
                  "Parallel Aware": true,
                  "Async Capable": false,
                  "Join Type": "Inner",
                  "Startup Cost": 76402.01,
                  "Total Cost": 1952620.73,
                  "Plan Rows": 457,
                  "Plan Width": 12,
                  "Inner Unique": false,
                  "Hash Cond": "(lineitem.l_partkey = part.p_partkey)",
                  "Join Filter": "(((part.p_brand = 'Brand#44'::bpchar) AND (part.p_container = ANY ('{\"SM CASE\",\"SM BOX\",\"SM PACK\",\"SM PKG\"}'::bpchar[])) AND (lineitem.l_quantity >= '7'::numeric) AND (lineitem.l_quantity <= '17'::numeric) AND (part.p_size <= 5)) OR ((part.p_brand = 'Brand#45'::bpchar) AND (part.p_container = ANY ('{\"MED BAG\",\"MED BOX\",\"MED PKG\",\"MED PACK\"}'::bpchar[])) AND (lineitem.l_quantity >= '12'::numeric) AND (lineitem.l_quantity <= '22'::numeric) AND (part.p_size <= 10)) OR ((part.p_brand = 'Brand#14'::bpchar) AND (part.p_container = ANY ('{\"LG CASE\",\"LG BOX\",\"LG PACK\",\"LG PKG\"}'::bpchar[])) AND (lineitem.l_quantity >= '24'::numeric) AND (lineitem.l_quantity <= '34'::numeric) AND (part.p_size <= 15)))",
                  "Plans": [
                    {
                      "Node Type": "Seq Scan",
                      "Parent Relationship": "Outer",
                      "Parallel Aware": true,
                      "Async Capable": false,
                      "Relation Name": "lineitem",
                      "Alias": "lineitem",
                      "Startup Cost": 0.0,
                      "Total Cost": 1874399.7,
                      "Plan Rows": 478400,
                      "Plan Width": 21,
                      "Filter": "((l_shipmode = ANY ('{AIR,\"AIR REG\"}'::bpchar[])) AND (l_shipinstruct = 'DELIVER IN PERSON'::bpchar) AND (((l_quantity >= '7'::numeric) AND (l_quantity <= '17'::numeric)) OR ((l_quantity >= '12'::numeric) AND (l_quantity <= '22'::numeric)) OR ((l_quantity >= '24'::numeric) AND (l_quantity <= '34'::numeric))))",
                      "parent": 3,
                      "ID": 4
                    },
                    {
                      "Node Type": "Hash",
                      "Parent Relationship": "Inner",
                      "Parallel Aware": true,
                      "Async Capable": false,
                      "Startup Cost": 76377.36,
                      "Total Cost": 76377.36,
                      "Plan Rows": 1972,
                      "Plan Width": 30,
                      "Plans": [
                        {
                          "Node Type": "Seq Scan",
                          "Parent Relationship": "Outer",
                          "Parallel Aware": true,
                          "Async Capable": false,
                          "Relation Name": "part",
                          "Alias": "part",
                          "Startup Cost": 0.0,
                          "Total Cost": 76377.36,
                          "Plan Rows": 1972,
                          "Plan Width": 30,
                          "Filter": "((p_size >= 1) AND (((p_brand = 'Brand#44'::bpchar) AND (p_container = ANY ('{\"SM CASE\",\"SM BOX\",\"SM PACK\",\"SM PKG\"}'::bpchar[])) AND (p_size <= 5)) OR ((p_brand = 'Brand#45'::bpchar) AND (p_container = ANY ('{\"MED BAG\",\"MED BOX\",\"MED PKG\",\"MED PACK\"}'::bpchar[])) AND (p_size <= 10)) OR ((p_brand = 'Brand#14'::bpchar) AND (p_container = ANY ('{\"LG CASE\",\"LG BOX\",\"LG PACK\",\"LG PKG\"}'::bpchar[])) AND (p_size <= 15))))",
                          "parent": 5,
                          "ID": 6
                        }
                      ],
                      "parent": 3,
                      "ID": 5,
                      "left": 6
                    }
                  ],
                  "parent": 2,
                  "ID": 3,
                  "left": 4,
                  "right": 5
                }
              ],
              "parent": 1,
              "ID": 2,
              "left": 3
            }
          ],
          "parent": 0,
          "ID": 1,
          "left": 2
        }
      ],
      "parent": null,
      "ID": 0,
      "left": 1
    },
    "feat": {
      "utility": 0.07812466617626407,
      "query_shape": [
        [
          "Seq Scan",
          "Hash Join",
          "Aggregate",
          "Gather"
        ],
        [
          "Seq Scan",
          "Hash",
          "Hash Join",
          "Aggregate",
          "Gather"
        ]
      ],
      "index_shape": [
        "join"
      ],
      "physical_operator": {
        "Seq Scan": [
          0.0009860000000000424
        ],
        "Hash Join": [
          0.0006959997109417854
        ]
      }
    }
  },
  {
    "query": "-- Functional Query Definition\n-- Approved February 1998\n\n\nselect\nsum(l_extendedprice* (1 - l_discount)) as revenue\nfrom\nlineitem,\npart\nwhere\n(\np_partkey = l_partkey\nand p_brand = 'Brand#44'\nand p_container in ('SM CASE', 'SM BOX', 'SM PACK', 'SM PKG')\nand l_quantity >= 7 and l_quantity <= 7 + 10\nand p_size between 1 and 5\nand l_shipmode in ('AIR', 'AIR REG')\nand l_shipinstruct = 'DELIVER IN PERSON'\n)\nor\n(\np_partkey = l_partkey\nand p_brand = 'Brand#45'\nand p_container in ('MED BAG', 'MED BOX', 'MED PKG', 'MED PACK')\nand l_quantity >= 12 and l_quantity <= 12 + 10\nand p_size between 1 and 10\nand l_shipmode in ('AIR', 'AIR REG')\nand l_shipinstruct = 'DELIVER IN PERSON'\n)\nor\n(\np_partkey = l_partkey\nand p_brand = 'Brand#14'\nand p_container in ('LG CASE', 'LG BOX', 'LG PACK', 'LG PKG')\nand l_quantity >= 24 and l_quantity <= 24 + 10\nand p_size between 1 and 15\nand l_shipmode in ('AIR', 'AIR REG')\nand l_shipinstruct = 'DELIVER IN PERSON'\n) ;\n-- $ID$\n-- TPC-H/TPC-R Potential Part Promotion ",
    "indexes": "part.p_size",
    "wo plan est": {
      "Node Type": "Aggregate",
      "Strategy": "Plain",
      "Partial Mode": "Finalize",
      "Parallel Aware": false,
      "Async Capable": false,
      "Startup Cost": 1953624.38,
      "Total Cost": 1953624.39,
      "Plan Rows": 1,
      "Plan Width": 32,
      "Plans": [
        {
          "Node Type": "Gather",
          "Parent Relationship": "Outer",
          "Parallel Aware": false,
          "Async Capable": false,
          "Startup Cost": 1953624.16,
          "Total Cost": 1953624.37,
          "Plan Rows": 2,
          "Plan Width": 32,
          "Workers Planned": 2,
          "Single Copy": false,
          "Plans": [
            {
              "Node Type": "Aggregate",
              "Strategy": "Plain",
              "Partial Mode": "Partial",
              "Parent Relationship": "Outer",
              "Parallel Aware": false,
              "Async Capable": false,
              "Startup Cost": 1952624.16,
              "Total Cost": 1952624.17,
              "Plan Rows": 1,
              "Plan Width": 32,
              "Plans": [
                {
                  "Node Type": "Hash Join",
                  "Parent Relationship": "Outer",
                  "Parallel Aware": true,
                  "Async Capable": false,
                  "Join Type": "Inner",
                  "Startup Cost": 76402.01,
                  "Total Cost": 1952620.73,
                  "Plan Rows": 457,
                  "Plan Width": 12,
                  "Inner Unique": false,
                  "Hash Cond": "(lineitem.l_partkey = part.p_partkey)",
                  "Join Filter": "(((part.p_brand = 'Brand#44'::bpchar) AND (part.p_container = ANY ('{\"SM CASE\",\"SM BOX\",\"SM PACK\",\"SM PKG\"}'::bpchar[])) AND (lineitem.l_quantity >= '7'::numeric) AND (lineitem.l_quantity <= '17'::numeric) AND (part.p_size <= 5)) OR ((part.p_brand = 'Brand#45'::bpchar) AND (part.p_container = ANY ('{\"MED BAG\",\"MED BOX\",\"MED PKG\",\"MED PACK\"}'::bpchar[])) AND (lineitem.l_quantity >= '12'::numeric) AND (lineitem.l_quantity <= '22'::numeric) AND (part.p_size <= 10)) OR ((part.p_brand = 'Brand#14'::bpchar) AND (part.p_container = ANY ('{\"LG CASE\",\"LG BOX\",\"LG PACK\",\"LG PKG\"}'::bpchar[])) AND (lineitem.l_quantity >= '24'::numeric) AND (lineitem.l_quantity <= '34'::numeric) AND (part.p_size <= 15)))",
                  "Plans": [
                    {
                      "Node Type": "Seq Scan",
                      "Parent Relationship": "Outer",
                      "Parallel Aware": true,
                      "Async Capable": false,
                      "Relation Name": "lineitem",
                      "Alias": "lineitem",
                      "Startup Cost": 0.0,
                      "Total Cost": 1874399.7,
                      "Plan Rows": 478400,
                      "Plan Width": 21,
                      "Filter": "((l_shipmode = ANY ('{AIR,\"AIR REG\"}'::bpchar[])) AND (l_shipinstruct = 'DELIVER IN PERSON'::bpchar) AND (((l_quantity >= '7'::numeric) AND (l_quantity <= '17'::numeric)) OR ((l_quantity >= '12'::numeric) AND (l_quantity <= '22'::numeric)) OR ((l_quantity >= '24'::numeric) AND (l_quantity <= '34'::numeric))))",
                      "parent": 3,
                      "ID": 4
                    },
                    {
                      "Node Type": "Hash",
                      "Parent Relationship": "Inner",
                      "Parallel Aware": true,
                      "Async Capable": false,
                      "Startup Cost": 76377.36,
                      "Total Cost": 76377.36,
                      "Plan Rows": 1972,
                      "Plan Width": 30,
                      "Plans": [
                        {
                          "Node Type": "Seq Scan",
                          "Parent Relationship": "Outer",
                          "Parallel Aware": true,
                          "Async Capable": false,
                          "Relation Name": "part",
                          "Alias": "part",
                          "Startup Cost": 0.0,
                          "Total Cost": 76377.36,
                          "Plan Rows": 1972,
                          "Plan Width": 30,
                          "Filter": "((p_size >= 1) AND (((p_brand = 'Brand#44'::bpchar) AND (p_container = ANY ('{\"SM CASE\",\"SM BOX\",\"SM PACK\",\"SM PKG\"}'::bpchar[])) AND (p_size <= 5)) OR ((p_brand = 'Brand#45'::bpchar) AND (p_container = ANY ('{\"MED BAG\",\"MED BOX\",\"MED PKG\",\"MED PACK\"}'::bpchar[])) AND (p_size <= 10)) OR ((p_brand = 'Brand#14'::bpchar) AND (p_container = ANY ('{\"LG CASE\",\"LG BOX\",\"LG PACK\",\"LG PKG\"}'::bpchar[])) AND (p_size <= 15))))",
                          "parent": 5,
                          "ID": 6
                        }
                      ],
                      "parent": 3,
                      "ID": 5,
                      "left": 6
                    }
                  ],
                  "parent": 2,
                  "ID": 3,
                  "left": 4,
                  "right": 5
                }
              ],
              "parent": 1,
              "ID": 2,
              "left": 3
            }
          ],
          "parent": 0,
          "ID": 1,
          "left": 2
        }
      ],
      "parent": null,
      "ID": 0,
      "left": 1
    },
    "feat": {
      "utility": 0.07812466617626407,
      "query_shape": [
        [
          "Seq Scan",
          "Hash Join",
          "Aggregate",
          "Gather"
        ],
        [
          "Seq Scan",
          "Hash",
          "Hash Join",
          "Aggregate",
          "Gather"
        ]
      ],
      "index_shape": [
        "join"
      ],
      "physical_operator": {
        "Seq Scan": [
          0.0009860000000000424
        ],
        "Hash Join": [
          0.0006959997109417854
        ]
      }
    }
  },
  {
    "query": "-- Functional Query Definition\n-- Approved February 1998\n\n\nselect\nsum(l_extendedprice* (1 - l_discount)) as revenue\nfrom\nlineitem,\npart\nwhere\n(\np_partkey = l_partkey\nand p_brand = 'Brand#44'\nand p_container in ('SM CASE', 'SM BOX', 'SM PACK', 'SM PKG')\nand l_quantity >= 7 and l_quantity <= 7 + 10\nand p_size between 1 and 5\nand l_shipmode in ('AIR', 'AIR REG')\nand l_shipinstruct = 'DELIVER IN PERSON'\n)\nor\n(\np_partkey = l_partkey\nand p_brand = 'Brand#45'\nand p_container in ('MED BAG', 'MED BOX', 'MED PKG', 'MED PACK')\nand l_quantity >= 12 and l_quantity <= 12 + 10\nand p_size between 1 and 10\nand l_shipmode in ('AIR', 'AIR REG')\nand l_shipinstruct = 'DELIVER IN PERSON'\n)\nor\n(\np_partkey = l_partkey\nand p_brand = 'Brand#14'\nand p_container in ('LG CASE', 'LG BOX', 'LG PACK', 'LG PKG')\nand l_quantity >= 24 and l_quantity <= 24 + 10\nand p_size between 1 and 15\nand l_shipmode in ('AIR', 'AIR REG')\nand l_shipinstruct = 'DELIVER IN PERSON'\n) ;\n-- $ID$\n-- TPC-H/TPC-R Potential Part Promotion ",
    "indexes": "part.p_container",
    "wo plan est": {
      "Node Type": "Aggregate",
      "Strategy": "Plain",
      "Partial Mode": "Finalize",
      "Parallel Aware": false,
      "Async Capable": false,
      "Startup Cost": 1953624.38,
      "Total Cost": 1953624.39,
      "Plan Rows": 1,
      "Plan Width": 32,
      "Plans": [
        {
          "Node Type": "Gather",
          "Parent Relationship": "Outer",
          "Parallel Aware": false,
          "Async Capable": false,
          "Startup Cost": 1953624.16,
          "Total Cost": 1953624.37,
          "Plan Rows": 2,
          "Plan Width": 32,
          "Workers Planned": 2,
          "Single Copy": false,
          "Plans": [
            {
              "Node Type": "Aggregate",
              "Strategy": "Plain",
              "Partial Mode": "Partial",
              "Parent Relationship": "Outer",
              "Parallel Aware": false,
              "Async Capable": false,
              "Startup Cost": 1952624.16,
              "Total Cost": 1952624.17,
              "Plan Rows": 1,
              "Plan Width": 32,
              "Plans": [
                {
                  "Node Type": "Hash Join",
                  "Parent Relationship": "Outer",
                  "Parallel Aware": true,
                  "Async Capable": false,
                  "Join Type": "Inner",
                  "Startup Cost": 76402.01,
                  "Total Cost": 1952620.73,
                  "Plan Rows": 457,
                  "Plan Width": 12,
                  "Inner Unique": false,
                  "Hash Cond": "(lineitem.l_partkey = part.p_partkey)",
                  "Join Filter": "(((part.p_brand = 'Brand#44'::bpchar) AND (part.p_container = ANY ('{\"SM CASE\",\"SM BOX\",\"SM PACK\",\"SM PKG\"}'::bpchar[])) AND (lineitem.l_quantity >= '7'::numeric) AND (lineitem.l_quantity <= '17'::numeric) AND (part.p_size <= 5)) OR ((part.p_brand = 'Brand#45'::bpchar) AND (part.p_container = ANY ('{\"MED BAG\",\"MED BOX\",\"MED PKG\",\"MED PACK\"}'::bpchar[])) AND (lineitem.l_quantity >= '12'::numeric) AND (lineitem.l_quantity <= '22'::numeric) AND (part.p_size <= 10)) OR ((part.p_brand = 'Brand#14'::bpchar) AND (part.p_container = ANY ('{\"LG CASE\",\"LG BOX\",\"LG PACK\",\"LG PKG\"}'::bpchar[])) AND (lineitem.l_quantity >= '24'::numeric) AND (lineitem.l_quantity <= '34'::numeric) AND (part.p_size <= 15)))",
                  "Plans": [
                    {
                      "Node Type": "Seq Scan",
                      "Parent Relationship": "Outer",
                      "Parallel Aware": true,
                      "Async Capable": false,
                      "Relation Name": "lineitem",
                      "Alias": "lineitem",
                      "Startup Cost": 0.0,
                      "Total Cost": 1874399.7,
                      "Plan Rows": 478400,
                      "Plan Width": 21,
                      "Filter": "((l_shipmode = ANY ('{AIR,\"AIR REG\"}'::bpchar[])) AND (l_shipinstruct = 'DELIVER IN PERSON'::bpchar) AND (((l_quantity >= '7'::numeric) AND (l_quantity <= '17'::numeric)) OR ((l_quantity >= '12'::numeric) AND (l_quantity <= '22'::numeric)) OR ((l_quantity >= '24'::numeric) AND (l_quantity <= '34'::numeric))))",
                      "parent": 3,
                      "ID": 4
                    },
                    {
                      "Node Type": "Hash",
                      "Parent Relationship": "Inner",
                      "Parallel Aware": true,
                      "Async Capable": false,
                      "Startup Cost": 76377.36,
                      "Total Cost": 76377.36,
                      "Plan Rows": 1972,
                      "Plan Width": 30,
                      "Plans": [
                        {
                          "Node Type": "Seq Scan",
                          "Parent Relationship": "Outer",
                          "Parallel Aware": true,
                          "Async Capable": false,
                          "Relation Name": "part",
                          "Alias": "part",
                          "Startup Cost": 0.0,
                          "Total Cost": 76377.36,
                          "Plan Rows": 1972,
                          "Plan Width": 30,
                          "Filter": "((p_size >= 1) AND (((p_brand = 'Brand#44'::bpchar) AND (p_container = ANY ('{\"SM CASE\",\"SM BOX\",\"SM PACK\",\"SM PKG\"}'::bpchar[])) AND (p_size <= 5)) OR ((p_brand = 'Brand#45'::bpchar) AND (p_container = ANY ('{\"MED BAG\",\"MED BOX\",\"MED PKG\",\"MED PACK\"}'::bpchar[])) AND (p_size <= 10)) OR ((p_brand = 'Brand#14'::bpchar) AND (p_container = ANY ('{\"LG CASE\",\"LG BOX\",\"LG PACK\",\"LG PKG\"}'::bpchar[])) AND (p_size <= 15))))",
                          "parent": 5,
                          "ID": 6
                        }
                      ],
                      "parent": 3,
                      "ID": 5,
                      "left": 6
                    }
                  ],
                  "parent": 2,
                  "ID": 3,
                  "left": 4,
                  "right": 5
                }
              ],
              "parent": 1,
              "ID": 2,
              "left": 3
            }
          ],
          "parent": 0,
          "ID": 1,
          "left": 2
        }
      ],
      "parent": null,
      "ID": 0,
      "left": 1
    },
    "feat": {
      "utility": 0.07812466617626407,
      "query_shape": [
        [
          "Seq Scan",
          "Hash Join",
          "Aggregate",
          "Gather"
        ],
        [
          "Seq Scan",
          "Hash",
          "Hash Join",
          "Aggregate",
          "Gather"
        ]
      ],
      "index_shape": [
        "join"
      ],
      "physical_operator": {
        "Seq Scan": [
          0.0009860000000000424
        ],
        "Hash Join": [
          0.0006959997109417854
        ]
      }
    }
  },
  {
    "query": "-- Function Query Definition\n-- Approved February 1998\n\n\nselect\nc_name,\nc_custkey,\no_orderkey,\no_orderdate,\no_totalprice,\nsum(l_quantity)\nfrom\ncustomer,\norders,\nlineitem\nwhere\no_orderkey in (\nselect\nl_orderkey\nfrom\nlineitem\ngroup by\nl_orderkey having\nsum(l_quantity) > 315\n)\nand c_custkey = o_custkey\nand o_orderkey = l_orderkey\ngroup by\nc_name,\nc_custkey,\no_orderkey,\no_orderdate,\no_totalprice\norder by\no_totalprice desc,\no_orderdate limit 100;\n-- $ID$\n-- TPC-H/TPC-R Discounted Revenue ",
    "indexes": "customer.c_custkey",
    "wo plan est": {
      "Node Type": "Limit",
      "Parallel Aware": false,
      "Async Capable": false,
      "Startup Cost": 6708552.79,
      "Total Cost": 6708555.79,
      "Plan Rows": 100,
      "Plan Width": 71,
      "Plans": [
        {
          "Node Type": "Aggregate",
          "Strategy": "Sorted",
          "Partial Mode": "Simple",
          "Parent Relationship": "Outer",
          "Parallel Aware": false,
          "Async Capable": false,
          "Startup Cost": 6708552.79,
          "Total Cost": 6724350.55,
          "Plan Rows": 526592,
          "Plan Width": 71,
          "Group Key": [
            "orders.o_totalprice",
            "orders.o_orderdate",
            "customer.c_name",
            "customer.c_custkey",
            "orders.o_orderkey"
          ],
          "Plans": [
            {
              "Node Type": "Sort",
              "Parent Relationship": "Outer",
              "Parallel Aware": false,
              "Async Capable": false,
              "Startup Cost": 6708552.79,
              "Total Cost": 6709869.27,
              "Plan Rows": 526592,
              "Plan Width": 44,
              "Sort Key": [
                "orders.o_totalprice DESC",
                "orders.o_orderdate",
                "customer.c_name",
                "customer.c_custkey",
                "orders.o_orderkey"
              ],
              "Plans": [
                {
                  "Node Type": "Hash Join",
                  "Parent Relationship": "Outer",
                  "Parallel Aware": false,
                  "Async Capable": false,
                  "Join Type": "Inner",
                  "Startup Cost": 4100671.01,
                  "Total Cost": 6642308.4,
                  "Plan Rows": 526592,
                  "Plan Width": 44,
                  "Inner Unique": false,
                  "Hash Cond": "(lineitem.l_orderkey = orders.o_orderkey)",
                  "Plans": [
                    {
                      "Node Type": "Seq Scan",
                      "Parent Relationship": "Outer",
                      "Parallel Aware": false,
                      "Async Capable": false,
                      "Relation Name": "lineitem",
                      "Alias": "lineitem",
                      "Startup Cost": 0.0,
                      "Total Cost": 1724428.16,
                      "Plan Rows": 59988616,
                      "Plan Width": 9,
                      "parent": 3,
                      "ID": 4
                    },
                    {
                      "Node Type": "Hash",
                      "Parent Relationship": "Inner",
                      "Parallel Aware": false,
                      "Async Capable": false,
                      "Startup Cost": 4097867.21,
                      "Total Cost": 4097867.21,
                      "Plan Rows": 131664,
                      "Plan Width": 43,
                      "Plans": [
                        {
                          "Node Type": "Hash Join",
                          "Parent Relationship": "Outer",
                          "Parallel Aware": false,
                          "Async Capable": false,
                          "Join Type": "Inner",
                          "Startup Cost": 3459164.82,
                          "Total Cost": 4097867.21,
                          "Plan Rows": 131664,
                          "Plan Width": 43,
                          "Inner Unique": false,
                          "Hash Cond": "(orders.o_custkey = customer.c_custkey)",
                          "Plans": [
                            {
                              "Node Type": "Hash Join",
                              "Parent Relationship": "Outer",
                              "Parallel Aware": false,
                              "Async Capable": false,
                              "Join Type": "Inner",
                              "Startup Cost": 3380801.41,
                              "Total Cost": 4007360.41,
                              "Plan Rows": 131664,
                              "Plan Width": 24,
                              "Inner Unique": true,
                              "Hash Cond": "(orders.o_orderkey = lineitem_1.l_orderkey)",
                              "Plans": [
                                {
                                  "Node Type": "Seq Scan",
                                  "Parent Relationship": "Outer",
                                  "Parallel Aware": false,
                                  "Async Capable": false,
                                  "Relation Name": "orders",
                                  "Alias": "orders",
                                  "Startup Cost": 0.0,
                                  "Total Cost": 410901.7,
                                  "Plan Rows": 14998970,
                                  "Plan Width": 20,
                                  "parent": 7,
                                  "ID": 8
                                },
                                {
                                  "Node Type": "Hash",
                                  "Parent Relationship": "Inner",
                                  "Parallel Aware": false,
                                  "Async Capable": false,
                                  "Startup Cost": 3378640.61,
                                  "Total Cost": 3378640.61,
                                  "Plan Rows": 131664,
                                  "Plan Width": 4,
                                  "Plans": [
                                    {
                                      "Node Type": "Aggregate",
                                      "Strategy": "Sorted",
                                      "Partial Mode": "Finalize",
                                      "Parent Relationship": "Outer",
                                      "Parallel Aware": false,
                                      "Async Capable": false,
                                      "Startup Cost": 3273303.23,
                                      "Total Cost": 3377323.97,
                                      "Plan Rows": 131664,
                                      "Plan Width": 4,
                                      "Group Key": [
                                        "lineitem_1.l_orderkey"
                                      ],
                                      "Filter": "(sum(lineitem_1.l_quantity) > '315'::numeric)",
                                      "Plans": [
                                        {
                                          "Node Type": "Gather Merge",
                                          "Parent Relationship": "Outer",
                                          "Parallel Aware": false,
                                          "Async Capable": false,
                                          "Startup Cost": 3273303.23,
                                          "Total Cost": 3365474.24,
                                          "Plan Rows": 789982,
                                          "Plan Width": 36,
                                          "Workers Planned": 2,
                                          "Plans": [
                                            {
                                              "Node Type": "Sort",
                                              "Parent Relationship": "Outer",
                                              "Parallel Aware": false,
                                              "Async Capable": false,
                                              "Startup Cost": 3272303.21,
                                              "Total Cost": 3273290.69,
                                              "Plan Rows": 394991,
                                              "Plan Width": 36,
                                              "Sort Key": [
                                                "lineitem_1.l_orderkey"
                                              ],
                                              "Plans": [
                                                {
                                                  "Node Type": "Aggregate",
                                                  "Strategy": "Hashed",
                                                  "Partial Mode": "Partial",
                                                  "Parent Relationship": "Outer",
                                                  "Parallel Aware": false,
                                                  "Async Capable": false,
                                                  "Startup Cost": 2975753.22,
                                                  "Total Cost": 3224784.91,
                                                  "Plan Rows": 394991,
                                                  "Plan Width": 36,
                                                  "Group Key": [
                                                    "lineitem_1.l_orderkey"
                                                  ],
                                                  "Planned Partitions": 32,
                                                  "Plans": [
                                                    {
                                                      "Node Type": "Seq Scan",
                                                      "Parent Relationship": "Outer",
                                                      "Parallel Aware": true,
                                                      "Async Capable": false,
                                                      "Relation Name": "lineitem",
                                                      "Alias": "lineitem_1",
                                                      "Startup Cost": 0.0,
                                                      "Total Cost": 1374494.57,
                                                      "Plan Rows": 24995257,
                                                      "Plan Width": 9,
                                                      "parent": 13,
                                                      "ID": 14
                                                    }
                                                  ],
                                                  "parent": 12,
                                                  "ID": 13,
                                                  "left": 14
                                                }
                                              ],
                                              "parent": 11,
                                              "ID": 12,
                                              "left": 13
                                            }
                                          ],
                                          "parent": 10,
                                          "ID": 11,
                                          "left": 12
                                        }
                                      ],
                                      "parent": 9,
                                      "ID": 10,
                                      "left": 11
                                    }
                                  ],
                                  "parent": 7,
                                  "ID": 9,
                                  "left": 10
                                }
                              ],
                              "parent": 6,
                              "ID": 7,
                              "left": 8,
                              "right": 9
                            },
                            {
                              "Node Type": "Hash",
                              "Parent Relationship": "Inner",
                              "Parallel Aware": false,
                              "Async Capable": false,
                              "Startup Cost": 50825.85,
                              "Total Cost": 50825.85,
                              "Plan Rows": 1499885,
                              "Plan Width": 23,
                              "Plans": [
                                {
                                  "Node Type": "Seq Scan",
                                  "Parent Relationship": "Outer",
                                  "Parallel Aware": false,
                                  "Async Capable": false,
                                  "Relation Name": "customer",
                                  "Alias": "customer",
                                  "Startup Cost": 0.0,
                                  "Total Cost": 50825.85,
                                  "Plan Rows": 1499885,
                                  "Plan Width": 23,
                                  "parent": 15,
                                  "ID": 16
                                }
                              ],
                              "parent": 6,
                              "ID": 15,
                              "left": 16
                            }
                          ],
                          "parent": 5,
                          "ID": 6,
                          "left": 7,
                          "right": 15
                        }
                      ],
                      "parent": 3,
                      "ID": 5,
                      "left": 6
                    }
                  ],
                  "parent": 2,
                  "ID": 3,
                  "left": 4,
                  "right": 5
                }
              ],
              "parent": 1,
              "ID": 2,
              "left": 3
            }
          ],
          "parent": 0,
          "ID": 1,
          "left": 2
        }
      ],
      "parent": null,
      "ID": 0,
      "left": 1
    },
    "feat": {
      "utility": 0.0075700867468467,
      "query_shape": [
        [
          "Seq Scan",
          "Hash Join",
          "Sort",
          "Aggregate"
        ],
        [
          "Seq Scan",
          "Hash Join",
          "Hash",
          "Sort",
          "Aggregate"
        ],
        [
          "Seq Scan",
          "Aggregate",
          "Sort",
          "Gather Merge",
          "Hash",
          "Hash Join"
        ],
        [
          "Seq Scan",
          "Hash",
          "Hash Join",
          "Sort",
          "Aggregate"
        ]
      ],
      "index_shape": [
        "join"
      ],
      "physical_operator": {
        "Hash Join": [
          0.0008165278817631378
        ],
        "Sort": [
          "[1.0000000e+00 3.0009800e+03 6.0009600e+03 9.0009400e+03 1.2000920e+04\n 1.5000900e+04 1.8000880e+04 2.1000860e+04 2.4000840e+04 2.7000820e+04\n 3.0000800e+04 3.3000780e+04 3.6000760e+04 3.9000740e+04 4.2000720e+04\n 4.5000700e+04 4.8000680e+04 5.1000660e+04 5.4000640e+04 5.7000620e+04\n 6.0000600e+04 6.3000580e+04 6.6000560e+04 6.9000540e+04 7.2000520e+04\n 7.5000500e+04 7.8000480e+04 8.1000460e+04 8.4000440e+04 8.7000420e+04\n 9.0000400e+04 9.3000380e+04 9.6000360e+04 9.9000340e+04 1.0200032e+05\n 1.0500030e+05 1.0800028e+05 1.1100026e+05 1.1400024e+05 1.1700022e+05\n 1.2000020e+05 1.2300018e+05 1.2600016e+05 1.2900014e+05 1.3200012e+05\n 1.3500010e+05 1.3800008e+05 1.4100006e+05 1.4400004e+05 1.4700002e+05\n 1.5000000e+05]"
        ],
        "Aggregate": [
          "[1.0000000e+00 3.0009800e+03 6.0009600e+03 9.0009400e+03 1.2000920e+04\n 1.5000900e+04 1.8000880e+04 2.1000860e+04 2.4000840e+04 2.7000820e+04\n 3.0000800e+04 3.3000780e+04 3.6000760e+04 3.9000740e+04 4.2000720e+04\n 4.5000700e+04 4.8000680e+04 5.1000660e+04 5.4000640e+04 5.7000620e+04\n 6.0000600e+04 6.3000580e+04 6.6000560e+04 6.9000540e+04 7.2000520e+04\n 7.5000500e+04 7.8000480e+04 8.1000460e+04 8.4000440e+04 8.7000420e+04\n 9.0000400e+04 9.3000380e+04 9.6000360e+04 9.9000340e+04 1.0200032e+05\n 1.0500030e+05 1.0800028e+05 1.1100026e+05 1.1400024e+05 1.1700022e+05\n 1.2000020e+05 1.2300018e+05 1.2600016e+05 1.2900014e+05 1.3200012e+05\n 1.3500010e+05 1.3800008e+05 1.4100006e+05 1.4400004e+05 1.4700002e+05\n 1.5000000e+05]"
        ]
      }
    }
  },
  {
    "query": "-- Function Query Definition\n-- Approved February 1998\n\n\nselect\nc_name,\nc_custkey,\no_orderkey,\no_orderdate,\no_totalprice,\nsum(l_quantity)\nfrom\ncustomer,\norders,\nlineitem\nwhere\no_orderkey in (\nselect\nl_orderkey\nfrom\nlineitem\ngroup by\nl_orderkey having\nsum(l_quantity) > 315\n)\nand c_custkey = o_custkey\nand o_orderkey = l_orderkey\ngroup by\nc_name,\nc_custkey,\no_orderkey,\no_orderdate,\no_totalprice\norder by\no_totalprice desc,\no_orderdate limit 100;\n-- $ID$\n-- TPC-H/TPC-R Discounted Revenue ",
    "indexes": "customer.c_name",
    "wo plan est": {
      "Node Type": "Limit",
      "Parallel Aware": false,
      "Async Capable": false,
      "Startup Cost": 6708552.79,
      "Total Cost": 6708555.79,
      "Plan Rows": 100,
      "Plan Width": 71,
      "Plans": [
        {
          "Node Type": "Aggregate",
          "Strategy": "Sorted",
          "Partial Mode": "Simple",
          "Parent Relationship": "Outer",
          "Parallel Aware": false,
          "Async Capable": false,
          "Startup Cost": 6708552.79,
          "Total Cost": 6724350.55,
          "Plan Rows": 526592,
          "Plan Width": 71,
          "Group Key": [
            "orders.o_totalprice",
            "orders.o_orderdate",
            "customer.c_name",
            "customer.c_custkey",
            "orders.o_orderkey"
          ],
          "Plans": [
            {
              "Node Type": "Sort",
              "Parent Relationship": "Outer",
              "Parallel Aware": false,
              "Async Capable": false,
              "Startup Cost": 6708552.79,
              "Total Cost": 6709869.27,
              "Plan Rows": 526592,
              "Plan Width": 44,
              "Sort Key": [
                "orders.o_totalprice DESC",
                "orders.o_orderdate",
                "customer.c_name",
                "customer.c_custkey",
                "orders.o_orderkey"
              ],
              "Plans": [
                {
                  "Node Type": "Hash Join",
                  "Parent Relationship": "Outer",
                  "Parallel Aware": false,
                  "Async Capable": false,
                  "Join Type": "Inner",
                  "Startup Cost": 4100671.01,
                  "Total Cost": 6642308.4,
                  "Plan Rows": 526592,
                  "Plan Width": 44,
                  "Inner Unique": false,
                  "Hash Cond": "(lineitem.l_orderkey = orders.o_orderkey)",
                  "Plans": [
                    {
                      "Node Type": "Seq Scan",
                      "Parent Relationship": "Outer",
                      "Parallel Aware": false,
                      "Async Capable": false,
                      "Relation Name": "lineitem",
                      "Alias": "lineitem",
                      "Startup Cost": 0.0,
                      "Total Cost": 1724428.16,
                      "Plan Rows": 59988616,
                      "Plan Width": 9,
                      "parent": 3,
                      "ID": 4
                    },
                    {
                      "Node Type": "Hash",
                      "Parent Relationship": "Inner",
                      "Parallel Aware": false,
                      "Async Capable": false,
                      "Startup Cost": 4097867.21,
                      "Total Cost": 4097867.21,
                      "Plan Rows": 131664,
                      "Plan Width": 43,
                      "Plans": [
                        {
                          "Node Type": "Hash Join",
                          "Parent Relationship": "Outer",
                          "Parallel Aware": false,
                          "Async Capable": false,
                          "Join Type": "Inner",
                          "Startup Cost": 3459164.82,
                          "Total Cost": 4097867.21,
                          "Plan Rows": 131664,
                          "Plan Width": 43,
                          "Inner Unique": false,
                          "Hash Cond": "(orders.o_custkey = customer.c_custkey)",
                          "Plans": [
                            {
                              "Node Type": "Hash Join",
                              "Parent Relationship": "Outer",
                              "Parallel Aware": false,
                              "Async Capable": false,
                              "Join Type": "Inner",
                              "Startup Cost": 3380801.41,
                              "Total Cost": 4007360.41,
                              "Plan Rows": 131664,
                              "Plan Width": 24,
                              "Inner Unique": true,
                              "Hash Cond": "(orders.o_orderkey = lineitem_1.l_orderkey)",
                              "Plans": [
                                {
                                  "Node Type": "Seq Scan",
                                  "Parent Relationship": "Outer",
                                  "Parallel Aware": false,
                                  "Async Capable": false,
                                  "Relation Name": "orders",
                                  "Alias": "orders",
                                  "Startup Cost": 0.0,
                                  "Total Cost": 410901.7,
                                  "Plan Rows": 14998970,
                                  "Plan Width": 20,
                                  "parent": 7,
                                  "ID": 8
                                },
                                {
                                  "Node Type": "Hash",
                                  "Parent Relationship": "Inner",
                                  "Parallel Aware": false,
                                  "Async Capable": false,
                                  "Startup Cost": 3378640.61,
                                  "Total Cost": 3378640.61,
                                  "Plan Rows": 131664,
                                  "Plan Width": 4,
                                  "Plans": [
                                    {
                                      "Node Type": "Aggregate",
                                      "Strategy": "Sorted",
                                      "Partial Mode": "Finalize",
                                      "Parent Relationship": "Outer",
                                      "Parallel Aware": false,
                                      "Async Capable": false,
                                      "Startup Cost": 3273303.23,
                                      "Total Cost": 3377323.97,
                                      "Plan Rows": 131664,
                                      "Plan Width": 4,
                                      "Group Key": [
                                        "lineitem_1.l_orderkey"
                                      ],
                                      "Filter": "(sum(lineitem_1.l_quantity) > '315'::numeric)",
                                      "Plans": [
                                        {
                                          "Node Type": "Gather Merge",
                                          "Parent Relationship": "Outer",
                                          "Parallel Aware": false,
                                          "Async Capable": false,
                                          "Startup Cost": 3273303.23,
                                          "Total Cost": 3365474.24,
                                          "Plan Rows": 789982,
                                          "Plan Width": 36,
                                          "Workers Planned": 2,
                                          "Plans": [
                                            {
                                              "Node Type": "Sort",
                                              "Parent Relationship": "Outer",
                                              "Parallel Aware": false,
                                              "Async Capable": false,
                                              "Startup Cost": 3272303.21,
                                              "Total Cost": 3273290.69,
                                              "Plan Rows": 394991,
                                              "Plan Width": 36,
                                              "Sort Key": [
                                                "lineitem_1.l_orderkey"
                                              ],
                                              "Plans": [
                                                {
                                                  "Node Type": "Aggregate",
                                                  "Strategy": "Hashed",
                                                  "Partial Mode": "Partial",
                                                  "Parent Relationship": "Outer",
                                                  "Parallel Aware": false,
                                                  "Async Capable": false,
                                                  "Startup Cost": 2975753.22,
                                                  "Total Cost": 3224784.91,
                                                  "Plan Rows": 394991,
                                                  "Plan Width": 36,
                                                  "Group Key": [
                                                    "lineitem_1.l_orderkey"
                                                  ],
                                                  "Planned Partitions": 32,
                                                  "Plans": [
                                                    {
                                                      "Node Type": "Seq Scan",
                                                      "Parent Relationship": "Outer",
                                                      "Parallel Aware": true,
                                                      "Async Capable": false,
                                                      "Relation Name": "lineitem",
                                                      "Alias": "lineitem_1",
                                                      "Startup Cost": 0.0,
                                                      "Total Cost": 1374494.57,
                                                      "Plan Rows": 24995257,
                                                      "Plan Width": 9,
                                                      "parent": 13,
                                                      "ID": 14
                                                    }
                                                  ],
                                                  "parent": 12,
                                                  "ID": 13,
                                                  "left": 14
                                                }
                                              ],
                                              "parent": 11,
                                              "ID": 12,
                                              "left": 13
                                            }
                                          ],
                                          "parent": 10,
                                          "ID": 11,
                                          "left": 12
                                        }
                                      ],
                                      "parent": 9,
                                      "ID": 10,
                                      "left": 11
                                    }
                                  ],
                                  "parent": 7,
                                  "ID": 9,
                                  "left": 10
                                }
                              ],
                              "parent": 6,
                              "ID": 7,
                              "left": 8,
                              "right": 9
                            },
                            {
                              "Node Type": "Hash",
                              "Parent Relationship": "Inner",
                              "Parallel Aware": false,
                              "Async Capable": false,
                              "Startup Cost": 50825.85,
                              "Total Cost": 50825.85,
                              "Plan Rows": 1499885,
                              "Plan Width": 23,
                              "Plans": [
                                {
                                  "Node Type": "Seq Scan",
                                  "Parent Relationship": "Outer",
                                  "Parallel Aware": false,
                                  "Async Capable": false,
                                  "Relation Name": "customer",
                                  "Alias": "customer",
                                  "Startup Cost": 0.0,
                                  "Total Cost": 50825.85,
                                  "Plan Rows": 1499885,
                                  "Plan Width": 23,
                                  "parent": 15,
                                  "ID": 16
                                }
                              ],
                              "parent": 6,
                              "ID": 15,
                              "left": 16
                            }
                          ],
                          "parent": 5,
                          "ID": 6,
                          "left": 7,
                          "right": 15
                        }
                      ],
                      "parent": 3,
                      "ID": 5,
                      "left": 6
                    }
                  ],
                  "parent": 2,
                  "ID": 3,
                  "left": 4,
                  "right": 5
                }
              ],
              "parent": 1,
              "ID": 2,
              "left": 3
            }
          ],
          "parent": 0,
          "ID": 1,
          "left": 2
        }
      ],
      "parent": null,
      "ID": 0,
      "left": 1
    },
    "feat": {
      "utility": 0.0,
      "query_shape": [
        [
          "Seq Scan",
          "Hash Join",
          "Sort",
          "Aggregate"
        ],
        [
          "Seq Scan",
          "Hash Join",
          "Hash",
          "Sort",
          "Aggregate"
        ],
        [
          "Seq Scan",
          "Aggregate",
          "Sort",
          "Gather Merge",
          "Hash",
          "Hash Join"
        ],
        [
          "Seq Scan",
          "Hash",
          "Hash Join",
          "Sort",
          "Aggregate"
        ]
      ],
      "index_shape": [
        "order-by"
      ],
      "physical_operator": {
        "Sort": [
          "[0. 0. 0. 0. 0. 0. 0. 0. 0. 0. 0. 0. 0. 0. 0. 0. 0. 0. 0. 0. 0. 0. 0. 0.\n 0. 0. 0. 0. 0. 0. 0. 0. 0. 0. 0. 0. 0. 0. 0. 0. 0. 0. 0. 0. 0. 0. 0. 0.\n 0. 0. 0.]"
        ],
        "Aggregate": [
          "[0. 0. 0. 0. 0. 0. 0. 0. 0. 0. 0. 0. 0. 0. 0. 0. 0. 0. 0. 0. 0. 0. 0. 0.\n 0. 0. 0. 0. 0. 0. 0. 0. 0. 0. 0. 0. 0. 0. 0. 0. 0. 0. 0. 0. 0. 0. 0. 0.\n 0. 0. 0.]"
        ]
      }
    }
  },
  {
    "query": "-- Function Query Definition\n-- Approved February 1998\n\n\nselect\nc_name,\nc_custkey,\no_orderkey,\no_orderdate,\no_totalprice,\nsum(l_quantity)\nfrom\ncustomer,\norders,\nlineitem\nwhere\no_orderkey in (\nselect\nl_orderkey\nfrom\nlineitem\ngroup by\nl_orderkey having\nsum(l_quantity) > 315\n)\nand c_custkey = o_custkey\nand o_orderkey = l_orderkey\ngroup by\nc_name,\nc_custkey,\no_orderkey,\no_orderdate,\no_totalprice\norder by\no_totalprice desc,\no_orderdate limit 100;\n-- $ID$\n-- TPC-H/TPC-R Discounted Revenue ",
    "indexes": "lineitem.l_orderkey",
    "wo plan est": {
      "Node Type": "Limit",
      "Parallel Aware": false,
      "Async Capable": false,
      "Startup Cost": 6708552.79,
      "Total Cost": 6708555.79,
      "Plan Rows": 100,
      "Plan Width": 71,
      "Plans": [
        {
          "Node Type": "Aggregate",
          "Strategy": "Sorted",
          "Partial Mode": "Simple",
          "Parent Relationship": "Outer",
          "Parallel Aware": false,
          "Async Capable": false,
          "Startup Cost": 6708552.79,
          "Total Cost": 6724350.55,
          "Plan Rows": 526592,
          "Plan Width": 71,
          "Group Key": [
            "orders.o_totalprice",
            "orders.o_orderdate",
            "customer.c_name",
            "customer.c_custkey",
            "orders.o_orderkey"
          ],
          "Plans": [
            {
              "Node Type": "Sort",
              "Parent Relationship": "Outer",
              "Parallel Aware": false,
              "Async Capable": false,
              "Startup Cost": 6708552.79,
              "Total Cost": 6709869.27,
              "Plan Rows": 526592,
              "Plan Width": 44,
              "Sort Key": [
                "orders.o_totalprice DESC",
                "orders.o_orderdate",
                "customer.c_name",
                "customer.c_custkey",
                "orders.o_orderkey"
              ],
              "Plans": [
                {
                  "Node Type": "Hash Join",
                  "Parent Relationship": "Outer",
                  "Parallel Aware": false,
                  "Async Capable": false,
                  "Join Type": "Inner",
                  "Startup Cost": 4100671.01,
                  "Total Cost": 6642308.4,
                  "Plan Rows": 526592,
                  "Plan Width": 44,
                  "Inner Unique": false,
                  "Hash Cond": "(lineitem.l_orderkey = orders.o_orderkey)",
                  "Plans": [
                    {
                      "Node Type": "Seq Scan",
                      "Parent Relationship": "Outer",
                      "Parallel Aware": false,
                      "Async Capable": false,
                      "Relation Name": "lineitem",
                      "Alias": "lineitem",
                      "Startup Cost": 0.0,
                      "Total Cost": 1724428.16,
                      "Plan Rows": 59988616,
                      "Plan Width": 9,
                      "parent": 3,
                      "ID": 4
                    },
                    {
                      "Node Type": "Hash",
                      "Parent Relationship": "Inner",
                      "Parallel Aware": false,
                      "Async Capable": false,
                      "Startup Cost": 4097867.21,
                      "Total Cost": 4097867.21,
                      "Plan Rows": 131664,
                      "Plan Width": 43,
                      "Plans": [
                        {
                          "Node Type": "Hash Join",
                          "Parent Relationship": "Outer",
                          "Parallel Aware": false,
                          "Async Capable": false,
                          "Join Type": "Inner",
                          "Startup Cost": 3459164.82,
                          "Total Cost": 4097867.21,
                          "Plan Rows": 131664,
                          "Plan Width": 43,
                          "Inner Unique": false,
                          "Hash Cond": "(orders.o_custkey = customer.c_custkey)",
                          "Plans": [
                            {
                              "Node Type": "Hash Join",
                              "Parent Relationship": "Outer",
                              "Parallel Aware": false,
                              "Async Capable": false,
                              "Join Type": "Inner",
                              "Startup Cost": 3380801.41,
                              "Total Cost": 4007360.41,
                              "Plan Rows": 131664,
                              "Plan Width": 24,
                              "Inner Unique": true,
                              "Hash Cond": "(orders.o_orderkey = lineitem_1.l_orderkey)",
                              "Plans": [
                                {
                                  "Node Type": "Seq Scan",
                                  "Parent Relationship": "Outer",
                                  "Parallel Aware": false,
                                  "Async Capable": false,
                                  "Relation Name": "orders",
                                  "Alias": "orders",
                                  "Startup Cost": 0.0,
                                  "Total Cost": 410901.7,
                                  "Plan Rows": 14998970,
                                  "Plan Width": 20,
                                  "parent": 7,
                                  "ID": 8
                                },
                                {
                                  "Node Type": "Hash",
                                  "Parent Relationship": "Inner",
                                  "Parallel Aware": false,
                                  "Async Capable": false,
                                  "Startup Cost": 3378640.61,
                                  "Total Cost": 3378640.61,
                                  "Plan Rows": 131664,
                                  "Plan Width": 4,
                                  "Plans": [
                                    {
                                      "Node Type": "Aggregate",
                                      "Strategy": "Sorted",
                                      "Partial Mode": "Finalize",
                                      "Parent Relationship": "Outer",
                                      "Parallel Aware": false,
                                      "Async Capable": false,
                                      "Startup Cost": 3273303.23,
                                      "Total Cost": 3377323.97,
                                      "Plan Rows": 131664,
                                      "Plan Width": 4,
                                      "Group Key": [
                                        "lineitem_1.l_orderkey"
                                      ],
                                      "Filter": "(sum(lineitem_1.l_quantity) > '315'::numeric)",
                                      "Plans": [
                                        {
                                          "Node Type": "Gather Merge",
                                          "Parent Relationship": "Outer",
                                          "Parallel Aware": false,
                                          "Async Capable": false,
                                          "Startup Cost": 3273303.23,
                                          "Total Cost": 3365474.24,
                                          "Plan Rows": 789982,
                                          "Plan Width": 36,
                                          "Workers Planned": 2,
                                          "Plans": [
                                            {
                                              "Node Type": "Sort",
                                              "Parent Relationship": "Outer",
                                              "Parallel Aware": false,
                                              "Async Capable": false,
                                              "Startup Cost": 3272303.21,
                                              "Total Cost": 3273290.69,
                                              "Plan Rows": 394991,
                                              "Plan Width": 36,
                                              "Sort Key": [
                                                "lineitem_1.l_orderkey"
                                              ],
                                              "Plans": [
                                                {
                                                  "Node Type": "Aggregate",
                                                  "Strategy": "Hashed",
                                                  "Partial Mode": "Partial",
                                                  "Parent Relationship": "Outer",
                                                  "Parallel Aware": false,
                                                  "Async Capable": false,
                                                  "Startup Cost": 2975753.22,
                                                  "Total Cost": 3224784.91,
                                                  "Plan Rows": 394991,
                                                  "Plan Width": 36,
                                                  "Group Key": [
                                                    "lineitem_1.l_orderkey"
                                                  ],
                                                  "Planned Partitions": 32,
                                                  "Plans": [
                                                    {
                                                      "Node Type": "Seq Scan",
                                                      "Parent Relationship": "Outer",
                                                      "Parallel Aware": true,
                                                      "Async Capable": false,
                                                      "Relation Name": "lineitem",
                                                      "Alias": "lineitem_1",
                                                      "Startup Cost": 0.0,
                                                      "Total Cost": 1374494.57,
                                                      "Plan Rows": 24995257,
                                                      "Plan Width": 9,
                                                      "parent": 13,
                                                      "ID": 14
                                                    }
                                                  ],
                                                  "parent": 12,
                                                  "ID": 13,
                                                  "left": 14
                                                }
                                              ],
                                              "parent": 11,
                                              "ID": 12,
                                              "left": 13
                                            }
                                          ],
                                          "parent": 10,
                                          "ID": 11,
                                          "left": 12
                                        }
                                      ],
                                      "parent": 9,
                                      "ID": 10,
                                      "left": 11
                                    }
                                  ],
                                  "parent": 7,
                                  "ID": 9,
                                  "left": 10
                                }
                              ],
                              "parent": 6,
                              "ID": 7,
                              "left": 8,
                              "right": 9
                            },
                            {
                              "Node Type": "Hash",
                              "Parent Relationship": "Inner",
                              "Parallel Aware": false,
                              "Async Capable": false,
                              "Startup Cost": 50825.85,
                              "Total Cost": 50825.85,
                              "Plan Rows": 1499885,
                              "Plan Width": 23,
                              "Plans": [
                                {
                                  "Node Type": "Seq Scan",
                                  "Parent Relationship": "Outer",
                                  "Parallel Aware": false,
                                  "Async Capable": false,
                                  "Relation Name": "customer",
                                  "Alias": "customer",
                                  "Startup Cost": 0.0,
                                  "Total Cost": 50825.85,
                                  "Plan Rows": 1499885,
                                  "Plan Width": 23,
                                  "parent": 15,
                                  "ID": 16
                                }
                              ],
                              "parent": 6,
                              "ID": 15,
                              "left": 16
                            }
                          ],
                          "parent": 5,
                          "ID": 6,
                          "left": 7,
                          "right": 15
                        }
                      ],
                      "parent": 3,
                      "ID": 5,
                      "left": 6
                    }
                  ],
                  "parent": 2,
                  "ID": 3,
                  "left": 4,
                  "right": 5
                }
              ],
              "parent": 1,
              "ID": 2,
              "left": 3
            }
          ],
          "parent": 0,
          "ID": 1,
          "left": 2
        }
      ],
      "parent": null,
      "ID": 0,
      "left": 1
    },
    "feat": {
      "utility": 0.015148633465516396,
      "query_shape": [
        [
          "Seq Scan",
          "Hash Join",
          "Sort",
          "Aggregate"
        ],
        [
          "Seq Scan",
          "Hash Join",
          "Hash",
          "Sort",
          "Aggregate"
        ],
        [
          "Seq Scan",
          "Aggregate",
          "Sort",
          "Gather Merge",
          "Hash",
          "Hash Join"
        ],
        [
          "Seq Scan",
          "Hash",
          "Hash Join",
          "Sort",
          "Aggregate"
        ]
      ],
      "index_shape": [
        "join"
      ],
      "physical_operator": {
        "Hash Join": [
          0.00025820769738453086,
          0.00025820775503227394
        ],
        "Sort": [
          "[1.00000000e+00 1.19460280e+05 2.39746000e+05 3.60326000e+05\n 4.79811000e+05 5.99552000e+05 7.19745000e+05 8.39815000e+05\n 9.59750000e+05 1.08019800e+06 1.20026200e+06 1.32009800e+06\n 1.44006400e+06 1.56083664e+06 1.68038992e+06 1.80029420e+06\n 1.91993900e+06 2.04016276e+06 2.16029400e+06 2.28054800e+06\n 2.40067800e+06 2.52035300e+06 2.64115616e+06 2.76057644e+06\n 2.88077300e+06 3.00096100e+06 3.12105900e+06 3.24080200e+06\n 3.36051200e+06 3.48035700e+06 3.59968640e+06 3.71993800e+06\n 3.84009600e+06 3.96012800e+06 4.08048000e+06 4.20053900e+06\n 4.32003900e+06 4.44016436e+06 4.56050300e+06 4.68000600e+06\n 4.80012820e+06 4.91984600e+06 5.03996800e+06 5.16023000e+06\n 5.28083632e+06 5.40048600e+06 5.52083288e+06 5.64106200e+06\n 5.76086644e+06 5.88024900e+06 6.00000000e+06]"
        ],
        "Aggregate": [
          "[1.00000000e+00 1.19460280e+05 2.39746000e+05 3.60326000e+05\n 4.79811000e+05 5.99552000e+05 7.19745000e+05 8.39815000e+05\n 9.59750000e+05 1.08019800e+06 1.20026200e+06 1.32009800e+06\n 1.44006400e+06 1.56083664e+06 1.68038992e+06 1.80029420e+06\n 1.91993900e+06 2.04016276e+06 2.16029400e+06 2.28054800e+06\n 2.40067800e+06 2.52035300e+06 2.64115616e+06 2.76057644e+06\n 2.88077300e+06 3.00096100e+06 3.12105900e+06 3.24080200e+06\n 3.36051200e+06 3.48035700e+06 3.59968640e+06 3.71993800e+06\n 3.84009600e+06 3.96012800e+06 4.08048000e+06 4.20053900e+06\n 4.32003900e+06 4.44016436e+06 4.56050300e+06 4.68000600e+06\n 4.80012820e+06 4.91984600e+06 5.03996800e+06 5.16023000e+06\n 5.28083632e+06 5.40048600e+06 5.52083288e+06 5.64106200e+06\n 5.76086644e+06 5.88024900e+06 6.00000000e+06]",
          "[1.00000000e+00 1.19460280e+05 2.39746000e+05 3.60326000e+05\n 4.79811000e+05 5.99552000e+05 7.19745000e+05 8.39815000e+05\n 9.59750000e+05 1.08019800e+06 1.20026200e+06 1.32009800e+06\n 1.44006400e+06 1.56083664e+06 1.68038992e+06 1.80029420e+06\n 1.91993900e+06 2.04016276e+06 2.16029400e+06 2.28054800e+06\n 2.40067800e+06 2.52035300e+06 2.64115616e+06 2.76057644e+06\n 2.88077300e+06 3.00096100e+06 3.12105900e+06 3.24080200e+06\n 3.36051200e+06 3.48035700e+06 3.59968640e+06 3.71993800e+06\n 3.84009600e+06 3.96012800e+06 4.08048000e+06 4.20053900e+06\n 4.32003900e+06 4.44016436e+06 4.56050300e+06 4.68000600e+06\n 4.80012820e+06 4.91984600e+06 5.03996800e+06 5.16023000e+06\n 5.28083632e+06 5.40048600e+06 5.52083288e+06 5.64106200e+06\n 5.76086644e+06 5.88024900e+06 6.00000000e+06]"
        ]
      }
    }
  },
  {
    "query": "-- Function Query Definition\n-- Approved February 1998\n\n\nselect\nc_name,\nc_custkey,\no_orderkey,\no_orderdate,\no_totalprice,\nsum(l_quantity)\nfrom\ncustomer,\norders,\nlineitem\nwhere\no_orderkey in (\nselect\nl_orderkey\nfrom\nlineitem\ngroup by\nl_orderkey having\nsum(l_quantity) > 315\n)\nand c_custkey = o_custkey\nand o_orderkey = l_orderkey\ngroup by\nc_name,\nc_custkey,\no_orderkey,\no_orderdate,\no_totalprice\norder by\no_totalprice desc,\no_orderdate limit 100;\n-- $ID$\n-- TPC-H/TPC-R Discounted Revenue ",
    "indexes": "lineitem.l_quantity",
    "wo plan est": {
      "Node Type": "Limit",
      "Parallel Aware": false,
      "Async Capable": false,
      "Startup Cost": 6708552.79,
      "Total Cost": 6708555.79,
      "Plan Rows": 100,
      "Plan Width": 71,
      "Plans": [
        {
          "Node Type": "Aggregate",
          "Strategy": "Sorted",
          "Partial Mode": "Simple",
          "Parent Relationship": "Outer",
          "Parallel Aware": false,
          "Async Capable": false,
          "Startup Cost": 6708552.79,
          "Total Cost": 6724350.55,
          "Plan Rows": 526592,
          "Plan Width": 71,
          "Group Key": [
            "orders.o_totalprice",
            "orders.o_orderdate",
            "customer.c_name",
            "customer.c_custkey",
            "orders.o_orderkey"
          ],
          "Plans": [
            {
              "Node Type": "Sort",
              "Parent Relationship": "Outer",
              "Parallel Aware": false,
              "Async Capable": false,
              "Startup Cost": 6708552.79,
              "Total Cost": 6709869.27,
              "Plan Rows": 526592,
              "Plan Width": 44,
              "Sort Key": [
                "orders.o_totalprice DESC",
                "orders.o_orderdate",
                "customer.c_name",
                "customer.c_custkey",
                "orders.o_orderkey"
              ],
              "Plans": [
                {
                  "Node Type": "Hash Join",
                  "Parent Relationship": "Outer",
                  "Parallel Aware": false,
                  "Async Capable": false,
                  "Join Type": "Inner",
                  "Startup Cost": 4100671.01,
                  "Total Cost": 6642308.4,
                  "Plan Rows": 526592,
                  "Plan Width": 44,
                  "Inner Unique": false,
                  "Hash Cond": "(lineitem.l_orderkey = orders.o_orderkey)",
                  "Plans": [
                    {
                      "Node Type": "Seq Scan",
                      "Parent Relationship": "Outer",
                      "Parallel Aware": false,
                      "Async Capable": false,
                      "Relation Name": "lineitem",
                      "Alias": "lineitem",
                      "Startup Cost": 0.0,
                      "Total Cost": 1724428.16,
                      "Plan Rows": 59988616,
                      "Plan Width": 9,
                      "parent": 3,
                      "ID": 4
                    },
                    {
                      "Node Type": "Hash",
                      "Parent Relationship": "Inner",
                      "Parallel Aware": false,
                      "Async Capable": false,
                      "Startup Cost": 4097867.21,
                      "Total Cost": 4097867.21,
                      "Plan Rows": 131664,
                      "Plan Width": 43,
                      "Plans": [
                        {
                          "Node Type": "Hash Join",
                          "Parent Relationship": "Outer",
                          "Parallel Aware": false,
                          "Async Capable": false,
                          "Join Type": "Inner",
                          "Startup Cost": 3459164.82,
                          "Total Cost": 4097867.21,
                          "Plan Rows": 131664,
                          "Plan Width": 43,
                          "Inner Unique": false,
                          "Hash Cond": "(orders.o_custkey = customer.c_custkey)",
                          "Plans": [
                            {
                              "Node Type": "Hash Join",
                              "Parent Relationship": "Outer",
                              "Parallel Aware": false,
                              "Async Capable": false,
                              "Join Type": "Inner",
                              "Startup Cost": 3380801.41,
                              "Total Cost": 4007360.41,
                              "Plan Rows": 131664,
                              "Plan Width": 24,
                              "Inner Unique": true,
                              "Hash Cond": "(orders.o_orderkey = lineitem_1.l_orderkey)",
                              "Plans": [
                                {
                                  "Node Type": "Seq Scan",
                                  "Parent Relationship": "Outer",
                                  "Parallel Aware": false,
                                  "Async Capable": false,
                                  "Relation Name": "orders",
                                  "Alias": "orders",
                                  "Startup Cost": 0.0,
                                  "Total Cost": 410901.7,
                                  "Plan Rows": 14998970,
                                  "Plan Width": 20,
                                  "parent": 7,
                                  "ID": 8
                                },
                                {
                                  "Node Type": "Hash",
                                  "Parent Relationship": "Inner",
                                  "Parallel Aware": false,
                                  "Async Capable": false,
                                  "Startup Cost": 3378640.61,
                                  "Total Cost": 3378640.61,
                                  "Plan Rows": 131664,
                                  "Plan Width": 4,
                                  "Plans": [
                                    {
                                      "Node Type": "Aggregate",
                                      "Strategy": "Sorted",
                                      "Partial Mode": "Finalize",
                                      "Parent Relationship": "Outer",
                                      "Parallel Aware": false,
                                      "Async Capable": false,
                                      "Startup Cost": 3273303.23,
                                      "Total Cost": 3377323.97,
                                      "Plan Rows": 131664,
                                      "Plan Width": 4,
                                      "Group Key": [
                                        "lineitem_1.l_orderkey"
                                      ],
                                      "Filter": "(sum(lineitem_1.l_quantity) > '315'::numeric)",
                                      "Plans": [
                                        {
                                          "Node Type": "Gather Merge",
                                          "Parent Relationship": "Outer",
                                          "Parallel Aware": false,
                                          "Async Capable": false,
                                          "Startup Cost": 3273303.23,
                                          "Total Cost": 3365474.24,
                                          "Plan Rows": 789982,
                                          "Plan Width": 36,
                                          "Workers Planned": 2,
                                          "Plans": [
                                            {
                                              "Node Type": "Sort",
                                              "Parent Relationship": "Outer",
                                              "Parallel Aware": false,
                                              "Async Capable": false,
                                              "Startup Cost": 3272303.21,
                                              "Total Cost": 3273290.69,
                                              "Plan Rows": 394991,
                                              "Plan Width": 36,
                                              "Sort Key": [
                                                "lineitem_1.l_orderkey"
                                              ],
                                              "Plans": [
                                                {
                                                  "Node Type": "Aggregate",
                                                  "Strategy": "Hashed",
                                                  "Partial Mode": "Partial",
                                                  "Parent Relationship": "Outer",
                                                  "Parallel Aware": false,
                                                  "Async Capable": false,
                                                  "Startup Cost": 2975753.22,
                                                  "Total Cost": 3224784.91,
                                                  "Plan Rows": 394991,
                                                  "Plan Width": 36,
                                                  "Group Key": [
                                                    "lineitem_1.l_orderkey"
                                                  ],
                                                  "Planned Partitions": 32,
                                                  "Plans": [
                                                    {
                                                      "Node Type": "Seq Scan",
                                                      "Parent Relationship": "Outer",
                                                      "Parallel Aware": true,
                                                      "Async Capable": false,
                                                      "Relation Name": "lineitem",
                                                      "Alias": "lineitem_1",
                                                      "Startup Cost": 0.0,
                                                      "Total Cost": 1374494.57,
                                                      "Plan Rows": 24995257,
                                                      "Plan Width": 9,
                                                      "parent": 13,
                                                      "ID": 14
                                                    }
                                                  ],
                                                  "parent": 12,
                                                  "ID": 13,
                                                  "left": 14
                                                }
                                              ],
                                              "parent": 11,
                                              "ID": 12,
                                              "left": 13
                                            }
                                          ],
                                          "parent": 10,
                                          "ID": 11,
                                          "left": 12
                                        }
                                      ],
                                      "parent": 9,
                                      "ID": 10,
                                      "left": 11
                                    }
                                  ],
                                  "parent": 7,
                                  "ID": 9,
                                  "left": 10
                                }
                              ],
                              "parent": 6,
                              "ID": 7,
                              "left": 8,
                              "right": 9
                            },
                            {
                              "Node Type": "Hash",
                              "Parent Relationship": "Inner",
                              "Parallel Aware": false,
                              "Async Capable": false,
                              "Startup Cost": 50825.85,
                              "Total Cost": 50825.85,
                              "Plan Rows": 1499885,
                              "Plan Width": 23,
                              "Plans": [
                                {
                                  "Node Type": "Seq Scan",
                                  "Parent Relationship": "Outer",
                                  "Parallel Aware": false,
                                  "Async Capable": false,
                                  "Relation Name": "customer",
                                  "Alias": "customer",
                                  "Startup Cost": 0.0,
                                  "Total Cost": 50825.85,
                                  "Plan Rows": 1499885,
                                  "Plan Width": 23,
                                  "parent": 15,
                                  "ID": 16
                                }
                              ],
                              "parent": 6,
                              "ID": 15,
                              "left": 16
                            }
                          ],
                          "parent": 5,
                          "ID": 6,
                          "left": 7,
                          "right": 15
                        }
                      ],
                      "parent": 3,
                      "ID": 5,
                      "left": 6
                    }
                  ],
                  "parent": 2,
                  "ID": 3,
                  "left": 4,
                  "right": 5
                }
              ],
              "parent": 1,
              "ID": 2,
              "left": 3
            }
          ],
          "parent": 0,
          "ID": 1,
          "left": 2
        }
      ],
      "parent": null,
      "ID": 0,
      "left": 1
    },
    "feat": {
      "utility": 0.0,
      "query_shape": [
        [
          "Seq Scan",
          "Hash Join",
          "Sort",
          "Aggregate"
        ],
        [
          "Seq Scan",
          "Hash Join",
          "Hash",
          "Sort",
          "Aggregate"
        ],
        [
          "Seq Scan",
          "Aggregate",
          "Sort",
          "Gather Merge",
          "Hash",
          "Hash Join"
        ],
        [
          "Seq Scan",
          "Hash",
          "Hash Join",
          "Sort",
          "Aggregate"
        ]
      ],
      "index_shape": [
        "group-by"
      ],
      "physical_operator": {
        "Aggregate": [
          "[ 1.  1.  3.  4.  5.  6.  7.  8.  9. 10. 11. 12. 13. 14. 15. 16. 17. 18.\n 19. 20. 21. 22. 23. 24. 25. 26. 27. 28. 29. 30. 31. 32. 33. 34. 35. 36.\n 37. 37. 38. 39. 41. 41. 42. 43. 44. 45. 46. 47. 48. 49. 50.]"
        ]
      }
    }
  },
  {
    "query": "-- Function Query Definition\n-- Approved February 1998\n\n\nselect\nc_name,\nc_custkey,\no_orderkey,\no_orderdate,\no_totalprice,\nsum(l_quantity)\nfrom\ncustomer,\norders,\nlineitem\nwhere\no_orderkey in (\nselect\nl_orderkey\nfrom\nlineitem\ngroup by\nl_orderkey having\nsum(l_quantity) > 315\n)\nand c_custkey = o_custkey\nand o_orderkey = l_orderkey\ngroup by\nc_name,\nc_custkey,\no_orderkey,\no_orderdate,\no_totalprice\norder by\no_totalprice desc,\no_orderdate limit 100;\n-- $ID$\n-- TPC-H/TPC-R Discounted Revenue ",
    "indexes": "orders.o_orderkey",
    "wo plan est": {
      "Node Type": "Limit",
      "Parallel Aware": false,
      "Async Capable": false,
      "Startup Cost": 6708552.79,
      "Total Cost": 6708555.79,
      "Plan Rows": 100,
      "Plan Width": 71,
      "Plans": [
        {
          "Node Type": "Aggregate",
          "Strategy": "Sorted",
          "Partial Mode": "Simple",
          "Parent Relationship": "Outer",
          "Parallel Aware": false,
          "Async Capable": false,
          "Startup Cost": 6708552.79,
          "Total Cost": 6724350.55,
          "Plan Rows": 526592,
          "Plan Width": 71,
          "Group Key": [
            "orders.o_totalprice",
            "orders.o_orderdate",
            "customer.c_name",
            "customer.c_custkey",
            "orders.o_orderkey"
          ],
          "Plans": [
            {
              "Node Type": "Sort",
              "Parent Relationship": "Outer",
              "Parallel Aware": false,
              "Async Capable": false,
              "Startup Cost": 6708552.79,
              "Total Cost": 6709869.27,
              "Plan Rows": 526592,
              "Plan Width": 44,
              "Sort Key": [
                "orders.o_totalprice DESC",
                "orders.o_orderdate",
                "customer.c_name",
                "customer.c_custkey",
                "orders.o_orderkey"
              ],
              "Plans": [
                {
                  "Node Type": "Hash Join",
                  "Parent Relationship": "Outer",
                  "Parallel Aware": false,
                  "Async Capable": false,
                  "Join Type": "Inner",
                  "Startup Cost": 4100671.01,
                  "Total Cost": 6642308.4,
                  "Plan Rows": 526592,
                  "Plan Width": 44,
                  "Inner Unique": false,
                  "Hash Cond": "(lineitem.l_orderkey = orders.o_orderkey)",
                  "Plans": [
                    {
                      "Node Type": "Seq Scan",
                      "Parent Relationship": "Outer",
                      "Parallel Aware": false,
                      "Async Capable": false,
                      "Relation Name": "lineitem",
                      "Alias": "lineitem",
                      "Startup Cost": 0.0,
                      "Total Cost": 1724428.16,
                      "Plan Rows": 59988616,
                      "Plan Width": 9,
                      "parent": 3,
                      "ID": 4
                    },
                    {
                      "Node Type": "Hash",
                      "Parent Relationship": "Inner",
                      "Parallel Aware": false,
                      "Async Capable": false,
                      "Startup Cost": 4097867.21,
                      "Total Cost": 4097867.21,
                      "Plan Rows": 131664,
                      "Plan Width": 43,
                      "Plans": [
                        {
                          "Node Type": "Hash Join",
                          "Parent Relationship": "Outer",
                          "Parallel Aware": false,
                          "Async Capable": false,
                          "Join Type": "Inner",
                          "Startup Cost": 3459164.82,
                          "Total Cost": 4097867.21,
                          "Plan Rows": 131664,
                          "Plan Width": 43,
                          "Inner Unique": false,
                          "Hash Cond": "(orders.o_custkey = customer.c_custkey)",
                          "Plans": [
                            {
                              "Node Type": "Hash Join",
                              "Parent Relationship": "Outer",
                              "Parallel Aware": false,
                              "Async Capable": false,
                              "Join Type": "Inner",
                              "Startup Cost": 3380801.41,
                              "Total Cost": 4007360.41,
                              "Plan Rows": 131664,
                              "Plan Width": 24,
                              "Inner Unique": true,
                              "Hash Cond": "(orders.o_orderkey = lineitem_1.l_orderkey)",
                              "Plans": [
                                {
                                  "Node Type": "Seq Scan",
                                  "Parent Relationship": "Outer",
                                  "Parallel Aware": false,
                                  "Async Capable": false,
                                  "Relation Name": "orders",
                                  "Alias": "orders",
                                  "Startup Cost": 0.0,
                                  "Total Cost": 410901.7,
                                  "Plan Rows": 14998970,
                                  "Plan Width": 20,
                                  "parent": 7,
                                  "ID": 8
                                },
                                {
                                  "Node Type": "Hash",
                                  "Parent Relationship": "Inner",
                                  "Parallel Aware": false,
                                  "Async Capable": false,
                                  "Startup Cost": 3378640.61,
                                  "Total Cost": 3378640.61,
                                  "Plan Rows": 131664,
                                  "Plan Width": 4,
                                  "Plans": [
                                    {
                                      "Node Type": "Aggregate",
                                      "Strategy": "Sorted",
                                      "Partial Mode": "Finalize",
                                      "Parent Relationship": "Outer",
                                      "Parallel Aware": false,
                                      "Async Capable": false,
                                      "Startup Cost": 3273303.23,
                                      "Total Cost": 3377323.97,
                                      "Plan Rows": 131664,
                                      "Plan Width": 4,
                                      "Group Key": [
                                        "lineitem_1.l_orderkey"
                                      ],
                                      "Filter": "(sum(lineitem_1.l_quantity) > '315'::numeric)",
                                      "Plans": [
                                        {
                                          "Node Type": "Gather Merge",
                                          "Parent Relationship": "Outer",
                                          "Parallel Aware": false,
                                          "Async Capable": false,
                                          "Startup Cost": 3273303.23,
                                          "Total Cost": 3365474.24,
                                          "Plan Rows": 789982,
                                          "Plan Width": 36,
                                          "Workers Planned": 2,
                                          "Plans": [
                                            {
                                              "Node Type": "Sort",
                                              "Parent Relationship": "Outer",
                                              "Parallel Aware": false,
                                              "Async Capable": false,
                                              "Startup Cost": 3272303.21,
                                              "Total Cost": 3273290.69,
                                              "Plan Rows": 394991,
                                              "Plan Width": 36,
                                              "Sort Key": [
                                                "lineitem_1.l_orderkey"
                                              ],
                                              "Plans": [
                                                {
                                                  "Node Type": "Aggregate",
                                                  "Strategy": "Hashed",
                                                  "Partial Mode": "Partial",
                                                  "Parent Relationship": "Outer",
                                                  "Parallel Aware": false,
                                                  "Async Capable": false,
                                                  "Startup Cost": 2975753.22,
                                                  "Total Cost": 3224784.91,
                                                  "Plan Rows": 394991,
                                                  "Plan Width": 36,
                                                  "Group Key": [
                                                    "lineitem_1.l_orderkey"
                                                  ],
                                                  "Planned Partitions": 32,
                                                  "Plans": [
                                                    {
                                                      "Node Type": "Seq Scan",
                                                      "Parent Relationship": "Outer",
                                                      "Parallel Aware": true,
                                                      "Async Capable": false,
                                                      "Relation Name": "lineitem",
                                                      "Alias": "lineitem_1",
                                                      "Startup Cost": 0.0,
                                                      "Total Cost": 1374494.57,
                                                      "Plan Rows": 24995257,
                                                      "Plan Width": 9,
                                                      "parent": 13,
                                                      "ID": 14
                                                    }
                                                  ],
                                                  "parent": 12,
                                                  "ID": 13,
                                                  "left": 14
                                                }
                                              ],
                                              "parent": 11,
                                              "ID": 12,
                                              "left": 13
                                            }
                                          ],
                                          "parent": 10,
                                          "ID": 11,
                                          "left": 12
                                        }
                                      ],
                                      "parent": 9,
                                      "ID": 10,
                                      "left": 11
                                    }
                                  ],
                                  "parent": 7,
                                  "ID": 9,
                                  "left": 10
                                }
                              ],
                              "parent": 6,
                              "ID": 7,
                              "left": 8,
                              "right": 9
                            },
                            {
                              "Node Type": "Hash",
                              "Parent Relationship": "Inner",
                              "Parallel Aware": false,
                              "Async Capable": false,
                              "Startup Cost": 50825.85,
                              "Total Cost": 50825.85,
                              "Plan Rows": 1499885,
                              "Plan Width": 23,
                              "Plans": [
                                {
                                  "Node Type": "Seq Scan",
                                  "Parent Relationship": "Outer",
                                  "Parallel Aware": false,
                                  "Async Capable": false,
                                  "Relation Name": "customer",
                                  "Alias": "customer",
                                  "Startup Cost": 0.0,
                                  "Total Cost": 50825.85,
                                  "Plan Rows": 1499885,
                                  "Plan Width": 23,
                                  "parent": 15,
                                  "ID": 16
                                }
                              ],
                              "parent": 6,
                              "ID": 15,
                              "left": 16
                            }
                          ],
                          "parent": 5,
                          "ID": 6,
                          "left": 7,
                          "right": 15
                        }
                      ],
                      "parent": 3,
                      "ID": 5,
                      "left": 6
                    }
                  ],
                  "parent": 2,
                  "ID": 3,
                  "left": 4,
                  "right": 5
                }
              ],
              "parent": 1,
              "ID": 2,
              "left": 3
            }
          ],
          "parent": 0,
          "ID": 1,
          "left": 2
        }
      ],
      "parent": null,
      "ID": 0,
      "left": 1
    },
    "feat": {
      "utility": 0.015148633465516396,
      "query_shape": [
        [
          "Seq Scan",
          "Hash Join",
          "Sort",
          "Aggregate"
        ],
        [
          "Seq Scan",
          "Hash Join",
          "Hash",
          "Sort",
          "Aggregate"
        ],
        [
          "Seq Scan",
          "Aggregate",
          "Sort",
          "Gather Merge",
          "Hash",
          "Hash Join"
        ],
        [
          "Seq Scan",
          "Hash",
          "Hash Join",
          "Sort",
          "Aggregate"
        ]
      ],
      "index_shape": [
        "join"
      ],
      "physical_operator": {
        "Hash Join": [
          0.00025820769738453086,
          0.00025820775503227394
        ],
        "Sort": [
          "[1.00000000e+00 1.20000980e+05 2.40000960e+05 3.60000940e+05\n 4.80000920e+05 6.00000900e+05 7.20000880e+05 8.40000860e+05\n 9.60000840e+05 1.08000082e+06 1.20000080e+06 1.32000078e+06\n 1.44000076e+06 1.56000074e+06 1.68000072e+06 1.80000070e+06\n 1.92000068e+06 2.04000066e+06 2.16000064e+06 2.28000062e+06\n 2.40000060e+06 2.52000058e+06 2.64000056e+06 2.76000054e+06\n 2.88000052e+06 3.00000050e+06 3.12000048e+06 3.24000046e+06\n 3.36000044e+06 3.48000042e+06 3.60000040e+06 3.72000038e+06\n 3.84000036e+06 3.96000034e+06 4.08000032e+06 4.20000030e+06\n 4.32000028e+06 4.44000026e+06 4.56000024e+06 4.68000022e+06\n 4.80000020e+06 4.92000018e+06 5.04000016e+06 5.16000014e+06\n 5.28000012e+06 5.40000010e+06 5.52000008e+06 5.64000006e+06\n 5.76000004e+06 5.88000002e+06 6.00000000e+06]"
        ],
        "Aggregate": [
          "[1.00000000e+00 1.20000980e+05 2.40000960e+05 3.60000940e+05\n 4.80000920e+05 6.00000900e+05 7.20000880e+05 8.40000860e+05\n 9.60000840e+05 1.08000082e+06 1.20000080e+06 1.32000078e+06\n 1.44000076e+06 1.56000074e+06 1.68000072e+06 1.80000070e+06\n 1.92000068e+06 2.04000066e+06 2.16000064e+06 2.28000062e+06\n 2.40000060e+06 2.52000058e+06 2.64000056e+06 2.76000054e+06\n 2.88000052e+06 3.00000050e+06 3.12000048e+06 3.24000046e+06\n 3.36000044e+06 3.48000042e+06 3.60000040e+06 3.72000038e+06\n 3.84000036e+06 3.96000034e+06 4.08000032e+06 4.20000030e+06\n 4.32000028e+06 4.44000026e+06 4.56000024e+06 4.68000022e+06\n 4.80000020e+06 4.92000018e+06 5.04000016e+06 5.16000014e+06\n 5.28000012e+06 5.40000010e+06 5.52000008e+06 5.64000006e+06\n 5.76000004e+06 5.88000002e+06 6.00000000e+06]"
        ]
      }
    }
  },
  {
    "query": "-- Function Query Definition\n-- Approved February 1998\n\n\nselect\nc_name,\nc_custkey,\no_orderkey,\no_orderdate,\no_totalprice,\nsum(l_quantity)\nfrom\ncustomer,\norders,\nlineitem\nwhere\no_orderkey in (\nselect\nl_orderkey\nfrom\nlineitem\ngroup by\nl_orderkey having\nsum(l_quantity) > 315\n)\nand c_custkey = o_custkey\nand o_orderkey = l_orderkey\ngroup by\nc_name,\nc_custkey,\no_orderkey,\no_orderdate,\no_totalprice\norder by\no_totalprice desc,\no_orderdate limit 100;\n-- $ID$\n-- TPC-H/TPC-R Discounted Revenue ",
    "indexes": "orders.o_custkey",
    "wo plan est": {
      "Node Type": "Limit",
      "Parallel Aware": false,
      "Async Capable": false,
      "Startup Cost": 6708552.79,
      "Total Cost": 6708555.79,
      "Plan Rows": 100,
      "Plan Width": 71,
      "Plans": [
        {
          "Node Type": "Aggregate",
          "Strategy": "Sorted",
          "Partial Mode": "Simple",
          "Parent Relationship": "Outer",
          "Parallel Aware": false,
          "Async Capable": false,
          "Startup Cost": 6708552.79,
          "Total Cost": 6724350.55,
          "Plan Rows": 526592,
          "Plan Width": 71,
          "Group Key": [
            "orders.o_totalprice",
            "orders.o_orderdate",
            "customer.c_name",
            "customer.c_custkey",
            "orders.o_orderkey"
          ],
          "Plans": [
            {
              "Node Type": "Sort",
              "Parent Relationship": "Outer",
              "Parallel Aware": false,
              "Async Capable": false,
              "Startup Cost": 6708552.79,
              "Total Cost": 6709869.27,
              "Plan Rows": 526592,
              "Plan Width": 44,
              "Sort Key": [
                "orders.o_totalprice DESC",
                "orders.o_orderdate",
                "customer.c_name",
                "customer.c_custkey",
                "orders.o_orderkey"
              ],
              "Plans": [
                {
                  "Node Type": "Hash Join",
                  "Parent Relationship": "Outer",
                  "Parallel Aware": false,
                  "Async Capable": false,
                  "Join Type": "Inner",
                  "Startup Cost": 4100671.01,
                  "Total Cost": 6642308.4,
                  "Plan Rows": 526592,
                  "Plan Width": 44,
                  "Inner Unique": false,
                  "Hash Cond": "(lineitem.l_orderkey = orders.o_orderkey)",
                  "Plans": [
                    {
                      "Node Type": "Seq Scan",
                      "Parent Relationship": "Outer",
                      "Parallel Aware": false,
                      "Async Capable": false,
                      "Relation Name": "lineitem",
                      "Alias": "lineitem",
                      "Startup Cost": 0.0,
                      "Total Cost": 1724428.16,
                      "Plan Rows": 59988616,
                      "Plan Width": 9,
                      "parent": 3,
                      "ID": 4
                    },
                    {
                      "Node Type": "Hash",
                      "Parent Relationship": "Inner",
                      "Parallel Aware": false,
                      "Async Capable": false,
                      "Startup Cost": 4097867.21,
                      "Total Cost": 4097867.21,
                      "Plan Rows": 131664,
                      "Plan Width": 43,
                      "Plans": [
                        {
                          "Node Type": "Hash Join",
                          "Parent Relationship": "Outer",
                          "Parallel Aware": false,
                          "Async Capable": false,
                          "Join Type": "Inner",
                          "Startup Cost": 3459164.82,
                          "Total Cost": 4097867.21,
                          "Plan Rows": 131664,
                          "Plan Width": 43,
                          "Inner Unique": false,
                          "Hash Cond": "(orders.o_custkey = customer.c_custkey)",
                          "Plans": [
                            {
                              "Node Type": "Hash Join",
                              "Parent Relationship": "Outer",
                              "Parallel Aware": false,
                              "Async Capable": false,
                              "Join Type": "Inner",
                              "Startup Cost": 3380801.41,
                              "Total Cost": 4007360.41,
                              "Plan Rows": 131664,
                              "Plan Width": 24,
                              "Inner Unique": true,
                              "Hash Cond": "(orders.o_orderkey = lineitem_1.l_orderkey)",
                              "Plans": [
                                {
                                  "Node Type": "Seq Scan",
                                  "Parent Relationship": "Outer",
                                  "Parallel Aware": false,
                                  "Async Capable": false,
                                  "Relation Name": "orders",
                                  "Alias": "orders",
                                  "Startup Cost": 0.0,
                                  "Total Cost": 410901.7,
                                  "Plan Rows": 14998970,
                                  "Plan Width": 20,
                                  "parent": 7,
                                  "ID": 8
                                },
                                {
                                  "Node Type": "Hash",
                                  "Parent Relationship": "Inner",
                                  "Parallel Aware": false,
                                  "Async Capable": false,
                                  "Startup Cost": 3378640.61,
                                  "Total Cost": 3378640.61,
                                  "Plan Rows": 131664,
                                  "Plan Width": 4,
                                  "Plans": [
                                    {
                                      "Node Type": "Aggregate",
                                      "Strategy": "Sorted",
                                      "Partial Mode": "Finalize",
                                      "Parent Relationship": "Outer",
                                      "Parallel Aware": false,
                                      "Async Capable": false,
                                      "Startup Cost": 3273303.23,
                                      "Total Cost": 3377323.97,
                                      "Plan Rows": 131664,
                                      "Plan Width": 4,
                                      "Group Key": [
                                        "lineitem_1.l_orderkey"
                                      ],
                                      "Filter": "(sum(lineitem_1.l_quantity) > '315'::numeric)",
                                      "Plans": [
                                        {
                                          "Node Type": "Gather Merge",
                                          "Parent Relationship": "Outer",
                                          "Parallel Aware": false,
                                          "Async Capable": false,
                                          "Startup Cost": 3273303.23,
                                          "Total Cost": 3365474.24,
                                          "Plan Rows": 789982,
                                          "Plan Width": 36,
                                          "Workers Planned": 2,
                                          "Plans": [
                                            {
                                              "Node Type": "Sort",
                                              "Parent Relationship": "Outer",
                                              "Parallel Aware": false,
                                              "Async Capable": false,
                                              "Startup Cost": 3272303.21,
                                              "Total Cost": 3273290.69,
                                              "Plan Rows": 394991,
                                              "Plan Width": 36,
                                              "Sort Key": [
                                                "lineitem_1.l_orderkey"
                                              ],
                                              "Plans": [
                                                {
                                                  "Node Type": "Aggregate",
                                                  "Strategy": "Hashed",
                                                  "Partial Mode": "Partial",
                                                  "Parent Relationship": "Outer",
                                                  "Parallel Aware": false,
                                                  "Async Capable": false,
                                                  "Startup Cost": 2975753.22,
                                                  "Total Cost": 3224784.91,
                                                  "Plan Rows": 394991,
                                                  "Plan Width": 36,
                                                  "Group Key": [
                                                    "lineitem_1.l_orderkey"
                                                  ],
                                                  "Planned Partitions": 32,
                                                  "Plans": [
                                                    {
                                                      "Node Type": "Seq Scan",
                                                      "Parent Relationship": "Outer",
                                                      "Parallel Aware": true,
                                                      "Async Capable": false,
                                                      "Relation Name": "lineitem",
                                                      "Alias": "lineitem_1",
                                                      "Startup Cost": 0.0,
                                                      "Total Cost": 1374494.57,
                                                      "Plan Rows": 24995257,
                                                      "Plan Width": 9,
                                                      "parent": 13,
                                                      "ID": 14
                                                    }
                                                  ],
                                                  "parent": 12,
                                                  "ID": 13,
                                                  "left": 14
                                                }
                                              ],
                                              "parent": 11,
                                              "ID": 12,
                                              "left": 13
                                            }
                                          ],
                                          "parent": 10,
                                          "ID": 11,
                                          "left": 12
                                        }
                                      ],
                                      "parent": 9,
                                      "ID": 10,
                                      "left": 11
                                    }
                                  ],
                                  "parent": 7,
                                  "ID": 9,
                                  "left": 10
                                }
                              ],
                              "parent": 6,
                              "ID": 7,
                              "left": 8,
                              "right": 9
                            },
                            {
                              "Node Type": "Hash",
                              "Parent Relationship": "Inner",
                              "Parallel Aware": false,
                              "Async Capable": false,
                              "Startup Cost": 50825.85,
                              "Total Cost": 50825.85,
                              "Plan Rows": 1499885,
                              "Plan Width": 23,
                              "Plans": [
                                {
                                  "Node Type": "Seq Scan",
                                  "Parent Relationship": "Outer",
                                  "Parallel Aware": false,
                                  "Async Capable": false,
                                  "Relation Name": "customer",
                                  "Alias": "customer",
                                  "Startup Cost": 0.0,
                                  "Total Cost": 50825.85,
                                  "Plan Rows": 1499885,
                                  "Plan Width": 23,
                                  "parent": 15,
                                  "ID": 16
                                }
                              ],
                              "parent": 6,
                              "ID": 15,
                              "left": 16
                            }
                          ],
                          "parent": 5,
                          "ID": 6,
                          "left": 7,
                          "right": 15
                        }
                      ],
                      "parent": 3,
                      "ID": 5,
                      "left": 6
                    }
                  ],
                  "parent": 2,
                  "ID": 3,
                  "left": 4,
                  "right": 5
                }
              ],
              "parent": 1,
              "ID": 2,
              "left": 3
            }
          ],
          "parent": 0,
          "ID": 1,
          "left": 2
        }
      ],
      "parent": null,
      "ID": 0,
      "left": 1
    },
    "feat": {
      "utility": 0.0075700867468467,
      "query_shape": [
        [
          "Seq Scan",
          "Hash Join",
          "Sort",
          "Aggregate"
        ],
        [
          "Seq Scan",
          "Hash Join",
          "Hash",
          "Sort",
          "Aggregate"
        ],
        [
          "Seq Scan",
          "Aggregate",
          "Sort",
          "Gather Merge",
          "Hash",
          "Hash Join"
        ],
        [
          "Seq Scan",
          "Hash",
          "Hash Join",
          "Sort",
          "Aggregate"
        ]
      ],
      "index_shape": [
        "join"
      ],
      "physical_operator": {
        "Hash Join": [
          0.0008165278817631378
        ]
      }
    }
  },
  {
    "query": "-- Function Query Definition\n-- Approved February 1998\n\n\nselect\nc_name,\nc_custkey,\no_orderkey,\no_orderdate,\no_totalprice,\nsum(l_quantity)\nfrom\ncustomer,\norders,\nlineitem\nwhere\no_orderkey in (\nselect\nl_orderkey\nfrom\nlineitem\ngroup by\nl_orderkey having\nsum(l_quantity) > 315\n)\nand c_custkey = o_custkey\nand o_orderkey = l_orderkey\ngroup by\nc_name,\nc_custkey,\no_orderkey,\no_orderdate,\no_totalprice\norder by\no_totalprice desc,\no_orderdate limit 100;\n-- $ID$\n-- TPC-H/TPC-R Discounted Revenue ",
    "indexes": "orders.o_totalprice",
    "wo plan est": {
      "Node Type": "Limit",
      "Parallel Aware": false,
      "Async Capable": false,
      "Startup Cost": 6708552.79,
      "Total Cost": 6708555.79,
      "Plan Rows": 100,
      "Plan Width": 71,
      "Plans": [
        {
          "Node Type": "Aggregate",
          "Strategy": "Sorted",
          "Partial Mode": "Simple",
          "Parent Relationship": "Outer",
          "Parallel Aware": false,
          "Async Capable": false,
          "Startup Cost": 6708552.79,
          "Total Cost": 6724350.55,
          "Plan Rows": 526592,
          "Plan Width": 71,
          "Group Key": [
            "orders.o_totalprice",
            "orders.o_orderdate",
            "customer.c_name",
            "customer.c_custkey",
            "orders.o_orderkey"
          ],
          "Plans": [
            {
              "Node Type": "Sort",
              "Parent Relationship": "Outer",
              "Parallel Aware": false,
              "Async Capable": false,
              "Startup Cost": 6708552.79,
              "Total Cost": 6709869.27,
              "Plan Rows": 526592,
              "Plan Width": 44,
              "Sort Key": [
                "orders.o_totalprice DESC",
                "orders.o_orderdate",
                "customer.c_name",
                "customer.c_custkey",
                "orders.o_orderkey"
              ],
              "Plans": [
                {
                  "Node Type": "Hash Join",
                  "Parent Relationship": "Outer",
                  "Parallel Aware": false,
                  "Async Capable": false,
                  "Join Type": "Inner",
                  "Startup Cost": 4100671.01,
                  "Total Cost": 6642308.4,
                  "Plan Rows": 526592,
                  "Plan Width": 44,
                  "Inner Unique": false,
                  "Hash Cond": "(lineitem.l_orderkey = orders.o_orderkey)",
                  "Plans": [
                    {
                      "Node Type": "Seq Scan",
                      "Parent Relationship": "Outer",
                      "Parallel Aware": false,
                      "Async Capable": false,
                      "Relation Name": "lineitem",
                      "Alias": "lineitem",
                      "Startup Cost": 0.0,
                      "Total Cost": 1724428.16,
                      "Plan Rows": 59988616,
                      "Plan Width": 9,
                      "parent": 3,
                      "ID": 4
                    },
                    {
                      "Node Type": "Hash",
                      "Parent Relationship": "Inner",
                      "Parallel Aware": false,
                      "Async Capable": false,
                      "Startup Cost": 4097867.21,
                      "Total Cost": 4097867.21,
                      "Plan Rows": 131664,
                      "Plan Width": 43,
                      "Plans": [
                        {
                          "Node Type": "Hash Join",
                          "Parent Relationship": "Outer",
                          "Parallel Aware": false,
                          "Async Capable": false,
                          "Join Type": "Inner",
                          "Startup Cost": 3459164.82,
                          "Total Cost": 4097867.21,
                          "Plan Rows": 131664,
                          "Plan Width": 43,
                          "Inner Unique": false,
                          "Hash Cond": "(orders.o_custkey = customer.c_custkey)",
                          "Plans": [
                            {
                              "Node Type": "Hash Join",
                              "Parent Relationship": "Outer",
                              "Parallel Aware": false,
                              "Async Capable": false,
                              "Join Type": "Inner",
                              "Startup Cost": 3380801.41,
                              "Total Cost": 4007360.41,
                              "Plan Rows": 131664,
                              "Plan Width": 24,
                              "Inner Unique": true,
                              "Hash Cond": "(orders.o_orderkey = lineitem_1.l_orderkey)",
                              "Plans": [
                                {
                                  "Node Type": "Seq Scan",
                                  "Parent Relationship": "Outer",
                                  "Parallel Aware": false,
                                  "Async Capable": false,
                                  "Relation Name": "orders",
                                  "Alias": "orders",
                                  "Startup Cost": 0.0,
                                  "Total Cost": 410901.7,
                                  "Plan Rows": 14998970,
                                  "Plan Width": 20,
                                  "parent": 7,
                                  "ID": 8
                                },
                                {
                                  "Node Type": "Hash",
                                  "Parent Relationship": "Inner",
                                  "Parallel Aware": false,
                                  "Async Capable": false,
                                  "Startup Cost": 3378640.61,
                                  "Total Cost": 3378640.61,
                                  "Plan Rows": 131664,
                                  "Plan Width": 4,
                                  "Plans": [
                                    {
                                      "Node Type": "Aggregate",
                                      "Strategy": "Sorted",
                                      "Partial Mode": "Finalize",
                                      "Parent Relationship": "Outer",
                                      "Parallel Aware": false,
                                      "Async Capable": false,
                                      "Startup Cost": 3273303.23,
                                      "Total Cost": 3377323.97,
                                      "Plan Rows": 131664,
                                      "Plan Width": 4,
                                      "Group Key": [
                                        "lineitem_1.l_orderkey"
                                      ],
                                      "Filter": "(sum(lineitem_1.l_quantity) > '315'::numeric)",
                                      "Plans": [
                                        {
                                          "Node Type": "Gather Merge",
                                          "Parent Relationship": "Outer",
                                          "Parallel Aware": false,
                                          "Async Capable": false,
                                          "Startup Cost": 3273303.23,
                                          "Total Cost": 3365474.24,
                                          "Plan Rows": 789982,
                                          "Plan Width": 36,
                                          "Workers Planned": 2,
                                          "Plans": [
                                            {
                                              "Node Type": "Sort",
                                              "Parent Relationship": "Outer",
                                              "Parallel Aware": false,
                                              "Async Capable": false,
                                              "Startup Cost": 3272303.21,
                                              "Total Cost": 3273290.69,
                                              "Plan Rows": 394991,
                                              "Plan Width": 36,
                                              "Sort Key": [
                                                "lineitem_1.l_orderkey"
                                              ],
                                              "Plans": [
                                                {
                                                  "Node Type": "Aggregate",
                                                  "Strategy": "Hashed",
                                                  "Partial Mode": "Partial",
                                                  "Parent Relationship": "Outer",
                                                  "Parallel Aware": false,
                                                  "Async Capable": false,
                                                  "Startup Cost": 2975753.22,
                                                  "Total Cost": 3224784.91,
                                                  "Plan Rows": 394991,
                                                  "Plan Width": 36,
                                                  "Group Key": [
                                                    "lineitem_1.l_orderkey"
                                                  ],
                                                  "Planned Partitions": 32,
                                                  "Plans": [
                                                    {
                                                      "Node Type": "Seq Scan",
                                                      "Parent Relationship": "Outer",
                                                      "Parallel Aware": true,
                                                      "Async Capable": false,
                                                      "Relation Name": "lineitem",
                                                      "Alias": "lineitem_1",
                                                      "Startup Cost": 0.0,
                                                      "Total Cost": 1374494.57,
                                                      "Plan Rows": 24995257,
                                                      "Plan Width": 9,
                                                      "parent": 13,
                                                      "ID": 14
                                                    }
                                                  ],
                                                  "parent": 12,
                                                  "ID": 13,
                                                  "left": 14
                                                }
                                              ],
                                              "parent": 11,
                                              "ID": 12,
                                              "left": 13
                                            }
                                          ],
                                          "parent": 10,
                                          "ID": 11,
                                          "left": 12
                                        }
                                      ],
                                      "parent": 9,
                                      "ID": 10,
                                      "left": 11
                                    }
                                  ],
                                  "parent": 7,
                                  "ID": 9,
                                  "left": 10
                                }
                              ],
                              "parent": 6,
                              "ID": 7,
                              "left": 8,
                              "right": 9
                            },
                            {
                              "Node Type": "Hash",
                              "Parent Relationship": "Inner",
                              "Parallel Aware": false,
                              "Async Capable": false,
                              "Startup Cost": 50825.85,
                              "Total Cost": 50825.85,
                              "Plan Rows": 1499885,
                              "Plan Width": 23,
                              "Plans": [
                                {
                                  "Node Type": "Seq Scan",
                                  "Parent Relationship": "Outer",
                                  "Parallel Aware": false,
                                  "Async Capable": false,
                                  "Relation Name": "customer",
                                  "Alias": "customer",
                                  "Startup Cost": 0.0,
                                  "Total Cost": 50825.85,
                                  "Plan Rows": 1499885,
                                  "Plan Width": 23,
                                  "parent": 15,
                                  "ID": 16
                                }
                              ],
                              "parent": 6,
                              "ID": 15,
                              "left": 16
                            }
                          ],
                          "parent": 5,
                          "ID": 6,
                          "left": 7,
                          "right": 15
                        }
                      ],
                      "parent": 3,
                      "ID": 5,
                      "left": 6
                    }
                  ],
                  "parent": 2,
                  "ID": 3,
                  "left": 4,
                  "right": 5
                }
              ],
              "parent": 1,
              "ID": 2,
              "left": 3
            }
          ],
          "parent": 0,
          "ID": 1,
          "left": 2
        }
      ],
      "parent": null,
      "ID": 0,
      "left": 1
    },
    "feat": {
      "utility": 0.0,
      "query_shape": [
        [
          "Seq Scan",
          "Hash Join",
          "Sort",
          "Aggregate"
        ],
        [
          "Seq Scan",
          "Hash Join",
          "Hash",
          "Sort",
          "Aggregate"
        ],
        [
          "Seq Scan",
          "Aggregate",
          "Sort",
          "Gather Merge",
          "Hash",
          "Hash Join"
        ],
        [
          "Seq Scan",
          "Hash",
          "Hash Join",
          "Sort",
          "Aggregate"
        ]
      ],
      "index_shape": [
        "order-by"
      ],
      "physical_operator": {
        "Sort": [
          "[   857.71    10076.3066  18318.9708  25803.2274  32571.5768  38768.667\n  44457.9024  49796.606   54914.4688  60013.0414  65106.776   70169.0824\n  75290.6856  80474.5718  85690.6788  90959.536   96286.4564 101691.2606\n 107082.124  112449.9148 117761.59   123060.4758 128377.2848 133662.5748\n 139025.8792 144409.04   149776.4512 155188.1822 160639.36   166120.8466\n 171614.81   177206.7984 182815.4376 188534.7636 194302.3584 200197.571\n 206180.7436 212358.4652 218698.568  225272.762  232169.422  239274.5608\n 246835.8928 254969.256  263806.142  273701.337  284778.4916 298013.0102\n 314926.8708 340057.483  555285.16  ]"
        ],
        "Aggregate": [
          "[   857.71    10076.3066  18318.9708  25803.2274  32571.5768  38768.667\n  44457.9024  49796.606   54914.4688  60013.0414  65106.776   70169.0824\n  75290.6856  80474.5718  85690.6788  90959.536   96286.4564 101691.2606\n 107082.124  112449.9148 117761.59   123060.4758 128377.2848 133662.5748\n 139025.8792 144409.04   149776.4512 155188.1822 160639.36   166120.8466\n 171614.81   177206.7984 182815.4376 188534.7636 194302.3584 200197.571\n 206180.7436 212358.4652 218698.568  225272.762  232169.422  239274.5608\n 246835.8928 254969.256  263806.142  273701.337  284778.4916 298013.0102\n 314926.8708 340057.483  555285.16  ]"
        ]
      }
    }
  },
  {
    "query": "-- Function Query Definition\n-- Approved February 1998\n\n\nselect\nc_name,\nc_custkey,\no_orderkey,\no_orderdate,\no_totalprice,\nsum(l_quantity)\nfrom\ncustomer,\norders,\nlineitem\nwhere\no_orderkey in (\nselect\nl_orderkey\nfrom\nlineitem\ngroup by\nl_orderkey having\nsum(l_quantity) > 315\n)\nand c_custkey = o_custkey\nand o_orderkey = l_orderkey\ngroup by\nc_name,\nc_custkey,\no_orderkey,\no_orderdate,\no_totalprice\norder by\no_totalprice desc,\no_orderdate limit 100;\n-- $ID$\n-- TPC-H/TPC-R Discounted Revenue ",
    "indexes": "orders.o_orderdate",
    "wo plan est": {
      "Node Type": "Limit",
      "Parallel Aware": false,
      "Async Capable": false,
      "Startup Cost": 6708552.79,
      "Total Cost": 6708555.79,
      "Plan Rows": 100,
      "Plan Width": 71,
      "Plans": [
        {
          "Node Type": "Aggregate",
          "Strategy": "Sorted",
          "Partial Mode": "Simple",
          "Parent Relationship": "Outer",
          "Parallel Aware": false,
          "Async Capable": false,
          "Startup Cost": 6708552.79,
          "Total Cost": 6724350.55,
          "Plan Rows": 526592,
          "Plan Width": 71,
          "Group Key": [
            "orders.o_totalprice",
            "orders.o_orderdate",
            "customer.c_name",
            "customer.c_custkey",
            "orders.o_orderkey"
          ],
          "Plans": [
            {
              "Node Type": "Sort",
              "Parent Relationship": "Outer",
              "Parallel Aware": false,
              "Async Capable": false,
              "Startup Cost": 6708552.79,
              "Total Cost": 6709869.27,
              "Plan Rows": 526592,
              "Plan Width": 44,
              "Sort Key": [
                "orders.o_totalprice DESC",
                "orders.o_orderdate",
                "customer.c_name",
                "customer.c_custkey",
                "orders.o_orderkey"
              ],
              "Plans": [
                {
                  "Node Type": "Hash Join",
                  "Parent Relationship": "Outer",
                  "Parallel Aware": false,
                  "Async Capable": false,
                  "Join Type": "Inner",
                  "Startup Cost": 4100671.01,
                  "Total Cost": 6642308.4,
                  "Plan Rows": 526592,
                  "Plan Width": 44,
                  "Inner Unique": false,
                  "Hash Cond": "(lineitem.l_orderkey = orders.o_orderkey)",
                  "Plans": [
                    {
                      "Node Type": "Seq Scan",
                      "Parent Relationship": "Outer",
                      "Parallel Aware": false,
                      "Async Capable": false,
                      "Relation Name": "lineitem",
                      "Alias": "lineitem",
                      "Startup Cost": 0.0,
                      "Total Cost": 1724428.16,
                      "Plan Rows": 59988616,
                      "Plan Width": 9,
                      "parent": 3,
                      "ID": 4
                    },
                    {
                      "Node Type": "Hash",
                      "Parent Relationship": "Inner",
                      "Parallel Aware": false,
                      "Async Capable": false,
                      "Startup Cost": 4097867.21,
                      "Total Cost": 4097867.21,
                      "Plan Rows": 131664,
                      "Plan Width": 43,
                      "Plans": [
                        {
                          "Node Type": "Hash Join",
                          "Parent Relationship": "Outer",
                          "Parallel Aware": false,
                          "Async Capable": false,
                          "Join Type": "Inner",
                          "Startup Cost": 3459164.82,
                          "Total Cost": 4097867.21,
                          "Plan Rows": 131664,
                          "Plan Width": 43,
                          "Inner Unique": false,
                          "Hash Cond": "(orders.o_custkey = customer.c_custkey)",
                          "Plans": [
                            {
                              "Node Type": "Hash Join",
                              "Parent Relationship": "Outer",
                              "Parallel Aware": false,
                              "Async Capable": false,
                              "Join Type": "Inner",
                              "Startup Cost": 3380801.41,
                              "Total Cost": 4007360.41,
                              "Plan Rows": 131664,
                              "Plan Width": 24,
                              "Inner Unique": true,
                              "Hash Cond": "(orders.o_orderkey = lineitem_1.l_orderkey)",
                              "Plans": [
                                {
                                  "Node Type": "Seq Scan",
                                  "Parent Relationship": "Outer",
                                  "Parallel Aware": false,
                                  "Async Capable": false,
                                  "Relation Name": "orders",
                                  "Alias": "orders",
                                  "Startup Cost": 0.0,
                                  "Total Cost": 410901.7,
                                  "Plan Rows": 14998970,
                                  "Plan Width": 20,
                                  "parent": 7,
                                  "ID": 8
                                },
                                {
                                  "Node Type": "Hash",
                                  "Parent Relationship": "Inner",
                                  "Parallel Aware": false,
                                  "Async Capable": false,
                                  "Startup Cost": 3378640.61,
                                  "Total Cost": 3378640.61,
                                  "Plan Rows": 131664,
                                  "Plan Width": 4,
                                  "Plans": [
                                    {
                                      "Node Type": "Aggregate",
                                      "Strategy": "Sorted",
                                      "Partial Mode": "Finalize",
                                      "Parent Relationship": "Outer",
                                      "Parallel Aware": false,
                                      "Async Capable": false,
                                      "Startup Cost": 3273303.23,
                                      "Total Cost": 3377323.97,
                                      "Plan Rows": 131664,
                                      "Plan Width": 4,
                                      "Group Key": [
                                        "lineitem_1.l_orderkey"
                                      ],
                                      "Filter": "(sum(lineitem_1.l_quantity) > '315'::numeric)",
                                      "Plans": [
                                        {
                                          "Node Type": "Gather Merge",
                                          "Parent Relationship": "Outer",
                                          "Parallel Aware": false,
                                          "Async Capable": false,
                                          "Startup Cost": 3273303.23,
                                          "Total Cost": 3365474.24,
                                          "Plan Rows": 789982,
                                          "Plan Width": 36,
                                          "Workers Planned": 2,
                                          "Plans": [
                                            {
                                              "Node Type": "Sort",
                                              "Parent Relationship": "Outer",
                                              "Parallel Aware": false,
                                              "Async Capable": false,
                                              "Startup Cost": 3272303.21,
                                              "Total Cost": 3273290.69,
                                              "Plan Rows": 394991,
                                              "Plan Width": 36,
                                              "Sort Key": [
                                                "lineitem_1.l_orderkey"
                                              ],
                                              "Plans": [
                                                {
                                                  "Node Type": "Aggregate",
                                                  "Strategy": "Hashed",
                                                  "Partial Mode": "Partial",
                                                  "Parent Relationship": "Outer",
                                                  "Parallel Aware": false,
                                                  "Async Capable": false,
                                                  "Startup Cost": 2975753.22,
                                                  "Total Cost": 3224784.91,
                                                  "Plan Rows": 394991,
                                                  "Plan Width": 36,
                                                  "Group Key": [
                                                    "lineitem_1.l_orderkey"
                                                  ],
                                                  "Planned Partitions": 32,
                                                  "Plans": [
                                                    {
                                                      "Node Type": "Seq Scan",
                                                      "Parent Relationship": "Outer",
                                                      "Parallel Aware": true,
                                                      "Async Capable": false,
                                                      "Relation Name": "lineitem",
                                                      "Alias": "lineitem_1",
                                                      "Startup Cost": 0.0,
                                                      "Total Cost": 1374494.57,
                                                      "Plan Rows": 24995257,
                                                      "Plan Width": 9,
                                                      "parent": 13,
                                                      "ID": 14
                                                    }
                                                  ],
                                                  "parent": 12,
                                                  "ID": 13,
                                                  "left": 14
                                                }
                                              ],
                                              "parent": 11,
                                              "ID": 12,
                                              "left": 13
                                            }
                                          ],
                                          "parent": 10,
                                          "ID": 11,
                                          "left": 12
                                        }
                                      ],
                                      "parent": 9,
                                      "ID": 10,
                                      "left": 11
                                    }
                                  ],
                                  "parent": 7,
                                  "ID": 9,
                                  "left": 10
                                }
                              ],
                              "parent": 6,
                              "ID": 7,
                              "left": 8,
                              "right": 9
                            },
                            {
                              "Node Type": "Hash",
                              "Parent Relationship": "Inner",
                              "Parallel Aware": false,
                              "Async Capable": false,
                              "Startup Cost": 50825.85,
                              "Total Cost": 50825.85,
                              "Plan Rows": 1499885,
                              "Plan Width": 23,
                              "Plans": [
                                {
                                  "Node Type": "Seq Scan",
                                  "Parent Relationship": "Outer",
                                  "Parallel Aware": false,
                                  "Async Capable": false,
                                  "Relation Name": "customer",
                                  "Alias": "customer",
                                  "Startup Cost": 0.0,
                                  "Total Cost": 50825.85,
                                  "Plan Rows": 1499885,
                                  "Plan Width": 23,
                                  "parent": 15,
                                  "ID": 16
                                }
                              ],
                              "parent": 6,
                              "ID": 15,
                              "left": 16
                            }
                          ],
                          "parent": 5,
                          "ID": 6,
                          "left": 7,
                          "right": 15
                        }
                      ],
                      "parent": 3,
                      "ID": 5,
                      "left": 6
                    }
                  ],
                  "parent": 2,
                  "ID": 3,
                  "left": 4,
                  "right": 5
                }
              ],
              "parent": 1,
              "ID": 2,
              "left": 3
            }
          ],
          "parent": 0,
          "ID": 1,
          "left": 2
        }
      ],
      "parent": null,
      "ID": 0,
      "left": 1
    },
    "feat": {
      "utility": 0.0,
      "query_shape": [
        [
          "Seq Scan",
          "Hash Join",
          "Sort",
          "Aggregate"
        ],
        [
          "Seq Scan",
          "Hash Join",
          "Hash",
          "Sort",
          "Aggregate"
        ],
        [
          "Seq Scan",
          "Aggregate",
          "Sort",
          "Gather Merge",
          "Hash",
          "Hash Join"
        ],
        [
          "Seq Scan",
          "Hash",
          "Hash Join",
          "Sort",
          "Aggregate"
        ]
      ],
      "index_shape": [
        "order-by"
      ],
      "physical_operator": {
        "Sort": [
          "[0. 0. 0. 0. 0. 0. 0. 0. 0. 0. 0. 0. 0. 0. 0. 0. 0. 0. 0. 0. 0. 0. 0. 0.\n 0. 0. 0. 0. 0. 0. 0. 0. 0. 0. 0. 0. 0. 0. 0. 0. 0. 0. 0. 0. 0. 0. 0. 0.\n 0. 0. 0.]"
        ],
        "Aggregate": [
          "[0. 0. 0. 0. 0. 0. 0. 0. 0. 0. 0. 0. 0. 0. 0. 0. 0. 0. 0. 0. 0. 0. 0. 0.\n 0. 0. 0. 0. 0. 0. 0. 0. 0. 0. 0. 0. 0. 0. 0. 0. 0. 0. 0. 0. 0. 0. 0. 0.\n 0. 0. 0.]"
        ]
      }
    }
  },
  {
    "query": "-- Functional Query Definition\n-- Approved February 1998\n\n\nselect\nnation,\no_year,\nsum(amount) as sum_profit\nfrom\n(\nselect\nn_name as nation,\nextract(year from o_orderdate) as o_year,\nl_extendedprice * (1 - l_discount) - ps_supplycost * l_quantity as amount\nfrom\npart,\nsupplier,\nlineitem,\npartsupp,\norders,\nnation\nwhere\ns_suppkey = l_suppkey\nand ps_suppkey = l_suppkey\nand ps_partkey = l_partkey\nand p_partkey = l_partkey\nand o_orderkey = l_orderkey\nand s_nationkey = n_nationkey\nand p_name like '%moccasin%'\n) as profit\ngroup by\nnation,\no_year\norder by\nnation,\no_year desc ;\n-- $ID$\n-- TPC-H/TPC-R Returned Item Reporting ",
    "indexes": "lineitem.l_orderkey",
    "wo plan est": {
      "Node Type": "Aggregate",
      "Strategy": "Sorted",
      "Partial Mode": "Finalize",
      "Parallel Aware": false,
      "Async Capable": false,
      "Startup Cost": 2161468.0,
      "Total Cost": 2161475.32,
      "Plan Rows": 68,
      "Plan Width": 90,
      "Group Key": [
        "nation.n_name",
        "(EXTRACT(year FROM orders.o_orderdate))"
      ],
      "Plans": [
        {
          "Node Type": "Gather Merge",
          "Parent Relationship": "Outer",
          "Parallel Aware": false,
          "Async Capable": false,
          "Startup Cost": 2161468.0,
          "Total Cost": 2161473.9,
          "Plan Rows": 40,
          "Plan Width": 90,
          "Workers Planned": 1,
          "Plans": [
            {
              "Node Type": "Aggregate",
              "Strategy": "Sorted",
              "Partial Mode": "Partial",
              "Parent Relationship": "Outer",
              "Parallel Aware": false,
              "Async Capable": false,
              "Startup Cost": 2160467.99,
              "Total Cost": 2160469.39,
              "Plan Rows": 40,
              "Plan Width": 90,
              "Group Key": [
                "nation.n_name",
                "(EXTRACT(year FROM orders.o_orderdate))"
              ],
              "Plans": [
                {
                  "Node Type": "Sort",
                  "Parent Relationship": "Outer",
                  "Parallel Aware": false,
                  "Async Capable": false,
                  "Startup Cost": 2160467.99,
                  "Total Cost": 2160468.09,
                  "Plan Rows": 40,
                  "Plan Width": 81,
                  "Sort Key": [
                    "nation.n_name",
                    "(EXTRACT(year FROM orders.o_orderdate)) DESC"
                  ],
                  "Plans": [
                    {
                      "Node Type": "Hash Join",
                      "Parent Relationship": "Outer",
                      "Parallel Aware": false,
                      "Async Capable": false,
                      "Join Type": "Inner",
                      "Startup Cost": 2157441.29,
                      "Total Cost": 2160466.93,
                      "Plan Rows": 40,
                      "Plan Width": 81,
                      "Inner Unique": false,
                      "Hash Cond": "(supplier.s_nationkey = nation.n_nationkey)",
                      "Plans": [
                        {
                          "Node Type": "Hash Join",
                          "Parent Relationship": "Outer",
                          "Parallel Aware": true,
                          "Async Capable": false,
                          "Join Type": "Inner",
                          "Startup Cost": 2157439.73,
                          "Total Cost": 2160464.72,
                          "Plan Rows": 40,
                          "Plan Width": 31,
                          "Inner Unique": false,
                          "Hash Cond": "(supplier.s_suppkey = lineitem.l_suppkey)",
                          "Plans": [
                            {
                              "Node Type": "Seq Scan",
                              "Parent Relationship": "Outer",
                              "Parallel Aware": true,
                              "Async Capable": false,
                              "Relation Name": "supplier",
                              "Alias": "supplier",
                              "Startup Cost": 0.0,
                              "Total Cost": 2804.24,
                              "Plan Rows": 58824,
                              "Plan Width": 8,
                              "parent": 5,
                              "ID": 6
                            },
                            {
                              "Node Type": "Hash",
                              "Parent Relationship": "Inner",
                              "Parallel Aware": true,
                              "Async Capable": false,
                              "Startup Cost": 2157439.38,
                              "Total Cost": 2157439.38,
                              "Plan Rows": 28,
                              "Plan Width": 35,
                              "Plans": [
                                {
                                  "Node Type": "Hash Join",
                                  "Parent Relationship": "Outer",
                                  "Parallel Aware": true,
                                  "Async Capable": false,
                                  "Join Type": "Inner",
                                  "Startup Cost": 1810595.66,
                                  "Total Cost": 2157439.38,
                                  "Plan Rows": 28,
                                  "Plan Width": 35,
                                  "Inner Unique": false,
                                  "Hash Cond": "(orders.o_orderkey = lineitem.l_orderkey)",
                                  "Plans": [
                                    {
                                      "Node Type": "Seq Scan",
                                      "Parent Relationship": "Outer",
                                      "Parallel Aware": true,
                                      "Async Capable": false,
                                      "Relation Name": "orders",
                                      "Alias": "orders",
                                      "Startup Cost": 0.0,
                                      "Total Cost": 323407.71,
                                      "Plan Rows": 6249571,
                                      "Plan Width": 8,
                                      "parent": 8,
                                      "ID": 9
                                    },
                                    {
                                      "Node Type": "Hash",
                                      "Parent Relationship": "Inner",
                                      "Parallel Aware": true,
                                      "Async Capable": false,
                                      "Startup Cost": 1810595.31,
                                      "Total Cost": 1810595.31,
                                      "Plan Rows": 28,
                                      "Plan Width": 35,
                                      "Plans": [
                                        {
                                          "Node Type": "Hash Join",
                                          "Parent Relationship": "Outer",
                                          "Parallel Aware": true,
                                          "Async Capable": false,
                                          "Join Type": "Inner",
                                          "Startup Cost": 1539620.18,
                                          "Total Cost": 1810595.31,
                                          "Plan Rows": 28,
                                          "Plan Width": 35,
                                          "Inner Unique": false,
                                          "Hash Cond": "((partsupp.ps_suppkey = lineitem.l_suppkey) AND (partsupp.ps_partkey = lineitem.l_partkey))",
                                          "Plans": [
                                            {
                                              "Node Type": "Seq Scan",
                                              "Parent Relationship": "Outer",
                                              "Parallel Aware": true,
                                              "Async Capable": false,
                                              "Relation Name": "partsupp",
                                              "Alias": "partsupp",
                                              "Startup Cost": 0.0,
                                              "Total Cost": 207718.58,
                                              "Plan Rows": 3333258,
                                              "Plan Width": 14,
                                              "parent": 11,
                                              "ID": 12
                                            },
                                            {
                                              "Node Type": "Hash",
                                              "Parent Relationship": "Inner",
                                              "Parallel Aware": true,
                                              "Async Capable": false,
                                              "Startup Cost": 1522963.02,
                                              "Total Cost": 1522963.02,
                                              "Plan Rows": 730144,
                                              "Plan Width": 33,
                                              "Plans": [
                                                {
                                                  "Node Type": "Hash Join",
                                                  "Parent Relationship": "Outer",
                                                  "Parallel Aware": true,
                                                  "Async Capable": false,
                                                  "Join Type": "Inner",
                                                  "Startup Cost": 51693.93,
                                                  "Total Cost": 1522963.02,
                                                  "Plan Rows": 730144,
                                                  "Plan Width": 33,
                                                  "Inner Unique": false,
                                                  "Hash Cond": "(lineitem.l_partkey = part.p_partkey)",
                                                  "Plans": [
                                                    {
                                                      "Node Type": "Seq Scan",
                                                      "Parent Relationship": "Outer",
                                                      "Parallel Aware": true,
                                                      "Async Capable": false,
                                                      "Relation Name": "lineitem",
                                                      "Alias": "lineitem",
                                                      "Startup Cost": 0.0,
                                                      "Total Cost": 1374494.57,
                                                      "Plan Rows": 24995257,
                                                      "Plan Width": 29,
                                                      "parent": 14,
                                                      "ID": 15
                                                    },
                                                    {
                                                      "Node Type": "Hash",
                                                      "Parent Relationship": "Inner",
                                                      "Parallel Aware": true,
                                                      "Async Capable": false,
                                                      "Startup Cost": 51378.28,
                                                      "Total Cost": 51378.28,
                                                      "Plan Rows": 25252,
                                                      "Plan Width": 4,
                                                      "Plans": [
                                                        {
                                                          "Node Type": "Seq Scan",
                                                          "Parent Relationship": "Outer",
                                                          "Parallel Aware": true,
                                                          "Async Capable": false,
                                                          "Relation Name": "part",
                                                          "Alias": "part",
                                                          "Startup Cost": 0.0,
                                                          "Total Cost": 51378.28,
                                                          "Plan Rows": 25252,
                                                          "Plan Width": 4,
                                                          "Filter": "((p_name)::text ~~ '%moccasin%'::text)",
                                                          "parent": 16,
                                                          "ID": 17
                                                        }
                                                      ],
                                                      "parent": 14,
                                                      "ID": 16,
                                                      "left": 17
                                                    }
                                                  ],
                                                  "parent": 13,
                                                  "ID": 14,
                                                  "left": 15,
                                                  "right": 16
                                                }
                                              ],
                                              "parent": 11,
                                              "ID": 13,
                                              "left": 14
                                            }
                                          ],
                                          "parent": 10,
                                          "ID": 11,
                                          "left": 12,
                                          "right": 13
                                        }
                                      ],
                                      "parent": 8,
                                      "ID": 10,
                                      "left": 11
                                    }
                                  ],
                                  "parent": 7,
                                  "ID": 8,
                                  "left": 9,
                                  "right": 10
                                }
                              ],
                              "parent": 5,
                              "ID": 7,
                              "left": 8
                            }
                          ],
                          "parent": 4,
                          "ID": 5,
                          "left": 6,
                          "right": 7
                        },
                        {
                          "Node Type": "Hash",
                          "Parent Relationship": "Inner",
                          "Parallel Aware": false,
                          "Async Capable": false,
                          "Startup Cost": 1.25,
                          "Total Cost": 1.25,
                          "Plan Rows": 25,
                          "Plan Width": 30,
                          "Plans": [
                            {
                              "Node Type": "Seq Scan",
                              "Parent Relationship": "Outer",
                              "Parallel Aware": false,
                              "Async Capable": false,
                              "Relation Name": "nation",
                              "Alias": "nation",
                              "Startup Cost": 0.0,
                              "Total Cost": 1.25,
                              "Plan Rows": 25,
                              "Plan Width": 30,
                              "parent": 18,
                              "ID": 19
                            }
                          ],
                          "parent": 4,
                          "ID": 18,
                          "left": 19
                        }
                      ],
                      "parent": 3,
                      "ID": 4,
                      "left": 5,
                      "right": 18
                    }
                  ],
                  "parent": 2,
                  "ID": 3,
                  "left": 4
                }
              ],
              "parent": 1,
              "ID": 2,
              "left": 3
            }
          ],
          "parent": 0,
          "ID": 1,
          "left": 2
        }
      ],
      "parent": null,
      "ID": 0,
      "left": 1
    },
    "feat": {
      "utility": 5.780773767239297e-07,
      "query_shape": [
        [
          "Seq Scan",
          "Hash Join",
          "Sort",
          "Aggregate",
          "Gather Merge"
        ],
        [
          "Seq Scan",
          "Hash Join",
          "Hash",
          "Sort",
          "Aggregate",
          "Gather Merge"
        ],
        [
          "Seq Scan",
          "Hash Join",
          "Hash",
          "Sort",
          "Aggregate",
          "Gather Merge"
        ],
        [
          "Seq Scan",
          "Hash Join",
          "Hash",
          "Sort",
          "Aggregate",
          "Gather Merge"
        ],
        [
          "Seq Scan",
          "Hash",
          "Hash Join",
          "Sort",
          "Aggregate",
          "Gather Merge"
        ],
        [
          "Seq Scan",
          "Hash",
          "Hash Join",
          "Sort",
          "Aggregate",
          "Gather Merge"
        ]
      ],
      "index_shape": [
        "join"
      ],
      "physical_operator": {
        "Hash Join": [
          0.00040001372870675787
        ]
      }
    }
  },
  {
    "query": "-- Functional Query Definition\n-- Approved February 1998\n\n\nselect\nnation,\no_year,\nsum(amount) as sum_profit\nfrom\n(\nselect\nn_name as nation,\nextract(year from o_orderdate) as o_year,\nl_extendedprice * (1 - l_discount) - ps_supplycost * l_quantity as amount\nfrom\npart,\nsupplier,\nlineitem,\npartsupp,\norders,\nnation\nwhere\ns_suppkey = l_suppkey\nand ps_suppkey = l_suppkey\nand ps_partkey = l_partkey\nand p_partkey = l_partkey\nand o_orderkey = l_orderkey\nand s_nationkey = n_nationkey\nand p_name like '%moccasin%'\n) as profit\ngroup by\nnation,\no_year\norder by\nnation,\no_year desc ;\n-- $ID$\n-- TPC-H/TPC-R Returned Item Reporting ",
    "indexes": "lineitem.l_partkey",
    "wo plan est": {
      "Node Type": "Aggregate",
      "Strategy": "Sorted",
      "Partial Mode": "Finalize",
      "Parallel Aware": false,
      "Async Capable": false,
      "Startup Cost": 2161468.0,
      "Total Cost": 2161475.32,
      "Plan Rows": 68,
      "Plan Width": 90,
      "Group Key": [
        "nation.n_name",
        "(EXTRACT(year FROM orders.o_orderdate))"
      ],
      "Plans": [
        {
          "Node Type": "Gather Merge",
          "Parent Relationship": "Outer",
          "Parallel Aware": false,
          "Async Capable": false,
          "Startup Cost": 2161468.0,
          "Total Cost": 2161473.9,
          "Plan Rows": 40,
          "Plan Width": 90,
          "Workers Planned": 1,
          "Plans": [
            {
              "Node Type": "Aggregate",
              "Strategy": "Sorted",
              "Partial Mode": "Partial",
              "Parent Relationship": "Outer",
              "Parallel Aware": false,
              "Async Capable": false,
              "Startup Cost": 2160467.99,
              "Total Cost": 2160469.39,
              "Plan Rows": 40,
              "Plan Width": 90,
              "Group Key": [
                "nation.n_name",
                "(EXTRACT(year FROM orders.o_orderdate))"
              ],
              "Plans": [
                {
                  "Node Type": "Sort",
                  "Parent Relationship": "Outer",
                  "Parallel Aware": false,
                  "Async Capable": false,
                  "Startup Cost": 2160467.99,
                  "Total Cost": 2160468.09,
                  "Plan Rows": 40,
                  "Plan Width": 81,
                  "Sort Key": [
                    "nation.n_name",
                    "(EXTRACT(year FROM orders.o_orderdate)) DESC"
                  ],
                  "Plans": [
                    {
                      "Node Type": "Hash Join",
                      "Parent Relationship": "Outer",
                      "Parallel Aware": false,
                      "Async Capable": false,
                      "Join Type": "Inner",
                      "Startup Cost": 2157441.29,
                      "Total Cost": 2160466.93,
                      "Plan Rows": 40,
                      "Plan Width": 81,
                      "Inner Unique": false,
                      "Hash Cond": "(supplier.s_nationkey = nation.n_nationkey)",
                      "Plans": [
                        {
                          "Node Type": "Hash Join",
                          "Parent Relationship": "Outer",
                          "Parallel Aware": true,
                          "Async Capable": false,
                          "Join Type": "Inner",
                          "Startup Cost": 2157439.73,
                          "Total Cost": 2160464.72,
                          "Plan Rows": 40,
                          "Plan Width": 31,
                          "Inner Unique": false,
                          "Hash Cond": "(supplier.s_suppkey = lineitem.l_suppkey)",
                          "Plans": [
                            {
                              "Node Type": "Seq Scan",
                              "Parent Relationship": "Outer",
                              "Parallel Aware": true,
                              "Async Capable": false,
                              "Relation Name": "supplier",
                              "Alias": "supplier",
                              "Startup Cost": 0.0,
                              "Total Cost": 2804.24,
                              "Plan Rows": 58824,
                              "Plan Width": 8,
                              "parent": 5,
                              "ID": 6
                            },
                            {
                              "Node Type": "Hash",
                              "Parent Relationship": "Inner",
                              "Parallel Aware": true,
                              "Async Capable": false,
                              "Startup Cost": 2157439.38,
                              "Total Cost": 2157439.38,
                              "Plan Rows": 28,
                              "Plan Width": 35,
                              "Plans": [
                                {
                                  "Node Type": "Hash Join",
                                  "Parent Relationship": "Outer",
                                  "Parallel Aware": true,
                                  "Async Capable": false,
                                  "Join Type": "Inner",
                                  "Startup Cost": 1810595.66,
                                  "Total Cost": 2157439.38,
                                  "Plan Rows": 28,
                                  "Plan Width": 35,
                                  "Inner Unique": false,
                                  "Hash Cond": "(orders.o_orderkey = lineitem.l_orderkey)",
                                  "Plans": [
                                    {
                                      "Node Type": "Seq Scan",
                                      "Parent Relationship": "Outer",
                                      "Parallel Aware": true,
                                      "Async Capable": false,
                                      "Relation Name": "orders",
                                      "Alias": "orders",
                                      "Startup Cost": 0.0,
                                      "Total Cost": 323407.71,
                                      "Plan Rows": 6249571,
                                      "Plan Width": 8,
                                      "parent": 8,
                                      "ID": 9
                                    },
                                    {
                                      "Node Type": "Hash",
                                      "Parent Relationship": "Inner",
                                      "Parallel Aware": true,
                                      "Async Capable": false,
                                      "Startup Cost": 1810595.31,
                                      "Total Cost": 1810595.31,
                                      "Plan Rows": 28,
                                      "Plan Width": 35,
                                      "Plans": [
                                        {
                                          "Node Type": "Hash Join",
                                          "Parent Relationship": "Outer",
                                          "Parallel Aware": true,
                                          "Async Capable": false,
                                          "Join Type": "Inner",
                                          "Startup Cost": 1539620.18,
                                          "Total Cost": 1810595.31,
                                          "Plan Rows": 28,
                                          "Plan Width": 35,
                                          "Inner Unique": false,
                                          "Hash Cond": "((partsupp.ps_suppkey = lineitem.l_suppkey) AND (partsupp.ps_partkey = lineitem.l_partkey))",
                                          "Plans": [
                                            {
                                              "Node Type": "Seq Scan",
                                              "Parent Relationship": "Outer",
                                              "Parallel Aware": true,
                                              "Async Capable": false,
                                              "Relation Name": "partsupp",
                                              "Alias": "partsupp",
                                              "Startup Cost": 0.0,
                                              "Total Cost": 207718.58,
                                              "Plan Rows": 3333258,
                                              "Plan Width": 14,
                                              "parent": 11,
                                              "ID": 12
                                            },
                                            {
                                              "Node Type": "Hash",
                                              "Parent Relationship": "Inner",
                                              "Parallel Aware": true,
                                              "Async Capable": false,
                                              "Startup Cost": 1522963.02,
                                              "Total Cost": 1522963.02,
                                              "Plan Rows": 730144,
                                              "Plan Width": 33,
                                              "Plans": [
                                                {
                                                  "Node Type": "Hash Join",
                                                  "Parent Relationship": "Outer",
                                                  "Parallel Aware": true,
                                                  "Async Capable": false,
                                                  "Join Type": "Inner",
                                                  "Startup Cost": 51693.93,
                                                  "Total Cost": 1522963.02,
                                                  "Plan Rows": 730144,
                                                  "Plan Width": 33,
                                                  "Inner Unique": false,
                                                  "Hash Cond": "(lineitem.l_partkey = part.p_partkey)",
                                                  "Plans": [
                                                    {
                                                      "Node Type": "Seq Scan",
                                                      "Parent Relationship": "Outer",
                                                      "Parallel Aware": true,
                                                      "Async Capable": false,
                                                      "Relation Name": "lineitem",
                                                      "Alias": "lineitem",
                                                      "Startup Cost": 0.0,
                                                      "Total Cost": 1374494.57,
                                                      "Plan Rows": 24995257,
                                                      "Plan Width": 29,
                                                      "parent": 14,
                                                      "ID": 15
                                                    },
                                                    {
                                                      "Node Type": "Hash",
                                                      "Parent Relationship": "Inner",
                                                      "Parallel Aware": true,
                                                      "Async Capable": false,
                                                      "Startup Cost": 51378.28,
                                                      "Total Cost": 51378.28,
                                                      "Plan Rows": 25252,
                                                      "Plan Width": 4,
                                                      "Plans": [
                                                        {
                                                          "Node Type": "Seq Scan",
                                                          "Parent Relationship": "Outer",
                                                          "Parallel Aware": true,
                                                          "Async Capable": false,
                                                          "Relation Name": "part",
                                                          "Alias": "part",
                                                          "Startup Cost": 0.0,
                                                          "Total Cost": 51378.28,
                                                          "Plan Rows": 25252,
                                                          "Plan Width": 4,
                                                          "Filter": "((p_name)::text ~~ '%moccasin%'::text)",
                                                          "parent": 16,
                                                          "ID": 17
                                                        }
                                                      ],
                                                      "parent": 14,
                                                      "ID": 16,
                                                      "left": 17
                                                    }
                                                  ],
                                                  "parent": 13,
                                                  "ID": 14,
                                                  "left": 15,
                                                  "right": 16
                                                }
                                              ],
                                              "parent": 11,
                                              "ID": 13,
                                              "left": 14
                                            }
                                          ],
                                          "parent": 10,
                                          "ID": 11,
                                          "left": 12,
                                          "right": 13
                                        }
                                      ],
                                      "parent": 8,
                                      "ID": 10,
                                      "left": 11
                                    }
                                  ],
                                  "parent": 7,
                                  "ID": 8,
                                  "left": 9,
                                  "right": 10
                                }
                              ],
                              "parent": 5,
                              "ID": 7,
                              "left": 8
                            }
                          ],
                          "parent": 4,
                          "ID": 5,
                          "left": 6,
                          "right": 7
                        },
                        {
                          "Node Type": "Hash",
                          "Parent Relationship": "Inner",
                          "Parallel Aware": false,
                          "Async Capable": false,
                          "Startup Cost": 1.25,
                          "Total Cost": 1.25,
                          "Plan Rows": 25,
                          "Plan Width": 30,
                          "Plans": [
                            {
                              "Node Type": "Seq Scan",
                              "Parent Relationship": "Outer",
                              "Parallel Aware": false,
                              "Async Capable": false,
                              "Relation Name": "nation",
                              "Alias": "nation",
                              "Startup Cost": 0.0,
                              "Total Cost": 1.25,
                              "Plan Rows": 25,
                              "Plan Width": 30,
                              "parent": 18,
                              "ID": 19
                            }
                          ],
                          "parent": 4,
                          "ID": 18,
                          "left": 19
                        }
                      ],
                      "parent": 3,
                      "ID": 4,
                      "left": 5,
                      "right": 18
                    }
                  ],
                  "parent": 2,
                  "ID": 3,
                  "left": 4
                }
              ],
              "parent": 1,
              "ID": 2,
              "left": 3
            }
          ],
          "parent": 0,
          "ID": 1,
          "left": 2
        }
      ],
      "parent": null,
      "ID": 0,
      "left": 1
    },
    "feat": {
      "utility": 1.1559934591600874e-06,
      "query_shape": [
        [
          "Seq Scan",
          "Hash Join",
          "Sort",
          "Aggregate",
          "Gather Merge"
        ],
        [
          "Seq Scan",
          "Hash Join",
          "Hash",
          "Sort",
          "Aggregate",
          "Gather Merge"
        ],
        [
          "Seq Scan",
          "Hash Join",
          "Hash",
          "Sort",
          "Aggregate",
          "Gather Merge"
        ],
        [
          "Seq Scan",
          "Hash Join",
          "Hash",
          "Sort",
          "Aggregate",
          "Gather Merge"
        ],
        [
          "Seq Scan",
          "Hash",
          "Hash Join",
          "Sort",
          "Aggregate",
          "Gather Merge"
        ],
        [
          "Seq Scan",
          "Hash",
          "Hash Join",
          "Sort",
          "Aggregate",
          "Gather Merge"
        ]
      ],
      "index_shape": [
        "join"
      ],
      "physical_operator": {
        "Hash Join": [
          3.391878524927478e-06,
          0.0010755424767096705
        ]
      }
    }
  },
  {
    "query": "-- Functional Query Definition\n-- Approved February 1998\n\n\nselect\nnation,\no_year,\nsum(amount) as sum_profit\nfrom\n(\nselect\nn_name as nation,\nextract(year from o_orderdate) as o_year,\nl_extendedprice * (1 - l_discount) - ps_supplycost * l_quantity as amount\nfrom\npart,\nsupplier,\nlineitem,\npartsupp,\norders,\nnation\nwhere\ns_suppkey = l_suppkey\nand ps_suppkey = l_suppkey\nand ps_partkey = l_partkey\nand p_partkey = l_partkey\nand o_orderkey = l_orderkey\nand s_nationkey = n_nationkey\nand p_name like '%moccasin%'\n) as profit\ngroup by\nnation,\no_year\norder by\nnation,\no_year desc ;\n-- $ID$\n-- TPC-H/TPC-R Returned Item Reporting ",
    "indexes": "lineitem.l_suppkey",
    "wo plan est": {
      "Node Type": "Aggregate",
      "Strategy": "Sorted",
      "Partial Mode": "Finalize",
      "Parallel Aware": false,
      "Async Capable": false,
      "Startup Cost": 2161468.0,
      "Total Cost": 2161475.32,
      "Plan Rows": 68,
      "Plan Width": 90,
      "Group Key": [
        "nation.n_name",
        "(EXTRACT(year FROM orders.o_orderdate))"
      ],
      "Plans": [
        {
          "Node Type": "Gather Merge",
          "Parent Relationship": "Outer",
          "Parallel Aware": false,
          "Async Capable": false,
          "Startup Cost": 2161468.0,
          "Total Cost": 2161473.9,
          "Plan Rows": 40,
          "Plan Width": 90,
          "Workers Planned": 1,
          "Plans": [
            {
              "Node Type": "Aggregate",
              "Strategy": "Sorted",
              "Partial Mode": "Partial",
              "Parent Relationship": "Outer",
              "Parallel Aware": false,
              "Async Capable": false,
              "Startup Cost": 2160467.99,
              "Total Cost": 2160469.39,
              "Plan Rows": 40,
              "Plan Width": 90,
              "Group Key": [
                "nation.n_name",
                "(EXTRACT(year FROM orders.o_orderdate))"
              ],
              "Plans": [
                {
                  "Node Type": "Sort",
                  "Parent Relationship": "Outer",
                  "Parallel Aware": false,
                  "Async Capable": false,
                  "Startup Cost": 2160467.99,
                  "Total Cost": 2160468.09,
                  "Plan Rows": 40,
                  "Plan Width": 81,
                  "Sort Key": [
                    "nation.n_name",
                    "(EXTRACT(year FROM orders.o_orderdate)) DESC"
                  ],
                  "Plans": [
                    {
                      "Node Type": "Hash Join",
                      "Parent Relationship": "Outer",
                      "Parallel Aware": false,
                      "Async Capable": false,
                      "Join Type": "Inner",
                      "Startup Cost": 2157441.29,
                      "Total Cost": 2160466.93,
                      "Plan Rows": 40,
                      "Plan Width": 81,
                      "Inner Unique": false,
                      "Hash Cond": "(supplier.s_nationkey = nation.n_nationkey)",
                      "Plans": [
                        {
                          "Node Type": "Hash Join",
                          "Parent Relationship": "Outer",
                          "Parallel Aware": true,
                          "Async Capable": false,
                          "Join Type": "Inner",
                          "Startup Cost": 2157439.73,
                          "Total Cost": 2160464.72,
                          "Plan Rows": 40,
                          "Plan Width": 31,
                          "Inner Unique": false,
                          "Hash Cond": "(supplier.s_suppkey = lineitem.l_suppkey)",
                          "Plans": [
                            {
                              "Node Type": "Seq Scan",
                              "Parent Relationship": "Outer",
                              "Parallel Aware": true,
                              "Async Capable": false,
                              "Relation Name": "supplier",
                              "Alias": "supplier",
                              "Startup Cost": 0.0,
                              "Total Cost": 2804.24,
                              "Plan Rows": 58824,
                              "Plan Width": 8,
                              "parent": 5,
                              "ID": 6
                            },
                            {
                              "Node Type": "Hash",
                              "Parent Relationship": "Inner",
                              "Parallel Aware": true,
                              "Async Capable": false,
                              "Startup Cost": 2157439.38,
                              "Total Cost": 2157439.38,
                              "Plan Rows": 28,
                              "Plan Width": 35,
                              "Plans": [
                                {
                                  "Node Type": "Hash Join",
                                  "Parent Relationship": "Outer",
                                  "Parallel Aware": true,
                                  "Async Capable": false,
                                  "Join Type": "Inner",
                                  "Startup Cost": 1810595.66,
                                  "Total Cost": 2157439.38,
                                  "Plan Rows": 28,
                                  "Plan Width": 35,
                                  "Inner Unique": false,
                                  "Hash Cond": "(orders.o_orderkey = lineitem.l_orderkey)",
                                  "Plans": [
                                    {
                                      "Node Type": "Seq Scan",
                                      "Parent Relationship": "Outer",
                                      "Parallel Aware": true,
                                      "Async Capable": false,
                                      "Relation Name": "orders",
                                      "Alias": "orders",
                                      "Startup Cost": 0.0,
                                      "Total Cost": 323407.71,
                                      "Plan Rows": 6249571,
                                      "Plan Width": 8,
                                      "parent": 8,
                                      "ID": 9
                                    },
                                    {
                                      "Node Type": "Hash",
                                      "Parent Relationship": "Inner",
                                      "Parallel Aware": true,
                                      "Async Capable": false,
                                      "Startup Cost": 1810595.31,
                                      "Total Cost": 1810595.31,
                                      "Plan Rows": 28,
                                      "Plan Width": 35,
                                      "Plans": [
                                        {
                                          "Node Type": "Hash Join",
                                          "Parent Relationship": "Outer",
                                          "Parallel Aware": true,
                                          "Async Capable": false,
                                          "Join Type": "Inner",
                                          "Startup Cost": 1539620.18,
                                          "Total Cost": 1810595.31,
                                          "Plan Rows": 28,
                                          "Plan Width": 35,
                                          "Inner Unique": false,
                                          "Hash Cond": "((partsupp.ps_suppkey = lineitem.l_suppkey) AND (partsupp.ps_partkey = lineitem.l_partkey))",
                                          "Plans": [
                                            {
                                              "Node Type": "Seq Scan",
                                              "Parent Relationship": "Outer",
                                              "Parallel Aware": true,
                                              "Async Capable": false,
                                              "Relation Name": "partsupp",
                                              "Alias": "partsupp",
                                              "Startup Cost": 0.0,
                                              "Total Cost": 207718.58,
                                              "Plan Rows": 3333258,
                                              "Plan Width": 14,
                                              "parent": 11,
                                              "ID": 12
                                            },
                                            {
                                              "Node Type": "Hash",
                                              "Parent Relationship": "Inner",
                                              "Parallel Aware": true,
                                              "Async Capable": false,
                                              "Startup Cost": 1522963.02,
                                              "Total Cost": 1522963.02,
                                              "Plan Rows": 730144,
                                              "Plan Width": 33,
                                              "Plans": [
                                                {
                                                  "Node Type": "Hash Join",
                                                  "Parent Relationship": "Outer",
                                                  "Parallel Aware": true,
                                                  "Async Capable": false,
                                                  "Join Type": "Inner",
                                                  "Startup Cost": 51693.93,
                                                  "Total Cost": 1522963.02,
                                                  "Plan Rows": 730144,
                                                  "Plan Width": 33,
                                                  "Inner Unique": false,
                                                  "Hash Cond": "(lineitem.l_partkey = part.p_partkey)",
                                                  "Plans": [
                                                    {
                                                      "Node Type": "Seq Scan",
                                                      "Parent Relationship": "Outer",
                                                      "Parallel Aware": true,
                                                      "Async Capable": false,
                                                      "Relation Name": "lineitem",
                                                      "Alias": "lineitem",
                                                      "Startup Cost": 0.0,
                                                      "Total Cost": 1374494.57,
                                                      "Plan Rows": 24995257,
                                                      "Plan Width": 29,
                                                      "parent": 14,
                                                      "ID": 15
                                                    },
                                                    {
                                                      "Node Type": "Hash",
                                                      "Parent Relationship": "Inner",
                                                      "Parallel Aware": true,
                                                      "Async Capable": false,
                                                      "Startup Cost": 51378.28,
                                                      "Total Cost": 51378.28,
                                                      "Plan Rows": 25252,
                                                      "Plan Width": 4,
                                                      "Plans": [
                                                        {
                                                          "Node Type": "Seq Scan",
                                                          "Parent Relationship": "Outer",
                                                          "Parallel Aware": true,
                                                          "Async Capable": false,
                                                          "Relation Name": "part",
                                                          "Alias": "part",
                                                          "Startup Cost": 0.0,
                                                          "Total Cost": 51378.28,
                                                          "Plan Rows": 25252,
                                                          "Plan Width": 4,
                                                          "Filter": "((p_name)::text ~~ '%moccasin%'::text)",
                                                          "parent": 16,
                                                          "ID": 17
                                                        }
                                                      ],
                                                      "parent": 14,
                                                      "ID": 16,
                                                      "left": 17
                                                    }
                                                  ],
                                                  "parent": 13,
                                                  "ID": 14,
                                                  "left": 15,
                                                  "right": 16
                                                }
                                              ],
                                              "parent": 11,
                                              "ID": 13,
                                              "left": 14
                                            }
                                          ],
                                          "parent": 10,
                                          "ID": 11,
                                          "left": 12,
                                          "right": 13
                                        }
                                      ],
                                      "parent": 8,
                                      "ID": 10,
                                      "left": 11
                                    }
                                  ],
                                  "parent": 7,
                                  "ID": 8,
                                  "left": 9,
                                  "right": 10
                                }
                              ],
                              "parent": 5,
                              "ID": 7,
                              "left": 8
                            }
                          ],
                          "parent": 4,
                          "ID": 5,
                          "left": 6,
                          "right": 7
                        },
                        {
                          "Node Type": "Hash",
                          "Parent Relationship": "Inner",
                          "Parallel Aware": false,
                          "Async Capable": false,
                          "Startup Cost": 1.25,
                          "Total Cost": 1.25,
                          "Plan Rows": 25,
                          "Plan Width": 30,
                          "Plans": [
                            {
                              "Node Type": "Seq Scan",
                              "Parent Relationship": "Outer",
                              "Parallel Aware": false,
                              "Async Capable": false,
                              "Relation Name": "nation",
                              "Alias": "nation",
                              "Startup Cost": 0.0,
                              "Total Cost": 1.25,
                              "Plan Rows": 25,
                              "Plan Width": 30,
                              "parent": 18,
                              "ID": 19
                            }
                          ],
                          "parent": 4,
                          "ID": 18,
                          "left": 19
                        }
                      ],
                      "parent": 3,
                      "ID": 4,
                      "left": 5,
                      "right": 18
                    }
                  ],
                  "parent": 2,
                  "ID": 3,
                  "left": 4
                }
              ],
              "parent": 1,
              "ID": 2,
              "left": 3
            }
          ],
          "parent": 0,
          "ID": 1,
          "left": 2
        }
      ],
      "parent": null,
      "ID": 0,
      "left": 1
    },
    "feat": {
      "utility": 1.153765529711511e-06,
      "query_shape": [
        [
          "Seq Scan",
          "Hash Join",
          "Sort",
          "Aggregate",
          "Gather Merge"
        ],
        [
          "Seq Scan",
          "Hash Join",
          "Hash",
          "Sort",
          "Aggregate",
          "Gather Merge"
        ],
        [
          "Seq Scan",
          "Hash Join",
          "Hash",
          "Sort",
          "Aggregate",
          "Gather Merge"
        ],
        [
          "Seq Scan",
          "Hash Join",
          "Hash",
          "Sort",
          "Aggregate",
          "Gather Merge"
        ],
        [
          "Seq Scan",
          "Hash",
          "Hash Join",
          "Sort",
          "Aggregate",
          "Gather Merge"
        ],
        [
          "Seq Scan",
          "Hash",
          "Hash Join",
          "Sort",
          "Aggregate",
          "Gather Merge"
        ]
      ],
      "index_shape": [
        "join"
      ],
      "physical_operator": {
        "Hash Join": [
          0.004928034090948872,
          3.391878524927478e-06
        ]
      }
    }
  },
  {
    "query": "-- Functional Query Definition\n-- Approved February 1998\n\n\nselect\nnation,\no_year,\nsum(amount) as sum_profit\nfrom\n(\nselect\nn_name as nation,\nextract(year from o_orderdate) as o_year,\nl_extendedprice * (1 - l_discount) - ps_supplycost * l_quantity as amount\nfrom\npart,\nsupplier,\nlineitem,\npartsupp,\norders,\nnation\nwhere\ns_suppkey = l_suppkey\nand ps_suppkey = l_suppkey\nand ps_partkey = l_partkey\nand p_partkey = l_partkey\nand o_orderkey = l_orderkey\nand s_nationkey = n_nationkey\nand p_name like '%moccasin%'\n) as profit\ngroup by\nnation,\no_year\norder by\nnation,\no_year desc ;\n-- $ID$\n-- TPC-H/TPC-R Returned Item Reporting ",
    "indexes": "lineitem.l_quantity",
    "wo plan est": {
      "Node Type": "Aggregate",
      "Strategy": "Sorted",
      "Partial Mode": "Finalize",
      "Parallel Aware": false,
      "Async Capable": false,
      "Startup Cost": 2161468.0,
      "Total Cost": 2161475.32,
      "Plan Rows": 68,
      "Plan Width": 90,
      "Group Key": [
        "nation.n_name",
        "(EXTRACT(year FROM orders.o_orderdate))"
      ],
      "Plans": [
        {
          "Node Type": "Gather Merge",
          "Parent Relationship": "Outer",
          "Parallel Aware": false,
          "Async Capable": false,
          "Startup Cost": 2161468.0,
          "Total Cost": 2161473.9,
          "Plan Rows": 40,
          "Plan Width": 90,
          "Workers Planned": 1,
          "Plans": [
            {
              "Node Type": "Aggregate",
              "Strategy": "Sorted",
              "Partial Mode": "Partial",
              "Parent Relationship": "Outer",
              "Parallel Aware": false,
              "Async Capable": false,
              "Startup Cost": 2160467.99,
              "Total Cost": 2160469.39,
              "Plan Rows": 40,
              "Plan Width": 90,
              "Group Key": [
                "nation.n_name",
                "(EXTRACT(year FROM orders.o_orderdate))"
              ],
              "Plans": [
                {
                  "Node Type": "Sort",
                  "Parent Relationship": "Outer",
                  "Parallel Aware": false,
                  "Async Capable": false,
                  "Startup Cost": 2160467.99,
                  "Total Cost": 2160468.09,
                  "Plan Rows": 40,
                  "Plan Width": 81,
                  "Sort Key": [
                    "nation.n_name",
                    "(EXTRACT(year FROM orders.o_orderdate)) DESC"
                  ],
                  "Plans": [
                    {
                      "Node Type": "Hash Join",
                      "Parent Relationship": "Outer",
                      "Parallel Aware": false,
                      "Async Capable": false,
                      "Join Type": "Inner",
                      "Startup Cost": 2157441.29,
                      "Total Cost": 2160466.93,
                      "Plan Rows": 40,
                      "Plan Width": 81,
                      "Inner Unique": false,
                      "Hash Cond": "(supplier.s_nationkey = nation.n_nationkey)",
                      "Plans": [
                        {
                          "Node Type": "Hash Join",
                          "Parent Relationship": "Outer",
                          "Parallel Aware": true,
                          "Async Capable": false,
                          "Join Type": "Inner",
                          "Startup Cost": 2157439.73,
                          "Total Cost": 2160464.72,
                          "Plan Rows": 40,
                          "Plan Width": 31,
                          "Inner Unique": false,
                          "Hash Cond": "(supplier.s_suppkey = lineitem.l_suppkey)",
                          "Plans": [
                            {
                              "Node Type": "Seq Scan",
                              "Parent Relationship": "Outer",
                              "Parallel Aware": true,
                              "Async Capable": false,
                              "Relation Name": "supplier",
                              "Alias": "supplier",
                              "Startup Cost": 0.0,
                              "Total Cost": 2804.24,
                              "Plan Rows": 58824,
                              "Plan Width": 8,
                              "parent": 5,
                              "ID": 6
                            },
                            {
                              "Node Type": "Hash",
                              "Parent Relationship": "Inner",
                              "Parallel Aware": true,
                              "Async Capable": false,
                              "Startup Cost": 2157439.38,
                              "Total Cost": 2157439.38,
                              "Plan Rows": 28,
                              "Plan Width": 35,
                              "Plans": [
                                {
                                  "Node Type": "Hash Join",
                                  "Parent Relationship": "Outer",
                                  "Parallel Aware": true,
                                  "Async Capable": false,
                                  "Join Type": "Inner",
                                  "Startup Cost": 1810595.66,
                                  "Total Cost": 2157439.38,
                                  "Plan Rows": 28,
                                  "Plan Width": 35,
                                  "Inner Unique": false,
                                  "Hash Cond": "(orders.o_orderkey = lineitem.l_orderkey)",
                                  "Plans": [
                                    {
                                      "Node Type": "Seq Scan",
                                      "Parent Relationship": "Outer",
                                      "Parallel Aware": true,
                                      "Async Capable": false,
                                      "Relation Name": "orders",
                                      "Alias": "orders",
                                      "Startup Cost": 0.0,
                                      "Total Cost": 323407.71,
                                      "Plan Rows": 6249571,
                                      "Plan Width": 8,
                                      "parent": 8,
                                      "ID": 9
                                    },
                                    {
                                      "Node Type": "Hash",
                                      "Parent Relationship": "Inner",
                                      "Parallel Aware": true,
                                      "Async Capable": false,
                                      "Startup Cost": 1810595.31,
                                      "Total Cost": 1810595.31,
                                      "Plan Rows": 28,
                                      "Plan Width": 35,
                                      "Plans": [
                                        {
                                          "Node Type": "Hash Join",
                                          "Parent Relationship": "Outer",
                                          "Parallel Aware": true,
                                          "Async Capable": false,
                                          "Join Type": "Inner",
                                          "Startup Cost": 1539620.18,
                                          "Total Cost": 1810595.31,
                                          "Plan Rows": 28,
                                          "Plan Width": 35,
                                          "Inner Unique": false,
                                          "Hash Cond": "((partsupp.ps_suppkey = lineitem.l_suppkey) AND (partsupp.ps_partkey = lineitem.l_partkey))",
                                          "Plans": [
                                            {
                                              "Node Type": "Seq Scan",
                                              "Parent Relationship": "Outer",
                                              "Parallel Aware": true,
                                              "Async Capable": false,
                                              "Relation Name": "partsupp",
                                              "Alias": "partsupp",
                                              "Startup Cost": 0.0,
                                              "Total Cost": 207718.58,
                                              "Plan Rows": 3333258,
                                              "Plan Width": 14,
                                              "parent": 11,
                                              "ID": 12
                                            },
                                            {
                                              "Node Type": "Hash",
                                              "Parent Relationship": "Inner",
                                              "Parallel Aware": true,
                                              "Async Capable": false,
                                              "Startup Cost": 1522963.02,
                                              "Total Cost": 1522963.02,
                                              "Plan Rows": 730144,
                                              "Plan Width": 33,
                                              "Plans": [
                                                {
                                                  "Node Type": "Hash Join",
                                                  "Parent Relationship": "Outer",
                                                  "Parallel Aware": true,
                                                  "Async Capable": false,
                                                  "Join Type": "Inner",
                                                  "Startup Cost": 51693.93,
                                                  "Total Cost": 1522963.02,
                                                  "Plan Rows": 730144,
                                                  "Plan Width": 33,
                                                  "Inner Unique": false,
                                                  "Hash Cond": "(lineitem.l_partkey = part.p_partkey)",
                                                  "Plans": [
                                                    {
                                                      "Node Type": "Seq Scan",
                                                      "Parent Relationship": "Outer",
                                                      "Parallel Aware": true,
                                                      "Async Capable": false,
                                                      "Relation Name": "lineitem",
                                                      "Alias": "lineitem",
                                                      "Startup Cost": 0.0,
                                                      "Total Cost": 1374494.57,
                                                      "Plan Rows": 24995257,
                                                      "Plan Width": 29,
                                                      "parent": 14,
                                                      "ID": 15
                                                    },
                                                    {
                                                      "Node Type": "Hash",
                                                      "Parent Relationship": "Inner",
                                                      "Parallel Aware": true,
                                                      "Async Capable": false,
                                                      "Startup Cost": 51378.28,
                                                      "Total Cost": 51378.28,
                                                      "Plan Rows": 25252,
                                                      "Plan Width": 4,
                                                      "Plans": [
                                                        {
                                                          "Node Type": "Seq Scan",
                                                          "Parent Relationship": "Outer",
                                                          "Parallel Aware": true,
                                                          "Async Capable": false,
                                                          "Relation Name": "part",
                                                          "Alias": "part",
                                                          "Startup Cost": 0.0,
                                                          "Total Cost": 51378.28,
                                                          "Plan Rows": 25252,
                                                          "Plan Width": 4,
                                                          "Filter": "((p_name)::text ~~ '%moccasin%'::text)",
                                                          "parent": 16,
                                                          "ID": 17
                                                        }
                                                      ],
                                                      "parent": 14,
                                                      "ID": 16,
                                                      "left": 17
                                                    }
                                                  ],
                                                  "parent": 13,
                                                  "ID": 14,
                                                  "left": 15,
                                                  "right": 16
                                                }
                                              ],
                                              "parent": 11,
                                              "ID": 13,
                                              "left": 14
                                            }
                                          ],
                                          "parent": 10,
                                          "ID": 11,
                                          "left": 12,
                                          "right": 13
                                        }
                                      ],
                                      "parent": 8,
                                      "ID": 10,
                                      "left": 11
                                    }
                                  ],
                                  "parent": 7,
                                  "ID": 8,
                                  "left": 9,
                                  "right": 10
                                }
                              ],
                              "parent": 5,
                              "ID": 7,
                              "left": 8
                            }
                          ],
                          "parent": 4,
                          "ID": 5,
                          "left": 6,
                          "right": 7
                        },
                        {
                          "Node Type": "Hash",
                          "Parent Relationship": "Inner",
                          "Parallel Aware": false,
                          "Async Capable": false,
                          "Startup Cost": 1.25,
                          "Total Cost": 1.25,
                          "Plan Rows": 25,
                          "Plan Width": 30,
                          "Plans": [
                            {
                              "Node Type": "Seq Scan",
                              "Parent Relationship": "Outer",
                              "Parallel Aware": false,
                              "Async Capable": false,
                              "Relation Name": "nation",
                              "Alias": "nation",
                              "Startup Cost": 0.0,
                              "Total Cost": 1.25,
                              "Plan Rows": 25,
                              "Plan Width": 30,
                              "parent": 18,
                              "ID": 19
                            }
                          ],
                          "parent": 4,
                          "ID": 18,
                          "left": 19
                        }
                      ],
                      "parent": 3,
                      "ID": 4,
                      "left": 5,
                      "right": 18
                    }
                  ],
                  "parent": 2,
                  "ID": 3,
                  "left": 4
                }
              ],
              "parent": 1,
              "ID": 2,
              "left": 3
            }
          ],
          "parent": 0,
          "ID": 1,
          "left": 2
        }
      ],
      "parent": null,
      "ID": 0,
      "left": 1
    },
    "feat": {
      "utility": 0.0,
      "query_shape": [
        [
          "Seq Scan",
          "Hash Join",
          "Sort",
          "Aggregate",
          "Gather Merge"
        ],
        [
          "Seq Scan",
          "Hash Join",
          "Hash",
          "Sort",
          "Aggregate",
          "Gather Merge"
        ],
        [
          "Seq Scan",
          "Hash Join",
          "Hash",
          "Sort",
          "Aggregate",
          "Gather Merge"
        ],
        [
          "Seq Scan",
          "Hash Join",
          "Hash",
          "Sort",
          "Aggregate",
          "Gather Merge"
        ],
        [
          "Seq Scan",
          "Hash",
          "Hash Join",
          "Sort",
          "Aggregate",
          "Gather Merge"
        ],
        [
          "Seq Scan",
          "Hash",
          "Hash Join",
          "Sort",
          "Aggregate",
          "Gather Merge"
        ]
      ],
      "index_shape": [],
      "physical_operator": {}
    }
  },
  {
    "query": "-- Functional Query Definition\n-- Approved February 1998\n\n\nselect\nnation,\no_year,\nsum(amount) as sum_profit\nfrom\n(\nselect\nn_name as nation,\nextract(year from o_orderdate) as o_year,\nl_extendedprice * (1 - l_discount) - ps_supplycost * l_quantity as amount\nfrom\npart,\nsupplier,\nlineitem,\npartsupp,\norders,\nnation\nwhere\ns_suppkey = l_suppkey\nand ps_suppkey = l_suppkey\nand ps_partkey = l_partkey\nand p_partkey = l_partkey\nand o_orderkey = l_orderkey\nand s_nationkey = n_nationkey\nand p_name like '%moccasin%'\n) as profit\ngroup by\nnation,\no_year\norder by\nnation,\no_year desc ;\n-- $ID$\n-- TPC-H/TPC-R Returned Item Reporting ",
    "indexes": "lineitem.l_extendedprice",
    "wo plan est": {
      "Node Type": "Aggregate",
      "Strategy": "Sorted",
      "Partial Mode": "Finalize",
      "Parallel Aware": false,
      "Async Capable": false,
      "Startup Cost": 2161468.0,
      "Total Cost": 2161475.32,
      "Plan Rows": 68,
      "Plan Width": 90,
      "Group Key": [
        "nation.n_name",
        "(EXTRACT(year FROM orders.o_orderdate))"
      ],
      "Plans": [
        {
          "Node Type": "Gather Merge",
          "Parent Relationship": "Outer",
          "Parallel Aware": false,
          "Async Capable": false,
          "Startup Cost": 2161468.0,
          "Total Cost": 2161473.9,
          "Plan Rows": 40,
          "Plan Width": 90,
          "Workers Planned": 1,
          "Plans": [
            {
              "Node Type": "Aggregate",
              "Strategy": "Sorted",
              "Partial Mode": "Partial",
              "Parent Relationship": "Outer",
              "Parallel Aware": false,
              "Async Capable": false,
              "Startup Cost": 2160467.99,
              "Total Cost": 2160469.39,
              "Plan Rows": 40,
              "Plan Width": 90,
              "Group Key": [
                "nation.n_name",
                "(EXTRACT(year FROM orders.o_orderdate))"
              ],
              "Plans": [
                {
                  "Node Type": "Sort",
                  "Parent Relationship": "Outer",
                  "Parallel Aware": false,
                  "Async Capable": false,
                  "Startup Cost": 2160467.99,
                  "Total Cost": 2160468.09,
                  "Plan Rows": 40,
                  "Plan Width": 81,
                  "Sort Key": [
                    "nation.n_name",
                    "(EXTRACT(year FROM orders.o_orderdate)) DESC"
                  ],
                  "Plans": [
                    {
                      "Node Type": "Hash Join",
                      "Parent Relationship": "Outer",
                      "Parallel Aware": false,
                      "Async Capable": false,
                      "Join Type": "Inner",
                      "Startup Cost": 2157441.29,
                      "Total Cost": 2160466.93,
                      "Plan Rows": 40,
                      "Plan Width": 81,
                      "Inner Unique": false,
                      "Hash Cond": "(supplier.s_nationkey = nation.n_nationkey)",
                      "Plans": [
                        {
                          "Node Type": "Hash Join",
                          "Parent Relationship": "Outer",
                          "Parallel Aware": true,
                          "Async Capable": false,
                          "Join Type": "Inner",
                          "Startup Cost": 2157439.73,
                          "Total Cost": 2160464.72,
                          "Plan Rows": 40,
                          "Plan Width": 31,
                          "Inner Unique": false,
                          "Hash Cond": "(supplier.s_suppkey = lineitem.l_suppkey)",
                          "Plans": [
                            {
                              "Node Type": "Seq Scan",
                              "Parent Relationship": "Outer",
                              "Parallel Aware": true,
                              "Async Capable": false,
                              "Relation Name": "supplier",
                              "Alias": "supplier",
                              "Startup Cost": 0.0,
                              "Total Cost": 2804.24,
                              "Plan Rows": 58824,
                              "Plan Width": 8,
                              "parent": 5,
                              "ID": 6
                            },
                            {
                              "Node Type": "Hash",
                              "Parent Relationship": "Inner",
                              "Parallel Aware": true,
                              "Async Capable": false,
                              "Startup Cost": 2157439.38,
                              "Total Cost": 2157439.38,
                              "Plan Rows": 28,
                              "Plan Width": 35,
                              "Plans": [
                                {
                                  "Node Type": "Hash Join",
                                  "Parent Relationship": "Outer",
                                  "Parallel Aware": true,
                                  "Async Capable": false,
                                  "Join Type": "Inner",
                                  "Startup Cost": 1810595.66,
                                  "Total Cost": 2157439.38,
                                  "Plan Rows": 28,
                                  "Plan Width": 35,
                                  "Inner Unique": false,
                                  "Hash Cond": "(orders.o_orderkey = lineitem.l_orderkey)",
                                  "Plans": [
                                    {
                                      "Node Type": "Seq Scan",
                                      "Parent Relationship": "Outer",
                                      "Parallel Aware": true,
                                      "Async Capable": false,
                                      "Relation Name": "orders",
                                      "Alias": "orders",
                                      "Startup Cost": 0.0,
                                      "Total Cost": 323407.71,
                                      "Plan Rows": 6249571,
                                      "Plan Width": 8,
                                      "parent": 8,
                                      "ID": 9
                                    },
                                    {
                                      "Node Type": "Hash",
                                      "Parent Relationship": "Inner",
                                      "Parallel Aware": true,
                                      "Async Capable": false,
                                      "Startup Cost": 1810595.31,
                                      "Total Cost": 1810595.31,
                                      "Plan Rows": 28,
                                      "Plan Width": 35,
                                      "Plans": [
                                        {
                                          "Node Type": "Hash Join",
                                          "Parent Relationship": "Outer",
                                          "Parallel Aware": true,
                                          "Async Capable": false,
                                          "Join Type": "Inner",
                                          "Startup Cost": 1539620.18,
                                          "Total Cost": 1810595.31,
                                          "Plan Rows": 28,
                                          "Plan Width": 35,
                                          "Inner Unique": false,
                                          "Hash Cond": "((partsupp.ps_suppkey = lineitem.l_suppkey) AND (partsupp.ps_partkey = lineitem.l_partkey))",
                                          "Plans": [
                                            {
                                              "Node Type": "Seq Scan",
                                              "Parent Relationship": "Outer",
                                              "Parallel Aware": true,
                                              "Async Capable": false,
                                              "Relation Name": "partsupp",
                                              "Alias": "partsupp",
                                              "Startup Cost": 0.0,
                                              "Total Cost": 207718.58,
                                              "Plan Rows": 3333258,
                                              "Plan Width": 14,
                                              "parent": 11,
                                              "ID": 12
                                            },
                                            {
                                              "Node Type": "Hash",
                                              "Parent Relationship": "Inner",
                                              "Parallel Aware": true,
                                              "Async Capable": false,
                                              "Startup Cost": 1522963.02,
                                              "Total Cost": 1522963.02,
                                              "Plan Rows": 730144,
                                              "Plan Width": 33,
                                              "Plans": [
                                                {
                                                  "Node Type": "Hash Join",
                                                  "Parent Relationship": "Outer",
                                                  "Parallel Aware": true,
                                                  "Async Capable": false,
                                                  "Join Type": "Inner",
                                                  "Startup Cost": 51693.93,
                                                  "Total Cost": 1522963.02,
                                                  "Plan Rows": 730144,
                                                  "Plan Width": 33,
                                                  "Inner Unique": false,
                                                  "Hash Cond": "(lineitem.l_partkey = part.p_partkey)",
                                                  "Plans": [
                                                    {
                                                      "Node Type": "Seq Scan",
                                                      "Parent Relationship": "Outer",
                                                      "Parallel Aware": true,
                                                      "Async Capable": false,
                                                      "Relation Name": "lineitem",
                                                      "Alias": "lineitem",
                                                      "Startup Cost": 0.0,
                                                      "Total Cost": 1374494.57,
                                                      "Plan Rows": 24995257,
                                                      "Plan Width": 29,
                                                      "parent": 14,
                                                      "ID": 15
                                                    },
                                                    {
                                                      "Node Type": "Hash",
                                                      "Parent Relationship": "Inner",
                                                      "Parallel Aware": true,
                                                      "Async Capable": false,
                                                      "Startup Cost": 51378.28,
                                                      "Total Cost": 51378.28,
                                                      "Plan Rows": 25252,
                                                      "Plan Width": 4,
                                                      "Plans": [
                                                        {
                                                          "Node Type": "Seq Scan",
                                                          "Parent Relationship": "Outer",
                                                          "Parallel Aware": true,
                                                          "Async Capable": false,
                                                          "Relation Name": "part",
                                                          "Alias": "part",
                                                          "Startup Cost": 0.0,
                                                          "Total Cost": 51378.28,
                                                          "Plan Rows": 25252,
                                                          "Plan Width": 4,
                                                          "Filter": "((p_name)::text ~~ '%moccasin%'::text)",
                                                          "parent": 16,
                                                          "ID": 17
                                                        }
                                                      ],
                                                      "parent": 14,
                                                      "ID": 16,
                                                      "left": 17
                                                    }
                                                  ],
                                                  "parent": 13,
                                                  "ID": 14,
                                                  "left": 15,
                                                  "right": 16
                                                }
                                              ],
                                              "parent": 11,
                                              "ID": 13,
                                              "left": 14
                                            }
                                          ],
                                          "parent": 10,
                                          "ID": 11,
                                          "left": 12,
                                          "right": 13
                                        }
                                      ],
                                      "parent": 8,
                                      "ID": 10,
                                      "left": 11
                                    }
                                  ],
                                  "parent": 7,
                                  "ID": 8,
                                  "left": 9,
                                  "right": 10
                                }
                              ],
                              "parent": 5,
                              "ID": 7,
                              "left": 8
                            }
                          ],
                          "parent": 4,
                          "ID": 5,
                          "left": 6,
                          "right": 7
                        },
                        {
                          "Node Type": "Hash",
                          "Parent Relationship": "Inner",
                          "Parallel Aware": false,
                          "Async Capable": false,
                          "Startup Cost": 1.25,
                          "Total Cost": 1.25,
                          "Plan Rows": 25,
                          "Plan Width": 30,
                          "Plans": [
                            {
                              "Node Type": "Seq Scan",
                              "Parent Relationship": "Outer",
                              "Parallel Aware": false,
                              "Async Capable": false,
                              "Relation Name": "nation",
                              "Alias": "nation",
                              "Startup Cost": 0.0,
                              "Total Cost": 1.25,
                              "Plan Rows": 25,
                              "Plan Width": 30,
                              "parent": 18,
                              "ID": 19
                            }
                          ],
                          "parent": 4,
                          "ID": 18,
                          "left": 19
                        }
                      ],
                      "parent": 3,
                      "ID": 4,
                      "left": 5,
                      "right": 18
                    }
                  ],
                  "parent": 2,
                  "ID": 3,
                  "left": 4
                }
              ],
              "parent": 1,
              "ID": 2,
              "left": 3
            }
          ],
          "parent": 0,
          "ID": 1,
          "left": 2
        }
      ],
      "parent": null,
      "ID": 0,
      "left": 1
    },
    "feat": {
      "utility": 0.0,
      "query_shape": [
        [
          "Seq Scan",
          "Hash Join",
          "Sort",
          "Aggregate",
          "Gather Merge"
        ],
        [
          "Seq Scan",
          "Hash Join",
          "Hash",
          "Sort",
          "Aggregate",
          "Gather Merge"
        ],
        [
          "Seq Scan",
          "Hash Join",
          "Hash",
          "Sort",
          "Aggregate",
          "Gather Merge"
        ],
        [
          "Seq Scan",
          "Hash Join",
          "Hash",
          "Sort",
          "Aggregate",
          "Gather Merge"
        ],
        [
          "Seq Scan",
          "Hash",
          "Hash Join",
          "Sort",
          "Aggregate",
          "Gather Merge"
        ],
        [
          "Seq Scan",
          "Hash",
          "Hash Join",
          "Sort",
          "Aggregate",
          "Gather Merge"
        ]
      ],
      "index_shape": [],
      "physical_operator": {}
    }
  },
  {
    "query": "-- Functional Query Definition\n-- Approved February 1998\n\n\nselect\nnation,\no_year,\nsum(amount) as sum_profit\nfrom\n(\nselect\nn_name as nation,\nextract(year from o_orderdate) as o_year,\nl_extendedprice * (1 - l_discount) - ps_supplycost * l_quantity as amount\nfrom\npart,\nsupplier,\nlineitem,\npartsupp,\norders,\nnation\nwhere\ns_suppkey = l_suppkey\nand ps_suppkey = l_suppkey\nand ps_partkey = l_partkey\nand p_partkey = l_partkey\nand o_orderkey = l_orderkey\nand s_nationkey = n_nationkey\nand p_name like '%moccasin%'\n) as profit\ngroup by\nnation,\no_year\norder by\nnation,\no_year desc ;\n-- $ID$\n-- TPC-H/TPC-R Returned Item Reporting ",
    "indexes": "lineitem.l_discount",
    "wo plan est": {
      "Node Type": "Aggregate",
      "Strategy": "Sorted",
      "Partial Mode": "Finalize",
      "Parallel Aware": false,
      "Async Capable": false,
      "Startup Cost": 2161468.0,
      "Total Cost": 2161475.32,
      "Plan Rows": 68,
      "Plan Width": 90,
      "Group Key": [
        "nation.n_name",
        "(EXTRACT(year FROM orders.o_orderdate))"
      ],
      "Plans": [
        {
          "Node Type": "Gather Merge",
          "Parent Relationship": "Outer",
          "Parallel Aware": false,
          "Async Capable": false,
          "Startup Cost": 2161468.0,
          "Total Cost": 2161473.9,
          "Plan Rows": 40,
          "Plan Width": 90,
          "Workers Planned": 1,
          "Plans": [
            {
              "Node Type": "Aggregate",
              "Strategy": "Sorted",
              "Partial Mode": "Partial",
              "Parent Relationship": "Outer",
              "Parallel Aware": false,
              "Async Capable": false,
              "Startup Cost": 2160467.99,
              "Total Cost": 2160469.39,
              "Plan Rows": 40,
              "Plan Width": 90,
              "Group Key": [
                "nation.n_name",
                "(EXTRACT(year FROM orders.o_orderdate))"
              ],
              "Plans": [
                {
                  "Node Type": "Sort",
                  "Parent Relationship": "Outer",
                  "Parallel Aware": false,
                  "Async Capable": false,
                  "Startup Cost": 2160467.99,
                  "Total Cost": 2160468.09,
                  "Plan Rows": 40,
                  "Plan Width": 81,
                  "Sort Key": [
                    "nation.n_name",
                    "(EXTRACT(year FROM orders.o_orderdate)) DESC"
                  ],
                  "Plans": [
                    {
                      "Node Type": "Hash Join",
                      "Parent Relationship": "Outer",
                      "Parallel Aware": false,
                      "Async Capable": false,
                      "Join Type": "Inner",
                      "Startup Cost": 2157441.29,
                      "Total Cost": 2160466.93,
                      "Plan Rows": 40,
                      "Plan Width": 81,
                      "Inner Unique": false,
                      "Hash Cond": "(supplier.s_nationkey = nation.n_nationkey)",
                      "Plans": [
                        {
                          "Node Type": "Hash Join",
                          "Parent Relationship": "Outer",
                          "Parallel Aware": true,
                          "Async Capable": false,
                          "Join Type": "Inner",
                          "Startup Cost": 2157439.73,
                          "Total Cost": 2160464.72,
                          "Plan Rows": 40,
                          "Plan Width": 31,
                          "Inner Unique": false,
                          "Hash Cond": "(supplier.s_suppkey = lineitem.l_suppkey)",
                          "Plans": [
                            {
                              "Node Type": "Seq Scan",
                              "Parent Relationship": "Outer",
                              "Parallel Aware": true,
                              "Async Capable": false,
                              "Relation Name": "supplier",
                              "Alias": "supplier",
                              "Startup Cost": 0.0,
                              "Total Cost": 2804.24,
                              "Plan Rows": 58824,
                              "Plan Width": 8,
                              "parent": 5,
                              "ID": 6
                            },
                            {
                              "Node Type": "Hash",
                              "Parent Relationship": "Inner",
                              "Parallel Aware": true,
                              "Async Capable": false,
                              "Startup Cost": 2157439.38,
                              "Total Cost": 2157439.38,
                              "Plan Rows": 28,
                              "Plan Width": 35,
                              "Plans": [
                                {
                                  "Node Type": "Hash Join",
                                  "Parent Relationship": "Outer",
                                  "Parallel Aware": true,
                                  "Async Capable": false,
                                  "Join Type": "Inner",
                                  "Startup Cost": 1810595.66,
                                  "Total Cost": 2157439.38,
                                  "Plan Rows": 28,
                                  "Plan Width": 35,
                                  "Inner Unique": false,
                                  "Hash Cond": "(orders.o_orderkey = lineitem.l_orderkey)",
                                  "Plans": [
                                    {
                                      "Node Type": "Seq Scan",
                                      "Parent Relationship": "Outer",
                                      "Parallel Aware": true,
                                      "Async Capable": false,
                                      "Relation Name": "orders",
                                      "Alias": "orders",
                                      "Startup Cost": 0.0,
                                      "Total Cost": 323407.71,
                                      "Plan Rows": 6249571,
                                      "Plan Width": 8,
                                      "parent": 8,
                                      "ID": 9
                                    },
                                    {
                                      "Node Type": "Hash",
                                      "Parent Relationship": "Inner",
                                      "Parallel Aware": true,
                                      "Async Capable": false,
                                      "Startup Cost": 1810595.31,
                                      "Total Cost": 1810595.31,
                                      "Plan Rows": 28,
                                      "Plan Width": 35,
                                      "Plans": [
                                        {
                                          "Node Type": "Hash Join",
                                          "Parent Relationship": "Outer",
                                          "Parallel Aware": true,
                                          "Async Capable": false,
                                          "Join Type": "Inner",
                                          "Startup Cost": 1539620.18,
                                          "Total Cost": 1810595.31,
                                          "Plan Rows": 28,
                                          "Plan Width": 35,
                                          "Inner Unique": false,
                                          "Hash Cond": "((partsupp.ps_suppkey = lineitem.l_suppkey) AND (partsupp.ps_partkey = lineitem.l_partkey))",
                                          "Plans": [
                                            {
                                              "Node Type": "Seq Scan",
                                              "Parent Relationship": "Outer",
                                              "Parallel Aware": true,
                                              "Async Capable": false,
                                              "Relation Name": "partsupp",
                                              "Alias": "partsupp",
                                              "Startup Cost": 0.0,
                                              "Total Cost": 207718.58,
                                              "Plan Rows": 3333258,
                                              "Plan Width": 14,
                                              "parent": 11,
                                              "ID": 12
                                            },
                                            {
                                              "Node Type": "Hash",
                                              "Parent Relationship": "Inner",
                                              "Parallel Aware": true,
                                              "Async Capable": false,
                                              "Startup Cost": 1522963.02,
                                              "Total Cost": 1522963.02,
                                              "Plan Rows": 730144,
                                              "Plan Width": 33,
                                              "Plans": [
                                                {
                                                  "Node Type": "Hash Join",
                                                  "Parent Relationship": "Outer",
                                                  "Parallel Aware": true,
                                                  "Async Capable": false,
                                                  "Join Type": "Inner",
                                                  "Startup Cost": 51693.93,
                                                  "Total Cost": 1522963.02,
                                                  "Plan Rows": 730144,
                                                  "Plan Width": 33,
                                                  "Inner Unique": false,
                                                  "Hash Cond": "(lineitem.l_partkey = part.p_partkey)",
                                                  "Plans": [
                                                    {
                                                      "Node Type": "Seq Scan",
                                                      "Parent Relationship": "Outer",
                                                      "Parallel Aware": true,
                                                      "Async Capable": false,
                                                      "Relation Name": "lineitem",
                                                      "Alias": "lineitem",
                                                      "Startup Cost": 0.0,
                                                      "Total Cost": 1374494.57,
                                                      "Plan Rows": 24995257,
                                                      "Plan Width": 29,
                                                      "parent": 14,
                                                      "ID": 15
                                                    },
                                                    {
                                                      "Node Type": "Hash",
                                                      "Parent Relationship": "Inner",
                                                      "Parallel Aware": true,
                                                      "Async Capable": false,
                                                      "Startup Cost": 51378.28,
                                                      "Total Cost": 51378.28,
                                                      "Plan Rows": 25252,
                                                      "Plan Width": 4,
                                                      "Plans": [
                                                        {
                                                          "Node Type": "Seq Scan",
                                                          "Parent Relationship": "Outer",
                                                          "Parallel Aware": true,
                                                          "Async Capable": false,
                                                          "Relation Name": "part",
                                                          "Alias": "part",
                                                          "Startup Cost": 0.0,
                                                          "Total Cost": 51378.28,
                                                          "Plan Rows": 25252,
                                                          "Plan Width": 4,
                                                          "Filter": "((p_name)::text ~~ '%moccasin%'::text)",
                                                          "parent": 16,
                                                          "ID": 17
                                                        }
                                                      ],
                                                      "parent": 14,
                                                      "ID": 16,
                                                      "left": 17
                                                    }
                                                  ],
                                                  "parent": 13,
                                                  "ID": 14,
                                                  "left": 15,
                                                  "right": 16
                                                }
                                              ],
                                              "parent": 11,
                                              "ID": 13,
                                              "left": 14
                                            }
                                          ],
                                          "parent": 10,
                                          "ID": 11,
                                          "left": 12,
                                          "right": 13
                                        }
                                      ],
                                      "parent": 8,
                                      "ID": 10,
                                      "left": 11
                                    }
                                  ],
                                  "parent": 7,
                                  "ID": 8,
                                  "left": 9,
                                  "right": 10
                                }
                              ],
                              "parent": 5,
                              "ID": 7,
                              "left": 8
                            }
                          ],
                          "parent": 4,
                          "ID": 5,
                          "left": 6,
                          "right": 7
                        },
                        {
                          "Node Type": "Hash",
                          "Parent Relationship": "Inner",
                          "Parallel Aware": false,
                          "Async Capable": false,
                          "Startup Cost": 1.25,
                          "Total Cost": 1.25,
                          "Plan Rows": 25,
                          "Plan Width": 30,
                          "Plans": [
                            {
                              "Node Type": "Seq Scan",
                              "Parent Relationship": "Outer",
                              "Parallel Aware": false,
                              "Async Capable": false,
                              "Relation Name": "nation",
                              "Alias": "nation",
                              "Startup Cost": 0.0,
                              "Total Cost": 1.25,
                              "Plan Rows": 25,
                              "Plan Width": 30,
                              "parent": 18,
                              "ID": 19
                            }
                          ],
                          "parent": 4,
                          "ID": 18,
                          "left": 19
                        }
                      ],
                      "parent": 3,
                      "ID": 4,
                      "left": 5,
                      "right": 18
                    }
                  ],
                  "parent": 2,
                  "ID": 3,
                  "left": 4
                }
              ],
              "parent": 1,
              "ID": 2,
              "left": 3
            }
          ],
          "parent": 0,
          "ID": 1,
          "left": 2
        }
      ],
      "parent": null,
      "ID": 0,
      "left": 1
    },
    "feat": {
      "utility": 0.0,
      "query_shape": [
        [
          "Seq Scan",
          "Hash Join",
          "Sort",
          "Aggregate",
          "Gather Merge"
        ],
        [
          "Seq Scan",
          "Hash Join",
          "Hash",
          "Sort",
          "Aggregate",
          "Gather Merge"
        ],
        [
          "Seq Scan",
          "Hash Join",
          "Hash",
          "Sort",
          "Aggregate",
          "Gather Merge"
        ],
        [
          "Seq Scan",
          "Hash Join",
          "Hash",
          "Sort",
          "Aggregate",
          "Gather Merge"
        ],
        [
          "Seq Scan",
          "Hash",
          "Hash Join",
          "Sort",
          "Aggregate",
          "Gather Merge"
        ],
        [
          "Seq Scan",
          "Hash",
          "Hash Join",
          "Sort",
          "Aggregate",
          "Gather Merge"
        ]
      ],
      "index_shape": [],
      "physical_operator": {}
    }
  },
  {
    "query": "-- Functional Query Definition\n-- Approved February 1998\n\n\nselect\nnation,\no_year,\nsum(amount) as sum_profit\nfrom\n(\nselect\nn_name as nation,\nextract(year from o_orderdate) as o_year,\nl_extendedprice * (1 - l_discount) - ps_supplycost * l_quantity as amount\nfrom\npart,\nsupplier,\nlineitem,\npartsupp,\norders,\nnation\nwhere\ns_suppkey = l_suppkey\nand ps_suppkey = l_suppkey\nand ps_partkey = l_partkey\nand p_partkey = l_partkey\nand o_orderkey = l_orderkey\nand s_nationkey = n_nationkey\nand p_name like '%moccasin%'\n) as profit\ngroup by\nnation,\no_year\norder by\nnation,\no_year desc ;\n-- $ID$\n-- TPC-H/TPC-R Returned Item Reporting ",
    "indexes": "nation.n_nationkey",
    "wo plan est": {
      "Node Type": "Aggregate",
      "Strategy": "Sorted",
      "Partial Mode": "Finalize",
      "Parallel Aware": false,
      "Async Capable": false,
      "Startup Cost": 2161468.0,
      "Total Cost": 2161475.32,
      "Plan Rows": 68,
      "Plan Width": 90,
      "Group Key": [
        "nation.n_name",
        "(EXTRACT(year FROM orders.o_orderdate))"
      ],
      "Plans": [
        {
          "Node Type": "Gather Merge",
          "Parent Relationship": "Outer",
          "Parallel Aware": false,
          "Async Capable": false,
          "Startup Cost": 2161468.0,
          "Total Cost": 2161473.9,
          "Plan Rows": 40,
          "Plan Width": 90,
          "Workers Planned": 1,
          "Plans": [
            {
              "Node Type": "Aggregate",
              "Strategy": "Sorted",
              "Partial Mode": "Partial",
              "Parent Relationship": "Outer",
              "Parallel Aware": false,
              "Async Capable": false,
              "Startup Cost": 2160467.99,
              "Total Cost": 2160469.39,
              "Plan Rows": 40,
              "Plan Width": 90,
              "Group Key": [
                "nation.n_name",
                "(EXTRACT(year FROM orders.o_orderdate))"
              ],
              "Plans": [
                {
                  "Node Type": "Sort",
                  "Parent Relationship": "Outer",
                  "Parallel Aware": false,
                  "Async Capable": false,
                  "Startup Cost": 2160467.99,
                  "Total Cost": 2160468.09,
                  "Plan Rows": 40,
                  "Plan Width": 81,
                  "Sort Key": [
                    "nation.n_name",
                    "(EXTRACT(year FROM orders.o_orderdate)) DESC"
                  ],
                  "Plans": [
                    {
                      "Node Type": "Hash Join",
                      "Parent Relationship": "Outer",
                      "Parallel Aware": false,
                      "Async Capable": false,
                      "Join Type": "Inner",
                      "Startup Cost": 2157441.29,
                      "Total Cost": 2160466.93,
                      "Plan Rows": 40,
                      "Plan Width": 81,
                      "Inner Unique": false,
                      "Hash Cond": "(supplier.s_nationkey = nation.n_nationkey)",
                      "Plans": [
                        {
                          "Node Type": "Hash Join",
                          "Parent Relationship": "Outer",
                          "Parallel Aware": true,
                          "Async Capable": false,
                          "Join Type": "Inner",
                          "Startup Cost": 2157439.73,
                          "Total Cost": 2160464.72,
                          "Plan Rows": 40,
                          "Plan Width": 31,
                          "Inner Unique": false,
                          "Hash Cond": "(supplier.s_suppkey = lineitem.l_suppkey)",
                          "Plans": [
                            {
                              "Node Type": "Seq Scan",
                              "Parent Relationship": "Outer",
                              "Parallel Aware": true,
                              "Async Capable": false,
                              "Relation Name": "supplier",
                              "Alias": "supplier",
                              "Startup Cost": 0.0,
                              "Total Cost": 2804.24,
                              "Plan Rows": 58824,
                              "Plan Width": 8,
                              "parent": 5,
                              "ID": 6
                            },
                            {
                              "Node Type": "Hash",
                              "Parent Relationship": "Inner",
                              "Parallel Aware": true,
                              "Async Capable": false,
                              "Startup Cost": 2157439.38,
                              "Total Cost": 2157439.38,
                              "Plan Rows": 28,
                              "Plan Width": 35,
                              "Plans": [
                                {
                                  "Node Type": "Hash Join",
                                  "Parent Relationship": "Outer",
                                  "Parallel Aware": true,
                                  "Async Capable": false,
                                  "Join Type": "Inner",
                                  "Startup Cost": 1810595.66,
                                  "Total Cost": 2157439.38,
                                  "Plan Rows": 28,
                                  "Plan Width": 35,
                                  "Inner Unique": false,
                                  "Hash Cond": "(orders.o_orderkey = lineitem.l_orderkey)",
                                  "Plans": [
                                    {
                                      "Node Type": "Seq Scan",
                                      "Parent Relationship": "Outer",
                                      "Parallel Aware": true,
                                      "Async Capable": false,
                                      "Relation Name": "orders",
                                      "Alias": "orders",
                                      "Startup Cost": 0.0,
                                      "Total Cost": 323407.71,
                                      "Plan Rows": 6249571,
                                      "Plan Width": 8,
                                      "parent": 8,
                                      "ID": 9
                                    },
                                    {
                                      "Node Type": "Hash",
                                      "Parent Relationship": "Inner",
                                      "Parallel Aware": true,
                                      "Async Capable": false,
                                      "Startup Cost": 1810595.31,
                                      "Total Cost": 1810595.31,
                                      "Plan Rows": 28,
                                      "Plan Width": 35,
                                      "Plans": [
                                        {
                                          "Node Type": "Hash Join",
                                          "Parent Relationship": "Outer",
                                          "Parallel Aware": true,
                                          "Async Capable": false,
                                          "Join Type": "Inner",
                                          "Startup Cost": 1539620.18,
                                          "Total Cost": 1810595.31,
                                          "Plan Rows": 28,
                                          "Plan Width": 35,
                                          "Inner Unique": false,
                                          "Hash Cond": "((partsupp.ps_suppkey = lineitem.l_suppkey) AND (partsupp.ps_partkey = lineitem.l_partkey))",
                                          "Plans": [
                                            {
                                              "Node Type": "Seq Scan",
                                              "Parent Relationship": "Outer",
                                              "Parallel Aware": true,
                                              "Async Capable": false,
                                              "Relation Name": "partsupp",
                                              "Alias": "partsupp",
                                              "Startup Cost": 0.0,
                                              "Total Cost": 207718.58,
                                              "Plan Rows": 3333258,
                                              "Plan Width": 14,
                                              "parent": 11,
                                              "ID": 12
                                            },
                                            {
                                              "Node Type": "Hash",
                                              "Parent Relationship": "Inner",
                                              "Parallel Aware": true,
                                              "Async Capable": false,
                                              "Startup Cost": 1522963.02,
                                              "Total Cost": 1522963.02,
                                              "Plan Rows": 730144,
                                              "Plan Width": 33,
                                              "Plans": [
                                                {
                                                  "Node Type": "Hash Join",
                                                  "Parent Relationship": "Outer",
                                                  "Parallel Aware": true,
                                                  "Async Capable": false,
                                                  "Join Type": "Inner",
                                                  "Startup Cost": 51693.93,
                                                  "Total Cost": 1522963.02,
                                                  "Plan Rows": 730144,
                                                  "Plan Width": 33,
                                                  "Inner Unique": false,
                                                  "Hash Cond": "(lineitem.l_partkey = part.p_partkey)",
                                                  "Plans": [
                                                    {
                                                      "Node Type": "Seq Scan",
                                                      "Parent Relationship": "Outer",
                                                      "Parallel Aware": true,
                                                      "Async Capable": false,
                                                      "Relation Name": "lineitem",
                                                      "Alias": "lineitem",
                                                      "Startup Cost": 0.0,
                                                      "Total Cost": 1374494.57,
                                                      "Plan Rows": 24995257,
                                                      "Plan Width": 29,
                                                      "parent": 14,
                                                      "ID": 15
                                                    },
                                                    {
                                                      "Node Type": "Hash",
                                                      "Parent Relationship": "Inner",
                                                      "Parallel Aware": true,
                                                      "Async Capable": false,
                                                      "Startup Cost": 51378.28,
                                                      "Total Cost": 51378.28,
                                                      "Plan Rows": 25252,
                                                      "Plan Width": 4,
                                                      "Plans": [
                                                        {
                                                          "Node Type": "Seq Scan",
                                                          "Parent Relationship": "Outer",
                                                          "Parallel Aware": true,
                                                          "Async Capable": false,
                                                          "Relation Name": "part",
                                                          "Alias": "part",
                                                          "Startup Cost": 0.0,
                                                          "Total Cost": 51378.28,
                                                          "Plan Rows": 25252,
                                                          "Plan Width": 4,
                                                          "Filter": "((p_name)::text ~~ '%moccasin%'::text)",
                                                          "parent": 16,
                                                          "ID": 17
                                                        }
                                                      ],
                                                      "parent": 14,
                                                      "ID": 16,
                                                      "left": 17
                                                    }
                                                  ],
                                                  "parent": 13,
                                                  "ID": 14,
                                                  "left": 15,
                                                  "right": 16
                                                }
                                              ],
                                              "parent": 11,
                                              "ID": 13,
                                              "left": 14
                                            }
                                          ],
                                          "parent": 10,
                                          "ID": 11,
                                          "left": 12,
                                          "right": 13
                                        }
                                      ],
                                      "parent": 8,
                                      "ID": 10,
                                      "left": 11
                                    }
                                  ],
                                  "parent": 7,
                                  "ID": 8,
                                  "left": 9,
                                  "right": 10
                                }
                              ],
                              "parent": 5,
                              "ID": 7,
                              "left": 8
                            }
                          ],
                          "parent": 4,
                          "ID": 5,
                          "left": 6,
                          "right": 7
                        },
                        {
                          "Node Type": "Hash",
                          "Parent Relationship": "Inner",
                          "Parallel Aware": false,
                          "Async Capable": false,
                          "Startup Cost": 1.25,
                          "Total Cost": 1.25,
                          "Plan Rows": 25,
                          "Plan Width": 30,
                          "Plans": [
                            {
                              "Node Type": "Seq Scan",
                              "Parent Relationship": "Outer",
                              "Parallel Aware": false,
                              "Async Capable": false,
                              "Relation Name": "nation",
                              "Alias": "nation",
                              "Startup Cost": 0.0,
                              "Total Cost": 1.25,
                              "Plan Rows": 25,
                              "Plan Width": 30,
                              "parent": 18,
                              "ID": 19
                            }
                          ],
                          "parent": 4,
                          "ID": 18,
                          "left": 19
                        }
                      ],
                      "parent": 3,
                      "ID": 4,
                      "left": 5,
                      "right": 18
                    }
                  ],
                  "parent": 2,
                  "ID": 3,
                  "left": 4
                }
              ],
              "parent": 1,
              "ID": 2,
              "left": 3
            }
          ],
          "parent": 0,
          "ID": 1,
          "left": 2
        }
      ],
      "parent": null,
      "ID": 0,
      "left": 1
    },
    "feat": {
      "utility": 4.626469665172953e-07,
      "query_shape": [
        [
          "Seq Scan",
          "Hash Join",
          "Sort",
          "Aggregate",
          "Gather Merge"
        ],
        [
          "Seq Scan",
          "Hash Join",
          "Hash",
          "Sort",
          "Aggregate",
          "Gather Merge"
        ],
        [
          "Seq Scan",
          "Hash Join",
          "Hash",
          "Sort",
          "Aggregate",
          "Gather Merge"
        ],
        [
          "Seq Scan",
          "Hash Join",
          "Hash",
          "Sort",
          "Aggregate",
          "Gather Merge"
        ],
        [
          "Seq Scan",
          "Hash",
          "Hash Join",
          "Sort",
          "Aggregate",
          "Gather Merge"
        ],
        [
          "Seq Scan",
          "Hash",
          "Hash Join",
          "Sort",
          "Aggregate",
          "Gather Merge"
        ]
      ],
      "index_shape": [
        "join"
      ],
      "physical_operator": {
        "Hash Join": [
          0.2
        ]
      }
    }
  },
  {
    "query": "-- Functional Query Definition\n-- Approved February 1998\n\n\nselect\nnation,\no_year,\nsum(amount) as sum_profit\nfrom\n(\nselect\nn_name as nation,\nextract(year from o_orderdate) as o_year,\nl_extendedprice * (1 - l_discount) - ps_supplycost * l_quantity as amount\nfrom\npart,\nsupplier,\nlineitem,\npartsupp,\norders,\nnation\nwhere\ns_suppkey = l_suppkey\nand ps_suppkey = l_suppkey\nand ps_partkey = l_partkey\nand p_partkey = l_partkey\nand o_orderkey = l_orderkey\nand s_nationkey = n_nationkey\nand p_name like '%moccasin%'\n) as profit\ngroup by\nnation,\no_year\norder by\nnation,\no_year desc ;\n-- $ID$\n-- TPC-H/TPC-R Returned Item Reporting ",
    "indexes": "nation.n_name",
    "wo plan est": {
      "Node Type": "Aggregate",
      "Strategy": "Sorted",
      "Partial Mode": "Finalize",
      "Parallel Aware": false,
      "Async Capable": false,
      "Startup Cost": 2161468.0,
      "Total Cost": 2161475.32,
      "Plan Rows": 68,
      "Plan Width": 90,
      "Group Key": [
        "nation.n_name",
        "(EXTRACT(year FROM orders.o_orderdate))"
      ],
      "Plans": [
        {
          "Node Type": "Gather Merge",
          "Parent Relationship": "Outer",
          "Parallel Aware": false,
          "Async Capable": false,
          "Startup Cost": 2161468.0,
          "Total Cost": 2161473.9,
          "Plan Rows": 40,
          "Plan Width": 90,
          "Workers Planned": 1,
          "Plans": [
            {
              "Node Type": "Aggregate",
              "Strategy": "Sorted",
              "Partial Mode": "Partial",
              "Parent Relationship": "Outer",
              "Parallel Aware": false,
              "Async Capable": false,
              "Startup Cost": 2160467.99,
              "Total Cost": 2160469.39,
              "Plan Rows": 40,
              "Plan Width": 90,
              "Group Key": [
                "nation.n_name",
                "(EXTRACT(year FROM orders.o_orderdate))"
              ],
              "Plans": [
                {
                  "Node Type": "Sort",
                  "Parent Relationship": "Outer",
                  "Parallel Aware": false,
                  "Async Capable": false,
                  "Startup Cost": 2160467.99,
                  "Total Cost": 2160468.09,
                  "Plan Rows": 40,
                  "Plan Width": 81,
                  "Sort Key": [
                    "nation.n_name",
                    "(EXTRACT(year FROM orders.o_orderdate)) DESC"
                  ],
                  "Plans": [
                    {
                      "Node Type": "Hash Join",
                      "Parent Relationship": "Outer",
                      "Parallel Aware": false,
                      "Async Capable": false,
                      "Join Type": "Inner",
                      "Startup Cost": 2157441.29,
                      "Total Cost": 2160466.93,
                      "Plan Rows": 40,
                      "Plan Width": 81,
                      "Inner Unique": false,
                      "Hash Cond": "(supplier.s_nationkey = nation.n_nationkey)",
                      "Plans": [
                        {
                          "Node Type": "Hash Join",
                          "Parent Relationship": "Outer",
                          "Parallel Aware": true,
                          "Async Capable": false,
                          "Join Type": "Inner",
                          "Startup Cost": 2157439.73,
                          "Total Cost": 2160464.72,
                          "Plan Rows": 40,
                          "Plan Width": 31,
                          "Inner Unique": false,
                          "Hash Cond": "(supplier.s_suppkey = lineitem.l_suppkey)",
                          "Plans": [
                            {
                              "Node Type": "Seq Scan",
                              "Parent Relationship": "Outer",
                              "Parallel Aware": true,
                              "Async Capable": false,
                              "Relation Name": "supplier",
                              "Alias": "supplier",
                              "Startup Cost": 0.0,
                              "Total Cost": 2804.24,
                              "Plan Rows": 58824,
                              "Plan Width": 8,
                              "parent": 5,
                              "ID": 6
                            },
                            {
                              "Node Type": "Hash",
                              "Parent Relationship": "Inner",
                              "Parallel Aware": true,
                              "Async Capable": false,
                              "Startup Cost": 2157439.38,
                              "Total Cost": 2157439.38,
                              "Plan Rows": 28,
                              "Plan Width": 35,
                              "Plans": [
                                {
                                  "Node Type": "Hash Join",
                                  "Parent Relationship": "Outer",
                                  "Parallel Aware": true,
                                  "Async Capable": false,
                                  "Join Type": "Inner",
                                  "Startup Cost": 1810595.66,
                                  "Total Cost": 2157439.38,
                                  "Plan Rows": 28,
                                  "Plan Width": 35,
                                  "Inner Unique": false,
                                  "Hash Cond": "(orders.o_orderkey = lineitem.l_orderkey)",
                                  "Plans": [
                                    {
                                      "Node Type": "Seq Scan",
                                      "Parent Relationship": "Outer",
                                      "Parallel Aware": true,
                                      "Async Capable": false,
                                      "Relation Name": "orders",
                                      "Alias": "orders",
                                      "Startup Cost": 0.0,
                                      "Total Cost": 323407.71,
                                      "Plan Rows": 6249571,
                                      "Plan Width": 8,
                                      "parent": 8,
                                      "ID": 9
                                    },
                                    {
                                      "Node Type": "Hash",
                                      "Parent Relationship": "Inner",
                                      "Parallel Aware": true,
                                      "Async Capable": false,
                                      "Startup Cost": 1810595.31,
                                      "Total Cost": 1810595.31,
                                      "Plan Rows": 28,
                                      "Plan Width": 35,
                                      "Plans": [
                                        {
                                          "Node Type": "Hash Join",
                                          "Parent Relationship": "Outer",
                                          "Parallel Aware": true,
                                          "Async Capable": false,
                                          "Join Type": "Inner",
                                          "Startup Cost": 1539620.18,
                                          "Total Cost": 1810595.31,
                                          "Plan Rows": 28,
                                          "Plan Width": 35,
                                          "Inner Unique": false,
                                          "Hash Cond": "((partsupp.ps_suppkey = lineitem.l_suppkey) AND (partsupp.ps_partkey = lineitem.l_partkey))",
                                          "Plans": [
                                            {
                                              "Node Type": "Seq Scan",
                                              "Parent Relationship": "Outer",
                                              "Parallel Aware": true,
                                              "Async Capable": false,
                                              "Relation Name": "partsupp",
                                              "Alias": "partsupp",
                                              "Startup Cost": 0.0,
                                              "Total Cost": 207718.58,
                                              "Plan Rows": 3333258,
                                              "Plan Width": 14,
                                              "parent": 11,
                                              "ID": 12
                                            },
                                            {
                                              "Node Type": "Hash",
                                              "Parent Relationship": "Inner",
                                              "Parallel Aware": true,
                                              "Async Capable": false,
                                              "Startup Cost": 1522963.02,
                                              "Total Cost": 1522963.02,
                                              "Plan Rows": 730144,
                                              "Plan Width": 33,
                                              "Plans": [
                                                {
                                                  "Node Type": "Hash Join",
                                                  "Parent Relationship": "Outer",
                                                  "Parallel Aware": true,
                                                  "Async Capable": false,
                                                  "Join Type": "Inner",
                                                  "Startup Cost": 51693.93,
                                                  "Total Cost": 1522963.02,
                                                  "Plan Rows": 730144,
                                                  "Plan Width": 33,
                                                  "Inner Unique": false,
                                                  "Hash Cond": "(lineitem.l_partkey = part.p_partkey)",
                                                  "Plans": [
                                                    {
                                                      "Node Type": "Seq Scan",
                                                      "Parent Relationship": "Outer",
                                                      "Parallel Aware": true,
                                                      "Async Capable": false,
                                                      "Relation Name": "lineitem",
                                                      "Alias": "lineitem",
                                                      "Startup Cost": 0.0,
                                                      "Total Cost": 1374494.57,
                                                      "Plan Rows": 24995257,
                                                      "Plan Width": 29,
                                                      "parent": 14,
                                                      "ID": 15
                                                    },
                                                    {
                                                      "Node Type": "Hash",
                                                      "Parent Relationship": "Inner",
                                                      "Parallel Aware": true,
                                                      "Async Capable": false,
                                                      "Startup Cost": 51378.28,
                                                      "Total Cost": 51378.28,
                                                      "Plan Rows": 25252,
                                                      "Plan Width": 4,
                                                      "Plans": [
                                                        {
                                                          "Node Type": "Seq Scan",
                                                          "Parent Relationship": "Outer",
                                                          "Parallel Aware": true,
                                                          "Async Capable": false,
                                                          "Relation Name": "part",
                                                          "Alias": "part",
                                                          "Startup Cost": 0.0,
                                                          "Total Cost": 51378.28,
                                                          "Plan Rows": 25252,
                                                          "Plan Width": 4,
                                                          "Filter": "((p_name)::text ~~ '%moccasin%'::text)",
                                                          "parent": 16,
                                                          "ID": 17
                                                        }
                                                      ],
                                                      "parent": 14,
                                                      "ID": 16,
                                                      "left": 17
                                                    }
                                                  ],
                                                  "parent": 13,
                                                  "ID": 14,
                                                  "left": 15,
                                                  "right": 16
                                                }
                                              ],
                                              "parent": 11,
                                              "ID": 13,
                                              "left": 14
                                            }
                                          ],
                                          "parent": 10,
                                          "ID": 11,
                                          "left": 12,
                                          "right": 13
                                        }
                                      ],
                                      "parent": 8,
                                      "ID": 10,
                                      "left": 11
                                    }
                                  ],
                                  "parent": 7,
                                  "ID": 8,
                                  "left": 9,
                                  "right": 10
                                }
                              ],
                              "parent": 5,
                              "ID": 7,
                              "left": 8
                            }
                          ],
                          "parent": 4,
                          "ID": 5,
                          "left": 6,
                          "right": 7
                        },
                        {
                          "Node Type": "Hash",
                          "Parent Relationship": "Inner",
                          "Parallel Aware": false,
                          "Async Capable": false,
                          "Startup Cost": 1.25,
                          "Total Cost": 1.25,
                          "Plan Rows": 25,
                          "Plan Width": 30,
                          "Plans": [
                            {
                              "Node Type": "Seq Scan",
                              "Parent Relationship": "Outer",
                              "Parallel Aware": false,
                              "Async Capable": false,
                              "Relation Name": "nation",
                              "Alias": "nation",
                              "Startup Cost": 0.0,
                              "Total Cost": 1.25,
                              "Plan Rows": 25,
                              "Plan Width": 30,
                              "parent": 18,
                              "ID": 19
                            }
                          ],
                          "parent": 4,
                          "ID": 18,
                          "left": 19
                        }
                      ],
                      "parent": 3,
                      "ID": 4,
                      "left": 5,
                      "right": 18
                    }
                  ],
                  "parent": 2,
                  "ID": 3,
                  "left": 4
                }
              ],
              "parent": 1,
              "ID": 2,
              "left": 3
            }
          ],
          "parent": 0,
          "ID": 1,
          "left": 2
        }
      ],
      "parent": null,
      "ID": 0,
      "left": 1
    },
    "feat": {
      "utility": 0.0,
      "query_shape": [
        [
          "Seq Scan",
          "Hash Join",
          "Sort",
          "Aggregate",
          "Gather Merge"
        ],
        [
          "Seq Scan",
          "Hash Join",
          "Hash",
          "Sort",
          "Aggregate",
          "Gather Merge"
        ],
        [
          "Seq Scan",
          "Hash Join",
          "Hash",
          "Sort",
          "Aggregate",
          "Gather Merge"
        ],
        [
          "Seq Scan",
          "Hash Join",
          "Hash",
          "Sort",
          "Aggregate",
          "Gather Merge"
        ],
        [
          "Seq Scan",
          "Hash",
          "Hash Join",
          "Sort",
          "Aggregate",
          "Gather Merge"
        ],
        [
          "Seq Scan",
          "Hash",
          "Hash Join",
          "Sort",
          "Aggregate",
          "Gather Merge"
        ]
      ],
      "index_shape": [
        "order-by"
      ],
      "physical_operator": {
        "Sort": [
          "[0. 0. 0. 0. 0. 0. 0. 0. 0. 0. 0. 0. 0. 0. 0. 0. 0. 0. 0. 0. 0. 0. 0. 0.\n 0. 0. 0. 0. 0. 0. 0. 0. 0. 0. 0. 0. 0. 0. 0. 0. 0. 0. 0. 0. 0. 0. 0. 0.\n 0. 0. 0.]"
        ],
        "Aggregate": [
          "[0. 0. 0. 0. 0. 0. 0. 0. 0. 0. 0. 0. 0. 0. 0. 0. 0. 0. 0. 0. 0. 0. 0. 0.\n 0. 0. 0. 0. 0. 0. 0. 0. 0. 0. 0. 0. 0. 0. 0. 0. 0. 0. 0. 0. 0. 0. 0. 0.\n 0. 0. 0.]",
          "[0. 0. 0. 0. 0. 0. 0. 0. 0. 0. 0. 0. 0. 0. 0. 0. 0. 0. 0. 0. 0. 0. 0. 0.\n 0. 0. 0. 0. 0. 0. 0. 0. 0. 0. 0. 0. 0. 0. 0. 0. 0. 0. 0. 0. 0. 0. 0. 0.\n 0. 0. 0.]"
        ]
      }
    }
  },
  {
    "query": "-- Functional Query Definition\n-- Approved February 1998\n\n\nselect\nnation,\no_year,\nsum(amount) as sum_profit\nfrom\n(\nselect\nn_name as nation,\nextract(year from o_orderdate) as o_year,\nl_extendedprice * (1 - l_discount) - ps_supplycost * l_quantity as amount\nfrom\npart,\nsupplier,\nlineitem,\npartsupp,\norders,\nnation\nwhere\ns_suppkey = l_suppkey\nand ps_suppkey = l_suppkey\nand ps_partkey = l_partkey\nand p_partkey = l_partkey\nand o_orderkey = l_orderkey\nand s_nationkey = n_nationkey\nand p_name like '%moccasin%'\n) as profit\ngroup by\nnation,\no_year\norder by\nnation,\no_year desc ;\n-- $ID$\n-- TPC-H/TPC-R Returned Item Reporting ",
    "indexes": "orders.o_orderkey",
    "wo plan est": {
      "Node Type": "Aggregate",
      "Strategy": "Sorted",
      "Partial Mode": "Finalize",
      "Parallel Aware": false,
      "Async Capable": false,
      "Startup Cost": 2161468.0,
      "Total Cost": 2161475.32,
      "Plan Rows": 68,
      "Plan Width": 90,
      "Group Key": [
        "nation.n_name",
        "(EXTRACT(year FROM orders.o_orderdate))"
      ],
      "Plans": [
        {
          "Node Type": "Gather Merge",
          "Parent Relationship": "Outer",
          "Parallel Aware": false,
          "Async Capable": false,
          "Startup Cost": 2161468.0,
          "Total Cost": 2161473.9,
          "Plan Rows": 40,
          "Plan Width": 90,
          "Workers Planned": 1,
          "Plans": [
            {
              "Node Type": "Aggregate",
              "Strategy": "Sorted",
              "Partial Mode": "Partial",
              "Parent Relationship": "Outer",
              "Parallel Aware": false,
              "Async Capable": false,
              "Startup Cost": 2160467.99,
              "Total Cost": 2160469.39,
              "Plan Rows": 40,
              "Plan Width": 90,
              "Group Key": [
                "nation.n_name",
                "(EXTRACT(year FROM orders.o_orderdate))"
              ],
              "Plans": [
                {
                  "Node Type": "Sort",
                  "Parent Relationship": "Outer",
                  "Parallel Aware": false,
                  "Async Capable": false,
                  "Startup Cost": 2160467.99,
                  "Total Cost": 2160468.09,
                  "Plan Rows": 40,
                  "Plan Width": 81,
                  "Sort Key": [
                    "nation.n_name",
                    "(EXTRACT(year FROM orders.o_orderdate)) DESC"
                  ],
                  "Plans": [
                    {
                      "Node Type": "Hash Join",
                      "Parent Relationship": "Outer",
                      "Parallel Aware": false,
                      "Async Capable": false,
                      "Join Type": "Inner",
                      "Startup Cost": 2157441.29,
                      "Total Cost": 2160466.93,
                      "Plan Rows": 40,
                      "Plan Width": 81,
                      "Inner Unique": false,
                      "Hash Cond": "(supplier.s_nationkey = nation.n_nationkey)",
                      "Plans": [
                        {
                          "Node Type": "Hash Join",
                          "Parent Relationship": "Outer",
                          "Parallel Aware": true,
                          "Async Capable": false,
                          "Join Type": "Inner",
                          "Startup Cost": 2157439.73,
                          "Total Cost": 2160464.72,
                          "Plan Rows": 40,
                          "Plan Width": 31,
                          "Inner Unique": false,
                          "Hash Cond": "(supplier.s_suppkey = lineitem.l_suppkey)",
                          "Plans": [
                            {
                              "Node Type": "Seq Scan",
                              "Parent Relationship": "Outer",
                              "Parallel Aware": true,
                              "Async Capable": false,
                              "Relation Name": "supplier",
                              "Alias": "supplier",
                              "Startup Cost": 0.0,
                              "Total Cost": 2804.24,
                              "Plan Rows": 58824,
                              "Plan Width": 8,
                              "parent": 5,
                              "ID": 6
                            },
                            {
                              "Node Type": "Hash",
                              "Parent Relationship": "Inner",
                              "Parallel Aware": true,
                              "Async Capable": false,
                              "Startup Cost": 2157439.38,
                              "Total Cost": 2157439.38,
                              "Plan Rows": 28,
                              "Plan Width": 35,
                              "Plans": [
                                {
                                  "Node Type": "Hash Join",
                                  "Parent Relationship": "Outer",
                                  "Parallel Aware": true,
                                  "Async Capable": false,
                                  "Join Type": "Inner",
                                  "Startup Cost": 1810595.66,
                                  "Total Cost": 2157439.38,
                                  "Plan Rows": 28,
                                  "Plan Width": 35,
                                  "Inner Unique": false,
                                  "Hash Cond": "(orders.o_orderkey = lineitem.l_orderkey)",
                                  "Plans": [
                                    {
                                      "Node Type": "Seq Scan",
                                      "Parent Relationship": "Outer",
                                      "Parallel Aware": true,
                                      "Async Capable": false,
                                      "Relation Name": "orders",
                                      "Alias": "orders",
                                      "Startup Cost": 0.0,
                                      "Total Cost": 323407.71,
                                      "Plan Rows": 6249571,
                                      "Plan Width": 8,
                                      "parent": 8,
                                      "ID": 9
                                    },
                                    {
                                      "Node Type": "Hash",
                                      "Parent Relationship": "Inner",
                                      "Parallel Aware": true,
                                      "Async Capable": false,
                                      "Startup Cost": 1810595.31,
                                      "Total Cost": 1810595.31,
                                      "Plan Rows": 28,
                                      "Plan Width": 35,
                                      "Plans": [
                                        {
                                          "Node Type": "Hash Join",
                                          "Parent Relationship": "Outer",
                                          "Parallel Aware": true,
                                          "Async Capable": false,
                                          "Join Type": "Inner",
                                          "Startup Cost": 1539620.18,
                                          "Total Cost": 1810595.31,
                                          "Plan Rows": 28,
                                          "Plan Width": 35,
                                          "Inner Unique": false,
                                          "Hash Cond": "((partsupp.ps_suppkey = lineitem.l_suppkey) AND (partsupp.ps_partkey = lineitem.l_partkey))",
                                          "Plans": [
                                            {
                                              "Node Type": "Seq Scan",
                                              "Parent Relationship": "Outer",
                                              "Parallel Aware": true,
                                              "Async Capable": false,
                                              "Relation Name": "partsupp",
                                              "Alias": "partsupp",
                                              "Startup Cost": 0.0,
                                              "Total Cost": 207718.58,
                                              "Plan Rows": 3333258,
                                              "Plan Width": 14,
                                              "parent": 11,
                                              "ID": 12
                                            },
                                            {
                                              "Node Type": "Hash",
                                              "Parent Relationship": "Inner",
                                              "Parallel Aware": true,
                                              "Async Capable": false,
                                              "Startup Cost": 1522963.02,
                                              "Total Cost": 1522963.02,
                                              "Plan Rows": 730144,
                                              "Plan Width": 33,
                                              "Plans": [
                                                {
                                                  "Node Type": "Hash Join",
                                                  "Parent Relationship": "Outer",
                                                  "Parallel Aware": true,
                                                  "Async Capable": false,
                                                  "Join Type": "Inner",
                                                  "Startup Cost": 51693.93,
                                                  "Total Cost": 1522963.02,
                                                  "Plan Rows": 730144,
                                                  "Plan Width": 33,
                                                  "Inner Unique": false,
                                                  "Hash Cond": "(lineitem.l_partkey = part.p_partkey)",
                                                  "Plans": [
                                                    {
                                                      "Node Type": "Seq Scan",
                                                      "Parent Relationship": "Outer",
                                                      "Parallel Aware": true,
                                                      "Async Capable": false,
                                                      "Relation Name": "lineitem",
                                                      "Alias": "lineitem",
                                                      "Startup Cost": 0.0,
                                                      "Total Cost": 1374494.57,
                                                      "Plan Rows": 24995257,
                                                      "Plan Width": 29,
                                                      "parent": 14,
                                                      "ID": 15
                                                    },
                                                    {
                                                      "Node Type": "Hash",
                                                      "Parent Relationship": "Inner",
                                                      "Parallel Aware": true,
                                                      "Async Capable": false,
                                                      "Startup Cost": 51378.28,
                                                      "Total Cost": 51378.28,
                                                      "Plan Rows": 25252,
                                                      "Plan Width": 4,
                                                      "Plans": [
                                                        {
                                                          "Node Type": "Seq Scan",
                                                          "Parent Relationship": "Outer",
                                                          "Parallel Aware": true,
                                                          "Async Capable": false,
                                                          "Relation Name": "part",
                                                          "Alias": "part",
                                                          "Startup Cost": 0.0,
                                                          "Total Cost": 51378.28,
                                                          "Plan Rows": 25252,
                                                          "Plan Width": 4,
                                                          "Filter": "((p_name)::text ~~ '%moccasin%'::text)",
                                                          "parent": 16,
                                                          "ID": 17
                                                        }
                                                      ],
                                                      "parent": 14,
                                                      "ID": 16,
                                                      "left": 17
                                                    }
                                                  ],
                                                  "parent": 13,
                                                  "ID": 14,
                                                  "left": 15,
                                                  "right": 16
                                                }
                                              ],
                                              "parent": 11,
                                              "ID": 13,
                                              "left": 14
                                            }
                                          ],
                                          "parent": 10,
                                          "ID": 11,
                                          "left": 12,
                                          "right": 13
                                        }
                                      ],
                                      "parent": 8,
                                      "ID": 10,
                                      "left": 11
                                    }
                                  ],
                                  "parent": 7,
                                  "ID": 8,
                                  "left": 9,
                                  "right": 10
                                }
                              ],
                              "parent": 5,
                              "ID": 7,
                              "left": 8
                            }
                          ],
                          "parent": 4,
                          "ID": 5,
                          "left": 6,
                          "right": 7
                        },
                        {
                          "Node Type": "Hash",
                          "Parent Relationship": "Inner",
                          "Parallel Aware": false,
                          "Async Capable": false,
                          "Startup Cost": 1.25,
                          "Total Cost": 1.25,
                          "Plan Rows": 25,
                          "Plan Width": 30,
                          "Plans": [
                            {
                              "Node Type": "Seq Scan",
                              "Parent Relationship": "Outer",
                              "Parallel Aware": false,
                              "Async Capable": false,
                              "Relation Name": "nation",
                              "Alias": "nation",
                              "Startup Cost": 0.0,
                              "Total Cost": 1.25,
                              "Plan Rows": 25,
                              "Plan Width": 30,
                              "parent": 18,
                              "ID": 19
                            }
                          ],
                          "parent": 4,
                          "ID": 18,
                          "left": 19
                        }
                      ],
                      "parent": 3,
                      "ID": 4,
                      "left": 5,
                      "right": 18
                    }
                  ],
                  "parent": 2,
                  "ID": 3,
                  "left": 4
                }
              ],
              "parent": 1,
              "ID": 2,
              "left": 3
            }
          ],
          "parent": 0,
          "ID": 1,
          "left": 2
        }
      ],
      "parent": null,
      "ID": 0,
      "left": 1
    },
    "feat": {
      "utility": 5.780773767239297e-07,
      "query_shape": [
        [
          "Seq Scan",
          "Hash Join",
          "Sort",
          "Aggregate",
          "Gather Merge"
        ],
        [
          "Seq Scan",
          "Hash Join",
          "Hash",
          "Sort",
          "Aggregate",
          "Gather Merge"
        ],
        [
          "Seq Scan",
          "Hash Join",
          "Hash",
          "Sort",
          "Aggregate",
          "Gather Merge"
        ],
        [
          "Seq Scan",
          "Hash Join",
          "Hash",
          "Sort",
          "Aggregate",
          "Gather Merge"
        ],
        [
          "Seq Scan",
          "Hash",
          "Hash Join",
          "Sort",
          "Aggregate",
          "Gather Merge"
        ],
        [
          "Seq Scan",
          "Hash",
          "Hash Join",
          "Sort",
          "Aggregate",
          "Gather Merge"
        ]
      ],
      "index_shape": [
        "join"
      ],
      "physical_operator": {
        "Hash Join": [
          0.00040001372870675787
        ]
      }
    }
  },
  {
    "query": "-- Functional Query Definition\n-- Approved February 1998\n\n\nselect\nnation,\no_year,\nsum(amount) as sum_profit\nfrom\n(\nselect\nn_name as nation,\nextract(year from o_orderdate) as o_year,\nl_extendedprice * (1 - l_discount) - ps_supplycost * l_quantity as amount\nfrom\npart,\nsupplier,\nlineitem,\npartsupp,\norders,\nnation\nwhere\ns_suppkey = l_suppkey\nand ps_suppkey = l_suppkey\nand ps_partkey = l_partkey\nand p_partkey = l_partkey\nand o_orderkey = l_orderkey\nand s_nationkey = n_nationkey\nand p_name like '%moccasin%'\n) as profit\ngroup by\nnation,\no_year\norder by\nnation,\no_year desc ;\n-- $ID$\n-- TPC-H/TPC-R Returned Item Reporting ",
    "indexes": "orders.o_orderdate",
    "wo plan est": {
      "Node Type": "Aggregate",
      "Strategy": "Sorted",
      "Partial Mode": "Finalize",
      "Parallel Aware": false,
      "Async Capable": false,
      "Startup Cost": 2161468.0,
      "Total Cost": 2161475.32,
      "Plan Rows": 68,
      "Plan Width": 90,
      "Group Key": [
        "nation.n_name",
        "(EXTRACT(year FROM orders.o_orderdate))"
      ],
      "Plans": [
        {
          "Node Type": "Gather Merge",
          "Parent Relationship": "Outer",
          "Parallel Aware": false,
          "Async Capable": false,
          "Startup Cost": 2161468.0,
          "Total Cost": 2161473.9,
          "Plan Rows": 40,
          "Plan Width": 90,
          "Workers Planned": 1,
          "Plans": [
            {
              "Node Type": "Aggregate",
              "Strategy": "Sorted",
              "Partial Mode": "Partial",
              "Parent Relationship": "Outer",
              "Parallel Aware": false,
              "Async Capable": false,
              "Startup Cost": 2160467.99,
              "Total Cost": 2160469.39,
              "Plan Rows": 40,
              "Plan Width": 90,
              "Group Key": [
                "nation.n_name",
                "(EXTRACT(year FROM orders.o_orderdate))"
              ],
              "Plans": [
                {
                  "Node Type": "Sort",
                  "Parent Relationship": "Outer",
                  "Parallel Aware": false,
                  "Async Capable": false,
                  "Startup Cost": 2160467.99,
                  "Total Cost": 2160468.09,
                  "Plan Rows": 40,
                  "Plan Width": 81,
                  "Sort Key": [
                    "nation.n_name",
                    "(EXTRACT(year FROM orders.o_orderdate)) DESC"
                  ],
                  "Plans": [
                    {
                      "Node Type": "Hash Join",
                      "Parent Relationship": "Outer",
                      "Parallel Aware": false,
                      "Async Capable": false,
                      "Join Type": "Inner",
                      "Startup Cost": 2157441.29,
                      "Total Cost": 2160466.93,
                      "Plan Rows": 40,
                      "Plan Width": 81,
                      "Inner Unique": false,
                      "Hash Cond": "(supplier.s_nationkey = nation.n_nationkey)",
                      "Plans": [
                        {
                          "Node Type": "Hash Join",
                          "Parent Relationship": "Outer",
                          "Parallel Aware": true,
                          "Async Capable": false,
                          "Join Type": "Inner",
                          "Startup Cost": 2157439.73,
                          "Total Cost": 2160464.72,
                          "Plan Rows": 40,
                          "Plan Width": 31,
                          "Inner Unique": false,
                          "Hash Cond": "(supplier.s_suppkey = lineitem.l_suppkey)",
                          "Plans": [
                            {
                              "Node Type": "Seq Scan",
                              "Parent Relationship": "Outer",
                              "Parallel Aware": true,
                              "Async Capable": false,
                              "Relation Name": "supplier",
                              "Alias": "supplier",
                              "Startup Cost": 0.0,
                              "Total Cost": 2804.24,
                              "Plan Rows": 58824,
                              "Plan Width": 8,
                              "parent": 5,
                              "ID": 6
                            },
                            {
                              "Node Type": "Hash",
                              "Parent Relationship": "Inner",
                              "Parallel Aware": true,
                              "Async Capable": false,
                              "Startup Cost": 2157439.38,
                              "Total Cost": 2157439.38,
                              "Plan Rows": 28,
                              "Plan Width": 35,
                              "Plans": [
                                {
                                  "Node Type": "Hash Join",
                                  "Parent Relationship": "Outer",
                                  "Parallel Aware": true,
                                  "Async Capable": false,
                                  "Join Type": "Inner",
                                  "Startup Cost": 1810595.66,
                                  "Total Cost": 2157439.38,
                                  "Plan Rows": 28,
                                  "Plan Width": 35,
                                  "Inner Unique": false,
                                  "Hash Cond": "(orders.o_orderkey = lineitem.l_orderkey)",
                                  "Plans": [
                                    {
                                      "Node Type": "Seq Scan",
                                      "Parent Relationship": "Outer",
                                      "Parallel Aware": true,
                                      "Async Capable": false,
                                      "Relation Name": "orders",
                                      "Alias": "orders",
                                      "Startup Cost": 0.0,
                                      "Total Cost": 323407.71,
                                      "Plan Rows": 6249571,
                                      "Plan Width": 8,
                                      "parent": 8,
                                      "ID": 9
                                    },
                                    {
                                      "Node Type": "Hash",
                                      "Parent Relationship": "Inner",
                                      "Parallel Aware": true,
                                      "Async Capable": false,
                                      "Startup Cost": 1810595.31,
                                      "Total Cost": 1810595.31,
                                      "Plan Rows": 28,
                                      "Plan Width": 35,
                                      "Plans": [
                                        {
                                          "Node Type": "Hash Join",
                                          "Parent Relationship": "Outer",
                                          "Parallel Aware": true,
                                          "Async Capable": false,
                                          "Join Type": "Inner",
                                          "Startup Cost": 1539620.18,
                                          "Total Cost": 1810595.31,
                                          "Plan Rows": 28,
                                          "Plan Width": 35,
                                          "Inner Unique": false,
                                          "Hash Cond": "((partsupp.ps_suppkey = lineitem.l_suppkey) AND (partsupp.ps_partkey = lineitem.l_partkey))",
                                          "Plans": [
                                            {
                                              "Node Type": "Seq Scan",
                                              "Parent Relationship": "Outer",
                                              "Parallel Aware": true,
                                              "Async Capable": false,
                                              "Relation Name": "partsupp",
                                              "Alias": "partsupp",
                                              "Startup Cost": 0.0,
                                              "Total Cost": 207718.58,
                                              "Plan Rows": 3333258,
                                              "Plan Width": 14,
                                              "parent": 11,
                                              "ID": 12
                                            },
                                            {
                                              "Node Type": "Hash",
                                              "Parent Relationship": "Inner",
                                              "Parallel Aware": true,
                                              "Async Capable": false,
                                              "Startup Cost": 1522963.02,
                                              "Total Cost": 1522963.02,
                                              "Plan Rows": 730144,
                                              "Plan Width": 33,
                                              "Plans": [
                                                {
                                                  "Node Type": "Hash Join",
                                                  "Parent Relationship": "Outer",
                                                  "Parallel Aware": true,
                                                  "Async Capable": false,
                                                  "Join Type": "Inner",
                                                  "Startup Cost": 51693.93,
                                                  "Total Cost": 1522963.02,
                                                  "Plan Rows": 730144,
                                                  "Plan Width": 33,
                                                  "Inner Unique": false,
                                                  "Hash Cond": "(lineitem.l_partkey = part.p_partkey)",
                                                  "Plans": [
                                                    {
                                                      "Node Type": "Seq Scan",
                                                      "Parent Relationship": "Outer",
                                                      "Parallel Aware": true,
                                                      "Async Capable": false,
                                                      "Relation Name": "lineitem",
                                                      "Alias": "lineitem",
                                                      "Startup Cost": 0.0,
                                                      "Total Cost": 1374494.57,
                                                      "Plan Rows": 24995257,
                                                      "Plan Width": 29,
                                                      "parent": 14,
                                                      "ID": 15
                                                    },
                                                    {
                                                      "Node Type": "Hash",
                                                      "Parent Relationship": "Inner",
                                                      "Parallel Aware": true,
                                                      "Async Capable": false,
                                                      "Startup Cost": 51378.28,
                                                      "Total Cost": 51378.28,
                                                      "Plan Rows": 25252,
                                                      "Plan Width": 4,
                                                      "Plans": [
                                                        {
                                                          "Node Type": "Seq Scan",
                                                          "Parent Relationship": "Outer",
                                                          "Parallel Aware": true,
                                                          "Async Capable": false,
                                                          "Relation Name": "part",
                                                          "Alias": "part",
                                                          "Startup Cost": 0.0,
                                                          "Total Cost": 51378.28,
                                                          "Plan Rows": 25252,
                                                          "Plan Width": 4,
                                                          "Filter": "((p_name)::text ~~ '%moccasin%'::text)",
                                                          "parent": 16,
                                                          "ID": 17
                                                        }
                                                      ],
                                                      "parent": 14,
                                                      "ID": 16,
                                                      "left": 17
                                                    }
                                                  ],
                                                  "parent": 13,
                                                  "ID": 14,
                                                  "left": 15,
                                                  "right": 16
                                                }
                                              ],
                                              "parent": 11,
                                              "ID": 13,
                                              "left": 14
                                            }
                                          ],
                                          "parent": 10,
                                          "ID": 11,
                                          "left": 12,
                                          "right": 13
                                        }
                                      ],
                                      "parent": 8,
                                      "ID": 10,
                                      "left": 11
                                    }
                                  ],
                                  "parent": 7,
                                  "ID": 8,
                                  "left": 9,
                                  "right": 10
                                }
                              ],
                              "parent": 5,
                              "ID": 7,
                              "left": 8
                            }
                          ],
                          "parent": 4,
                          "ID": 5,
                          "left": 6,
                          "right": 7
                        },
                        {
                          "Node Type": "Hash",
                          "Parent Relationship": "Inner",
                          "Parallel Aware": false,
                          "Async Capable": false,
                          "Startup Cost": 1.25,
                          "Total Cost": 1.25,
                          "Plan Rows": 25,
                          "Plan Width": 30,
                          "Plans": [
                            {
                              "Node Type": "Seq Scan",
                              "Parent Relationship": "Outer",
                              "Parallel Aware": false,
                              "Async Capable": false,
                              "Relation Name": "nation",
                              "Alias": "nation",
                              "Startup Cost": 0.0,
                              "Total Cost": 1.25,
                              "Plan Rows": 25,
                              "Plan Width": 30,
                              "parent": 18,
                              "ID": 19
                            }
                          ],
                          "parent": 4,
                          "ID": 18,
                          "left": 19
                        }
                      ],
                      "parent": 3,
                      "ID": 4,
                      "left": 5,
                      "right": 18
                    }
                  ],
                  "parent": 2,
                  "ID": 3,
                  "left": 4
                }
              ],
              "parent": 1,
              "ID": 2,
              "left": 3
            }
          ],
          "parent": 0,
          "ID": 1,
          "left": 2
        }
      ],
      "parent": null,
      "ID": 0,
      "left": 1
    },
    "feat": {
      "utility": 0.0,
      "query_shape": [
        [
          "Seq Scan",
          "Hash Join",
          "Sort",
          "Aggregate",
          "Gather Merge"
        ],
        [
          "Seq Scan",
          "Hash Join",
          "Hash",
          "Sort",
          "Aggregate",
          "Gather Merge"
        ],
        [
          "Seq Scan",
          "Hash Join",
          "Hash",
          "Sort",
          "Aggregate",
          "Gather Merge"
        ],
        [
          "Seq Scan",
          "Hash Join",
          "Hash",
          "Sort",
          "Aggregate",
          "Gather Merge"
        ],
        [
          "Seq Scan",
          "Hash",
          "Hash Join",
          "Sort",
          "Aggregate",
          "Gather Merge"
        ],
        [
          "Seq Scan",
          "Hash",
          "Hash Join",
          "Sort",
          "Aggregate",
          "Gather Merge"
        ]
      ],
      "index_shape": [
        "order-by"
      ],
      "physical_operator": {
        "Sort": [
          "[0. 0. 0. 0. 0. 0. 0. 0. 0. 0. 0. 0. 0. 0. 0. 0. 0. 0. 0. 0. 0. 0. 0. 0.\n 0. 0. 0. 0. 0. 0. 0. 0. 0. 0. 0. 0. 0. 0. 0. 0. 0. 0. 0. 0. 0. 0. 0. 0.\n 0. 0. 0.]"
        ],
        "Aggregate": [
          "[0. 0. 0. 0. 0. 0. 0. 0. 0. 0. 0. 0. 0. 0. 0. 0. 0. 0. 0. 0. 0. 0. 0. 0.\n 0. 0. 0. 0. 0. 0. 0. 0. 0. 0. 0. 0. 0. 0. 0. 0. 0. 0. 0. 0. 0. 0. 0. 0.\n 0. 0. 0.]",
          "[0. 0. 0. 0. 0. 0. 0. 0. 0. 0. 0. 0. 0. 0. 0. 0. 0. 0. 0. 0. 0. 0. 0. 0.\n 0. 0. 0. 0. 0. 0. 0. 0. 0. 0. 0. 0. 0. 0. 0. 0. 0. 0. 0. 0. 0. 0. 0. 0.\n 0. 0. 0.]"
        ]
      }
    }
  },
  {
    "query": "-- Functional Query Definition\n-- Approved February 1998\n\n\nselect\nnation,\no_year,\nsum(amount) as sum_profit\nfrom\n(\nselect\nn_name as nation,\nextract(year from o_orderdate) as o_year,\nl_extendedprice * (1 - l_discount) - ps_supplycost * l_quantity as amount\nfrom\npart,\nsupplier,\nlineitem,\npartsupp,\norders,\nnation\nwhere\ns_suppkey = l_suppkey\nand ps_suppkey = l_suppkey\nand ps_partkey = l_partkey\nand p_partkey = l_partkey\nand o_orderkey = l_orderkey\nand s_nationkey = n_nationkey\nand p_name like '%moccasin%'\n) as profit\ngroup by\nnation,\no_year\norder by\nnation,\no_year desc ;\n-- $ID$\n-- TPC-H/TPC-R Returned Item Reporting ",
    "indexes": "part.p_partkey",
    "wo plan est": {
      "Node Type": "Aggregate",
      "Strategy": "Sorted",
      "Partial Mode": "Finalize",
      "Parallel Aware": false,
      "Async Capable": false,
      "Startup Cost": 2161468.0,
      "Total Cost": 2161475.32,
      "Plan Rows": 68,
      "Plan Width": 90,
      "Group Key": [
        "nation.n_name",
        "(EXTRACT(year FROM orders.o_orderdate))"
      ],
      "Plans": [
        {
          "Node Type": "Gather Merge",
          "Parent Relationship": "Outer",
          "Parallel Aware": false,
          "Async Capable": false,
          "Startup Cost": 2161468.0,
          "Total Cost": 2161473.9,
          "Plan Rows": 40,
          "Plan Width": 90,
          "Workers Planned": 1,
          "Plans": [
            {
              "Node Type": "Aggregate",
              "Strategy": "Sorted",
              "Partial Mode": "Partial",
              "Parent Relationship": "Outer",
              "Parallel Aware": false,
              "Async Capable": false,
              "Startup Cost": 2160467.99,
              "Total Cost": 2160469.39,
              "Plan Rows": 40,
              "Plan Width": 90,
              "Group Key": [
                "nation.n_name",
                "(EXTRACT(year FROM orders.o_orderdate))"
              ],
              "Plans": [
                {
                  "Node Type": "Sort",
                  "Parent Relationship": "Outer",
                  "Parallel Aware": false,
                  "Async Capable": false,
                  "Startup Cost": 2160467.99,
                  "Total Cost": 2160468.09,
                  "Plan Rows": 40,
                  "Plan Width": 81,
                  "Sort Key": [
                    "nation.n_name",
                    "(EXTRACT(year FROM orders.o_orderdate)) DESC"
                  ],
                  "Plans": [
                    {
                      "Node Type": "Hash Join",
                      "Parent Relationship": "Outer",
                      "Parallel Aware": false,
                      "Async Capable": false,
                      "Join Type": "Inner",
                      "Startup Cost": 2157441.29,
                      "Total Cost": 2160466.93,
                      "Plan Rows": 40,
                      "Plan Width": 81,
                      "Inner Unique": false,
                      "Hash Cond": "(supplier.s_nationkey = nation.n_nationkey)",
                      "Plans": [
                        {
                          "Node Type": "Hash Join",
                          "Parent Relationship": "Outer",
                          "Parallel Aware": true,
                          "Async Capable": false,
                          "Join Type": "Inner",
                          "Startup Cost": 2157439.73,
                          "Total Cost": 2160464.72,
                          "Plan Rows": 40,
                          "Plan Width": 31,
                          "Inner Unique": false,
                          "Hash Cond": "(supplier.s_suppkey = lineitem.l_suppkey)",
                          "Plans": [
                            {
                              "Node Type": "Seq Scan",
                              "Parent Relationship": "Outer",
                              "Parallel Aware": true,
                              "Async Capable": false,
                              "Relation Name": "supplier",
                              "Alias": "supplier",
                              "Startup Cost": 0.0,
                              "Total Cost": 2804.24,
                              "Plan Rows": 58824,
                              "Plan Width": 8,
                              "parent": 5,
                              "ID": 6
                            },
                            {
                              "Node Type": "Hash",
                              "Parent Relationship": "Inner",
                              "Parallel Aware": true,
                              "Async Capable": false,
                              "Startup Cost": 2157439.38,
                              "Total Cost": 2157439.38,
                              "Plan Rows": 28,
                              "Plan Width": 35,
                              "Plans": [
                                {
                                  "Node Type": "Hash Join",
                                  "Parent Relationship": "Outer",
                                  "Parallel Aware": true,
                                  "Async Capable": false,
                                  "Join Type": "Inner",
                                  "Startup Cost": 1810595.66,
                                  "Total Cost": 2157439.38,
                                  "Plan Rows": 28,
                                  "Plan Width": 35,
                                  "Inner Unique": false,
                                  "Hash Cond": "(orders.o_orderkey = lineitem.l_orderkey)",
                                  "Plans": [
                                    {
                                      "Node Type": "Seq Scan",
                                      "Parent Relationship": "Outer",
                                      "Parallel Aware": true,
                                      "Async Capable": false,
                                      "Relation Name": "orders",
                                      "Alias": "orders",
                                      "Startup Cost": 0.0,
                                      "Total Cost": 323407.71,
                                      "Plan Rows": 6249571,
                                      "Plan Width": 8,
                                      "parent": 8,
                                      "ID": 9
                                    },
                                    {
                                      "Node Type": "Hash",
                                      "Parent Relationship": "Inner",
                                      "Parallel Aware": true,
                                      "Async Capable": false,
                                      "Startup Cost": 1810595.31,
                                      "Total Cost": 1810595.31,
                                      "Plan Rows": 28,
                                      "Plan Width": 35,
                                      "Plans": [
                                        {
                                          "Node Type": "Hash Join",
                                          "Parent Relationship": "Outer",
                                          "Parallel Aware": true,
                                          "Async Capable": false,
                                          "Join Type": "Inner",
                                          "Startup Cost": 1539620.18,
                                          "Total Cost": 1810595.31,
                                          "Plan Rows": 28,
                                          "Plan Width": 35,
                                          "Inner Unique": false,
                                          "Hash Cond": "((partsupp.ps_suppkey = lineitem.l_suppkey) AND (partsupp.ps_partkey = lineitem.l_partkey))",
                                          "Plans": [
                                            {
                                              "Node Type": "Seq Scan",
                                              "Parent Relationship": "Outer",
                                              "Parallel Aware": true,
                                              "Async Capable": false,
                                              "Relation Name": "partsupp",
                                              "Alias": "partsupp",
                                              "Startup Cost": 0.0,
                                              "Total Cost": 207718.58,
                                              "Plan Rows": 3333258,
                                              "Plan Width": 14,
                                              "parent": 11,
                                              "ID": 12
                                            },
                                            {
                                              "Node Type": "Hash",
                                              "Parent Relationship": "Inner",
                                              "Parallel Aware": true,
                                              "Async Capable": false,
                                              "Startup Cost": 1522963.02,
                                              "Total Cost": 1522963.02,
                                              "Plan Rows": 730144,
                                              "Plan Width": 33,
                                              "Plans": [
                                                {
                                                  "Node Type": "Hash Join",
                                                  "Parent Relationship": "Outer",
                                                  "Parallel Aware": true,
                                                  "Async Capable": false,
                                                  "Join Type": "Inner",
                                                  "Startup Cost": 51693.93,
                                                  "Total Cost": 1522963.02,
                                                  "Plan Rows": 730144,
                                                  "Plan Width": 33,
                                                  "Inner Unique": false,
                                                  "Hash Cond": "(lineitem.l_partkey = part.p_partkey)",
                                                  "Plans": [
                                                    {
                                                      "Node Type": "Seq Scan",
                                                      "Parent Relationship": "Outer",
                                                      "Parallel Aware": true,
                                                      "Async Capable": false,
                                                      "Relation Name": "lineitem",
                                                      "Alias": "lineitem",
                                                      "Startup Cost": 0.0,
                                                      "Total Cost": 1374494.57,
                                                      "Plan Rows": 24995257,
                                                      "Plan Width": 29,
                                                      "parent": 14,
                                                      "ID": 15
                                                    },
                                                    {
                                                      "Node Type": "Hash",
                                                      "Parent Relationship": "Inner",
                                                      "Parallel Aware": true,
                                                      "Async Capable": false,
                                                      "Startup Cost": 51378.28,
                                                      "Total Cost": 51378.28,
                                                      "Plan Rows": 25252,
                                                      "Plan Width": 4,
                                                      "Plans": [
                                                        {
                                                          "Node Type": "Seq Scan",
                                                          "Parent Relationship": "Outer",
                                                          "Parallel Aware": true,
                                                          "Async Capable": false,
                                                          "Relation Name": "part",
                                                          "Alias": "part",
                                                          "Startup Cost": 0.0,
                                                          "Total Cost": 51378.28,
                                                          "Plan Rows": 25252,
                                                          "Plan Width": 4,
                                                          "Filter": "((p_name)::text ~~ '%moccasin%'::text)",
                                                          "parent": 16,
                                                          "ID": 17
                                                        }
                                                      ],
                                                      "parent": 14,
                                                      "ID": 16,
                                                      "left": 17
                                                    }
                                                  ],
                                                  "parent": 13,
                                                  "ID": 14,
                                                  "left": 15,
                                                  "right": 16
                                                }
                                              ],
                                              "parent": 11,
                                              "ID": 13,
                                              "left": 14
                                            }
                                          ],
                                          "parent": 10,
                                          "ID": 11,
                                          "left": 12,
                                          "right": 13
                                        }
                                      ],
                                      "parent": 8,
                                      "ID": 10,
                                      "left": 11
                                    }
                                  ],
                                  "parent": 7,
                                  "ID": 8,
                                  "left": 9,
                                  "right": 10
                                }
                              ],
                              "parent": 5,
                              "ID": 7,
                              "left": 8
                            }
                          ],
                          "parent": 4,
                          "ID": 5,
                          "left": 6,
                          "right": 7
                        },
                        {
                          "Node Type": "Hash",
                          "Parent Relationship": "Inner",
                          "Parallel Aware": false,
                          "Async Capable": false,
                          "Startup Cost": 1.25,
                          "Total Cost": 1.25,
                          "Plan Rows": 25,
                          "Plan Width": 30,
                          "Plans": [
                            {
                              "Node Type": "Seq Scan",
                              "Parent Relationship": "Outer",
                              "Parallel Aware": false,
                              "Async Capable": false,
                              "Relation Name": "nation",
                              "Alias": "nation",
                              "Startup Cost": 0.0,
                              "Total Cost": 1.25,
                              "Plan Rows": 25,
                              "Plan Width": 30,
                              "parent": 18,
                              "ID": 19
                            }
                          ],
                          "parent": 4,
                          "ID": 18,
                          "left": 19
                        }
                      ],
                      "parent": 3,
                      "ID": 4,
                      "left": 5,
                      "right": 18
                    }
                  ],
                  "parent": 2,
                  "ID": 3,
                  "left": 4
                }
              ],
              "parent": 1,
              "ID": 2,
              "left": 3
            }
          ],
          "parent": 0,
          "ID": 1,
          "left": 2
        }
      ],
      "parent": null,
      "ID": 0,
      "left": 1
    },
    "feat": {
      "utility": 5.776867125663563e-07,
      "query_shape": [
        [
          "Seq Scan",
          "Hash Join",
          "Sort",
          "Aggregate",
          "Gather Merge"
        ],
        [
          "Seq Scan",
          "Hash Join",
          "Hash",
          "Sort",
          "Aggregate",
          "Gather Merge"
        ],
        [
          "Seq Scan",
          "Hash Join",
          "Hash",
          "Sort",
          "Aggregate",
          "Gather Merge"
        ],
        [
          "Seq Scan",
          "Hash Join",
          "Hash",
          "Sort",
          "Aggregate",
          "Gather Merge"
        ],
        [
          "Seq Scan",
          "Hash",
          "Hash Join",
          "Sort",
          "Aggregate",
          "Gather Merge"
        ],
        [
          "Seq Scan",
          "Hash",
          "Hash Join",
          "Sort",
          "Aggregate",
          "Gather Merge"
        ]
      ],
      "index_shape": [
        "join"
      ],
      "physical_operator": {
        "Hash Join": [
          0.0010755424767096705
        ]
      }
    }
  },
  {
    "query": "-- Functional Query Definition\n-- Approved February 1998\n\n\nselect\nnation,\no_year,\nsum(amount) as sum_profit\nfrom\n(\nselect\nn_name as nation,\nextract(year from o_orderdate) as o_year,\nl_extendedprice * (1 - l_discount) - ps_supplycost * l_quantity as amount\nfrom\npart,\nsupplier,\nlineitem,\npartsupp,\norders,\nnation\nwhere\ns_suppkey = l_suppkey\nand ps_suppkey = l_suppkey\nand ps_partkey = l_partkey\nand p_partkey = l_partkey\nand o_orderkey = l_orderkey\nand s_nationkey = n_nationkey\nand p_name like '%moccasin%'\n) as profit\ngroup by\nnation,\no_year\norder by\nnation,\no_year desc ;\n-- $ID$\n-- TPC-H/TPC-R Returned Item Reporting ",
    "indexes": "part.p_name",
    "wo plan est": {
      "Node Type": "Aggregate",
      "Strategy": "Sorted",
      "Partial Mode": "Finalize",
      "Parallel Aware": false,
      "Async Capable": false,
      "Startup Cost": 2161468.0,
      "Total Cost": 2161475.32,
      "Plan Rows": 68,
      "Plan Width": 90,
      "Group Key": [
        "nation.n_name",
        "(EXTRACT(year FROM orders.o_orderdate))"
      ],
      "Plans": [
        {
          "Node Type": "Gather Merge",
          "Parent Relationship": "Outer",
          "Parallel Aware": false,
          "Async Capable": false,
          "Startup Cost": 2161468.0,
          "Total Cost": 2161473.9,
          "Plan Rows": 40,
          "Plan Width": 90,
          "Workers Planned": 1,
          "Plans": [
            {
              "Node Type": "Aggregate",
              "Strategy": "Sorted",
              "Partial Mode": "Partial",
              "Parent Relationship": "Outer",
              "Parallel Aware": false,
              "Async Capable": false,
              "Startup Cost": 2160467.99,
              "Total Cost": 2160469.39,
              "Plan Rows": 40,
              "Plan Width": 90,
              "Group Key": [
                "nation.n_name",
                "(EXTRACT(year FROM orders.o_orderdate))"
              ],
              "Plans": [
                {
                  "Node Type": "Sort",
                  "Parent Relationship": "Outer",
                  "Parallel Aware": false,
                  "Async Capable": false,
                  "Startup Cost": 2160467.99,
                  "Total Cost": 2160468.09,
                  "Plan Rows": 40,
                  "Plan Width": 81,
                  "Sort Key": [
                    "nation.n_name",
                    "(EXTRACT(year FROM orders.o_orderdate)) DESC"
                  ],
                  "Plans": [
                    {
                      "Node Type": "Hash Join",
                      "Parent Relationship": "Outer",
                      "Parallel Aware": false,
                      "Async Capable": false,
                      "Join Type": "Inner",
                      "Startup Cost": 2157441.29,
                      "Total Cost": 2160466.93,
                      "Plan Rows": 40,
                      "Plan Width": 81,
                      "Inner Unique": false,
                      "Hash Cond": "(supplier.s_nationkey = nation.n_nationkey)",
                      "Plans": [
                        {
                          "Node Type": "Hash Join",
                          "Parent Relationship": "Outer",
                          "Parallel Aware": true,
                          "Async Capable": false,
                          "Join Type": "Inner",
                          "Startup Cost": 2157439.73,
                          "Total Cost": 2160464.72,
                          "Plan Rows": 40,
                          "Plan Width": 31,
                          "Inner Unique": false,
                          "Hash Cond": "(supplier.s_suppkey = lineitem.l_suppkey)",
                          "Plans": [
                            {
                              "Node Type": "Seq Scan",
                              "Parent Relationship": "Outer",
                              "Parallel Aware": true,
                              "Async Capable": false,
                              "Relation Name": "supplier",
                              "Alias": "supplier",
                              "Startup Cost": 0.0,
                              "Total Cost": 2804.24,
                              "Plan Rows": 58824,
                              "Plan Width": 8,
                              "parent": 5,
                              "ID": 6
                            },
                            {
                              "Node Type": "Hash",
                              "Parent Relationship": "Inner",
                              "Parallel Aware": true,
                              "Async Capable": false,
                              "Startup Cost": 2157439.38,
                              "Total Cost": 2157439.38,
                              "Plan Rows": 28,
                              "Plan Width": 35,
                              "Plans": [
                                {
                                  "Node Type": "Hash Join",
                                  "Parent Relationship": "Outer",
                                  "Parallel Aware": true,
                                  "Async Capable": false,
                                  "Join Type": "Inner",
                                  "Startup Cost": 1810595.66,
                                  "Total Cost": 2157439.38,
                                  "Plan Rows": 28,
                                  "Plan Width": 35,
                                  "Inner Unique": false,
                                  "Hash Cond": "(orders.o_orderkey = lineitem.l_orderkey)",
                                  "Plans": [
                                    {
                                      "Node Type": "Seq Scan",
                                      "Parent Relationship": "Outer",
                                      "Parallel Aware": true,
                                      "Async Capable": false,
                                      "Relation Name": "orders",
                                      "Alias": "orders",
                                      "Startup Cost": 0.0,
                                      "Total Cost": 323407.71,
                                      "Plan Rows": 6249571,
                                      "Plan Width": 8,
                                      "parent": 8,
                                      "ID": 9
                                    },
                                    {
                                      "Node Type": "Hash",
                                      "Parent Relationship": "Inner",
                                      "Parallel Aware": true,
                                      "Async Capable": false,
                                      "Startup Cost": 1810595.31,
                                      "Total Cost": 1810595.31,
                                      "Plan Rows": 28,
                                      "Plan Width": 35,
                                      "Plans": [
                                        {
                                          "Node Type": "Hash Join",
                                          "Parent Relationship": "Outer",
                                          "Parallel Aware": true,
                                          "Async Capable": false,
                                          "Join Type": "Inner",
                                          "Startup Cost": 1539620.18,
                                          "Total Cost": 1810595.31,
                                          "Plan Rows": 28,
                                          "Plan Width": 35,
                                          "Inner Unique": false,
                                          "Hash Cond": "((partsupp.ps_suppkey = lineitem.l_suppkey) AND (partsupp.ps_partkey = lineitem.l_partkey))",
                                          "Plans": [
                                            {
                                              "Node Type": "Seq Scan",
                                              "Parent Relationship": "Outer",
                                              "Parallel Aware": true,
                                              "Async Capable": false,
                                              "Relation Name": "partsupp",
                                              "Alias": "partsupp",
                                              "Startup Cost": 0.0,
                                              "Total Cost": 207718.58,
                                              "Plan Rows": 3333258,
                                              "Plan Width": 14,
                                              "parent": 11,
                                              "ID": 12
                                            },
                                            {
                                              "Node Type": "Hash",
                                              "Parent Relationship": "Inner",
                                              "Parallel Aware": true,
                                              "Async Capable": false,
                                              "Startup Cost": 1522963.02,
                                              "Total Cost": 1522963.02,
                                              "Plan Rows": 730144,
                                              "Plan Width": 33,
                                              "Plans": [
                                                {
                                                  "Node Type": "Hash Join",
                                                  "Parent Relationship": "Outer",
                                                  "Parallel Aware": true,
                                                  "Async Capable": false,
                                                  "Join Type": "Inner",
                                                  "Startup Cost": 51693.93,
                                                  "Total Cost": 1522963.02,
                                                  "Plan Rows": 730144,
                                                  "Plan Width": 33,
                                                  "Inner Unique": false,
                                                  "Hash Cond": "(lineitem.l_partkey = part.p_partkey)",
                                                  "Plans": [
                                                    {
                                                      "Node Type": "Seq Scan",
                                                      "Parent Relationship": "Outer",
                                                      "Parallel Aware": true,
                                                      "Async Capable": false,
                                                      "Relation Name": "lineitem",
                                                      "Alias": "lineitem",
                                                      "Startup Cost": 0.0,
                                                      "Total Cost": 1374494.57,
                                                      "Plan Rows": 24995257,
                                                      "Plan Width": 29,
                                                      "parent": 14,
                                                      "ID": 15
                                                    },
                                                    {
                                                      "Node Type": "Hash",
                                                      "Parent Relationship": "Inner",
                                                      "Parallel Aware": true,
                                                      "Async Capable": false,
                                                      "Startup Cost": 51378.28,
                                                      "Total Cost": 51378.28,
                                                      "Plan Rows": 25252,
                                                      "Plan Width": 4,
                                                      "Plans": [
                                                        {
                                                          "Node Type": "Seq Scan",
                                                          "Parent Relationship": "Outer",
                                                          "Parallel Aware": true,
                                                          "Async Capable": false,
                                                          "Relation Name": "part",
                                                          "Alias": "part",
                                                          "Startup Cost": 0.0,
                                                          "Total Cost": 51378.28,
                                                          "Plan Rows": 25252,
                                                          "Plan Width": 4,
                                                          "Filter": "((p_name)::text ~~ '%moccasin%'::text)",
                                                          "parent": 16,
                                                          "ID": 17
                                                        }
                                                      ],
                                                      "parent": 14,
                                                      "ID": 16,
                                                      "left": 17
                                                    }
                                                  ],
                                                  "parent": 13,
                                                  "ID": 14,
                                                  "left": 15,
                                                  "right": 16
                                                }
                                              ],
                                              "parent": 11,
                                              "ID": 13,
                                              "left": 14
                                            }
                                          ],
                                          "parent": 10,
                                          "ID": 11,
                                          "left": 12,
                                          "right": 13
                                        }
                                      ],
                                      "parent": 8,
                                      "ID": 10,
                                      "left": 11
                                    }
                                  ],
                                  "parent": 7,
                                  "ID": 8,
                                  "left": 9,
                                  "right": 10
                                }
                              ],
                              "parent": 5,
                              "ID": 7,
                              "left": 8
                            }
                          ],
                          "parent": 4,
                          "ID": 5,
                          "left": 6,
                          "right": 7
                        },
                        {
                          "Node Type": "Hash",
                          "Parent Relationship": "Inner",
                          "Parallel Aware": false,
                          "Async Capable": false,
                          "Startup Cost": 1.25,
                          "Total Cost": 1.25,
                          "Plan Rows": 25,
                          "Plan Width": 30,
                          "Plans": [
                            {
                              "Node Type": "Seq Scan",
                              "Parent Relationship": "Outer",
                              "Parallel Aware": false,
                              "Async Capable": false,
                              "Relation Name": "nation",
                              "Alias": "nation",
                              "Startup Cost": 0.0,
                              "Total Cost": 1.25,
                              "Plan Rows": 25,
                              "Plan Width": 30,
                              "parent": 18,
                              "ID": 19
                            }
                          ],
                          "parent": 4,
                          "ID": 18,
                          "left": 19
                        }
                      ],
                      "parent": 3,
                      "ID": 4,
                      "left": 5,
                      "right": 18
                    }
                  ],
                  "parent": 2,
                  "ID": 3,
                  "left": 4
                }
              ],
              "parent": 1,
              "ID": 2,
              "left": 3
            }
          ],
          "parent": 0,
          "ID": 1,
          "left": 2
        }
      ],
      "parent": null,
      "ID": 0,
      "left": 1
    },
    "feat": {
      "utility": 0.02346988529886152,
      "query_shape": [
        [
          "Seq Scan",
          "Hash Join",
          "Sort",
          "Aggregate",
          "Gather Merge"
        ],
        [
          "Seq Scan",
          "Hash Join",
          "Hash",
          "Sort",
          "Aggregate",
          "Gather Merge"
        ],
        [
          "Seq Scan",
          "Hash Join",
          "Hash",
          "Sort",
          "Aggregate",
          "Gather Merge"
        ],
        [
          "Seq Scan",
          "Hash Join",
          "Hash",
          "Sort",
          "Aggregate",
          "Gather Merge"
        ],
        [
          "Seq Scan",
          "Hash",
          "Hash Join",
          "Sort",
          "Aggregate",
          "Gather Merge"
        ],
        [
          "Seq Scan",
          "Hash",
          "Hash Join",
          "Sort",
          "Aggregate",
          "Gather Merge"
        ]
      ],
      "index_shape": [
        "selection"
      ],
      "physical_operator": {
        "Seq Scan": [
          0.012626000000000026
        ]
      }
    }
  },
  {
    "query": "-- Functional Query Definition\n-- Approved February 1998\n\n\nselect\nnation,\no_year,\nsum(amount) as sum_profit\nfrom\n(\nselect\nn_name as nation,\nextract(year from o_orderdate) as o_year,\nl_extendedprice * (1 - l_discount) - ps_supplycost * l_quantity as amount\nfrom\npart,\nsupplier,\nlineitem,\npartsupp,\norders,\nnation\nwhere\ns_suppkey = l_suppkey\nand ps_suppkey = l_suppkey\nand ps_partkey = l_partkey\nand p_partkey = l_partkey\nand o_orderkey = l_orderkey\nand s_nationkey = n_nationkey\nand p_name like '%moccasin%'\n) as profit\ngroup by\nnation,\no_year\norder by\nnation,\no_year desc ;\n-- $ID$\n-- TPC-H/TPC-R Returned Item Reporting ",
    "indexes": "partsupp.ps_partkey",
    "wo plan est": {
      "Node Type": "Aggregate",
      "Strategy": "Sorted",
      "Partial Mode": "Finalize",
      "Parallel Aware": false,
      "Async Capable": false,
      "Startup Cost": 2161468.0,
      "Total Cost": 2161475.32,
      "Plan Rows": 68,
      "Plan Width": 90,
      "Group Key": [
        "nation.n_name",
        "(EXTRACT(year FROM orders.o_orderdate))"
      ],
      "Plans": [
        {
          "Node Type": "Gather Merge",
          "Parent Relationship": "Outer",
          "Parallel Aware": false,
          "Async Capable": false,
          "Startup Cost": 2161468.0,
          "Total Cost": 2161473.9,
          "Plan Rows": 40,
          "Plan Width": 90,
          "Workers Planned": 1,
          "Plans": [
            {
              "Node Type": "Aggregate",
              "Strategy": "Sorted",
              "Partial Mode": "Partial",
              "Parent Relationship": "Outer",
              "Parallel Aware": false,
              "Async Capable": false,
              "Startup Cost": 2160467.99,
              "Total Cost": 2160469.39,
              "Plan Rows": 40,
              "Plan Width": 90,
              "Group Key": [
                "nation.n_name",
                "(EXTRACT(year FROM orders.o_orderdate))"
              ],
              "Plans": [
                {
                  "Node Type": "Sort",
                  "Parent Relationship": "Outer",
                  "Parallel Aware": false,
                  "Async Capable": false,
                  "Startup Cost": 2160467.99,
                  "Total Cost": 2160468.09,
                  "Plan Rows": 40,
                  "Plan Width": 81,
                  "Sort Key": [
                    "nation.n_name",
                    "(EXTRACT(year FROM orders.o_orderdate)) DESC"
                  ],
                  "Plans": [
                    {
                      "Node Type": "Hash Join",
                      "Parent Relationship": "Outer",
                      "Parallel Aware": false,
                      "Async Capable": false,
                      "Join Type": "Inner",
                      "Startup Cost": 2157441.29,
                      "Total Cost": 2160466.93,
                      "Plan Rows": 40,
                      "Plan Width": 81,
                      "Inner Unique": false,
                      "Hash Cond": "(supplier.s_nationkey = nation.n_nationkey)",
                      "Plans": [
                        {
                          "Node Type": "Hash Join",
                          "Parent Relationship": "Outer",
                          "Parallel Aware": true,
                          "Async Capable": false,
                          "Join Type": "Inner",
                          "Startup Cost": 2157439.73,
                          "Total Cost": 2160464.72,
                          "Plan Rows": 40,
                          "Plan Width": 31,
                          "Inner Unique": false,
                          "Hash Cond": "(supplier.s_suppkey = lineitem.l_suppkey)",
                          "Plans": [
                            {
                              "Node Type": "Seq Scan",
                              "Parent Relationship": "Outer",
                              "Parallel Aware": true,
                              "Async Capable": false,
                              "Relation Name": "supplier",
                              "Alias": "supplier",
                              "Startup Cost": 0.0,
                              "Total Cost": 2804.24,
                              "Plan Rows": 58824,
                              "Plan Width": 8,
                              "parent": 5,
                              "ID": 6
                            },
                            {
                              "Node Type": "Hash",
                              "Parent Relationship": "Inner",
                              "Parallel Aware": true,
                              "Async Capable": false,
                              "Startup Cost": 2157439.38,
                              "Total Cost": 2157439.38,
                              "Plan Rows": 28,
                              "Plan Width": 35,
                              "Plans": [
                                {
                                  "Node Type": "Hash Join",
                                  "Parent Relationship": "Outer",
                                  "Parallel Aware": true,
                                  "Async Capable": false,
                                  "Join Type": "Inner",
                                  "Startup Cost": 1810595.66,
                                  "Total Cost": 2157439.38,
                                  "Plan Rows": 28,
                                  "Plan Width": 35,
                                  "Inner Unique": false,
                                  "Hash Cond": "(orders.o_orderkey = lineitem.l_orderkey)",
                                  "Plans": [
                                    {
                                      "Node Type": "Seq Scan",
                                      "Parent Relationship": "Outer",
                                      "Parallel Aware": true,
                                      "Async Capable": false,
                                      "Relation Name": "orders",
                                      "Alias": "orders",
                                      "Startup Cost": 0.0,
                                      "Total Cost": 323407.71,
                                      "Plan Rows": 6249571,
                                      "Plan Width": 8,
                                      "parent": 8,
                                      "ID": 9
                                    },
                                    {
                                      "Node Type": "Hash",
                                      "Parent Relationship": "Inner",
                                      "Parallel Aware": true,
                                      "Async Capable": false,
                                      "Startup Cost": 1810595.31,
                                      "Total Cost": 1810595.31,
                                      "Plan Rows": 28,
                                      "Plan Width": 35,
                                      "Plans": [
                                        {
                                          "Node Type": "Hash Join",
                                          "Parent Relationship": "Outer",
                                          "Parallel Aware": true,
                                          "Async Capable": false,
                                          "Join Type": "Inner",
                                          "Startup Cost": 1539620.18,
                                          "Total Cost": 1810595.31,
                                          "Plan Rows": 28,
                                          "Plan Width": 35,
                                          "Inner Unique": false,
                                          "Hash Cond": "((partsupp.ps_suppkey = lineitem.l_suppkey) AND (partsupp.ps_partkey = lineitem.l_partkey))",
                                          "Plans": [
                                            {
                                              "Node Type": "Seq Scan",
                                              "Parent Relationship": "Outer",
                                              "Parallel Aware": true,
                                              "Async Capable": false,
                                              "Relation Name": "partsupp",
                                              "Alias": "partsupp",
                                              "Startup Cost": 0.0,
                                              "Total Cost": 207718.58,
                                              "Plan Rows": 3333258,
                                              "Plan Width": 14,
                                              "parent": 11,
                                              "ID": 12
                                            },
                                            {
                                              "Node Type": "Hash",
                                              "Parent Relationship": "Inner",
                                              "Parallel Aware": true,
                                              "Async Capable": false,
                                              "Startup Cost": 1522963.02,
                                              "Total Cost": 1522963.02,
                                              "Plan Rows": 730144,
                                              "Plan Width": 33,
                                              "Plans": [
                                                {
                                                  "Node Type": "Hash Join",
                                                  "Parent Relationship": "Outer",
                                                  "Parallel Aware": true,
                                                  "Async Capable": false,
                                                  "Join Type": "Inner",
                                                  "Startup Cost": 51693.93,
                                                  "Total Cost": 1522963.02,
                                                  "Plan Rows": 730144,
                                                  "Plan Width": 33,
                                                  "Inner Unique": false,
                                                  "Hash Cond": "(lineitem.l_partkey = part.p_partkey)",
                                                  "Plans": [
                                                    {
                                                      "Node Type": "Seq Scan",
                                                      "Parent Relationship": "Outer",
                                                      "Parallel Aware": true,
                                                      "Async Capable": false,
                                                      "Relation Name": "lineitem",
                                                      "Alias": "lineitem",
                                                      "Startup Cost": 0.0,
                                                      "Total Cost": 1374494.57,
                                                      "Plan Rows": 24995257,
                                                      "Plan Width": 29,
                                                      "parent": 14,
                                                      "ID": 15
                                                    },
                                                    {
                                                      "Node Type": "Hash",
                                                      "Parent Relationship": "Inner",
                                                      "Parallel Aware": true,
                                                      "Async Capable": false,
                                                      "Startup Cost": 51378.28,
                                                      "Total Cost": 51378.28,
                                                      "Plan Rows": 25252,
                                                      "Plan Width": 4,
                                                      "Plans": [
                                                        {
                                                          "Node Type": "Seq Scan",
                                                          "Parent Relationship": "Outer",
                                                          "Parallel Aware": true,
                                                          "Async Capable": false,
                                                          "Relation Name": "part",
                                                          "Alias": "part",
                                                          "Startup Cost": 0.0,
                                                          "Total Cost": 51378.28,
                                                          "Plan Rows": 25252,
                                                          "Plan Width": 4,
                                                          "Filter": "((p_name)::text ~~ '%moccasin%'::text)",
                                                          "parent": 16,
                                                          "ID": 17
                                                        }
                                                      ],
                                                      "parent": 14,
                                                      "ID": 16,
                                                      "left": 17
                                                    }
                                                  ],
                                                  "parent": 13,
                                                  "ID": 14,
                                                  "left": 15,
                                                  "right": 16
                                                }
                                              ],
                                              "parent": 11,
                                              "ID": 13,
                                              "left": 14
                                            }
                                          ],
                                          "parent": 10,
                                          "ID": 11,
                                          "left": 12,
                                          "right": 13
                                        }
                                      ],
                                      "parent": 8,
                                      "ID": 10,
                                      "left": 11
                                    }
                                  ],
                                  "parent": 7,
                                  "ID": 8,
                                  "left": 9,
                                  "right": 10
                                }
                              ],
                              "parent": 5,
                              "ID": 7,
                              "left": 8
                            }
                          ],
                          "parent": 4,
                          "ID": 5,
                          "left": 6,
                          "right": 7
                        },
                        {
                          "Node Type": "Hash",
                          "Parent Relationship": "Inner",
                          "Parallel Aware": false,
                          "Async Capable": false,
                          "Startup Cost": 1.25,
                          "Total Cost": 1.25,
                          "Plan Rows": 25,
                          "Plan Width": 30,
                          "Plans": [
                            {
                              "Node Type": "Seq Scan",
                              "Parent Relationship": "Outer",
                              "Parallel Aware": false,
                              "Async Capable": false,
                              "Relation Name": "nation",
                              "Alias": "nation",
                              "Startup Cost": 0.0,
                              "Total Cost": 1.25,
                              "Plan Rows": 25,
                              "Plan Width": 30,
                              "parent": 18,
                              "ID": 19
                            }
                          ],
                          "parent": 4,
                          "ID": 18,
                          "left": 19
                        }
                      ],
                      "parent": 3,
                      "ID": 4,
                      "left": 5,
                      "right": 18
                    }
                  ],
                  "parent": 2,
                  "ID": 3,
                  "left": 4
                }
              ],
              "parent": 1,
              "ID": 2,
              "left": 3
            }
          ],
          "parent": 0,
          "ID": 1,
          "left": 2
        }
      ],
      "parent": null,
      "ID": 0,
      "left": 1
    },
    "feat": {
      "utility": 5.783067465937312e-07,
      "query_shape": [
        [
          "Seq Scan",
          "Hash Join",
          "Sort",
          "Aggregate",
          "Gather Merge"
        ],
        [
          "Seq Scan",
          "Hash Join",
          "Hash",
          "Sort",
          "Aggregate",
          "Gather Merge"
        ],
        [
          "Seq Scan",
          "Hash Join",
          "Hash",
          "Sort",
          "Aggregate",
          "Gather Merge"
        ],
        [
          "Seq Scan",
          "Hash Join",
          "Hash",
          "Sort",
          "Aggregate",
          "Gather Merge"
        ],
        [
          "Seq Scan",
          "Hash",
          "Hash Join",
          "Sort",
          "Aggregate",
          "Gather Merge"
        ],
        [
          "Seq Scan",
          "Hash",
          "Hash Join",
          "Sort",
          "Aggregate",
          "Gather Merge"
        ]
      ],
      "index_shape": [
        "join"
      ],
      "physical_operator": {
        "Hash Join": [
          3.391878524927478e-06
        ]
      }
    }
  },
  {
    "query": "-- Functional Query Definition\n-- Approved February 1998\n\n\nselect\nnation,\no_year,\nsum(amount) as sum_profit\nfrom\n(\nselect\nn_name as nation,\nextract(year from o_orderdate) as o_year,\nl_extendedprice * (1 - l_discount) - ps_supplycost * l_quantity as amount\nfrom\npart,\nsupplier,\nlineitem,\npartsupp,\norders,\nnation\nwhere\ns_suppkey = l_suppkey\nand ps_suppkey = l_suppkey\nand ps_partkey = l_partkey\nand p_partkey = l_partkey\nand o_orderkey = l_orderkey\nand s_nationkey = n_nationkey\nand p_name like '%moccasin%'\n) as profit\ngroup by\nnation,\no_year\norder by\nnation,\no_year desc ;\n-- $ID$\n-- TPC-H/TPC-R Returned Item Reporting ",
    "indexes": "partsupp.ps_suppkey",
    "wo plan est": {
      "Node Type": "Aggregate",
      "Strategy": "Sorted",
      "Partial Mode": "Finalize",
      "Parallel Aware": false,
      "Async Capable": false,
      "Startup Cost": 2161468.0,
      "Total Cost": 2161475.32,
      "Plan Rows": 68,
      "Plan Width": 90,
      "Group Key": [
        "nation.n_name",
        "(EXTRACT(year FROM orders.o_orderdate))"
      ],
      "Plans": [
        {
          "Node Type": "Gather Merge",
          "Parent Relationship": "Outer",
          "Parallel Aware": false,
          "Async Capable": false,
          "Startup Cost": 2161468.0,
          "Total Cost": 2161473.9,
          "Plan Rows": 40,
          "Plan Width": 90,
          "Workers Planned": 1,
          "Plans": [
            {
              "Node Type": "Aggregate",
              "Strategy": "Sorted",
              "Partial Mode": "Partial",
              "Parent Relationship": "Outer",
              "Parallel Aware": false,
              "Async Capable": false,
              "Startup Cost": 2160467.99,
              "Total Cost": 2160469.39,
              "Plan Rows": 40,
              "Plan Width": 90,
              "Group Key": [
                "nation.n_name",
                "(EXTRACT(year FROM orders.o_orderdate))"
              ],
              "Plans": [
                {
                  "Node Type": "Sort",
                  "Parent Relationship": "Outer",
                  "Parallel Aware": false,
                  "Async Capable": false,
                  "Startup Cost": 2160467.99,
                  "Total Cost": 2160468.09,
                  "Plan Rows": 40,
                  "Plan Width": 81,
                  "Sort Key": [
                    "nation.n_name",
                    "(EXTRACT(year FROM orders.o_orderdate)) DESC"
                  ],
                  "Plans": [
                    {
                      "Node Type": "Hash Join",
                      "Parent Relationship": "Outer",
                      "Parallel Aware": false,
                      "Async Capable": false,
                      "Join Type": "Inner",
                      "Startup Cost": 2157441.29,
                      "Total Cost": 2160466.93,
                      "Plan Rows": 40,
                      "Plan Width": 81,
                      "Inner Unique": false,
                      "Hash Cond": "(supplier.s_nationkey = nation.n_nationkey)",
                      "Plans": [
                        {
                          "Node Type": "Hash Join",
                          "Parent Relationship": "Outer",
                          "Parallel Aware": true,
                          "Async Capable": false,
                          "Join Type": "Inner",
                          "Startup Cost": 2157439.73,
                          "Total Cost": 2160464.72,
                          "Plan Rows": 40,
                          "Plan Width": 31,
                          "Inner Unique": false,
                          "Hash Cond": "(supplier.s_suppkey = lineitem.l_suppkey)",
                          "Plans": [
                            {
                              "Node Type": "Seq Scan",
                              "Parent Relationship": "Outer",
                              "Parallel Aware": true,
                              "Async Capable": false,
                              "Relation Name": "supplier",
                              "Alias": "supplier",
                              "Startup Cost": 0.0,
                              "Total Cost": 2804.24,
                              "Plan Rows": 58824,
                              "Plan Width": 8,
                              "parent": 5,
                              "ID": 6
                            },
                            {
                              "Node Type": "Hash",
                              "Parent Relationship": "Inner",
                              "Parallel Aware": true,
                              "Async Capable": false,
                              "Startup Cost": 2157439.38,
                              "Total Cost": 2157439.38,
                              "Plan Rows": 28,
                              "Plan Width": 35,
                              "Plans": [
                                {
                                  "Node Type": "Hash Join",
                                  "Parent Relationship": "Outer",
                                  "Parallel Aware": true,
                                  "Async Capable": false,
                                  "Join Type": "Inner",
                                  "Startup Cost": 1810595.66,
                                  "Total Cost": 2157439.38,
                                  "Plan Rows": 28,
                                  "Plan Width": 35,
                                  "Inner Unique": false,
                                  "Hash Cond": "(orders.o_orderkey = lineitem.l_orderkey)",
                                  "Plans": [
                                    {
                                      "Node Type": "Seq Scan",
                                      "Parent Relationship": "Outer",
                                      "Parallel Aware": true,
                                      "Async Capable": false,
                                      "Relation Name": "orders",
                                      "Alias": "orders",
                                      "Startup Cost": 0.0,
                                      "Total Cost": 323407.71,
                                      "Plan Rows": 6249571,
                                      "Plan Width": 8,
                                      "parent": 8,
                                      "ID": 9
                                    },
                                    {
                                      "Node Type": "Hash",
                                      "Parent Relationship": "Inner",
                                      "Parallel Aware": true,
                                      "Async Capable": false,
                                      "Startup Cost": 1810595.31,
                                      "Total Cost": 1810595.31,
                                      "Plan Rows": 28,
                                      "Plan Width": 35,
                                      "Plans": [
                                        {
                                          "Node Type": "Hash Join",
                                          "Parent Relationship": "Outer",
                                          "Parallel Aware": true,
                                          "Async Capable": false,
                                          "Join Type": "Inner",
                                          "Startup Cost": 1539620.18,
                                          "Total Cost": 1810595.31,
                                          "Plan Rows": 28,
                                          "Plan Width": 35,
                                          "Inner Unique": false,
                                          "Hash Cond": "((partsupp.ps_suppkey = lineitem.l_suppkey) AND (partsupp.ps_partkey = lineitem.l_partkey))",
                                          "Plans": [
                                            {
                                              "Node Type": "Seq Scan",
                                              "Parent Relationship": "Outer",
                                              "Parallel Aware": true,
                                              "Async Capable": false,
                                              "Relation Name": "partsupp",
                                              "Alias": "partsupp",
                                              "Startup Cost": 0.0,
                                              "Total Cost": 207718.58,
                                              "Plan Rows": 3333258,
                                              "Plan Width": 14,
                                              "parent": 11,
                                              "ID": 12
                                            },
                                            {
                                              "Node Type": "Hash",
                                              "Parent Relationship": "Inner",
                                              "Parallel Aware": true,
                                              "Async Capable": false,
                                              "Startup Cost": 1522963.02,
                                              "Total Cost": 1522963.02,
                                              "Plan Rows": 730144,
                                              "Plan Width": 33,
                                              "Plans": [
                                                {
                                                  "Node Type": "Hash Join",
                                                  "Parent Relationship": "Outer",
                                                  "Parallel Aware": true,
                                                  "Async Capable": false,
                                                  "Join Type": "Inner",
                                                  "Startup Cost": 51693.93,
                                                  "Total Cost": 1522963.02,
                                                  "Plan Rows": 730144,
                                                  "Plan Width": 33,
                                                  "Inner Unique": false,
                                                  "Hash Cond": "(lineitem.l_partkey = part.p_partkey)",
                                                  "Plans": [
                                                    {
                                                      "Node Type": "Seq Scan",
                                                      "Parent Relationship": "Outer",
                                                      "Parallel Aware": true,
                                                      "Async Capable": false,
                                                      "Relation Name": "lineitem",
                                                      "Alias": "lineitem",
                                                      "Startup Cost": 0.0,
                                                      "Total Cost": 1374494.57,
                                                      "Plan Rows": 24995257,
                                                      "Plan Width": 29,
                                                      "parent": 14,
                                                      "ID": 15
                                                    },
                                                    {
                                                      "Node Type": "Hash",
                                                      "Parent Relationship": "Inner",
                                                      "Parallel Aware": true,
                                                      "Async Capable": false,
                                                      "Startup Cost": 51378.28,
                                                      "Total Cost": 51378.28,
                                                      "Plan Rows": 25252,
                                                      "Plan Width": 4,
                                                      "Plans": [
                                                        {
                                                          "Node Type": "Seq Scan",
                                                          "Parent Relationship": "Outer",
                                                          "Parallel Aware": true,
                                                          "Async Capable": false,
                                                          "Relation Name": "part",
                                                          "Alias": "part",
                                                          "Startup Cost": 0.0,
                                                          "Total Cost": 51378.28,
                                                          "Plan Rows": 25252,
                                                          "Plan Width": 4,
                                                          "Filter": "((p_name)::text ~~ '%moccasin%'::text)",
                                                          "parent": 16,
                                                          "ID": 17
                                                        }
                                                      ],
                                                      "parent": 14,
                                                      "ID": 16,
                                                      "left": 17
                                                    }
                                                  ],
                                                  "parent": 13,
                                                  "ID": 14,
                                                  "left": 15,
                                                  "right": 16
                                                }
                                              ],
                                              "parent": 11,
                                              "ID": 13,
                                              "left": 14
                                            }
                                          ],
                                          "parent": 10,
                                          "ID": 11,
                                          "left": 12,
                                          "right": 13
                                        }
                                      ],
                                      "parent": 8,
                                      "ID": 10,
                                      "left": 11
                                    }
                                  ],
                                  "parent": 7,
                                  "ID": 8,
                                  "left": 9,
                                  "right": 10
                                }
                              ],
                              "parent": 5,
                              "ID": 7,
                              "left": 8
                            }
                          ],
                          "parent": 4,
                          "ID": 5,
                          "left": 6,
                          "right": 7
                        },
                        {
                          "Node Type": "Hash",
                          "Parent Relationship": "Inner",
                          "Parallel Aware": false,
                          "Async Capable": false,
                          "Startup Cost": 1.25,
                          "Total Cost": 1.25,
                          "Plan Rows": 25,
                          "Plan Width": 30,
                          "Plans": [
                            {
                              "Node Type": "Seq Scan",
                              "Parent Relationship": "Outer",
                              "Parallel Aware": false,
                              "Async Capable": false,
                              "Relation Name": "nation",
                              "Alias": "nation",
                              "Startup Cost": 0.0,
                              "Total Cost": 1.25,
                              "Plan Rows": 25,
                              "Plan Width": 30,
                              "parent": 18,
                              "ID": 19
                            }
                          ],
                          "parent": 4,
                          "ID": 18,
                          "left": 19
                        }
                      ],
                      "parent": 3,
                      "ID": 4,
                      "left": 5,
                      "right": 18
                    }
                  ],
                  "parent": 2,
                  "ID": 3,
                  "left": 4
                }
              ],
              "parent": 1,
              "ID": 2,
              "left": 3
            }
          ],
          "parent": 0,
          "ID": 1,
          "left": 2
        }
      ],
      "parent": null,
      "ID": 0,
      "left": 1
    },
    "feat": {
      "utility": 5.783067465937312e-07,
      "query_shape": [
        [
          "Seq Scan",
          "Hash Join",
          "Sort",
          "Aggregate",
          "Gather Merge"
        ],
        [
          "Seq Scan",
          "Hash Join",
          "Hash",
          "Sort",
          "Aggregate",
          "Gather Merge"
        ],
        [
          "Seq Scan",
          "Hash Join",
          "Hash",
          "Sort",
          "Aggregate",
          "Gather Merge"
        ],
        [
          "Seq Scan",
          "Hash Join",
          "Hash",
          "Sort",
          "Aggregate",
          "Gather Merge"
        ],
        [
          "Seq Scan",
          "Hash",
          "Hash Join",
          "Sort",
          "Aggregate",
          "Gather Merge"
        ],
        [
          "Seq Scan",
          "Hash",
          "Hash Join",
          "Sort",
          "Aggregate",
          "Gather Merge"
        ]
      ],
      "index_shape": [
        "join"
      ],
      "physical_operator": {
        "Hash Join": [
          3.391878524927478e-06
        ]
      }
    }
  },
  {
    "query": "-- Functional Query Definition\n-- Approved February 1998\n\n\nselect\nnation,\no_year,\nsum(amount) as sum_profit\nfrom\n(\nselect\nn_name as nation,\nextract(year from o_orderdate) as o_year,\nl_extendedprice * (1 - l_discount) - ps_supplycost * l_quantity as amount\nfrom\npart,\nsupplier,\nlineitem,\npartsupp,\norders,\nnation\nwhere\ns_suppkey = l_suppkey\nand ps_suppkey = l_suppkey\nand ps_partkey = l_partkey\nand p_partkey = l_partkey\nand o_orderkey = l_orderkey\nand s_nationkey = n_nationkey\nand p_name like '%moccasin%'\n) as profit\ngroup by\nnation,\no_year\norder by\nnation,\no_year desc ;\n-- $ID$\n-- TPC-H/TPC-R Returned Item Reporting ",
    "indexes": "partsupp.ps_supplycost",
    "wo plan est": {
      "Node Type": "Aggregate",
      "Strategy": "Sorted",
      "Partial Mode": "Finalize",
      "Parallel Aware": false,
      "Async Capable": false,
      "Startup Cost": 2161468.0,
      "Total Cost": 2161475.32,
      "Plan Rows": 68,
      "Plan Width": 90,
      "Group Key": [
        "nation.n_name",
        "(EXTRACT(year FROM orders.o_orderdate))"
      ],
      "Plans": [
        {
          "Node Type": "Gather Merge",
          "Parent Relationship": "Outer",
          "Parallel Aware": false,
          "Async Capable": false,
          "Startup Cost": 2161468.0,
          "Total Cost": 2161473.9,
          "Plan Rows": 40,
          "Plan Width": 90,
          "Workers Planned": 1,
          "Plans": [
            {
              "Node Type": "Aggregate",
              "Strategy": "Sorted",
              "Partial Mode": "Partial",
              "Parent Relationship": "Outer",
              "Parallel Aware": false,
              "Async Capable": false,
              "Startup Cost": 2160467.99,
              "Total Cost": 2160469.39,
              "Plan Rows": 40,
              "Plan Width": 90,
              "Group Key": [
                "nation.n_name",
                "(EXTRACT(year FROM orders.o_orderdate))"
              ],
              "Plans": [
                {
                  "Node Type": "Sort",
                  "Parent Relationship": "Outer",
                  "Parallel Aware": false,
                  "Async Capable": false,
                  "Startup Cost": 2160467.99,
                  "Total Cost": 2160468.09,
                  "Plan Rows": 40,
                  "Plan Width": 81,
                  "Sort Key": [
                    "nation.n_name",
                    "(EXTRACT(year FROM orders.o_orderdate)) DESC"
                  ],
                  "Plans": [
                    {
                      "Node Type": "Hash Join",
                      "Parent Relationship": "Outer",
                      "Parallel Aware": false,
                      "Async Capable": false,
                      "Join Type": "Inner",
                      "Startup Cost": 2157441.29,
                      "Total Cost": 2160466.93,
                      "Plan Rows": 40,
                      "Plan Width": 81,
                      "Inner Unique": false,
                      "Hash Cond": "(supplier.s_nationkey = nation.n_nationkey)",
                      "Plans": [
                        {
                          "Node Type": "Hash Join",
                          "Parent Relationship": "Outer",
                          "Parallel Aware": true,
                          "Async Capable": false,
                          "Join Type": "Inner",
                          "Startup Cost": 2157439.73,
                          "Total Cost": 2160464.72,
                          "Plan Rows": 40,
                          "Plan Width": 31,
                          "Inner Unique": false,
                          "Hash Cond": "(supplier.s_suppkey = lineitem.l_suppkey)",
                          "Plans": [
                            {
                              "Node Type": "Seq Scan",
                              "Parent Relationship": "Outer",
                              "Parallel Aware": true,
                              "Async Capable": false,
                              "Relation Name": "supplier",
                              "Alias": "supplier",
                              "Startup Cost": 0.0,
                              "Total Cost": 2804.24,
                              "Plan Rows": 58824,
                              "Plan Width": 8,
                              "parent": 5,
                              "ID": 6
                            },
                            {
                              "Node Type": "Hash",
                              "Parent Relationship": "Inner",
                              "Parallel Aware": true,
                              "Async Capable": false,
                              "Startup Cost": 2157439.38,
                              "Total Cost": 2157439.38,
                              "Plan Rows": 28,
                              "Plan Width": 35,
                              "Plans": [
                                {
                                  "Node Type": "Hash Join",
                                  "Parent Relationship": "Outer",
                                  "Parallel Aware": true,
                                  "Async Capable": false,
                                  "Join Type": "Inner",
                                  "Startup Cost": 1810595.66,
                                  "Total Cost": 2157439.38,
                                  "Plan Rows": 28,
                                  "Plan Width": 35,
                                  "Inner Unique": false,
                                  "Hash Cond": "(orders.o_orderkey = lineitem.l_orderkey)",
                                  "Plans": [
                                    {
                                      "Node Type": "Seq Scan",
                                      "Parent Relationship": "Outer",
                                      "Parallel Aware": true,
                                      "Async Capable": false,
                                      "Relation Name": "orders",
                                      "Alias": "orders",
                                      "Startup Cost": 0.0,
                                      "Total Cost": 323407.71,
                                      "Plan Rows": 6249571,
                                      "Plan Width": 8,
                                      "parent": 8,
                                      "ID": 9
                                    },
                                    {
                                      "Node Type": "Hash",
                                      "Parent Relationship": "Inner",
                                      "Parallel Aware": true,
                                      "Async Capable": false,
                                      "Startup Cost": 1810595.31,
                                      "Total Cost": 1810595.31,
                                      "Plan Rows": 28,
                                      "Plan Width": 35,
                                      "Plans": [
                                        {
                                          "Node Type": "Hash Join",
                                          "Parent Relationship": "Outer",
                                          "Parallel Aware": true,
                                          "Async Capable": false,
                                          "Join Type": "Inner",
                                          "Startup Cost": 1539620.18,
                                          "Total Cost": 1810595.31,
                                          "Plan Rows": 28,
                                          "Plan Width": 35,
                                          "Inner Unique": false,
                                          "Hash Cond": "((partsupp.ps_suppkey = lineitem.l_suppkey) AND (partsupp.ps_partkey = lineitem.l_partkey))",
                                          "Plans": [
                                            {
                                              "Node Type": "Seq Scan",
                                              "Parent Relationship": "Outer",
                                              "Parallel Aware": true,
                                              "Async Capable": false,
                                              "Relation Name": "partsupp",
                                              "Alias": "partsupp",
                                              "Startup Cost": 0.0,
                                              "Total Cost": 207718.58,
                                              "Plan Rows": 3333258,
                                              "Plan Width": 14,
                                              "parent": 11,
                                              "ID": 12
                                            },
                                            {
                                              "Node Type": "Hash",
                                              "Parent Relationship": "Inner",
                                              "Parallel Aware": true,
                                              "Async Capable": false,
                                              "Startup Cost": 1522963.02,
                                              "Total Cost": 1522963.02,
                                              "Plan Rows": 730144,
                                              "Plan Width": 33,
                                              "Plans": [
                                                {
                                                  "Node Type": "Hash Join",
                                                  "Parent Relationship": "Outer",
                                                  "Parallel Aware": true,
                                                  "Async Capable": false,
                                                  "Join Type": "Inner",
                                                  "Startup Cost": 51693.93,
                                                  "Total Cost": 1522963.02,
                                                  "Plan Rows": 730144,
                                                  "Plan Width": 33,
                                                  "Inner Unique": false,
                                                  "Hash Cond": "(lineitem.l_partkey = part.p_partkey)",
                                                  "Plans": [
                                                    {
                                                      "Node Type": "Seq Scan",
                                                      "Parent Relationship": "Outer",
                                                      "Parallel Aware": true,
                                                      "Async Capable": false,
                                                      "Relation Name": "lineitem",
                                                      "Alias": "lineitem",
                                                      "Startup Cost": 0.0,
                                                      "Total Cost": 1374494.57,
                                                      "Plan Rows": 24995257,
                                                      "Plan Width": 29,
                                                      "parent": 14,
                                                      "ID": 15
                                                    },
                                                    {
                                                      "Node Type": "Hash",
                                                      "Parent Relationship": "Inner",
                                                      "Parallel Aware": true,
                                                      "Async Capable": false,
                                                      "Startup Cost": 51378.28,
                                                      "Total Cost": 51378.28,
                                                      "Plan Rows": 25252,
                                                      "Plan Width": 4,
                                                      "Plans": [
                                                        {
                                                          "Node Type": "Seq Scan",
                                                          "Parent Relationship": "Outer",
                                                          "Parallel Aware": true,
                                                          "Async Capable": false,
                                                          "Relation Name": "part",
                                                          "Alias": "part",
                                                          "Startup Cost": 0.0,
                                                          "Total Cost": 51378.28,
                                                          "Plan Rows": 25252,
                                                          "Plan Width": 4,
                                                          "Filter": "((p_name)::text ~~ '%moccasin%'::text)",
                                                          "parent": 16,
                                                          "ID": 17
                                                        }
                                                      ],
                                                      "parent": 14,
                                                      "ID": 16,
                                                      "left": 17
                                                    }
                                                  ],
                                                  "parent": 13,
                                                  "ID": 14,
                                                  "left": 15,
                                                  "right": 16
                                                }
                                              ],
                                              "parent": 11,
                                              "ID": 13,
                                              "left": 14
                                            }
                                          ],
                                          "parent": 10,
                                          "ID": 11,
                                          "left": 12,
                                          "right": 13
                                        }
                                      ],
                                      "parent": 8,
                                      "ID": 10,
                                      "left": 11
                                    }
                                  ],
                                  "parent": 7,
                                  "ID": 8,
                                  "left": 9,
                                  "right": 10
                                }
                              ],
                              "parent": 5,
                              "ID": 7,
                              "left": 8
                            }
                          ],
                          "parent": 4,
                          "ID": 5,
                          "left": 6,
                          "right": 7
                        },
                        {
                          "Node Type": "Hash",
                          "Parent Relationship": "Inner",
                          "Parallel Aware": false,
                          "Async Capable": false,
                          "Startup Cost": 1.25,
                          "Total Cost": 1.25,
                          "Plan Rows": 25,
                          "Plan Width": 30,
                          "Plans": [
                            {
                              "Node Type": "Seq Scan",
                              "Parent Relationship": "Outer",
                              "Parallel Aware": false,
                              "Async Capable": false,
                              "Relation Name": "nation",
                              "Alias": "nation",
                              "Startup Cost": 0.0,
                              "Total Cost": 1.25,
                              "Plan Rows": 25,
                              "Plan Width": 30,
                              "parent": 18,
                              "ID": 19
                            }
                          ],
                          "parent": 4,
                          "ID": 18,
                          "left": 19
                        }
                      ],
                      "parent": 3,
                      "ID": 4,
                      "left": 5,
                      "right": 18
                    }
                  ],
                  "parent": 2,
                  "ID": 3,
                  "left": 4
                }
              ],
              "parent": 1,
              "ID": 2,
              "left": 3
            }
          ],
          "parent": 0,
          "ID": 1,
          "left": 2
        }
      ],
      "parent": null,
      "ID": 0,
      "left": 1
    },
    "feat": {
      "utility": 0.0,
      "query_shape": [
        [
          "Seq Scan",
          "Hash Join",
          "Sort",
          "Aggregate",
          "Gather Merge"
        ],
        [
          "Seq Scan",
          "Hash Join",
          "Hash",
          "Sort",
          "Aggregate",
          "Gather Merge"
        ],
        [
          "Seq Scan",
          "Hash Join",
          "Hash",
          "Sort",
          "Aggregate",
          "Gather Merge"
        ],
        [
          "Seq Scan",
          "Hash Join",
          "Hash",
          "Sort",
          "Aggregate",
          "Gather Merge"
        ],
        [
          "Seq Scan",
          "Hash",
          "Hash Join",
          "Sort",
          "Aggregate",
          "Gather Merge"
        ],
        [
          "Seq Scan",
          "Hash",
          "Hash Join",
          "Sort",
          "Aggregate",
          "Gather Merge"
        ]
      ],
      "index_shape": [],
      "physical_operator": {}
    }
  },
  {
    "query": "-- Functional Query Definition\n-- Approved February 1998\n\n\nselect\nnation,\no_year,\nsum(amount) as sum_profit\nfrom\n(\nselect\nn_name as nation,\nextract(year from o_orderdate) as o_year,\nl_extendedprice * (1 - l_discount) - ps_supplycost * l_quantity as amount\nfrom\npart,\nsupplier,\nlineitem,\npartsupp,\norders,\nnation\nwhere\ns_suppkey = l_suppkey\nand ps_suppkey = l_suppkey\nand ps_partkey = l_partkey\nand p_partkey = l_partkey\nand o_orderkey = l_orderkey\nand s_nationkey = n_nationkey\nand p_name like '%moccasin%'\n) as profit\ngroup by\nnation,\no_year\norder by\nnation,\no_year desc ;\n-- $ID$\n-- TPC-H/TPC-R Returned Item Reporting ",
    "indexes": "supplier.s_suppkey",
    "wo plan est": {
      "Node Type": "Aggregate",
      "Strategy": "Sorted",
      "Partial Mode": "Finalize",
      "Parallel Aware": false,
      "Async Capable": false,
      "Startup Cost": 2161468.0,
      "Total Cost": 2161475.32,
      "Plan Rows": 68,
      "Plan Width": 90,
      "Group Key": [
        "nation.n_name",
        "(EXTRACT(year FROM orders.o_orderdate))"
      ],
      "Plans": [
        {
          "Node Type": "Gather Merge",
          "Parent Relationship": "Outer",
          "Parallel Aware": false,
          "Async Capable": false,
          "Startup Cost": 2161468.0,
          "Total Cost": 2161473.9,
          "Plan Rows": 40,
          "Plan Width": 90,
          "Workers Planned": 1,
          "Plans": [
            {
              "Node Type": "Aggregate",
              "Strategy": "Sorted",
              "Partial Mode": "Partial",
              "Parent Relationship": "Outer",
              "Parallel Aware": false,
              "Async Capable": false,
              "Startup Cost": 2160467.99,
              "Total Cost": 2160469.39,
              "Plan Rows": 40,
              "Plan Width": 90,
              "Group Key": [
                "nation.n_name",
                "(EXTRACT(year FROM orders.o_orderdate))"
              ],
              "Plans": [
                {
                  "Node Type": "Sort",
                  "Parent Relationship": "Outer",
                  "Parallel Aware": false,
                  "Async Capable": false,
                  "Startup Cost": 2160467.99,
                  "Total Cost": 2160468.09,
                  "Plan Rows": 40,
                  "Plan Width": 81,
                  "Sort Key": [
                    "nation.n_name",
                    "(EXTRACT(year FROM orders.o_orderdate)) DESC"
                  ],
                  "Plans": [
                    {
                      "Node Type": "Hash Join",
                      "Parent Relationship": "Outer",
                      "Parallel Aware": false,
                      "Async Capable": false,
                      "Join Type": "Inner",
                      "Startup Cost": 2157441.29,
                      "Total Cost": 2160466.93,
                      "Plan Rows": 40,
                      "Plan Width": 81,
                      "Inner Unique": false,
                      "Hash Cond": "(supplier.s_nationkey = nation.n_nationkey)",
                      "Plans": [
                        {
                          "Node Type": "Hash Join",
                          "Parent Relationship": "Outer",
                          "Parallel Aware": true,
                          "Async Capable": false,
                          "Join Type": "Inner",
                          "Startup Cost": 2157439.73,
                          "Total Cost": 2160464.72,
                          "Plan Rows": 40,
                          "Plan Width": 31,
                          "Inner Unique": false,
                          "Hash Cond": "(supplier.s_suppkey = lineitem.l_suppkey)",
                          "Plans": [
                            {
                              "Node Type": "Seq Scan",
                              "Parent Relationship": "Outer",
                              "Parallel Aware": true,
                              "Async Capable": false,
                              "Relation Name": "supplier",
                              "Alias": "supplier",
                              "Startup Cost": 0.0,
                              "Total Cost": 2804.24,
                              "Plan Rows": 58824,
                              "Plan Width": 8,
                              "parent": 5,
                              "ID": 6
                            },
                            {
                              "Node Type": "Hash",
                              "Parent Relationship": "Inner",
                              "Parallel Aware": true,
                              "Async Capable": false,
                              "Startup Cost": 2157439.38,
                              "Total Cost": 2157439.38,
                              "Plan Rows": 28,
                              "Plan Width": 35,
                              "Plans": [
                                {
                                  "Node Type": "Hash Join",
                                  "Parent Relationship": "Outer",
                                  "Parallel Aware": true,
                                  "Async Capable": false,
                                  "Join Type": "Inner",
                                  "Startup Cost": 1810595.66,
                                  "Total Cost": 2157439.38,
                                  "Plan Rows": 28,
                                  "Plan Width": 35,
                                  "Inner Unique": false,
                                  "Hash Cond": "(orders.o_orderkey = lineitem.l_orderkey)",
                                  "Plans": [
                                    {
                                      "Node Type": "Seq Scan",
                                      "Parent Relationship": "Outer",
                                      "Parallel Aware": true,
                                      "Async Capable": false,
                                      "Relation Name": "orders",
                                      "Alias": "orders",
                                      "Startup Cost": 0.0,
                                      "Total Cost": 323407.71,
                                      "Plan Rows": 6249571,
                                      "Plan Width": 8,
                                      "parent": 8,
                                      "ID": 9
                                    },
                                    {
                                      "Node Type": "Hash",
                                      "Parent Relationship": "Inner",
                                      "Parallel Aware": true,
                                      "Async Capable": false,
                                      "Startup Cost": 1810595.31,
                                      "Total Cost": 1810595.31,
                                      "Plan Rows": 28,
                                      "Plan Width": 35,
                                      "Plans": [
                                        {
                                          "Node Type": "Hash Join",
                                          "Parent Relationship": "Outer",
                                          "Parallel Aware": true,
                                          "Async Capable": false,
                                          "Join Type": "Inner",
                                          "Startup Cost": 1539620.18,
                                          "Total Cost": 1810595.31,
                                          "Plan Rows": 28,
                                          "Plan Width": 35,
                                          "Inner Unique": false,
                                          "Hash Cond": "((partsupp.ps_suppkey = lineitem.l_suppkey) AND (partsupp.ps_partkey = lineitem.l_partkey))",
                                          "Plans": [
                                            {
                                              "Node Type": "Seq Scan",
                                              "Parent Relationship": "Outer",
                                              "Parallel Aware": true,
                                              "Async Capable": false,
                                              "Relation Name": "partsupp",
                                              "Alias": "partsupp",
                                              "Startup Cost": 0.0,
                                              "Total Cost": 207718.58,
                                              "Plan Rows": 3333258,
                                              "Plan Width": 14,
                                              "parent": 11,
                                              "ID": 12
                                            },
                                            {
                                              "Node Type": "Hash",
                                              "Parent Relationship": "Inner",
                                              "Parallel Aware": true,
                                              "Async Capable": false,
                                              "Startup Cost": 1522963.02,
                                              "Total Cost": 1522963.02,
                                              "Plan Rows": 730144,
                                              "Plan Width": 33,
                                              "Plans": [
                                                {
                                                  "Node Type": "Hash Join",
                                                  "Parent Relationship": "Outer",
                                                  "Parallel Aware": true,
                                                  "Async Capable": false,
                                                  "Join Type": "Inner",
                                                  "Startup Cost": 51693.93,
                                                  "Total Cost": 1522963.02,
                                                  "Plan Rows": 730144,
                                                  "Plan Width": 33,
                                                  "Inner Unique": false,
                                                  "Hash Cond": "(lineitem.l_partkey = part.p_partkey)",
                                                  "Plans": [
                                                    {
                                                      "Node Type": "Seq Scan",
                                                      "Parent Relationship": "Outer",
                                                      "Parallel Aware": true,
                                                      "Async Capable": false,
                                                      "Relation Name": "lineitem",
                                                      "Alias": "lineitem",
                                                      "Startup Cost": 0.0,
                                                      "Total Cost": 1374494.57,
                                                      "Plan Rows": 24995257,
                                                      "Plan Width": 29,
                                                      "parent": 14,
                                                      "ID": 15
                                                    },
                                                    {
                                                      "Node Type": "Hash",
                                                      "Parent Relationship": "Inner",
                                                      "Parallel Aware": true,
                                                      "Async Capable": false,
                                                      "Startup Cost": 51378.28,
                                                      "Total Cost": 51378.28,
                                                      "Plan Rows": 25252,
                                                      "Plan Width": 4,
                                                      "Plans": [
                                                        {
                                                          "Node Type": "Seq Scan",
                                                          "Parent Relationship": "Outer",
                                                          "Parallel Aware": true,
                                                          "Async Capable": false,
                                                          "Relation Name": "part",
                                                          "Alias": "part",
                                                          "Startup Cost": 0.0,
                                                          "Total Cost": 51378.28,
                                                          "Plan Rows": 25252,
                                                          "Plan Width": 4,
                                                          "Filter": "((p_name)::text ~~ '%moccasin%'::text)",
                                                          "parent": 16,
                                                          "ID": 17
                                                        }
                                                      ],
                                                      "parent": 14,
                                                      "ID": 16,
                                                      "left": 17
                                                    }
                                                  ],
                                                  "parent": 13,
                                                  "ID": 14,
                                                  "left": 15,
                                                  "right": 16
                                                }
                                              ],
                                              "parent": 11,
                                              "ID": 13,
                                              "left": 14
                                            }
                                          ],
                                          "parent": 10,
                                          "ID": 11,
                                          "left": 12,
                                          "right": 13
                                        }
                                      ],
                                      "parent": 8,
                                      "ID": 10,
                                      "left": 11
                                    }
                                  ],
                                  "parent": 7,
                                  "ID": 8,
                                  "left": 9,
                                  "right": 10
                                }
                              ],
                              "parent": 5,
                              "ID": 7,
                              "left": 8
                            }
                          ],
                          "parent": 4,
                          "ID": 5,
                          "left": 6,
                          "right": 7
                        },
                        {
                          "Node Type": "Hash",
                          "Parent Relationship": "Inner",
                          "Parallel Aware": false,
                          "Async Capable": false,
                          "Startup Cost": 1.25,
                          "Total Cost": 1.25,
                          "Plan Rows": 25,
                          "Plan Width": 30,
                          "Plans": [
                            {
                              "Node Type": "Seq Scan",
                              "Parent Relationship": "Outer",
                              "Parallel Aware": false,
                              "Async Capable": false,
                              "Relation Name": "nation",
                              "Alias": "nation",
                              "Startup Cost": 0.0,
                              "Total Cost": 1.25,
                              "Plan Rows": 25,
                              "Plan Width": 30,
                              "parent": 18,
                              "ID": 19
                            }
                          ],
                          "parent": 4,
                          "ID": 18,
                          "left": 19
                        }
                      ],
                      "parent": 3,
                      "ID": 4,
                      "left": 5,
                      "right": 18
                    }
                  ],
                  "parent": 2,
                  "ID": 3,
                  "left": 4
                }
              ],
              "parent": 1,
              "ID": 2,
              "left": 3
            }
          ],
          "parent": 0,
          "ID": 1,
          "left": 2
        }
      ],
      "parent": null,
      "ID": 0,
      "left": 1
    },
    "feat": {
      "utility": 5.7545878311778e-07,
      "query_shape": [
        [
          "Seq Scan",
          "Hash Join",
          "Sort",
          "Aggregate",
          "Gather Merge"
        ],
        [
          "Seq Scan",
          "Hash Join",
          "Hash",
          "Sort",
          "Aggregate",
          "Gather Merge"
        ],
        [
          "Seq Scan",
          "Hash Join",
          "Hash",
          "Sort",
          "Aggregate",
          "Gather Merge"
        ],
        [
          "Seq Scan",
          "Hash Join",
          "Hash",
          "Sort",
          "Aggregate",
          "Gather Merge"
        ],
        [
          "Seq Scan",
          "Hash",
          "Hash Join",
          "Sort",
          "Aggregate",
          "Gather Merge"
        ],
        [
          "Seq Scan",
          "Hash",
          "Hash Join",
          "Sort",
          "Aggregate",
          "Gather Merge"
        ]
      ],
      "index_shape": [
        "join"
      ],
      "physical_operator": {
        "Hash Join": [
          0.004928034090948872
        ]
      }
    }
  },
  {
    "query": "-- Functional Query Definition\n-- Approved February 1998\n\n\nselect\nnation,\no_year,\nsum(amount) as sum_profit\nfrom\n(\nselect\nn_name as nation,\nextract(year from o_orderdate) as o_year,\nl_extendedprice * (1 - l_discount) - ps_supplycost * l_quantity as amount\nfrom\npart,\nsupplier,\nlineitem,\npartsupp,\norders,\nnation\nwhere\ns_suppkey = l_suppkey\nand ps_suppkey = l_suppkey\nand ps_partkey = l_partkey\nand p_partkey = l_partkey\nand o_orderkey = l_orderkey\nand s_nationkey = n_nationkey\nand p_name like '%moccasin%'\n) as profit\ngroup by\nnation,\no_year\norder by\nnation,\no_year desc ;\n-- $ID$\n-- TPC-H/TPC-R Returned Item Reporting ",
    "indexes": "supplier.s_nationkey",
    "wo plan est": {
      "Node Type": "Aggregate",
      "Strategy": "Sorted",
      "Partial Mode": "Finalize",
      "Parallel Aware": false,
      "Async Capable": false,
      "Startup Cost": 2161468.0,
      "Total Cost": 2161475.32,
      "Plan Rows": 68,
      "Plan Width": 90,
      "Group Key": [
        "nation.n_name",
        "(EXTRACT(year FROM orders.o_orderdate))"
      ],
      "Plans": [
        {
          "Node Type": "Gather Merge",
          "Parent Relationship": "Outer",
          "Parallel Aware": false,
          "Async Capable": false,
          "Startup Cost": 2161468.0,
          "Total Cost": 2161473.9,
          "Plan Rows": 40,
          "Plan Width": 90,
          "Workers Planned": 1,
          "Plans": [
            {
              "Node Type": "Aggregate",
              "Strategy": "Sorted",
              "Partial Mode": "Partial",
              "Parent Relationship": "Outer",
              "Parallel Aware": false,
              "Async Capable": false,
              "Startup Cost": 2160467.99,
              "Total Cost": 2160469.39,
              "Plan Rows": 40,
              "Plan Width": 90,
              "Group Key": [
                "nation.n_name",
                "(EXTRACT(year FROM orders.o_orderdate))"
              ],
              "Plans": [
                {
                  "Node Type": "Sort",
                  "Parent Relationship": "Outer",
                  "Parallel Aware": false,
                  "Async Capable": false,
                  "Startup Cost": 2160467.99,
                  "Total Cost": 2160468.09,
                  "Plan Rows": 40,
                  "Plan Width": 81,
                  "Sort Key": [
                    "nation.n_name",
                    "(EXTRACT(year FROM orders.o_orderdate)) DESC"
                  ],
                  "Plans": [
                    {
                      "Node Type": "Hash Join",
                      "Parent Relationship": "Outer",
                      "Parallel Aware": false,
                      "Async Capable": false,
                      "Join Type": "Inner",
                      "Startup Cost": 2157441.29,
                      "Total Cost": 2160466.93,
                      "Plan Rows": 40,
                      "Plan Width": 81,
                      "Inner Unique": false,
                      "Hash Cond": "(supplier.s_nationkey = nation.n_nationkey)",
                      "Plans": [
                        {
                          "Node Type": "Hash Join",
                          "Parent Relationship": "Outer",
                          "Parallel Aware": true,
                          "Async Capable": false,
                          "Join Type": "Inner",
                          "Startup Cost": 2157439.73,
                          "Total Cost": 2160464.72,
                          "Plan Rows": 40,
                          "Plan Width": 31,
                          "Inner Unique": false,
                          "Hash Cond": "(supplier.s_suppkey = lineitem.l_suppkey)",
                          "Plans": [
                            {
                              "Node Type": "Seq Scan",
                              "Parent Relationship": "Outer",
                              "Parallel Aware": true,
                              "Async Capable": false,
                              "Relation Name": "supplier",
                              "Alias": "supplier",
                              "Startup Cost": 0.0,
                              "Total Cost": 2804.24,
                              "Plan Rows": 58824,
                              "Plan Width": 8,
                              "parent": 5,
                              "ID": 6
                            },
                            {
                              "Node Type": "Hash",
                              "Parent Relationship": "Inner",
                              "Parallel Aware": true,
                              "Async Capable": false,
                              "Startup Cost": 2157439.38,
                              "Total Cost": 2157439.38,
                              "Plan Rows": 28,
                              "Plan Width": 35,
                              "Plans": [
                                {
                                  "Node Type": "Hash Join",
                                  "Parent Relationship": "Outer",
                                  "Parallel Aware": true,
                                  "Async Capable": false,
                                  "Join Type": "Inner",
                                  "Startup Cost": 1810595.66,
                                  "Total Cost": 2157439.38,
                                  "Plan Rows": 28,
                                  "Plan Width": 35,
                                  "Inner Unique": false,
                                  "Hash Cond": "(orders.o_orderkey = lineitem.l_orderkey)",
                                  "Plans": [
                                    {
                                      "Node Type": "Seq Scan",
                                      "Parent Relationship": "Outer",
                                      "Parallel Aware": true,
                                      "Async Capable": false,
                                      "Relation Name": "orders",
                                      "Alias": "orders",
                                      "Startup Cost": 0.0,
                                      "Total Cost": 323407.71,
                                      "Plan Rows": 6249571,
                                      "Plan Width": 8,
                                      "parent": 8,
                                      "ID": 9
                                    },
                                    {
                                      "Node Type": "Hash",
                                      "Parent Relationship": "Inner",
                                      "Parallel Aware": true,
                                      "Async Capable": false,
                                      "Startup Cost": 1810595.31,
                                      "Total Cost": 1810595.31,
                                      "Plan Rows": 28,
                                      "Plan Width": 35,
                                      "Plans": [
                                        {
                                          "Node Type": "Hash Join",
                                          "Parent Relationship": "Outer",
                                          "Parallel Aware": true,
                                          "Async Capable": false,
                                          "Join Type": "Inner",
                                          "Startup Cost": 1539620.18,
                                          "Total Cost": 1810595.31,
                                          "Plan Rows": 28,
                                          "Plan Width": 35,
                                          "Inner Unique": false,
                                          "Hash Cond": "((partsupp.ps_suppkey = lineitem.l_suppkey) AND (partsupp.ps_partkey = lineitem.l_partkey))",
                                          "Plans": [
                                            {
                                              "Node Type": "Seq Scan",
                                              "Parent Relationship": "Outer",
                                              "Parallel Aware": true,
                                              "Async Capable": false,
                                              "Relation Name": "partsupp",
                                              "Alias": "partsupp",
                                              "Startup Cost": 0.0,
                                              "Total Cost": 207718.58,
                                              "Plan Rows": 3333258,
                                              "Plan Width": 14,
                                              "parent": 11,
                                              "ID": 12
                                            },
                                            {
                                              "Node Type": "Hash",
                                              "Parent Relationship": "Inner",
                                              "Parallel Aware": true,
                                              "Async Capable": false,
                                              "Startup Cost": 1522963.02,
                                              "Total Cost": 1522963.02,
                                              "Plan Rows": 730144,
                                              "Plan Width": 33,
                                              "Plans": [
                                                {
                                                  "Node Type": "Hash Join",
                                                  "Parent Relationship": "Outer",
                                                  "Parallel Aware": true,
                                                  "Async Capable": false,
                                                  "Join Type": "Inner",
                                                  "Startup Cost": 51693.93,
                                                  "Total Cost": 1522963.02,
                                                  "Plan Rows": 730144,
                                                  "Plan Width": 33,
                                                  "Inner Unique": false,
                                                  "Hash Cond": "(lineitem.l_partkey = part.p_partkey)",
                                                  "Plans": [
                                                    {
                                                      "Node Type": "Seq Scan",
                                                      "Parent Relationship": "Outer",
                                                      "Parallel Aware": true,
                                                      "Async Capable": false,
                                                      "Relation Name": "lineitem",
                                                      "Alias": "lineitem",
                                                      "Startup Cost": 0.0,
                                                      "Total Cost": 1374494.57,
                                                      "Plan Rows": 24995257,
                                                      "Plan Width": 29,
                                                      "parent": 14,
                                                      "ID": 15
                                                    },
                                                    {
                                                      "Node Type": "Hash",
                                                      "Parent Relationship": "Inner",
                                                      "Parallel Aware": true,
                                                      "Async Capable": false,
                                                      "Startup Cost": 51378.28,
                                                      "Total Cost": 51378.28,
                                                      "Plan Rows": 25252,
                                                      "Plan Width": 4,
                                                      "Plans": [
                                                        {
                                                          "Node Type": "Seq Scan",
                                                          "Parent Relationship": "Outer",
                                                          "Parallel Aware": true,
                                                          "Async Capable": false,
                                                          "Relation Name": "part",
                                                          "Alias": "part",
                                                          "Startup Cost": 0.0,
                                                          "Total Cost": 51378.28,
                                                          "Plan Rows": 25252,
                                                          "Plan Width": 4,
                                                          "Filter": "((p_name)::text ~~ '%moccasin%'::text)",
                                                          "parent": 16,
                                                          "ID": 17
                                                        }
                                                      ],
                                                      "parent": 14,
                                                      "ID": 16,
                                                      "left": 17
                                                    }
                                                  ],
                                                  "parent": 13,
                                                  "ID": 14,
                                                  "left": 15,
                                                  "right": 16
                                                }
                                              ],
                                              "parent": 11,
                                              "ID": 13,
                                              "left": 14
                                            }
                                          ],
                                          "parent": 10,
                                          "ID": 11,
                                          "left": 12,
                                          "right": 13
                                        }
                                      ],
                                      "parent": 8,
                                      "ID": 10,
                                      "left": 11
                                    }
                                  ],
                                  "parent": 7,
                                  "ID": 8,
                                  "left": 9,
                                  "right": 10
                                }
                              ],
                              "parent": 5,
                              "ID": 7,
                              "left": 8
                            }
                          ],
                          "parent": 4,
                          "ID": 5,
                          "left": 6,
                          "right": 7
                        },
                        {
                          "Node Type": "Hash",
                          "Parent Relationship": "Inner",
                          "Parallel Aware": false,
                          "Async Capable": false,
                          "Startup Cost": 1.25,
                          "Total Cost": 1.25,
                          "Plan Rows": 25,
                          "Plan Width": 30,
                          "Plans": [
                            {
                              "Node Type": "Seq Scan",
                              "Parent Relationship": "Outer",
                              "Parallel Aware": false,
                              "Async Capable": false,
                              "Relation Name": "nation",
                              "Alias": "nation",
                              "Startup Cost": 0.0,
                              "Total Cost": 1.25,
                              "Plan Rows": 25,
                              "Plan Width": 30,
                              "parent": 18,
                              "ID": 19
                            }
                          ],
                          "parent": 4,
                          "ID": 18,
                          "left": 19
                        }
                      ],
                      "parent": 3,
                      "ID": 4,
                      "left": 5,
                      "right": 18
                    }
                  ],
                  "parent": 2,
                  "ID": 3,
                  "left": 4
                }
              ],
              "parent": 1,
              "ID": 2,
              "left": 3
            }
          ],
          "parent": 0,
          "ID": 1,
          "left": 2
        }
      ],
      "parent": null,
      "ID": 0,
      "left": 1
    },
    "feat": {
      "utility": 4.626469665172953e-07,
      "query_shape": [
        [
          "Seq Scan",
          "Hash Join",
          "Sort",
          "Aggregate",
          "Gather Merge"
        ],
        [
          "Seq Scan",
          "Hash Join",
          "Hash",
          "Sort",
          "Aggregate",
          "Gather Merge"
        ],
        [
          "Seq Scan",
          "Hash Join",
          "Hash",
          "Sort",
          "Aggregate",
          "Gather Merge"
        ],
        [
          "Seq Scan",
          "Hash Join",
          "Hash",
          "Sort",
          "Aggregate",
          "Gather Merge"
        ],
        [
          "Seq Scan",
          "Hash",
          "Hash Join",
          "Sort",
          "Aggregate",
          "Gather Merge"
        ],
        [
          "Seq Scan",
          "Hash",
          "Hash Join",
          "Sort",
          "Aggregate",
          "Gather Merge"
        ]
      ],
      "index_shape": [
        "join"
      ],
      "physical_operator": {
        "Hash Join": [
          0.2
        ]
      }
    }
  },
  {
    "query": "-- Functional Query Definition\n-- Approved February 1998\n\n\nselect\nnation,\no_year,\nsum(amount) as sum_profit\nfrom\n(\nselect\nn_name as nation,\nextract(year from o_orderdate) as o_year,\nl_extendedprice * (1 - l_discount) - ps_supplycost * l_quantity as amount\nfrom\npart,\nsupplier,\nlineitem,\npartsupp,\norders,\nnation\nwhere\ns_suppkey = l_suppkey\nand ps_suppkey = l_suppkey\nand ps_partkey = l_partkey\nand p_partkey = l_partkey\nand o_orderkey = l_orderkey\nand s_nationkey = n_nationkey\nand p_name like '%moccasin%'\n) as profit\ngroup by\nnation,\no_year\norder by\nnation,\no_year desc ;\n-- $ID$\n-- TPC-H/TPC-R Returned Item Reporting ",
    "indexes": "lineitem.l_orderkey",
    "wo plan est": {
      "Node Type": "Aggregate",
      "Strategy": "Sorted",
      "Partial Mode": "Finalize",
      "Parallel Aware": false,
      "Async Capable": false,
      "Startup Cost": 2161468.0,
      "Total Cost": 2161475.32,
      "Plan Rows": 68,
      "Plan Width": 90,
      "Group Key": [
        "nation.n_name",
        "(EXTRACT(year FROM orders.o_orderdate))"
      ],
      "Plans": [
        {
          "Node Type": "Gather Merge",
          "Parent Relationship": "Outer",
          "Parallel Aware": false,
          "Async Capable": false,
          "Startup Cost": 2161468.0,
          "Total Cost": 2161473.9,
          "Plan Rows": 40,
          "Plan Width": 90,
          "Workers Planned": 1,
          "Plans": [
            {
              "Node Type": "Aggregate",
              "Strategy": "Sorted",
              "Partial Mode": "Partial",
              "Parent Relationship": "Outer",
              "Parallel Aware": false,
              "Async Capable": false,
              "Startup Cost": 2160467.99,
              "Total Cost": 2160469.39,
              "Plan Rows": 40,
              "Plan Width": 90,
              "Group Key": [
                "nation.n_name",
                "(EXTRACT(year FROM orders.o_orderdate))"
              ],
              "Plans": [
                {
                  "Node Type": "Sort",
                  "Parent Relationship": "Outer",
                  "Parallel Aware": false,
                  "Async Capable": false,
                  "Startup Cost": 2160467.99,
                  "Total Cost": 2160468.09,
                  "Plan Rows": 40,
                  "Plan Width": 81,
                  "Sort Key": [
                    "nation.n_name",
                    "(EXTRACT(year FROM orders.o_orderdate)) DESC"
                  ],
                  "Plans": [
                    {
                      "Node Type": "Hash Join",
                      "Parent Relationship": "Outer",
                      "Parallel Aware": false,
                      "Async Capable": false,
                      "Join Type": "Inner",
                      "Startup Cost": 2157441.29,
                      "Total Cost": 2160466.93,
                      "Plan Rows": 40,
                      "Plan Width": 81,
                      "Inner Unique": false,
                      "Hash Cond": "(supplier.s_nationkey = nation.n_nationkey)",
                      "Plans": [
                        {
                          "Node Type": "Hash Join",
                          "Parent Relationship": "Outer",
                          "Parallel Aware": true,
                          "Async Capable": false,
                          "Join Type": "Inner",
                          "Startup Cost": 2157439.73,
                          "Total Cost": 2160464.72,
                          "Plan Rows": 40,
                          "Plan Width": 31,
                          "Inner Unique": false,
                          "Hash Cond": "(supplier.s_suppkey = lineitem.l_suppkey)",
                          "Plans": [
                            {
                              "Node Type": "Seq Scan",
                              "Parent Relationship": "Outer",
                              "Parallel Aware": true,
                              "Async Capable": false,
                              "Relation Name": "supplier",
                              "Alias": "supplier",
                              "Startup Cost": 0.0,
                              "Total Cost": 2804.24,
                              "Plan Rows": 58824,
                              "Plan Width": 8,
                              "parent": 5,
                              "ID": 6
                            },
                            {
                              "Node Type": "Hash",
                              "Parent Relationship": "Inner",
                              "Parallel Aware": true,
                              "Async Capable": false,
                              "Startup Cost": 2157439.38,
                              "Total Cost": 2157439.38,
                              "Plan Rows": 28,
                              "Plan Width": 35,
                              "Plans": [
                                {
                                  "Node Type": "Hash Join",
                                  "Parent Relationship": "Outer",
                                  "Parallel Aware": true,
                                  "Async Capable": false,
                                  "Join Type": "Inner",
                                  "Startup Cost": 1810595.66,
                                  "Total Cost": 2157439.38,
                                  "Plan Rows": 28,
                                  "Plan Width": 35,
                                  "Inner Unique": false,
                                  "Hash Cond": "(orders.o_orderkey = lineitem.l_orderkey)",
                                  "Plans": [
                                    {
                                      "Node Type": "Seq Scan",
                                      "Parent Relationship": "Outer",
                                      "Parallel Aware": true,
                                      "Async Capable": false,
                                      "Relation Name": "orders",
                                      "Alias": "orders",
                                      "Startup Cost": 0.0,
                                      "Total Cost": 323407.71,
                                      "Plan Rows": 6249571,
                                      "Plan Width": 8,
                                      "parent": 8,
                                      "ID": 9
                                    },
                                    {
                                      "Node Type": "Hash",
                                      "Parent Relationship": "Inner",
                                      "Parallel Aware": true,
                                      "Async Capable": false,
                                      "Startup Cost": 1810595.31,
                                      "Total Cost": 1810595.31,
                                      "Plan Rows": 28,
                                      "Plan Width": 35,
                                      "Plans": [
                                        {
                                          "Node Type": "Hash Join",
                                          "Parent Relationship": "Outer",
                                          "Parallel Aware": true,
                                          "Async Capable": false,
                                          "Join Type": "Inner",
                                          "Startup Cost": 1539620.18,
                                          "Total Cost": 1810595.31,
                                          "Plan Rows": 28,
                                          "Plan Width": 35,
                                          "Inner Unique": false,
                                          "Hash Cond": "((partsupp.ps_suppkey = lineitem.l_suppkey) AND (partsupp.ps_partkey = lineitem.l_partkey))",
                                          "Plans": [
                                            {
                                              "Node Type": "Seq Scan",
                                              "Parent Relationship": "Outer",
                                              "Parallel Aware": true,
                                              "Async Capable": false,
                                              "Relation Name": "partsupp",
                                              "Alias": "partsupp",
                                              "Startup Cost": 0.0,
                                              "Total Cost": 207718.58,
                                              "Plan Rows": 3333258,
                                              "Plan Width": 14,
                                              "parent": 11,
                                              "ID": 12
                                            },
                                            {
                                              "Node Type": "Hash",
                                              "Parent Relationship": "Inner",
                                              "Parallel Aware": true,
                                              "Async Capable": false,
                                              "Startup Cost": 1522963.02,
                                              "Total Cost": 1522963.02,
                                              "Plan Rows": 730144,
                                              "Plan Width": 33,
                                              "Plans": [
                                                {
                                                  "Node Type": "Hash Join",
                                                  "Parent Relationship": "Outer",
                                                  "Parallel Aware": true,
                                                  "Async Capable": false,
                                                  "Join Type": "Inner",
                                                  "Startup Cost": 51693.93,
                                                  "Total Cost": 1522963.02,
                                                  "Plan Rows": 730144,
                                                  "Plan Width": 33,
                                                  "Inner Unique": false,
                                                  "Hash Cond": "(lineitem.l_partkey = part.p_partkey)",
                                                  "Plans": [
                                                    {
                                                      "Node Type": "Seq Scan",
                                                      "Parent Relationship": "Outer",
                                                      "Parallel Aware": true,
                                                      "Async Capable": false,
                                                      "Relation Name": "lineitem",
                                                      "Alias": "lineitem",
                                                      "Startup Cost": 0.0,
                                                      "Total Cost": 1374494.57,
                                                      "Plan Rows": 24995257,
                                                      "Plan Width": 29,
                                                      "parent": 14,
                                                      "ID": 15
                                                    },
                                                    {
                                                      "Node Type": "Hash",
                                                      "Parent Relationship": "Inner",
                                                      "Parallel Aware": true,
                                                      "Async Capable": false,
                                                      "Startup Cost": 51378.28,
                                                      "Total Cost": 51378.28,
                                                      "Plan Rows": 25252,
                                                      "Plan Width": 4,
                                                      "Plans": [
                                                        {
                                                          "Node Type": "Seq Scan",
                                                          "Parent Relationship": "Outer",
                                                          "Parallel Aware": true,
                                                          "Async Capable": false,
                                                          "Relation Name": "part",
                                                          "Alias": "part",
                                                          "Startup Cost": 0.0,
                                                          "Total Cost": 51378.28,
                                                          "Plan Rows": 25252,
                                                          "Plan Width": 4,
                                                          "Filter": "((p_name)::text ~~ '%moccasin%'::text)",
                                                          "parent": 16,
                                                          "ID": 17
                                                        }
                                                      ],
                                                      "parent": 14,
                                                      "ID": 16,
                                                      "left": 17
                                                    }
                                                  ],
                                                  "parent": 13,
                                                  "ID": 14,
                                                  "left": 15,
                                                  "right": 16
                                                }
                                              ],
                                              "parent": 11,
                                              "ID": 13,
                                              "left": 14
                                            }
                                          ],
                                          "parent": 10,
                                          "ID": 11,
                                          "left": 12,
                                          "right": 13
                                        }
                                      ],
                                      "parent": 8,
                                      "ID": 10,
                                      "left": 11
                                    }
                                  ],
                                  "parent": 7,
                                  "ID": 8,
                                  "left": 9,
                                  "right": 10
                                }
                              ],
                              "parent": 5,
                              "ID": 7,
                              "left": 8
                            }
                          ],
                          "parent": 4,
                          "ID": 5,
                          "left": 6,
                          "right": 7
                        },
                        {
                          "Node Type": "Hash",
                          "Parent Relationship": "Inner",
                          "Parallel Aware": false,
                          "Async Capable": false,
                          "Startup Cost": 1.25,
                          "Total Cost": 1.25,
                          "Plan Rows": 25,
                          "Plan Width": 30,
                          "Plans": [
                            {
                              "Node Type": "Seq Scan",
                              "Parent Relationship": "Outer",
                              "Parallel Aware": false,
                              "Async Capable": false,
                              "Relation Name": "nation",
                              "Alias": "nation",
                              "Startup Cost": 0.0,
                              "Total Cost": 1.25,
                              "Plan Rows": 25,
                              "Plan Width": 30,
                              "parent": 18,
                              "ID": 19
                            }
                          ],
                          "parent": 4,
                          "ID": 18,
                          "left": 19
                        }
                      ],
                      "parent": 3,
                      "ID": 4,
                      "left": 5,
                      "right": 18
                    }
                  ],
                  "parent": 2,
                  "ID": 3,
                  "left": 4
                }
              ],
              "parent": 1,
              "ID": 2,
              "left": 3
            }
          ],
          "parent": 0,
          "ID": 1,
          "left": 2
        }
      ],
      "parent": null,
      "ID": 0,
      "left": 1
    },
    "feat": {
      "utility": 5.780773767239297e-07,
      "query_shape": [
        [
          "Seq Scan",
          "Hash Join",
          "Sort",
          "Aggregate",
          "Gather Merge"
        ],
        [
          "Seq Scan",
          "Hash Join",
          "Hash",
          "Sort",
          "Aggregate",
          "Gather Merge"
        ],
        [
          "Seq Scan",
          "Hash Join",
          "Hash",
          "Sort",
          "Aggregate",
          "Gather Merge"
        ],
        [
          "Seq Scan",
          "Hash Join",
          "Hash",
          "Sort",
          "Aggregate",
          "Gather Merge"
        ],
        [
          "Seq Scan",
          "Hash",
          "Hash Join",
          "Sort",
          "Aggregate",
          "Gather Merge"
        ],
        [
          "Seq Scan",
          "Hash",
          "Hash Join",
          "Sort",
          "Aggregate",
          "Gather Merge"
        ]
      ],
      "index_shape": [
        "join"
      ],
      "physical_operator": {
        "Hash Join": [
          0.00040001372870675787
        ]
      }
    }
  },
  {
    "query": "-- Functional Query Definition\n-- Approved February 1998\n\n\nselect\nnation,\no_year,\nsum(amount) as sum_profit\nfrom\n(\nselect\nn_name as nation,\nextract(year from o_orderdate) as o_year,\nl_extendedprice * (1 - l_discount) - ps_supplycost * l_quantity as amount\nfrom\npart,\nsupplier,\nlineitem,\npartsupp,\norders,\nnation\nwhere\ns_suppkey = l_suppkey\nand ps_suppkey = l_suppkey\nand ps_partkey = l_partkey\nand p_partkey = l_partkey\nand o_orderkey = l_orderkey\nand s_nationkey = n_nationkey\nand p_name like '%moccasin%'\n) as profit\ngroup by\nnation,\no_year\norder by\nnation,\no_year desc ;\n-- $ID$\n-- TPC-H/TPC-R Returned Item Reporting ",
    "indexes": "lineitem.l_partkey",
    "wo plan est": {
      "Node Type": "Aggregate",
      "Strategy": "Sorted",
      "Partial Mode": "Finalize",
      "Parallel Aware": false,
      "Async Capable": false,
      "Startup Cost": 2161468.0,
      "Total Cost": 2161475.32,
      "Plan Rows": 68,
      "Plan Width": 90,
      "Group Key": [
        "nation.n_name",
        "(EXTRACT(year FROM orders.o_orderdate))"
      ],
      "Plans": [
        {
          "Node Type": "Gather Merge",
          "Parent Relationship": "Outer",
          "Parallel Aware": false,
          "Async Capable": false,
          "Startup Cost": 2161468.0,
          "Total Cost": 2161473.9,
          "Plan Rows": 40,
          "Plan Width": 90,
          "Workers Planned": 1,
          "Plans": [
            {
              "Node Type": "Aggregate",
              "Strategy": "Sorted",
              "Partial Mode": "Partial",
              "Parent Relationship": "Outer",
              "Parallel Aware": false,
              "Async Capable": false,
              "Startup Cost": 2160467.99,
              "Total Cost": 2160469.39,
              "Plan Rows": 40,
              "Plan Width": 90,
              "Group Key": [
                "nation.n_name",
                "(EXTRACT(year FROM orders.o_orderdate))"
              ],
              "Plans": [
                {
                  "Node Type": "Sort",
                  "Parent Relationship": "Outer",
                  "Parallel Aware": false,
                  "Async Capable": false,
                  "Startup Cost": 2160467.99,
                  "Total Cost": 2160468.09,
                  "Plan Rows": 40,
                  "Plan Width": 81,
                  "Sort Key": [
                    "nation.n_name",
                    "(EXTRACT(year FROM orders.o_orderdate)) DESC"
                  ],
                  "Plans": [
                    {
                      "Node Type": "Hash Join",
                      "Parent Relationship": "Outer",
                      "Parallel Aware": false,
                      "Async Capable": false,
                      "Join Type": "Inner",
                      "Startup Cost": 2157441.29,
                      "Total Cost": 2160466.93,
                      "Plan Rows": 40,
                      "Plan Width": 81,
                      "Inner Unique": false,
                      "Hash Cond": "(supplier.s_nationkey = nation.n_nationkey)",
                      "Plans": [
                        {
                          "Node Type": "Hash Join",
                          "Parent Relationship": "Outer",
                          "Parallel Aware": true,
                          "Async Capable": false,
                          "Join Type": "Inner",
                          "Startup Cost": 2157439.73,
                          "Total Cost": 2160464.72,
                          "Plan Rows": 40,
                          "Plan Width": 31,
                          "Inner Unique": false,
                          "Hash Cond": "(supplier.s_suppkey = lineitem.l_suppkey)",
                          "Plans": [
                            {
                              "Node Type": "Seq Scan",
                              "Parent Relationship": "Outer",
                              "Parallel Aware": true,
                              "Async Capable": false,
                              "Relation Name": "supplier",
                              "Alias": "supplier",
                              "Startup Cost": 0.0,
                              "Total Cost": 2804.24,
                              "Plan Rows": 58824,
                              "Plan Width": 8,
                              "parent": 5,
                              "ID": 6
                            },
                            {
                              "Node Type": "Hash",
                              "Parent Relationship": "Inner",
                              "Parallel Aware": true,
                              "Async Capable": false,
                              "Startup Cost": 2157439.38,
                              "Total Cost": 2157439.38,
                              "Plan Rows": 28,
                              "Plan Width": 35,
                              "Plans": [
                                {
                                  "Node Type": "Hash Join",
                                  "Parent Relationship": "Outer",
                                  "Parallel Aware": true,
                                  "Async Capable": false,
                                  "Join Type": "Inner",
                                  "Startup Cost": 1810595.66,
                                  "Total Cost": 2157439.38,
                                  "Plan Rows": 28,
                                  "Plan Width": 35,
                                  "Inner Unique": false,
                                  "Hash Cond": "(orders.o_orderkey = lineitem.l_orderkey)",
                                  "Plans": [
                                    {
                                      "Node Type": "Seq Scan",
                                      "Parent Relationship": "Outer",
                                      "Parallel Aware": true,
                                      "Async Capable": false,
                                      "Relation Name": "orders",
                                      "Alias": "orders",
                                      "Startup Cost": 0.0,
                                      "Total Cost": 323407.71,
                                      "Plan Rows": 6249571,
                                      "Plan Width": 8,
                                      "parent": 8,
                                      "ID": 9
                                    },
                                    {
                                      "Node Type": "Hash",
                                      "Parent Relationship": "Inner",
                                      "Parallel Aware": true,
                                      "Async Capable": false,
                                      "Startup Cost": 1810595.31,
                                      "Total Cost": 1810595.31,
                                      "Plan Rows": 28,
                                      "Plan Width": 35,
                                      "Plans": [
                                        {
                                          "Node Type": "Hash Join",
                                          "Parent Relationship": "Outer",
                                          "Parallel Aware": true,
                                          "Async Capable": false,
                                          "Join Type": "Inner",
                                          "Startup Cost": 1539620.18,
                                          "Total Cost": 1810595.31,
                                          "Plan Rows": 28,
                                          "Plan Width": 35,
                                          "Inner Unique": false,
                                          "Hash Cond": "((partsupp.ps_suppkey = lineitem.l_suppkey) AND (partsupp.ps_partkey = lineitem.l_partkey))",
                                          "Plans": [
                                            {
                                              "Node Type": "Seq Scan",
                                              "Parent Relationship": "Outer",
                                              "Parallel Aware": true,
                                              "Async Capable": false,
                                              "Relation Name": "partsupp",
                                              "Alias": "partsupp",
                                              "Startup Cost": 0.0,
                                              "Total Cost": 207718.58,
                                              "Plan Rows": 3333258,
                                              "Plan Width": 14,
                                              "parent": 11,
                                              "ID": 12
                                            },
                                            {
                                              "Node Type": "Hash",
                                              "Parent Relationship": "Inner",
                                              "Parallel Aware": true,
                                              "Async Capable": false,
                                              "Startup Cost": 1522963.02,
                                              "Total Cost": 1522963.02,
                                              "Plan Rows": 730144,
                                              "Plan Width": 33,
                                              "Plans": [
                                                {
                                                  "Node Type": "Hash Join",
                                                  "Parent Relationship": "Outer",
                                                  "Parallel Aware": true,
                                                  "Async Capable": false,
                                                  "Join Type": "Inner",
                                                  "Startup Cost": 51693.93,
                                                  "Total Cost": 1522963.02,
                                                  "Plan Rows": 730144,
                                                  "Plan Width": 33,
                                                  "Inner Unique": false,
                                                  "Hash Cond": "(lineitem.l_partkey = part.p_partkey)",
                                                  "Plans": [
                                                    {
                                                      "Node Type": "Seq Scan",
                                                      "Parent Relationship": "Outer",
                                                      "Parallel Aware": true,
                                                      "Async Capable": false,
                                                      "Relation Name": "lineitem",
                                                      "Alias": "lineitem",
                                                      "Startup Cost": 0.0,
                                                      "Total Cost": 1374494.57,
                                                      "Plan Rows": 24995257,
                                                      "Plan Width": 29,
                                                      "parent": 14,
                                                      "ID": 15
                                                    },
                                                    {
                                                      "Node Type": "Hash",
                                                      "Parent Relationship": "Inner",
                                                      "Parallel Aware": true,
                                                      "Async Capable": false,
                                                      "Startup Cost": 51378.28,
                                                      "Total Cost": 51378.28,
                                                      "Plan Rows": 25252,
                                                      "Plan Width": 4,
                                                      "Plans": [
                                                        {
                                                          "Node Type": "Seq Scan",
                                                          "Parent Relationship": "Outer",
                                                          "Parallel Aware": true,
                                                          "Async Capable": false,
                                                          "Relation Name": "part",
                                                          "Alias": "part",
                                                          "Startup Cost": 0.0,
                                                          "Total Cost": 51378.28,
                                                          "Plan Rows": 25252,
                                                          "Plan Width": 4,
                                                          "Filter": "((p_name)::text ~~ '%moccasin%'::text)",
                                                          "parent": 16,
                                                          "ID": 17
                                                        }
                                                      ],
                                                      "parent": 14,
                                                      "ID": 16,
                                                      "left": 17
                                                    }
                                                  ],
                                                  "parent": 13,
                                                  "ID": 14,
                                                  "left": 15,
                                                  "right": 16
                                                }
                                              ],
                                              "parent": 11,
                                              "ID": 13,
                                              "left": 14
                                            }
                                          ],
                                          "parent": 10,
                                          "ID": 11,
                                          "left": 12,
                                          "right": 13
                                        }
                                      ],
                                      "parent": 8,
                                      "ID": 10,
                                      "left": 11
                                    }
                                  ],
                                  "parent": 7,
                                  "ID": 8,
                                  "left": 9,
                                  "right": 10
                                }
                              ],
                              "parent": 5,
                              "ID": 7,
                              "left": 8
                            }
                          ],
                          "parent": 4,
                          "ID": 5,
                          "left": 6,
                          "right": 7
                        },
                        {
                          "Node Type": "Hash",
                          "Parent Relationship": "Inner",
                          "Parallel Aware": false,
                          "Async Capable": false,
                          "Startup Cost": 1.25,
                          "Total Cost": 1.25,
                          "Plan Rows": 25,
                          "Plan Width": 30,
                          "Plans": [
                            {
                              "Node Type": "Seq Scan",
                              "Parent Relationship": "Outer",
                              "Parallel Aware": false,
                              "Async Capable": false,
                              "Relation Name": "nation",
                              "Alias": "nation",
                              "Startup Cost": 0.0,
                              "Total Cost": 1.25,
                              "Plan Rows": 25,
                              "Plan Width": 30,
                              "parent": 18,
                              "ID": 19
                            }
                          ],
                          "parent": 4,
                          "ID": 18,
                          "left": 19
                        }
                      ],
                      "parent": 3,
                      "ID": 4,
                      "left": 5,
                      "right": 18
                    }
                  ],
                  "parent": 2,
                  "ID": 3,
                  "left": 4
                }
              ],
              "parent": 1,
              "ID": 2,
              "left": 3
            }
          ],
          "parent": 0,
          "ID": 1,
          "left": 2
        }
      ],
      "parent": null,
      "ID": 0,
      "left": 1
    },
    "feat": {
      "utility": 1.1559934591600874e-06,
      "query_shape": [
        [
          "Seq Scan",
          "Hash Join",
          "Sort",
          "Aggregate",
          "Gather Merge"
        ],
        [
          "Seq Scan",
          "Hash Join",
          "Hash",
          "Sort",
          "Aggregate",
          "Gather Merge"
        ],
        [
          "Seq Scan",
          "Hash Join",
          "Hash",
          "Sort",
          "Aggregate",
          "Gather Merge"
        ],
        [
          "Seq Scan",
          "Hash Join",
          "Hash",
          "Sort",
          "Aggregate",
          "Gather Merge"
        ],
        [
          "Seq Scan",
          "Hash",
          "Hash Join",
          "Sort",
          "Aggregate",
          "Gather Merge"
        ],
        [
          "Seq Scan",
          "Hash",
          "Hash Join",
          "Sort",
          "Aggregate",
          "Gather Merge"
        ]
      ],
      "index_shape": [
        "join"
      ],
      "physical_operator": {
        "Hash Join": [
          3.391878524927478e-06,
          0.0010755424767096705
        ]
      }
    }
  },
  {
    "query": "-- Functional Query Definition\n-- Approved February 1998\n\n\nselect\nnation,\no_year,\nsum(amount) as sum_profit\nfrom\n(\nselect\nn_name as nation,\nextract(year from o_orderdate) as o_year,\nl_extendedprice * (1 - l_discount) - ps_supplycost * l_quantity as amount\nfrom\npart,\nsupplier,\nlineitem,\npartsupp,\norders,\nnation\nwhere\ns_suppkey = l_suppkey\nand ps_suppkey = l_suppkey\nand ps_partkey = l_partkey\nand p_partkey = l_partkey\nand o_orderkey = l_orderkey\nand s_nationkey = n_nationkey\nand p_name like '%moccasin%'\n) as profit\ngroup by\nnation,\no_year\norder by\nnation,\no_year desc ;\n-- $ID$\n-- TPC-H/TPC-R Returned Item Reporting ",
    "indexes": "lineitem.l_suppkey",
    "wo plan est": {
      "Node Type": "Aggregate",
      "Strategy": "Sorted",
      "Partial Mode": "Finalize",
      "Parallel Aware": false,
      "Async Capable": false,
      "Startup Cost": 2161468.0,
      "Total Cost": 2161475.32,
      "Plan Rows": 68,
      "Plan Width": 90,
      "Group Key": [
        "nation.n_name",
        "(EXTRACT(year FROM orders.o_orderdate))"
      ],
      "Plans": [
        {
          "Node Type": "Gather Merge",
          "Parent Relationship": "Outer",
          "Parallel Aware": false,
          "Async Capable": false,
          "Startup Cost": 2161468.0,
          "Total Cost": 2161473.9,
          "Plan Rows": 40,
          "Plan Width": 90,
          "Workers Planned": 1,
          "Plans": [
            {
              "Node Type": "Aggregate",
              "Strategy": "Sorted",
              "Partial Mode": "Partial",
              "Parent Relationship": "Outer",
              "Parallel Aware": false,
              "Async Capable": false,
              "Startup Cost": 2160467.99,
              "Total Cost": 2160469.39,
              "Plan Rows": 40,
              "Plan Width": 90,
              "Group Key": [
                "nation.n_name",
                "(EXTRACT(year FROM orders.o_orderdate))"
              ],
              "Plans": [
                {
                  "Node Type": "Sort",
                  "Parent Relationship": "Outer",
                  "Parallel Aware": false,
                  "Async Capable": false,
                  "Startup Cost": 2160467.99,
                  "Total Cost": 2160468.09,
                  "Plan Rows": 40,
                  "Plan Width": 81,
                  "Sort Key": [
                    "nation.n_name",
                    "(EXTRACT(year FROM orders.o_orderdate)) DESC"
                  ],
                  "Plans": [
                    {
                      "Node Type": "Hash Join",
                      "Parent Relationship": "Outer",
                      "Parallel Aware": false,
                      "Async Capable": false,
                      "Join Type": "Inner",
                      "Startup Cost": 2157441.29,
                      "Total Cost": 2160466.93,
                      "Plan Rows": 40,
                      "Plan Width": 81,
                      "Inner Unique": false,
                      "Hash Cond": "(supplier.s_nationkey = nation.n_nationkey)",
                      "Plans": [
                        {
                          "Node Type": "Hash Join",
                          "Parent Relationship": "Outer",
                          "Parallel Aware": true,
                          "Async Capable": false,
                          "Join Type": "Inner",
                          "Startup Cost": 2157439.73,
                          "Total Cost": 2160464.72,
                          "Plan Rows": 40,
                          "Plan Width": 31,
                          "Inner Unique": false,
                          "Hash Cond": "(supplier.s_suppkey = lineitem.l_suppkey)",
                          "Plans": [
                            {
                              "Node Type": "Seq Scan",
                              "Parent Relationship": "Outer",
                              "Parallel Aware": true,
                              "Async Capable": false,
                              "Relation Name": "supplier",
                              "Alias": "supplier",
                              "Startup Cost": 0.0,
                              "Total Cost": 2804.24,
                              "Plan Rows": 58824,
                              "Plan Width": 8,
                              "parent": 5,
                              "ID": 6
                            },
                            {
                              "Node Type": "Hash",
                              "Parent Relationship": "Inner",
                              "Parallel Aware": true,
                              "Async Capable": false,
                              "Startup Cost": 2157439.38,
                              "Total Cost": 2157439.38,
                              "Plan Rows": 28,
                              "Plan Width": 35,
                              "Plans": [
                                {
                                  "Node Type": "Hash Join",
                                  "Parent Relationship": "Outer",
                                  "Parallel Aware": true,
                                  "Async Capable": false,
                                  "Join Type": "Inner",
                                  "Startup Cost": 1810595.66,
                                  "Total Cost": 2157439.38,
                                  "Plan Rows": 28,
                                  "Plan Width": 35,
                                  "Inner Unique": false,
                                  "Hash Cond": "(orders.o_orderkey = lineitem.l_orderkey)",
                                  "Plans": [
                                    {
                                      "Node Type": "Seq Scan",
                                      "Parent Relationship": "Outer",
                                      "Parallel Aware": true,
                                      "Async Capable": false,
                                      "Relation Name": "orders",
                                      "Alias": "orders",
                                      "Startup Cost": 0.0,
                                      "Total Cost": 323407.71,
                                      "Plan Rows": 6249571,
                                      "Plan Width": 8,
                                      "parent": 8,
                                      "ID": 9
                                    },
                                    {
                                      "Node Type": "Hash",
                                      "Parent Relationship": "Inner",
                                      "Parallel Aware": true,
                                      "Async Capable": false,
                                      "Startup Cost": 1810595.31,
                                      "Total Cost": 1810595.31,
                                      "Plan Rows": 28,
                                      "Plan Width": 35,
                                      "Plans": [
                                        {
                                          "Node Type": "Hash Join",
                                          "Parent Relationship": "Outer",
                                          "Parallel Aware": true,
                                          "Async Capable": false,
                                          "Join Type": "Inner",
                                          "Startup Cost": 1539620.18,
                                          "Total Cost": 1810595.31,
                                          "Plan Rows": 28,
                                          "Plan Width": 35,
                                          "Inner Unique": false,
                                          "Hash Cond": "((partsupp.ps_suppkey = lineitem.l_suppkey) AND (partsupp.ps_partkey = lineitem.l_partkey))",
                                          "Plans": [
                                            {
                                              "Node Type": "Seq Scan",
                                              "Parent Relationship": "Outer",
                                              "Parallel Aware": true,
                                              "Async Capable": false,
                                              "Relation Name": "partsupp",
                                              "Alias": "partsupp",
                                              "Startup Cost": 0.0,
                                              "Total Cost": 207718.58,
                                              "Plan Rows": 3333258,
                                              "Plan Width": 14,
                                              "parent": 11,
                                              "ID": 12
                                            },
                                            {
                                              "Node Type": "Hash",
                                              "Parent Relationship": "Inner",
                                              "Parallel Aware": true,
                                              "Async Capable": false,
                                              "Startup Cost": 1522963.02,
                                              "Total Cost": 1522963.02,
                                              "Plan Rows": 730144,
                                              "Plan Width": 33,
                                              "Plans": [
                                                {
                                                  "Node Type": "Hash Join",
                                                  "Parent Relationship": "Outer",
                                                  "Parallel Aware": true,
                                                  "Async Capable": false,
                                                  "Join Type": "Inner",
                                                  "Startup Cost": 51693.93,
                                                  "Total Cost": 1522963.02,
                                                  "Plan Rows": 730144,
                                                  "Plan Width": 33,
                                                  "Inner Unique": false,
                                                  "Hash Cond": "(lineitem.l_partkey = part.p_partkey)",
                                                  "Plans": [
                                                    {
                                                      "Node Type": "Seq Scan",
                                                      "Parent Relationship": "Outer",
                                                      "Parallel Aware": true,
                                                      "Async Capable": false,
                                                      "Relation Name": "lineitem",
                                                      "Alias": "lineitem",
                                                      "Startup Cost": 0.0,
                                                      "Total Cost": 1374494.57,
                                                      "Plan Rows": 24995257,
                                                      "Plan Width": 29,
                                                      "parent": 14,
                                                      "ID": 15
                                                    },
                                                    {
                                                      "Node Type": "Hash",
                                                      "Parent Relationship": "Inner",
                                                      "Parallel Aware": true,
                                                      "Async Capable": false,
                                                      "Startup Cost": 51378.28,
                                                      "Total Cost": 51378.28,
                                                      "Plan Rows": 25252,
                                                      "Plan Width": 4,
                                                      "Plans": [
                                                        {
                                                          "Node Type": "Seq Scan",
                                                          "Parent Relationship": "Outer",
                                                          "Parallel Aware": true,
                                                          "Async Capable": false,
                                                          "Relation Name": "part",
                                                          "Alias": "part",
                                                          "Startup Cost": 0.0,
                                                          "Total Cost": 51378.28,
                                                          "Plan Rows": 25252,
                                                          "Plan Width": 4,
                                                          "Filter": "((p_name)::text ~~ '%moccasin%'::text)",
                                                          "parent": 16,
                                                          "ID": 17
                                                        }
                                                      ],
                                                      "parent": 14,
                                                      "ID": 16,
                                                      "left": 17
                                                    }
                                                  ],
                                                  "parent": 13,
                                                  "ID": 14,
                                                  "left": 15,
                                                  "right": 16
                                                }
                                              ],
                                              "parent": 11,
                                              "ID": 13,
                                              "left": 14
                                            }
                                          ],
                                          "parent": 10,
                                          "ID": 11,
                                          "left": 12,
                                          "right": 13
                                        }
                                      ],
                                      "parent": 8,
                                      "ID": 10,
                                      "left": 11
                                    }
                                  ],
                                  "parent": 7,
                                  "ID": 8,
                                  "left": 9,
                                  "right": 10
                                }
                              ],
                              "parent": 5,
                              "ID": 7,
                              "left": 8
                            }
                          ],
                          "parent": 4,
                          "ID": 5,
                          "left": 6,
                          "right": 7
                        },
                        {
                          "Node Type": "Hash",
                          "Parent Relationship": "Inner",
                          "Parallel Aware": false,
                          "Async Capable": false,
                          "Startup Cost": 1.25,
                          "Total Cost": 1.25,
                          "Plan Rows": 25,
                          "Plan Width": 30,
                          "Plans": [
                            {
                              "Node Type": "Seq Scan",
                              "Parent Relationship": "Outer",
                              "Parallel Aware": false,
                              "Async Capable": false,
                              "Relation Name": "nation",
                              "Alias": "nation",
                              "Startup Cost": 0.0,
                              "Total Cost": 1.25,
                              "Plan Rows": 25,
                              "Plan Width": 30,
                              "parent": 18,
                              "ID": 19
                            }
                          ],
                          "parent": 4,
                          "ID": 18,
                          "left": 19
                        }
                      ],
                      "parent": 3,
                      "ID": 4,
                      "left": 5,
                      "right": 18
                    }
                  ],
                  "parent": 2,
                  "ID": 3,
                  "left": 4
                }
              ],
              "parent": 1,
              "ID": 2,
              "left": 3
            }
          ],
          "parent": 0,
          "ID": 1,
          "left": 2
        }
      ],
      "parent": null,
      "ID": 0,
      "left": 1
    },
    "feat": {
      "utility": 1.153765529711511e-06,
      "query_shape": [
        [
          "Seq Scan",
          "Hash Join",
          "Sort",
          "Aggregate",
          "Gather Merge"
        ],
        [
          "Seq Scan",
          "Hash Join",
          "Hash",
          "Sort",
          "Aggregate",
          "Gather Merge"
        ],
        [
          "Seq Scan",
          "Hash Join",
          "Hash",
          "Sort",
          "Aggregate",
          "Gather Merge"
        ],
        [
          "Seq Scan",
          "Hash Join",
          "Hash",
          "Sort",
          "Aggregate",
          "Gather Merge"
        ],
        [
          "Seq Scan",
          "Hash",
          "Hash Join",
          "Sort",
          "Aggregate",
          "Gather Merge"
        ],
        [
          "Seq Scan",
          "Hash",
          "Hash Join",
          "Sort",
          "Aggregate",
          "Gather Merge"
        ]
      ],
      "index_shape": [
        "join"
      ],
      "physical_operator": {
        "Hash Join": [
          0.004928034090948872,
          3.391878524927478e-06
        ]
      }
    }
  },
  {
    "query": "-- Functional Query Definition\n-- Approved February 1998\n\n\nselect\nnation,\no_year,\nsum(amount) as sum_profit\nfrom\n(\nselect\nn_name as nation,\nextract(year from o_orderdate) as o_year,\nl_extendedprice * (1 - l_discount) - ps_supplycost * l_quantity as amount\nfrom\npart,\nsupplier,\nlineitem,\npartsupp,\norders,\nnation\nwhere\ns_suppkey = l_suppkey\nand ps_suppkey = l_suppkey\nand ps_partkey = l_partkey\nand p_partkey = l_partkey\nand o_orderkey = l_orderkey\nand s_nationkey = n_nationkey\nand p_name like '%moccasin%'\n) as profit\ngroup by\nnation,\no_year\norder by\nnation,\no_year desc ;\n-- $ID$\n-- TPC-H/TPC-R Returned Item Reporting ",
    "indexes": "lineitem.l_quantity",
    "wo plan est": {
      "Node Type": "Aggregate",
      "Strategy": "Sorted",
      "Partial Mode": "Finalize",
      "Parallel Aware": false,
      "Async Capable": false,
      "Startup Cost": 2161468.0,
      "Total Cost": 2161475.32,
      "Plan Rows": 68,
      "Plan Width": 90,
      "Group Key": [
        "nation.n_name",
        "(EXTRACT(year FROM orders.o_orderdate))"
      ],
      "Plans": [
        {
          "Node Type": "Gather Merge",
          "Parent Relationship": "Outer",
          "Parallel Aware": false,
          "Async Capable": false,
          "Startup Cost": 2161468.0,
          "Total Cost": 2161473.9,
          "Plan Rows": 40,
          "Plan Width": 90,
          "Workers Planned": 1,
          "Plans": [
            {
              "Node Type": "Aggregate",
              "Strategy": "Sorted",
              "Partial Mode": "Partial",
              "Parent Relationship": "Outer",
              "Parallel Aware": false,
              "Async Capable": false,
              "Startup Cost": 2160467.99,
              "Total Cost": 2160469.39,
              "Plan Rows": 40,
              "Plan Width": 90,
              "Group Key": [
                "nation.n_name",
                "(EXTRACT(year FROM orders.o_orderdate))"
              ],
              "Plans": [
                {
                  "Node Type": "Sort",
                  "Parent Relationship": "Outer",
                  "Parallel Aware": false,
                  "Async Capable": false,
                  "Startup Cost": 2160467.99,
                  "Total Cost": 2160468.09,
                  "Plan Rows": 40,
                  "Plan Width": 81,
                  "Sort Key": [
                    "nation.n_name",
                    "(EXTRACT(year FROM orders.o_orderdate)) DESC"
                  ],
                  "Plans": [
                    {
                      "Node Type": "Hash Join",
                      "Parent Relationship": "Outer",
                      "Parallel Aware": false,
                      "Async Capable": false,
                      "Join Type": "Inner",
                      "Startup Cost": 2157441.29,
                      "Total Cost": 2160466.93,
                      "Plan Rows": 40,
                      "Plan Width": 81,
                      "Inner Unique": false,
                      "Hash Cond": "(supplier.s_nationkey = nation.n_nationkey)",
                      "Plans": [
                        {
                          "Node Type": "Hash Join",
                          "Parent Relationship": "Outer",
                          "Parallel Aware": true,
                          "Async Capable": false,
                          "Join Type": "Inner",
                          "Startup Cost": 2157439.73,
                          "Total Cost": 2160464.72,
                          "Plan Rows": 40,
                          "Plan Width": 31,
                          "Inner Unique": false,
                          "Hash Cond": "(supplier.s_suppkey = lineitem.l_suppkey)",
                          "Plans": [
                            {
                              "Node Type": "Seq Scan",
                              "Parent Relationship": "Outer",
                              "Parallel Aware": true,
                              "Async Capable": false,
                              "Relation Name": "supplier",
                              "Alias": "supplier",
                              "Startup Cost": 0.0,
                              "Total Cost": 2804.24,
                              "Plan Rows": 58824,
                              "Plan Width": 8,
                              "parent": 5,
                              "ID": 6
                            },
                            {
                              "Node Type": "Hash",
                              "Parent Relationship": "Inner",
                              "Parallel Aware": true,
                              "Async Capable": false,
                              "Startup Cost": 2157439.38,
                              "Total Cost": 2157439.38,
                              "Plan Rows": 28,
                              "Plan Width": 35,
                              "Plans": [
                                {
                                  "Node Type": "Hash Join",
                                  "Parent Relationship": "Outer",
                                  "Parallel Aware": true,
                                  "Async Capable": false,
                                  "Join Type": "Inner",
                                  "Startup Cost": 1810595.66,
                                  "Total Cost": 2157439.38,
                                  "Plan Rows": 28,
                                  "Plan Width": 35,
                                  "Inner Unique": false,
                                  "Hash Cond": "(orders.o_orderkey = lineitem.l_orderkey)",
                                  "Plans": [
                                    {
                                      "Node Type": "Seq Scan",
                                      "Parent Relationship": "Outer",
                                      "Parallel Aware": true,
                                      "Async Capable": false,
                                      "Relation Name": "orders",
                                      "Alias": "orders",
                                      "Startup Cost": 0.0,
                                      "Total Cost": 323407.71,
                                      "Plan Rows": 6249571,
                                      "Plan Width": 8,
                                      "parent": 8,
                                      "ID": 9
                                    },
                                    {
                                      "Node Type": "Hash",
                                      "Parent Relationship": "Inner",
                                      "Parallel Aware": true,
                                      "Async Capable": false,
                                      "Startup Cost": 1810595.31,
                                      "Total Cost": 1810595.31,
                                      "Plan Rows": 28,
                                      "Plan Width": 35,
                                      "Plans": [
                                        {
                                          "Node Type": "Hash Join",
                                          "Parent Relationship": "Outer",
                                          "Parallel Aware": true,
                                          "Async Capable": false,
                                          "Join Type": "Inner",
                                          "Startup Cost": 1539620.18,
                                          "Total Cost": 1810595.31,
                                          "Plan Rows": 28,
                                          "Plan Width": 35,
                                          "Inner Unique": false,
                                          "Hash Cond": "((partsupp.ps_suppkey = lineitem.l_suppkey) AND (partsupp.ps_partkey = lineitem.l_partkey))",
                                          "Plans": [
                                            {
                                              "Node Type": "Seq Scan",
                                              "Parent Relationship": "Outer",
                                              "Parallel Aware": true,
                                              "Async Capable": false,
                                              "Relation Name": "partsupp",
                                              "Alias": "partsupp",
                                              "Startup Cost": 0.0,
                                              "Total Cost": 207718.58,
                                              "Plan Rows": 3333258,
                                              "Plan Width": 14,
                                              "parent": 11,
                                              "ID": 12
                                            },
                                            {
                                              "Node Type": "Hash",
                                              "Parent Relationship": "Inner",
                                              "Parallel Aware": true,
                                              "Async Capable": false,
                                              "Startup Cost": 1522963.02,
                                              "Total Cost": 1522963.02,
                                              "Plan Rows": 730144,
                                              "Plan Width": 33,
                                              "Plans": [
                                                {
                                                  "Node Type": "Hash Join",
                                                  "Parent Relationship": "Outer",
                                                  "Parallel Aware": true,
                                                  "Async Capable": false,
                                                  "Join Type": "Inner",
                                                  "Startup Cost": 51693.93,
                                                  "Total Cost": 1522963.02,
                                                  "Plan Rows": 730144,
                                                  "Plan Width": 33,
                                                  "Inner Unique": false,
                                                  "Hash Cond": "(lineitem.l_partkey = part.p_partkey)",
                                                  "Plans": [
                                                    {
                                                      "Node Type": "Seq Scan",
                                                      "Parent Relationship": "Outer",
                                                      "Parallel Aware": true,
                                                      "Async Capable": false,
                                                      "Relation Name": "lineitem",
                                                      "Alias": "lineitem",
                                                      "Startup Cost": 0.0,
                                                      "Total Cost": 1374494.57,
                                                      "Plan Rows": 24995257,
                                                      "Plan Width": 29,
                                                      "parent": 14,
                                                      "ID": 15
                                                    },
                                                    {
                                                      "Node Type": "Hash",
                                                      "Parent Relationship": "Inner",
                                                      "Parallel Aware": true,
                                                      "Async Capable": false,
                                                      "Startup Cost": 51378.28,
                                                      "Total Cost": 51378.28,
                                                      "Plan Rows": 25252,
                                                      "Plan Width": 4,
                                                      "Plans": [
                                                        {
                                                          "Node Type": "Seq Scan",
                                                          "Parent Relationship": "Outer",
                                                          "Parallel Aware": true,
                                                          "Async Capable": false,
                                                          "Relation Name": "part",
                                                          "Alias": "part",
                                                          "Startup Cost": 0.0,
                                                          "Total Cost": 51378.28,
                                                          "Plan Rows": 25252,
                                                          "Plan Width": 4,
                                                          "Filter": "((p_name)::text ~~ '%moccasin%'::text)",
                                                          "parent": 16,
                                                          "ID": 17
                                                        }
                                                      ],
                                                      "parent": 14,
                                                      "ID": 16,
                                                      "left": 17
                                                    }
                                                  ],
                                                  "parent": 13,
                                                  "ID": 14,
                                                  "left": 15,
                                                  "right": 16
                                                }
                                              ],
                                              "parent": 11,
                                              "ID": 13,
                                              "left": 14
                                            }
                                          ],
                                          "parent": 10,
                                          "ID": 11,
                                          "left": 12,
                                          "right": 13
                                        }
                                      ],
                                      "parent": 8,
                                      "ID": 10,
                                      "left": 11
                                    }
                                  ],
                                  "parent": 7,
                                  "ID": 8,
                                  "left": 9,
                                  "right": 10
                                }
                              ],
                              "parent": 5,
                              "ID": 7,
                              "left": 8
                            }
                          ],
                          "parent": 4,
                          "ID": 5,
                          "left": 6,
                          "right": 7
                        },
                        {
                          "Node Type": "Hash",
                          "Parent Relationship": "Inner",
                          "Parallel Aware": false,
                          "Async Capable": false,
                          "Startup Cost": 1.25,
                          "Total Cost": 1.25,
                          "Plan Rows": 25,
                          "Plan Width": 30,
                          "Plans": [
                            {
                              "Node Type": "Seq Scan",
                              "Parent Relationship": "Outer",
                              "Parallel Aware": false,
                              "Async Capable": false,
                              "Relation Name": "nation",
                              "Alias": "nation",
                              "Startup Cost": 0.0,
                              "Total Cost": 1.25,
                              "Plan Rows": 25,
                              "Plan Width": 30,
                              "parent": 18,
                              "ID": 19
                            }
                          ],
                          "parent": 4,
                          "ID": 18,
                          "left": 19
                        }
                      ],
                      "parent": 3,
                      "ID": 4,
                      "left": 5,
                      "right": 18
                    }
                  ],
                  "parent": 2,
                  "ID": 3,
                  "left": 4
                }
              ],
              "parent": 1,
              "ID": 2,
              "left": 3
            }
          ],
          "parent": 0,
          "ID": 1,
          "left": 2
        }
      ],
      "parent": null,
      "ID": 0,
      "left": 1
    },
    "feat": {
      "utility": 0.0,
      "query_shape": [
        [
          "Seq Scan",
          "Hash Join",
          "Sort",
          "Aggregate",
          "Gather Merge"
        ],
        [
          "Seq Scan",
          "Hash Join",
          "Hash",
          "Sort",
          "Aggregate",
          "Gather Merge"
        ],
        [
          "Seq Scan",
          "Hash Join",
          "Hash",
          "Sort",
          "Aggregate",
          "Gather Merge"
        ],
        [
          "Seq Scan",
          "Hash Join",
          "Hash",
          "Sort",
          "Aggregate",
          "Gather Merge"
        ],
        [
          "Seq Scan",
          "Hash",
          "Hash Join",
          "Sort",
          "Aggregate",
          "Gather Merge"
        ],
        [
          "Seq Scan",
          "Hash",
          "Hash Join",
          "Sort",
          "Aggregate",
          "Gather Merge"
        ]
      ],
      "index_shape": [],
      "physical_operator": {}
    }
  },
  {
    "query": "-- Functional Query Definition\n-- Approved February 1998\n\n\nselect\nnation,\no_year,\nsum(amount) as sum_profit\nfrom\n(\nselect\nn_name as nation,\nextract(year from o_orderdate) as o_year,\nl_extendedprice * (1 - l_discount) - ps_supplycost * l_quantity as amount\nfrom\npart,\nsupplier,\nlineitem,\npartsupp,\norders,\nnation\nwhere\ns_suppkey = l_suppkey\nand ps_suppkey = l_suppkey\nand ps_partkey = l_partkey\nand p_partkey = l_partkey\nand o_orderkey = l_orderkey\nand s_nationkey = n_nationkey\nand p_name like '%moccasin%'\n) as profit\ngroup by\nnation,\no_year\norder by\nnation,\no_year desc ;\n-- $ID$\n-- TPC-H/TPC-R Returned Item Reporting ",
    "indexes": "lineitem.l_extendedprice",
    "wo plan est": {
      "Node Type": "Aggregate",
      "Strategy": "Sorted",
      "Partial Mode": "Finalize",
      "Parallel Aware": false,
      "Async Capable": false,
      "Startup Cost": 2161468.0,
      "Total Cost": 2161475.32,
      "Plan Rows": 68,
      "Plan Width": 90,
      "Group Key": [
        "nation.n_name",
        "(EXTRACT(year FROM orders.o_orderdate))"
      ],
      "Plans": [
        {
          "Node Type": "Gather Merge",
          "Parent Relationship": "Outer",
          "Parallel Aware": false,
          "Async Capable": false,
          "Startup Cost": 2161468.0,
          "Total Cost": 2161473.9,
          "Plan Rows": 40,
          "Plan Width": 90,
          "Workers Planned": 1,
          "Plans": [
            {
              "Node Type": "Aggregate",
              "Strategy": "Sorted",
              "Partial Mode": "Partial",
              "Parent Relationship": "Outer",
              "Parallel Aware": false,
              "Async Capable": false,
              "Startup Cost": 2160467.99,
              "Total Cost": 2160469.39,
              "Plan Rows": 40,
              "Plan Width": 90,
              "Group Key": [
                "nation.n_name",
                "(EXTRACT(year FROM orders.o_orderdate))"
              ],
              "Plans": [
                {
                  "Node Type": "Sort",
                  "Parent Relationship": "Outer",
                  "Parallel Aware": false,
                  "Async Capable": false,
                  "Startup Cost": 2160467.99,
                  "Total Cost": 2160468.09,
                  "Plan Rows": 40,
                  "Plan Width": 81,
                  "Sort Key": [
                    "nation.n_name",
                    "(EXTRACT(year FROM orders.o_orderdate)) DESC"
                  ],
                  "Plans": [
                    {
                      "Node Type": "Hash Join",
                      "Parent Relationship": "Outer",
                      "Parallel Aware": false,
                      "Async Capable": false,
                      "Join Type": "Inner",
                      "Startup Cost": 2157441.29,
                      "Total Cost": 2160466.93,
                      "Plan Rows": 40,
                      "Plan Width": 81,
                      "Inner Unique": false,
                      "Hash Cond": "(supplier.s_nationkey = nation.n_nationkey)",
                      "Plans": [
                        {
                          "Node Type": "Hash Join",
                          "Parent Relationship": "Outer",
                          "Parallel Aware": true,
                          "Async Capable": false,
                          "Join Type": "Inner",
                          "Startup Cost": 2157439.73,
                          "Total Cost": 2160464.72,
                          "Plan Rows": 40,
                          "Plan Width": 31,
                          "Inner Unique": false,
                          "Hash Cond": "(supplier.s_suppkey = lineitem.l_suppkey)",
                          "Plans": [
                            {
                              "Node Type": "Seq Scan",
                              "Parent Relationship": "Outer",
                              "Parallel Aware": true,
                              "Async Capable": false,
                              "Relation Name": "supplier",
                              "Alias": "supplier",
                              "Startup Cost": 0.0,
                              "Total Cost": 2804.24,
                              "Plan Rows": 58824,
                              "Plan Width": 8,
                              "parent": 5,
                              "ID": 6
                            },
                            {
                              "Node Type": "Hash",
                              "Parent Relationship": "Inner",
                              "Parallel Aware": true,
                              "Async Capable": false,
                              "Startup Cost": 2157439.38,
                              "Total Cost": 2157439.38,
                              "Plan Rows": 28,
                              "Plan Width": 35,
                              "Plans": [
                                {
                                  "Node Type": "Hash Join",
                                  "Parent Relationship": "Outer",
                                  "Parallel Aware": true,
                                  "Async Capable": false,
                                  "Join Type": "Inner",
                                  "Startup Cost": 1810595.66,
                                  "Total Cost": 2157439.38,
                                  "Plan Rows": 28,
                                  "Plan Width": 35,
                                  "Inner Unique": false,
                                  "Hash Cond": "(orders.o_orderkey = lineitem.l_orderkey)",
                                  "Plans": [
                                    {
                                      "Node Type": "Seq Scan",
                                      "Parent Relationship": "Outer",
                                      "Parallel Aware": true,
                                      "Async Capable": false,
                                      "Relation Name": "orders",
                                      "Alias": "orders",
                                      "Startup Cost": 0.0,
                                      "Total Cost": 323407.71,
                                      "Plan Rows": 6249571,
                                      "Plan Width": 8,
                                      "parent": 8,
                                      "ID": 9
                                    },
                                    {
                                      "Node Type": "Hash",
                                      "Parent Relationship": "Inner",
                                      "Parallel Aware": true,
                                      "Async Capable": false,
                                      "Startup Cost": 1810595.31,
                                      "Total Cost": 1810595.31,
                                      "Plan Rows": 28,
                                      "Plan Width": 35,
                                      "Plans": [
                                        {
                                          "Node Type": "Hash Join",
                                          "Parent Relationship": "Outer",
                                          "Parallel Aware": true,
                                          "Async Capable": false,
                                          "Join Type": "Inner",
                                          "Startup Cost": 1539620.18,
                                          "Total Cost": 1810595.31,
                                          "Plan Rows": 28,
                                          "Plan Width": 35,
                                          "Inner Unique": false,
                                          "Hash Cond": "((partsupp.ps_suppkey = lineitem.l_suppkey) AND (partsupp.ps_partkey = lineitem.l_partkey))",
                                          "Plans": [
                                            {
                                              "Node Type": "Seq Scan",
                                              "Parent Relationship": "Outer",
                                              "Parallel Aware": true,
                                              "Async Capable": false,
                                              "Relation Name": "partsupp",
                                              "Alias": "partsupp",
                                              "Startup Cost": 0.0,
                                              "Total Cost": 207718.58,
                                              "Plan Rows": 3333258,
                                              "Plan Width": 14,
                                              "parent": 11,
                                              "ID": 12
                                            },
                                            {
                                              "Node Type": "Hash",
                                              "Parent Relationship": "Inner",
                                              "Parallel Aware": true,
                                              "Async Capable": false,
                                              "Startup Cost": 1522963.02,
                                              "Total Cost": 1522963.02,
                                              "Plan Rows": 730144,
                                              "Plan Width": 33,
                                              "Plans": [
                                                {
                                                  "Node Type": "Hash Join",
                                                  "Parent Relationship": "Outer",
                                                  "Parallel Aware": true,
                                                  "Async Capable": false,
                                                  "Join Type": "Inner",
                                                  "Startup Cost": 51693.93,
                                                  "Total Cost": 1522963.02,
                                                  "Plan Rows": 730144,
                                                  "Plan Width": 33,
                                                  "Inner Unique": false,
                                                  "Hash Cond": "(lineitem.l_partkey = part.p_partkey)",
                                                  "Plans": [
                                                    {
                                                      "Node Type": "Seq Scan",
                                                      "Parent Relationship": "Outer",
                                                      "Parallel Aware": true,
                                                      "Async Capable": false,
                                                      "Relation Name": "lineitem",
                                                      "Alias": "lineitem",
                                                      "Startup Cost": 0.0,
                                                      "Total Cost": 1374494.57,
                                                      "Plan Rows": 24995257,
                                                      "Plan Width": 29,
                                                      "parent": 14,
                                                      "ID": 15
                                                    },
                                                    {
                                                      "Node Type": "Hash",
                                                      "Parent Relationship": "Inner",
                                                      "Parallel Aware": true,
                                                      "Async Capable": false,
                                                      "Startup Cost": 51378.28,
                                                      "Total Cost": 51378.28,
                                                      "Plan Rows": 25252,
                                                      "Plan Width": 4,
                                                      "Plans": [
                                                        {
                                                          "Node Type": "Seq Scan",
                                                          "Parent Relationship": "Outer",
                                                          "Parallel Aware": true,
                                                          "Async Capable": false,
                                                          "Relation Name": "part",
                                                          "Alias": "part",
                                                          "Startup Cost": 0.0,
                                                          "Total Cost": 51378.28,
                                                          "Plan Rows": 25252,
                                                          "Plan Width": 4,
                                                          "Filter": "((p_name)::text ~~ '%moccasin%'::text)",
                                                          "parent": 16,
                                                          "ID": 17
                                                        }
                                                      ],
                                                      "parent": 14,
                                                      "ID": 16,
                                                      "left": 17
                                                    }
                                                  ],
                                                  "parent": 13,
                                                  "ID": 14,
                                                  "left": 15,
                                                  "right": 16
                                                }
                                              ],
                                              "parent": 11,
                                              "ID": 13,
                                              "left": 14
                                            }
                                          ],
                                          "parent": 10,
                                          "ID": 11,
                                          "left": 12,
                                          "right": 13
                                        }
                                      ],
                                      "parent": 8,
                                      "ID": 10,
                                      "left": 11
                                    }
                                  ],
                                  "parent": 7,
                                  "ID": 8,
                                  "left": 9,
                                  "right": 10
                                }
                              ],
                              "parent": 5,
                              "ID": 7,
                              "left": 8
                            }
                          ],
                          "parent": 4,
                          "ID": 5,
                          "left": 6,
                          "right": 7
                        },
                        {
                          "Node Type": "Hash",
                          "Parent Relationship": "Inner",
                          "Parallel Aware": false,
                          "Async Capable": false,
                          "Startup Cost": 1.25,
                          "Total Cost": 1.25,
                          "Plan Rows": 25,
                          "Plan Width": 30,
                          "Plans": [
                            {
                              "Node Type": "Seq Scan",
                              "Parent Relationship": "Outer",
                              "Parallel Aware": false,
                              "Async Capable": false,
                              "Relation Name": "nation",
                              "Alias": "nation",
                              "Startup Cost": 0.0,
                              "Total Cost": 1.25,
                              "Plan Rows": 25,
                              "Plan Width": 30,
                              "parent": 18,
                              "ID": 19
                            }
                          ],
                          "parent": 4,
                          "ID": 18,
                          "left": 19
                        }
                      ],
                      "parent": 3,
                      "ID": 4,
                      "left": 5,
                      "right": 18
                    }
                  ],
                  "parent": 2,
                  "ID": 3,
                  "left": 4
                }
              ],
              "parent": 1,
              "ID": 2,
              "left": 3
            }
          ],
          "parent": 0,
          "ID": 1,
          "left": 2
        }
      ],
      "parent": null,
      "ID": 0,
      "left": 1
    },
    "feat": {
      "utility": 0.0,
      "query_shape": [
        [
          "Seq Scan",
          "Hash Join",
          "Sort",
          "Aggregate",
          "Gather Merge"
        ],
        [
          "Seq Scan",
          "Hash Join",
          "Hash",
          "Sort",
          "Aggregate",
          "Gather Merge"
        ],
        [
          "Seq Scan",
          "Hash Join",
          "Hash",
          "Sort",
          "Aggregate",
          "Gather Merge"
        ],
        [
          "Seq Scan",
          "Hash Join",
          "Hash",
          "Sort",
          "Aggregate",
          "Gather Merge"
        ],
        [
          "Seq Scan",
          "Hash",
          "Hash Join",
          "Sort",
          "Aggregate",
          "Gather Merge"
        ],
        [
          "Seq Scan",
          "Hash",
          "Hash Join",
          "Sort",
          "Aggregate",
          "Gather Merge"
        ]
      ],
      "index_shape": [],
      "physical_operator": {}
    }
  },
  {
    "query": "-- Functional Query Definition\n-- Approved February 1998\n\n\nselect\nnation,\no_year,\nsum(amount) as sum_profit\nfrom\n(\nselect\nn_name as nation,\nextract(year from o_orderdate) as o_year,\nl_extendedprice * (1 - l_discount) - ps_supplycost * l_quantity as amount\nfrom\npart,\nsupplier,\nlineitem,\npartsupp,\norders,\nnation\nwhere\ns_suppkey = l_suppkey\nand ps_suppkey = l_suppkey\nand ps_partkey = l_partkey\nand p_partkey = l_partkey\nand o_orderkey = l_orderkey\nand s_nationkey = n_nationkey\nand p_name like '%moccasin%'\n) as profit\ngroup by\nnation,\no_year\norder by\nnation,\no_year desc ;\n-- $ID$\n-- TPC-H/TPC-R Returned Item Reporting ",
    "indexes": "lineitem.l_discount",
    "wo plan est": {
      "Node Type": "Aggregate",
      "Strategy": "Sorted",
      "Partial Mode": "Finalize",
      "Parallel Aware": false,
      "Async Capable": false,
      "Startup Cost": 2161468.0,
      "Total Cost": 2161475.32,
      "Plan Rows": 68,
      "Plan Width": 90,
      "Group Key": [
        "nation.n_name",
        "(EXTRACT(year FROM orders.o_orderdate))"
      ],
      "Plans": [
        {
          "Node Type": "Gather Merge",
          "Parent Relationship": "Outer",
          "Parallel Aware": false,
          "Async Capable": false,
          "Startup Cost": 2161468.0,
          "Total Cost": 2161473.9,
          "Plan Rows": 40,
          "Plan Width": 90,
          "Workers Planned": 1,
          "Plans": [
            {
              "Node Type": "Aggregate",
              "Strategy": "Sorted",
              "Partial Mode": "Partial",
              "Parent Relationship": "Outer",
              "Parallel Aware": false,
              "Async Capable": false,
              "Startup Cost": 2160467.99,
              "Total Cost": 2160469.39,
              "Plan Rows": 40,
              "Plan Width": 90,
              "Group Key": [
                "nation.n_name",
                "(EXTRACT(year FROM orders.o_orderdate))"
              ],
              "Plans": [
                {
                  "Node Type": "Sort",
                  "Parent Relationship": "Outer",
                  "Parallel Aware": false,
                  "Async Capable": false,
                  "Startup Cost": 2160467.99,
                  "Total Cost": 2160468.09,
                  "Plan Rows": 40,
                  "Plan Width": 81,
                  "Sort Key": [
                    "nation.n_name",
                    "(EXTRACT(year FROM orders.o_orderdate)) DESC"
                  ],
                  "Plans": [
                    {
                      "Node Type": "Hash Join",
                      "Parent Relationship": "Outer",
                      "Parallel Aware": false,
                      "Async Capable": false,
                      "Join Type": "Inner",
                      "Startup Cost": 2157441.29,
                      "Total Cost": 2160466.93,
                      "Plan Rows": 40,
                      "Plan Width": 81,
                      "Inner Unique": false,
                      "Hash Cond": "(supplier.s_nationkey = nation.n_nationkey)",
                      "Plans": [
                        {
                          "Node Type": "Hash Join",
                          "Parent Relationship": "Outer",
                          "Parallel Aware": true,
                          "Async Capable": false,
                          "Join Type": "Inner",
                          "Startup Cost": 2157439.73,
                          "Total Cost": 2160464.72,
                          "Plan Rows": 40,
                          "Plan Width": 31,
                          "Inner Unique": false,
                          "Hash Cond": "(supplier.s_suppkey = lineitem.l_suppkey)",
                          "Plans": [
                            {
                              "Node Type": "Seq Scan",
                              "Parent Relationship": "Outer",
                              "Parallel Aware": true,
                              "Async Capable": false,
                              "Relation Name": "supplier",
                              "Alias": "supplier",
                              "Startup Cost": 0.0,
                              "Total Cost": 2804.24,
                              "Plan Rows": 58824,
                              "Plan Width": 8,
                              "parent": 5,
                              "ID": 6
                            },
                            {
                              "Node Type": "Hash",
                              "Parent Relationship": "Inner",
                              "Parallel Aware": true,
                              "Async Capable": false,
                              "Startup Cost": 2157439.38,
                              "Total Cost": 2157439.38,
                              "Plan Rows": 28,
                              "Plan Width": 35,
                              "Plans": [
                                {
                                  "Node Type": "Hash Join",
                                  "Parent Relationship": "Outer",
                                  "Parallel Aware": true,
                                  "Async Capable": false,
                                  "Join Type": "Inner",
                                  "Startup Cost": 1810595.66,
                                  "Total Cost": 2157439.38,
                                  "Plan Rows": 28,
                                  "Plan Width": 35,
                                  "Inner Unique": false,
                                  "Hash Cond": "(orders.o_orderkey = lineitem.l_orderkey)",
                                  "Plans": [
                                    {
                                      "Node Type": "Seq Scan",
                                      "Parent Relationship": "Outer",
                                      "Parallel Aware": true,
                                      "Async Capable": false,
                                      "Relation Name": "orders",
                                      "Alias": "orders",
                                      "Startup Cost": 0.0,
                                      "Total Cost": 323407.71,
                                      "Plan Rows": 6249571,
                                      "Plan Width": 8,
                                      "parent": 8,
                                      "ID": 9
                                    },
                                    {
                                      "Node Type": "Hash",
                                      "Parent Relationship": "Inner",
                                      "Parallel Aware": true,
                                      "Async Capable": false,
                                      "Startup Cost": 1810595.31,
                                      "Total Cost": 1810595.31,
                                      "Plan Rows": 28,
                                      "Plan Width": 35,
                                      "Plans": [
                                        {
                                          "Node Type": "Hash Join",
                                          "Parent Relationship": "Outer",
                                          "Parallel Aware": true,
                                          "Async Capable": false,
                                          "Join Type": "Inner",
                                          "Startup Cost": 1539620.18,
                                          "Total Cost": 1810595.31,
                                          "Plan Rows": 28,
                                          "Plan Width": 35,
                                          "Inner Unique": false,
                                          "Hash Cond": "((partsupp.ps_suppkey = lineitem.l_suppkey) AND (partsupp.ps_partkey = lineitem.l_partkey))",
                                          "Plans": [
                                            {
                                              "Node Type": "Seq Scan",
                                              "Parent Relationship": "Outer",
                                              "Parallel Aware": true,
                                              "Async Capable": false,
                                              "Relation Name": "partsupp",
                                              "Alias": "partsupp",
                                              "Startup Cost": 0.0,
                                              "Total Cost": 207718.58,
                                              "Plan Rows": 3333258,
                                              "Plan Width": 14,
                                              "parent": 11,
                                              "ID": 12
                                            },
                                            {
                                              "Node Type": "Hash",
                                              "Parent Relationship": "Inner",
                                              "Parallel Aware": true,
                                              "Async Capable": false,
                                              "Startup Cost": 1522963.02,
                                              "Total Cost": 1522963.02,
                                              "Plan Rows": 730144,
                                              "Plan Width": 33,
                                              "Plans": [
                                                {
                                                  "Node Type": "Hash Join",
                                                  "Parent Relationship": "Outer",
                                                  "Parallel Aware": true,
                                                  "Async Capable": false,
                                                  "Join Type": "Inner",
                                                  "Startup Cost": 51693.93,
                                                  "Total Cost": 1522963.02,
                                                  "Plan Rows": 730144,
                                                  "Plan Width": 33,
                                                  "Inner Unique": false,
                                                  "Hash Cond": "(lineitem.l_partkey = part.p_partkey)",
                                                  "Plans": [
                                                    {
                                                      "Node Type": "Seq Scan",
                                                      "Parent Relationship": "Outer",
                                                      "Parallel Aware": true,
                                                      "Async Capable": false,
                                                      "Relation Name": "lineitem",
                                                      "Alias": "lineitem",
                                                      "Startup Cost": 0.0,
                                                      "Total Cost": 1374494.57,
                                                      "Plan Rows": 24995257,
                                                      "Plan Width": 29,
                                                      "parent": 14,
                                                      "ID": 15
                                                    },
                                                    {
                                                      "Node Type": "Hash",
                                                      "Parent Relationship": "Inner",
                                                      "Parallel Aware": true,
                                                      "Async Capable": false,
                                                      "Startup Cost": 51378.28,
                                                      "Total Cost": 51378.28,
                                                      "Plan Rows": 25252,
                                                      "Plan Width": 4,
                                                      "Plans": [
                                                        {
                                                          "Node Type": "Seq Scan",
                                                          "Parent Relationship": "Outer",
                                                          "Parallel Aware": true,
                                                          "Async Capable": false,
                                                          "Relation Name": "part",
                                                          "Alias": "part",
                                                          "Startup Cost": 0.0,
                                                          "Total Cost": 51378.28,
                                                          "Plan Rows": 25252,
                                                          "Plan Width": 4,
                                                          "Filter": "((p_name)::text ~~ '%moccasin%'::text)",
                                                          "parent": 16,
                                                          "ID": 17
                                                        }
                                                      ],
                                                      "parent": 14,
                                                      "ID": 16,
                                                      "left": 17
                                                    }
                                                  ],
                                                  "parent": 13,
                                                  "ID": 14,
                                                  "left": 15,
                                                  "right": 16
                                                }
                                              ],
                                              "parent": 11,
                                              "ID": 13,
                                              "left": 14
                                            }
                                          ],
                                          "parent": 10,
                                          "ID": 11,
                                          "left": 12,
                                          "right": 13
                                        }
                                      ],
                                      "parent": 8,
                                      "ID": 10,
                                      "left": 11
                                    }
                                  ],
                                  "parent": 7,
                                  "ID": 8,
                                  "left": 9,
                                  "right": 10
                                }
                              ],
                              "parent": 5,
                              "ID": 7,
                              "left": 8
                            }
                          ],
                          "parent": 4,
                          "ID": 5,
                          "left": 6,
                          "right": 7
                        },
                        {
                          "Node Type": "Hash",
                          "Parent Relationship": "Inner",
                          "Parallel Aware": false,
                          "Async Capable": false,
                          "Startup Cost": 1.25,
                          "Total Cost": 1.25,
                          "Plan Rows": 25,
                          "Plan Width": 30,
                          "Plans": [
                            {
                              "Node Type": "Seq Scan",
                              "Parent Relationship": "Outer",
                              "Parallel Aware": false,
                              "Async Capable": false,
                              "Relation Name": "nation",
                              "Alias": "nation",
                              "Startup Cost": 0.0,
                              "Total Cost": 1.25,
                              "Plan Rows": 25,
                              "Plan Width": 30,
                              "parent": 18,
                              "ID": 19
                            }
                          ],
                          "parent": 4,
                          "ID": 18,
                          "left": 19
                        }
                      ],
                      "parent": 3,
                      "ID": 4,
                      "left": 5,
                      "right": 18
                    }
                  ],
                  "parent": 2,
                  "ID": 3,
                  "left": 4
                }
              ],
              "parent": 1,
              "ID": 2,
              "left": 3
            }
          ],
          "parent": 0,
          "ID": 1,
          "left": 2
        }
      ],
      "parent": null,
      "ID": 0,
      "left": 1
    },
    "feat": {
      "utility": 0.0,
      "query_shape": [
        [
          "Seq Scan",
          "Hash Join",
          "Sort",
          "Aggregate",
          "Gather Merge"
        ],
        [
          "Seq Scan",
          "Hash Join",
          "Hash",
          "Sort",
          "Aggregate",
          "Gather Merge"
        ],
        [
          "Seq Scan",
          "Hash Join",
          "Hash",
          "Sort",
          "Aggregate",
          "Gather Merge"
        ],
        [
          "Seq Scan",
          "Hash Join",
          "Hash",
          "Sort",
          "Aggregate",
          "Gather Merge"
        ],
        [
          "Seq Scan",
          "Hash",
          "Hash Join",
          "Sort",
          "Aggregate",
          "Gather Merge"
        ],
        [
          "Seq Scan",
          "Hash",
          "Hash Join",
          "Sort",
          "Aggregate",
          "Gather Merge"
        ]
      ],
      "index_shape": [],
      "physical_operator": {}
    }
  },
  {
    "query": "-- Functional Query Definition\n-- Approved February 1998\n\n\nselect\nnation,\no_year,\nsum(amount) as sum_profit\nfrom\n(\nselect\nn_name as nation,\nextract(year from o_orderdate) as o_year,\nl_extendedprice * (1 - l_discount) - ps_supplycost * l_quantity as amount\nfrom\npart,\nsupplier,\nlineitem,\npartsupp,\norders,\nnation\nwhere\ns_suppkey = l_suppkey\nand ps_suppkey = l_suppkey\nand ps_partkey = l_partkey\nand p_partkey = l_partkey\nand o_orderkey = l_orderkey\nand s_nationkey = n_nationkey\nand p_name like '%moccasin%'\n) as profit\ngroup by\nnation,\no_year\norder by\nnation,\no_year desc ;\n-- $ID$\n-- TPC-H/TPC-R Returned Item Reporting ",
    "indexes": "nation.n_nationkey",
    "wo plan est": {
      "Node Type": "Aggregate",
      "Strategy": "Sorted",
      "Partial Mode": "Finalize",
      "Parallel Aware": false,
      "Async Capable": false,
      "Startup Cost": 2161468.0,
      "Total Cost": 2161475.32,
      "Plan Rows": 68,
      "Plan Width": 90,
      "Group Key": [
        "nation.n_name",
        "(EXTRACT(year FROM orders.o_orderdate))"
      ],
      "Plans": [
        {
          "Node Type": "Gather Merge",
          "Parent Relationship": "Outer",
          "Parallel Aware": false,
          "Async Capable": false,
          "Startup Cost": 2161468.0,
          "Total Cost": 2161473.9,
          "Plan Rows": 40,
          "Plan Width": 90,
          "Workers Planned": 1,
          "Plans": [
            {
              "Node Type": "Aggregate",
              "Strategy": "Sorted",
              "Partial Mode": "Partial",
              "Parent Relationship": "Outer",
              "Parallel Aware": false,
              "Async Capable": false,
              "Startup Cost": 2160467.99,
              "Total Cost": 2160469.39,
              "Plan Rows": 40,
              "Plan Width": 90,
              "Group Key": [
                "nation.n_name",
                "(EXTRACT(year FROM orders.o_orderdate))"
              ],
              "Plans": [
                {
                  "Node Type": "Sort",
                  "Parent Relationship": "Outer",
                  "Parallel Aware": false,
                  "Async Capable": false,
                  "Startup Cost": 2160467.99,
                  "Total Cost": 2160468.09,
                  "Plan Rows": 40,
                  "Plan Width": 81,
                  "Sort Key": [
                    "nation.n_name",
                    "(EXTRACT(year FROM orders.o_orderdate)) DESC"
                  ],
                  "Plans": [
                    {
                      "Node Type": "Hash Join",
                      "Parent Relationship": "Outer",
                      "Parallel Aware": false,
                      "Async Capable": false,
                      "Join Type": "Inner",
                      "Startup Cost": 2157441.29,
                      "Total Cost": 2160466.93,
                      "Plan Rows": 40,
                      "Plan Width": 81,
                      "Inner Unique": false,
                      "Hash Cond": "(supplier.s_nationkey = nation.n_nationkey)",
                      "Plans": [
                        {
                          "Node Type": "Hash Join",
                          "Parent Relationship": "Outer",
                          "Parallel Aware": true,
                          "Async Capable": false,
                          "Join Type": "Inner",
                          "Startup Cost": 2157439.73,
                          "Total Cost": 2160464.72,
                          "Plan Rows": 40,
                          "Plan Width": 31,
                          "Inner Unique": false,
                          "Hash Cond": "(supplier.s_suppkey = lineitem.l_suppkey)",
                          "Plans": [
                            {
                              "Node Type": "Seq Scan",
                              "Parent Relationship": "Outer",
                              "Parallel Aware": true,
                              "Async Capable": false,
                              "Relation Name": "supplier",
                              "Alias": "supplier",
                              "Startup Cost": 0.0,
                              "Total Cost": 2804.24,
                              "Plan Rows": 58824,
                              "Plan Width": 8,
                              "parent": 5,
                              "ID": 6
                            },
                            {
                              "Node Type": "Hash",
                              "Parent Relationship": "Inner",
                              "Parallel Aware": true,
                              "Async Capable": false,
                              "Startup Cost": 2157439.38,
                              "Total Cost": 2157439.38,
                              "Plan Rows": 28,
                              "Plan Width": 35,
                              "Plans": [
                                {
                                  "Node Type": "Hash Join",
                                  "Parent Relationship": "Outer",
                                  "Parallel Aware": true,
                                  "Async Capable": false,
                                  "Join Type": "Inner",
                                  "Startup Cost": 1810595.66,
                                  "Total Cost": 2157439.38,
                                  "Plan Rows": 28,
                                  "Plan Width": 35,
                                  "Inner Unique": false,
                                  "Hash Cond": "(orders.o_orderkey = lineitem.l_orderkey)",
                                  "Plans": [
                                    {
                                      "Node Type": "Seq Scan",
                                      "Parent Relationship": "Outer",
                                      "Parallel Aware": true,
                                      "Async Capable": false,
                                      "Relation Name": "orders",
                                      "Alias": "orders",
                                      "Startup Cost": 0.0,
                                      "Total Cost": 323407.71,
                                      "Plan Rows": 6249571,
                                      "Plan Width": 8,
                                      "parent": 8,
                                      "ID": 9
                                    },
                                    {
                                      "Node Type": "Hash",
                                      "Parent Relationship": "Inner",
                                      "Parallel Aware": true,
                                      "Async Capable": false,
                                      "Startup Cost": 1810595.31,
                                      "Total Cost": 1810595.31,
                                      "Plan Rows": 28,
                                      "Plan Width": 35,
                                      "Plans": [
                                        {
                                          "Node Type": "Hash Join",
                                          "Parent Relationship": "Outer",
                                          "Parallel Aware": true,
                                          "Async Capable": false,
                                          "Join Type": "Inner",
                                          "Startup Cost": 1539620.18,
                                          "Total Cost": 1810595.31,
                                          "Plan Rows": 28,
                                          "Plan Width": 35,
                                          "Inner Unique": false,
                                          "Hash Cond": "((partsupp.ps_suppkey = lineitem.l_suppkey) AND (partsupp.ps_partkey = lineitem.l_partkey))",
                                          "Plans": [
                                            {
                                              "Node Type": "Seq Scan",
                                              "Parent Relationship": "Outer",
                                              "Parallel Aware": true,
                                              "Async Capable": false,
                                              "Relation Name": "partsupp",
                                              "Alias": "partsupp",
                                              "Startup Cost": 0.0,
                                              "Total Cost": 207718.58,
                                              "Plan Rows": 3333258,
                                              "Plan Width": 14,
                                              "parent": 11,
                                              "ID": 12
                                            },
                                            {
                                              "Node Type": "Hash",
                                              "Parent Relationship": "Inner",
                                              "Parallel Aware": true,
                                              "Async Capable": false,
                                              "Startup Cost": 1522963.02,
                                              "Total Cost": 1522963.02,
                                              "Plan Rows": 730144,
                                              "Plan Width": 33,
                                              "Plans": [
                                                {
                                                  "Node Type": "Hash Join",
                                                  "Parent Relationship": "Outer",
                                                  "Parallel Aware": true,
                                                  "Async Capable": false,
                                                  "Join Type": "Inner",
                                                  "Startup Cost": 51693.93,
                                                  "Total Cost": 1522963.02,
                                                  "Plan Rows": 730144,
                                                  "Plan Width": 33,
                                                  "Inner Unique": false,
                                                  "Hash Cond": "(lineitem.l_partkey = part.p_partkey)",
                                                  "Plans": [
                                                    {
                                                      "Node Type": "Seq Scan",
                                                      "Parent Relationship": "Outer",
                                                      "Parallel Aware": true,
                                                      "Async Capable": false,
                                                      "Relation Name": "lineitem",
                                                      "Alias": "lineitem",
                                                      "Startup Cost": 0.0,
                                                      "Total Cost": 1374494.57,
                                                      "Plan Rows": 24995257,
                                                      "Plan Width": 29,
                                                      "parent": 14,
                                                      "ID": 15
                                                    },
                                                    {
                                                      "Node Type": "Hash",
                                                      "Parent Relationship": "Inner",
                                                      "Parallel Aware": true,
                                                      "Async Capable": false,
                                                      "Startup Cost": 51378.28,
                                                      "Total Cost": 51378.28,
                                                      "Plan Rows": 25252,
                                                      "Plan Width": 4,
                                                      "Plans": [
                                                        {
                                                          "Node Type": "Seq Scan",
                                                          "Parent Relationship": "Outer",
                                                          "Parallel Aware": true,
                                                          "Async Capable": false,
                                                          "Relation Name": "part",
                                                          "Alias": "part",
                                                          "Startup Cost": 0.0,
                                                          "Total Cost": 51378.28,
                                                          "Plan Rows": 25252,
                                                          "Plan Width": 4,
                                                          "Filter": "((p_name)::text ~~ '%moccasin%'::text)",
                                                          "parent": 16,
                                                          "ID": 17
                                                        }
                                                      ],
                                                      "parent": 14,
                                                      "ID": 16,
                                                      "left": 17
                                                    }
                                                  ],
                                                  "parent": 13,
                                                  "ID": 14,
                                                  "left": 15,
                                                  "right": 16
                                                }
                                              ],
                                              "parent": 11,
                                              "ID": 13,
                                              "left": 14
                                            }
                                          ],
                                          "parent": 10,
                                          "ID": 11,
                                          "left": 12,
                                          "right": 13
                                        }
                                      ],
                                      "parent": 8,
                                      "ID": 10,
                                      "left": 11
                                    }
                                  ],
                                  "parent": 7,
                                  "ID": 8,
                                  "left": 9,
                                  "right": 10
                                }
                              ],
                              "parent": 5,
                              "ID": 7,
                              "left": 8
                            }
                          ],
                          "parent": 4,
                          "ID": 5,
                          "left": 6,
                          "right": 7
                        },
                        {
                          "Node Type": "Hash",
                          "Parent Relationship": "Inner",
                          "Parallel Aware": false,
                          "Async Capable": false,
                          "Startup Cost": 1.25,
                          "Total Cost": 1.25,
                          "Plan Rows": 25,
                          "Plan Width": 30,
                          "Plans": [
                            {
                              "Node Type": "Seq Scan",
                              "Parent Relationship": "Outer",
                              "Parallel Aware": false,
                              "Async Capable": false,
                              "Relation Name": "nation",
                              "Alias": "nation",
                              "Startup Cost": 0.0,
                              "Total Cost": 1.25,
                              "Plan Rows": 25,
                              "Plan Width": 30,
                              "parent": 18,
                              "ID": 19
                            }
                          ],
                          "parent": 4,
                          "ID": 18,
                          "left": 19
                        }
                      ],
                      "parent": 3,
                      "ID": 4,
                      "left": 5,
                      "right": 18
                    }
                  ],
                  "parent": 2,
                  "ID": 3,
                  "left": 4
                }
              ],
              "parent": 1,
              "ID": 2,
              "left": 3
            }
          ],
          "parent": 0,
          "ID": 1,
          "left": 2
        }
      ],
      "parent": null,
      "ID": 0,
      "left": 1
    },
    "feat": {
      "utility": 4.626469665172953e-07,
      "query_shape": [
        [
          "Seq Scan",
          "Hash Join",
          "Sort",
          "Aggregate",
          "Gather Merge"
        ],
        [
          "Seq Scan",
          "Hash Join",
          "Hash",
          "Sort",
          "Aggregate",
          "Gather Merge"
        ],
        [
          "Seq Scan",
          "Hash Join",
          "Hash",
          "Sort",
          "Aggregate",
          "Gather Merge"
        ],
        [
          "Seq Scan",
          "Hash Join",
          "Hash",
          "Sort",
          "Aggregate",
          "Gather Merge"
        ],
        [
          "Seq Scan",
          "Hash",
          "Hash Join",
          "Sort",
          "Aggregate",
          "Gather Merge"
        ],
        [
          "Seq Scan",
          "Hash",
          "Hash Join",
          "Sort",
          "Aggregate",
          "Gather Merge"
        ]
      ],
      "index_shape": [
        "join"
      ],
      "physical_operator": {
        "Hash Join": [
          0.2
        ]
      }
    }
  },
  {
    "query": "-- Functional Query Definition\n-- Approved February 1998\n\n\nselect\nnation,\no_year,\nsum(amount) as sum_profit\nfrom\n(\nselect\nn_name as nation,\nextract(year from o_orderdate) as o_year,\nl_extendedprice * (1 - l_discount) - ps_supplycost * l_quantity as amount\nfrom\npart,\nsupplier,\nlineitem,\npartsupp,\norders,\nnation\nwhere\ns_suppkey = l_suppkey\nand ps_suppkey = l_suppkey\nand ps_partkey = l_partkey\nand p_partkey = l_partkey\nand o_orderkey = l_orderkey\nand s_nationkey = n_nationkey\nand p_name like '%moccasin%'\n) as profit\ngroup by\nnation,\no_year\norder by\nnation,\no_year desc ;\n-- $ID$\n-- TPC-H/TPC-R Returned Item Reporting ",
    "indexes": "nation.n_name",
    "wo plan est": {
      "Node Type": "Aggregate",
      "Strategy": "Sorted",
      "Partial Mode": "Finalize",
      "Parallel Aware": false,
      "Async Capable": false,
      "Startup Cost": 2161468.0,
      "Total Cost": 2161475.32,
      "Plan Rows": 68,
      "Plan Width": 90,
      "Group Key": [
        "nation.n_name",
        "(EXTRACT(year FROM orders.o_orderdate))"
      ],
      "Plans": [
        {
          "Node Type": "Gather Merge",
          "Parent Relationship": "Outer",
          "Parallel Aware": false,
          "Async Capable": false,
          "Startup Cost": 2161468.0,
          "Total Cost": 2161473.9,
          "Plan Rows": 40,
          "Plan Width": 90,
          "Workers Planned": 1,
          "Plans": [
            {
              "Node Type": "Aggregate",
              "Strategy": "Sorted",
              "Partial Mode": "Partial",
              "Parent Relationship": "Outer",
              "Parallel Aware": false,
              "Async Capable": false,
              "Startup Cost": 2160467.99,
              "Total Cost": 2160469.39,
              "Plan Rows": 40,
              "Plan Width": 90,
              "Group Key": [
                "nation.n_name",
                "(EXTRACT(year FROM orders.o_orderdate))"
              ],
              "Plans": [
                {
                  "Node Type": "Sort",
                  "Parent Relationship": "Outer",
                  "Parallel Aware": false,
                  "Async Capable": false,
                  "Startup Cost": 2160467.99,
                  "Total Cost": 2160468.09,
                  "Plan Rows": 40,
                  "Plan Width": 81,
                  "Sort Key": [
                    "nation.n_name",
                    "(EXTRACT(year FROM orders.o_orderdate)) DESC"
                  ],
                  "Plans": [
                    {
                      "Node Type": "Hash Join",
                      "Parent Relationship": "Outer",
                      "Parallel Aware": false,
                      "Async Capable": false,
                      "Join Type": "Inner",
                      "Startup Cost": 2157441.29,
                      "Total Cost": 2160466.93,
                      "Plan Rows": 40,
                      "Plan Width": 81,
                      "Inner Unique": false,
                      "Hash Cond": "(supplier.s_nationkey = nation.n_nationkey)",
                      "Plans": [
                        {
                          "Node Type": "Hash Join",
                          "Parent Relationship": "Outer",
                          "Parallel Aware": true,
                          "Async Capable": false,
                          "Join Type": "Inner",
                          "Startup Cost": 2157439.73,
                          "Total Cost": 2160464.72,
                          "Plan Rows": 40,
                          "Plan Width": 31,
                          "Inner Unique": false,
                          "Hash Cond": "(supplier.s_suppkey = lineitem.l_suppkey)",
                          "Plans": [
                            {
                              "Node Type": "Seq Scan",
                              "Parent Relationship": "Outer",
                              "Parallel Aware": true,
                              "Async Capable": false,
                              "Relation Name": "supplier",
                              "Alias": "supplier",
                              "Startup Cost": 0.0,
                              "Total Cost": 2804.24,
                              "Plan Rows": 58824,
                              "Plan Width": 8,
                              "parent": 5,
                              "ID": 6
                            },
                            {
                              "Node Type": "Hash",
                              "Parent Relationship": "Inner",
                              "Parallel Aware": true,
                              "Async Capable": false,
                              "Startup Cost": 2157439.38,
                              "Total Cost": 2157439.38,
                              "Plan Rows": 28,
                              "Plan Width": 35,
                              "Plans": [
                                {
                                  "Node Type": "Hash Join",
                                  "Parent Relationship": "Outer",
                                  "Parallel Aware": true,
                                  "Async Capable": false,
                                  "Join Type": "Inner",
                                  "Startup Cost": 1810595.66,
                                  "Total Cost": 2157439.38,
                                  "Plan Rows": 28,
                                  "Plan Width": 35,
                                  "Inner Unique": false,
                                  "Hash Cond": "(orders.o_orderkey = lineitem.l_orderkey)",
                                  "Plans": [
                                    {
                                      "Node Type": "Seq Scan",
                                      "Parent Relationship": "Outer",
                                      "Parallel Aware": true,
                                      "Async Capable": false,
                                      "Relation Name": "orders",
                                      "Alias": "orders",
                                      "Startup Cost": 0.0,
                                      "Total Cost": 323407.71,
                                      "Plan Rows": 6249571,
                                      "Plan Width": 8,
                                      "parent": 8,
                                      "ID": 9
                                    },
                                    {
                                      "Node Type": "Hash",
                                      "Parent Relationship": "Inner",
                                      "Parallel Aware": true,
                                      "Async Capable": false,
                                      "Startup Cost": 1810595.31,
                                      "Total Cost": 1810595.31,
                                      "Plan Rows": 28,
                                      "Plan Width": 35,
                                      "Plans": [
                                        {
                                          "Node Type": "Hash Join",
                                          "Parent Relationship": "Outer",
                                          "Parallel Aware": true,
                                          "Async Capable": false,
                                          "Join Type": "Inner",
                                          "Startup Cost": 1539620.18,
                                          "Total Cost": 1810595.31,
                                          "Plan Rows": 28,
                                          "Plan Width": 35,
                                          "Inner Unique": false,
                                          "Hash Cond": "((partsupp.ps_suppkey = lineitem.l_suppkey) AND (partsupp.ps_partkey = lineitem.l_partkey))",
                                          "Plans": [
                                            {
                                              "Node Type": "Seq Scan",
                                              "Parent Relationship": "Outer",
                                              "Parallel Aware": true,
                                              "Async Capable": false,
                                              "Relation Name": "partsupp",
                                              "Alias": "partsupp",
                                              "Startup Cost": 0.0,
                                              "Total Cost": 207718.58,
                                              "Plan Rows": 3333258,
                                              "Plan Width": 14,
                                              "parent": 11,
                                              "ID": 12
                                            },
                                            {
                                              "Node Type": "Hash",
                                              "Parent Relationship": "Inner",
                                              "Parallel Aware": true,
                                              "Async Capable": false,
                                              "Startup Cost": 1522963.02,
                                              "Total Cost": 1522963.02,
                                              "Plan Rows": 730144,
                                              "Plan Width": 33,
                                              "Plans": [
                                                {
                                                  "Node Type": "Hash Join",
                                                  "Parent Relationship": "Outer",
                                                  "Parallel Aware": true,
                                                  "Async Capable": false,
                                                  "Join Type": "Inner",
                                                  "Startup Cost": 51693.93,
                                                  "Total Cost": 1522963.02,
                                                  "Plan Rows": 730144,
                                                  "Plan Width": 33,
                                                  "Inner Unique": false,
                                                  "Hash Cond": "(lineitem.l_partkey = part.p_partkey)",
                                                  "Plans": [
                                                    {
                                                      "Node Type": "Seq Scan",
                                                      "Parent Relationship": "Outer",
                                                      "Parallel Aware": true,
                                                      "Async Capable": false,
                                                      "Relation Name": "lineitem",
                                                      "Alias": "lineitem",
                                                      "Startup Cost": 0.0,
                                                      "Total Cost": 1374494.57,
                                                      "Plan Rows": 24995257,
                                                      "Plan Width": 29,
                                                      "parent": 14,
                                                      "ID": 15
                                                    },
                                                    {
                                                      "Node Type": "Hash",
                                                      "Parent Relationship": "Inner",
                                                      "Parallel Aware": true,
                                                      "Async Capable": false,
                                                      "Startup Cost": 51378.28,
                                                      "Total Cost": 51378.28,
                                                      "Plan Rows": 25252,
                                                      "Plan Width": 4,
                                                      "Plans": [
                                                        {
                                                          "Node Type": "Seq Scan",
                                                          "Parent Relationship": "Outer",
                                                          "Parallel Aware": true,
                                                          "Async Capable": false,
                                                          "Relation Name": "part",
                                                          "Alias": "part",
                                                          "Startup Cost": 0.0,
                                                          "Total Cost": 51378.28,
                                                          "Plan Rows": 25252,
                                                          "Plan Width": 4,
                                                          "Filter": "((p_name)::text ~~ '%moccasin%'::text)",
                                                          "parent": 16,
                                                          "ID": 17
                                                        }
                                                      ],
                                                      "parent": 14,
                                                      "ID": 16,
                                                      "left": 17
                                                    }
                                                  ],
                                                  "parent": 13,
                                                  "ID": 14,
                                                  "left": 15,
                                                  "right": 16
                                                }
                                              ],
                                              "parent": 11,
                                              "ID": 13,
                                              "left": 14
                                            }
                                          ],
                                          "parent": 10,
                                          "ID": 11,
                                          "left": 12,
                                          "right": 13
                                        }
                                      ],
                                      "parent": 8,
                                      "ID": 10,
                                      "left": 11
                                    }
                                  ],
                                  "parent": 7,
                                  "ID": 8,
                                  "left": 9,
                                  "right": 10
                                }
                              ],
                              "parent": 5,
                              "ID": 7,
                              "left": 8
                            }
                          ],
                          "parent": 4,
                          "ID": 5,
                          "left": 6,
                          "right": 7
                        },
                        {
                          "Node Type": "Hash",
                          "Parent Relationship": "Inner",
                          "Parallel Aware": false,
                          "Async Capable": false,
                          "Startup Cost": 1.25,
                          "Total Cost": 1.25,
                          "Plan Rows": 25,
                          "Plan Width": 30,
                          "Plans": [
                            {
                              "Node Type": "Seq Scan",
                              "Parent Relationship": "Outer",
                              "Parallel Aware": false,
                              "Async Capable": false,
                              "Relation Name": "nation",
                              "Alias": "nation",
                              "Startup Cost": 0.0,
                              "Total Cost": 1.25,
                              "Plan Rows": 25,
                              "Plan Width": 30,
                              "parent": 18,
                              "ID": 19
                            }
                          ],
                          "parent": 4,
                          "ID": 18,
                          "left": 19
                        }
                      ],
                      "parent": 3,
                      "ID": 4,
                      "left": 5,
                      "right": 18
                    }
                  ],
                  "parent": 2,
                  "ID": 3,
                  "left": 4
                }
              ],
              "parent": 1,
              "ID": 2,
              "left": 3
            }
          ],
          "parent": 0,
          "ID": 1,
          "left": 2
        }
      ],
      "parent": null,
      "ID": 0,
      "left": 1
    },
    "feat": {
      "utility": 0.0,
      "query_shape": [
        [
          "Seq Scan",
          "Hash Join",
          "Sort",
          "Aggregate",
          "Gather Merge"
        ],
        [
          "Seq Scan",
          "Hash Join",
          "Hash",
          "Sort",
          "Aggregate",
          "Gather Merge"
        ],
        [
          "Seq Scan",
          "Hash Join",
          "Hash",
          "Sort",
          "Aggregate",
          "Gather Merge"
        ],
        [
          "Seq Scan",
          "Hash Join",
          "Hash",
          "Sort",
          "Aggregate",
          "Gather Merge"
        ],
        [
          "Seq Scan",
          "Hash",
          "Hash Join",
          "Sort",
          "Aggregate",
          "Gather Merge"
        ],
        [
          "Seq Scan",
          "Hash",
          "Hash Join",
          "Sort",
          "Aggregate",
          "Gather Merge"
        ]
      ],
      "index_shape": [
        "order-by"
      ],
      "physical_operator": {
        "Sort": [
          "[0. 0. 0. 0. 0. 0. 0. 0. 0. 0. 0. 0. 0. 0. 0. 0. 0. 0. 0. 0. 0. 0. 0. 0.\n 0. 0. 0. 0. 0. 0. 0. 0. 0. 0. 0. 0. 0. 0. 0. 0. 0. 0. 0. 0. 0. 0. 0. 0.\n 0. 0. 0.]"
        ],
        "Aggregate": [
          "[0. 0. 0. 0. 0. 0. 0. 0. 0. 0. 0. 0. 0. 0. 0. 0. 0. 0. 0. 0. 0. 0. 0. 0.\n 0. 0. 0. 0. 0. 0. 0. 0. 0. 0. 0. 0. 0. 0. 0. 0. 0. 0. 0. 0. 0. 0. 0. 0.\n 0. 0. 0.]",
          "[0. 0. 0. 0. 0. 0. 0. 0. 0. 0. 0. 0. 0. 0. 0. 0. 0. 0. 0. 0. 0. 0. 0. 0.\n 0. 0. 0. 0. 0. 0. 0. 0. 0. 0. 0. 0. 0. 0. 0. 0. 0. 0. 0. 0. 0. 0. 0. 0.\n 0. 0. 0.]"
        ]
      }
    }
  },
  {
    "query": "-- Functional Query Definition\n-- Approved February 1998\n\n\nselect\nnation,\no_year,\nsum(amount) as sum_profit\nfrom\n(\nselect\nn_name as nation,\nextract(year from o_orderdate) as o_year,\nl_extendedprice * (1 - l_discount) - ps_supplycost * l_quantity as amount\nfrom\npart,\nsupplier,\nlineitem,\npartsupp,\norders,\nnation\nwhere\ns_suppkey = l_suppkey\nand ps_suppkey = l_suppkey\nand ps_partkey = l_partkey\nand p_partkey = l_partkey\nand o_orderkey = l_orderkey\nand s_nationkey = n_nationkey\nand p_name like '%moccasin%'\n) as profit\ngroup by\nnation,\no_year\norder by\nnation,\no_year desc ;\n-- $ID$\n-- TPC-H/TPC-R Returned Item Reporting ",
    "indexes": "orders.o_orderkey",
    "wo plan est": {
      "Node Type": "Aggregate",
      "Strategy": "Sorted",
      "Partial Mode": "Finalize",
      "Parallel Aware": false,
      "Async Capable": false,
      "Startup Cost": 2161468.0,
      "Total Cost": 2161475.32,
      "Plan Rows": 68,
      "Plan Width": 90,
      "Group Key": [
        "nation.n_name",
        "(EXTRACT(year FROM orders.o_orderdate))"
      ],
      "Plans": [
        {
          "Node Type": "Gather Merge",
          "Parent Relationship": "Outer",
          "Parallel Aware": false,
          "Async Capable": false,
          "Startup Cost": 2161468.0,
          "Total Cost": 2161473.9,
          "Plan Rows": 40,
          "Plan Width": 90,
          "Workers Planned": 1,
          "Plans": [
            {
              "Node Type": "Aggregate",
              "Strategy": "Sorted",
              "Partial Mode": "Partial",
              "Parent Relationship": "Outer",
              "Parallel Aware": false,
              "Async Capable": false,
              "Startup Cost": 2160467.99,
              "Total Cost": 2160469.39,
              "Plan Rows": 40,
              "Plan Width": 90,
              "Group Key": [
                "nation.n_name",
                "(EXTRACT(year FROM orders.o_orderdate))"
              ],
              "Plans": [
                {
                  "Node Type": "Sort",
                  "Parent Relationship": "Outer",
                  "Parallel Aware": false,
                  "Async Capable": false,
                  "Startup Cost": 2160467.99,
                  "Total Cost": 2160468.09,
                  "Plan Rows": 40,
                  "Plan Width": 81,
                  "Sort Key": [
                    "nation.n_name",
                    "(EXTRACT(year FROM orders.o_orderdate)) DESC"
                  ],
                  "Plans": [
                    {
                      "Node Type": "Hash Join",
                      "Parent Relationship": "Outer",
                      "Parallel Aware": false,
                      "Async Capable": false,
                      "Join Type": "Inner",
                      "Startup Cost": 2157441.29,
                      "Total Cost": 2160466.93,
                      "Plan Rows": 40,
                      "Plan Width": 81,
                      "Inner Unique": false,
                      "Hash Cond": "(supplier.s_nationkey = nation.n_nationkey)",
                      "Plans": [
                        {
                          "Node Type": "Hash Join",
                          "Parent Relationship": "Outer",
                          "Parallel Aware": true,
                          "Async Capable": false,
                          "Join Type": "Inner",
                          "Startup Cost": 2157439.73,
                          "Total Cost": 2160464.72,
                          "Plan Rows": 40,
                          "Plan Width": 31,
                          "Inner Unique": false,
                          "Hash Cond": "(supplier.s_suppkey = lineitem.l_suppkey)",
                          "Plans": [
                            {
                              "Node Type": "Seq Scan",
                              "Parent Relationship": "Outer",
                              "Parallel Aware": true,
                              "Async Capable": false,
                              "Relation Name": "supplier",
                              "Alias": "supplier",
                              "Startup Cost": 0.0,
                              "Total Cost": 2804.24,
                              "Plan Rows": 58824,
                              "Plan Width": 8,
                              "parent": 5,
                              "ID": 6
                            },
                            {
                              "Node Type": "Hash",
                              "Parent Relationship": "Inner",
                              "Parallel Aware": true,
                              "Async Capable": false,
                              "Startup Cost": 2157439.38,
                              "Total Cost": 2157439.38,
                              "Plan Rows": 28,
                              "Plan Width": 35,
                              "Plans": [
                                {
                                  "Node Type": "Hash Join",
                                  "Parent Relationship": "Outer",
                                  "Parallel Aware": true,
                                  "Async Capable": false,
                                  "Join Type": "Inner",
                                  "Startup Cost": 1810595.66,
                                  "Total Cost": 2157439.38,
                                  "Plan Rows": 28,
                                  "Plan Width": 35,
                                  "Inner Unique": false,
                                  "Hash Cond": "(orders.o_orderkey = lineitem.l_orderkey)",
                                  "Plans": [
                                    {
                                      "Node Type": "Seq Scan",
                                      "Parent Relationship": "Outer",
                                      "Parallel Aware": true,
                                      "Async Capable": false,
                                      "Relation Name": "orders",
                                      "Alias": "orders",
                                      "Startup Cost": 0.0,
                                      "Total Cost": 323407.71,
                                      "Plan Rows": 6249571,
                                      "Plan Width": 8,
                                      "parent": 8,
                                      "ID": 9
                                    },
                                    {
                                      "Node Type": "Hash",
                                      "Parent Relationship": "Inner",
                                      "Parallel Aware": true,
                                      "Async Capable": false,
                                      "Startup Cost": 1810595.31,
                                      "Total Cost": 1810595.31,
                                      "Plan Rows": 28,
                                      "Plan Width": 35,
                                      "Plans": [
                                        {
                                          "Node Type": "Hash Join",
                                          "Parent Relationship": "Outer",
                                          "Parallel Aware": true,
                                          "Async Capable": false,
                                          "Join Type": "Inner",
                                          "Startup Cost": 1539620.18,
                                          "Total Cost": 1810595.31,
                                          "Plan Rows": 28,
                                          "Plan Width": 35,
                                          "Inner Unique": false,
                                          "Hash Cond": "((partsupp.ps_suppkey = lineitem.l_suppkey) AND (partsupp.ps_partkey = lineitem.l_partkey))",
                                          "Plans": [
                                            {
                                              "Node Type": "Seq Scan",
                                              "Parent Relationship": "Outer",
                                              "Parallel Aware": true,
                                              "Async Capable": false,
                                              "Relation Name": "partsupp",
                                              "Alias": "partsupp",
                                              "Startup Cost": 0.0,
                                              "Total Cost": 207718.58,
                                              "Plan Rows": 3333258,
                                              "Plan Width": 14,
                                              "parent": 11,
                                              "ID": 12
                                            },
                                            {
                                              "Node Type": "Hash",
                                              "Parent Relationship": "Inner",
                                              "Parallel Aware": true,
                                              "Async Capable": false,
                                              "Startup Cost": 1522963.02,
                                              "Total Cost": 1522963.02,
                                              "Plan Rows": 730144,
                                              "Plan Width": 33,
                                              "Plans": [
                                                {
                                                  "Node Type": "Hash Join",
                                                  "Parent Relationship": "Outer",
                                                  "Parallel Aware": true,
                                                  "Async Capable": false,
                                                  "Join Type": "Inner",
                                                  "Startup Cost": 51693.93,
                                                  "Total Cost": 1522963.02,
                                                  "Plan Rows": 730144,
                                                  "Plan Width": 33,
                                                  "Inner Unique": false,
                                                  "Hash Cond": "(lineitem.l_partkey = part.p_partkey)",
                                                  "Plans": [
                                                    {
                                                      "Node Type": "Seq Scan",
                                                      "Parent Relationship": "Outer",
                                                      "Parallel Aware": true,
                                                      "Async Capable": false,
                                                      "Relation Name": "lineitem",
                                                      "Alias": "lineitem",
                                                      "Startup Cost": 0.0,
                                                      "Total Cost": 1374494.57,
                                                      "Plan Rows": 24995257,
                                                      "Plan Width": 29,
                                                      "parent": 14,
                                                      "ID": 15
                                                    },
                                                    {
                                                      "Node Type": "Hash",
                                                      "Parent Relationship": "Inner",
                                                      "Parallel Aware": true,
                                                      "Async Capable": false,
                                                      "Startup Cost": 51378.28,
                                                      "Total Cost": 51378.28,
                                                      "Plan Rows": 25252,
                                                      "Plan Width": 4,
                                                      "Plans": [
                                                        {
                                                          "Node Type": "Seq Scan",
                                                          "Parent Relationship": "Outer",
                                                          "Parallel Aware": true,
                                                          "Async Capable": false,
                                                          "Relation Name": "part",
                                                          "Alias": "part",
                                                          "Startup Cost": 0.0,
                                                          "Total Cost": 51378.28,
                                                          "Plan Rows": 25252,
                                                          "Plan Width": 4,
                                                          "Filter": "((p_name)::text ~~ '%moccasin%'::text)",
                                                          "parent": 16,
                                                          "ID": 17
                                                        }
                                                      ],
                                                      "parent": 14,
                                                      "ID": 16,
                                                      "left": 17
                                                    }
                                                  ],
                                                  "parent": 13,
                                                  "ID": 14,
                                                  "left": 15,
                                                  "right": 16
                                                }
                                              ],
                                              "parent": 11,
                                              "ID": 13,
                                              "left": 14
                                            }
                                          ],
                                          "parent": 10,
                                          "ID": 11,
                                          "left": 12,
                                          "right": 13
                                        }
                                      ],
                                      "parent": 8,
                                      "ID": 10,
                                      "left": 11
                                    }
                                  ],
                                  "parent": 7,
                                  "ID": 8,
                                  "left": 9,
                                  "right": 10
                                }
                              ],
                              "parent": 5,
                              "ID": 7,
                              "left": 8
                            }
                          ],
                          "parent": 4,
                          "ID": 5,
                          "left": 6,
                          "right": 7
                        },
                        {
                          "Node Type": "Hash",
                          "Parent Relationship": "Inner",
                          "Parallel Aware": false,
                          "Async Capable": false,
                          "Startup Cost": 1.25,
                          "Total Cost": 1.25,
                          "Plan Rows": 25,
                          "Plan Width": 30,
                          "Plans": [
                            {
                              "Node Type": "Seq Scan",
                              "Parent Relationship": "Outer",
                              "Parallel Aware": false,
                              "Async Capable": false,
                              "Relation Name": "nation",
                              "Alias": "nation",
                              "Startup Cost": 0.0,
                              "Total Cost": 1.25,
                              "Plan Rows": 25,
                              "Plan Width": 30,
                              "parent": 18,
                              "ID": 19
                            }
                          ],
                          "parent": 4,
                          "ID": 18,
                          "left": 19
                        }
                      ],
                      "parent": 3,
                      "ID": 4,
                      "left": 5,
                      "right": 18
                    }
                  ],
                  "parent": 2,
                  "ID": 3,
                  "left": 4
                }
              ],
              "parent": 1,
              "ID": 2,
              "left": 3
            }
          ],
          "parent": 0,
          "ID": 1,
          "left": 2
        }
      ],
      "parent": null,
      "ID": 0,
      "left": 1
    },
    "feat": {
      "utility": 5.780773767239297e-07,
      "query_shape": [
        [
          "Seq Scan",
          "Hash Join",
          "Sort",
          "Aggregate",
          "Gather Merge"
        ],
        [
          "Seq Scan",
          "Hash Join",
          "Hash",
          "Sort",
          "Aggregate",
          "Gather Merge"
        ],
        [
          "Seq Scan",
          "Hash Join",
          "Hash",
          "Sort",
          "Aggregate",
          "Gather Merge"
        ],
        [
          "Seq Scan",
          "Hash Join",
          "Hash",
          "Sort",
          "Aggregate",
          "Gather Merge"
        ],
        [
          "Seq Scan",
          "Hash",
          "Hash Join",
          "Sort",
          "Aggregate",
          "Gather Merge"
        ],
        [
          "Seq Scan",
          "Hash",
          "Hash Join",
          "Sort",
          "Aggregate",
          "Gather Merge"
        ]
      ],
      "index_shape": [
        "join"
      ],
      "physical_operator": {
        "Hash Join": [
          0.00040001372870675787
        ]
      }
    }
  },
  {
    "query": "-- Functional Query Definition\n-- Approved February 1998\n\n\nselect\nnation,\no_year,\nsum(amount) as sum_profit\nfrom\n(\nselect\nn_name as nation,\nextract(year from o_orderdate) as o_year,\nl_extendedprice * (1 - l_discount) - ps_supplycost * l_quantity as amount\nfrom\npart,\nsupplier,\nlineitem,\npartsupp,\norders,\nnation\nwhere\ns_suppkey = l_suppkey\nand ps_suppkey = l_suppkey\nand ps_partkey = l_partkey\nand p_partkey = l_partkey\nand o_orderkey = l_orderkey\nand s_nationkey = n_nationkey\nand p_name like '%moccasin%'\n) as profit\ngroup by\nnation,\no_year\norder by\nnation,\no_year desc ;\n-- $ID$\n-- TPC-H/TPC-R Returned Item Reporting ",
    "indexes": "orders.o_orderdate",
    "wo plan est": {
      "Node Type": "Aggregate",
      "Strategy": "Sorted",
      "Partial Mode": "Finalize",
      "Parallel Aware": false,
      "Async Capable": false,
      "Startup Cost": 2161468.0,
      "Total Cost": 2161475.32,
      "Plan Rows": 68,
      "Plan Width": 90,
      "Group Key": [
        "nation.n_name",
        "(EXTRACT(year FROM orders.o_orderdate))"
      ],
      "Plans": [
        {
          "Node Type": "Gather Merge",
          "Parent Relationship": "Outer",
          "Parallel Aware": false,
          "Async Capable": false,
          "Startup Cost": 2161468.0,
          "Total Cost": 2161473.9,
          "Plan Rows": 40,
          "Plan Width": 90,
          "Workers Planned": 1,
          "Plans": [
            {
              "Node Type": "Aggregate",
              "Strategy": "Sorted",
              "Partial Mode": "Partial",
              "Parent Relationship": "Outer",
              "Parallel Aware": false,
              "Async Capable": false,
              "Startup Cost": 2160467.99,
              "Total Cost": 2160469.39,
              "Plan Rows": 40,
              "Plan Width": 90,
              "Group Key": [
                "nation.n_name",
                "(EXTRACT(year FROM orders.o_orderdate))"
              ],
              "Plans": [
                {
                  "Node Type": "Sort",
                  "Parent Relationship": "Outer",
                  "Parallel Aware": false,
                  "Async Capable": false,
                  "Startup Cost": 2160467.99,
                  "Total Cost": 2160468.09,
                  "Plan Rows": 40,
                  "Plan Width": 81,
                  "Sort Key": [
                    "nation.n_name",
                    "(EXTRACT(year FROM orders.o_orderdate)) DESC"
                  ],
                  "Plans": [
                    {
                      "Node Type": "Hash Join",
                      "Parent Relationship": "Outer",
                      "Parallel Aware": false,
                      "Async Capable": false,
                      "Join Type": "Inner",
                      "Startup Cost": 2157441.29,
                      "Total Cost": 2160466.93,
                      "Plan Rows": 40,
                      "Plan Width": 81,
                      "Inner Unique": false,
                      "Hash Cond": "(supplier.s_nationkey = nation.n_nationkey)",
                      "Plans": [
                        {
                          "Node Type": "Hash Join",
                          "Parent Relationship": "Outer",
                          "Parallel Aware": true,
                          "Async Capable": false,
                          "Join Type": "Inner",
                          "Startup Cost": 2157439.73,
                          "Total Cost": 2160464.72,
                          "Plan Rows": 40,
                          "Plan Width": 31,
                          "Inner Unique": false,
                          "Hash Cond": "(supplier.s_suppkey = lineitem.l_suppkey)",
                          "Plans": [
                            {
                              "Node Type": "Seq Scan",
                              "Parent Relationship": "Outer",
                              "Parallel Aware": true,
                              "Async Capable": false,
                              "Relation Name": "supplier",
                              "Alias": "supplier",
                              "Startup Cost": 0.0,
                              "Total Cost": 2804.24,
                              "Plan Rows": 58824,
                              "Plan Width": 8,
                              "parent": 5,
                              "ID": 6
                            },
                            {
                              "Node Type": "Hash",
                              "Parent Relationship": "Inner",
                              "Parallel Aware": true,
                              "Async Capable": false,
                              "Startup Cost": 2157439.38,
                              "Total Cost": 2157439.38,
                              "Plan Rows": 28,
                              "Plan Width": 35,
                              "Plans": [
                                {
                                  "Node Type": "Hash Join",
                                  "Parent Relationship": "Outer",
                                  "Parallel Aware": true,
                                  "Async Capable": false,
                                  "Join Type": "Inner",
                                  "Startup Cost": 1810595.66,
                                  "Total Cost": 2157439.38,
                                  "Plan Rows": 28,
                                  "Plan Width": 35,
                                  "Inner Unique": false,
                                  "Hash Cond": "(orders.o_orderkey = lineitem.l_orderkey)",
                                  "Plans": [
                                    {
                                      "Node Type": "Seq Scan",
                                      "Parent Relationship": "Outer",
                                      "Parallel Aware": true,
                                      "Async Capable": false,
                                      "Relation Name": "orders",
                                      "Alias": "orders",
                                      "Startup Cost": 0.0,
                                      "Total Cost": 323407.71,
                                      "Plan Rows": 6249571,
                                      "Plan Width": 8,
                                      "parent": 8,
                                      "ID": 9
                                    },
                                    {
                                      "Node Type": "Hash",
                                      "Parent Relationship": "Inner",
                                      "Parallel Aware": true,
                                      "Async Capable": false,
                                      "Startup Cost": 1810595.31,
                                      "Total Cost": 1810595.31,
                                      "Plan Rows": 28,
                                      "Plan Width": 35,
                                      "Plans": [
                                        {
                                          "Node Type": "Hash Join",
                                          "Parent Relationship": "Outer",
                                          "Parallel Aware": true,
                                          "Async Capable": false,
                                          "Join Type": "Inner",
                                          "Startup Cost": 1539620.18,
                                          "Total Cost": 1810595.31,
                                          "Plan Rows": 28,
                                          "Plan Width": 35,
                                          "Inner Unique": false,
                                          "Hash Cond": "((partsupp.ps_suppkey = lineitem.l_suppkey) AND (partsupp.ps_partkey = lineitem.l_partkey))",
                                          "Plans": [
                                            {
                                              "Node Type": "Seq Scan",
                                              "Parent Relationship": "Outer",
                                              "Parallel Aware": true,
                                              "Async Capable": false,
                                              "Relation Name": "partsupp",
                                              "Alias": "partsupp",
                                              "Startup Cost": 0.0,
                                              "Total Cost": 207718.58,
                                              "Plan Rows": 3333258,
                                              "Plan Width": 14,
                                              "parent": 11,
                                              "ID": 12
                                            },
                                            {
                                              "Node Type": "Hash",
                                              "Parent Relationship": "Inner",
                                              "Parallel Aware": true,
                                              "Async Capable": false,
                                              "Startup Cost": 1522963.02,
                                              "Total Cost": 1522963.02,
                                              "Plan Rows": 730144,
                                              "Plan Width": 33,
                                              "Plans": [
                                                {
                                                  "Node Type": "Hash Join",
                                                  "Parent Relationship": "Outer",
                                                  "Parallel Aware": true,
                                                  "Async Capable": false,
                                                  "Join Type": "Inner",
                                                  "Startup Cost": 51693.93,
                                                  "Total Cost": 1522963.02,
                                                  "Plan Rows": 730144,
                                                  "Plan Width": 33,
                                                  "Inner Unique": false,
                                                  "Hash Cond": "(lineitem.l_partkey = part.p_partkey)",
                                                  "Plans": [
                                                    {
                                                      "Node Type": "Seq Scan",
                                                      "Parent Relationship": "Outer",
                                                      "Parallel Aware": true,
                                                      "Async Capable": false,
                                                      "Relation Name": "lineitem",
                                                      "Alias": "lineitem",
                                                      "Startup Cost": 0.0,
                                                      "Total Cost": 1374494.57,
                                                      "Plan Rows": 24995257,
                                                      "Plan Width": 29,
                                                      "parent": 14,
                                                      "ID": 15
                                                    },
                                                    {
                                                      "Node Type": "Hash",
                                                      "Parent Relationship": "Inner",
                                                      "Parallel Aware": true,
                                                      "Async Capable": false,
                                                      "Startup Cost": 51378.28,
                                                      "Total Cost": 51378.28,
                                                      "Plan Rows": 25252,
                                                      "Plan Width": 4,
                                                      "Plans": [
                                                        {
                                                          "Node Type": "Seq Scan",
                                                          "Parent Relationship": "Outer",
                                                          "Parallel Aware": true,
                                                          "Async Capable": false,
                                                          "Relation Name": "part",
                                                          "Alias": "part",
                                                          "Startup Cost": 0.0,
                                                          "Total Cost": 51378.28,
                                                          "Plan Rows": 25252,
                                                          "Plan Width": 4,
                                                          "Filter": "((p_name)::text ~~ '%moccasin%'::text)",
                                                          "parent": 16,
                                                          "ID": 17
                                                        }
                                                      ],
                                                      "parent": 14,
                                                      "ID": 16,
                                                      "left": 17
                                                    }
                                                  ],
                                                  "parent": 13,
                                                  "ID": 14,
                                                  "left": 15,
                                                  "right": 16
                                                }
                                              ],
                                              "parent": 11,
                                              "ID": 13,
                                              "left": 14
                                            }
                                          ],
                                          "parent": 10,
                                          "ID": 11,
                                          "left": 12,
                                          "right": 13
                                        }
                                      ],
                                      "parent": 8,
                                      "ID": 10,
                                      "left": 11
                                    }
                                  ],
                                  "parent": 7,
                                  "ID": 8,
                                  "left": 9,
                                  "right": 10
                                }
                              ],
                              "parent": 5,
                              "ID": 7,
                              "left": 8
                            }
                          ],
                          "parent": 4,
                          "ID": 5,
                          "left": 6,
                          "right": 7
                        },
                        {
                          "Node Type": "Hash",
                          "Parent Relationship": "Inner",
                          "Parallel Aware": false,
                          "Async Capable": false,
                          "Startup Cost": 1.25,
                          "Total Cost": 1.25,
                          "Plan Rows": 25,
                          "Plan Width": 30,
                          "Plans": [
                            {
                              "Node Type": "Seq Scan",
                              "Parent Relationship": "Outer",
                              "Parallel Aware": false,
                              "Async Capable": false,
                              "Relation Name": "nation",
                              "Alias": "nation",
                              "Startup Cost": 0.0,
                              "Total Cost": 1.25,
                              "Plan Rows": 25,
                              "Plan Width": 30,
                              "parent": 18,
                              "ID": 19
                            }
                          ],
                          "parent": 4,
                          "ID": 18,
                          "left": 19
                        }
                      ],
                      "parent": 3,
                      "ID": 4,
                      "left": 5,
                      "right": 18
                    }
                  ],
                  "parent": 2,
                  "ID": 3,
                  "left": 4
                }
              ],
              "parent": 1,
              "ID": 2,
              "left": 3
            }
          ],
          "parent": 0,
          "ID": 1,
          "left": 2
        }
      ],
      "parent": null,
      "ID": 0,
      "left": 1
    },
    "feat": {
      "utility": 0.0,
      "query_shape": [
        [
          "Seq Scan",
          "Hash Join",
          "Sort",
          "Aggregate",
          "Gather Merge"
        ],
        [
          "Seq Scan",
          "Hash Join",
          "Hash",
          "Sort",
          "Aggregate",
          "Gather Merge"
        ],
        [
          "Seq Scan",
          "Hash Join",
          "Hash",
          "Sort",
          "Aggregate",
          "Gather Merge"
        ],
        [
          "Seq Scan",
          "Hash Join",
          "Hash",
          "Sort",
          "Aggregate",
          "Gather Merge"
        ],
        [
          "Seq Scan",
          "Hash",
          "Hash Join",
          "Sort",
          "Aggregate",
          "Gather Merge"
        ],
        [
          "Seq Scan",
          "Hash",
          "Hash Join",
          "Sort",
          "Aggregate",
          "Gather Merge"
        ]
      ],
      "index_shape": [
        "order-by"
      ],
      "physical_operator": {
        "Sort": [
          "[0. 0. 0. 0. 0. 0. 0. 0. 0. 0. 0. 0. 0. 0. 0. 0. 0. 0. 0. 0. 0. 0. 0. 0.\n 0. 0. 0. 0. 0. 0. 0. 0. 0. 0. 0. 0. 0. 0. 0. 0. 0. 0. 0. 0. 0. 0. 0. 0.\n 0. 0. 0.]"
        ],
        "Aggregate": [
          "[0. 0. 0. 0. 0. 0. 0. 0. 0. 0. 0. 0. 0. 0. 0. 0. 0. 0. 0. 0. 0. 0. 0. 0.\n 0. 0. 0. 0. 0. 0. 0. 0. 0. 0. 0. 0. 0. 0. 0. 0. 0. 0. 0. 0. 0. 0. 0. 0.\n 0. 0. 0.]",
          "[0. 0. 0. 0. 0. 0. 0. 0. 0. 0. 0. 0. 0. 0. 0. 0. 0. 0. 0. 0. 0. 0. 0. 0.\n 0. 0. 0. 0. 0. 0. 0. 0. 0. 0. 0. 0. 0. 0. 0. 0. 0. 0. 0. 0. 0. 0. 0. 0.\n 0. 0. 0.]"
        ]
      }
    }
  },
  {
    "query": "-- Functional Query Definition\n-- Approved February 1998\n\n\nselect\nnation,\no_year,\nsum(amount) as sum_profit\nfrom\n(\nselect\nn_name as nation,\nextract(year from o_orderdate) as o_year,\nl_extendedprice * (1 - l_discount) - ps_supplycost * l_quantity as amount\nfrom\npart,\nsupplier,\nlineitem,\npartsupp,\norders,\nnation\nwhere\ns_suppkey = l_suppkey\nand ps_suppkey = l_suppkey\nand ps_partkey = l_partkey\nand p_partkey = l_partkey\nand o_orderkey = l_orderkey\nand s_nationkey = n_nationkey\nand p_name like '%moccasin%'\n) as profit\ngroup by\nnation,\no_year\norder by\nnation,\no_year desc ;\n-- $ID$\n-- TPC-H/TPC-R Returned Item Reporting ",
    "indexes": "part.p_partkey",
    "wo plan est": {
      "Node Type": "Aggregate",
      "Strategy": "Sorted",
      "Partial Mode": "Finalize",
      "Parallel Aware": false,
      "Async Capable": false,
      "Startup Cost": 2161468.0,
      "Total Cost": 2161475.32,
      "Plan Rows": 68,
      "Plan Width": 90,
      "Group Key": [
        "nation.n_name",
        "(EXTRACT(year FROM orders.o_orderdate))"
      ],
      "Plans": [
        {
          "Node Type": "Gather Merge",
          "Parent Relationship": "Outer",
          "Parallel Aware": false,
          "Async Capable": false,
          "Startup Cost": 2161468.0,
          "Total Cost": 2161473.9,
          "Plan Rows": 40,
          "Plan Width": 90,
          "Workers Planned": 1,
          "Plans": [
            {
              "Node Type": "Aggregate",
              "Strategy": "Sorted",
              "Partial Mode": "Partial",
              "Parent Relationship": "Outer",
              "Parallel Aware": false,
              "Async Capable": false,
              "Startup Cost": 2160467.99,
              "Total Cost": 2160469.39,
              "Plan Rows": 40,
              "Plan Width": 90,
              "Group Key": [
                "nation.n_name",
                "(EXTRACT(year FROM orders.o_orderdate))"
              ],
              "Plans": [
                {
                  "Node Type": "Sort",
                  "Parent Relationship": "Outer",
                  "Parallel Aware": false,
                  "Async Capable": false,
                  "Startup Cost": 2160467.99,
                  "Total Cost": 2160468.09,
                  "Plan Rows": 40,
                  "Plan Width": 81,
                  "Sort Key": [
                    "nation.n_name",
                    "(EXTRACT(year FROM orders.o_orderdate)) DESC"
                  ],
                  "Plans": [
                    {
                      "Node Type": "Hash Join",
                      "Parent Relationship": "Outer",
                      "Parallel Aware": false,
                      "Async Capable": false,
                      "Join Type": "Inner",
                      "Startup Cost": 2157441.29,
                      "Total Cost": 2160466.93,
                      "Plan Rows": 40,
                      "Plan Width": 81,
                      "Inner Unique": false,
                      "Hash Cond": "(supplier.s_nationkey = nation.n_nationkey)",
                      "Plans": [
                        {
                          "Node Type": "Hash Join",
                          "Parent Relationship": "Outer",
                          "Parallel Aware": true,
                          "Async Capable": false,
                          "Join Type": "Inner",
                          "Startup Cost": 2157439.73,
                          "Total Cost": 2160464.72,
                          "Plan Rows": 40,
                          "Plan Width": 31,
                          "Inner Unique": false,
                          "Hash Cond": "(supplier.s_suppkey = lineitem.l_suppkey)",
                          "Plans": [
                            {
                              "Node Type": "Seq Scan",
                              "Parent Relationship": "Outer",
                              "Parallel Aware": true,
                              "Async Capable": false,
                              "Relation Name": "supplier",
                              "Alias": "supplier",
                              "Startup Cost": 0.0,
                              "Total Cost": 2804.24,
                              "Plan Rows": 58824,
                              "Plan Width": 8,
                              "parent": 5,
                              "ID": 6
                            },
                            {
                              "Node Type": "Hash",
                              "Parent Relationship": "Inner",
                              "Parallel Aware": true,
                              "Async Capable": false,
                              "Startup Cost": 2157439.38,
                              "Total Cost": 2157439.38,
                              "Plan Rows": 28,
                              "Plan Width": 35,
                              "Plans": [
                                {
                                  "Node Type": "Hash Join",
                                  "Parent Relationship": "Outer",
                                  "Parallel Aware": true,
                                  "Async Capable": false,
                                  "Join Type": "Inner",
                                  "Startup Cost": 1810595.66,
                                  "Total Cost": 2157439.38,
                                  "Plan Rows": 28,
                                  "Plan Width": 35,
                                  "Inner Unique": false,
                                  "Hash Cond": "(orders.o_orderkey = lineitem.l_orderkey)",
                                  "Plans": [
                                    {
                                      "Node Type": "Seq Scan",
                                      "Parent Relationship": "Outer",
                                      "Parallel Aware": true,
                                      "Async Capable": false,
                                      "Relation Name": "orders",
                                      "Alias": "orders",
                                      "Startup Cost": 0.0,
                                      "Total Cost": 323407.71,
                                      "Plan Rows": 6249571,
                                      "Plan Width": 8,
                                      "parent": 8,
                                      "ID": 9
                                    },
                                    {
                                      "Node Type": "Hash",
                                      "Parent Relationship": "Inner",
                                      "Parallel Aware": true,
                                      "Async Capable": false,
                                      "Startup Cost": 1810595.31,
                                      "Total Cost": 1810595.31,
                                      "Plan Rows": 28,
                                      "Plan Width": 35,
                                      "Plans": [
                                        {
                                          "Node Type": "Hash Join",
                                          "Parent Relationship": "Outer",
                                          "Parallel Aware": true,
                                          "Async Capable": false,
                                          "Join Type": "Inner",
                                          "Startup Cost": 1539620.18,
                                          "Total Cost": 1810595.31,
                                          "Plan Rows": 28,
                                          "Plan Width": 35,
                                          "Inner Unique": false,
                                          "Hash Cond": "((partsupp.ps_suppkey = lineitem.l_suppkey) AND (partsupp.ps_partkey = lineitem.l_partkey))",
                                          "Plans": [
                                            {
                                              "Node Type": "Seq Scan",
                                              "Parent Relationship": "Outer",
                                              "Parallel Aware": true,
                                              "Async Capable": false,
                                              "Relation Name": "partsupp",
                                              "Alias": "partsupp",
                                              "Startup Cost": 0.0,
                                              "Total Cost": 207718.58,
                                              "Plan Rows": 3333258,
                                              "Plan Width": 14,
                                              "parent": 11,
                                              "ID": 12
                                            },
                                            {
                                              "Node Type": "Hash",
                                              "Parent Relationship": "Inner",
                                              "Parallel Aware": true,
                                              "Async Capable": false,
                                              "Startup Cost": 1522963.02,
                                              "Total Cost": 1522963.02,
                                              "Plan Rows": 730144,
                                              "Plan Width": 33,
                                              "Plans": [
                                                {
                                                  "Node Type": "Hash Join",
                                                  "Parent Relationship": "Outer",
                                                  "Parallel Aware": true,
                                                  "Async Capable": false,
                                                  "Join Type": "Inner",
                                                  "Startup Cost": 51693.93,
                                                  "Total Cost": 1522963.02,
                                                  "Plan Rows": 730144,
                                                  "Plan Width": 33,
                                                  "Inner Unique": false,
                                                  "Hash Cond": "(lineitem.l_partkey = part.p_partkey)",
                                                  "Plans": [
                                                    {
                                                      "Node Type": "Seq Scan",
                                                      "Parent Relationship": "Outer",
                                                      "Parallel Aware": true,
                                                      "Async Capable": false,
                                                      "Relation Name": "lineitem",
                                                      "Alias": "lineitem",
                                                      "Startup Cost": 0.0,
                                                      "Total Cost": 1374494.57,
                                                      "Plan Rows": 24995257,
                                                      "Plan Width": 29,
                                                      "parent": 14,
                                                      "ID": 15
                                                    },
                                                    {
                                                      "Node Type": "Hash",
                                                      "Parent Relationship": "Inner",
                                                      "Parallel Aware": true,
                                                      "Async Capable": false,
                                                      "Startup Cost": 51378.28,
                                                      "Total Cost": 51378.28,
                                                      "Plan Rows": 25252,
                                                      "Plan Width": 4,
                                                      "Plans": [
                                                        {
                                                          "Node Type": "Seq Scan",
                                                          "Parent Relationship": "Outer",
                                                          "Parallel Aware": true,
                                                          "Async Capable": false,
                                                          "Relation Name": "part",
                                                          "Alias": "part",
                                                          "Startup Cost": 0.0,
                                                          "Total Cost": 51378.28,
                                                          "Plan Rows": 25252,
                                                          "Plan Width": 4,
                                                          "Filter": "((p_name)::text ~~ '%moccasin%'::text)",
                                                          "parent": 16,
                                                          "ID": 17
                                                        }
                                                      ],
                                                      "parent": 14,
                                                      "ID": 16,
                                                      "left": 17
                                                    }
                                                  ],
                                                  "parent": 13,
                                                  "ID": 14,
                                                  "left": 15,
                                                  "right": 16
                                                }
                                              ],
                                              "parent": 11,
                                              "ID": 13,
                                              "left": 14
                                            }
                                          ],
                                          "parent": 10,
                                          "ID": 11,
                                          "left": 12,
                                          "right": 13
                                        }
                                      ],
                                      "parent": 8,
                                      "ID": 10,
                                      "left": 11
                                    }
                                  ],
                                  "parent": 7,
                                  "ID": 8,
                                  "left": 9,
                                  "right": 10
                                }
                              ],
                              "parent": 5,
                              "ID": 7,
                              "left": 8
                            }
                          ],
                          "parent": 4,
                          "ID": 5,
                          "left": 6,
                          "right": 7
                        },
                        {
                          "Node Type": "Hash",
                          "Parent Relationship": "Inner",
                          "Parallel Aware": false,
                          "Async Capable": false,
                          "Startup Cost": 1.25,
                          "Total Cost": 1.25,
                          "Plan Rows": 25,
                          "Plan Width": 30,
                          "Plans": [
                            {
                              "Node Type": "Seq Scan",
                              "Parent Relationship": "Outer",
                              "Parallel Aware": false,
                              "Async Capable": false,
                              "Relation Name": "nation",
                              "Alias": "nation",
                              "Startup Cost": 0.0,
                              "Total Cost": 1.25,
                              "Plan Rows": 25,
                              "Plan Width": 30,
                              "parent": 18,
                              "ID": 19
                            }
                          ],
                          "parent": 4,
                          "ID": 18,
                          "left": 19
                        }
                      ],
                      "parent": 3,
                      "ID": 4,
                      "left": 5,
                      "right": 18
                    }
                  ],
                  "parent": 2,
                  "ID": 3,
                  "left": 4
                }
              ],
              "parent": 1,
              "ID": 2,
              "left": 3
            }
          ],
          "parent": 0,
          "ID": 1,
          "left": 2
        }
      ],
      "parent": null,
      "ID": 0,
      "left": 1
    },
    "feat": {
      "utility": 5.776867125663563e-07,
      "query_shape": [
        [
          "Seq Scan",
          "Hash Join",
          "Sort",
          "Aggregate",
          "Gather Merge"
        ],
        [
          "Seq Scan",
          "Hash Join",
          "Hash",
          "Sort",
          "Aggregate",
          "Gather Merge"
        ],
        [
          "Seq Scan",
          "Hash Join",
          "Hash",
          "Sort",
          "Aggregate",
          "Gather Merge"
        ],
        [
          "Seq Scan",
          "Hash Join",
          "Hash",
          "Sort",
          "Aggregate",
          "Gather Merge"
        ],
        [
          "Seq Scan",
          "Hash",
          "Hash Join",
          "Sort",
          "Aggregate",
          "Gather Merge"
        ],
        [
          "Seq Scan",
          "Hash",
          "Hash Join",
          "Sort",
          "Aggregate",
          "Gather Merge"
        ]
      ],
      "index_shape": [
        "join"
      ],
      "physical_operator": {
        "Hash Join": [
          0.0010755424767096705
        ]
      }
    }
  },
  {
    "query": "-- Functional Query Definition\n-- Approved February 1998\n\n\nselect\nnation,\no_year,\nsum(amount) as sum_profit\nfrom\n(\nselect\nn_name as nation,\nextract(year from o_orderdate) as o_year,\nl_extendedprice * (1 - l_discount) - ps_supplycost * l_quantity as amount\nfrom\npart,\nsupplier,\nlineitem,\npartsupp,\norders,\nnation\nwhere\ns_suppkey = l_suppkey\nand ps_suppkey = l_suppkey\nand ps_partkey = l_partkey\nand p_partkey = l_partkey\nand o_orderkey = l_orderkey\nand s_nationkey = n_nationkey\nand p_name like '%moccasin%'\n) as profit\ngroup by\nnation,\no_year\norder by\nnation,\no_year desc ;\n-- $ID$\n-- TPC-H/TPC-R Returned Item Reporting ",
    "indexes": "part.p_name",
    "wo plan est": {
      "Node Type": "Aggregate",
      "Strategy": "Sorted",
      "Partial Mode": "Finalize",
      "Parallel Aware": false,
      "Async Capable": false,
      "Startup Cost": 2161468.0,
      "Total Cost": 2161475.32,
      "Plan Rows": 68,
      "Plan Width": 90,
      "Group Key": [
        "nation.n_name",
        "(EXTRACT(year FROM orders.o_orderdate))"
      ],
      "Plans": [
        {
          "Node Type": "Gather Merge",
          "Parent Relationship": "Outer",
          "Parallel Aware": false,
          "Async Capable": false,
          "Startup Cost": 2161468.0,
          "Total Cost": 2161473.9,
          "Plan Rows": 40,
          "Plan Width": 90,
          "Workers Planned": 1,
          "Plans": [
            {
              "Node Type": "Aggregate",
              "Strategy": "Sorted",
              "Partial Mode": "Partial",
              "Parent Relationship": "Outer",
              "Parallel Aware": false,
              "Async Capable": false,
              "Startup Cost": 2160467.99,
              "Total Cost": 2160469.39,
              "Plan Rows": 40,
              "Plan Width": 90,
              "Group Key": [
                "nation.n_name",
                "(EXTRACT(year FROM orders.o_orderdate))"
              ],
              "Plans": [
                {
                  "Node Type": "Sort",
                  "Parent Relationship": "Outer",
                  "Parallel Aware": false,
                  "Async Capable": false,
                  "Startup Cost": 2160467.99,
                  "Total Cost": 2160468.09,
                  "Plan Rows": 40,
                  "Plan Width": 81,
                  "Sort Key": [
                    "nation.n_name",
                    "(EXTRACT(year FROM orders.o_orderdate)) DESC"
                  ],
                  "Plans": [
                    {
                      "Node Type": "Hash Join",
                      "Parent Relationship": "Outer",
                      "Parallel Aware": false,
                      "Async Capable": false,
                      "Join Type": "Inner",
                      "Startup Cost": 2157441.29,
                      "Total Cost": 2160466.93,
                      "Plan Rows": 40,
                      "Plan Width": 81,
                      "Inner Unique": false,
                      "Hash Cond": "(supplier.s_nationkey = nation.n_nationkey)",
                      "Plans": [
                        {
                          "Node Type": "Hash Join",
                          "Parent Relationship": "Outer",
                          "Parallel Aware": true,
                          "Async Capable": false,
                          "Join Type": "Inner",
                          "Startup Cost": 2157439.73,
                          "Total Cost": 2160464.72,
                          "Plan Rows": 40,
                          "Plan Width": 31,
                          "Inner Unique": false,
                          "Hash Cond": "(supplier.s_suppkey = lineitem.l_suppkey)",
                          "Plans": [
                            {
                              "Node Type": "Seq Scan",
                              "Parent Relationship": "Outer",
                              "Parallel Aware": true,
                              "Async Capable": false,
                              "Relation Name": "supplier",
                              "Alias": "supplier",
                              "Startup Cost": 0.0,
                              "Total Cost": 2804.24,
                              "Plan Rows": 58824,
                              "Plan Width": 8,
                              "parent": 5,
                              "ID": 6
                            },
                            {
                              "Node Type": "Hash",
                              "Parent Relationship": "Inner",
                              "Parallel Aware": true,
                              "Async Capable": false,
                              "Startup Cost": 2157439.38,
                              "Total Cost": 2157439.38,
                              "Plan Rows": 28,
                              "Plan Width": 35,
                              "Plans": [
                                {
                                  "Node Type": "Hash Join",
                                  "Parent Relationship": "Outer",
                                  "Parallel Aware": true,
                                  "Async Capable": false,
                                  "Join Type": "Inner",
                                  "Startup Cost": 1810595.66,
                                  "Total Cost": 2157439.38,
                                  "Plan Rows": 28,
                                  "Plan Width": 35,
                                  "Inner Unique": false,
                                  "Hash Cond": "(orders.o_orderkey = lineitem.l_orderkey)",
                                  "Plans": [
                                    {
                                      "Node Type": "Seq Scan",
                                      "Parent Relationship": "Outer",
                                      "Parallel Aware": true,
                                      "Async Capable": false,
                                      "Relation Name": "orders",
                                      "Alias": "orders",
                                      "Startup Cost": 0.0,
                                      "Total Cost": 323407.71,
                                      "Plan Rows": 6249571,
                                      "Plan Width": 8,
                                      "parent": 8,
                                      "ID": 9
                                    },
                                    {
                                      "Node Type": "Hash",
                                      "Parent Relationship": "Inner",
                                      "Parallel Aware": true,
                                      "Async Capable": false,
                                      "Startup Cost": 1810595.31,
                                      "Total Cost": 1810595.31,
                                      "Plan Rows": 28,
                                      "Plan Width": 35,
                                      "Plans": [
                                        {
                                          "Node Type": "Hash Join",
                                          "Parent Relationship": "Outer",
                                          "Parallel Aware": true,
                                          "Async Capable": false,
                                          "Join Type": "Inner",
                                          "Startup Cost": 1539620.18,
                                          "Total Cost": 1810595.31,
                                          "Plan Rows": 28,
                                          "Plan Width": 35,
                                          "Inner Unique": false,
                                          "Hash Cond": "((partsupp.ps_suppkey = lineitem.l_suppkey) AND (partsupp.ps_partkey = lineitem.l_partkey))",
                                          "Plans": [
                                            {
                                              "Node Type": "Seq Scan",
                                              "Parent Relationship": "Outer",
                                              "Parallel Aware": true,
                                              "Async Capable": false,
                                              "Relation Name": "partsupp",
                                              "Alias": "partsupp",
                                              "Startup Cost": 0.0,
                                              "Total Cost": 207718.58,
                                              "Plan Rows": 3333258,
                                              "Plan Width": 14,
                                              "parent": 11,
                                              "ID": 12
                                            },
                                            {
                                              "Node Type": "Hash",
                                              "Parent Relationship": "Inner",
                                              "Parallel Aware": true,
                                              "Async Capable": false,
                                              "Startup Cost": 1522963.02,
                                              "Total Cost": 1522963.02,
                                              "Plan Rows": 730144,
                                              "Plan Width": 33,
                                              "Plans": [
                                                {
                                                  "Node Type": "Hash Join",
                                                  "Parent Relationship": "Outer",
                                                  "Parallel Aware": true,
                                                  "Async Capable": false,
                                                  "Join Type": "Inner",
                                                  "Startup Cost": 51693.93,
                                                  "Total Cost": 1522963.02,
                                                  "Plan Rows": 730144,
                                                  "Plan Width": 33,
                                                  "Inner Unique": false,
                                                  "Hash Cond": "(lineitem.l_partkey = part.p_partkey)",
                                                  "Plans": [
                                                    {
                                                      "Node Type": "Seq Scan",
                                                      "Parent Relationship": "Outer",
                                                      "Parallel Aware": true,
                                                      "Async Capable": false,
                                                      "Relation Name": "lineitem",
                                                      "Alias": "lineitem",
                                                      "Startup Cost": 0.0,
                                                      "Total Cost": 1374494.57,
                                                      "Plan Rows": 24995257,
                                                      "Plan Width": 29,
                                                      "parent": 14,
                                                      "ID": 15
                                                    },
                                                    {
                                                      "Node Type": "Hash",
                                                      "Parent Relationship": "Inner",
                                                      "Parallel Aware": true,
                                                      "Async Capable": false,
                                                      "Startup Cost": 51378.28,
                                                      "Total Cost": 51378.28,
                                                      "Plan Rows": 25252,
                                                      "Plan Width": 4,
                                                      "Plans": [
                                                        {
                                                          "Node Type": "Seq Scan",
                                                          "Parent Relationship": "Outer",
                                                          "Parallel Aware": true,
                                                          "Async Capable": false,
                                                          "Relation Name": "part",
                                                          "Alias": "part",
                                                          "Startup Cost": 0.0,
                                                          "Total Cost": 51378.28,
                                                          "Plan Rows": 25252,
                                                          "Plan Width": 4,
                                                          "Filter": "((p_name)::text ~~ '%moccasin%'::text)",
                                                          "parent": 16,
                                                          "ID": 17
                                                        }
                                                      ],
                                                      "parent": 14,
                                                      "ID": 16,
                                                      "left": 17
                                                    }
                                                  ],
                                                  "parent": 13,
                                                  "ID": 14,
                                                  "left": 15,
                                                  "right": 16
                                                }
                                              ],
                                              "parent": 11,
                                              "ID": 13,
                                              "left": 14
                                            }
                                          ],
                                          "parent": 10,
                                          "ID": 11,
                                          "left": 12,
                                          "right": 13
                                        }
                                      ],
                                      "parent": 8,
                                      "ID": 10,
                                      "left": 11
                                    }
                                  ],
                                  "parent": 7,
                                  "ID": 8,
                                  "left": 9,
                                  "right": 10
                                }
                              ],
                              "parent": 5,
                              "ID": 7,
                              "left": 8
                            }
                          ],
                          "parent": 4,
                          "ID": 5,
                          "left": 6,
                          "right": 7
                        },
                        {
                          "Node Type": "Hash",
                          "Parent Relationship": "Inner",
                          "Parallel Aware": false,
                          "Async Capable": false,
                          "Startup Cost": 1.25,
                          "Total Cost": 1.25,
                          "Plan Rows": 25,
                          "Plan Width": 30,
                          "Plans": [
                            {
                              "Node Type": "Seq Scan",
                              "Parent Relationship": "Outer",
                              "Parallel Aware": false,
                              "Async Capable": false,
                              "Relation Name": "nation",
                              "Alias": "nation",
                              "Startup Cost": 0.0,
                              "Total Cost": 1.25,
                              "Plan Rows": 25,
                              "Plan Width": 30,
                              "parent": 18,
                              "ID": 19
                            }
                          ],
                          "parent": 4,
                          "ID": 18,
                          "left": 19
                        }
                      ],
                      "parent": 3,
                      "ID": 4,
                      "left": 5,
                      "right": 18
                    }
                  ],
                  "parent": 2,
                  "ID": 3,
                  "left": 4
                }
              ],
              "parent": 1,
              "ID": 2,
              "left": 3
            }
          ],
          "parent": 0,
          "ID": 1,
          "left": 2
        }
      ],
      "parent": null,
      "ID": 0,
      "left": 1
    },
    "feat": {
      "utility": 0.02346988529886152,
      "query_shape": [
        [
          "Seq Scan",
          "Hash Join",
          "Sort",
          "Aggregate",
          "Gather Merge"
        ],
        [
          "Seq Scan",
          "Hash Join",
          "Hash",
          "Sort",
          "Aggregate",
          "Gather Merge"
        ],
        [
          "Seq Scan",
          "Hash Join",
          "Hash",
          "Sort",
          "Aggregate",
          "Gather Merge"
        ],
        [
          "Seq Scan",
          "Hash Join",
          "Hash",
          "Sort",
          "Aggregate",
          "Gather Merge"
        ],
        [
          "Seq Scan",
          "Hash",
          "Hash Join",
          "Sort",
          "Aggregate",
          "Gather Merge"
        ],
        [
          "Seq Scan",
          "Hash",
          "Hash Join",
          "Sort",
          "Aggregate",
          "Gather Merge"
        ]
      ],
      "index_shape": [
        "selection"
      ],
      "physical_operator": {
        "Seq Scan": [
          0.012626000000000026
        ]
      }
    }
  },
  {
    "query": "-- Functional Query Definition\n-- Approved February 1998\n\n\nselect\nnation,\no_year,\nsum(amount) as sum_profit\nfrom\n(\nselect\nn_name as nation,\nextract(year from o_orderdate) as o_year,\nl_extendedprice * (1 - l_discount) - ps_supplycost * l_quantity as amount\nfrom\npart,\nsupplier,\nlineitem,\npartsupp,\norders,\nnation\nwhere\ns_suppkey = l_suppkey\nand ps_suppkey = l_suppkey\nand ps_partkey = l_partkey\nand p_partkey = l_partkey\nand o_orderkey = l_orderkey\nand s_nationkey = n_nationkey\nand p_name like '%moccasin%'\n) as profit\ngroup by\nnation,\no_year\norder by\nnation,\no_year desc ;\n-- $ID$\n-- TPC-H/TPC-R Returned Item Reporting ",
    "indexes": "partsupp.ps_partkey",
    "wo plan est": {
      "Node Type": "Aggregate",
      "Strategy": "Sorted",
      "Partial Mode": "Finalize",
      "Parallel Aware": false,
      "Async Capable": false,
      "Startup Cost": 2161468.0,
      "Total Cost": 2161475.32,
      "Plan Rows": 68,
      "Plan Width": 90,
      "Group Key": [
        "nation.n_name",
        "(EXTRACT(year FROM orders.o_orderdate))"
      ],
      "Plans": [
        {
          "Node Type": "Gather Merge",
          "Parent Relationship": "Outer",
          "Parallel Aware": false,
          "Async Capable": false,
          "Startup Cost": 2161468.0,
          "Total Cost": 2161473.9,
          "Plan Rows": 40,
          "Plan Width": 90,
          "Workers Planned": 1,
          "Plans": [
            {
              "Node Type": "Aggregate",
              "Strategy": "Sorted",
              "Partial Mode": "Partial",
              "Parent Relationship": "Outer",
              "Parallel Aware": false,
              "Async Capable": false,
              "Startup Cost": 2160467.99,
              "Total Cost": 2160469.39,
              "Plan Rows": 40,
              "Plan Width": 90,
              "Group Key": [
                "nation.n_name",
                "(EXTRACT(year FROM orders.o_orderdate))"
              ],
              "Plans": [
                {
                  "Node Type": "Sort",
                  "Parent Relationship": "Outer",
                  "Parallel Aware": false,
                  "Async Capable": false,
                  "Startup Cost": 2160467.99,
                  "Total Cost": 2160468.09,
                  "Plan Rows": 40,
                  "Plan Width": 81,
                  "Sort Key": [
                    "nation.n_name",
                    "(EXTRACT(year FROM orders.o_orderdate)) DESC"
                  ],
                  "Plans": [
                    {
                      "Node Type": "Hash Join",
                      "Parent Relationship": "Outer",
                      "Parallel Aware": false,
                      "Async Capable": false,
                      "Join Type": "Inner",
                      "Startup Cost": 2157441.29,
                      "Total Cost": 2160466.93,
                      "Plan Rows": 40,
                      "Plan Width": 81,
                      "Inner Unique": false,
                      "Hash Cond": "(supplier.s_nationkey = nation.n_nationkey)",
                      "Plans": [
                        {
                          "Node Type": "Hash Join",
                          "Parent Relationship": "Outer",
                          "Parallel Aware": true,
                          "Async Capable": false,
                          "Join Type": "Inner",
                          "Startup Cost": 2157439.73,
                          "Total Cost": 2160464.72,
                          "Plan Rows": 40,
                          "Plan Width": 31,
                          "Inner Unique": false,
                          "Hash Cond": "(supplier.s_suppkey = lineitem.l_suppkey)",
                          "Plans": [
                            {
                              "Node Type": "Seq Scan",
                              "Parent Relationship": "Outer",
                              "Parallel Aware": true,
                              "Async Capable": false,
                              "Relation Name": "supplier",
                              "Alias": "supplier",
                              "Startup Cost": 0.0,
                              "Total Cost": 2804.24,
                              "Plan Rows": 58824,
                              "Plan Width": 8,
                              "parent": 5,
                              "ID": 6
                            },
                            {
                              "Node Type": "Hash",
                              "Parent Relationship": "Inner",
                              "Parallel Aware": true,
                              "Async Capable": false,
                              "Startup Cost": 2157439.38,
                              "Total Cost": 2157439.38,
                              "Plan Rows": 28,
                              "Plan Width": 35,
                              "Plans": [
                                {
                                  "Node Type": "Hash Join",
                                  "Parent Relationship": "Outer",
                                  "Parallel Aware": true,
                                  "Async Capable": false,
                                  "Join Type": "Inner",
                                  "Startup Cost": 1810595.66,
                                  "Total Cost": 2157439.38,
                                  "Plan Rows": 28,
                                  "Plan Width": 35,
                                  "Inner Unique": false,
                                  "Hash Cond": "(orders.o_orderkey = lineitem.l_orderkey)",
                                  "Plans": [
                                    {
                                      "Node Type": "Seq Scan",
                                      "Parent Relationship": "Outer",
                                      "Parallel Aware": true,
                                      "Async Capable": false,
                                      "Relation Name": "orders",
                                      "Alias": "orders",
                                      "Startup Cost": 0.0,
                                      "Total Cost": 323407.71,
                                      "Plan Rows": 6249571,
                                      "Plan Width": 8,
                                      "parent": 8,
                                      "ID": 9
                                    },
                                    {
                                      "Node Type": "Hash",
                                      "Parent Relationship": "Inner",
                                      "Parallel Aware": true,
                                      "Async Capable": false,
                                      "Startup Cost": 1810595.31,
                                      "Total Cost": 1810595.31,
                                      "Plan Rows": 28,
                                      "Plan Width": 35,
                                      "Plans": [
                                        {
                                          "Node Type": "Hash Join",
                                          "Parent Relationship": "Outer",
                                          "Parallel Aware": true,
                                          "Async Capable": false,
                                          "Join Type": "Inner",
                                          "Startup Cost": 1539620.18,
                                          "Total Cost": 1810595.31,
                                          "Plan Rows": 28,
                                          "Plan Width": 35,
                                          "Inner Unique": false,
                                          "Hash Cond": "((partsupp.ps_suppkey = lineitem.l_suppkey) AND (partsupp.ps_partkey = lineitem.l_partkey))",
                                          "Plans": [
                                            {
                                              "Node Type": "Seq Scan",
                                              "Parent Relationship": "Outer",
                                              "Parallel Aware": true,
                                              "Async Capable": false,
                                              "Relation Name": "partsupp",
                                              "Alias": "partsupp",
                                              "Startup Cost": 0.0,
                                              "Total Cost": 207718.58,
                                              "Plan Rows": 3333258,
                                              "Plan Width": 14,
                                              "parent": 11,
                                              "ID": 12
                                            },
                                            {
                                              "Node Type": "Hash",
                                              "Parent Relationship": "Inner",
                                              "Parallel Aware": true,
                                              "Async Capable": false,
                                              "Startup Cost": 1522963.02,
                                              "Total Cost": 1522963.02,
                                              "Plan Rows": 730144,
                                              "Plan Width": 33,
                                              "Plans": [
                                                {
                                                  "Node Type": "Hash Join",
                                                  "Parent Relationship": "Outer",
                                                  "Parallel Aware": true,
                                                  "Async Capable": false,
                                                  "Join Type": "Inner",
                                                  "Startup Cost": 51693.93,
                                                  "Total Cost": 1522963.02,
                                                  "Plan Rows": 730144,
                                                  "Plan Width": 33,
                                                  "Inner Unique": false,
                                                  "Hash Cond": "(lineitem.l_partkey = part.p_partkey)",
                                                  "Plans": [
                                                    {
                                                      "Node Type": "Seq Scan",
                                                      "Parent Relationship": "Outer",
                                                      "Parallel Aware": true,
                                                      "Async Capable": false,
                                                      "Relation Name": "lineitem",
                                                      "Alias": "lineitem",
                                                      "Startup Cost": 0.0,
                                                      "Total Cost": 1374494.57,
                                                      "Plan Rows": 24995257,
                                                      "Plan Width": 29,
                                                      "parent": 14,
                                                      "ID": 15
                                                    },
                                                    {
                                                      "Node Type": "Hash",
                                                      "Parent Relationship": "Inner",
                                                      "Parallel Aware": true,
                                                      "Async Capable": false,
                                                      "Startup Cost": 51378.28,
                                                      "Total Cost": 51378.28,
                                                      "Plan Rows": 25252,
                                                      "Plan Width": 4,
                                                      "Plans": [
                                                        {
                                                          "Node Type": "Seq Scan",
                                                          "Parent Relationship": "Outer",
                                                          "Parallel Aware": true,
                                                          "Async Capable": false,
                                                          "Relation Name": "part",
                                                          "Alias": "part",
                                                          "Startup Cost": 0.0,
                                                          "Total Cost": 51378.28,
                                                          "Plan Rows": 25252,
                                                          "Plan Width": 4,
                                                          "Filter": "((p_name)::text ~~ '%moccasin%'::text)",
                                                          "parent": 16,
                                                          "ID": 17
                                                        }
                                                      ],
                                                      "parent": 14,
                                                      "ID": 16,
                                                      "left": 17
                                                    }
                                                  ],
                                                  "parent": 13,
                                                  "ID": 14,
                                                  "left": 15,
                                                  "right": 16
                                                }
                                              ],
                                              "parent": 11,
                                              "ID": 13,
                                              "left": 14
                                            }
                                          ],
                                          "parent": 10,
                                          "ID": 11,
                                          "left": 12,
                                          "right": 13
                                        }
                                      ],
                                      "parent": 8,
                                      "ID": 10,
                                      "left": 11
                                    }
                                  ],
                                  "parent": 7,
                                  "ID": 8,
                                  "left": 9,
                                  "right": 10
                                }
                              ],
                              "parent": 5,
                              "ID": 7,
                              "left": 8
                            }
                          ],
                          "parent": 4,
                          "ID": 5,
                          "left": 6,
                          "right": 7
                        },
                        {
                          "Node Type": "Hash",
                          "Parent Relationship": "Inner",
                          "Parallel Aware": false,
                          "Async Capable": false,
                          "Startup Cost": 1.25,
                          "Total Cost": 1.25,
                          "Plan Rows": 25,
                          "Plan Width": 30,
                          "Plans": [
                            {
                              "Node Type": "Seq Scan",
                              "Parent Relationship": "Outer",
                              "Parallel Aware": false,
                              "Async Capable": false,
                              "Relation Name": "nation",
                              "Alias": "nation",
                              "Startup Cost": 0.0,
                              "Total Cost": 1.25,
                              "Plan Rows": 25,
                              "Plan Width": 30,
                              "parent": 18,
                              "ID": 19
                            }
                          ],
                          "parent": 4,
                          "ID": 18,
                          "left": 19
                        }
                      ],
                      "parent": 3,
                      "ID": 4,
                      "left": 5,
                      "right": 18
                    }
                  ],
                  "parent": 2,
                  "ID": 3,
                  "left": 4
                }
              ],
              "parent": 1,
              "ID": 2,
              "left": 3
            }
          ],
          "parent": 0,
          "ID": 1,
          "left": 2
        }
      ],
      "parent": null,
      "ID": 0,
      "left": 1
    },
    "feat": {
      "utility": 5.783067465937312e-07,
      "query_shape": [
        [
          "Seq Scan",
          "Hash Join",
          "Sort",
          "Aggregate",
          "Gather Merge"
        ],
        [
          "Seq Scan",
          "Hash Join",
          "Hash",
          "Sort",
          "Aggregate",
          "Gather Merge"
        ],
        [
          "Seq Scan",
          "Hash Join",
          "Hash",
          "Sort",
          "Aggregate",
          "Gather Merge"
        ],
        [
          "Seq Scan",
          "Hash Join",
          "Hash",
          "Sort",
          "Aggregate",
          "Gather Merge"
        ],
        [
          "Seq Scan",
          "Hash",
          "Hash Join",
          "Sort",
          "Aggregate",
          "Gather Merge"
        ],
        [
          "Seq Scan",
          "Hash",
          "Hash Join",
          "Sort",
          "Aggregate",
          "Gather Merge"
        ]
      ],
      "index_shape": [
        "join"
      ],
      "physical_operator": {
        "Hash Join": [
          3.391878524927478e-06
        ]
      }
    }
  },
  {
    "query": "-- Functional Query Definition\n-- Approved February 1998\n\n\nselect\nnation,\no_year,\nsum(amount) as sum_profit\nfrom\n(\nselect\nn_name as nation,\nextract(year from o_orderdate) as o_year,\nl_extendedprice * (1 - l_discount) - ps_supplycost * l_quantity as amount\nfrom\npart,\nsupplier,\nlineitem,\npartsupp,\norders,\nnation\nwhere\ns_suppkey = l_suppkey\nand ps_suppkey = l_suppkey\nand ps_partkey = l_partkey\nand p_partkey = l_partkey\nand o_orderkey = l_orderkey\nand s_nationkey = n_nationkey\nand p_name like '%moccasin%'\n) as profit\ngroup by\nnation,\no_year\norder by\nnation,\no_year desc ;\n-- $ID$\n-- TPC-H/TPC-R Returned Item Reporting ",
    "indexes": "partsupp.ps_suppkey",
    "wo plan est": {
      "Node Type": "Aggregate",
      "Strategy": "Sorted",
      "Partial Mode": "Finalize",
      "Parallel Aware": false,
      "Async Capable": false,
      "Startup Cost": 2161468.0,
      "Total Cost": 2161475.32,
      "Plan Rows": 68,
      "Plan Width": 90,
      "Group Key": [
        "nation.n_name",
        "(EXTRACT(year FROM orders.o_orderdate))"
      ],
      "Plans": [
        {
          "Node Type": "Gather Merge",
          "Parent Relationship": "Outer",
          "Parallel Aware": false,
          "Async Capable": false,
          "Startup Cost": 2161468.0,
          "Total Cost": 2161473.9,
          "Plan Rows": 40,
          "Plan Width": 90,
          "Workers Planned": 1,
          "Plans": [
            {
              "Node Type": "Aggregate",
              "Strategy": "Sorted",
              "Partial Mode": "Partial",
              "Parent Relationship": "Outer",
              "Parallel Aware": false,
              "Async Capable": false,
              "Startup Cost": 2160467.99,
              "Total Cost": 2160469.39,
              "Plan Rows": 40,
              "Plan Width": 90,
              "Group Key": [
                "nation.n_name",
                "(EXTRACT(year FROM orders.o_orderdate))"
              ],
              "Plans": [
                {
                  "Node Type": "Sort",
                  "Parent Relationship": "Outer",
                  "Parallel Aware": false,
                  "Async Capable": false,
                  "Startup Cost": 2160467.99,
                  "Total Cost": 2160468.09,
                  "Plan Rows": 40,
                  "Plan Width": 81,
                  "Sort Key": [
                    "nation.n_name",
                    "(EXTRACT(year FROM orders.o_orderdate)) DESC"
                  ],
                  "Plans": [
                    {
                      "Node Type": "Hash Join",
                      "Parent Relationship": "Outer",
                      "Parallel Aware": false,
                      "Async Capable": false,
                      "Join Type": "Inner",
                      "Startup Cost": 2157441.29,
                      "Total Cost": 2160466.93,
                      "Plan Rows": 40,
                      "Plan Width": 81,
                      "Inner Unique": false,
                      "Hash Cond": "(supplier.s_nationkey = nation.n_nationkey)",
                      "Plans": [
                        {
                          "Node Type": "Hash Join",
                          "Parent Relationship": "Outer",
                          "Parallel Aware": true,
                          "Async Capable": false,
                          "Join Type": "Inner",
                          "Startup Cost": 2157439.73,
                          "Total Cost": 2160464.72,
                          "Plan Rows": 40,
                          "Plan Width": 31,
                          "Inner Unique": false,
                          "Hash Cond": "(supplier.s_suppkey = lineitem.l_suppkey)",
                          "Plans": [
                            {
                              "Node Type": "Seq Scan",
                              "Parent Relationship": "Outer",
                              "Parallel Aware": true,
                              "Async Capable": false,
                              "Relation Name": "supplier",
                              "Alias": "supplier",
                              "Startup Cost": 0.0,
                              "Total Cost": 2804.24,
                              "Plan Rows": 58824,
                              "Plan Width": 8,
                              "parent": 5,
                              "ID": 6
                            },
                            {
                              "Node Type": "Hash",
                              "Parent Relationship": "Inner",
                              "Parallel Aware": true,
                              "Async Capable": false,
                              "Startup Cost": 2157439.38,
                              "Total Cost": 2157439.38,
                              "Plan Rows": 28,
                              "Plan Width": 35,
                              "Plans": [
                                {
                                  "Node Type": "Hash Join",
                                  "Parent Relationship": "Outer",
                                  "Parallel Aware": true,
                                  "Async Capable": false,
                                  "Join Type": "Inner",
                                  "Startup Cost": 1810595.66,
                                  "Total Cost": 2157439.38,
                                  "Plan Rows": 28,
                                  "Plan Width": 35,
                                  "Inner Unique": false,
                                  "Hash Cond": "(orders.o_orderkey = lineitem.l_orderkey)",
                                  "Plans": [
                                    {
                                      "Node Type": "Seq Scan",
                                      "Parent Relationship": "Outer",
                                      "Parallel Aware": true,
                                      "Async Capable": false,
                                      "Relation Name": "orders",
                                      "Alias": "orders",
                                      "Startup Cost": 0.0,
                                      "Total Cost": 323407.71,
                                      "Plan Rows": 6249571,
                                      "Plan Width": 8,
                                      "parent": 8,
                                      "ID": 9
                                    },
                                    {
                                      "Node Type": "Hash",
                                      "Parent Relationship": "Inner",
                                      "Parallel Aware": true,
                                      "Async Capable": false,
                                      "Startup Cost": 1810595.31,
                                      "Total Cost": 1810595.31,
                                      "Plan Rows": 28,
                                      "Plan Width": 35,
                                      "Plans": [
                                        {
                                          "Node Type": "Hash Join",
                                          "Parent Relationship": "Outer",
                                          "Parallel Aware": true,
                                          "Async Capable": false,
                                          "Join Type": "Inner",
                                          "Startup Cost": 1539620.18,
                                          "Total Cost": 1810595.31,
                                          "Plan Rows": 28,
                                          "Plan Width": 35,
                                          "Inner Unique": false,
                                          "Hash Cond": "((partsupp.ps_suppkey = lineitem.l_suppkey) AND (partsupp.ps_partkey = lineitem.l_partkey))",
                                          "Plans": [
                                            {
                                              "Node Type": "Seq Scan",
                                              "Parent Relationship": "Outer",
                                              "Parallel Aware": true,
                                              "Async Capable": false,
                                              "Relation Name": "partsupp",
                                              "Alias": "partsupp",
                                              "Startup Cost": 0.0,
                                              "Total Cost": 207718.58,
                                              "Plan Rows": 3333258,
                                              "Plan Width": 14,
                                              "parent": 11,
                                              "ID": 12
                                            },
                                            {
                                              "Node Type": "Hash",
                                              "Parent Relationship": "Inner",
                                              "Parallel Aware": true,
                                              "Async Capable": false,
                                              "Startup Cost": 1522963.02,
                                              "Total Cost": 1522963.02,
                                              "Plan Rows": 730144,
                                              "Plan Width": 33,
                                              "Plans": [
                                                {
                                                  "Node Type": "Hash Join",
                                                  "Parent Relationship": "Outer",
                                                  "Parallel Aware": true,
                                                  "Async Capable": false,
                                                  "Join Type": "Inner",
                                                  "Startup Cost": 51693.93,
                                                  "Total Cost": 1522963.02,
                                                  "Plan Rows": 730144,
                                                  "Plan Width": 33,
                                                  "Inner Unique": false,
                                                  "Hash Cond": "(lineitem.l_partkey = part.p_partkey)",
                                                  "Plans": [
                                                    {
                                                      "Node Type": "Seq Scan",
                                                      "Parent Relationship": "Outer",
                                                      "Parallel Aware": true,
                                                      "Async Capable": false,
                                                      "Relation Name": "lineitem",
                                                      "Alias": "lineitem",
                                                      "Startup Cost": 0.0,
                                                      "Total Cost": 1374494.57,
                                                      "Plan Rows": 24995257,
                                                      "Plan Width": 29,
                                                      "parent": 14,
                                                      "ID": 15
                                                    },
                                                    {
                                                      "Node Type": "Hash",
                                                      "Parent Relationship": "Inner",
                                                      "Parallel Aware": true,
                                                      "Async Capable": false,
                                                      "Startup Cost": 51378.28,
                                                      "Total Cost": 51378.28,
                                                      "Plan Rows": 25252,
                                                      "Plan Width": 4,
                                                      "Plans": [
                                                        {
                                                          "Node Type": "Seq Scan",
                                                          "Parent Relationship": "Outer",
                                                          "Parallel Aware": true,
                                                          "Async Capable": false,
                                                          "Relation Name": "part",
                                                          "Alias": "part",
                                                          "Startup Cost": 0.0,
                                                          "Total Cost": 51378.28,
                                                          "Plan Rows": 25252,
                                                          "Plan Width": 4,
                                                          "Filter": "((p_name)::text ~~ '%moccasin%'::text)",
                                                          "parent": 16,
                                                          "ID": 17
                                                        }
                                                      ],
                                                      "parent": 14,
                                                      "ID": 16,
                                                      "left": 17
                                                    }
                                                  ],
                                                  "parent": 13,
                                                  "ID": 14,
                                                  "left": 15,
                                                  "right": 16
                                                }
                                              ],
                                              "parent": 11,
                                              "ID": 13,
                                              "left": 14
                                            }
                                          ],
                                          "parent": 10,
                                          "ID": 11,
                                          "left": 12,
                                          "right": 13
                                        }
                                      ],
                                      "parent": 8,
                                      "ID": 10,
                                      "left": 11
                                    }
                                  ],
                                  "parent": 7,
                                  "ID": 8,
                                  "left": 9,
                                  "right": 10
                                }
                              ],
                              "parent": 5,
                              "ID": 7,
                              "left": 8
                            }
                          ],
                          "parent": 4,
                          "ID": 5,
                          "left": 6,
                          "right": 7
                        },
                        {
                          "Node Type": "Hash",
                          "Parent Relationship": "Inner",
                          "Parallel Aware": false,
                          "Async Capable": false,
                          "Startup Cost": 1.25,
                          "Total Cost": 1.25,
                          "Plan Rows": 25,
                          "Plan Width": 30,
                          "Plans": [
                            {
                              "Node Type": "Seq Scan",
                              "Parent Relationship": "Outer",
                              "Parallel Aware": false,
                              "Async Capable": false,
                              "Relation Name": "nation",
                              "Alias": "nation",
                              "Startup Cost": 0.0,
                              "Total Cost": 1.25,
                              "Plan Rows": 25,
                              "Plan Width": 30,
                              "parent": 18,
                              "ID": 19
                            }
                          ],
                          "parent": 4,
                          "ID": 18,
                          "left": 19
                        }
                      ],
                      "parent": 3,
                      "ID": 4,
                      "left": 5,
                      "right": 18
                    }
                  ],
                  "parent": 2,
                  "ID": 3,
                  "left": 4
                }
              ],
              "parent": 1,
              "ID": 2,
              "left": 3
            }
          ],
          "parent": 0,
          "ID": 1,
          "left": 2
        }
      ],
      "parent": null,
      "ID": 0,
      "left": 1
    },
    "feat": {
      "utility": 5.783067465937312e-07,
      "query_shape": [
        [
          "Seq Scan",
          "Hash Join",
          "Sort",
          "Aggregate",
          "Gather Merge"
        ],
        [
          "Seq Scan",
          "Hash Join",
          "Hash",
          "Sort",
          "Aggregate",
          "Gather Merge"
        ],
        [
          "Seq Scan",
          "Hash Join",
          "Hash",
          "Sort",
          "Aggregate",
          "Gather Merge"
        ],
        [
          "Seq Scan",
          "Hash Join",
          "Hash",
          "Sort",
          "Aggregate",
          "Gather Merge"
        ],
        [
          "Seq Scan",
          "Hash",
          "Hash Join",
          "Sort",
          "Aggregate",
          "Gather Merge"
        ],
        [
          "Seq Scan",
          "Hash",
          "Hash Join",
          "Sort",
          "Aggregate",
          "Gather Merge"
        ]
      ],
      "index_shape": [
        "join"
      ],
      "physical_operator": {
        "Hash Join": [
          3.391878524927478e-06
        ]
      }
    }
  },
  {
    "query": "-- Functional Query Definition\n-- Approved February 1998\n\n\nselect\nnation,\no_year,\nsum(amount) as sum_profit\nfrom\n(\nselect\nn_name as nation,\nextract(year from o_orderdate) as o_year,\nl_extendedprice * (1 - l_discount) - ps_supplycost * l_quantity as amount\nfrom\npart,\nsupplier,\nlineitem,\npartsupp,\norders,\nnation\nwhere\ns_suppkey = l_suppkey\nand ps_suppkey = l_suppkey\nand ps_partkey = l_partkey\nand p_partkey = l_partkey\nand o_orderkey = l_orderkey\nand s_nationkey = n_nationkey\nand p_name like '%moccasin%'\n) as profit\ngroup by\nnation,\no_year\norder by\nnation,\no_year desc ;\n-- $ID$\n-- TPC-H/TPC-R Returned Item Reporting ",
    "indexes": "partsupp.ps_supplycost",
    "wo plan est": {
      "Node Type": "Aggregate",
      "Strategy": "Sorted",
      "Partial Mode": "Finalize",
      "Parallel Aware": false,
      "Async Capable": false,
      "Startup Cost": 2161468.0,
      "Total Cost": 2161475.32,
      "Plan Rows": 68,
      "Plan Width": 90,
      "Group Key": [
        "nation.n_name",
        "(EXTRACT(year FROM orders.o_orderdate))"
      ],
      "Plans": [
        {
          "Node Type": "Gather Merge",
          "Parent Relationship": "Outer",
          "Parallel Aware": false,
          "Async Capable": false,
          "Startup Cost": 2161468.0,
          "Total Cost": 2161473.9,
          "Plan Rows": 40,
          "Plan Width": 90,
          "Workers Planned": 1,
          "Plans": [
            {
              "Node Type": "Aggregate",
              "Strategy": "Sorted",
              "Partial Mode": "Partial",
              "Parent Relationship": "Outer",
              "Parallel Aware": false,
              "Async Capable": false,
              "Startup Cost": 2160467.99,
              "Total Cost": 2160469.39,
              "Plan Rows": 40,
              "Plan Width": 90,
              "Group Key": [
                "nation.n_name",
                "(EXTRACT(year FROM orders.o_orderdate))"
              ],
              "Plans": [
                {
                  "Node Type": "Sort",
                  "Parent Relationship": "Outer",
                  "Parallel Aware": false,
                  "Async Capable": false,
                  "Startup Cost": 2160467.99,
                  "Total Cost": 2160468.09,
                  "Plan Rows": 40,
                  "Plan Width": 81,
                  "Sort Key": [
                    "nation.n_name",
                    "(EXTRACT(year FROM orders.o_orderdate)) DESC"
                  ],
                  "Plans": [
                    {
                      "Node Type": "Hash Join",
                      "Parent Relationship": "Outer",
                      "Parallel Aware": false,
                      "Async Capable": false,
                      "Join Type": "Inner",
                      "Startup Cost": 2157441.29,
                      "Total Cost": 2160466.93,
                      "Plan Rows": 40,
                      "Plan Width": 81,
                      "Inner Unique": false,
                      "Hash Cond": "(supplier.s_nationkey = nation.n_nationkey)",
                      "Plans": [
                        {
                          "Node Type": "Hash Join",
                          "Parent Relationship": "Outer",
                          "Parallel Aware": true,
                          "Async Capable": false,
                          "Join Type": "Inner",
                          "Startup Cost": 2157439.73,
                          "Total Cost": 2160464.72,
                          "Plan Rows": 40,
                          "Plan Width": 31,
                          "Inner Unique": false,
                          "Hash Cond": "(supplier.s_suppkey = lineitem.l_suppkey)",
                          "Plans": [
                            {
                              "Node Type": "Seq Scan",
                              "Parent Relationship": "Outer",
                              "Parallel Aware": true,
                              "Async Capable": false,
                              "Relation Name": "supplier",
                              "Alias": "supplier",
                              "Startup Cost": 0.0,
                              "Total Cost": 2804.24,
                              "Plan Rows": 58824,
                              "Plan Width": 8,
                              "parent": 5,
                              "ID": 6
                            },
                            {
                              "Node Type": "Hash",
                              "Parent Relationship": "Inner",
                              "Parallel Aware": true,
                              "Async Capable": false,
                              "Startup Cost": 2157439.38,
                              "Total Cost": 2157439.38,
                              "Plan Rows": 28,
                              "Plan Width": 35,
                              "Plans": [
                                {
                                  "Node Type": "Hash Join",
                                  "Parent Relationship": "Outer",
                                  "Parallel Aware": true,
                                  "Async Capable": false,
                                  "Join Type": "Inner",
                                  "Startup Cost": 1810595.66,
                                  "Total Cost": 2157439.38,
                                  "Plan Rows": 28,
                                  "Plan Width": 35,
                                  "Inner Unique": false,
                                  "Hash Cond": "(orders.o_orderkey = lineitem.l_orderkey)",
                                  "Plans": [
                                    {
                                      "Node Type": "Seq Scan",
                                      "Parent Relationship": "Outer",
                                      "Parallel Aware": true,
                                      "Async Capable": false,
                                      "Relation Name": "orders",
                                      "Alias": "orders",
                                      "Startup Cost": 0.0,
                                      "Total Cost": 323407.71,
                                      "Plan Rows": 6249571,
                                      "Plan Width": 8,
                                      "parent": 8,
                                      "ID": 9
                                    },
                                    {
                                      "Node Type": "Hash",
                                      "Parent Relationship": "Inner",
                                      "Parallel Aware": true,
                                      "Async Capable": false,
                                      "Startup Cost": 1810595.31,
                                      "Total Cost": 1810595.31,
                                      "Plan Rows": 28,
                                      "Plan Width": 35,
                                      "Plans": [
                                        {
                                          "Node Type": "Hash Join",
                                          "Parent Relationship": "Outer",
                                          "Parallel Aware": true,
                                          "Async Capable": false,
                                          "Join Type": "Inner",
                                          "Startup Cost": 1539620.18,
                                          "Total Cost": 1810595.31,
                                          "Plan Rows": 28,
                                          "Plan Width": 35,
                                          "Inner Unique": false,
                                          "Hash Cond": "((partsupp.ps_suppkey = lineitem.l_suppkey) AND (partsupp.ps_partkey = lineitem.l_partkey))",
                                          "Plans": [
                                            {
                                              "Node Type": "Seq Scan",
                                              "Parent Relationship": "Outer",
                                              "Parallel Aware": true,
                                              "Async Capable": false,
                                              "Relation Name": "partsupp",
                                              "Alias": "partsupp",
                                              "Startup Cost": 0.0,
                                              "Total Cost": 207718.58,
                                              "Plan Rows": 3333258,
                                              "Plan Width": 14,
                                              "parent": 11,
                                              "ID": 12
                                            },
                                            {
                                              "Node Type": "Hash",
                                              "Parent Relationship": "Inner",
                                              "Parallel Aware": true,
                                              "Async Capable": false,
                                              "Startup Cost": 1522963.02,
                                              "Total Cost": 1522963.02,
                                              "Plan Rows": 730144,
                                              "Plan Width": 33,
                                              "Plans": [
                                                {
                                                  "Node Type": "Hash Join",
                                                  "Parent Relationship": "Outer",
                                                  "Parallel Aware": true,
                                                  "Async Capable": false,
                                                  "Join Type": "Inner",
                                                  "Startup Cost": 51693.93,
                                                  "Total Cost": 1522963.02,
                                                  "Plan Rows": 730144,
                                                  "Plan Width": 33,
                                                  "Inner Unique": false,
                                                  "Hash Cond": "(lineitem.l_partkey = part.p_partkey)",
                                                  "Plans": [
                                                    {
                                                      "Node Type": "Seq Scan",
                                                      "Parent Relationship": "Outer",
                                                      "Parallel Aware": true,
                                                      "Async Capable": false,
                                                      "Relation Name": "lineitem",
                                                      "Alias": "lineitem",
                                                      "Startup Cost": 0.0,
                                                      "Total Cost": 1374494.57,
                                                      "Plan Rows": 24995257,
                                                      "Plan Width": 29,
                                                      "parent": 14,
                                                      "ID": 15
                                                    },
                                                    {
                                                      "Node Type": "Hash",
                                                      "Parent Relationship": "Inner",
                                                      "Parallel Aware": true,
                                                      "Async Capable": false,
                                                      "Startup Cost": 51378.28,
                                                      "Total Cost": 51378.28,
                                                      "Plan Rows": 25252,
                                                      "Plan Width": 4,
                                                      "Plans": [
                                                        {
                                                          "Node Type": "Seq Scan",
                                                          "Parent Relationship": "Outer",
                                                          "Parallel Aware": true,
                                                          "Async Capable": false,
                                                          "Relation Name": "part",
                                                          "Alias": "part",
                                                          "Startup Cost": 0.0,
                                                          "Total Cost": 51378.28,
                                                          "Plan Rows": 25252,
                                                          "Plan Width": 4,
                                                          "Filter": "((p_name)::text ~~ '%moccasin%'::text)",
                                                          "parent": 16,
                                                          "ID": 17
                                                        }
                                                      ],
                                                      "parent": 14,
                                                      "ID": 16,
                                                      "left": 17
                                                    }
                                                  ],
                                                  "parent": 13,
                                                  "ID": 14,
                                                  "left": 15,
                                                  "right": 16
                                                }
                                              ],
                                              "parent": 11,
                                              "ID": 13,
                                              "left": 14
                                            }
                                          ],
                                          "parent": 10,
                                          "ID": 11,
                                          "left": 12,
                                          "right": 13
                                        }
                                      ],
                                      "parent": 8,
                                      "ID": 10,
                                      "left": 11
                                    }
                                  ],
                                  "parent": 7,
                                  "ID": 8,
                                  "left": 9,
                                  "right": 10
                                }
                              ],
                              "parent": 5,
                              "ID": 7,
                              "left": 8
                            }
                          ],
                          "parent": 4,
                          "ID": 5,
                          "left": 6,
                          "right": 7
                        },
                        {
                          "Node Type": "Hash",
                          "Parent Relationship": "Inner",
                          "Parallel Aware": false,
                          "Async Capable": false,
                          "Startup Cost": 1.25,
                          "Total Cost": 1.25,
                          "Plan Rows": 25,
                          "Plan Width": 30,
                          "Plans": [
                            {
                              "Node Type": "Seq Scan",
                              "Parent Relationship": "Outer",
                              "Parallel Aware": false,
                              "Async Capable": false,
                              "Relation Name": "nation",
                              "Alias": "nation",
                              "Startup Cost": 0.0,
                              "Total Cost": 1.25,
                              "Plan Rows": 25,
                              "Plan Width": 30,
                              "parent": 18,
                              "ID": 19
                            }
                          ],
                          "parent": 4,
                          "ID": 18,
                          "left": 19
                        }
                      ],
                      "parent": 3,
                      "ID": 4,
                      "left": 5,
                      "right": 18
                    }
                  ],
                  "parent": 2,
                  "ID": 3,
                  "left": 4
                }
              ],
              "parent": 1,
              "ID": 2,
              "left": 3
            }
          ],
          "parent": 0,
          "ID": 1,
          "left": 2
        }
      ],
      "parent": null,
      "ID": 0,
      "left": 1
    },
    "feat": {
      "utility": 0.0,
      "query_shape": [
        [
          "Seq Scan",
          "Hash Join",
          "Sort",
          "Aggregate",
          "Gather Merge"
        ],
        [
          "Seq Scan",
          "Hash Join",
          "Hash",
          "Sort",
          "Aggregate",
          "Gather Merge"
        ],
        [
          "Seq Scan",
          "Hash Join",
          "Hash",
          "Sort",
          "Aggregate",
          "Gather Merge"
        ],
        [
          "Seq Scan",
          "Hash Join",
          "Hash",
          "Sort",
          "Aggregate",
          "Gather Merge"
        ],
        [
          "Seq Scan",
          "Hash",
          "Hash Join",
          "Sort",
          "Aggregate",
          "Gather Merge"
        ],
        [
          "Seq Scan",
          "Hash",
          "Hash Join",
          "Sort",
          "Aggregate",
          "Gather Merge"
        ]
      ],
      "index_shape": [],
      "physical_operator": {}
    }
  },
  {
    "query": "-- Functional Query Definition\n-- Approved February 1998\n\n\nselect\nnation,\no_year,\nsum(amount) as sum_profit\nfrom\n(\nselect\nn_name as nation,\nextract(year from o_orderdate) as o_year,\nl_extendedprice * (1 - l_discount) - ps_supplycost * l_quantity as amount\nfrom\npart,\nsupplier,\nlineitem,\npartsupp,\norders,\nnation\nwhere\ns_suppkey = l_suppkey\nand ps_suppkey = l_suppkey\nand ps_partkey = l_partkey\nand p_partkey = l_partkey\nand o_orderkey = l_orderkey\nand s_nationkey = n_nationkey\nand p_name like '%moccasin%'\n) as profit\ngroup by\nnation,\no_year\norder by\nnation,\no_year desc ;\n-- $ID$\n-- TPC-H/TPC-R Returned Item Reporting ",
    "indexes": "supplier.s_suppkey",
    "wo plan est": {
      "Node Type": "Aggregate",
      "Strategy": "Sorted",
      "Partial Mode": "Finalize",
      "Parallel Aware": false,
      "Async Capable": false,
      "Startup Cost": 2161468.0,
      "Total Cost": 2161475.32,
      "Plan Rows": 68,
      "Plan Width": 90,
      "Group Key": [
        "nation.n_name",
        "(EXTRACT(year FROM orders.o_orderdate))"
      ],
      "Plans": [
        {
          "Node Type": "Gather Merge",
          "Parent Relationship": "Outer",
          "Parallel Aware": false,
          "Async Capable": false,
          "Startup Cost": 2161468.0,
          "Total Cost": 2161473.9,
          "Plan Rows": 40,
          "Plan Width": 90,
          "Workers Planned": 1,
          "Plans": [
            {
              "Node Type": "Aggregate",
              "Strategy": "Sorted",
              "Partial Mode": "Partial",
              "Parent Relationship": "Outer",
              "Parallel Aware": false,
              "Async Capable": false,
              "Startup Cost": 2160467.99,
              "Total Cost": 2160469.39,
              "Plan Rows": 40,
              "Plan Width": 90,
              "Group Key": [
                "nation.n_name",
                "(EXTRACT(year FROM orders.o_orderdate))"
              ],
              "Plans": [
                {
                  "Node Type": "Sort",
                  "Parent Relationship": "Outer",
                  "Parallel Aware": false,
                  "Async Capable": false,
                  "Startup Cost": 2160467.99,
                  "Total Cost": 2160468.09,
                  "Plan Rows": 40,
                  "Plan Width": 81,
                  "Sort Key": [
                    "nation.n_name",
                    "(EXTRACT(year FROM orders.o_orderdate)) DESC"
                  ],
                  "Plans": [
                    {
                      "Node Type": "Hash Join",
                      "Parent Relationship": "Outer",
                      "Parallel Aware": false,
                      "Async Capable": false,
                      "Join Type": "Inner",
                      "Startup Cost": 2157441.29,
                      "Total Cost": 2160466.93,
                      "Plan Rows": 40,
                      "Plan Width": 81,
                      "Inner Unique": false,
                      "Hash Cond": "(supplier.s_nationkey = nation.n_nationkey)",
                      "Plans": [
                        {
                          "Node Type": "Hash Join",
                          "Parent Relationship": "Outer",
                          "Parallel Aware": true,
                          "Async Capable": false,
                          "Join Type": "Inner",
                          "Startup Cost": 2157439.73,
                          "Total Cost": 2160464.72,
                          "Plan Rows": 40,
                          "Plan Width": 31,
                          "Inner Unique": false,
                          "Hash Cond": "(supplier.s_suppkey = lineitem.l_suppkey)",
                          "Plans": [
                            {
                              "Node Type": "Seq Scan",
                              "Parent Relationship": "Outer",
                              "Parallel Aware": true,
                              "Async Capable": false,
                              "Relation Name": "supplier",
                              "Alias": "supplier",
                              "Startup Cost": 0.0,
                              "Total Cost": 2804.24,
                              "Plan Rows": 58824,
                              "Plan Width": 8,
                              "parent": 5,
                              "ID": 6
                            },
                            {
                              "Node Type": "Hash",
                              "Parent Relationship": "Inner",
                              "Parallel Aware": true,
                              "Async Capable": false,
                              "Startup Cost": 2157439.38,
                              "Total Cost": 2157439.38,
                              "Plan Rows": 28,
                              "Plan Width": 35,
                              "Plans": [
                                {
                                  "Node Type": "Hash Join",
                                  "Parent Relationship": "Outer",
                                  "Parallel Aware": true,
                                  "Async Capable": false,
                                  "Join Type": "Inner",
                                  "Startup Cost": 1810595.66,
                                  "Total Cost": 2157439.38,
                                  "Plan Rows": 28,
                                  "Plan Width": 35,
                                  "Inner Unique": false,
                                  "Hash Cond": "(orders.o_orderkey = lineitem.l_orderkey)",
                                  "Plans": [
                                    {
                                      "Node Type": "Seq Scan",
                                      "Parent Relationship": "Outer",
                                      "Parallel Aware": true,
                                      "Async Capable": false,
                                      "Relation Name": "orders",
                                      "Alias": "orders",
                                      "Startup Cost": 0.0,
                                      "Total Cost": 323407.71,
                                      "Plan Rows": 6249571,
                                      "Plan Width": 8,
                                      "parent": 8,
                                      "ID": 9
                                    },
                                    {
                                      "Node Type": "Hash",
                                      "Parent Relationship": "Inner",
                                      "Parallel Aware": true,
                                      "Async Capable": false,
                                      "Startup Cost": 1810595.31,
                                      "Total Cost": 1810595.31,
                                      "Plan Rows": 28,
                                      "Plan Width": 35,
                                      "Plans": [
                                        {
                                          "Node Type": "Hash Join",
                                          "Parent Relationship": "Outer",
                                          "Parallel Aware": true,
                                          "Async Capable": false,
                                          "Join Type": "Inner",
                                          "Startup Cost": 1539620.18,
                                          "Total Cost": 1810595.31,
                                          "Plan Rows": 28,
                                          "Plan Width": 35,
                                          "Inner Unique": false,
                                          "Hash Cond": "((partsupp.ps_suppkey = lineitem.l_suppkey) AND (partsupp.ps_partkey = lineitem.l_partkey))",
                                          "Plans": [
                                            {
                                              "Node Type": "Seq Scan",
                                              "Parent Relationship": "Outer",
                                              "Parallel Aware": true,
                                              "Async Capable": false,
                                              "Relation Name": "partsupp",
                                              "Alias": "partsupp",
                                              "Startup Cost": 0.0,
                                              "Total Cost": 207718.58,
                                              "Plan Rows": 3333258,
                                              "Plan Width": 14,
                                              "parent": 11,
                                              "ID": 12
                                            },
                                            {
                                              "Node Type": "Hash",
                                              "Parent Relationship": "Inner",
                                              "Parallel Aware": true,
                                              "Async Capable": false,
                                              "Startup Cost": 1522963.02,
                                              "Total Cost": 1522963.02,
                                              "Plan Rows": 730144,
                                              "Plan Width": 33,
                                              "Plans": [
                                                {
                                                  "Node Type": "Hash Join",
                                                  "Parent Relationship": "Outer",
                                                  "Parallel Aware": true,
                                                  "Async Capable": false,
                                                  "Join Type": "Inner",
                                                  "Startup Cost": 51693.93,
                                                  "Total Cost": 1522963.02,
                                                  "Plan Rows": 730144,
                                                  "Plan Width": 33,
                                                  "Inner Unique": false,
                                                  "Hash Cond": "(lineitem.l_partkey = part.p_partkey)",
                                                  "Plans": [
                                                    {
                                                      "Node Type": "Seq Scan",
                                                      "Parent Relationship": "Outer",
                                                      "Parallel Aware": true,
                                                      "Async Capable": false,
                                                      "Relation Name": "lineitem",
                                                      "Alias": "lineitem",
                                                      "Startup Cost": 0.0,
                                                      "Total Cost": 1374494.57,
                                                      "Plan Rows": 24995257,
                                                      "Plan Width": 29,
                                                      "parent": 14,
                                                      "ID": 15
                                                    },
                                                    {
                                                      "Node Type": "Hash",
                                                      "Parent Relationship": "Inner",
                                                      "Parallel Aware": true,
                                                      "Async Capable": false,
                                                      "Startup Cost": 51378.28,
                                                      "Total Cost": 51378.28,
                                                      "Plan Rows": 25252,
                                                      "Plan Width": 4,
                                                      "Plans": [
                                                        {
                                                          "Node Type": "Seq Scan",
                                                          "Parent Relationship": "Outer",
                                                          "Parallel Aware": true,
                                                          "Async Capable": false,
                                                          "Relation Name": "part",
                                                          "Alias": "part",
                                                          "Startup Cost": 0.0,
                                                          "Total Cost": 51378.28,
                                                          "Plan Rows": 25252,
                                                          "Plan Width": 4,
                                                          "Filter": "((p_name)::text ~~ '%moccasin%'::text)",
                                                          "parent": 16,
                                                          "ID": 17
                                                        }
                                                      ],
                                                      "parent": 14,
                                                      "ID": 16,
                                                      "left": 17
                                                    }
                                                  ],
                                                  "parent": 13,
                                                  "ID": 14,
                                                  "left": 15,
                                                  "right": 16
                                                }
                                              ],
                                              "parent": 11,
                                              "ID": 13,
                                              "left": 14
                                            }
                                          ],
                                          "parent": 10,
                                          "ID": 11,
                                          "left": 12,
                                          "right": 13
                                        }
                                      ],
                                      "parent": 8,
                                      "ID": 10,
                                      "left": 11
                                    }
                                  ],
                                  "parent": 7,
                                  "ID": 8,
                                  "left": 9,
                                  "right": 10
                                }
                              ],
                              "parent": 5,
                              "ID": 7,
                              "left": 8
                            }
                          ],
                          "parent": 4,
                          "ID": 5,
                          "left": 6,
                          "right": 7
                        },
                        {
                          "Node Type": "Hash",
                          "Parent Relationship": "Inner",
                          "Parallel Aware": false,
                          "Async Capable": false,
                          "Startup Cost": 1.25,
                          "Total Cost": 1.25,
                          "Plan Rows": 25,
                          "Plan Width": 30,
                          "Plans": [
                            {
                              "Node Type": "Seq Scan",
                              "Parent Relationship": "Outer",
                              "Parallel Aware": false,
                              "Async Capable": false,
                              "Relation Name": "nation",
                              "Alias": "nation",
                              "Startup Cost": 0.0,
                              "Total Cost": 1.25,
                              "Plan Rows": 25,
                              "Plan Width": 30,
                              "parent": 18,
                              "ID": 19
                            }
                          ],
                          "parent": 4,
                          "ID": 18,
                          "left": 19
                        }
                      ],
                      "parent": 3,
                      "ID": 4,
                      "left": 5,
                      "right": 18
                    }
                  ],
                  "parent": 2,
                  "ID": 3,
                  "left": 4
                }
              ],
              "parent": 1,
              "ID": 2,
              "left": 3
            }
          ],
          "parent": 0,
          "ID": 1,
          "left": 2
        }
      ],
      "parent": null,
      "ID": 0,
      "left": 1
    },
    "feat": {
      "utility": 5.7545878311778e-07,
      "query_shape": [
        [
          "Seq Scan",
          "Hash Join",
          "Sort",
          "Aggregate",
          "Gather Merge"
        ],
        [
          "Seq Scan",
          "Hash Join",
          "Hash",
          "Sort",
          "Aggregate",
          "Gather Merge"
        ],
        [
          "Seq Scan",
          "Hash Join",
          "Hash",
          "Sort",
          "Aggregate",
          "Gather Merge"
        ],
        [
          "Seq Scan",
          "Hash Join",
          "Hash",
          "Sort",
          "Aggregate",
          "Gather Merge"
        ],
        [
          "Seq Scan",
          "Hash",
          "Hash Join",
          "Sort",
          "Aggregate",
          "Gather Merge"
        ],
        [
          "Seq Scan",
          "Hash",
          "Hash Join",
          "Sort",
          "Aggregate",
          "Gather Merge"
        ]
      ],
      "index_shape": [
        "join"
      ],
      "physical_operator": {
        "Hash Join": [
          0.004928034090948872
        ]
      }
    }
  },
  {
    "query": "-- Functional Query Definition\n-- Approved February 1998\n\n\nselect\nnation,\no_year,\nsum(amount) as sum_profit\nfrom\n(\nselect\nn_name as nation,\nextract(year from o_orderdate) as o_year,\nl_extendedprice * (1 - l_discount) - ps_supplycost * l_quantity as amount\nfrom\npart,\nsupplier,\nlineitem,\npartsupp,\norders,\nnation\nwhere\ns_suppkey = l_suppkey\nand ps_suppkey = l_suppkey\nand ps_partkey = l_partkey\nand p_partkey = l_partkey\nand o_orderkey = l_orderkey\nand s_nationkey = n_nationkey\nand p_name like '%moccasin%'\n) as profit\ngroup by\nnation,\no_year\norder by\nnation,\no_year desc ;\n-- $ID$\n-- TPC-H/TPC-R Returned Item Reporting ",
    "indexes": "supplier.s_nationkey",
    "wo plan est": {
      "Node Type": "Aggregate",
      "Strategy": "Sorted",
      "Partial Mode": "Finalize",
      "Parallel Aware": false,
      "Async Capable": false,
      "Startup Cost": 2161468.0,
      "Total Cost": 2161475.32,
      "Plan Rows": 68,
      "Plan Width": 90,
      "Group Key": [
        "nation.n_name",
        "(EXTRACT(year FROM orders.o_orderdate))"
      ],
      "Plans": [
        {
          "Node Type": "Gather Merge",
          "Parent Relationship": "Outer",
          "Parallel Aware": false,
          "Async Capable": false,
          "Startup Cost": 2161468.0,
          "Total Cost": 2161473.9,
          "Plan Rows": 40,
          "Plan Width": 90,
          "Workers Planned": 1,
          "Plans": [
            {
              "Node Type": "Aggregate",
              "Strategy": "Sorted",
              "Partial Mode": "Partial",
              "Parent Relationship": "Outer",
              "Parallel Aware": false,
              "Async Capable": false,
              "Startup Cost": 2160467.99,
              "Total Cost": 2160469.39,
              "Plan Rows": 40,
              "Plan Width": 90,
              "Group Key": [
                "nation.n_name",
                "(EXTRACT(year FROM orders.o_orderdate))"
              ],
              "Plans": [
                {
                  "Node Type": "Sort",
                  "Parent Relationship": "Outer",
                  "Parallel Aware": false,
                  "Async Capable": false,
                  "Startup Cost": 2160467.99,
                  "Total Cost": 2160468.09,
                  "Plan Rows": 40,
                  "Plan Width": 81,
                  "Sort Key": [
                    "nation.n_name",
                    "(EXTRACT(year FROM orders.o_orderdate)) DESC"
                  ],
                  "Plans": [
                    {
                      "Node Type": "Hash Join",
                      "Parent Relationship": "Outer",
                      "Parallel Aware": false,
                      "Async Capable": false,
                      "Join Type": "Inner",
                      "Startup Cost": 2157441.29,
                      "Total Cost": 2160466.93,
                      "Plan Rows": 40,
                      "Plan Width": 81,
                      "Inner Unique": false,
                      "Hash Cond": "(supplier.s_nationkey = nation.n_nationkey)",
                      "Plans": [
                        {
                          "Node Type": "Hash Join",
                          "Parent Relationship": "Outer",
                          "Parallel Aware": true,
                          "Async Capable": false,
                          "Join Type": "Inner",
                          "Startup Cost": 2157439.73,
                          "Total Cost": 2160464.72,
                          "Plan Rows": 40,
                          "Plan Width": 31,
                          "Inner Unique": false,
                          "Hash Cond": "(supplier.s_suppkey = lineitem.l_suppkey)",
                          "Plans": [
                            {
                              "Node Type": "Seq Scan",
                              "Parent Relationship": "Outer",
                              "Parallel Aware": true,
                              "Async Capable": false,
                              "Relation Name": "supplier",
                              "Alias": "supplier",
                              "Startup Cost": 0.0,
                              "Total Cost": 2804.24,
                              "Plan Rows": 58824,
                              "Plan Width": 8,
                              "parent": 5,
                              "ID": 6
                            },
                            {
                              "Node Type": "Hash",
                              "Parent Relationship": "Inner",
                              "Parallel Aware": true,
                              "Async Capable": false,
                              "Startup Cost": 2157439.38,
                              "Total Cost": 2157439.38,
                              "Plan Rows": 28,
                              "Plan Width": 35,
                              "Plans": [
                                {
                                  "Node Type": "Hash Join",
                                  "Parent Relationship": "Outer",
                                  "Parallel Aware": true,
                                  "Async Capable": false,
                                  "Join Type": "Inner",
                                  "Startup Cost": 1810595.66,
                                  "Total Cost": 2157439.38,
                                  "Plan Rows": 28,
                                  "Plan Width": 35,
                                  "Inner Unique": false,
                                  "Hash Cond": "(orders.o_orderkey = lineitem.l_orderkey)",
                                  "Plans": [
                                    {
                                      "Node Type": "Seq Scan",
                                      "Parent Relationship": "Outer",
                                      "Parallel Aware": true,
                                      "Async Capable": false,
                                      "Relation Name": "orders",
                                      "Alias": "orders",
                                      "Startup Cost": 0.0,
                                      "Total Cost": 323407.71,
                                      "Plan Rows": 6249571,
                                      "Plan Width": 8,
                                      "parent": 8,
                                      "ID": 9
                                    },
                                    {
                                      "Node Type": "Hash",
                                      "Parent Relationship": "Inner",
                                      "Parallel Aware": true,
                                      "Async Capable": false,
                                      "Startup Cost": 1810595.31,
                                      "Total Cost": 1810595.31,
                                      "Plan Rows": 28,
                                      "Plan Width": 35,
                                      "Plans": [
                                        {
                                          "Node Type": "Hash Join",
                                          "Parent Relationship": "Outer",
                                          "Parallel Aware": true,
                                          "Async Capable": false,
                                          "Join Type": "Inner",
                                          "Startup Cost": 1539620.18,
                                          "Total Cost": 1810595.31,
                                          "Plan Rows": 28,
                                          "Plan Width": 35,
                                          "Inner Unique": false,
                                          "Hash Cond": "((partsupp.ps_suppkey = lineitem.l_suppkey) AND (partsupp.ps_partkey = lineitem.l_partkey))",
                                          "Plans": [
                                            {
                                              "Node Type": "Seq Scan",
                                              "Parent Relationship": "Outer",
                                              "Parallel Aware": true,
                                              "Async Capable": false,
                                              "Relation Name": "partsupp",
                                              "Alias": "partsupp",
                                              "Startup Cost": 0.0,
                                              "Total Cost": 207718.58,
                                              "Plan Rows": 3333258,
                                              "Plan Width": 14,
                                              "parent": 11,
                                              "ID": 12
                                            },
                                            {
                                              "Node Type": "Hash",
                                              "Parent Relationship": "Inner",
                                              "Parallel Aware": true,
                                              "Async Capable": false,
                                              "Startup Cost": 1522963.02,
                                              "Total Cost": 1522963.02,
                                              "Plan Rows": 730144,
                                              "Plan Width": 33,
                                              "Plans": [
                                                {
                                                  "Node Type": "Hash Join",
                                                  "Parent Relationship": "Outer",
                                                  "Parallel Aware": true,
                                                  "Async Capable": false,
                                                  "Join Type": "Inner",
                                                  "Startup Cost": 51693.93,
                                                  "Total Cost": 1522963.02,
                                                  "Plan Rows": 730144,
                                                  "Plan Width": 33,
                                                  "Inner Unique": false,
                                                  "Hash Cond": "(lineitem.l_partkey = part.p_partkey)",
                                                  "Plans": [
                                                    {
                                                      "Node Type": "Seq Scan",
                                                      "Parent Relationship": "Outer",
                                                      "Parallel Aware": true,
                                                      "Async Capable": false,
                                                      "Relation Name": "lineitem",
                                                      "Alias": "lineitem",
                                                      "Startup Cost": 0.0,
                                                      "Total Cost": 1374494.57,
                                                      "Plan Rows": 24995257,
                                                      "Plan Width": 29,
                                                      "parent": 14,
                                                      "ID": 15
                                                    },
                                                    {
                                                      "Node Type": "Hash",
                                                      "Parent Relationship": "Inner",
                                                      "Parallel Aware": true,
                                                      "Async Capable": false,
                                                      "Startup Cost": 51378.28,
                                                      "Total Cost": 51378.28,
                                                      "Plan Rows": 25252,
                                                      "Plan Width": 4,
                                                      "Plans": [
                                                        {
                                                          "Node Type": "Seq Scan",
                                                          "Parent Relationship": "Outer",
                                                          "Parallel Aware": true,
                                                          "Async Capable": false,
                                                          "Relation Name": "part",
                                                          "Alias": "part",
                                                          "Startup Cost": 0.0,
                                                          "Total Cost": 51378.28,
                                                          "Plan Rows": 25252,
                                                          "Plan Width": 4,
                                                          "Filter": "((p_name)::text ~~ '%moccasin%'::text)",
                                                          "parent": 16,
                                                          "ID": 17
                                                        }
                                                      ],
                                                      "parent": 14,
                                                      "ID": 16,
                                                      "left": 17
                                                    }
                                                  ],
                                                  "parent": 13,
                                                  "ID": 14,
                                                  "left": 15,
                                                  "right": 16
                                                }
                                              ],
                                              "parent": 11,
                                              "ID": 13,
                                              "left": 14
                                            }
                                          ],
                                          "parent": 10,
                                          "ID": 11,
                                          "left": 12,
                                          "right": 13
                                        }
                                      ],
                                      "parent": 8,
                                      "ID": 10,
                                      "left": 11
                                    }
                                  ],
                                  "parent": 7,
                                  "ID": 8,
                                  "left": 9,
                                  "right": 10
                                }
                              ],
                              "parent": 5,
                              "ID": 7,
                              "left": 8
                            }
                          ],
                          "parent": 4,
                          "ID": 5,
                          "left": 6,
                          "right": 7
                        },
                        {
                          "Node Type": "Hash",
                          "Parent Relationship": "Inner",
                          "Parallel Aware": false,
                          "Async Capable": false,
                          "Startup Cost": 1.25,
                          "Total Cost": 1.25,
                          "Plan Rows": 25,
                          "Plan Width": 30,
                          "Plans": [
                            {
                              "Node Type": "Seq Scan",
                              "Parent Relationship": "Outer",
                              "Parallel Aware": false,
                              "Async Capable": false,
                              "Relation Name": "nation",
                              "Alias": "nation",
                              "Startup Cost": 0.0,
                              "Total Cost": 1.25,
                              "Plan Rows": 25,
                              "Plan Width": 30,
                              "parent": 18,
                              "ID": 19
                            }
                          ],
                          "parent": 4,
                          "ID": 18,
                          "left": 19
                        }
                      ],
                      "parent": 3,
                      "ID": 4,
                      "left": 5,
                      "right": 18
                    }
                  ],
                  "parent": 2,
                  "ID": 3,
                  "left": 4
                }
              ],
              "parent": 1,
              "ID": 2,
              "left": 3
            }
          ],
          "parent": 0,
          "ID": 1,
          "left": 2
        }
      ],
      "parent": null,
      "ID": 0,
      "left": 1
    },
    "feat": {
      "utility": 4.626469665172953e-07,
      "query_shape": [
        [
          "Seq Scan",
          "Hash Join",
          "Sort",
          "Aggregate",
          "Gather Merge"
        ],
        [
          "Seq Scan",
          "Hash Join",
          "Hash",
          "Sort",
          "Aggregate",
          "Gather Merge"
        ],
        [
          "Seq Scan",
          "Hash Join",
          "Hash",
          "Sort",
          "Aggregate",
          "Gather Merge"
        ],
        [
          "Seq Scan",
          "Hash Join",
          "Hash",
          "Sort",
          "Aggregate",
          "Gather Merge"
        ],
        [
          "Seq Scan",
          "Hash",
          "Hash Join",
          "Sort",
          "Aggregate",
          "Gather Merge"
        ],
        [
          "Seq Scan",
          "Hash",
          "Hash Join",
          "Sort",
          "Aggregate",
          "Gather Merge"
        ]
      ],
      "index_shape": [
        "join"
      ],
      "physical_operator": {
        "Hash Join": [
          0.2
        ]
      }
    }
  }
]