[
  {
    "query": "-- Functional Query Definition\n-- Approved February 1998\n\n\nselect\no_year,\nsum(case\nwhen nation = 'SAUDI ARABIA' then volume\nelse 0\nend) / sum(volume) as mkt_share\nfrom\n(\nselect\nextract(year from o_orderdate) as o_year,\nl_extendedprice * (1 - l_discount) as volume,\nn2.n_name as nation\nfrom\npart,\nsupplier,\nlineitem,\norders,\ncustomer,\nnation n1,\nnation n2,\nregion\nwhere\np_partkey = l_partkey\nand s_suppkey = l_suppkey\nand l_orderkey = o_orderkey\nand o_custkey = c_custkey\nand c_nationkey = n1.n_nationkey\nand n1.n_regionkey = r_regionkey\nand r_name = 'MIDDLE EAST'\nand s_nationkey = n2.n_nationkey\nand o_orderdate between date '1995-01-01' and date '1996-12-31'\nand p_type = 'LARGE PLATED COPPER'\n) as all_nations\ngroup by\no_year\norder by\no_year ;\n-- $ID$\n-- TPC-H/TPC-R Product Type Profit Measure ",
    "indexes": "customer.c_custkey",
    "wo plan est": {
      "Node Type": "Aggregate",
      "Strategy": "Sorted",
      "Partial Mode": "Finalize",
      "Parallel Aware": false,
      "Async Capable": false,
      "Startup Cost": 1955785.01,
      "Total Cost": 1956486.84,
      "Plan Rows": 2406,
      "Plan Width": 64,
      "Group Key": [
        "(EXTRACT(year FROM orders.o_orderdate))"
      ],
      "Plans": [
        {
          "Node Type": "Gather Merge",
          "Parent Relationship": "Outer",
          "Parallel Aware": false,
          "Async Capable": false,
          "Startup Cost": 1955785.01,
          "Total Cost": 1956408.65,
          "Plan Rows": 2406,
          "Plan Width": 96,
          "Workers Planned": 1,
          "Plans": [
            {
              "Node Type": "Aggregate",
              "Strategy": "Sorted",
              "Partial Mode": "Partial",
              "Parent Relationship": "Outer",
              "Parallel Aware": false,
              "Async Capable": false,
              "Startup Cost": 1954785.0,
              "Total Cost": 1955137.96,
              "Plan Rows": 2406,
              "Plan Width": 96,
              "Group Key": [
                "(EXTRACT(year FROM orders.o_orderdate))"
              ],
              "Plans": [
                {
                  "Node Type": "Sort",
                  "Parent Relationship": "Outer",
                  "Parallel Aware": false,
                  "Async Capable": false,
                  "Startup Cost": 1954785.0,
                  "Total Cost": 1954819.54,
                  "Plan Rows": 13816,
                  "Plan Width": 70,
                  "Sort Key": [
                    "(EXTRACT(year FROM orders.o_orderdate))"
                  ],
                  "Plans": [
                    {
                      "Node Type": "Hash Join",
                      "Parent Relationship": "Outer",
                      "Parallel Aware": false,
                      "Async Capable": false,
                      "Join Type": "Inner",
                      "Startup Cost": 1950527.96,
                      "Total Cost": 1953834.87,
                      "Plan Rows": 13816,
                      "Plan Width": 70,
                      "Inner Unique": false,
                      "Hash Cond": "(supplier.s_nationkey = n2.n_nationkey)",
                      "Plans": [
                        {
                          "Node Type": "Hash Join",
                          "Parent Relationship": "Outer",
                          "Parallel Aware": true,
                          "Async Capable": false,
                          "Join Type": "Inner",
                          "Startup Cost": 1950526.4,
                          "Total Cost": 1953608.79,
                          "Plan Rows": 13816,
                          "Plan Width": 20,
                          "Inner Unique": false,
                          "Hash Cond": "(supplier.s_suppkey = lineitem.l_suppkey)",
                          "Plans": [
                            {
                              "Node Type": "Seq Scan",
                              "Parent Relationship": "Outer",
                              "Parallel Aware": true,
                              "Async Capable": false,
                              "Relation Name": "supplier",
                              "Alias": "supplier",
                              "Startup Cost": 0.0,
                              "Total Cost": 2804.24,
                              "Plan Rows": 58824,
                              "Plan Width": 8,
                              "parent": 5,
                              "ID": 6
                            },
                            {
                              "Node Type": "Hash",
                              "Parent Relationship": "Inner",
                              "Parallel Aware": true,
                              "Async Capable": false,
                              "Startup Cost": 1950404.06,
                              "Total Cost": 1950404.06,
                              "Plan Rows": 9787,
                              "Plan Width": 20,
                              "Plans": [
                                {
                                  "Node Type": "Hash Join",
                                  "Parent Relationship": "Outer",
                                  "Parallel Aware": false,
                                  "Async Capable": false,
                                  "Join Type": "Inner",
                                  "Startup Cost": 1905498.74,
                                  "Total Cost": 1950404.06,
                                  "Plan Rows": 9787,
                                  "Plan Width": 20,
                                  "Inner Unique": false,
                                  "Hash Cond": "(customer.c_nationkey = n1.n_nationkey)",
                                  "Plans": [
                                    {
                                      "Node Type": "Hash Join",
                                      "Parent Relationship": "Outer",
                                      "Parallel Aware": true,
                                      "Async Capable": false,
                                      "Join Type": "Inner",
                                      "Startup Cost": 1905496.2,
                                      "Total Cost": 1950120.18,
                                      "Plan Rows": 48932,
                                      "Plan Width": 24,
                                      "Inner Unique": false,
                                      "Hash Cond": "(customer.c_custkey = orders.o_custkey)",
                                      "Plans": [
                                        {
                                          "Node Type": "Seq Scan",
                                          "Parent Relationship": "Outer",
                                          "Parallel Aware": true,
                                          "Async Capable": false,
                                          "Relation Name": "customer",
                                          "Alias": "customer",
                                          "Startup Cost": 0.0,
                                          "Total Cost": 42076.52,
                                          "Plan Rows": 624952,
                                          "Plan Width": 8,
                                          "parent": 9,
                                          "ID": 10
                                        },
                                        {
                                          "Node Type": "Hash",
                                          "Parent Relationship": "Inner",
                                          "Parallel Aware": true,
                                          "Async Capable": false,
                                          "Startup Cost": 1904884.55,
                                          "Total Cost": 1904884.55,
                                          "Plan Rows": 48932,
                                          "Plan Width": 24,
                                          "Plans": [
                                            {
                                              "Node Type": "Hash Join",
                                              "Parent Relationship": "Outer",
                                              "Parallel Aware": true,
                                              "Async Capable": false,
                                              "Join Type": "Inner",
                                              "Startup Cost": 1523283.11,
                                              "Total Cost": 1904884.55,
                                              "Plan Rows": 48932,
                                              "Plan Width": 24,
                                              "Inner Unique": false,
                                              "Hash Cond": "(orders.o_orderkey = lineitem.l_orderkey)",
                                              "Plans": [
                                                {
                                                  "Node Type": "Seq Scan",
                                                  "Parent Relationship": "Outer",
                                                  "Parallel Aware": true,
                                                  "Async Capable": false,
                                                  "Relation Name": "orders",
                                                  "Alias": "orders",
                                                  "Startup Cost": 0.0,
                                                  "Total Cost": 354655.56,
                                                  "Plan Rows": 1909064,
                                                  "Plan Width": 12,
                                                  "Filter": "((o_orderdate >= '1995-01-01'::date) AND (o_orderdate <= '1996-12-31'::date))",
                                                  "parent": 12,
                                                  "ID": 13
                                                },
                                                {
                                                  "Node Type": "Hash",
                                                  "Parent Relationship": "Inner",
                                                  "Parallel Aware": true,
                                                  "Async Capable": false,
                                                  "Startup Cost": 1520341.76,
                                                  "Total Cost": 1520341.76,
                                                  "Plan Rows": 160188,
                                                  "Plan Width": 20,
                                                  "Plans": [
                                                    {
                                                      "Node Type": "Hash Join",
                                                      "Parent Relationship": "Outer",
                                                      "Parallel Aware": true,
                                                      "Async Capable": false,
                                                      "Join Type": "Inner",
                                                      "Startup Cost": 51447.53,
                                                      "Total Cost": 1520341.76,
                                                      "Plan Rows": 160188,
                                                      "Plan Width": 20,
                                                      "Inner Unique": false,
                                                      "Hash Cond": "(lineitem.l_partkey = part.p_partkey)",
                                                      "Plans": [
                                                        {
                                                          "Node Type": "Seq Scan",
                                                          "Parent Relationship": "Outer",
                                                          "Parallel Aware": true,
                                                          "Async Capable": false,
                                                          "Relation Name": "lineitem",
                                                          "Alias": "lineitem",
                                                          "Startup Cost": 0.0,
                                                          "Total Cost": 1374494.57,
                                                          "Plan Rows": 24995257,
                                                          "Plan Width": 24,
                                                          "parent": 15,
                                                          "ID": 16
                                                        },
                                                        {
                                                          "Node Type": "Hash",
                                                          "Parent Relationship": "Inner",
                                                          "Parallel Aware": true,
                                                          "Async Capable": false,
                                                          "Startup Cost": 51378.28,
                                                          "Total Cost": 51378.28,
                                                          "Plan Rows": 5540,
                                                          "Plan Width": 4,
                                                          "Plans": [
                                                            {
                                                              "Node Type": "Seq Scan",
                                                              "Parent Relationship": "Outer",
                                                              "Parallel Aware": true,
                                                              "Async Capable": false,
                                                              "Relation Name": "part",
                                                              "Alias": "part",
                                                              "Startup Cost": 0.0,
                                                              "Total Cost": 51378.28,
                                                              "Plan Rows": 5540,
                                                              "Plan Width": 4,
                                                              "Filter": "((p_type)::text = 'LARGE PLATED COPPER'::text)",
                                                              "parent": 17,
                                                              "ID": 18
                                                            }
                                                          ],
                                                          "parent": 15,
                                                          "ID": 17,
                                                          "left": 18
                                                        }
                                                      ],
                                                      "parent": 14,
                                                      "ID": 15,
                                                      "left": 16,
                                                      "right": 17
                                                    }
                                                  ],
                                                  "parent": 12,
                                                  "ID": 14,
                                                  "left": 15
                                                }
                                              ],
                                              "parent": 11,
                                              "ID": 12,
                                              "left": 13,
                                              "right": 14
                                            }
                                          ],
                                          "parent": 9,
                                          "ID": 11,
                                          "left": 12
                                        }
                                      ],
                                      "parent": 8,
                                      "ID": 9,
                                      "left": 10,
                                      "right": 11
                                    },
                                    {
                                      "Node Type": "Hash",
                                      "Parent Relationship": "Inner",
                                      "Parallel Aware": false,
                                      "Async Capable": false,
                                      "Startup Cost": 2.47,
                                      "Total Cost": 2.47,
                                      "Plan Rows": 5,
                                      "Plan Width": 4,
                                      "Plans": [
                                        {
                                          "Node Type": "Hash Join",
                                          "Parent Relationship": "Outer",
                                          "Parallel Aware": false,
                                          "Async Capable": false,
                                          "Join Type": "Inner",
                                          "Startup Cost": 1.07,
                                          "Total Cost": 2.47,
                                          "Plan Rows": 5,
                                          "Plan Width": 4,
                                          "Inner Unique": false,
                                          "Hash Cond": "(n1.n_regionkey = region.r_regionkey)",
                                          "Plans": [
                                            {
                                              "Node Type": "Seq Scan",
                                              "Parent Relationship": "Outer",
                                              "Parallel Aware": false,
                                              "Async Capable": false,
                                              "Relation Name": "nation",
                                              "Alias": "n1",
                                              "Startup Cost": 0.0,
                                              "Total Cost": 1.25,
                                              "Plan Rows": 25,
                                              "Plan Width": 8,
                                              "parent": 20,
                                              "ID": 21
                                            },
                                            {
                                              "Node Type": "Hash",
                                              "Parent Relationship": "Inner",
                                              "Parallel Aware": false,
                                              "Async Capable": false,
                                              "Startup Cost": 1.06,
                                              "Total Cost": 1.06,
                                              "Plan Rows": 1,
                                              "Plan Width": 4,
                                              "Plans": [
                                                {
                                                  "Node Type": "Seq Scan",
                                                  "Parent Relationship": "Outer",
                                                  "Parallel Aware": false,
                                                  "Async Capable": false,
                                                  "Relation Name": "region",
                                                  "Alias": "region",
                                                  "Startup Cost": 0.0,
                                                  "Total Cost": 1.06,
                                                  "Plan Rows": 1,
                                                  "Plan Width": 4,
                                                  "Filter": "(r_name = 'MIDDLE EAST'::bpchar)",
                                                  "parent": 22,
                                                  "ID": 23
                                                }
                                              ],
                                              "parent": 20,
                                              "ID": 22,
                                              "left": 23
                                            }
                                          ],
                                          "parent": 19,
                                          "ID": 20,
                                          "left": 21,
                                          "right": 22
                                        }
                                      ],
                                      "parent": 8,
                                      "ID": 19,
                                      "left": 20
                                    }
                                  ],
                                  "parent": 7,
                                  "ID": 8,
                                  "left": 9,
                                  "right": 19
                                }
                              ],
                              "parent": 5,
                              "ID": 7,
                              "left": 8
                            }
                          ],
                          "parent": 4,
                          "ID": 5,
                          "left": 6,
                          "right": 7
                        },
                        {
                          "Node Type": "Hash",
                          "Parent Relationship": "Inner",
                          "Parallel Aware": false,
                          "Async Capable": false,
                          "Startup Cost": 1.25,
                          "Total Cost": 1.25,
                          "Plan Rows": 25,
                          "Plan Width": 30,
                          "Plans": [
                            {
                              "Node Type": "Seq Scan",
                              "Parent Relationship": "Outer",
                              "Parallel Aware": false,
                              "Async Capable": false,
                              "Relation Name": "nation",
                              "Alias": "n2",
                              "Startup Cost": 0.0,
                              "Total Cost": 1.25,
                              "Plan Rows": 25,
                              "Plan Width": 30,
                              "parent": 24,
                              "ID": 25
                            }
                          ],
                          "parent": 4,
                          "ID": 24,
                          "left": 25
                        }
                      ],
                      "parent": 3,
                      "ID": 4,
                      "left": 5,
                      "right": 24
                    }
                  ],
                  "parent": 2,
                  "ID": 3,
                  "left": 4
                }
              ],
              "parent": 1,
              "ID": 2,
              "left": 3
            }
          ],
          "parent": 0,
          "ID": 1,
          "left": 2
        }
      ],
      "parent": null,
      "ID": 0,
      "left": 1
    },
    "feat": {
      "utility": 6.380921020918737e-07,
      "query_shape": [
        [
          "Seq Scan",
          "Hash Join",
          "Sort",
          "Aggregate",
          "Gather Merge"
        ],
        [
          "Seq Scan",
          "Hash Join",
          "Hash",
          "Sort",
          "Aggregate",
          "Gather Merge"
        ],
        [
          "Seq Scan",
          "Hash Join",
          "Hash",
          "Sort",
          "Aggregate",
          "Gather Merge"
        ],
        [
          "Seq Scan",
          "Hash Join",
          "Hash",
          "Sort",
          "Aggregate",
          "Gather Merge"
        ],
        [
          "Seq Scan",
          "Hash",
          "Hash Join",
          "Sort",
          "Aggregate",
          "Gather Merge"
        ],
        [
          "Seq Scan",
          "Hash Join",
          "Hash",
          "Sort",
          "Aggregate",
          "Gather Merge"
        ],
        [
          "Seq Scan",
          "Hash",
          "Hash Join",
          "Sort",
          "Aggregate",
          "Gather Merge"
        ],
        [
          "Seq Scan",
          "Hash",
          "Hash Join",
          "Sort",
          "Aggregate",
          "Gather Merge"
        ]
      ],
      "index_shape": [
        "join"
      ],
      "physical_operator": {
        "Hash Join": [
          0.0012649596394501718
        ]
      }
    }
  },
  {
    "query": "-- Functional Query Definition\n-- Approved February 1998\n\n\nselect\no_year,\nsum(case\nwhen nation = 'SAUDI ARABIA' then volume\nelse 0\nend) / sum(volume) as mkt_share\nfrom\n(\nselect\nextract(year from o_orderdate) as o_year,\nl_extendedprice * (1 - l_discount) as volume,\nn2.n_name as nation\nfrom\npart,\nsupplier,\nlineitem,\norders,\ncustomer,\nnation n1,\nnation n2,\nregion\nwhere\np_partkey = l_partkey\nand s_suppkey = l_suppkey\nand l_orderkey = o_orderkey\nand o_custkey = c_custkey\nand c_nationkey = n1.n_nationkey\nand n1.n_regionkey = r_regionkey\nand r_name = 'MIDDLE EAST'\nand s_nationkey = n2.n_nationkey\nand o_orderdate between date '1995-01-01' and date '1996-12-31'\nand p_type = 'LARGE PLATED COPPER'\n) as all_nations\ngroup by\no_year\norder by\no_year ;\n-- $ID$\n-- TPC-H/TPC-R Product Type Profit Measure ",
    "indexes": "customer.c_nationkey",
    "wo plan est": {
      "Node Type": "Aggregate",
      "Strategy": "Sorted",
      "Partial Mode": "Finalize",
      "Parallel Aware": false,
      "Async Capable": false,
      "Startup Cost": 1955785.01,
      "Total Cost": 1956486.84,
      "Plan Rows": 2406,
      "Plan Width": 64,
      "Group Key": [
        "(EXTRACT(year FROM orders.o_orderdate))"
      ],
      "Plans": [
        {
          "Node Type": "Gather Merge",
          "Parent Relationship": "Outer",
          "Parallel Aware": false,
          "Async Capable": false,
          "Startup Cost": 1955785.01,
          "Total Cost": 1956408.65,
          "Plan Rows": 2406,
          "Plan Width": 96,
          "Workers Planned": 1,
          "Plans": [
            {
              "Node Type": "Aggregate",
              "Strategy": "Sorted",
              "Partial Mode": "Partial",
              "Parent Relationship": "Outer",
              "Parallel Aware": false,
              "Async Capable": false,
              "Startup Cost": 1954785.0,
              "Total Cost": 1955137.96,
              "Plan Rows": 2406,
              "Plan Width": 96,
              "Group Key": [
                "(EXTRACT(year FROM orders.o_orderdate))"
              ],
              "Plans": [
                {
                  "Node Type": "Sort",
                  "Parent Relationship": "Outer",
                  "Parallel Aware": false,
                  "Async Capable": false,
                  "Startup Cost": 1954785.0,
                  "Total Cost": 1954819.54,
                  "Plan Rows": 13816,
                  "Plan Width": 70,
                  "Sort Key": [
                    "(EXTRACT(year FROM orders.o_orderdate))"
                  ],
                  "Plans": [
                    {
                      "Node Type": "Hash Join",
                      "Parent Relationship": "Outer",
                      "Parallel Aware": false,
                      "Async Capable": false,
                      "Join Type": "Inner",
                      "Startup Cost": 1950527.96,
                      "Total Cost": 1953834.87,
                      "Plan Rows": 13816,
                      "Plan Width": 70,
                      "Inner Unique": false,
                      "Hash Cond": "(supplier.s_nationkey = n2.n_nationkey)",
                      "Plans": [
                        {
                          "Node Type": "Hash Join",
                          "Parent Relationship": "Outer",
                          "Parallel Aware": true,
                          "Async Capable": false,
                          "Join Type": "Inner",
                          "Startup Cost": 1950526.4,
                          "Total Cost": 1953608.79,
                          "Plan Rows": 13816,
                          "Plan Width": 20,
                          "Inner Unique": false,
                          "Hash Cond": "(supplier.s_suppkey = lineitem.l_suppkey)",
                          "Plans": [
                            {
                              "Node Type": "Seq Scan",
                              "Parent Relationship": "Outer",
                              "Parallel Aware": true,
                              "Async Capable": false,
                              "Relation Name": "supplier",
                              "Alias": "supplier",
                              "Startup Cost": 0.0,
                              "Total Cost": 2804.24,
                              "Plan Rows": 58824,
                              "Plan Width": 8,
                              "parent": 5,
                              "ID": 6
                            },
                            {
                              "Node Type": "Hash",
                              "Parent Relationship": "Inner",
                              "Parallel Aware": true,
                              "Async Capable": false,
                              "Startup Cost": 1950404.06,
                              "Total Cost": 1950404.06,
                              "Plan Rows": 9787,
                              "Plan Width": 20,
                              "Plans": [
                                {
                                  "Node Type": "Hash Join",
                                  "Parent Relationship": "Outer",
                                  "Parallel Aware": false,
                                  "Async Capable": false,
                                  "Join Type": "Inner",
                                  "Startup Cost": 1905498.74,
                                  "Total Cost": 1950404.06,
                                  "Plan Rows": 9787,
                                  "Plan Width": 20,
                                  "Inner Unique": false,
                                  "Hash Cond": "(customer.c_nationkey = n1.n_nationkey)",
                                  "Plans": [
                                    {
                                      "Node Type": "Hash Join",
                                      "Parent Relationship": "Outer",
                                      "Parallel Aware": true,
                                      "Async Capable": false,
                                      "Join Type": "Inner",
                                      "Startup Cost": 1905496.2,
                                      "Total Cost": 1950120.18,
                                      "Plan Rows": 48932,
                                      "Plan Width": 24,
                                      "Inner Unique": false,
                                      "Hash Cond": "(customer.c_custkey = orders.o_custkey)",
                                      "Plans": [
                                        {
                                          "Node Type": "Seq Scan",
                                          "Parent Relationship": "Outer",
                                          "Parallel Aware": true,
                                          "Async Capable": false,
                                          "Relation Name": "customer",
                                          "Alias": "customer",
                                          "Startup Cost": 0.0,
                                          "Total Cost": 42076.52,
                                          "Plan Rows": 624952,
                                          "Plan Width": 8,
                                          "parent": 9,
                                          "ID": 10
                                        },
                                        {
                                          "Node Type": "Hash",
                                          "Parent Relationship": "Inner",
                                          "Parallel Aware": true,
                                          "Async Capable": false,
                                          "Startup Cost": 1904884.55,
                                          "Total Cost": 1904884.55,
                                          "Plan Rows": 48932,
                                          "Plan Width": 24,
                                          "Plans": [
                                            {
                                              "Node Type": "Hash Join",
                                              "Parent Relationship": "Outer",
                                              "Parallel Aware": true,
                                              "Async Capable": false,
                                              "Join Type": "Inner",
                                              "Startup Cost": 1523283.11,
                                              "Total Cost": 1904884.55,
                                              "Plan Rows": 48932,
                                              "Plan Width": 24,
                                              "Inner Unique": false,
                                              "Hash Cond": "(orders.o_orderkey = lineitem.l_orderkey)",
                                              "Plans": [
                                                {
                                                  "Node Type": "Seq Scan",
                                                  "Parent Relationship": "Outer",
                                                  "Parallel Aware": true,
                                                  "Async Capable": false,
                                                  "Relation Name": "orders",
                                                  "Alias": "orders",
                                                  "Startup Cost": 0.0,
                                                  "Total Cost": 354655.56,
                                                  "Plan Rows": 1909064,
                                                  "Plan Width": 12,
                                                  "Filter": "((o_orderdate >= '1995-01-01'::date) AND (o_orderdate <= '1996-12-31'::date))",
                                                  "parent": 12,
                                                  "ID": 13
                                                },
                                                {
                                                  "Node Type": "Hash",
                                                  "Parent Relationship": "Inner",
                                                  "Parallel Aware": true,
                                                  "Async Capable": false,
                                                  "Startup Cost": 1520341.76,
                                                  "Total Cost": 1520341.76,
                                                  "Plan Rows": 160188,
                                                  "Plan Width": 20,
                                                  "Plans": [
                                                    {
                                                      "Node Type": "Hash Join",
                                                      "Parent Relationship": "Outer",
                                                      "Parallel Aware": true,
                                                      "Async Capable": false,
                                                      "Join Type": "Inner",
                                                      "Startup Cost": 51447.53,
                                                      "Total Cost": 1520341.76,
                                                      "Plan Rows": 160188,
                                                      "Plan Width": 20,
                                                      "Inner Unique": false,
                                                      "Hash Cond": "(lineitem.l_partkey = part.p_partkey)",
                                                      "Plans": [
                                                        {
                                                          "Node Type": "Seq Scan",
                                                          "Parent Relationship": "Outer",
                                                          "Parallel Aware": true,
                                                          "Async Capable": false,
                                                          "Relation Name": "lineitem",
                                                          "Alias": "lineitem",
                                                          "Startup Cost": 0.0,
                                                          "Total Cost": 1374494.57,
                                                          "Plan Rows": 24995257,
                                                          "Plan Width": 24,
                                                          "parent": 15,
                                                          "ID": 16
                                                        },
                                                        {
                                                          "Node Type": "Hash",
                                                          "Parent Relationship": "Inner",
                                                          "Parallel Aware": true,
                                                          "Async Capable": false,
                                                          "Startup Cost": 51378.28,
                                                          "Total Cost": 51378.28,
                                                          "Plan Rows": 5540,
                                                          "Plan Width": 4,
                                                          "Plans": [
                                                            {
                                                              "Node Type": "Seq Scan",
                                                              "Parent Relationship": "Outer",
                                                              "Parallel Aware": true,
                                                              "Async Capable": false,
                                                              "Relation Name": "part",
                                                              "Alias": "part",
                                                              "Startup Cost": 0.0,
                                                              "Total Cost": 51378.28,
                                                              "Plan Rows": 5540,
                                                              "Plan Width": 4,
                                                              "Filter": "((p_type)::text = 'LARGE PLATED COPPER'::text)",
                                                              "parent": 17,
                                                              "ID": 18
                                                            }
                                                          ],
                                                          "parent": 15,
                                                          "ID": 17,
                                                          "left": 18
                                                        }
                                                      ],
                                                      "parent": 14,
                                                      "ID": 15,
                                                      "left": 16,
                                                      "right": 17
                                                    }
                                                  ],
                                                  "parent": 12,
                                                  "ID": 14,
                                                  "left": 15
                                                }
                                              ],
                                              "parent": 11,
                                              "ID": 12,
                                              "left": 13,
                                              "right": 14
                                            }
                                          ],
                                          "parent": 9,
                                          "ID": 11,
                                          "left": 12
                                        }
                                      ],
                                      "parent": 8,
                                      "ID": 9,
                                      "left": 10,
                                      "right": 11
                                    },
                                    {
                                      "Node Type": "Hash",
                                      "Parent Relationship": "Inner",
                                      "Parallel Aware": false,
                                      "Async Capable": false,
                                      "Startup Cost": 2.47,
                                      "Total Cost": 2.47,
                                      "Plan Rows": 5,
                                      "Plan Width": 4,
                                      "Plans": [
                                        {
                                          "Node Type": "Hash Join",
                                          "Parent Relationship": "Outer",
                                          "Parallel Aware": false,
                                          "Async Capable": false,
                                          "Join Type": "Inner",
                                          "Startup Cost": 1.07,
                                          "Total Cost": 2.47,
                                          "Plan Rows": 5,
                                          "Plan Width": 4,
                                          "Inner Unique": false,
                                          "Hash Cond": "(n1.n_regionkey = region.r_regionkey)",
                                          "Plans": [
                                            {
                                              "Node Type": "Seq Scan",
                                              "Parent Relationship": "Outer",
                                              "Parallel Aware": false,
                                              "Async Capable": false,
                                              "Relation Name": "nation",
                                              "Alias": "n1",
                                              "Startup Cost": 0.0,
                                              "Total Cost": 1.25,
                                              "Plan Rows": 25,
                                              "Plan Width": 8,
                                              "parent": 20,
                                              "ID": 21
                                            },
                                            {
                                              "Node Type": "Hash",
                                              "Parent Relationship": "Inner",
                                              "Parallel Aware": false,
                                              "Async Capable": false,
                                              "Startup Cost": 1.06,
                                              "Total Cost": 1.06,
                                              "Plan Rows": 1,
                                              "Plan Width": 4,
                                              "Plans": [
                                                {
                                                  "Node Type": "Seq Scan",
                                                  "Parent Relationship": "Outer",
                                                  "Parallel Aware": false,
                                                  "Async Capable": false,
                                                  "Relation Name": "region",
                                                  "Alias": "region",
                                                  "Startup Cost": 0.0,
                                                  "Total Cost": 1.06,
                                                  "Plan Rows": 1,
                                                  "Plan Width": 4,
                                                  "Filter": "(r_name = 'MIDDLE EAST'::bpchar)",
                                                  "parent": 22,
                                                  "ID": 23
                                                }
                                              ],
                                              "parent": 20,
                                              "ID": 22,
                                              "left": 23
                                            }
                                          ],
                                          "parent": 19,
                                          "ID": 20,
                                          "left": 21,
                                          "right": 22
                                        }
                                      ],
                                      "parent": 8,
                                      "ID": 19,
                                      "left": 20
                                    }
                                  ],
                                  "parent": 7,
                                  "ID": 8,
                                  "left": 9,
                                  "right": 19
                                }
                              ],
                              "parent": 5,
                              "ID": 7,
                              "left": 8
                            }
                          ],
                          "parent": 4,
                          "ID": 5,
                          "left": 6,
                          "right": 7
                        },
                        {
                          "Node Type": "Hash",
                          "Parent Relationship": "Inner",
                          "Parallel Aware": false,
                          "Async Capable": false,
                          "Startup Cost": 1.25,
                          "Total Cost": 1.25,
                          "Plan Rows": 25,
                          "Plan Width": 30,
                          "Plans": [
                            {
                              "Node Type": "Seq Scan",
                              "Parent Relationship": "Outer",
                              "Parallel Aware": false,
                              "Async Capable": false,
                              "Relation Name": "nation",
                              "Alias": "n2",
                              "Startup Cost": 0.0,
                              "Total Cost": 1.25,
                              "Plan Rows": 25,
                              "Plan Width": 30,
                              "parent": 24,
                              "ID": 25
                            }
                          ],
                          "parent": 4,
                          "ID": 24,
                          "left": 25
                        }
                      ],
                      "parent": 3,
                      "ID": 4,
                      "left": 5,
                      "right": 24
                    }
                  ],
                  "parent": 2,
                  "ID": 3,
                  "left": 4
                }
              ],
              "parent": 1,
              "ID": 2,
              "left": 3
            }
          ],
          "parent": 0,
          "ID": 1,
          "left": 2
        }
      ],
      "parent": null,
      "ID": 0,
      "left": 1
    },
    "feat": {
      "utility": 5.11116311122697e-07,
      "query_shape": [
        [
          "Seq Scan",
          "Hash Join",
          "Sort",
          "Aggregate",
          "Gather Merge"
        ],
        [
          "Seq Scan",
          "Hash Join",
          "Hash",
          "Sort",
          "Aggregate",
          "Gather Merge"
        ],
        [
          "Seq Scan",
          "Hash Join",
          "Hash",
          "Sort",
          "Aggregate",
          "Gather Merge"
        ],
        [
          "Seq Scan",
          "Hash Join",
          "Hash",
          "Sort",
          "Aggregate",
          "Gather Merge"
        ],
        [
          "Seq Scan",
          "Hash",
          "Hash Join",
          "Sort",
          "Aggregate",
          "Gather Merge"
        ],
        [
          "Seq Scan",
          "Hash Join",
          "Hash",
          "Sort",
          "Aggregate",
          "Gather Merge"
        ],
        [
          "Seq Scan",
          "Hash",
          "Hash Join",
          "Sort",
          "Aggregate",
          "Gather Merge"
        ],
        [
          "Seq Scan",
          "Hash",
          "Hash Join",
          "Sort",
          "Aggregate",
          "Gather Merge"
        ]
      ],
      "index_shape": [
        "join"
      ],
      "physical_operator": {
        "Hash Join": [
          0.20000613086327806
        ]
      }
    }
  },
  {
    "query": "-- Functional Query Definition\n-- Approved February 1998\n\n\nselect\no_year,\nsum(case\nwhen nation = 'SAUDI ARABIA' then volume\nelse 0\nend) / sum(volume) as mkt_share\nfrom\n(\nselect\nextract(year from o_orderdate) as o_year,\nl_extendedprice * (1 - l_discount) as volume,\nn2.n_name as nation\nfrom\npart,\nsupplier,\nlineitem,\norders,\ncustomer,\nnation n1,\nnation n2,\nregion\nwhere\np_partkey = l_partkey\nand s_suppkey = l_suppkey\nand l_orderkey = o_orderkey\nand o_custkey = c_custkey\nand c_nationkey = n1.n_nationkey\nand n1.n_regionkey = r_regionkey\nand r_name = 'MIDDLE EAST'\nand s_nationkey = n2.n_nationkey\nand o_orderdate between date '1995-01-01' and date '1996-12-31'\nand p_type = 'LARGE PLATED COPPER'\n) as all_nations\ngroup by\no_year\norder by\no_year ;\n-- $ID$\n-- TPC-H/TPC-R Product Type Profit Measure ",
    "indexes": "lineitem.l_orderkey",
    "wo plan est": {
      "Node Type": "Aggregate",
      "Strategy": "Sorted",
      "Partial Mode": "Finalize",
      "Parallel Aware": false,
      "Async Capable": false,
      "Startup Cost": 1955785.01,
      "Total Cost": 1956486.84,
      "Plan Rows": 2406,
      "Plan Width": 64,
      "Group Key": [
        "(EXTRACT(year FROM orders.o_orderdate))"
      ],
      "Plans": [
        {
          "Node Type": "Gather Merge",
          "Parent Relationship": "Outer",
          "Parallel Aware": false,
          "Async Capable": false,
          "Startup Cost": 1955785.01,
          "Total Cost": 1956408.65,
          "Plan Rows": 2406,
          "Plan Width": 96,
          "Workers Planned": 1,
          "Plans": [
            {
              "Node Type": "Aggregate",
              "Strategy": "Sorted",
              "Partial Mode": "Partial",
              "Parent Relationship": "Outer",
              "Parallel Aware": false,
              "Async Capable": false,
              "Startup Cost": 1954785.0,
              "Total Cost": 1955137.96,
              "Plan Rows": 2406,
              "Plan Width": 96,
              "Group Key": [
                "(EXTRACT(year FROM orders.o_orderdate))"
              ],
              "Plans": [
                {
                  "Node Type": "Sort",
                  "Parent Relationship": "Outer",
                  "Parallel Aware": false,
                  "Async Capable": false,
                  "Startup Cost": 1954785.0,
                  "Total Cost": 1954819.54,
                  "Plan Rows": 13816,
                  "Plan Width": 70,
                  "Sort Key": [
                    "(EXTRACT(year FROM orders.o_orderdate))"
                  ],
                  "Plans": [
                    {
                      "Node Type": "Hash Join",
                      "Parent Relationship": "Outer",
                      "Parallel Aware": false,
                      "Async Capable": false,
                      "Join Type": "Inner",
                      "Startup Cost": 1950527.96,
                      "Total Cost": 1953834.87,
                      "Plan Rows": 13816,
                      "Plan Width": 70,
                      "Inner Unique": false,
                      "Hash Cond": "(supplier.s_nationkey = n2.n_nationkey)",
                      "Plans": [
                        {
                          "Node Type": "Hash Join",
                          "Parent Relationship": "Outer",
                          "Parallel Aware": true,
                          "Async Capable": false,
                          "Join Type": "Inner",
                          "Startup Cost": 1950526.4,
                          "Total Cost": 1953608.79,
                          "Plan Rows": 13816,
                          "Plan Width": 20,
                          "Inner Unique": false,
                          "Hash Cond": "(supplier.s_suppkey = lineitem.l_suppkey)",
                          "Plans": [
                            {
                              "Node Type": "Seq Scan",
                              "Parent Relationship": "Outer",
                              "Parallel Aware": true,
                              "Async Capable": false,
                              "Relation Name": "supplier",
                              "Alias": "supplier",
                              "Startup Cost": 0.0,
                              "Total Cost": 2804.24,
                              "Plan Rows": 58824,
                              "Plan Width": 8,
                              "parent": 5,
                              "ID": 6
                            },
                            {
                              "Node Type": "Hash",
                              "Parent Relationship": "Inner",
                              "Parallel Aware": true,
                              "Async Capable": false,
                              "Startup Cost": 1950404.06,
                              "Total Cost": 1950404.06,
                              "Plan Rows": 9787,
                              "Plan Width": 20,
                              "Plans": [
                                {
                                  "Node Type": "Hash Join",
                                  "Parent Relationship": "Outer",
                                  "Parallel Aware": false,
                                  "Async Capable": false,
                                  "Join Type": "Inner",
                                  "Startup Cost": 1905498.74,
                                  "Total Cost": 1950404.06,
                                  "Plan Rows": 9787,
                                  "Plan Width": 20,
                                  "Inner Unique": false,
                                  "Hash Cond": "(customer.c_nationkey = n1.n_nationkey)",
                                  "Plans": [
                                    {
                                      "Node Type": "Hash Join",
                                      "Parent Relationship": "Outer",
                                      "Parallel Aware": true,
                                      "Async Capable": false,
                                      "Join Type": "Inner",
                                      "Startup Cost": 1905496.2,
                                      "Total Cost": 1950120.18,
                                      "Plan Rows": 48932,
                                      "Plan Width": 24,
                                      "Inner Unique": false,
                                      "Hash Cond": "(customer.c_custkey = orders.o_custkey)",
                                      "Plans": [
                                        {
                                          "Node Type": "Seq Scan",
                                          "Parent Relationship": "Outer",
                                          "Parallel Aware": true,
                                          "Async Capable": false,
                                          "Relation Name": "customer",
                                          "Alias": "customer",
                                          "Startup Cost": 0.0,
                                          "Total Cost": 42076.52,
                                          "Plan Rows": 624952,
                                          "Plan Width": 8,
                                          "parent": 9,
                                          "ID": 10
                                        },
                                        {
                                          "Node Type": "Hash",
                                          "Parent Relationship": "Inner",
                                          "Parallel Aware": true,
                                          "Async Capable": false,
                                          "Startup Cost": 1904884.55,
                                          "Total Cost": 1904884.55,
                                          "Plan Rows": 48932,
                                          "Plan Width": 24,
                                          "Plans": [
                                            {
                                              "Node Type": "Hash Join",
                                              "Parent Relationship": "Outer",
                                              "Parallel Aware": true,
                                              "Async Capable": false,
                                              "Join Type": "Inner",
                                              "Startup Cost": 1523283.11,
                                              "Total Cost": 1904884.55,
                                              "Plan Rows": 48932,
                                              "Plan Width": 24,
                                              "Inner Unique": false,
                                              "Hash Cond": "(orders.o_orderkey = lineitem.l_orderkey)",
                                              "Plans": [
                                                {
                                                  "Node Type": "Seq Scan",
                                                  "Parent Relationship": "Outer",
                                                  "Parallel Aware": true,
                                                  "Async Capable": false,
                                                  "Relation Name": "orders",
                                                  "Alias": "orders",
                                                  "Startup Cost": 0.0,
                                                  "Total Cost": 354655.56,
                                                  "Plan Rows": 1909064,
                                                  "Plan Width": 12,
                                                  "Filter": "((o_orderdate >= '1995-01-01'::date) AND (o_orderdate <= '1996-12-31'::date))",
                                                  "parent": 12,
                                                  "ID": 13
                                                },
                                                {
                                                  "Node Type": "Hash",
                                                  "Parent Relationship": "Inner",
                                                  "Parallel Aware": true,
                                                  "Async Capable": false,
                                                  "Startup Cost": 1520341.76,
                                                  "Total Cost": 1520341.76,
                                                  "Plan Rows": 160188,
                                                  "Plan Width": 20,
                                                  "Plans": [
                                                    {
                                                      "Node Type": "Hash Join",
                                                      "Parent Relationship": "Outer",
                                                      "Parallel Aware": true,
                                                      "Async Capable": false,
                                                      "Join Type": "Inner",
                                                      "Startup Cost": 51447.53,
                                                      "Total Cost": 1520341.76,
                                                      "Plan Rows": 160188,
                                                      "Plan Width": 20,
                                                      "Inner Unique": false,
                                                      "Hash Cond": "(lineitem.l_partkey = part.p_partkey)",
                                                      "Plans": [
                                                        {
                                                          "Node Type": "Seq Scan",
                                                          "Parent Relationship": "Outer",
                                                          "Parallel Aware": true,
                                                          "Async Capable": false,
                                                          "Relation Name": "lineitem",
                                                          "Alias": "lineitem",
                                                          "Startup Cost": 0.0,
                                                          "Total Cost": 1374494.57,
                                                          "Plan Rows": 24995257,
                                                          "Plan Width": 24,
                                                          "parent": 15,
                                                          "ID": 16
                                                        },
                                                        {
                                                          "Node Type": "Hash",
                                                          "Parent Relationship": "Inner",
                                                          "Parallel Aware": true,
                                                          "Async Capable": false,
                                                          "Startup Cost": 51378.28,
                                                          "Total Cost": 51378.28,
                                                          "Plan Rows": 5540,
                                                          "Plan Width": 4,
                                                          "Plans": [
                                                            {
                                                              "Node Type": "Seq Scan",
                                                              "Parent Relationship": "Outer",
                                                              "Parallel Aware": true,
                                                              "Async Capable": false,
                                                              "Relation Name": "part",
                                                              "Alias": "part",
                                                              "Startup Cost": 0.0,
                                                              "Total Cost": 51378.28,
                                                              "Plan Rows": 5540,
                                                              "Plan Width": 4,
                                                              "Filter": "((p_type)::text = 'LARGE PLATED COPPER'::text)",
                                                              "parent": 17,
                                                              "ID": 18
                                                            }
                                                          ],
                                                          "parent": 15,
                                                          "ID": 17,
                                                          "left": 18
                                                        }
                                                      ],
                                                      "parent": 14,
                                                      "ID": 15,
                                                      "left": 16,
                                                      "right": 17
                                                    }
                                                  ],
                                                  "parent": 12,
                                                  "ID": 14,
                                                  "left": 15
                                                }
                                              ],
                                              "parent": 11,
                                              "ID": 12,
                                              "left": 13,
                                              "right": 14
                                            }
                                          ],
                                          "parent": 9,
                                          "ID": 11,
                                          "left": 12
                                        }
                                      ],
                                      "parent": 8,
                                      "ID": 9,
                                      "left": 10,
                                      "right": 11
                                    },
                                    {
                                      "Node Type": "Hash",
                                      "Parent Relationship": "Inner",
                                      "Parallel Aware": false,
                                      "Async Capable": false,
                                      "Startup Cost": 2.47,
                                      "Total Cost": 2.47,
                                      "Plan Rows": 5,
                                      "Plan Width": 4,
                                      "Plans": [
                                        {
                                          "Node Type": "Hash Join",
                                          "Parent Relationship": "Outer",
                                          "Parallel Aware": false,
                                          "Async Capable": false,
                                          "Join Type": "Inner",
                                          "Startup Cost": 1.07,
                                          "Total Cost": 2.47,
                                          "Plan Rows": 5,
                                          "Plan Width": 4,
                                          "Inner Unique": false,
                                          "Hash Cond": "(n1.n_regionkey = region.r_regionkey)",
                                          "Plans": [
                                            {
                                              "Node Type": "Seq Scan",
                                              "Parent Relationship": "Outer",
                                              "Parallel Aware": false,
                                              "Async Capable": false,
                                              "Relation Name": "nation",
                                              "Alias": "n1",
                                              "Startup Cost": 0.0,
                                              "Total Cost": 1.25,
                                              "Plan Rows": 25,
                                              "Plan Width": 8,
                                              "parent": 20,
                                              "ID": 21
                                            },
                                            {
                                              "Node Type": "Hash",
                                              "Parent Relationship": "Inner",
                                              "Parallel Aware": false,
                                              "Async Capable": false,
                                              "Startup Cost": 1.06,
                                              "Total Cost": 1.06,
                                              "Plan Rows": 1,
                                              "Plan Width": 4,
                                              "Plans": [
                                                {
                                                  "Node Type": "Seq Scan",
                                                  "Parent Relationship": "Outer",
                                                  "Parallel Aware": false,
                                                  "Async Capable": false,
                                                  "Relation Name": "region",
                                                  "Alias": "region",
                                                  "Startup Cost": 0.0,
                                                  "Total Cost": 1.06,
                                                  "Plan Rows": 1,
                                                  "Plan Width": 4,
                                                  "Filter": "(r_name = 'MIDDLE EAST'::bpchar)",
                                                  "parent": 22,
                                                  "ID": 23
                                                }
                                              ],
                                              "parent": 20,
                                              "ID": 22,
                                              "left": 23
                                            }
                                          ],
                                          "parent": 19,
                                          "ID": 20,
                                          "left": 21,
                                          "right": 22
                                        }
                                      ],
                                      "parent": 8,
                                      "ID": 19,
                                      "left": 20
                                    }
                                  ],
                                  "parent": 7,
                                  "ID": 8,
                                  "left": 9,
                                  "right": 19
                                }
                              ],
                              "parent": 5,
                              "ID": 7,
                              "left": 8
                            }
                          ],
                          "parent": 4,
                          "ID": 5,
                          "left": 6,
                          "right": 7
                        },
                        {
                          "Node Type": "Hash",
                          "Parent Relationship": "Inner",
                          "Parallel Aware": false,
                          "Async Capable": false,
                          "Startup Cost": 1.25,
                          "Total Cost": 1.25,
                          "Plan Rows": 25,
                          "Plan Width": 30,
                          "Plans": [
                            {
                              "Node Type": "Seq Scan",
                              "Parent Relationship": "Outer",
                              "Parallel Aware": false,
                              "Async Capable": false,
                              "Relation Name": "nation",
                              "Alias": "n2",
                              "Startup Cost": 0.0,
                              "Total Cost": 1.25,
                              "Plan Rows": 25,
                              "Plan Width": 30,
                              "parent": 24,
                              "ID": 25
                            }
                          ],
                          "parent": 4,
                          "ID": 24,
                          "left": 25
                        }
                      ],
                      "parent": 3,
                      "ID": 4,
                      "left": 5,
                      "right": 24
                    }
                  ],
                  "parent": 2,
                  "ID": 3,
                  "left": 4
                }
              ],
              "parent": 1,
              "ID": 2,
              "left": 3
            }
          ],
          "parent": 0,
          "ID": 1,
          "left": 2
        }
      ],
      "parent": null,
      "ID": 0,
      "left": 1
    },
    "feat": {
      "utility": 6.386447184269642e-07,
      "query_shape": [
        [
          "Seq Scan",
          "Hash Join",
          "Sort",
          "Aggregate",
          "Gather Merge"
        ],
        [
          "Seq Scan",
          "Hash Join",
          "Hash",
          "Sort",
          "Aggregate",
          "Gather Merge"
        ],
        [
          "Seq Scan",
          "Hash Join",
          "Hash",
          "Sort",
          "Aggregate",
          "Gather Merge"
        ],
        [
          "Seq Scan",
          "Hash Join",
          "Hash",
          "Sort",
          "Aggregate",
          "Gather Merge"
        ],
        [
          "Seq Scan",
          "Hash",
          "Hash Join",
          "Sort",
          "Aggregate",
          "Gather Merge"
        ],
        [
          "Seq Scan",
          "Hash Join",
          "Hash",
          "Sort",
          "Aggregate",
          "Gather Merge"
        ],
        [
          "Seq Scan",
          "Hash",
          "Hash Join",
          "Sort",
          "Aggregate",
          "Gather Merge"
        ],
        [
          "Seq Scan",
          "Hash",
          "Hash Join",
          "Sort",
          "Aggregate",
          "Gather Merge"
        ]
      ],
      "index_shape": [
        "join"
      ],
      "physical_operator": {
        "Hash Join": [
          0.00040001036971116453
        ]
      }
    }
  },
  {
    "query": "-- Functional Query Definition\n-- Approved February 1998\n\n\nselect\no_year,\nsum(case\nwhen nation = 'SAUDI ARABIA' then volume\nelse 0\nend) / sum(volume) as mkt_share\nfrom\n(\nselect\nextract(year from o_orderdate) as o_year,\nl_extendedprice * (1 - l_discount) as volume,\nn2.n_name as nation\nfrom\npart,\nsupplier,\nlineitem,\norders,\ncustomer,\nnation n1,\nnation n2,\nregion\nwhere\np_partkey = l_partkey\nand s_suppkey = l_suppkey\nand l_orderkey = o_orderkey\nand o_custkey = c_custkey\nand c_nationkey = n1.n_nationkey\nand n1.n_regionkey = r_regionkey\nand r_name = 'MIDDLE EAST'\nand s_nationkey = n2.n_nationkey\nand o_orderdate between date '1995-01-01' and date '1996-12-31'\nand p_type = 'LARGE PLATED COPPER'\n) as all_nations\ngroup by\no_year\norder by\no_year ;\n-- $ID$\n-- TPC-H/TPC-R Product Type Profit Measure ",
    "indexes": "lineitem.l_partkey",
    "wo plan est": {
      "Node Type": "Aggregate",
      "Strategy": "Sorted",
      "Partial Mode": "Finalize",
      "Parallel Aware": false,
      "Async Capable": false,
      "Startup Cost": 1955785.01,
      "Total Cost": 1956486.84,
      "Plan Rows": 2406,
      "Plan Width": 64,
      "Group Key": [
        "(EXTRACT(year FROM orders.o_orderdate))"
      ],
      "Plans": [
        {
          "Node Type": "Gather Merge",
          "Parent Relationship": "Outer",
          "Parallel Aware": false,
          "Async Capable": false,
          "Startup Cost": 1955785.01,
          "Total Cost": 1956408.65,
          "Plan Rows": 2406,
          "Plan Width": 96,
          "Workers Planned": 1,
          "Plans": [
            {
              "Node Type": "Aggregate",
              "Strategy": "Sorted",
              "Partial Mode": "Partial",
              "Parent Relationship": "Outer",
              "Parallel Aware": false,
              "Async Capable": false,
              "Startup Cost": 1954785.0,
              "Total Cost": 1955137.96,
              "Plan Rows": 2406,
              "Plan Width": 96,
              "Group Key": [
                "(EXTRACT(year FROM orders.o_orderdate))"
              ],
              "Plans": [
                {
                  "Node Type": "Sort",
                  "Parent Relationship": "Outer",
                  "Parallel Aware": false,
                  "Async Capable": false,
                  "Startup Cost": 1954785.0,
                  "Total Cost": 1954819.54,
                  "Plan Rows": 13816,
                  "Plan Width": 70,
                  "Sort Key": [
                    "(EXTRACT(year FROM orders.o_orderdate))"
                  ],
                  "Plans": [
                    {
                      "Node Type": "Hash Join",
                      "Parent Relationship": "Outer",
                      "Parallel Aware": false,
                      "Async Capable": false,
                      "Join Type": "Inner",
                      "Startup Cost": 1950527.96,
                      "Total Cost": 1953834.87,
                      "Plan Rows": 13816,
                      "Plan Width": 70,
                      "Inner Unique": false,
                      "Hash Cond": "(supplier.s_nationkey = n2.n_nationkey)",
                      "Plans": [
                        {
                          "Node Type": "Hash Join",
                          "Parent Relationship": "Outer",
                          "Parallel Aware": true,
                          "Async Capable": false,
                          "Join Type": "Inner",
                          "Startup Cost": 1950526.4,
                          "Total Cost": 1953608.79,
                          "Plan Rows": 13816,
                          "Plan Width": 20,
                          "Inner Unique": false,
                          "Hash Cond": "(supplier.s_suppkey = lineitem.l_suppkey)",
                          "Plans": [
                            {
                              "Node Type": "Seq Scan",
                              "Parent Relationship": "Outer",
                              "Parallel Aware": true,
                              "Async Capable": false,
                              "Relation Name": "supplier",
                              "Alias": "supplier",
                              "Startup Cost": 0.0,
                              "Total Cost": 2804.24,
                              "Plan Rows": 58824,
                              "Plan Width": 8,
                              "parent": 5,
                              "ID": 6
                            },
                            {
                              "Node Type": "Hash",
                              "Parent Relationship": "Inner",
                              "Parallel Aware": true,
                              "Async Capable": false,
                              "Startup Cost": 1950404.06,
                              "Total Cost": 1950404.06,
                              "Plan Rows": 9787,
                              "Plan Width": 20,
                              "Plans": [
                                {
                                  "Node Type": "Hash Join",
                                  "Parent Relationship": "Outer",
                                  "Parallel Aware": false,
                                  "Async Capable": false,
                                  "Join Type": "Inner",
                                  "Startup Cost": 1905498.74,
                                  "Total Cost": 1950404.06,
                                  "Plan Rows": 9787,
                                  "Plan Width": 20,
                                  "Inner Unique": false,
                                  "Hash Cond": "(customer.c_nationkey = n1.n_nationkey)",
                                  "Plans": [
                                    {
                                      "Node Type": "Hash Join",
                                      "Parent Relationship": "Outer",
                                      "Parallel Aware": true,
                                      "Async Capable": false,
                                      "Join Type": "Inner",
                                      "Startup Cost": 1905496.2,
                                      "Total Cost": 1950120.18,
                                      "Plan Rows": 48932,
                                      "Plan Width": 24,
                                      "Inner Unique": false,
                                      "Hash Cond": "(customer.c_custkey = orders.o_custkey)",
                                      "Plans": [
                                        {
                                          "Node Type": "Seq Scan",
                                          "Parent Relationship": "Outer",
                                          "Parallel Aware": true,
                                          "Async Capable": false,
                                          "Relation Name": "customer",
                                          "Alias": "customer",
                                          "Startup Cost": 0.0,
                                          "Total Cost": 42076.52,
                                          "Plan Rows": 624952,
                                          "Plan Width": 8,
                                          "parent": 9,
                                          "ID": 10
                                        },
                                        {
                                          "Node Type": "Hash",
                                          "Parent Relationship": "Inner",
                                          "Parallel Aware": true,
                                          "Async Capable": false,
                                          "Startup Cost": 1904884.55,
                                          "Total Cost": 1904884.55,
                                          "Plan Rows": 48932,
                                          "Plan Width": 24,
                                          "Plans": [
                                            {
                                              "Node Type": "Hash Join",
                                              "Parent Relationship": "Outer",
                                              "Parallel Aware": true,
                                              "Async Capable": false,
                                              "Join Type": "Inner",
                                              "Startup Cost": 1523283.11,
                                              "Total Cost": 1904884.55,
                                              "Plan Rows": 48932,
                                              "Plan Width": 24,
                                              "Inner Unique": false,
                                              "Hash Cond": "(orders.o_orderkey = lineitem.l_orderkey)",
                                              "Plans": [
                                                {
                                                  "Node Type": "Seq Scan",
                                                  "Parent Relationship": "Outer",
                                                  "Parallel Aware": true,
                                                  "Async Capable": false,
                                                  "Relation Name": "orders",
                                                  "Alias": "orders",
                                                  "Startup Cost": 0.0,
                                                  "Total Cost": 354655.56,
                                                  "Plan Rows": 1909064,
                                                  "Plan Width": 12,
                                                  "Filter": "((o_orderdate >= '1995-01-01'::date) AND (o_orderdate <= '1996-12-31'::date))",
                                                  "parent": 12,
                                                  "ID": 13
                                                },
                                                {
                                                  "Node Type": "Hash",
                                                  "Parent Relationship": "Inner",
                                                  "Parallel Aware": true,
                                                  "Async Capable": false,
                                                  "Startup Cost": 1520341.76,
                                                  "Total Cost": 1520341.76,
                                                  "Plan Rows": 160188,
                                                  "Plan Width": 20,
                                                  "Plans": [
                                                    {
                                                      "Node Type": "Hash Join",
                                                      "Parent Relationship": "Outer",
                                                      "Parallel Aware": true,
                                                      "Async Capable": false,
                                                      "Join Type": "Inner",
                                                      "Startup Cost": 51447.53,
                                                      "Total Cost": 1520341.76,
                                                      "Plan Rows": 160188,
                                                      "Plan Width": 20,
                                                      "Inner Unique": false,
                                                      "Hash Cond": "(lineitem.l_partkey = part.p_partkey)",
                                                      "Plans": [
                                                        {
                                                          "Node Type": "Seq Scan",
                                                          "Parent Relationship": "Outer",
                                                          "Parallel Aware": true,
                                                          "Async Capable": false,
                                                          "Relation Name": "lineitem",
                                                          "Alias": "lineitem",
                                                          "Startup Cost": 0.0,
                                                          "Total Cost": 1374494.57,
                                                          "Plan Rows": 24995257,
                                                          "Plan Width": 24,
                                                          "parent": 15,
                                                          "ID": 16
                                                        },
                                                        {
                                                          "Node Type": "Hash",
                                                          "Parent Relationship": "Inner",
                                                          "Parallel Aware": true,
                                                          "Async Capable": false,
                                                          "Startup Cost": 51378.28,
                                                          "Total Cost": 51378.28,
                                                          "Plan Rows": 5540,
                                                          "Plan Width": 4,
                                                          "Plans": [
                                                            {
                                                              "Node Type": "Seq Scan",
                                                              "Parent Relationship": "Outer",
                                                              "Parallel Aware": true,
                                                              "Async Capable": false,
                                                              "Relation Name": "part",
                                                              "Alias": "part",
                                                              "Startup Cost": 0.0,
                                                              "Total Cost": 51378.28,
                                                              "Plan Rows": 5540,
                                                              "Plan Width": 4,
                                                              "Filter": "((p_type)::text = 'LARGE PLATED COPPER'::text)",
                                                              "parent": 17,
                                                              "ID": 18
                                                            }
                                                          ],
                                                          "parent": 15,
                                                          "ID": 17,
                                                          "left": 18
                                                        }
                                                      ],
                                                      "parent": 14,
                                                      "ID": 15,
                                                      "left": 16,
                                                      "right": 17
                                                    }
                                                  ],
                                                  "parent": 12,
                                                  "ID": 14,
                                                  "left": 15
                                                }
                                              ],
                                              "parent": 11,
                                              "ID": 12,
                                              "left": 13,
                                              "right": 14
                                            }
                                          ],
                                          "parent": 9,
                                          "ID": 11,
                                          "left": 12
                                        }
                                      ],
                                      "parent": 8,
                                      "ID": 9,
                                      "left": 10,
                                      "right": 11
                                    },
                                    {
                                      "Node Type": "Hash",
                                      "Parent Relationship": "Inner",
                                      "Parallel Aware": false,
                                      "Async Capable": false,
                                      "Startup Cost": 2.47,
                                      "Total Cost": 2.47,
                                      "Plan Rows": 5,
                                      "Plan Width": 4,
                                      "Plans": [
                                        {
                                          "Node Type": "Hash Join",
                                          "Parent Relationship": "Outer",
                                          "Parallel Aware": false,
                                          "Async Capable": false,
                                          "Join Type": "Inner",
                                          "Startup Cost": 1.07,
                                          "Total Cost": 2.47,
                                          "Plan Rows": 5,
                                          "Plan Width": 4,
                                          "Inner Unique": false,
                                          "Hash Cond": "(n1.n_regionkey = region.r_regionkey)",
                                          "Plans": [
                                            {
                                              "Node Type": "Seq Scan",
                                              "Parent Relationship": "Outer",
                                              "Parallel Aware": false,
                                              "Async Capable": false,
                                              "Relation Name": "nation",
                                              "Alias": "n1",
                                              "Startup Cost": 0.0,
                                              "Total Cost": 1.25,
                                              "Plan Rows": 25,
                                              "Plan Width": 8,
                                              "parent": 20,
                                              "ID": 21
                                            },
                                            {
                                              "Node Type": "Hash",
                                              "Parent Relationship": "Inner",
                                              "Parallel Aware": false,
                                              "Async Capable": false,
                                              "Startup Cost": 1.06,
                                              "Total Cost": 1.06,
                                              "Plan Rows": 1,
                                              "Plan Width": 4,
                                              "Plans": [
                                                {
                                                  "Node Type": "Seq Scan",
                                                  "Parent Relationship": "Outer",
                                                  "Parallel Aware": false,
                                                  "Async Capable": false,
                                                  "Relation Name": "region",
                                                  "Alias": "region",
                                                  "Startup Cost": 0.0,
                                                  "Total Cost": 1.06,
                                                  "Plan Rows": 1,
                                                  "Plan Width": 4,
                                                  "Filter": "(r_name = 'MIDDLE EAST'::bpchar)",
                                                  "parent": 22,
                                                  "ID": 23
                                                }
                                              ],
                                              "parent": 20,
                                              "ID": 22,
                                              "left": 23
                                            }
                                          ],
                                          "parent": 19,
                                          "ID": 20,
                                          "left": 21,
                                          "right": 22
                                        }
                                      ],
                                      "parent": 8,
                                      "ID": 19,
                                      "left": 20
                                    }
                                  ],
                                  "parent": 7,
                                  "ID": 8,
                                  "left": 9,
                                  "right": 19
                                }
                              ],
                              "parent": 5,
                              "ID": 7,
                              "left": 8
                            }
                          ],
                          "parent": 4,
                          "ID": 5,
                          "left": 6,
                          "right": 7
                        },
                        {
                          "Node Type": "Hash",
                          "Parent Relationship": "Inner",
                          "Parallel Aware": false,
                          "Async Capable": false,
                          "Startup Cost": 1.25,
                          "Total Cost": 1.25,
                          "Plan Rows": 25,
                          "Plan Width": 30,
                          "Plans": [
                            {
                              "Node Type": "Seq Scan",
                              "Parent Relationship": "Outer",
                              "Parallel Aware": false,
                              "Async Capable": false,
                              "Relation Name": "nation",
                              "Alias": "n2",
                              "Startup Cost": 0.0,
                              "Total Cost": 1.25,
                              "Plan Rows": 25,
                              "Plan Width": 30,
                              "parent": 24,
                              "ID": 25
                            }
                          ],
                          "parent": 4,
                          "ID": 24,
                          "left": 25
                        }
                      ],
                      "parent": 3,
                      "ID": 4,
                      "left": 5,
                      "right": 24
                    }
                  ],
                  "parent": 2,
                  "ID": 3,
                  "left": 4
                }
              ],
              "parent": 1,
              "ID": 2,
              "left": 3
            }
          ],
          "parent": 0,
          "ID": 1,
          "left": 2
        }
      ],
      "parent": null,
      "ID": 0,
      "left": 1
    },
    "feat": {
      "utility": 6.382131148580048e-07,
      "query_shape": [
        [
          "Seq Scan",
          "Hash Join",
          "Sort",
          "Aggregate",
          "Gather Merge"
        ],
        [
          "Seq Scan",
          "Hash Join",
          "Hash",
          "Sort",
          "Aggregate",
          "Gather Merge"
        ],
        [
          "Seq Scan",
          "Hash Join",
          "Hash",
          "Sort",
          "Aggregate",
          "Gather Merge"
        ],
        [
          "Seq Scan",
          "Hash Join",
          "Hash",
          "Sort",
          "Aggregate",
          "Gather Merge"
        ],
        [
          "Seq Scan",
          "Hash",
          "Hash Join",
          "Sort",
          "Aggregate",
          "Gather Merge"
        ],
        [
          "Seq Scan",
          "Hash Join",
          "Hash",
          "Sort",
          "Aggregate",
          "Gather Merge"
        ],
        [
          "Seq Scan",
          "Hash",
          "Hash Join",
          "Sort",
          "Aggregate",
          "Gather Merge"
        ],
        [
          "Seq Scan",
          "Hash",
          "Hash Join",
          "Sort",
          "Aggregate",
          "Gather Merge"
        ]
      ],
      "index_shape": [
        "join"
      ],
      "physical_operator": {
        "Hash Join": [
          0.0010755517319240547
        ]
      }
    }
  },
  {
    "query": "-- Functional Query Definition\n-- Approved February 1998\n\n\nselect\no_year,\nsum(case\nwhen nation = 'SAUDI ARABIA' then volume\nelse 0\nend) / sum(volume) as mkt_share\nfrom\n(\nselect\nextract(year from o_orderdate) as o_year,\nl_extendedprice * (1 - l_discount) as volume,\nn2.n_name as nation\nfrom\npart,\nsupplier,\nlineitem,\norders,\ncustomer,\nnation n1,\nnation n2,\nregion\nwhere\np_partkey = l_partkey\nand s_suppkey = l_suppkey\nand l_orderkey = o_orderkey\nand o_custkey = c_custkey\nand c_nationkey = n1.n_nationkey\nand n1.n_regionkey = r_regionkey\nand r_name = 'MIDDLE EAST'\nand s_nationkey = n2.n_nationkey\nand o_orderdate between date '1995-01-01' and date '1996-12-31'\nand p_type = 'LARGE PLATED COPPER'\n) as all_nations\ngroup by\no_year\norder by\no_year ;\n-- $ID$\n-- TPC-H/TPC-R Product Type Profit Measure ",
    "indexes": "lineitem.l_suppkey",
    "wo plan est": {
      "Node Type": "Aggregate",
      "Strategy": "Sorted",
      "Partial Mode": "Finalize",
      "Parallel Aware": false,
      "Async Capable": false,
      "Startup Cost": 1955785.01,
      "Total Cost": 1956486.84,
      "Plan Rows": 2406,
      "Plan Width": 64,
      "Group Key": [
        "(EXTRACT(year FROM orders.o_orderdate))"
      ],
      "Plans": [
        {
          "Node Type": "Gather Merge",
          "Parent Relationship": "Outer",
          "Parallel Aware": false,
          "Async Capable": false,
          "Startup Cost": 1955785.01,
          "Total Cost": 1956408.65,
          "Plan Rows": 2406,
          "Plan Width": 96,
          "Workers Planned": 1,
          "Plans": [
            {
              "Node Type": "Aggregate",
              "Strategy": "Sorted",
              "Partial Mode": "Partial",
              "Parent Relationship": "Outer",
              "Parallel Aware": false,
              "Async Capable": false,
              "Startup Cost": 1954785.0,
              "Total Cost": 1955137.96,
              "Plan Rows": 2406,
              "Plan Width": 96,
              "Group Key": [
                "(EXTRACT(year FROM orders.o_orderdate))"
              ],
              "Plans": [
                {
                  "Node Type": "Sort",
                  "Parent Relationship": "Outer",
                  "Parallel Aware": false,
                  "Async Capable": false,
                  "Startup Cost": 1954785.0,
                  "Total Cost": 1954819.54,
                  "Plan Rows": 13816,
                  "Plan Width": 70,
                  "Sort Key": [
                    "(EXTRACT(year FROM orders.o_orderdate))"
                  ],
                  "Plans": [
                    {
                      "Node Type": "Hash Join",
                      "Parent Relationship": "Outer",
                      "Parallel Aware": false,
                      "Async Capable": false,
                      "Join Type": "Inner",
                      "Startup Cost": 1950527.96,
                      "Total Cost": 1953834.87,
                      "Plan Rows": 13816,
                      "Plan Width": 70,
                      "Inner Unique": false,
                      "Hash Cond": "(supplier.s_nationkey = n2.n_nationkey)",
                      "Plans": [
                        {
                          "Node Type": "Hash Join",
                          "Parent Relationship": "Outer",
                          "Parallel Aware": true,
                          "Async Capable": false,
                          "Join Type": "Inner",
                          "Startup Cost": 1950526.4,
                          "Total Cost": 1953608.79,
                          "Plan Rows": 13816,
                          "Plan Width": 20,
                          "Inner Unique": false,
                          "Hash Cond": "(supplier.s_suppkey = lineitem.l_suppkey)",
                          "Plans": [
                            {
                              "Node Type": "Seq Scan",
                              "Parent Relationship": "Outer",
                              "Parallel Aware": true,
                              "Async Capable": false,
                              "Relation Name": "supplier",
                              "Alias": "supplier",
                              "Startup Cost": 0.0,
                              "Total Cost": 2804.24,
                              "Plan Rows": 58824,
                              "Plan Width": 8,
                              "parent": 5,
                              "ID": 6
                            },
                            {
                              "Node Type": "Hash",
                              "Parent Relationship": "Inner",
                              "Parallel Aware": true,
                              "Async Capable": false,
                              "Startup Cost": 1950404.06,
                              "Total Cost": 1950404.06,
                              "Plan Rows": 9787,
                              "Plan Width": 20,
                              "Plans": [
                                {
                                  "Node Type": "Hash Join",
                                  "Parent Relationship": "Outer",
                                  "Parallel Aware": false,
                                  "Async Capable": false,
                                  "Join Type": "Inner",
                                  "Startup Cost": 1905498.74,
                                  "Total Cost": 1950404.06,
                                  "Plan Rows": 9787,
                                  "Plan Width": 20,
                                  "Inner Unique": false,
                                  "Hash Cond": "(customer.c_nationkey = n1.n_nationkey)",
                                  "Plans": [
                                    {
                                      "Node Type": "Hash Join",
                                      "Parent Relationship": "Outer",
                                      "Parallel Aware": true,
                                      "Async Capable": false,
                                      "Join Type": "Inner",
                                      "Startup Cost": 1905496.2,
                                      "Total Cost": 1950120.18,
                                      "Plan Rows": 48932,
                                      "Plan Width": 24,
                                      "Inner Unique": false,
                                      "Hash Cond": "(customer.c_custkey = orders.o_custkey)",
                                      "Plans": [
                                        {
                                          "Node Type": "Seq Scan",
                                          "Parent Relationship": "Outer",
                                          "Parallel Aware": true,
                                          "Async Capable": false,
                                          "Relation Name": "customer",
                                          "Alias": "customer",
                                          "Startup Cost": 0.0,
                                          "Total Cost": 42076.52,
                                          "Plan Rows": 624952,
                                          "Plan Width": 8,
                                          "parent": 9,
                                          "ID": 10
                                        },
                                        {
                                          "Node Type": "Hash",
                                          "Parent Relationship": "Inner",
                                          "Parallel Aware": true,
                                          "Async Capable": false,
                                          "Startup Cost": 1904884.55,
                                          "Total Cost": 1904884.55,
                                          "Plan Rows": 48932,
                                          "Plan Width": 24,
                                          "Plans": [
                                            {
                                              "Node Type": "Hash Join",
                                              "Parent Relationship": "Outer",
                                              "Parallel Aware": true,
                                              "Async Capable": false,
                                              "Join Type": "Inner",
                                              "Startup Cost": 1523283.11,
                                              "Total Cost": 1904884.55,
                                              "Plan Rows": 48932,
                                              "Plan Width": 24,
                                              "Inner Unique": false,
                                              "Hash Cond": "(orders.o_orderkey = lineitem.l_orderkey)",
                                              "Plans": [
                                                {
                                                  "Node Type": "Seq Scan",
                                                  "Parent Relationship": "Outer",
                                                  "Parallel Aware": true,
                                                  "Async Capable": false,
                                                  "Relation Name": "orders",
                                                  "Alias": "orders",
                                                  "Startup Cost": 0.0,
                                                  "Total Cost": 354655.56,
                                                  "Plan Rows": 1909064,
                                                  "Plan Width": 12,
                                                  "Filter": "((o_orderdate >= '1995-01-01'::date) AND (o_orderdate <= '1996-12-31'::date))",
                                                  "parent": 12,
                                                  "ID": 13
                                                },
                                                {
                                                  "Node Type": "Hash",
                                                  "Parent Relationship": "Inner",
                                                  "Parallel Aware": true,
                                                  "Async Capable": false,
                                                  "Startup Cost": 1520341.76,
                                                  "Total Cost": 1520341.76,
                                                  "Plan Rows": 160188,
                                                  "Plan Width": 20,
                                                  "Plans": [
                                                    {
                                                      "Node Type": "Hash Join",
                                                      "Parent Relationship": "Outer",
                                                      "Parallel Aware": true,
                                                      "Async Capable": false,
                                                      "Join Type": "Inner",
                                                      "Startup Cost": 51447.53,
                                                      "Total Cost": 1520341.76,
                                                      "Plan Rows": 160188,
                                                      "Plan Width": 20,
                                                      "Inner Unique": false,
                                                      "Hash Cond": "(lineitem.l_partkey = part.p_partkey)",
                                                      "Plans": [
                                                        {
                                                          "Node Type": "Seq Scan",
                                                          "Parent Relationship": "Outer",
                                                          "Parallel Aware": true,
                                                          "Async Capable": false,
                                                          "Relation Name": "lineitem",
                                                          "Alias": "lineitem",
                                                          "Startup Cost": 0.0,
                                                          "Total Cost": 1374494.57,
                                                          "Plan Rows": 24995257,
                                                          "Plan Width": 24,
                                                          "parent": 15,
                                                          "ID": 16
                                                        },
                                                        {
                                                          "Node Type": "Hash",
                                                          "Parent Relationship": "Inner",
                                                          "Parallel Aware": true,
                                                          "Async Capable": false,
                                                          "Startup Cost": 51378.28,
                                                          "Total Cost": 51378.28,
                                                          "Plan Rows": 5540,
                                                          "Plan Width": 4,
                                                          "Plans": [
                                                            {
                                                              "Node Type": "Seq Scan",
                                                              "Parent Relationship": "Outer",
                                                              "Parallel Aware": true,
                                                              "Async Capable": false,
                                                              "Relation Name": "part",
                                                              "Alias": "part",
                                                              "Startup Cost": 0.0,
                                                              "Total Cost": 51378.28,
                                                              "Plan Rows": 5540,
                                                              "Plan Width": 4,
                                                              "Filter": "((p_type)::text = 'LARGE PLATED COPPER'::text)",
                                                              "parent": 17,
                                                              "ID": 18
                                                            }
                                                          ],
                                                          "parent": 15,
                                                          "ID": 17,
                                                          "left": 18
                                                        }
                                                      ],
                                                      "parent": 14,
                                                      "ID": 15,
                                                      "left": 16,
                                                      "right": 17
                                                    }
                                                  ],
                                                  "parent": 12,
                                                  "ID": 14,
                                                  "left": 15
                                                }
                                              ],
                                              "parent": 11,
                                              "ID": 12,
                                              "left": 13,
                                              "right": 14
                                            }
                                          ],
                                          "parent": 9,
                                          "ID": 11,
                                          "left": 12
                                        }
                                      ],
                                      "parent": 8,
                                      "ID": 9,
                                      "left": 10,
                                      "right": 11
                                    },
                                    {
                                      "Node Type": "Hash",
                                      "Parent Relationship": "Inner",
                                      "Parallel Aware": false,
                                      "Async Capable": false,
                                      "Startup Cost": 2.47,
                                      "Total Cost": 2.47,
                                      "Plan Rows": 5,
                                      "Plan Width": 4,
                                      "Plans": [
                                        {
                                          "Node Type": "Hash Join",
                                          "Parent Relationship": "Outer",
                                          "Parallel Aware": false,
                                          "Async Capable": false,
                                          "Join Type": "Inner",
                                          "Startup Cost": 1.07,
                                          "Total Cost": 2.47,
                                          "Plan Rows": 5,
                                          "Plan Width": 4,
                                          "Inner Unique": false,
                                          "Hash Cond": "(n1.n_regionkey = region.r_regionkey)",
                                          "Plans": [
                                            {
                                              "Node Type": "Seq Scan",
                                              "Parent Relationship": "Outer",
                                              "Parallel Aware": false,
                                              "Async Capable": false,
                                              "Relation Name": "nation",
                                              "Alias": "n1",
                                              "Startup Cost": 0.0,
                                              "Total Cost": 1.25,
                                              "Plan Rows": 25,
                                              "Plan Width": 8,
                                              "parent": 20,
                                              "ID": 21
                                            },
                                            {
                                              "Node Type": "Hash",
                                              "Parent Relationship": "Inner",
                                              "Parallel Aware": false,
                                              "Async Capable": false,
                                              "Startup Cost": 1.06,
                                              "Total Cost": 1.06,
                                              "Plan Rows": 1,
                                              "Plan Width": 4,
                                              "Plans": [
                                                {
                                                  "Node Type": "Seq Scan",
                                                  "Parent Relationship": "Outer",
                                                  "Parallel Aware": false,
                                                  "Async Capable": false,
                                                  "Relation Name": "region",
                                                  "Alias": "region",
                                                  "Startup Cost": 0.0,
                                                  "Total Cost": 1.06,
                                                  "Plan Rows": 1,
                                                  "Plan Width": 4,
                                                  "Filter": "(r_name = 'MIDDLE EAST'::bpchar)",
                                                  "parent": 22,
                                                  "ID": 23
                                                }
                                              ],
                                              "parent": 20,
                                              "ID": 22,
                                              "left": 23
                                            }
                                          ],
                                          "parent": 19,
                                          "ID": 20,
                                          "left": 21,
                                          "right": 22
                                        }
                                      ],
                                      "parent": 8,
                                      "ID": 19,
                                      "left": 20
                                    }
                                  ],
                                  "parent": 7,
                                  "ID": 8,
                                  "left": 9,
                                  "right": 19
                                }
                              ],
                              "parent": 5,
                              "ID": 7,
                              "left": 8
                            }
                          ],
                          "parent": 4,
                          "ID": 5,
                          "left": 6,
                          "right": 7
                        },
                        {
                          "Node Type": "Hash",
                          "Parent Relationship": "Inner",
                          "Parallel Aware": false,
                          "Async Capable": false,
                          "Startup Cost": 1.25,
                          "Total Cost": 1.25,
                          "Plan Rows": 25,
                          "Plan Width": 30,
                          "Plans": [
                            {
                              "Node Type": "Seq Scan",
                              "Parent Relationship": "Outer",
                              "Parallel Aware": false,
                              "Async Capable": false,
                              "Relation Name": "nation",
                              "Alias": "n2",
                              "Startup Cost": 0.0,
                              "Total Cost": 1.25,
                              "Plan Rows": 25,
                              "Plan Width": 30,
                              "parent": 24,
                              "ID": 25
                            }
                          ],
                          "parent": 4,
                          "ID": 24,
                          "left": 25
                        }
                      ],
                      "parent": 3,
                      "ID": 4,
                      "left": 5,
                      "right": 24
                    }
                  ],
                  "parent": 2,
                  "ID": 3,
                  "left": 4
                }
              ],
              "parent": 1,
              "ID": 2,
              "left": 3
            }
          ],
          "parent": 0,
          "ID": 1,
          "left": 2
        }
      ],
      "parent": null,
      "ID": 0,
      "left": 1
    },
    "feat": {
      "utility": 6.35770444899657e-07,
      "query_shape": [
        [
          "Seq Scan",
          "Hash Join",
          "Sort",
          "Aggregate",
          "Gather Merge"
        ],
        [
          "Seq Scan",
          "Hash Join",
          "Hash",
          "Sort",
          "Aggregate",
          "Gather Merge"
        ],
        [
          "Seq Scan",
          "Hash Join",
          "Hash",
          "Sort",
          "Aggregate",
          "Gather Merge"
        ],
        [
          "Seq Scan",
          "Hash Join",
          "Hash",
          "Sort",
          "Aggregate",
          "Gather Merge"
        ],
        [
          "Seq Scan",
          "Hash",
          "Hash Join",
          "Sort",
          "Aggregate",
          "Gather Merge"
        ],
        [
          "Seq Scan",
          "Hash Join",
          "Hash",
          "Sort",
          "Aggregate",
          "Gather Merge"
        ],
        [
          "Seq Scan",
          "Hash",
          "Hash Join",
          "Sort",
          "Aggregate",
          "Gather Merge"
        ],
        [
          "Seq Scan",
          "Hash",
          "Hash Join",
          "Sort",
          "Aggregate",
          "Gather Merge"
        ]
      ],
      "index_shape": [
        "join"
      ],
      "physical_operator": {
        "Hash Join": [
          0.004898793034300612
        ]
      }
    }
  },
  {
    "query": "-- Functional Query Definition\n-- Approved February 1998\n\n\nselect\no_year,\nsum(case\nwhen nation = 'SAUDI ARABIA' then volume\nelse 0\nend) / sum(volume) as mkt_share\nfrom\n(\nselect\nextract(year from o_orderdate) as o_year,\nl_extendedprice * (1 - l_discount) as volume,\nn2.n_name as nation\nfrom\npart,\nsupplier,\nlineitem,\norders,\ncustomer,\nnation n1,\nnation n2,\nregion\nwhere\np_partkey = l_partkey\nand s_suppkey = l_suppkey\nand l_orderkey = o_orderkey\nand o_custkey = c_custkey\nand c_nationkey = n1.n_nationkey\nand n1.n_regionkey = r_regionkey\nand r_name = 'MIDDLE EAST'\nand s_nationkey = n2.n_nationkey\nand o_orderdate between date '1995-01-01' and date '1996-12-31'\nand p_type = 'LARGE PLATED COPPER'\n) as all_nations\ngroup by\no_year\norder by\no_year ;\n-- $ID$\n-- TPC-H/TPC-R Product Type Profit Measure ",
    "indexes": "lineitem.l_extendedprice",
    "wo plan est": {
      "Node Type": "Aggregate",
      "Strategy": "Sorted",
      "Partial Mode": "Finalize",
      "Parallel Aware": false,
      "Async Capable": false,
      "Startup Cost": 1955785.01,
      "Total Cost": 1956486.84,
      "Plan Rows": 2406,
      "Plan Width": 64,
      "Group Key": [
        "(EXTRACT(year FROM orders.o_orderdate))"
      ],
      "Plans": [
        {
          "Node Type": "Gather Merge",
          "Parent Relationship": "Outer",
          "Parallel Aware": false,
          "Async Capable": false,
          "Startup Cost": 1955785.01,
          "Total Cost": 1956408.65,
          "Plan Rows": 2406,
          "Plan Width": 96,
          "Workers Planned": 1,
          "Plans": [
            {
              "Node Type": "Aggregate",
              "Strategy": "Sorted",
              "Partial Mode": "Partial",
              "Parent Relationship": "Outer",
              "Parallel Aware": false,
              "Async Capable": false,
              "Startup Cost": 1954785.0,
              "Total Cost": 1955137.96,
              "Plan Rows": 2406,
              "Plan Width": 96,
              "Group Key": [
                "(EXTRACT(year FROM orders.o_orderdate))"
              ],
              "Plans": [
                {
                  "Node Type": "Sort",
                  "Parent Relationship": "Outer",
                  "Parallel Aware": false,
                  "Async Capable": false,
                  "Startup Cost": 1954785.0,
                  "Total Cost": 1954819.54,
                  "Plan Rows": 13816,
                  "Plan Width": 70,
                  "Sort Key": [
                    "(EXTRACT(year FROM orders.o_orderdate))"
                  ],
                  "Plans": [
                    {
                      "Node Type": "Hash Join",
                      "Parent Relationship": "Outer",
                      "Parallel Aware": false,
                      "Async Capable": false,
                      "Join Type": "Inner",
                      "Startup Cost": 1950527.96,
                      "Total Cost": 1953834.87,
                      "Plan Rows": 13816,
                      "Plan Width": 70,
                      "Inner Unique": false,
                      "Hash Cond": "(supplier.s_nationkey = n2.n_nationkey)",
                      "Plans": [
                        {
                          "Node Type": "Hash Join",
                          "Parent Relationship": "Outer",
                          "Parallel Aware": true,
                          "Async Capable": false,
                          "Join Type": "Inner",
                          "Startup Cost": 1950526.4,
                          "Total Cost": 1953608.79,
                          "Plan Rows": 13816,
                          "Plan Width": 20,
                          "Inner Unique": false,
                          "Hash Cond": "(supplier.s_suppkey = lineitem.l_suppkey)",
                          "Plans": [
                            {
                              "Node Type": "Seq Scan",
                              "Parent Relationship": "Outer",
                              "Parallel Aware": true,
                              "Async Capable": false,
                              "Relation Name": "supplier",
                              "Alias": "supplier",
                              "Startup Cost": 0.0,
                              "Total Cost": 2804.24,
                              "Plan Rows": 58824,
                              "Plan Width": 8,
                              "parent": 5,
                              "ID": 6
                            },
                            {
                              "Node Type": "Hash",
                              "Parent Relationship": "Inner",
                              "Parallel Aware": true,
                              "Async Capable": false,
                              "Startup Cost": 1950404.06,
                              "Total Cost": 1950404.06,
                              "Plan Rows": 9787,
                              "Plan Width": 20,
                              "Plans": [
                                {
                                  "Node Type": "Hash Join",
                                  "Parent Relationship": "Outer",
                                  "Parallel Aware": false,
                                  "Async Capable": false,
                                  "Join Type": "Inner",
                                  "Startup Cost": 1905498.74,
                                  "Total Cost": 1950404.06,
                                  "Plan Rows": 9787,
                                  "Plan Width": 20,
                                  "Inner Unique": false,
                                  "Hash Cond": "(customer.c_nationkey = n1.n_nationkey)",
                                  "Plans": [
                                    {
                                      "Node Type": "Hash Join",
                                      "Parent Relationship": "Outer",
                                      "Parallel Aware": true,
                                      "Async Capable": false,
                                      "Join Type": "Inner",
                                      "Startup Cost": 1905496.2,
                                      "Total Cost": 1950120.18,
                                      "Plan Rows": 48932,
                                      "Plan Width": 24,
                                      "Inner Unique": false,
                                      "Hash Cond": "(customer.c_custkey = orders.o_custkey)",
                                      "Plans": [
                                        {
                                          "Node Type": "Seq Scan",
                                          "Parent Relationship": "Outer",
                                          "Parallel Aware": true,
                                          "Async Capable": false,
                                          "Relation Name": "customer",
                                          "Alias": "customer",
                                          "Startup Cost": 0.0,
                                          "Total Cost": 42076.52,
                                          "Plan Rows": 624952,
                                          "Plan Width": 8,
                                          "parent": 9,
                                          "ID": 10
                                        },
                                        {
                                          "Node Type": "Hash",
                                          "Parent Relationship": "Inner",
                                          "Parallel Aware": true,
                                          "Async Capable": false,
                                          "Startup Cost": 1904884.55,
                                          "Total Cost": 1904884.55,
                                          "Plan Rows": 48932,
                                          "Plan Width": 24,
                                          "Plans": [
                                            {
                                              "Node Type": "Hash Join",
                                              "Parent Relationship": "Outer",
                                              "Parallel Aware": true,
                                              "Async Capable": false,
                                              "Join Type": "Inner",
                                              "Startup Cost": 1523283.11,
                                              "Total Cost": 1904884.55,
                                              "Plan Rows": 48932,
                                              "Plan Width": 24,
                                              "Inner Unique": false,
                                              "Hash Cond": "(orders.o_orderkey = lineitem.l_orderkey)",
                                              "Plans": [
                                                {
                                                  "Node Type": "Seq Scan",
                                                  "Parent Relationship": "Outer",
                                                  "Parallel Aware": true,
                                                  "Async Capable": false,
                                                  "Relation Name": "orders",
                                                  "Alias": "orders",
                                                  "Startup Cost": 0.0,
                                                  "Total Cost": 354655.56,
                                                  "Plan Rows": 1909064,
                                                  "Plan Width": 12,
                                                  "Filter": "((o_orderdate >= '1995-01-01'::date) AND (o_orderdate <= '1996-12-31'::date))",
                                                  "parent": 12,
                                                  "ID": 13
                                                },
                                                {
                                                  "Node Type": "Hash",
                                                  "Parent Relationship": "Inner",
                                                  "Parallel Aware": true,
                                                  "Async Capable": false,
                                                  "Startup Cost": 1520341.76,
                                                  "Total Cost": 1520341.76,
                                                  "Plan Rows": 160188,
                                                  "Plan Width": 20,
                                                  "Plans": [
                                                    {
                                                      "Node Type": "Hash Join",
                                                      "Parent Relationship": "Outer",
                                                      "Parallel Aware": true,
                                                      "Async Capable": false,
                                                      "Join Type": "Inner",
                                                      "Startup Cost": 51447.53,
                                                      "Total Cost": 1520341.76,
                                                      "Plan Rows": 160188,
                                                      "Plan Width": 20,
                                                      "Inner Unique": false,
                                                      "Hash Cond": "(lineitem.l_partkey = part.p_partkey)",
                                                      "Plans": [
                                                        {
                                                          "Node Type": "Seq Scan",
                                                          "Parent Relationship": "Outer",
                                                          "Parallel Aware": true,
                                                          "Async Capable": false,
                                                          "Relation Name": "lineitem",
                                                          "Alias": "lineitem",
                                                          "Startup Cost": 0.0,
                                                          "Total Cost": 1374494.57,
                                                          "Plan Rows": 24995257,
                                                          "Plan Width": 24,
                                                          "parent": 15,
                                                          "ID": 16
                                                        },
                                                        {
                                                          "Node Type": "Hash",
                                                          "Parent Relationship": "Inner",
                                                          "Parallel Aware": true,
                                                          "Async Capable": false,
                                                          "Startup Cost": 51378.28,
                                                          "Total Cost": 51378.28,
                                                          "Plan Rows": 5540,
                                                          "Plan Width": 4,
                                                          "Plans": [
                                                            {
                                                              "Node Type": "Seq Scan",
                                                              "Parent Relationship": "Outer",
                                                              "Parallel Aware": true,
                                                              "Async Capable": false,
                                                              "Relation Name": "part",
                                                              "Alias": "part",
                                                              "Startup Cost": 0.0,
                                                              "Total Cost": 51378.28,
                                                              "Plan Rows": 5540,
                                                              "Plan Width": 4,
                                                              "Filter": "((p_type)::text = 'LARGE PLATED COPPER'::text)",
                                                              "parent": 17,
                                                              "ID": 18
                                                            }
                                                          ],
                                                          "parent": 15,
                                                          "ID": 17,
                                                          "left": 18
                                                        }
                                                      ],
                                                      "parent": 14,
                                                      "ID": 15,
                                                      "left": 16,
                                                      "right": 17
                                                    }
                                                  ],
                                                  "parent": 12,
                                                  "ID": 14,
                                                  "left": 15
                                                }
                                              ],
                                              "parent": 11,
                                              "ID": 12,
                                              "left": 13,
                                              "right": 14
                                            }
                                          ],
                                          "parent": 9,
                                          "ID": 11,
                                          "left": 12
                                        }
                                      ],
                                      "parent": 8,
                                      "ID": 9,
                                      "left": 10,
                                      "right": 11
                                    },
                                    {
                                      "Node Type": "Hash",
                                      "Parent Relationship": "Inner",
                                      "Parallel Aware": false,
                                      "Async Capable": false,
                                      "Startup Cost": 2.47,
                                      "Total Cost": 2.47,
                                      "Plan Rows": 5,
                                      "Plan Width": 4,
                                      "Plans": [
                                        {
                                          "Node Type": "Hash Join",
                                          "Parent Relationship": "Outer",
                                          "Parallel Aware": false,
                                          "Async Capable": false,
                                          "Join Type": "Inner",
                                          "Startup Cost": 1.07,
                                          "Total Cost": 2.47,
                                          "Plan Rows": 5,
                                          "Plan Width": 4,
                                          "Inner Unique": false,
                                          "Hash Cond": "(n1.n_regionkey = region.r_regionkey)",
                                          "Plans": [
                                            {
                                              "Node Type": "Seq Scan",
                                              "Parent Relationship": "Outer",
                                              "Parallel Aware": false,
                                              "Async Capable": false,
                                              "Relation Name": "nation",
                                              "Alias": "n1",
                                              "Startup Cost": 0.0,
                                              "Total Cost": 1.25,
                                              "Plan Rows": 25,
                                              "Plan Width": 8,
                                              "parent": 20,
                                              "ID": 21
                                            },
                                            {
                                              "Node Type": "Hash",
                                              "Parent Relationship": "Inner",
                                              "Parallel Aware": false,
                                              "Async Capable": false,
                                              "Startup Cost": 1.06,
                                              "Total Cost": 1.06,
                                              "Plan Rows": 1,
                                              "Plan Width": 4,
                                              "Plans": [
                                                {
                                                  "Node Type": "Seq Scan",
                                                  "Parent Relationship": "Outer",
                                                  "Parallel Aware": false,
                                                  "Async Capable": false,
                                                  "Relation Name": "region",
                                                  "Alias": "region",
                                                  "Startup Cost": 0.0,
                                                  "Total Cost": 1.06,
                                                  "Plan Rows": 1,
                                                  "Plan Width": 4,
                                                  "Filter": "(r_name = 'MIDDLE EAST'::bpchar)",
                                                  "parent": 22,
                                                  "ID": 23
                                                }
                                              ],
                                              "parent": 20,
                                              "ID": 22,
                                              "left": 23
                                            }
                                          ],
                                          "parent": 19,
                                          "ID": 20,
                                          "left": 21,
                                          "right": 22
                                        }
                                      ],
                                      "parent": 8,
                                      "ID": 19,
                                      "left": 20
                                    }
                                  ],
                                  "parent": 7,
                                  "ID": 8,
                                  "left": 9,
                                  "right": 19
                                }
                              ],
                              "parent": 5,
                              "ID": 7,
                              "left": 8
                            }
                          ],
                          "parent": 4,
                          "ID": 5,
                          "left": 6,
                          "right": 7
                        },
                        {
                          "Node Type": "Hash",
                          "Parent Relationship": "Inner",
                          "Parallel Aware": false,
                          "Async Capable": false,
                          "Startup Cost": 1.25,
                          "Total Cost": 1.25,
                          "Plan Rows": 25,
                          "Plan Width": 30,
                          "Plans": [
                            {
                              "Node Type": "Seq Scan",
                              "Parent Relationship": "Outer",
                              "Parallel Aware": false,
                              "Async Capable": false,
                              "Relation Name": "nation",
                              "Alias": "n2",
                              "Startup Cost": 0.0,
                              "Total Cost": 1.25,
                              "Plan Rows": 25,
                              "Plan Width": 30,
                              "parent": 24,
                              "ID": 25
                            }
                          ],
                          "parent": 4,
                          "ID": 24,
                          "left": 25
                        }
                      ],
                      "parent": 3,
                      "ID": 4,
                      "left": 5,
                      "right": 24
                    }
                  ],
                  "parent": 2,
                  "ID": 3,
                  "left": 4
                }
              ],
              "parent": 1,
              "ID": 2,
              "left": 3
            }
          ],
          "parent": 0,
          "ID": 1,
          "left": 2
        }
      ],
      "parent": null,
      "ID": 0,
      "left": 1
    },
    "feat": {
      "utility": 0.0,
      "query_shape": [
        [
          "Seq Scan",
          "Hash Join",
          "Sort",
          "Aggregate",
          "Gather Merge"
        ],
        [
          "Seq Scan",
          "Hash Join",
          "Hash",
          "Sort",
          "Aggregate",
          "Gather Merge"
        ],
        [
          "Seq Scan",
          "Hash Join",
          "Hash",
          "Sort",
          "Aggregate",
          "Gather Merge"
        ],
        [
          "Seq Scan",
          "Hash Join",
          "Hash",
          "Sort",
          "Aggregate",
          "Gather Merge"
        ],
        [
          "Seq Scan",
          "Hash",
          "Hash Join",
          "Sort",
          "Aggregate",
          "Gather Merge"
        ],
        [
          "Seq Scan",
          "Hash Join",
          "Hash",
          "Sort",
          "Aggregate",
          "Gather Merge"
        ],
        [
          "Seq Scan",
          "Hash",
          "Hash Join",
          "Sort",
          "Aggregate",
          "Gather Merge"
        ],
        [
          "Seq Scan",
          "Hash",
          "Hash Join",
          "Sort",
          "Aggregate",
          "Gather Merge"
        ]
      ],
      "index_shape": [],
      "physical_operator": {}
    }
  },
  {
    "query": "-- Functional Query Definition\n-- Approved February 1998\n\n\nselect\no_year,\nsum(case\nwhen nation = 'SAUDI ARABIA' then volume\nelse 0\nend) / sum(volume) as mkt_share\nfrom\n(\nselect\nextract(year from o_orderdate) as o_year,\nl_extendedprice * (1 - l_discount) as volume,\nn2.n_name as nation\nfrom\npart,\nsupplier,\nlineitem,\norders,\ncustomer,\nnation n1,\nnation n2,\nregion\nwhere\np_partkey = l_partkey\nand s_suppkey = l_suppkey\nand l_orderkey = o_orderkey\nand o_custkey = c_custkey\nand c_nationkey = n1.n_nationkey\nand n1.n_regionkey = r_regionkey\nand r_name = 'MIDDLE EAST'\nand s_nationkey = n2.n_nationkey\nand o_orderdate between date '1995-01-01' and date '1996-12-31'\nand p_type = 'LARGE PLATED COPPER'\n) as all_nations\ngroup by\no_year\norder by\no_year ;\n-- $ID$\n-- TPC-H/TPC-R Product Type Profit Measure ",
    "indexes": "lineitem.l_discount",
    "wo plan est": {
      "Node Type": "Aggregate",
      "Strategy": "Sorted",
      "Partial Mode": "Finalize",
      "Parallel Aware": false,
      "Async Capable": false,
      "Startup Cost": 1955785.01,
      "Total Cost": 1956486.84,
      "Plan Rows": 2406,
      "Plan Width": 64,
      "Group Key": [
        "(EXTRACT(year FROM orders.o_orderdate))"
      ],
      "Plans": [
        {
          "Node Type": "Gather Merge",
          "Parent Relationship": "Outer",
          "Parallel Aware": false,
          "Async Capable": false,
          "Startup Cost": 1955785.01,
          "Total Cost": 1956408.65,
          "Plan Rows": 2406,
          "Plan Width": 96,
          "Workers Planned": 1,
          "Plans": [
            {
              "Node Type": "Aggregate",
              "Strategy": "Sorted",
              "Partial Mode": "Partial",
              "Parent Relationship": "Outer",
              "Parallel Aware": false,
              "Async Capable": false,
              "Startup Cost": 1954785.0,
              "Total Cost": 1955137.96,
              "Plan Rows": 2406,
              "Plan Width": 96,
              "Group Key": [
                "(EXTRACT(year FROM orders.o_orderdate))"
              ],
              "Plans": [
                {
                  "Node Type": "Sort",
                  "Parent Relationship": "Outer",
                  "Parallel Aware": false,
                  "Async Capable": false,
                  "Startup Cost": 1954785.0,
                  "Total Cost": 1954819.54,
                  "Plan Rows": 13816,
                  "Plan Width": 70,
                  "Sort Key": [
                    "(EXTRACT(year FROM orders.o_orderdate))"
                  ],
                  "Plans": [
                    {
                      "Node Type": "Hash Join",
                      "Parent Relationship": "Outer",
                      "Parallel Aware": false,
                      "Async Capable": false,
                      "Join Type": "Inner",
                      "Startup Cost": 1950527.96,
                      "Total Cost": 1953834.87,
                      "Plan Rows": 13816,
                      "Plan Width": 70,
                      "Inner Unique": false,
                      "Hash Cond": "(supplier.s_nationkey = n2.n_nationkey)",
                      "Plans": [
                        {
                          "Node Type": "Hash Join",
                          "Parent Relationship": "Outer",
                          "Parallel Aware": true,
                          "Async Capable": false,
                          "Join Type": "Inner",
                          "Startup Cost": 1950526.4,
                          "Total Cost": 1953608.79,
                          "Plan Rows": 13816,
                          "Plan Width": 20,
                          "Inner Unique": false,
                          "Hash Cond": "(supplier.s_suppkey = lineitem.l_suppkey)",
                          "Plans": [
                            {
                              "Node Type": "Seq Scan",
                              "Parent Relationship": "Outer",
                              "Parallel Aware": true,
                              "Async Capable": false,
                              "Relation Name": "supplier",
                              "Alias": "supplier",
                              "Startup Cost": 0.0,
                              "Total Cost": 2804.24,
                              "Plan Rows": 58824,
                              "Plan Width": 8,
                              "parent": 5,
                              "ID": 6
                            },
                            {
                              "Node Type": "Hash",
                              "Parent Relationship": "Inner",
                              "Parallel Aware": true,
                              "Async Capable": false,
                              "Startup Cost": 1950404.06,
                              "Total Cost": 1950404.06,
                              "Plan Rows": 9787,
                              "Plan Width": 20,
                              "Plans": [
                                {
                                  "Node Type": "Hash Join",
                                  "Parent Relationship": "Outer",
                                  "Parallel Aware": false,
                                  "Async Capable": false,
                                  "Join Type": "Inner",
                                  "Startup Cost": 1905498.74,
                                  "Total Cost": 1950404.06,
                                  "Plan Rows": 9787,
                                  "Plan Width": 20,
                                  "Inner Unique": false,
                                  "Hash Cond": "(customer.c_nationkey = n1.n_nationkey)",
                                  "Plans": [
                                    {
                                      "Node Type": "Hash Join",
                                      "Parent Relationship": "Outer",
                                      "Parallel Aware": true,
                                      "Async Capable": false,
                                      "Join Type": "Inner",
                                      "Startup Cost": 1905496.2,
                                      "Total Cost": 1950120.18,
                                      "Plan Rows": 48932,
                                      "Plan Width": 24,
                                      "Inner Unique": false,
                                      "Hash Cond": "(customer.c_custkey = orders.o_custkey)",
                                      "Plans": [
                                        {
                                          "Node Type": "Seq Scan",
                                          "Parent Relationship": "Outer",
                                          "Parallel Aware": true,
                                          "Async Capable": false,
                                          "Relation Name": "customer",
                                          "Alias": "customer",
                                          "Startup Cost": 0.0,
                                          "Total Cost": 42076.52,
                                          "Plan Rows": 624952,
                                          "Plan Width": 8,
                                          "parent": 9,
                                          "ID": 10
                                        },
                                        {
                                          "Node Type": "Hash",
                                          "Parent Relationship": "Inner",
                                          "Parallel Aware": true,
                                          "Async Capable": false,
                                          "Startup Cost": 1904884.55,
                                          "Total Cost": 1904884.55,
                                          "Plan Rows": 48932,
                                          "Plan Width": 24,
                                          "Plans": [
                                            {
                                              "Node Type": "Hash Join",
                                              "Parent Relationship": "Outer",
                                              "Parallel Aware": true,
                                              "Async Capable": false,
                                              "Join Type": "Inner",
                                              "Startup Cost": 1523283.11,
                                              "Total Cost": 1904884.55,
                                              "Plan Rows": 48932,
                                              "Plan Width": 24,
                                              "Inner Unique": false,
                                              "Hash Cond": "(orders.o_orderkey = lineitem.l_orderkey)",
                                              "Plans": [
                                                {
                                                  "Node Type": "Seq Scan",
                                                  "Parent Relationship": "Outer",
                                                  "Parallel Aware": true,
                                                  "Async Capable": false,
                                                  "Relation Name": "orders",
                                                  "Alias": "orders",
                                                  "Startup Cost": 0.0,
                                                  "Total Cost": 354655.56,
                                                  "Plan Rows": 1909064,
                                                  "Plan Width": 12,
                                                  "Filter": "((o_orderdate >= '1995-01-01'::date) AND (o_orderdate <= '1996-12-31'::date))",
                                                  "parent": 12,
                                                  "ID": 13
                                                },
                                                {
                                                  "Node Type": "Hash",
                                                  "Parent Relationship": "Inner",
                                                  "Parallel Aware": true,
                                                  "Async Capable": false,
                                                  "Startup Cost": 1520341.76,
                                                  "Total Cost": 1520341.76,
                                                  "Plan Rows": 160188,
                                                  "Plan Width": 20,
                                                  "Plans": [
                                                    {
                                                      "Node Type": "Hash Join",
                                                      "Parent Relationship": "Outer",
                                                      "Parallel Aware": true,
                                                      "Async Capable": false,
                                                      "Join Type": "Inner",
                                                      "Startup Cost": 51447.53,
                                                      "Total Cost": 1520341.76,
                                                      "Plan Rows": 160188,
                                                      "Plan Width": 20,
                                                      "Inner Unique": false,
                                                      "Hash Cond": "(lineitem.l_partkey = part.p_partkey)",
                                                      "Plans": [
                                                        {
                                                          "Node Type": "Seq Scan",
                                                          "Parent Relationship": "Outer",
                                                          "Parallel Aware": true,
                                                          "Async Capable": false,
                                                          "Relation Name": "lineitem",
                                                          "Alias": "lineitem",
                                                          "Startup Cost": 0.0,
                                                          "Total Cost": 1374494.57,
                                                          "Plan Rows": 24995257,
                                                          "Plan Width": 24,
                                                          "parent": 15,
                                                          "ID": 16
                                                        },
                                                        {
                                                          "Node Type": "Hash",
                                                          "Parent Relationship": "Inner",
                                                          "Parallel Aware": true,
                                                          "Async Capable": false,
                                                          "Startup Cost": 51378.28,
                                                          "Total Cost": 51378.28,
                                                          "Plan Rows": 5540,
                                                          "Plan Width": 4,
                                                          "Plans": [
                                                            {
                                                              "Node Type": "Seq Scan",
                                                              "Parent Relationship": "Outer",
                                                              "Parallel Aware": true,
                                                              "Async Capable": false,
                                                              "Relation Name": "part",
                                                              "Alias": "part",
                                                              "Startup Cost": 0.0,
                                                              "Total Cost": 51378.28,
                                                              "Plan Rows": 5540,
                                                              "Plan Width": 4,
                                                              "Filter": "((p_type)::text = 'LARGE PLATED COPPER'::text)",
                                                              "parent": 17,
                                                              "ID": 18
                                                            }
                                                          ],
                                                          "parent": 15,
                                                          "ID": 17,
                                                          "left": 18
                                                        }
                                                      ],
                                                      "parent": 14,
                                                      "ID": 15,
                                                      "left": 16,
                                                      "right": 17
                                                    }
                                                  ],
                                                  "parent": 12,
                                                  "ID": 14,
                                                  "left": 15
                                                }
                                              ],
                                              "parent": 11,
                                              "ID": 12,
                                              "left": 13,
                                              "right": 14
                                            }
                                          ],
                                          "parent": 9,
                                          "ID": 11,
                                          "left": 12
                                        }
                                      ],
                                      "parent": 8,
                                      "ID": 9,
                                      "left": 10,
                                      "right": 11
                                    },
                                    {
                                      "Node Type": "Hash",
                                      "Parent Relationship": "Inner",
                                      "Parallel Aware": false,
                                      "Async Capable": false,
                                      "Startup Cost": 2.47,
                                      "Total Cost": 2.47,
                                      "Plan Rows": 5,
                                      "Plan Width": 4,
                                      "Plans": [
                                        {
                                          "Node Type": "Hash Join",
                                          "Parent Relationship": "Outer",
                                          "Parallel Aware": false,
                                          "Async Capable": false,
                                          "Join Type": "Inner",
                                          "Startup Cost": 1.07,
                                          "Total Cost": 2.47,
                                          "Plan Rows": 5,
                                          "Plan Width": 4,
                                          "Inner Unique": false,
                                          "Hash Cond": "(n1.n_regionkey = region.r_regionkey)",
                                          "Plans": [
                                            {
                                              "Node Type": "Seq Scan",
                                              "Parent Relationship": "Outer",
                                              "Parallel Aware": false,
                                              "Async Capable": false,
                                              "Relation Name": "nation",
                                              "Alias": "n1",
                                              "Startup Cost": 0.0,
                                              "Total Cost": 1.25,
                                              "Plan Rows": 25,
                                              "Plan Width": 8,
                                              "parent": 20,
                                              "ID": 21
                                            },
                                            {
                                              "Node Type": "Hash",
                                              "Parent Relationship": "Inner",
                                              "Parallel Aware": false,
                                              "Async Capable": false,
                                              "Startup Cost": 1.06,
                                              "Total Cost": 1.06,
                                              "Plan Rows": 1,
                                              "Plan Width": 4,
                                              "Plans": [
                                                {
                                                  "Node Type": "Seq Scan",
                                                  "Parent Relationship": "Outer",
                                                  "Parallel Aware": false,
                                                  "Async Capable": false,
                                                  "Relation Name": "region",
                                                  "Alias": "region",
                                                  "Startup Cost": 0.0,
                                                  "Total Cost": 1.06,
                                                  "Plan Rows": 1,
                                                  "Plan Width": 4,
                                                  "Filter": "(r_name = 'MIDDLE EAST'::bpchar)",
                                                  "parent": 22,
                                                  "ID": 23
                                                }
                                              ],
                                              "parent": 20,
                                              "ID": 22,
                                              "left": 23
                                            }
                                          ],
                                          "parent": 19,
                                          "ID": 20,
                                          "left": 21,
                                          "right": 22
                                        }
                                      ],
                                      "parent": 8,
                                      "ID": 19,
                                      "left": 20
                                    }
                                  ],
                                  "parent": 7,
                                  "ID": 8,
                                  "left": 9,
                                  "right": 19
                                }
                              ],
                              "parent": 5,
                              "ID": 7,
                              "left": 8
                            }
                          ],
                          "parent": 4,
                          "ID": 5,
                          "left": 6,
                          "right": 7
                        },
                        {
                          "Node Type": "Hash",
                          "Parent Relationship": "Inner",
                          "Parallel Aware": false,
                          "Async Capable": false,
                          "Startup Cost": 1.25,
                          "Total Cost": 1.25,
                          "Plan Rows": 25,
                          "Plan Width": 30,
                          "Plans": [
                            {
                              "Node Type": "Seq Scan",
                              "Parent Relationship": "Outer",
                              "Parallel Aware": false,
                              "Async Capable": false,
                              "Relation Name": "nation",
                              "Alias": "n2",
                              "Startup Cost": 0.0,
                              "Total Cost": 1.25,
                              "Plan Rows": 25,
                              "Plan Width": 30,
                              "parent": 24,
                              "ID": 25
                            }
                          ],
                          "parent": 4,
                          "ID": 24,
                          "left": 25
                        }
                      ],
                      "parent": 3,
                      "ID": 4,
                      "left": 5,
                      "right": 24
                    }
                  ],
                  "parent": 2,
                  "ID": 3,
                  "left": 4
                }
              ],
              "parent": 1,
              "ID": 2,
              "left": 3
            }
          ],
          "parent": 0,
          "ID": 1,
          "left": 2
        }
      ],
      "parent": null,
      "ID": 0,
      "left": 1
    },
    "feat": {
      "utility": 0.0,
      "query_shape": [
        [
          "Seq Scan",
          "Hash Join",
          "Sort",
          "Aggregate",
          "Gather Merge"
        ],
        [
          "Seq Scan",
          "Hash Join",
          "Hash",
          "Sort",
          "Aggregate",
          "Gather Merge"
        ],
        [
          "Seq Scan",
          "Hash Join",
          "Hash",
          "Sort",
          "Aggregate",
          "Gather Merge"
        ],
        [
          "Seq Scan",
          "Hash Join",
          "Hash",
          "Sort",
          "Aggregate",
          "Gather Merge"
        ],
        [
          "Seq Scan",
          "Hash",
          "Hash Join",
          "Sort",
          "Aggregate",
          "Gather Merge"
        ],
        [
          "Seq Scan",
          "Hash Join",
          "Hash",
          "Sort",
          "Aggregate",
          "Gather Merge"
        ],
        [
          "Seq Scan",
          "Hash",
          "Hash Join",
          "Sort",
          "Aggregate",
          "Gather Merge"
        ],
        [
          "Seq Scan",
          "Hash",
          "Hash Join",
          "Sort",
          "Aggregate",
          "Gather Merge"
        ]
      ],
      "index_shape": [],
      "physical_operator": {}
    }
  },
  {
    "query": "-- Functional Query Definition\n-- Approved February 1998\n\n\nselect\no_year,\nsum(case\nwhen nation = 'SAUDI ARABIA' then volume\nelse 0\nend) / sum(volume) as mkt_share\nfrom\n(\nselect\nextract(year from o_orderdate) as o_year,\nl_extendedprice * (1 - l_discount) as volume,\nn2.n_name as nation\nfrom\npart,\nsupplier,\nlineitem,\norders,\ncustomer,\nnation n1,\nnation n2,\nregion\nwhere\np_partkey = l_partkey\nand s_suppkey = l_suppkey\nand l_orderkey = o_orderkey\nand o_custkey = c_custkey\nand c_nationkey = n1.n_nationkey\nand n1.n_regionkey = r_regionkey\nand r_name = 'MIDDLE EAST'\nand s_nationkey = n2.n_nationkey\nand o_orderdate between date '1995-01-01' and date '1996-12-31'\nand p_type = 'LARGE PLATED COPPER'\n) as all_nations\ngroup by\no_year\norder by\no_year ;\n-- $ID$\n-- TPC-H/TPC-R Product Type Profit Measure ",
    "indexes": "nation.n_nationkey",
    "wo plan est": {
      "Node Type": "Aggregate",
      "Strategy": "Sorted",
      "Partial Mode": "Finalize",
      "Parallel Aware": false,
      "Async Capable": false,
      "Startup Cost": 1955785.01,
      "Total Cost": 1956486.84,
      "Plan Rows": 2406,
      "Plan Width": 64,
      "Group Key": [
        "(EXTRACT(year FROM orders.o_orderdate))"
      ],
      "Plans": [
        {
          "Node Type": "Gather Merge",
          "Parent Relationship": "Outer",
          "Parallel Aware": false,
          "Async Capable": false,
          "Startup Cost": 1955785.01,
          "Total Cost": 1956408.65,
          "Plan Rows": 2406,
          "Plan Width": 96,
          "Workers Planned": 1,
          "Plans": [
            {
              "Node Type": "Aggregate",
              "Strategy": "Sorted",
              "Partial Mode": "Partial",
              "Parent Relationship": "Outer",
              "Parallel Aware": false,
              "Async Capable": false,
              "Startup Cost": 1954785.0,
              "Total Cost": 1955137.96,
              "Plan Rows": 2406,
              "Plan Width": 96,
              "Group Key": [
                "(EXTRACT(year FROM orders.o_orderdate))"
              ],
              "Plans": [
                {
                  "Node Type": "Sort",
                  "Parent Relationship": "Outer",
                  "Parallel Aware": false,
                  "Async Capable": false,
                  "Startup Cost": 1954785.0,
                  "Total Cost": 1954819.54,
                  "Plan Rows": 13816,
                  "Plan Width": 70,
                  "Sort Key": [
                    "(EXTRACT(year FROM orders.o_orderdate))"
                  ],
                  "Plans": [
                    {
                      "Node Type": "Hash Join",
                      "Parent Relationship": "Outer",
                      "Parallel Aware": false,
                      "Async Capable": false,
                      "Join Type": "Inner",
                      "Startup Cost": 1950527.96,
                      "Total Cost": 1953834.87,
                      "Plan Rows": 13816,
                      "Plan Width": 70,
                      "Inner Unique": false,
                      "Hash Cond": "(supplier.s_nationkey = n2.n_nationkey)",
                      "Plans": [
                        {
                          "Node Type": "Hash Join",
                          "Parent Relationship": "Outer",
                          "Parallel Aware": true,
                          "Async Capable": false,
                          "Join Type": "Inner",
                          "Startup Cost": 1950526.4,
                          "Total Cost": 1953608.79,
                          "Plan Rows": 13816,
                          "Plan Width": 20,
                          "Inner Unique": false,
                          "Hash Cond": "(supplier.s_suppkey = lineitem.l_suppkey)",
                          "Plans": [
                            {
                              "Node Type": "Seq Scan",
                              "Parent Relationship": "Outer",
                              "Parallel Aware": true,
                              "Async Capable": false,
                              "Relation Name": "supplier",
                              "Alias": "supplier",
                              "Startup Cost": 0.0,
                              "Total Cost": 2804.24,
                              "Plan Rows": 58824,
                              "Plan Width": 8,
                              "parent": 5,
                              "ID": 6
                            },
                            {
                              "Node Type": "Hash",
                              "Parent Relationship": "Inner",
                              "Parallel Aware": true,
                              "Async Capable": false,
                              "Startup Cost": 1950404.06,
                              "Total Cost": 1950404.06,
                              "Plan Rows": 9787,
                              "Plan Width": 20,
                              "Plans": [
                                {
                                  "Node Type": "Hash Join",
                                  "Parent Relationship": "Outer",
                                  "Parallel Aware": false,
                                  "Async Capable": false,
                                  "Join Type": "Inner",
                                  "Startup Cost": 1905498.74,
                                  "Total Cost": 1950404.06,
                                  "Plan Rows": 9787,
                                  "Plan Width": 20,
                                  "Inner Unique": false,
                                  "Hash Cond": "(customer.c_nationkey = n1.n_nationkey)",
                                  "Plans": [
                                    {
                                      "Node Type": "Hash Join",
                                      "Parent Relationship": "Outer",
                                      "Parallel Aware": true,
                                      "Async Capable": false,
                                      "Join Type": "Inner",
                                      "Startup Cost": 1905496.2,
                                      "Total Cost": 1950120.18,
                                      "Plan Rows": 48932,
                                      "Plan Width": 24,
                                      "Inner Unique": false,
                                      "Hash Cond": "(customer.c_custkey = orders.o_custkey)",
                                      "Plans": [
                                        {
                                          "Node Type": "Seq Scan",
                                          "Parent Relationship": "Outer",
                                          "Parallel Aware": true,
                                          "Async Capable": false,
                                          "Relation Name": "customer",
                                          "Alias": "customer",
                                          "Startup Cost": 0.0,
                                          "Total Cost": 42076.52,
                                          "Plan Rows": 624952,
                                          "Plan Width": 8,
                                          "parent": 9,
                                          "ID": 10
                                        },
                                        {
                                          "Node Type": "Hash",
                                          "Parent Relationship": "Inner",
                                          "Parallel Aware": true,
                                          "Async Capable": false,
                                          "Startup Cost": 1904884.55,
                                          "Total Cost": 1904884.55,
                                          "Plan Rows": 48932,
                                          "Plan Width": 24,
                                          "Plans": [
                                            {
                                              "Node Type": "Hash Join",
                                              "Parent Relationship": "Outer",
                                              "Parallel Aware": true,
                                              "Async Capable": false,
                                              "Join Type": "Inner",
                                              "Startup Cost": 1523283.11,
                                              "Total Cost": 1904884.55,
                                              "Plan Rows": 48932,
                                              "Plan Width": 24,
                                              "Inner Unique": false,
                                              "Hash Cond": "(orders.o_orderkey = lineitem.l_orderkey)",
                                              "Plans": [
                                                {
                                                  "Node Type": "Seq Scan",
                                                  "Parent Relationship": "Outer",
                                                  "Parallel Aware": true,
                                                  "Async Capable": false,
                                                  "Relation Name": "orders",
                                                  "Alias": "orders",
                                                  "Startup Cost": 0.0,
                                                  "Total Cost": 354655.56,
                                                  "Plan Rows": 1909064,
                                                  "Plan Width": 12,
                                                  "Filter": "((o_orderdate >= '1995-01-01'::date) AND (o_orderdate <= '1996-12-31'::date))",
                                                  "parent": 12,
                                                  "ID": 13
                                                },
                                                {
                                                  "Node Type": "Hash",
                                                  "Parent Relationship": "Inner",
                                                  "Parallel Aware": true,
                                                  "Async Capable": false,
                                                  "Startup Cost": 1520341.76,
                                                  "Total Cost": 1520341.76,
                                                  "Plan Rows": 160188,
                                                  "Plan Width": 20,
                                                  "Plans": [
                                                    {
                                                      "Node Type": "Hash Join",
                                                      "Parent Relationship": "Outer",
                                                      "Parallel Aware": true,
                                                      "Async Capable": false,
                                                      "Join Type": "Inner",
                                                      "Startup Cost": 51447.53,
                                                      "Total Cost": 1520341.76,
                                                      "Plan Rows": 160188,
                                                      "Plan Width": 20,
                                                      "Inner Unique": false,
                                                      "Hash Cond": "(lineitem.l_partkey = part.p_partkey)",
                                                      "Plans": [
                                                        {
                                                          "Node Type": "Seq Scan",
                                                          "Parent Relationship": "Outer",
                                                          "Parallel Aware": true,
                                                          "Async Capable": false,
                                                          "Relation Name": "lineitem",
                                                          "Alias": "lineitem",
                                                          "Startup Cost": 0.0,
                                                          "Total Cost": 1374494.57,
                                                          "Plan Rows": 24995257,
                                                          "Plan Width": 24,
                                                          "parent": 15,
                                                          "ID": 16
                                                        },
                                                        {
                                                          "Node Type": "Hash",
                                                          "Parent Relationship": "Inner",
                                                          "Parallel Aware": true,
                                                          "Async Capable": false,
                                                          "Startup Cost": 51378.28,
                                                          "Total Cost": 51378.28,
                                                          "Plan Rows": 5540,
                                                          "Plan Width": 4,
                                                          "Plans": [
                                                            {
                                                              "Node Type": "Seq Scan",
                                                              "Parent Relationship": "Outer",
                                                              "Parallel Aware": true,
                                                              "Async Capable": false,
                                                              "Relation Name": "part",
                                                              "Alias": "part",
                                                              "Startup Cost": 0.0,
                                                              "Total Cost": 51378.28,
                                                              "Plan Rows": 5540,
                                                              "Plan Width": 4,
                                                              "Filter": "((p_type)::text = 'LARGE PLATED COPPER'::text)",
                                                              "parent": 17,
                                                              "ID": 18
                                                            }
                                                          ],
                                                          "parent": 15,
                                                          "ID": 17,
                                                          "left": 18
                                                        }
                                                      ],
                                                      "parent": 14,
                                                      "ID": 15,
                                                      "left": 16,
                                                      "right": 17
                                                    }
                                                  ],
                                                  "parent": 12,
                                                  "ID": 14,
                                                  "left": 15
                                                }
                                              ],
                                              "parent": 11,
                                              "ID": 12,
                                              "left": 13,
                                              "right": 14
                                            }
                                          ],
                                          "parent": 9,
                                          "ID": 11,
                                          "left": 12
                                        }
                                      ],
                                      "parent": 8,
                                      "ID": 9,
                                      "left": 10,
                                      "right": 11
                                    },
                                    {
                                      "Node Type": "Hash",
                                      "Parent Relationship": "Inner",
                                      "Parallel Aware": false,
                                      "Async Capable": false,
                                      "Startup Cost": 2.47,
                                      "Total Cost": 2.47,
                                      "Plan Rows": 5,
                                      "Plan Width": 4,
                                      "Plans": [
                                        {
                                          "Node Type": "Hash Join",
                                          "Parent Relationship": "Outer",
                                          "Parallel Aware": false,
                                          "Async Capable": false,
                                          "Join Type": "Inner",
                                          "Startup Cost": 1.07,
                                          "Total Cost": 2.47,
                                          "Plan Rows": 5,
                                          "Plan Width": 4,
                                          "Inner Unique": false,
                                          "Hash Cond": "(n1.n_regionkey = region.r_regionkey)",
                                          "Plans": [
                                            {
                                              "Node Type": "Seq Scan",
                                              "Parent Relationship": "Outer",
                                              "Parallel Aware": false,
                                              "Async Capable": false,
                                              "Relation Name": "nation",
                                              "Alias": "n1",
                                              "Startup Cost": 0.0,
                                              "Total Cost": 1.25,
                                              "Plan Rows": 25,
                                              "Plan Width": 8,
                                              "parent": 20,
                                              "ID": 21
                                            },
                                            {
                                              "Node Type": "Hash",
                                              "Parent Relationship": "Inner",
                                              "Parallel Aware": false,
                                              "Async Capable": false,
                                              "Startup Cost": 1.06,
                                              "Total Cost": 1.06,
                                              "Plan Rows": 1,
                                              "Plan Width": 4,
                                              "Plans": [
                                                {
                                                  "Node Type": "Seq Scan",
                                                  "Parent Relationship": "Outer",
                                                  "Parallel Aware": false,
                                                  "Async Capable": false,
                                                  "Relation Name": "region",
                                                  "Alias": "region",
                                                  "Startup Cost": 0.0,
                                                  "Total Cost": 1.06,
                                                  "Plan Rows": 1,
                                                  "Plan Width": 4,
                                                  "Filter": "(r_name = 'MIDDLE EAST'::bpchar)",
                                                  "parent": 22,
                                                  "ID": 23
                                                }
                                              ],
                                              "parent": 20,
                                              "ID": 22,
                                              "left": 23
                                            }
                                          ],
                                          "parent": 19,
                                          "ID": 20,
                                          "left": 21,
                                          "right": 22
                                        }
                                      ],
                                      "parent": 8,
                                      "ID": 19,
                                      "left": 20
                                    }
                                  ],
                                  "parent": 7,
                                  "ID": 8,
                                  "left": 9,
                                  "right": 19
                                }
                              ],
                              "parent": 5,
                              "ID": 7,
                              "left": 8
                            }
                          ],
                          "parent": 4,
                          "ID": 5,
                          "left": 6,
                          "right": 7
                        },
                        {
                          "Node Type": "Hash",
                          "Parent Relationship": "Inner",
                          "Parallel Aware": false,
                          "Async Capable": false,
                          "Startup Cost": 1.25,
                          "Total Cost": 1.25,
                          "Plan Rows": 25,
                          "Plan Width": 30,
                          "Plans": [
                            {
                              "Node Type": "Seq Scan",
                              "Parent Relationship": "Outer",
                              "Parallel Aware": false,
                              "Async Capable": false,
                              "Relation Name": "nation",
                              "Alias": "n2",
                              "Startup Cost": 0.0,
                              "Total Cost": 1.25,
                              "Plan Rows": 25,
                              "Plan Width": 30,
                              "parent": 24,
                              "ID": 25
                            }
                          ],
                          "parent": 4,
                          "ID": 24,
                          "left": 25
                        }
                      ],
                      "parent": 3,
                      "ID": 4,
                      "left": 5,
                      "right": 24
                    }
                  ],
                  "parent": 2,
                  "ID": 3,
                  "left": 4
                }
              ],
              "parent": 1,
              "ID": 2,
              "left": 3
            }
          ],
          "parent": 0,
          "ID": 1,
          "left": 2
        }
      ],
      "parent": null,
      "ID": 0,
      "left": 1
    },
    "feat": {
      "utility": 1.0222365392556907e-06,
      "query_shape": [
        [
          "Seq Scan",
          "Hash Join",
          "Sort",
          "Aggregate",
          "Gather Merge"
        ],
        [
          "Seq Scan",
          "Hash Join",
          "Hash",
          "Sort",
          "Aggregate",
          "Gather Merge"
        ],
        [
          "Seq Scan",
          "Hash Join",
          "Hash",
          "Sort",
          "Aggregate",
          "Gather Merge"
        ],
        [
          "Seq Scan",
          "Hash Join",
          "Hash",
          "Sort",
          "Aggregate",
          "Gather Merge"
        ],
        [
          "Seq Scan",
          "Hash",
          "Hash Join",
          "Sort",
          "Aggregate",
          "Gather Merge"
        ],
        [
          "Seq Scan",
          "Hash Join",
          "Hash",
          "Sort",
          "Aggregate",
          "Gather Merge"
        ],
        [
          "Seq Scan",
          "Hash",
          "Hash Join",
          "Sort",
          "Aggregate",
          "Gather Merge"
        ],
        [
          "Seq Scan",
          "Hash",
          "Hash Join",
          "Sort",
          "Aggregate",
          "Gather Merge"
        ]
      ],
      "index_shape": [
        "join"
      ],
      "physical_operator": {
        "Hash Join": [
          0.2,
          0.20000613086327806
        ]
      }
    }
  },
  {
    "query": "-- Functional Query Definition\n-- Approved February 1998\n\n\nselect\no_year,\nsum(case\nwhen nation = 'SAUDI ARABIA' then volume\nelse 0\nend) / sum(volume) as mkt_share\nfrom\n(\nselect\nextract(year from o_orderdate) as o_year,\nl_extendedprice * (1 - l_discount) as volume,\nn2.n_name as nation\nfrom\npart,\nsupplier,\nlineitem,\norders,\ncustomer,\nnation n1,\nnation n2,\nregion\nwhere\np_partkey = l_partkey\nand s_suppkey = l_suppkey\nand l_orderkey = o_orderkey\nand o_custkey = c_custkey\nand c_nationkey = n1.n_nationkey\nand n1.n_regionkey = r_regionkey\nand r_name = 'MIDDLE EAST'\nand s_nationkey = n2.n_nationkey\nand o_orderdate between date '1995-01-01' and date '1996-12-31'\nand p_type = 'LARGE PLATED COPPER'\n) as all_nations\ngroup by\no_year\norder by\no_year ;\n-- $ID$\n-- TPC-H/TPC-R Product Type Profit Measure ",
    "indexes": "nation.n_name",
    "wo plan est": {
      "Node Type": "Aggregate",
      "Strategy": "Sorted",
      "Partial Mode": "Finalize",
      "Parallel Aware": false,
      "Async Capable": false,
      "Startup Cost": 1955785.01,
      "Total Cost": 1956486.84,
      "Plan Rows": 2406,
      "Plan Width": 64,
      "Group Key": [
        "(EXTRACT(year FROM orders.o_orderdate))"
      ],
      "Plans": [
        {
          "Node Type": "Gather Merge",
          "Parent Relationship": "Outer",
          "Parallel Aware": false,
          "Async Capable": false,
          "Startup Cost": 1955785.01,
          "Total Cost": 1956408.65,
          "Plan Rows": 2406,
          "Plan Width": 96,
          "Workers Planned": 1,
          "Plans": [
            {
              "Node Type": "Aggregate",
              "Strategy": "Sorted",
              "Partial Mode": "Partial",
              "Parent Relationship": "Outer",
              "Parallel Aware": false,
              "Async Capable": false,
              "Startup Cost": 1954785.0,
              "Total Cost": 1955137.96,
              "Plan Rows": 2406,
              "Plan Width": 96,
              "Group Key": [
                "(EXTRACT(year FROM orders.o_orderdate))"
              ],
              "Plans": [
                {
                  "Node Type": "Sort",
                  "Parent Relationship": "Outer",
                  "Parallel Aware": false,
                  "Async Capable": false,
                  "Startup Cost": 1954785.0,
                  "Total Cost": 1954819.54,
                  "Plan Rows": 13816,
                  "Plan Width": 70,
                  "Sort Key": [
                    "(EXTRACT(year FROM orders.o_orderdate))"
                  ],
                  "Plans": [
                    {
                      "Node Type": "Hash Join",
                      "Parent Relationship": "Outer",
                      "Parallel Aware": false,
                      "Async Capable": false,
                      "Join Type": "Inner",
                      "Startup Cost": 1950527.96,
                      "Total Cost": 1953834.87,
                      "Plan Rows": 13816,
                      "Plan Width": 70,
                      "Inner Unique": false,
                      "Hash Cond": "(supplier.s_nationkey = n2.n_nationkey)",
                      "Plans": [
                        {
                          "Node Type": "Hash Join",
                          "Parent Relationship": "Outer",
                          "Parallel Aware": true,
                          "Async Capable": false,
                          "Join Type": "Inner",
                          "Startup Cost": 1950526.4,
                          "Total Cost": 1953608.79,
                          "Plan Rows": 13816,
                          "Plan Width": 20,
                          "Inner Unique": false,
                          "Hash Cond": "(supplier.s_suppkey = lineitem.l_suppkey)",
                          "Plans": [
                            {
                              "Node Type": "Seq Scan",
                              "Parent Relationship": "Outer",
                              "Parallel Aware": true,
                              "Async Capable": false,
                              "Relation Name": "supplier",
                              "Alias": "supplier",
                              "Startup Cost": 0.0,
                              "Total Cost": 2804.24,
                              "Plan Rows": 58824,
                              "Plan Width": 8,
                              "parent": 5,
                              "ID": 6
                            },
                            {
                              "Node Type": "Hash",
                              "Parent Relationship": "Inner",
                              "Parallel Aware": true,
                              "Async Capable": false,
                              "Startup Cost": 1950404.06,
                              "Total Cost": 1950404.06,
                              "Plan Rows": 9787,
                              "Plan Width": 20,
                              "Plans": [
                                {
                                  "Node Type": "Hash Join",
                                  "Parent Relationship": "Outer",
                                  "Parallel Aware": false,
                                  "Async Capable": false,
                                  "Join Type": "Inner",
                                  "Startup Cost": 1905498.74,
                                  "Total Cost": 1950404.06,
                                  "Plan Rows": 9787,
                                  "Plan Width": 20,
                                  "Inner Unique": false,
                                  "Hash Cond": "(customer.c_nationkey = n1.n_nationkey)",
                                  "Plans": [
                                    {
                                      "Node Type": "Hash Join",
                                      "Parent Relationship": "Outer",
                                      "Parallel Aware": true,
                                      "Async Capable": false,
                                      "Join Type": "Inner",
                                      "Startup Cost": 1905496.2,
                                      "Total Cost": 1950120.18,
                                      "Plan Rows": 48932,
                                      "Plan Width": 24,
                                      "Inner Unique": false,
                                      "Hash Cond": "(customer.c_custkey = orders.o_custkey)",
                                      "Plans": [
                                        {
                                          "Node Type": "Seq Scan",
                                          "Parent Relationship": "Outer",
                                          "Parallel Aware": true,
                                          "Async Capable": false,
                                          "Relation Name": "customer",
                                          "Alias": "customer",
                                          "Startup Cost": 0.0,
                                          "Total Cost": 42076.52,
                                          "Plan Rows": 624952,
                                          "Plan Width": 8,
                                          "parent": 9,
                                          "ID": 10
                                        },
                                        {
                                          "Node Type": "Hash",
                                          "Parent Relationship": "Inner",
                                          "Parallel Aware": true,
                                          "Async Capable": false,
                                          "Startup Cost": 1904884.55,
                                          "Total Cost": 1904884.55,
                                          "Plan Rows": 48932,
                                          "Plan Width": 24,
                                          "Plans": [
                                            {
                                              "Node Type": "Hash Join",
                                              "Parent Relationship": "Outer",
                                              "Parallel Aware": true,
                                              "Async Capable": false,
                                              "Join Type": "Inner",
                                              "Startup Cost": 1523283.11,
                                              "Total Cost": 1904884.55,
                                              "Plan Rows": 48932,
                                              "Plan Width": 24,
                                              "Inner Unique": false,
                                              "Hash Cond": "(orders.o_orderkey = lineitem.l_orderkey)",
                                              "Plans": [
                                                {
                                                  "Node Type": "Seq Scan",
                                                  "Parent Relationship": "Outer",
                                                  "Parallel Aware": true,
                                                  "Async Capable": false,
                                                  "Relation Name": "orders",
                                                  "Alias": "orders",
                                                  "Startup Cost": 0.0,
                                                  "Total Cost": 354655.56,
                                                  "Plan Rows": 1909064,
                                                  "Plan Width": 12,
                                                  "Filter": "((o_orderdate >= '1995-01-01'::date) AND (o_orderdate <= '1996-12-31'::date))",
                                                  "parent": 12,
                                                  "ID": 13
                                                },
                                                {
                                                  "Node Type": "Hash",
                                                  "Parent Relationship": "Inner",
                                                  "Parallel Aware": true,
                                                  "Async Capable": false,
                                                  "Startup Cost": 1520341.76,
                                                  "Total Cost": 1520341.76,
                                                  "Plan Rows": 160188,
                                                  "Plan Width": 20,
                                                  "Plans": [
                                                    {
                                                      "Node Type": "Hash Join",
                                                      "Parent Relationship": "Outer",
                                                      "Parallel Aware": true,
                                                      "Async Capable": false,
                                                      "Join Type": "Inner",
                                                      "Startup Cost": 51447.53,
                                                      "Total Cost": 1520341.76,
                                                      "Plan Rows": 160188,
                                                      "Plan Width": 20,
                                                      "Inner Unique": false,
                                                      "Hash Cond": "(lineitem.l_partkey = part.p_partkey)",
                                                      "Plans": [
                                                        {
                                                          "Node Type": "Seq Scan",
                                                          "Parent Relationship": "Outer",
                                                          "Parallel Aware": true,
                                                          "Async Capable": false,
                                                          "Relation Name": "lineitem",
                                                          "Alias": "lineitem",
                                                          "Startup Cost": 0.0,
                                                          "Total Cost": 1374494.57,
                                                          "Plan Rows": 24995257,
                                                          "Plan Width": 24,
                                                          "parent": 15,
                                                          "ID": 16
                                                        },
                                                        {
                                                          "Node Type": "Hash",
                                                          "Parent Relationship": "Inner",
                                                          "Parallel Aware": true,
                                                          "Async Capable": false,
                                                          "Startup Cost": 51378.28,
                                                          "Total Cost": 51378.28,
                                                          "Plan Rows": 5540,
                                                          "Plan Width": 4,
                                                          "Plans": [
                                                            {
                                                              "Node Type": "Seq Scan",
                                                              "Parent Relationship": "Outer",
                                                              "Parallel Aware": true,
                                                              "Async Capable": false,
                                                              "Relation Name": "part",
                                                              "Alias": "part",
                                                              "Startup Cost": 0.0,
                                                              "Total Cost": 51378.28,
                                                              "Plan Rows": 5540,
                                                              "Plan Width": 4,
                                                              "Filter": "((p_type)::text = 'LARGE PLATED COPPER'::text)",
                                                              "parent": 17,
                                                              "ID": 18
                                                            }
                                                          ],
                                                          "parent": 15,
                                                          "ID": 17,
                                                          "left": 18
                                                        }
                                                      ],
                                                      "parent": 14,
                                                      "ID": 15,
                                                      "left": 16,
                                                      "right": 17
                                                    }
                                                  ],
                                                  "parent": 12,
                                                  "ID": 14,
                                                  "left": 15
                                                }
                                              ],
                                              "parent": 11,
                                              "ID": 12,
                                              "left": 13,
                                              "right": 14
                                            }
                                          ],
                                          "parent": 9,
                                          "ID": 11,
                                          "left": 12
                                        }
                                      ],
                                      "parent": 8,
                                      "ID": 9,
                                      "left": 10,
                                      "right": 11
                                    },
                                    {
                                      "Node Type": "Hash",
                                      "Parent Relationship": "Inner",
                                      "Parallel Aware": false,
                                      "Async Capable": false,
                                      "Startup Cost": 2.47,
                                      "Total Cost": 2.47,
                                      "Plan Rows": 5,
                                      "Plan Width": 4,
                                      "Plans": [
                                        {
                                          "Node Type": "Hash Join",
                                          "Parent Relationship": "Outer",
                                          "Parallel Aware": false,
                                          "Async Capable": false,
                                          "Join Type": "Inner",
                                          "Startup Cost": 1.07,
                                          "Total Cost": 2.47,
                                          "Plan Rows": 5,
                                          "Plan Width": 4,
                                          "Inner Unique": false,
                                          "Hash Cond": "(n1.n_regionkey = region.r_regionkey)",
                                          "Plans": [
                                            {
                                              "Node Type": "Seq Scan",
                                              "Parent Relationship": "Outer",
                                              "Parallel Aware": false,
                                              "Async Capable": false,
                                              "Relation Name": "nation",
                                              "Alias": "n1",
                                              "Startup Cost": 0.0,
                                              "Total Cost": 1.25,
                                              "Plan Rows": 25,
                                              "Plan Width": 8,
                                              "parent": 20,
                                              "ID": 21
                                            },
                                            {
                                              "Node Type": "Hash",
                                              "Parent Relationship": "Inner",
                                              "Parallel Aware": false,
                                              "Async Capable": false,
                                              "Startup Cost": 1.06,
                                              "Total Cost": 1.06,
                                              "Plan Rows": 1,
                                              "Plan Width": 4,
                                              "Plans": [
                                                {
                                                  "Node Type": "Seq Scan",
                                                  "Parent Relationship": "Outer",
                                                  "Parallel Aware": false,
                                                  "Async Capable": false,
                                                  "Relation Name": "region",
                                                  "Alias": "region",
                                                  "Startup Cost": 0.0,
                                                  "Total Cost": 1.06,
                                                  "Plan Rows": 1,
                                                  "Plan Width": 4,
                                                  "Filter": "(r_name = 'MIDDLE EAST'::bpchar)",
                                                  "parent": 22,
                                                  "ID": 23
                                                }
                                              ],
                                              "parent": 20,
                                              "ID": 22,
                                              "left": 23
                                            }
                                          ],
                                          "parent": 19,
                                          "ID": 20,
                                          "left": 21,
                                          "right": 22
                                        }
                                      ],
                                      "parent": 8,
                                      "ID": 19,
                                      "left": 20
                                    }
                                  ],
                                  "parent": 7,
                                  "ID": 8,
                                  "left": 9,
                                  "right": 19
                                }
                              ],
                              "parent": 5,
                              "ID": 7,
                              "left": 8
                            }
                          ],
                          "parent": 4,
                          "ID": 5,
                          "left": 6,
                          "right": 7
                        },
                        {
                          "Node Type": "Hash",
                          "Parent Relationship": "Inner",
                          "Parallel Aware": false,
                          "Async Capable": false,
                          "Startup Cost": 1.25,
                          "Total Cost": 1.25,
                          "Plan Rows": 25,
                          "Plan Width": 30,
                          "Plans": [
                            {
                              "Node Type": "Seq Scan",
                              "Parent Relationship": "Outer",
                              "Parallel Aware": false,
                              "Async Capable": false,
                              "Relation Name": "nation",
                              "Alias": "n2",
                              "Startup Cost": 0.0,
                              "Total Cost": 1.25,
                              "Plan Rows": 25,
                              "Plan Width": 30,
                              "parent": 24,
                              "ID": 25
                            }
                          ],
                          "parent": 4,
                          "ID": 24,
                          "left": 25
                        }
                      ],
                      "parent": 3,
                      "ID": 4,
                      "left": 5,
                      "right": 24
                    }
                  ],
                  "parent": 2,
                  "ID": 3,
                  "left": 4
                }
              ],
              "parent": 1,
              "ID": 2,
              "left": 3
            }
          ],
          "parent": 0,
          "ID": 1,
          "left": 2
        }
      ],
      "parent": null,
      "ID": 0,
      "left": 1
    },
    "feat": {
      "utility": 0.0,
      "query_shape": [
        [
          "Seq Scan",
          "Hash Join",
          "Sort",
          "Aggregate",
          "Gather Merge"
        ],
        [
          "Seq Scan",
          "Hash Join",
          "Hash",
          "Sort",
          "Aggregate",
          "Gather Merge"
        ],
        [
          "Seq Scan",
          "Hash Join",
          "Hash",
          "Sort",
          "Aggregate",
          "Gather Merge"
        ],
        [
          "Seq Scan",
          "Hash Join",
          "Hash",
          "Sort",
          "Aggregate",
          "Gather Merge"
        ],
        [
          "Seq Scan",
          "Hash",
          "Hash Join",
          "Sort",
          "Aggregate",
          "Gather Merge"
        ],
        [
          "Seq Scan",
          "Hash Join",
          "Hash",
          "Sort",
          "Aggregate",
          "Gather Merge"
        ],
        [
          "Seq Scan",
          "Hash",
          "Hash Join",
          "Sort",
          "Aggregate",
          "Gather Merge"
        ],
        [
          "Seq Scan",
          "Hash",
          "Hash Join",
          "Sort",
          "Aggregate",
          "Gather Merge"
        ]
      ],
      "index_shape": [],
      "physical_operator": {}
    }
  },
  {
    "query": "-- Functional Query Definition\n-- Approved February 1998\n\n\nselect\no_year,\nsum(case\nwhen nation = 'SAUDI ARABIA' then volume\nelse 0\nend) / sum(volume) as mkt_share\nfrom\n(\nselect\nextract(year from o_orderdate) as o_year,\nl_extendedprice * (1 - l_discount) as volume,\nn2.n_name as nation\nfrom\npart,\nsupplier,\nlineitem,\norders,\ncustomer,\nnation n1,\nnation n2,\nregion\nwhere\np_partkey = l_partkey\nand s_suppkey = l_suppkey\nand l_orderkey = o_orderkey\nand o_custkey = c_custkey\nand c_nationkey = n1.n_nationkey\nand n1.n_regionkey = r_regionkey\nand r_name = 'MIDDLE EAST'\nand s_nationkey = n2.n_nationkey\nand o_orderdate between date '1995-01-01' and date '1996-12-31'\nand p_type = 'LARGE PLATED COPPER'\n) as all_nations\ngroup by\no_year\norder by\no_year ;\n-- $ID$\n-- TPC-H/TPC-R Product Type Profit Measure ",
    "indexes": "nation.n_regionkey",
    "wo plan est": {
      "Node Type": "Aggregate",
      "Strategy": "Sorted",
      "Partial Mode": "Finalize",
      "Parallel Aware": false,
      "Async Capable": false,
      "Startup Cost": 1955785.01,
      "Total Cost": 1956486.84,
      "Plan Rows": 2406,
      "Plan Width": 64,
      "Group Key": [
        "(EXTRACT(year FROM orders.o_orderdate))"
      ],
      "Plans": [
        {
          "Node Type": "Gather Merge",
          "Parent Relationship": "Outer",
          "Parallel Aware": false,
          "Async Capable": false,
          "Startup Cost": 1955785.01,
          "Total Cost": 1956408.65,
          "Plan Rows": 2406,
          "Plan Width": 96,
          "Workers Planned": 1,
          "Plans": [
            {
              "Node Type": "Aggregate",
              "Strategy": "Sorted",
              "Partial Mode": "Partial",
              "Parent Relationship": "Outer",
              "Parallel Aware": false,
              "Async Capable": false,
              "Startup Cost": 1954785.0,
              "Total Cost": 1955137.96,
              "Plan Rows": 2406,
              "Plan Width": 96,
              "Group Key": [
                "(EXTRACT(year FROM orders.o_orderdate))"
              ],
              "Plans": [
                {
                  "Node Type": "Sort",
                  "Parent Relationship": "Outer",
                  "Parallel Aware": false,
                  "Async Capable": false,
                  "Startup Cost": 1954785.0,
                  "Total Cost": 1954819.54,
                  "Plan Rows": 13816,
                  "Plan Width": 70,
                  "Sort Key": [
                    "(EXTRACT(year FROM orders.o_orderdate))"
                  ],
                  "Plans": [
                    {
                      "Node Type": "Hash Join",
                      "Parent Relationship": "Outer",
                      "Parallel Aware": false,
                      "Async Capable": false,
                      "Join Type": "Inner",
                      "Startup Cost": 1950527.96,
                      "Total Cost": 1953834.87,
                      "Plan Rows": 13816,
                      "Plan Width": 70,
                      "Inner Unique": false,
                      "Hash Cond": "(supplier.s_nationkey = n2.n_nationkey)",
                      "Plans": [
                        {
                          "Node Type": "Hash Join",
                          "Parent Relationship": "Outer",
                          "Parallel Aware": true,
                          "Async Capable": false,
                          "Join Type": "Inner",
                          "Startup Cost": 1950526.4,
                          "Total Cost": 1953608.79,
                          "Plan Rows": 13816,
                          "Plan Width": 20,
                          "Inner Unique": false,
                          "Hash Cond": "(supplier.s_suppkey = lineitem.l_suppkey)",
                          "Plans": [
                            {
                              "Node Type": "Seq Scan",
                              "Parent Relationship": "Outer",
                              "Parallel Aware": true,
                              "Async Capable": false,
                              "Relation Name": "supplier",
                              "Alias": "supplier",
                              "Startup Cost": 0.0,
                              "Total Cost": 2804.24,
                              "Plan Rows": 58824,
                              "Plan Width": 8,
                              "parent": 5,
                              "ID": 6
                            },
                            {
                              "Node Type": "Hash",
                              "Parent Relationship": "Inner",
                              "Parallel Aware": true,
                              "Async Capable": false,
                              "Startup Cost": 1950404.06,
                              "Total Cost": 1950404.06,
                              "Plan Rows": 9787,
                              "Plan Width": 20,
                              "Plans": [
                                {
                                  "Node Type": "Hash Join",
                                  "Parent Relationship": "Outer",
                                  "Parallel Aware": false,
                                  "Async Capable": false,
                                  "Join Type": "Inner",
                                  "Startup Cost": 1905498.74,
                                  "Total Cost": 1950404.06,
                                  "Plan Rows": 9787,
                                  "Plan Width": 20,
                                  "Inner Unique": false,
                                  "Hash Cond": "(customer.c_nationkey = n1.n_nationkey)",
                                  "Plans": [
                                    {
                                      "Node Type": "Hash Join",
                                      "Parent Relationship": "Outer",
                                      "Parallel Aware": true,
                                      "Async Capable": false,
                                      "Join Type": "Inner",
                                      "Startup Cost": 1905496.2,
                                      "Total Cost": 1950120.18,
                                      "Plan Rows": 48932,
                                      "Plan Width": 24,
                                      "Inner Unique": false,
                                      "Hash Cond": "(customer.c_custkey = orders.o_custkey)",
                                      "Plans": [
                                        {
                                          "Node Type": "Seq Scan",
                                          "Parent Relationship": "Outer",
                                          "Parallel Aware": true,
                                          "Async Capable": false,
                                          "Relation Name": "customer",
                                          "Alias": "customer",
                                          "Startup Cost": 0.0,
                                          "Total Cost": 42076.52,
                                          "Plan Rows": 624952,
                                          "Plan Width": 8,
                                          "parent": 9,
                                          "ID": 10
                                        },
                                        {
                                          "Node Type": "Hash",
                                          "Parent Relationship": "Inner",
                                          "Parallel Aware": true,
                                          "Async Capable": false,
                                          "Startup Cost": 1904884.55,
                                          "Total Cost": 1904884.55,
                                          "Plan Rows": 48932,
                                          "Plan Width": 24,
                                          "Plans": [
                                            {
                                              "Node Type": "Hash Join",
                                              "Parent Relationship": "Outer",
                                              "Parallel Aware": true,
                                              "Async Capable": false,
                                              "Join Type": "Inner",
                                              "Startup Cost": 1523283.11,
                                              "Total Cost": 1904884.55,
                                              "Plan Rows": 48932,
                                              "Plan Width": 24,
                                              "Inner Unique": false,
                                              "Hash Cond": "(orders.o_orderkey = lineitem.l_orderkey)",
                                              "Plans": [
                                                {
                                                  "Node Type": "Seq Scan",
                                                  "Parent Relationship": "Outer",
                                                  "Parallel Aware": true,
                                                  "Async Capable": false,
                                                  "Relation Name": "orders",
                                                  "Alias": "orders",
                                                  "Startup Cost": 0.0,
                                                  "Total Cost": 354655.56,
                                                  "Plan Rows": 1909064,
                                                  "Plan Width": 12,
                                                  "Filter": "((o_orderdate >= '1995-01-01'::date) AND (o_orderdate <= '1996-12-31'::date))",
                                                  "parent": 12,
                                                  "ID": 13
                                                },
                                                {
                                                  "Node Type": "Hash",
                                                  "Parent Relationship": "Inner",
                                                  "Parallel Aware": true,
                                                  "Async Capable": false,
                                                  "Startup Cost": 1520341.76,
                                                  "Total Cost": 1520341.76,
                                                  "Plan Rows": 160188,
                                                  "Plan Width": 20,
                                                  "Plans": [
                                                    {
                                                      "Node Type": "Hash Join",
                                                      "Parent Relationship": "Outer",
                                                      "Parallel Aware": true,
                                                      "Async Capable": false,
                                                      "Join Type": "Inner",
                                                      "Startup Cost": 51447.53,
                                                      "Total Cost": 1520341.76,
                                                      "Plan Rows": 160188,
                                                      "Plan Width": 20,
                                                      "Inner Unique": false,
                                                      "Hash Cond": "(lineitem.l_partkey = part.p_partkey)",
                                                      "Plans": [
                                                        {
                                                          "Node Type": "Seq Scan",
                                                          "Parent Relationship": "Outer",
                                                          "Parallel Aware": true,
                                                          "Async Capable": false,
                                                          "Relation Name": "lineitem",
                                                          "Alias": "lineitem",
                                                          "Startup Cost": 0.0,
                                                          "Total Cost": 1374494.57,
                                                          "Plan Rows": 24995257,
                                                          "Plan Width": 24,
                                                          "parent": 15,
                                                          "ID": 16
                                                        },
                                                        {
                                                          "Node Type": "Hash",
                                                          "Parent Relationship": "Inner",
                                                          "Parallel Aware": true,
                                                          "Async Capable": false,
                                                          "Startup Cost": 51378.28,
                                                          "Total Cost": 51378.28,
                                                          "Plan Rows": 5540,
                                                          "Plan Width": 4,
                                                          "Plans": [
                                                            {
                                                              "Node Type": "Seq Scan",
                                                              "Parent Relationship": "Outer",
                                                              "Parallel Aware": true,
                                                              "Async Capable": false,
                                                              "Relation Name": "part",
                                                              "Alias": "part",
                                                              "Startup Cost": 0.0,
                                                              "Total Cost": 51378.28,
                                                              "Plan Rows": 5540,
                                                              "Plan Width": 4,
                                                              "Filter": "((p_type)::text = 'LARGE PLATED COPPER'::text)",
                                                              "parent": 17,
                                                              "ID": 18
                                                            }
                                                          ],
                                                          "parent": 15,
                                                          "ID": 17,
                                                          "left": 18
                                                        }
                                                      ],
                                                      "parent": 14,
                                                      "ID": 15,
                                                      "left": 16,
                                                      "right": 17
                                                    }
                                                  ],
                                                  "parent": 12,
                                                  "ID": 14,
                                                  "left": 15
                                                }
                                              ],
                                              "parent": 11,
                                              "ID": 12,
                                              "left": 13,
                                              "right": 14
                                            }
                                          ],
                                          "parent": 9,
                                          "ID": 11,
                                          "left": 12
                                        }
                                      ],
                                      "parent": 8,
                                      "ID": 9,
                                      "left": 10,
                                      "right": 11
                                    },
                                    {
                                      "Node Type": "Hash",
                                      "Parent Relationship": "Inner",
                                      "Parallel Aware": false,
                                      "Async Capable": false,
                                      "Startup Cost": 2.47,
                                      "Total Cost": 2.47,
                                      "Plan Rows": 5,
                                      "Plan Width": 4,
                                      "Plans": [
                                        {
                                          "Node Type": "Hash Join",
                                          "Parent Relationship": "Outer",
                                          "Parallel Aware": false,
                                          "Async Capable": false,
                                          "Join Type": "Inner",
                                          "Startup Cost": 1.07,
                                          "Total Cost": 2.47,
                                          "Plan Rows": 5,
                                          "Plan Width": 4,
                                          "Inner Unique": false,
                                          "Hash Cond": "(n1.n_regionkey = region.r_regionkey)",
                                          "Plans": [
                                            {
                                              "Node Type": "Seq Scan",
                                              "Parent Relationship": "Outer",
                                              "Parallel Aware": false,
                                              "Async Capable": false,
                                              "Relation Name": "nation",
                                              "Alias": "n1",
                                              "Startup Cost": 0.0,
                                              "Total Cost": 1.25,
                                              "Plan Rows": 25,
                                              "Plan Width": 8,
                                              "parent": 20,
                                              "ID": 21
                                            },
                                            {
                                              "Node Type": "Hash",
                                              "Parent Relationship": "Inner",
                                              "Parallel Aware": false,
                                              "Async Capable": false,
                                              "Startup Cost": 1.06,
                                              "Total Cost": 1.06,
                                              "Plan Rows": 1,
                                              "Plan Width": 4,
                                              "Plans": [
                                                {
                                                  "Node Type": "Seq Scan",
                                                  "Parent Relationship": "Outer",
                                                  "Parallel Aware": false,
                                                  "Async Capable": false,
                                                  "Relation Name": "region",
                                                  "Alias": "region",
                                                  "Startup Cost": 0.0,
                                                  "Total Cost": 1.06,
                                                  "Plan Rows": 1,
                                                  "Plan Width": 4,
                                                  "Filter": "(r_name = 'MIDDLE EAST'::bpchar)",
                                                  "parent": 22,
                                                  "ID": 23
                                                }
                                              ],
                                              "parent": 20,
                                              "ID": 22,
                                              "left": 23
                                            }
                                          ],
                                          "parent": 19,
                                          "ID": 20,
                                          "left": 21,
                                          "right": 22
                                        }
                                      ],
                                      "parent": 8,
                                      "ID": 19,
                                      "left": 20
                                    }
                                  ],
                                  "parent": 7,
                                  "ID": 8,
                                  "left": 9,
                                  "right": 19
                                }
                              ],
                              "parent": 5,
                              "ID": 7,
                              "left": 8
                            }
                          ],
                          "parent": 4,
                          "ID": 5,
                          "left": 6,
                          "right": 7
                        },
                        {
                          "Node Type": "Hash",
                          "Parent Relationship": "Inner",
                          "Parallel Aware": false,
                          "Async Capable": false,
                          "Startup Cost": 1.25,
                          "Total Cost": 1.25,
                          "Plan Rows": 25,
                          "Plan Width": 30,
                          "Plans": [
                            {
                              "Node Type": "Seq Scan",
                              "Parent Relationship": "Outer",
                              "Parallel Aware": false,
                              "Async Capable": false,
                              "Relation Name": "nation",
                              "Alias": "n2",
                              "Startup Cost": 0.0,
                              "Total Cost": 1.25,
                              "Plan Rows": 25,
                              "Plan Width": 30,
                              "parent": 24,
                              "ID": 25
                            }
                          ],
                          "parent": 4,
                          "ID": 24,
                          "left": 25
                        }
                      ],
                      "parent": 3,
                      "ID": 4,
                      "left": 5,
                      "right": 24
                    }
                  ],
                  "parent": 2,
                  "ID": 3,
                  "left": 4
                }
              ],
              "parent": 1,
              "ID": 2,
              "left": 3
            }
          ],
          "parent": 0,
          "ID": 1,
          "left": 2
        }
      ],
      "parent": null,
      "ID": 0,
      "left": 1
    },
    "feat": {
      "utility": 0.0,
      "query_shape": [
        [
          "Seq Scan",
          "Hash Join",
          "Sort",
          "Aggregate",
          "Gather Merge"
        ],
        [
          "Seq Scan",
          "Hash Join",
          "Hash",
          "Sort",
          "Aggregate",
          "Gather Merge"
        ],
        [
          "Seq Scan",
          "Hash Join",
          "Hash",
          "Sort",
          "Aggregate",
          "Gather Merge"
        ],
        [
          "Seq Scan",
          "Hash Join",
          "Hash",
          "Sort",
          "Aggregate",
          "Gather Merge"
        ],
        [
          "Seq Scan",
          "Hash",
          "Hash Join",
          "Sort",
          "Aggregate",
          "Gather Merge"
        ],
        [
          "Seq Scan",
          "Hash Join",
          "Hash",
          "Sort",
          "Aggregate",
          "Gather Merge"
        ],
        [
          "Seq Scan",
          "Hash",
          "Hash Join",
          "Sort",
          "Aggregate",
          "Gather Merge"
        ],
        [
          "Seq Scan",
          "Hash",
          "Hash Join",
          "Sort",
          "Aggregate",
          "Gather Merge"
        ]
      ],
      "index_shape": [
        "join"
      ],
      "physical_operator": {}
    }
  },
  {
    "query": "-- Functional Query Definition\n-- Approved February 1998\n\n\nselect\no_year,\nsum(case\nwhen nation = 'SAUDI ARABIA' then volume\nelse 0\nend) / sum(volume) as mkt_share\nfrom\n(\nselect\nextract(year from o_orderdate) as o_year,\nl_extendedprice * (1 - l_discount) as volume,\nn2.n_name as nation\nfrom\npart,\nsupplier,\nlineitem,\norders,\ncustomer,\nnation n1,\nnation n2,\nregion\nwhere\np_partkey = l_partkey\nand s_suppkey = l_suppkey\nand l_orderkey = o_orderkey\nand o_custkey = c_custkey\nand c_nationkey = n1.n_nationkey\nand n1.n_regionkey = r_regionkey\nand r_name = 'MIDDLE EAST'\nand s_nationkey = n2.n_nationkey\nand o_orderdate between date '1995-01-01' and date '1996-12-31'\nand p_type = 'LARGE PLATED COPPER'\n) as all_nations\ngroup by\no_year\norder by\no_year ;\n-- $ID$\n-- TPC-H/TPC-R Product Type Profit Measure ",
    "indexes": "orders.o_orderkey",
    "wo plan est": {
      "Node Type": "Aggregate",
      "Strategy": "Sorted",
      "Partial Mode": "Finalize",
      "Parallel Aware": false,
      "Async Capable": false,
      "Startup Cost": 1955785.01,
      "Total Cost": 1956486.84,
      "Plan Rows": 2406,
      "Plan Width": 64,
      "Group Key": [
        "(EXTRACT(year FROM orders.o_orderdate))"
      ],
      "Plans": [
        {
          "Node Type": "Gather Merge",
          "Parent Relationship": "Outer",
          "Parallel Aware": false,
          "Async Capable": false,
          "Startup Cost": 1955785.01,
          "Total Cost": 1956408.65,
          "Plan Rows": 2406,
          "Plan Width": 96,
          "Workers Planned": 1,
          "Plans": [
            {
              "Node Type": "Aggregate",
              "Strategy": "Sorted",
              "Partial Mode": "Partial",
              "Parent Relationship": "Outer",
              "Parallel Aware": false,
              "Async Capable": false,
              "Startup Cost": 1954785.0,
              "Total Cost": 1955137.96,
              "Plan Rows": 2406,
              "Plan Width": 96,
              "Group Key": [
                "(EXTRACT(year FROM orders.o_orderdate))"
              ],
              "Plans": [
                {
                  "Node Type": "Sort",
                  "Parent Relationship": "Outer",
                  "Parallel Aware": false,
                  "Async Capable": false,
                  "Startup Cost": 1954785.0,
                  "Total Cost": 1954819.54,
                  "Plan Rows": 13816,
                  "Plan Width": 70,
                  "Sort Key": [
                    "(EXTRACT(year FROM orders.o_orderdate))"
                  ],
                  "Plans": [
                    {
                      "Node Type": "Hash Join",
                      "Parent Relationship": "Outer",
                      "Parallel Aware": false,
                      "Async Capable": false,
                      "Join Type": "Inner",
                      "Startup Cost": 1950527.96,
                      "Total Cost": 1953834.87,
                      "Plan Rows": 13816,
                      "Plan Width": 70,
                      "Inner Unique": false,
                      "Hash Cond": "(supplier.s_nationkey = n2.n_nationkey)",
                      "Plans": [
                        {
                          "Node Type": "Hash Join",
                          "Parent Relationship": "Outer",
                          "Parallel Aware": true,
                          "Async Capable": false,
                          "Join Type": "Inner",
                          "Startup Cost": 1950526.4,
                          "Total Cost": 1953608.79,
                          "Plan Rows": 13816,
                          "Plan Width": 20,
                          "Inner Unique": false,
                          "Hash Cond": "(supplier.s_suppkey = lineitem.l_suppkey)",
                          "Plans": [
                            {
                              "Node Type": "Seq Scan",
                              "Parent Relationship": "Outer",
                              "Parallel Aware": true,
                              "Async Capable": false,
                              "Relation Name": "supplier",
                              "Alias": "supplier",
                              "Startup Cost": 0.0,
                              "Total Cost": 2804.24,
                              "Plan Rows": 58824,
                              "Plan Width": 8,
                              "parent": 5,
                              "ID": 6
                            },
                            {
                              "Node Type": "Hash",
                              "Parent Relationship": "Inner",
                              "Parallel Aware": true,
                              "Async Capable": false,
                              "Startup Cost": 1950404.06,
                              "Total Cost": 1950404.06,
                              "Plan Rows": 9787,
                              "Plan Width": 20,
                              "Plans": [
                                {
                                  "Node Type": "Hash Join",
                                  "Parent Relationship": "Outer",
                                  "Parallel Aware": false,
                                  "Async Capable": false,
                                  "Join Type": "Inner",
                                  "Startup Cost": 1905498.74,
                                  "Total Cost": 1950404.06,
                                  "Plan Rows": 9787,
                                  "Plan Width": 20,
                                  "Inner Unique": false,
                                  "Hash Cond": "(customer.c_nationkey = n1.n_nationkey)",
                                  "Plans": [
                                    {
                                      "Node Type": "Hash Join",
                                      "Parent Relationship": "Outer",
                                      "Parallel Aware": true,
                                      "Async Capable": false,
                                      "Join Type": "Inner",
                                      "Startup Cost": 1905496.2,
                                      "Total Cost": 1950120.18,
                                      "Plan Rows": 48932,
                                      "Plan Width": 24,
                                      "Inner Unique": false,
                                      "Hash Cond": "(customer.c_custkey = orders.o_custkey)",
                                      "Plans": [
                                        {
                                          "Node Type": "Seq Scan",
                                          "Parent Relationship": "Outer",
                                          "Parallel Aware": true,
                                          "Async Capable": false,
                                          "Relation Name": "customer",
                                          "Alias": "customer",
                                          "Startup Cost": 0.0,
                                          "Total Cost": 42076.52,
                                          "Plan Rows": 624952,
                                          "Plan Width": 8,
                                          "parent": 9,
                                          "ID": 10
                                        },
                                        {
                                          "Node Type": "Hash",
                                          "Parent Relationship": "Inner",
                                          "Parallel Aware": true,
                                          "Async Capable": false,
                                          "Startup Cost": 1904884.55,
                                          "Total Cost": 1904884.55,
                                          "Plan Rows": 48932,
                                          "Plan Width": 24,
                                          "Plans": [
                                            {
                                              "Node Type": "Hash Join",
                                              "Parent Relationship": "Outer",
                                              "Parallel Aware": true,
                                              "Async Capable": false,
                                              "Join Type": "Inner",
                                              "Startup Cost": 1523283.11,
                                              "Total Cost": 1904884.55,
                                              "Plan Rows": 48932,
                                              "Plan Width": 24,
                                              "Inner Unique": false,
                                              "Hash Cond": "(orders.o_orderkey = lineitem.l_orderkey)",
                                              "Plans": [
                                                {
                                                  "Node Type": "Seq Scan",
                                                  "Parent Relationship": "Outer",
                                                  "Parallel Aware": true,
                                                  "Async Capable": false,
                                                  "Relation Name": "orders",
                                                  "Alias": "orders",
                                                  "Startup Cost": 0.0,
                                                  "Total Cost": 354655.56,
                                                  "Plan Rows": 1909064,
                                                  "Plan Width": 12,
                                                  "Filter": "((o_orderdate >= '1995-01-01'::date) AND (o_orderdate <= '1996-12-31'::date))",
                                                  "parent": 12,
                                                  "ID": 13
                                                },
                                                {
                                                  "Node Type": "Hash",
                                                  "Parent Relationship": "Inner",
                                                  "Parallel Aware": true,
                                                  "Async Capable": false,
                                                  "Startup Cost": 1520341.76,
                                                  "Total Cost": 1520341.76,
                                                  "Plan Rows": 160188,
                                                  "Plan Width": 20,
                                                  "Plans": [
                                                    {
                                                      "Node Type": "Hash Join",
                                                      "Parent Relationship": "Outer",
                                                      "Parallel Aware": true,
                                                      "Async Capable": false,
                                                      "Join Type": "Inner",
                                                      "Startup Cost": 51447.53,
                                                      "Total Cost": 1520341.76,
                                                      "Plan Rows": 160188,
                                                      "Plan Width": 20,
                                                      "Inner Unique": false,
                                                      "Hash Cond": "(lineitem.l_partkey = part.p_partkey)",
                                                      "Plans": [
                                                        {
                                                          "Node Type": "Seq Scan",
                                                          "Parent Relationship": "Outer",
                                                          "Parallel Aware": true,
                                                          "Async Capable": false,
                                                          "Relation Name": "lineitem",
                                                          "Alias": "lineitem",
                                                          "Startup Cost": 0.0,
                                                          "Total Cost": 1374494.57,
                                                          "Plan Rows": 24995257,
                                                          "Plan Width": 24,
                                                          "parent": 15,
                                                          "ID": 16
                                                        },
                                                        {
                                                          "Node Type": "Hash",
                                                          "Parent Relationship": "Inner",
                                                          "Parallel Aware": true,
                                                          "Async Capable": false,
                                                          "Startup Cost": 51378.28,
                                                          "Total Cost": 51378.28,
                                                          "Plan Rows": 5540,
                                                          "Plan Width": 4,
                                                          "Plans": [
                                                            {
                                                              "Node Type": "Seq Scan",
                                                              "Parent Relationship": "Outer",
                                                              "Parallel Aware": true,
                                                              "Async Capable": false,
                                                              "Relation Name": "part",
                                                              "Alias": "part",
                                                              "Startup Cost": 0.0,
                                                              "Total Cost": 51378.28,
                                                              "Plan Rows": 5540,
                                                              "Plan Width": 4,
                                                              "Filter": "((p_type)::text = 'LARGE PLATED COPPER'::text)",
                                                              "parent": 17,
                                                              "ID": 18
                                                            }
                                                          ],
                                                          "parent": 15,
                                                          "ID": 17,
                                                          "left": 18
                                                        }
                                                      ],
                                                      "parent": 14,
                                                      "ID": 15,
                                                      "left": 16,
                                                      "right": 17
                                                    }
                                                  ],
                                                  "parent": 12,
                                                  "ID": 14,
                                                  "left": 15
                                                }
                                              ],
                                              "parent": 11,
                                              "ID": 12,
                                              "left": 13,
                                              "right": 14
                                            }
                                          ],
                                          "parent": 9,
                                          "ID": 11,
                                          "left": 12
                                        }
                                      ],
                                      "parent": 8,
                                      "ID": 9,
                                      "left": 10,
                                      "right": 11
                                    },
                                    {
                                      "Node Type": "Hash",
                                      "Parent Relationship": "Inner",
                                      "Parallel Aware": false,
                                      "Async Capable": false,
                                      "Startup Cost": 2.47,
                                      "Total Cost": 2.47,
                                      "Plan Rows": 5,
                                      "Plan Width": 4,
                                      "Plans": [
                                        {
                                          "Node Type": "Hash Join",
                                          "Parent Relationship": "Outer",
                                          "Parallel Aware": false,
                                          "Async Capable": false,
                                          "Join Type": "Inner",
                                          "Startup Cost": 1.07,
                                          "Total Cost": 2.47,
                                          "Plan Rows": 5,
                                          "Plan Width": 4,
                                          "Inner Unique": false,
                                          "Hash Cond": "(n1.n_regionkey = region.r_regionkey)",
                                          "Plans": [
                                            {
                                              "Node Type": "Seq Scan",
                                              "Parent Relationship": "Outer",
                                              "Parallel Aware": false,
                                              "Async Capable": false,
                                              "Relation Name": "nation",
                                              "Alias": "n1",
                                              "Startup Cost": 0.0,
                                              "Total Cost": 1.25,
                                              "Plan Rows": 25,
                                              "Plan Width": 8,
                                              "parent": 20,
                                              "ID": 21
                                            },
                                            {
                                              "Node Type": "Hash",
                                              "Parent Relationship": "Inner",
                                              "Parallel Aware": false,
                                              "Async Capable": false,
                                              "Startup Cost": 1.06,
                                              "Total Cost": 1.06,
                                              "Plan Rows": 1,
                                              "Plan Width": 4,
                                              "Plans": [
                                                {
                                                  "Node Type": "Seq Scan",
                                                  "Parent Relationship": "Outer",
                                                  "Parallel Aware": false,
                                                  "Async Capable": false,
                                                  "Relation Name": "region",
                                                  "Alias": "region",
                                                  "Startup Cost": 0.0,
                                                  "Total Cost": 1.06,
                                                  "Plan Rows": 1,
                                                  "Plan Width": 4,
                                                  "Filter": "(r_name = 'MIDDLE EAST'::bpchar)",
                                                  "parent": 22,
                                                  "ID": 23
                                                }
                                              ],
                                              "parent": 20,
                                              "ID": 22,
                                              "left": 23
                                            }
                                          ],
                                          "parent": 19,
                                          "ID": 20,
                                          "left": 21,
                                          "right": 22
                                        }
                                      ],
                                      "parent": 8,
                                      "ID": 19,
                                      "left": 20
                                    }
                                  ],
                                  "parent": 7,
                                  "ID": 8,
                                  "left": 9,
                                  "right": 19
                                }
                              ],
                              "parent": 5,
                              "ID": 7,
                              "left": 8
                            }
                          ],
                          "parent": 4,
                          "ID": 5,
                          "left": 6,
                          "right": 7
                        },
                        {
                          "Node Type": "Hash",
                          "Parent Relationship": "Inner",
                          "Parallel Aware": false,
                          "Async Capable": false,
                          "Startup Cost": 1.25,
                          "Total Cost": 1.25,
                          "Plan Rows": 25,
                          "Plan Width": 30,
                          "Plans": [
                            {
                              "Node Type": "Seq Scan",
                              "Parent Relationship": "Outer",
                              "Parallel Aware": false,
                              "Async Capable": false,
                              "Relation Name": "nation",
                              "Alias": "n2",
                              "Startup Cost": 0.0,
                              "Total Cost": 1.25,
                              "Plan Rows": 25,
                              "Plan Width": 30,
                              "parent": 24,
                              "ID": 25
                            }
                          ],
                          "parent": 4,
                          "ID": 24,
                          "left": 25
                        }
                      ],
                      "parent": 3,
                      "ID": 4,
                      "left": 5,
                      "right": 24
                    }
                  ],
                  "parent": 2,
                  "ID": 3,
                  "left": 4
                }
              ],
              "parent": 1,
              "ID": 2,
              "left": 3
            }
          ],
          "parent": 0,
          "ID": 1,
          "left": 2
        }
      ],
      "parent": null,
      "ID": 0,
      "left": 1
    },
    "feat": {
      "utility": 6.386447184269642e-07,
      "query_shape": [
        [
          "Seq Scan",
          "Hash Join",
          "Sort",
          "Aggregate",
          "Gather Merge"
        ],
        [
          "Seq Scan",
          "Hash Join",
          "Hash",
          "Sort",
          "Aggregate",
          "Gather Merge"
        ],
        [
          "Seq Scan",
          "Hash Join",
          "Hash",
          "Sort",
          "Aggregate",
          "Gather Merge"
        ],
        [
          "Seq Scan",
          "Hash Join",
          "Hash",
          "Sort",
          "Aggregate",
          "Gather Merge"
        ],
        [
          "Seq Scan",
          "Hash",
          "Hash Join",
          "Sort",
          "Aggregate",
          "Gather Merge"
        ],
        [
          "Seq Scan",
          "Hash Join",
          "Hash",
          "Sort",
          "Aggregate",
          "Gather Merge"
        ],
        [
          "Seq Scan",
          "Hash",
          "Hash Join",
          "Sort",
          "Aggregate",
          "Gather Merge"
        ],
        [
          "Seq Scan",
          "Hash",
          "Hash Join",
          "Sort",
          "Aggregate",
          "Gather Merge"
        ]
      ],
      "index_shape": [
        "join"
      ],
      "physical_operator": {
        "Hash Join": [
          0.00040001036971116453
        ]
      }
    }
  },
  {
    "query": "-- Functional Query Definition\n-- Approved February 1998\n\n\nselect\no_year,\nsum(case\nwhen nation = 'SAUDI ARABIA' then volume\nelse 0\nend) / sum(volume) as mkt_share\nfrom\n(\nselect\nextract(year from o_orderdate) as o_year,\nl_extendedprice * (1 - l_discount) as volume,\nn2.n_name as nation\nfrom\npart,\nsupplier,\nlineitem,\norders,\ncustomer,\nnation n1,\nnation n2,\nregion\nwhere\np_partkey = l_partkey\nand s_suppkey = l_suppkey\nand l_orderkey = o_orderkey\nand o_custkey = c_custkey\nand c_nationkey = n1.n_nationkey\nand n1.n_regionkey = r_regionkey\nand r_name = 'MIDDLE EAST'\nand s_nationkey = n2.n_nationkey\nand o_orderdate between date '1995-01-01' and date '1996-12-31'\nand p_type = 'LARGE PLATED COPPER'\n) as all_nations\ngroup by\no_year\norder by\no_year ;\n-- $ID$\n-- TPC-H/TPC-R Product Type Profit Measure ",
    "indexes": "orders.o_custkey",
    "wo plan est": {
      "Node Type": "Aggregate",
      "Strategy": "Sorted",
      "Partial Mode": "Finalize",
      "Parallel Aware": false,
      "Async Capable": false,
      "Startup Cost": 1955785.01,
      "Total Cost": 1956486.84,
      "Plan Rows": 2406,
      "Plan Width": 64,
      "Group Key": [
        "(EXTRACT(year FROM orders.o_orderdate))"
      ],
      "Plans": [
        {
          "Node Type": "Gather Merge",
          "Parent Relationship": "Outer",
          "Parallel Aware": false,
          "Async Capable": false,
          "Startup Cost": 1955785.01,
          "Total Cost": 1956408.65,
          "Plan Rows": 2406,
          "Plan Width": 96,
          "Workers Planned": 1,
          "Plans": [
            {
              "Node Type": "Aggregate",
              "Strategy": "Sorted",
              "Partial Mode": "Partial",
              "Parent Relationship": "Outer",
              "Parallel Aware": false,
              "Async Capable": false,
              "Startup Cost": 1954785.0,
              "Total Cost": 1955137.96,
              "Plan Rows": 2406,
              "Plan Width": 96,
              "Group Key": [
                "(EXTRACT(year FROM orders.o_orderdate))"
              ],
              "Plans": [
                {
                  "Node Type": "Sort",
                  "Parent Relationship": "Outer",
                  "Parallel Aware": false,
                  "Async Capable": false,
                  "Startup Cost": 1954785.0,
                  "Total Cost": 1954819.54,
                  "Plan Rows": 13816,
                  "Plan Width": 70,
                  "Sort Key": [
                    "(EXTRACT(year FROM orders.o_orderdate))"
                  ],
                  "Plans": [
                    {
                      "Node Type": "Hash Join",
                      "Parent Relationship": "Outer",
                      "Parallel Aware": false,
                      "Async Capable": false,
                      "Join Type": "Inner",
                      "Startup Cost": 1950527.96,
                      "Total Cost": 1953834.87,
                      "Plan Rows": 13816,
                      "Plan Width": 70,
                      "Inner Unique": false,
                      "Hash Cond": "(supplier.s_nationkey = n2.n_nationkey)",
                      "Plans": [
                        {
                          "Node Type": "Hash Join",
                          "Parent Relationship": "Outer",
                          "Parallel Aware": true,
                          "Async Capable": false,
                          "Join Type": "Inner",
                          "Startup Cost": 1950526.4,
                          "Total Cost": 1953608.79,
                          "Plan Rows": 13816,
                          "Plan Width": 20,
                          "Inner Unique": false,
                          "Hash Cond": "(supplier.s_suppkey = lineitem.l_suppkey)",
                          "Plans": [
                            {
                              "Node Type": "Seq Scan",
                              "Parent Relationship": "Outer",
                              "Parallel Aware": true,
                              "Async Capable": false,
                              "Relation Name": "supplier",
                              "Alias": "supplier",
                              "Startup Cost": 0.0,
                              "Total Cost": 2804.24,
                              "Plan Rows": 58824,
                              "Plan Width": 8,
                              "parent": 5,
                              "ID": 6
                            },
                            {
                              "Node Type": "Hash",
                              "Parent Relationship": "Inner",
                              "Parallel Aware": true,
                              "Async Capable": false,
                              "Startup Cost": 1950404.06,
                              "Total Cost": 1950404.06,
                              "Plan Rows": 9787,
                              "Plan Width": 20,
                              "Plans": [
                                {
                                  "Node Type": "Hash Join",
                                  "Parent Relationship": "Outer",
                                  "Parallel Aware": false,
                                  "Async Capable": false,
                                  "Join Type": "Inner",
                                  "Startup Cost": 1905498.74,
                                  "Total Cost": 1950404.06,
                                  "Plan Rows": 9787,
                                  "Plan Width": 20,
                                  "Inner Unique": false,
                                  "Hash Cond": "(customer.c_nationkey = n1.n_nationkey)",
                                  "Plans": [
                                    {
                                      "Node Type": "Hash Join",
                                      "Parent Relationship": "Outer",
                                      "Parallel Aware": true,
                                      "Async Capable": false,
                                      "Join Type": "Inner",
                                      "Startup Cost": 1905496.2,
                                      "Total Cost": 1950120.18,
                                      "Plan Rows": 48932,
                                      "Plan Width": 24,
                                      "Inner Unique": false,
                                      "Hash Cond": "(customer.c_custkey = orders.o_custkey)",
                                      "Plans": [
                                        {
                                          "Node Type": "Seq Scan",
                                          "Parent Relationship": "Outer",
                                          "Parallel Aware": true,
                                          "Async Capable": false,
                                          "Relation Name": "customer",
                                          "Alias": "customer",
                                          "Startup Cost": 0.0,
                                          "Total Cost": 42076.52,
                                          "Plan Rows": 624952,
                                          "Plan Width": 8,
                                          "parent": 9,
                                          "ID": 10
                                        },
                                        {
                                          "Node Type": "Hash",
                                          "Parent Relationship": "Inner",
                                          "Parallel Aware": true,
                                          "Async Capable": false,
                                          "Startup Cost": 1904884.55,
                                          "Total Cost": 1904884.55,
                                          "Plan Rows": 48932,
                                          "Plan Width": 24,
                                          "Plans": [
                                            {
                                              "Node Type": "Hash Join",
                                              "Parent Relationship": "Outer",
                                              "Parallel Aware": true,
                                              "Async Capable": false,
                                              "Join Type": "Inner",
                                              "Startup Cost": 1523283.11,
                                              "Total Cost": 1904884.55,
                                              "Plan Rows": 48932,
                                              "Plan Width": 24,
                                              "Inner Unique": false,
                                              "Hash Cond": "(orders.o_orderkey = lineitem.l_orderkey)",
                                              "Plans": [
                                                {
                                                  "Node Type": "Seq Scan",
                                                  "Parent Relationship": "Outer",
                                                  "Parallel Aware": true,
                                                  "Async Capable": false,
                                                  "Relation Name": "orders",
                                                  "Alias": "orders",
                                                  "Startup Cost": 0.0,
                                                  "Total Cost": 354655.56,
                                                  "Plan Rows": 1909064,
                                                  "Plan Width": 12,
                                                  "Filter": "((o_orderdate >= '1995-01-01'::date) AND (o_orderdate <= '1996-12-31'::date))",
                                                  "parent": 12,
                                                  "ID": 13
                                                },
                                                {
                                                  "Node Type": "Hash",
                                                  "Parent Relationship": "Inner",
                                                  "Parallel Aware": true,
                                                  "Async Capable": false,
                                                  "Startup Cost": 1520341.76,
                                                  "Total Cost": 1520341.76,
                                                  "Plan Rows": 160188,
                                                  "Plan Width": 20,
                                                  "Plans": [
                                                    {
                                                      "Node Type": "Hash Join",
                                                      "Parent Relationship": "Outer",
                                                      "Parallel Aware": true,
                                                      "Async Capable": false,
                                                      "Join Type": "Inner",
                                                      "Startup Cost": 51447.53,
                                                      "Total Cost": 1520341.76,
                                                      "Plan Rows": 160188,
                                                      "Plan Width": 20,
                                                      "Inner Unique": false,
                                                      "Hash Cond": "(lineitem.l_partkey = part.p_partkey)",
                                                      "Plans": [
                                                        {
                                                          "Node Type": "Seq Scan",
                                                          "Parent Relationship": "Outer",
                                                          "Parallel Aware": true,
                                                          "Async Capable": false,
                                                          "Relation Name": "lineitem",
                                                          "Alias": "lineitem",
                                                          "Startup Cost": 0.0,
                                                          "Total Cost": 1374494.57,
                                                          "Plan Rows": 24995257,
                                                          "Plan Width": 24,
                                                          "parent": 15,
                                                          "ID": 16
                                                        },
                                                        {
                                                          "Node Type": "Hash",
                                                          "Parent Relationship": "Inner",
                                                          "Parallel Aware": true,
                                                          "Async Capable": false,
                                                          "Startup Cost": 51378.28,
                                                          "Total Cost": 51378.28,
                                                          "Plan Rows": 5540,
                                                          "Plan Width": 4,
                                                          "Plans": [
                                                            {
                                                              "Node Type": "Seq Scan",
                                                              "Parent Relationship": "Outer",
                                                              "Parallel Aware": true,
                                                              "Async Capable": false,
                                                              "Relation Name": "part",
                                                              "Alias": "part",
                                                              "Startup Cost": 0.0,
                                                              "Total Cost": 51378.28,
                                                              "Plan Rows": 5540,
                                                              "Plan Width": 4,
                                                              "Filter": "((p_type)::text = 'LARGE PLATED COPPER'::text)",
                                                              "parent": 17,
                                                              "ID": 18
                                                            }
                                                          ],
                                                          "parent": 15,
                                                          "ID": 17,
                                                          "left": 18
                                                        }
                                                      ],
                                                      "parent": 14,
                                                      "ID": 15,
                                                      "left": 16,
                                                      "right": 17
                                                    }
                                                  ],
                                                  "parent": 12,
                                                  "ID": 14,
                                                  "left": 15
                                                }
                                              ],
                                              "parent": 11,
                                              "ID": 12,
                                              "left": 13,
                                              "right": 14
                                            }
                                          ],
                                          "parent": 9,
                                          "ID": 11,
                                          "left": 12
                                        }
                                      ],
                                      "parent": 8,
                                      "ID": 9,
                                      "left": 10,
                                      "right": 11
                                    },
                                    {
                                      "Node Type": "Hash",
                                      "Parent Relationship": "Inner",
                                      "Parallel Aware": false,
                                      "Async Capable": false,
                                      "Startup Cost": 2.47,
                                      "Total Cost": 2.47,
                                      "Plan Rows": 5,
                                      "Plan Width": 4,
                                      "Plans": [
                                        {
                                          "Node Type": "Hash Join",
                                          "Parent Relationship": "Outer",
                                          "Parallel Aware": false,
                                          "Async Capable": false,
                                          "Join Type": "Inner",
                                          "Startup Cost": 1.07,
                                          "Total Cost": 2.47,
                                          "Plan Rows": 5,
                                          "Plan Width": 4,
                                          "Inner Unique": false,
                                          "Hash Cond": "(n1.n_regionkey = region.r_regionkey)",
                                          "Plans": [
                                            {
                                              "Node Type": "Seq Scan",
                                              "Parent Relationship": "Outer",
                                              "Parallel Aware": false,
                                              "Async Capable": false,
                                              "Relation Name": "nation",
                                              "Alias": "n1",
                                              "Startup Cost": 0.0,
                                              "Total Cost": 1.25,
                                              "Plan Rows": 25,
                                              "Plan Width": 8,
                                              "parent": 20,
                                              "ID": 21
                                            },
                                            {
                                              "Node Type": "Hash",
                                              "Parent Relationship": "Inner",
                                              "Parallel Aware": false,
                                              "Async Capable": false,
                                              "Startup Cost": 1.06,
                                              "Total Cost": 1.06,
                                              "Plan Rows": 1,
                                              "Plan Width": 4,
                                              "Plans": [
                                                {
                                                  "Node Type": "Seq Scan",
                                                  "Parent Relationship": "Outer",
                                                  "Parallel Aware": false,
                                                  "Async Capable": false,
                                                  "Relation Name": "region",
                                                  "Alias": "region",
                                                  "Startup Cost": 0.0,
                                                  "Total Cost": 1.06,
                                                  "Plan Rows": 1,
                                                  "Plan Width": 4,
                                                  "Filter": "(r_name = 'MIDDLE EAST'::bpchar)",
                                                  "parent": 22,
                                                  "ID": 23
                                                }
                                              ],
                                              "parent": 20,
                                              "ID": 22,
                                              "left": 23
                                            }
                                          ],
                                          "parent": 19,
                                          "ID": 20,
                                          "left": 21,
                                          "right": 22
                                        }
                                      ],
                                      "parent": 8,
                                      "ID": 19,
                                      "left": 20
                                    }
                                  ],
                                  "parent": 7,
                                  "ID": 8,
                                  "left": 9,
                                  "right": 19
                                }
                              ],
                              "parent": 5,
                              "ID": 7,
                              "left": 8
                            }
                          ],
                          "parent": 4,
                          "ID": 5,
                          "left": 6,
                          "right": 7
                        },
                        {
                          "Node Type": "Hash",
                          "Parent Relationship": "Inner",
                          "Parallel Aware": false,
                          "Async Capable": false,
                          "Startup Cost": 1.25,
                          "Total Cost": 1.25,
                          "Plan Rows": 25,
                          "Plan Width": 30,
                          "Plans": [
                            {
                              "Node Type": "Seq Scan",
                              "Parent Relationship": "Outer",
                              "Parallel Aware": false,
                              "Async Capable": false,
                              "Relation Name": "nation",
                              "Alias": "n2",
                              "Startup Cost": 0.0,
                              "Total Cost": 1.25,
                              "Plan Rows": 25,
                              "Plan Width": 30,
                              "parent": 24,
                              "ID": 25
                            }
                          ],
                          "parent": 4,
                          "ID": 24,
                          "left": 25
                        }
                      ],
                      "parent": 3,
                      "ID": 4,
                      "left": 5,
                      "right": 24
                    }
                  ],
                  "parent": 2,
                  "ID": 3,
                  "left": 4
                }
              ],
              "parent": 1,
              "ID": 2,
              "left": 3
            }
          ],
          "parent": 0,
          "ID": 1,
          "left": 2
        }
      ],
      "parent": null,
      "ID": 0,
      "left": 1
    },
    "feat": {
      "utility": 6.380921020918737e-07,
      "query_shape": [
        [
          "Seq Scan",
          "Hash Join",
          "Sort",
          "Aggregate",
          "Gather Merge"
        ],
        [
          "Seq Scan",
          "Hash Join",
          "Hash",
          "Sort",
          "Aggregate",
          "Gather Merge"
        ],
        [
          "Seq Scan",
          "Hash Join",
          "Hash",
          "Sort",
          "Aggregate",
          "Gather Merge"
        ],
        [
          "Seq Scan",
          "Hash Join",
          "Hash",
          "Sort",
          "Aggregate",
          "Gather Merge"
        ],
        [
          "Seq Scan",
          "Hash",
          "Hash Join",
          "Sort",
          "Aggregate",
          "Gather Merge"
        ],
        [
          "Seq Scan",
          "Hash Join",
          "Hash",
          "Sort",
          "Aggregate",
          "Gather Merge"
        ],
        [
          "Seq Scan",
          "Hash",
          "Hash Join",
          "Sort",
          "Aggregate",
          "Gather Merge"
        ],
        [
          "Seq Scan",
          "Hash",
          "Hash Join",
          "Sort",
          "Aggregate",
          "Gather Merge"
        ]
      ],
      "index_shape": [
        "join"
      ],
      "physical_operator": {
        "Hash Join": [
          0.0012649596394501718
        ]
      }
    }
  },
  {
    "query": "-- Functional Query Definition\n-- Approved February 1998\n\n\nselect\no_year,\nsum(case\nwhen nation = 'SAUDI ARABIA' then volume\nelse 0\nend) / sum(volume) as mkt_share\nfrom\n(\nselect\nextract(year from o_orderdate) as o_year,\nl_extendedprice * (1 - l_discount) as volume,\nn2.n_name as nation\nfrom\npart,\nsupplier,\nlineitem,\norders,\ncustomer,\nnation n1,\nnation n2,\nregion\nwhere\np_partkey = l_partkey\nand s_suppkey = l_suppkey\nand l_orderkey = o_orderkey\nand o_custkey = c_custkey\nand c_nationkey = n1.n_nationkey\nand n1.n_regionkey = r_regionkey\nand r_name = 'MIDDLE EAST'\nand s_nationkey = n2.n_nationkey\nand o_orderdate between date '1995-01-01' and date '1996-12-31'\nand p_type = 'LARGE PLATED COPPER'\n) as all_nations\ngroup by\no_year\norder by\no_year ;\n-- $ID$\n-- TPC-H/TPC-R Product Type Profit Measure ",
    "indexes": "orders.o_orderdate",
    "wo plan est": {
      "Node Type": "Aggregate",
      "Strategy": "Sorted",
      "Partial Mode": "Finalize",
      "Parallel Aware": false,
      "Async Capable": false,
      "Startup Cost": 1955785.01,
      "Total Cost": 1956486.84,
      "Plan Rows": 2406,
      "Plan Width": 64,
      "Group Key": [
        "(EXTRACT(year FROM orders.o_orderdate))"
      ],
      "Plans": [
        {
          "Node Type": "Gather Merge",
          "Parent Relationship": "Outer",
          "Parallel Aware": false,
          "Async Capable": false,
          "Startup Cost": 1955785.01,
          "Total Cost": 1956408.65,
          "Plan Rows": 2406,
          "Plan Width": 96,
          "Workers Planned": 1,
          "Plans": [
            {
              "Node Type": "Aggregate",
              "Strategy": "Sorted",
              "Partial Mode": "Partial",
              "Parent Relationship": "Outer",
              "Parallel Aware": false,
              "Async Capable": false,
              "Startup Cost": 1954785.0,
              "Total Cost": 1955137.96,
              "Plan Rows": 2406,
              "Plan Width": 96,
              "Group Key": [
                "(EXTRACT(year FROM orders.o_orderdate))"
              ],
              "Plans": [
                {
                  "Node Type": "Sort",
                  "Parent Relationship": "Outer",
                  "Parallel Aware": false,
                  "Async Capable": false,
                  "Startup Cost": 1954785.0,
                  "Total Cost": 1954819.54,
                  "Plan Rows": 13816,
                  "Plan Width": 70,
                  "Sort Key": [
                    "(EXTRACT(year FROM orders.o_orderdate))"
                  ],
                  "Plans": [
                    {
                      "Node Type": "Hash Join",
                      "Parent Relationship": "Outer",
                      "Parallel Aware": false,
                      "Async Capable": false,
                      "Join Type": "Inner",
                      "Startup Cost": 1950527.96,
                      "Total Cost": 1953834.87,
                      "Plan Rows": 13816,
                      "Plan Width": 70,
                      "Inner Unique": false,
                      "Hash Cond": "(supplier.s_nationkey = n2.n_nationkey)",
                      "Plans": [
                        {
                          "Node Type": "Hash Join",
                          "Parent Relationship": "Outer",
                          "Parallel Aware": true,
                          "Async Capable": false,
                          "Join Type": "Inner",
                          "Startup Cost": 1950526.4,
                          "Total Cost": 1953608.79,
                          "Plan Rows": 13816,
                          "Plan Width": 20,
                          "Inner Unique": false,
                          "Hash Cond": "(supplier.s_suppkey = lineitem.l_suppkey)",
                          "Plans": [
                            {
                              "Node Type": "Seq Scan",
                              "Parent Relationship": "Outer",
                              "Parallel Aware": true,
                              "Async Capable": false,
                              "Relation Name": "supplier",
                              "Alias": "supplier",
                              "Startup Cost": 0.0,
                              "Total Cost": 2804.24,
                              "Plan Rows": 58824,
                              "Plan Width": 8,
                              "parent": 5,
                              "ID": 6
                            },
                            {
                              "Node Type": "Hash",
                              "Parent Relationship": "Inner",
                              "Parallel Aware": true,
                              "Async Capable": false,
                              "Startup Cost": 1950404.06,
                              "Total Cost": 1950404.06,
                              "Plan Rows": 9787,
                              "Plan Width": 20,
                              "Plans": [
                                {
                                  "Node Type": "Hash Join",
                                  "Parent Relationship": "Outer",
                                  "Parallel Aware": false,
                                  "Async Capable": false,
                                  "Join Type": "Inner",
                                  "Startup Cost": 1905498.74,
                                  "Total Cost": 1950404.06,
                                  "Plan Rows": 9787,
                                  "Plan Width": 20,
                                  "Inner Unique": false,
                                  "Hash Cond": "(customer.c_nationkey = n1.n_nationkey)",
                                  "Plans": [
                                    {
                                      "Node Type": "Hash Join",
                                      "Parent Relationship": "Outer",
                                      "Parallel Aware": true,
                                      "Async Capable": false,
                                      "Join Type": "Inner",
                                      "Startup Cost": 1905496.2,
                                      "Total Cost": 1950120.18,
                                      "Plan Rows": 48932,
                                      "Plan Width": 24,
                                      "Inner Unique": false,
                                      "Hash Cond": "(customer.c_custkey = orders.o_custkey)",
                                      "Plans": [
                                        {
                                          "Node Type": "Seq Scan",
                                          "Parent Relationship": "Outer",
                                          "Parallel Aware": true,
                                          "Async Capable": false,
                                          "Relation Name": "customer",
                                          "Alias": "customer",
                                          "Startup Cost": 0.0,
                                          "Total Cost": 42076.52,
                                          "Plan Rows": 624952,
                                          "Plan Width": 8,
                                          "parent": 9,
                                          "ID": 10
                                        },
                                        {
                                          "Node Type": "Hash",
                                          "Parent Relationship": "Inner",
                                          "Parallel Aware": true,
                                          "Async Capable": false,
                                          "Startup Cost": 1904884.55,
                                          "Total Cost": 1904884.55,
                                          "Plan Rows": 48932,
                                          "Plan Width": 24,
                                          "Plans": [
                                            {
                                              "Node Type": "Hash Join",
                                              "Parent Relationship": "Outer",
                                              "Parallel Aware": true,
                                              "Async Capable": false,
                                              "Join Type": "Inner",
                                              "Startup Cost": 1523283.11,
                                              "Total Cost": 1904884.55,
                                              "Plan Rows": 48932,
                                              "Plan Width": 24,
                                              "Inner Unique": false,
                                              "Hash Cond": "(orders.o_orderkey = lineitem.l_orderkey)",
                                              "Plans": [
                                                {
                                                  "Node Type": "Seq Scan",
                                                  "Parent Relationship": "Outer",
                                                  "Parallel Aware": true,
                                                  "Async Capable": false,
                                                  "Relation Name": "orders",
                                                  "Alias": "orders",
                                                  "Startup Cost": 0.0,
                                                  "Total Cost": 354655.56,
                                                  "Plan Rows": 1909064,
                                                  "Plan Width": 12,
                                                  "Filter": "((o_orderdate >= '1995-01-01'::date) AND (o_orderdate <= '1996-12-31'::date))",
                                                  "parent": 12,
                                                  "ID": 13
                                                },
                                                {
                                                  "Node Type": "Hash",
                                                  "Parent Relationship": "Inner",
                                                  "Parallel Aware": true,
                                                  "Async Capable": false,
                                                  "Startup Cost": 1520341.76,
                                                  "Total Cost": 1520341.76,
                                                  "Plan Rows": 160188,
                                                  "Plan Width": 20,
                                                  "Plans": [
                                                    {
                                                      "Node Type": "Hash Join",
                                                      "Parent Relationship": "Outer",
                                                      "Parallel Aware": true,
                                                      "Async Capable": false,
                                                      "Join Type": "Inner",
                                                      "Startup Cost": 51447.53,
                                                      "Total Cost": 1520341.76,
                                                      "Plan Rows": 160188,
                                                      "Plan Width": 20,
                                                      "Inner Unique": false,
                                                      "Hash Cond": "(lineitem.l_partkey = part.p_partkey)",
                                                      "Plans": [
                                                        {
                                                          "Node Type": "Seq Scan",
                                                          "Parent Relationship": "Outer",
                                                          "Parallel Aware": true,
                                                          "Async Capable": false,
                                                          "Relation Name": "lineitem",
                                                          "Alias": "lineitem",
                                                          "Startup Cost": 0.0,
                                                          "Total Cost": 1374494.57,
                                                          "Plan Rows": 24995257,
                                                          "Plan Width": 24,
                                                          "parent": 15,
                                                          "ID": 16
                                                        },
                                                        {
                                                          "Node Type": "Hash",
                                                          "Parent Relationship": "Inner",
                                                          "Parallel Aware": true,
                                                          "Async Capable": false,
                                                          "Startup Cost": 51378.28,
                                                          "Total Cost": 51378.28,
                                                          "Plan Rows": 5540,
                                                          "Plan Width": 4,
                                                          "Plans": [
                                                            {
                                                              "Node Type": "Seq Scan",
                                                              "Parent Relationship": "Outer",
                                                              "Parallel Aware": true,
                                                              "Async Capable": false,
                                                              "Relation Name": "part",
                                                              "Alias": "part",
                                                              "Startup Cost": 0.0,
                                                              "Total Cost": 51378.28,
                                                              "Plan Rows": 5540,
                                                              "Plan Width": 4,
                                                              "Filter": "((p_type)::text = 'LARGE PLATED COPPER'::text)",
                                                              "parent": 17,
                                                              "ID": 18
                                                            }
                                                          ],
                                                          "parent": 15,
                                                          "ID": 17,
                                                          "left": 18
                                                        }
                                                      ],
                                                      "parent": 14,
                                                      "ID": 15,
                                                      "left": 16,
                                                      "right": 17
                                                    }
                                                  ],
                                                  "parent": 12,
                                                  "ID": 14,
                                                  "left": 15
                                                }
                                              ],
                                              "parent": 11,
                                              "ID": 12,
                                              "left": 13,
                                              "right": 14
                                            }
                                          ],
                                          "parent": 9,
                                          "ID": 11,
                                          "left": 12
                                        }
                                      ],
                                      "parent": 8,
                                      "ID": 9,
                                      "left": 10,
                                      "right": 11
                                    },
                                    {
                                      "Node Type": "Hash",
                                      "Parent Relationship": "Inner",
                                      "Parallel Aware": false,
                                      "Async Capable": false,
                                      "Startup Cost": 2.47,
                                      "Total Cost": 2.47,
                                      "Plan Rows": 5,
                                      "Plan Width": 4,
                                      "Plans": [
                                        {
                                          "Node Type": "Hash Join",
                                          "Parent Relationship": "Outer",
                                          "Parallel Aware": false,
                                          "Async Capable": false,
                                          "Join Type": "Inner",
                                          "Startup Cost": 1.07,
                                          "Total Cost": 2.47,
                                          "Plan Rows": 5,
                                          "Plan Width": 4,
                                          "Inner Unique": false,
                                          "Hash Cond": "(n1.n_regionkey = region.r_regionkey)",
                                          "Plans": [
                                            {
                                              "Node Type": "Seq Scan",
                                              "Parent Relationship": "Outer",
                                              "Parallel Aware": false,
                                              "Async Capable": false,
                                              "Relation Name": "nation",
                                              "Alias": "n1",
                                              "Startup Cost": 0.0,
                                              "Total Cost": 1.25,
                                              "Plan Rows": 25,
                                              "Plan Width": 8,
                                              "parent": 20,
                                              "ID": 21
                                            },
                                            {
                                              "Node Type": "Hash",
                                              "Parent Relationship": "Inner",
                                              "Parallel Aware": false,
                                              "Async Capable": false,
                                              "Startup Cost": 1.06,
                                              "Total Cost": 1.06,
                                              "Plan Rows": 1,
                                              "Plan Width": 4,
                                              "Plans": [
                                                {
                                                  "Node Type": "Seq Scan",
                                                  "Parent Relationship": "Outer",
                                                  "Parallel Aware": false,
                                                  "Async Capable": false,
                                                  "Relation Name": "region",
                                                  "Alias": "region",
                                                  "Startup Cost": 0.0,
                                                  "Total Cost": 1.06,
                                                  "Plan Rows": 1,
                                                  "Plan Width": 4,
                                                  "Filter": "(r_name = 'MIDDLE EAST'::bpchar)",
                                                  "parent": 22,
                                                  "ID": 23
                                                }
                                              ],
                                              "parent": 20,
                                              "ID": 22,
                                              "left": 23
                                            }
                                          ],
                                          "parent": 19,
                                          "ID": 20,
                                          "left": 21,
                                          "right": 22
                                        }
                                      ],
                                      "parent": 8,
                                      "ID": 19,
                                      "left": 20
                                    }
                                  ],
                                  "parent": 7,
                                  "ID": 8,
                                  "left": 9,
                                  "right": 19
                                }
                              ],
                              "parent": 5,
                              "ID": 7,
                              "left": 8
                            }
                          ],
                          "parent": 4,
                          "ID": 5,
                          "left": 6,
                          "right": 7
                        },
                        {
                          "Node Type": "Hash",
                          "Parent Relationship": "Inner",
                          "Parallel Aware": false,
                          "Async Capable": false,
                          "Startup Cost": 1.25,
                          "Total Cost": 1.25,
                          "Plan Rows": 25,
                          "Plan Width": 30,
                          "Plans": [
                            {
                              "Node Type": "Seq Scan",
                              "Parent Relationship": "Outer",
                              "Parallel Aware": false,
                              "Async Capable": false,
                              "Relation Name": "nation",
                              "Alias": "n2",
                              "Startup Cost": 0.0,
                              "Total Cost": 1.25,
                              "Plan Rows": 25,
                              "Plan Width": 30,
                              "parent": 24,
                              "ID": 25
                            }
                          ],
                          "parent": 4,
                          "ID": 24,
                          "left": 25
                        }
                      ],
                      "parent": 3,
                      "ID": 4,
                      "left": 5,
                      "right": 24
                    }
                  ],
                  "parent": 2,
                  "ID": 3,
                  "left": 4
                }
              ],
              "parent": 1,
              "ID": 2,
              "left": 3
            }
          ],
          "parent": 0,
          "ID": 1,
          "left": 2
        }
      ],
      "parent": null,
      "ID": 0,
      "left": 1
    },
    "feat": {
      "utility": 0.17550397832818337,
      "query_shape": [
        [
          "Seq Scan",
          "Hash Join",
          "Sort",
          "Aggregate",
          "Gather Merge"
        ],
        [
          "Seq Scan",
          "Hash Join",
          "Hash",
          "Sort",
          "Aggregate",
          "Gather Merge"
        ],
        [
          "Seq Scan",
          "Hash Join",
          "Hash",
          "Sort",
          "Aggregate",
          "Gather Merge"
        ],
        [
          "Seq Scan",
          "Hash Join",
          "Hash",
          "Sort",
          "Aggregate",
          "Gather Merge"
        ],
        [
          "Seq Scan",
          "Hash",
          "Hash Join",
          "Sort",
          "Aggregate",
          "Gather Merge"
        ],
        [
          "Seq Scan",
          "Hash Join",
          "Hash",
          "Sort",
          "Aggregate",
          "Gather Merge"
        ],
        [
          "Seq Scan",
          "Hash",
          "Hash Join",
          "Sort",
          "Aggregate",
          "Gather Merge"
        ],
        [
          "Seq Scan",
          "Hash",
          "Hash Join",
          "Sort",
          "Aggregate",
          "Gather Merge"
        ]
      ],
      "index_shape": [
        "selection"
      ],
      "physical_operator": {
        "Seq Scan": [
          0.031817733333333376
        ],
        "Sort": [
          "[0. 0. 0. 0. 0. 0. 0. 0. 0. 0. 0. 0. 0. 0. 0. 0. 0. 0. 0. 0. 0. 0. 0. 0.\n 0. 0. 0. 0. 0. 0. 0. 0. 0. 0. 0. 0. 0. 0. 0. 0. 0. 0. 0. 0. 0. 0. 0. 0.\n 0. 0. 0.]"
        ],
        "Aggregate": [
          "[0. 0. 0. 0. 0. 0. 0. 0. 0. 0. 0. 0. 0. 0. 0. 0. 0. 0. 0. 0. 0. 0. 0. 0.\n 0. 0. 0. 0. 0. 0. 0. 0. 0. 0. 0. 0. 0. 0. 0. 0. 0. 0. 0. 0. 0. 0. 0. 0.\n 0. 0. 0.]",
          "[0. 0. 0. 0. 0. 0. 0. 0. 0. 0. 0. 0. 0. 0. 0. 0. 0. 0. 0. 0. 0. 0. 0. 0.\n 0. 0. 0. 0. 0. 0. 0. 0. 0. 0. 0. 0. 0. 0. 0. 0. 0. 0. 0. 0. 0. 0. 0. 0.\n 0. 0. 0.]"
        ]
      }
    }
  },
  {
    "query": "-- Functional Query Definition\n-- Approved February 1998\n\n\nselect\no_year,\nsum(case\nwhen nation = 'SAUDI ARABIA' then volume\nelse 0\nend) / sum(volume) as mkt_share\nfrom\n(\nselect\nextract(year from o_orderdate) as o_year,\nl_extendedprice * (1 - l_discount) as volume,\nn2.n_name as nation\nfrom\npart,\nsupplier,\nlineitem,\norders,\ncustomer,\nnation n1,\nnation n2,\nregion\nwhere\np_partkey = l_partkey\nand s_suppkey = l_suppkey\nand l_orderkey = o_orderkey\nand o_custkey = c_custkey\nand c_nationkey = n1.n_nationkey\nand n1.n_regionkey = r_regionkey\nand r_name = 'MIDDLE EAST'\nand s_nationkey = n2.n_nationkey\nand o_orderdate between date '1995-01-01' and date '1996-12-31'\nand p_type = 'LARGE PLATED COPPER'\n) as all_nations\ngroup by\no_year\norder by\no_year ;\n-- $ID$\n-- TPC-H/TPC-R Product Type Profit Measure ",
    "indexes": "part.p_partkey",
    "wo plan est": {
      "Node Type": "Aggregate",
      "Strategy": "Sorted",
      "Partial Mode": "Finalize",
      "Parallel Aware": false,
      "Async Capable": false,
      "Startup Cost": 1955785.01,
      "Total Cost": 1956486.84,
      "Plan Rows": 2406,
      "Plan Width": 64,
      "Group Key": [
        "(EXTRACT(year FROM orders.o_orderdate))"
      ],
      "Plans": [
        {
          "Node Type": "Gather Merge",
          "Parent Relationship": "Outer",
          "Parallel Aware": false,
          "Async Capable": false,
          "Startup Cost": 1955785.01,
          "Total Cost": 1956408.65,
          "Plan Rows": 2406,
          "Plan Width": 96,
          "Workers Planned": 1,
          "Plans": [
            {
              "Node Type": "Aggregate",
              "Strategy": "Sorted",
              "Partial Mode": "Partial",
              "Parent Relationship": "Outer",
              "Parallel Aware": false,
              "Async Capable": false,
              "Startup Cost": 1954785.0,
              "Total Cost": 1955137.96,
              "Plan Rows": 2406,
              "Plan Width": 96,
              "Group Key": [
                "(EXTRACT(year FROM orders.o_orderdate))"
              ],
              "Plans": [
                {
                  "Node Type": "Sort",
                  "Parent Relationship": "Outer",
                  "Parallel Aware": false,
                  "Async Capable": false,
                  "Startup Cost": 1954785.0,
                  "Total Cost": 1954819.54,
                  "Plan Rows": 13816,
                  "Plan Width": 70,
                  "Sort Key": [
                    "(EXTRACT(year FROM orders.o_orderdate))"
                  ],
                  "Plans": [
                    {
                      "Node Type": "Hash Join",
                      "Parent Relationship": "Outer",
                      "Parallel Aware": false,
                      "Async Capable": false,
                      "Join Type": "Inner",
                      "Startup Cost": 1950527.96,
                      "Total Cost": 1953834.87,
                      "Plan Rows": 13816,
                      "Plan Width": 70,
                      "Inner Unique": false,
                      "Hash Cond": "(supplier.s_nationkey = n2.n_nationkey)",
                      "Plans": [
                        {
                          "Node Type": "Hash Join",
                          "Parent Relationship": "Outer",
                          "Parallel Aware": true,
                          "Async Capable": false,
                          "Join Type": "Inner",
                          "Startup Cost": 1950526.4,
                          "Total Cost": 1953608.79,
                          "Plan Rows": 13816,
                          "Plan Width": 20,
                          "Inner Unique": false,
                          "Hash Cond": "(supplier.s_suppkey = lineitem.l_suppkey)",
                          "Plans": [
                            {
                              "Node Type": "Seq Scan",
                              "Parent Relationship": "Outer",
                              "Parallel Aware": true,
                              "Async Capable": false,
                              "Relation Name": "supplier",
                              "Alias": "supplier",
                              "Startup Cost": 0.0,
                              "Total Cost": 2804.24,
                              "Plan Rows": 58824,
                              "Plan Width": 8,
                              "parent": 5,
                              "ID": 6
                            },
                            {
                              "Node Type": "Hash",
                              "Parent Relationship": "Inner",
                              "Parallel Aware": true,
                              "Async Capable": false,
                              "Startup Cost": 1950404.06,
                              "Total Cost": 1950404.06,
                              "Plan Rows": 9787,
                              "Plan Width": 20,
                              "Plans": [
                                {
                                  "Node Type": "Hash Join",
                                  "Parent Relationship": "Outer",
                                  "Parallel Aware": false,
                                  "Async Capable": false,
                                  "Join Type": "Inner",
                                  "Startup Cost": 1905498.74,
                                  "Total Cost": 1950404.06,
                                  "Plan Rows": 9787,
                                  "Plan Width": 20,
                                  "Inner Unique": false,
                                  "Hash Cond": "(customer.c_nationkey = n1.n_nationkey)",
                                  "Plans": [
                                    {
                                      "Node Type": "Hash Join",
                                      "Parent Relationship": "Outer",
                                      "Parallel Aware": true,
                                      "Async Capable": false,
                                      "Join Type": "Inner",
                                      "Startup Cost": 1905496.2,
                                      "Total Cost": 1950120.18,
                                      "Plan Rows": 48932,
                                      "Plan Width": 24,
                                      "Inner Unique": false,
                                      "Hash Cond": "(customer.c_custkey = orders.o_custkey)",
                                      "Plans": [
                                        {
                                          "Node Type": "Seq Scan",
                                          "Parent Relationship": "Outer",
                                          "Parallel Aware": true,
                                          "Async Capable": false,
                                          "Relation Name": "customer",
                                          "Alias": "customer",
                                          "Startup Cost": 0.0,
                                          "Total Cost": 42076.52,
                                          "Plan Rows": 624952,
                                          "Plan Width": 8,
                                          "parent": 9,
                                          "ID": 10
                                        },
                                        {
                                          "Node Type": "Hash",
                                          "Parent Relationship": "Inner",
                                          "Parallel Aware": true,
                                          "Async Capable": false,
                                          "Startup Cost": 1904884.55,
                                          "Total Cost": 1904884.55,
                                          "Plan Rows": 48932,
                                          "Plan Width": 24,
                                          "Plans": [
                                            {
                                              "Node Type": "Hash Join",
                                              "Parent Relationship": "Outer",
                                              "Parallel Aware": true,
                                              "Async Capable": false,
                                              "Join Type": "Inner",
                                              "Startup Cost": 1523283.11,
                                              "Total Cost": 1904884.55,
                                              "Plan Rows": 48932,
                                              "Plan Width": 24,
                                              "Inner Unique": false,
                                              "Hash Cond": "(orders.o_orderkey = lineitem.l_orderkey)",
                                              "Plans": [
                                                {
                                                  "Node Type": "Seq Scan",
                                                  "Parent Relationship": "Outer",
                                                  "Parallel Aware": true,
                                                  "Async Capable": false,
                                                  "Relation Name": "orders",
                                                  "Alias": "orders",
                                                  "Startup Cost": 0.0,
                                                  "Total Cost": 354655.56,
                                                  "Plan Rows": 1909064,
                                                  "Plan Width": 12,
                                                  "Filter": "((o_orderdate >= '1995-01-01'::date) AND (o_orderdate <= '1996-12-31'::date))",
                                                  "parent": 12,
                                                  "ID": 13
                                                },
                                                {
                                                  "Node Type": "Hash",
                                                  "Parent Relationship": "Inner",
                                                  "Parallel Aware": true,
                                                  "Async Capable": false,
                                                  "Startup Cost": 1520341.76,
                                                  "Total Cost": 1520341.76,
                                                  "Plan Rows": 160188,
                                                  "Plan Width": 20,
                                                  "Plans": [
                                                    {
                                                      "Node Type": "Hash Join",
                                                      "Parent Relationship": "Outer",
                                                      "Parallel Aware": true,
                                                      "Async Capable": false,
                                                      "Join Type": "Inner",
                                                      "Startup Cost": 51447.53,
                                                      "Total Cost": 1520341.76,
                                                      "Plan Rows": 160188,
                                                      "Plan Width": 20,
                                                      "Inner Unique": false,
                                                      "Hash Cond": "(lineitem.l_partkey = part.p_partkey)",
                                                      "Plans": [
                                                        {
                                                          "Node Type": "Seq Scan",
                                                          "Parent Relationship": "Outer",
                                                          "Parallel Aware": true,
                                                          "Async Capable": false,
                                                          "Relation Name": "lineitem",
                                                          "Alias": "lineitem",
                                                          "Startup Cost": 0.0,
                                                          "Total Cost": 1374494.57,
                                                          "Plan Rows": 24995257,
                                                          "Plan Width": 24,
                                                          "parent": 15,
                                                          "ID": 16
                                                        },
                                                        {
                                                          "Node Type": "Hash",
                                                          "Parent Relationship": "Inner",
                                                          "Parallel Aware": true,
                                                          "Async Capable": false,
                                                          "Startup Cost": 51378.28,
                                                          "Total Cost": 51378.28,
                                                          "Plan Rows": 5540,
                                                          "Plan Width": 4,
                                                          "Plans": [
                                                            {
                                                              "Node Type": "Seq Scan",
                                                              "Parent Relationship": "Outer",
                                                              "Parallel Aware": true,
                                                              "Async Capable": false,
                                                              "Relation Name": "part",
                                                              "Alias": "part",
                                                              "Startup Cost": 0.0,
                                                              "Total Cost": 51378.28,
                                                              "Plan Rows": 5540,
                                                              "Plan Width": 4,
                                                              "Filter": "((p_type)::text = 'LARGE PLATED COPPER'::text)",
                                                              "parent": 17,
                                                              "ID": 18
                                                            }
                                                          ],
                                                          "parent": 15,
                                                          "ID": 17,
                                                          "left": 18
                                                        }
                                                      ],
                                                      "parent": 14,
                                                      "ID": 15,
                                                      "left": 16,
                                                      "right": 17
                                                    }
                                                  ],
                                                  "parent": 12,
                                                  "ID": 14,
                                                  "left": 15
                                                }
                                              ],
                                              "parent": 11,
                                              "ID": 12,
                                              "left": 13,
                                              "right": 14
                                            }
                                          ],
                                          "parent": 9,
                                          "ID": 11,
                                          "left": 12
                                        }
                                      ],
                                      "parent": 8,
                                      "ID": 9,
                                      "left": 10,
                                      "right": 11
                                    },
                                    {
                                      "Node Type": "Hash",
                                      "Parent Relationship": "Inner",
                                      "Parallel Aware": false,
                                      "Async Capable": false,
                                      "Startup Cost": 2.47,
                                      "Total Cost": 2.47,
                                      "Plan Rows": 5,
                                      "Plan Width": 4,
                                      "Plans": [
                                        {
                                          "Node Type": "Hash Join",
                                          "Parent Relationship": "Outer",
                                          "Parallel Aware": false,
                                          "Async Capable": false,
                                          "Join Type": "Inner",
                                          "Startup Cost": 1.07,
                                          "Total Cost": 2.47,
                                          "Plan Rows": 5,
                                          "Plan Width": 4,
                                          "Inner Unique": false,
                                          "Hash Cond": "(n1.n_regionkey = region.r_regionkey)",
                                          "Plans": [
                                            {
                                              "Node Type": "Seq Scan",
                                              "Parent Relationship": "Outer",
                                              "Parallel Aware": false,
                                              "Async Capable": false,
                                              "Relation Name": "nation",
                                              "Alias": "n1",
                                              "Startup Cost": 0.0,
                                              "Total Cost": 1.25,
                                              "Plan Rows": 25,
                                              "Plan Width": 8,
                                              "parent": 20,
                                              "ID": 21
                                            },
                                            {
                                              "Node Type": "Hash",
                                              "Parent Relationship": "Inner",
                                              "Parallel Aware": false,
                                              "Async Capable": false,
                                              "Startup Cost": 1.06,
                                              "Total Cost": 1.06,
                                              "Plan Rows": 1,
                                              "Plan Width": 4,
                                              "Plans": [
                                                {
                                                  "Node Type": "Seq Scan",
                                                  "Parent Relationship": "Outer",
                                                  "Parallel Aware": false,
                                                  "Async Capable": false,
                                                  "Relation Name": "region",
                                                  "Alias": "region",
                                                  "Startup Cost": 0.0,
                                                  "Total Cost": 1.06,
                                                  "Plan Rows": 1,
                                                  "Plan Width": 4,
                                                  "Filter": "(r_name = 'MIDDLE EAST'::bpchar)",
                                                  "parent": 22,
                                                  "ID": 23
                                                }
                                              ],
                                              "parent": 20,
                                              "ID": 22,
                                              "left": 23
                                            }
                                          ],
                                          "parent": 19,
                                          "ID": 20,
                                          "left": 21,
                                          "right": 22
                                        }
                                      ],
                                      "parent": 8,
                                      "ID": 19,
                                      "left": 20
                                    }
                                  ],
                                  "parent": 7,
                                  "ID": 8,
                                  "left": 9,
                                  "right": 19
                                }
                              ],
                              "parent": 5,
                              "ID": 7,
                              "left": 8
                            }
                          ],
                          "parent": 4,
                          "ID": 5,
                          "left": 6,
                          "right": 7
                        },
                        {
                          "Node Type": "Hash",
                          "Parent Relationship": "Inner",
                          "Parallel Aware": false,
                          "Async Capable": false,
                          "Startup Cost": 1.25,
                          "Total Cost": 1.25,
                          "Plan Rows": 25,
                          "Plan Width": 30,
                          "Plans": [
                            {
                              "Node Type": "Seq Scan",
                              "Parent Relationship": "Outer",
                              "Parallel Aware": false,
                              "Async Capable": false,
                              "Relation Name": "nation",
                              "Alias": "n2",
                              "Startup Cost": 0.0,
                              "Total Cost": 1.25,
                              "Plan Rows": 25,
                              "Plan Width": 30,
                              "parent": 24,
                              "ID": 25
                            }
                          ],
                          "parent": 4,
                          "ID": 24,
                          "left": 25
                        }
                      ],
                      "parent": 3,
                      "ID": 4,
                      "left": 5,
                      "right": 24
                    }
                  ],
                  "parent": 2,
                  "ID": 3,
                  "left": 4
                }
              ],
              "parent": 1,
              "ID": 2,
              "left": 3
            }
          ],
          "parent": 0,
          "ID": 1,
          "left": 2
        }
      ],
      "parent": null,
      "ID": 0,
      "left": 1
    },
    "feat": {
      "utility": 6.382131148580048e-07,
      "query_shape": [
        [
          "Seq Scan",
          "Hash Join",
          "Sort",
          "Aggregate",
          "Gather Merge"
        ],
        [
          "Seq Scan",
          "Hash Join",
          "Hash",
          "Sort",
          "Aggregate",
          "Gather Merge"
        ],
        [
          "Seq Scan",
          "Hash Join",
          "Hash",
          "Sort",
          "Aggregate",
          "Gather Merge"
        ],
        [
          "Seq Scan",
          "Hash Join",
          "Hash",
          "Sort",
          "Aggregate",
          "Gather Merge"
        ],
        [
          "Seq Scan",
          "Hash",
          "Hash Join",
          "Sort",
          "Aggregate",
          "Gather Merge"
        ],
        [
          "Seq Scan",
          "Hash Join",
          "Hash",
          "Sort",
          "Aggregate",
          "Gather Merge"
        ],
        [
          "Seq Scan",
          "Hash",
          "Hash Join",
          "Sort",
          "Aggregate",
          "Gather Merge"
        ],
        [
          "Seq Scan",
          "Hash",
          "Hash Join",
          "Sort",
          "Aggregate",
          "Gather Merge"
        ]
      ],
      "index_shape": [
        "join"
      ],
      "physical_operator": {
        "Hash Join": [
          0.0010755517319240547
        ]
      }
    }
  },
  {
    "query": "-- Functional Query Definition\n-- Approved February 1998\n\n\nselect\no_year,\nsum(case\nwhen nation = 'SAUDI ARABIA' then volume\nelse 0\nend) / sum(volume) as mkt_share\nfrom\n(\nselect\nextract(year from o_orderdate) as o_year,\nl_extendedprice * (1 - l_discount) as volume,\nn2.n_name as nation\nfrom\npart,\nsupplier,\nlineitem,\norders,\ncustomer,\nnation n1,\nnation n2,\nregion\nwhere\np_partkey = l_partkey\nand s_suppkey = l_suppkey\nand l_orderkey = o_orderkey\nand o_custkey = c_custkey\nand c_nationkey = n1.n_nationkey\nand n1.n_regionkey = r_regionkey\nand r_name = 'MIDDLE EAST'\nand s_nationkey = n2.n_nationkey\nand o_orderdate between date '1995-01-01' and date '1996-12-31'\nand p_type = 'LARGE PLATED COPPER'\n) as all_nations\ngroup by\no_year\norder by\no_year ;\n-- $ID$\n-- TPC-H/TPC-R Product Type Profit Measure ",
    "indexes": "part.p_type",
    "wo plan est": {
      "Node Type": "Aggregate",
      "Strategy": "Sorted",
      "Partial Mode": "Finalize",
      "Parallel Aware": false,
      "Async Capable": false,
      "Startup Cost": 1955785.01,
      "Total Cost": 1956486.84,
      "Plan Rows": 2406,
      "Plan Width": 64,
      "Group Key": [
        "(EXTRACT(year FROM orders.o_orderdate))"
      ],
      "Plans": [
        {
          "Node Type": "Gather Merge",
          "Parent Relationship": "Outer",
          "Parallel Aware": false,
          "Async Capable": false,
          "Startup Cost": 1955785.01,
          "Total Cost": 1956408.65,
          "Plan Rows": 2406,
          "Plan Width": 96,
          "Workers Planned": 1,
          "Plans": [
            {
              "Node Type": "Aggregate",
              "Strategy": "Sorted",
              "Partial Mode": "Partial",
              "Parent Relationship": "Outer",
              "Parallel Aware": false,
              "Async Capable": false,
              "Startup Cost": 1954785.0,
              "Total Cost": 1955137.96,
              "Plan Rows": 2406,
              "Plan Width": 96,
              "Group Key": [
                "(EXTRACT(year FROM orders.o_orderdate))"
              ],
              "Plans": [
                {
                  "Node Type": "Sort",
                  "Parent Relationship": "Outer",
                  "Parallel Aware": false,
                  "Async Capable": false,
                  "Startup Cost": 1954785.0,
                  "Total Cost": 1954819.54,
                  "Plan Rows": 13816,
                  "Plan Width": 70,
                  "Sort Key": [
                    "(EXTRACT(year FROM orders.o_orderdate))"
                  ],
                  "Plans": [
                    {
                      "Node Type": "Hash Join",
                      "Parent Relationship": "Outer",
                      "Parallel Aware": false,
                      "Async Capable": false,
                      "Join Type": "Inner",
                      "Startup Cost": 1950527.96,
                      "Total Cost": 1953834.87,
                      "Plan Rows": 13816,
                      "Plan Width": 70,
                      "Inner Unique": false,
                      "Hash Cond": "(supplier.s_nationkey = n2.n_nationkey)",
                      "Plans": [
                        {
                          "Node Type": "Hash Join",
                          "Parent Relationship": "Outer",
                          "Parallel Aware": true,
                          "Async Capable": false,
                          "Join Type": "Inner",
                          "Startup Cost": 1950526.4,
                          "Total Cost": 1953608.79,
                          "Plan Rows": 13816,
                          "Plan Width": 20,
                          "Inner Unique": false,
                          "Hash Cond": "(supplier.s_suppkey = lineitem.l_suppkey)",
                          "Plans": [
                            {
                              "Node Type": "Seq Scan",
                              "Parent Relationship": "Outer",
                              "Parallel Aware": true,
                              "Async Capable": false,
                              "Relation Name": "supplier",
                              "Alias": "supplier",
                              "Startup Cost": 0.0,
                              "Total Cost": 2804.24,
                              "Plan Rows": 58824,
                              "Plan Width": 8,
                              "parent": 5,
                              "ID": 6
                            },
                            {
                              "Node Type": "Hash",
                              "Parent Relationship": "Inner",
                              "Parallel Aware": true,
                              "Async Capable": false,
                              "Startup Cost": 1950404.06,
                              "Total Cost": 1950404.06,
                              "Plan Rows": 9787,
                              "Plan Width": 20,
                              "Plans": [
                                {
                                  "Node Type": "Hash Join",
                                  "Parent Relationship": "Outer",
                                  "Parallel Aware": false,
                                  "Async Capable": false,
                                  "Join Type": "Inner",
                                  "Startup Cost": 1905498.74,
                                  "Total Cost": 1950404.06,
                                  "Plan Rows": 9787,
                                  "Plan Width": 20,
                                  "Inner Unique": false,
                                  "Hash Cond": "(customer.c_nationkey = n1.n_nationkey)",
                                  "Plans": [
                                    {
                                      "Node Type": "Hash Join",
                                      "Parent Relationship": "Outer",
                                      "Parallel Aware": true,
                                      "Async Capable": false,
                                      "Join Type": "Inner",
                                      "Startup Cost": 1905496.2,
                                      "Total Cost": 1950120.18,
                                      "Plan Rows": 48932,
                                      "Plan Width": 24,
                                      "Inner Unique": false,
                                      "Hash Cond": "(customer.c_custkey = orders.o_custkey)",
                                      "Plans": [
                                        {
                                          "Node Type": "Seq Scan",
                                          "Parent Relationship": "Outer",
                                          "Parallel Aware": true,
                                          "Async Capable": false,
                                          "Relation Name": "customer",
                                          "Alias": "customer",
                                          "Startup Cost": 0.0,
                                          "Total Cost": 42076.52,
                                          "Plan Rows": 624952,
                                          "Plan Width": 8,
                                          "parent": 9,
                                          "ID": 10
                                        },
                                        {
                                          "Node Type": "Hash",
                                          "Parent Relationship": "Inner",
                                          "Parallel Aware": true,
                                          "Async Capable": false,
                                          "Startup Cost": 1904884.55,
                                          "Total Cost": 1904884.55,
                                          "Plan Rows": 48932,
                                          "Plan Width": 24,
                                          "Plans": [
                                            {
                                              "Node Type": "Hash Join",
                                              "Parent Relationship": "Outer",
                                              "Parallel Aware": true,
                                              "Async Capable": false,
                                              "Join Type": "Inner",
                                              "Startup Cost": 1523283.11,
                                              "Total Cost": 1904884.55,
                                              "Plan Rows": 48932,
                                              "Plan Width": 24,
                                              "Inner Unique": false,
                                              "Hash Cond": "(orders.o_orderkey = lineitem.l_orderkey)",
                                              "Plans": [
                                                {
                                                  "Node Type": "Seq Scan",
                                                  "Parent Relationship": "Outer",
                                                  "Parallel Aware": true,
                                                  "Async Capable": false,
                                                  "Relation Name": "orders",
                                                  "Alias": "orders",
                                                  "Startup Cost": 0.0,
                                                  "Total Cost": 354655.56,
                                                  "Plan Rows": 1909064,
                                                  "Plan Width": 12,
                                                  "Filter": "((o_orderdate >= '1995-01-01'::date) AND (o_orderdate <= '1996-12-31'::date))",
                                                  "parent": 12,
                                                  "ID": 13
                                                },
                                                {
                                                  "Node Type": "Hash",
                                                  "Parent Relationship": "Inner",
                                                  "Parallel Aware": true,
                                                  "Async Capable": false,
                                                  "Startup Cost": 1520341.76,
                                                  "Total Cost": 1520341.76,
                                                  "Plan Rows": 160188,
                                                  "Plan Width": 20,
                                                  "Plans": [
                                                    {
                                                      "Node Type": "Hash Join",
                                                      "Parent Relationship": "Outer",
                                                      "Parallel Aware": true,
                                                      "Async Capable": false,
                                                      "Join Type": "Inner",
                                                      "Startup Cost": 51447.53,
                                                      "Total Cost": 1520341.76,
                                                      "Plan Rows": 160188,
                                                      "Plan Width": 20,
                                                      "Inner Unique": false,
                                                      "Hash Cond": "(lineitem.l_partkey = part.p_partkey)",
                                                      "Plans": [
                                                        {
                                                          "Node Type": "Seq Scan",
                                                          "Parent Relationship": "Outer",
                                                          "Parallel Aware": true,
                                                          "Async Capable": false,
                                                          "Relation Name": "lineitem",
                                                          "Alias": "lineitem",
                                                          "Startup Cost": 0.0,
                                                          "Total Cost": 1374494.57,
                                                          "Plan Rows": 24995257,
                                                          "Plan Width": 24,
                                                          "parent": 15,
                                                          "ID": 16
                                                        },
                                                        {
                                                          "Node Type": "Hash",
                                                          "Parent Relationship": "Inner",
                                                          "Parallel Aware": true,
                                                          "Async Capable": false,
                                                          "Startup Cost": 51378.28,
                                                          "Total Cost": 51378.28,
                                                          "Plan Rows": 5540,
                                                          "Plan Width": 4,
                                                          "Plans": [
                                                            {
                                                              "Node Type": "Seq Scan",
                                                              "Parent Relationship": "Outer",
                                                              "Parallel Aware": true,
                                                              "Async Capable": false,
                                                              "Relation Name": "part",
                                                              "Alias": "part",
                                                              "Startup Cost": 0.0,
                                                              "Total Cost": 51378.28,
                                                              "Plan Rows": 5540,
                                                              "Plan Width": 4,
                                                              "Filter": "((p_type)::text = 'LARGE PLATED COPPER'::text)",
                                                              "parent": 17,
                                                              "ID": 18
                                                            }
                                                          ],
                                                          "parent": 15,
                                                          "ID": 17,
                                                          "left": 18
                                                        }
                                                      ],
                                                      "parent": 14,
                                                      "ID": 15,
                                                      "left": 16,
                                                      "right": 17
                                                    }
                                                  ],
                                                  "parent": 12,
                                                  "ID": 14,
                                                  "left": 15
                                                }
                                              ],
                                              "parent": 11,
                                              "ID": 12,
                                              "left": 13,
                                              "right": 14
                                            }
                                          ],
                                          "parent": 9,
                                          "ID": 11,
                                          "left": 12
                                        }
                                      ],
                                      "parent": 8,
                                      "ID": 9,
                                      "left": 10,
                                      "right": 11
                                    },
                                    {
                                      "Node Type": "Hash",
                                      "Parent Relationship": "Inner",
                                      "Parallel Aware": false,
                                      "Async Capable": false,
                                      "Startup Cost": 2.47,
                                      "Total Cost": 2.47,
                                      "Plan Rows": 5,
                                      "Plan Width": 4,
                                      "Plans": [
                                        {
                                          "Node Type": "Hash Join",
                                          "Parent Relationship": "Outer",
                                          "Parallel Aware": false,
                                          "Async Capable": false,
                                          "Join Type": "Inner",
                                          "Startup Cost": 1.07,
                                          "Total Cost": 2.47,
                                          "Plan Rows": 5,
                                          "Plan Width": 4,
                                          "Inner Unique": false,
                                          "Hash Cond": "(n1.n_regionkey = region.r_regionkey)",
                                          "Plans": [
                                            {
                                              "Node Type": "Seq Scan",
                                              "Parent Relationship": "Outer",
                                              "Parallel Aware": false,
                                              "Async Capable": false,
                                              "Relation Name": "nation",
                                              "Alias": "n1",
                                              "Startup Cost": 0.0,
                                              "Total Cost": 1.25,
                                              "Plan Rows": 25,
                                              "Plan Width": 8,
                                              "parent": 20,
                                              "ID": 21
                                            },
                                            {
                                              "Node Type": "Hash",
                                              "Parent Relationship": "Inner",
                                              "Parallel Aware": false,
                                              "Async Capable": false,
                                              "Startup Cost": 1.06,
                                              "Total Cost": 1.06,
                                              "Plan Rows": 1,
                                              "Plan Width": 4,
                                              "Plans": [
                                                {
                                                  "Node Type": "Seq Scan",
                                                  "Parent Relationship": "Outer",
                                                  "Parallel Aware": false,
                                                  "Async Capable": false,
                                                  "Relation Name": "region",
                                                  "Alias": "region",
                                                  "Startup Cost": 0.0,
                                                  "Total Cost": 1.06,
                                                  "Plan Rows": 1,
                                                  "Plan Width": 4,
                                                  "Filter": "(r_name = 'MIDDLE EAST'::bpchar)",
                                                  "parent": 22,
                                                  "ID": 23
                                                }
                                              ],
                                              "parent": 20,
                                              "ID": 22,
                                              "left": 23
                                            }
                                          ],
                                          "parent": 19,
                                          "ID": 20,
                                          "left": 21,
                                          "right": 22
                                        }
                                      ],
                                      "parent": 8,
                                      "ID": 19,
                                      "left": 20
                                    }
                                  ],
                                  "parent": 7,
                                  "ID": 8,
                                  "left": 9,
                                  "right": 19
                                }
                              ],
                              "parent": 5,
                              "ID": 7,
                              "left": 8
                            }
                          ],
                          "parent": 4,
                          "ID": 5,
                          "left": 6,
                          "right": 7
                        },
                        {
                          "Node Type": "Hash",
                          "Parent Relationship": "Inner",
                          "Parallel Aware": false,
                          "Async Capable": false,
                          "Startup Cost": 1.25,
                          "Total Cost": 1.25,
                          "Plan Rows": 25,
                          "Plan Width": 30,
                          "Plans": [
                            {
                              "Node Type": "Seq Scan",
                              "Parent Relationship": "Outer",
                              "Parallel Aware": false,
                              "Async Capable": false,
                              "Relation Name": "nation",
                              "Alias": "n2",
                              "Startup Cost": 0.0,
                              "Total Cost": 1.25,
                              "Plan Rows": 25,
                              "Plan Width": 30,
                              "parent": 24,
                              "ID": 25
                            }
                          ],
                          "parent": 4,
                          "ID": 24,
                          "left": 25
                        }
                      ],
                      "parent": 3,
                      "ID": 4,
                      "left": 5,
                      "right": 24
                    }
                  ],
                  "parent": 2,
                  "ID": 3,
                  "left": 4
                }
              ],
              "parent": 1,
              "ID": 2,
              "left": 3
            }
          ],
          "parent": 0,
          "ID": 1,
          "left": 2
        }
      ],
      "parent": null,
      "ID": 0,
      "left": 1
    },
    "feat": {
      "utility": 0.026187736670081563,
      "query_shape": [
        [
          "Seq Scan",
          "Hash Join",
          "Sort",
          "Aggregate",
          "Gather Merge"
        ],
        [
          "Seq Scan",
          "Hash Join",
          "Hash",
          "Sort",
          "Aggregate",
          "Gather Merge"
        ],
        [
          "Seq Scan",
          "Hash Join",
          "Hash",
          "Sort",
          "Aggregate",
          "Gather Merge"
        ],
        [
          "Seq Scan",
          "Hash Join",
          "Hash",
          "Sort",
          "Aggregate",
          "Gather Merge"
        ],
        [
          "Seq Scan",
          "Hash",
          "Hash Join",
          "Sort",
          "Aggregate",
          "Gather Merge"
        ],
        [
          "Seq Scan",
          "Hash Join",
          "Hash",
          "Sort",
          "Aggregate",
          "Gather Merge"
        ],
        [
          "Seq Scan",
          "Hash",
          "Hash Join",
          "Sort",
          "Aggregate",
          "Gather Merge"
        ],
        [
          "Seq Scan",
          "Hash",
          "Hash Join",
          "Sort",
          "Aggregate",
          "Gather Merge"
        ]
      ],
      "index_shape": [
        "selection"
      ],
      "physical_operator": {
        "Seq Scan": [
          0.00277000000000005
        ]
      }
    }
  },
  {
    "query": "-- Functional Query Definition\n-- Approved February 1998\n\n\nselect\no_year,\nsum(case\nwhen nation = 'SAUDI ARABIA' then volume\nelse 0\nend) / sum(volume) as mkt_share\nfrom\n(\nselect\nextract(year from o_orderdate) as o_year,\nl_extendedprice * (1 - l_discount) as volume,\nn2.n_name as nation\nfrom\npart,\nsupplier,\nlineitem,\norders,\ncustomer,\nnation n1,\nnation n2,\nregion\nwhere\np_partkey = l_partkey\nand s_suppkey = l_suppkey\nand l_orderkey = o_orderkey\nand o_custkey = c_custkey\nand c_nationkey = n1.n_nationkey\nand n1.n_regionkey = r_regionkey\nand r_name = 'MIDDLE EAST'\nand s_nationkey = n2.n_nationkey\nand o_orderdate between date '1995-01-01' and date '1996-12-31'\nand p_type = 'LARGE PLATED COPPER'\n) as all_nations\ngroup by\no_year\norder by\no_year ;\n-- $ID$\n-- TPC-H/TPC-R Product Type Profit Measure ",
    "indexes": "region.r_regionkey",
    "wo plan est": {
      "Node Type": "Aggregate",
      "Strategy": "Sorted",
      "Partial Mode": "Finalize",
      "Parallel Aware": false,
      "Async Capable": false,
      "Startup Cost": 1955785.01,
      "Total Cost": 1956486.84,
      "Plan Rows": 2406,
      "Plan Width": 64,
      "Group Key": [
        "(EXTRACT(year FROM orders.o_orderdate))"
      ],
      "Plans": [
        {
          "Node Type": "Gather Merge",
          "Parent Relationship": "Outer",
          "Parallel Aware": false,
          "Async Capable": false,
          "Startup Cost": 1955785.01,
          "Total Cost": 1956408.65,
          "Plan Rows": 2406,
          "Plan Width": 96,
          "Workers Planned": 1,
          "Plans": [
            {
              "Node Type": "Aggregate",
              "Strategy": "Sorted",
              "Partial Mode": "Partial",
              "Parent Relationship": "Outer",
              "Parallel Aware": false,
              "Async Capable": false,
              "Startup Cost": 1954785.0,
              "Total Cost": 1955137.96,
              "Plan Rows": 2406,
              "Plan Width": 96,
              "Group Key": [
                "(EXTRACT(year FROM orders.o_orderdate))"
              ],
              "Plans": [
                {
                  "Node Type": "Sort",
                  "Parent Relationship": "Outer",
                  "Parallel Aware": false,
                  "Async Capable": false,
                  "Startup Cost": 1954785.0,
                  "Total Cost": 1954819.54,
                  "Plan Rows": 13816,
                  "Plan Width": 70,
                  "Sort Key": [
                    "(EXTRACT(year FROM orders.o_orderdate))"
                  ],
                  "Plans": [
                    {
                      "Node Type": "Hash Join",
                      "Parent Relationship": "Outer",
                      "Parallel Aware": false,
                      "Async Capable": false,
                      "Join Type": "Inner",
                      "Startup Cost": 1950527.96,
                      "Total Cost": 1953834.87,
                      "Plan Rows": 13816,
                      "Plan Width": 70,
                      "Inner Unique": false,
                      "Hash Cond": "(supplier.s_nationkey = n2.n_nationkey)",
                      "Plans": [
                        {
                          "Node Type": "Hash Join",
                          "Parent Relationship": "Outer",
                          "Parallel Aware": true,
                          "Async Capable": false,
                          "Join Type": "Inner",
                          "Startup Cost": 1950526.4,
                          "Total Cost": 1953608.79,
                          "Plan Rows": 13816,
                          "Plan Width": 20,
                          "Inner Unique": false,
                          "Hash Cond": "(supplier.s_suppkey = lineitem.l_suppkey)",
                          "Plans": [
                            {
                              "Node Type": "Seq Scan",
                              "Parent Relationship": "Outer",
                              "Parallel Aware": true,
                              "Async Capable": false,
                              "Relation Name": "supplier",
                              "Alias": "supplier",
                              "Startup Cost": 0.0,
                              "Total Cost": 2804.24,
                              "Plan Rows": 58824,
                              "Plan Width": 8,
                              "parent": 5,
                              "ID": 6
                            },
                            {
                              "Node Type": "Hash",
                              "Parent Relationship": "Inner",
                              "Parallel Aware": true,
                              "Async Capable": false,
                              "Startup Cost": 1950404.06,
                              "Total Cost": 1950404.06,
                              "Plan Rows": 9787,
                              "Plan Width": 20,
                              "Plans": [
                                {
                                  "Node Type": "Hash Join",
                                  "Parent Relationship": "Outer",
                                  "Parallel Aware": false,
                                  "Async Capable": false,
                                  "Join Type": "Inner",
                                  "Startup Cost": 1905498.74,
                                  "Total Cost": 1950404.06,
                                  "Plan Rows": 9787,
                                  "Plan Width": 20,
                                  "Inner Unique": false,
                                  "Hash Cond": "(customer.c_nationkey = n1.n_nationkey)",
                                  "Plans": [
                                    {
                                      "Node Type": "Hash Join",
                                      "Parent Relationship": "Outer",
                                      "Parallel Aware": true,
                                      "Async Capable": false,
                                      "Join Type": "Inner",
                                      "Startup Cost": 1905496.2,
                                      "Total Cost": 1950120.18,
                                      "Plan Rows": 48932,
                                      "Plan Width": 24,
                                      "Inner Unique": false,
                                      "Hash Cond": "(customer.c_custkey = orders.o_custkey)",
                                      "Plans": [
                                        {
                                          "Node Type": "Seq Scan",
                                          "Parent Relationship": "Outer",
                                          "Parallel Aware": true,
                                          "Async Capable": false,
                                          "Relation Name": "customer",
                                          "Alias": "customer",
                                          "Startup Cost": 0.0,
                                          "Total Cost": 42076.52,
                                          "Plan Rows": 624952,
                                          "Plan Width": 8,
                                          "parent": 9,
                                          "ID": 10
                                        },
                                        {
                                          "Node Type": "Hash",
                                          "Parent Relationship": "Inner",
                                          "Parallel Aware": true,
                                          "Async Capable": false,
                                          "Startup Cost": 1904884.55,
                                          "Total Cost": 1904884.55,
                                          "Plan Rows": 48932,
                                          "Plan Width": 24,
                                          "Plans": [
                                            {
                                              "Node Type": "Hash Join",
                                              "Parent Relationship": "Outer",
                                              "Parallel Aware": true,
                                              "Async Capable": false,
                                              "Join Type": "Inner",
                                              "Startup Cost": 1523283.11,
                                              "Total Cost": 1904884.55,
                                              "Plan Rows": 48932,
                                              "Plan Width": 24,
                                              "Inner Unique": false,
                                              "Hash Cond": "(orders.o_orderkey = lineitem.l_orderkey)",
                                              "Plans": [
                                                {
                                                  "Node Type": "Seq Scan",
                                                  "Parent Relationship": "Outer",
                                                  "Parallel Aware": true,
                                                  "Async Capable": false,
                                                  "Relation Name": "orders",
                                                  "Alias": "orders",
                                                  "Startup Cost": 0.0,
                                                  "Total Cost": 354655.56,
                                                  "Plan Rows": 1909064,
                                                  "Plan Width": 12,
                                                  "Filter": "((o_orderdate >= '1995-01-01'::date) AND (o_orderdate <= '1996-12-31'::date))",
                                                  "parent": 12,
                                                  "ID": 13
                                                },
                                                {
                                                  "Node Type": "Hash",
                                                  "Parent Relationship": "Inner",
                                                  "Parallel Aware": true,
                                                  "Async Capable": false,
                                                  "Startup Cost": 1520341.76,
                                                  "Total Cost": 1520341.76,
                                                  "Plan Rows": 160188,
                                                  "Plan Width": 20,
                                                  "Plans": [
                                                    {
                                                      "Node Type": "Hash Join",
                                                      "Parent Relationship": "Outer",
                                                      "Parallel Aware": true,
                                                      "Async Capable": false,
                                                      "Join Type": "Inner",
                                                      "Startup Cost": 51447.53,
                                                      "Total Cost": 1520341.76,
                                                      "Plan Rows": 160188,
                                                      "Plan Width": 20,
                                                      "Inner Unique": false,
                                                      "Hash Cond": "(lineitem.l_partkey = part.p_partkey)",
                                                      "Plans": [
                                                        {
                                                          "Node Type": "Seq Scan",
                                                          "Parent Relationship": "Outer",
                                                          "Parallel Aware": true,
                                                          "Async Capable": false,
                                                          "Relation Name": "lineitem",
                                                          "Alias": "lineitem",
                                                          "Startup Cost": 0.0,
                                                          "Total Cost": 1374494.57,
                                                          "Plan Rows": 24995257,
                                                          "Plan Width": 24,
                                                          "parent": 15,
                                                          "ID": 16
                                                        },
                                                        {
                                                          "Node Type": "Hash",
                                                          "Parent Relationship": "Inner",
                                                          "Parallel Aware": true,
                                                          "Async Capable": false,
                                                          "Startup Cost": 51378.28,
                                                          "Total Cost": 51378.28,
                                                          "Plan Rows": 5540,
                                                          "Plan Width": 4,
                                                          "Plans": [
                                                            {
                                                              "Node Type": "Seq Scan",
                                                              "Parent Relationship": "Outer",
                                                              "Parallel Aware": true,
                                                              "Async Capable": false,
                                                              "Relation Name": "part",
                                                              "Alias": "part",
                                                              "Startup Cost": 0.0,
                                                              "Total Cost": 51378.28,
                                                              "Plan Rows": 5540,
                                                              "Plan Width": 4,
                                                              "Filter": "((p_type)::text = 'LARGE PLATED COPPER'::text)",
                                                              "parent": 17,
                                                              "ID": 18
                                                            }
                                                          ],
                                                          "parent": 15,
                                                          "ID": 17,
                                                          "left": 18
                                                        }
                                                      ],
                                                      "parent": 14,
                                                      "ID": 15,
                                                      "left": 16,
                                                      "right": 17
                                                    }
                                                  ],
                                                  "parent": 12,
                                                  "ID": 14,
                                                  "left": 15
                                                }
                                              ],
                                              "parent": 11,
                                              "ID": 12,
                                              "left": 13,
                                              "right": 14
                                            }
                                          ],
                                          "parent": 9,
                                          "ID": 11,
                                          "left": 12
                                        }
                                      ],
                                      "parent": 8,
                                      "ID": 9,
                                      "left": 10,
                                      "right": 11
                                    },
                                    {
                                      "Node Type": "Hash",
                                      "Parent Relationship": "Inner",
                                      "Parallel Aware": false,
                                      "Async Capable": false,
                                      "Startup Cost": 2.47,
                                      "Total Cost": 2.47,
                                      "Plan Rows": 5,
                                      "Plan Width": 4,
                                      "Plans": [
                                        {
                                          "Node Type": "Hash Join",
                                          "Parent Relationship": "Outer",
                                          "Parallel Aware": false,
                                          "Async Capable": false,
                                          "Join Type": "Inner",
                                          "Startup Cost": 1.07,
                                          "Total Cost": 2.47,
                                          "Plan Rows": 5,
                                          "Plan Width": 4,
                                          "Inner Unique": false,
                                          "Hash Cond": "(n1.n_regionkey = region.r_regionkey)",
                                          "Plans": [
                                            {
                                              "Node Type": "Seq Scan",
                                              "Parent Relationship": "Outer",
                                              "Parallel Aware": false,
                                              "Async Capable": false,
                                              "Relation Name": "nation",
                                              "Alias": "n1",
                                              "Startup Cost": 0.0,
                                              "Total Cost": 1.25,
                                              "Plan Rows": 25,
                                              "Plan Width": 8,
                                              "parent": 20,
                                              "ID": 21
                                            },
                                            {
                                              "Node Type": "Hash",
                                              "Parent Relationship": "Inner",
                                              "Parallel Aware": false,
                                              "Async Capable": false,
                                              "Startup Cost": 1.06,
                                              "Total Cost": 1.06,
                                              "Plan Rows": 1,
                                              "Plan Width": 4,
                                              "Plans": [
                                                {
                                                  "Node Type": "Seq Scan",
                                                  "Parent Relationship": "Outer",
                                                  "Parallel Aware": false,
                                                  "Async Capable": false,
                                                  "Relation Name": "region",
                                                  "Alias": "region",
                                                  "Startup Cost": 0.0,
                                                  "Total Cost": 1.06,
                                                  "Plan Rows": 1,
                                                  "Plan Width": 4,
                                                  "Filter": "(r_name = 'MIDDLE EAST'::bpchar)",
                                                  "parent": 22,
                                                  "ID": 23
                                                }
                                              ],
                                              "parent": 20,
                                              "ID": 22,
                                              "left": 23
                                            }
                                          ],
                                          "parent": 19,
                                          "ID": 20,
                                          "left": 21,
                                          "right": 22
                                        }
                                      ],
                                      "parent": 8,
                                      "ID": 19,
                                      "left": 20
                                    }
                                  ],
                                  "parent": 7,
                                  "ID": 8,
                                  "left": 9,
                                  "right": 19
                                }
                              ],
                              "parent": 5,
                              "ID": 7,
                              "left": 8
                            }
                          ],
                          "parent": 4,
                          "ID": 5,
                          "left": 6,
                          "right": 7
                        },
                        {
                          "Node Type": "Hash",
                          "Parent Relationship": "Inner",
                          "Parallel Aware": false,
                          "Async Capable": false,
                          "Startup Cost": 1.25,
                          "Total Cost": 1.25,
                          "Plan Rows": 25,
                          "Plan Width": 30,
                          "Plans": [
                            {
                              "Node Type": "Seq Scan",
                              "Parent Relationship": "Outer",
                              "Parallel Aware": false,
                              "Async Capable": false,
                              "Relation Name": "nation",
                              "Alias": "n2",
                              "Startup Cost": 0.0,
                              "Total Cost": 1.25,
                              "Plan Rows": 25,
                              "Plan Width": 30,
                              "parent": 24,
                              "ID": 25
                            }
                          ],
                          "parent": 4,
                          "ID": 24,
                          "left": 25
                        }
                      ],
                      "parent": 3,
                      "ID": 4,
                      "left": 5,
                      "right": 24
                    }
                  ],
                  "parent": 2,
                  "ID": 3,
                  "left": 4
                }
              ],
              "parent": 1,
              "ID": 2,
              "left": 3
            }
          ],
          "parent": 0,
          "ID": 1,
          "left": 2
        }
      ],
      "parent": null,
      "ID": 0,
      "left": 1
    },
    "feat": {
      "utility": 3.531753914710986e-07,
      "query_shape": [
        [
          "Seq Scan",
          "Hash Join",
          "Sort",
          "Aggregate",
          "Gather Merge"
        ],
        [
          "Seq Scan",
          "Hash Join",
          "Hash",
          "Sort",
          "Aggregate",
          "Gather Merge"
        ],
        [
          "Seq Scan",
          "Hash Join",
          "Hash",
          "Sort",
          "Aggregate",
          "Gather Merge"
        ],
        [
          "Seq Scan",
          "Hash Join",
          "Hash",
          "Sort",
          "Aggregate",
          "Gather Merge"
        ],
        [
          "Seq Scan",
          "Hash",
          "Hash Join",
          "Sort",
          "Aggregate",
          "Gather Merge"
        ],
        [
          "Seq Scan",
          "Hash Join",
          "Hash",
          "Sort",
          "Aggregate",
          "Gather Merge"
        ],
        [
          "Seq Scan",
          "Hash",
          "Hash Join",
          "Sort",
          "Aggregate",
          "Gather Merge"
        ],
        [
          "Seq Scan",
          "Hash",
          "Hash Join",
          "Sort",
          "Aggregate",
          "Gather Merge"
        ]
      ],
      "index_shape": [
        "join"
      ],
      "physical_operator": {
        "Hash Join": [
          0.4472135954999579
        ]
      }
    }
  },
  {
    "query": "-- Functional Query Definition\n-- Approved February 1998\n\n\nselect\no_year,\nsum(case\nwhen nation = 'SAUDI ARABIA' then volume\nelse 0\nend) / sum(volume) as mkt_share\nfrom\n(\nselect\nextract(year from o_orderdate) as o_year,\nl_extendedprice * (1 - l_discount) as volume,\nn2.n_name as nation\nfrom\npart,\nsupplier,\nlineitem,\norders,\ncustomer,\nnation n1,\nnation n2,\nregion\nwhere\np_partkey = l_partkey\nand s_suppkey = l_suppkey\nand l_orderkey = o_orderkey\nand o_custkey = c_custkey\nand c_nationkey = n1.n_nationkey\nand n1.n_regionkey = r_regionkey\nand r_name = 'MIDDLE EAST'\nand s_nationkey = n2.n_nationkey\nand o_orderdate between date '1995-01-01' and date '1996-12-31'\nand p_type = 'LARGE PLATED COPPER'\n) as all_nations\ngroup by\no_year\norder by\no_year ;\n-- $ID$\n-- TPC-H/TPC-R Product Type Profit Measure ",
    "indexes": "region.r_name",
    "wo plan est": {
      "Node Type": "Aggregate",
      "Strategy": "Sorted",
      "Partial Mode": "Finalize",
      "Parallel Aware": false,
      "Async Capable": false,
      "Startup Cost": 1955785.01,
      "Total Cost": 1956486.84,
      "Plan Rows": 2406,
      "Plan Width": 64,
      "Group Key": [
        "(EXTRACT(year FROM orders.o_orderdate))"
      ],
      "Plans": [
        {
          "Node Type": "Gather Merge",
          "Parent Relationship": "Outer",
          "Parallel Aware": false,
          "Async Capable": false,
          "Startup Cost": 1955785.01,
          "Total Cost": 1956408.65,
          "Plan Rows": 2406,
          "Plan Width": 96,
          "Workers Planned": 1,
          "Plans": [
            {
              "Node Type": "Aggregate",
              "Strategy": "Sorted",
              "Partial Mode": "Partial",
              "Parent Relationship": "Outer",
              "Parallel Aware": false,
              "Async Capable": false,
              "Startup Cost": 1954785.0,
              "Total Cost": 1955137.96,
              "Plan Rows": 2406,
              "Plan Width": 96,
              "Group Key": [
                "(EXTRACT(year FROM orders.o_orderdate))"
              ],
              "Plans": [
                {
                  "Node Type": "Sort",
                  "Parent Relationship": "Outer",
                  "Parallel Aware": false,
                  "Async Capable": false,
                  "Startup Cost": 1954785.0,
                  "Total Cost": 1954819.54,
                  "Plan Rows": 13816,
                  "Plan Width": 70,
                  "Sort Key": [
                    "(EXTRACT(year FROM orders.o_orderdate))"
                  ],
                  "Plans": [
                    {
                      "Node Type": "Hash Join",
                      "Parent Relationship": "Outer",
                      "Parallel Aware": false,
                      "Async Capable": false,
                      "Join Type": "Inner",
                      "Startup Cost": 1950527.96,
                      "Total Cost": 1953834.87,
                      "Plan Rows": 13816,
                      "Plan Width": 70,
                      "Inner Unique": false,
                      "Hash Cond": "(supplier.s_nationkey = n2.n_nationkey)",
                      "Plans": [
                        {
                          "Node Type": "Hash Join",
                          "Parent Relationship": "Outer",
                          "Parallel Aware": true,
                          "Async Capable": false,
                          "Join Type": "Inner",
                          "Startup Cost": 1950526.4,
                          "Total Cost": 1953608.79,
                          "Plan Rows": 13816,
                          "Plan Width": 20,
                          "Inner Unique": false,
                          "Hash Cond": "(supplier.s_suppkey = lineitem.l_suppkey)",
                          "Plans": [
                            {
                              "Node Type": "Seq Scan",
                              "Parent Relationship": "Outer",
                              "Parallel Aware": true,
                              "Async Capable": false,
                              "Relation Name": "supplier",
                              "Alias": "supplier",
                              "Startup Cost": 0.0,
                              "Total Cost": 2804.24,
                              "Plan Rows": 58824,
                              "Plan Width": 8,
                              "parent": 5,
                              "ID": 6
                            },
                            {
                              "Node Type": "Hash",
                              "Parent Relationship": "Inner",
                              "Parallel Aware": true,
                              "Async Capable": false,
                              "Startup Cost": 1950404.06,
                              "Total Cost": 1950404.06,
                              "Plan Rows": 9787,
                              "Plan Width": 20,
                              "Plans": [
                                {
                                  "Node Type": "Hash Join",
                                  "Parent Relationship": "Outer",
                                  "Parallel Aware": false,
                                  "Async Capable": false,
                                  "Join Type": "Inner",
                                  "Startup Cost": 1905498.74,
                                  "Total Cost": 1950404.06,
                                  "Plan Rows": 9787,
                                  "Plan Width": 20,
                                  "Inner Unique": false,
                                  "Hash Cond": "(customer.c_nationkey = n1.n_nationkey)",
                                  "Plans": [
                                    {
                                      "Node Type": "Hash Join",
                                      "Parent Relationship": "Outer",
                                      "Parallel Aware": true,
                                      "Async Capable": false,
                                      "Join Type": "Inner",
                                      "Startup Cost": 1905496.2,
                                      "Total Cost": 1950120.18,
                                      "Plan Rows": 48932,
                                      "Plan Width": 24,
                                      "Inner Unique": false,
                                      "Hash Cond": "(customer.c_custkey = orders.o_custkey)",
                                      "Plans": [
                                        {
                                          "Node Type": "Seq Scan",
                                          "Parent Relationship": "Outer",
                                          "Parallel Aware": true,
                                          "Async Capable": false,
                                          "Relation Name": "customer",
                                          "Alias": "customer",
                                          "Startup Cost": 0.0,
                                          "Total Cost": 42076.52,
                                          "Plan Rows": 624952,
                                          "Plan Width": 8,
                                          "parent": 9,
                                          "ID": 10
                                        },
                                        {
                                          "Node Type": "Hash",
                                          "Parent Relationship": "Inner",
                                          "Parallel Aware": true,
                                          "Async Capable": false,
                                          "Startup Cost": 1904884.55,
                                          "Total Cost": 1904884.55,
                                          "Plan Rows": 48932,
                                          "Plan Width": 24,
                                          "Plans": [
                                            {
                                              "Node Type": "Hash Join",
                                              "Parent Relationship": "Outer",
                                              "Parallel Aware": true,
                                              "Async Capable": false,
                                              "Join Type": "Inner",
                                              "Startup Cost": 1523283.11,
                                              "Total Cost": 1904884.55,
                                              "Plan Rows": 48932,
                                              "Plan Width": 24,
                                              "Inner Unique": false,
                                              "Hash Cond": "(orders.o_orderkey = lineitem.l_orderkey)",
                                              "Plans": [
                                                {
                                                  "Node Type": "Seq Scan",
                                                  "Parent Relationship": "Outer",
                                                  "Parallel Aware": true,
                                                  "Async Capable": false,
                                                  "Relation Name": "orders",
                                                  "Alias": "orders",
                                                  "Startup Cost": 0.0,
                                                  "Total Cost": 354655.56,
                                                  "Plan Rows": 1909064,
                                                  "Plan Width": 12,
                                                  "Filter": "((o_orderdate >= '1995-01-01'::date) AND (o_orderdate <= '1996-12-31'::date))",
                                                  "parent": 12,
                                                  "ID": 13
                                                },
                                                {
                                                  "Node Type": "Hash",
                                                  "Parent Relationship": "Inner",
                                                  "Parallel Aware": true,
                                                  "Async Capable": false,
                                                  "Startup Cost": 1520341.76,
                                                  "Total Cost": 1520341.76,
                                                  "Plan Rows": 160188,
                                                  "Plan Width": 20,
                                                  "Plans": [
                                                    {
                                                      "Node Type": "Hash Join",
                                                      "Parent Relationship": "Outer",
                                                      "Parallel Aware": true,
                                                      "Async Capable": false,
                                                      "Join Type": "Inner",
                                                      "Startup Cost": 51447.53,
                                                      "Total Cost": 1520341.76,
                                                      "Plan Rows": 160188,
                                                      "Plan Width": 20,
                                                      "Inner Unique": false,
                                                      "Hash Cond": "(lineitem.l_partkey = part.p_partkey)",
                                                      "Plans": [
                                                        {
                                                          "Node Type": "Seq Scan",
                                                          "Parent Relationship": "Outer",
                                                          "Parallel Aware": true,
                                                          "Async Capable": false,
                                                          "Relation Name": "lineitem",
                                                          "Alias": "lineitem",
                                                          "Startup Cost": 0.0,
                                                          "Total Cost": 1374494.57,
                                                          "Plan Rows": 24995257,
                                                          "Plan Width": 24,
                                                          "parent": 15,
                                                          "ID": 16
                                                        },
                                                        {
                                                          "Node Type": "Hash",
                                                          "Parent Relationship": "Inner",
                                                          "Parallel Aware": true,
                                                          "Async Capable": false,
                                                          "Startup Cost": 51378.28,
                                                          "Total Cost": 51378.28,
                                                          "Plan Rows": 5540,
                                                          "Plan Width": 4,
                                                          "Plans": [
                                                            {
                                                              "Node Type": "Seq Scan",
                                                              "Parent Relationship": "Outer",
                                                              "Parallel Aware": true,
                                                              "Async Capable": false,
                                                              "Relation Name": "part",
                                                              "Alias": "part",
                                                              "Startup Cost": 0.0,
                                                              "Total Cost": 51378.28,
                                                              "Plan Rows": 5540,
                                                              "Plan Width": 4,
                                                              "Filter": "((p_type)::text = 'LARGE PLATED COPPER'::text)",
                                                              "parent": 17,
                                                              "ID": 18
                                                            }
                                                          ],
                                                          "parent": 15,
                                                          "ID": 17,
                                                          "left": 18
                                                        }
                                                      ],
                                                      "parent": 14,
                                                      "ID": 15,
                                                      "left": 16,
                                                      "right": 17
                                                    }
                                                  ],
                                                  "parent": 12,
                                                  "ID": 14,
                                                  "left": 15
                                                }
                                              ],
                                              "parent": 11,
                                              "ID": 12,
                                              "left": 13,
                                              "right": 14
                                            }
                                          ],
                                          "parent": 9,
                                          "ID": 11,
                                          "left": 12
                                        }
                                      ],
                                      "parent": 8,
                                      "ID": 9,
                                      "left": 10,
                                      "right": 11
                                    },
                                    {
                                      "Node Type": "Hash",
                                      "Parent Relationship": "Inner",
                                      "Parallel Aware": false,
                                      "Async Capable": false,
                                      "Startup Cost": 2.47,
                                      "Total Cost": 2.47,
                                      "Plan Rows": 5,
                                      "Plan Width": 4,
                                      "Plans": [
                                        {
                                          "Node Type": "Hash Join",
                                          "Parent Relationship": "Outer",
                                          "Parallel Aware": false,
                                          "Async Capable": false,
                                          "Join Type": "Inner",
                                          "Startup Cost": 1.07,
                                          "Total Cost": 2.47,
                                          "Plan Rows": 5,
                                          "Plan Width": 4,
                                          "Inner Unique": false,
                                          "Hash Cond": "(n1.n_regionkey = region.r_regionkey)",
                                          "Plans": [
                                            {
                                              "Node Type": "Seq Scan",
                                              "Parent Relationship": "Outer",
                                              "Parallel Aware": false,
                                              "Async Capable": false,
                                              "Relation Name": "nation",
                                              "Alias": "n1",
                                              "Startup Cost": 0.0,
                                              "Total Cost": 1.25,
                                              "Plan Rows": 25,
                                              "Plan Width": 8,
                                              "parent": 20,
                                              "ID": 21
                                            },
                                            {
                                              "Node Type": "Hash",
                                              "Parent Relationship": "Inner",
                                              "Parallel Aware": false,
                                              "Async Capable": false,
                                              "Startup Cost": 1.06,
                                              "Total Cost": 1.06,
                                              "Plan Rows": 1,
                                              "Plan Width": 4,
                                              "Plans": [
                                                {
                                                  "Node Type": "Seq Scan",
                                                  "Parent Relationship": "Outer",
                                                  "Parallel Aware": false,
                                                  "Async Capable": false,
                                                  "Relation Name": "region",
                                                  "Alias": "region",
                                                  "Startup Cost": 0.0,
                                                  "Total Cost": 1.06,
                                                  "Plan Rows": 1,
                                                  "Plan Width": 4,
                                                  "Filter": "(r_name = 'MIDDLE EAST'::bpchar)",
                                                  "parent": 22,
                                                  "ID": 23
                                                }
                                              ],
                                              "parent": 20,
                                              "ID": 22,
                                              "left": 23
                                            }
                                          ],
                                          "parent": 19,
                                          "ID": 20,
                                          "left": 21,
                                          "right": 22
                                        }
                                      ],
                                      "parent": 8,
                                      "ID": 19,
                                      "left": 20
                                    }
                                  ],
                                  "parent": 7,
                                  "ID": 8,
                                  "left": 9,
                                  "right": 19
                                }
                              ],
                              "parent": 5,
                              "ID": 7,
                              "left": 8
                            }
                          ],
                          "parent": 4,
                          "ID": 5,
                          "left": 6,
                          "right": 7
                        },
                        {
                          "Node Type": "Hash",
                          "Parent Relationship": "Inner",
                          "Parallel Aware": false,
                          "Async Capable": false,
                          "Startup Cost": 1.25,
                          "Total Cost": 1.25,
                          "Plan Rows": 25,
                          "Plan Width": 30,
                          "Plans": [
                            {
                              "Node Type": "Seq Scan",
                              "Parent Relationship": "Outer",
                              "Parallel Aware": false,
                              "Async Capable": false,
                              "Relation Name": "nation",
                              "Alias": "n2",
                              "Startup Cost": 0.0,
                              "Total Cost": 1.25,
                              "Plan Rows": 25,
                              "Plan Width": 30,
                              "parent": 24,
                              "ID": 25
                            }
                          ],
                          "parent": 4,
                          "ID": 24,
                          "left": 25
                        }
                      ],
                      "parent": 3,
                      "ID": 4,
                      "left": 5,
                      "right": 24
                    }
                  ],
                  "parent": 2,
                  "ID": 3,
                  "left": 4
                }
              ],
              "parent": 1,
              "ID": 2,
              "left": 3
            }
          ],
          "parent": 0,
          "ID": 1,
          "left": 2
        }
      ],
      "parent": null,
      "ID": 0,
      "left": 1
    },
    "feat": {
      "utility": 4.334299534567787e-07,
      "query_shape": [
        [
          "Seq Scan",
          "Hash Join",
          "Sort",
          "Aggregate",
          "Gather Merge"
        ],
        [
          "Seq Scan",
          "Hash Join",
          "Hash",
          "Sort",
          "Aggregate",
          "Gather Merge"
        ],
        [
          "Seq Scan",
          "Hash Join",
          "Hash",
          "Sort",
          "Aggregate",
          "Gather Merge"
        ],
        [
          "Seq Scan",
          "Hash Join",
          "Hash",
          "Sort",
          "Aggregate",
          "Gather Merge"
        ],
        [
          "Seq Scan",
          "Hash",
          "Hash Join",
          "Sort",
          "Aggregate",
          "Gather Merge"
        ],
        [
          "Seq Scan",
          "Hash Join",
          "Hash",
          "Sort",
          "Aggregate",
          "Gather Merge"
        ],
        [
          "Seq Scan",
          "Hash",
          "Hash Join",
          "Sort",
          "Aggregate",
          "Gather Merge"
        ],
        [
          "Seq Scan",
          "Hash",
          "Hash Join",
          "Sort",
          "Aggregate",
          "Gather Merge"
        ]
      ],
      "index_shape": [
        "selection"
      ],
      "physical_operator": {
        "Seq Scan": [
          0.19999999999999996
        ]
      }
    }
  },
  {
    "query": "-- Functional Query Definition\n-- Approved February 1998\n\n\nselect\no_year,\nsum(case\nwhen nation = 'SAUDI ARABIA' then volume\nelse 0\nend) / sum(volume) as mkt_share\nfrom\n(\nselect\nextract(year from o_orderdate) as o_year,\nl_extendedprice * (1 - l_discount) as volume,\nn2.n_name as nation\nfrom\npart,\nsupplier,\nlineitem,\norders,\ncustomer,\nnation n1,\nnation n2,\nregion\nwhere\np_partkey = l_partkey\nand s_suppkey = l_suppkey\nand l_orderkey = o_orderkey\nand o_custkey = c_custkey\nand c_nationkey = n1.n_nationkey\nand n1.n_regionkey = r_regionkey\nand r_name = 'MIDDLE EAST'\nand s_nationkey = n2.n_nationkey\nand o_orderdate between date '1995-01-01' and date '1996-12-31'\nand p_type = 'LARGE PLATED COPPER'\n) as all_nations\ngroup by\no_year\norder by\no_year ;\n-- $ID$\n-- TPC-H/TPC-R Product Type Profit Measure ",
    "indexes": "supplier.s_suppkey",
    "wo plan est": {
      "Node Type": "Aggregate",
      "Strategy": "Sorted",
      "Partial Mode": "Finalize",
      "Parallel Aware": false,
      "Async Capable": false,
      "Startup Cost": 1955785.01,
      "Total Cost": 1956486.84,
      "Plan Rows": 2406,
      "Plan Width": 64,
      "Group Key": [
        "(EXTRACT(year FROM orders.o_orderdate))"
      ],
      "Plans": [
        {
          "Node Type": "Gather Merge",
          "Parent Relationship": "Outer",
          "Parallel Aware": false,
          "Async Capable": false,
          "Startup Cost": 1955785.01,
          "Total Cost": 1956408.65,
          "Plan Rows": 2406,
          "Plan Width": 96,
          "Workers Planned": 1,
          "Plans": [
            {
              "Node Type": "Aggregate",
              "Strategy": "Sorted",
              "Partial Mode": "Partial",
              "Parent Relationship": "Outer",
              "Parallel Aware": false,
              "Async Capable": false,
              "Startup Cost": 1954785.0,
              "Total Cost": 1955137.96,
              "Plan Rows": 2406,
              "Plan Width": 96,
              "Group Key": [
                "(EXTRACT(year FROM orders.o_orderdate))"
              ],
              "Plans": [
                {
                  "Node Type": "Sort",
                  "Parent Relationship": "Outer",
                  "Parallel Aware": false,
                  "Async Capable": false,
                  "Startup Cost": 1954785.0,
                  "Total Cost": 1954819.54,
                  "Plan Rows": 13816,
                  "Plan Width": 70,
                  "Sort Key": [
                    "(EXTRACT(year FROM orders.o_orderdate))"
                  ],
                  "Plans": [
                    {
                      "Node Type": "Hash Join",
                      "Parent Relationship": "Outer",
                      "Parallel Aware": false,
                      "Async Capable": false,
                      "Join Type": "Inner",
                      "Startup Cost": 1950527.96,
                      "Total Cost": 1953834.87,
                      "Plan Rows": 13816,
                      "Plan Width": 70,
                      "Inner Unique": false,
                      "Hash Cond": "(supplier.s_nationkey = n2.n_nationkey)",
                      "Plans": [
                        {
                          "Node Type": "Hash Join",
                          "Parent Relationship": "Outer",
                          "Parallel Aware": true,
                          "Async Capable": false,
                          "Join Type": "Inner",
                          "Startup Cost": 1950526.4,
                          "Total Cost": 1953608.79,
                          "Plan Rows": 13816,
                          "Plan Width": 20,
                          "Inner Unique": false,
                          "Hash Cond": "(supplier.s_suppkey = lineitem.l_suppkey)",
                          "Plans": [
                            {
                              "Node Type": "Seq Scan",
                              "Parent Relationship": "Outer",
                              "Parallel Aware": true,
                              "Async Capable": false,
                              "Relation Name": "supplier",
                              "Alias": "supplier",
                              "Startup Cost": 0.0,
                              "Total Cost": 2804.24,
                              "Plan Rows": 58824,
                              "Plan Width": 8,
                              "parent": 5,
                              "ID": 6
                            },
                            {
                              "Node Type": "Hash",
                              "Parent Relationship": "Inner",
                              "Parallel Aware": true,
                              "Async Capable": false,
                              "Startup Cost": 1950404.06,
                              "Total Cost": 1950404.06,
                              "Plan Rows": 9787,
                              "Plan Width": 20,
                              "Plans": [
                                {
                                  "Node Type": "Hash Join",
                                  "Parent Relationship": "Outer",
                                  "Parallel Aware": false,
                                  "Async Capable": false,
                                  "Join Type": "Inner",
                                  "Startup Cost": 1905498.74,
                                  "Total Cost": 1950404.06,
                                  "Plan Rows": 9787,
                                  "Plan Width": 20,
                                  "Inner Unique": false,
                                  "Hash Cond": "(customer.c_nationkey = n1.n_nationkey)",
                                  "Plans": [
                                    {
                                      "Node Type": "Hash Join",
                                      "Parent Relationship": "Outer",
                                      "Parallel Aware": true,
                                      "Async Capable": false,
                                      "Join Type": "Inner",
                                      "Startup Cost": 1905496.2,
                                      "Total Cost": 1950120.18,
                                      "Plan Rows": 48932,
                                      "Plan Width": 24,
                                      "Inner Unique": false,
                                      "Hash Cond": "(customer.c_custkey = orders.o_custkey)",
                                      "Plans": [
                                        {
                                          "Node Type": "Seq Scan",
                                          "Parent Relationship": "Outer",
                                          "Parallel Aware": true,
                                          "Async Capable": false,
                                          "Relation Name": "customer",
                                          "Alias": "customer",
                                          "Startup Cost": 0.0,
                                          "Total Cost": 42076.52,
                                          "Plan Rows": 624952,
                                          "Plan Width": 8,
                                          "parent": 9,
                                          "ID": 10
                                        },
                                        {
                                          "Node Type": "Hash",
                                          "Parent Relationship": "Inner",
                                          "Parallel Aware": true,
                                          "Async Capable": false,
                                          "Startup Cost": 1904884.55,
                                          "Total Cost": 1904884.55,
                                          "Plan Rows": 48932,
                                          "Plan Width": 24,
                                          "Plans": [
                                            {
                                              "Node Type": "Hash Join",
                                              "Parent Relationship": "Outer",
                                              "Parallel Aware": true,
                                              "Async Capable": false,
                                              "Join Type": "Inner",
                                              "Startup Cost": 1523283.11,
                                              "Total Cost": 1904884.55,
                                              "Plan Rows": 48932,
                                              "Plan Width": 24,
                                              "Inner Unique": false,
                                              "Hash Cond": "(orders.o_orderkey = lineitem.l_orderkey)",
                                              "Plans": [
                                                {
                                                  "Node Type": "Seq Scan",
                                                  "Parent Relationship": "Outer",
                                                  "Parallel Aware": true,
                                                  "Async Capable": false,
                                                  "Relation Name": "orders",
                                                  "Alias": "orders",
                                                  "Startup Cost": 0.0,
                                                  "Total Cost": 354655.56,
                                                  "Plan Rows": 1909064,
                                                  "Plan Width": 12,
                                                  "Filter": "((o_orderdate >= '1995-01-01'::date) AND (o_orderdate <= '1996-12-31'::date))",
                                                  "parent": 12,
                                                  "ID": 13
                                                },
                                                {
                                                  "Node Type": "Hash",
                                                  "Parent Relationship": "Inner",
                                                  "Parallel Aware": true,
                                                  "Async Capable": false,
                                                  "Startup Cost": 1520341.76,
                                                  "Total Cost": 1520341.76,
                                                  "Plan Rows": 160188,
                                                  "Plan Width": 20,
                                                  "Plans": [
                                                    {
                                                      "Node Type": "Hash Join",
                                                      "Parent Relationship": "Outer",
                                                      "Parallel Aware": true,
                                                      "Async Capable": false,
                                                      "Join Type": "Inner",
                                                      "Startup Cost": 51447.53,
                                                      "Total Cost": 1520341.76,
                                                      "Plan Rows": 160188,
                                                      "Plan Width": 20,
                                                      "Inner Unique": false,
                                                      "Hash Cond": "(lineitem.l_partkey = part.p_partkey)",
                                                      "Plans": [
                                                        {
                                                          "Node Type": "Seq Scan",
                                                          "Parent Relationship": "Outer",
                                                          "Parallel Aware": true,
                                                          "Async Capable": false,
                                                          "Relation Name": "lineitem",
                                                          "Alias": "lineitem",
                                                          "Startup Cost": 0.0,
                                                          "Total Cost": 1374494.57,
                                                          "Plan Rows": 24995257,
                                                          "Plan Width": 24,
                                                          "parent": 15,
                                                          "ID": 16
                                                        },
                                                        {
                                                          "Node Type": "Hash",
                                                          "Parent Relationship": "Inner",
                                                          "Parallel Aware": true,
                                                          "Async Capable": false,
                                                          "Startup Cost": 51378.28,
                                                          "Total Cost": 51378.28,
                                                          "Plan Rows": 5540,
                                                          "Plan Width": 4,
                                                          "Plans": [
                                                            {
                                                              "Node Type": "Seq Scan",
                                                              "Parent Relationship": "Outer",
                                                              "Parallel Aware": true,
                                                              "Async Capable": false,
                                                              "Relation Name": "part",
                                                              "Alias": "part",
                                                              "Startup Cost": 0.0,
                                                              "Total Cost": 51378.28,
                                                              "Plan Rows": 5540,
                                                              "Plan Width": 4,
                                                              "Filter": "((p_type)::text = 'LARGE PLATED COPPER'::text)",
                                                              "parent": 17,
                                                              "ID": 18
                                                            }
                                                          ],
                                                          "parent": 15,
                                                          "ID": 17,
                                                          "left": 18
                                                        }
                                                      ],
                                                      "parent": 14,
                                                      "ID": 15,
                                                      "left": 16,
                                                      "right": 17
                                                    }
                                                  ],
                                                  "parent": 12,
                                                  "ID": 14,
                                                  "left": 15
                                                }
                                              ],
                                              "parent": 11,
                                              "ID": 12,
                                              "left": 13,
                                              "right": 14
                                            }
                                          ],
                                          "parent": 9,
                                          "ID": 11,
                                          "left": 12
                                        }
                                      ],
                                      "parent": 8,
                                      "ID": 9,
                                      "left": 10,
                                      "right": 11
                                    },
                                    {
                                      "Node Type": "Hash",
                                      "Parent Relationship": "Inner",
                                      "Parallel Aware": false,
                                      "Async Capable": false,
                                      "Startup Cost": 2.47,
                                      "Total Cost": 2.47,
                                      "Plan Rows": 5,
                                      "Plan Width": 4,
                                      "Plans": [
                                        {
                                          "Node Type": "Hash Join",
                                          "Parent Relationship": "Outer",
                                          "Parallel Aware": false,
                                          "Async Capable": false,
                                          "Join Type": "Inner",
                                          "Startup Cost": 1.07,
                                          "Total Cost": 2.47,
                                          "Plan Rows": 5,
                                          "Plan Width": 4,
                                          "Inner Unique": false,
                                          "Hash Cond": "(n1.n_regionkey = region.r_regionkey)",
                                          "Plans": [
                                            {
                                              "Node Type": "Seq Scan",
                                              "Parent Relationship": "Outer",
                                              "Parallel Aware": false,
                                              "Async Capable": false,
                                              "Relation Name": "nation",
                                              "Alias": "n1",
                                              "Startup Cost": 0.0,
                                              "Total Cost": 1.25,
                                              "Plan Rows": 25,
                                              "Plan Width": 8,
                                              "parent": 20,
                                              "ID": 21
                                            },
                                            {
                                              "Node Type": "Hash",
                                              "Parent Relationship": "Inner",
                                              "Parallel Aware": false,
                                              "Async Capable": false,
                                              "Startup Cost": 1.06,
                                              "Total Cost": 1.06,
                                              "Plan Rows": 1,
                                              "Plan Width": 4,
                                              "Plans": [
                                                {
                                                  "Node Type": "Seq Scan",
                                                  "Parent Relationship": "Outer",
                                                  "Parallel Aware": false,
                                                  "Async Capable": false,
                                                  "Relation Name": "region",
                                                  "Alias": "region",
                                                  "Startup Cost": 0.0,
                                                  "Total Cost": 1.06,
                                                  "Plan Rows": 1,
                                                  "Plan Width": 4,
                                                  "Filter": "(r_name = 'MIDDLE EAST'::bpchar)",
                                                  "parent": 22,
                                                  "ID": 23
                                                }
                                              ],
                                              "parent": 20,
                                              "ID": 22,
                                              "left": 23
                                            }
                                          ],
                                          "parent": 19,
                                          "ID": 20,
                                          "left": 21,
                                          "right": 22
                                        }
                                      ],
                                      "parent": 8,
                                      "ID": 19,
                                      "left": 20
                                    }
                                  ],
                                  "parent": 7,
                                  "ID": 8,
                                  "left": 9,
                                  "right": 19
                                }
                              ],
                              "parent": 5,
                              "ID": 7,
                              "left": 8
                            }
                          ],
                          "parent": 4,
                          "ID": 5,
                          "left": 6,
                          "right": 7
                        },
                        {
                          "Node Type": "Hash",
                          "Parent Relationship": "Inner",
                          "Parallel Aware": false,
                          "Async Capable": false,
                          "Startup Cost": 1.25,
                          "Total Cost": 1.25,
                          "Plan Rows": 25,
                          "Plan Width": 30,
                          "Plans": [
                            {
                              "Node Type": "Seq Scan",
                              "Parent Relationship": "Outer",
                              "Parallel Aware": false,
                              "Async Capable": false,
                              "Relation Name": "nation",
                              "Alias": "n2",
                              "Startup Cost": 0.0,
                              "Total Cost": 1.25,
                              "Plan Rows": 25,
                              "Plan Width": 30,
                              "parent": 24,
                              "ID": 25
                            }
                          ],
                          "parent": 4,
                          "ID": 24,
                          "left": 25
                        }
                      ],
                      "parent": 3,
                      "ID": 4,
                      "left": 5,
                      "right": 24
                    }
                  ],
                  "parent": 2,
                  "ID": 3,
                  "left": 4
                }
              ],
              "parent": 1,
              "ID": 2,
              "left": 3
            }
          ],
          "parent": 0,
          "ID": 1,
          "left": 2
        }
      ],
      "parent": null,
      "ID": 0,
      "left": 1
    },
    "feat": {
      "utility": 6.35770444899657e-07,
      "query_shape": [
        [
          "Seq Scan",
          "Hash Join",
          "Sort",
          "Aggregate",
          "Gather Merge"
        ],
        [
          "Seq Scan",
          "Hash Join",
          "Hash",
          "Sort",
          "Aggregate",
          "Gather Merge"
        ],
        [
          "Seq Scan",
          "Hash Join",
          "Hash",
          "Sort",
          "Aggregate",
          "Gather Merge"
        ],
        [
          "Seq Scan",
          "Hash Join",
          "Hash",
          "Sort",
          "Aggregate",
          "Gather Merge"
        ],
        [
          "Seq Scan",
          "Hash",
          "Hash Join",
          "Sort",
          "Aggregate",
          "Gather Merge"
        ],
        [
          "Seq Scan",
          "Hash Join",
          "Hash",
          "Sort",
          "Aggregate",
          "Gather Merge"
        ],
        [
          "Seq Scan",
          "Hash",
          "Hash Join",
          "Sort",
          "Aggregate",
          "Gather Merge"
        ],
        [
          "Seq Scan",
          "Hash",
          "Hash Join",
          "Sort",
          "Aggregate",
          "Gather Merge"
        ]
      ],
      "index_shape": [
        "join"
      ],
      "physical_operator": {
        "Hash Join": [
          0.004898793034300612
        ]
      }
    }
  },
  {
    "query": "-- Functional Query Definition\n-- Approved February 1998\n\n\nselect\no_year,\nsum(case\nwhen nation = 'SAUDI ARABIA' then volume\nelse 0\nend) / sum(volume) as mkt_share\nfrom\n(\nselect\nextract(year from o_orderdate) as o_year,\nl_extendedprice * (1 - l_discount) as volume,\nn2.n_name as nation\nfrom\npart,\nsupplier,\nlineitem,\norders,\ncustomer,\nnation n1,\nnation n2,\nregion\nwhere\np_partkey = l_partkey\nand s_suppkey = l_suppkey\nand l_orderkey = o_orderkey\nand o_custkey = c_custkey\nand c_nationkey = n1.n_nationkey\nand n1.n_regionkey = r_regionkey\nand r_name = 'MIDDLE EAST'\nand s_nationkey = n2.n_nationkey\nand o_orderdate between date '1995-01-01' and date '1996-12-31'\nand p_type = 'LARGE PLATED COPPER'\n) as all_nations\ngroup by\no_year\norder by\no_year ;\n-- $ID$\n-- TPC-H/TPC-R Product Type Profit Measure ",
    "indexes": "supplier.s_nationkey",
    "wo plan est": {
      "Node Type": "Aggregate",
      "Strategy": "Sorted",
      "Partial Mode": "Finalize",
      "Parallel Aware": false,
      "Async Capable": false,
      "Startup Cost": 1955785.01,
      "Total Cost": 1956486.84,
      "Plan Rows": 2406,
      "Plan Width": 64,
      "Group Key": [
        "(EXTRACT(year FROM orders.o_orderdate))"
      ],
      "Plans": [
        {
          "Node Type": "Gather Merge",
          "Parent Relationship": "Outer",
          "Parallel Aware": false,
          "Async Capable": false,
          "Startup Cost": 1955785.01,
          "Total Cost": 1956408.65,
          "Plan Rows": 2406,
          "Plan Width": 96,
          "Workers Planned": 1,
          "Plans": [
            {
              "Node Type": "Aggregate",
              "Strategy": "Sorted",
              "Partial Mode": "Partial",
              "Parent Relationship": "Outer",
              "Parallel Aware": false,
              "Async Capable": false,
              "Startup Cost": 1954785.0,
              "Total Cost": 1955137.96,
              "Plan Rows": 2406,
              "Plan Width": 96,
              "Group Key": [
                "(EXTRACT(year FROM orders.o_orderdate))"
              ],
              "Plans": [
                {
                  "Node Type": "Sort",
                  "Parent Relationship": "Outer",
                  "Parallel Aware": false,
                  "Async Capable": false,
                  "Startup Cost": 1954785.0,
                  "Total Cost": 1954819.54,
                  "Plan Rows": 13816,
                  "Plan Width": 70,
                  "Sort Key": [
                    "(EXTRACT(year FROM orders.o_orderdate))"
                  ],
                  "Plans": [
                    {
                      "Node Type": "Hash Join",
                      "Parent Relationship": "Outer",
                      "Parallel Aware": false,
                      "Async Capable": false,
                      "Join Type": "Inner",
                      "Startup Cost": 1950527.96,
                      "Total Cost": 1953834.87,
                      "Plan Rows": 13816,
                      "Plan Width": 70,
                      "Inner Unique": false,
                      "Hash Cond": "(supplier.s_nationkey = n2.n_nationkey)",
                      "Plans": [
                        {
                          "Node Type": "Hash Join",
                          "Parent Relationship": "Outer",
                          "Parallel Aware": true,
                          "Async Capable": false,
                          "Join Type": "Inner",
                          "Startup Cost": 1950526.4,
                          "Total Cost": 1953608.79,
                          "Plan Rows": 13816,
                          "Plan Width": 20,
                          "Inner Unique": false,
                          "Hash Cond": "(supplier.s_suppkey = lineitem.l_suppkey)",
                          "Plans": [
                            {
                              "Node Type": "Seq Scan",
                              "Parent Relationship": "Outer",
                              "Parallel Aware": true,
                              "Async Capable": false,
                              "Relation Name": "supplier",
                              "Alias": "supplier",
                              "Startup Cost": 0.0,
                              "Total Cost": 2804.24,
                              "Plan Rows": 58824,
                              "Plan Width": 8,
                              "parent": 5,
                              "ID": 6
                            },
                            {
                              "Node Type": "Hash",
                              "Parent Relationship": "Inner",
                              "Parallel Aware": true,
                              "Async Capable": false,
                              "Startup Cost": 1950404.06,
                              "Total Cost": 1950404.06,
                              "Plan Rows": 9787,
                              "Plan Width": 20,
                              "Plans": [
                                {
                                  "Node Type": "Hash Join",
                                  "Parent Relationship": "Outer",
                                  "Parallel Aware": false,
                                  "Async Capable": false,
                                  "Join Type": "Inner",
                                  "Startup Cost": 1905498.74,
                                  "Total Cost": 1950404.06,
                                  "Plan Rows": 9787,
                                  "Plan Width": 20,
                                  "Inner Unique": false,
                                  "Hash Cond": "(customer.c_nationkey = n1.n_nationkey)",
                                  "Plans": [
                                    {
                                      "Node Type": "Hash Join",
                                      "Parent Relationship": "Outer",
                                      "Parallel Aware": true,
                                      "Async Capable": false,
                                      "Join Type": "Inner",
                                      "Startup Cost": 1905496.2,
                                      "Total Cost": 1950120.18,
                                      "Plan Rows": 48932,
                                      "Plan Width": 24,
                                      "Inner Unique": false,
                                      "Hash Cond": "(customer.c_custkey = orders.o_custkey)",
                                      "Plans": [
                                        {
                                          "Node Type": "Seq Scan",
                                          "Parent Relationship": "Outer",
                                          "Parallel Aware": true,
                                          "Async Capable": false,
                                          "Relation Name": "customer",
                                          "Alias": "customer",
                                          "Startup Cost": 0.0,
                                          "Total Cost": 42076.52,
                                          "Plan Rows": 624952,
                                          "Plan Width": 8,
                                          "parent": 9,
                                          "ID": 10
                                        },
                                        {
                                          "Node Type": "Hash",
                                          "Parent Relationship": "Inner",
                                          "Parallel Aware": true,
                                          "Async Capable": false,
                                          "Startup Cost": 1904884.55,
                                          "Total Cost": 1904884.55,
                                          "Plan Rows": 48932,
                                          "Plan Width": 24,
                                          "Plans": [
                                            {
                                              "Node Type": "Hash Join",
                                              "Parent Relationship": "Outer",
                                              "Parallel Aware": true,
                                              "Async Capable": false,
                                              "Join Type": "Inner",
                                              "Startup Cost": 1523283.11,
                                              "Total Cost": 1904884.55,
                                              "Plan Rows": 48932,
                                              "Plan Width": 24,
                                              "Inner Unique": false,
                                              "Hash Cond": "(orders.o_orderkey = lineitem.l_orderkey)",
                                              "Plans": [
                                                {
                                                  "Node Type": "Seq Scan",
                                                  "Parent Relationship": "Outer",
                                                  "Parallel Aware": true,
                                                  "Async Capable": false,
                                                  "Relation Name": "orders",
                                                  "Alias": "orders",
                                                  "Startup Cost": 0.0,
                                                  "Total Cost": 354655.56,
                                                  "Plan Rows": 1909064,
                                                  "Plan Width": 12,
                                                  "Filter": "((o_orderdate >= '1995-01-01'::date) AND (o_orderdate <= '1996-12-31'::date))",
                                                  "parent": 12,
                                                  "ID": 13
                                                },
                                                {
                                                  "Node Type": "Hash",
                                                  "Parent Relationship": "Inner",
                                                  "Parallel Aware": true,
                                                  "Async Capable": false,
                                                  "Startup Cost": 1520341.76,
                                                  "Total Cost": 1520341.76,
                                                  "Plan Rows": 160188,
                                                  "Plan Width": 20,
                                                  "Plans": [
                                                    {
                                                      "Node Type": "Hash Join",
                                                      "Parent Relationship": "Outer",
                                                      "Parallel Aware": true,
                                                      "Async Capable": false,
                                                      "Join Type": "Inner",
                                                      "Startup Cost": 51447.53,
                                                      "Total Cost": 1520341.76,
                                                      "Plan Rows": 160188,
                                                      "Plan Width": 20,
                                                      "Inner Unique": false,
                                                      "Hash Cond": "(lineitem.l_partkey = part.p_partkey)",
                                                      "Plans": [
                                                        {
                                                          "Node Type": "Seq Scan",
                                                          "Parent Relationship": "Outer",
                                                          "Parallel Aware": true,
                                                          "Async Capable": false,
                                                          "Relation Name": "lineitem",
                                                          "Alias": "lineitem",
                                                          "Startup Cost": 0.0,
                                                          "Total Cost": 1374494.57,
                                                          "Plan Rows": 24995257,
                                                          "Plan Width": 24,
                                                          "parent": 15,
                                                          "ID": 16
                                                        },
                                                        {
                                                          "Node Type": "Hash",
                                                          "Parent Relationship": "Inner",
                                                          "Parallel Aware": true,
                                                          "Async Capable": false,
                                                          "Startup Cost": 51378.28,
                                                          "Total Cost": 51378.28,
                                                          "Plan Rows": 5540,
                                                          "Plan Width": 4,
                                                          "Plans": [
                                                            {
                                                              "Node Type": "Seq Scan",
                                                              "Parent Relationship": "Outer",
                                                              "Parallel Aware": true,
                                                              "Async Capable": false,
                                                              "Relation Name": "part",
                                                              "Alias": "part",
                                                              "Startup Cost": 0.0,
                                                              "Total Cost": 51378.28,
                                                              "Plan Rows": 5540,
                                                              "Plan Width": 4,
                                                              "Filter": "((p_type)::text = 'LARGE PLATED COPPER'::text)",
                                                              "parent": 17,
                                                              "ID": 18
                                                            }
                                                          ],
                                                          "parent": 15,
                                                          "ID": 17,
                                                          "left": 18
                                                        }
                                                      ],
                                                      "parent": 14,
                                                      "ID": 15,
                                                      "left": 16,
                                                      "right": 17
                                                    }
                                                  ],
                                                  "parent": 12,
                                                  "ID": 14,
                                                  "left": 15
                                                }
                                              ],
                                              "parent": 11,
                                              "ID": 12,
                                              "left": 13,
                                              "right": 14
                                            }
                                          ],
                                          "parent": 9,
                                          "ID": 11,
                                          "left": 12
                                        }
                                      ],
                                      "parent": 8,
                                      "ID": 9,
                                      "left": 10,
                                      "right": 11
                                    },
                                    {
                                      "Node Type": "Hash",
                                      "Parent Relationship": "Inner",
                                      "Parallel Aware": false,
                                      "Async Capable": false,
                                      "Startup Cost": 2.47,
                                      "Total Cost": 2.47,
                                      "Plan Rows": 5,
                                      "Plan Width": 4,
                                      "Plans": [
                                        {
                                          "Node Type": "Hash Join",
                                          "Parent Relationship": "Outer",
                                          "Parallel Aware": false,
                                          "Async Capable": false,
                                          "Join Type": "Inner",
                                          "Startup Cost": 1.07,
                                          "Total Cost": 2.47,
                                          "Plan Rows": 5,
                                          "Plan Width": 4,
                                          "Inner Unique": false,
                                          "Hash Cond": "(n1.n_regionkey = region.r_regionkey)",
                                          "Plans": [
                                            {
                                              "Node Type": "Seq Scan",
                                              "Parent Relationship": "Outer",
                                              "Parallel Aware": false,
                                              "Async Capable": false,
                                              "Relation Name": "nation",
                                              "Alias": "n1",
                                              "Startup Cost": 0.0,
                                              "Total Cost": 1.25,
                                              "Plan Rows": 25,
                                              "Plan Width": 8,
                                              "parent": 20,
                                              "ID": 21
                                            },
                                            {
                                              "Node Type": "Hash",
                                              "Parent Relationship": "Inner",
                                              "Parallel Aware": false,
                                              "Async Capable": false,
                                              "Startup Cost": 1.06,
                                              "Total Cost": 1.06,
                                              "Plan Rows": 1,
                                              "Plan Width": 4,
                                              "Plans": [
                                                {
                                                  "Node Type": "Seq Scan",
                                                  "Parent Relationship": "Outer",
                                                  "Parallel Aware": false,
                                                  "Async Capable": false,
                                                  "Relation Name": "region",
                                                  "Alias": "region",
                                                  "Startup Cost": 0.0,
                                                  "Total Cost": 1.06,
                                                  "Plan Rows": 1,
                                                  "Plan Width": 4,
                                                  "Filter": "(r_name = 'MIDDLE EAST'::bpchar)",
                                                  "parent": 22,
                                                  "ID": 23
                                                }
                                              ],
                                              "parent": 20,
                                              "ID": 22,
                                              "left": 23
                                            }
                                          ],
                                          "parent": 19,
                                          "ID": 20,
                                          "left": 21,
                                          "right": 22
                                        }
                                      ],
                                      "parent": 8,
                                      "ID": 19,
                                      "left": 20
                                    }
                                  ],
                                  "parent": 7,
                                  "ID": 8,
                                  "left": 9,
                                  "right": 19
                                }
                              ],
                              "parent": 5,
                              "ID": 7,
                              "left": 8
                            }
                          ],
                          "parent": 4,
                          "ID": 5,
                          "left": 6,
                          "right": 7
                        },
                        {
                          "Node Type": "Hash",
                          "Parent Relationship": "Inner",
                          "Parallel Aware": false,
                          "Async Capable": false,
                          "Startup Cost": 1.25,
                          "Total Cost": 1.25,
                          "Plan Rows": 25,
                          "Plan Width": 30,
                          "Plans": [
                            {
                              "Node Type": "Seq Scan",
                              "Parent Relationship": "Outer",
                              "Parallel Aware": false,
                              "Async Capable": false,
                              "Relation Name": "nation",
                              "Alias": "n2",
                              "Startup Cost": 0.0,
                              "Total Cost": 1.25,
                              "Plan Rows": 25,
                              "Plan Width": 30,
                              "parent": 24,
                              "ID": 25
                            }
                          ],
                          "parent": 4,
                          "ID": 24,
                          "left": 25
                        }
                      ],
                      "parent": 3,
                      "ID": 4,
                      "left": 5,
                      "right": 24
                    }
                  ],
                  "parent": 2,
                  "ID": 3,
                  "left": 4
                }
              ],
              "parent": 1,
              "ID": 2,
              "left": 3
            }
          ],
          "parent": 0,
          "ID": 1,
          "left": 2
        }
      ],
      "parent": null,
      "ID": 0,
      "left": 1
    },
    "feat": {
      "utility": 5.111202281329937e-07,
      "query_shape": [
        [
          "Seq Scan",
          "Hash Join",
          "Sort",
          "Aggregate",
          "Gather Merge"
        ],
        [
          "Seq Scan",
          "Hash Join",
          "Hash",
          "Sort",
          "Aggregate",
          "Gather Merge"
        ],
        [
          "Seq Scan",
          "Hash Join",
          "Hash",
          "Sort",
          "Aggregate",
          "Gather Merge"
        ],
        [
          "Seq Scan",
          "Hash Join",
          "Hash",
          "Sort",
          "Aggregate",
          "Gather Merge"
        ],
        [
          "Seq Scan",
          "Hash",
          "Hash Join",
          "Sort",
          "Aggregate",
          "Gather Merge"
        ],
        [
          "Seq Scan",
          "Hash Join",
          "Hash",
          "Sort",
          "Aggregate",
          "Gather Merge"
        ],
        [
          "Seq Scan",
          "Hash",
          "Hash Join",
          "Sort",
          "Aggregate",
          "Gather Merge"
        ],
        [
          "Seq Scan",
          "Hash",
          "Hash Join",
          "Sort",
          "Aggregate",
          "Gather Merge"
        ]
      ],
      "index_shape": [
        "join"
      ],
      "physical_operator": {
        "Hash Join": [
          0.2
        ]
      }
    }
  },
  {
    "query": "-- Functional Query Definition\n-- Approved February 1998\n\n\nselect\nc_count,\ncount(*) as custdist\nfrom\n(\nselect\nc_custkey,\ncount(o_orderkey) c_count\nfrom\ncustomer left outer join orders on\nc_custkey = o_custkey\nand o_comment not like '%express%requests%'\ngroup by\nc_custkey\n) as alias123 \ngroup by\nc_count\norder by\ncustdist desc,\nc_count desc ;\n-- $ID$\n-- TPC-H/TPC-R Promotion Effect ",
    "indexes": "customer.c_custkey",
    "wo plan est": {
      "Node Type": "Sort",
      "Parallel Aware": false,
      "Async Capable": false,
      "Startup Cost": 1505334.16,
      "Total Cost": 1505334.66,
      "Plan Rows": 200,
      "Plan Width": 16,
      "Sort Key": [
        "(count(*)) DESC",
        "(count(orders.o_orderkey)) DESC"
      ],
      "Plans": [
        {
          "Node Type": "Aggregate",
          "Strategy": "Hashed",
          "Partial Mode": "Simple",
          "Parent Relationship": "Outer",
          "Parallel Aware": false,
          "Async Capable": false,
          "Startup Cost": 1505324.51,
          "Total Cost": 1505326.51,
          "Plan Rows": 200,
          "Plan Width": 16,
          "Group Key": [
            "count(orders.o_orderkey)"
          ],
          "Planned Partitions": 0,
          "Plans": [
            {
              "Node Type": "Aggregate",
              "Strategy": "Hashed",
              "Partial Mode": "Finalize",
              "Parent Relationship": "Outer",
              "Parallel Aware": false,
              "Async Capable": false,
              "Startup Cost": 1438532.76,
              "Total Cost": 1482826.24,
              "Plan Rows": 1499885,
              "Plan Width": 12,
              "Group Key": [
                "customer.c_custkey"
              ],
              "Planned Partitions": 64,
              "Plans": [
                {
                  "Node Type": "Gather",
                  "Parent Relationship": "Outer",
                  "Parallel Aware": false,
                  "Async Capable": false,
                  "Startup Cost": 884038.91,
                  "Total Cost": 1246359.99,
                  "Plan Rows": 2999770,
                  "Plan Width": 12,
                  "Workers Planned": 2,
                  "Single Copy": false,
                  "Plans": [
                    {
                      "Node Type": "Aggregate",
                      "Strategy": "Hashed",
                      "Partial Mode": "Partial",
                      "Parent Relationship": "Outer",
                      "Parallel Aware": false,
                      "Async Capable": false,
                      "Startup Cost": 883038.91,
                      "Total Cost": 945382.99,
                      "Plan Rows": 1499885,
                      "Plan Width": 12,
                      "Group Key": [
                        "customer.c_custkey"
                      ],
                      "Planned Partitions": 64,
                      "Plans": [
                        {
                          "Node Type": "Hash Join",
                          "Parent Relationship": "Outer",
                          "Parallel Aware": true,
                          "Async Capable": false,
                          "Join Type": "Left",
                          "Startup Cost": 438457.01,
                          "Total Cost": 542153.22,
                          "Plan Rows": 6060190,
                          "Plan Width": 8,
                          "Inner Unique": false,
                          "Hash Cond": "(customer.c_custkey = orders.o_custkey)",
                          "Plans": [
                            {
                              "Node Type": "Seq Scan",
                              "Parent Relationship": "Outer",
                              "Parallel Aware": true,
                              "Async Capable": false,
                              "Relation Name": "customer",
                              "Alias": "customer",
                              "Startup Cost": 0.0,
                              "Total Cost": 42076.52,
                              "Plan Rows": 624952,
                              "Plan Width": 4,
                              "parent": 5,
                              "ID": 6
                            },
                            {
                              "Node Type": "Hash",
                              "Parent Relationship": "Inner",
                              "Parallel Aware": true,
                              "Async Capable": false,
                              "Startup Cost": 339031.64,
                              "Total Cost": 339031.64,
                              "Plan Rows": 6060190,
                              "Plan Width": 8,
                              "Plans": [
                                {
                                  "Node Type": "Seq Scan",
                                  "Parent Relationship": "Outer",
                                  "Parallel Aware": true,
                                  "Async Capable": false,
                                  "Relation Name": "orders",
                                  "Alias": "orders",
                                  "Startup Cost": 0.0,
                                  "Total Cost": 339031.64,
                                  "Plan Rows": 6060190,
                                  "Plan Width": 8,
                                  "Filter": "((o_comment)::text !~~ '%express%requests%'::text)",
                                  "parent": 7,
                                  "ID": 8
                                }
                              ],
                              "parent": 5,
                              "ID": 7,
                              "left": 8
                            }
                          ],
                          "parent": 4,
                          "ID": 5,
                          "left": 6,
                          "right": 7
                        }
                      ],
                      "parent": 3,
                      "ID": 4,
                      "left": 5
                    }
                  ],
                  "parent": 2,
                  "ID": 3,
                  "left": 4
                }
              ],
              "parent": 1,
              "ID": 2,
              "left": 3
            }
          ],
          "parent": 0,
          "ID": 1,
          "left": 2
        }
      ],
      "parent": null,
      "ID": 0,
      "left": 1
    },
    "feat": {
      "utility": 0.2249352171688543,
      "query_shape": [
        [
          "Seq Scan",
          "Hash Join",
          "Aggregate",
          "Gather"
        ],
        [
          "Seq Scan",
          "Hash",
          "Hash Join",
          "Aggregate",
          "Gather"
        ]
      ],
      "index_shape": [
        "join"
      ],
      "physical_operator": {
        "Hash Join": [
          0.0012649596394501718
        ],
        "Aggregate": [
          "[1.0000000e+00 3.0009800e+03 6.0009600e+03 9.0009400e+03 1.2000920e+04\n 1.5000900e+04 1.8000880e+04 2.1000860e+04 2.4000840e+04 2.7000820e+04\n 3.0000800e+04 3.3000780e+04 3.6000760e+04 3.9000740e+04 4.2000720e+04\n 4.5000700e+04 4.8000680e+04 5.1000660e+04 5.4000640e+04 5.7000620e+04\n 6.0000600e+04 6.3000580e+04 6.6000560e+04 6.9000540e+04 7.2000520e+04\n 7.5000500e+04 7.8000480e+04 8.1000460e+04 8.4000440e+04 8.7000420e+04\n 9.0000400e+04 9.3000380e+04 9.6000360e+04 9.9000340e+04 1.0200032e+05\n 1.0500030e+05 1.0800028e+05 1.1100026e+05 1.1400024e+05 1.1700022e+05\n 1.2000020e+05 1.2300018e+05 1.2600016e+05 1.2900014e+05 1.3200012e+05\n 1.3500010e+05 1.3800008e+05 1.4100006e+05 1.4400004e+05 1.4700002e+05\n 1.5000000e+05]",
          "[1.0000000e+00 3.0009800e+03 6.0009600e+03 9.0009400e+03 1.2000920e+04\n 1.5000900e+04 1.8000880e+04 2.1000860e+04 2.4000840e+04 2.7000820e+04\n 3.0000800e+04 3.3000780e+04 3.6000760e+04 3.9000740e+04 4.2000720e+04\n 4.5000700e+04 4.8000680e+04 5.1000660e+04 5.4000640e+04 5.7000620e+04\n 6.0000600e+04 6.3000580e+04 6.6000560e+04 6.9000540e+04 7.2000520e+04\n 7.5000500e+04 7.8000480e+04 8.1000460e+04 8.4000440e+04 8.7000420e+04\n 9.0000400e+04 9.3000380e+04 9.6000360e+04 9.9000340e+04 1.0200032e+05\n 1.0500030e+05 1.0800028e+05 1.1100026e+05 1.1400024e+05 1.1700022e+05\n 1.2000020e+05 1.2300018e+05 1.2600016e+05 1.2900014e+05 1.3200012e+05\n 1.3500010e+05 1.3800008e+05 1.4100006e+05 1.4400004e+05 1.4700002e+05\n 1.5000000e+05]"
        ]
      }
    }
  },
  {
    "query": "-- Functional Query Definition\n-- Approved February 1998\n\n\nselect\nc_count,\ncount(*) as custdist\nfrom\n(\nselect\nc_custkey,\ncount(o_orderkey) c_count\nfrom\ncustomer left outer join orders on\nc_custkey = o_custkey\nand o_comment not like '%express%requests%'\ngroup by\nc_custkey\n) as alias123 \ngroup by\nc_count\norder by\ncustdist desc,\nc_count desc ;\n-- $ID$\n-- TPC-H/TPC-R Promotion Effect ",
    "indexes": "orders.o_orderkey",
    "wo plan est": {
      "Node Type": "Sort",
      "Parallel Aware": false,
      "Async Capable": false,
      "Startup Cost": 1505334.16,
      "Total Cost": 1505334.66,
      "Plan Rows": 200,
      "Plan Width": 16,
      "Sort Key": [
        "(count(*)) DESC",
        "(count(orders.o_orderkey)) DESC"
      ],
      "Plans": [
        {
          "Node Type": "Aggregate",
          "Strategy": "Hashed",
          "Partial Mode": "Simple",
          "Parent Relationship": "Outer",
          "Parallel Aware": false,
          "Async Capable": false,
          "Startup Cost": 1505324.51,
          "Total Cost": 1505326.51,
          "Plan Rows": 200,
          "Plan Width": 16,
          "Group Key": [
            "count(orders.o_orderkey)"
          ],
          "Planned Partitions": 0,
          "Plans": [
            {
              "Node Type": "Aggregate",
              "Strategy": "Hashed",
              "Partial Mode": "Finalize",
              "Parent Relationship": "Outer",
              "Parallel Aware": false,
              "Async Capable": false,
              "Startup Cost": 1438532.76,
              "Total Cost": 1482826.24,
              "Plan Rows": 1499885,
              "Plan Width": 12,
              "Group Key": [
                "customer.c_custkey"
              ],
              "Planned Partitions": 64,
              "Plans": [
                {
                  "Node Type": "Gather",
                  "Parent Relationship": "Outer",
                  "Parallel Aware": false,
                  "Async Capable": false,
                  "Startup Cost": 884038.91,
                  "Total Cost": 1246359.99,
                  "Plan Rows": 2999770,
                  "Plan Width": 12,
                  "Workers Planned": 2,
                  "Single Copy": false,
                  "Plans": [
                    {
                      "Node Type": "Aggregate",
                      "Strategy": "Hashed",
                      "Partial Mode": "Partial",
                      "Parent Relationship": "Outer",
                      "Parallel Aware": false,
                      "Async Capable": false,
                      "Startup Cost": 883038.91,
                      "Total Cost": 945382.99,
                      "Plan Rows": 1499885,
                      "Plan Width": 12,
                      "Group Key": [
                        "customer.c_custkey"
                      ],
                      "Planned Partitions": 64,
                      "Plans": [
                        {
                          "Node Type": "Hash Join",
                          "Parent Relationship": "Outer",
                          "Parallel Aware": true,
                          "Async Capable": false,
                          "Join Type": "Left",
                          "Startup Cost": 438457.01,
                          "Total Cost": 542153.22,
                          "Plan Rows": 6060190,
                          "Plan Width": 8,
                          "Inner Unique": false,
                          "Hash Cond": "(customer.c_custkey = orders.o_custkey)",
                          "Plans": [
                            {
                              "Node Type": "Seq Scan",
                              "Parent Relationship": "Outer",
                              "Parallel Aware": true,
                              "Async Capable": false,
                              "Relation Name": "customer",
                              "Alias": "customer",
                              "Startup Cost": 0.0,
                              "Total Cost": 42076.52,
                              "Plan Rows": 624952,
                              "Plan Width": 4,
                              "parent": 5,
                              "ID": 6
                            },
                            {
                              "Node Type": "Hash",
                              "Parent Relationship": "Inner",
                              "Parallel Aware": true,
                              "Async Capable": false,
                              "Startup Cost": 339031.64,
                              "Total Cost": 339031.64,
                              "Plan Rows": 6060190,
                              "Plan Width": 8,
                              "Plans": [
                                {
                                  "Node Type": "Seq Scan",
                                  "Parent Relationship": "Outer",
                                  "Parallel Aware": true,
                                  "Async Capable": false,
                                  "Relation Name": "orders",
                                  "Alias": "orders",
                                  "Startup Cost": 0.0,
                                  "Total Cost": 339031.64,
                                  "Plan Rows": 6060190,
                                  "Plan Width": 8,
                                  "Filter": "((o_comment)::text !~~ '%express%requests%'::text)",
                                  "parent": 7,
                                  "ID": 8
                                }
                              ],
                              "parent": 5,
                              "ID": 7,
                              "left": 8
                            }
                          ],
                          "parent": 4,
                          "ID": 5,
                          "left": 6,
                          "right": 7
                        }
                      ],
                      "parent": 3,
                      "ID": 4,
                      "left": 5
                    }
                  ],
                  "parent": 2,
                  "ID": 3,
                  "left": 4
                }
              ],
              "parent": 1,
              "ID": 2,
              "left": 3
            }
          ],
          "parent": 0,
          "ID": 1,
          "left": 2
        }
      ],
      "parent": null,
      "ID": 0,
      "left": 1
    },
    "feat": {
      "utility": 0.0,
      "query_shape": [
        [
          "Seq Scan",
          "Hash Join",
          "Aggregate",
          "Gather"
        ],
        [
          "Seq Scan",
          "Hash",
          "Hash Join",
          "Aggregate",
          "Gather"
        ]
      ],
      "index_shape": [
        "order-by"
      ],
      "physical_operator": {
        "Sort": [
          "[1.00000000e+00 1.20000980e+05 2.40000960e+05 3.60000940e+05\n 4.80000920e+05 6.00000900e+05 7.20000880e+05 8.40000860e+05\n 9.60000840e+05 1.08000082e+06 1.20000080e+06 1.32000078e+06\n 1.44000076e+06 1.56000074e+06 1.68000072e+06 1.80000070e+06\n 1.92000068e+06 2.04000066e+06 2.16000064e+06 2.28000062e+06\n 2.40000060e+06 2.52000058e+06 2.64000056e+06 2.76000054e+06\n 2.88000052e+06 3.00000050e+06 3.12000048e+06 3.24000046e+06\n 3.36000044e+06 3.48000042e+06 3.60000040e+06 3.72000038e+06\n 3.84000036e+06 3.96000034e+06 4.08000032e+06 4.20000030e+06\n 4.32000028e+06 4.44000026e+06 4.56000024e+06 4.68000022e+06\n 4.80000020e+06 4.92000018e+06 5.04000016e+06 5.16000014e+06\n 5.28000012e+06 5.40000010e+06 5.52000008e+06 5.64000006e+06\n 5.76000004e+06 5.88000002e+06 6.00000000e+06]"
        ],
        "Aggregate": [
          "[1.00000000e+00 1.20000980e+05 2.40000960e+05 3.60000940e+05\n 4.80000920e+05 6.00000900e+05 7.20000880e+05 8.40000860e+05\n 9.60000840e+05 1.08000082e+06 1.20000080e+06 1.32000078e+06\n 1.44000076e+06 1.56000074e+06 1.68000072e+06 1.80000070e+06\n 1.92000068e+06 2.04000066e+06 2.16000064e+06 2.28000062e+06\n 2.40000060e+06 2.52000058e+06 2.64000056e+06 2.76000054e+06\n 2.88000052e+06 3.00000050e+06 3.12000048e+06 3.24000046e+06\n 3.36000044e+06 3.48000042e+06 3.60000040e+06 3.72000038e+06\n 3.84000036e+06 3.96000034e+06 4.08000032e+06 4.20000030e+06\n 4.32000028e+06 4.44000026e+06 4.56000024e+06 4.68000022e+06\n 4.80000020e+06 4.92000018e+06 5.04000016e+06 5.16000014e+06\n 5.28000012e+06 5.40000010e+06 5.52000008e+06 5.64000006e+06\n 5.76000004e+06 5.88000002e+06 6.00000000e+06]"
        ]
      }
    }
  },
  {
    "query": "-- Functional Query Definition\n-- Approved February 1998\n\n\nselect\nc_count,\ncount(*) as custdist\nfrom\n(\nselect\nc_custkey,\ncount(o_orderkey) c_count\nfrom\ncustomer left outer join orders on\nc_custkey = o_custkey\nand o_comment not like '%express%requests%'\ngroup by\nc_custkey\n) as alias123 \ngroup by\nc_count\norder by\ncustdist desc,\nc_count desc ;\n-- $ID$\n-- TPC-H/TPC-R Promotion Effect ",
    "indexes": "orders.o_custkey",
    "wo plan est": {
      "Node Type": "Sort",
      "Parallel Aware": false,
      "Async Capable": false,
      "Startup Cost": 1505334.16,
      "Total Cost": 1505334.66,
      "Plan Rows": 200,
      "Plan Width": 16,
      "Sort Key": [
        "(count(*)) DESC",
        "(count(orders.o_orderkey)) DESC"
      ],
      "Plans": [
        {
          "Node Type": "Aggregate",
          "Strategy": "Hashed",
          "Partial Mode": "Simple",
          "Parent Relationship": "Outer",
          "Parallel Aware": false,
          "Async Capable": false,
          "Startup Cost": 1505324.51,
          "Total Cost": 1505326.51,
          "Plan Rows": 200,
          "Plan Width": 16,
          "Group Key": [
            "count(orders.o_orderkey)"
          ],
          "Planned Partitions": 0,
          "Plans": [
            {
              "Node Type": "Aggregate",
              "Strategy": "Hashed",
              "Partial Mode": "Finalize",
              "Parent Relationship": "Outer",
              "Parallel Aware": false,
              "Async Capable": false,
              "Startup Cost": 1438532.76,
              "Total Cost": 1482826.24,
              "Plan Rows": 1499885,
              "Plan Width": 12,
              "Group Key": [
                "customer.c_custkey"
              ],
              "Planned Partitions": 64,
              "Plans": [
                {
                  "Node Type": "Gather",
                  "Parent Relationship": "Outer",
                  "Parallel Aware": false,
                  "Async Capable": false,
                  "Startup Cost": 884038.91,
                  "Total Cost": 1246359.99,
                  "Plan Rows": 2999770,
                  "Plan Width": 12,
                  "Workers Planned": 2,
                  "Single Copy": false,
                  "Plans": [
                    {
                      "Node Type": "Aggregate",
                      "Strategy": "Hashed",
                      "Partial Mode": "Partial",
                      "Parent Relationship": "Outer",
                      "Parallel Aware": false,
                      "Async Capable": false,
                      "Startup Cost": 883038.91,
                      "Total Cost": 945382.99,
                      "Plan Rows": 1499885,
                      "Plan Width": 12,
                      "Group Key": [
                        "customer.c_custkey"
                      ],
                      "Planned Partitions": 64,
                      "Plans": [
                        {
                          "Node Type": "Hash Join",
                          "Parent Relationship": "Outer",
                          "Parallel Aware": true,
                          "Async Capable": false,
                          "Join Type": "Left",
                          "Startup Cost": 438457.01,
                          "Total Cost": 542153.22,
                          "Plan Rows": 6060190,
                          "Plan Width": 8,
                          "Inner Unique": false,
                          "Hash Cond": "(customer.c_custkey = orders.o_custkey)",
                          "Plans": [
                            {
                              "Node Type": "Seq Scan",
                              "Parent Relationship": "Outer",
                              "Parallel Aware": true,
                              "Async Capable": false,
                              "Relation Name": "customer",
                              "Alias": "customer",
                              "Startup Cost": 0.0,
                              "Total Cost": 42076.52,
                              "Plan Rows": 624952,
                              "Plan Width": 4,
                              "parent": 5,
                              "ID": 6
                            },
                            {
                              "Node Type": "Hash",
                              "Parent Relationship": "Inner",
                              "Parallel Aware": true,
                              "Async Capable": false,
                              "Startup Cost": 339031.64,
                              "Total Cost": 339031.64,
                              "Plan Rows": 6060190,
                              "Plan Width": 8,
                              "Plans": [
                                {
                                  "Node Type": "Seq Scan",
                                  "Parent Relationship": "Outer",
                                  "Parallel Aware": true,
                                  "Async Capable": false,
                                  "Relation Name": "orders",
                                  "Alias": "orders",
                                  "Startup Cost": 0.0,
                                  "Total Cost": 339031.64,
                                  "Plan Rows": 6060190,
                                  "Plan Width": 8,
                                  "Filter": "((o_comment)::text !~~ '%express%requests%'::text)",
                                  "parent": 7,
                                  "ID": 8
                                }
                              ],
                              "parent": 5,
                              "ID": 7,
                              "left": 8
                            }
                          ],
                          "parent": 4,
                          "ID": 5,
                          "left": 6,
                          "right": 7
                        }
                      ],
                      "parent": 3,
                      "ID": 4,
                      "left": 5
                    }
                  ],
                  "parent": 2,
                  "ID": 3,
                  "left": 4
                }
              ],
              "parent": 1,
              "ID": 2,
              "left": 3
            }
          ],
          "parent": 0,
          "ID": 1,
          "left": 2
        }
      ],
      "parent": null,
      "ID": 0,
      "left": 1
    },
    "feat": {
      "utility": 0.2249352171688543,
      "query_shape": [
        [
          "Seq Scan",
          "Hash Join",
          "Aggregate",
          "Gather"
        ],
        [
          "Seq Scan",
          "Hash",
          "Hash Join",
          "Aggregate",
          "Gather"
        ]
      ],
      "index_shape": [
        "join"
      ],
      "physical_operator": {
        "Hash Join": [
          0.0012649596394501718
        ]
      }
    }
  },
  {
    "query": "-- Functional Query Definition\n-- Approved February 1998\n\n\nselect\nc_count,\ncount(*) as custdist\nfrom\n(\nselect\nc_custkey,\ncount(o_orderkey) c_count\nfrom\ncustomer left outer join orders on\nc_custkey = o_custkey\nand o_comment not like '%express%requests%'\ngroup by\nc_custkey\n) as alias123 \ngroup by\nc_count\norder by\ncustdist desc,\nc_count desc ;\n-- $ID$\n-- TPC-H/TPC-R Promotion Effect ",
    "indexes": "orders.o_comment",
    "wo plan est": {
      "Node Type": "Sort",
      "Parallel Aware": false,
      "Async Capable": false,
      "Startup Cost": 1505334.16,
      "Total Cost": 1505334.66,
      "Plan Rows": 200,
      "Plan Width": 16,
      "Sort Key": [
        "(count(*)) DESC",
        "(count(orders.o_orderkey)) DESC"
      ],
      "Plans": [
        {
          "Node Type": "Aggregate",
          "Strategy": "Hashed",
          "Partial Mode": "Simple",
          "Parent Relationship": "Outer",
          "Parallel Aware": false,
          "Async Capable": false,
          "Startup Cost": 1505324.51,
          "Total Cost": 1505326.51,
          "Plan Rows": 200,
          "Plan Width": 16,
          "Group Key": [
            "count(orders.o_orderkey)"
          ],
          "Planned Partitions": 0,
          "Plans": [
            {
              "Node Type": "Aggregate",
              "Strategy": "Hashed",
              "Partial Mode": "Finalize",
              "Parent Relationship": "Outer",
              "Parallel Aware": false,
              "Async Capable": false,
              "Startup Cost": 1438532.76,
              "Total Cost": 1482826.24,
              "Plan Rows": 1499885,
              "Plan Width": 12,
              "Group Key": [
                "customer.c_custkey"
              ],
              "Planned Partitions": 64,
              "Plans": [
                {
                  "Node Type": "Gather",
                  "Parent Relationship": "Outer",
                  "Parallel Aware": false,
                  "Async Capable": false,
                  "Startup Cost": 884038.91,
                  "Total Cost": 1246359.99,
                  "Plan Rows": 2999770,
                  "Plan Width": 12,
                  "Workers Planned": 2,
                  "Single Copy": false,
                  "Plans": [
                    {
                      "Node Type": "Aggregate",
                      "Strategy": "Hashed",
                      "Partial Mode": "Partial",
                      "Parent Relationship": "Outer",
                      "Parallel Aware": false,
                      "Async Capable": false,
                      "Startup Cost": 883038.91,
                      "Total Cost": 945382.99,
                      "Plan Rows": 1499885,
                      "Plan Width": 12,
                      "Group Key": [
                        "customer.c_custkey"
                      ],
                      "Planned Partitions": 64,
                      "Plans": [
                        {
                          "Node Type": "Hash Join",
                          "Parent Relationship": "Outer",
                          "Parallel Aware": true,
                          "Async Capable": false,
                          "Join Type": "Left",
                          "Startup Cost": 438457.01,
                          "Total Cost": 542153.22,
                          "Plan Rows": 6060190,
                          "Plan Width": 8,
                          "Inner Unique": false,
                          "Hash Cond": "(customer.c_custkey = orders.o_custkey)",
                          "Plans": [
                            {
                              "Node Type": "Seq Scan",
                              "Parent Relationship": "Outer",
                              "Parallel Aware": true,
                              "Async Capable": false,
                              "Relation Name": "customer",
                              "Alias": "customer",
                              "Startup Cost": 0.0,
                              "Total Cost": 42076.52,
                              "Plan Rows": 624952,
                              "Plan Width": 4,
                              "parent": 5,
                              "ID": 6
                            },
                            {
                              "Node Type": "Hash",
                              "Parent Relationship": "Inner",
                              "Parallel Aware": true,
                              "Async Capable": false,
                              "Startup Cost": 339031.64,
                              "Total Cost": 339031.64,
                              "Plan Rows": 6060190,
                              "Plan Width": 8,
                              "Plans": [
                                {
                                  "Node Type": "Seq Scan",
                                  "Parent Relationship": "Outer",
                                  "Parallel Aware": true,
                                  "Async Capable": false,
                                  "Relation Name": "orders",
                                  "Alias": "orders",
                                  "Startup Cost": 0.0,
                                  "Total Cost": 339031.64,
                                  "Plan Rows": 6060190,
                                  "Plan Width": 8,
                                  "Filter": "((o_comment)::text !~~ '%express%requests%'::text)",
                                  "parent": 7,
                                  "ID": 8
                                }
                              ],
                              "parent": 5,
                              "ID": 7,
                              "left": 8
                            }
                          ],
                          "parent": 4,
                          "ID": 5,
                          "left": 6,
                          "right": 7
                        }
                      ],
                      "parent": 3,
                      "ID": 4,
                      "left": 5
                    }
                  ],
                  "parent": 2,
                  "ID": 3,
                  "left": 4
                }
              ],
              "parent": 1,
              "ID": 2,
              "left": 3
            }
          ],
          "parent": 0,
          "ID": 1,
          "left": 2
        }
      ],
      "parent": null,
      "ID": 0,
      "left": 1
    },
    "feat": {
      "utility": 0.2024721670593878,
      "query_shape": [
        [
          "Seq Scan",
          "Hash Join",
          "Aggregate",
          "Gather"
        ],
        [
          "Seq Scan",
          "Hash",
          "Hash Join",
          "Aggregate",
          "Gather"
        ]
      ],
      "index_shape": [
        "selection"
      ],
      "physical_operator": {
        "Seq Scan": [
          0.10100316666666664
        ]
      }
    }
  },
  {
    "query": "-- Functional Query Definition\n-- Approved February 1998\n\n\nselect\no_year,\nsum(case\nwhen nation = 'PERU' then volume\nelse 0\nend) / sum(volume) as mkt_share\nfrom\n(\nselect\nextract(year from o_orderdate) as o_year,\nl_extendedprice * (1 - l_discount) as volume,\nn2.n_name as nation\nfrom\npart,\nsupplier,\nlineitem,\norders,\ncustomer,\nnation n1,\nnation n2,\nregion\nwhere\np_partkey = l_partkey\nand s_suppkey = l_suppkey\nand l_orderkey = o_orderkey\nand o_custkey = c_custkey\nand c_nationkey = n1.n_nationkey\nand n1.n_regionkey = r_regionkey\nand r_name = 'AMERICA'\nand s_nationkey = n2.n_nationkey\nand o_orderdate between date '1995-01-01' and date '1996-12-31'\nand p_type = 'SMALL ANODIZED BRASS'\n) as all_nations\ngroup by\no_year\norder by\no_year ;\n-- $ID$\n-- TPC-H/TPC-R Product Type Profit Measure ",
    "indexes": "customer.c_custkey",
    "wo plan est": {
      "Node Type": "Aggregate",
      "Strategy": "Sorted",
      "Partial Mode": "Finalize",
      "Parallel Aware": false,
      "Async Capable": false,
      "Startup Cost": 1955785.01,
      "Total Cost": 1956486.84,
      "Plan Rows": 2406,
      "Plan Width": 64,
      "Group Key": [
        "(EXTRACT(year FROM orders.o_orderdate))"
      ],
      "Plans": [
        {
          "Node Type": "Gather Merge",
          "Parent Relationship": "Outer",
          "Parallel Aware": false,
          "Async Capable": false,
          "Startup Cost": 1955785.01,
          "Total Cost": 1956408.65,
          "Plan Rows": 2406,
          "Plan Width": 96,
          "Workers Planned": 1,
          "Plans": [
            {
              "Node Type": "Aggregate",
              "Strategy": "Sorted",
              "Partial Mode": "Partial",
              "Parent Relationship": "Outer",
              "Parallel Aware": false,
              "Async Capable": false,
              "Startup Cost": 1954785.0,
              "Total Cost": 1955137.96,
              "Plan Rows": 2406,
              "Plan Width": 96,
              "Group Key": [
                "(EXTRACT(year FROM orders.o_orderdate))"
              ],
              "Plans": [
                {
                  "Node Type": "Sort",
                  "Parent Relationship": "Outer",
                  "Parallel Aware": false,
                  "Async Capable": false,
                  "Startup Cost": 1954785.0,
                  "Total Cost": 1954819.54,
                  "Plan Rows": 13816,
                  "Plan Width": 70,
                  "Sort Key": [
                    "(EXTRACT(year FROM orders.o_orderdate))"
                  ],
                  "Plans": [
                    {
                      "Node Type": "Hash Join",
                      "Parent Relationship": "Outer",
                      "Parallel Aware": false,
                      "Async Capable": false,
                      "Join Type": "Inner",
                      "Startup Cost": 1950527.96,
                      "Total Cost": 1953834.87,
                      "Plan Rows": 13816,
                      "Plan Width": 70,
                      "Inner Unique": false,
                      "Hash Cond": "(supplier.s_nationkey = n2.n_nationkey)",
                      "Plans": [
                        {
                          "Node Type": "Hash Join",
                          "Parent Relationship": "Outer",
                          "Parallel Aware": true,
                          "Async Capable": false,
                          "Join Type": "Inner",
                          "Startup Cost": 1950526.4,
                          "Total Cost": 1953608.79,
                          "Plan Rows": 13816,
                          "Plan Width": 20,
                          "Inner Unique": false,
                          "Hash Cond": "(supplier.s_suppkey = lineitem.l_suppkey)",
                          "Plans": [
                            {
                              "Node Type": "Seq Scan",
                              "Parent Relationship": "Outer",
                              "Parallel Aware": true,
                              "Async Capable": false,
                              "Relation Name": "supplier",
                              "Alias": "supplier",
                              "Startup Cost": 0.0,
                              "Total Cost": 2804.24,
                              "Plan Rows": 58824,
                              "Plan Width": 8,
                              "parent": 5,
                              "ID": 6
                            },
                            {
                              "Node Type": "Hash",
                              "Parent Relationship": "Inner",
                              "Parallel Aware": true,
                              "Async Capable": false,
                              "Startup Cost": 1950404.06,
                              "Total Cost": 1950404.06,
                              "Plan Rows": 9787,
                              "Plan Width": 20,
                              "Plans": [
                                {
                                  "Node Type": "Hash Join",
                                  "Parent Relationship": "Outer",
                                  "Parallel Aware": false,
                                  "Async Capable": false,
                                  "Join Type": "Inner",
                                  "Startup Cost": 1905498.74,
                                  "Total Cost": 1950404.06,
                                  "Plan Rows": 9787,
                                  "Plan Width": 20,
                                  "Inner Unique": false,
                                  "Hash Cond": "(customer.c_nationkey = n1.n_nationkey)",
                                  "Plans": [
                                    {
                                      "Node Type": "Hash Join",
                                      "Parent Relationship": "Outer",
                                      "Parallel Aware": true,
                                      "Async Capable": false,
                                      "Join Type": "Inner",
                                      "Startup Cost": 1905496.2,
                                      "Total Cost": 1950120.18,
                                      "Plan Rows": 48932,
                                      "Plan Width": 24,
                                      "Inner Unique": false,
                                      "Hash Cond": "(customer.c_custkey = orders.o_custkey)",
                                      "Plans": [
                                        {
                                          "Node Type": "Seq Scan",
                                          "Parent Relationship": "Outer",
                                          "Parallel Aware": true,
                                          "Async Capable": false,
                                          "Relation Name": "customer",
                                          "Alias": "customer",
                                          "Startup Cost": 0.0,
                                          "Total Cost": 42076.52,
                                          "Plan Rows": 624952,
                                          "Plan Width": 8,
                                          "parent": 9,
                                          "ID": 10
                                        },
                                        {
                                          "Node Type": "Hash",
                                          "Parent Relationship": "Inner",
                                          "Parallel Aware": true,
                                          "Async Capable": false,
                                          "Startup Cost": 1904884.55,
                                          "Total Cost": 1904884.55,
                                          "Plan Rows": 48932,
                                          "Plan Width": 24,
                                          "Plans": [
                                            {
                                              "Node Type": "Hash Join",
                                              "Parent Relationship": "Outer",
                                              "Parallel Aware": true,
                                              "Async Capable": false,
                                              "Join Type": "Inner",
                                              "Startup Cost": 1523283.11,
                                              "Total Cost": 1904884.55,
                                              "Plan Rows": 48932,
                                              "Plan Width": 24,
                                              "Inner Unique": false,
                                              "Hash Cond": "(orders.o_orderkey = lineitem.l_orderkey)",
                                              "Plans": [
                                                {
                                                  "Node Type": "Seq Scan",
                                                  "Parent Relationship": "Outer",
                                                  "Parallel Aware": true,
                                                  "Async Capable": false,
                                                  "Relation Name": "orders",
                                                  "Alias": "orders",
                                                  "Startup Cost": 0.0,
                                                  "Total Cost": 354655.56,
                                                  "Plan Rows": 1909064,
                                                  "Plan Width": 12,
                                                  "Filter": "((o_orderdate >= '1995-01-01'::date) AND (o_orderdate <= '1996-12-31'::date))",
                                                  "parent": 12,
                                                  "ID": 13
                                                },
                                                {
                                                  "Node Type": "Hash",
                                                  "Parent Relationship": "Inner",
                                                  "Parallel Aware": true,
                                                  "Async Capable": false,
                                                  "Startup Cost": 1520341.76,
                                                  "Total Cost": 1520341.76,
                                                  "Plan Rows": 160188,
                                                  "Plan Width": 20,
                                                  "Plans": [
                                                    {
                                                      "Node Type": "Hash Join",
                                                      "Parent Relationship": "Outer",
                                                      "Parallel Aware": true,
                                                      "Async Capable": false,
                                                      "Join Type": "Inner",
                                                      "Startup Cost": 51447.53,
                                                      "Total Cost": 1520341.76,
                                                      "Plan Rows": 160188,
                                                      "Plan Width": 20,
                                                      "Inner Unique": false,
                                                      "Hash Cond": "(lineitem.l_partkey = part.p_partkey)",
                                                      "Plans": [
                                                        {
                                                          "Node Type": "Seq Scan",
                                                          "Parent Relationship": "Outer",
                                                          "Parallel Aware": true,
                                                          "Async Capable": false,
                                                          "Relation Name": "lineitem",
                                                          "Alias": "lineitem",
                                                          "Startup Cost": 0.0,
                                                          "Total Cost": 1374494.57,
                                                          "Plan Rows": 24995257,
                                                          "Plan Width": 24,
                                                          "parent": 15,
                                                          "ID": 16
                                                        },
                                                        {
                                                          "Node Type": "Hash",
                                                          "Parent Relationship": "Inner",
                                                          "Parallel Aware": true,
                                                          "Async Capable": false,
                                                          "Startup Cost": 51378.28,
                                                          "Total Cost": 51378.28,
                                                          "Plan Rows": 5540,
                                                          "Plan Width": 4,
                                                          "Plans": [
                                                            {
                                                              "Node Type": "Seq Scan",
                                                              "Parent Relationship": "Outer",
                                                              "Parallel Aware": true,
                                                              "Async Capable": false,
                                                              "Relation Name": "part",
                                                              "Alias": "part",
                                                              "Startup Cost": 0.0,
                                                              "Total Cost": 51378.28,
                                                              "Plan Rows": 5540,
                                                              "Plan Width": 4,
                                                              "Filter": "((p_type)::text = 'SMALL ANODIZED BRASS'::text)",
                                                              "parent": 17,
                                                              "ID": 18
                                                            }
                                                          ],
                                                          "parent": 15,
                                                          "ID": 17,
                                                          "left": 18
                                                        }
                                                      ],
                                                      "parent": 14,
                                                      "ID": 15,
                                                      "left": 16,
                                                      "right": 17
                                                    }
                                                  ],
                                                  "parent": 12,
                                                  "ID": 14,
                                                  "left": 15
                                                }
                                              ],
                                              "parent": 11,
                                              "ID": 12,
                                              "left": 13,
                                              "right": 14
                                            }
                                          ],
                                          "parent": 9,
                                          "ID": 11,
                                          "left": 12
                                        }
                                      ],
                                      "parent": 8,
                                      "ID": 9,
                                      "left": 10,
                                      "right": 11
                                    },
                                    {
                                      "Node Type": "Hash",
                                      "Parent Relationship": "Inner",
                                      "Parallel Aware": false,
                                      "Async Capable": false,
                                      "Startup Cost": 2.47,
                                      "Total Cost": 2.47,
                                      "Plan Rows": 5,
                                      "Plan Width": 4,
                                      "Plans": [
                                        {
                                          "Node Type": "Hash Join",
                                          "Parent Relationship": "Outer",
                                          "Parallel Aware": false,
                                          "Async Capable": false,
                                          "Join Type": "Inner",
                                          "Startup Cost": 1.07,
                                          "Total Cost": 2.47,
                                          "Plan Rows": 5,
                                          "Plan Width": 4,
                                          "Inner Unique": false,
                                          "Hash Cond": "(n1.n_regionkey = region.r_regionkey)",
                                          "Plans": [
                                            {
                                              "Node Type": "Seq Scan",
                                              "Parent Relationship": "Outer",
                                              "Parallel Aware": false,
                                              "Async Capable": false,
                                              "Relation Name": "nation",
                                              "Alias": "n1",
                                              "Startup Cost": 0.0,
                                              "Total Cost": 1.25,
                                              "Plan Rows": 25,
                                              "Plan Width": 8,
                                              "parent": 20,
                                              "ID": 21
                                            },
                                            {
                                              "Node Type": "Hash",
                                              "Parent Relationship": "Inner",
                                              "Parallel Aware": false,
                                              "Async Capable": false,
                                              "Startup Cost": 1.06,
                                              "Total Cost": 1.06,
                                              "Plan Rows": 1,
                                              "Plan Width": 4,
                                              "Plans": [
                                                {
                                                  "Node Type": "Seq Scan",
                                                  "Parent Relationship": "Outer",
                                                  "Parallel Aware": false,
                                                  "Async Capable": false,
                                                  "Relation Name": "region",
                                                  "Alias": "region",
                                                  "Startup Cost": 0.0,
                                                  "Total Cost": 1.06,
                                                  "Plan Rows": 1,
                                                  "Plan Width": 4,
                                                  "Filter": "(r_name = 'AMERICA'::bpchar)",
                                                  "parent": 22,
                                                  "ID": 23
                                                }
                                              ],
                                              "parent": 20,
                                              "ID": 22,
                                              "left": 23
                                            }
                                          ],
                                          "parent": 19,
                                          "ID": 20,
                                          "left": 21,
                                          "right": 22
                                        }
                                      ],
                                      "parent": 8,
                                      "ID": 19,
                                      "left": 20
                                    }
                                  ],
                                  "parent": 7,
                                  "ID": 8,
                                  "left": 9,
                                  "right": 19
                                }
                              ],
                              "parent": 5,
                              "ID": 7,
                              "left": 8
                            }
                          ],
                          "parent": 4,
                          "ID": 5,
                          "left": 6,
                          "right": 7
                        },
                        {
                          "Node Type": "Hash",
                          "Parent Relationship": "Inner",
                          "Parallel Aware": false,
                          "Async Capable": false,
                          "Startup Cost": 1.25,
                          "Total Cost": 1.25,
                          "Plan Rows": 25,
                          "Plan Width": 30,
                          "Plans": [
                            {
                              "Node Type": "Seq Scan",
                              "Parent Relationship": "Outer",
                              "Parallel Aware": false,
                              "Async Capable": false,
                              "Relation Name": "nation",
                              "Alias": "n2",
                              "Startup Cost": 0.0,
                              "Total Cost": 1.25,
                              "Plan Rows": 25,
                              "Plan Width": 30,
                              "parent": 24,
                              "ID": 25
                            }
                          ],
                          "parent": 4,
                          "ID": 24,
                          "left": 25
                        }
                      ],
                      "parent": 3,
                      "ID": 4,
                      "left": 5,
                      "right": 24
                    }
                  ],
                  "parent": 2,
                  "ID": 3,
                  "left": 4
                }
              ],
              "parent": 1,
              "ID": 2,
              "left": 3
            }
          ],
          "parent": 0,
          "ID": 1,
          "left": 2
        }
      ],
      "parent": null,
      "ID": 0,
      "left": 1
    },
    "feat": {
      "utility": 6.380921020918737e-07,
      "query_shape": [
        [
          "Seq Scan",
          "Hash Join",
          "Sort",
          "Aggregate",
          "Gather Merge"
        ],
        [
          "Seq Scan",
          "Hash Join",
          "Hash",
          "Sort",
          "Aggregate",
          "Gather Merge"
        ],
        [
          "Seq Scan",
          "Hash Join",
          "Hash",
          "Sort",
          "Aggregate",
          "Gather Merge"
        ],
        [
          "Seq Scan",
          "Hash Join",
          "Hash",
          "Sort",
          "Aggregate",
          "Gather Merge"
        ],
        [
          "Seq Scan",
          "Hash",
          "Hash Join",
          "Sort",
          "Aggregate",
          "Gather Merge"
        ],
        [
          "Seq Scan",
          "Hash Join",
          "Hash",
          "Sort",
          "Aggregate",
          "Gather Merge"
        ],
        [
          "Seq Scan",
          "Hash",
          "Hash Join",
          "Sort",
          "Aggregate",
          "Gather Merge"
        ],
        [
          "Seq Scan",
          "Hash",
          "Hash Join",
          "Sort",
          "Aggregate",
          "Gather Merge"
        ]
      ],
      "index_shape": [
        "join"
      ],
      "physical_operator": {
        "Hash Join": [
          0.0012649596394501718
        ]
      }
    }
  },
  {
    "query": "-- Functional Query Definition\n-- Approved February 1998\n\n\nselect\no_year,\nsum(case\nwhen nation = 'PERU' then volume\nelse 0\nend) / sum(volume) as mkt_share\nfrom\n(\nselect\nextract(year from o_orderdate) as o_year,\nl_extendedprice * (1 - l_discount) as volume,\nn2.n_name as nation\nfrom\npart,\nsupplier,\nlineitem,\norders,\ncustomer,\nnation n1,\nnation n2,\nregion\nwhere\np_partkey = l_partkey\nand s_suppkey = l_suppkey\nand l_orderkey = o_orderkey\nand o_custkey = c_custkey\nand c_nationkey = n1.n_nationkey\nand n1.n_regionkey = r_regionkey\nand r_name = 'AMERICA'\nand s_nationkey = n2.n_nationkey\nand o_orderdate between date '1995-01-01' and date '1996-12-31'\nand p_type = 'SMALL ANODIZED BRASS'\n) as all_nations\ngroup by\no_year\norder by\no_year ;\n-- $ID$\n-- TPC-H/TPC-R Product Type Profit Measure ",
    "indexes": "customer.c_nationkey",
    "wo plan est": {
      "Node Type": "Aggregate",
      "Strategy": "Sorted",
      "Partial Mode": "Finalize",
      "Parallel Aware": false,
      "Async Capable": false,
      "Startup Cost": 1955785.01,
      "Total Cost": 1956486.84,
      "Plan Rows": 2406,
      "Plan Width": 64,
      "Group Key": [
        "(EXTRACT(year FROM orders.o_orderdate))"
      ],
      "Plans": [
        {
          "Node Type": "Gather Merge",
          "Parent Relationship": "Outer",
          "Parallel Aware": false,
          "Async Capable": false,
          "Startup Cost": 1955785.01,
          "Total Cost": 1956408.65,
          "Plan Rows": 2406,
          "Plan Width": 96,
          "Workers Planned": 1,
          "Plans": [
            {
              "Node Type": "Aggregate",
              "Strategy": "Sorted",
              "Partial Mode": "Partial",
              "Parent Relationship": "Outer",
              "Parallel Aware": false,
              "Async Capable": false,
              "Startup Cost": 1954785.0,
              "Total Cost": 1955137.96,
              "Plan Rows": 2406,
              "Plan Width": 96,
              "Group Key": [
                "(EXTRACT(year FROM orders.o_orderdate))"
              ],
              "Plans": [
                {
                  "Node Type": "Sort",
                  "Parent Relationship": "Outer",
                  "Parallel Aware": false,
                  "Async Capable": false,
                  "Startup Cost": 1954785.0,
                  "Total Cost": 1954819.54,
                  "Plan Rows": 13816,
                  "Plan Width": 70,
                  "Sort Key": [
                    "(EXTRACT(year FROM orders.o_orderdate))"
                  ],
                  "Plans": [
                    {
                      "Node Type": "Hash Join",
                      "Parent Relationship": "Outer",
                      "Parallel Aware": false,
                      "Async Capable": false,
                      "Join Type": "Inner",
                      "Startup Cost": 1950527.96,
                      "Total Cost": 1953834.87,
                      "Plan Rows": 13816,
                      "Plan Width": 70,
                      "Inner Unique": false,
                      "Hash Cond": "(supplier.s_nationkey = n2.n_nationkey)",
                      "Plans": [
                        {
                          "Node Type": "Hash Join",
                          "Parent Relationship": "Outer",
                          "Parallel Aware": true,
                          "Async Capable": false,
                          "Join Type": "Inner",
                          "Startup Cost": 1950526.4,
                          "Total Cost": 1953608.79,
                          "Plan Rows": 13816,
                          "Plan Width": 20,
                          "Inner Unique": false,
                          "Hash Cond": "(supplier.s_suppkey = lineitem.l_suppkey)",
                          "Plans": [
                            {
                              "Node Type": "Seq Scan",
                              "Parent Relationship": "Outer",
                              "Parallel Aware": true,
                              "Async Capable": false,
                              "Relation Name": "supplier",
                              "Alias": "supplier",
                              "Startup Cost": 0.0,
                              "Total Cost": 2804.24,
                              "Plan Rows": 58824,
                              "Plan Width": 8,
                              "parent": 5,
                              "ID": 6
                            },
                            {
                              "Node Type": "Hash",
                              "Parent Relationship": "Inner",
                              "Parallel Aware": true,
                              "Async Capable": false,
                              "Startup Cost": 1950404.06,
                              "Total Cost": 1950404.06,
                              "Plan Rows": 9787,
                              "Plan Width": 20,
                              "Plans": [
                                {
                                  "Node Type": "Hash Join",
                                  "Parent Relationship": "Outer",
                                  "Parallel Aware": false,
                                  "Async Capable": false,
                                  "Join Type": "Inner",
                                  "Startup Cost": 1905498.74,
                                  "Total Cost": 1950404.06,
                                  "Plan Rows": 9787,
                                  "Plan Width": 20,
                                  "Inner Unique": false,
                                  "Hash Cond": "(customer.c_nationkey = n1.n_nationkey)",
                                  "Plans": [
                                    {
                                      "Node Type": "Hash Join",
                                      "Parent Relationship": "Outer",
                                      "Parallel Aware": true,
                                      "Async Capable": false,
                                      "Join Type": "Inner",
                                      "Startup Cost": 1905496.2,
                                      "Total Cost": 1950120.18,
                                      "Plan Rows": 48932,
                                      "Plan Width": 24,
                                      "Inner Unique": false,
                                      "Hash Cond": "(customer.c_custkey = orders.o_custkey)",
                                      "Plans": [
                                        {
                                          "Node Type": "Seq Scan",
                                          "Parent Relationship": "Outer",
                                          "Parallel Aware": true,
                                          "Async Capable": false,
                                          "Relation Name": "customer",
                                          "Alias": "customer",
                                          "Startup Cost": 0.0,
                                          "Total Cost": 42076.52,
                                          "Plan Rows": 624952,
                                          "Plan Width": 8,
                                          "parent": 9,
                                          "ID": 10
                                        },
                                        {
                                          "Node Type": "Hash",
                                          "Parent Relationship": "Inner",
                                          "Parallel Aware": true,
                                          "Async Capable": false,
                                          "Startup Cost": 1904884.55,
                                          "Total Cost": 1904884.55,
                                          "Plan Rows": 48932,
                                          "Plan Width": 24,
                                          "Plans": [
                                            {
                                              "Node Type": "Hash Join",
                                              "Parent Relationship": "Outer",
                                              "Parallel Aware": true,
                                              "Async Capable": false,
                                              "Join Type": "Inner",
                                              "Startup Cost": 1523283.11,
                                              "Total Cost": 1904884.55,
                                              "Plan Rows": 48932,
                                              "Plan Width": 24,
                                              "Inner Unique": false,
                                              "Hash Cond": "(orders.o_orderkey = lineitem.l_orderkey)",
                                              "Plans": [
                                                {
                                                  "Node Type": "Seq Scan",
                                                  "Parent Relationship": "Outer",
                                                  "Parallel Aware": true,
                                                  "Async Capable": false,
                                                  "Relation Name": "orders",
                                                  "Alias": "orders",
                                                  "Startup Cost": 0.0,
                                                  "Total Cost": 354655.56,
                                                  "Plan Rows": 1909064,
                                                  "Plan Width": 12,
                                                  "Filter": "((o_orderdate >= '1995-01-01'::date) AND (o_orderdate <= '1996-12-31'::date))",
                                                  "parent": 12,
                                                  "ID": 13
                                                },
                                                {
                                                  "Node Type": "Hash",
                                                  "Parent Relationship": "Inner",
                                                  "Parallel Aware": true,
                                                  "Async Capable": false,
                                                  "Startup Cost": 1520341.76,
                                                  "Total Cost": 1520341.76,
                                                  "Plan Rows": 160188,
                                                  "Plan Width": 20,
                                                  "Plans": [
                                                    {
                                                      "Node Type": "Hash Join",
                                                      "Parent Relationship": "Outer",
                                                      "Parallel Aware": true,
                                                      "Async Capable": false,
                                                      "Join Type": "Inner",
                                                      "Startup Cost": 51447.53,
                                                      "Total Cost": 1520341.76,
                                                      "Plan Rows": 160188,
                                                      "Plan Width": 20,
                                                      "Inner Unique": false,
                                                      "Hash Cond": "(lineitem.l_partkey = part.p_partkey)",
                                                      "Plans": [
                                                        {
                                                          "Node Type": "Seq Scan",
                                                          "Parent Relationship": "Outer",
                                                          "Parallel Aware": true,
                                                          "Async Capable": false,
                                                          "Relation Name": "lineitem",
                                                          "Alias": "lineitem",
                                                          "Startup Cost": 0.0,
                                                          "Total Cost": 1374494.57,
                                                          "Plan Rows": 24995257,
                                                          "Plan Width": 24,
                                                          "parent": 15,
                                                          "ID": 16
                                                        },
                                                        {
                                                          "Node Type": "Hash",
                                                          "Parent Relationship": "Inner",
                                                          "Parallel Aware": true,
                                                          "Async Capable": false,
                                                          "Startup Cost": 51378.28,
                                                          "Total Cost": 51378.28,
                                                          "Plan Rows": 5540,
                                                          "Plan Width": 4,
                                                          "Plans": [
                                                            {
                                                              "Node Type": "Seq Scan",
                                                              "Parent Relationship": "Outer",
                                                              "Parallel Aware": true,
                                                              "Async Capable": false,
                                                              "Relation Name": "part",
                                                              "Alias": "part",
                                                              "Startup Cost": 0.0,
                                                              "Total Cost": 51378.28,
                                                              "Plan Rows": 5540,
                                                              "Plan Width": 4,
                                                              "Filter": "((p_type)::text = 'SMALL ANODIZED BRASS'::text)",
                                                              "parent": 17,
                                                              "ID": 18
                                                            }
                                                          ],
                                                          "parent": 15,
                                                          "ID": 17,
                                                          "left": 18
                                                        }
                                                      ],
                                                      "parent": 14,
                                                      "ID": 15,
                                                      "left": 16,
                                                      "right": 17
                                                    }
                                                  ],
                                                  "parent": 12,
                                                  "ID": 14,
                                                  "left": 15
                                                }
                                              ],
                                              "parent": 11,
                                              "ID": 12,
                                              "left": 13,
                                              "right": 14
                                            }
                                          ],
                                          "parent": 9,
                                          "ID": 11,
                                          "left": 12
                                        }
                                      ],
                                      "parent": 8,
                                      "ID": 9,
                                      "left": 10,
                                      "right": 11
                                    },
                                    {
                                      "Node Type": "Hash",
                                      "Parent Relationship": "Inner",
                                      "Parallel Aware": false,
                                      "Async Capable": false,
                                      "Startup Cost": 2.47,
                                      "Total Cost": 2.47,
                                      "Plan Rows": 5,
                                      "Plan Width": 4,
                                      "Plans": [
                                        {
                                          "Node Type": "Hash Join",
                                          "Parent Relationship": "Outer",
                                          "Parallel Aware": false,
                                          "Async Capable": false,
                                          "Join Type": "Inner",
                                          "Startup Cost": 1.07,
                                          "Total Cost": 2.47,
                                          "Plan Rows": 5,
                                          "Plan Width": 4,
                                          "Inner Unique": false,
                                          "Hash Cond": "(n1.n_regionkey = region.r_regionkey)",
                                          "Plans": [
                                            {
                                              "Node Type": "Seq Scan",
                                              "Parent Relationship": "Outer",
                                              "Parallel Aware": false,
                                              "Async Capable": false,
                                              "Relation Name": "nation",
                                              "Alias": "n1",
                                              "Startup Cost": 0.0,
                                              "Total Cost": 1.25,
                                              "Plan Rows": 25,
                                              "Plan Width": 8,
                                              "parent": 20,
                                              "ID": 21
                                            },
                                            {
                                              "Node Type": "Hash",
                                              "Parent Relationship": "Inner",
                                              "Parallel Aware": false,
                                              "Async Capable": false,
                                              "Startup Cost": 1.06,
                                              "Total Cost": 1.06,
                                              "Plan Rows": 1,
                                              "Plan Width": 4,
                                              "Plans": [
                                                {
                                                  "Node Type": "Seq Scan",
                                                  "Parent Relationship": "Outer",
                                                  "Parallel Aware": false,
                                                  "Async Capable": false,
                                                  "Relation Name": "region",
                                                  "Alias": "region",
                                                  "Startup Cost": 0.0,
                                                  "Total Cost": 1.06,
                                                  "Plan Rows": 1,
                                                  "Plan Width": 4,
                                                  "Filter": "(r_name = 'AMERICA'::bpchar)",
                                                  "parent": 22,
                                                  "ID": 23
                                                }
                                              ],
                                              "parent": 20,
                                              "ID": 22,
                                              "left": 23
                                            }
                                          ],
                                          "parent": 19,
                                          "ID": 20,
                                          "left": 21,
                                          "right": 22
                                        }
                                      ],
                                      "parent": 8,
                                      "ID": 19,
                                      "left": 20
                                    }
                                  ],
                                  "parent": 7,
                                  "ID": 8,
                                  "left": 9,
                                  "right": 19
                                }
                              ],
                              "parent": 5,
                              "ID": 7,
                              "left": 8
                            }
                          ],
                          "parent": 4,
                          "ID": 5,
                          "left": 6,
                          "right": 7
                        },
                        {
                          "Node Type": "Hash",
                          "Parent Relationship": "Inner",
                          "Parallel Aware": false,
                          "Async Capable": false,
                          "Startup Cost": 1.25,
                          "Total Cost": 1.25,
                          "Plan Rows": 25,
                          "Plan Width": 30,
                          "Plans": [
                            {
                              "Node Type": "Seq Scan",
                              "Parent Relationship": "Outer",
                              "Parallel Aware": false,
                              "Async Capable": false,
                              "Relation Name": "nation",
                              "Alias": "n2",
                              "Startup Cost": 0.0,
                              "Total Cost": 1.25,
                              "Plan Rows": 25,
                              "Plan Width": 30,
                              "parent": 24,
                              "ID": 25
                            }
                          ],
                          "parent": 4,
                          "ID": 24,
                          "left": 25
                        }
                      ],
                      "parent": 3,
                      "ID": 4,
                      "left": 5,
                      "right": 24
                    }
                  ],
                  "parent": 2,
                  "ID": 3,
                  "left": 4
                }
              ],
              "parent": 1,
              "ID": 2,
              "left": 3
            }
          ],
          "parent": 0,
          "ID": 1,
          "left": 2
        }
      ],
      "parent": null,
      "ID": 0,
      "left": 1
    },
    "feat": {
      "utility": 5.11116311122697e-07,
      "query_shape": [
        [
          "Seq Scan",
          "Hash Join",
          "Sort",
          "Aggregate",
          "Gather Merge"
        ],
        [
          "Seq Scan",
          "Hash Join",
          "Hash",
          "Sort",
          "Aggregate",
          "Gather Merge"
        ],
        [
          "Seq Scan",
          "Hash Join",
          "Hash",
          "Sort",
          "Aggregate",
          "Gather Merge"
        ],
        [
          "Seq Scan",
          "Hash Join",
          "Hash",
          "Sort",
          "Aggregate",
          "Gather Merge"
        ],
        [
          "Seq Scan",
          "Hash",
          "Hash Join",
          "Sort",
          "Aggregate",
          "Gather Merge"
        ],
        [
          "Seq Scan",
          "Hash Join",
          "Hash",
          "Sort",
          "Aggregate",
          "Gather Merge"
        ],
        [
          "Seq Scan",
          "Hash",
          "Hash Join",
          "Sort",
          "Aggregate",
          "Gather Merge"
        ],
        [
          "Seq Scan",
          "Hash",
          "Hash Join",
          "Sort",
          "Aggregate",
          "Gather Merge"
        ]
      ],
      "index_shape": [
        "join"
      ],
      "physical_operator": {
        "Hash Join": [
          0.20000613086327806
        ]
      }
    }
  },
  {
    "query": "-- Functional Query Definition\n-- Approved February 1998\n\n\nselect\no_year,\nsum(case\nwhen nation = 'PERU' then volume\nelse 0\nend) / sum(volume) as mkt_share\nfrom\n(\nselect\nextract(year from o_orderdate) as o_year,\nl_extendedprice * (1 - l_discount) as volume,\nn2.n_name as nation\nfrom\npart,\nsupplier,\nlineitem,\norders,\ncustomer,\nnation n1,\nnation n2,\nregion\nwhere\np_partkey = l_partkey\nand s_suppkey = l_suppkey\nand l_orderkey = o_orderkey\nand o_custkey = c_custkey\nand c_nationkey = n1.n_nationkey\nand n1.n_regionkey = r_regionkey\nand r_name = 'AMERICA'\nand s_nationkey = n2.n_nationkey\nand o_orderdate between date '1995-01-01' and date '1996-12-31'\nand p_type = 'SMALL ANODIZED BRASS'\n) as all_nations\ngroup by\no_year\norder by\no_year ;\n-- $ID$\n-- TPC-H/TPC-R Product Type Profit Measure ",
    "indexes": "lineitem.l_orderkey",
    "wo plan est": {
      "Node Type": "Aggregate",
      "Strategy": "Sorted",
      "Partial Mode": "Finalize",
      "Parallel Aware": false,
      "Async Capable": false,
      "Startup Cost": 1955785.01,
      "Total Cost": 1956486.84,
      "Plan Rows": 2406,
      "Plan Width": 64,
      "Group Key": [
        "(EXTRACT(year FROM orders.o_orderdate))"
      ],
      "Plans": [
        {
          "Node Type": "Gather Merge",
          "Parent Relationship": "Outer",
          "Parallel Aware": false,
          "Async Capable": false,
          "Startup Cost": 1955785.01,
          "Total Cost": 1956408.65,
          "Plan Rows": 2406,
          "Plan Width": 96,
          "Workers Planned": 1,
          "Plans": [
            {
              "Node Type": "Aggregate",
              "Strategy": "Sorted",
              "Partial Mode": "Partial",
              "Parent Relationship": "Outer",
              "Parallel Aware": false,
              "Async Capable": false,
              "Startup Cost": 1954785.0,
              "Total Cost": 1955137.96,
              "Plan Rows": 2406,
              "Plan Width": 96,
              "Group Key": [
                "(EXTRACT(year FROM orders.o_orderdate))"
              ],
              "Plans": [
                {
                  "Node Type": "Sort",
                  "Parent Relationship": "Outer",
                  "Parallel Aware": false,
                  "Async Capable": false,
                  "Startup Cost": 1954785.0,
                  "Total Cost": 1954819.54,
                  "Plan Rows": 13816,
                  "Plan Width": 70,
                  "Sort Key": [
                    "(EXTRACT(year FROM orders.o_orderdate))"
                  ],
                  "Plans": [
                    {
                      "Node Type": "Hash Join",
                      "Parent Relationship": "Outer",
                      "Parallel Aware": false,
                      "Async Capable": false,
                      "Join Type": "Inner",
                      "Startup Cost": 1950527.96,
                      "Total Cost": 1953834.87,
                      "Plan Rows": 13816,
                      "Plan Width": 70,
                      "Inner Unique": false,
                      "Hash Cond": "(supplier.s_nationkey = n2.n_nationkey)",
                      "Plans": [
                        {
                          "Node Type": "Hash Join",
                          "Parent Relationship": "Outer",
                          "Parallel Aware": true,
                          "Async Capable": false,
                          "Join Type": "Inner",
                          "Startup Cost": 1950526.4,
                          "Total Cost": 1953608.79,
                          "Plan Rows": 13816,
                          "Plan Width": 20,
                          "Inner Unique": false,
                          "Hash Cond": "(supplier.s_suppkey = lineitem.l_suppkey)",
                          "Plans": [
                            {
                              "Node Type": "Seq Scan",
                              "Parent Relationship": "Outer",
                              "Parallel Aware": true,
                              "Async Capable": false,
                              "Relation Name": "supplier",
                              "Alias": "supplier",
                              "Startup Cost": 0.0,
                              "Total Cost": 2804.24,
                              "Plan Rows": 58824,
                              "Plan Width": 8,
                              "parent": 5,
                              "ID": 6
                            },
                            {
                              "Node Type": "Hash",
                              "Parent Relationship": "Inner",
                              "Parallel Aware": true,
                              "Async Capable": false,
                              "Startup Cost": 1950404.06,
                              "Total Cost": 1950404.06,
                              "Plan Rows": 9787,
                              "Plan Width": 20,
                              "Plans": [
                                {
                                  "Node Type": "Hash Join",
                                  "Parent Relationship": "Outer",
                                  "Parallel Aware": false,
                                  "Async Capable": false,
                                  "Join Type": "Inner",
                                  "Startup Cost": 1905498.74,
                                  "Total Cost": 1950404.06,
                                  "Plan Rows": 9787,
                                  "Plan Width": 20,
                                  "Inner Unique": false,
                                  "Hash Cond": "(customer.c_nationkey = n1.n_nationkey)",
                                  "Plans": [
                                    {
                                      "Node Type": "Hash Join",
                                      "Parent Relationship": "Outer",
                                      "Parallel Aware": true,
                                      "Async Capable": false,
                                      "Join Type": "Inner",
                                      "Startup Cost": 1905496.2,
                                      "Total Cost": 1950120.18,
                                      "Plan Rows": 48932,
                                      "Plan Width": 24,
                                      "Inner Unique": false,
                                      "Hash Cond": "(customer.c_custkey = orders.o_custkey)",
                                      "Plans": [
                                        {
                                          "Node Type": "Seq Scan",
                                          "Parent Relationship": "Outer",
                                          "Parallel Aware": true,
                                          "Async Capable": false,
                                          "Relation Name": "customer",
                                          "Alias": "customer",
                                          "Startup Cost": 0.0,
                                          "Total Cost": 42076.52,
                                          "Plan Rows": 624952,
                                          "Plan Width": 8,
                                          "parent": 9,
                                          "ID": 10
                                        },
                                        {
                                          "Node Type": "Hash",
                                          "Parent Relationship": "Inner",
                                          "Parallel Aware": true,
                                          "Async Capable": false,
                                          "Startup Cost": 1904884.55,
                                          "Total Cost": 1904884.55,
                                          "Plan Rows": 48932,
                                          "Plan Width": 24,
                                          "Plans": [
                                            {
                                              "Node Type": "Hash Join",
                                              "Parent Relationship": "Outer",
                                              "Parallel Aware": true,
                                              "Async Capable": false,
                                              "Join Type": "Inner",
                                              "Startup Cost": 1523283.11,
                                              "Total Cost": 1904884.55,
                                              "Plan Rows": 48932,
                                              "Plan Width": 24,
                                              "Inner Unique": false,
                                              "Hash Cond": "(orders.o_orderkey = lineitem.l_orderkey)",
                                              "Plans": [
                                                {
                                                  "Node Type": "Seq Scan",
                                                  "Parent Relationship": "Outer",
                                                  "Parallel Aware": true,
                                                  "Async Capable": false,
                                                  "Relation Name": "orders",
                                                  "Alias": "orders",
                                                  "Startup Cost": 0.0,
                                                  "Total Cost": 354655.56,
                                                  "Plan Rows": 1909064,
                                                  "Plan Width": 12,
                                                  "Filter": "((o_orderdate >= '1995-01-01'::date) AND (o_orderdate <= '1996-12-31'::date))",
                                                  "parent": 12,
                                                  "ID": 13
                                                },
                                                {
                                                  "Node Type": "Hash",
                                                  "Parent Relationship": "Inner",
                                                  "Parallel Aware": true,
                                                  "Async Capable": false,
                                                  "Startup Cost": 1520341.76,
                                                  "Total Cost": 1520341.76,
                                                  "Plan Rows": 160188,
                                                  "Plan Width": 20,
                                                  "Plans": [
                                                    {
                                                      "Node Type": "Hash Join",
                                                      "Parent Relationship": "Outer",
                                                      "Parallel Aware": true,
                                                      "Async Capable": false,
                                                      "Join Type": "Inner",
                                                      "Startup Cost": 51447.53,
                                                      "Total Cost": 1520341.76,
                                                      "Plan Rows": 160188,
                                                      "Plan Width": 20,
                                                      "Inner Unique": false,
                                                      "Hash Cond": "(lineitem.l_partkey = part.p_partkey)",
                                                      "Plans": [
                                                        {
                                                          "Node Type": "Seq Scan",
                                                          "Parent Relationship": "Outer",
                                                          "Parallel Aware": true,
                                                          "Async Capable": false,
                                                          "Relation Name": "lineitem",
                                                          "Alias": "lineitem",
                                                          "Startup Cost": 0.0,
                                                          "Total Cost": 1374494.57,
                                                          "Plan Rows": 24995257,
                                                          "Plan Width": 24,
                                                          "parent": 15,
                                                          "ID": 16
                                                        },
                                                        {
                                                          "Node Type": "Hash",
                                                          "Parent Relationship": "Inner",
                                                          "Parallel Aware": true,
                                                          "Async Capable": false,
                                                          "Startup Cost": 51378.28,
                                                          "Total Cost": 51378.28,
                                                          "Plan Rows": 5540,
                                                          "Plan Width": 4,
                                                          "Plans": [
                                                            {
                                                              "Node Type": "Seq Scan",
                                                              "Parent Relationship": "Outer",
                                                              "Parallel Aware": true,
                                                              "Async Capable": false,
                                                              "Relation Name": "part",
                                                              "Alias": "part",
                                                              "Startup Cost": 0.0,
                                                              "Total Cost": 51378.28,
                                                              "Plan Rows": 5540,
                                                              "Plan Width": 4,
                                                              "Filter": "((p_type)::text = 'SMALL ANODIZED BRASS'::text)",
                                                              "parent": 17,
                                                              "ID": 18
                                                            }
                                                          ],
                                                          "parent": 15,
                                                          "ID": 17,
                                                          "left": 18
                                                        }
                                                      ],
                                                      "parent": 14,
                                                      "ID": 15,
                                                      "left": 16,
                                                      "right": 17
                                                    }
                                                  ],
                                                  "parent": 12,
                                                  "ID": 14,
                                                  "left": 15
                                                }
                                              ],
                                              "parent": 11,
                                              "ID": 12,
                                              "left": 13,
                                              "right": 14
                                            }
                                          ],
                                          "parent": 9,
                                          "ID": 11,
                                          "left": 12
                                        }
                                      ],
                                      "parent": 8,
                                      "ID": 9,
                                      "left": 10,
                                      "right": 11
                                    },
                                    {
                                      "Node Type": "Hash",
                                      "Parent Relationship": "Inner",
                                      "Parallel Aware": false,
                                      "Async Capable": false,
                                      "Startup Cost": 2.47,
                                      "Total Cost": 2.47,
                                      "Plan Rows": 5,
                                      "Plan Width": 4,
                                      "Plans": [
                                        {
                                          "Node Type": "Hash Join",
                                          "Parent Relationship": "Outer",
                                          "Parallel Aware": false,
                                          "Async Capable": false,
                                          "Join Type": "Inner",
                                          "Startup Cost": 1.07,
                                          "Total Cost": 2.47,
                                          "Plan Rows": 5,
                                          "Plan Width": 4,
                                          "Inner Unique": false,
                                          "Hash Cond": "(n1.n_regionkey = region.r_regionkey)",
                                          "Plans": [
                                            {
                                              "Node Type": "Seq Scan",
                                              "Parent Relationship": "Outer",
                                              "Parallel Aware": false,
                                              "Async Capable": false,
                                              "Relation Name": "nation",
                                              "Alias": "n1",
                                              "Startup Cost": 0.0,
                                              "Total Cost": 1.25,
                                              "Plan Rows": 25,
                                              "Plan Width": 8,
                                              "parent": 20,
                                              "ID": 21
                                            },
                                            {
                                              "Node Type": "Hash",
                                              "Parent Relationship": "Inner",
                                              "Parallel Aware": false,
                                              "Async Capable": false,
                                              "Startup Cost": 1.06,
                                              "Total Cost": 1.06,
                                              "Plan Rows": 1,
                                              "Plan Width": 4,
                                              "Plans": [
                                                {
                                                  "Node Type": "Seq Scan",
                                                  "Parent Relationship": "Outer",
                                                  "Parallel Aware": false,
                                                  "Async Capable": false,
                                                  "Relation Name": "region",
                                                  "Alias": "region",
                                                  "Startup Cost": 0.0,
                                                  "Total Cost": 1.06,
                                                  "Plan Rows": 1,
                                                  "Plan Width": 4,
                                                  "Filter": "(r_name = 'AMERICA'::bpchar)",
                                                  "parent": 22,
                                                  "ID": 23
                                                }
                                              ],
                                              "parent": 20,
                                              "ID": 22,
                                              "left": 23
                                            }
                                          ],
                                          "parent": 19,
                                          "ID": 20,
                                          "left": 21,
                                          "right": 22
                                        }
                                      ],
                                      "parent": 8,
                                      "ID": 19,
                                      "left": 20
                                    }
                                  ],
                                  "parent": 7,
                                  "ID": 8,
                                  "left": 9,
                                  "right": 19
                                }
                              ],
                              "parent": 5,
                              "ID": 7,
                              "left": 8
                            }
                          ],
                          "parent": 4,
                          "ID": 5,
                          "left": 6,
                          "right": 7
                        },
                        {
                          "Node Type": "Hash",
                          "Parent Relationship": "Inner",
                          "Parallel Aware": false,
                          "Async Capable": false,
                          "Startup Cost": 1.25,
                          "Total Cost": 1.25,
                          "Plan Rows": 25,
                          "Plan Width": 30,
                          "Plans": [
                            {
                              "Node Type": "Seq Scan",
                              "Parent Relationship": "Outer",
                              "Parallel Aware": false,
                              "Async Capable": false,
                              "Relation Name": "nation",
                              "Alias": "n2",
                              "Startup Cost": 0.0,
                              "Total Cost": 1.25,
                              "Plan Rows": 25,
                              "Plan Width": 30,
                              "parent": 24,
                              "ID": 25
                            }
                          ],
                          "parent": 4,
                          "ID": 24,
                          "left": 25
                        }
                      ],
                      "parent": 3,
                      "ID": 4,
                      "left": 5,
                      "right": 24
                    }
                  ],
                  "parent": 2,
                  "ID": 3,
                  "left": 4
                }
              ],
              "parent": 1,
              "ID": 2,
              "left": 3
            }
          ],
          "parent": 0,
          "ID": 1,
          "left": 2
        }
      ],
      "parent": null,
      "ID": 0,
      "left": 1
    },
    "feat": {
      "utility": 6.386447184269642e-07,
      "query_shape": [
        [
          "Seq Scan",
          "Hash Join",
          "Sort",
          "Aggregate",
          "Gather Merge"
        ],
        [
          "Seq Scan",
          "Hash Join",
          "Hash",
          "Sort",
          "Aggregate",
          "Gather Merge"
        ],
        [
          "Seq Scan",
          "Hash Join",
          "Hash",
          "Sort",
          "Aggregate",
          "Gather Merge"
        ],
        [
          "Seq Scan",
          "Hash Join",
          "Hash",
          "Sort",
          "Aggregate",
          "Gather Merge"
        ],
        [
          "Seq Scan",
          "Hash",
          "Hash Join",
          "Sort",
          "Aggregate",
          "Gather Merge"
        ],
        [
          "Seq Scan",
          "Hash Join",
          "Hash",
          "Sort",
          "Aggregate",
          "Gather Merge"
        ],
        [
          "Seq Scan",
          "Hash",
          "Hash Join",
          "Sort",
          "Aggregate",
          "Gather Merge"
        ],
        [
          "Seq Scan",
          "Hash",
          "Hash Join",
          "Sort",
          "Aggregate",
          "Gather Merge"
        ]
      ],
      "index_shape": [
        "join"
      ],
      "physical_operator": {
        "Hash Join": [
          0.00040001036971116453
        ]
      }
    }
  },
  {
    "query": "-- Functional Query Definition\n-- Approved February 1998\n\n\nselect\no_year,\nsum(case\nwhen nation = 'PERU' then volume\nelse 0\nend) / sum(volume) as mkt_share\nfrom\n(\nselect\nextract(year from o_orderdate) as o_year,\nl_extendedprice * (1 - l_discount) as volume,\nn2.n_name as nation\nfrom\npart,\nsupplier,\nlineitem,\norders,\ncustomer,\nnation n1,\nnation n2,\nregion\nwhere\np_partkey = l_partkey\nand s_suppkey = l_suppkey\nand l_orderkey = o_orderkey\nand o_custkey = c_custkey\nand c_nationkey = n1.n_nationkey\nand n1.n_regionkey = r_regionkey\nand r_name = 'AMERICA'\nand s_nationkey = n2.n_nationkey\nand o_orderdate between date '1995-01-01' and date '1996-12-31'\nand p_type = 'SMALL ANODIZED BRASS'\n) as all_nations\ngroup by\no_year\norder by\no_year ;\n-- $ID$\n-- TPC-H/TPC-R Product Type Profit Measure ",
    "indexes": "lineitem.l_partkey",
    "wo plan est": {
      "Node Type": "Aggregate",
      "Strategy": "Sorted",
      "Partial Mode": "Finalize",
      "Parallel Aware": false,
      "Async Capable": false,
      "Startup Cost": 1955785.01,
      "Total Cost": 1956486.84,
      "Plan Rows": 2406,
      "Plan Width": 64,
      "Group Key": [
        "(EXTRACT(year FROM orders.o_orderdate))"
      ],
      "Plans": [
        {
          "Node Type": "Gather Merge",
          "Parent Relationship": "Outer",
          "Parallel Aware": false,
          "Async Capable": false,
          "Startup Cost": 1955785.01,
          "Total Cost": 1956408.65,
          "Plan Rows": 2406,
          "Plan Width": 96,
          "Workers Planned": 1,
          "Plans": [
            {
              "Node Type": "Aggregate",
              "Strategy": "Sorted",
              "Partial Mode": "Partial",
              "Parent Relationship": "Outer",
              "Parallel Aware": false,
              "Async Capable": false,
              "Startup Cost": 1954785.0,
              "Total Cost": 1955137.96,
              "Plan Rows": 2406,
              "Plan Width": 96,
              "Group Key": [
                "(EXTRACT(year FROM orders.o_orderdate))"
              ],
              "Plans": [
                {
                  "Node Type": "Sort",
                  "Parent Relationship": "Outer",
                  "Parallel Aware": false,
                  "Async Capable": false,
                  "Startup Cost": 1954785.0,
                  "Total Cost": 1954819.54,
                  "Plan Rows": 13816,
                  "Plan Width": 70,
                  "Sort Key": [
                    "(EXTRACT(year FROM orders.o_orderdate))"
                  ],
                  "Plans": [
                    {
                      "Node Type": "Hash Join",
                      "Parent Relationship": "Outer",
                      "Parallel Aware": false,
                      "Async Capable": false,
                      "Join Type": "Inner",
                      "Startup Cost": 1950527.96,
                      "Total Cost": 1953834.87,
                      "Plan Rows": 13816,
                      "Plan Width": 70,
                      "Inner Unique": false,
                      "Hash Cond": "(supplier.s_nationkey = n2.n_nationkey)",
                      "Plans": [
                        {
                          "Node Type": "Hash Join",
                          "Parent Relationship": "Outer",
                          "Parallel Aware": true,
                          "Async Capable": false,
                          "Join Type": "Inner",
                          "Startup Cost": 1950526.4,
                          "Total Cost": 1953608.79,
                          "Plan Rows": 13816,
                          "Plan Width": 20,
                          "Inner Unique": false,
                          "Hash Cond": "(supplier.s_suppkey = lineitem.l_suppkey)",
                          "Plans": [
                            {
                              "Node Type": "Seq Scan",
                              "Parent Relationship": "Outer",
                              "Parallel Aware": true,
                              "Async Capable": false,
                              "Relation Name": "supplier",
                              "Alias": "supplier",
                              "Startup Cost": 0.0,
                              "Total Cost": 2804.24,
                              "Plan Rows": 58824,
                              "Plan Width": 8,
                              "parent": 5,
                              "ID": 6
                            },
                            {
                              "Node Type": "Hash",
                              "Parent Relationship": "Inner",
                              "Parallel Aware": true,
                              "Async Capable": false,
                              "Startup Cost": 1950404.06,
                              "Total Cost": 1950404.06,
                              "Plan Rows": 9787,
                              "Plan Width": 20,
                              "Plans": [
                                {
                                  "Node Type": "Hash Join",
                                  "Parent Relationship": "Outer",
                                  "Parallel Aware": false,
                                  "Async Capable": false,
                                  "Join Type": "Inner",
                                  "Startup Cost": 1905498.74,
                                  "Total Cost": 1950404.06,
                                  "Plan Rows": 9787,
                                  "Plan Width": 20,
                                  "Inner Unique": false,
                                  "Hash Cond": "(customer.c_nationkey = n1.n_nationkey)",
                                  "Plans": [
                                    {
                                      "Node Type": "Hash Join",
                                      "Parent Relationship": "Outer",
                                      "Parallel Aware": true,
                                      "Async Capable": false,
                                      "Join Type": "Inner",
                                      "Startup Cost": 1905496.2,
                                      "Total Cost": 1950120.18,
                                      "Plan Rows": 48932,
                                      "Plan Width": 24,
                                      "Inner Unique": false,
                                      "Hash Cond": "(customer.c_custkey = orders.o_custkey)",
                                      "Plans": [
                                        {
                                          "Node Type": "Seq Scan",
                                          "Parent Relationship": "Outer",
                                          "Parallel Aware": true,
                                          "Async Capable": false,
                                          "Relation Name": "customer",
                                          "Alias": "customer",
                                          "Startup Cost": 0.0,
                                          "Total Cost": 42076.52,
                                          "Plan Rows": 624952,
                                          "Plan Width": 8,
                                          "parent": 9,
                                          "ID": 10
                                        },
                                        {
                                          "Node Type": "Hash",
                                          "Parent Relationship": "Inner",
                                          "Parallel Aware": true,
                                          "Async Capable": false,
                                          "Startup Cost": 1904884.55,
                                          "Total Cost": 1904884.55,
                                          "Plan Rows": 48932,
                                          "Plan Width": 24,
                                          "Plans": [
                                            {
                                              "Node Type": "Hash Join",
                                              "Parent Relationship": "Outer",
                                              "Parallel Aware": true,
                                              "Async Capable": false,
                                              "Join Type": "Inner",
                                              "Startup Cost": 1523283.11,
                                              "Total Cost": 1904884.55,
                                              "Plan Rows": 48932,
                                              "Plan Width": 24,
                                              "Inner Unique": false,
                                              "Hash Cond": "(orders.o_orderkey = lineitem.l_orderkey)",
                                              "Plans": [
                                                {
                                                  "Node Type": "Seq Scan",
                                                  "Parent Relationship": "Outer",
                                                  "Parallel Aware": true,
                                                  "Async Capable": false,
                                                  "Relation Name": "orders",
                                                  "Alias": "orders",
                                                  "Startup Cost": 0.0,
                                                  "Total Cost": 354655.56,
                                                  "Plan Rows": 1909064,
                                                  "Plan Width": 12,
                                                  "Filter": "((o_orderdate >= '1995-01-01'::date) AND (o_orderdate <= '1996-12-31'::date))",
                                                  "parent": 12,
                                                  "ID": 13
                                                },
                                                {
                                                  "Node Type": "Hash",
                                                  "Parent Relationship": "Inner",
                                                  "Parallel Aware": true,
                                                  "Async Capable": false,
                                                  "Startup Cost": 1520341.76,
                                                  "Total Cost": 1520341.76,
                                                  "Plan Rows": 160188,
                                                  "Plan Width": 20,
                                                  "Plans": [
                                                    {
                                                      "Node Type": "Hash Join",
                                                      "Parent Relationship": "Outer",
                                                      "Parallel Aware": true,
                                                      "Async Capable": false,
                                                      "Join Type": "Inner",
                                                      "Startup Cost": 51447.53,
                                                      "Total Cost": 1520341.76,
                                                      "Plan Rows": 160188,
                                                      "Plan Width": 20,
                                                      "Inner Unique": false,
                                                      "Hash Cond": "(lineitem.l_partkey = part.p_partkey)",
                                                      "Plans": [
                                                        {
                                                          "Node Type": "Seq Scan",
                                                          "Parent Relationship": "Outer",
                                                          "Parallel Aware": true,
                                                          "Async Capable": false,
                                                          "Relation Name": "lineitem",
                                                          "Alias": "lineitem",
                                                          "Startup Cost": 0.0,
                                                          "Total Cost": 1374494.57,
                                                          "Plan Rows": 24995257,
                                                          "Plan Width": 24,
                                                          "parent": 15,
                                                          "ID": 16
                                                        },
                                                        {
                                                          "Node Type": "Hash",
                                                          "Parent Relationship": "Inner",
                                                          "Parallel Aware": true,
                                                          "Async Capable": false,
                                                          "Startup Cost": 51378.28,
                                                          "Total Cost": 51378.28,
                                                          "Plan Rows": 5540,
                                                          "Plan Width": 4,
                                                          "Plans": [
                                                            {
                                                              "Node Type": "Seq Scan",
                                                              "Parent Relationship": "Outer",
                                                              "Parallel Aware": true,
                                                              "Async Capable": false,
                                                              "Relation Name": "part",
                                                              "Alias": "part",
                                                              "Startup Cost": 0.0,
                                                              "Total Cost": 51378.28,
                                                              "Plan Rows": 5540,
                                                              "Plan Width": 4,
                                                              "Filter": "((p_type)::text = 'SMALL ANODIZED BRASS'::text)",
                                                              "parent": 17,
                                                              "ID": 18
                                                            }
                                                          ],
                                                          "parent": 15,
                                                          "ID": 17,
                                                          "left": 18
                                                        }
                                                      ],
                                                      "parent": 14,
                                                      "ID": 15,
                                                      "left": 16,
                                                      "right": 17
                                                    }
                                                  ],
                                                  "parent": 12,
                                                  "ID": 14,
                                                  "left": 15
                                                }
                                              ],
                                              "parent": 11,
                                              "ID": 12,
                                              "left": 13,
                                              "right": 14
                                            }
                                          ],
                                          "parent": 9,
                                          "ID": 11,
                                          "left": 12
                                        }
                                      ],
                                      "parent": 8,
                                      "ID": 9,
                                      "left": 10,
                                      "right": 11
                                    },
                                    {
                                      "Node Type": "Hash",
                                      "Parent Relationship": "Inner",
                                      "Parallel Aware": false,
                                      "Async Capable": false,
                                      "Startup Cost": 2.47,
                                      "Total Cost": 2.47,
                                      "Plan Rows": 5,
                                      "Plan Width": 4,
                                      "Plans": [
                                        {
                                          "Node Type": "Hash Join",
                                          "Parent Relationship": "Outer",
                                          "Parallel Aware": false,
                                          "Async Capable": false,
                                          "Join Type": "Inner",
                                          "Startup Cost": 1.07,
                                          "Total Cost": 2.47,
                                          "Plan Rows": 5,
                                          "Plan Width": 4,
                                          "Inner Unique": false,
                                          "Hash Cond": "(n1.n_regionkey = region.r_regionkey)",
                                          "Plans": [
                                            {
                                              "Node Type": "Seq Scan",
                                              "Parent Relationship": "Outer",
                                              "Parallel Aware": false,
                                              "Async Capable": false,
                                              "Relation Name": "nation",
                                              "Alias": "n1",
                                              "Startup Cost": 0.0,
                                              "Total Cost": 1.25,
                                              "Plan Rows": 25,
                                              "Plan Width": 8,
                                              "parent": 20,
                                              "ID": 21
                                            },
                                            {
                                              "Node Type": "Hash",
                                              "Parent Relationship": "Inner",
                                              "Parallel Aware": false,
                                              "Async Capable": false,
                                              "Startup Cost": 1.06,
                                              "Total Cost": 1.06,
                                              "Plan Rows": 1,
                                              "Plan Width": 4,
                                              "Plans": [
                                                {
                                                  "Node Type": "Seq Scan",
                                                  "Parent Relationship": "Outer",
                                                  "Parallel Aware": false,
                                                  "Async Capable": false,
                                                  "Relation Name": "region",
                                                  "Alias": "region",
                                                  "Startup Cost": 0.0,
                                                  "Total Cost": 1.06,
                                                  "Plan Rows": 1,
                                                  "Plan Width": 4,
                                                  "Filter": "(r_name = 'AMERICA'::bpchar)",
                                                  "parent": 22,
                                                  "ID": 23
                                                }
                                              ],
                                              "parent": 20,
                                              "ID": 22,
                                              "left": 23
                                            }
                                          ],
                                          "parent": 19,
                                          "ID": 20,
                                          "left": 21,
                                          "right": 22
                                        }
                                      ],
                                      "parent": 8,
                                      "ID": 19,
                                      "left": 20
                                    }
                                  ],
                                  "parent": 7,
                                  "ID": 8,
                                  "left": 9,
                                  "right": 19
                                }
                              ],
                              "parent": 5,
                              "ID": 7,
                              "left": 8
                            }
                          ],
                          "parent": 4,
                          "ID": 5,
                          "left": 6,
                          "right": 7
                        },
                        {
                          "Node Type": "Hash",
                          "Parent Relationship": "Inner",
                          "Parallel Aware": false,
                          "Async Capable": false,
                          "Startup Cost": 1.25,
                          "Total Cost": 1.25,
                          "Plan Rows": 25,
                          "Plan Width": 30,
                          "Plans": [
                            {
                              "Node Type": "Seq Scan",
                              "Parent Relationship": "Outer",
                              "Parallel Aware": false,
                              "Async Capable": false,
                              "Relation Name": "nation",
                              "Alias": "n2",
                              "Startup Cost": 0.0,
                              "Total Cost": 1.25,
                              "Plan Rows": 25,
                              "Plan Width": 30,
                              "parent": 24,
                              "ID": 25
                            }
                          ],
                          "parent": 4,
                          "ID": 24,
                          "left": 25
                        }
                      ],
                      "parent": 3,
                      "ID": 4,
                      "left": 5,
                      "right": 24
                    }
                  ],
                  "parent": 2,
                  "ID": 3,
                  "left": 4
                }
              ],
              "parent": 1,
              "ID": 2,
              "left": 3
            }
          ],
          "parent": 0,
          "ID": 1,
          "left": 2
        }
      ],
      "parent": null,
      "ID": 0,
      "left": 1
    },
    "feat": {
      "utility": 6.382131148580048e-07,
      "query_shape": [
        [
          "Seq Scan",
          "Hash Join",
          "Sort",
          "Aggregate",
          "Gather Merge"
        ],
        [
          "Seq Scan",
          "Hash Join",
          "Hash",
          "Sort",
          "Aggregate",
          "Gather Merge"
        ],
        [
          "Seq Scan",
          "Hash Join",
          "Hash",
          "Sort",
          "Aggregate",
          "Gather Merge"
        ],
        [
          "Seq Scan",
          "Hash Join",
          "Hash",
          "Sort",
          "Aggregate",
          "Gather Merge"
        ],
        [
          "Seq Scan",
          "Hash",
          "Hash Join",
          "Sort",
          "Aggregate",
          "Gather Merge"
        ],
        [
          "Seq Scan",
          "Hash Join",
          "Hash",
          "Sort",
          "Aggregate",
          "Gather Merge"
        ],
        [
          "Seq Scan",
          "Hash",
          "Hash Join",
          "Sort",
          "Aggregate",
          "Gather Merge"
        ],
        [
          "Seq Scan",
          "Hash",
          "Hash Join",
          "Sort",
          "Aggregate",
          "Gather Merge"
        ]
      ],
      "index_shape": [
        "join"
      ],
      "physical_operator": {
        "Hash Join": [
          0.0010755517319240547
        ]
      }
    }
  },
  {
    "query": "-- Functional Query Definition\n-- Approved February 1998\n\n\nselect\no_year,\nsum(case\nwhen nation = 'PERU' then volume\nelse 0\nend) / sum(volume) as mkt_share\nfrom\n(\nselect\nextract(year from o_orderdate) as o_year,\nl_extendedprice * (1 - l_discount) as volume,\nn2.n_name as nation\nfrom\npart,\nsupplier,\nlineitem,\norders,\ncustomer,\nnation n1,\nnation n2,\nregion\nwhere\np_partkey = l_partkey\nand s_suppkey = l_suppkey\nand l_orderkey = o_orderkey\nand o_custkey = c_custkey\nand c_nationkey = n1.n_nationkey\nand n1.n_regionkey = r_regionkey\nand r_name = 'AMERICA'\nand s_nationkey = n2.n_nationkey\nand o_orderdate between date '1995-01-01' and date '1996-12-31'\nand p_type = 'SMALL ANODIZED BRASS'\n) as all_nations\ngroup by\no_year\norder by\no_year ;\n-- $ID$\n-- TPC-H/TPC-R Product Type Profit Measure ",
    "indexes": "lineitem.l_suppkey",
    "wo plan est": {
      "Node Type": "Aggregate",
      "Strategy": "Sorted",
      "Partial Mode": "Finalize",
      "Parallel Aware": false,
      "Async Capable": false,
      "Startup Cost": 1955785.01,
      "Total Cost": 1956486.84,
      "Plan Rows": 2406,
      "Plan Width": 64,
      "Group Key": [
        "(EXTRACT(year FROM orders.o_orderdate))"
      ],
      "Plans": [
        {
          "Node Type": "Gather Merge",
          "Parent Relationship": "Outer",
          "Parallel Aware": false,
          "Async Capable": false,
          "Startup Cost": 1955785.01,
          "Total Cost": 1956408.65,
          "Plan Rows": 2406,
          "Plan Width": 96,
          "Workers Planned": 1,
          "Plans": [
            {
              "Node Type": "Aggregate",
              "Strategy": "Sorted",
              "Partial Mode": "Partial",
              "Parent Relationship": "Outer",
              "Parallel Aware": false,
              "Async Capable": false,
              "Startup Cost": 1954785.0,
              "Total Cost": 1955137.96,
              "Plan Rows": 2406,
              "Plan Width": 96,
              "Group Key": [
                "(EXTRACT(year FROM orders.o_orderdate))"
              ],
              "Plans": [
                {
                  "Node Type": "Sort",
                  "Parent Relationship": "Outer",
                  "Parallel Aware": false,
                  "Async Capable": false,
                  "Startup Cost": 1954785.0,
                  "Total Cost": 1954819.54,
                  "Plan Rows": 13816,
                  "Plan Width": 70,
                  "Sort Key": [
                    "(EXTRACT(year FROM orders.o_orderdate))"
                  ],
                  "Plans": [
                    {
                      "Node Type": "Hash Join",
                      "Parent Relationship": "Outer",
                      "Parallel Aware": false,
                      "Async Capable": false,
                      "Join Type": "Inner",
                      "Startup Cost": 1950527.96,
                      "Total Cost": 1953834.87,
                      "Plan Rows": 13816,
                      "Plan Width": 70,
                      "Inner Unique": false,
                      "Hash Cond": "(supplier.s_nationkey = n2.n_nationkey)",
                      "Plans": [
                        {
                          "Node Type": "Hash Join",
                          "Parent Relationship": "Outer",
                          "Parallel Aware": true,
                          "Async Capable": false,
                          "Join Type": "Inner",
                          "Startup Cost": 1950526.4,
                          "Total Cost": 1953608.79,
                          "Plan Rows": 13816,
                          "Plan Width": 20,
                          "Inner Unique": false,
                          "Hash Cond": "(supplier.s_suppkey = lineitem.l_suppkey)",
                          "Plans": [
                            {
                              "Node Type": "Seq Scan",
                              "Parent Relationship": "Outer",
                              "Parallel Aware": true,
                              "Async Capable": false,
                              "Relation Name": "supplier",
                              "Alias": "supplier",
                              "Startup Cost": 0.0,
                              "Total Cost": 2804.24,
                              "Plan Rows": 58824,
                              "Plan Width": 8,
                              "parent": 5,
                              "ID": 6
                            },
                            {
                              "Node Type": "Hash",
                              "Parent Relationship": "Inner",
                              "Parallel Aware": true,
                              "Async Capable": false,
                              "Startup Cost": 1950404.06,
                              "Total Cost": 1950404.06,
                              "Plan Rows": 9787,
                              "Plan Width": 20,
                              "Plans": [
                                {
                                  "Node Type": "Hash Join",
                                  "Parent Relationship": "Outer",
                                  "Parallel Aware": false,
                                  "Async Capable": false,
                                  "Join Type": "Inner",
                                  "Startup Cost": 1905498.74,
                                  "Total Cost": 1950404.06,
                                  "Plan Rows": 9787,
                                  "Plan Width": 20,
                                  "Inner Unique": false,
                                  "Hash Cond": "(customer.c_nationkey = n1.n_nationkey)",
                                  "Plans": [
                                    {
                                      "Node Type": "Hash Join",
                                      "Parent Relationship": "Outer",
                                      "Parallel Aware": true,
                                      "Async Capable": false,
                                      "Join Type": "Inner",
                                      "Startup Cost": 1905496.2,
                                      "Total Cost": 1950120.18,
                                      "Plan Rows": 48932,
                                      "Plan Width": 24,
                                      "Inner Unique": false,
                                      "Hash Cond": "(customer.c_custkey = orders.o_custkey)",
                                      "Plans": [
                                        {
                                          "Node Type": "Seq Scan",
                                          "Parent Relationship": "Outer",
                                          "Parallel Aware": true,
                                          "Async Capable": false,
                                          "Relation Name": "customer",
                                          "Alias": "customer",
                                          "Startup Cost": 0.0,
                                          "Total Cost": 42076.52,
                                          "Plan Rows": 624952,
                                          "Plan Width": 8,
                                          "parent": 9,
                                          "ID": 10
                                        },
                                        {
                                          "Node Type": "Hash",
                                          "Parent Relationship": "Inner",
                                          "Parallel Aware": true,
                                          "Async Capable": false,
                                          "Startup Cost": 1904884.55,
                                          "Total Cost": 1904884.55,
                                          "Plan Rows": 48932,
                                          "Plan Width": 24,
                                          "Plans": [
                                            {
                                              "Node Type": "Hash Join",
                                              "Parent Relationship": "Outer",
                                              "Parallel Aware": true,
                                              "Async Capable": false,
                                              "Join Type": "Inner",
                                              "Startup Cost": 1523283.11,
                                              "Total Cost": 1904884.55,
                                              "Plan Rows": 48932,
                                              "Plan Width": 24,
                                              "Inner Unique": false,
                                              "Hash Cond": "(orders.o_orderkey = lineitem.l_orderkey)",
                                              "Plans": [
                                                {
                                                  "Node Type": "Seq Scan",
                                                  "Parent Relationship": "Outer",
                                                  "Parallel Aware": true,
                                                  "Async Capable": false,
                                                  "Relation Name": "orders",
                                                  "Alias": "orders",
                                                  "Startup Cost": 0.0,
                                                  "Total Cost": 354655.56,
                                                  "Plan Rows": 1909064,
                                                  "Plan Width": 12,
                                                  "Filter": "((o_orderdate >= '1995-01-01'::date) AND (o_orderdate <= '1996-12-31'::date))",
                                                  "parent": 12,
                                                  "ID": 13
                                                },
                                                {
                                                  "Node Type": "Hash",
                                                  "Parent Relationship": "Inner",
                                                  "Parallel Aware": true,
                                                  "Async Capable": false,
                                                  "Startup Cost": 1520341.76,
                                                  "Total Cost": 1520341.76,
                                                  "Plan Rows": 160188,
                                                  "Plan Width": 20,
                                                  "Plans": [
                                                    {
                                                      "Node Type": "Hash Join",
                                                      "Parent Relationship": "Outer",
                                                      "Parallel Aware": true,
                                                      "Async Capable": false,
                                                      "Join Type": "Inner",
                                                      "Startup Cost": 51447.53,
                                                      "Total Cost": 1520341.76,
                                                      "Plan Rows": 160188,
                                                      "Plan Width": 20,
                                                      "Inner Unique": false,
                                                      "Hash Cond": "(lineitem.l_partkey = part.p_partkey)",
                                                      "Plans": [
                                                        {
                                                          "Node Type": "Seq Scan",
                                                          "Parent Relationship": "Outer",
                                                          "Parallel Aware": true,
                                                          "Async Capable": false,
                                                          "Relation Name": "lineitem",
                                                          "Alias": "lineitem",
                                                          "Startup Cost": 0.0,
                                                          "Total Cost": 1374494.57,
                                                          "Plan Rows": 24995257,
                                                          "Plan Width": 24,
                                                          "parent": 15,
                                                          "ID": 16
                                                        },
                                                        {
                                                          "Node Type": "Hash",
                                                          "Parent Relationship": "Inner",
                                                          "Parallel Aware": true,
                                                          "Async Capable": false,
                                                          "Startup Cost": 51378.28,
                                                          "Total Cost": 51378.28,
                                                          "Plan Rows": 5540,
                                                          "Plan Width": 4,
                                                          "Plans": [
                                                            {
                                                              "Node Type": "Seq Scan",
                                                              "Parent Relationship": "Outer",
                                                              "Parallel Aware": true,
                                                              "Async Capable": false,
                                                              "Relation Name": "part",
                                                              "Alias": "part",
                                                              "Startup Cost": 0.0,
                                                              "Total Cost": 51378.28,
                                                              "Plan Rows": 5540,
                                                              "Plan Width": 4,
                                                              "Filter": "((p_type)::text = 'SMALL ANODIZED BRASS'::text)",
                                                              "parent": 17,
                                                              "ID": 18
                                                            }
                                                          ],
                                                          "parent": 15,
                                                          "ID": 17,
                                                          "left": 18
                                                        }
                                                      ],
                                                      "parent": 14,
                                                      "ID": 15,
                                                      "left": 16,
                                                      "right": 17
                                                    }
                                                  ],
                                                  "parent": 12,
                                                  "ID": 14,
                                                  "left": 15
                                                }
                                              ],
                                              "parent": 11,
                                              "ID": 12,
                                              "left": 13,
                                              "right": 14
                                            }
                                          ],
                                          "parent": 9,
                                          "ID": 11,
                                          "left": 12
                                        }
                                      ],
                                      "parent": 8,
                                      "ID": 9,
                                      "left": 10,
                                      "right": 11
                                    },
                                    {
                                      "Node Type": "Hash",
                                      "Parent Relationship": "Inner",
                                      "Parallel Aware": false,
                                      "Async Capable": false,
                                      "Startup Cost": 2.47,
                                      "Total Cost": 2.47,
                                      "Plan Rows": 5,
                                      "Plan Width": 4,
                                      "Plans": [
                                        {
                                          "Node Type": "Hash Join",
                                          "Parent Relationship": "Outer",
                                          "Parallel Aware": false,
                                          "Async Capable": false,
                                          "Join Type": "Inner",
                                          "Startup Cost": 1.07,
                                          "Total Cost": 2.47,
                                          "Plan Rows": 5,
                                          "Plan Width": 4,
                                          "Inner Unique": false,
                                          "Hash Cond": "(n1.n_regionkey = region.r_regionkey)",
                                          "Plans": [
                                            {
                                              "Node Type": "Seq Scan",
                                              "Parent Relationship": "Outer",
                                              "Parallel Aware": false,
                                              "Async Capable": false,
                                              "Relation Name": "nation",
                                              "Alias": "n1",
                                              "Startup Cost": 0.0,
                                              "Total Cost": 1.25,
                                              "Plan Rows": 25,
                                              "Plan Width": 8,
                                              "parent": 20,
                                              "ID": 21
                                            },
                                            {
                                              "Node Type": "Hash",
                                              "Parent Relationship": "Inner",
                                              "Parallel Aware": false,
                                              "Async Capable": false,
                                              "Startup Cost": 1.06,
                                              "Total Cost": 1.06,
                                              "Plan Rows": 1,
                                              "Plan Width": 4,
                                              "Plans": [
                                                {
                                                  "Node Type": "Seq Scan",
                                                  "Parent Relationship": "Outer",
                                                  "Parallel Aware": false,
                                                  "Async Capable": false,
                                                  "Relation Name": "region",
                                                  "Alias": "region",
                                                  "Startup Cost": 0.0,
                                                  "Total Cost": 1.06,
                                                  "Plan Rows": 1,
                                                  "Plan Width": 4,
                                                  "Filter": "(r_name = 'AMERICA'::bpchar)",
                                                  "parent": 22,
                                                  "ID": 23
                                                }
                                              ],
                                              "parent": 20,
                                              "ID": 22,
                                              "left": 23
                                            }
                                          ],
                                          "parent": 19,
                                          "ID": 20,
                                          "left": 21,
                                          "right": 22
                                        }
                                      ],
                                      "parent": 8,
                                      "ID": 19,
                                      "left": 20
                                    }
                                  ],
                                  "parent": 7,
                                  "ID": 8,
                                  "left": 9,
                                  "right": 19
                                }
                              ],
                              "parent": 5,
                              "ID": 7,
                              "left": 8
                            }
                          ],
                          "parent": 4,
                          "ID": 5,
                          "left": 6,
                          "right": 7
                        },
                        {
                          "Node Type": "Hash",
                          "Parent Relationship": "Inner",
                          "Parallel Aware": false,
                          "Async Capable": false,
                          "Startup Cost": 1.25,
                          "Total Cost": 1.25,
                          "Plan Rows": 25,
                          "Plan Width": 30,
                          "Plans": [
                            {
                              "Node Type": "Seq Scan",
                              "Parent Relationship": "Outer",
                              "Parallel Aware": false,
                              "Async Capable": false,
                              "Relation Name": "nation",
                              "Alias": "n2",
                              "Startup Cost": 0.0,
                              "Total Cost": 1.25,
                              "Plan Rows": 25,
                              "Plan Width": 30,
                              "parent": 24,
                              "ID": 25
                            }
                          ],
                          "parent": 4,
                          "ID": 24,
                          "left": 25
                        }
                      ],
                      "parent": 3,
                      "ID": 4,
                      "left": 5,
                      "right": 24
                    }
                  ],
                  "parent": 2,
                  "ID": 3,
                  "left": 4
                }
              ],
              "parent": 1,
              "ID": 2,
              "left": 3
            }
          ],
          "parent": 0,
          "ID": 1,
          "left": 2
        }
      ],
      "parent": null,
      "ID": 0,
      "left": 1
    },
    "feat": {
      "utility": 6.35770444899657e-07,
      "query_shape": [
        [
          "Seq Scan",
          "Hash Join",
          "Sort",
          "Aggregate",
          "Gather Merge"
        ],
        [
          "Seq Scan",
          "Hash Join",
          "Hash",
          "Sort",
          "Aggregate",
          "Gather Merge"
        ],
        [
          "Seq Scan",
          "Hash Join",
          "Hash",
          "Sort",
          "Aggregate",
          "Gather Merge"
        ],
        [
          "Seq Scan",
          "Hash Join",
          "Hash",
          "Sort",
          "Aggregate",
          "Gather Merge"
        ],
        [
          "Seq Scan",
          "Hash",
          "Hash Join",
          "Sort",
          "Aggregate",
          "Gather Merge"
        ],
        [
          "Seq Scan",
          "Hash Join",
          "Hash",
          "Sort",
          "Aggregate",
          "Gather Merge"
        ],
        [
          "Seq Scan",
          "Hash",
          "Hash Join",
          "Sort",
          "Aggregate",
          "Gather Merge"
        ],
        [
          "Seq Scan",
          "Hash",
          "Hash Join",
          "Sort",
          "Aggregate",
          "Gather Merge"
        ]
      ],
      "index_shape": [
        "join"
      ],
      "physical_operator": {
        "Hash Join": [
          0.004898793034300612
        ]
      }
    }
  },
  {
    "query": "-- Functional Query Definition\n-- Approved February 1998\n\n\nselect\no_year,\nsum(case\nwhen nation = 'PERU' then volume\nelse 0\nend) / sum(volume) as mkt_share\nfrom\n(\nselect\nextract(year from o_orderdate) as o_year,\nl_extendedprice * (1 - l_discount) as volume,\nn2.n_name as nation\nfrom\npart,\nsupplier,\nlineitem,\norders,\ncustomer,\nnation n1,\nnation n2,\nregion\nwhere\np_partkey = l_partkey\nand s_suppkey = l_suppkey\nand l_orderkey = o_orderkey\nand o_custkey = c_custkey\nand c_nationkey = n1.n_nationkey\nand n1.n_regionkey = r_regionkey\nand r_name = 'AMERICA'\nand s_nationkey = n2.n_nationkey\nand o_orderdate between date '1995-01-01' and date '1996-12-31'\nand p_type = 'SMALL ANODIZED BRASS'\n) as all_nations\ngroup by\no_year\norder by\no_year ;\n-- $ID$\n-- TPC-H/TPC-R Product Type Profit Measure ",
    "indexes": "lineitem.l_extendedprice",
    "wo plan est": {
      "Node Type": "Aggregate",
      "Strategy": "Sorted",
      "Partial Mode": "Finalize",
      "Parallel Aware": false,
      "Async Capable": false,
      "Startup Cost": 1955785.01,
      "Total Cost": 1956486.84,
      "Plan Rows": 2406,
      "Plan Width": 64,
      "Group Key": [
        "(EXTRACT(year FROM orders.o_orderdate))"
      ],
      "Plans": [
        {
          "Node Type": "Gather Merge",
          "Parent Relationship": "Outer",
          "Parallel Aware": false,
          "Async Capable": false,
          "Startup Cost": 1955785.01,
          "Total Cost": 1956408.65,
          "Plan Rows": 2406,
          "Plan Width": 96,
          "Workers Planned": 1,
          "Plans": [
            {
              "Node Type": "Aggregate",
              "Strategy": "Sorted",
              "Partial Mode": "Partial",
              "Parent Relationship": "Outer",
              "Parallel Aware": false,
              "Async Capable": false,
              "Startup Cost": 1954785.0,
              "Total Cost": 1955137.96,
              "Plan Rows": 2406,
              "Plan Width": 96,
              "Group Key": [
                "(EXTRACT(year FROM orders.o_orderdate))"
              ],
              "Plans": [
                {
                  "Node Type": "Sort",
                  "Parent Relationship": "Outer",
                  "Parallel Aware": false,
                  "Async Capable": false,
                  "Startup Cost": 1954785.0,
                  "Total Cost": 1954819.54,
                  "Plan Rows": 13816,
                  "Plan Width": 70,
                  "Sort Key": [
                    "(EXTRACT(year FROM orders.o_orderdate))"
                  ],
                  "Plans": [
                    {
                      "Node Type": "Hash Join",
                      "Parent Relationship": "Outer",
                      "Parallel Aware": false,
                      "Async Capable": false,
                      "Join Type": "Inner",
                      "Startup Cost": 1950527.96,
                      "Total Cost": 1953834.87,
                      "Plan Rows": 13816,
                      "Plan Width": 70,
                      "Inner Unique": false,
                      "Hash Cond": "(supplier.s_nationkey = n2.n_nationkey)",
                      "Plans": [
                        {
                          "Node Type": "Hash Join",
                          "Parent Relationship": "Outer",
                          "Parallel Aware": true,
                          "Async Capable": false,
                          "Join Type": "Inner",
                          "Startup Cost": 1950526.4,
                          "Total Cost": 1953608.79,
                          "Plan Rows": 13816,
                          "Plan Width": 20,
                          "Inner Unique": false,
                          "Hash Cond": "(supplier.s_suppkey = lineitem.l_suppkey)",
                          "Plans": [
                            {
                              "Node Type": "Seq Scan",
                              "Parent Relationship": "Outer",
                              "Parallel Aware": true,
                              "Async Capable": false,
                              "Relation Name": "supplier",
                              "Alias": "supplier",
                              "Startup Cost": 0.0,
                              "Total Cost": 2804.24,
                              "Plan Rows": 58824,
                              "Plan Width": 8,
                              "parent": 5,
                              "ID": 6
                            },
                            {
                              "Node Type": "Hash",
                              "Parent Relationship": "Inner",
                              "Parallel Aware": true,
                              "Async Capable": false,
                              "Startup Cost": 1950404.06,
                              "Total Cost": 1950404.06,
                              "Plan Rows": 9787,
                              "Plan Width": 20,
                              "Plans": [
                                {
                                  "Node Type": "Hash Join",
                                  "Parent Relationship": "Outer",
                                  "Parallel Aware": false,
                                  "Async Capable": false,
                                  "Join Type": "Inner",
                                  "Startup Cost": 1905498.74,
                                  "Total Cost": 1950404.06,
                                  "Plan Rows": 9787,
                                  "Plan Width": 20,
                                  "Inner Unique": false,
                                  "Hash Cond": "(customer.c_nationkey = n1.n_nationkey)",
                                  "Plans": [
                                    {
                                      "Node Type": "Hash Join",
                                      "Parent Relationship": "Outer",
                                      "Parallel Aware": true,
                                      "Async Capable": false,
                                      "Join Type": "Inner",
                                      "Startup Cost": 1905496.2,
                                      "Total Cost": 1950120.18,
                                      "Plan Rows": 48932,
                                      "Plan Width": 24,
                                      "Inner Unique": false,
                                      "Hash Cond": "(customer.c_custkey = orders.o_custkey)",
                                      "Plans": [
                                        {
                                          "Node Type": "Seq Scan",
                                          "Parent Relationship": "Outer",
                                          "Parallel Aware": true,
                                          "Async Capable": false,
                                          "Relation Name": "customer",
                                          "Alias": "customer",
                                          "Startup Cost": 0.0,
                                          "Total Cost": 42076.52,
                                          "Plan Rows": 624952,
                                          "Plan Width": 8,
                                          "parent": 9,
                                          "ID": 10
                                        },
                                        {
                                          "Node Type": "Hash",
                                          "Parent Relationship": "Inner",
                                          "Parallel Aware": true,
                                          "Async Capable": false,
                                          "Startup Cost": 1904884.55,
                                          "Total Cost": 1904884.55,
                                          "Plan Rows": 48932,
                                          "Plan Width": 24,
                                          "Plans": [
                                            {
                                              "Node Type": "Hash Join",
                                              "Parent Relationship": "Outer",
                                              "Parallel Aware": true,
                                              "Async Capable": false,
                                              "Join Type": "Inner",
                                              "Startup Cost": 1523283.11,
                                              "Total Cost": 1904884.55,
                                              "Plan Rows": 48932,
                                              "Plan Width": 24,
                                              "Inner Unique": false,
                                              "Hash Cond": "(orders.o_orderkey = lineitem.l_orderkey)",
                                              "Plans": [
                                                {
                                                  "Node Type": "Seq Scan",
                                                  "Parent Relationship": "Outer",
                                                  "Parallel Aware": true,
                                                  "Async Capable": false,
                                                  "Relation Name": "orders",
                                                  "Alias": "orders",
                                                  "Startup Cost": 0.0,
                                                  "Total Cost": 354655.56,
                                                  "Plan Rows": 1909064,
                                                  "Plan Width": 12,
                                                  "Filter": "((o_orderdate >= '1995-01-01'::date) AND (o_orderdate <= '1996-12-31'::date))",
                                                  "parent": 12,
                                                  "ID": 13
                                                },
                                                {
                                                  "Node Type": "Hash",
                                                  "Parent Relationship": "Inner",
                                                  "Parallel Aware": true,
                                                  "Async Capable": false,
                                                  "Startup Cost": 1520341.76,
                                                  "Total Cost": 1520341.76,
                                                  "Plan Rows": 160188,
                                                  "Plan Width": 20,
                                                  "Plans": [
                                                    {
                                                      "Node Type": "Hash Join",
                                                      "Parent Relationship": "Outer",
                                                      "Parallel Aware": true,
                                                      "Async Capable": false,
                                                      "Join Type": "Inner",
                                                      "Startup Cost": 51447.53,
                                                      "Total Cost": 1520341.76,
                                                      "Plan Rows": 160188,
                                                      "Plan Width": 20,
                                                      "Inner Unique": false,
                                                      "Hash Cond": "(lineitem.l_partkey = part.p_partkey)",
                                                      "Plans": [
                                                        {
                                                          "Node Type": "Seq Scan",
                                                          "Parent Relationship": "Outer",
                                                          "Parallel Aware": true,
                                                          "Async Capable": false,
                                                          "Relation Name": "lineitem",
                                                          "Alias": "lineitem",
                                                          "Startup Cost": 0.0,
                                                          "Total Cost": 1374494.57,
                                                          "Plan Rows": 24995257,
                                                          "Plan Width": 24,
                                                          "parent": 15,
                                                          "ID": 16
                                                        },
                                                        {
                                                          "Node Type": "Hash",
                                                          "Parent Relationship": "Inner",
                                                          "Parallel Aware": true,
                                                          "Async Capable": false,
                                                          "Startup Cost": 51378.28,
                                                          "Total Cost": 51378.28,
                                                          "Plan Rows": 5540,
                                                          "Plan Width": 4,
                                                          "Plans": [
                                                            {
                                                              "Node Type": "Seq Scan",
                                                              "Parent Relationship": "Outer",
                                                              "Parallel Aware": true,
                                                              "Async Capable": false,
                                                              "Relation Name": "part",
                                                              "Alias": "part",
                                                              "Startup Cost": 0.0,
                                                              "Total Cost": 51378.28,
                                                              "Plan Rows": 5540,
                                                              "Plan Width": 4,
                                                              "Filter": "((p_type)::text = 'SMALL ANODIZED BRASS'::text)",
                                                              "parent": 17,
                                                              "ID": 18
                                                            }
                                                          ],
                                                          "parent": 15,
                                                          "ID": 17,
                                                          "left": 18
                                                        }
                                                      ],
                                                      "parent": 14,
                                                      "ID": 15,
                                                      "left": 16,
                                                      "right": 17
                                                    }
                                                  ],
                                                  "parent": 12,
                                                  "ID": 14,
                                                  "left": 15
                                                }
                                              ],
                                              "parent": 11,
                                              "ID": 12,
                                              "left": 13,
                                              "right": 14
                                            }
                                          ],
                                          "parent": 9,
                                          "ID": 11,
                                          "left": 12
                                        }
                                      ],
                                      "parent": 8,
                                      "ID": 9,
                                      "left": 10,
                                      "right": 11
                                    },
                                    {
                                      "Node Type": "Hash",
                                      "Parent Relationship": "Inner",
                                      "Parallel Aware": false,
                                      "Async Capable": false,
                                      "Startup Cost": 2.47,
                                      "Total Cost": 2.47,
                                      "Plan Rows": 5,
                                      "Plan Width": 4,
                                      "Plans": [
                                        {
                                          "Node Type": "Hash Join",
                                          "Parent Relationship": "Outer",
                                          "Parallel Aware": false,
                                          "Async Capable": false,
                                          "Join Type": "Inner",
                                          "Startup Cost": 1.07,
                                          "Total Cost": 2.47,
                                          "Plan Rows": 5,
                                          "Plan Width": 4,
                                          "Inner Unique": false,
                                          "Hash Cond": "(n1.n_regionkey = region.r_regionkey)",
                                          "Plans": [
                                            {
                                              "Node Type": "Seq Scan",
                                              "Parent Relationship": "Outer",
                                              "Parallel Aware": false,
                                              "Async Capable": false,
                                              "Relation Name": "nation",
                                              "Alias": "n1",
                                              "Startup Cost": 0.0,
                                              "Total Cost": 1.25,
                                              "Plan Rows": 25,
                                              "Plan Width": 8,
                                              "parent": 20,
                                              "ID": 21
                                            },
                                            {
                                              "Node Type": "Hash",
                                              "Parent Relationship": "Inner",
                                              "Parallel Aware": false,
                                              "Async Capable": false,
                                              "Startup Cost": 1.06,
                                              "Total Cost": 1.06,
                                              "Plan Rows": 1,
                                              "Plan Width": 4,
                                              "Plans": [
                                                {
                                                  "Node Type": "Seq Scan",
                                                  "Parent Relationship": "Outer",
                                                  "Parallel Aware": false,
                                                  "Async Capable": false,
                                                  "Relation Name": "region",
                                                  "Alias": "region",
                                                  "Startup Cost": 0.0,
                                                  "Total Cost": 1.06,
                                                  "Plan Rows": 1,
                                                  "Plan Width": 4,
                                                  "Filter": "(r_name = 'AMERICA'::bpchar)",
                                                  "parent": 22,
                                                  "ID": 23
                                                }
                                              ],
                                              "parent": 20,
                                              "ID": 22,
                                              "left": 23
                                            }
                                          ],
                                          "parent": 19,
                                          "ID": 20,
                                          "left": 21,
                                          "right": 22
                                        }
                                      ],
                                      "parent": 8,
                                      "ID": 19,
                                      "left": 20
                                    }
                                  ],
                                  "parent": 7,
                                  "ID": 8,
                                  "left": 9,
                                  "right": 19
                                }
                              ],
                              "parent": 5,
                              "ID": 7,
                              "left": 8
                            }
                          ],
                          "parent": 4,
                          "ID": 5,
                          "left": 6,
                          "right": 7
                        },
                        {
                          "Node Type": "Hash",
                          "Parent Relationship": "Inner",
                          "Parallel Aware": false,
                          "Async Capable": false,
                          "Startup Cost": 1.25,
                          "Total Cost": 1.25,
                          "Plan Rows": 25,
                          "Plan Width": 30,
                          "Plans": [
                            {
                              "Node Type": "Seq Scan",
                              "Parent Relationship": "Outer",
                              "Parallel Aware": false,
                              "Async Capable": false,
                              "Relation Name": "nation",
                              "Alias": "n2",
                              "Startup Cost": 0.0,
                              "Total Cost": 1.25,
                              "Plan Rows": 25,
                              "Plan Width": 30,
                              "parent": 24,
                              "ID": 25
                            }
                          ],
                          "parent": 4,
                          "ID": 24,
                          "left": 25
                        }
                      ],
                      "parent": 3,
                      "ID": 4,
                      "left": 5,
                      "right": 24
                    }
                  ],
                  "parent": 2,
                  "ID": 3,
                  "left": 4
                }
              ],
              "parent": 1,
              "ID": 2,
              "left": 3
            }
          ],
          "parent": 0,
          "ID": 1,
          "left": 2
        }
      ],
      "parent": null,
      "ID": 0,
      "left": 1
    },
    "feat": {
      "utility": 0.0,
      "query_shape": [
        [
          "Seq Scan",
          "Hash Join",
          "Sort",
          "Aggregate",
          "Gather Merge"
        ],
        [
          "Seq Scan",
          "Hash Join",
          "Hash",
          "Sort",
          "Aggregate",
          "Gather Merge"
        ],
        [
          "Seq Scan",
          "Hash Join",
          "Hash",
          "Sort",
          "Aggregate",
          "Gather Merge"
        ],
        [
          "Seq Scan",
          "Hash Join",
          "Hash",
          "Sort",
          "Aggregate",
          "Gather Merge"
        ],
        [
          "Seq Scan",
          "Hash",
          "Hash Join",
          "Sort",
          "Aggregate",
          "Gather Merge"
        ],
        [
          "Seq Scan",
          "Hash Join",
          "Hash",
          "Sort",
          "Aggregate",
          "Gather Merge"
        ],
        [
          "Seq Scan",
          "Hash",
          "Hash Join",
          "Sort",
          "Aggregate",
          "Gather Merge"
        ],
        [
          "Seq Scan",
          "Hash",
          "Hash Join",
          "Sort",
          "Aggregate",
          "Gather Merge"
        ]
      ],
      "index_shape": [],
      "physical_operator": {}
    }
  },
  {
    "query": "-- Functional Query Definition\n-- Approved February 1998\n\n\nselect\no_year,\nsum(case\nwhen nation = 'PERU' then volume\nelse 0\nend) / sum(volume) as mkt_share\nfrom\n(\nselect\nextract(year from o_orderdate) as o_year,\nl_extendedprice * (1 - l_discount) as volume,\nn2.n_name as nation\nfrom\npart,\nsupplier,\nlineitem,\norders,\ncustomer,\nnation n1,\nnation n2,\nregion\nwhere\np_partkey = l_partkey\nand s_suppkey = l_suppkey\nand l_orderkey = o_orderkey\nand o_custkey = c_custkey\nand c_nationkey = n1.n_nationkey\nand n1.n_regionkey = r_regionkey\nand r_name = 'AMERICA'\nand s_nationkey = n2.n_nationkey\nand o_orderdate between date '1995-01-01' and date '1996-12-31'\nand p_type = 'SMALL ANODIZED BRASS'\n) as all_nations\ngroup by\no_year\norder by\no_year ;\n-- $ID$\n-- TPC-H/TPC-R Product Type Profit Measure ",
    "indexes": "lineitem.l_discount",
    "wo plan est": {
      "Node Type": "Aggregate",
      "Strategy": "Sorted",
      "Partial Mode": "Finalize",
      "Parallel Aware": false,
      "Async Capable": false,
      "Startup Cost": 1955785.01,
      "Total Cost": 1956486.84,
      "Plan Rows": 2406,
      "Plan Width": 64,
      "Group Key": [
        "(EXTRACT(year FROM orders.o_orderdate))"
      ],
      "Plans": [
        {
          "Node Type": "Gather Merge",
          "Parent Relationship": "Outer",
          "Parallel Aware": false,
          "Async Capable": false,
          "Startup Cost": 1955785.01,
          "Total Cost": 1956408.65,
          "Plan Rows": 2406,
          "Plan Width": 96,
          "Workers Planned": 1,
          "Plans": [
            {
              "Node Type": "Aggregate",
              "Strategy": "Sorted",
              "Partial Mode": "Partial",
              "Parent Relationship": "Outer",
              "Parallel Aware": false,
              "Async Capable": false,
              "Startup Cost": 1954785.0,
              "Total Cost": 1955137.96,
              "Plan Rows": 2406,
              "Plan Width": 96,
              "Group Key": [
                "(EXTRACT(year FROM orders.o_orderdate))"
              ],
              "Plans": [
                {
                  "Node Type": "Sort",
                  "Parent Relationship": "Outer",
                  "Parallel Aware": false,
                  "Async Capable": false,
                  "Startup Cost": 1954785.0,
                  "Total Cost": 1954819.54,
                  "Plan Rows": 13816,
                  "Plan Width": 70,
                  "Sort Key": [
                    "(EXTRACT(year FROM orders.o_orderdate))"
                  ],
                  "Plans": [
                    {
                      "Node Type": "Hash Join",
                      "Parent Relationship": "Outer",
                      "Parallel Aware": false,
                      "Async Capable": false,
                      "Join Type": "Inner",
                      "Startup Cost": 1950527.96,
                      "Total Cost": 1953834.87,
                      "Plan Rows": 13816,
                      "Plan Width": 70,
                      "Inner Unique": false,
                      "Hash Cond": "(supplier.s_nationkey = n2.n_nationkey)",
                      "Plans": [
                        {
                          "Node Type": "Hash Join",
                          "Parent Relationship": "Outer",
                          "Parallel Aware": true,
                          "Async Capable": false,
                          "Join Type": "Inner",
                          "Startup Cost": 1950526.4,
                          "Total Cost": 1953608.79,
                          "Plan Rows": 13816,
                          "Plan Width": 20,
                          "Inner Unique": false,
                          "Hash Cond": "(supplier.s_suppkey = lineitem.l_suppkey)",
                          "Plans": [
                            {
                              "Node Type": "Seq Scan",
                              "Parent Relationship": "Outer",
                              "Parallel Aware": true,
                              "Async Capable": false,
                              "Relation Name": "supplier",
                              "Alias": "supplier",
                              "Startup Cost": 0.0,
                              "Total Cost": 2804.24,
                              "Plan Rows": 58824,
                              "Plan Width": 8,
                              "parent": 5,
                              "ID": 6
                            },
                            {
                              "Node Type": "Hash",
                              "Parent Relationship": "Inner",
                              "Parallel Aware": true,
                              "Async Capable": false,
                              "Startup Cost": 1950404.06,
                              "Total Cost": 1950404.06,
                              "Plan Rows": 9787,
                              "Plan Width": 20,
                              "Plans": [
                                {
                                  "Node Type": "Hash Join",
                                  "Parent Relationship": "Outer",
                                  "Parallel Aware": false,
                                  "Async Capable": false,
                                  "Join Type": "Inner",
                                  "Startup Cost": 1905498.74,
                                  "Total Cost": 1950404.06,
                                  "Plan Rows": 9787,
                                  "Plan Width": 20,
                                  "Inner Unique": false,
                                  "Hash Cond": "(customer.c_nationkey = n1.n_nationkey)",
                                  "Plans": [
                                    {
                                      "Node Type": "Hash Join",
                                      "Parent Relationship": "Outer",
                                      "Parallel Aware": true,
                                      "Async Capable": false,
                                      "Join Type": "Inner",
                                      "Startup Cost": 1905496.2,
                                      "Total Cost": 1950120.18,
                                      "Plan Rows": 48932,
                                      "Plan Width": 24,
                                      "Inner Unique": false,
                                      "Hash Cond": "(customer.c_custkey = orders.o_custkey)",
                                      "Plans": [
                                        {
                                          "Node Type": "Seq Scan",
                                          "Parent Relationship": "Outer",
                                          "Parallel Aware": true,
                                          "Async Capable": false,
                                          "Relation Name": "customer",
                                          "Alias": "customer",
                                          "Startup Cost": 0.0,
                                          "Total Cost": 42076.52,
                                          "Plan Rows": 624952,
                                          "Plan Width": 8,
                                          "parent": 9,
                                          "ID": 10
                                        },
                                        {
                                          "Node Type": "Hash",
                                          "Parent Relationship": "Inner",
                                          "Parallel Aware": true,
                                          "Async Capable": false,
                                          "Startup Cost": 1904884.55,
                                          "Total Cost": 1904884.55,
                                          "Plan Rows": 48932,
                                          "Plan Width": 24,
                                          "Plans": [
                                            {
                                              "Node Type": "Hash Join",
                                              "Parent Relationship": "Outer",
                                              "Parallel Aware": true,
                                              "Async Capable": false,
                                              "Join Type": "Inner",
                                              "Startup Cost": 1523283.11,
                                              "Total Cost": 1904884.55,
                                              "Plan Rows": 48932,
                                              "Plan Width": 24,
                                              "Inner Unique": false,
                                              "Hash Cond": "(orders.o_orderkey = lineitem.l_orderkey)",
                                              "Plans": [
                                                {
                                                  "Node Type": "Seq Scan",
                                                  "Parent Relationship": "Outer",
                                                  "Parallel Aware": true,
                                                  "Async Capable": false,
                                                  "Relation Name": "orders",
                                                  "Alias": "orders",
                                                  "Startup Cost": 0.0,
                                                  "Total Cost": 354655.56,
                                                  "Plan Rows": 1909064,
                                                  "Plan Width": 12,
                                                  "Filter": "((o_orderdate >= '1995-01-01'::date) AND (o_orderdate <= '1996-12-31'::date))",
                                                  "parent": 12,
                                                  "ID": 13
                                                },
                                                {
                                                  "Node Type": "Hash",
                                                  "Parent Relationship": "Inner",
                                                  "Parallel Aware": true,
                                                  "Async Capable": false,
                                                  "Startup Cost": 1520341.76,
                                                  "Total Cost": 1520341.76,
                                                  "Plan Rows": 160188,
                                                  "Plan Width": 20,
                                                  "Plans": [
                                                    {
                                                      "Node Type": "Hash Join",
                                                      "Parent Relationship": "Outer",
                                                      "Parallel Aware": true,
                                                      "Async Capable": false,
                                                      "Join Type": "Inner",
                                                      "Startup Cost": 51447.53,
                                                      "Total Cost": 1520341.76,
                                                      "Plan Rows": 160188,
                                                      "Plan Width": 20,
                                                      "Inner Unique": false,
                                                      "Hash Cond": "(lineitem.l_partkey = part.p_partkey)",
                                                      "Plans": [
                                                        {
                                                          "Node Type": "Seq Scan",
                                                          "Parent Relationship": "Outer",
                                                          "Parallel Aware": true,
                                                          "Async Capable": false,
                                                          "Relation Name": "lineitem",
                                                          "Alias": "lineitem",
                                                          "Startup Cost": 0.0,
                                                          "Total Cost": 1374494.57,
                                                          "Plan Rows": 24995257,
                                                          "Plan Width": 24,
                                                          "parent": 15,
                                                          "ID": 16
                                                        },
                                                        {
                                                          "Node Type": "Hash",
                                                          "Parent Relationship": "Inner",
                                                          "Parallel Aware": true,
                                                          "Async Capable": false,
                                                          "Startup Cost": 51378.28,
                                                          "Total Cost": 51378.28,
                                                          "Plan Rows": 5540,
                                                          "Plan Width": 4,
                                                          "Plans": [
                                                            {
                                                              "Node Type": "Seq Scan",
                                                              "Parent Relationship": "Outer",
                                                              "Parallel Aware": true,
                                                              "Async Capable": false,
                                                              "Relation Name": "part",
                                                              "Alias": "part",
                                                              "Startup Cost": 0.0,
                                                              "Total Cost": 51378.28,
                                                              "Plan Rows": 5540,
                                                              "Plan Width": 4,
                                                              "Filter": "((p_type)::text = 'SMALL ANODIZED BRASS'::text)",
                                                              "parent": 17,
                                                              "ID": 18
                                                            }
                                                          ],
                                                          "parent": 15,
                                                          "ID": 17,
                                                          "left": 18
                                                        }
                                                      ],
                                                      "parent": 14,
                                                      "ID": 15,
                                                      "left": 16,
                                                      "right": 17
                                                    }
                                                  ],
                                                  "parent": 12,
                                                  "ID": 14,
                                                  "left": 15
                                                }
                                              ],
                                              "parent": 11,
                                              "ID": 12,
                                              "left": 13,
                                              "right": 14
                                            }
                                          ],
                                          "parent": 9,
                                          "ID": 11,
                                          "left": 12
                                        }
                                      ],
                                      "parent": 8,
                                      "ID": 9,
                                      "left": 10,
                                      "right": 11
                                    },
                                    {
                                      "Node Type": "Hash",
                                      "Parent Relationship": "Inner",
                                      "Parallel Aware": false,
                                      "Async Capable": false,
                                      "Startup Cost": 2.47,
                                      "Total Cost": 2.47,
                                      "Plan Rows": 5,
                                      "Plan Width": 4,
                                      "Plans": [
                                        {
                                          "Node Type": "Hash Join",
                                          "Parent Relationship": "Outer",
                                          "Parallel Aware": false,
                                          "Async Capable": false,
                                          "Join Type": "Inner",
                                          "Startup Cost": 1.07,
                                          "Total Cost": 2.47,
                                          "Plan Rows": 5,
                                          "Plan Width": 4,
                                          "Inner Unique": false,
                                          "Hash Cond": "(n1.n_regionkey = region.r_regionkey)",
                                          "Plans": [
                                            {
                                              "Node Type": "Seq Scan",
                                              "Parent Relationship": "Outer",
                                              "Parallel Aware": false,
                                              "Async Capable": false,
                                              "Relation Name": "nation",
                                              "Alias": "n1",
                                              "Startup Cost": 0.0,
                                              "Total Cost": 1.25,
                                              "Plan Rows": 25,
                                              "Plan Width": 8,
                                              "parent": 20,
                                              "ID": 21
                                            },
                                            {
                                              "Node Type": "Hash",
                                              "Parent Relationship": "Inner",
                                              "Parallel Aware": false,
                                              "Async Capable": false,
                                              "Startup Cost": 1.06,
                                              "Total Cost": 1.06,
                                              "Plan Rows": 1,
                                              "Plan Width": 4,
                                              "Plans": [
                                                {
                                                  "Node Type": "Seq Scan",
                                                  "Parent Relationship": "Outer",
                                                  "Parallel Aware": false,
                                                  "Async Capable": false,
                                                  "Relation Name": "region",
                                                  "Alias": "region",
                                                  "Startup Cost": 0.0,
                                                  "Total Cost": 1.06,
                                                  "Plan Rows": 1,
                                                  "Plan Width": 4,
                                                  "Filter": "(r_name = 'AMERICA'::bpchar)",
                                                  "parent": 22,
                                                  "ID": 23
                                                }
                                              ],
                                              "parent": 20,
                                              "ID": 22,
                                              "left": 23
                                            }
                                          ],
                                          "parent": 19,
                                          "ID": 20,
                                          "left": 21,
                                          "right": 22
                                        }
                                      ],
                                      "parent": 8,
                                      "ID": 19,
                                      "left": 20
                                    }
                                  ],
                                  "parent": 7,
                                  "ID": 8,
                                  "left": 9,
                                  "right": 19
                                }
                              ],
                              "parent": 5,
                              "ID": 7,
                              "left": 8
                            }
                          ],
                          "parent": 4,
                          "ID": 5,
                          "left": 6,
                          "right": 7
                        },
                        {
                          "Node Type": "Hash",
                          "Parent Relationship": "Inner",
                          "Parallel Aware": false,
                          "Async Capable": false,
                          "Startup Cost": 1.25,
                          "Total Cost": 1.25,
                          "Plan Rows": 25,
                          "Plan Width": 30,
                          "Plans": [
                            {
                              "Node Type": "Seq Scan",
                              "Parent Relationship": "Outer",
                              "Parallel Aware": false,
                              "Async Capable": false,
                              "Relation Name": "nation",
                              "Alias": "n2",
                              "Startup Cost": 0.0,
                              "Total Cost": 1.25,
                              "Plan Rows": 25,
                              "Plan Width": 30,
                              "parent": 24,
                              "ID": 25
                            }
                          ],
                          "parent": 4,
                          "ID": 24,
                          "left": 25
                        }
                      ],
                      "parent": 3,
                      "ID": 4,
                      "left": 5,
                      "right": 24
                    }
                  ],
                  "parent": 2,
                  "ID": 3,
                  "left": 4
                }
              ],
              "parent": 1,
              "ID": 2,
              "left": 3
            }
          ],
          "parent": 0,
          "ID": 1,
          "left": 2
        }
      ],
      "parent": null,
      "ID": 0,
      "left": 1
    },
    "feat": {
      "utility": 0.0,
      "query_shape": [
        [
          "Seq Scan",
          "Hash Join",
          "Sort",
          "Aggregate",
          "Gather Merge"
        ],
        [
          "Seq Scan",
          "Hash Join",
          "Hash",
          "Sort",
          "Aggregate",
          "Gather Merge"
        ],
        [
          "Seq Scan",
          "Hash Join",
          "Hash",
          "Sort",
          "Aggregate",
          "Gather Merge"
        ],
        [
          "Seq Scan",
          "Hash Join",
          "Hash",
          "Sort",
          "Aggregate",
          "Gather Merge"
        ],
        [
          "Seq Scan",
          "Hash",
          "Hash Join",
          "Sort",
          "Aggregate",
          "Gather Merge"
        ],
        [
          "Seq Scan",
          "Hash Join",
          "Hash",
          "Sort",
          "Aggregate",
          "Gather Merge"
        ],
        [
          "Seq Scan",
          "Hash",
          "Hash Join",
          "Sort",
          "Aggregate",
          "Gather Merge"
        ],
        [
          "Seq Scan",
          "Hash",
          "Hash Join",
          "Sort",
          "Aggregate",
          "Gather Merge"
        ]
      ],
      "index_shape": [],
      "physical_operator": {}
    }
  },
  {
    "query": "-- Functional Query Definition\n-- Approved February 1998\n\n\nselect\no_year,\nsum(case\nwhen nation = 'PERU' then volume\nelse 0\nend) / sum(volume) as mkt_share\nfrom\n(\nselect\nextract(year from o_orderdate) as o_year,\nl_extendedprice * (1 - l_discount) as volume,\nn2.n_name as nation\nfrom\npart,\nsupplier,\nlineitem,\norders,\ncustomer,\nnation n1,\nnation n2,\nregion\nwhere\np_partkey = l_partkey\nand s_suppkey = l_suppkey\nand l_orderkey = o_orderkey\nand o_custkey = c_custkey\nand c_nationkey = n1.n_nationkey\nand n1.n_regionkey = r_regionkey\nand r_name = 'AMERICA'\nand s_nationkey = n2.n_nationkey\nand o_orderdate between date '1995-01-01' and date '1996-12-31'\nand p_type = 'SMALL ANODIZED BRASS'\n) as all_nations\ngroup by\no_year\norder by\no_year ;\n-- $ID$\n-- TPC-H/TPC-R Product Type Profit Measure ",
    "indexes": "nation.n_nationkey",
    "wo plan est": {
      "Node Type": "Aggregate",
      "Strategy": "Sorted",
      "Partial Mode": "Finalize",
      "Parallel Aware": false,
      "Async Capable": false,
      "Startup Cost": 1955785.01,
      "Total Cost": 1956486.84,
      "Plan Rows": 2406,
      "Plan Width": 64,
      "Group Key": [
        "(EXTRACT(year FROM orders.o_orderdate))"
      ],
      "Plans": [
        {
          "Node Type": "Gather Merge",
          "Parent Relationship": "Outer",
          "Parallel Aware": false,
          "Async Capable": false,
          "Startup Cost": 1955785.01,
          "Total Cost": 1956408.65,
          "Plan Rows": 2406,
          "Plan Width": 96,
          "Workers Planned": 1,
          "Plans": [
            {
              "Node Type": "Aggregate",
              "Strategy": "Sorted",
              "Partial Mode": "Partial",
              "Parent Relationship": "Outer",
              "Parallel Aware": false,
              "Async Capable": false,
              "Startup Cost": 1954785.0,
              "Total Cost": 1955137.96,
              "Plan Rows": 2406,
              "Plan Width": 96,
              "Group Key": [
                "(EXTRACT(year FROM orders.o_orderdate))"
              ],
              "Plans": [
                {
                  "Node Type": "Sort",
                  "Parent Relationship": "Outer",
                  "Parallel Aware": false,
                  "Async Capable": false,
                  "Startup Cost": 1954785.0,
                  "Total Cost": 1954819.54,
                  "Plan Rows": 13816,
                  "Plan Width": 70,
                  "Sort Key": [
                    "(EXTRACT(year FROM orders.o_orderdate))"
                  ],
                  "Plans": [
                    {
                      "Node Type": "Hash Join",
                      "Parent Relationship": "Outer",
                      "Parallel Aware": false,
                      "Async Capable": false,
                      "Join Type": "Inner",
                      "Startup Cost": 1950527.96,
                      "Total Cost": 1953834.87,
                      "Plan Rows": 13816,
                      "Plan Width": 70,
                      "Inner Unique": false,
                      "Hash Cond": "(supplier.s_nationkey = n2.n_nationkey)",
                      "Plans": [
                        {
                          "Node Type": "Hash Join",
                          "Parent Relationship": "Outer",
                          "Parallel Aware": true,
                          "Async Capable": false,
                          "Join Type": "Inner",
                          "Startup Cost": 1950526.4,
                          "Total Cost": 1953608.79,
                          "Plan Rows": 13816,
                          "Plan Width": 20,
                          "Inner Unique": false,
                          "Hash Cond": "(supplier.s_suppkey = lineitem.l_suppkey)",
                          "Plans": [
                            {
                              "Node Type": "Seq Scan",
                              "Parent Relationship": "Outer",
                              "Parallel Aware": true,
                              "Async Capable": false,
                              "Relation Name": "supplier",
                              "Alias": "supplier",
                              "Startup Cost": 0.0,
                              "Total Cost": 2804.24,
                              "Plan Rows": 58824,
                              "Plan Width": 8,
                              "parent": 5,
                              "ID": 6
                            },
                            {
                              "Node Type": "Hash",
                              "Parent Relationship": "Inner",
                              "Parallel Aware": true,
                              "Async Capable": false,
                              "Startup Cost": 1950404.06,
                              "Total Cost": 1950404.06,
                              "Plan Rows": 9787,
                              "Plan Width": 20,
                              "Plans": [
                                {
                                  "Node Type": "Hash Join",
                                  "Parent Relationship": "Outer",
                                  "Parallel Aware": false,
                                  "Async Capable": false,
                                  "Join Type": "Inner",
                                  "Startup Cost": 1905498.74,
                                  "Total Cost": 1950404.06,
                                  "Plan Rows": 9787,
                                  "Plan Width": 20,
                                  "Inner Unique": false,
                                  "Hash Cond": "(customer.c_nationkey = n1.n_nationkey)",
                                  "Plans": [
                                    {
                                      "Node Type": "Hash Join",
                                      "Parent Relationship": "Outer",
                                      "Parallel Aware": true,
                                      "Async Capable": false,
                                      "Join Type": "Inner",
                                      "Startup Cost": 1905496.2,
                                      "Total Cost": 1950120.18,
                                      "Plan Rows": 48932,
                                      "Plan Width": 24,
                                      "Inner Unique": false,
                                      "Hash Cond": "(customer.c_custkey = orders.o_custkey)",
                                      "Plans": [
                                        {
                                          "Node Type": "Seq Scan",
                                          "Parent Relationship": "Outer",
                                          "Parallel Aware": true,
                                          "Async Capable": false,
                                          "Relation Name": "customer",
                                          "Alias": "customer",
                                          "Startup Cost": 0.0,
                                          "Total Cost": 42076.52,
                                          "Plan Rows": 624952,
                                          "Plan Width": 8,
                                          "parent": 9,
                                          "ID": 10
                                        },
                                        {
                                          "Node Type": "Hash",
                                          "Parent Relationship": "Inner",
                                          "Parallel Aware": true,
                                          "Async Capable": false,
                                          "Startup Cost": 1904884.55,
                                          "Total Cost": 1904884.55,
                                          "Plan Rows": 48932,
                                          "Plan Width": 24,
                                          "Plans": [
                                            {
                                              "Node Type": "Hash Join",
                                              "Parent Relationship": "Outer",
                                              "Parallel Aware": true,
                                              "Async Capable": false,
                                              "Join Type": "Inner",
                                              "Startup Cost": 1523283.11,
                                              "Total Cost": 1904884.55,
                                              "Plan Rows": 48932,
                                              "Plan Width": 24,
                                              "Inner Unique": false,
                                              "Hash Cond": "(orders.o_orderkey = lineitem.l_orderkey)",
                                              "Plans": [
                                                {
                                                  "Node Type": "Seq Scan",
                                                  "Parent Relationship": "Outer",
                                                  "Parallel Aware": true,
                                                  "Async Capable": false,
                                                  "Relation Name": "orders",
                                                  "Alias": "orders",
                                                  "Startup Cost": 0.0,
                                                  "Total Cost": 354655.56,
                                                  "Plan Rows": 1909064,
                                                  "Plan Width": 12,
                                                  "Filter": "((o_orderdate >= '1995-01-01'::date) AND (o_orderdate <= '1996-12-31'::date))",
                                                  "parent": 12,
                                                  "ID": 13
                                                },
                                                {
                                                  "Node Type": "Hash",
                                                  "Parent Relationship": "Inner",
                                                  "Parallel Aware": true,
                                                  "Async Capable": false,
                                                  "Startup Cost": 1520341.76,
                                                  "Total Cost": 1520341.76,
                                                  "Plan Rows": 160188,
                                                  "Plan Width": 20,
                                                  "Plans": [
                                                    {
                                                      "Node Type": "Hash Join",
                                                      "Parent Relationship": "Outer",
                                                      "Parallel Aware": true,
                                                      "Async Capable": false,
                                                      "Join Type": "Inner",
                                                      "Startup Cost": 51447.53,
                                                      "Total Cost": 1520341.76,
                                                      "Plan Rows": 160188,
                                                      "Plan Width": 20,
                                                      "Inner Unique": false,
                                                      "Hash Cond": "(lineitem.l_partkey = part.p_partkey)",
                                                      "Plans": [
                                                        {
                                                          "Node Type": "Seq Scan",
                                                          "Parent Relationship": "Outer",
                                                          "Parallel Aware": true,
                                                          "Async Capable": false,
                                                          "Relation Name": "lineitem",
                                                          "Alias": "lineitem",
                                                          "Startup Cost": 0.0,
                                                          "Total Cost": 1374494.57,
                                                          "Plan Rows": 24995257,
                                                          "Plan Width": 24,
                                                          "parent": 15,
                                                          "ID": 16
                                                        },
                                                        {
                                                          "Node Type": "Hash",
                                                          "Parent Relationship": "Inner",
                                                          "Parallel Aware": true,
                                                          "Async Capable": false,
                                                          "Startup Cost": 51378.28,
                                                          "Total Cost": 51378.28,
                                                          "Plan Rows": 5540,
                                                          "Plan Width": 4,
                                                          "Plans": [
                                                            {
                                                              "Node Type": "Seq Scan",
                                                              "Parent Relationship": "Outer",
                                                              "Parallel Aware": true,
                                                              "Async Capable": false,
                                                              "Relation Name": "part",
                                                              "Alias": "part",
                                                              "Startup Cost": 0.0,
                                                              "Total Cost": 51378.28,
                                                              "Plan Rows": 5540,
                                                              "Plan Width": 4,
                                                              "Filter": "((p_type)::text = 'SMALL ANODIZED BRASS'::text)",
                                                              "parent": 17,
                                                              "ID": 18
                                                            }
                                                          ],
                                                          "parent": 15,
                                                          "ID": 17,
                                                          "left": 18
                                                        }
                                                      ],
                                                      "parent": 14,
                                                      "ID": 15,
                                                      "left": 16,
                                                      "right": 17
                                                    }
                                                  ],
                                                  "parent": 12,
                                                  "ID": 14,
                                                  "left": 15
                                                }
                                              ],
                                              "parent": 11,
                                              "ID": 12,
                                              "left": 13,
                                              "right": 14
                                            }
                                          ],
                                          "parent": 9,
                                          "ID": 11,
                                          "left": 12
                                        }
                                      ],
                                      "parent": 8,
                                      "ID": 9,
                                      "left": 10,
                                      "right": 11
                                    },
                                    {
                                      "Node Type": "Hash",
                                      "Parent Relationship": "Inner",
                                      "Parallel Aware": false,
                                      "Async Capable": false,
                                      "Startup Cost": 2.47,
                                      "Total Cost": 2.47,
                                      "Plan Rows": 5,
                                      "Plan Width": 4,
                                      "Plans": [
                                        {
                                          "Node Type": "Hash Join",
                                          "Parent Relationship": "Outer",
                                          "Parallel Aware": false,
                                          "Async Capable": false,
                                          "Join Type": "Inner",
                                          "Startup Cost": 1.07,
                                          "Total Cost": 2.47,
                                          "Plan Rows": 5,
                                          "Plan Width": 4,
                                          "Inner Unique": false,
                                          "Hash Cond": "(n1.n_regionkey = region.r_regionkey)",
                                          "Plans": [
                                            {
                                              "Node Type": "Seq Scan",
                                              "Parent Relationship": "Outer",
                                              "Parallel Aware": false,
                                              "Async Capable": false,
                                              "Relation Name": "nation",
                                              "Alias": "n1",
                                              "Startup Cost": 0.0,
                                              "Total Cost": 1.25,
                                              "Plan Rows": 25,
                                              "Plan Width": 8,
                                              "parent": 20,
                                              "ID": 21
                                            },
                                            {
                                              "Node Type": "Hash",
                                              "Parent Relationship": "Inner",
                                              "Parallel Aware": false,
                                              "Async Capable": false,
                                              "Startup Cost": 1.06,
                                              "Total Cost": 1.06,
                                              "Plan Rows": 1,
                                              "Plan Width": 4,
                                              "Plans": [
                                                {
                                                  "Node Type": "Seq Scan",
                                                  "Parent Relationship": "Outer",
                                                  "Parallel Aware": false,
                                                  "Async Capable": false,
                                                  "Relation Name": "region",
                                                  "Alias": "region",
                                                  "Startup Cost": 0.0,
                                                  "Total Cost": 1.06,
                                                  "Plan Rows": 1,
                                                  "Plan Width": 4,
                                                  "Filter": "(r_name = 'AMERICA'::bpchar)",
                                                  "parent": 22,
                                                  "ID": 23
                                                }
                                              ],
                                              "parent": 20,
                                              "ID": 22,
                                              "left": 23
                                            }
                                          ],
                                          "parent": 19,
                                          "ID": 20,
                                          "left": 21,
                                          "right": 22
                                        }
                                      ],
                                      "parent": 8,
                                      "ID": 19,
                                      "left": 20
                                    }
                                  ],
                                  "parent": 7,
                                  "ID": 8,
                                  "left": 9,
                                  "right": 19
                                }
                              ],
                              "parent": 5,
                              "ID": 7,
                              "left": 8
                            }
                          ],
                          "parent": 4,
                          "ID": 5,
                          "left": 6,
                          "right": 7
                        },
                        {
                          "Node Type": "Hash",
                          "Parent Relationship": "Inner",
                          "Parallel Aware": false,
                          "Async Capable": false,
                          "Startup Cost": 1.25,
                          "Total Cost": 1.25,
                          "Plan Rows": 25,
                          "Plan Width": 30,
                          "Plans": [
                            {
                              "Node Type": "Seq Scan",
                              "Parent Relationship": "Outer",
                              "Parallel Aware": false,
                              "Async Capable": false,
                              "Relation Name": "nation",
                              "Alias": "n2",
                              "Startup Cost": 0.0,
                              "Total Cost": 1.25,
                              "Plan Rows": 25,
                              "Plan Width": 30,
                              "parent": 24,
                              "ID": 25
                            }
                          ],
                          "parent": 4,
                          "ID": 24,
                          "left": 25
                        }
                      ],
                      "parent": 3,
                      "ID": 4,
                      "left": 5,
                      "right": 24
                    }
                  ],
                  "parent": 2,
                  "ID": 3,
                  "left": 4
                }
              ],
              "parent": 1,
              "ID": 2,
              "left": 3
            }
          ],
          "parent": 0,
          "ID": 1,
          "left": 2
        }
      ],
      "parent": null,
      "ID": 0,
      "left": 1
    },
    "feat": {
      "utility": 1.0222365392556907e-06,
      "query_shape": [
        [
          "Seq Scan",
          "Hash Join",
          "Sort",
          "Aggregate",
          "Gather Merge"
        ],
        [
          "Seq Scan",
          "Hash Join",
          "Hash",
          "Sort",
          "Aggregate",
          "Gather Merge"
        ],
        [
          "Seq Scan",
          "Hash Join",
          "Hash",
          "Sort",
          "Aggregate",
          "Gather Merge"
        ],
        [
          "Seq Scan",
          "Hash Join",
          "Hash",
          "Sort",
          "Aggregate",
          "Gather Merge"
        ],
        [
          "Seq Scan",
          "Hash",
          "Hash Join",
          "Sort",
          "Aggregate",
          "Gather Merge"
        ],
        [
          "Seq Scan",
          "Hash Join",
          "Hash",
          "Sort",
          "Aggregate",
          "Gather Merge"
        ],
        [
          "Seq Scan",
          "Hash",
          "Hash Join",
          "Sort",
          "Aggregate",
          "Gather Merge"
        ],
        [
          "Seq Scan",
          "Hash",
          "Hash Join",
          "Sort",
          "Aggregate",
          "Gather Merge"
        ]
      ],
      "index_shape": [
        "join"
      ],
      "physical_operator": {
        "Hash Join": [
          0.2,
          0.20000613086327806
        ]
      }
    }
  },
  {
    "query": "-- Functional Query Definition\n-- Approved February 1998\n\n\nselect\no_year,\nsum(case\nwhen nation = 'PERU' then volume\nelse 0\nend) / sum(volume) as mkt_share\nfrom\n(\nselect\nextract(year from o_orderdate) as o_year,\nl_extendedprice * (1 - l_discount) as volume,\nn2.n_name as nation\nfrom\npart,\nsupplier,\nlineitem,\norders,\ncustomer,\nnation n1,\nnation n2,\nregion\nwhere\np_partkey = l_partkey\nand s_suppkey = l_suppkey\nand l_orderkey = o_orderkey\nand o_custkey = c_custkey\nand c_nationkey = n1.n_nationkey\nand n1.n_regionkey = r_regionkey\nand r_name = 'AMERICA'\nand s_nationkey = n2.n_nationkey\nand o_orderdate between date '1995-01-01' and date '1996-12-31'\nand p_type = 'SMALL ANODIZED BRASS'\n) as all_nations\ngroup by\no_year\norder by\no_year ;\n-- $ID$\n-- TPC-H/TPC-R Product Type Profit Measure ",
    "indexes": "nation.n_name",
    "wo plan est": {
      "Node Type": "Aggregate",
      "Strategy": "Sorted",
      "Partial Mode": "Finalize",
      "Parallel Aware": false,
      "Async Capable": false,
      "Startup Cost": 1955785.01,
      "Total Cost": 1956486.84,
      "Plan Rows": 2406,
      "Plan Width": 64,
      "Group Key": [
        "(EXTRACT(year FROM orders.o_orderdate))"
      ],
      "Plans": [
        {
          "Node Type": "Gather Merge",
          "Parent Relationship": "Outer",
          "Parallel Aware": false,
          "Async Capable": false,
          "Startup Cost": 1955785.01,
          "Total Cost": 1956408.65,
          "Plan Rows": 2406,
          "Plan Width": 96,
          "Workers Planned": 1,
          "Plans": [
            {
              "Node Type": "Aggregate",
              "Strategy": "Sorted",
              "Partial Mode": "Partial",
              "Parent Relationship": "Outer",
              "Parallel Aware": false,
              "Async Capable": false,
              "Startup Cost": 1954785.0,
              "Total Cost": 1955137.96,
              "Plan Rows": 2406,
              "Plan Width": 96,
              "Group Key": [
                "(EXTRACT(year FROM orders.o_orderdate))"
              ],
              "Plans": [
                {
                  "Node Type": "Sort",
                  "Parent Relationship": "Outer",
                  "Parallel Aware": false,
                  "Async Capable": false,
                  "Startup Cost": 1954785.0,
                  "Total Cost": 1954819.54,
                  "Plan Rows": 13816,
                  "Plan Width": 70,
                  "Sort Key": [
                    "(EXTRACT(year FROM orders.o_orderdate))"
                  ],
                  "Plans": [
                    {
                      "Node Type": "Hash Join",
                      "Parent Relationship": "Outer",
                      "Parallel Aware": false,
                      "Async Capable": false,
                      "Join Type": "Inner",
                      "Startup Cost": 1950527.96,
                      "Total Cost": 1953834.87,
                      "Plan Rows": 13816,
                      "Plan Width": 70,
                      "Inner Unique": false,
                      "Hash Cond": "(supplier.s_nationkey = n2.n_nationkey)",
                      "Plans": [
                        {
                          "Node Type": "Hash Join",
                          "Parent Relationship": "Outer",
                          "Parallel Aware": true,
                          "Async Capable": false,
                          "Join Type": "Inner",
                          "Startup Cost": 1950526.4,
                          "Total Cost": 1953608.79,
                          "Plan Rows": 13816,
                          "Plan Width": 20,
                          "Inner Unique": false,
                          "Hash Cond": "(supplier.s_suppkey = lineitem.l_suppkey)",
                          "Plans": [
                            {
                              "Node Type": "Seq Scan",
                              "Parent Relationship": "Outer",
                              "Parallel Aware": true,
                              "Async Capable": false,
                              "Relation Name": "supplier",
                              "Alias": "supplier",
                              "Startup Cost": 0.0,
                              "Total Cost": 2804.24,
                              "Plan Rows": 58824,
                              "Plan Width": 8,
                              "parent": 5,
                              "ID": 6
                            },
                            {
                              "Node Type": "Hash",
                              "Parent Relationship": "Inner",
                              "Parallel Aware": true,
                              "Async Capable": false,
                              "Startup Cost": 1950404.06,
                              "Total Cost": 1950404.06,
                              "Plan Rows": 9787,
                              "Plan Width": 20,
                              "Plans": [
                                {
                                  "Node Type": "Hash Join",
                                  "Parent Relationship": "Outer",
                                  "Parallel Aware": false,
                                  "Async Capable": false,
                                  "Join Type": "Inner",
                                  "Startup Cost": 1905498.74,
                                  "Total Cost": 1950404.06,
                                  "Plan Rows": 9787,
                                  "Plan Width": 20,
                                  "Inner Unique": false,
                                  "Hash Cond": "(customer.c_nationkey = n1.n_nationkey)",
                                  "Plans": [
                                    {
                                      "Node Type": "Hash Join",
                                      "Parent Relationship": "Outer",
                                      "Parallel Aware": true,
                                      "Async Capable": false,
                                      "Join Type": "Inner",
                                      "Startup Cost": 1905496.2,
                                      "Total Cost": 1950120.18,
                                      "Plan Rows": 48932,
                                      "Plan Width": 24,
                                      "Inner Unique": false,
                                      "Hash Cond": "(customer.c_custkey = orders.o_custkey)",
                                      "Plans": [
                                        {
                                          "Node Type": "Seq Scan",
                                          "Parent Relationship": "Outer",
                                          "Parallel Aware": true,
                                          "Async Capable": false,
                                          "Relation Name": "customer",
                                          "Alias": "customer",
                                          "Startup Cost": 0.0,
                                          "Total Cost": 42076.52,
                                          "Plan Rows": 624952,
                                          "Plan Width": 8,
                                          "parent": 9,
                                          "ID": 10
                                        },
                                        {
                                          "Node Type": "Hash",
                                          "Parent Relationship": "Inner",
                                          "Parallel Aware": true,
                                          "Async Capable": false,
                                          "Startup Cost": 1904884.55,
                                          "Total Cost": 1904884.55,
                                          "Plan Rows": 48932,
                                          "Plan Width": 24,
                                          "Plans": [
                                            {
                                              "Node Type": "Hash Join",
                                              "Parent Relationship": "Outer",
                                              "Parallel Aware": true,
                                              "Async Capable": false,
                                              "Join Type": "Inner",
                                              "Startup Cost": 1523283.11,
                                              "Total Cost": 1904884.55,
                                              "Plan Rows": 48932,
                                              "Plan Width": 24,
                                              "Inner Unique": false,
                                              "Hash Cond": "(orders.o_orderkey = lineitem.l_orderkey)",
                                              "Plans": [
                                                {
                                                  "Node Type": "Seq Scan",
                                                  "Parent Relationship": "Outer",
                                                  "Parallel Aware": true,
                                                  "Async Capable": false,
                                                  "Relation Name": "orders",
                                                  "Alias": "orders",
                                                  "Startup Cost": 0.0,
                                                  "Total Cost": 354655.56,
                                                  "Plan Rows": 1909064,
                                                  "Plan Width": 12,
                                                  "Filter": "((o_orderdate >= '1995-01-01'::date) AND (o_orderdate <= '1996-12-31'::date))",
                                                  "parent": 12,
                                                  "ID": 13
                                                },
                                                {
                                                  "Node Type": "Hash",
                                                  "Parent Relationship": "Inner",
                                                  "Parallel Aware": true,
                                                  "Async Capable": false,
                                                  "Startup Cost": 1520341.76,
                                                  "Total Cost": 1520341.76,
                                                  "Plan Rows": 160188,
                                                  "Plan Width": 20,
                                                  "Plans": [
                                                    {
                                                      "Node Type": "Hash Join",
                                                      "Parent Relationship": "Outer",
                                                      "Parallel Aware": true,
                                                      "Async Capable": false,
                                                      "Join Type": "Inner",
                                                      "Startup Cost": 51447.53,
                                                      "Total Cost": 1520341.76,
                                                      "Plan Rows": 160188,
                                                      "Plan Width": 20,
                                                      "Inner Unique": false,
                                                      "Hash Cond": "(lineitem.l_partkey = part.p_partkey)",
                                                      "Plans": [
                                                        {
                                                          "Node Type": "Seq Scan",
                                                          "Parent Relationship": "Outer",
                                                          "Parallel Aware": true,
                                                          "Async Capable": false,
                                                          "Relation Name": "lineitem",
                                                          "Alias": "lineitem",
                                                          "Startup Cost": 0.0,
                                                          "Total Cost": 1374494.57,
                                                          "Plan Rows": 24995257,
                                                          "Plan Width": 24,
                                                          "parent": 15,
                                                          "ID": 16
                                                        },
                                                        {
                                                          "Node Type": "Hash",
                                                          "Parent Relationship": "Inner",
                                                          "Parallel Aware": true,
                                                          "Async Capable": false,
                                                          "Startup Cost": 51378.28,
                                                          "Total Cost": 51378.28,
                                                          "Plan Rows": 5540,
                                                          "Plan Width": 4,
                                                          "Plans": [
                                                            {
                                                              "Node Type": "Seq Scan",
                                                              "Parent Relationship": "Outer",
                                                              "Parallel Aware": true,
                                                              "Async Capable": false,
                                                              "Relation Name": "part",
                                                              "Alias": "part",
                                                              "Startup Cost": 0.0,
                                                              "Total Cost": 51378.28,
                                                              "Plan Rows": 5540,
                                                              "Plan Width": 4,
                                                              "Filter": "((p_type)::text = 'SMALL ANODIZED BRASS'::text)",
                                                              "parent": 17,
                                                              "ID": 18
                                                            }
                                                          ],
                                                          "parent": 15,
                                                          "ID": 17,
                                                          "left": 18
                                                        }
                                                      ],
                                                      "parent": 14,
                                                      "ID": 15,
                                                      "left": 16,
                                                      "right": 17
                                                    }
                                                  ],
                                                  "parent": 12,
                                                  "ID": 14,
                                                  "left": 15
                                                }
                                              ],
                                              "parent": 11,
                                              "ID": 12,
                                              "left": 13,
                                              "right": 14
                                            }
                                          ],
                                          "parent": 9,
                                          "ID": 11,
                                          "left": 12
                                        }
                                      ],
                                      "parent": 8,
                                      "ID": 9,
                                      "left": 10,
                                      "right": 11
                                    },
                                    {
                                      "Node Type": "Hash",
                                      "Parent Relationship": "Inner",
                                      "Parallel Aware": false,
                                      "Async Capable": false,
                                      "Startup Cost": 2.47,
                                      "Total Cost": 2.47,
                                      "Plan Rows": 5,
                                      "Plan Width": 4,
                                      "Plans": [
                                        {
                                          "Node Type": "Hash Join",
                                          "Parent Relationship": "Outer",
                                          "Parallel Aware": false,
                                          "Async Capable": false,
                                          "Join Type": "Inner",
                                          "Startup Cost": 1.07,
                                          "Total Cost": 2.47,
                                          "Plan Rows": 5,
                                          "Plan Width": 4,
                                          "Inner Unique": false,
                                          "Hash Cond": "(n1.n_regionkey = region.r_regionkey)",
                                          "Plans": [
                                            {
                                              "Node Type": "Seq Scan",
                                              "Parent Relationship": "Outer",
                                              "Parallel Aware": false,
                                              "Async Capable": false,
                                              "Relation Name": "nation",
                                              "Alias": "n1",
                                              "Startup Cost": 0.0,
                                              "Total Cost": 1.25,
                                              "Plan Rows": 25,
                                              "Plan Width": 8,
                                              "parent": 20,
                                              "ID": 21
                                            },
                                            {
                                              "Node Type": "Hash",
                                              "Parent Relationship": "Inner",
                                              "Parallel Aware": false,
                                              "Async Capable": false,
                                              "Startup Cost": 1.06,
                                              "Total Cost": 1.06,
                                              "Plan Rows": 1,
                                              "Plan Width": 4,
                                              "Plans": [
                                                {
                                                  "Node Type": "Seq Scan",
                                                  "Parent Relationship": "Outer",
                                                  "Parallel Aware": false,
                                                  "Async Capable": false,
                                                  "Relation Name": "region",
                                                  "Alias": "region",
                                                  "Startup Cost": 0.0,
                                                  "Total Cost": 1.06,
                                                  "Plan Rows": 1,
                                                  "Plan Width": 4,
                                                  "Filter": "(r_name = 'AMERICA'::bpchar)",
                                                  "parent": 22,
                                                  "ID": 23
                                                }
                                              ],
                                              "parent": 20,
                                              "ID": 22,
                                              "left": 23
                                            }
                                          ],
                                          "parent": 19,
                                          "ID": 20,
                                          "left": 21,
                                          "right": 22
                                        }
                                      ],
                                      "parent": 8,
                                      "ID": 19,
                                      "left": 20
                                    }
                                  ],
                                  "parent": 7,
                                  "ID": 8,
                                  "left": 9,
                                  "right": 19
                                }
                              ],
                              "parent": 5,
                              "ID": 7,
                              "left": 8
                            }
                          ],
                          "parent": 4,
                          "ID": 5,
                          "left": 6,
                          "right": 7
                        },
                        {
                          "Node Type": "Hash",
                          "Parent Relationship": "Inner",
                          "Parallel Aware": false,
                          "Async Capable": false,
                          "Startup Cost": 1.25,
                          "Total Cost": 1.25,
                          "Plan Rows": 25,
                          "Plan Width": 30,
                          "Plans": [
                            {
                              "Node Type": "Seq Scan",
                              "Parent Relationship": "Outer",
                              "Parallel Aware": false,
                              "Async Capable": false,
                              "Relation Name": "nation",
                              "Alias": "n2",
                              "Startup Cost": 0.0,
                              "Total Cost": 1.25,
                              "Plan Rows": 25,
                              "Plan Width": 30,
                              "parent": 24,
                              "ID": 25
                            }
                          ],
                          "parent": 4,
                          "ID": 24,
                          "left": 25
                        }
                      ],
                      "parent": 3,
                      "ID": 4,
                      "left": 5,
                      "right": 24
                    }
                  ],
                  "parent": 2,
                  "ID": 3,
                  "left": 4
                }
              ],
              "parent": 1,
              "ID": 2,
              "left": 3
            }
          ],
          "parent": 0,
          "ID": 1,
          "left": 2
        }
      ],
      "parent": null,
      "ID": 0,
      "left": 1
    },
    "feat": {
      "utility": 0.0,
      "query_shape": [
        [
          "Seq Scan",
          "Hash Join",
          "Sort",
          "Aggregate",
          "Gather Merge"
        ],
        [
          "Seq Scan",
          "Hash Join",
          "Hash",
          "Sort",
          "Aggregate",
          "Gather Merge"
        ],
        [
          "Seq Scan",
          "Hash Join",
          "Hash",
          "Sort",
          "Aggregate",
          "Gather Merge"
        ],
        [
          "Seq Scan",
          "Hash Join",
          "Hash",
          "Sort",
          "Aggregate",
          "Gather Merge"
        ],
        [
          "Seq Scan",
          "Hash",
          "Hash Join",
          "Sort",
          "Aggregate",
          "Gather Merge"
        ],
        [
          "Seq Scan",
          "Hash Join",
          "Hash",
          "Sort",
          "Aggregate",
          "Gather Merge"
        ],
        [
          "Seq Scan",
          "Hash",
          "Hash Join",
          "Sort",
          "Aggregate",
          "Gather Merge"
        ],
        [
          "Seq Scan",
          "Hash",
          "Hash Join",
          "Sort",
          "Aggregate",
          "Gather Merge"
        ]
      ],
      "index_shape": [],
      "physical_operator": {}
    }
  },
  {
    "query": "-- Functional Query Definition\n-- Approved February 1998\n\n\nselect\no_year,\nsum(case\nwhen nation = 'PERU' then volume\nelse 0\nend) / sum(volume) as mkt_share\nfrom\n(\nselect\nextract(year from o_orderdate) as o_year,\nl_extendedprice * (1 - l_discount) as volume,\nn2.n_name as nation\nfrom\npart,\nsupplier,\nlineitem,\norders,\ncustomer,\nnation n1,\nnation n2,\nregion\nwhere\np_partkey = l_partkey\nand s_suppkey = l_suppkey\nand l_orderkey = o_orderkey\nand o_custkey = c_custkey\nand c_nationkey = n1.n_nationkey\nand n1.n_regionkey = r_regionkey\nand r_name = 'AMERICA'\nand s_nationkey = n2.n_nationkey\nand o_orderdate between date '1995-01-01' and date '1996-12-31'\nand p_type = 'SMALL ANODIZED BRASS'\n) as all_nations\ngroup by\no_year\norder by\no_year ;\n-- $ID$\n-- TPC-H/TPC-R Product Type Profit Measure ",
    "indexes": "nation.n_regionkey",
    "wo plan est": {
      "Node Type": "Aggregate",
      "Strategy": "Sorted",
      "Partial Mode": "Finalize",
      "Parallel Aware": false,
      "Async Capable": false,
      "Startup Cost": 1955785.01,
      "Total Cost": 1956486.84,
      "Plan Rows": 2406,
      "Plan Width": 64,
      "Group Key": [
        "(EXTRACT(year FROM orders.o_orderdate))"
      ],
      "Plans": [
        {
          "Node Type": "Gather Merge",
          "Parent Relationship": "Outer",
          "Parallel Aware": false,
          "Async Capable": false,
          "Startup Cost": 1955785.01,
          "Total Cost": 1956408.65,
          "Plan Rows": 2406,
          "Plan Width": 96,
          "Workers Planned": 1,
          "Plans": [
            {
              "Node Type": "Aggregate",
              "Strategy": "Sorted",
              "Partial Mode": "Partial",
              "Parent Relationship": "Outer",
              "Parallel Aware": false,
              "Async Capable": false,
              "Startup Cost": 1954785.0,
              "Total Cost": 1955137.96,
              "Plan Rows": 2406,
              "Plan Width": 96,
              "Group Key": [
                "(EXTRACT(year FROM orders.o_orderdate))"
              ],
              "Plans": [
                {
                  "Node Type": "Sort",
                  "Parent Relationship": "Outer",
                  "Parallel Aware": false,
                  "Async Capable": false,
                  "Startup Cost": 1954785.0,
                  "Total Cost": 1954819.54,
                  "Plan Rows": 13816,
                  "Plan Width": 70,
                  "Sort Key": [
                    "(EXTRACT(year FROM orders.o_orderdate))"
                  ],
                  "Plans": [
                    {
                      "Node Type": "Hash Join",
                      "Parent Relationship": "Outer",
                      "Parallel Aware": false,
                      "Async Capable": false,
                      "Join Type": "Inner",
                      "Startup Cost": 1950527.96,
                      "Total Cost": 1953834.87,
                      "Plan Rows": 13816,
                      "Plan Width": 70,
                      "Inner Unique": false,
                      "Hash Cond": "(supplier.s_nationkey = n2.n_nationkey)",
                      "Plans": [
                        {
                          "Node Type": "Hash Join",
                          "Parent Relationship": "Outer",
                          "Parallel Aware": true,
                          "Async Capable": false,
                          "Join Type": "Inner",
                          "Startup Cost": 1950526.4,
                          "Total Cost": 1953608.79,
                          "Plan Rows": 13816,
                          "Plan Width": 20,
                          "Inner Unique": false,
                          "Hash Cond": "(supplier.s_suppkey = lineitem.l_suppkey)",
                          "Plans": [
                            {
                              "Node Type": "Seq Scan",
                              "Parent Relationship": "Outer",
                              "Parallel Aware": true,
                              "Async Capable": false,
                              "Relation Name": "supplier",
                              "Alias": "supplier",
                              "Startup Cost": 0.0,
                              "Total Cost": 2804.24,
                              "Plan Rows": 58824,
                              "Plan Width": 8,
                              "parent": 5,
                              "ID": 6
                            },
                            {
                              "Node Type": "Hash",
                              "Parent Relationship": "Inner",
                              "Parallel Aware": true,
                              "Async Capable": false,
                              "Startup Cost": 1950404.06,
                              "Total Cost": 1950404.06,
                              "Plan Rows": 9787,
                              "Plan Width": 20,
                              "Plans": [
                                {
                                  "Node Type": "Hash Join",
                                  "Parent Relationship": "Outer",
                                  "Parallel Aware": false,
                                  "Async Capable": false,
                                  "Join Type": "Inner",
                                  "Startup Cost": 1905498.74,
                                  "Total Cost": 1950404.06,
                                  "Plan Rows": 9787,
                                  "Plan Width": 20,
                                  "Inner Unique": false,
                                  "Hash Cond": "(customer.c_nationkey = n1.n_nationkey)",
                                  "Plans": [
                                    {
                                      "Node Type": "Hash Join",
                                      "Parent Relationship": "Outer",
                                      "Parallel Aware": true,
                                      "Async Capable": false,
                                      "Join Type": "Inner",
                                      "Startup Cost": 1905496.2,
                                      "Total Cost": 1950120.18,
                                      "Plan Rows": 48932,
                                      "Plan Width": 24,
                                      "Inner Unique": false,
                                      "Hash Cond": "(customer.c_custkey = orders.o_custkey)",
                                      "Plans": [
                                        {
                                          "Node Type": "Seq Scan",
                                          "Parent Relationship": "Outer",
                                          "Parallel Aware": true,
                                          "Async Capable": false,
                                          "Relation Name": "customer",
                                          "Alias": "customer",
                                          "Startup Cost": 0.0,
                                          "Total Cost": 42076.52,
                                          "Plan Rows": 624952,
                                          "Plan Width": 8,
                                          "parent": 9,
                                          "ID": 10
                                        },
                                        {
                                          "Node Type": "Hash",
                                          "Parent Relationship": "Inner",
                                          "Parallel Aware": true,
                                          "Async Capable": false,
                                          "Startup Cost": 1904884.55,
                                          "Total Cost": 1904884.55,
                                          "Plan Rows": 48932,
                                          "Plan Width": 24,
                                          "Plans": [
                                            {
                                              "Node Type": "Hash Join",
                                              "Parent Relationship": "Outer",
                                              "Parallel Aware": true,
                                              "Async Capable": false,
                                              "Join Type": "Inner",
                                              "Startup Cost": 1523283.11,
                                              "Total Cost": 1904884.55,
                                              "Plan Rows": 48932,
                                              "Plan Width": 24,
                                              "Inner Unique": false,
                                              "Hash Cond": "(orders.o_orderkey = lineitem.l_orderkey)",
                                              "Plans": [
                                                {
                                                  "Node Type": "Seq Scan",
                                                  "Parent Relationship": "Outer",
                                                  "Parallel Aware": true,
                                                  "Async Capable": false,
                                                  "Relation Name": "orders",
                                                  "Alias": "orders",
                                                  "Startup Cost": 0.0,
                                                  "Total Cost": 354655.56,
                                                  "Plan Rows": 1909064,
                                                  "Plan Width": 12,
                                                  "Filter": "((o_orderdate >= '1995-01-01'::date) AND (o_orderdate <= '1996-12-31'::date))",
                                                  "parent": 12,
                                                  "ID": 13
                                                },
                                                {
                                                  "Node Type": "Hash",
                                                  "Parent Relationship": "Inner",
                                                  "Parallel Aware": true,
                                                  "Async Capable": false,
                                                  "Startup Cost": 1520341.76,
                                                  "Total Cost": 1520341.76,
                                                  "Plan Rows": 160188,
                                                  "Plan Width": 20,
                                                  "Plans": [
                                                    {
                                                      "Node Type": "Hash Join",
                                                      "Parent Relationship": "Outer",
                                                      "Parallel Aware": true,
                                                      "Async Capable": false,
                                                      "Join Type": "Inner",
                                                      "Startup Cost": 51447.53,
                                                      "Total Cost": 1520341.76,
                                                      "Plan Rows": 160188,
                                                      "Plan Width": 20,
                                                      "Inner Unique": false,
                                                      "Hash Cond": "(lineitem.l_partkey = part.p_partkey)",
                                                      "Plans": [
                                                        {
                                                          "Node Type": "Seq Scan",
                                                          "Parent Relationship": "Outer",
                                                          "Parallel Aware": true,
                                                          "Async Capable": false,
                                                          "Relation Name": "lineitem",
                                                          "Alias": "lineitem",
                                                          "Startup Cost": 0.0,
                                                          "Total Cost": 1374494.57,
                                                          "Plan Rows": 24995257,
                                                          "Plan Width": 24,
                                                          "parent": 15,
                                                          "ID": 16
                                                        },
                                                        {
                                                          "Node Type": "Hash",
                                                          "Parent Relationship": "Inner",
                                                          "Parallel Aware": true,
                                                          "Async Capable": false,
                                                          "Startup Cost": 51378.28,
                                                          "Total Cost": 51378.28,
                                                          "Plan Rows": 5540,
                                                          "Plan Width": 4,
                                                          "Plans": [
                                                            {
                                                              "Node Type": "Seq Scan",
                                                              "Parent Relationship": "Outer",
                                                              "Parallel Aware": true,
                                                              "Async Capable": false,
                                                              "Relation Name": "part",
                                                              "Alias": "part",
                                                              "Startup Cost": 0.0,
                                                              "Total Cost": 51378.28,
                                                              "Plan Rows": 5540,
                                                              "Plan Width": 4,
                                                              "Filter": "((p_type)::text = 'SMALL ANODIZED BRASS'::text)",
                                                              "parent": 17,
                                                              "ID": 18
                                                            }
                                                          ],
                                                          "parent": 15,
                                                          "ID": 17,
                                                          "left": 18
                                                        }
                                                      ],
                                                      "parent": 14,
                                                      "ID": 15,
                                                      "left": 16,
                                                      "right": 17
                                                    }
                                                  ],
                                                  "parent": 12,
                                                  "ID": 14,
                                                  "left": 15
                                                }
                                              ],
                                              "parent": 11,
                                              "ID": 12,
                                              "left": 13,
                                              "right": 14
                                            }
                                          ],
                                          "parent": 9,
                                          "ID": 11,
                                          "left": 12
                                        }
                                      ],
                                      "parent": 8,
                                      "ID": 9,
                                      "left": 10,
                                      "right": 11
                                    },
                                    {
                                      "Node Type": "Hash",
                                      "Parent Relationship": "Inner",
                                      "Parallel Aware": false,
                                      "Async Capable": false,
                                      "Startup Cost": 2.47,
                                      "Total Cost": 2.47,
                                      "Plan Rows": 5,
                                      "Plan Width": 4,
                                      "Plans": [
                                        {
                                          "Node Type": "Hash Join",
                                          "Parent Relationship": "Outer",
                                          "Parallel Aware": false,
                                          "Async Capable": false,
                                          "Join Type": "Inner",
                                          "Startup Cost": 1.07,
                                          "Total Cost": 2.47,
                                          "Plan Rows": 5,
                                          "Plan Width": 4,
                                          "Inner Unique": false,
                                          "Hash Cond": "(n1.n_regionkey = region.r_regionkey)",
                                          "Plans": [
                                            {
                                              "Node Type": "Seq Scan",
                                              "Parent Relationship": "Outer",
                                              "Parallel Aware": false,
                                              "Async Capable": false,
                                              "Relation Name": "nation",
                                              "Alias": "n1",
                                              "Startup Cost": 0.0,
                                              "Total Cost": 1.25,
                                              "Plan Rows": 25,
                                              "Plan Width": 8,
                                              "parent": 20,
                                              "ID": 21
                                            },
                                            {
                                              "Node Type": "Hash",
                                              "Parent Relationship": "Inner",
                                              "Parallel Aware": false,
                                              "Async Capable": false,
                                              "Startup Cost": 1.06,
                                              "Total Cost": 1.06,
                                              "Plan Rows": 1,
                                              "Plan Width": 4,
                                              "Plans": [
                                                {
                                                  "Node Type": "Seq Scan",
                                                  "Parent Relationship": "Outer",
                                                  "Parallel Aware": false,
                                                  "Async Capable": false,
                                                  "Relation Name": "region",
                                                  "Alias": "region",
                                                  "Startup Cost": 0.0,
                                                  "Total Cost": 1.06,
                                                  "Plan Rows": 1,
                                                  "Plan Width": 4,
                                                  "Filter": "(r_name = 'AMERICA'::bpchar)",
                                                  "parent": 22,
                                                  "ID": 23
                                                }
                                              ],
                                              "parent": 20,
                                              "ID": 22,
                                              "left": 23
                                            }
                                          ],
                                          "parent": 19,
                                          "ID": 20,
                                          "left": 21,
                                          "right": 22
                                        }
                                      ],
                                      "parent": 8,
                                      "ID": 19,
                                      "left": 20
                                    }
                                  ],
                                  "parent": 7,
                                  "ID": 8,
                                  "left": 9,
                                  "right": 19
                                }
                              ],
                              "parent": 5,
                              "ID": 7,
                              "left": 8
                            }
                          ],
                          "parent": 4,
                          "ID": 5,
                          "left": 6,
                          "right": 7
                        },
                        {
                          "Node Type": "Hash",
                          "Parent Relationship": "Inner",
                          "Parallel Aware": false,
                          "Async Capable": false,
                          "Startup Cost": 1.25,
                          "Total Cost": 1.25,
                          "Plan Rows": 25,
                          "Plan Width": 30,
                          "Plans": [
                            {
                              "Node Type": "Seq Scan",
                              "Parent Relationship": "Outer",
                              "Parallel Aware": false,
                              "Async Capable": false,
                              "Relation Name": "nation",
                              "Alias": "n2",
                              "Startup Cost": 0.0,
                              "Total Cost": 1.25,
                              "Plan Rows": 25,
                              "Plan Width": 30,
                              "parent": 24,
                              "ID": 25
                            }
                          ],
                          "parent": 4,
                          "ID": 24,
                          "left": 25
                        }
                      ],
                      "parent": 3,
                      "ID": 4,
                      "left": 5,
                      "right": 24
                    }
                  ],
                  "parent": 2,
                  "ID": 3,
                  "left": 4
                }
              ],
              "parent": 1,
              "ID": 2,
              "left": 3
            }
          ],
          "parent": 0,
          "ID": 1,
          "left": 2
        }
      ],
      "parent": null,
      "ID": 0,
      "left": 1
    },
    "feat": {
      "utility": 0.0,
      "query_shape": [
        [
          "Seq Scan",
          "Hash Join",
          "Sort",
          "Aggregate",
          "Gather Merge"
        ],
        [
          "Seq Scan",
          "Hash Join",
          "Hash",
          "Sort",
          "Aggregate",
          "Gather Merge"
        ],
        [
          "Seq Scan",
          "Hash Join",
          "Hash",
          "Sort",
          "Aggregate",
          "Gather Merge"
        ],
        [
          "Seq Scan",
          "Hash Join",
          "Hash",
          "Sort",
          "Aggregate",
          "Gather Merge"
        ],
        [
          "Seq Scan",
          "Hash",
          "Hash Join",
          "Sort",
          "Aggregate",
          "Gather Merge"
        ],
        [
          "Seq Scan",
          "Hash Join",
          "Hash",
          "Sort",
          "Aggregate",
          "Gather Merge"
        ],
        [
          "Seq Scan",
          "Hash",
          "Hash Join",
          "Sort",
          "Aggregate",
          "Gather Merge"
        ],
        [
          "Seq Scan",
          "Hash",
          "Hash Join",
          "Sort",
          "Aggregate",
          "Gather Merge"
        ]
      ],
      "index_shape": [
        "join"
      ],
      "physical_operator": {}
    }
  },
  {
    "query": "-- Functional Query Definition\n-- Approved February 1998\n\n\nselect\no_year,\nsum(case\nwhen nation = 'PERU' then volume\nelse 0\nend) / sum(volume) as mkt_share\nfrom\n(\nselect\nextract(year from o_orderdate) as o_year,\nl_extendedprice * (1 - l_discount) as volume,\nn2.n_name as nation\nfrom\npart,\nsupplier,\nlineitem,\norders,\ncustomer,\nnation n1,\nnation n2,\nregion\nwhere\np_partkey = l_partkey\nand s_suppkey = l_suppkey\nand l_orderkey = o_orderkey\nand o_custkey = c_custkey\nand c_nationkey = n1.n_nationkey\nand n1.n_regionkey = r_regionkey\nand r_name = 'AMERICA'\nand s_nationkey = n2.n_nationkey\nand o_orderdate between date '1995-01-01' and date '1996-12-31'\nand p_type = 'SMALL ANODIZED BRASS'\n) as all_nations\ngroup by\no_year\norder by\no_year ;\n-- $ID$\n-- TPC-H/TPC-R Product Type Profit Measure ",
    "indexes": "orders.o_orderkey",
    "wo plan est": {
      "Node Type": "Aggregate",
      "Strategy": "Sorted",
      "Partial Mode": "Finalize",
      "Parallel Aware": false,
      "Async Capable": false,
      "Startup Cost": 1955785.01,
      "Total Cost": 1956486.84,
      "Plan Rows": 2406,
      "Plan Width": 64,
      "Group Key": [
        "(EXTRACT(year FROM orders.o_orderdate))"
      ],
      "Plans": [
        {
          "Node Type": "Gather Merge",
          "Parent Relationship": "Outer",
          "Parallel Aware": false,
          "Async Capable": false,
          "Startup Cost": 1955785.01,
          "Total Cost": 1956408.65,
          "Plan Rows": 2406,
          "Plan Width": 96,
          "Workers Planned": 1,
          "Plans": [
            {
              "Node Type": "Aggregate",
              "Strategy": "Sorted",
              "Partial Mode": "Partial",
              "Parent Relationship": "Outer",
              "Parallel Aware": false,
              "Async Capable": false,
              "Startup Cost": 1954785.0,
              "Total Cost": 1955137.96,
              "Plan Rows": 2406,
              "Plan Width": 96,
              "Group Key": [
                "(EXTRACT(year FROM orders.o_orderdate))"
              ],
              "Plans": [
                {
                  "Node Type": "Sort",
                  "Parent Relationship": "Outer",
                  "Parallel Aware": false,
                  "Async Capable": false,
                  "Startup Cost": 1954785.0,
                  "Total Cost": 1954819.54,
                  "Plan Rows": 13816,
                  "Plan Width": 70,
                  "Sort Key": [
                    "(EXTRACT(year FROM orders.o_orderdate))"
                  ],
                  "Plans": [
                    {
                      "Node Type": "Hash Join",
                      "Parent Relationship": "Outer",
                      "Parallel Aware": false,
                      "Async Capable": false,
                      "Join Type": "Inner",
                      "Startup Cost": 1950527.96,
                      "Total Cost": 1953834.87,
                      "Plan Rows": 13816,
                      "Plan Width": 70,
                      "Inner Unique": false,
                      "Hash Cond": "(supplier.s_nationkey = n2.n_nationkey)",
                      "Plans": [
                        {
                          "Node Type": "Hash Join",
                          "Parent Relationship": "Outer",
                          "Parallel Aware": true,
                          "Async Capable": false,
                          "Join Type": "Inner",
                          "Startup Cost": 1950526.4,
                          "Total Cost": 1953608.79,
                          "Plan Rows": 13816,
                          "Plan Width": 20,
                          "Inner Unique": false,
                          "Hash Cond": "(supplier.s_suppkey = lineitem.l_suppkey)",
                          "Plans": [
                            {
                              "Node Type": "Seq Scan",
                              "Parent Relationship": "Outer",
                              "Parallel Aware": true,
                              "Async Capable": false,
                              "Relation Name": "supplier",
                              "Alias": "supplier",
                              "Startup Cost": 0.0,
                              "Total Cost": 2804.24,
                              "Plan Rows": 58824,
                              "Plan Width": 8,
                              "parent": 5,
                              "ID": 6
                            },
                            {
                              "Node Type": "Hash",
                              "Parent Relationship": "Inner",
                              "Parallel Aware": true,
                              "Async Capable": false,
                              "Startup Cost": 1950404.06,
                              "Total Cost": 1950404.06,
                              "Plan Rows": 9787,
                              "Plan Width": 20,
                              "Plans": [
                                {
                                  "Node Type": "Hash Join",
                                  "Parent Relationship": "Outer",
                                  "Parallel Aware": false,
                                  "Async Capable": false,
                                  "Join Type": "Inner",
                                  "Startup Cost": 1905498.74,
                                  "Total Cost": 1950404.06,
                                  "Plan Rows": 9787,
                                  "Plan Width": 20,
                                  "Inner Unique": false,
                                  "Hash Cond": "(customer.c_nationkey = n1.n_nationkey)",
                                  "Plans": [
                                    {
                                      "Node Type": "Hash Join",
                                      "Parent Relationship": "Outer",
                                      "Parallel Aware": true,
                                      "Async Capable": false,
                                      "Join Type": "Inner",
                                      "Startup Cost": 1905496.2,
                                      "Total Cost": 1950120.18,
                                      "Plan Rows": 48932,
                                      "Plan Width": 24,
                                      "Inner Unique": false,
                                      "Hash Cond": "(customer.c_custkey = orders.o_custkey)",
                                      "Plans": [
                                        {
                                          "Node Type": "Seq Scan",
                                          "Parent Relationship": "Outer",
                                          "Parallel Aware": true,
                                          "Async Capable": false,
                                          "Relation Name": "customer",
                                          "Alias": "customer",
                                          "Startup Cost": 0.0,
                                          "Total Cost": 42076.52,
                                          "Plan Rows": 624952,
                                          "Plan Width": 8,
                                          "parent": 9,
                                          "ID": 10
                                        },
                                        {
                                          "Node Type": "Hash",
                                          "Parent Relationship": "Inner",
                                          "Parallel Aware": true,
                                          "Async Capable": false,
                                          "Startup Cost": 1904884.55,
                                          "Total Cost": 1904884.55,
                                          "Plan Rows": 48932,
                                          "Plan Width": 24,
                                          "Plans": [
                                            {
                                              "Node Type": "Hash Join",
                                              "Parent Relationship": "Outer",
                                              "Parallel Aware": true,
                                              "Async Capable": false,
                                              "Join Type": "Inner",
                                              "Startup Cost": 1523283.11,
                                              "Total Cost": 1904884.55,
                                              "Plan Rows": 48932,
                                              "Plan Width": 24,
                                              "Inner Unique": false,
                                              "Hash Cond": "(orders.o_orderkey = lineitem.l_orderkey)",
                                              "Plans": [
                                                {
                                                  "Node Type": "Seq Scan",
                                                  "Parent Relationship": "Outer",
                                                  "Parallel Aware": true,
                                                  "Async Capable": false,
                                                  "Relation Name": "orders",
                                                  "Alias": "orders",
                                                  "Startup Cost": 0.0,
                                                  "Total Cost": 354655.56,
                                                  "Plan Rows": 1909064,
                                                  "Plan Width": 12,
                                                  "Filter": "((o_orderdate >= '1995-01-01'::date) AND (o_orderdate <= '1996-12-31'::date))",
                                                  "parent": 12,
                                                  "ID": 13
                                                },
                                                {
                                                  "Node Type": "Hash",
                                                  "Parent Relationship": "Inner",
                                                  "Parallel Aware": true,
                                                  "Async Capable": false,
                                                  "Startup Cost": 1520341.76,
                                                  "Total Cost": 1520341.76,
                                                  "Plan Rows": 160188,
                                                  "Plan Width": 20,
                                                  "Plans": [
                                                    {
                                                      "Node Type": "Hash Join",
                                                      "Parent Relationship": "Outer",
                                                      "Parallel Aware": true,
                                                      "Async Capable": false,
                                                      "Join Type": "Inner",
                                                      "Startup Cost": 51447.53,
                                                      "Total Cost": 1520341.76,
                                                      "Plan Rows": 160188,
                                                      "Plan Width": 20,
                                                      "Inner Unique": false,
                                                      "Hash Cond": "(lineitem.l_partkey = part.p_partkey)",
                                                      "Plans": [
                                                        {
                                                          "Node Type": "Seq Scan",
                                                          "Parent Relationship": "Outer",
                                                          "Parallel Aware": true,
                                                          "Async Capable": false,
                                                          "Relation Name": "lineitem",
                                                          "Alias": "lineitem",
                                                          "Startup Cost": 0.0,
                                                          "Total Cost": 1374494.57,
                                                          "Plan Rows": 24995257,
                                                          "Plan Width": 24,
                                                          "parent": 15,
                                                          "ID": 16
                                                        },
                                                        {
                                                          "Node Type": "Hash",
                                                          "Parent Relationship": "Inner",
                                                          "Parallel Aware": true,
                                                          "Async Capable": false,
                                                          "Startup Cost": 51378.28,
                                                          "Total Cost": 51378.28,
                                                          "Plan Rows": 5540,
                                                          "Plan Width": 4,
                                                          "Plans": [
                                                            {
                                                              "Node Type": "Seq Scan",
                                                              "Parent Relationship": "Outer",
                                                              "Parallel Aware": true,
                                                              "Async Capable": false,
                                                              "Relation Name": "part",
                                                              "Alias": "part",
                                                              "Startup Cost": 0.0,
                                                              "Total Cost": 51378.28,
                                                              "Plan Rows": 5540,
                                                              "Plan Width": 4,
                                                              "Filter": "((p_type)::text = 'SMALL ANODIZED BRASS'::text)",
                                                              "parent": 17,
                                                              "ID": 18
                                                            }
                                                          ],
                                                          "parent": 15,
                                                          "ID": 17,
                                                          "left": 18
                                                        }
                                                      ],
                                                      "parent": 14,
                                                      "ID": 15,
                                                      "left": 16,
                                                      "right": 17
                                                    }
                                                  ],
                                                  "parent": 12,
                                                  "ID": 14,
                                                  "left": 15
                                                }
                                              ],
                                              "parent": 11,
                                              "ID": 12,
                                              "left": 13,
                                              "right": 14
                                            }
                                          ],
                                          "parent": 9,
                                          "ID": 11,
                                          "left": 12
                                        }
                                      ],
                                      "parent": 8,
                                      "ID": 9,
                                      "left": 10,
                                      "right": 11
                                    },
                                    {
                                      "Node Type": "Hash",
                                      "Parent Relationship": "Inner",
                                      "Parallel Aware": false,
                                      "Async Capable": false,
                                      "Startup Cost": 2.47,
                                      "Total Cost": 2.47,
                                      "Plan Rows": 5,
                                      "Plan Width": 4,
                                      "Plans": [
                                        {
                                          "Node Type": "Hash Join",
                                          "Parent Relationship": "Outer",
                                          "Parallel Aware": false,
                                          "Async Capable": false,
                                          "Join Type": "Inner",
                                          "Startup Cost": 1.07,
                                          "Total Cost": 2.47,
                                          "Plan Rows": 5,
                                          "Plan Width": 4,
                                          "Inner Unique": false,
                                          "Hash Cond": "(n1.n_regionkey = region.r_regionkey)",
                                          "Plans": [
                                            {
                                              "Node Type": "Seq Scan",
                                              "Parent Relationship": "Outer",
                                              "Parallel Aware": false,
                                              "Async Capable": false,
                                              "Relation Name": "nation",
                                              "Alias": "n1",
                                              "Startup Cost": 0.0,
                                              "Total Cost": 1.25,
                                              "Plan Rows": 25,
                                              "Plan Width": 8,
                                              "parent": 20,
                                              "ID": 21
                                            },
                                            {
                                              "Node Type": "Hash",
                                              "Parent Relationship": "Inner",
                                              "Parallel Aware": false,
                                              "Async Capable": false,
                                              "Startup Cost": 1.06,
                                              "Total Cost": 1.06,
                                              "Plan Rows": 1,
                                              "Plan Width": 4,
                                              "Plans": [
                                                {
                                                  "Node Type": "Seq Scan",
                                                  "Parent Relationship": "Outer",
                                                  "Parallel Aware": false,
                                                  "Async Capable": false,
                                                  "Relation Name": "region",
                                                  "Alias": "region",
                                                  "Startup Cost": 0.0,
                                                  "Total Cost": 1.06,
                                                  "Plan Rows": 1,
                                                  "Plan Width": 4,
                                                  "Filter": "(r_name = 'AMERICA'::bpchar)",
                                                  "parent": 22,
                                                  "ID": 23
                                                }
                                              ],
                                              "parent": 20,
                                              "ID": 22,
                                              "left": 23
                                            }
                                          ],
                                          "parent": 19,
                                          "ID": 20,
                                          "left": 21,
                                          "right": 22
                                        }
                                      ],
                                      "parent": 8,
                                      "ID": 19,
                                      "left": 20
                                    }
                                  ],
                                  "parent": 7,
                                  "ID": 8,
                                  "left": 9,
                                  "right": 19
                                }
                              ],
                              "parent": 5,
                              "ID": 7,
                              "left": 8
                            }
                          ],
                          "parent": 4,
                          "ID": 5,
                          "left": 6,
                          "right": 7
                        },
                        {
                          "Node Type": "Hash",
                          "Parent Relationship": "Inner",
                          "Parallel Aware": false,
                          "Async Capable": false,
                          "Startup Cost": 1.25,
                          "Total Cost": 1.25,
                          "Plan Rows": 25,
                          "Plan Width": 30,
                          "Plans": [
                            {
                              "Node Type": "Seq Scan",
                              "Parent Relationship": "Outer",
                              "Parallel Aware": false,
                              "Async Capable": false,
                              "Relation Name": "nation",
                              "Alias": "n2",
                              "Startup Cost": 0.0,
                              "Total Cost": 1.25,
                              "Plan Rows": 25,
                              "Plan Width": 30,
                              "parent": 24,
                              "ID": 25
                            }
                          ],
                          "parent": 4,
                          "ID": 24,
                          "left": 25
                        }
                      ],
                      "parent": 3,
                      "ID": 4,
                      "left": 5,
                      "right": 24
                    }
                  ],
                  "parent": 2,
                  "ID": 3,
                  "left": 4
                }
              ],
              "parent": 1,
              "ID": 2,
              "left": 3
            }
          ],
          "parent": 0,
          "ID": 1,
          "left": 2
        }
      ],
      "parent": null,
      "ID": 0,
      "left": 1
    },
    "feat": {
      "utility": 6.386447184269642e-07,
      "query_shape": [
        [
          "Seq Scan",
          "Hash Join",
          "Sort",
          "Aggregate",
          "Gather Merge"
        ],
        [
          "Seq Scan",
          "Hash Join",
          "Hash",
          "Sort",
          "Aggregate",
          "Gather Merge"
        ],
        [
          "Seq Scan",
          "Hash Join",
          "Hash",
          "Sort",
          "Aggregate",
          "Gather Merge"
        ],
        [
          "Seq Scan",
          "Hash Join",
          "Hash",
          "Sort",
          "Aggregate",
          "Gather Merge"
        ],
        [
          "Seq Scan",
          "Hash",
          "Hash Join",
          "Sort",
          "Aggregate",
          "Gather Merge"
        ],
        [
          "Seq Scan",
          "Hash Join",
          "Hash",
          "Sort",
          "Aggregate",
          "Gather Merge"
        ],
        [
          "Seq Scan",
          "Hash",
          "Hash Join",
          "Sort",
          "Aggregate",
          "Gather Merge"
        ],
        [
          "Seq Scan",
          "Hash",
          "Hash Join",
          "Sort",
          "Aggregate",
          "Gather Merge"
        ]
      ],
      "index_shape": [
        "join"
      ],
      "physical_operator": {
        "Hash Join": [
          0.00040001036971116453
        ]
      }
    }
  },
  {
    "query": "-- Functional Query Definition\n-- Approved February 1998\n\n\nselect\no_year,\nsum(case\nwhen nation = 'PERU' then volume\nelse 0\nend) / sum(volume) as mkt_share\nfrom\n(\nselect\nextract(year from o_orderdate) as o_year,\nl_extendedprice * (1 - l_discount) as volume,\nn2.n_name as nation\nfrom\npart,\nsupplier,\nlineitem,\norders,\ncustomer,\nnation n1,\nnation n2,\nregion\nwhere\np_partkey = l_partkey\nand s_suppkey = l_suppkey\nand l_orderkey = o_orderkey\nand o_custkey = c_custkey\nand c_nationkey = n1.n_nationkey\nand n1.n_regionkey = r_regionkey\nand r_name = 'AMERICA'\nand s_nationkey = n2.n_nationkey\nand o_orderdate between date '1995-01-01' and date '1996-12-31'\nand p_type = 'SMALL ANODIZED BRASS'\n) as all_nations\ngroup by\no_year\norder by\no_year ;\n-- $ID$\n-- TPC-H/TPC-R Product Type Profit Measure ",
    "indexes": "orders.o_custkey",
    "wo plan est": {
      "Node Type": "Aggregate",
      "Strategy": "Sorted",
      "Partial Mode": "Finalize",
      "Parallel Aware": false,
      "Async Capable": false,
      "Startup Cost": 1955785.01,
      "Total Cost": 1956486.84,
      "Plan Rows": 2406,
      "Plan Width": 64,
      "Group Key": [
        "(EXTRACT(year FROM orders.o_orderdate))"
      ],
      "Plans": [
        {
          "Node Type": "Gather Merge",
          "Parent Relationship": "Outer",
          "Parallel Aware": false,
          "Async Capable": false,
          "Startup Cost": 1955785.01,
          "Total Cost": 1956408.65,
          "Plan Rows": 2406,
          "Plan Width": 96,
          "Workers Planned": 1,
          "Plans": [
            {
              "Node Type": "Aggregate",
              "Strategy": "Sorted",
              "Partial Mode": "Partial",
              "Parent Relationship": "Outer",
              "Parallel Aware": false,
              "Async Capable": false,
              "Startup Cost": 1954785.0,
              "Total Cost": 1955137.96,
              "Plan Rows": 2406,
              "Plan Width": 96,
              "Group Key": [
                "(EXTRACT(year FROM orders.o_orderdate))"
              ],
              "Plans": [
                {
                  "Node Type": "Sort",
                  "Parent Relationship": "Outer",
                  "Parallel Aware": false,
                  "Async Capable": false,
                  "Startup Cost": 1954785.0,
                  "Total Cost": 1954819.54,
                  "Plan Rows": 13816,
                  "Plan Width": 70,
                  "Sort Key": [
                    "(EXTRACT(year FROM orders.o_orderdate))"
                  ],
                  "Plans": [
                    {
                      "Node Type": "Hash Join",
                      "Parent Relationship": "Outer",
                      "Parallel Aware": false,
                      "Async Capable": false,
                      "Join Type": "Inner",
                      "Startup Cost": 1950527.96,
                      "Total Cost": 1953834.87,
                      "Plan Rows": 13816,
                      "Plan Width": 70,
                      "Inner Unique": false,
                      "Hash Cond": "(supplier.s_nationkey = n2.n_nationkey)",
                      "Plans": [
                        {
                          "Node Type": "Hash Join",
                          "Parent Relationship": "Outer",
                          "Parallel Aware": true,
                          "Async Capable": false,
                          "Join Type": "Inner",
                          "Startup Cost": 1950526.4,
                          "Total Cost": 1953608.79,
                          "Plan Rows": 13816,
                          "Plan Width": 20,
                          "Inner Unique": false,
                          "Hash Cond": "(supplier.s_suppkey = lineitem.l_suppkey)",
                          "Plans": [
                            {
                              "Node Type": "Seq Scan",
                              "Parent Relationship": "Outer",
                              "Parallel Aware": true,
                              "Async Capable": false,
                              "Relation Name": "supplier",
                              "Alias": "supplier",
                              "Startup Cost": 0.0,
                              "Total Cost": 2804.24,
                              "Plan Rows": 58824,
                              "Plan Width": 8,
                              "parent": 5,
                              "ID": 6
                            },
                            {
                              "Node Type": "Hash",
                              "Parent Relationship": "Inner",
                              "Parallel Aware": true,
                              "Async Capable": false,
                              "Startup Cost": 1950404.06,
                              "Total Cost": 1950404.06,
                              "Plan Rows": 9787,
                              "Plan Width": 20,
                              "Plans": [
                                {
                                  "Node Type": "Hash Join",
                                  "Parent Relationship": "Outer",
                                  "Parallel Aware": false,
                                  "Async Capable": false,
                                  "Join Type": "Inner",
                                  "Startup Cost": 1905498.74,
                                  "Total Cost": 1950404.06,
                                  "Plan Rows": 9787,
                                  "Plan Width": 20,
                                  "Inner Unique": false,
                                  "Hash Cond": "(customer.c_nationkey = n1.n_nationkey)",
                                  "Plans": [
                                    {
                                      "Node Type": "Hash Join",
                                      "Parent Relationship": "Outer",
                                      "Parallel Aware": true,
                                      "Async Capable": false,
                                      "Join Type": "Inner",
                                      "Startup Cost": 1905496.2,
                                      "Total Cost": 1950120.18,
                                      "Plan Rows": 48932,
                                      "Plan Width": 24,
                                      "Inner Unique": false,
                                      "Hash Cond": "(customer.c_custkey = orders.o_custkey)",
                                      "Plans": [
                                        {
                                          "Node Type": "Seq Scan",
                                          "Parent Relationship": "Outer",
                                          "Parallel Aware": true,
                                          "Async Capable": false,
                                          "Relation Name": "customer",
                                          "Alias": "customer",
                                          "Startup Cost": 0.0,
                                          "Total Cost": 42076.52,
                                          "Plan Rows": 624952,
                                          "Plan Width": 8,
                                          "parent": 9,
                                          "ID": 10
                                        },
                                        {
                                          "Node Type": "Hash",
                                          "Parent Relationship": "Inner",
                                          "Parallel Aware": true,
                                          "Async Capable": false,
                                          "Startup Cost": 1904884.55,
                                          "Total Cost": 1904884.55,
                                          "Plan Rows": 48932,
                                          "Plan Width": 24,
                                          "Plans": [
                                            {
                                              "Node Type": "Hash Join",
                                              "Parent Relationship": "Outer",
                                              "Parallel Aware": true,
                                              "Async Capable": false,
                                              "Join Type": "Inner",
                                              "Startup Cost": 1523283.11,
                                              "Total Cost": 1904884.55,
                                              "Plan Rows": 48932,
                                              "Plan Width": 24,
                                              "Inner Unique": false,
                                              "Hash Cond": "(orders.o_orderkey = lineitem.l_orderkey)",
                                              "Plans": [
                                                {
                                                  "Node Type": "Seq Scan",
                                                  "Parent Relationship": "Outer",
                                                  "Parallel Aware": true,
                                                  "Async Capable": false,
                                                  "Relation Name": "orders",
                                                  "Alias": "orders",
                                                  "Startup Cost": 0.0,
                                                  "Total Cost": 354655.56,
                                                  "Plan Rows": 1909064,
                                                  "Plan Width": 12,
                                                  "Filter": "((o_orderdate >= '1995-01-01'::date) AND (o_orderdate <= '1996-12-31'::date))",
                                                  "parent": 12,
                                                  "ID": 13
                                                },
                                                {
                                                  "Node Type": "Hash",
                                                  "Parent Relationship": "Inner",
                                                  "Parallel Aware": true,
                                                  "Async Capable": false,
                                                  "Startup Cost": 1520341.76,
                                                  "Total Cost": 1520341.76,
                                                  "Plan Rows": 160188,
                                                  "Plan Width": 20,
                                                  "Plans": [
                                                    {
                                                      "Node Type": "Hash Join",
                                                      "Parent Relationship": "Outer",
                                                      "Parallel Aware": true,
                                                      "Async Capable": false,
                                                      "Join Type": "Inner",
                                                      "Startup Cost": 51447.53,
                                                      "Total Cost": 1520341.76,
                                                      "Plan Rows": 160188,
                                                      "Plan Width": 20,
                                                      "Inner Unique": false,
                                                      "Hash Cond": "(lineitem.l_partkey = part.p_partkey)",
                                                      "Plans": [
                                                        {
                                                          "Node Type": "Seq Scan",
                                                          "Parent Relationship": "Outer",
                                                          "Parallel Aware": true,
                                                          "Async Capable": false,
                                                          "Relation Name": "lineitem",
                                                          "Alias": "lineitem",
                                                          "Startup Cost": 0.0,
                                                          "Total Cost": 1374494.57,
                                                          "Plan Rows": 24995257,
                                                          "Plan Width": 24,
                                                          "parent": 15,
                                                          "ID": 16
                                                        },
                                                        {
                                                          "Node Type": "Hash",
                                                          "Parent Relationship": "Inner",
                                                          "Parallel Aware": true,
                                                          "Async Capable": false,
                                                          "Startup Cost": 51378.28,
                                                          "Total Cost": 51378.28,
                                                          "Plan Rows": 5540,
                                                          "Plan Width": 4,
                                                          "Plans": [
                                                            {
                                                              "Node Type": "Seq Scan",
                                                              "Parent Relationship": "Outer",
                                                              "Parallel Aware": true,
                                                              "Async Capable": false,
                                                              "Relation Name": "part",
                                                              "Alias": "part",
                                                              "Startup Cost": 0.0,
                                                              "Total Cost": 51378.28,
                                                              "Plan Rows": 5540,
                                                              "Plan Width": 4,
                                                              "Filter": "((p_type)::text = 'SMALL ANODIZED BRASS'::text)",
                                                              "parent": 17,
                                                              "ID": 18
                                                            }
                                                          ],
                                                          "parent": 15,
                                                          "ID": 17,
                                                          "left": 18
                                                        }
                                                      ],
                                                      "parent": 14,
                                                      "ID": 15,
                                                      "left": 16,
                                                      "right": 17
                                                    }
                                                  ],
                                                  "parent": 12,
                                                  "ID": 14,
                                                  "left": 15
                                                }
                                              ],
                                              "parent": 11,
                                              "ID": 12,
                                              "left": 13,
                                              "right": 14
                                            }
                                          ],
                                          "parent": 9,
                                          "ID": 11,
                                          "left": 12
                                        }
                                      ],
                                      "parent": 8,
                                      "ID": 9,
                                      "left": 10,
                                      "right": 11
                                    },
                                    {
                                      "Node Type": "Hash",
                                      "Parent Relationship": "Inner",
                                      "Parallel Aware": false,
                                      "Async Capable": false,
                                      "Startup Cost": 2.47,
                                      "Total Cost": 2.47,
                                      "Plan Rows": 5,
                                      "Plan Width": 4,
                                      "Plans": [
                                        {
                                          "Node Type": "Hash Join",
                                          "Parent Relationship": "Outer",
                                          "Parallel Aware": false,
                                          "Async Capable": false,
                                          "Join Type": "Inner",
                                          "Startup Cost": 1.07,
                                          "Total Cost": 2.47,
                                          "Plan Rows": 5,
                                          "Plan Width": 4,
                                          "Inner Unique": false,
                                          "Hash Cond": "(n1.n_regionkey = region.r_regionkey)",
                                          "Plans": [
                                            {
                                              "Node Type": "Seq Scan",
                                              "Parent Relationship": "Outer",
                                              "Parallel Aware": false,
                                              "Async Capable": false,
                                              "Relation Name": "nation",
                                              "Alias": "n1",
                                              "Startup Cost": 0.0,
                                              "Total Cost": 1.25,
                                              "Plan Rows": 25,
                                              "Plan Width": 8,
                                              "parent": 20,
                                              "ID": 21
                                            },
                                            {
                                              "Node Type": "Hash",
                                              "Parent Relationship": "Inner",
                                              "Parallel Aware": false,
                                              "Async Capable": false,
                                              "Startup Cost": 1.06,
                                              "Total Cost": 1.06,
                                              "Plan Rows": 1,
                                              "Plan Width": 4,
                                              "Plans": [
                                                {
                                                  "Node Type": "Seq Scan",
                                                  "Parent Relationship": "Outer",
                                                  "Parallel Aware": false,
                                                  "Async Capable": false,
                                                  "Relation Name": "region",
                                                  "Alias": "region",
                                                  "Startup Cost": 0.0,
                                                  "Total Cost": 1.06,
                                                  "Plan Rows": 1,
                                                  "Plan Width": 4,
                                                  "Filter": "(r_name = 'AMERICA'::bpchar)",
                                                  "parent": 22,
                                                  "ID": 23
                                                }
                                              ],
                                              "parent": 20,
                                              "ID": 22,
                                              "left": 23
                                            }
                                          ],
                                          "parent": 19,
                                          "ID": 20,
                                          "left": 21,
                                          "right": 22
                                        }
                                      ],
                                      "parent": 8,
                                      "ID": 19,
                                      "left": 20
                                    }
                                  ],
                                  "parent": 7,
                                  "ID": 8,
                                  "left": 9,
                                  "right": 19
                                }
                              ],
                              "parent": 5,
                              "ID": 7,
                              "left": 8
                            }
                          ],
                          "parent": 4,
                          "ID": 5,
                          "left": 6,
                          "right": 7
                        },
                        {
                          "Node Type": "Hash",
                          "Parent Relationship": "Inner",
                          "Parallel Aware": false,
                          "Async Capable": false,
                          "Startup Cost": 1.25,
                          "Total Cost": 1.25,
                          "Plan Rows": 25,
                          "Plan Width": 30,
                          "Plans": [
                            {
                              "Node Type": "Seq Scan",
                              "Parent Relationship": "Outer",
                              "Parallel Aware": false,
                              "Async Capable": false,
                              "Relation Name": "nation",
                              "Alias": "n2",
                              "Startup Cost": 0.0,
                              "Total Cost": 1.25,
                              "Plan Rows": 25,
                              "Plan Width": 30,
                              "parent": 24,
                              "ID": 25
                            }
                          ],
                          "parent": 4,
                          "ID": 24,
                          "left": 25
                        }
                      ],
                      "parent": 3,
                      "ID": 4,
                      "left": 5,
                      "right": 24
                    }
                  ],
                  "parent": 2,
                  "ID": 3,
                  "left": 4
                }
              ],
              "parent": 1,
              "ID": 2,
              "left": 3
            }
          ],
          "parent": 0,
          "ID": 1,
          "left": 2
        }
      ],
      "parent": null,
      "ID": 0,
      "left": 1
    },
    "feat": {
      "utility": 6.380921020918737e-07,
      "query_shape": [
        [
          "Seq Scan",
          "Hash Join",
          "Sort",
          "Aggregate",
          "Gather Merge"
        ],
        [
          "Seq Scan",
          "Hash Join",
          "Hash",
          "Sort",
          "Aggregate",
          "Gather Merge"
        ],
        [
          "Seq Scan",
          "Hash Join",
          "Hash",
          "Sort",
          "Aggregate",
          "Gather Merge"
        ],
        [
          "Seq Scan",
          "Hash Join",
          "Hash",
          "Sort",
          "Aggregate",
          "Gather Merge"
        ],
        [
          "Seq Scan",
          "Hash",
          "Hash Join",
          "Sort",
          "Aggregate",
          "Gather Merge"
        ],
        [
          "Seq Scan",
          "Hash Join",
          "Hash",
          "Sort",
          "Aggregate",
          "Gather Merge"
        ],
        [
          "Seq Scan",
          "Hash",
          "Hash Join",
          "Sort",
          "Aggregate",
          "Gather Merge"
        ],
        [
          "Seq Scan",
          "Hash",
          "Hash Join",
          "Sort",
          "Aggregate",
          "Gather Merge"
        ]
      ],
      "index_shape": [
        "join"
      ],
      "physical_operator": {
        "Hash Join": [
          0.0012649596394501718
        ]
      }
    }
  },
  {
    "query": "-- Functional Query Definition\n-- Approved February 1998\n\n\nselect\no_year,\nsum(case\nwhen nation = 'PERU' then volume\nelse 0\nend) / sum(volume) as mkt_share\nfrom\n(\nselect\nextract(year from o_orderdate) as o_year,\nl_extendedprice * (1 - l_discount) as volume,\nn2.n_name as nation\nfrom\npart,\nsupplier,\nlineitem,\norders,\ncustomer,\nnation n1,\nnation n2,\nregion\nwhere\np_partkey = l_partkey\nand s_suppkey = l_suppkey\nand l_orderkey = o_orderkey\nand o_custkey = c_custkey\nand c_nationkey = n1.n_nationkey\nand n1.n_regionkey = r_regionkey\nand r_name = 'AMERICA'\nand s_nationkey = n2.n_nationkey\nand o_orderdate between date '1995-01-01' and date '1996-12-31'\nand p_type = 'SMALL ANODIZED BRASS'\n) as all_nations\ngroup by\no_year\norder by\no_year ;\n-- $ID$\n-- TPC-H/TPC-R Product Type Profit Measure ",
    "indexes": "orders.o_orderdate",
    "wo plan est": {
      "Node Type": "Aggregate",
      "Strategy": "Sorted",
      "Partial Mode": "Finalize",
      "Parallel Aware": false,
      "Async Capable": false,
      "Startup Cost": 1955785.01,
      "Total Cost": 1956486.84,
      "Plan Rows": 2406,
      "Plan Width": 64,
      "Group Key": [
        "(EXTRACT(year FROM orders.o_orderdate))"
      ],
      "Plans": [
        {
          "Node Type": "Gather Merge",
          "Parent Relationship": "Outer",
          "Parallel Aware": false,
          "Async Capable": false,
          "Startup Cost": 1955785.01,
          "Total Cost": 1956408.65,
          "Plan Rows": 2406,
          "Plan Width": 96,
          "Workers Planned": 1,
          "Plans": [
            {
              "Node Type": "Aggregate",
              "Strategy": "Sorted",
              "Partial Mode": "Partial",
              "Parent Relationship": "Outer",
              "Parallel Aware": false,
              "Async Capable": false,
              "Startup Cost": 1954785.0,
              "Total Cost": 1955137.96,
              "Plan Rows": 2406,
              "Plan Width": 96,
              "Group Key": [
                "(EXTRACT(year FROM orders.o_orderdate))"
              ],
              "Plans": [
                {
                  "Node Type": "Sort",
                  "Parent Relationship": "Outer",
                  "Parallel Aware": false,
                  "Async Capable": false,
                  "Startup Cost": 1954785.0,
                  "Total Cost": 1954819.54,
                  "Plan Rows": 13816,
                  "Plan Width": 70,
                  "Sort Key": [
                    "(EXTRACT(year FROM orders.o_orderdate))"
                  ],
                  "Plans": [
                    {
                      "Node Type": "Hash Join",
                      "Parent Relationship": "Outer",
                      "Parallel Aware": false,
                      "Async Capable": false,
                      "Join Type": "Inner",
                      "Startup Cost": 1950527.96,
                      "Total Cost": 1953834.87,
                      "Plan Rows": 13816,
                      "Plan Width": 70,
                      "Inner Unique": false,
                      "Hash Cond": "(supplier.s_nationkey = n2.n_nationkey)",
                      "Plans": [
                        {
                          "Node Type": "Hash Join",
                          "Parent Relationship": "Outer",
                          "Parallel Aware": true,
                          "Async Capable": false,
                          "Join Type": "Inner",
                          "Startup Cost": 1950526.4,
                          "Total Cost": 1953608.79,
                          "Plan Rows": 13816,
                          "Plan Width": 20,
                          "Inner Unique": false,
                          "Hash Cond": "(supplier.s_suppkey = lineitem.l_suppkey)",
                          "Plans": [
                            {
                              "Node Type": "Seq Scan",
                              "Parent Relationship": "Outer",
                              "Parallel Aware": true,
                              "Async Capable": false,
                              "Relation Name": "supplier",
                              "Alias": "supplier",
                              "Startup Cost": 0.0,
                              "Total Cost": 2804.24,
                              "Plan Rows": 58824,
                              "Plan Width": 8,
                              "parent": 5,
                              "ID": 6
                            },
                            {
                              "Node Type": "Hash",
                              "Parent Relationship": "Inner",
                              "Parallel Aware": true,
                              "Async Capable": false,
                              "Startup Cost": 1950404.06,
                              "Total Cost": 1950404.06,
                              "Plan Rows": 9787,
                              "Plan Width": 20,
                              "Plans": [
                                {
                                  "Node Type": "Hash Join",
                                  "Parent Relationship": "Outer",
                                  "Parallel Aware": false,
                                  "Async Capable": false,
                                  "Join Type": "Inner",
                                  "Startup Cost": 1905498.74,
                                  "Total Cost": 1950404.06,
                                  "Plan Rows": 9787,
                                  "Plan Width": 20,
                                  "Inner Unique": false,
                                  "Hash Cond": "(customer.c_nationkey = n1.n_nationkey)",
                                  "Plans": [
                                    {
                                      "Node Type": "Hash Join",
                                      "Parent Relationship": "Outer",
                                      "Parallel Aware": true,
                                      "Async Capable": false,
                                      "Join Type": "Inner",
                                      "Startup Cost": 1905496.2,
                                      "Total Cost": 1950120.18,
                                      "Plan Rows": 48932,
                                      "Plan Width": 24,
                                      "Inner Unique": false,
                                      "Hash Cond": "(customer.c_custkey = orders.o_custkey)",
                                      "Plans": [
                                        {
                                          "Node Type": "Seq Scan",
                                          "Parent Relationship": "Outer",
                                          "Parallel Aware": true,
                                          "Async Capable": false,
                                          "Relation Name": "customer",
                                          "Alias": "customer",
                                          "Startup Cost": 0.0,
                                          "Total Cost": 42076.52,
                                          "Plan Rows": 624952,
                                          "Plan Width": 8,
                                          "parent": 9,
                                          "ID": 10
                                        },
                                        {
                                          "Node Type": "Hash",
                                          "Parent Relationship": "Inner",
                                          "Parallel Aware": true,
                                          "Async Capable": false,
                                          "Startup Cost": 1904884.55,
                                          "Total Cost": 1904884.55,
                                          "Plan Rows": 48932,
                                          "Plan Width": 24,
                                          "Plans": [
                                            {
                                              "Node Type": "Hash Join",
                                              "Parent Relationship": "Outer",
                                              "Parallel Aware": true,
                                              "Async Capable": false,
                                              "Join Type": "Inner",
                                              "Startup Cost": 1523283.11,
                                              "Total Cost": 1904884.55,
                                              "Plan Rows": 48932,
                                              "Plan Width": 24,
                                              "Inner Unique": false,
                                              "Hash Cond": "(orders.o_orderkey = lineitem.l_orderkey)",
                                              "Plans": [
                                                {
                                                  "Node Type": "Seq Scan",
                                                  "Parent Relationship": "Outer",
                                                  "Parallel Aware": true,
                                                  "Async Capable": false,
                                                  "Relation Name": "orders",
                                                  "Alias": "orders",
                                                  "Startup Cost": 0.0,
                                                  "Total Cost": 354655.56,
                                                  "Plan Rows": 1909064,
                                                  "Plan Width": 12,
                                                  "Filter": "((o_orderdate >= '1995-01-01'::date) AND (o_orderdate <= '1996-12-31'::date))",
                                                  "parent": 12,
                                                  "ID": 13
                                                },
                                                {
                                                  "Node Type": "Hash",
                                                  "Parent Relationship": "Inner",
                                                  "Parallel Aware": true,
                                                  "Async Capable": false,
                                                  "Startup Cost": 1520341.76,
                                                  "Total Cost": 1520341.76,
                                                  "Plan Rows": 160188,
                                                  "Plan Width": 20,
                                                  "Plans": [
                                                    {
                                                      "Node Type": "Hash Join",
                                                      "Parent Relationship": "Outer",
                                                      "Parallel Aware": true,
                                                      "Async Capable": false,
                                                      "Join Type": "Inner",
                                                      "Startup Cost": 51447.53,
                                                      "Total Cost": 1520341.76,
                                                      "Plan Rows": 160188,
                                                      "Plan Width": 20,
                                                      "Inner Unique": false,
                                                      "Hash Cond": "(lineitem.l_partkey = part.p_partkey)",
                                                      "Plans": [
                                                        {
                                                          "Node Type": "Seq Scan",
                                                          "Parent Relationship": "Outer",
                                                          "Parallel Aware": true,
                                                          "Async Capable": false,
                                                          "Relation Name": "lineitem",
                                                          "Alias": "lineitem",
                                                          "Startup Cost": 0.0,
                                                          "Total Cost": 1374494.57,
                                                          "Plan Rows": 24995257,
                                                          "Plan Width": 24,
                                                          "parent": 15,
                                                          "ID": 16
                                                        },
                                                        {
                                                          "Node Type": "Hash",
                                                          "Parent Relationship": "Inner",
                                                          "Parallel Aware": true,
                                                          "Async Capable": false,
                                                          "Startup Cost": 51378.28,
                                                          "Total Cost": 51378.28,
                                                          "Plan Rows": 5540,
                                                          "Plan Width": 4,
                                                          "Plans": [
                                                            {
                                                              "Node Type": "Seq Scan",
                                                              "Parent Relationship": "Outer",
                                                              "Parallel Aware": true,
                                                              "Async Capable": false,
                                                              "Relation Name": "part",
                                                              "Alias": "part",
                                                              "Startup Cost": 0.0,
                                                              "Total Cost": 51378.28,
                                                              "Plan Rows": 5540,
                                                              "Plan Width": 4,
                                                              "Filter": "((p_type)::text = 'SMALL ANODIZED BRASS'::text)",
                                                              "parent": 17,
                                                              "ID": 18
                                                            }
                                                          ],
                                                          "parent": 15,
                                                          "ID": 17,
                                                          "left": 18
                                                        }
                                                      ],
                                                      "parent": 14,
                                                      "ID": 15,
                                                      "left": 16,
                                                      "right": 17
                                                    }
                                                  ],
                                                  "parent": 12,
                                                  "ID": 14,
                                                  "left": 15
                                                }
                                              ],
                                              "parent": 11,
                                              "ID": 12,
                                              "left": 13,
                                              "right": 14
                                            }
                                          ],
                                          "parent": 9,
                                          "ID": 11,
                                          "left": 12
                                        }
                                      ],
                                      "parent": 8,
                                      "ID": 9,
                                      "left": 10,
                                      "right": 11
                                    },
                                    {
                                      "Node Type": "Hash",
                                      "Parent Relationship": "Inner",
                                      "Parallel Aware": false,
                                      "Async Capable": false,
                                      "Startup Cost": 2.47,
                                      "Total Cost": 2.47,
                                      "Plan Rows": 5,
                                      "Plan Width": 4,
                                      "Plans": [
                                        {
                                          "Node Type": "Hash Join",
                                          "Parent Relationship": "Outer",
                                          "Parallel Aware": false,
                                          "Async Capable": false,
                                          "Join Type": "Inner",
                                          "Startup Cost": 1.07,
                                          "Total Cost": 2.47,
                                          "Plan Rows": 5,
                                          "Plan Width": 4,
                                          "Inner Unique": false,
                                          "Hash Cond": "(n1.n_regionkey = region.r_regionkey)",
                                          "Plans": [
                                            {
                                              "Node Type": "Seq Scan",
                                              "Parent Relationship": "Outer",
                                              "Parallel Aware": false,
                                              "Async Capable": false,
                                              "Relation Name": "nation",
                                              "Alias": "n1",
                                              "Startup Cost": 0.0,
                                              "Total Cost": 1.25,
                                              "Plan Rows": 25,
                                              "Plan Width": 8,
                                              "parent": 20,
                                              "ID": 21
                                            },
                                            {
                                              "Node Type": "Hash",
                                              "Parent Relationship": "Inner",
                                              "Parallel Aware": false,
                                              "Async Capable": false,
                                              "Startup Cost": 1.06,
                                              "Total Cost": 1.06,
                                              "Plan Rows": 1,
                                              "Plan Width": 4,
                                              "Plans": [
                                                {
                                                  "Node Type": "Seq Scan",
                                                  "Parent Relationship": "Outer",
                                                  "Parallel Aware": false,
                                                  "Async Capable": false,
                                                  "Relation Name": "region",
                                                  "Alias": "region",
                                                  "Startup Cost": 0.0,
                                                  "Total Cost": 1.06,
                                                  "Plan Rows": 1,
                                                  "Plan Width": 4,
                                                  "Filter": "(r_name = 'AMERICA'::bpchar)",
                                                  "parent": 22,
                                                  "ID": 23
                                                }
                                              ],
                                              "parent": 20,
                                              "ID": 22,
                                              "left": 23
                                            }
                                          ],
                                          "parent": 19,
                                          "ID": 20,
                                          "left": 21,
                                          "right": 22
                                        }
                                      ],
                                      "parent": 8,
                                      "ID": 19,
                                      "left": 20
                                    }
                                  ],
                                  "parent": 7,
                                  "ID": 8,
                                  "left": 9,
                                  "right": 19
                                }
                              ],
                              "parent": 5,
                              "ID": 7,
                              "left": 8
                            }
                          ],
                          "parent": 4,
                          "ID": 5,
                          "left": 6,
                          "right": 7
                        },
                        {
                          "Node Type": "Hash",
                          "Parent Relationship": "Inner",
                          "Parallel Aware": false,
                          "Async Capable": false,
                          "Startup Cost": 1.25,
                          "Total Cost": 1.25,
                          "Plan Rows": 25,
                          "Plan Width": 30,
                          "Plans": [
                            {
                              "Node Type": "Seq Scan",
                              "Parent Relationship": "Outer",
                              "Parallel Aware": false,
                              "Async Capable": false,
                              "Relation Name": "nation",
                              "Alias": "n2",
                              "Startup Cost": 0.0,
                              "Total Cost": 1.25,
                              "Plan Rows": 25,
                              "Plan Width": 30,
                              "parent": 24,
                              "ID": 25
                            }
                          ],
                          "parent": 4,
                          "ID": 24,
                          "left": 25
                        }
                      ],
                      "parent": 3,
                      "ID": 4,
                      "left": 5,
                      "right": 24
                    }
                  ],
                  "parent": 2,
                  "ID": 3,
                  "left": 4
                }
              ],
              "parent": 1,
              "ID": 2,
              "left": 3
            }
          ],
          "parent": 0,
          "ID": 1,
          "left": 2
        }
      ],
      "parent": null,
      "ID": 0,
      "left": 1
    },
    "feat": {
      "utility": 0.17550397832818337,
      "query_shape": [
        [
          "Seq Scan",
          "Hash Join",
          "Sort",
          "Aggregate",
          "Gather Merge"
        ],
        [
          "Seq Scan",
          "Hash Join",
          "Hash",
          "Sort",
          "Aggregate",
          "Gather Merge"
        ],
        [
          "Seq Scan",
          "Hash Join",
          "Hash",
          "Sort",
          "Aggregate",
          "Gather Merge"
        ],
        [
          "Seq Scan",
          "Hash Join",
          "Hash",
          "Sort",
          "Aggregate",
          "Gather Merge"
        ],
        [
          "Seq Scan",
          "Hash",
          "Hash Join",
          "Sort",
          "Aggregate",
          "Gather Merge"
        ],
        [
          "Seq Scan",
          "Hash Join",
          "Hash",
          "Sort",
          "Aggregate",
          "Gather Merge"
        ],
        [
          "Seq Scan",
          "Hash",
          "Hash Join",
          "Sort",
          "Aggregate",
          "Gather Merge"
        ],
        [
          "Seq Scan",
          "Hash",
          "Hash Join",
          "Sort",
          "Aggregate",
          "Gather Merge"
        ]
      ],
      "index_shape": [
        "selection"
      ],
      "physical_operator": {
        "Seq Scan": [
          0.031817733333333376
        ],
        "Sort": [
          "[0. 0. 0. 0. 0. 0. 0. 0. 0. 0. 0. 0. 0. 0. 0. 0. 0. 0. 0. 0. 0. 0. 0. 0.\n 0. 0. 0. 0. 0. 0. 0. 0. 0. 0. 0. 0. 0. 0. 0. 0. 0. 0. 0. 0. 0. 0. 0. 0.\n 0. 0. 0.]"
        ],
        "Aggregate": [
          "[0. 0. 0. 0. 0. 0. 0. 0. 0. 0. 0. 0. 0. 0. 0. 0. 0. 0. 0. 0. 0. 0. 0. 0.\n 0. 0. 0. 0. 0. 0. 0. 0. 0. 0. 0. 0. 0. 0. 0. 0. 0. 0. 0. 0. 0. 0. 0. 0.\n 0. 0. 0.]",
          "[0. 0. 0. 0. 0. 0. 0. 0. 0. 0. 0. 0. 0. 0. 0. 0. 0. 0. 0. 0. 0. 0. 0. 0.\n 0. 0. 0. 0. 0. 0. 0. 0. 0. 0. 0. 0. 0. 0. 0. 0. 0. 0. 0. 0. 0. 0. 0. 0.\n 0. 0. 0.]"
        ]
      }
    }
  },
  {
    "query": "-- Functional Query Definition\n-- Approved February 1998\n\n\nselect\no_year,\nsum(case\nwhen nation = 'PERU' then volume\nelse 0\nend) / sum(volume) as mkt_share\nfrom\n(\nselect\nextract(year from o_orderdate) as o_year,\nl_extendedprice * (1 - l_discount) as volume,\nn2.n_name as nation\nfrom\npart,\nsupplier,\nlineitem,\norders,\ncustomer,\nnation n1,\nnation n2,\nregion\nwhere\np_partkey = l_partkey\nand s_suppkey = l_suppkey\nand l_orderkey = o_orderkey\nand o_custkey = c_custkey\nand c_nationkey = n1.n_nationkey\nand n1.n_regionkey = r_regionkey\nand r_name = 'AMERICA'\nand s_nationkey = n2.n_nationkey\nand o_orderdate between date '1995-01-01' and date '1996-12-31'\nand p_type = 'SMALL ANODIZED BRASS'\n) as all_nations\ngroup by\no_year\norder by\no_year ;\n-- $ID$\n-- TPC-H/TPC-R Product Type Profit Measure ",
    "indexes": "part.p_partkey",
    "wo plan est": {
      "Node Type": "Aggregate",
      "Strategy": "Sorted",
      "Partial Mode": "Finalize",
      "Parallel Aware": false,
      "Async Capable": false,
      "Startup Cost": 1955785.01,
      "Total Cost": 1956486.84,
      "Plan Rows": 2406,
      "Plan Width": 64,
      "Group Key": [
        "(EXTRACT(year FROM orders.o_orderdate))"
      ],
      "Plans": [
        {
          "Node Type": "Gather Merge",
          "Parent Relationship": "Outer",
          "Parallel Aware": false,
          "Async Capable": false,
          "Startup Cost": 1955785.01,
          "Total Cost": 1956408.65,
          "Plan Rows": 2406,
          "Plan Width": 96,
          "Workers Planned": 1,
          "Plans": [
            {
              "Node Type": "Aggregate",
              "Strategy": "Sorted",
              "Partial Mode": "Partial",
              "Parent Relationship": "Outer",
              "Parallel Aware": false,
              "Async Capable": false,
              "Startup Cost": 1954785.0,
              "Total Cost": 1955137.96,
              "Plan Rows": 2406,
              "Plan Width": 96,
              "Group Key": [
                "(EXTRACT(year FROM orders.o_orderdate))"
              ],
              "Plans": [
                {
                  "Node Type": "Sort",
                  "Parent Relationship": "Outer",
                  "Parallel Aware": false,
                  "Async Capable": false,
                  "Startup Cost": 1954785.0,
                  "Total Cost": 1954819.54,
                  "Plan Rows": 13816,
                  "Plan Width": 70,
                  "Sort Key": [
                    "(EXTRACT(year FROM orders.o_orderdate))"
                  ],
                  "Plans": [
                    {
                      "Node Type": "Hash Join",
                      "Parent Relationship": "Outer",
                      "Parallel Aware": false,
                      "Async Capable": false,
                      "Join Type": "Inner",
                      "Startup Cost": 1950527.96,
                      "Total Cost": 1953834.87,
                      "Plan Rows": 13816,
                      "Plan Width": 70,
                      "Inner Unique": false,
                      "Hash Cond": "(supplier.s_nationkey = n2.n_nationkey)",
                      "Plans": [
                        {
                          "Node Type": "Hash Join",
                          "Parent Relationship": "Outer",
                          "Parallel Aware": true,
                          "Async Capable": false,
                          "Join Type": "Inner",
                          "Startup Cost": 1950526.4,
                          "Total Cost": 1953608.79,
                          "Plan Rows": 13816,
                          "Plan Width": 20,
                          "Inner Unique": false,
                          "Hash Cond": "(supplier.s_suppkey = lineitem.l_suppkey)",
                          "Plans": [
                            {
                              "Node Type": "Seq Scan",
                              "Parent Relationship": "Outer",
                              "Parallel Aware": true,
                              "Async Capable": false,
                              "Relation Name": "supplier",
                              "Alias": "supplier",
                              "Startup Cost": 0.0,
                              "Total Cost": 2804.24,
                              "Plan Rows": 58824,
                              "Plan Width": 8,
                              "parent": 5,
                              "ID": 6
                            },
                            {
                              "Node Type": "Hash",
                              "Parent Relationship": "Inner",
                              "Parallel Aware": true,
                              "Async Capable": false,
                              "Startup Cost": 1950404.06,
                              "Total Cost": 1950404.06,
                              "Plan Rows": 9787,
                              "Plan Width": 20,
                              "Plans": [
                                {
                                  "Node Type": "Hash Join",
                                  "Parent Relationship": "Outer",
                                  "Parallel Aware": false,
                                  "Async Capable": false,
                                  "Join Type": "Inner",
                                  "Startup Cost": 1905498.74,
                                  "Total Cost": 1950404.06,
                                  "Plan Rows": 9787,
                                  "Plan Width": 20,
                                  "Inner Unique": false,
                                  "Hash Cond": "(customer.c_nationkey = n1.n_nationkey)",
                                  "Plans": [
                                    {
                                      "Node Type": "Hash Join",
                                      "Parent Relationship": "Outer",
                                      "Parallel Aware": true,
                                      "Async Capable": false,
                                      "Join Type": "Inner",
                                      "Startup Cost": 1905496.2,
                                      "Total Cost": 1950120.18,
                                      "Plan Rows": 48932,
                                      "Plan Width": 24,
                                      "Inner Unique": false,
                                      "Hash Cond": "(customer.c_custkey = orders.o_custkey)",
                                      "Plans": [
                                        {
                                          "Node Type": "Seq Scan",
                                          "Parent Relationship": "Outer",
                                          "Parallel Aware": true,
                                          "Async Capable": false,
                                          "Relation Name": "customer",
                                          "Alias": "customer",
                                          "Startup Cost": 0.0,
                                          "Total Cost": 42076.52,
                                          "Plan Rows": 624952,
                                          "Plan Width": 8,
                                          "parent": 9,
                                          "ID": 10
                                        },
                                        {
                                          "Node Type": "Hash",
                                          "Parent Relationship": "Inner",
                                          "Parallel Aware": true,
                                          "Async Capable": false,
                                          "Startup Cost": 1904884.55,
                                          "Total Cost": 1904884.55,
                                          "Plan Rows": 48932,
                                          "Plan Width": 24,
                                          "Plans": [
                                            {
                                              "Node Type": "Hash Join",
                                              "Parent Relationship": "Outer",
                                              "Parallel Aware": true,
                                              "Async Capable": false,
                                              "Join Type": "Inner",
                                              "Startup Cost": 1523283.11,
                                              "Total Cost": 1904884.55,
                                              "Plan Rows": 48932,
                                              "Plan Width": 24,
                                              "Inner Unique": false,
                                              "Hash Cond": "(orders.o_orderkey = lineitem.l_orderkey)",
                                              "Plans": [
                                                {
                                                  "Node Type": "Seq Scan",
                                                  "Parent Relationship": "Outer",
                                                  "Parallel Aware": true,
                                                  "Async Capable": false,
                                                  "Relation Name": "orders",
                                                  "Alias": "orders",
                                                  "Startup Cost": 0.0,
                                                  "Total Cost": 354655.56,
                                                  "Plan Rows": 1909064,
                                                  "Plan Width": 12,
                                                  "Filter": "((o_orderdate >= '1995-01-01'::date) AND (o_orderdate <= '1996-12-31'::date))",
                                                  "parent": 12,
                                                  "ID": 13
                                                },
                                                {
                                                  "Node Type": "Hash",
                                                  "Parent Relationship": "Inner",
                                                  "Parallel Aware": true,
                                                  "Async Capable": false,
                                                  "Startup Cost": 1520341.76,
                                                  "Total Cost": 1520341.76,
                                                  "Plan Rows": 160188,
                                                  "Plan Width": 20,
                                                  "Plans": [
                                                    {
                                                      "Node Type": "Hash Join",
                                                      "Parent Relationship": "Outer",
                                                      "Parallel Aware": true,
                                                      "Async Capable": false,
                                                      "Join Type": "Inner",
                                                      "Startup Cost": 51447.53,
                                                      "Total Cost": 1520341.76,
                                                      "Plan Rows": 160188,
                                                      "Plan Width": 20,
                                                      "Inner Unique": false,
                                                      "Hash Cond": "(lineitem.l_partkey = part.p_partkey)",
                                                      "Plans": [
                                                        {
                                                          "Node Type": "Seq Scan",
                                                          "Parent Relationship": "Outer",
                                                          "Parallel Aware": true,
                                                          "Async Capable": false,
                                                          "Relation Name": "lineitem",
                                                          "Alias": "lineitem",
                                                          "Startup Cost": 0.0,
                                                          "Total Cost": 1374494.57,
                                                          "Plan Rows": 24995257,
                                                          "Plan Width": 24,
                                                          "parent": 15,
                                                          "ID": 16
                                                        },
                                                        {
                                                          "Node Type": "Hash",
                                                          "Parent Relationship": "Inner",
                                                          "Parallel Aware": true,
                                                          "Async Capable": false,
                                                          "Startup Cost": 51378.28,
                                                          "Total Cost": 51378.28,
                                                          "Plan Rows": 5540,
                                                          "Plan Width": 4,
                                                          "Plans": [
                                                            {
                                                              "Node Type": "Seq Scan",
                                                              "Parent Relationship": "Outer",
                                                              "Parallel Aware": true,
                                                              "Async Capable": false,
                                                              "Relation Name": "part",
                                                              "Alias": "part",
                                                              "Startup Cost": 0.0,
                                                              "Total Cost": 51378.28,
                                                              "Plan Rows": 5540,
                                                              "Plan Width": 4,
                                                              "Filter": "((p_type)::text = 'SMALL ANODIZED BRASS'::text)",
                                                              "parent": 17,
                                                              "ID": 18
                                                            }
                                                          ],
                                                          "parent": 15,
                                                          "ID": 17,
                                                          "left": 18
                                                        }
                                                      ],
                                                      "parent": 14,
                                                      "ID": 15,
                                                      "left": 16,
                                                      "right": 17
                                                    }
                                                  ],
                                                  "parent": 12,
                                                  "ID": 14,
                                                  "left": 15
                                                }
                                              ],
                                              "parent": 11,
                                              "ID": 12,
                                              "left": 13,
                                              "right": 14
                                            }
                                          ],
                                          "parent": 9,
                                          "ID": 11,
                                          "left": 12
                                        }
                                      ],
                                      "parent": 8,
                                      "ID": 9,
                                      "left": 10,
                                      "right": 11
                                    },
                                    {
                                      "Node Type": "Hash",
                                      "Parent Relationship": "Inner",
                                      "Parallel Aware": false,
                                      "Async Capable": false,
                                      "Startup Cost": 2.47,
                                      "Total Cost": 2.47,
                                      "Plan Rows": 5,
                                      "Plan Width": 4,
                                      "Plans": [
                                        {
                                          "Node Type": "Hash Join",
                                          "Parent Relationship": "Outer",
                                          "Parallel Aware": false,
                                          "Async Capable": false,
                                          "Join Type": "Inner",
                                          "Startup Cost": 1.07,
                                          "Total Cost": 2.47,
                                          "Plan Rows": 5,
                                          "Plan Width": 4,
                                          "Inner Unique": false,
                                          "Hash Cond": "(n1.n_regionkey = region.r_regionkey)",
                                          "Plans": [
                                            {
                                              "Node Type": "Seq Scan",
                                              "Parent Relationship": "Outer",
                                              "Parallel Aware": false,
                                              "Async Capable": false,
                                              "Relation Name": "nation",
                                              "Alias": "n1",
                                              "Startup Cost": 0.0,
                                              "Total Cost": 1.25,
                                              "Plan Rows": 25,
                                              "Plan Width": 8,
                                              "parent": 20,
                                              "ID": 21
                                            },
                                            {
                                              "Node Type": "Hash",
                                              "Parent Relationship": "Inner",
                                              "Parallel Aware": false,
                                              "Async Capable": false,
                                              "Startup Cost": 1.06,
                                              "Total Cost": 1.06,
                                              "Plan Rows": 1,
                                              "Plan Width": 4,
                                              "Plans": [
                                                {
                                                  "Node Type": "Seq Scan",
                                                  "Parent Relationship": "Outer",
                                                  "Parallel Aware": false,
                                                  "Async Capable": false,
                                                  "Relation Name": "region",
                                                  "Alias": "region",
                                                  "Startup Cost": 0.0,
                                                  "Total Cost": 1.06,
                                                  "Plan Rows": 1,
                                                  "Plan Width": 4,
                                                  "Filter": "(r_name = 'AMERICA'::bpchar)",
                                                  "parent": 22,
                                                  "ID": 23
                                                }
                                              ],
                                              "parent": 20,
                                              "ID": 22,
                                              "left": 23
                                            }
                                          ],
                                          "parent": 19,
                                          "ID": 20,
                                          "left": 21,
                                          "right": 22
                                        }
                                      ],
                                      "parent": 8,
                                      "ID": 19,
                                      "left": 20
                                    }
                                  ],
                                  "parent": 7,
                                  "ID": 8,
                                  "left": 9,
                                  "right": 19
                                }
                              ],
                              "parent": 5,
                              "ID": 7,
                              "left": 8
                            }
                          ],
                          "parent": 4,
                          "ID": 5,
                          "left": 6,
                          "right": 7
                        },
                        {
                          "Node Type": "Hash",
                          "Parent Relationship": "Inner",
                          "Parallel Aware": false,
                          "Async Capable": false,
                          "Startup Cost": 1.25,
                          "Total Cost": 1.25,
                          "Plan Rows": 25,
                          "Plan Width": 30,
                          "Plans": [
                            {
                              "Node Type": "Seq Scan",
                              "Parent Relationship": "Outer",
                              "Parallel Aware": false,
                              "Async Capable": false,
                              "Relation Name": "nation",
                              "Alias": "n2",
                              "Startup Cost": 0.0,
                              "Total Cost": 1.25,
                              "Plan Rows": 25,
                              "Plan Width": 30,
                              "parent": 24,
                              "ID": 25
                            }
                          ],
                          "parent": 4,
                          "ID": 24,
                          "left": 25
                        }
                      ],
                      "parent": 3,
                      "ID": 4,
                      "left": 5,
                      "right": 24
                    }
                  ],
                  "parent": 2,
                  "ID": 3,
                  "left": 4
                }
              ],
              "parent": 1,
              "ID": 2,
              "left": 3
            }
          ],
          "parent": 0,
          "ID": 1,
          "left": 2
        }
      ],
      "parent": null,
      "ID": 0,
      "left": 1
    },
    "feat": {
      "utility": 6.382131148580048e-07,
      "query_shape": [
        [
          "Seq Scan",
          "Hash Join",
          "Sort",
          "Aggregate",
          "Gather Merge"
        ],
        [
          "Seq Scan",
          "Hash Join",
          "Hash",
          "Sort",
          "Aggregate",
          "Gather Merge"
        ],
        [
          "Seq Scan",
          "Hash Join",
          "Hash",
          "Sort",
          "Aggregate",
          "Gather Merge"
        ],
        [
          "Seq Scan",
          "Hash Join",
          "Hash",
          "Sort",
          "Aggregate",
          "Gather Merge"
        ],
        [
          "Seq Scan",
          "Hash",
          "Hash Join",
          "Sort",
          "Aggregate",
          "Gather Merge"
        ],
        [
          "Seq Scan",
          "Hash Join",
          "Hash",
          "Sort",
          "Aggregate",
          "Gather Merge"
        ],
        [
          "Seq Scan",
          "Hash",
          "Hash Join",
          "Sort",
          "Aggregate",
          "Gather Merge"
        ],
        [
          "Seq Scan",
          "Hash",
          "Hash Join",
          "Sort",
          "Aggregate",
          "Gather Merge"
        ]
      ],
      "index_shape": [
        "join"
      ],
      "physical_operator": {
        "Hash Join": [
          0.0010755517319240547
        ]
      }
    }
  },
  {
    "query": "-- Functional Query Definition\n-- Approved February 1998\n\n\nselect\no_year,\nsum(case\nwhen nation = 'PERU' then volume\nelse 0\nend) / sum(volume) as mkt_share\nfrom\n(\nselect\nextract(year from o_orderdate) as o_year,\nl_extendedprice * (1 - l_discount) as volume,\nn2.n_name as nation\nfrom\npart,\nsupplier,\nlineitem,\norders,\ncustomer,\nnation n1,\nnation n2,\nregion\nwhere\np_partkey = l_partkey\nand s_suppkey = l_suppkey\nand l_orderkey = o_orderkey\nand o_custkey = c_custkey\nand c_nationkey = n1.n_nationkey\nand n1.n_regionkey = r_regionkey\nand r_name = 'AMERICA'\nand s_nationkey = n2.n_nationkey\nand o_orderdate between date '1995-01-01' and date '1996-12-31'\nand p_type = 'SMALL ANODIZED BRASS'\n) as all_nations\ngroup by\no_year\norder by\no_year ;\n-- $ID$\n-- TPC-H/TPC-R Product Type Profit Measure ",
    "indexes": "part.p_type",
    "wo plan est": {
      "Node Type": "Aggregate",
      "Strategy": "Sorted",
      "Partial Mode": "Finalize",
      "Parallel Aware": false,
      "Async Capable": false,
      "Startup Cost": 1955785.01,
      "Total Cost": 1956486.84,
      "Plan Rows": 2406,
      "Plan Width": 64,
      "Group Key": [
        "(EXTRACT(year FROM orders.o_orderdate))"
      ],
      "Plans": [
        {
          "Node Type": "Gather Merge",
          "Parent Relationship": "Outer",
          "Parallel Aware": false,
          "Async Capable": false,
          "Startup Cost": 1955785.01,
          "Total Cost": 1956408.65,
          "Plan Rows": 2406,
          "Plan Width": 96,
          "Workers Planned": 1,
          "Plans": [
            {
              "Node Type": "Aggregate",
              "Strategy": "Sorted",
              "Partial Mode": "Partial",
              "Parent Relationship": "Outer",
              "Parallel Aware": false,
              "Async Capable": false,
              "Startup Cost": 1954785.0,
              "Total Cost": 1955137.96,
              "Plan Rows": 2406,
              "Plan Width": 96,
              "Group Key": [
                "(EXTRACT(year FROM orders.o_orderdate))"
              ],
              "Plans": [
                {
                  "Node Type": "Sort",
                  "Parent Relationship": "Outer",
                  "Parallel Aware": false,
                  "Async Capable": false,
                  "Startup Cost": 1954785.0,
                  "Total Cost": 1954819.54,
                  "Plan Rows": 13816,
                  "Plan Width": 70,
                  "Sort Key": [
                    "(EXTRACT(year FROM orders.o_orderdate))"
                  ],
                  "Plans": [
                    {
                      "Node Type": "Hash Join",
                      "Parent Relationship": "Outer",
                      "Parallel Aware": false,
                      "Async Capable": false,
                      "Join Type": "Inner",
                      "Startup Cost": 1950527.96,
                      "Total Cost": 1953834.87,
                      "Plan Rows": 13816,
                      "Plan Width": 70,
                      "Inner Unique": false,
                      "Hash Cond": "(supplier.s_nationkey = n2.n_nationkey)",
                      "Plans": [
                        {
                          "Node Type": "Hash Join",
                          "Parent Relationship": "Outer",
                          "Parallel Aware": true,
                          "Async Capable": false,
                          "Join Type": "Inner",
                          "Startup Cost": 1950526.4,
                          "Total Cost": 1953608.79,
                          "Plan Rows": 13816,
                          "Plan Width": 20,
                          "Inner Unique": false,
                          "Hash Cond": "(supplier.s_suppkey = lineitem.l_suppkey)",
                          "Plans": [
                            {
                              "Node Type": "Seq Scan",
                              "Parent Relationship": "Outer",
                              "Parallel Aware": true,
                              "Async Capable": false,
                              "Relation Name": "supplier",
                              "Alias": "supplier",
                              "Startup Cost": 0.0,
                              "Total Cost": 2804.24,
                              "Plan Rows": 58824,
                              "Plan Width": 8,
                              "parent": 5,
                              "ID": 6
                            },
                            {
                              "Node Type": "Hash",
                              "Parent Relationship": "Inner",
                              "Parallel Aware": true,
                              "Async Capable": false,
                              "Startup Cost": 1950404.06,
                              "Total Cost": 1950404.06,
                              "Plan Rows": 9787,
                              "Plan Width": 20,
                              "Plans": [
                                {
                                  "Node Type": "Hash Join",
                                  "Parent Relationship": "Outer",
                                  "Parallel Aware": false,
                                  "Async Capable": false,
                                  "Join Type": "Inner",
                                  "Startup Cost": 1905498.74,
                                  "Total Cost": 1950404.06,
                                  "Plan Rows": 9787,
                                  "Plan Width": 20,
                                  "Inner Unique": false,
                                  "Hash Cond": "(customer.c_nationkey = n1.n_nationkey)",
                                  "Plans": [
                                    {
                                      "Node Type": "Hash Join",
                                      "Parent Relationship": "Outer",
                                      "Parallel Aware": true,
                                      "Async Capable": false,
                                      "Join Type": "Inner",
                                      "Startup Cost": 1905496.2,
                                      "Total Cost": 1950120.18,
                                      "Plan Rows": 48932,
                                      "Plan Width": 24,
                                      "Inner Unique": false,
                                      "Hash Cond": "(customer.c_custkey = orders.o_custkey)",
                                      "Plans": [
                                        {
                                          "Node Type": "Seq Scan",
                                          "Parent Relationship": "Outer",
                                          "Parallel Aware": true,
                                          "Async Capable": false,
                                          "Relation Name": "customer",
                                          "Alias": "customer",
                                          "Startup Cost": 0.0,
                                          "Total Cost": 42076.52,
                                          "Plan Rows": 624952,
                                          "Plan Width": 8,
                                          "parent": 9,
                                          "ID": 10
                                        },
                                        {
                                          "Node Type": "Hash",
                                          "Parent Relationship": "Inner",
                                          "Parallel Aware": true,
                                          "Async Capable": false,
                                          "Startup Cost": 1904884.55,
                                          "Total Cost": 1904884.55,
                                          "Plan Rows": 48932,
                                          "Plan Width": 24,
                                          "Plans": [
                                            {
                                              "Node Type": "Hash Join",
                                              "Parent Relationship": "Outer",
                                              "Parallel Aware": true,
                                              "Async Capable": false,
                                              "Join Type": "Inner",
                                              "Startup Cost": 1523283.11,
                                              "Total Cost": 1904884.55,
                                              "Plan Rows": 48932,
                                              "Plan Width": 24,
                                              "Inner Unique": false,
                                              "Hash Cond": "(orders.o_orderkey = lineitem.l_orderkey)",
                                              "Plans": [
                                                {
                                                  "Node Type": "Seq Scan",
                                                  "Parent Relationship": "Outer",
                                                  "Parallel Aware": true,
                                                  "Async Capable": false,
                                                  "Relation Name": "orders",
                                                  "Alias": "orders",
                                                  "Startup Cost": 0.0,
                                                  "Total Cost": 354655.56,
                                                  "Plan Rows": 1909064,
                                                  "Plan Width": 12,
                                                  "Filter": "((o_orderdate >= '1995-01-01'::date) AND (o_orderdate <= '1996-12-31'::date))",
                                                  "parent": 12,
                                                  "ID": 13
                                                },
                                                {
                                                  "Node Type": "Hash",
                                                  "Parent Relationship": "Inner",
                                                  "Parallel Aware": true,
                                                  "Async Capable": false,
                                                  "Startup Cost": 1520341.76,
                                                  "Total Cost": 1520341.76,
                                                  "Plan Rows": 160188,
                                                  "Plan Width": 20,
                                                  "Plans": [
                                                    {
                                                      "Node Type": "Hash Join",
                                                      "Parent Relationship": "Outer",
                                                      "Parallel Aware": true,
                                                      "Async Capable": false,
                                                      "Join Type": "Inner",
                                                      "Startup Cost": 51447.53,
                                                      "Total Cost": 1520341.76,
                                                      "Plan Rows": 160188,
                                                      "Plan Width": 20,
                                                      "Inner Unique": false,
                                                      "Hash Cond": "(lineitem.l_partkey = part.p_partkey)",
                                                      "Plans": [
                                                        {
                                                          "Node Type": "Seq Scan",
                                                          "Parent Relationship": "Outer",
                                                          "Parallel Aware": true,
                                                          "Async Capable": false,
                                                          "Relation Name": "lineitem",
                                                          "Alias": "lineitem",
                                                          "Startup Cost": 0.0,
                                                          "Total Cost": 1374494.57,
                                                          "Plan Rows": 24995257,
                                                          "Plan Width": 24,
                                                          "parent": 15,
                                                          "ID": 16
                                                        },
                                                        {
                                                          "Node Type": "Hash",
                                                          "Parent Relationship": "Inner",
                                                          "Parallel Aware": true,
                                                          "Async Capable": false,
                                                          "Startup Cost": 51378.28,
                                                          "Total Cost": 51378.28,
                                                          "Plan Rows": 5540,
                                                          "Plan Width": 4,
                                                          "Plans": [
                                                            {
                                                              "Node Type": "Seq Scan",
                                                              "Parent Relationship": "Outer",
                                                              "Parallel Aware": true,
                                                              "Async Capable": false,
                                                              "Relation Name": "part",
                                                              "Alias": "part",
                                                              "Startup Cost": 0.0,
                                                              "Total Cost": 51378.28,
                                                              "Plan Rows": 5540,
                                                              "Plan Width": 4,
                                                              "Filter": "((p_type)::text = 'SMALL ANODIZED BRASS'::text)",
                                                              "parent": 17,
                                                              "ID": 18
                                                            }
                                                          ],
                                                          "parent": 15,
                                                          "ID": 17,
                                                          "left": 18
                                                        }
                                                      ],
                                                      "parent": 14,
                                                      "ID": 15,
                                                      "left": 16,
                                                      "right": 17
                                                    }
                                                  ],
                                                  "parent": 12,
                                                  "ID": 14,
                                                  "left": 15
                                                }
                                              ],
                                              "parent": 11,
                                              "ID": 12,
                                              "left": 13,
                                              "right": 14
                                            }
                                          ],
                                          "parent": 9,
                                          "ID": 11,
                                          "left": 12
                                        }
                                      ],
                                      "parent": 8,
                                      "ID": 9,
                                      "left": 10,
                                      "right": 11
                                    },
                                    {
                                      "Node Type": "Hash",
                                      "Parent Relationship": "Inner",
                                      "Parallel Aware": false,
                                      "Async Capable": false,
                                      "Startup Cost": 2.47,
                                      "Total Cost": 2.47,
                                      "Plan Rows": 5,
                                      "Plan Width": 4,
                                      "Plans": [
                                        {
                                          "Node Type": "Hash Join",
                                          "Parent Relationship": "Outer",
                                          "Parallel Aware": false,
                                          "Async Capable": false,
                                          "Join Type": "Inner",
                                          "Startup Cost": 1.07,
                                          "Total Cost": 2.47,
                                          "Plan Rows": 5,
                                          "Plan Width": 4,
                                          "Inner Unique": false,
                                          "Hash Cond": "(n1.n_regionkey = region.r_regionkey)",
                                          "Plans": [
                                            {
                                              "Node Type": "Seq Scan",
                                              "Parent Relationship": "Outer",
                                              "Parallel Aware": false,
                                              "Async Capable": false,
                                              "Relation Name": "nation",
                                              "Alias": "n1",
                                              "Startup Cost": 0.0,
                                              "Total Cost": 1.25,
                                              "Plan Rows": 25,
                                              "Plan Width": 8,
                                              "parent": 20,
                                              "ID": 21
                                            },
                                            {
                                              "Node Type": "Hash",
                                              "Parent Relationship": "Inner",
                                              "Parallel Aware": false,
                                              "Async Capable": false,
                                              "Startup Cost": 1.06,
                                              "Total Cost": 1.06,
                                              "Plan Rows": 1,
                                              "Plan Width": 4,
                                              "Plans": [
                                                {
                                                  "Node Type": "Seq Scan",
                                                  "Parent Relationship": "Outer",
                                                  "Parallel Aware": false,
                                                  "Async Capable": false,
                                                  "Relation Name": "region",
                                                  "Alias": "region",
                                                  "Startup Cost": 0.0,
                                                  "Total Cost": 1.06,
                                                  "Plan Rows": 1,
                                                  "Plan Width": 4,
                                                  "Filter": "(r_name = 'AMERICA'::bpchar)",
                                                  "parent": 22,
                                                  "ID": 23
                                                }
                                              ],
                                              "parent": 20,
                                              "ID": 22,
                                              "left": 23
                                            }
                                          ],
                                          "parent": 19,
                                          "ID": 20,
                                          "left": 21,
                                          "right": 22
                                        }
                                      ],
                                      "parent": 8,
                                      "ID": 19,
                                      "left": 20
                                    }
                                  ],
                                  "parent": 7,
                                  "ID": 8,
                                  "left": 9,
                                  "right": 19
                                }
                              ],
                              "parent": 5,
                              "ID": 7,
                              "left": 8
                            }
                          ],
                          "parent": 4,
                          "ID": 5,
                          "left": 6,
                          "right": 7
                        },
                        {
                          "Node Type": "Hash",
                          "Parent Relationship": "Inner",
                          "Parallel Aware": false,
                          "Async Capable": false,
                          "Startup Cost": 1.25,
                          "Total Cost": 1.25,
                          "Plan Rows": 25,
                          "Plan Width": 30,
                          "Plans": [
                            {
                              "Node Type": "Seq Scan",
                              "Parent Relationship": "Outer",
                              "Parallel Aware": false,
                              "Async Capable": false,
                              "Relation Name": "nation",
                              "Alias": "n2",
                              "Startup Cost": 0.0,
                              "Total Cost": 1.25,
                              "Plan Rows": 25,
                              "Plan Width": 30,
                              "parent": 24,
                              "ID": 25
                            }
                          ],
                          "parent": 4,
                          "ID": 24,
                          "left": 25
                        }
                      ],
                      "parent": 3,
                      "ID": 4,
                      "left": 5,
                      "right": 24
                    }
                  ],
                  "parent": 2,
                  "ID": 3,
                  "left": 4
                }
              ],
              "parent": 1,
              "ID": 2,
              "left": 3
            }
          ],
          "parent": 0,
          "ID": 1,
          "left": 2
        }
      ],
      "parent": null,
      "ID": 0,
      "left": 1
    },
    "feat": {
      "utility": 0.026187736670081563,
      "query_shape": [
        [
          "Seq Scan",
          "Hash Join",
          "Sort",
          "Aggregate",
          "Gather Merge"
        ],
        [
          "Seq Scan",
          "Hash Join",
          "Hash",
          "Sort",
          "Aggregate",
          "Gather Merge"
        ],
        [
          "Seq Scan",
          "Hash Join",
          "Hash",
          "Sort",
          "Aggregate",
          "Gather Merge"
        ],
        [
          "Seq Scan",
          "Hash Join",
          "Hash",
          "Sort",
          "Aggregate",
          "Gather Merge"
        ],
        [
          "Seq Scan",
          "Hash",
          "Hash Join",
          "Sort",
          "Aggregate",
          "Gather Merge"
        ],
        [
          "Seq Scan",
          "Hash Join",
          "Hash",
          "Sort",
          "Aggregate",
          "Gather Merge"
        ],
        [
          "Seq Scan",
          "Hash",
          "Hash Join",
          "Sort",
          "Aggregate",
          "Gather Merge"
        ],
        [
          "Seq Scan",
          "Hash",
          "Hash Join",
          "Sort",
          "Aggregate",
          "Gather Merge"
        ]
      ],
      "index_shape": [
        "selection"
      ],
      "physical_operator": {
        "Seq Scan": [
          0.00277000000000005
        ]
      }
    }
  },
  {
    "query": "-- Functional Query Definition\n-- Approved February 1998\n\n\nselect\no_year,\nsum(case\nwhen nation = 'PERU' then volume\nelse 0\nend) / sum(volume) as mkt_share\nfrom\n(\nselect\nextract(year from o_orderdate) as o_year,\nl_extendedprice * (1 - l_discount) as volume,\nn2.n_name as nation\nfrom\npart,\nsupplier,\nlineitem,\norders,\ncustomer,\nnation n1,\nnation n2,\nregion\nwhere\np_partkey = l_partkey\nand s_suppkey = l_suppkey\nand l_orderkey = o_orderkey\nand o_custkey = c_custkey\nand c_nationkey = n1.n_nationkey\nand n1.n_regionkey = r_regionkey\nand r_name = 'AMERICA'\nand s_nationkey = n2.n_nationkey\nand o_orderdate between date '1995-01-01' and date '1996-12-31'\nand p_type = 'SMALL ANODIZED BRASS'\n) as all_nations\ngroup by\no_year\norder by\no_year ;\n-- $ID$\n-- TPC-H/TPC-R Product Type Profit Measure ",
    "indexes": "region.r_regionkey",
    "wo plan est": {
      "Node Type": "Aggregate",
      "Strategy": "Sorted",
      "Partial Mode": "Finalize",
      "Parallel Aware": false,
      "Async Capable": false,
      "Startup Cost": 1955785.01,
      "Total Cost": 1956486.84,
      "Plan Rows": 2406,
      "Plan Width": 64,
      "Group Key": [
        "(EXTRACT(year FROM orders.o_orderdate))"
      ],
      "Plans": [
        {
          "Node Type": "Gather Merge",
          "Parent Relationship": "Outer",
          "Parallel Aware": false,
          "Async Capable": false,
          "Startup Cost": 1955785.01,
          "Total Cost": 1956408.65,
          "Plan Rows": 2406,
          "Plan Width": 96,
          "Workers Planned": 1,
          "Plans": [
            {
              "Node Type": "Aggregate",
              "Strategy": "Sorted",
              "Partial Mode": "Partial",
              "Parent Relationship": "Outer",
              "Parallel Aware": false,
              "Async Capable": false,
              "Startup Cost": 1954785.0,
              "Total Cost": 1955137.96,
              "Plan Rows": 2406,
              "Plan Width": 96,
              "Group Key": [
                "(EXTRACT(year FROM orders.o_orderdate))"
              ],
              "Plans": [
                {
                  "Node Type": "Sort",
                  "Parent Relationship": "Outer",
                  "Parallel Aware": false,
                  "Async Capable": false,
                  "Startup Cost": 1954785.0,
                  "Total Cost": 1954819.54,
                  "Plan Rows": 13816,
                  "Plan Width": 70,
                  "Sort Key": [
                    "(EXTRACT(year FROM orders.o_orderdate))"
                  ],
                  "Plans": [
                    {
                      "Node Type": "Hash Join",
                      "Parent Relationship": "Outer",
                      "Parallel Aware": false,
                      "Async Capable": false,
                      "Join Type": "Inner",
                      "Startup Cost": 1950527.96,
                      "Total Cost": 1953834.87,
                      "Plan Rows": 13816,
                      "Plan Width": 70,
                      "Inner Unique": false,
                      "Hash Cond": "(supplier.s_nationkey = n2.n_nationkey)",
                      "Plans": [
                        {
                          "Node Type": "Hash Join",
                          "Parent Relationship": "Outer",
                          "Parallel Aware": true,
                          "Async Capable": false,
                          "Join Type": "Inner",
                          "Startup Cost": 1950526.4,
                          "Total Cost": 1953608.79,
                          "Plan Rows": 13816,
                          "Plan Width": 20,
                          "Inner Unique": false,
                          "Hash Cond": "(supplier.s_suppkey = lineitem.l_suppkey)",
                          "Plans": [
                            {
                              "Node Type": "Seq Scan",
                              "Parent Relationship": "Outer",
                              "Parallel Aware": true,
                              "Async Capable": false,
                              "Relation Name": "supplier",
                              "Alias": "supplier",
                              "Startup Cost": 0.0,
                              "Total Cost": 2804.24,
                              "Plan Rows": 58824,
                              "Plan Width": 8,
                              "parent": 5,
                              "ID": 6
                            },
                            {
                              "Node Type": "Hash",
                              "Parent Relationship": "Inner",
                              "Parallel Aware": true,
                              "Async Capable": false,
                              "Startup Cost": 1950404.06,
                              "Total Cost": 1950404.06,
                              "Plan Rows": 9787,
                              "Plan Width": 20,
                              "Plans": [
                                {
                                  "Node Type": "Hash Join",
                                  "Parent Relationship": "Outer",
                                  "Parallel Aware": false,
                                  "Async Capable": false,
                                  "Join Type": "Inner",
                                  "Startup Cost": 1905498.74,
                                  "Total Cost": 1950404.06,
                                  "Plan Rows": 9787,
                                  "Plan Width": 20,
                                  "Inner Unique": false,
                                  "Hash Cond": "(customer.c_nationkey = n1.n_nationkey)",
                                  "Plans": [
                                    {
                                      "Node Type": "Hash Join",
                                      "Parent Relationship": "Outer",
                                      "Parallel Aware": true,
                                      "Async Capable": false,
                                      "Join Type": "Inner",
                                      "Startup Cost": 1905496.2,
                                      "Total Cost": 1950120.18,
                                      "Plan Rows": 48932,
                                      "Plan Width": 24,
                                      "Inner Unique": false,
                                      "Hash Cond": "(customer.c_custkey = orders.o_custkey)",
                                      "Plans": [
                                        {
                                          "Node Type": "Seq Scan",
                                          "Parent Relationship": "Outer",
                                          "Parallel Aware": true,
                                          "Async Capable": false,
                                          "Relation Name": "customer",
                                          "Alias": "customer",
                                          "Startup Cost": 0.0,
                                          "Total Cost": 42076.52,
                                          "Plan Rows": 624952,
                                          "Plan Width": 8,
                                          "parent": 9,
                                          "ID": 10
                                        },
                                        {
                                          "Node Type": "Hash",
                                          "Parent Relationship": "Inner",
                                          "Parallel Aware": true,
                                          "Async Capable": false,
                                          "Startup Cost": 1904884.55,
                                          "Total Cost": 1904884.55,
                                          "Plan Rows": 48932,
                                          "Plan Width": 24,
                                          "Plans": [
                                            {
                                              "Node Type": "Hash Join",
                                              "Parent Relationship": "Outer",
                                              "Parallel Aware": true,
                                              "Async Capable": false,
                                              "Join Type": "Inner",
                                              "Startup Cost": 1523283.11,
                                              "Total Cost": 1904884.55,
                                              "Plan Rows": 48932,
                                              "Plan Width": 24,
                                              "Inner Unique": false,
                                              "Hash Cond": "(orders.o_orderkey = lineitem.l_orderkey)",
                                              "Plans": [
                                                {
                                                  "Node Type": "Seq Scan",
                                                  "Parent Relationship": "Outer",
                                                  "Parallel Aware": true,
                                                  "Async Capable": false,
                                                  "Relation Name": "orders",
                                                  "Alias": "orders",
                                                  "Startup Cost": 0.0,
                                                  "Total Cost": 354655.56,
                                                  "Plan Rows": 1909064,
                                                  "Plan Width": 12,
                                                  "Filter": "((o_orderdate >= '1995-01-01'::date) AND (o_orderdate <= '1996-12-31'::date))",
                                                  "parent": 12,
                                                  "ID": 13
                                                },
                                                {
                                                  "Node Type": "Hash",
                                                  "Parent Relationship": "Inner",
                                                  "Parallel Aware": true,
                                                  "Async Capable": false,
                                                  "Startup Cost": 1520341.76,
                                                  "Total Cost": 1520341.76,
                                                  "Plan Rows": 160188,
                                                  "Plan Width": 20,
                                                  "Plans": [
                                                    {
                                                      "Node Type": "Hash Join",
                                                      "Parent Relationship": "Outer",
                                                      "Parallel Aware": true,
                                                      "Async Capable": false,
                                                      "Join Type": "Inner",
                                                      "Startup Cost": 51447.53,
                                                      "Total Cost": 1520341.76,
                                                      "Plan Rows": 160188,
                                                      "Plan Width": 20,
                                                      "Inner Unique": false,
                                                      "Hash Cond": "(lineitem.l_partkey = part.p_partkey)",
                                                      "Plans": [
                                                        {
                                                          "Node Type": "Seq Scan",
                                                          "Parent Relationship": "Outer",
                                                          "Parallel Aware": true,
                                                          "Async Capable": false,
                                                          "Relation Name": "lineitem",
                                                          "Alias": "lineitem",
                                                          "Startup Cost": 0.0,
                                                          "Total Cost": 1374494.57,
                                                          "Plan Rows": 24995257,
                                                          "Plan Width": 24,
                                                          "parent": 15,
                                                          "ID": 16
                                                        },
                                                        {
                                                          "Node Type": "Hash",
                                                          "Parent Relationship": "Inner",
                                                          "Parallel Aware": true,
                                                          "Async Capable": false,
                                                          "Startup Cost": 51378.28,
                                                          "Total Cost": 51378.28,
                                                          "Plan Rows": 5540,
                                                          "Plan Width": 4,
                                                          "Plans": [
                                                            {
                                                              "Node Type": "Seq Scan",
                                                              "Parent Relationship": "Outer",
                                                              "Parallel Aware": true,
                                                              "Async Capable": false,
                                                              "Relation Name": "part",
                                                              "Alias": "part",
                                                              "Startup Cost": 0.0,
                                                              "Total Cost": 51378.28,
                                                              "Plan Rows": 5540,
                                                              "Plan Width": 4,
                                                              "Filter": "((p_type)::text = 'SMALL ANODIZED BRASS'::text)",
                                                              "parent": 17,
                                                              "ID": 18
                                                            }
                                                          ],
                                                          "parent": 15,
                                                          "ID": 17,
                                                          "left": 18
                                                        }
                                                      ],
                                                      "parent": 14,
                                                      "ID": 15,
                                                      "left": 16,
                                                      "right": 17
                                                    }
                                                  ],
                                                  "parent": 12,
                                                  "ID": 14,
                                                  "left": 15
                                                }
                                              ],
                                              "parent": 11,
                                              "ID": 12,
                                              "left": 13,
                                              "right": 14
                                            }
                                          ],
                                          "parent": 9,
                                          "ID": 11,
                                          "left": 12
                                        }
                                      ],
                                      "parent": 8,
                                      "ID": 9,
                                      "left": 10,
                                      "right": 11
                                    },
                                    {
                                      "Node Type": "Hash",
                                      "Parent Relationship": "Inner",
                                      "Parallel Aware": false,
                                      "Async Capable": false,
                                      "Startup Cost": 2.47,
                                      "Total Cost": 2.47,
                                      "Plan Rows": 5,
                                      "Plan Width": 4,
                                      "Plans": [
                                        {
                                          "Node Type": "Hash Join",
                                          "Parent Relationship": "Outer",
                                          "Parallel Aware": false,
                                          "Async Capable": false,
                                          "Join Type": "Inner",
                                          "Startup Cost": 1.07,
                                          "Total Cost": 2.47,
                                          "Plan Rows": 5,
                                          "Plan Width": 4,
                                          "Inner Unique": false,
                                          "Hash Cond": "(n1.n_regionkey = region.r_regionkey)",
                                          "Plans": [
                                            {
                                              "Node Type": "Seq Scan",
                                              "Parent Relationship": "Outer",
                                              "Parallel Aware": false,
                                              "Async Capable": false,
                                              "Relation Name": "nation",
                                              "Alias": "n1",
                                              "Startup Cost": 0.0,
                                              "Total Cost": 1.25,
                                              "Plan Rows": 25,
                                              "Plan Width": 8,
                                              "parent": 20,
                                              "ID": 21
                                            },
                                            {
                                              "Node Type": "Hash",
                                              "Parent Relationship": "Inner",
                                              "Parallel Aware": false,
                                              "Async Capable": false,
                                              "Startup Cost": 1.06,
                                              "Total Cost": 1.06,
                                              "Plan Rows": 1,
                                              "Plan Width": 4,
                                              "Plans": [
                                                {
                                                  "Node Type": "Seq Scan",
                                                  "Parent Relationship": "Outer",
                                                  "Parallel Aware": false,
                                                  "Async Capable": false,
                                                  "Relation Name": "region",
                                                  "Alias": "region",
                                                  "Startup Cost": 0.0,
                                                  "Total Cost": 1.06,
                                                  "Plan Rows": 1,
                                                  "Plan Width": 4,
                                                  "Filter": "(r_name = 'AMERICA'::bpchar)",
                                                  "parent": 22,
                                                  "ID": 23
                                                }
                                              ],
                                              "parent": 20,
                                              "ID": 22,
                                              "left": 23
                                            }
                                          ],
                                          "parent": 19,
                                          "ID": 20,
                                          "left": 21,
                                          "right": 22
                                        }
                                      ],
                                      "parent": 8,
                                      "ID": 19,
                                      "left": 20
                                    }
                                  ],
                                  "parent": 7,
                                  "ID": 8,
                                  "left": 9,
                                  "right": 19
                                }
                              ],
                              "parent": 5,
                              "ID": 7,
                              "left": 8
                            }
                          ],
                          "parent": 4,
                          "ID": 5,
                          "left": 6,
                          "right": 7
                        },
                        {
                          "Node Type": "Hash",
                          "Parent Relationship": "Inner",
                          "Parallel Aware": false,
                          "Async Capable": false,
                          "Startup Cost": 1.25,
                          "Total Cost": 1.25,
                          "Plan Rows": 25,
                          "Plan Width": 30,
                          "Plans": [
                            {
                              "Node Type": "Seq Scan",
                              "Parent Relationship": "Outer",
                              "Parallel Aware": false,
                              "Async Capable": false,
                              "Relation Name": "nation",
                              "Alias": "n2",
                              "Startup Cost": 0.0,
                              "Total Cost": 1.25,
                              "Plan Rows": 25,
                              "Plan Width": 30,
                              "parent": 24,
                              "ID": 25
                            }
                          ],
                          "parent": 4,
                          "ID": 24,
                          "left": 25
                        }
                      ],
                      "parent": 3,
                      "ID": 4,
                      "left": 5,
                      "right": 24
                    }
                  ],
                  "parent": 2,
                  "ID": 3,
                  "left": 4
                }
              ],
              "parent": 1,
              "ID": 2,
              "left": 3
            }
          ],
          "parent": 0,
          "ID": 1,
          "left": 2
        }
      ],
      "parent": null,
      "ID": 0,
      "left": 1
    },
    "feat": {
      "utility": 3.531753914710986e-07,
      "query_shape": [
        [
          "Seq Scan",
          "Hash Join",
          "Sort",
          "Aggregate",
          "Gather Merge"
        ],
        [
          "Seq Scan",
          "Hash Join",
          "Hash",
          "Sort",
          "Aggregate",
          "Gather Merge"
        ],
        [
          "Seq Scan",
          "Hash Join",
          "Hash",
          "Sort",
          "Aggregate",
          "Gather Merge"
        ],
        [
          "Seq Scan",
          "Hash Join",
          "Hash",
          "Sort",
          "Aggregate",
          "Gather Merge"
        ],
        [
          "Seq Scan",
          "Hash",
          "Hash Join",
          "Sort",
          "Aggregate",
          "Gather Merge"
        ],
        [
          "Seq Scan",
          "Hash Join",
          "Hash",
          "Sort",
          "Aggregate",
          "Gather Merge"
        ],
        [
          "Seq Scan",
          "Hash",
          "Hash Join",
          "Sort",
          "Aggregate",
          "Gather Merge"
        ],
        [
          "Seq Scan",
          "Hash",
          "Hash Join",
          "Sort",
          "Aggregate",
          "Gather Merge"
        ]
      ],
      "index_shape": [
        "join"
      ],
      "physical_operator": {
        "Hash Join": [
          0.4472135954999579
        ]
      }
    }
  },
  {
    "query": "-- Functional Query Definition\n-- Approved February 1998\n\n\nselect\no_year,\nsum(case\nwhen nation = 'PERU' then volume\nelse 0\nend) / sum(volume) as mkt_share\nfrom\n(\nselect\nextract(year from o_orderdate) as o_year,\nl_extendedprice * (1 - l_discount) as volume,\nn2.n_name as nation\nfrom\npart,\nsupplier,\nlineitem,\norders,\ncustomer,\nnation n1,\nnation n2,\nregion\nwhere\np_partkey = l_partkey\nand s_suppkey = l_suppkey\nand l_orderkey = o_orderkey\nand o_custkey = c_custkey\nand c_nationkey = n1.n_nationkey\nand n1.n_regionkey = r_regionkey\nand r_name = 'AMERICA'\nand s_nationkey = n2.n_nationkey\nand o_orderdate between date '1995-01-01' and date '1996-12-31'\nand p_type = 'SMALL ANODIZED BRASS'\n) as all_nations\ngroup by\no_year\norder by\no_year ;\n-- $ID$\n-- TPC-H/TPC-R Product Type Profit Measure ",
    "indexes": "region.r_name",
    "wo plan est": {
      "Node Type": "Aggregate",
      "Strategy": "Sorted",
      "Partial Mode": "Finalize",
      "Parallel Aware": false,
      "Async Capable": false,
      "Startup Cost": 1955785.01,
      "Total Cost": 1956486.84,
      "Plan Rows": 2406,
      "Plan Width": 64,
      "Group Key": [
        "(EXTRACT(year FROM orders.o_orderdate))"
      ],
      "Plans": [
        {
          "Node Type": "Gather Merge",
          "Parent Relationship": "Outer",
          "Parallel Aware": false,
          "Async Capable": false,
          "Startup Cost": 1955785.01,
          "Total Cost": 1956408.65,
          "Plan Rows": 2406,
          "Plan Width": 96,
          "Workers Planned": 1,
          "Plans": [
            {
              "Node Type": "Aggregate",
              "Strategy": "Sorted",
              "Partial Mode": "Partial",
              "Parent Relationship": "Outer",
              "Parallel Aware": false,
              "Async Capable": false,
              "Startup Cost": 1954785.0,
              "Total Cost": 1955137.96,
              "Plan Rows": 2406,
              "Plan Width": 96,
              "Group Key": [
                "(EXTRACT(year FROM orders.o_orderdate))"
              ],
              "Plans": [
                {
                  "Node Type": "Sort",
                  "Parent Relationship": "Outer",
                  "Parallel Aware": false,
                  "Async Capable": false,
                  "Startup Cost": 1954785.0,
                  "Total Cost": 1954819.54,
                  "Plan Rows": 13816,
                  "Plan Width": 70,
                  "Sort Key": [
                    "(EXTRACT(year FROM orders.o_orderdate))"
                  ],
                  "Plans": [
                    {
                      "Node Type": "Hash Join",
                      "Parent Relationship": "Outer",
                      "Parallel Aware": false,
                      "Async Capable": false,
                      "Join Type": "Inner",
                      "Startup Cost": 1950527.96,
                      "Total Cost": 1953834.87,
                      "Plan Rows": 13816,
                      "Plan Width": 70,
                      "Inner Unique": false,
                      "Hash Cond": "(supplier.s_nationkey = n2.n_nationkey)",
                      "Plans": [
                        {
                          "Node Type": "Hash Join",
                          "Parent Relationship": "Outer",
                          "Parallel Aware": true,
                          "Async Capable": false,
                          "Join Type": "Inner",
                          "Startup Cost": 1950526.4,
                          "Total Cost": 1953608.79,
                          "Plan Rows": 13816,
                          "Plan Width": 20,
                          "Inner Unique": false,
                          "Hash Cond": "(supplier.s_suppkey = lineitem.l_suppkey)",
                          "Plans": [
                            {
                              "Node Type": "Seq Scan",
                              "Parent Relationship": "Outer",
                              "Parallel Aware": true,
                              "Async Capable": false,
                              "Relation Name": "supplier",
                              "Alias": "supplier",
                              "Startup Cost": 0.0,
                              "Total Cost": 2804.24,
                              "Plan Rows": 58824,
                              "Plan Width": 8,
                              "parent": 5,
                              "ID": 6
                            },
                            {
                              "Node Type": "Hash",
                              "Parent Relationship": "Inner",
                              "Parallel Aware": true,
                              "Async Capable": false,
                              "Startup Cost": 1950404.06,
                              "Total Cost": 1950404.06,
                              "Plan Rows": 9787,
                              "Plan Width": 20,
                              "Plans": [
                                {
                                  "Node Type": "Hash Join",
                                  "Parent Relationship": "Outer",
                                  "Parallel Aware": false,
                                  "Async Capable": false,
                                  "Join Type": "Inner",
                                  "Startup Cost": 1905498.74,
                                  "Total Cost": 1950404.06,
                                  "Plan Rows": 9787,
                                  "Plan Width": 20,
                                  "Inner Unique": false,
                                  "Hash Cond": "(customer.c_nationkey = n1.n_nationkey)",
                                  "Plans": [
                                    {
                                      "Node Type": "Hash Join",
                                      "Parent Relationship": "Outer",
                                      "Parallel Aware": true,
                                      "Async Capable": false,
                                      "Join Type": "Inner",
                                      "Startup Cost": 1905496.2,
                                      "Total Cost": 1950120.18,
                                      "Plan Rows": 48932,
                                      "Plan Width": 24,
                                      "Inner Unique": false,
                                      "Hash Cond": "(customer.c_custkey = orders.o_custkey)",
                                      "Plans": [
                                        {
                                          "Node Type": "Seq Scan",
                                          "Parent Relationship": "Outer",
                                          "Parallel Aware": true,
                                          "Async Capable": false,
                                          "Relation Name": "customer",
                                          "Alias": "customer",
                                          "Startup Cost": 0.0,
                                          "Total Cost": 42076.52,
                                          "Plan Rows": 624952,
                                          "Plan Width": 8,
                                          "parent": 9,
                                          "ID": 10
                                        },
                                        {
                                          "Node Type": "Hash",
                                          "Parent Relationship": "Inner",
                                          "Parallel Aware": true,
                                          "Async Capable": false,
                                          "Startup Cost": 1904884.55,
                                          "Total Cost": 1904884.55,
                                          "Plan Rows": 48932,
                                          "Plan Width": 24,
                                          "Plans": [
                                            {
                                              "Node Type": "Hash Join",
                                              "Parent Relationship": "Outer",
                                              "Parallel Aware": true,
                                              "Async Capable": false,
                                              "Join Type": "Inner",
                                              "Startup Cost": 1523283.11,
                                              "Total Cost": 1904884.55,
                                              "Plan Rows": 48932,
                                              "Plan Width": 24,
                                              "Inner Unique": false,
                                              "Hash Cond": "(orders.o_orderkey = lineitem.l_orderkey)",
                                              "Plans": [
                                                {
                                                  "Node Type": "Seq Scan",
                                                  "Parent Relationship": "Outer",
                                                  "Parallel Aware": true,
                                                  "Async Capable": false,
                                                  "Relation Name": "orders",
                                                  "Alias": "orders",
                                                  "Startup Cost": 0.0,
                                                  "Total Cost": 354655.56,
                                                  "Plan Rows": 1909064,
                                                  "Plan Width": 12,
                                                  "Filter": "((o_orderdate >= '1995-01-01'::date) AND (o_orderdate <= '1996-12-31'::date))",
                                                  "parent": 12,
                                                  "ID": 13
                                                },
                                                {
                                                  "Node Type": "Hash",
                                                  "Parent Relationship": "Inner",
                                                  "Parallel Aware": true,
                                                  "Async Capable": false,
                                                  "Startup Cost": 1520341.76,
                                                  "Total Cost": 1520341.76,
                                                  "Plan Rows": 160188,
                                                  "Plan Width": 20,
                                                  "Plans": [
                                                    {
                                                      "Node Type": "Hash Join",
                                                      "Parent Relationship": "Outer",
                                                      "Parallel Aware": true,
                                                      "Async Capable": false,
                                                      "Join Type": "Inner",
                                                      "Startup Cost": 51447.53,
                                                      "Total Cost": 1520341.76,
                                                      "Plan Rows": 160188,
                                                      "Plan Width": 20,
                                                      "Inner Unique": false,
                                                      "Hash Cond": "(lineitem.l_partkey = part.p_partkey)",
                                                      "Plans": [
                                                        {
                                                          "Node Type": "Seq Scan",
                                                          "Parent Relationship": "Outer",
                                                          "Parallel Aware": true,
                                                          "Async Capable": false,
                                                          "Relation Name": "lineitem",
                                                          "Alias": "lineitem",
                                                          "Startup Cost": 0.0,
                                                          "Total Cost": 1374494.57,
                                                          "Plan Rows": 24995257,
                                                          "Plan Width": 24,
                                                          "parent": 15,
                                                          "ID": 16
                                                        },
                                                        {
                                                          "Node Type": "Hash",
                                                          "Parent Relationship": "Inner",
                                                          "Parallel Aware": true,
                                                          "Async Capable": false,
                                                          "Startup Cost": 51378.28,
                                                          "Total Cost": 51378.28,
                                                          "Plan Rows": 5540,
                                                          "Plan Width": 4,
                                                          "Plans": [
                                                            {
                                                              "Node Type": "Seq Scan",
                                                              "Parent Relationship": "Outer",
                                                              "Parallel Aware": true,
                                                              "Async Capable": false,
                                                              "Relation Name": "part",
                                                              "Alias": "part",
                                                              "Startup Cost": 0.0,
                                                              "Total Cost": 51378.28,
                                                              "Plan Rows": 5540,
                                                              "Plan Width": 4,
                                                              "Filter": "((p_type)::text = 'SMALL ANODIZED BRASS'::text)",
                                                              "parent": 17,
                                                              "ID": 18
                                                            }
                                                          ],
                                                          "parent": 15,
                                                          "ID": 17,
                                                          "left": 18
                                                        }
                                                      ],
                                                      "parent": 14,
                                                      "ID": 15,
                                                      "left": 16,
                                                      "right": 17
                                                    }
                                                  ],
                                                  "parent": 12,
                                                  "ID": 14,
                                                  "left": 15
                                                }
                                              ],
                                              "parent": 11,
                                              "ID": 12,
                                              "left": 13,
                                              "right": 14
                                            }
                                          ],
                                          "parent": 9,
                                          "ID": 11,
                                          "left": 12
                                        }
                                      ],
                                      "parent": 8,
                                      "ID": 9,
                                      "left": 10,
                                      "right": 11
                                    },
                                    {
                                      "Node Type": "Hash",
                                      "Parent Relationship": "Inner",
                                      "Parallel Aware": false,
                                      "Async Capable": false,
                                      "Startup Cost": 2.47,
                                      "Total Cost": 2.47,
                                      "Plan Rows": 5,
                                      "Plan Width": 4,
                                      "Plans": [
                                        {
                                          "Node Type": "Hash Join",
                                          "Parent Relationship": "Outer",
                                          "Parallel Aware": false,
                                          "Async Capable": false,
                                          "Join Type": "Inner",
                                          "Startup Cost": 1.07,
                                          "Total Cost": 2.47,
                                          "Plan Rows": 5,
                                          "Plan Width": 4,
                                          "Inner Unique": false,
                                          "Hash Cond": "(n1.n_regionkey = region.r_regionkey)",
                                          "Plans": [
                                            {
                                              "Node Type": "Seq Scan",
                                              "Parent Relationship": "Outer",
                                              "Parallel Aware": false,
                                              "Async Capable": false,
                                              "Relation Name": "nation",
                                              "Alias": "n1",
                                              "Startup Cost": 0.0,
                                              "Total Cost": 1.25,
                                              "Plan Rows": 25,
                                              "Plan Width": 8,
                                              "parent": 20,
                                              "ID": 21
                                            },
                                            {
                                              "Node Type": "Hash",
                                              "Parent Relationship": "Inner",
                                              "Parallel Aware": false,
                                              "Async Capable": false,
                                              "Startup Cost": 1.06,
                                              "Total Cost": 1.06,
                                              "Plan Rows": 1,
                                              "Plan Width": 4,
                                              "Plans": [
                                                {
                                                  "Node Type": "Seq Scan",
                                                  "Parent Relationship": "Outer",
                                                  "Parallel Aware": false,
                                                  "Async Capable": false,
                                                  "Relation Name": "region",
                                                  "Alias": "region",
                                                  "Startup Cost": 0.0,
                                                  "Total Cost": 1.06,
                                                  "Plan Rows": 1,
                                                  "Plan Width": 4,
                                                  "Filter": "(r_name = 'AMERICA'::bpchar)",
                                                  "parent": 22,
                                                  "ID": 23
                                                }
                                              ],
                                              "parent": 20,
                                              "ID": 22,
                                              "left": 23
                                            }
                                          ],
                                          "parent": 19,
                                          "ID": 20,
                                          "left": 21,
                                          "right": 22
                                        }
                                      ],
                                      "parent": 8,
                                      "ID": 19,
                                      "left": 20
                                    }
                                  ],
                                  "parent": 7,
                                  "ID": 8,
                                  "left": 9,
                                  "right": 19
                                }
                              ],
                              "parent": 5,
                              "ID": 7,
                              "left": 8
                            }
                          ],
                          "parent": 4,
                          "ID": 5,
                          "left": 6,
                          "right": 7
                        },
                        {
                          "Node Type": "Hash",
                          "Parent Relationship": "Inner",
                          "Parallel Aware": false,
                          "Async Capable": false,
                          "Startup Cost": 1.25,
                          "Total Cost": 1.25,
                          "Plan Rows": 25,
                          "Plan Width": 30,
                          "Plans": [
                            {
                              "Node Type": "Seq Scan",
                              "Parent Relationship": "Outer",
                              "Parallel Aware": false,
                              "Async Capable": false,
                              "Relation Name": "nation",
                              "Alias": "n2",
                              "Startup Cost": 0.0,
                              "Total Cost": 1.25,
                              "Plan Rows": 25,
                              "Plan Width": 30,
                              "parent": 24,
                              "ID": 25
                            }
                          ],
                          "parent": 4,
                          "ID": 24,
                          "left": 25
                        }
                      ],
                      "parent": 3,
                      "ID": 4,
                      "left": 5,
                      "right": 24
                    }
                  ],
                  "parent": 2,
                  "ID": 3,
                  "left": 4
                }
              ],
              "parent": 1,
              "ID": 2,
              "left": 3
            }
          ],
          "parent": 0,
          "ID": 1,
          "left": 2
        }
      ],
      "parent": null,
      "ID": 0,
      "left": 1
    },
    "feat": {
      "utility": 4.334299534567787e-07,
      "query_shape": [
        [
          "Seq Scan",
          "Hash Join",
          "Sort",
          "Aggregate",
          "Gather Merge"
        ],
        [
          "Seq Scan",
          "Hash Join",
          "Hash",
          "Sort",
          "Aggregate",
          "Gather Merge"
        ],
        [
          "Seq Scan",
          "Hash Join",
          "Hash",
          "Sort",
          "Aggregate",
          "Gather Merge"
        ],
        [
          "Seq Scan",
          "Hash Join",
          "Hash",
          "Sort",
          "Aggregate",
          "Gather Merge"
        ],
        [
          "Seq Scan",
          "Hash",
          "Hash Join",
          "Sort",
          "Aggregate",
          "Gather Merge"
        ],
        [
          "Seq Scan",
          "Hash Join",
          "Hash",
          "Sort",
          "Aggregate",
          "Gather Merge"
        ],
        [
          "Seq Scan",
          "Hash",
          "Hash Join",
          "Sort",
          "Aggregate",
          "Gather Merge"
        ],
        [
          "Seq Scan",
          "Hash",
          "Hash Join",
          "Sort",
          "Aggregate",
          "Gather Merge"
        ]
      ],
      "index_shape": [
        "selection"
      ],
      "physical_operator": {
        "Seq Scan": [
          0.19999999999999996
        ]
      }
    }
  },
  {
    "query": "-- Functional Query Definition\n-- Approved February 1998\n\n\nselect\no_year,\nsum(case\nwhen nation = 'PERU' then volume\nelse 0\nend) / sum(volume) as mkt_share\nfrom\n(\nselect\nextract(year from o_orderdate) as o_year,\nl_extendedprice * (1 - l_discount) as volume,\nn2.n_name as nation\nfrom\npart,\nsupplier,\nlineitem,\norders,\ncustomer,\nnation n1,\nnation n2,\nregion\nwhere\np_partkey = l_partkey\nand s_suppkey = l_suppkey\nand l_orderkey = o_orderkey\nand o_custkey = c_custkey\nand c_nationkey = n1.n_nationkey\nand n1.n_regionkey = r_regionkey\nand r_name = 'AMERICA'\nand s_nationkey = n2.n_nationkey\nand o_orderdate between date '1995-01-01' and date '1996-12-31'\nand p_type = 'SMALL ANODIZED BRASS'\n) as all_nations\ngroup by\no_year\norder by\no_year ;\n-- $ID$\n-- TPC-H/TPC-R Product Type Profit Measure ",
    "indexes": "supplier.s_suppkey",
    "wo plan est": {
      "Node Type": "Aggregate",
      "Strategy": "Sorted",
      "Partial Mode": "Finalize",
      "Parallel Aware": false,
      "Async Capable": false,
      "Startup Cost": 1955785.01,
      "Total Cost": 1956486.84,
      "Plan Rows": 2406,
      "Plan Width": 64,
      "Group Key": [
        "(EXTRACT(year FROM orders.o_orderdate))"
      ],
      "Plans": [
        {
          "Node Type": "Gather Merge",
          "Parent Relationship": "Outer",
          "Parallel Aware": false,
          "Async Capable": false,
          "Startup Cost": 1955785.01,
          "Total Cost": 1956408.65,
          "Plan Rows": 2406,
          "Plan Width": 96,
          "Workers Planned": 1,
          "Plans": [
            {
              "Node Type": "Aggregate",
              "Strategy": "Sorted",
              "Partial Mode": "Partial",
              "Parent Relationship": "Outer",
              "Parallel Aware": false,
              "Async Capable": false,
              "Startup Cost": 1954785.0,
              "Total Cost": 1955137.96,
              "Plan Rows": 2406,
              "Plan Width": 96,
              "Group Key": [
                "(EXTRACT(year FROM orders.o_orderdate))"
              ],
              "Plans": [
                {
                  "Node Type": "Sort",
                  "Parent Relationship": "Outer",
                  "Parallel Aware": false,
                  "Async Capable": false,
                  "Startup Cost": 1954785.0,
                  "Total Cost": 1954819.54,
                  "Plan Rows": 13816,
                  "Plan Width": 70,
                  "Sort Key": [
                    "(EXTRACT(year FROM orders.o_orderdate))"
                  ],
                  "Plans": [
                    {
                      "Node Type": "Hash Join",
                      "Parent Relationship": "Outer",
                      "Parallel Aware": false,
                      "Async Capable": false,
                      "Join Type": "Inner",
                      "Startup Cost": 1950527.96,
                      "Total Cost": 1953834.87,
                      "Plan Rows": 13816,
                      "Plan Width": 70,
                      "Inner Unique": false,
                      "Hash Cond": "(supplier.s_nationkey = n2.n_nationkey)",
                      "Plans": [
                        {
                          "Node Type": "Hash Join",
                          "Parent Relationship": "Outer",
                          "Parallel Aware": true,
                          "Async Capable": false,
                          "Join Type": "Inner",
                          "Startup Cost": 1950526.4,
                          "Total Cost": 1953608.79,
                          "Plan Rows": 13816,
                          "Plan Width": 20,
                          "Inner Unique": false,
                          "Hash Cond": "(supplier.s_suppkey = lineitem.l_suppkey)",
                          "Plans": [
                            {
                              "Node Type": "Seq Scan",
                              "Parent Relationship": "Outer",
                              "Parallel Aware": true,
                              "Async Capable": false,
                              "Relation Name": "supplier",
                              "Alias": "supplier",
                              "Startup Cost": 0.0,
                              "Total Cost": 2804.24,
                              "Plan Rows": 58824,
                              "Plan Width": 8,
                              "parent": 5,
                              "ID": 6
                            },
                            {
                              "Node Type": "Hash",
                              "Parent Relationship": "Inner",
                              "Parallel Aware": true,
                              "Async Capable": false,
                              "Startup Cost": 1950404.06,
                              "Total Cost": 1950404.06,
                              "Plan Rows": 9787,
                              "Plan Width": 20,
                              "Plans": [
                                {
                                  "Node Type": "Hash Join",
                                  "Parent Relationship": "Outer",
                                  "Parallel Aware": false,
                                  "Async Capable": false,
                                  "Join Type": "Inner",
                                  "Startup Cost": 1905498.74,
                                  "Total Cost": 1950404.06,
                                  "Plan Rows": 9787,
                                  "Plan Width": 20,
                                  "Inner Unique": false,
                                  "Hash Cond": "(customer.c_nationkey = n1.n_nationkey)",
                                  "Plans": [
                                    {
                                      "Node Type": "Hash Join",
                                      "Parent Relationship": "Outer",
                                      "Parallel Aware": true,
                                      "Async Capable": false,
                                      "Join Type": "Inner",
                                      "Startup Cost": 1905496.2,
                                      "Total Cost": 1950120.18,
                                      "Plan Rows": 48932,
                                      "Plan Width": 24,
                                      "Inner Unique": false,
                                      "Hash Cond": "(customer.c_custkey = orders.o_custkey)",
                                      "Plans": [
                                        {
                                          "Node Type": "Seq Scan",
                                          "Parent Relationship": "Outer",
                                          "Parallel Aware": true,
                                          "Async Capable": false,
                                          "Relation Name": "customer",
                                          "Alias": "customer",
                                          "Startup Cost": 0.0,
                                          "Total Cost": 42076.52,
                                          "Plan Rows": 624952,
                                          "Plan Width": 8,
                                          "parent": 9,
                                          "ID": 10
                                        },
                                        {
                                          "Node Type": "Hash",
                                          "Parent Relationship": "Inner",
                                          "Parallel Aware": true,
                                          "Async Capable": false,
                                          "Startup Cost": 1904884.55,
                                          "Total Cost": 1904884.55,
                                          "Plan Rows": 48932,
                                          "Plan Width": 24,
                                          "Plans": [
                                            {
                                              "Node Type": "Hash Join",
                                              "Parent Relationship": "Outer",
                                              "Parallel Aware": true,
                                              "Async Capable": false,
                                              "Join Type": "Inner",
                                              "Startup Cost": 1523283.11,
                                              "Total Cost": 1904884.55,
                                              "Plan Rows": 48932,
                                              "Plan Width": 24,
                                              "Inner Unique": false,
                                              "Hash Cond": "(orders.o_orderkey = lineitem.l_orderkey)",
                                              "Plans": [
                                                {
                                                  "Node Type": "Seq Scan",
                                                  "Parent Relationship": "Outer",
                                                  "Parallel Aware": true,
                                                  "Async Capable": false,
                                                  "Relation Name": "orders",
                                                  "Alias": "orders",
                                                  "Startup Cost": 0.0,
                                                  "Total Cost": 354655.56,
                                                  "Plan Rows": 1909064,
                                                  "Plan Width": 12,
                                                  "Filter": "((o_orderdate >= '1995-01-01'::date) AND (o_orderdate <= '1996-12-31'::date))",
                                                  "parent": 12,
                                                  "ID": 13
                                                },
                                                {
                                                  "Node Type": "Hash",
                                                  "Parent Relationship": "Inner",
                                                  "Parallel Aware": true,
                                                  "Async Capable": false,
                                                  "Startup Cost": 1520341.76,
                                                  "Total Cost": 1520341.76,
                                                  "Plan Rows": 160188,
                                                  "Plan Width": 20,
                                                  "Plans": [
                                                    {
                                                      "Node Type": "Hash Join",
                                                      "Parent Relationship": "Outer",
                                                      "Parallel Aware": true,
                                                      "Async Capable": false,
                                                      "Join Type": "Inner",
                                                      "Startup Cost": 51447.53,
                                                      "Total Cost": 1520341.76,
                                                      "Plan Rows": 160188,
                                                      "Plan Width": 20,
                                                      "Inner Unique": false,
                                                      "Hash Cond": "(lineitem.l_partkey = part.p_partkey)",
                                                      "Plans": [
                                                        {
                                                          "Node Type": "Seq Scan",
                                                          "Parent Relationship": "Outer",
                                                          "Parallel Aware": true,
                                                          "Async Capable": false,
                                                          "Relation Name": "lineitem",
                                                          "Alias": "lineitem",
                                                          "Startup Cost": 0.0,
                                                          "Total Cost": 1374494.57,
                                                          "Plan Rows": 24995257,
                                                          "Plan Width": 24,
                                                          "parent": 15,
                                                          "ID": 16
                                                        },
                                                        {
                                                          "Node Type": "Hash",
                                                          "Parent Relationship": "Inner",
                                                          "Parallel Aware": true,
                                                          "Async Capable": false,
                                                          "Startup Cost": 51378.28,
                                                          "Total Cost": 51378.28,
                                                          "Plan Rows": 5540,
                                                          "Plan Width": 4,
                                                          "Plans": [
                                                            {
                                                              "Node Type": "Seq Scan",
                                                              "Parent Relationship": "Outer",
                                                              "Parallel Aware": true,
                                                              "Async Capable": false,
                                                              "Relation Name": "part",
                                                              "Alias": "part",
                                                              "Startup Cost": 0.0,
                                                              "Total Cost": 51378.28,
                                                              "Plan Rows": 5540,
                                                              "Plan Width": 4,
                                                              "Filter": "((p_type)::text = 'SMALL ANODIZED BRASS'::text)",
                                                              "parent": 17,
                                                              "ID": 18
                                                            }
                                                          ],
                                                          "parent": 15,
                                                          "ID": 17,
                                                          "left": 18
                                                        }
                                                      ],
                                                      "parent": 14,
                                                      "ID": 15,
                                                      "left": 16,
                                                      "right": 17
                                                    }
                                                  ],
                                                  "parent": 12,
                                                  "ID": 14,
                                                  "left": 15
                                                }
                                              ],
                                              "parent": 11,
                                              "ID": 12,
                                              "left": 13,
                                              "right": 14
                                            }
                                          ],
                                          "parent": 9,
                                          "ID": 11,
                                          "left": 12
                                        }
                                      ],
                                      "parent": 8,
                                      "ID": 9,
                                      "left": 10,
                                      "right": 11
                                    },
                                    {
                                      "Node Type": "Hash",
                                      "Parent Relationship": "Inner",
                                      "Parallel Aware": false,
                                      "Async Capable": false,
                                      "Startup Cost": 2.47,
                                      "Total Cost": 2.47,
                                      "Plan Rows": 5,
                                      "Plan Width": 4,
                                      "Plans": [
                                        {
                                          "Node Type": "Hash Join",
                                          "Parent Relationship": "Outer",
                                          "Parallel Aware": false,
                                          "Async Capable": false,
                                          "Join Type": "Inner",
                                          "Startup Cost": 1.07,
                                          "Total Cost": 2.47,
                                          "Plan Rows": 5,
                                          "Plan Width": 4,
                                          "Inner Unique": false,
                                          "Hash Cond": "(n1.n_regionkey = region.r_regionkey)",
                                          "Plans": [
                                            {
                                              "Node Type": "Seq Scan",
                                              "Parent Relationship": "Outer",
                                              "Parallel Aware": false,
                                              "Async Capable": false,
                                              "Relation Name": "nation",
                                              "Alias": "n1",
                                              "Startup Cost": 0.0,
                                              "Total Cost": 1.25,
                                              "Plan Rows": 25,
                                              "Plan Width": 8,
                                              "parent": 20,
                                              "ID": 21
                                            },
                                            {
                                              "Node Type": "Hash",
                                              "Parent Relationship": "Inner",
                                              "Parallel Aware": false,
                                              "Async Capable": false,
                                              "Startup Cost": 1.06,
                                              "Total Cost": 1.06,
                                              "Plan Rows": 1,
                                              "Plan Width": 4,
                                              "Plans": [
                                                {
                                                  "Node Type": "Seq Scan",
                                                  "Parent Relationship": "Outer",
                                                  "Parallel Aware": false,
                                                  "Async Capable": false,
                                                  "Relation Name": "region",
                                                  "Alias": "region",
                                                  "Startup Cost": 0.0,
                                                  "Total Cost": 1.06,
                                                  "Plan Rows": 1,
                                                  "Plan Width": 4,
                                                  "Filter": "(r_name = 'AMERICA'::bpchar)",
                                                  "parent": 22,
                                                  "ID": 23
                                                }
                                              ],
                                              "parent": 20,
                                              "ID": 22,
                                              "left": 23
                                            }
                                          ],
                                          "parent": 19,
                                          "ID": 20,
                                          "left": 21,
                                          "right": 22
                                        }
                                      ],
                                      "parent": 8,
                                      "ID": 19,
                                      "left": 20
                                    }
                                  ],
                                  "parent": 7,
                                  "ID": 8,
                                  "left": 9,
                                  "right": 19
                                }
                              ],
                              "parent": 5,
                              "ID": 7,
                              "left": 8
                            }
                          ],
                          "parent": 4,
                          "ID": 5,
                          "left": 6,
                          "right": 7
                        },
                        {
                          "Node Type": "Hash",
                          "Parent Relationship": "Inner",
                          "Parallel Aware": false,
                          "Async Capable": false,
                          "Startup Cost": 1.25,
                          "Total Cost": 1.25,
                          "Plan Rows": 25,
                          "Plan Width": 30,
                          "Plans": [
                            {
                              "Node Type": "Seq Scan",
                              "Parent Relationship": "Outer",
                              "Parallel Aware": false,
                              "Async Capable": false,
                              "Relation Name": "nation",
                              "Alias": "n2",
                              "Startup Cost": 0.0,
                              "Total Cost": 1.25,
                              "Plan Rows": 25,
                              "Plan Width": 30,
                              "parent": 24,
                              "ID": 25
                            }
                          ],
                          "parent": 4,
                          "ID": 24,
                          "left": 25
                        }
                      ],
                      "parent": 3,
                      "ID": 4,
                      "left": 5,
                      "right": 24
                    }
                  ],
                  "parent": 2,
                  "ID": 3,
                  "left": 4
                }
              ],
              "parent": 1,
              "ID": 2,
              "left": 3
            }
          ],
          "parent": 0,
          "ID": 1,
          "left": 2
        }
      ],
      "parent": null,
      "ID": 0,
      "left": 1
    },
    "feat": {
      "utility": 6.35770444899657e-07,
      "query_shape": [
        [
          "Seq Scan",
          "Hash Join",
          "Sort",
          "Aggregate",
          "Gather Merge"
        ],
        [
          "Seq Scan",
          "Hash Join",
          "Hash",
          "Sort",
          "Aggregate",
          "Gather Merge"
        ],
        [
          "Seq Scan",
          "Hash Join",
          "Hash",
          "Sort",
          "Aggregate",
          "Gather Merge"
        ],
        [
          "Seq Scan",
          "Hash Join",
          "Hash",
          "Sort",
          "Aggregate",
          "Gather Merge"
        ],
        [
          "Seq Scan",
          "Hash",
          "Hash Join",
          "Sort",
          "Aggregate",
          "Gather Merge"
        ],
        [
          "Seq Scan",
          "Hash Join",
          "Hash",
          "Sort",
          "Aggregate",
          "Gather Merge"
        ],
        [
          "Seq Scan",
          "Hash",
          "Hash Join",
          "Sort",
          "Aggregate",
          "Gather Merge"
        ],
        [
          "Seq Scan",
          "Hash",
          "Hash Join",
          "Sort",
          "Aggregate",
          "Gather Merge"
        ]
      ],
      "index_shape": [
        "join"
      ],
      "physical_operator": {
        "Hash Join": [
          0.004898793034300612
        ]
      }
    }
  },
  {
    "query": "-- Functional Query Definition\n-- Approved February 1998\n\n\nselect\no_year,\nsum(case\nwhen nation = 'PERU' then volume\nelse 0\nend) / sum(volume) as mkt_share\nfrom\n(\nselect\nextract(year from o_orderdate) as o_year,\nl_extendedprice * (1 - l_discount) as volume,\nn2.n_name as nation\nfrom\npart,\nsupplier,\nlineitem,\norders,\ncustomer,\nnation n1,\nnation n2,\nregion\nwhere\np_partkey = l_partkey\nand s_suppkey = l_suppkey\nand l_orderkey = o_orderkey\nand o_custkey = c_custkey\nand c_nationkey = n1.n_nationkey\nand n1.n_regionkey = r_regionkey\nand r_name = 'AMERICA'\nand s_nationkey = n2.n_nationkey\nand o_orderdate between date '1995-01-01' and date '1996-12-31'\nand p_type = 'SMALL ANODIZED BRASS'\n) as all_nations\ngroup by\no_year\norder by\no_year ;\n-- $ID$\n-- TPC-H/TPC-R Product Type Profit Measure ",
    "indexes": "supplier.s_nationkey",
    "wo plan est": {
      "Node Type": "Aggregate",
      "Strategy": "Sorted",
      "Partial Mode": "Finalize",
      "Parallel Aware": false,
      "Async Capable": false,
      "Startup Cost": 1955785.01,
      "Total Cost": 1956486.84,
      "Plan Rows": 2406,
      "Plan Width": 64,
      "Group Key": [
        "(EXTRACT(year FROM orders.o_orderdate))"
      ],
      "Plans": [
        {
          "Node Type": "Gather Merge",
          "Parent Relationship": "Outer",
          "Parallel Aware": false,
          "Async Capable": false,
          "Startup Cost": 1955785.01,
          "Total Cost": 1956408.65,
          "Plan Rows": 2406,
          "Plan Width": 96,
          "Workers Planned": 1,
          "Plans": [
            {
              "Node Type": "Aggregate",
              "Strategy": "Sorted",
              "Partial Mode": "Partial",
              "Parent Relationship": "Outer",
              "Parallel Aware": false,
              "Async Capable": false,
              "Startup Cost": 1954785.0,
              "Total Cost": 1955137.96,
              "Plan Rows": 2406,
              "Plan Width": 96,
              "Group Key": [
                "(EXTRACT(year FROM orders.o_orderdate))"
              ],
              "Plans": [
                {
                  "Node Type": "Sort",
                  "Parent Relationship": "Outer",
                  "Parallel Aware": false,
                  "Async Capable": false,
                  "Startup Cost": 1954785.0,
                  "Total Cost": 1954819.54,
                  "Plan Rows": 13816,
                  "Plan Width": 70,
                  "Sort Key": [
                    "(EXTRACT(year FROM orders.o_orderdate))"
                  ],
                  "Plans": [
                    {
                      "Node Type": "Hash Join",
                      "Parent Relationship": "Outer",
                      "Parallel Aware": false,
                      "Async Capable": false,
                      "Join Type": "Inner",
                      "Startup Cost": 1950527.96,
                      "Total Cost": 1953834.87,
                      "Plan Rows": 13816,
                      "Plan Width": 70,
                      "Inner Unique": false,
                      "Hash Cond": "(supplier.s_nationkey = n2.n_nationkey)",
                      "Plans": [
                        {
                          "Node Type": "Hash Join",
                          "Parent Relationship": "Outer",
                          "Parallel Aware": true,
                          "Async Capable": false,
                          "Join Type": "Inner",
                          "Startup Cost": 1950526.4,
                          "Total Cost": 1953608.79,
                          "Plan Rows": 13816,
                          "Plan Width": 20,
                          "Inner Unique": false,
                          "Hash Cond": "(supplier.s_suppkey = lineitem.l_suppkey)",
                          "Plans": [
                            {
                              "Node Type": "Seq Scan",
                              "Parent Relationship": "Outer",
                              "Parallel Aware": true,
                              "Async Capable": false,
                              "Relation Name": "supplier",
                              "Alias": "supplier",
                              "Startup Cost": 0.0,
                              "Total Cost": 2804.24,
                              "Plan Rows": 58824,
                              "Plan Width": 8,
                              "parent": 5,
                              "ID": 6
                            },
                            {
                              "Node Type": "Hash",
                              "Parent Relationship": "Inner",
                              "Parallel Aware": true,
                              "Async Capable": false,
                              "Startup Cost": 1950404.06,
                              "Total Cost": 1950404.06,
                              "Plan Rows": 9787,
                              "Plan Width": 20,
                              "Plans": [
                                {
                                  "Node Type": "Hash Join",
                                  "Parent Relationship": "Outer",
                                  "Parallel Aware": false,
                                  "Async Capable": false,
                                  "Join Type": "Inner",
                                  "Startup Cost": 1905498.74,
                                  "Total Cost": 1950404.06,
                                  "Plan Rows": 9787,
                                  "Plan Width": 20,
                                  "Inner Unique": false,
                                  "Hash Cond": "(customer.c_nationkey = n1.n_nationkey)",
                                  "Plans": [
                                    {
                                      "Node Type": "Hash Join",
                                      "Parent Relationship": "Outer",
                                      "Parallel Aware": true,
                                      "Async Capable": false,
                                      "Join Type": "Inner",
                                      "Startup Cost": 1905496.2,
                                      "Total Cost": 1950120.18,
                                      "Plan Rows": 48932,
                                      "Plan Width": 24,
                                      "Inner Unique": false,
                                      "Hash Cond": "(customer.c_custkey = orders.o_custkey)",
                                      "Plans": [
                                        {
                                          "Node Type": "Seq Scan",
                                          "Parent Relationship": "Outer",
                                          "Parallel Aware": true,
                                          "Async Capable": false,
                                          "Relation Name": "customer",
                                          "Alias": "customer",
                                          "Startup Cost": 0.0,
                                          "Total Cost": 42076.52,
                                          "Plan Rows": 624952,
                                          "Plan Width": 8,
                                          "parent": 9,
                                          "ID": 10
                                        },
                                        {
                                          "Node Type": "Hash",
                                          "Parent Relationship": "Inner",
                                          "Parallel Aware": true,
                                          "Async Capable": false,
                                          "Startup Cost": 1904884.55,
                                          "Total Cost": 1904884.55,
                                          "Plan Rows": 48932,
                                          "Plan Width": 24,
                                          "Plans": [
                                            {
                                              "Node Type": "Hash Join",
                                              "Parent Relationship": "Outer",
                                              "Parallel Aware": true,
                                              "Async Capable": false,
                                              "Join Type": "Inner",
                                              "Startup Cost": 1523283.11,
                                              "Total Cost": 1904884.55,
                                              "Plan Rows": 48932,
                                              "Plan Width": 24,
                                              "Inner Unique": false,
                                              "Hash Cond": "(orders.o_orderkey = lineitem.l_orderkey)",
                                              "Plans": [
                                                {
                                                  "Node Type": "Seq Scan",
                                                  "Parent Relationship": "Outer",
                                                  "Parallel Aware": true,
                                                  "Async Capable": false,
                                                  "Relation Name": "orders",
                                                  "Alias": "orders",
                                                  "Startup Cost": 0.0,
                                                  "Total Cost": 354655.56,
                                                  "Plan Rows": 1909064,
                                                  "Plan Width": 12,
                                                  "Filter": "((o_orderdate >= '1995-01-01'::date) AND (o_orderdate <= '1996-12-31'::date))",
                                                  "parent": 12,
                                                  "ID": 13
                                                },
                                                {
                                                  "Node Type": "Hash",
                                                  "Parent Relationship": "Inner",
                                                  "Parallel Aware": true,
                                                  "Async Capable": false,
                                                  "Startup Cost": 1520341.76,
                                                  "Total Cost": 1520341.76,
                                                  "Plan Rows": 160188,
                                                  "Plan Width": 20,
                                                  "Plans": [
                                                    {
                                                      "Node Type": "Hash Join",
                                                      "Parent Relationship": "Outer",
                                                      "Parallel Aware": true,
                                                      "Async Capable": false,
                                                      "Join Type": "Inner",
                                                      "Startup Cost": 51447.53,
                                                      "Total Cost": 1520341.76,
                                                      "Plan Rows": 160188,
                                                      "Plan Width": 20,
                                                      "Inner Unique": false,
                                                      "Hash Cond": "(lineitem.l_partkey = part.p_partkey)",
                                                      "Plans": [
                                                        {
                                                          "Node Type": "Seq Scan",
                                                          "Parent Relationship": "Outer",
                                                          "Parallel Aware": true,
                                                          "Async Capable": false,
                                                          "Relation Name": "lineitem",
                                                          "Alias": "lineitem",
                                                          "Startup Cost": 0.0,
                                                          "Total Cost": 1374494.57,
                                                          "Plan Rows": 24995257,
                                                          "Plan Width": 24,
                                                          "parent": 15,
                                                          "ID": 16
                                                        },
                                                        {
                                                          "Node Type": "Hash",
                                                          "Parent Relationship": "Inner",
                                                          "Parallel Aware": true,
                                                          "Async Capable": false,
                                                          "Startup Cost": 51378.28,
                                                          "Total Cost": 51378.28,
                                                          "Plan Rows": 5540,
                                                          "Plan Width": 4,
                                                          "Plans": [
                                                            {
                                                              "Node Type": "Seq Scan",
                                                              "Parent Relationship": "Outer",
                                                              "Parallel Aware": true,
                                                              "Async Capable": false,
                                                              "Relation Name": "part",
                                                              "Alias": "part",
                                                              "Startup Cost": 0.0,
                                                              "Total Cost": 51378.28,
                                                              "Plan Rows": 5540,
                                                              "Plan Width": 4,
                                                              "Filter": "((p_type)::text = 'SMALL ANODIZED BRASS'::text)",
                                                              "parent": 17,
                                                              "ID": 18
                                                            }
                                                          ],
                                                          "parent": 15,
                                                          "ID": 17,
                                                          "left": 18
                                                        }
                                                      ],
                                                      "parent": 14,
                                                      "ID": 15,
                                                      "left": 16,
                                                      "right": 17
                                                    }
                                                  ],
                                                  "parent": 12,
                                                  "ID": 14,
                                                  "left": 15
                                                }
                                              ],
                                              "parent": 11,
                                              "ID": 12,
                                              "left": 13,
                                              "right": 14
                                            }
                                          ],
                                          "parent": 9,
                                          "ID": 11,
                                          "left": 12
                                        }
                                      ],
                                      "parent": 8,
                                      "ID": 9,
                                      "left": 10,
                                      "right": 11
                                    },
                                    {
                                      "Node Type": "Hash",
                                      "Parent Relationship": "Inner",
                                      "Parallel Aware": false,
                                      "Async Capable": false,
                                      "Startup Cost": 2.47,
                                      "Total Cost": 2.47,
                                      "Plan Rows": 5,
                                      "Plan Width": 4,
                                      "Plans": [
                                        {
                                          "Node Type": "Hash Join",
                                          "Parent Relationship": "Outer",
                                          "Parallel Aware": false,
                                          "Async Capable": false,
                                          "Join Type": "Inner",
                                          "Startup Cost": 1.07,
                                          "Total Cost": 2.47,
                                          "Plan Rows": 5,
                                          "Plan Width": 4,
                                          "Inner Unique": false,
                                          "Hash Cond": "(n1.n_regionkey = region.r_regionkey)",
                                          "Plans": [
                                            {
                                              "Node Type": "Seq Scan",
                                              "Parent Relationship": "Outer",
                                              "Parallel Aware": false,
                                              "Async Capable": false,
                                              "Relation Name": "nation",
                                              "Alias": "n1",
                                              "Startup Cost": 0.0,
                                              "Total Cost": 1.25,
                                              "Plan Rows": 25,
                                              "Plan Width": 8,
                                              "parent": 20,
                                              "ID": 21
                                            },
                                            {
                                              "Node Type": "Hash",
                                              "Parent Relationship": "Inner",
                                              "Parallel Aware": false,
                                              "Async Capable": false,
                                              "Startup Cost": 1.06,
                                              "Total Cost": 1.06,
                                              "Plan Rows": 1,
                                              "Plan Width": 4,
                                              "Plans": [
                                                {
                                                  "Node Type": "Seq Scan",
                                                  "Parent Relationship": "Outer",
                                                  "Parallel Aware": false,
                                                  "Async Capable": false,
                                                  "Relation Name": "region",
                                                  "Alias": "region",
                                                  "Startup Cost": 0.0,
                                                  "Total Cost": 1.06,
                                                  "Plan Rows": 1,
                                                  "Plan Width": 4,
                                                  "Filter": "(r_name = 'AMERICA'::bpchar)",
                                                  "parent": 22,
                                                  "ID": 23
                                                }
                                              ],
                                              "parent": 20,
                                              "ID": 22,
                                              "left": 23
                                            }
                                          ],
                                          "parent": 19,
                                          "ID": 20,
                                          "left": 21,
                                          "right": 22
                                        }
                                      ],
                                      "parent": 8,
                                      "ID": 19,
                                      "left": 20
                                    }
                                  ],
                                  "parent": 7,
                                  "ID": 8,
                                  "left": 9,
                                  "right": 19
                                }
                              ],
                              "parent": 5,
                              "ID": 7,
                              "left": 8
                            }
                          ],
                          "parent": 4,
                          "ID": 5,
                          "left": 6,
                          "right": 7
                        },
                        {
                          "Node Type": "Hash",
                          "Parent Relationship": "Inner",
                          "Parallel Aware": false,
                          "Async Capable": false,
                          "Startup Cost": 1.25,
                          "Total Cost": 1.25,
                          "Plan Rows": 25,
                          "Plan Width": 30,
                          "Plans": [
                            {
                              "Node Type": "Seq Scan",
                              "Parent Relationship": "Outer",
                              "Parallel Aware": false,
                              "Async Capable": false,
                              "Relation Name": "nation",
                              "Alias": "n2",
                              "Startup Cost": 0.0,
                              "Total Cost": 1.25,
                              "Plan Rows": 25,
                              "Plan Width": 30,
                              "parent": 24,
                              "ID": 25
                            }
                          ],
                          "parent": 4,
                          "ID": 24,
                          "left": 25
                        }
                      ],
                      "parent": 3,
                      "ID": 4,
                      "left": 5,
                      "right": 24
                    }
                  ],
                  "parent": 2,
                  "ID": 3,
                  "left": 4
                }
              ],
              "parent": 1,
              "ID": 2,
              "left": 3
            }
          ],
          "parent": 0,
          "ID": 1,
          "left": 2
        }
      ],
      "parent": null,
      "ID": 0,
      "left": 1
    },
    "feat": {
      "utility": 5.111202281329937e-07,
      "query_shape": [
        [
          "Seq Scan",
          "Hash Join",
          "Sort",
          "Aggregate",
          "Gather Merge"
        ],
        [
          "Seq Scan",
          "Hash Join",
          "Hash",
          "Sort",
          "Aggregate",
          "Gather Merge"
        ],
        [
          "Seq Scan",
          "Hash Join",
          "Hash",
          "Sort",
          "Aggregate",
          "Gather Merge"
        ],
        [
          "Seq Scan",
          "Hash Join",
          "Hash",
          "Sort",
          "Aggregate",
          "Gather Merge"
        ],
        [
          "Seq Scan",
          "Hash",
          "Hash Join",
          "Sort",
          "Aggregate",
          "Gather Merge"
        ],
        [
          "Seq Scan",
          "Hash Join",
          "Hash",
          "Sort",
          "Aggregate",
          "Gather Merge"
        ],
        [
          "Seq Scan",
          "Hash",
          "Hash Join",
          "Sort",
          "Aggregate",
          "Gather Merge"
        ],
        [
          "Seq Scan",
          "Hash",
          "Hash Join",
          "Sort",
          "Aggregate",
          "Gather Merge"
        ]
      ],
      "index_shape": [
        "join"
      ],
      "physical_operator": {
        "Hash Join": [
          0.2
        ]
      }
    }
  },
  {
    "query": "-- Functional Query Definition\n-- Approved February 1998\n\n\nselect\nsum(l_extendedprice* (1 - l_discount)) as revenue\nfrom\nlineitem,\npart\nwhere\n(\np_partkey = l_partkey\nand p_brand = 'Brand#23'\nand p_container in ('SM CASE', 'SM BOX', 'SM PACK', 'SM PKG')\nand l_quantity >= 8 and l_quantity <= 8 + 10\nand p_size between 1 and 5\nand l_shipmode in ('AIR', 'AIR REG')\nand l_shipinstruct = 'DELIVER IN PERSON'\n)\nor\n(\np_partkey = l_partkey\nand p_brand = 'Brand#13'\nand p_container in ('MED BAG', 'MED BOX', 'MED PKG', 'MED PACK')\nand l_quantity >= 19 and l_quantity <= 19 + 10\nand p_size between 1 and 10\nand l_shipmode in ('AIR', 'AIR REG')\nand l_shipinstruct = 'DELIVER IN PERSON'\n)\nor\n(\np_partkey = l_partkey\nand p_brand = 'Brand#23'\nand p_container in ('LG CASE', 'LG BOX', 'LG PACK', 'LG PKG')\nand l_quantity >= 26 and l_quantity <= 26 + 10\nand p_size between 1 and 15\nand l_shipmode in ('AIR', 'AIR REG')\nand l_shipinstruct = 'DELIVER IN PERSON'\n) ;\n-- $ID$\n-- TPC-H/TPC-R Potential Part Promotion ",
    "indexes": "lineitem.l_partkey",
    "wo plan est": {
      "Node Type": "Aggregate",
      "Strategy": "Plain",
      "Partial Mode": "Finalize",
      "Parallel Aware": false,
      "Async Capable": false,
      "Startup Cost": 1953632.51,
      "Total Cost": 1953632.52,
      "Plan Rows": 1,
      "Plan Width": 32,
      "Plans": [
        {
          "Node Type": "Gather",
          "Parent Relationship": "Outer",
          "Parallel Aware": false,
          "Async Capable": false,
          "Startup Cost": 1953632.29,
          "Total Cost": 1953632.5,
          "Plan Rows": 2,
          "Plan Width": 32,
          "Workers Planned": 2,
          "Single Copy": false,
          "Plans": [
            {
              "Node Type": "Aggregate",
              "Strategy": "Plain",
              "Partial Mode": "Partial",
              "Parent Relationship": "Outer",
              "Parallel Aware": false,
              "Async Capable": false,
              "Startup Cost": 1952632.29,
              "Total Cost": 1952632.3,
              "Plan Rows": 1,
              "Plan Width": 32,
              "Plans": [
                {
                  "Node Type": "Hash Join",
                  "Parent Relationship": "Outer",
                  "Parallel Aware": true,
                  "Async Capable": false,
                  "Join Type": "Inner",
                  "Startup Cost": 76402.17,
                  "Total Cost": 1952628.82,
                  "Plan Rows": 462,
                  "Plan Width": 12,
                  "Inner Unique": false,
                  "Hash Cond": "(lineitem.l_partkey = part.p_partkey)",
                  "Join Filter": "(((part.p_brand = 'Brand#23'::bpchar) AND (part.p_container = ANY ('{\"SM CASE\",\"SM BOX\",\"SM PACK\",\"SM PKG\"}'::bpchar[])) AND (lineitem.l_quantity >= '8'::numeric) AND (lineitem.l_quantity <= '18'::numeric) AND (part.p_size <= 5)) OR ((part.p_brand = 'Brand#13'::bpchar) AND (part.p_container = ANY ('{\"MED BAG\",\"MED BOX\",\"MED PKG\",\"MED PACK\"}'::bpchar[])) AND (lineitem.l_quantity >= '19'::numeric) AND (lineitem.l_quantity <= '29'::numeric) AND (part.p_size <= 10)) OR ((part.p_brand = 'Brand#23'::bpchar) AND (part.p_container = ANY ('{\"LG CASE\",\"LG BOX\",\"LG PACK\",\"LG PKG\"}'::bpchar[])) AND (lineitem.l_quantity >= '26'::numeric) AND (lineitem.l_quantity <= '36'::numeric) AND (part.p_size <= 15)))",
                  "Plans": [
                    {
                      "Node Type": "Seq Scan",
                      "Parent Relationship": "Outer",
                      "Parallel Aware": true,
                      "Async Capable": false,
                      "Relation Name": "lineitem",
                      "Alias": "lineitem",
                      "Startup Cost": 0.0,
                      "Total Cost": 1874399.7,
                      "Plan Rows": 480441,
                      "Plan Width": 21,
                      "Filter": "((l_shipmode = ANY ('{AIR,\"AIR REG\"}'::bpchar[])) AND (l_shipinstruct = 'DELIVER IN PERSON'::bpchar) AND (((l_quantity >= '8'::numeric) AND (l_quantity <= '18'::numeric)) OR ((l_quantity >= '19'::numeric) AND (l_quantity <= '29'::numeric)) OR ((l_quantity >= '26'::numeric) AND (l_quantity <= '36'::numeric))))",
                      "parent": 3,
                      "ID": 4
                    },
                    {
                      "Node Type": "Hash",
                      "Parent Relationship": "Inner",
                      "Parallel Aware": true,
                      "Async Capable": false,
                      "Startup Cost": 76377.36,
                      "Total Cost": 76377.36,
                      "Plan Rows": 1985,
                      "Plan Width": 30,
                      "Plans": [
                        {
                          "Node Type": "Seq Scan",
                          "Parent Relationship": "Outer",
                          "Parallel Aware": true,
                          "Async Capable": false,
                          "Relation Name": "part",
                          "Alias": "part",
                          "Startup Cost": 0.0,
                          "Total Cost": 76377.36,
                          "Plan Rows": 1985,
                          "Plan Width": 30,
                          "Filter": "((p_size >= 1) AND (((p_brand = 'Brand#23'::bpchar) AND (p_container = ANY ('{\"SM CASE\",\"SM BOX\",\"SM PACK\",\"SM PKG\"}'::bpchar[])) AND (p_size <= 5)) OR ((p_brand = 'Brand#13'::bpchar) AND (p_container = ANY ('{\"MED BAG\",\"MED BOX\",\"MED PKG\",\"MED PACK\"}'::bpchar[])) AND (p_size <= 10)) OR ((p_brand = 'Brand#23'::bpchar) AND (p_container = ANY ('{\"LG CASE\",\"LG BOX\",\"LG PACK\",\"LG PKG\"}'::bpchar[])) AND (p_size <= 15))))",
                          "parent": 5,
                          "ID": 6
                        }
                      ],
                      "parent": 3,
                      "ID": 5,
                      "left": 6
                    }
                  ],
                  "parent": 2,
                  "ID": 3,
                  "left": 4,
                  "right": 5
                }
              ],
              "parent": 1,
              "ID": 2,
              "left": 3
            }
          ],
          "parent": 0,
          "ID": 1,
          "left": 2
        }
      ],
      "parent": null,
      "ID": 0,
      "left": 1
    },
    "feat": {
      "utility": 0.03906783858947451,
      "query_shape": [
        [
          "Seq Scan",
          "Hash Join",
          "Aggregate",
          "Gather"
        ],
        [
          "Seq Scan",
          "Hash",
          "Hash Join",
          "Aggregate",
          "Gather"
        ]
      ],
      "index_shape": [
        "join"
      ],
      "physical_operator": {
        "Hash Join": [
          0.0006960183684231108
        ]
      }
    }
  },
  {
    "query": "-- Functional Query Definition\n-- Approved February 1998\n\n\nselect\nsum(l_extendedprice* (1 - l_discount)) as revenue\nfrom\nlineitem,\npart\nwhere\n(\np_partkey = l_partkey\nand p_brand = 'Brand#23'\nand p_container in ('SM CASE', 'SM BOX', 'SM PACK', 'SM PKG')\nand l_quantity >= 8 and l_quantity <= 8 + 10\nand p_size between 1 and 5\nand l_shipmode in ('AIR', 'AIR REG')\nand l_shipinstruct = 'DELIVER IN PERSON'\n)\nor\n(\np_partkey = l_partkey\nand p_brand = 'Brand#13'\nand p_container in ('MED BAG', 'MED BOX', 'MED PKG', 'MED PACK')\nand l_quantity >= 19 and l_quantity <= 19 + 10\nand p_size between 1 and 10\nand l_shipmode in ('AIR', 'AIR REG')\nand l_shipinstruct = 'DELIVER IN PERSON'\n)\nor\n(\np_partkey = l_partkey\nand p_brand = 'Brand#23'\nand p_container in ('LG CASE', 'LG BOX', 'LG PACK', 'LG PKG')\nand l_quantity >= 26 and l_quantity <= 26 + 10\nand p_size between 1 and 15\nand l_shipmode in ('AIR', 'AIR REG')\nand l_shipinstruct = 'DELIVER IN PERSON'\n) ;\n-- $ID$\n-- TPC-H/TPC-R Potential Part Promotion ",
    "indexes": "lineitem.l_quantity",
    "wo plan est": {
      "Node Type": "Aggregate",
      "Strategy": "Plain",
      "Partial Mode": "Finalize",
      "Parallel Aware": false,
      "Async Capable": false,
      "Startup Cost": 1953632.51,
      "Total Cost": 1953632.52,
      "Plan Rows": 1,
      "Plan Width": 32,
      "Plans": [
        {
          "Node Type": "Gather",
          "Parent Relationship": "Outer",
          "Parallel Aware": false,
          "Async Capable": false,
          "Startup Cost": 1953632.29,
          "Total Cost": 1953632.5,
          "Plan Rows": 2,
          "Plan Width": 32,
          "Workers Planned": 2,
          "Single Copy": false,
          "Plans": [
            {
              "Node Type": "Aggregate",
              "Strategy": "Plain",
              "Partial Mode": "Partial",
              "Parent Relationship": "Outer",
              "Parallel Aware": false,
              "Async Capable": false,
              "Startup Cost": 1952632.29,
              "Total Cost": 1952632.3,
              "Plan Rows": 1,
              "Plan Width": 32,
              "Plans": [
                {
                  "Node Type": "Hash Join",
                  "Parent Relationship": "Outer",
                  "Parallel Aware": true,
                  "Async Capable": false,
                  "Join Type": "Inner",
                  "Startup Cost": 76402.17,
                  "Total Cost": 1952628.82,
                  "Plan Rows": 462,
                  "Plan Width": 12,
                  "Inner Unique": false,
                  "Hash Cond": "(lineitem.l_partkey = part.p_partkey)",
                  "Join Filter": "(((part.p_brand = 'Brand#23'::bpchar) AND (part.p_container = ANY ('{\"SM CASE\",\"SM BOX\",\"SM PACK\",\"SM PKG\"}'::bpchar[])) AND (lineitem.l_quantity >= '8'::numeric) AND (lineitem.l_quantity <= '18'::numeric) AND (part.p_size <= 5)) OR ((part.p_brand = 'Brand#13'::bpchar) AND (part.p_container = ANY ('{\"MED BAG\",\"MED BOX\",\"MED PKG\",\"MED PACK\"}'::bpchar[])) AND (lineitem.l_quantity >= '19'::numeric) AND (lineitem.l_quantity <= '29'::numeric) AND (part.p_size <= 10)) OR ((part.p_brand = 'Brand#23'::bpchar) AND (part.p_container = ANY ('{\"LG CASE\",\"LG BOX\",\"LG PACK\",\"LG PKG\"}'::bpchar[])) AND (lineitem.l_quantity >= '26'::numeric) AND (lineitem.l_quantity <= '36'::numeric) AND (part.p_size <= 15)))",
                  "Plans": [
                    {
                      "Node Type": "Seq Scan",
                      "Parent Relationship": "Outer",
                      "Parallel Aware": true,
                      "Async Capable": false,
                      "Relation Name": "lineitem",
                      "Alias": "lineitem",
                      "Startup Cost": 0.0,
                      "Total Cost": 1874399.7,
                      "Plan Rows": 480441,
                      "Plan Width": 21,
                      "Filter": "((l_shipmode = ANY ('{AIR,\"AIR REG\"}'::bpchar[])) AND (l_shipinstruct = 'DELIVER IN PERSON'::bpchar) AND (((l_quantity >= '8'::numeric) AND (l_quantity <= '18'::numeric)) OR ((l_quantity >= '19'::numeric) AND (l_quantity <= '29'::numeric)) OR ((l_quantity >= '26'::numeric) AND (l_quantity <= '36'::numeric))))",
                      "parent": 3,
                      "ID": 4
                    },
                    {
                      "Node Type": "Hash",
                      "Parent Relationship": "Inner",
                      "Parallel Aware": true,
                      "Async Capable": false,
                      "Startup Cost": 76377.36,
                      "Total Cost": 76377.36,
                      "Plan Rows": 1985,
                      "Plan Width": 30,
                      "Plans": [
                        {
                          "Node Type": "Seq Scan",
                          "Parent Relationship": "Outer",
                          "Parallel Aware": true,
                          "Async Capable": false,
                          "Relation Name": "part",
                          "Alias": "part",
                          "Startup Cost": 0.0,
                          "Total Cost": 76377.36,
                          "Plan Rows": 1985,
                          "Plan Width": 30,
                          "Filter": "((p_size >= 1) AND (((p_brand = 'Brand#23'::bpchar) AND (p_container = ANY ('{\"SM CASE\",\"SM BOX\",\"SM PACK\",\"SM PKG\"}'::bpchar[])) AND (p_size <= 5)) OR ((p_brand = 'Brand#13'::bpchar) AND (p_container = ANY ('{\"MED BAG\",\"MED BOX\",\"MED PKG\",\"MED PACK\"}'::bpchar[])) AND (p_size <= 10)) OR ((p_brand = 'Brand#23'::bpchar) AND (p_container = ANY ('{\"LG CASE\",\"LG BOX\",\"LG PACK\",\"LG PKG\"}'::bpchar[])) AND (p_size <= 15))))",
                          "parent": 5,
                          "ID": 6
                        }
                      ],
                      "parent": 3,
                      "ID": 5,
                      "left": 6
                    }
                  ],
                  "parent": 2,
                  "ID": 3,
                  "left": 4,
                  "right": 5
                }
              ],
              "parent": 1,
              "ID": 2,
              "left": 3
            }
          ],
          "parent": 0,
          "ID": 1,
          "left": 2
        }
      ],
      "parent": null,
      "ID": 0,
      "left": 1
    },
    "feat": {
      "utility": 0.990828574821591,
      "query_shape": [
        [
          "Seq Scan",
          "Hash Join",
          "Aggregate",
          "Gather"
        ],
        [
          "Seq Scan",
          "Hash",
          "Hash Join",
          "Aggregate",
          "Gather"
        ]
      ],
      "index_shape": [
        "join"
      ],
      "physical_operator": {
        "Seq Scan": [
          0.008007349999999969
        ],
        "Hash Join": [
          0.0006960183684231108
        ]
      }
    }
  },
  {
    "query": "-- Functional Query Definition\n-- Approved February 1998\n\n\nselect\nsum(l_extendedprice* (1 - l_discount)) as revenue\nfrom\nlineitem,\npart\nwhere\n(\np_partkey = l_partkey\nand p_brand = 'Brand#23'\nand p_container in ('SM CASE', 'SM BOX', 'SM PACK', 'SM PKG')\nand l_quantity >= 8 and l_quantity <= 8 + 10\nand p_size between 1 and 5\nand l_shipmode in ('AIR', 'AIR REG')\nand l_shipinstruct = 'DELIVER IN PERSON'\n)\nor\n(\np_partkey = l_partkey\nand p_brand = 'Brand#13'\nand p_container in ('MED BAG', 'MED BOX', 'MED PKG', 'MED PACK')\nand l_quantity >= 19 and l_quantity <= 19 + 10\nand p_size between 1 and 10\nand l_shipmode in ('AIR', 'AIR REG')\nand l_shipinstruct = 'DELIVER IN PERSON'\n)\nor\n(\np_partkey = l_partkey\nand p_brand = 'Brand#23'\nand p_container in ('LG CASE', 'LG BOX', 'LG PACK', 'LG PKG')\nand l_quantity >= 26 and l_quantity <= 26 + 10\nand p_size between 1 and 15\nand l_shipmode in ('AIR', 'AIR REG')\nand l_shipinstruct = 'DELIVER IN PERSON'\n) ;\n-- $ID$\n-- TPC-H/TPC-R Potential Part Promotion ",
    "indexes": "lineitem.l_extendedprice",
    "wo plan est": {
      "Node Type": "Aggregate",
      "Strategy": "Plain",
      "Partial Mode": "Finalize",
      "Parallel Aware": false,
      "Async Capable": false,
      "Startup Cost": 1953632.51,
      "Total Cost": 1953632.52,
      "Plan Rows": 1,
      "Plan Width": 32,
      "Plans": [
        {
          "Node Type": "Gather",
          "Parent Relationship": "Outer",
          "Parallel Aware": false,
          "Async Capable": false,
          "Startup Cost": 1953632.29,
          "Total Cost": 1953632.5,
          "Plan Rows": 2,
          "Plan Width": 32,
          "Workers Planned": 2,
          "Single Copy": false,
          "Plans": [
            {
              "Node Type": "Aggregate",
              "Strategy": "Plain",
              "Partial Mode": "Partial",
              "Parent Relationship": "Outer",
              "Parallel Aware": false,
              "Async Capable": false,
              "Startup Cost": 1952632.29,
              "Total Cost": 1952632.3,
              "Plan Rows": 1,
              "Plan Width": 32,
              "Plans": [
                {
                  "Node Type": "Hash Join",
                  "Parent Relationship": "Outer",
                  "Parallel Aware": true,
                  "Async Capable": false,
                  "Join Type": "Inner",
                  "Startup Cost": 76402.17,
                  "Total Cost": 1952628.82,
                  "Plan Rows": 462,
                  "Plan Width": 12,
                  "Inner Unique": false,
                  "Hash Cond": "(lineitem.l_partkey = part.p_partkey)",
                  "Join Filter": "(((part.p_brand = 'Brand#23'::bpchar) AND (part.p_container = ANY ('{\"SM CASE\",\"SM BOX\",\"SM PACK\",\"SM PKG\"}'::bpchar[])) AND (lineitem.l_quantity >= '8'::numeric) AND (lineitem.l_quantity <= '18'::numeric) AND (part.p_size <= 5)) OR ((part.p_brand = 'Brand#13'::bpchar) AND (part.p_container = ANY ('{\"MED BAG\",\"MED BOX\",\"MED PKG\",\"MED PACK\"}'::bpchar[])) AND (lineitem.l_quantity >= '19'::numeric) AND (lineitem.l_quantity <= '29'::numeric) AND (part.p_size <= 10)) OR ((part.p_brand = 'Brand#23'::bpchar) AND (part.p_container = ANY ('{\"LG CASE\",\"LG BOX\",\"LG PACK\",\"LG PKG\"}'::bpchar[])) AND (lineitem.l_quantity >= '26'::numeric) AND (lineitem.l_quantity <= '36'::numeric) AND (part.p_size <= 15)))",
                  "Plans": [
                    {
                      "Node Type": "Seq Scan",
                      "Parent Relationship": "Outer",
                      "Parallel Aware": true,
                      "Async Capable": false,
                      "Relation Name": "lineitem",
                      "Alias": "lineitem",
                      "Startup Cost": 0.0,
                      "Total Cost": 1874399.7,
                      "Plan Rows": 480441,
                      "Plan Width": 21,
                      "Filter": "((l_shipmode = ANY ('{AIR,\"AIR REG\"}'::bpchar[])) AND (l_shipinstruct = 'DELIVER IN PERSON'::bpchar) AND (((l_quantity >= '8'::numeric) AND (l_quantity <= '18'::numeric)) OR ((l_quantity >= '19'::numeric) AND (l_quantity <= '29'::numeric)) OR ((l_quantity >= '26'::numeric) AND (l_quantity <= '36'::numeric))))",
                      "parent": 3,
                      "ID": 4
                    },
                    {
                      "Node Type": "Hash",
                      "Parent Relationship": "Inner",
                      "Parallel Aware": true,
                      "Async Capable": false,
                      "Startup Cost": 76377.36,
                      "Total Cost": 76377.36,
                      "Plan Rows": 1985,
                      "Plan Width": 30,
                      "Plans": [
                        {
                          "Node Type": "Seq Scan",
                          "Parent Relationship": "Outer",
                          "Parallel Aware": true,
                          "Async Capable": false,
                          "Relation Name": "part",
                          "Alias": "part",
                          "Startup Cost": 0.0,
                          "Total Cost": 76377.36,
                          "Plan Rows": 1985,
                          "Plan Width": 30,
                          "Filter": "((p_size >= 1) AND (((p_brand = 'Brand#23'::bpchar) AND (p_container = ANY ('{\"SM CASE\",\"SM BOX\",\"SM PACK\",\"SM PKG\"}'::bpchar[])) AND (p_size <= 5)) OR ((p_brand = 'Brand#13'::bpchar) AND (p_container = ANY ('{\"MED BAG\",\"MED BOX\",\"MED PKG\",\"MED PACK\"}'::bpchar[])) AND (p_size <= 10)) OR ((p_brand = 'Brand#23'::bpchar) AND (p_container = ANY ('{\"LG CASE\",\"LG BOX\",\"LG PACK\",\"LG PKG\"}'::bpchar[])) AND (p_size <= 15))))",
                          "parent": 5,
                          "ID": 6
                        }
                      ],
                      "parent": 3,
                      "ID": 5,
                      "left": 6
                    }
                  ],
                  "parent": 2,
                  "ID": 3,
                  "left": 4,
                  "right": 5
                }
              ],
              "parent": 1,
              "ID": 2,
              "left": 3
            }
          ],
          "parent": 0,
          "ID": 1,
          "left": 2
        }
      ],
      "parent": null,
      "ID": 0,
      "left": 1
    },
    "feat": {
      "utility": 0.0,
      "query_shape": [
        [
          "Seq Scan",
          "Hash Join",
          "Aggregate",
          "Gather"
        ],
        [
          "Seq Scan",
          "Hash",
          "Hash Join",
          "Aggregate",
          "Gather"
        ]
      ],
      "index_shape": [],
      "physical_operator": {}
    }
  },
  {
    "query": "-- Functional Query Definition\n-- Approved February 1998\n\n\nselect\nsum(l_extendedprice* (1 - l_discount)) as revenue\nfrom\nlineitem,\npart\nwhere\n(\np_partkey = l_partkey\nand p_brand = 'Brand#23'\nand p_container in ('SM CASE', 'SM BOX', 'SM PACK', 'SM PKG')\nand l_quantity >= 8 and l_quantity <= 8 + 10\nand p_size between 1 and 5\nand l_shipmode in ('AIR', 'AIR REG')\nand l_shipinstruct = 'DELIVER IN PERSON'\n)\nor\n(\np_partkey = l_partkey\nand p_brand = 'Brand#13'\nand p_container in ('MED BAG', 'MED BOX', 'MED PKG', 'MED PACK')\nand l_quantity >= 19 and l_quantity <= 19 + 10\nand p_size between 1 and 10\nand l_shipmode in ('AIR', 'AIR REG')\nand l_shipinstruct = 'DELIVER IN PERSON'\n)\nor\n(\np_partkey = l_partkey\nand p_brand = 'Brand#23'\nand p_container in ('LG CASE', 'LG BOX', 'LG PACK', 'LG PKG')\nand l_quantity >= 26 and l_quantity <= 26 + 10\nand p_size between 1 and 15\nand l_shipmode in ('AIR', 'AIR REG')\nand l_shipinstruct = 'DELIVER IN PERSON'\n) ;\n-- $ID$\n-- TPC-H/TPC-R Potential Part Promotion ",
    "indexes": "lineitem.l_discount",
    "wo plan est": {
      "Node Type": "Aggregate",
      "Strategy": "Plain",
      "Partial Mode": "Finalize",
      "Parallel Aware": false,
      "Async Capable": false,
      "Startup Cost": 1953632.51,
      "Total Cost": 1953632.52,
      "Plan Rows": 1,
      "Plan Width": 32,
      "Plans": [
        {
          "Node Type": "Gather",
          "Parent Relationship": "Outer",
          "Parallel Aware": false,
          "Async Capable": false,
          "Startup Cost": 1953632.29,
          "Total Cost": 1953632.5,
          "Plan Rows": 2,
          "Plan Width": 32,
          "Workers Planned": 2,
          "Single Copy": false,
          "Plans": [
            {
              "Node Type": "Aggregate",
              "Strategy": "Plain",
              "Partial Mode": "Partial",
              "Parent Relationship": "Outer",
              "Parallel Aware": false,
              "Async Capable": false,
              "Startup Cost": 1952632.29,
              "Total Cost": 1952632.3,
              "Plan Rows": 1,
              "Plan Width": 32,
              "Plans": [
                {
                  "Node Type": "Hash Join",
                  "Parent Relationship": "Outer",
                  "Parallel Aware": true,
                  "Async Capable": false,
                  "Join Type": "Inner",
                  "Startup Cost": 76402.17,
                  "Total Cost": 1952628.82,
                  "Plan Rows": 462,
                  "Plan Width": 12,
                  "Inner Unique": false,
                  "Hash Cond": "(lineitem.l_partkey = part.p_partkey)",
                  "Join Filter": "(((part.p_brand = 'Brand#23'::bpchar) AND (part.p_container = ANY ('{\"SM CASE\",\"SM BOX\",\"SM PACK\",\"SM PKG\"}'::bpchar[])) AND (lineitem.l_quantity >= '8'::numeric) AND (lineitem.l_quantity <= '18'::numeric) AND (part.p_size <= 5)) OR ((part.p_brand = 'Brand#13'::bpchar) AND (part.p_container = ANY ('{\"MED BAG\",\"MED BOX\",\"MED PKG\",\"MED PACK\"}'::bpchar[])) AND (lineitem.l_quantity >= '19'::numeric) AND (lineitem.l_quantity <= '29'::numeric) AND (part.p_size <= 10)) OR ((part.p_brand = 'Brand#23'::bpchar) AND (part.p_container = ANY ('{\"LG CASE\",\"LG BOX\",\"LG PACK\",\"LG PKG\"}'::bpchar[])) AND (lineitem.l_quantity >= '26'::numeric) AND (lineitem.l_quantity <= '36'::numeric) AND (part.p_size <= 15)))",
                  "Plans": [
                    {
                      "Node Type": "Seq Scan",
                      "Parent Relationship": "Outer",
                      "Parallel Aware": true,
                      "Async Capable": false,
                      "Relation Name": "lineitem",
                      "Alias": "lineitem",
                      "Startup Cost": 0.0,
                      "Total Cost": 1874399.7,
                      "Plan Rows": 480441,
                      "Plan Width": 21,
                      "Filter": "((l_shipmode = ANY ('{AIR,\"AIR REG\"}'::bpchar[])) AND (l_shipinstruct = 'DELIVER IN PERSON'::bpchar) AND (((l_quantity >= '8'::numeric) AND (l_quantity <= '18'::numeric)) OR ((l_quantity >= '19'::numeric) AND (l_quantity <= '29'::numeric)) OR ((l_quantity >= '26'::numeric) AND (l_quantity <= '36'::numeric))))",
                      "parent": 3,
                      "ID": 4
                    },
                    {
                      "Node Type": "Hash",
                      "Parent Relationship": "Inner",
                      "Parallel Aware": true,
                      "Async Capable": false,
                      "Startup Cost": 76377.36,
                      "Total Cost": 76377.36,
                      "Plan Rows": 1985,
                      "Plan Width": 30,
                      "Plans": [
                        {
                          "Node Type": "Seq Scan",
                          "Parent Relationship": "Outer",
                          "Parallel Aware": true,
                          "Async Capable": false,
                          "Relation Name": "part",
                          "Alias": "part",
                          "Startup Cost": 0.0,
                          "Total Cost": 76377.36,
                          "Plan Rows": 1985,
                          "Plan Width": 30,
                          "Filter": "((p_size >= 1) AND (((p_brand = 'Brand#23'::bpchar) AND (p_container = ANY ('{\"SM CASE\",\"SM BOX\",\"SM PACK\",\"SM PKG\"}'::bpchar[])) AND (p_size <= 5)) OR ((p_brand = 'Brand#13'::bpchar) AND (p_container = ANY ('{\"MED BAG\",\"MED BOX\",\"MED PKG\",\"MED PACK\"}'::bpchar[])) AND (p_size <= 10)) OR ((p_brand = 'Brand#23'::bpchar) AND (p_container = ANY ('{\"LG CASE\",\"LG BOX\",\"LG PACK\",\"LG PKG\"}'::bpchar[])) AND (p_size <= 15))))",
                          "parent": 5,
                          "ID": 6
                        }
                      ],
                      "parent": 3,
                      "ID": 5,
                      "left": 6
                    }
                  ],
                  "parent": 2,
                  "ID": 3,
                  "left": 4,
                  "right": 5
                }
              ],
              "parent": 1,
              "ID": 2,
              "left": 3
            }
          ],
          "parent": 0,
          "ID": 1,
          "left": 2
        }
      ],
      "parent": null,
      "ID": 0,
      "left": 1
    },
    "feat": {
      "utility": 0.0,
      "query_shape": [
        [
          "Seq Scan",
          "Hash Join",
          "Aggregate",
          "Gather"
        ],
        [
          "Seq Scan",
          "Hash",
          "Hash Join",
          "Aggregate",
          "Gather"
        ]
      ],
      "index_shape": [],
      "physical_operator": {}
    }
  },
  {
    "query": "-- Functional Query Definition\n-- Approved February 1998\n\n\nselect\nsum(l_extendedprice* (1 - l_discount)) as revenue\nfrom\nlineitem,\npart\nwhere\n(\np_partkey = l_partkey\nand p_brand = 'Brand#23'\nand p_container in ('SM CASE', 'SM BOX', 'SM PACK', 'SM PKG')\nand l_quantity >= 8 and l_quantity <= 8 + 10\nand p_size between 1 and 5\nand l_shipmode in ('AIR', 'AIR REG')\nand l_shipinstruct = 'DELIVER IN PERSON'\n)\nor\n(\np_partkey = l_partkey\nand p_brand = 'Brand#13'\nand p_container in ('MED BAG', 'MED BOX', 'MED PKG', 'MED PACK')\nand l_quantity >= 19 and l_quantity <= 19 + 10\nand p_size between 1 and 10\nand l_shipmode in ('AIR', 'AIR REG')\nand l_shipinstruct = 'DELIVER IN PERSON'\n)\nor\n(\np_partkey = l_partkey\nand p_brand = 'Brand#23'\nand p_container in ('LG CASE', 'LG BOX', 'LG PACK', 'LG PKG')\nand l_quantity >= 26 and l_quantity <= 26 + 10\nand p_size between 1 and 15\nand l_shipmode in ('AIR', 'AIR REG')\nand l_shipinstruct = 'DELIVER IN PERSON'\n) ;\n-- $ID$\n-- TPC-H/TPC-R Potential Part Promotion ",
    "indexes": "lineitem.l_shipinstruct",
    "wo plan est": {
      "Node Type": "Aggregate",
      "Strategy": "Plain",
      "Partial Mode": "Finalize",
      "Parallel Aware": false,
      "Async Capable": false,
      "Startup Cost": 1953632.51,
      "Total Cost": 1953632.52,
      "Plan Rows": 1,
      "Plan Width": 32,
      "Plans": [
        {
          "Node Type": "Gather",
          "Parent Relationship": "Outer",
          "Parallel Aware": false,
          "Async Capable": false,
          "Startup Cost": 1953632.29,
          "Total Cost": 1953632.5,
          "Plan Rows": 2,
          "Plan Width": 32,
          "Workers Planned": 2,
          "Single Copy": false,
          "Plans": [
            {
              "Node Type": "Aggregate",
              "Strategy": "Plain",
              "Partial Mode": "Partial",
              "Parent Relationship": "Outer",
              "Parallel Aware": false,
              "Async Capable": false,
              "Startup Cost": 1952632.29,
              "Total Cost": 1952632.3,
              "Plan Rows": 1,
              "Plan Width": 32,
              "Plans": [
                {
                  "Node Type": "Hash Join",
                  "Parent Relationship": "Outer",
                  "Parallel Aware": true,
                  "Async Capable": false,
                  "Join Type": "Inner",
                  "Startup Cost": 76402.17,
                  "Total Cost": 1952628.82,
                  "Plan Rows": 462,
                  "Plan Width": 12,
                  "Inner Unique": false,
                  "Hash Cond": "(lineitem.l_partkey = part.p_partkey)",
                  "Join Filter": "(((part.p_brand = 'Brand#23'::bpchar) AND (part.p_container = ANY ('{\"SM CASE\",\"SM BOX\",\"SM PACK\",\"SM PKG\"}'::bpchar[])) AND (lineitem.l_quantity >= '8'::numeric) AND (lineitem.l_quantity <= '18'::numeric) AND (part.p_size <= 5)) OR ((part.p_brand = 'Brand#13'::bpchar) AND (part.p_container = ANY ('{\"MED BAG\",\"MED BOX\",\"MED PKG\",\"MED PACK\"}'::bpchar[])) AND (lineitem.l_quantity >= '19'::numeric) AND (lineitem.l_quantity <= '29'::numeric) AND (part.p_size <= 10)) OR ((part.p_brand = 'Brand#23'::bpchar) AND (part.p_container = ANY ('{\"LG CASE\",\"LG BOX\",\"LG PACK\",\"LG PKG\"}'::bpchar[])) AND (lineitem.l_quantity >= '26'::numeric) AND (lineitem.l_quantity <= '36'::numeric) AND (part.p_size <= 15)))",
                  "Plans": [
                    {
                      "Node Type": "Seq Scan",
                      "Parent Relationship": "Outer",
                      "Parallel Aware": true,
                      "Async Capable": false,
                      "Relation Name": "lineitem",
                      "Alias": "lineitem",
                      "Startup Cost": 0.0,
                      "Total Cost": 1874399.7,
                      "Plan Rows": 480441,
                      "Plan Width": 21,
                      "Filter": "((l_shipmode = ANY ('{AIR,\"AIR REG\"}'::bpchar[])) AND (l_shipinstruct = 'DELIVER IN PERSON'::bpchar) AND (((l_quantity >= '8'::numeric) AND (l_quantity <= '18'::numeric)) OR ((l_quantity >= '19'::numeric) AND (l_quantity <= '29'::numeric)) OR ((l_quantity >= '26'::numeric) AND (l_quantity <= '36'::numeric))))",
                      "parent": 3,
                      "ID": 4
                    },
                    {
                      "Node Type": "Hash",
                      "Parent Relationship": "Inner",
                      "Parallel Aware": true,
                      "Async Capable": false,
                      "Startup Cost": 76377.36,
                      "Total Cost": 76377.36,
                      "Plan Rows": 1985,
                      "Plan Width": 30,
                      "Plans": [
                        {
                          "Node Type": "Seq Scan",
                          "Parent Relationship": "Outer",
                          "Parallel Aware": true,
                          "Async Capable": false,
                          "Relation Name": "part",
                          "Alias": "part",
                          "Startup Cost": 0.0,
                          "Total Cost": 76377.36,
                          "Plan Rows": 1985,
                          "Plan Width": 30,
                          "Filter": "((p_size >= 1) AND (((p_brand = 'Brand#23'::bpchar) AND (p_container = ANY ('{\"SM CASE\",\"SM BOX\",\"SM PACK\",\"SM PKG\"}'::bpchar[])) AND (p_size <= 5)) OR ((p_brand = 'Brand#13'::bpchar) AND (p_container = ANY ('{\"MED BAG\",\"MED BOX\",\"MED PKG\",\"MED PACK\"}'::bpchar[])) AND (p_size <= 10)) OR ((p_brand = 'Brand#23'::bpchar) AND (p_container = ANY ('{\"LG CASE\",\"LG BOX\",\"LG PACK\",\"LG PKG\"}'::bpchar[])) AND (p_size <= 15))))",
                          "parent": 5,
                          "ID": 6
                        }
                      ],
                      "parent": 3,
                      "ID": 5,
                      "left": 6
                    }
                  ],
                  "parent": 2,
                  "ID": 3,
                  "left": 4,
                  "right": 5
                }
              ],
              "parent": 1,
              "ID": 2,
              "left": 3
            }
          ],
          "parent": 0,
          "ID": 1,
          "left": 2
        }
      ],
      "parent": null,
      "ID": 0,
      "left": 1
    },
    "feat": {
      "utility": 0.9517607362321165,
      "query_shape": [
        [
          "Seq Scan",
          "Hash Join",
          "Aggregate",
          "Gather"
        ],
        [
          "Seq Scan",
          "Hash",
          "Hash Join",
          "Aggregate",
          "Gather"
        ]
      ],
      "index_shape": [
        "selection"
      ],
      "physical_operator": {
        "Seq Scan": [
          0.008007349999999969
        ]
      }
    }
  },
  {
    "query": "-- Functional Query Definition\n-- Approved February 1998\n\n\nselect\nsum(l_extendedprice* (1 - l_discount)) as revenue\nfrom\nlineitem,\npart\nwhere\n(\np_partkey = l_partkey\nand p_brand = 'Brand#23'\nand p_container in ('SM CASE', 'SM BOX', 'SM PACK', 'SM PKG')\nand l_quantity >= 8 and l_quantity <= 8 + 10\nand p_size between 1 and 5\nand l_shipmode in ('AIR', 'AIR REG')\nand l_shipinstruct = 'DELIVER IN PERSON'\n)\nor\n(\np_partkey = l_partkey\nand p_brand = 'Brand#13'\nand p_container in ('MED BAG', 'MED BOX', 'MED PKG', 'MED PACK')\nand l_quantity >= 19 and l_quantity <= 19 + 10\nand p_size between 1 and 10\nand l_shipmode in ('AIR', 'AIR REG')\nand l_shipinstruct = 'DELIVER IN PERSON'\n)\nor\n(\np_partkey = l_partkey\nand p_brand = 'Brand#23'\nand p_container in ('LG CASE', 'LG BOX', 'LG PACK', 'LG PKG')\nand l_quantity >= 26 and l_quantity <= 26 + 10\nand p_size between 1 and 15\nand l_shipmode in ('AIR', 'AIR REG')\nand l_shipinstruct = 'DELIVER IN PERSON'\n) ;\n-- $ID$\n-- TPC-H/TPC-R Potential Part Promotion ",
    "indexes": "lineitem.l_shipmode",
    "wo plan est": {
      "Node Type": "Aggregate",
      "Strategy": "Plain",
      "Partial Mode": "Finalize",
      "Parallel Aware": false,
      "Async Capable": false,
      "Startup Cost": 1953632.51,
      "Total Cost": 1953632.52,
      "Plan Rows": 1,
      "Plan Width": 32,
      "Plans": [
        {
          "Node Type": "Gather",
          "Parent Relationship": "Outer",
          "Parallel Aware": false,
          "Async Capable": false,
          "Startup Cost": 1953632.29,
          "Total Cost": 1953632.5,
          "Plan Rows": 2,
          "Plan Width": 32,
          "Workers Planned": 2,
          "Single Copy": false,
          "Plans": [
            {
              "Node Type": "Aggregate",
              "Strategy": "Plain",
              "Partial Mode": "Partial",
              "Parent Relationship": "Outer",
              "Parallel Aware": false,
              "Async Capable": false,
              "Startup Cost": 1952632.29,
              "Total Cost": 1952632.3,
              "Plan Rows": 1,
              "Plan Width": 32,
              "Plans": [
                {
                  "Node Type": "Hash Join",
                  "Parent Relationship": "Outer",
                  "Parallel Aware": true,
                  "Async Capable": false,
                  "Join Type": "Inner",
                  "Startup Cost": 76402.17,
                  "Total Cost": 1952628.82,
                  "Plan Rows": 462,
                  "Plan Width": 12,
                  "Inner Unique": false,
                  "Hash Cond": "(lineitem.l_partkey = part.p_partkey)",
                  "Join Filter": "(((part.p_brand = 'Brand#23'::bpchar) AND (part.p_container = ANY ('{\"SM CASE\",\"SM BOX\",\"SM PACK\",\"SM PKG\"}'::bpchar[])) AND (lineitem.l_quantity >= '8'::numeric) AND (lineitem.l_quantity <= '18'::numeric) AND (part.p_size <= 5)) OR ((part.p_brand = 'Brand#13'::bpchar) AND (part.p_container = ANY ('{\"MED BAG\",\"MED BOX\",\"MED PKG\",\"MED PACK\"}'::bpchar[])) AND (lineitem.l_quantity >= '19'::numeric) AND (lineitem.l_quantity <= '29'::numeric) AND (part.p_size <= 10)) OR ((part.p_brand = 'Brand#23'::bpchar) AND (part.p_container = ANY ('{\"LG CASE\",\"LG BOX\",\"LG PACK\",\"LG PKG\"}'::bpchar[])) AND (lineitem.l_quantity >= '26'::numeric) AND (lineitem.l_quantity <= '36'::numeric) AND (part.p_size <= 15)))",
                  "Plans": [
                    {
                      "Node Type": "Seq Scan",
                      "Parent Relationship": "Outer",
                      "Parallel Aware": true,
                      "Async Capable": false,
                      "Relation Name": "lineitem",
                      "Alias": "lineitem",
                      "Startup Cost": 0.0,
                      "Total Cost": 1874399.7,
                      "Plan Rows": 480441,
                      "Plan Width": 21,
                      "Filter": "((l_shipmode = ANY ('{AIR,\"AIR REG\"}'::bpchar[])) AND (l_shipinstruct = 'DELIVER IN PERSON'::bpchar) AND (((l_quantity >= '8'::numeric) AND (l_quantity <= '18'::numeric)) OR ((l_quantity >= '19'::numeric) AND (l_quantity <= '29'::numeric)) OR ((l_quantity >= '26'::numeric) AND (l_quantity <= '36'::numeric))))",
                      "parent": 3,
                      "ID": 4
                    },
                    {
                      "Node Type": "Hash",
                      "Parent Relationship": "Inner",
                      "Parallel Aware": true,
                      "Async Capable": false,
                      "Startup Cost": 76377.36,
                      "Total Cost": 76377.36,
                      "Plan Rows": 1985,
                      "Plan Width": 30,
                      "Plans": [
                        {
                          "Node Type": "Seq Scan",
                          "Parent Relationship": "Outer",
                          "Parallel Aware": true,
                          "Async Capable": false,
                          "Relation Name": "part",
                          "Alias": "part",
                          "Startup Cost": 0.0,
                          "Total Cost": 76377.36,
                          "Plan Rows": 1985,
                          "Plan Width": 30,
                          "Filter": "((p_size >= 1) AND (((p_brand = 'Brand#23'::bpchar) AND (p_container = ANY ('{\"SM CASE\",\"SM BOX\",\"SM PACK\",\"SM PKG\"}'::bpchar[])) AND (p_size <= 5)) OR ((p_brand = 'Brand#13'::bpchar) AND (p_container = ANY ('{\"MED BAG\",\"MED BOX\",\"MED PKG\",\"MED PACK\"}'::bpchar[])) AND (p_size <= 10)) OR ((p_brand = 'Brand#23'::bpchar) AND (p_container = ANY ('{\"LG CASE\",\"LG BOX\",\"LG PACK\",\"LG PKG\"}'::bpchar[])) AND (p_size <= 15))))",
                          "parent": 5,
                          "ID": 6
                        }
                      ],
                      "parent": 3,
                      "ID": 5,
                      "left": 6
                    }
                  ],
                  "parent": 2,
                  "ID": 3,
                  "left": 4,
                  "right": 5
                }
              ],
              "parent": 1,
              "ID": 2,
              "left": 3
            }
          ],
          "parent": 0,
          "ID": 1,
          "left": 2
        }
      ],
      "parent": null,
      "ID": 0,
      "left": 1
    },
    "feat": {
      "utility": 0.9517607362321165,
      "query_shape": [
        [
          "Seq Scan",
          "Hash Join",
          "Aggregate",
          "Gather"
        ],
        [
          "Seq Scan",
          "Hash",
          "Hash Join",
          "Aggregate",
          "Gather"
        ]
      ],
      "index_shape": [
        "selection"
      ],
      "physical_operator": {
        "Seq Scan": [
          0.008007349999999969
        ]
      }
    }
  },
  {
    "query": "-- Functional Query Definition\n-- Approved February 1998\n\n\nselect\nsum(l_extendedprice* (1 - l_discount)) as revenue\nfrom\nlineitem,\npart\nwhere\n(\np_partkey = l_partkey\nand p_brand = 'Brand#23'\nand p_container in ('SM CASE', 'SM BOX', 'SM PACK', 'SM PKG')\nand l_quantity >= 8 and l_quantity <= 8 + 10\nand p_size between 1 and 5\nand l_shipmode in ('AIR', 'AIR REG')\nand l_shipinstruct = 'DELIVER IN PERSON'\n)\nor\n(\np_partkey = l_partkey\nand p_brand = 'Brand#13'\nand p_container in ('MED BAG', 'MED BOX', 'MED PKG', 'MED PACK')\nand l_quantity >= 19 and l_quantity <= 19 + 10\nand p_size between 1 and 10\nand l_shipmode in ('AIR', 'AIR REG')\nand l_shipinstruct = 'DELIVER IN PERSON'\n)\nor\n(\np_partkey = l_partkey\nand p_brand = 'Brand#23'\nand p_container in ('LG CASE', 'LG BOX', 'LG PACK', 'LG PKG')\nand l_quantity >= 26 and l_quantity <= 26 + 10\nand p_size between 1 and 15\nand l_shipmode in ('AIR', 'AIR REG')\nand l_shipinstruct = 'DELIVER IN PERSON'\n) ;\n-- $ID$\n-- TPC-H/TPC-R Potential Part Promotion ",
    "indexes": "part.p_partkey",
    "wo plan est": {
      "Node Type": "Aggregate",
      "Strategy": "Plain",
      "Partial Mode": "Finalize",
      "Parallel Aware": false,
      "Async Capable": false,
      "Startup Cost": 1953632.51,
      "Total Cost": 1953632.52,
      "Plan Rows": 1,
      "Plan Width": 32,
      "Plans": [
        {
          "Node Type": "Gather",
          "Parent Relationship": "Outer",
          "Parallel Aware": false,
          "Async Capable": false,
          "Startup Cost": 1953632.29,
          "Total Cost": 1953632.5,
          "Plan Rows": 2,
          "Plan Width": 32,
          "Workers Planned": 2,
          "Single Copy": false,
          "Plans": [
            {
              "Node Type": "Aggregate",
              "Strategy": "Plain",
              "Partial Mode": "Partial",
              "Parent Relationship": "Outer",
              "Parallel Aware": false,
              "Async Capable": false,
              "Startup Cost": 1952632.29,
              "Total Cost": 1952632.3,
              "Plan Rows": 1,
              "Plan Width": 32,
              "Plans": [
                {
                  "Node Type": "Hash Join",
                  "Parent Relationship": "Outer",
                  "Parallel Aware": true,
                  "Async Capable": false,
                  "Join Type": "Inner",
                  "Startup Cost": 76402.17,
                  "Total Cost": 1952628.82,
                  "Plan Rows": 462,
                  "Plan Width": 12,
                  "Inner Unique": false,
                  "Hash Cond": "(lineitem.l_partkey = part.p_partkey)",
                  "Join Filter": "(((part.p_brand = 'Brand#23'::bpchar) AND (part.p_container = ANY ('{\"SM CASE\",\"SM BOX\",\"SM PACK\",\"SM PKG\"}'::bpchar[])) AND (lineitem.l_quantity >= '8'::numeric) AND (lineitem.l_quantity <= '18'::numeric) AND (part.p_size <= 5)) OR ((part.p_brand = 'Brand#13'::bpchar) AND (part.p_container = ANY ('{\"MED BAG\",\"MED BOX\",\"MED PKG\",\"MED PACK\"}'::bpchar[])) AND (lineitem.l_quantity >= '19'::numeric) AND (lineitem.l_quantity <= '29'::numeric) AND (part.p_size <= 10)) OR ((part.p_brand = 'Brand#23'::bpchar) AND (part.p_container = ANY ('{\"LG CASE\",\"LG BOX\",\"LG PACK\",\"LG PKG\"}'::bpchar[])) AND (lineitem.l_quantity >= '26'::numeric) AND (lineitem.l_quantity <= '36'::numeric) AND (part.p_size <= 15)))",
                  "Plans": [
                    {
                      "Node Type": "Seq Scan",
                      "Parent Relationship": "Outer",
                      "Parallel Aware": true,
                      "Async Capable": false,
                      "Relation Name": "lineitem",
                      "Alias": "lineitem",
                      "Startup Cost": 0.0,
                      "Total Cost": 1874399.7,
                      "Plan Rows": 480441,
                      "Plan Width": 21,
                      "Filter": "((l_shipmode = ANY ('{AIR,\"AIR REG\"}'::bpchar[])) AND (l_shipinstruct = 'DELIVER IN PERSON'::bpchar) AND (((l_quantity >= '8'::numeric) AND (l_quantity <= '18'::numeric)) OR ((l_quantity >= '19'::numeric) AND (l_quantity <= '29'::numeric)) OR ((l_quantity >= '26'::numeric) AND (l_quantity <= '36'::numeric))))",
                      "parent": 3,
                      "ID": 4
                    },
                    {
                      "Node Type": "Hash",
                      "Parent Relationship": "Inner",
                      "Parallel Aware": true,
                      "Async Capable": false,
                      "Startup Cost": 76377.36,
                      "Total Cost": 76377.36,
                      "Plan Rows": 1985,
                      "Plan Width": 30,
                      "Plans": [
                        {
                          "Node Type": "Seq Scan",
                          "Parent Relationship": "Outer",
                          "Parallel Aware": true,
                          "Async Capable": false,
                          "Relation Name": "part",
                          "Alias": "part",
                          "Startup Cost": 0.0,
                          "Total Cost": 76377.36,
                          "Plan Rows": 1985,
                          "Plan Width": 30,
                          "Filter": "((p_size >= 1) AND (((p_brand = 'Brand#23'::bpchar) AND (p_container = ANY ('{\"SM CASE\",\"SM BOX\",\"SM PACK\",\"SM PKG\"}'::bpchar[])) AND (p_size <= 5)) OR ((p_brand = 'Brand#13'::bpchar) AND (p_container = ANY ('{\"MED BAG\",\"MED BOX\",\"MED PKG\",\"MED PACK\"}'::bpchar[])) AND (p_size <= 10)) OR ((p_brand = 'Brand#23'::bpchar) AND (p_container = ANY ('{\"LG CASE\",\"LG BOX\",\"LG PACK\",\"LG PKG\"}'::bpchar[])) AND (p_size <= 15))))",
                          "parent": 5,
                          "ID": 6
                        }
                      ],
                      "parent": 3,
                      "ID": 5,
                      "left": 6
                    }
                  ],
                  "parent": 2,
                  "ID": 3,
                  "left": 4,
                  "right": 5
                }
              ],
              "parent": 1,
              "ID": 2,
              "left": 3
            }
          ],
          "parent": 0,
          "ID": 1,
          "left": 2
        }
      ],
      "parent": null,
      "ID": 0,
      "left": 1
    },
    "feat": {
      "utility": 0.03906783858947451,
      "query_shape": [
        [
          "Seq Scan",
          "Hash Join",
          "Aggregate",
          "Gather"
        ],
        [
          "Seq Scan",
          "Hash",
          "Hash Join",
          "Aggregate",
          "Gather"
        ]
      ],
      "index_shape": [
        "join"
      ],
      "physical_operator": {
        "Hash Join": [
          0.0006960183684231108
        ]
      }
    }
  },
  {
    "query": "-- Functional Query Definition\n-- Approved February 1998\n\n\nselect\nsum(l_extendedprice* (1 - l_discount)) as revenue\nfrom\nlineitem,\npart\nwhere\n(\np_partkey = l_partkey\nand p_brand = 'Brand#23'\nand p_container in ('SM CASE', 'SM BOX', 'SM PACK', 'SM PKG')\nand l_quantity >= 8 and l_quantity <= 8 + 10\nand p_size between 1 and 5\nand l_shipmode in ('AIR', 'AIR REG')\nand l_shipinstruct = 'DELIVER IN PERSON'\n)\nor\n(\np_partkey = l_partkey\nand p_brand = 'Brand#13'\nand p_container in ('MED BAG', 'MED BOX', 'MED PKG', 'MED PACK')\nand l_quantity >= 19 and l_quantity <= 19 + 10\nand p_size between 1 and 10\nand l_shipmode in ('AIR', 'AIR REG')\nand l_shipinstruct = 'DELIVER IN PERSON'\n)\nor\n(\np_partkey = l_partkey\nand p_brand = 'Brand#23'\nand p_container in ('LG CASE', 'LG BOX', 'LG PACK', 'LG PKG')\nand l_quantity >= 26 and l_quantity <= 26 + 10\nand p_size between 1 and 15\nand l_shipmode in ('AIR', 'AIR REG')\nand l_shipinstruct = 'DELIVER IN PERSON'\n) ;\n-- $ID$\n-- TPC-H/TPC-R Potential Part Promotion ",
    "indexes": "part.p_brand",
    "wo plan est": {
      "Node Type": "Aggregate",
      "Strategy": "Plain",
      "Partial Mode": "Finalize",
      "Parallel Aware": false,
      "Async Capable": false,
      "Startup Cost": 1953632.51,
      "Total Cost": 1953632.52,
      "Plan Rows": 1,
      "Plan Width": 32,
      "Plans": [
        {
          "Node Type": "Gather",
          "Parent Relationship": "Outer",
          "Parallel Aware": false,
          "Async Capable": false,
          "Startup Cost": 1953632.29,
          "Total Cost": 1953632.5,
          "Plan Rows": 2,
          "Plan Width": 32,
          "Workers Planned": 2,
          "Single Copy": false,
          "Plans": [
            {
              "Node Type": "Aggregate",
              "Strategy": "Plain",
              "Partial Mode": "Partial",
              "Parent Relationship": "Outer",
              "Parallel Aware": false,
              "Async Capable": false,
              "Startup Cost": 1952632.29,
              "Total Cost": 1952632.3,
              "Plan Rows": 1,
              "Plan Width": 32,
              "Plans": [
                {
                  "Node Type": "Hash Join",
                  "Parent Relationship": "Outer",
                  "Parallel Aware": true,
                  "Async Capable": false,
                  "Join Type": "Inner",
                  "Startup Cost": 76402.17,
                  "Total Cost": 1952628.82,
                  "Plan Rows": 462,
                  "Plan Width": 12,
                  "Inner Unique": false,
                  "Hash Cond": "(lineitem.l_partkey = part.p_partkey)",
                  "Join Filter": "(((part.p_brand = 'Brand#23'::bpchar) AND (part.p_container = ANY ('{\"SM CASE\",\"SM BOX\",\"SM PACK\",\"SM PKG\"}'::bpchar[])) AND (lineitem.l_quantity >= '8'::numeric) AND (lineitem.l_quantity <= '18'::numeric) AND (part.p_size <= 5)) OR ((part.p_brand = 'Brand#13'::bpchar) AND (part.p_container = ANY ('{\"MED BAG\",\"MED BOX\",\"MED PKG\",\"MED PACK\"}'::bpchar[])) AND (lineitem.l_quantity >= '19'::numeric) AND (lineitem.l_quantity <= '29'::numeric) AND (part.p_size <= 10)) OR ((part.p_brand = 'Brand#23'::bpchar) AND (part.p_container = ANY ('{\"LG CASE\",\"LG BOX\",\"LG PACK\",\"LG PKG\"}'::bpchar[])) AND (lineitem.l_quantity >= '26'::numeric) AND (lineitem.l_quantity <= '36'::numeric) AND (part.p_size <= 15)))",
                  "Plans": [
                    {
                      "Node Type": "Seq Scan",
                      "Parent Relationship": "Outer",
                      "Parallel Aware": true,
                      "Async Capable": false,
                      "Relation Name": "lineitem",
                      "Alias": "lineitem",
                      "Startup Cost": 0.0,
                      "Total Cost": 1874399.7,
                      "Plan Rows": 480441,
                      "Plan Width": 21,
                      "Filter": "((l_shipmode = ANY ('{AIR,\"AIR REG\"}'::bpchar[])) AND (l_shipinstruct = 'DELIVER IN PERSON'::bpchar) AND (((l_quantity >= '8'::numeric) AND (l_quantity <= '18'::numeric)) OR ((l_quantity >= '19'::numeric) AND (l_quantity <= '29'::numeric)) OR ((l_quantity >= '26'::numeric) AND (l_quantity <= '36'::numeric))))",
                      "parent": 3,
                      "ID": 4
                    },
                    {
                      "Node Type": "Hash",
                      "Parent Relationship": "Inner",
                      "Parallel Aware": true,
                      "Async Capable": false,
                      "Startup Cost": 76377.36,
                      "Total Cost": 76377.36,
                      "Plan Rows": 1985,
                      "Plan Width": 30,
                      "Plans": [
                        {
                          "Node Type": "Seq Scan",
                          "Parent Relationship": "Outer",
                          "Parallel Aware": true,
                          "Async Capable": false,
                          "Relation Name": "part",
                          "Alias": "part",
                          "Startup Cost": 0.0,
                          "Total Cost": 76377.36,
                          "Plan Rows": 1985,
                          "Plan Width": 30,
                          "Filter": "((p_size >= 1) AND (((p_brand = 'Brand#23'::bpchar) AND (p_container = ANY ('{\"SM CASE\",\"SM BOX\",\"SM PACK\",\"SM PKG\"}'::bpchar[])) AND (p_size <= 5)) OR ((p_brand = 'Brand#13'::bpchar) AND (p_container = ANY ('{\"MED BAG\",\"MED BOX\",\"MED PKG\",\"MED PACK\"}'::bpchar[])) AND (p_size <= 10)) OR ((p_brand = 'Brand#23'::bpchar) AND (p_container = ANY ('{\"LG CASE\",\"LG BOX\",\"LG PACK\",\"LG PKG\"}'::bpchar[])) AND (p_size <= 15))))",
                          "parent": 5,
                          "ID": 6
                        }
                      ],
                      "parent": 3,
                      "ID": 5,
                      "left": 6
                    }
                  ],
                  "parent": 2,
                  "ID": 3,
                  "left": 4,
                  "right": 5
                }
              ],
              "parent": 1,
              "ID": 2,
              "left": 3
            }
          ],
          "parent": 0,
          "ID": 1,
          "left": 2
        }
      ],
      "parent": null,
      "ID": 0,
      "left": 1
    },
    "feat": {
      "utility": 0.07812408621489796,
      "query_shape": [
        [
          "Seq Scan",
          "Hash Join",
          "Aggregate",
          "Gather"
        ],
        [
          "Seq Scan",
          "Hash",
          "Hash Join",
          "Aggregate",
          "Gather"
        ]
      ],
      "index_shape": [
        "join"
      ],
      "physical_operator": {
        "Seq Scan": [
          0.0009924999999999518
        ],
        "Hash Join": [
          0.0006960183684231108
        ]
      }
    }
  },
  {
    "query": "-- Functional Query Definition\n-- Approved February 1998\n\n\nselect\nsum(l_extendedprice* (1 - l_discount)) as revenue\nfrom\nlineitem,\npart\nwhere\n(\np_partkey = l_partkey\nand p_brand = 'Brand#23'\nand p_container in ('SM CASE', 'SM BOX', 'SM PACK', 'SM PKG')\nand l_quantity >= 8 and l_quantity <= 8 + 10\nand p_size between 1 and 5\nand l_shipmode in ('AIR', 'AIR REG')\nand l_shipinstruct = 'DELIVER IN PERSON'\n)\nor\n(\np_partkey = l_partkey\nand p_brand = 'Brand#13'\nand p_container in ('MED BAG', 'MED BOX', 'MED PKG', 'MED PACK')\nand l_quantity >= 19 and l_quantity <= 19 + 10\nand p_size between 1 and 10\nand l_shipmode in ('AIR', 'AIR REG')\nand l_shipinstruct = 'DELIVER IN PERSON'\n)\nor\n(\np_partkey = l_partkey\nand p_brand = 'Brand#23'\nand p_container in ('LG CASE', 'LG BOX', 'LG PACK', 'LG PKG')\nand l_quantity >= 26 and l_quantity <= 26 + 10\nand p_size between 1 and 15\nand l_shipmode in ('AIR', 'AIR REG')\nand l_shipinstruct = 'DELIVER IN PERSON'\n) ;\n-- $ID$\n-- TPC-H/TPC-R Potential Part Promotion ",
    "indexes": "part.p_size",
    "wo plan est": {
      "Node Type": "Aggregate",
      "Strategy": "Plain",
      "Partial Mode": "Finalize",
      "Parallel Aware": false,
      "Async Capable": false,
      "Startup Cost": 1953632.51,
      "Total Cost": 1953632.52,
      "Plan Rows": 1,
      "Plan Width": 32,
      "Plans": [
        {
          "Node Type": "Gather",
          "Parent Relationship": "Outer",
          "Parallel Aware": false,
          "Async Capable": false,
          "Startup Cost": 1953632.29,
          "Total Cost": 1953632.5,
          "Plan Rows": 2,
          "Plan Width": 32,
          "Workers Planned": 2,
          "Single Copy": false,
          "Plans": [
            {
              "Node Type": "Aggregate",
              "Strategy": "Plain",
              "Partial Mode": "Partial",
              "Parent Relationship": "Outer",
              "Parallel Aware": false,
              "Async Capable": false,
              "Startup Cost": 1952632.29,
              "Total Cost": 1952632.3,
              "Plan Rows": 1,
              "Plan Width": 32,
              "Plans": [
                {
                  "Node Type": "Hash Join",
                  "Parent Relationship": "Outer",
                  "Parallel Aware": true,
                  "Async Capable": false,
                  "Join Type": "Inner",
                  "Startup Cost": 76402.17,
                  "Total Cost": 1952628.82,
                  "Plan Rows": 462,
                  "Plan Width": 12,
                  "Inner Unique": false,
                  "Hash Cond": "(lineitem.l_partkey = part.p_partkey)",
                  "Join Filter": "(((part.p_brand = 'Brand#23'::bpchar) AND (part.p_container = ANY ('{\"SM CASE\",\"SM BOX\",\"SM PACK\",\"SM PKG\"}'::bpchar[])) AND (lineitem.l_quantity >= '8'::numeric) AND (lineitem.l_quantity <= '18'::numeric) AND (part.p_size <= 5)) OR ((part.p_brand = 'Brand#13'::bpchar) AND (part.p_container = ANY ('{\"MED BAG\",\"MED BOX\",\"MED PKG\",\"MED PACK\"}'::bpchar[])) AND (lineitem.l_quantity >= '19'::numeric) AND (lineitem.l_quantity <= '29'::numeric) AND (part.p_size <= 10)) OR ((part.p_brand = 'Brand#23'::bpchar) AND (part.p_container = ANY ('{\"LG CASE\",\"LG BOX\",\"LG PACK\",\"LG PKG\"}'::bpchar[])) AND (lineitem.l_quantity >= '26'::numeric) AND (lineitem.l_quantity <= '36'::numeric) AND (part.p_size <= 15)))",
                  "Plans": [
                    {
                      "Node Type": "Seq Scan",
                      "Parent Relationship": "Outer",
                      "Parallel Aware": true,
                      "Async Capable": false,
                      "Relation Name": "lineitem",
                      "Alias": "lineitem",
                      "Startup Cost": 0.0,
                      "Total Cost": 1874399.7,
                      "Plan Rows": 480441,
                      "Plan Width": 21,
                      "Filter": "((l_shipmode = ANY ('{AIR,\"AIR REG\"}'::bpchar[])) AND (l_shipinstruct = 'DELIVER IN PERSON'::bpchar) AND (((l_quantity >= '8'::numeric) AND (l_quantity <= '18'::numeric)) OR ((l_quantity >= '19'::numeric) AND (l_quantity <= '29'::numeric)) OR ((l_quantity >= '26'::numeric) AND (l_quantity <= '36'::numeric))))",
                      "parent": 3,
                      "ID": 4
                    },
                    {
                      "Node Type": "Hash",
                      "Parent Relationship": "Inner",
                      "Parallel Aware": true,
                      "Async Capable": false,
                      "Startup Cost": 76377.36,
                      "Total Cost": 76377.36,
                      "Plan Rows": 1985,
                      "Plan Width": 30,
                      "Plans": [
                        {
                          "Node Type": "Seq Scan",
                          "Parent Relationship": "Outer",
                          "Parallel Aware": true,
                          "Async Capable": false,
                          "Relation Name": "part",
                          "Alias": "part",
                          "Startup Cost": 0.0,
                          "Total Cost": 76377.36,
                          "Plan Rows": 1985,
                          "Plan Width": 30,
                          "Filter": "((p_size >= 1) AND (((p_brand = 'Brand#23'::bpchar) AND (p_container = ANY ('{\"SM CASE\",\"SM BOX\",\"SM PACK\",\"SM PKG\"}'::bpchar[])) AND (p_size <= 5)) OR ((p_brand = 'Brand#13'::bpchar) AND (p_container = ANY ('{\"MED BAG\",\"MED BOX\",\"MED PKG\",\"MED PACK\"}'::bpchar[])) AND (p_size <= 10)) OR ((p_brand = 'Brand#23'::bpchar) AND (p_container = ANY ('{\"LG CASE\",\"LG BOX\",\"LG PACK\",\"LG PKG\"}'::bpchar[])) AND (p_size <= 15))))",
                          "parent": 5,
                          "ID": 6
                        }
                      ],
                      "parent": 3,
                      "ID": 5,
                      "left": 6
                    }
                  ],
                  "parent": 2,
                  "ID": 3,
                  "left": 4,
                  "right": 5
                }
              ],
              "parent": 1,
              "ID": 2,
              "left": 3
            }
          ],
          "parent": 0,
          "ID": 1,
          "left": 2
        }
      ],
      "parent": null,
      "ID": 0,
      "left": 1
    },
    "feat": {
      "utility": 0.07812408621489796,
      "query_shape": [
        [
          "Seq Scan",
          "Hash Join",
          "Aggregate",
          "Gather"
        ],
        [
          "Seq Scan",
          "Hash",
          "Hash Join",
          "Aggregate",
          "Gather"
        ]
      ],
      "index_shape": [
        "join"
      ],
      "physical_operator": {
        "Seq Scan": [
          0.0009924999999999518
        ],
        "Hash Join": [
          0.0006960183684231108
        ]
      }
    }
  },
  {
    "query": "-- Functional Query Definition\n-- Approved February 1998\n\n\nselect\nsum(l_extendedprice* (1 - l_discount)) as revenue\nfrom\nlineitem,\npart\nwhere\n(\np_partkey = l_partkey\nand p_brand = 'Brand#23'\nand p_container in ('SM CASE', 'SM BOX', 'SM PACK', 'SM PKG')\nand l_quantity >= 8 and l_quantity <= 8 + 10\nand p_size between 1 and 5\nand l_shipmode in ('AIR', 'AIR REG')\nand l_shipinstruct = 'DELIVER IN PERSON'\n)\nor\n(\np_partkey = l_partkey\nand p_brand = 'Brand#13'\nand p_container in ('MED BAG', 'MED BOX', 'MED PKG', 'MED PACK')\nand l_quantity >= 19 and l_quantity <= 19 + 10\nand p_size between 1 and 10\nand l_shipmode in ('AIR', 'AIR REG')\nand l_shipinstruct = 'DELIVER IN PERSON'\n)\nor\n(\np_partkey = l_partkey\nand p_brand = 'Brand#23'\nand p_container in ('LG CASE', 'LG BOX', 'LG PACK', 'LG PKG')\nand l_quantity >= 26 and l_quantity <= 26 + 10\nand p_size between 1 and 15\nand l_shipmode in ('AIR', 'AIR REG')\nand l_shipinstruct = 'DELIVER IN PERSON'\n) ;\n-- $ID$\n-- TPC-H/TPC-R Potential Part Promotion ",
    "indexes": "part.p_container",
    "wo plan est": {
      "Node Type": "Aggregate",
      "Strategy": "Plain",
      "Partial Mode": "Finalize",
      "Parallel Aware": false,
      "Async Capable": false,
      "Startup Cost": 1953632.51,
      "Total Cost": 1953632.52,
      "Plan Rows": 1,
      "Plan Width": 32,
      "Plans": [
        {
          "Node Type": "Gather",
          "Parent Relationship": "Outer",
          "Parallel Aware": false,
          "Async Capable": false,
          "Startup Cost": 1953632.29,
          "Total Cost": 1953632.5,
          "Plan Rows": 2,
          "Plan Width": 32,
          "Workers Planned": 2,
          "Single Copy": false,
          "Plans": [
            {
              "Node Type": "Aggregate",
              "Strategy": "Plain",
              "Partial Mode": "Partial",
              "Parent Relationship": "Outer",
              "Parallel Aware": false,
              "Async Capable": false,
              "Startup Cost": 1952632.29,
              "Total Cost": 1952632.3,
              "Plan Rows": 1,
              "Plan Width": 32,
              "Plans": [
                {
                  "Node Type": "Hash Join",
                  "Parent Relationship": "Outer",
                  "Parallel Aware": true,
                  "Async Capable": false,
                  "Join Type": "Inner",
                  "Startup Cost": 76402.17,
                  "Total Cost": 1952628.82,
                  "Plan Rows": 462,
                  "Plan Width": 12,
                  "Inner Unique": false,
                  "Hash Cond": "(lineitem.l_partkey = part.p_partkey)",
                  "Join Filter": "(((part.p_brand = 'Brand#23'::bpchar) AND (part.p_container = ANY ('{\"SM CASE\",\"SM BOX\",\"SM PACK\",\"SM PKG\"}'::bpchar[])) AND (lineitem.l_quantity >= '8'::numeric) AND (lineitem.l_quantity <= '18'::numeric) AND (part.p_size <= 5)) OR ((part.p_brand = 'Brand#13'::bpchar) AND (part.p_container = ANY ('{\"MED BAG\",\"MED BOX\",\"MED PKG\",\"MED PACK\"}'::bpchar[])) AND (lineitem.l_quantity >= '19'::numeric) AND (lineitem.l_quantity <= '29'::numeric) AND (part.p_size <= 10)) OR ((part.p_brand = 'Brand#23'::bpchar) AND (part.p_container = ANY ('{\"LG CASE\",\"LG BOX\",\"LG PACK\",\"LG PKG\"}'::bpchar[])) AND (lineitem.l_quantity >= '26'::numeric) AND (lineitem.l_quantity <= '36'::numeric) AND (part.p_size <= 15)))",
                  "Plans": [
                    {
                      "Node Type": "Seq Scan",
                      "Parent Relationship": "Outer",
                      "Parallel Aware": true,
                      "Async Capable": false,
                      "Relation Name": "lineitem",
                      "Alias": "lineitem",
                      "Startup Cost": 0.0,
                      "Total Cost": 1874399.7,
                      "Plan Rows": 480441,
                      "Plan Width": 21,
                      "Filter": "((l_shipmode = ANY ('{AIR,\"AIR REG\"}'::bpchar[])) AND (l_shipinstruct = 'DELIVER IN PERSON'::bpchar) AND (((l_quantity >= '8'::numeric) AND (l_quantity <= '18'::numeric)) OR ((l_quantity >= '19'::numeric) AND (l_quantity <= '29'::numeric)) OR ((l_quantity >= '26'::numeric) AND (l_quantity <= '36'::numeric))))",
                      "parent": 3,
                      "ID": 4
                    },
                    {
                      "Node Type": "Hash",
                      "Parent Relationship": "Inner",
                      "Parallel Aware": true,
                      "Async Capable": false,
                      "Startup Cost": 76377.36,
                      "Total Cost": 76377.36,
                      "Plan Rows": 1985,
                      "Plan Width": 30,
                      "Plans": [
                        {
                          "Node Type": "Seq Scan",
                          "Parent Relationship": "Outer",
                          "Parallel Aware": true,
                          "Async Capable": false,
                          "Relation Name": "part",
                          "Alias": "part",
                          "Startup Cost": 0.0,
                          "Total Cost": 76377.36,
                          "Plan Rows": 1985,
                          "Plan Width": 30,
                          "Filter": "((p_size >= 1) AND (((p_brand = 'Brand#23'::bpchar) AND (p_container = ANY ('{\"SM CASE\",\"SM BOX\",\"SM PACK\",\"SM PKG\"}'::bpchar[])) AND (p_size <= 5)) OR ((p_brand = 'Brand#13'::bpchar) AND (p_container = ANY ('{\"MED BAG\",\"MED BOX\",\"MED PKG\",\"MED PACK\"}'::bpchar[])) AND (p_size <= 10)) OR ((p_brand = 'Brand#23'::bpchar) AND (p_container = ANY ('{\"LG CASE\",\"LG BOX\",\"LG PACK\",\"LG PKG\"}'::bpchar[])) AND (p_size <= 15))))",
                          "parent": 5,
                          "ID": 6
                        }
                      ],
                      "parent": 3,
                      "ID": 5,
                      "left": 6
                    }
                  ],
                  "parent": 2,
                  "ID": 3,
                  "left": 4,
                  "right": 5
                }
              ],
              "parent": 1,
              "ID": 2,
              "left": 3
            }
          ],
          "parent": 0,
          "ID": 1,
          "left": 2
        }
      ],
      "parent": null,
      "ID": 0,
      "left": 1
    },
    "feat": {
      "utility": 0.07812408621489796,
      "query_shape": [
        [
          "Seq Scan",
          "Hash Join",
          "Aggregate",
          "Gather"
        ],
        [
          "Seq Scan",
          "Hash",
          "Hash Join",
          "Aggregate",
          "Gather"
        ]
      ],
      "index_shape": [
        "join"
      ],
      "physical_operator": {
        "Seq Scan": [
          0.0009924999999999518
        ],
        "Hash Join": [
          0.0006960183684231108
        ]
      }
    }
  },
  {
    "query": "-- Functional Query Definition\n-- Approved February 1998\n\n\nselect\nsum(l_extendedprice* (1 - l_discount)) as revenue\nfrom\nlineitem,\npart\nwhere\n(\np_partkey = l_partkey\nand p_brand = 'Brand#13'\nand p_container in ('SM CASE', 'SM BOX', 'SM PACK', 'SM PKG')\nand l_quantity >= 8 and l_quantity <= 8 + 10\nand p_size between 1 and 5\nand l_shipmode in ('AIR', 'AIR REG')\nand l_shipinstruct = 'DELIVER IN PERSON'\n)\nor\n(\np_partkey = l_partkey\nand p_brand = 'Brand#12'\nand p_container in ('MED BAG', 'MED BOX', 'MED PKG', 'MED PACK')\nand l_quantity >= 11 and l_quantity <= 11 + 10\nand p_size between 1 and 10\nand l_shipmode in ('AIR', 'AIR REG')\nand l_shipinstruct = 'DELIVER IN PERSON'\n)\nor\n(\np_partkey = l_partkey\nand p_brand = 'Brand#32'\nand p_container in ('LG CASE', 'LG BOX', 'LG PACK', 'LG PKG')\nand l_quantity >= 21 and l_quantity <= 21 + 10\nand p_size between 1 and 15\nand l_shipmode in ('AIR', 'AIR REG')\nand l_shipinstruct = 'DELIVER IN PERSON'\n) ;\n-- $ID$\n-- TPC-H/TPC-R Potential Part Promotion ",
    "indexes": "lineitem.l_partkey",
    "wo plan est": {
      "Node Type": "Aggregate",
      "Strategy": "Plain",
      "Partial Mode": "Finalize",
      "Parallel Aware": false,
      "Async Capable": false,
      "Startup Cost": 1953623.71,
      "Total Cost": 1953623.72,
      "Plan Rows": 1,
      "Plan Width": 32,
      "Plans": [
        {
          "Node Type": "Gather",
          "Parent Relationship": "Outer",
          "Parallel Aware": false,
          "Async Capable": false,
          "Startup Cost": 1953623.49,
          "Total Cost": 1953623.7,
          "Plan Rows": 2,
          "Plan Width": 32,
          "Workers Planned": 2,
          "Single Copy": false,
          "Plans": [
            {
              "Node Type": "Aggregate",
              "Strategy": "Plain",
              "Partial Mode": "Partial",
              "Parent Relationship": "Outer",
              "Parallel Aware": false,
              "Async Capable": false,
              "Startup Cost": 1952623.49,
              "Total Cost": 1952623.5,
              "Plan Rows": 1,
              "Plan Width": 32,
              "Plans": [
                {
                  "Node Type": "Hash Join",
                  "Parent Relationship": "Outer",
                  "Parallel Aware": true,
                  "Async Capable": false,
                  "Join Type": "Inner",
                  "Startup Cost": 76402.77,
                  "Total Cost": 1952619.96,
                  "Plan Rows": 470,
                  "Plan Width": 12,
                  "Inner Unique": false,
                  "Hash Cond": "(lineitem.l_partkey = part.p_partkey)",
                  "Join Filter": "(((part.p_brand = 'Brand#13'::bpchar) AND (part.p_container = ANY ('{\"SM CASE\",\"SM BOX\",\"SM PACK\",\"SM PKG\"}'::bpchar[])) AND (lineitem.l_quantity >= '8'::numeric) AND (lineitem.l_quantity <= '18'::numeric) AND (part.p_size <= 5)) OR ((part.p_brand = 'Brand#12'::bpchar) AND (part.p_container = ANY ('{\"MED BAG\",\"MED BOX\",\"MED PKG\",\"MED PACK\"}'::bpchar[])) AND (lineitem.l_quantity >= '11'::numeric) AND (lineitem.l_quantity <= '21'::numeric) AND (part.p_size <= 10)) OR ((part.p_brand = 'Brand#32'::bpchar) AND (part.p_container = ANY ('{\"LG CASE\",\"LG BOX\",\"LG PACK\",\"LG PKG\"}'::bpchar[])) AND (lineitem.l_quantity >= '21'::numeric) AND (lineitem.l_quantity <= '31'::numeric) AND (part.p_size <= 15)))",
                  "Plans": [
                    {
                      "Node Type": "Seq Scan",
                      "Parent Relationship": "Outer",
                      "Parallel Aware": true,
                      "Async Capable": false,
                      "Relation Name": "lineitem",
                      "Alias": "lineitem",
                      "Startup Cost": 0.0,
                      "Total Cost": 1874399.7,
                      "Plan Rows": 477800,
                      "Plan Width": 21,
                      "Filter": "((l_shipmode = ANY ('{AIR,\"AIR REG\"}'::bpchar[])) AND (l_shipinstruct = 'DELIVER IN PERSON'::bpchar) AND (((l_quantity >= '8'::numeric) AND (l_quantity <= '18'::numeric)) OR ((l_quantity >= '11'::numeric) AND (l_quantity <= '21'::numeric)) OR ((l_quantity >= '21'::numeric) AND (l_quantity <= '31'::numeric))))",
                      "parent": 3,
                      "ID": 4
                    },
                    {
                      "Node Type": "Hash",
                      "Parent Relationship": "Inner",
                      "Parallel Aware": true,
                      "Async Capable": false,
                      "Startup Cost": 76377.36,
                      "Total Cost": 76377.36,
                      "Plan Rows": 2033,
                      "Plan Width": 30,
                      "Plans": [
                        {
                          "Node Type": "Seq Scan",
                          "Parent Relationship": "Outer",
                          "Parallel Aware": true,
                          "Async Capable": false,
                          "Relation Name": "part",
                          "Alias": "part",
                          "Startup Cost": 0.0,
                          "Total Cost": 76377.36,
                          "Plan Rows": 2033,
                          "Plan Width": 30,
                          "Filter": "((p_size >= 1) AND (((p_brand = 'Brand#13'::bpchar) AND (p_container = ANY ('{\"SM CASE\",\"SM BOX\",\"SM PACK\",\"SM PKG\"}'::bpchar[])) AND (p_size <= 5)) OR ((p_brand = 'Brand#12'::bpchar) AND (p_container = ANY ('{\"MED BAG\",\"MED BOX\",\"MED PKG\",\"MED PACK\"}'::bpchar[])) AND (p_size <= 10)) OR ((p_brand = 'Brand#32'::bpchar) AND (p_container = ANY ('{\"LG CASE\",\"LG BOX\",\"LG PACK\",\"LG PKG\"}'::bpchar[])) AND (p_size <= 15))))",
                          "parent": 5,
                          "ID": 6
                        }
                      ],
                      "parent": 3,
                      "ID": 5,
                      "left": 6
                    }
                  ],
                  "parent": 2,
                  "ID": 3,
                  "left": 4,
                  "right": 5
                }
              ],
              "parent": 1,
              "ID": 2,
              "left": 3
            }
          ],
          "parent": 0,
          "ID": 1,
          "left": 2
        }
      ],
      "parent": null,
      "ID": 0,
      "left": 1
    },
    "feat": {
      "utility": 0.039068031075483366,
      "query_shape": [
        [
          "Seq Scan",
          "Hash Join",
          "Aggregate",
          "Gather"
        ],
        [
          "Seq Scan",
          "Hash",
          "Hash Join",
          "Aggregate",
          "Gather"
        ]
      ],
      "index_shape": [
        "join"
      ],
      "physical_operator": {
        "Hash Join": [
          0.0006955961457502748
        ]
      }
    }
  },
  {
    "query": "-- Functional Query Definition\n-- Approved February 1998\n\n\nselect\nsum(l_extendedprice* (1 - l_discount)) as revenue\nfrom\nlineitem,\npart\nwhere\n(\np_partkey = l_partkey\nand p_brand = 'Brand#13'\nand p_container in ('SM CASE', 'SM BOX', 'SM PACK', 'SM PKG')\nand l_quantity >= 8 and l_quantity <= 8 + 10\nand p_size between 1 and 5\nand l_shipmode in ('AIR', 'AIR REG')\nand l_shipinstruct = 'DELIVER IN PERSON'\n)\nor\n(\np_partkey = l_partkey\nand p_brand = 'Brand#12'\nand p_container in ('MED BAG', 'MED BOX', 'MED PKG', 'MED PACK')\nand l_quantity >= 11 and l_quantity <= 11 + 10\nand p_size between 1 and 10\nand l_shipmode in ('AIR', 'AIR REG')\nand l_shipinstruct = 'DELIVER IN PERSON'\n)\nor\n(\np_partkey = l_partkey\nand p_brand = 'Brand#32'\nand p_container in ('LG CASE', 'LG BOX', 'LG PACK', 'LG PKG')\nand l_quantity >= 21 and l_quantity <= 21 + 10\nand p_size between 1 and 15\nand l_shipmode in ('AIR', 'AIR REG')\nand l_shipinstruct = 'DELIVER IN PERSON'\n) ;\n-- $ID$\n-- TPC-H/TPC-R Potential Part Promotion ",
    "indexes": "lineitem.l_quantity",
    "wo plan est": {
      "Node Type": "Aggregate",
      "Strategy": "Plain",
      "Partial Mode": "Finalize",
      "Parallel Aware": false,
      "Async Capable": false,
      "Startup Cost": 1953623.71,
      "Total Cost": 1953623.72,
      "Plan Rows": 1,
      "Plan Width": 32,
      "Plans": [
        {
          "Node Type": "Gather",
          "Parent Relationship": "Outer",
          "Parallel Aware": false,
          "Async Capable": false,
          "Startup Cost": 1953623.49,
          "Total Cost": 1953623.7,
          "Plan Rows": 2,
          "Plan Width": 32,
          "Workers Planned": 2,
          "Single Copy": false,
          "Plans": [
            {
              "Node Type": "Aggregate",
              "Strategy": "Plain",
              "Partial Mode": "Partial",
              "Parent Relationship": "Outer",
              "Parallel Aware": false,
              "Async Capable": false,
              "Startup Cost": 1952623.49,
              "Total Cost": 1952623.5,
              "Plan Rows": 1,
              "Plan Width": 32,
              "Plans": [
                {
                  "Node Type": "Hash Join",
                  "Parent Relationship": "Outer",
                  "Parallel Aware": true,
                  "Async Capable": false,
                  "Join Type": "Inner",
                  "Startup Cost": 76402.77,
                  "Total Cost": 1952619.96,
                  "Plan Rows": 470,
                  "Plan Width": 12,
                  "Inner Unique": false,
                  "Hash Cond": "(lineitem.l_partkey = part.p_partkey)",
                  "Join Filter": "(((part.p_brand = 'Brand#13'::bpchar) AND (part.p_container = ANY ('{\"SM CASE\",\"SM BOX\",\"SM PACK\",\"SM PKG\"}'::bpchar[])) AND (lineitem.l_quantity >= '8'::numeric) AND (lineitem.l_quantity <= '18'::numeric) AND (part.p_size <= 5)) OR ((part.p_brand = 'Brand#12'::bpchar) AND (part.p_container = ANY ('{\"MED BAG\",\"MED BOX\",\"MED PKG\",\"MED PACK\"}'::bpchar[])) AND (lineitem.l_quantity >= '11'::numeric) AND (lineitem.l_quantity <= '21'::numeric) AND (part.p_size <= 10)) OR ((part.p_brand = 'Brand#32'::bpchar) AND (part.p_container = ANY ('{\"LG CASE\",\"LG BOX\",\"LG PACK\",\"LG PKG\"}'::bpchar[])) AND (lineitem.l_quantity >= '21'::numeric) AND (lineitem.l_quantity <= '31'::numeric) AND (part.p_size <= 15)))",
                  "Plans": [
                    {
                      "Node Type": "Seq Scan",
                      "Parent Relationship": "Outer",
                      "Parallel Aware": true,
                      "Async Capable": false,
                      "Relation Name": "lineitem",
                      "Alias": "lineitem",
                      "Startup Cost": 0.0,
                      "Total Cost": 1874399.7,
                      "Plan Rows": 477800,
                      "Plan Width": 21,
                      "Filter": "((l_shipmode = ANY ('{AIR,\"AIR REG\"}'::bpchar[])) AND (l_shipinstruct = 'DELIVER IN PERSON'::bpchar) AND (((l_quantity >= '8'::numeric) AND (l_quantity <= '18'::numeric)) OR ((l_quantity >= '11'::numeric) AND (l_quantity <= '21'::numeric)) OR ((l_quantity >= '21'::numeric) AND (l_quantity <= '31'::numeric))))",
                      "parent": 3,
                      "ID": 4
                    },
                    {
                      "Node Type": "Hash",
                      "Parent Relationship": "Inner",
                      "Parallel Aware": true,
                      "Async Capable": false,
                      "Startup Cost": 76377.36,
                      "Total Cost": 76377.36,
                      "Plan Rows": 2033,
                      "Plan Width": 30,
                      "Plans": [
                        {
                          "Node Type": "Seq Scan",
                          "Parent Relationship": "Outer",
                          "Parallel Aware": true,
                          "Async Capable": false,
                          "Relation Name": "part",
                          "Alias": "part",
                          "Startup Cost": 0.0,
                          "Total Cost": 76377.36,
                          "Plan Rows": 2033,
                          "Plan Width": 30,
                          "Filter": "((p_size >= 1) AND (((p_brand = 'Brand#13'::bpchar) AND (p_container = ANY ('{\"SM CASE\",\"SM BOX\",\"SM PACK\",\"SM PKG\"}'::bpchar[])) AND (p_size <= 5)) OR ((p_brand = 'Brand#12'::bpchar) AND (p_container = ANY ('{\"MED BAG\",\"MED BOX\",\"MED PKG\",\"MED PACK\"}'::bpchar[])) AND (p_size <= 10)) OR ((p_brand = 'Brand#32'::bpchar) AND (p_container = ANY ('{\"LG CASE\",\"LG BOX\",\"LG PACK\",\"LG PKG\"}'::bpchar[])) AND (p_size <= 15))))",
                          "parent": 5,
                          "ID": 6
                        }
                      ],
                      "parent": 3,
                      "ID": 5,
                      "left": 6
                    }
                  ],
                  "parent": 2,
                  "ID": 3,
                  "left": 4,
                  "right": 5
                }
              ],
              "parent": 1,
              "ID": 2,
              "left": 3
            }
          ],
          "parent": 0,
          "ID": 1,
          "left": 2
        }
      ],
      "parent": null,
      "ID": 0,
      "left": 1
    },
    "feat": {
      "utility": 0.990875286153754,
      "query_shape": [
        [
          "Seq Scan",
          "Hash Join",
          "Aggregate",
          "Gather"
        ],
        [
          "Seq Scan",
          "Hash",
          "Hash Join",
          "Aggregate",
          "Gather"
        ]
      ],
      "index_shape": [
        "join"
      ],
      "physical_operator": {
        "Seq Scan": [
          0.007963333333333322
        ],
        "Hash Join": [
          0.0006955961457502748
        ]
      }
    }
  },
  {
    "query": "-- Functional Query Definition\n-- Approved February 1998\n\n\nselect\nsum(l_extendedprice* (1 - l_discount)) as revenue\nfrom\nlineitem,\npart\nwhere\n(\np_partkey = l_partkey\nand p_brand = 'Brand#13'\nand p_container in ('SM CASE', 'SM BOX', 'SM PACK', 'SM PKG')\nand l_quantity >= 8 and l_quantity <= 8 + 10\nand p_size between 1 and 5\nand l_shipmode in ('AIR', 'AIR REG')\nand l_shipinstruct = 'DELIVER IN PERSON'\n)\nor\n(\np_partkey = l_partkey\nand p_brand = 'Brand#12'\nand p_container in ('MED BAG', 'MED BOX', 'MED PKG', 'MED PACK')\nand l_quantity >= 11 and l_quantity <= 11 + 10\nand p_size between 1 and 10\nand l_shipmode in ('AIR', 'AIR REG')\nand l_shipinstruct = 'DELIVER IN PERSON'\n)\nor\n(\np_partkey = l_partkey\nand p_brand = 'Brand#32'\nand p_container in ('LG CASE', 'LG BOX', 'LG PACK', 'LG PKG')\nand l_quantity >= 21 and l_quantity <= 21 + 10\nand p_size between 1 and 15\nand l_shipmode in ('AIR', 'AIR REG')\nand l_shipinstruct = 'DELIVER IN PERSON'\n) ;\n-- $ID$\n-- TPC-H/TPC-R Potential Part Promotion ",
    "indexes": "lineitem.l_extendedprice",
    "wo plan est": {
      "Node Type": "Aggregate",
      "Strategy": "Plain",
      "Partial Mode": "Finalize",
      "Parallel Aware": false,
      "Async Capable": false,
      "Startup Cost": 1953623.71,
      "Total Cost": 1953623.72,
      "Plan Rows": 1,
      "Plan Width": 32,
      "Plans": [
        {
          "Node Type": "Gather",
          "Parent Relationship": "Outer",
          "Parallel Aware": false,
          "Async Capable": false,
          "Startup Cost": 1953623.49,
          "Total Cost": 1953623.7,
          "Plan Rows": 2,
          "Plan Width": 32,
          "Workers Planned": 2,
          "Single Copy": false,
          "Plans": [
            {
              "Node Type": "Aggregate",
              "Strategy": "Plain",
              "Partial Mode": "Partial",
              "Parent Relationship": "Outer",
              "Parallel Aware": false,
              "Async Capable": false,
              "Startup Cost": 1952623.49,
              "Total Cost": 1952623.5,
              "Plan Rows": 1,
              "Plan Width": 32,
              "Plans": [
                {
                  "Node Type": "Hash Join",
                  "Parent Relationship": "Outer",
                  "Parallel Aware": true,
                  "Async Capable": false,
                  "Join Type": "Inner",
                  "Startup Cost": 76402.77,
                  "Total Cost": 1952619.96,
                  "Plan Rows": 470,
                  "Plan Width": 12,
                  "Inner Unique": false,
                  "Hash Cond": "(lineitem.l_partkey = part.p_partkey)",
                  "Join Filter": "(((part.p_brand = 'Brand#13'::bpchar) AND (part.p_container = ANY ('{\"SM CASE\",\"SM BOX\",\"SM PACK\",\"SM PKG\"}'::bpchar[])) AND (lineitem.l_quantity >= '8'::numeric) AND (lineitem.l_quantity <= '18'::numeric) AND (part.p_size <= 5)) OR ((part.p_brand = 'Brand#12'::bpchar) AND (part.p_container = ANY ('{\"MED BAG\",\"MED BOX\",\"MED PKG\",\"MED PACK\"}'::bpchar[])) AND (lineitem.l_quantity >= '11'::numeric) AND (lineitem.l_quantity <= '21'::numeric) AND (part.p_size <= 10)) OR ((part.p_brand = 'Brand#32'::bpchar) AND (part.p_container = ANY ('{\"LG CASE\",\"LG BOX\",\"LG PACK\",\"LG PKG\"}'::bpchar[])) AND (lineitem.l_quantity >= '21'::numeric) AND (lineitem.l_quantity <= '31'::numeric) AND (part.p_size <= 15)))",
                  "Plans": [
                    {
                      "Node Type": "Seq Scan",
                      "Parent Relationship": "Outer",
                      "Parallel Aware": true,
                      "Async Capable": false,
                      "Relation Name": "lineitem",
                      "Alias": "lineitem",
                      "Startup Cost": 0.0,
                      "Total Cost": 1874399.7,
                      "Plan Rows": 477800,
                      "Plan Width": 21,
                      "Filter": "((l_shipmode = ANY ('{AIR,\"AIR REG\"}'::bpchar[])) AND (l_shipinstruct = 'DELIVER IN PERSON'::bpchar) AND (((l_quantity >= '8'::numeric) AND (l_quantity <= '18'::numeric)) OR ((l_quantity >= '11'::numeric) AND (l_quantity <= '21'::numeric)) OR ((l_quantity >= '21'::numeric) AND (l_quantity <= '31'::numeric))))",
                      "parent": 3,
                      "ID": 4
                    },
                    {
                      "Node Type": "Hash",
                      "Parent Relationship": "Inner",
                      "Parallel Aware": true,
                      "Async Capable": false,
                      "Startup Cost": 76377.36,
                      "Total Cost": 76377.36,
                      "Plan Rows": 2033,
                      "Plan Width": 30,
                      "Plans": [
                        {
                          "Node Type": "Seq Scan",
                          "Parent Relationship": "Outer",
                          "Parallel Aware": true,
                          "Async Capable": false,
                          "Relation Name": "part",
                          "Alias": "part",
                          "Startup Cost": 0.0,
                          "Total Cost": 76377.36,
                          "Plan Rows": 2033,
                          "Plan Width": 30,
                          "Filter": "((p_size >= 1) AND (((p_brand = 'Brand#13'::bpchar) AND (p_container = ANY ('{\"SM CASE\",\"SM BOX\",\"SM PACK\",\"SM PKG\"}'::bpchar[])) AND (p_size <= 5)) OR ((p_brand = 'Brand#12'::bpchar) AND (p_container = ANY ('{\"MED BAG\",\"MED BOX\",\"MED PKG\",\"MED PACK\"}'::bpchar[])) AND (p_size <= 10)) OR ((p_brand = 'Brand#32'::bpchar) AND (p_container = ANY ('{\"LG CASE\",\"LG BOX\",\"LG PACK\",\"LG PKG\"}'::bpchar[])) AND (p_size <= 15))))",
                          "parent": 5,
                          "ID": 6
                        }
                      ],
                      "parent": 3,
                      "ID": 5,
                      "left": 6
                    }
                  ],
                  "parent": 2,
                  "ID": 3,
                  "left": 4,
                  "right": 5
                }
              ],
              "parent": 1,
              "ID": 2,
              "left": 3
            }
          ],
          "parent": 0,
          "ID": 1,
          "left": 2
        }
      ],
      "parent": null,
      "ID": 0,
      "left": 1
    },
    "feat": {
      "utility": 0.0,
      "query_shape": [
        [
          "Seq Scan",
          "Hash Join",
          "Aggregate",
          "Gather"
        ],
        [
          "Seq Scan",
          "Hash",
          "Hash Join",
          "Aggregate",
          "Gather"
        ]
      ],
      "index_shape": [],
      "physical_operator": {}
    }
  },
  {
    "query": "-- Functional Query Definition\n-- Approved February 1998\n\n\nselect\nsum(l_extendedprice* (1 - l_discount)) as revenue\nfrom\nlineitem,\npart\nwhere\n(\np_partkey = l_partkey\nand p_brand = 'Brand#13'\nand p_container in ('SM CASE', 'SM BOX', 'SM PACK', 'SM PKG')\nand l_quantity >= 8 and l_quantity <= 8 + 10\nand p_size between 1 and 5\nand l_shipmode in ('AIR', 'AIR REG')\nand l_shipinstruct = 'DELIVER IN PERSON'\n)\nor\n(\np_partkey = l_partkey\nand p_brand = 'Brand#12'\nand p_container in ('MED BAG', 'MED BOX', 'MED PKG', 'MED PACK')\nand l_quantity >= 11 and l_quantity <= 11 + 10\nand p_size between 1 and 10\nand l_shipmode in ('AIR', 'AIR REG')\nand l_shipinstruct = 'DELIVER IN PERSON'\n)\nor\n(\np_partkey = l_partkey\nand p_brand = 'Brand#32'\nand p_container in ('LG CASE', 'LG BOX', 'LG PACK', 'LG PKG')\nand l_quantity >= 21 and l_quantity <= 21 + 10\nand p_size between 1 and 15\nand l_shipmode in ('AIR', 'AIR REG')\nand l_shipinstruct = 'DELIVER IN PERSON'\n) ;\n-- $ID$\n-- TPC-H/TPC-R Potential Part Promotion ",
    "indexes": "lineitem.l_discount",
    "wo plan est": {
      "Node Type": "Aggregate",
      "Strategy": "Plain",
      "Partial Mode": "Finalize",
      "Parallel Aware": false,
      "Async Capable": false,
      "Startup Cost": 1953623.71,
      "Total Cost": 1953623.72,
      "Plan Rows": 1,
      "Plan Width": 32,
      "Plans": [
        {
          "Node Type": "Gather",
          "Parent Relationship": "Outer",
          "Parallel Aware": false,
          "Async Capable": false,
          "Startup Cost": 1953623.49,
          "Total Cost": 1953623.7,
          "Plan Rows": 2,
          "Plan Width": 32,
          "Workers Planned": 2,
          "Single Copy": false,
          "Plans": [
            {
              "Node Type": "Aggregate",
              "Strategy": "Plain",
              "Partial Mode": "Partial",
              "Parent Relationship": "Outer",
              "Parallel Aware": false,
              "Async Capable": false,
              "Startup Cost": 1952623.49,
              "Total Cost": 1952623.5,
              "Plan Rows": 1,
              "Plan Width": 32,
              "Plans": [
                {
                  "Node Type": "Hash Join",
                  "Parent Relationship": "Outer",
                  "Parallel Aware": true,
                  "Async Capable": false,
                  "Join Type": "Inner",
                  "Startup Cost": 76402.77,
                  "Total Cost": 1952619.96,
                  "Plan Rows": 470,
                  "Plan Width": 12,
                  "Inner Unique": false,
                  "Hash Cond": "(lineitem.l_partkey = part.p_partkey)",
                  "Join Filter": "(((part.p_brand = 'Brand#13'::bpchar) AND (part.p_container = ANY ('{\"SM CASE\",\"SM BOX\",\"SM PACK\",\"SM PKG\"}'::bpchar[])) AND (lineitem.l_quantity >= '8'::numeric) AND (lineitem.l_quantity <= '18'::numeric) AND (part.p_size <= 5)) OR ((part.p_brand = 'Brand#12'::bpchar) AND (part.p_container = ANY ('{\"MED BAG\",\"MED BOX\",\"MED PKG\",\"MED PACK\"}'::bpchar[])) AND (lineitem.l_quantity >= '11'::numeric) AND (lineitem.l_quantity <= '21'::numeric) AND (part.p_size <= 10)) OR ((part.p_brand = 'Brand#32'::bpchar) AND (part.p_container = ANY ('{\"LG CASE\",\"LG BOX\",\"LG PACK\",\"LG PKG\"}'::bpchar[])) AND (lineitem.l_quantity >= '21'::numeric) AND (lineitem.l_quantity <= '31'::numeric) AND (part.p_size <= 15)))",
                  "Plans": [
                    {
                      "Node Type": "Seq Scan",
                      "Parent Relationship": "Outer",
                      "Parallel Aware": true,
                      "Async Capable": false,
                      "Relation Name": "lineitem",
                      "Alias": "lineitem",
                      "Startup Cost": 0.0,
                      "Total Cost": 1874399.7,
                      "Plan Rows": 477800,
                      "Plan Width": 21,
                      "Filter": "((l_shipmode = ANY ('{AIR,\"AIR REG\"}'::bpchar[])) AND (l_shipinstruct = 'DELIVER IN PERSON'::bpchar) AND (((l_quantity >= '8'::numeric) AND (l_quantity <= '18'::numeric)) OR ((l_quantity >= '11'::numeric) AND (l_quantity <= '21'::numeric)) OR ((l_quantity >= '21'::numeric) AND (l_quantity <= '31'::numeric))))",
                      "parent": 3,
                      "ID": 4
                    },
                    {
                      "Node Type": "Hash",
                      "Parent Relationship": "Inner",
                      "Parallel Aware": true,
                      "Async Capable": false,
                      "Startup Cost": 76377.36,
                      "Total Cost": 76377.36,
                      "Plan Rows": 2033,
                      "Plan Width": 30,
                      "Plans": [
                        {
                          "Node Type": "Seq Scan",
                          "Parent Relationship": "Outer",
                          "Parallel Aware": true,
                          "Async Capable": false,
                          "Relation Name": "part",
                          "Alias": "part",
                          "Startup Cost": 0.0,
                          "Total Cost": 76377.36,
                          "Plan Rows": 2033,
                          "Plan Width": 30,
                          "Filter": "((p_size >= 1) AND (((p_brand = 'Brand#13'::bpchar) AND (p_container = ANY ('{\"SM CASE\",\"SM BOX\",\"SM PACK\",\"SM PKG\"}'::bpchar[])) AND (p_size <= 5)) OR ((p_brand = 'Brand#12'::bpchar) AND (p_container = ANY ('{\"MED BAG\",\"MED BOX\",\"MED PKG\",\"MED PACK\"}'::bpchar[])) AND (p_size <= 10)) OR ((p_brand = 'Brand#32'::bpchar) AND (p_container = ANY ('{\"LG CASE\",\"LG BOX\",\"LG PACK\",\"LG PKG\"}'::bpchar[])) AND (p_size <= 15))))",
                          "parent": 5,
                          "ID": 6
                        }
                      ],
                      "parent": 3,
                      "ID": 5,
                      "left": 6
                    }
                  ],
                  "parent": 2,
                  "ID": 3,
                  "left": 4,
                  "right": 5
                }
              ],
              "parent": 1,
              "ID": 2,
              "left": 3
            }
          ],
          "parent": 0,
          "ID": 1,
          "left": 2
        }
      ],
      "parent": null,
      "ID": 0,
      "left": 1
    },
    "feat": {
      "utility": 0.0,
      "query_shape": [
        [
          "Seq Scan",
          "Hash Join",
          "Aggregate",
          "Gather"
        ],
        [
          "Seq Scan",
          "Hash",
          "Hash Join",
          "Aggregate",
          "Gather"
        ]
      ],
      "index_shape": [],
      "physical_operator": {}
    }
  },
  {
    "query": "-- Functional Query Definition\n-- Approved February 1998\n\n\nselect\nsum(l_extendedprice* (1 - l_discount)) as revenue\nfrom\nlineitem,\npart\nwhere\n(\np_partkey = l_partkey\nand p_brand = 'Brand#13'\nand p_container in ('SM CASE', 'SM BOX', 'SM PACK', 'SM PKG')\nand l_quantity >= 8 and l_quantity <= 8 + 10\nand p_size between 1 and 5\nand l_shipmode in ('AIR', 'AIR REG')\nand l_shipinstruct = 'DELIVER IN PERSON'\n)\nor\n(\np_partkey = l_partkey\nand p_brand = 'Brand#12'\nand p_container in ('MED BAG', 'MED BOX', 'MED PKG', 'MED PACK')\nand l_quantity >= 11 and l_quantity <= 11 + 10\nand p_size between 1 and 10\nand l_shipmode in ('AIR', 'AIR REG')\nand l_shipinstruct = 'DELIVER IN PERSON'\n)\nor\n(\np_partkey = l_partkey\nand p_brand = 'Brand#32'\nand p_container in ('LG CASE', 'LG BOX', 'LG PACK', 'LG PKG')\nand l_quantity >= 21 and l_quantity <= 21 + 10\nand p_size between 1 and 15\nand l_shipmode in ('AIR', 'AIR REG')\nand l_shipinstruct = 'DELIVER IN PERSON'\n) ;\n-- $ID$\n-- TPC-H/TPC-R Potential Part Promotion ",
    "indexes": "lineitem.l_shipinstruct",
    "wo plan est": {
      "Node Type": "Aggregate",
      "Strategy": "Plain",
      "Partial Mode": "Finalize",
      "Parallel Aware": false,
      "Async Capable": false,
      "Startup Cost": 1953623.71,
      "Total Cost": 1953623.72,
      "Plan Rows": 1,
      "Plan Width": 32,
      "Plans": [
        {
          "Node Type": "Gather",
          "Parent Relationship": "Outer",
          "Parallel Aware": false,
          "Async Capable": false,
          "Startup Cost": 1953623.49,
          "Total Cost": 1953623.7,
          "Plan Rows": 2,
          "Plan Width": 32,
          "Workers Planned": 2,
          "Single Copy": false,
          "Plans": [
            {
              "Node Type": "Aggregate",
              "Strategy": "Plain",
              "Partial Mode": "Partial",
              "Parent Relationship": "Outer",
              "Parallel Aware": false,
              "Async Capable": false,
              "Startup Cost": 1952623.49,
              "Total Cost": 1952623.5,
              "Plan Rows": 1,
              "Plan Width": 32,
              "Plans": [
                {
                  "Node Type": "Hash Join",
                  "Parent Relationship": "Outer",
                  "Parallel Aware": true,
                  "Async Capable": false,
                  "Join Type": "Inner",
                  "Startup Cost": 76402.77,
                  "Total Cost": 1952619.96,
                  "Plan Rows": 470,
                  "Plan Width": 12,
                  "Inner Unique": false,
                  "Hash Cond": "(lineitem.l_partkey = part.p_partkey)",
                  "Join Filter": "(((part.p_brand = 'Brand#13'::bpchar) AND (part.p_container = ANY ('{\"SM CASE\",\"SM BOX\",\"SM PACK\",\"SM PKG\"}'::bpchar[])) AND (lineitem.l_quantity >= '8'::numeric) AND (lineitem.l_quantity <= '18'::numeric) AND (part.p_size <= 5)) OR ((part.p_brand = 'Brand#12'::bpchar) AND (part.p_container = ANY ('{\"MED BAG\",\"MED BOX\",\"MED PKG\",\"MED PACK\"}'::bpchar[])) AND (lineitem.l_quantity >= '11'::numeric) AND (lineitem.l_quantity <= '21'::numeric) AND (part.p_size <= 10)) OR ((part.p_brand = 'Brand#32'::bpchar) AND (part.p_container = ANY ('{\"LG CASE\",\"LG BOX\",\"LG PACK\",\"LG PKG\"}'::bpchar[])) AND (lineitem.l_quantity >= '21'::numeric) AND (lineitem.l_quantity <= '31'::numeric) AND (part.p_size <= 15)))",
                  "Plans": [
                    {
                      "Node Type": "Seq Scan",
                      "Parent Relationship": "Outer",
                      "Parallel Aware": true,
                      "Async Capable": false,
                      "Relation Name": "lineitem",
                      "Alias": "lineitem",
                      "Startup Cost": 0.0,
                      "Total Cost": 1874399.7,
                      "Plan Rows": 477800,
                      "Plan Width": 21,
                      "Filter": "((l_shipmode = ANY ('{AIR,\"AIR REG\"}'::bpchar[])) AND (l_shipinstruct = 'DELIVER IN PERSON'::bpchar) AND (((l_quantity >= '8'::numeric) AND (l_quantity <= '18'::numeric)) OR ((l_quantity >= '11'::numeric) AND (l_quantity <= '21'::numeric)) OR ((l_quantity >= '21'::numeric) AND (l_quantity <= '31'::numeric))))",
                      "parent": 3,
                      "ID": 4
                    },
                    {
                      "Node Type": "Hash",
                      "Parent Relationship": "Inner",
                      "Parallel Aware": true,
                      "Async Capable": false,
                      "Startup Cost": 76377.36,
                      "Total Cost": 76377.36,
                      "Plan Rows": 2033,
                      "Plan Width": 30,
                      "Plans": [
                        {
                          "Node Type": "Seq Scan",
                          "Parent Relationship": "Outer",
                          "Parallel Aware": true,
                          "Async Capable": false,
                          "Relation Name": "part",
                          "Alias": "part",
                          "Startup Cost": 0.0,
                          "Total Cost": 76377.36,
                          "Plan Rows": 2033,
                          "Plan Width": 30,
                          "Filter": "((p_size >= 1) AND (((p_brand = 'Brand#13'::bpchar) AND (p_container = ANY ('{\"SM CASE\",\"SM BOX\",\"SM PACK\",\"SM PKG\"}'::bpchar[])) AND (p_size <= 5)) OR ((p_brand = 'Brand#12'::bpchar) AND (p_container = ANY ('{\"MED BAG\",\"MED BOX\",\"MED PKG\",\"MED PACK\"}'::bpchar[])) AND (p_size <= 10)) OR ((p_brand = 'Brand#32'::bpchar) AND (p_container = ANY ('{\"LG CASE\",\"LG BOX\",\"LG PACK\",\"LG PKG\"}'::bpchar[])) AND (p_size <= 15))))",
                          "parent": 5,
                          "ID": 6
                        }
                      ],
                      "parent": 3,
                      "ID": 5,
                      "left": 6
                    }
                  ],
                  "parent": 2,
                  "ID": 3,
                  "left": 4,
                  "right": 5
                }
              ],
              "parent": 1,
              "ID": 2,
              "left": 3
            }
          ],
          "parent": 0,
          "ID": 1,
          "left": 2
        }
      ],
      "parent": null,
      "ID": 0,
      "left": 1
    },
    "feat": {
      "utility": 0.9518072550782706,
      "query_shape": [
        [
          "Seq Scan",
          "Hash Join",
          "Aggregate",
          "Gather"
        ],
        [
          "Seq Scan",
          "Hash",
          "Hash Join",
          "Aggregate",
          "Gather"
        ]
      ],
      "index_shape": [
        "selection"
      ],
      "physical_operator": {
        "Seq Scan": [
          0.007963333333333322
        ]
      }
    }
  },
  {
    "query": "-- Functional Query Definition\n-- Approved February 1998\n\n\nselect\nsum(l_extendedprice* (1 - l_discount)) as revenue\nfrom\nlineitem,\npart\nwhere\n(\np_partkey = l_partkey\nand p_brand = 'Brand#13'\nand p_container in ('SM CASE', 'SM BOX', 'SM PACK', 'SM PKG')\nand l_quantity >= 8 and l_quantity <= 8 + 10\nand p_size between 1 and 5\nand l_shipmode in ('AIR', 'AIR REG')\nand l_shipinstruct = 'DELIVER IN PERSON'\n)\nor\n(\np_partkey = l_partkey\nand p_brand = 'Brand#12'\nand p_container in ('MED BAG', 'MED BOX', 'MED PKG', 'MED PACK')\nand l_quantity >= 11 and l_quantity <= 11 + 10\nand p_size between 1 and 10\nand l_shipmode in ('AIR', 'AIR REG')\nand l_shipinstruct = 'DELIVER IN PERSON'\n)\nor\n(\np_partkey = l_partkey\nand p_brand = 'Brand#32'\nand p_container in ('LG CASE', 'LG BOX', 'LG PACK', 'LG PKG')\nand l_quantity >= 21 and l_quantity <= 21 + 10\nand p_size between 1 and 15\nand l_shipmode in ('AIR', 'AIR REG')\nand l_shipinstruct = 'DELIVER IN PERSON'\n) ;\n-- $ID$\n-- TPC-H/TPC-R Potential Part Promotion ",
    "indexes": "lineitem.l_shipmode",
    "wo plan est": {
      "Node Type": "Aggregate",
      "Strategy": "Plain",
      "Partial Mode": "Finalize",
      "Parallel Aware": false,
      "Async Capable": false,
      "Startup Cost": 1953623.71,
      "Total Cost": 1953623.72,
      "Plan Rows": 1,
      "Plan Width": 32,
      "Plans": [
        {
          "Node Type": "Gather",
          "Parent Relationship": "Outer",
          "Parallel Aware": false,
          "Async Capable": false,
          "Startup Cost": 1953623.49,
          "Total Cost": 1953623.7,
          "Plan Rows": 2,
          "Plan Width": 32,
          "Workers Planned": 2,
          "Single Copy": false,
          "Plans": [
            {
              "Node Type": "Aggregate",
              "Strategy": "Plain",
              "Partial Mode": "Partial",
              "Parent Relationship": "Outer",
              "Parallel Aware": false,
              "Async Capable": false,
              "Startup Cost": 1952623.49,
              "Total Cost": 1952623.5,
              "Plan Rows": 1,
              "Plan Width": 32,
              "Plans": [
                {
                  "Node Type": "Hash Join",
                  "Parent Relationship": "Outer",
                  "Parallel Aware": true,
                  "Async Capable": false,
                  "Join Type": "Inner",
                  "Startup Cost": 76402.77,
                  "Total Cost": 1952619.96,
                  "Plan Rows": 470,
                  "Plan Width": 12,
                  "Inner Unique": false,
                  "Hash Cond": "(lineitem.l_partkey = part.p_partkey)",
                  "Join Filter": "(((part.p_brand = 'Brand#13'::bpchar) AND (part.p_container = ANY ('{\"SM CASE\",\"SM BOX\",\"SM PACK\",\"SM PKG\"}'::bpchar[])) AND (lineitem.l_quantity >= '8'::numeric) AND (lineitem.l_quantity <= '18'::numeric) AND (part.p_size <= 5)) OR ((part.p_brand = 'Brand#12'::bpchar) AND (part.p_container = ANY ('{\"MED BAG\",\"MED BOX\",\"MED PKG\",\"MED PACK\"}'::bpchar[])) AND (lineitem.l_quantity >= '11'::numeric) AND (lineitem.l_quantity <= '21'::numeric) AND (part.p_size <= 10)) OR ((part.p_brand = 'Brand#32'::bpchar) AND (part.p_container = ANY ('{\"LG CASE\",\"LG BOX\",\"LG PACK\",\"LG PKG\"}'::bpchar[])) AND (lineitem.l_quantity >= '21'::numeric) AND (lineitem.l_quantity <= '31'::numeric) AND (part.p_size <= 15)))",
                  "Plans": [
                    {
                      "Node Type": "Seq Scan",
                      "Parent Relationship": "Outer",
                      "Parallel Aware": true,
                      "Async Capable": false,
                      "Relation Name": "lineitem",
                      "Alias": "lineitem",
                      "Startup Cost": 0.0,
                      "Total Cost": 1874399.7,
                      "Plan Rows": 477800,
                      "Plan Width": 21,
                      "Filter": "((l_shipmode = ANY ('{AIR,\"AIR REG\"}'::bpchar[])) AND (l_shipinstruct = 'DELIVER IN PERSON'::bpchar) AND (((l_quantity >= '8'::numeric) AND (l_quantity <= '18'::numeric)) OR ((l_quantity >= '11'::numeric) AND (l_quantity <= '21'::numeric)) OR ((l_quantity >= '21'::numeric) AND (l_quantity <= '31'::numeric))))",
                      "parent": 3,
                      "ID": 4
                    },
                    {
                      "Node Type": "Hash",
                      "Parent Relationship": "Inner",
                      "Parallel Aware": true,
                      "Async Capable": false,
                      "Startup Cost": 76377.36,
                      "Total Cost": 76377.36,
                      "Plan Rows": 2033,
                      "Plan Width": 30,
                      "Plans": [
                        {
                          "Node Type": "Seq Scan",
                          "Parent Relationship": "Outer",
                          "Parallel Aware": true,
                          "Async Capable": false,
                          "Relation Name": "part",
                          "Alias": "part",
                          "Startup Cost": 0.0,
                          "Total Cost": 76377.36,
                          "Plan Rows": 2033,
                          "Plan Width": 30,
                          "Filter": "((p_size >= 1) AND (((p_brand = 'Brand#13'::bpchar) AND (p_container = ANY ('{\"SM CASE\",\"SM BOX\",\"SM PACK\",\"SM PKG\"}'::bpchar[])) AND (p_size <= 5)) OR ((p_brand = 'Brand#12'::bpchar) AND (p_container = ANY ('{\"MED BAG\",\"MED BOX\",\"MED PKG\",\"MED PACK\"}'::bpchar[])) AND (p_size <= 10)) OR ((p_brand = 'Brand#32'::bpchar) AND (p_container = ANY ('{\"LG CASE\",\"LG BOX\",\"LG PACK\",\"LG PKG\"}'::bpchar[])) AND (p_size <= 15))))",
                          "parent": 5,
                          "ID": 6
                        }
                      ],
                      "parent": 3,
                      "ID": 5,
                      "left": 6
                    }
                  ],
                  "parent": 2,
                  "ID": 3,
                  "left": 4,
                  "right": 5
                }
              ],
              "parent": 1,
              "ID": 2,
              "left": 3
            }
          ],
          "parent": 0,
          "ID": 1,
          "left": 2
        }
      ],
      "parent": null,
      "ID": 0,
      "left": 1
    },
    "feat": {
      "utility": 0.9518072550782706,
      "query_shape": [
        [
          "Seq Scan",
          "Hash Join",
          "Aggregate",
          "Gather"
        ],
        [
          "Seq Scan",
          "Hash",
          "Hash Join",
          "Aggregate",
          "Gather"
        ]
      ],
      "index_shape": [
        "selection"
      ],
      "physical_operator": {
        "Seq Scan": [
          0.007963333333333322
        ]
      }
    }
  },
  {
    "query": "-- Functional Query Definition\n-- Approved February 1998\n\n\nselect\nsum(l_extendedprice* (1 - l_discount)) as revenue\nfrom\nlineitem,\npart\nwhere\n(\np_partkey = l_partkey\nand p_brand = 'Brand#13'\nand p_container in ('SM CASE', 'SM BOX', 'SM PACK', 'SM PKG')\nand l_quantity >= 8 and l_quantity <= 8 + 10\nand p_size between 1 and 5\nand l_shipmode in ('AIR', 'AIR REG')\nand l_shipinstruct = 'DELIVER IN PERSON'\n)\nor\n(\np_partkey = l_partkey\nand p_brand = 'Brand#12'\nand p_container in ('MED BAG', 'MED BOX', 'MED PKG', 'MED PACK')\nand l_quantity >= 11 and l_quantity <= 11 + 10\nand p_size between 1 and 10\nand l_shipmode in ('AIR', 'AIR REG')\nand l_shipinstruct = 'DELIVER IN PERSON'\n)\nor\n(\np_partkey = l_partkey\nand p_brand = 'Brand#32'\nand p_container in ('LG CASE', 'LG BOX', 'LG PACK', 'LG PKG')\nand l_quantity >= 21 and l_quantity <= 21 + 10\nand p_size between 1 and 15\nand l_shipmode in ('AIR', 'AIR REG')\nand l_shipinstruct = 'DELIVER IN PERSON'\n) ;\n-- $ID$\n-- TPC-H/TPC-R Potential Part Promotion ",
    "indexes": "part.p_partkey",
    "wo plan est": {
      "Node Type": "Aggregate",
      "Strategy": "Plain",
      "Partial Mode": "Finalize",
      "Parallel Aware": false,
      "Async Capable": false,
      "Startup Cost": 1953623.71,
      "Total Cost": 1953623.72,
      "Plan Rows": 1,
      "Plan Width": 32,
      "Plans": [
        {
          "Node Type": "Gather",
          "Parent Relationship": "Outer",
          "Parallel Aware": false,
          "Async Capable": false,
          "Startup Cost": 1953623.49,
          "Total Cost": 1953623.7,
          "Plan Rows": 2,
          "Plan Width": 32,
          "Workers Planned": 2,
          "Single Copy": false,
          "Plans": [
            {
              "Node Type": "Aggregate",
              "Strategy": "Plain",
              "Partial Mode": "Partial",
              "Parent Relationship": "Outer",
              "Parallel Aware": false,
              "Async Capable": false,
              "Startup Cost": 1952623.49,
              "Total Cost": 1952623.5,
              "Plan Rows": 1,
              "Plan Width": 32,
              "Plans": [
                {
                  "Node Type": "Hash Join",
                  "Parent Relationship": "Outer",
                  "Parallel Aware": true,
                  "Async Capable": false,
                  "Join Type": "Inner",
                  "Startup Cost": 76402.77,
                  "Total Cost": 1952619.96,
                  "Plan Rows": 470,
                  "Plan Width": 12,
                  "Inner Unique": false,
                  "Hash Cond": "(lineitem.l_partkey = part.p_partkey)",
                  "Join Filter": "(((part.p_brand = 'Brand#13'::bpchar) AND (part.p_container = ANY ('{\"SM CASE\",\"SM BOX\",\"SM PACK\",\"SM PKG\"}'::bpchar[])) AND (lineitem.l_quantity >= '8'::numeric) AND (lineitem.l_quantity <= '18'::numeric) AND (part.p_size <= 5)) OR ((part.p_brand = 'Brand#12'::bpchar) AND (part.p_container = ANY ('{\"MED BAG\",\"MED BOX\",\"MED PKG\",\"MED PACK\"}'::bpchar[])) AND (lineitem.l_quantity >= '11'::numeric) AND (lineitem.l_quantity <= '21'::numeric) AND (part.p_size <= 10)) OR ((part.p_brand = 'Brand#32'::bpchar) AND (part.p_container = ANY ('{\"LG CASE\",\"LG BOX\",\"LG PACK\",\"LG PKG\"}'::bpchar[])) AND (lineitem.l_quantity >= '21'::numeric) AND (lineitem.l_quantity <= '31'::numeric) AND (part.p_size <= 15)))",
                  "Plans": [
                    {
                      "Node Type": "Seq Scan",
                      "Parent Relationship": "Outer",
                      "Parallel Aware": true,
                      "Async Capable": false,
                      "Relation Name": "lineitem",
                      "Alias": "lineitem",
                      "Startup Cost": 0.0,
                      "Total Cost": 1874399.7,
                      "Plan Rows": 477800,
                      "Plan Width": 21,
                      "Filter": "((l_shipmode = ANY ('{AIR,\"AIR REG\"}'::bpchar[])) AND (l_shipinstruct = 'DELIVER IN PERSON'::bpchar) AND (((l_quantity >= '8'::numeric) AND (l_quantity <= '18'::numeric)) OR ((l_quantity >= '11'::numeric) AND (l_quantity <= '21'::numeric)) OR ((l_quantity >= '21'::numeric) AND (l_quantity <= '31'::numeric))))",
                      "parent": 3,
                      "ID": 4
                    },
                    {
                      "Node Type": "Hash",
                      "Parent Relationship": "Inner",
                      "Parallel Aware": true,
                      "Async Capable": false,
                      "Startup Cost": 76377.36,
                      "Total Cost": 76377.36,
                      "Plan Rows": 2033,
                      "Plan Width": 30,
                      "Plans": [
                        {
                          "Node Type": "Seq Scan",
                          "Parent Relationship": "Outer",
                          "Parallel Aware": true,
                          "Async Capable": false,
                          "Relation Name": "part",
                          "Alias": "part",
                          "Startup Cost": 0.0,
                          "Total Cost": 76377.36,
                          "Plan Rows": 2033,
                          "Plan Width": 30,
                          "Filter": "((p_size >= 1) AND (((p_brand = 'Brand#13'::bpchar) AND (p_container = ANY ('{\"SM CASE\",\"SM BOX\",\"SM PACK\",\"SM PKG\"}'::bpchar[])) AND (p_size <= 5)) OR ((p_brand = 'Brand#12'::bpchar) AND (p_container = ANY ('{\"MED BAG\",\"MED BOX\",\"MED PKG\",\"MED PACK\"}'::bpchar[])) AND (p_size <= 10)) OR ((p_brand = 'Brand#32'::bpchar) AND (p_container = ANY ('{\"LG CASE\",\"LG BOX\",\"LG PACK\",\"LG PKG\"}'::bpchar[])) AND (p_size <= 15))))",
                          "parent": 5,
                          "ID": 6
                        }
                      ],
                      "parent": 3,
                      "ID": 5,
                      "left": 6
                    }
                  ],
                  "parent": 2,
                  "ID": 3,
                  "left": 4,
                  "right": 5
                }
              ],
              "parent": 1,
              "ID": 2,
              "left": 3
            }
          ],
          "parent": 0,
          "ID": 1,
          "left": 2
        }
      ],
      "parent": null,
      "ID": 0,
      "left": 1
    },
    "feat": {
      "utility": 0.039068031075483366,
      "query_shape": [
        [
          "Seq Scan",
          "Hash Join",
          "Aggregate",
          "Gather"
        ],
        [
          "Seq Scan",
          "Hash",
          "Hash Join",
          "Aggregate",
          "Gather"
        ]
      ],
      "index_shape": [
        "join"
      ],
      "physical_operator": {
        "Hash Join": [
          0.0006955961457502748
        ]
      }
    }
  },
  {
    "query": "-- Functional Query Definition\n-- Approved February 1998\n\n\nselect\nsum(l_extendedprice* (1 - l_discount)) as revenue\nfrom\nlineitem,\npart\nwhere\n(\np_partkey = l_partkey\nand p_brand = 'Brand#13'\nand p_container in ('SM CASE', 'SM BOX', 'SM PACK', 'SM PKG')\nand l_quantity >= 8 and l_quantity <= 8 + 10\nand p_size between 1 and 5\nand l_shipmode in ('AIR', 'AIR REG')\nand l_shipinstruct = 'DELIVER IN PERSON'\n)\nor\n(\np_partkey = l_partkey\nand p_brand = 'Brand#12'\nand p_container in ('MED BAG', 'MED BOX', 'MED PKG', 'MED PACK')\nand l_quantity >= 11 and l_quantity <= 11 + 10\nand p_size between 1 and 10\nand l_shipmode in ('AIR', 'AIR REG')\nand l_shipinstruct = 'DELIVER IN PERSON'\n)\nor\n(\np_partkey = l_partkey\nand p_brand = 'Brand#32'\nand p_container in ('LG CASE', 'LG BOX', 'LG PACK', 'LG PKG')\nand l_quantity >= 21 and l_quantity <= 21 + 10\nand p_size between 1 and 15\nand l_shipmode in ('AIR', 'AIR REG')\nand l_shipinstruct = 'DELIVER IN PERSON'\n) ;\n-- $ID$\n-- TPC-H/TPC-R Potential Part Promotion ",
    "indexes": "part.p_brand",
    "wo plan est": {
      "Node Type": "Aggregate",
      "Strategy": "Plain",
      "Partial Mode": "Finalize",
      "Parallel Aware": false,
      "Async Capable": false,
      "Startup Cost": 1953623.71,
      "Total Cost": 1953623.72,
      "Plan Rows": 1,
      "Plan Width": 32,
      "Plans": [
        {
          "Node Type": "Gather",
          "Parent Relationship": "Outer",
          "Parallel Aware": false,
          "Async Capable": false,
          "Startup Cost": 1953623.49,
          "Total Cost": 1953623.7,
          "Plan Rows": 2,
          "Plan Width": 32,
          "Workers Planned": 2,
          "Single Copy": false,
          "Plans": [
            {
              "Node Type": "Aggregate",
              "Strategy": "Plain",
              "Partial Mode": "Partial",
              "Parent Relationship": "Outer",
              "Parallel Aware": false,
              "Async Capable": false,
              "Startup Cost": 1952623.49,
              "Total Cost": 1952623.5,
              "Plan Rows": 1,
              "Plan Width": 32,
              "Plans": [
                {
                  "Node Type": "Hash Join",
                  "Parent Relationship": "Outer",
                  "Parallel Aware": true,
                  "Async Capable": false,
                  "Join Type": "Inner",
                  "Startup Cost": 76402.77,
                  "Total Cost": 1952619.96,
                  "Plan Rows": 470,
                  "Plan Width": 12,
                  "Inner Unique": false,
                  "Hash Cond": "(lineitem.l_partkey = part.p_partkey)",
                  "Join Filter": "(((part.p_brand = 'Brand#13'::bpchar) AND (part.p_container = ANY ('{\"SM CASE\",\"SM BOX\",\"SM PACK\",\"SM PKG\"}'::bpchar[])) AND (lineitem.l_quantity >= '8'::numeric) AND (lineitem.l_quantity <= '18'::numeric) AND (part.p_size <= 5)) OR ((part.p_brand = 'Brand#12'::bpchar) AND (part.p_container = ANY ('{\"MED BAG\",\"MED BOX\",\"MED PKG\",\"MED PACK\"}'::bpchar[])) AND (lineitem.l_quantity >= '11'::numeric) AND (lineitem.l_quantity <= '21'::numeric) AND (part.p_size <= 10)) OR ((part.p_brand = 'Brand#32'::bpchar) AND (part.p_container = ANY ('{\"LG CASE\",\"LG BOX\",\"LG PACK\",\"LG PKG\"}'::bpchar[])) AND (lineitem.l_quantity >= '21'::numeric) AND (lineitem.l_quantity <= '31'::numeric) AND (part.p_size <= 15)))",
                  "Plans": [
                    {
                      "Node Type": "Seq Scan",
                      "Parent Relationship": "Outer",
                      "Parallel Aware": true,
                      "Async Capable": false,
                      "Relation Name": "lineitem",
                      "Alias": "lineitem",
                      "Startup Cost": 0.0,
                      "Total Cost": 1874399.7,
                      "Plan Rows": 477800,
                      "Plan Width": 21,
                      "Filter": "((l_shipmode = ANY ('{AIR,\"AIR REG\"}'::bpchar[])) AND (l_shipinstruct = 'DELIVER IN PERSON'::bpchar) AND (((l_quantity >= '8'::numeric) AND (l_quantity <= '18'::numeric)) OR ((l_quantity >= '11'::numeric) AND (l_quantity <= '21'::numeric)) OR ((l_quantity >= '21'::numeric) AND (l_quantity <= '31'::numeric))))",
                      "parent": 3,
                      "ID": 4
                    },
                    {
                      "Node Type": "Hash",
                      "Parent Relationship": "Inner",
                      "Parallel Aware": true,
                      "Async Capable": false,
                      "Startup Cost": 76377.36,
                      "Total Cost": 76377.36,
                      "Plan Rows": 2033,
                      "Plan Width": 30,
                      "Plans": [
                        {
                          "Node Type": "Seq Scan",
                          "Parent Relationship": "Outer",
                          "Parallel Aware": true,
                          "Async Capable": false,
                          "Relation Name": "part",
                          "Alias": "part",
                          "Startup Cost": 0.0,
                          "Total Cost": 76377.36,
                          "Plan Rows": 2033,
                          "Plan Width": 30,
                          "Filter": "((p_size >= 1) AND (((p_brand = 'Brand#13'::bpchar) AND (p_container = ANY ('{\"SM CASE\",\"SM BOX\",\"SM PACK\",\"SM PKG\"}'::bpchar[])) AND (p_size <= 5)) OR ((p_brand = 'Brand#12'::bpchar) AND (p_container = ANY ('{\"MED BAG\",\"MED BOX\",\"MED PKG\",\"MED PACK\"}'::bpchar[])) AND (p_size <= 10)) OR ((p_brand = 'Brand#32'::bpchar) AND (p_container = ANY ('{\"LG CASE\",\"LG BOX\",\"LG PACK\",\"LG PKG\"}'::bpchar[])) AND (p_size <= 15))))",
                          "parent": 5,
                          "ID": 6
                        }
                      ],
                      "parent": 3,
                      "ID": 5,
                      "left": 6
                    }
                  ],
                  "parent": 2,
                  "ID": 3,
                  "left": 4,
                  "right": 5
                }
              ],
              "parent": 1,
              "ID": 2,
              "left": 3
            }
          ],
          "parent": 0,
          "ID": 1,
          "left": 2
        }
      ],
      "parent": null,
      "ID": 0,
      "left": 1
    },
    "feat": {
      "utility": 0.07812351634240058,
      "query_shape": [
        [
          "Seq Scan",
          "Hash Join",
          "Aggregate",
          "Gather"
        ],
        [
          "Seq Scan",
          "Hash",
          "Hash Join",
          "Aggregate",
          "Gather"
        ]
      ],
      "index_shape": [
        "join"
      ],
      "physical_operator": {
        "Seq Scan": [
          0.0010164999999999758
        ],
        "Hash Join": [
          0.0006955961457502748
        ]
      }
    }
  },
  {
    "query": "-- Functional Query Definition\n-- Approved February 1998\n\n\nselect\nsum(l_extendedprice* (1 - l_discount)) as revenue\nfrom\nlineitem,\npart\nwhere\n(\np_partkey = l_partkey\nand p_brand = 'Brand#13'\nand p_container in ('SM CASE', 'SM BOX', 'SM PACK', 'SM PKG')\nand l_quantity >= 8 and l_quantity <= 8 + 10\nand p_size between 1 and 5\nand l_shipmode in ('AIR', 'AIR REG')\nand l_shipinstruct = 'DELIVER IN PERSON'\n)\nor\n(\np_partkey = l_partkey\nand p_brand = 'Brand#12'\nand p_container in ('MED BAG', 'MED BOX', 'MED PKG', 'MED PACK')\nand l_quantity >= 11 and l_quantity <= 11 + 10\nand p_size between 1 and 10\nand l_shipmode in ('AIR', 'AIR REG')\nand l_shipinstruct = 'DELIVER IN PERSON'\n)\nor\n(\np_partkey = l_partkey\nand p_brand = 'Brand#32'\nand p_container in ('LG CASE', 'LG BOX', 'LG PACK', 'LG PKG')\nand l_quantity >= 21 and l_quantity <= 21 + 10\nand p_size between 1 and 15\nand l_shipmode in ('AIR', 'AIR REG')\nand l_shipinstruct = 'DELIVER IN PERSON'\n) ;\n-- $ID$\n-- TPC-H/TPC-R Potential Part Promotion ",
    "indexes": "part.p_size",
    "wo plan est": {
      "Node Type": "Aggregate",
      "Strategy": "Plain",
      "Partial Mode": "Finalize",
      "Parallel Aware": false,
      "Async Capable": false,
      "Startup Cost": 1953623.71,
      "Total Cost": 1953623.72,
      "Plan Rows": 1,
      "Plan Width": 32,
      "Plans": [
        {
          "Node Type": "Gather",
          "Parent Relationship": "Outer",
          "Parallel Aware": false,
          "Async Capable": false,
          "Startup Cost": 1953623.49,
          "Total Cost": 1953623.7,
          "Plan Rows": 2,
          "Plan Width": 32,
          "Workers Planned": 2,
          "Single Copy": false,
          "Plans": [
            {
              "Node Type": "Aggregate",
              "Strategy": "Plain",
              "Partial Mode": "Partial",
              "Parent Relationship": "Outer",
              "Parallel Aware": false,
              "Async Capable": false,
              "Startup Cost": 1952623.49,
              "Total Cost": 1952623.5,
              "Plan Rows": 1,
              "Plan Width": 32,
              "Plans": [
                {
                  "Node Type": "Hash Join",
                  "Parent Relationship": "Outer",
                  "Parallel Aware": true,
                  "Async Capable": false,
                  "Join Type": "Inner",
                  "Startup Cost": 76402.77,
                  "Total Cost": 1952619.96,
                  "Plan Rows": 470,
                  "Plan Width": 12,
                  "Inner Unique": false,
                  "Hash Cond": "(lineitem.l_partkey = part.p_partkey)",
                  "Join Filter": "(((part.p_brand = 'Brand#13'::bpchar) AND (part.p_container = ANY ('{\"SM CASE\",\"SM BOX\",\"SM PACK\",\"SM PKG\"}'::bpchar[])) AND (lineitem.l_quantity >= '8'::numeric) AND (lineitem.l_quantity <= '18'::numeric) AND (part.p_size <= 5)) OR ((part.p_brand = 'Brand#12'::bpchar) AND (part.p_container = ANY ('{\"MED BAG\",\"MED BOX\",\"MED PKG\",\"MED PACK\"}'::bpchar[])) AND (lineitem.l_quantity >= '11'::numeric) AND (lineitem.l_quantity <= '21'::numeric) AND (part.p_size <= 10)) OR ((part.p_brand = 'Brand#32'::bpchar) AND (part.p_container = ANY ('{\"LG CASE\",\"LG BOX\",\"LG PACK\",\"LG PKG\"}'::bpchar[])) AND (lineitem.l_quantity >= '21'::numeric) AND (lineitem.l_quantity <= '31'::numeric) AND (part.p_size <= 15)))",
                  "Plans": [
                    {
                      "Node Type": "Seq Scan",
                      "Parent Relationship": "Outer",
                      "Parallel Aware": true,
                      "Async Capable": false,
                      "Relation Name": "lineitem",
                      "Alias": "lineitem",
                      "Startup Cost": 0.0,
                      "Total Cost": 1874399.7,
                      "Plan Rows": 477800,
                      "Plan Width": 21,
                      "Filter": "((l_shipmode = ANY ('{AIR,\"AIR REG\"}'::bpchar[])) AND (l_shipinstruct = 'DELIVER IN PERSON'::bpchar) AND (((l_quantity >= '8'::numeric) AND (l_quantity <= '18'::numeric)) OR ((l_quantity >= '11'::numeric) AND (l_quantity <= '21'::numeric)) OR ((l_quantity >= '21'::numeric) AND (l_quantity <= '31'::numeric))))",
                      "parent": 3,
                      "ID": 4
                    },
                    {
                      "Node Type": "Hash",
                      "Parent Relationship": "Inner",
                      "Parallel Aware": true,
                      "Async Capable": false,
                      "Startup Cost": 76377.36,
                      "Total Cost": 76377.36,
                      "Plan Rows": 2033,
                      "Plan Width": 30,
                      "Plans": [
                        {
                          "Node Type": "Seq Scan",
                          "Parent Relationship": "Outer",
                          "Parallel Aware": true,
                          "Async Capable": false,
                          "Relation Name": "part",
                          "Alias": "part",
                          "Startup Cost": 0.0,
                          "Total Cost": 76377.36,
                          "Plan Rows": 2033,
                          "Plan Width": 30,
                          "Filter": "((p_size >= 1) AND (((p_brand = 'Brand#13'::bpchar) AND (p_container = ANY ('{\"SM CASE\",\"SM BOX\",\"SM PACK\",\"SM PKG\"}'::bpchar[])) AND (p_size <= 5)) OR ((p_brand = 'Brand#12'::bpchar) AND (p_container = ANY ('{\"MED BAG\",\"MED BOX\",\"MED PKG\",\"MED PACK\"}'::bpchar[])) AND (p_size <= 10)) OR ((p_brand = 'Brand#32'::bpchar) AND (p_container = ANY ('{\"LG CASE\",\"LG BOX\",\"LG PACK\",\"LG PKG\"}'::bpchar[])) AND (p_size <= 15))))",
                          "parent": 5,
                          "ID": 6
                        }
                      ],
                      "parent": 3,
                      "ID": 5,
                      "left": 6
                    }
                  ],
                  "parent": 2,
                  "ID": 3,
                  "left": 4,
                  "right": 5
                }
              ],
              "parent": 1,
              "ID": 2,
              "left": 3
            }
          ],
          "parent": 0,
          "ID": 1,
          "left": 2
        }
      ],
      "parent": null,
      "ID": 0,
      "left": 1
    },
    "feat": {
      "utility": 0.07812351634240058,
      "query_shape": [
        [
          "Seq Scan",
          "Hash Join",
          "Aggregate",
          "Gather"
        ],
        [
          "Seq Scan",
          "Hash",
          "Hash Join",
          "Aggregate",
          "Gather"
        ]
      ],
      "index_shape": [
        "join"
      ],
      "physical_operator": {
        "Seq Scan": [
          0.0010164999999999758
        ],
        "Hash Join": [
          0.0006955961457502748
        ]
      }
    }
  },
  {
    "query": "-- Functional Query Definition\n-- Approved February 1998\n\n\nselect\nsum(l_extendedprice* (1 - l_discount)) as revenue\nfrom\nlineitem,\npart\nwhere\n(\np_partkey = l_partkey\nand p_brand = 'Brand#13'\nand p_container in ('SM CASE', 'SM BOX', 'SM PACK', 'SM PKG')\nand l_quantity >= 8 and l_quantity <= 8 + 10\nand p_size between 1 and 5\nand l_shipmode in ('AIR', 'AIR REG')\nand l_shipinstruct = 'DELIVER IN PERSON'\n)\nor\n(\np_partkey = l_partkey\nand p_brand = 'Brand#12'\nand p_container in ('MED BAG', 'MED BOX', 'MED PKG', 'MED PACK')\nand l_quantity >= 11 and l_quantity <= 11 + 10\nand p_size between 1 and 10\nand l_shipmode in ('AIR', 'AIR REG')\nand l_shipinstruct = 'DELIVER IN PERSON'\n)\nor\n(\np_partkey = l_partkey\nand p_brand = 'Brand#32'\nand p_container in ('LG CASE', 'LG BOX', 'LG PACK', 'LG PKG')\nand l_quantity >= 21 and l_quantity <= 21 + 10\nand p_size between 1 and 15\nand l_shipmode in ('AIR', 'AIR REG')\nand l_shipinstruct = 'DELIVER IN PERSON'\n) ;\n-- $ID$\n-- TPC-H/TPC-R Potential Part Promotion ",
    "indexes": "part.p_container",
    "wo plan est": {
      "Node Type": "Aggregate",
      "Strategy": "Plain",
      "Partial Mode": "Finalize",
      "Parallel Aware": false,
      "Async Capable": false,
      "Startup Cost": 1953623.71,
      "Total Cost": 1953623.72,
      "Plan Rows": 1,
      "Plan Width": 32,
      "Plans": [
        {
          "Node Type": "Gather",
          "Parent Relationship": "Outer",
          "Parallel Aware": false,
          "Async Capable": false,
          "Startup Cost": 1953623.49,
          "Total Cost": 1953623.7,
          "Plan Rows": 2,
          "Plan Width": 32,
          "Workers Planned": 2,
          "Single Copy": false,
          "Plans": [
            {
              "Node Type": "Aggregate",
              "Strategy": "Plain",
              "Partial Mode": "Partial",
              "Parent Relationship": "Outer",
              "Parallel Aware": false,
              "Async Capable": false,
              "Startup Cost": 1952623.49,
              "Total Cost": 1952623.5,
              "Plan Rows": 1,
              "Plan Width": 32,
              "Plans": [
                {
                  "Node Type": "Hash Join",
                  "Parent Relationship": "Outer",
                  "Parallel Aware": true,
                  "Async Capable": false,
                  "Join Type": "Inner",
                  "Startup Cost": 76402.77,
                  "Total Cost": 1952619.96,
                  "Plan Rows": 470,
                  "Plan Width": 12,
                  "Inner Unique": false,
                  "Hash Cond": "(lineitem.l_partkey = part.p_partkey)",
                  "Join Filter": "(((part.p_brand = 'Brand#13'::bpchar) AND (part.p_container = ANY ('{\"SM CASE\",\"SM BOX\",\"SM PACK\",\"SM PKG\"}'::bpchar[])) AND (lineitem.l_quantity >= '8'::numeric) AND (lineitem.l_quantity <= '18'::numeric) AND (part.p_size <= 5)) OR ((part.p_brand = 'Brand#12'::bpchar) AND (part.p_container = ANY ('{\"MED BAG\",\"MED BOX\",\"MED PKG\",\"MED PACK\"}'::bpchar[])) AND (lineitem.l_quantity >= '11'::numeric) AND (lineitem.l_quantity <= '21'::numeric) AND (part.p_size <= 10)) OR ((part.p_brand = 'Brand#32'::bpchar) AND (part.p_container = ANY ('{\"LG CASE\",\"LG BOX\",\"LG PACK\",\"LG PKG\"}'::bpchar[])) AND (lineitem.l_quantity >= '21'::numeric) AND (lineitem.l_quantity <= '31'::numeric) AND (part.p_size <= 15)))",
                  "Plans": [
                    {
                      "Node Type": "Seq Scan",
                      "Parent Relationship": "Outer",
                      "Parallel Aware": true,
                      "Async Capable": false,
                      "Relation Name": "lineitem",
                      "Alias": "lineitem",
                      "Startup Cost": 0.0,
                      "Total Cost": 1874399.7,
                      "Plan Rows": 477800,
                      "Plan Width": 21,
                      "Filter": "((l_shipmode = ANY ('{AIR,\"AIR REG\"}'::bpchar[])) AND (l_shipinstruct = 'DELIVER IN PERSON'::bpchar) AND (((l_quantity >= '8'::numeric) AND (l_quantity <= '18'::numeric)) OR ((l_quantity >= '11'::numeric) AND (l_quantity <= '21'::numeric)) OR ((l_quantity >= '21'::numeric) AND (l_quantity <= '31'::numeric))))",
                      "parent": 3,
                      "ID": 4
                    },
                    {
                      "Node Type": "Hash",
                      "Parent Relationship": "Inner",
                      "Parallel Aware": true,
                      "Async Capable": false,
                      "Startup Cost": 76377.36,
                      "Total Cost": 76377.36,
                      "Plan Rows": 2033,
                      "Plan Width": 30,
                      "Plans": [
                        {
                          "Node Type": "Seq Scan",
                          "Parent Relationship": "Outer",
                          "Parallel Aware": true,
                          "Async Capable": false,
                          "Relation Name": "part",
                          "Alias": "part",
                          "Startup Cost": 0.0,
                          "Total Cost": 76377.36,
                          "Plan Rows": 2033,
                          "Plan Width": 30,
                          "Filter": "((p_size >= 1) AND (((p_brand = 'Brand#13'::bpchar) AND (p_container = ANY ('{\"SM CASE\",\"SM BOX\",\"SM PACK\",\"SM PKG\"}'::bpchar[])) AND (p_size <= 5)) OR ((p_brand = 'Brand#12'::bpchar) AND (p_container = ANY ('{\"MED BAG\",\"MED BOX\",\"MED PKG\",\"MED PACK\"}'::bpchar[])) AND (p_size <= 10)) OR ((p_brand = 'Brand#32'::bpchar) AND (p_container = ANY ('{\"LG CASE\",\"LG BOX\",\"LG PACK\",\"LG PKG\"}'::bpchar[])) AND (p_size <= 15))))",
                          "parent": 5,
                          "ID": 6
                        }
                      ],
                      "parent": 3,
                      "ID": 5,
                      "left": 6
                    }
                  ],
                  "parent": 2,
                  "ID": 3,
                  "left": 4,
                  "right": 5
                }
              ],
              "parent": 1,
              "ID": 2,
              "left": 3
            }
          ],
          "parent": 0,
          "ID": 1,
          "left": 2
        }
      ],
      "parent": null,
      "ID": 0,
      "left": 1
    },
    "feat": {
      "utility": 0.07812351634240058,
      "query_shape": [
        [
          "Seq Scan",
          "Hash Join",
          "Aggregate",
          "Gather"
        ],
        [
          "Seq Scan",
          "Hash",
          "Hash Join",
          "Aggregate",
          "Gather"
        ]
      ],
      "index_shape": [
        "join"
      ],
      "physical_operator": {
        "Seq Scan": [
          0.0010164999999999758
        ],
        "Hash Join": [
          0.0006955961457502748
        ]
      }
    }
  },
  {
    "query": "-- Functional Query Definition\n-- Approved February 1998\n\n\nselect\nc_count,\ncount(*) as custdist\nfrom\n(\nselect\nc_custkey,\ncount(o_orderkey) c_count\nfrom\ncustomer left outer join orders on\nc_custkey = o_custkey\nand o_comment not like '%unusual%packages%'\ngroup by\nc_custkey\n) as alias123 \ngroup by\nc_count\norder by\ncustdist desc,\nc_count desc ;\n-- $ID$\n-- TPC-H/TPC-R Promotion Effect ",
    "indexes": "customer.c_custkey",
    "wo plan est": {
      "Node Type": "Sort",
      "Parallel Aware": false,
      "Async Capable": false,
      "Startup Cost": 1510924.35,
      "Total Cost": 1510924.85,
      "Plan Rows": 200,
      "Plan Width": 16,
      "Sort Key": [
        "(count(*)) DESC",
        "(count(orders.o_orderkey)) DESC"
      ],
      "Plans": [
        {
          "Node Type": "Aggregate",
          "Strategy": "Hashed",
          "Partial Mode": "Simple",
          "Parent Relationship": "Outer",
          "Parallel Aware": false,
          "Async Capable": false,
          "Startup Cost": 1510914.7,
          "Total Cost": 1510916.7,
          "Plan Rows": 200,
          "Plan Width": 16,
          "Group Key": [
            "count(orders.o_orderkey)"
          ],
          "Planned Partitions": 0,
          "Plans": [
            {
              "Node Type": "Aggregate",
              "Strategy": "Hashed",
              "Partial Mode": "Finalize",
              "Parent Relationship": "Outer",
              "Parallel Aware": false,
              "Async Capable": false,
              "Startup Cost": 1444122.95,
              "Total Cost": 1488416.43,
              "Plan Rows": 1499885,
              "Plan Width": 12,
              "Group Key": [
                "customer.c_custkey"
              ],
              "Planned Partitions": 64,
              "Plans": [
                {
                  "Node Type": "Gather",
                  "Parent Relationship": "Outer",
                  "Parallel Aware": false,
                  "Async Capable": false,
                  "Startup Cost": 889135.92,
                  "Total Cost": 1251950.18,
                  "Plan Rows": 2999770,
                  "Plan Width": 12,
                  "Workers Planned": 2,
                  "Single Copy": false,
                  "Plans": [
                    {
                      "Node Type": "Aggregate",
                      "Strategy": "Hashed",
                      "Partial Mode": "Partial",
                      "Parent Relationship": "Outer",
                      "Parallel Aware": false,
                      "Async Capable": false,
                      "Startup Cost": 888135.92,
                      "Total Cost": 950973.18,
                      "Plan Rows": 1499885,
                      "Plan Width": 12,
                      "Group Key": [
                        "customer.c_custkey"
                      ],
                      "Planned Partitions": 64,
                      "Plans": [
                        {
                          "Node Type": "Hash Join",
                          "Parent Relationship": "Outer",
                          "Parallel Aware": true,
                          "Async Capable": false,
                          "Join Type": "Left",
                          "Startup Cost": 439493.1,
                          "Total Cost": 543699.34,
                          "Plan Rows": 6123317,
                          "Plan Width": 8,
                          "Inner Unique": false,
                          "Hash Cond": "(customer.c_custkey = orders.o_custkey)",
                          "Plans": [
                            {
                              "Node Type": "Seq Scan",
                              "Parent Relationship": "Outer",
                              "Parallel Aware": true,
                              "Async Capable": false,
                              "Relation Name": "customer",
                              "Alias": "customer",
                              "Startup Cost": 0.0,
                              "Total Cost": 42076.52,
                              "Plan Rows": 624952,
                              "Plan Width": 4,
                              "parent": 5,
                              "ID": 6
                            },
                            {
                              "Node Type": "Hash",
                              "Parent Relationship": "Inner",
                              "Parallel Aware": true,
                              "Async Capable": false,
                              "Startup Cost": 339031.64,
                              "Total Cost": 339031.64,
                              "Plan Rows": 6123317,
                              "Plan Width": 8,
                              "Plans": [
                                {
                                  "Node Type": "Seq Scan",
                                  "Parent Relationship": "Outer",
                                  "Parallel Aware": true,
                                  "Async Capable": false,
                                  "Relation Name": "orders",
                                  "Alias": "orders",
                                  "Startup Cost": 0.0,
                                  "Total Cost": 339031.64,
                                  "Plan Rows": 6123317,
                                  "Plan Width": 8,
                                  "Filter": "((o_comment)::text !~~ '%unusual%packages%'::text)",
                                  "parent": 7,
                                  "ID": 8
                                }
                              ],
                              "parent": 5,
                              "ID": 7,
                              "left": 8
                            }
                          ],
                          "parent": 4,
                          "ID": 5,
                          "left": 6,
                          "right": 7
                        }
                      ],
                      "parent": 3,
                      "ID": 4,
                      "left": 5
                    }
                  ],
                  "parent": 2,
                  "ID": 3,
                  "left": 4
                }
              ],
              "parent": 1,
              "ID": 2,
              "left": 3
            }
          ],
          "parent": 0,
          "ID": 1,
          "left": 2
        }
      ],
      "parent": null,
      "ID": 0,
      "left": 1
    },
    "feat": {
      "utility": 0.22410299139557036,
      "query_shape": [
        [
          "Seq Scan",
          "Hash Join",
          "Aggregate",
          "Gather"
        ],
        [
          "Seq Scan",
          "Hash",
          "Hash Join",
          "Aggregate",
          "Gather"
        ]
      ],
      "index_shape": [
        "join"
      ],
      "physical_operator": {
        "Hash Join": [
          0.0012649596394501718
        ],
        "Aggregate": [
          "[1.0000000e+00 3.0009800e+03 6.0009600e+03 9.0009400e+03 1.2000920e+04\n 1.5000900e+04 1.8000880e+04 2.1000860e+04 2.4000840e+04 2.7000820e+04\n 3.0000800e+04 3.3000780e+04 3.6000760e+04 3.9000740e+04 4.2000720e+04\n 4.5000700e+04 4.8000680e+04 5.1000660e+04 5.4000640e+04 5.7000620e+04\n 6.0000600e+04 6.3000580e+04 6.6000560e+04 6.9000540e+04 7.2000520e+04\n 7.5000500e+04 7.8000480e+04 8.1000460e+04 8.4000440e+04 8.7000420e+04\n 9.0000400e+04 9.3000380e+04 9.6000360e+04 9.9000340e+04 1.0200032e+05\n 1.0500030e+05 1.0800028e+05 1.1100026e+05 1.1400024e+05 1.1700022e+05\n 1.2000020e+05 1.2300018e+05 1.2600016e+05 1.2900014e+05 1.3200012e+05\n 1.3500010e+05 1.3800008e+05 1.4100006e+05 1.4400004e+05 1.4700002e+05\n 1.5000000e+05]",
          "[1.0000000e+00 3.0009800e+03 6.0009600e+03 9.0009400e+03 1.2000920e+04\n 1.5000900e+04 1.8000880e+04 2.1000860e+04 2.4000840e+04 2.7000820e+04\n 3.0000800e+04 3.3000780e+04 3.6000760e+04 3.9000740e+04 4.2000720e+04\n 4.5000700e+04 4.8000680e+04 5.1000660e+04 5.4000640e+04 5.7000620e+04\n 6.0000600e+04 6.3000580e+04 6.6000560e+04 6.9000540e+04 7.2000520e+04\n 7.5000500e+04 7.8000480e+04 8.1000460e+04 8.4000440e+04 8.7000420e+04\n 9.0000400e+04 9.3000380e+04 9.6000360e+04 9.9000340e+04 1.0200032e+05\n 1.0500030e+05 1.0800028e+05 1.1100026e+05 1.1400024e+05 1.1700022e+05\n 1.2000020e+05 1.2300018e+05 1.2600016e+05 1.2900014e+05 1.3200012e+05\n 1.3500010e+05 1.3800008e+05 1.4100006e+05 1.4400004e+05 1.4700002e+05\n 1.5000000e+05]"
        ]
      }
    }
  },
  {
    "query": "-- Functional Query Definition\n-- Approved February 1998\n\n\nselect\nc_count,\ncount(*) as custdist\nfrom\n(\nselect\nc_custkey,\ncount(o_orderkey) c_count\nfrom\ncustomer left outer join orders on\nc_custkey = o_custkey\nand o_comment not like '%unusual%packages%'\ngroup by\nc_custkey\n) as alias123 \ngroup by\nc_count\norder by\ncustdist desc,\nc_count desc ;\n-- $ID$\n-- TPC-H/TPC-R Promotion Effect ",
    "indexes": "orders.o_orderkey",
    "wo plan est": {
      "Node Type": "Sort",
      "Parallel Aware": false,
      "Async Capable": false,
      "Startup Cost": 1510924.35,
      "Total Cost": 1510924.85,
      "Plan Rows": 200,
      "Plan Width": 16,
      "Sort Key": [
        "(count(*)) DESC",
        "(count(orders.o_orderkey)) DESC"
      ],
      "Plans": [
        {
          "Node Type": "Aggregate",
          "Strategy": "Hashed",
          "Partial Mode": "Simple",
          "Parent Relationship": "Outer",
          "Parallel Aware": false,
          "Async Capable": false,
          "Startup Cost": 1510914.7,
          "Total Cost": 1510916.7,
          "Plan Rows": 200,
          "Plan Width": 16,
          "Group Key": [
            "count(orders.o_orderkey)"
          ],
          "Planned Partitions": 0,
          "Plans": [
            {
              "Node Type": "Aggregate",
              "Strategy": "Hashed",
              "Partial Mode": "Finalize",
              "Parent Relationship": "Outer",
              "Parallel Aware": false,
              "Async Capable": false,
              "Startup Cost": 1444122.95,
              "Total Cost": 1488416.43,
              "Plan Rows": 1499885,
              "Plan Width": 12,
              "Group Key": [
                "customer.c_custkey"
              ],
              "Planned Partitions": 64,
              "Plans": [
                {
                  "Node Type": "Gather",
                  "Parent Relationship": "Outer",
                  "Parallel Aware": false,
                  "Async Capable": false,
                  "Startup Cost": 889135.92,
                  "Total Cost": 1251950.18,
                  "Plan Rows": 2999770,
                  "Plan Width": 12,
                  "Workers Planned": 2,
                  "Single Copy": false,
                  "Plans": [
                    {
                      "Node Type": "Aggregate",
                      "Strategy": "Hashed",
                      "Partial Mode": "Partial",
                      "Parent Relationship": "Outer",
                      "Parallel Aware": false,
                      "Async Capable": false,
                      "Startup Cost": 888135.92,
                      "Total Cost": 950973.18,
                      "Plan Rows": 1499885,
                      "Plan Width": 12,
                      "Group Key": [
                        "customer.c_custkey"
                      ],
                      "Planned Partitions": 64,
                      "Plans": [
                        {
                          "Node Type": "Hash Join",
                          "Parent Relationship": "Outer",
                          "Parallel Aware": true,
                          "Async Capable": false,
                          "Join Type": "Left",
                          "Startup Cost": 439493.1,
                          "Total Cost": 543699.34,
                          "Plan Rows": 6123317,
                          "Plan Width": 8,
                          "Inner Unique": false,
                          "Hash Cond": "(customer.c_custkey = orders.o_custkey)",
                          "Plans": [
                            {
                              "Node Type": "Seq Scan",
                              "Parent Relationship": "Outer",
                              "Parallel Aware": true,
                              "Async Capable": false,
                              "Relation Name": "customer",
                              "Alias": "customer",
                              "Startup Cost": 0.0,
                              "Total Cost": 42076.52,
                              "Plan Rows": 624952,
                              "Plan Width": 4,
                              "parent": 5,
                              "ID": 6
                            },
                            {
                              "Node Type": "Hash",
                              "Parent Relationship": "Inner",
                              "Parallel Aware": true,
                              "Async Capable": false,
                              "Startup Cost": 339031.64,
                              "Total Cost": 339031.64,
                              "Plan Rows": 6123317,
                              "Plan Width": 8,
                              "Plans": [
                                {
                                  "Node Type": "Seq Scan",
                                  "Parent Relationship": "Outer",
                                  "Parallel Aware": true,
                                  "Async Capable": false,
                                  "Relation Name": "orders",
                                  "Alias": "orders",
                                  "Startup Cost": 0.0,
                                  "Total Cost": 339031.64,
                                  "Plan Rows": 6123317,
                                  "Plan Width": 8,
                                  "Filter": "((o_comment)::text !~~ '%unusual%packages%'::text)",
                                  "parent": 7,
                                  "ID": 8
                                }
                              ],
                              "parent": 5,
                              "ID": 7,
                              "left": 8
                            }
                          ],
                          "parent": 4,
                          "ID": 5,
                          "left": 6,
                          "right": 7
                        }
                      ],
                      "parent": 3,
                      "ID": 4,
                      "left": 5
                    }
                  ],
                  "parent": 2,
                  "ID": 3,
                  "left": 4
                }
              ],
              "parent": 1,
              "ID": 2,
              "left": 3
            }
          ],
          "parent": 0,
          "ID": 1,
          "left": 2
        }
      ],
      "parent": null,
      "ID": 0,
      "left": 1
    },
    "feat": {
      "utility": 0.0,
      "query_shape": [
        [
          "Seq Scan",
          "Hash Join",
          "Aggregate",
          "Gather"
        ],
        [
          "Seq Scan",
          "Hash",
          "Hash Join",
          "Aggregate",
          "Gather"
        ]
      ],
      "index_shape": [
        "order-by"
      ],
      "physical_operator": {
        "Sort": [
          "[1.00000000e+00 1.20000980e+05 2.40000960e+05 3.60000940e+05\n 4.80000920e+05 6.00000900e+05 7.20000880e+05 8.40000860e+05\n 9.60000840e+05 1.08000082e+06 1.20000080e+06 1.32000078e+06\n 1.44000076e+06 1.56000074e+06 1.68000072e+06 1.80000070e+06\n 1.92000068e+06 2.04000066e+06 2.16000064e+06 2.28000062e+06\n 2.40000060e+06 2.52000058e+06 2.64000056e+06 2.76000054e+06\n 2.88000052e+06 3.00000050e+06 3.12000048e+06 3.24000046e+06\n 3.36000044e+06 3.48000042e+06 3.60000040e+06 3.72000038e+06\n 3.84000036e+06 3.96000034e+06 4.08000032e+06 4.20000030e+06\n 4.32000028e+06 4.44000026e+06 4.56000024e+06 4.68000022e+06\n 4.80000020e+06 4.92000018e+06 5.04000016e+06 5.16000014e+06\n 5.28000012e+06 5.40000010e+06 5.52000008e+06 5.64000006e+06\n 5.76000004e+06 5.88000002e+06 6.00000000e+06]"
        ],
        "Aggregate": [
          "[1.00000000e+00 1.20000980e+05 2.40000960e+05 3.60000940e+05\n 4.80000920e+05 6.00000900e+05 7.20000880e+05 8.40000860e+05\n 9.60000840e+05 1.08000082e+06 1.20000080e+06 1.32000078e+06\n 1.44000076e+06 1.56000074e+06 1.68000072e+06 1.80000070e+06\n 1.92000068e+06 2.04000066e+06 2.16000064e+06 2.28000062e+06\n 2.40000060e+06 2.52000058e+06 2.64000056e+06 2.76000054e+06\n 2.88000052e+06 3.00000050e+06 3.12000048e+06 3.24000046e+06\n 3.36000044e+06 3.48000042e+06 3.60000040e+06 3.72000038e+06\n 3.84000036e+06 3.96000034e+06 4.08000032e+06 4.20000030e+06\n 4.32000028e+06 4.44000026e+06 4.56000024e+06 4.68000022e+06\n 4.80000020e+06 4.92000018e+06 5.04000016e+06 5.16000014e+06\n 5.28000012e+06 5.40000010e+06 5.52000008e+06 5.64000006e+06\n 5.76000004e+06 5.88000002e+06 6.00000000e+06]"
        ]
      }
    }
  },
  {
    "query": "-- Functional Query Definition\n-- Approved February 1998\n\n\nselect\nc_count,\ncount(*) as custdist\nfrom\n(\nselect\nc_custkey,\ncount(o_orderkey) c_count\nfrom\ncustomer left outer join orders on\nc_custkey = o_custkey\nand o_comment not like '%unusual%packages%'\ngroup by\nc_custkey\n) as alias123 \ngroup by\nc_count\norder by\ncustdist desc,\nc_count desc ;\n-- $ID$\n-- TPC-H/TPC-R Promotion Effect ",
    "indexes": "orders.o_custkey",
    "wo plan est": {
      "Node Type": "Sort",
      "Parallel Aware": false,
      "Async Capable": false,
      "Startup Cost": 1510924.35,
      "Total Cost": 1510924.85,
      "Plan Rows": 200,
      "Plan Width": 16,
      "Sort Key": [
        "(count(*)) DESC",
        "(count(orders.o_orderkey)) DESC"
      ],
      "Plans": [
        {
          "Node Type": "Aggregate",
          "Strategy": "Hashed",
          "Partial Mode": "Simple",
          "Parent Relationship": "Outer",
          "Parallel Aware": false,
          "Async Capable": false,
          "Startup Cost": 1510914.7,
          "Total Cost": 1510916.7,
          "Plan Rows": 200,
          "Plan Width": 16,
          "Group Key": [
            "count(orders.o_orderkey)"
          ],
          "Planned Partitions": 0,
          "Plans": [
            {
              "Node Type": "Aggregate",
              "Strategy": "Hashed",
              "Partial Mode": "Finalize",
              "Parent Relationship": "Outer",
              "Parallel Aware": false,
              "Async Capable": false,
              "Startup Cost": 1444122.95,
              "Total Cost": 1488416.43,
              "Plan Rows": 1499885,
              "Plan Width": 12,
              "Group Key": [
                "customer.c_custkey"
              ],
              "Planned Partitions": 64,
              "Plans": [
                {
                  "Node Type": "Gather",
                  "Parent Relationship": "Outer",
                  "Parallel Aware": false,
                  "Async Capable": false,
                  "Startup Cost": 889135.92,
                  "Total Cost": 1251950.18,
                  "Plan Rows": 2999770,
                  "Plan Width": 12,
                  "Workers Planned": 2,
                  "Single Copy": false,
                  "Plans": [
                    {
                      "Node Type": "Aggregate",
                      "Strategy": "Hashed",
                      "Partial Mode": "Partial",
                      "Parent Relationship": "Outer",
                      "Parallel Aware": false,
                      "Async Capable": false,
                      "Startup Cost": 888135.92,
                      "Total Cost": 950973.18,
                      "Plan Rows": 1499885,
                      "Plan Width": 12,
                      "Group Key": [
                        "customer.c_custkey"
                      ],
                      "Planned Partitions": 64,
                      "Plans": [
                        {
                          "Node Type": "Hash Join",
                          "Parent Relationship": "Outer",
                          "Parallel Aware": true,
                          "Async Capable": false,
                          "Join Type": "Left",
                          "Startup Cost": 439493.1,
                          "Total Cost": 543699.34,
                          "Plan Rows": 6123317,
                          "Plan Width": 8,
                          "Inner Unique": false,
                          "Hash Cond": "(customer.c_custkey = orders.o_custkey)",
                          "Plans": [
                            {
                              "Node Type": "Seq Scan",
                              "Parent Relationship": "Outer",
                              "Parallel Aware": true,
                              "Async Capable": false,
                              "Relation Name": "customer",
                              "Alias": "customer",
                              "Startup Cost": 0.0,
                              "Total Cost": 42076.52,
                              "Plan Rows": 624952,
                              "Plan Width": 4,
                              "parent": 5,
                              "ID": 6
                            },
                            {
                              "Node Type": "Hash",
                              "Parent Relationship": "Inner",
                              "Parallel Aware": true,
                              "Async Capable": false,
                              "Startup Cost": 339031.64,
                              "Total Cost": 339031.64,
                              "Plan Rows": 6123317,
                              "Plan Width": 8,
                              "Plans": [
                                {
                                  "Node Type": "Seq Scan",
                                  "Parent Relationship": "Outer",
                                  "Parallel Aware": true,
                                  "Async Capable": false,
                                  "Relation Name": "orders",
                                  "Alias": "orders",
                                  "Startup Cost": 0.0,
                                  "Total Cost": 339031.64,
                                  "Plan Rows": 6123317,
                                  "Plan Width": 8,
                                  "Filter": "((o_comment)::text !~~ '%unusual%packages%'::text)",
                                  "parent": 7,
                                  "ID": 8
                                }
                              ],
                              "parent": 5,
                              "ID": 7,
                              "left": 8
                            }
                          ],
                          "parent": 4,
                          "ID": 5,
                          "left": 6,
                          "right": 7
                        }
                      ],
                      "parent": 3,
                      "ID": 4,
                      "left": 5
                    }
                  ],
                  "parent": 2,
                  "ID": 3,
                  "left": 4
                }
              ],
              "parent": 1,
              "ID": 2,
              "left": 3
            }
          ],
          "parent": 0,
          "ID": 1,
          "left": 2
        }
      ],
      "parent": null,
      "ID": 0,
      "left": 1
    },
    "feat": {
      "utility": 0.22410299139557036,
      "query_shape": [
        [
          "Seq Scan",
          "Hash Join",
          "Aggregate",
          "Gather"
        ],
        [
          "Seq Scan",
          "Hash",
          "Hash Join",
          "Aggregate",
          "Gather"
        ]
      ],
      "index_shape": [
        "join"
      ],
      "physical_operator": {
        "Hash Join": [
          0.0012649596394501718
        ]
      }
    }
  },
  {
    "query": "-- Functional Query Definition\n-- Approved February 1998\n\n\nselect\nc_count,\ncount(*) as custdist\nfrom\n(\nselect\nc_custkey,\ncount(o_orderkey) c_count\nfrom\ncustomer left outer join orders on\nc_custkey = o_custkey\nand o_comment not like '%unusual%packages%'\ngroup by\nc_custkey\n) as alias123 \ngroup by\nc_count\norder by\ncustdist desc,\nc_count desc ;\n-- $ID$\n-- TPC-H/TPC-R Promotion Effect ",
    "indexes": "orders.o_comment",
    "wo plan est": {
      "Node Type": "Sort",
      "Parallel Aware": false,
      "Async Capable": false,
      "Startup Cost": 1510924.35,
      "Total Cost": 1510924.85,
      "Plan Rows": 200,
      "Plan Width": 16,
      "Sort Key": [
        "(count(*)) DESC",
        "(count(orders.o_orderkey)) DESC"
      ],
      "Plans": [
        {
          "Node Type": "Aggregate",
          "Strategy": "Hashed",
          "Partial Mode": "Simple",
          "Parent Relationship": "Outer",
          "Parallel Aware": false,
          "Async Capable": false,
          "Startup Cost": 1510914.7,
          "Total Cost": 1510916.7,
          "Plan Rows": 200,
          "Plan Width": 16,
          "Group Key": [
            "count(orders.o_orderkey)"
          ],
          "Planned Partitions": 0,
          "Plans": [
            {
              "Node Type": "Aggregate",
              "Strategy": "Hashed",
              "Partial Mode": "Finalize",
              "Parent Relationship": "Outer",
              "Parallel Aware": false,
              "Async Capable": false,
              "Startup Cost": 1444122.95,
              "Total Cost": 1488416.43,
              "Plan Rows": 1499885,
              "Plan Width": 12,
              "Group Key": [
                "customer.c_custkey"
              ],
              "Planned Partitions": 64,
              "Plans": [
                {
                  "Node Type": "Gather",
                  "Parent Relationship": "Outer",
                  "Parallel Aware": false,
                  "Async Capable": false,
                  "Startup Cost": 889135.92,
                  "Total Cost": 1251950.18,
                  "Plan Rows": 2999770,
                  "Plan Width": 12,
                  "Workers Planned": 2,
                  "Single Copy": false,
                  "Plans": [
                    {
                      "Node Type": "Aggregate",
                      "Strategy": "Hashed",
                      "Partial Mode": "Partial",
                      "Parent Relationship": "Outer",
                      "Parallel Aware": false,
                      "Async Capable": false,
                      "Startup Cost": 888135.92,
                      "Total Cost": 950973.18,
                      "Plan Rows": 1499885,
                      "Plan Width": 12,
                      "Group Key": [
                        "customer.c_custkey"
                      ],
                      "Planned Partitions": 64,
                      "Plans": [
                        {
                          "Node Type": "Hash Join",
                          "Parent Relationship": "Outer",
                          "Parallel Aware": true,
                          "Async Capable": false,
                          "Join Type": "Left",
                          "Startup Cost": 439493.1,
                          "Total Cost": 543699.34,
                          "Plan Rows": 6123317,
                          "Plan Width": 8,
                          "Inner Unique": false,
                          "Hash Cond": "(customer.c_custkey = orders.o_custkey)",
                          "Plans": [
                            {
                              "Node Type": "Seq Scan",
                              "Parent Relationship": "Outer",
                              "Parallel Aware": true,
                              "Async Capable": false,
                              "Relation Name": "customer",
                              "Alias": "customer",
                              "Startup Cost": 0.0,
                              "Total Cost": 42076.52,
                              "Plan Rows": 624952,
                              "Plan Width": 4,
                              "parent": 5,
                              "ID": 6
                            },
                            {
                              "Node Type": "Hash",
                              "Parent Relationship": "Inner",
                              "Parallel Aware": true,
                              "Async Capable": false,
                              "Startup Cost": 339031.64,
                              "Total Cost": 339031.64,
                              "Plan Rows": 6123317,
                              "Plan Width": 8,
                              "Plans": [
                                {
                                  "Node Type": "Seq Scan",
                                  "Parent Relationship": "Outer",
                                  "Parallel Aware": true,
                                  "Async Capable": false,
                                  "Relation Name": "orders",
                                  "Alias": "orders",
                                  "Startup Cost": 0.0,
                                  "Total Cost": 339031.64,
                                  "Plan Rows": 6123317,
                                  "Plan Width": 8,
                                  "Filter": "((o_comment)::text !~~ '%unusual%packages%'::text)",
                                  "parent": 7,
                                  "ID": 8
                                }
                              ],
                              "parent": 5,
                              "ID": 7,
                              "left": 8
                            }
                          ],
                          "parent": 4,
                          "ID": 5,
                          "left": 6,
                          "right": 7
                        }
                      ],
                      "parent": 3,
                      "ID": 4,
                      "left": 5
                    }
                  ],
                  "parent": 2,
                  "ID": 3,
                  "left": 4
                }
              ],
              "parent": 1,
              "ID": 2,
              "left": 3
            }
          ],
          "parent": 0,
          "ID": 1,
          "left": 2
        }
      ],
      "parent": null,
      "ID": 0,
      "left": 1
    },
    "feat": {
      "utility": 0.20148696999777013,
      "query_shape": [
        [
          "Seq Scan",
          "Hash Join",
          "Aggregate",
          "Gather"
        ],
        [
          "Seq Scan",
          "Hash",
          "Hash Join",
          "Aggregate",
          "Gather"
        ]
      ],
      "index_shape": [
        "selection"
      ],
      "physical_operator": {
        "Seq Scan": [
          0.10205528333333336
        ]
      }
    }
  },
  {
    "query": "-- Functional Query Definition\n-- Approved February 1998\n\n\nselect\nps_partkey,\nsum(ps_supplycost * ps_availqty) as value\nfrom\npartsupp,\nsupplier,\nnation\nwhere\nps_suppkey = s_suppkey\nand s_nationkey = n_nationkey\nand n_name = 'CHINA'\ngroup by\nps_partkey having\nsum(ps_supplycost * ps_availqty) > (\nselect\nsum(ps_supplycost * ps_availqty) * 0.0000100000\nfrom\npartsupp,\nsupplier,\nnation\nwhere\nps_suppkey = s_suppkey\nand s_nationkey = n_nationkey\nand n_name = 'CHINA'\n)\norder by\nvalue desc ;\n-- $ID$\n-- TPC-H/TPC-R Shipping Modes and Order Priority ",
    "indexes": "nation.n_nationkey",
    "wo plan est": {
      "Node Type": "Sort",
      "Parallel Aware": false,
      "Async Capable": false,
      "Startup Cost": 517534.29,
      "Total Cost": 517800.95,
      "Plan Rows": 106664,
      "Plan Width": 36,
      "Sort Key": [
        "(sum((partsupp.ps_supplycost * (partsupp.ps_availqty)::numeric))) DESC"
      ],
      "Plans": [
        {
          "Node Type": "Aggregate",
          "Strategy": "Plain",
          "Partial Mode": "Finalize",
          "Parent Relationship": "InitPlan",
          "Subplan Name": "InitPlan 1 (returns $1)",
          "Parallel Aware": false,
          "Async Capable": false,
          "Startup Cost": 226081.91,
          "Total Cost": 226081.92,
          "Plan Rows": 1,
          "Plan Width": 32,
          "Plans": [
            {
              "Node Type": "Gather",
              "Parent Relationship": "Outer",
              "Parallel Aware": false,
              "Async Capable": false,
              "Startup Cost": 226081.68,
              "Total Cost": 226081.89,
              "Plan Rows": 2,
              "Plan Width": 32,
              "Workers Planned": 2,
              "Single Copy": false,
              "Plans": [
                {
                  "Node Type": "Aggregate",
                  "Strategy": "Plain",
                  "Partial Mode": "Partial",
                  "Parent Relationship": "Outer",
                  "Parallel Aware": false,
                  "Async Capable": false,
                  "Startup Cost": 225081.68,
                  "Total Cost": 225081.69,
                  "Plan Rows": 1,
                  "Plan Width": 32,
                  "Plans": [
                    {
                      "Node Type": "Hash Join",
                      "Parent Relationship": "Outer",
                      "Parallel Aware": true,
                      "Async Capable": false,
                      "Join Type": "Inner",
                      "Startup Cost": 3079.09,
                      "Total Cost": 224081.71,
                      "Plan Rows": 133330,
                      "Plan Width": 10,
                      "Inner Unique": false,
                      "Hash Cond": "(partsupp_1.ps_suppkey = supplier_1.s_suppkey)",
                      "Plans": [
                        {
                          "Node Type": "Seq Scan",
                          "Parent Relationship": "Outer",
                          "Parallel Aware": true,
                          "Async Capable": false,
                          "Relation Name": "partsupp",
                          "Alias": "partsupp_1",
                          "Startup Cost": 0.0,
                          "Total Cost": 207718.58,
                          "Plan Rows": 3333258,
                          "Plan Width": 14,
                          "parent": 4,
                          "ID": 5
                        },
                        {
                          "Node Type": "Hash",
                          "Parent Relationship": "Inner",
                          "Parallel Aware": true,
                          "Async Capable": false,
                          "Startup Cost": 3049.68,
                          "Total Cost": 3049.68,
                          "Plan Rows": 2353,
                          "Plan Width": 4,
                          "Plans": [
                            {
                              "Node Type": "Hash Join",
                              "Parent Relationship": "Outer",
                              "Parallel Aware": false,
                              "Async Capable": false,
                              "Join Type": "Inner",
                              "Startup Cost": 1.32,
                              "Total Cost": 3049.68,
                              "Plan Rows": 2353,
                              "Plan Width": 4,
                              "Inner Unique": false,
                              "Hash Cond": "(supplier_1.s_nationkey = nation_1.n_nationkey)",
                              "Plans": [
                                {
                                  "Node Type": "Seq Scan",
                                  "Parent Relationship": "Outer",
                                  "Parallel Aware": true,
                                  "Async Capable": false,
                                  "Relation Name": "supplier",
                                  "Alias": "supplier_1",
                                  "Startup Cost": 0.0,
                                  "Total Cost": 2804.24,
                                  "Plan Rows": 58824,
                                  "Plan Width": 8,
                                  "parent": 7,
                                  "ID": 8
                                },
                                {
                                  "Node Type": "Hash",
                                  "Parent Relationship": "Inner",
                                  "Parallel Aware": false,
                                  "Async Capable": false,
                                  "Startup Cost": 1.31,
                                  "Total Cost": 1.31,
                                  "Plan Rows": 1,
                                  "Plan Width": 4,
                                  "Plans": [
                                    {
                                      "Node Type": "Seq Scan",
                                      "Parent Relationship": "Outer",
                                      "Parallel Aware": false,
                                      "Async Capable": false,
                                      "Relation Name": "nation",
                                      "Alias": "nation_1",
                                      "Startup Cost": 0.0,
                                      "Total Cost": 1.31,
                                      "Plan Rows": 1,
                                      "Plan Width": 4,
                                      "Filter": "(n_name = 'CHINA'::bpchar)",
                                      "parent": 9,
                                      "ID": 10
                                    }
                                  ],
                                  "parent": 7,
                                  "ID": 9,
                                  "left": 10
                                }
                              ],
                              "parent": 6,
                              "ID": 7,
                              "left": 8,
                              "right": 9
                            }
                          ],
                          "parent": 4,
                          "ID": 6,
                          "left": 7
                        }
                      ],
                      "parent": 3,
                      "ID": 4,
                      "left": 5,
                      "right": 6
                    }
                  ],
                  "parent": 2,
                  "ID": 3,
                  "left": 4
                }
              ],
              "parent": 1,
              "ID": 2,
              "left": 3
            }
          ],
          "parent": 0,
          "ID": 1,
          "left": 2
        },
        {
          "Node Type": "Aggregate",
          "Strategy": "Sorted",
          "Partial Mode": "Finalize",
          "Parent Relationship": "Outer",
          "Parallel Aware": false,
          "Async Capable": false,
          "Startup Cost": 238713.21,
          "Total Cost": 279625.48,
          "Plan Rows": 106664,
          "Plan Width": 36,
          "Group Key": [
            "partsupp.ps_partkey"
          ],
          "Filter": "(sum((partsupp.ps_supplycost * (partsupp.ps_availqty)::numeric)) > $1)",
          "Plans": [
            {
              "Node Type": "Gather Merge",
              "Parent Relationship": "Outer",
              "Parallel Aware": false,
              "Async Capable": false,
              "Startup Cost": 238713.21,
              "Total Cost": 272825.64,
              "Plan Rows": 266660,
              "Plan Width": 36,
              "Workers Planned": 2,
              "Plans": [
                {
                  "Node Type": "Aggregate",
                  "Strategy": "Sorted",
                  "Partial Mode": "Partial",
                  "Parent Relationship": "Outer",
                  "Parallel Aware": false,
                  "Async Capable": false,
                  "Startup Cost": 237713.18,
                  "Total Cost": 241046.43,
                  "Plan Rows": 133330,
                  "Plan Width": 36,
                  "Group Key": [
                    "partsupp.ps_partkey"
                  ],
                  "Plans": [
                    {
                      "Node Type": "Sort",
                      "Parent Relationship": "Outer",
                      "Parallel Aware": false,
                      "Async Capable": false,
                      "Startup Cost": 237713.18,
                      "Total Cost": 238046.51,
                      "Plan Rows": 133330,
                      "Plan Width": 14,
                      "Sort Key": [
                        "partsupp.ps_partkey"
                      ],
                      "Plans": [
                        {
                          "Node Type": "Hash Join",
                          "Parent Relationship": "Outer",
                          "Parallel Aware": true,
                          "Async Capable": false,
                          "Join Type": "Inner",
                          "Startup Cost": 3079.09,
                          "Total Cost": 224081.71,
                          "Plan Rows": 133330,
                          "Plan Width": 14,
                          "Inner Unique": false,
                          "Hash Cond": "(partsupp.ps_suppkey = supplier.s_suppkey)",
                          "Plans": [
                            {
                              "Node Type": "Seq Scan",
                              "Parent Relationship": "Outer",
                              "Parallel Aware": true,
                              "Async Capable": false,
                              "Relation Name": "partsupp",
                              "Alias": "partsupp",
                              "Startup Cost": 0.0,
                              "Total Cost": 207718.58,
                              "Plan Rows": 3333258,
                              "Plan Width": 18,
                              "parent": 15,
                              "ID": 16
                            },
                            {
                              "Node Type": "Hash",
                              "Parent Relationship": "Inner",
                              "Parallel Aware": true,
                              "Async Capable": false,
                              "Startup Cost": 3049.68,
                              "Total Cost": 3049.68,
                              "Plan Rows": 2353,
                              "Plan Width": 4,
                              "Plans": [
                                {
                                  "Node Type": "Hash Join",
                                  "Parent Relationship": "Outer",
                                  "Parallel Aware": false,
                                  "Async Capable": false,
                                  "Join Type": "Inner",
                                  "Startup Cost": 1.32,
                                  "Total Cost": 3049.68,
                                  "Plan Rows": 2353,
                                  "Plan Width": 4,
                                  "Inner Unique": false,
                                  "Hash Cond": "(supplier.s_nationkey = nation.n_nationkey)",
                                  "Plans": [
                                    {
                                      "Node Type": "Seq Scan",
                                      "Parent Relationship": "Outer",
                                      "Parallel Aware": true,
                                      "Async Capable": false,
                                      "Relation Name": "supplier",
                                      "Alias": "supplier",
                                      "Startup Cost": 0.0,
                                      "Total Cost": 2804.24,
                                      "Plan Rows": 58824,
                                      "Plan Width": 8,
                                      "parent": 18,
                                      "ID": 19
                                    },
                                    {
                                      "Node Type": "Hash",
                                      "Parent Relationship": "Inner",
                                      "Parallel Aware": false,
                                      "Async Capable": false,
                                      "Startup Cost": 1.31,
                                      "Total Cost": 1.31,
                                      "Plan Rows": 1,
                                      "Plan Width": 4,
                                      "Plans": [
                                        {
                                          "Node Type": "Seq Scan",
                                          "Parent Relationship": "Outer",
                                          "Parallel Aware": false,
                                          "Async Capable": false,
                                          "Relation Name": "nation",
                                          "Alias": "nation",
                                          "Startup Cost": 0.0,
                                          "Total Cost": 1.31,
                                          "Plan Rows": 1,
                                          "Plan Width": 4,
                                          "Filter": "(n_name = 'CHINA'::bpchar)",
                                          "parent": 20,
                                          "ID": 21
                                        }
                                      ],
                                      "parent": 18,
                                      "ID": 20,
                                      "left": 21
                                    }
                                  ],
                                  "parent": 17,
                                  "ID": 18,
                                  "left": 19,
                                  "right": 20
                                }
                              ],
                              "parent": 15,
                              "ID": 17,
                              "left": 18
                            }
                          ],
                          "parent": 14,
                          "ID": 15,
                          "left": 16,
                          "right": 17
                        }
                      ],
                      "parent": 13,
                      "ID": 14,
                      "left": 15
                    }
                  ],
                  "parent": 12,
                  "ID": 13,
                  "left": 14
                }
              ],
              "parent": 11,
              "ID": 12,
              "left": 13
            }
          ],
          "parent": 0,
          "ID": 11,
          "left": 12
        }
      ],
      "parent": null,
      "ID": 0,
      "left": 1,
      "right": 11
    },
    "feat": {
      "utility": 4.0478789118763895e-06,
      "query_shape": [
        [
          "Seq Scan",
          "Hash Join",
          "Aggregate",
          "Gather"
        ],
        [
          "Seq Scan",
          "Hash Join",
          "Hash",
          "Aggregate",
          "Gather"
        ],
        [
          "Seq Scan",
          "Hash",
          "Hash Join",
          "Aggregate",
          "Gather"
        ],
        [
          "Seq Scan",
          "Hash Join",
          "Sort",
          "Aggregate",
          "Gather Merge"
        ],
        [
          "Seq Scan",
          "Hash Join",
          "Hash",
          "Sort",
          "Aggregate",
          "Gather Merge"
        ],
        [
          "Seq Scan",
          "Hash",
          "Hash Join",
          "Sort",
          "Aggregate",
          "Gather Merge"
        ]
      ],
      "index_shape": [
        "join"
      ],
      "physical_operator": {
        "Hash Join": [
          0.20000169997917527,
          0.20000169997917527
        ]
      }
    }
  },
  {
    "query": "-- Functional Query Definition\n-- Approved February 1998\n\n\nselect\nps_partkey,\nsum(ps_supplycost * ps_availqty) as value\nfrom\npartsupp,\nsupplier,\nnation\nwhere\nps_suppkey = s_suppkey\nand s_nationkey = n_nationkey\nand n_name = 'CHINA'\ngroup by\nps_partkey having\nsum(ps_supplycost * ps_availqty) > (\nselect\nsum(ps_supplycost * ps_availqty) * 0.0000100000\nfrom\npartsupp,\nsupplier,\nnation\nwhere\nps_suppkey = s_suppkey\nand s_nationkey = n_nationkey\nand n_name = 'CHINA'\n)\norder by\nvalue desc ;\n-- $ID$\n-- TPC-H/TPC-R Shipping Modes and Order Priority ",
    "indexes": "nation.n_name",
    "wo plan est": {
      "Node Type": "Sort",
      "Parallel Aware": false,
      "Async Capable": false,
      "Startup Cost": 517534.29,
      "Total Cost": 517800.95,
      "Plan Rows": 106664,
      "Plan Width": 36,
      "Sort Key": [
        "(sum((partsupp.ps_supplycost * (partsupp.ps_availqty)::numeric))) DESC"
      ],
      "Plans": [
        {
          "Node Type": "Aggregate",
          "Strategy": "Plain",
          "Partial Mode": "Finalize",
          "Parent Relationship": "InitPlan",
          "Subplan Name": "InitPlan 1 (returns $1)",
          "Parallel Aware": false,
          "Async Capable": false,
          "Startup Cost": 226081.91,
          "Total Cost": 226081.92,
          "Plan Rows": 1,
          "Plan Width": 32,
          "Plans": [
            {
              "Node Type": "Gather",
              "Parent Relationship": "Outer",
              "Parallel Aware": false,
              "Async Capable": false,
              "Startup Cost": 226081.68,
              "Total Cost": 226081.89,
              "Plan Rows": 2,
              "Plan Width": 32,
              "Workers Planned": 2,
              "Single Copy": false,
              "Plans": [
                {
                  "Node Type": "Aggregate",
                  "Strategy": "Plain",
                  "Partial Mode": "Partial",
                  "Parent Relationship": "Outer",
                  "Parallel Aware": false,
                  "Async Capable": false,
                  "Startup Cost": 225081.68,
                  "Total Cost": 225081.69,
                  "Plan Rows": 1,
                  "Plan Width": 32,
                  "Plans": [
                    {
                      "Node Type": "Hash Join",
                      "Parent Relationship": "Outer",
                      "Parallel Aware": true,
                      "Async Capable": false,
                      "Join Type": "Inner",
                      "Startup Cost": 3079.09,
                      "Total Cost": 224081.71,
                      "Plan Rows": 133330,
                      "Plan Width": 10,
                      "Inner Unique": false,
                      "Hash Cond": "(partsupp_1.ps_suppkey = supplier_1.s_suppkey)",
                      "Plans": [
                        {
                          "Node Type": "Seq Scan",
                          "Parent Relationship": "Outer",
                          "Parallel Aware": true,
                          "Async Capable": false,
                          "Relation Name": "partsupp",
                          "Alias": "partsupp_1",
                          "Startup Cost": 0.0,
                          "Total Cost": 207718.58,
                          "Plan Rows": 3333258,
                          "Plan Width": 14,
                          "parent": 4,
                          "ID": 5
                        },
                        {
                          "Node Type": "Hash",
                          "Parent Relationship": "Inner",
                          "Parallel Aware": true,
                          "Async Capable": false,
                          "Startup Cost": 3049.68,
                          "Total Cost": 3049.68,
                          "Plan Rows": 2353,
                          "Plan Width": 4,
                          "Plans": [
                            {
                              "Node Type": "Hash Join",
                              "Parent Relationship": "Outer",
                              "Parallel Aware": false,
                              "Async Capable": false,
                              "Join Type": "Inner",
                              "Startup Cost": 1.32,
                              "Total Cost": 3049.68,
                              "Plan Rows": 2353,
                              "Plan Width": 4,
                              "Inner Unique": false,
                              "Hash Cond": "(supplier_1.s_nationkey = nation_1.n_nationkey)",
                              "Plans": [
                                {
                                  "Node Type": "Seq Scan",
                                  "Parent Relationship": "Outer",
                                  "Parallel Aware": true,
                                  "Async Capable": false,
                                  "Relation Name": "supplier",
                                  "Alias": "supplier_1",
                                  "Startup Cost": 0.0,
                                  "Total Cost": 2804.24,
                                  "Plan Rows": 58824,
                                  "Plan Width": 8,
                                  "parent": 7,
                                  "ID": 8
                                },
                                {
                                  "Node Type": "Hash",
                                  "Parent Relationship": "Inner",
                                  "Parallel Aware": false,
                                  "Async Capable": false,
                                  "Startup Cost": 1.31,
                                  "Total Cost": 1.31,
                                  "Plan Rows": 1,
                                  "Plan Width": 4,
                                  "Plans": [
                                    {
                                      "Node Type": "Seq Scan",
                                      "Parent Relationship": "Outer",
                                      "Parallel Aware": false,
                                      "Async Capable": false,
                                      "Relation Name": "nation",
                                      "Alias": "nation_1",
                                      "Startup Cost": 0.0,
                                      "Total Cost": 1.31,
                                      "Plan Rows": 1,
                                      "Plan Width": 4,
                                      "Filter": "(n_name = 'CHINA'::bpchar)",
                                      "parent": 9,
                                      "ID": 10
                                    }
                                  ],
                                  "parent": 7,
                                  "ID": 9,
                                  "left": 10
                                }
                              ],
                              "parent": 6,
                              "ID": 7,
                              "left": 8,
                              "right": 9
                            }
                          ],
                          "parent": 4,
                          "ID": 6,
                          "left": 7
                        }
                      ],
                      "parent": 3,
                      "ID": 4,
                      "left": 5,
                      "right": 6
                    }
                  ],
                  "parent": 2,
                  "ID": 3,
                  "left": 4
                }
              ],
              "parent": 1,
              "ID": 2,
              "left": 3
            }
          ],
          "parent": 0,
          "ID": 1,
          "left": 2
        },
        {
          "Node Type": "Aggregate",
          "Strategy": "Sorted",
          "Partial Mode": "Finalize",
          "Parent Relationship": "Outer",
          "Parallel Aware": false,
          "Async Capable": false,
          "Startup Cost": 238713.21,
          "Total Cost": 279625.48,
          "Plan Rows": 106664,
          "Plan Width": 36,
          "Group Key": [
            "partsupp.ps_partkey"
          ],
          "Filter": "(sum((partsupp.ps_supplycost * (partsupp.ps_availqty)::numeric)) > $1)",
          "Plans": [
            {
              "Node Type": "Gather Merge",
              "Parent Relationship": "Outer",
              "Parallel Aware": false,
              "Async Capable": false,
              "Startup Cost": 238713.21,
              "Total Cost": 272825.64,
              "Plan Rows": 266660,
              "Plan Width": 36,
              "Workers Planned": 2,
              "Plans": [
                {
                  "Node Type": "Aggregate",
                  "Strategy": "Sorted",
                  "Partial Mode": "Partial",
                  "Parent Relationship": "Outer",
                  "Parallel Aware": false,
                  "Async Capable": false,
                  "Startup Cost": 237713.18,
                  "Total Cost": 241046.43,
                  "Plan Rows": 133330,
                  "Plan Width": 36,
                  "Group Key": [
                    "partsupp.ps_partkey"
                  ],
                  "Plans": [
                    {
                      "Node Type": "Sort",
                      "Parent Relationship": "Outer",
                      "Parallel Aware": false,
                      "Async Capable": false,
                      "Startup Cost": 237713.18,
                      "Total Cost": 238046.51,
                      "Plan Rows": 133330,
                      "Plan Width": 14,
                      "Sort Key": [
                        "partsupp.ps_partkey"
                      ],
                      "Plans": [
                        {
                          "Node Type": "Hash Join",
                          "Parent Relationship": "Outer",
                          "Parallel Aware": true,
                          "Async Capable": false,
                          "Join Type": "Inner",
                          "Startup Cost": 3079.09,
                          "Total Cost": 224081.71,
                          "Plan Rows": 133330,
                          "Plan Width": 14,
                          "Inner Unique": false,
                          "Hash Cond": "(partsupp.ps_suppkey = supplier.s_suppkey)",
                          "Plans": [
                            {
                              "Node Type": "Seq Scan",
                              "Parent Relationship": "Outer",
                              "Parallel Aware": true,
                              "Async Capable": false,
                              "Relation Name": "partsupp",
                              "Alias": "partsupp",
                              "Startup Cost": 0.0,
                              "Total Cost": 207718.58,
                              "Plan Rows": 3333258,
                              "Plan Width": 18,
                              "parent": 15,
                              "ID": 16
                            },
                            {
                              "Node Type": "Hash",
                              "Parent Relationship": "Inner",
                              "Parallel Aware": true,
                              "Async Capable": false,
                              "Startup Cost": 3049.68,
                              "Total Cost": 3049.68,
                              "Plan Rows": 2353,
                              "Plan Width": 4,
                              "Plans": [
                                {
                                  "Node Type": "Hash Join",
                                  "Parent Relationship": "Outer",
                                  "Parallel Aware": false,
                                  "Async Capable": false,
                                  "Join Type": "Inner",
                                  "Startup Cost": 1.32,
                                  "Total Cost": 3049.68,
                                  "Plan Rows": 2353,
                                  "Plan Width": 4,
                                  "Inner Unique": false,
                                  "Hash Cond": "(supplier.s_nationkey = nation.n_nationkey)",
                                  "Plans": [
                                    {
                                      "Node Type": "Seq Scan",
                                      "Parent Relationship": "Outer",
                                      "Parallel Aware": true,
                                      "Async Capable": false,
                                      "Relation Name": "supplier",
                                      "Alias": "supplier",
                                      "Startup Cost": 0.0,
                                      "Total Cost": 2804.24,
                                      "Plan Rows": 58824,
                                      "Plan Width": 8,
                                      "parent": 18,
                                      "ID": 19
                                    },
                                    {
                                      "Node Type": "Hash",
                                      "Parent Relationship": "Inner",
                                      "Parallel Aware": false,
                                      "Async Capable": false,
                                      "Startup Cost": 1.31,
                                      "Total Cost": 1.31,
                                      "Plan Rows": 1,
                                      "Plan Width": 4,
                                      "Plans": [
                                        {
                                          "Node Type": "Seq Scan",
                                          "Parent Relationship": "Outer",
                                          "Parallel Aware": false,
                                          "Async Capable": false,
                                          "Relation Name": "nation",
                                          "Alias": "nation",
                                          "Startup Cost": 0.0,
                                          "Total Cost": 1.31,
                                          "Plan Rows": 1,
                                          "Plan Width": 4,
                                          "Filter": "(n_name = 'CHINA'::bpchar)",
                                          "parent": 20,
                                          "ID": 21
                                        }
                                      ],
                                      "parent": 18,
                                      "ID": 20,
                                      "left": 21
                                    }
                                  ],
                                  "parent": 17,
                                  "ID": 18,
                                  "left": 19,
                                  "right": 20
                                }
                              ],
                              "parent": 15,
                              "ID": 17,
                              "left": 18
                            }
                          ],
                          "parent": 14,
                          "ID": 15,
                          "left": 16,
                          "right": 17
                        }
                      ],
                      "parent": 13,
                      "ID": 14,
                      "left": 15
                    }
                  ],
                  "parent": 12,
                  "ID": 13,
                  "left": 14
                }
              ],
              "parent": 11,
              "ID": 12,
              "left": 13
            }
          ],
          "parent": 0,
          "ID": 11,
          "left": 12
        }
      ],
      "parent": null,
      "ID": 0,
      "left": 1,
      "right": 11
    },
    "feat": {
      "utility": 4.857465016238383e-06,
      "query_shape": [
        [
          "Seq Scan",
          "Hash Join",
          "Aggregate",
          "Gather"
        ],
        [
          "Seq Scan",
          "Hash Join",
          "Hash",
          "Aggregate",
          "Gather"
        ],
        [
          "Seq Scan",
          "Hash",
          "Hash Join",
          "Aggregate",
          "Gather"
        ],
        [
          "Seq Scan",
          "Hash Join",
          "Sort",
          "Aggregate",
          "Gather Merge"
        ],
        [
          "Seq Scan",
          "Hash Join",
          "Hash",
          "Sort",
          "Aggregate",
          "Gather Merge"
        ],
        [
          "Seq Scan",
          "Hash",
          "Hash Join",
          "Sort",
          "Aggregate",
          "Gather Merge"
        ]
      ],
      "index_shape": [
        "selection"
      ],
      "physical_operator": {
        "Seq Scan": [
          0.040000000000000036,
          0.040000000000000036
        ]
      }
    }
  },
  {
    "query": "-- Functional Query Definition\n-- Approved February 1998\n\n\nselect\nps_partkey,\nsum(ps_supplycost * ps_availqty) as value\nfrom\npartsupp,\nsupplier,\nnation\nwhere\nps_suppkey = s_suppkey\nand s_nationkey = n_nationkey\nand n_name = 'CHINA'\ngroup by\nps_partkey having\nsum(ps_supplycost * ps_availqty) > (\nselect\nsum(ps_supplycost * ps_availqty) * 0.0000100000\nfrom\npartsupp,\nsupplier,\nnation\nwhere\nps_suppkey = s_suppkey\nand s_nationkey = n_nationkey\nand n_name = 'CHINA'\n)\norder by\nvalue desc ;\n-- $ID$\n-- TPC-H/TPC-R Shipping Modes and Order Priority ",
    "indexes": "partsupp.ps_partkey",
    "wo plan est": {
      "Node Type": "Sort",
      "Parallel Aware": false,
      "Async Capable": false,
      "Startup Cost": 517534.29,
      "Total Cost": 517800.95,
      "Plan Rows": 106664,
      "Plan Width": 36,
      "Sort Key": [
        "(sum((partsupp.ps_supplycost * (partsupp.ps_availqty)::numeric))) DESC"
      ],
      "Plans": [
        {
          "Node Type": "Aggregate",
          "Strategy": "Plain",
          "Partial Mode": "Finalize",
          "Parent Relationship": "InitPlan",
          "Subplan Name": "InitPlan 1 (returns $1)",
          "Parallel Aware": false,
          "Async Capable": false,
          "Startup Cost": 226081.91,
          "Total Cost": 226081.92,
          "Plan Rows": 1,
          "Plan Width": 32,
          "Plans": [
            {
              "Node Type": "Gather",
              "Parent Relationship": "Outer",
              "Parallel Aware": false,
              "Async Capable": false,
              "Startup Cost": 226081.68,
              "Total Cost": 226081.89,
              "Plan Rows": 2,
              "Plan Width": 32,
              "Workers Planned": 2,
              "Single Copy": false,
              "Plans": [
                {
                  "Node Type": "Aggregate",
                  "Strategy": "Plain",
                  "Partial Mode": "Partial",
                  "Parent Relationship": "Outer",
                  "Parallel Aware": false,
                  "Async Capable": false,
                  "Startup Cost": 225081.68,
                  "Total Cost": 225081.69,
                  "Plan Rows": 1,
                  "Plan Width": 32,
                  "Plans": [
                    {
                      "Node Type": "Hash Join",
                      "Parent Relationship": "Outer",
                      "Parallel Aware": true,
                      "Async Capable": false,
                      "Join Type": "Inner",
                      "Startup Cost": 3079.09,
                      "Total Cost": 224081.71,
                      "Plan Rows": 133330,
                      "Plan Width": 10,
                      "Inner Unique": false,
                      "Hash Cond": "(partsupp_1.ps_suppkey = supplier_1.s_suppkey)",
                      "Plans": [
                        {
                          "Node Type": "Seq Scan",
                          "Parent Relationship": "Outer",
                          "Parallel Aware": true,
                          "Async Capable": false,
                          "Relation Name": "partsupp",
                          "Alias": "partsupp_1",
                          "Startup Cost": 0.0,
                          "Total Cost": 207718.58,
                          "Plan Rows": 3333258,
                          "Plan Width": 14,
                          "parent": 4,
                          "ID": 5
                        },
                        {
                          "Node Type": "Hash",
                          "Parent Relationship": "Inner",
                          "Parallel Aware": true,
                          "Async Capable": false,
                          "Startup Cost": 3049.68,
                          "Total Cost": 3049.68,
                          "Plan Rows": 2353,
                          "Plan Width": 4,
                          "Plans": [
                            {
                              "Node Type": "Hash Join",
                              "Parent Relationship": "Outer",
                              "Parallel Aware": false,
                              "Async Capable": false,
                              "Join Type": "Inner",
                              "Startup Cost": 1.32,
                              "Total Cost": 3049.68,
                              "Plan Rows": 2353,
                              "Plan Width": 4,
                              "Inner Unique": false,
                              "Hash Cond": "(supplier_1.s_nationkey = nation_1.n_nationkey)",
                              "Plans": [
                                {
                                  "Node Type": "Seq Scan",
                                  "Parent Relationship": "Outer",
                                  "Parallel Aware": true,
                                  "Async Capable": false,
                                  "Relation Name": "supplier",
                                  "Alias": "supplier_1",
                                  "Startup Cost": 0.0,
                                  "Total Cost": 2804.24,
                                  "Plan Rows": 58824,
                                  "Plan Width": 8,
                                  "parent": 7,
                                  "ID": 8
                                },
                                {
                                  "Node Type": "Hash",
                                  "Parent Relationship": "Inner",
                                  "Parallel Aware": false,
                                  "Async Capable": false,
                                  "Startup Cost": 1.31,
                                  "Total Cost": 1.31,
                                  "Plan Rows": 1,
                                  "Plan Width": 4,
                                  "Plans": [
                                    {
                                      "Node Type": "Seq Scan",
                                      "Parent Relationship": "Outer",
                                      "Parallel Aware": false,
                                      "Async Capable": false,
                                      "Relation Name": "nation",
                                      "Alias": "nation_1",
                                      "Startup Cost": 0.0,
                                      "Total Cost": 1.31,
                                      "Plan Rows": 1,
                                      "Plan Width": 4,
                                      "Filter": "(n_name = 'CHINA'::bpchar)",
                                      "parent": 9,
                                      "ID": 10
                                    }
                                  ],
                                  "parent": 7,
                                  "ID": 9,
                                  "left": 10
                                }
                              ],
                              "parent": 6,
                              "ID": 7,
                              "left": 8,
                              "right": 9
                            }
                          ],
                          "parent": 4,
                          "ID": 6,
                          "left": 7
                        }
                      ],
                      "parent": 3,
                      "ID": 4,
                      "left": 5,
                      "right": 6
                    }
                  ],
                  "parent": 2,
                  "ID": 3,
                  "left": 4
                }
              ],
              "parent": 1,
              "ID": 2,
              "left": 3
            }
          ],
          "parent": 0,
          "ID": 1,
          "left": 2
        },
        {
          "Node Type": "Aggregate",
          "Strategy": "Sorted",
          "Partial Mode": "Finalize",
          "Parent Relationship": "Outer",
          "Parallel Aware": false,
          "Async Capable": false,
          "Startup Cost": 238713.21,
          "Total Cost": 279625.48,
          "Plan Rows": 106664,
          "Plan Width": 36,
          "Group Key": [
            "partsupp.ps_partkey"
          ],
          "Filter": "(sum((partsupp.ps_supplycost * (partsupp.ps_availqty)::numeric)) > $1)",
          "Plans": [
            {
              "Node Type": "Gather Merge",
              "Parent Relationship": "Outer",
              "Parallel Aware": false,
              "Async Capable": false,
              "Startup Cost": 238713.21,
              "Total Cost": 272825.64,
              "Plan Rows": 266660,
              "Plan Width": 36,
              "Workers Planned": 2,
              "Plans": [
                {
                  "Node Type": "Aggregate",
                  "Strategy": "Sorted",
                  "Partial Mode": "Partial",
                  "Parent Relationship": "Outer",
                  "Parallel Aware": false,
                  "Async Capable": false,
                  "Startup Cost": 237713.18,
                  "Total Cost": 241046.43,
                  "Plan Rows": 133330,
                  "Plan Width": 36,
                  "Group Key": [
                    "partsupp.ps_partkey"
                  ],
                  "Plans": [
                    {
                      "Node Type": "Sort",
                      "Parent Relationship": "Outer",
                      "Parallel Aware": false,
                      "Async Capable": false,
                      "Startup Cost": 237713.18,
                      "Total Cost": 238046.51,
                      "Plan Rows": 133330,
                      "Plan Width": 14,
                      "Sort Key": [
                        "partsupp.ps_partkey"
                      ],
                      "Plans": [
                        {
                          "Node Type": "Hash Join",
                          "Parent Relationship": "Outer",
                          "Parallel Aware": true,
                          "Async Capable": false,
                          "Join Type": "Inner",
                          "Startup Cost": 3079.09,
                          "Total Cost": 224081.71,
                          "Plan Rows": 133330,
                          "Plan Width": 14,
                          "Inner Unique": false,
                          "Hash Cond": "(partsupp.ps_suppkey = supplier.s_suppkey)",
                          "Plans": [
                            {
                              "Node Type": "Seq Scan",
                              "Parent Relationship": "Outer",
                              "Parallel Aware": true,
                              "Async Capable": false,
                              "Relation Name": "partsupp",
                              "Alias": "partsupp",
                              "Startup Cost": 0.0,
                              "Total Cost": 207718.58,
                              "Plan Rows": 3333258,
                              "Plan Width": 18,
                              "parent": 15,
                              "ID": 16
                            },
                            {
                              "Node Type": "Hash",
                              "Parent Relationship": "Inner",
                              "Parallel Aware": true,
                              "Async Capable": false,
                              "Startup Cost": 3049.68,
                              "Total Cost": 3049.68,
                              "Plan Rows": 2353,
                              "Plan Width": 4,
                              "Plans": [
                                {
                                  "Node Type": "Hash Join",
                                  "Parent Relationship": "Outer",
                                  "Parallel Aware": false,
                                  "Async Capable": false,
                                  "Join Type": "Inner",
                                  "Startup Cost": 1.32,
                                  "Total Cost": 3049.68,
                                  "Plan Rows": 2353,
                                  "Plan Width": 4,
                                  "Inner Unique": false,
                                  "Hash Cond": "(supplier.s_nationkey = nation.n_nationkey)",
                                  "Plans": [
                                    {
                                      "Node Type": "Seq Scan",
                                      "Parent Relationship": "Outer",
                                      "Parallel Aware": true,
                                      "Async Capable": false,
                                      "Relation Name": "supplier",
                                      "Alias": "supplier",
                                      "Startup Cost": 0.0,
                                      "Total Cost": 2804.24,
                                      "Plan Rows": 58824,
                                      "Plan Width": 8,
                                      "parent": 18,
                                      "ID": 19
                                    },
                                    {
                                      "Node Type": "Hash",
                                      "Parent Relationship": "Inner",
                                      "Parallel Aware": false,
                                      "Async Capable": false,
                                      "Startup Cost": 1.31,
                                      "Total Cost": 1.31,
                                      "Plan Rows": 1,
                                      "Plan Width": 4,
                                      "Plans": [
                                        {
                                          "Node Type": "Seq Scan",
                                          "Parent Relationship": "Outer",
                                          "Parallel Aware": false,
                                          "Async Capable": false,
                                          "Relation Name": "nation",
                                          "Alias": "nation",
                                          "Startup Cost": 0.0,
                                          "Total Cost": 1.31,
                                          "Plan Rows": 1,
                                          "Plan Width": 4,
                                          "Filter": "(n_name = 'CHINA'::bpchar)",
                                          "parent": 20,
                                          "ID": 21
                                        }
                                      ],
                                      "parent": 18,
                                      "ID": 20,
                                      "left": 21
                                    }
                                  ],
                                  "parent": 17,
                                  "ID": 18,
                                  "left": 19,
                                  "right": 20
                                }
                              ],
                              "parent": 15,
                              "ID": 17,
                              "left": 18
                            }
                          ],
                          "parent": 14,
                          "ID": 15,
                          "left": 16,
                          "right": 17
                        }
                      ],
                      "parent": 13,
                      "ID": 14,
                      "left": 15
                    }
                  ],
                  "parent": 12,
                  "ID": 13,
                  "left": 14
                }
              ],
              "parent": 11,
              "ID": 12,
              "left": 13
            }
          ],
          "parent": 0,
          "ID": 11,
          "left": 12
        }
      ],
      "parent": null,
      "ID": 0,
      "left": 1,
      "right": 11
    },
    "feat": {
      "utility": 0.0,
      "query_shape": [
        [
          "Seq Scan",
          "Hash Join",
          "Aggregate",
          "Gather"
        ],
        [
          "Seq Scan",
          "Hash Join",
          "Hash",
          "Aggregate",
          "Gather"
        ],
        [
          "Seq Scan",
          "Hash",
          "Hash Join",
          "Aggregate",
          "Gather"
        ],
        [
          "Seq Scan",
          "Hash Join",
          "Sort",
          "Aggregate",
          "Gather Merge"
        ],
        [
          "Seq Scan",
          "Hash Join",
          "Hash",
          "Sort",
          "Aggregate",
          "Gather Merge"
        ],
        [
          "Seq Scan",
          "Hash",
          "Hash Join",
          "Sort",
          "Aggregate",
          "Gather Merge"
        ]
      ],
      "index_shape": [
        "order-by"
      ],
      "physical_operator": {
        "Sort": [
          "[1.0000000e+00 4.0009800e+03 8.0009600e+03 1.2000940e+04 1.6000920e+04\n 2.0000900e+04 2.4000880e+04 2.8000860e+04 3.2000840e+04 3.6000820e+04\n 4.0000800e+04 4.4000780e+04 4.8000760e+04 5.2000740e+04 5.6000720e+04\n 6.0000700e+04 6.4000680e+04 6.8000660e+04 7.2000640e+04 7.6000620e+04\n 8.0000600e+04 8.4000580e+04 8.8000560e+04 9.2000540e+04 9.6000520e+04\n 1.0000050e+05 1.0400048e+05 1.0800046e+05 1.1200044e+05 1.1600042e+05\n 1.2000040e+05 1.2400038e+05 1.2800036e+05 1.3200034e+05 1.3600032e+05\n 1.4000030e+05 1.4400028e+05 1.4800026e+05 1.5200024e+05 1.5600022e+05\n 1.6000020e+05 1.6400018e+05 1.6800016e+05 1.7200014e+05 1.7600012e+05\n 1.8000010e+05 1.8400008e+05 1.8800006e+05 1.9200004e+05 1.9600002e+05\n 2.0000000e+05]"
        ],
        "Aggregate": [
          "[1.0000000e+00 4.0009800e+03 8.0009600e+03 1.2000940e+04 1.6000920e+04\n 2.0000900e+04 2.4000880e+04 2.8000860e+04 3.2000840e+04 3.6000820e+04\n 4.0000800e+04 4.4000780e+04 4.8000760e+04 5.2000740e+04 5.6000720e+04\n 6.0000700e+04 6.4000680e+04 6.8000660e+04 7.2000640e+04 7.6000620e+04\n 8.0000600e+04 8.4000580e+04 8.8000560e+04 9.2000540e+04 9.6000520e+04\n 1.0000050e+05 1.0400048e+05 1.0800046e+05 1.1200044e+05 1.1600042e+05\n 1.2000040e+05 1.2400038e+05 1.2800036e+05 1.3200034e+05 1.3600032e+05\n 1.4000030e+05 1.4400028e+05 1.4800026e+05 1.5200024e+05 1.5600022e+05\n 1.6000020e+05 1.6400018e+05 1.6800016e+05 1.7200014e+05 1.7600012e+05\n 1.8000010e+05 1.8400008e+05 1.8800006e+05 1.9200004e+05 1.9600002e+05\n 2.0000000e+05]",
          "[1.0000000e+00 4.0009800e+03 8.0009600e+03 1.2000940e+04 1.6000920e+04\n 2.0000900e+04 2.4000880e+04 2.8000860e+04 3.2000840e+04 3.6000820e+04\n 4.0000800e+04 4.4000780e+04 4.8000760e+04 5.2000740e+04 5.6000720e+04\n 6.0000700e+04 6.4000680e+04 6.8000660e+04 7.2000640e+04 7.6000620e+04\n 8.0000600e+04 8.4000580e+04 8.8000560e+04 9.2000540e+04 9.6000520e+04\n 1.0000050e+05 1.0400048e+05 1.0800046e+05 1.1200044e+05 1.1600042e+05\n 1.2000040e+05 1.2400038e+05 1.2800036e+05 1.3200034e+05 1.3600032e+05\n 1.4000030e+05 1.4400028e+05 1.4800026e+05 1.5200024e+05 1.5600022e+05\n 1.6000020e+05 1.6400018e+05 1.6800016e+05 1.7200014e+05 1.7600012e+05\n 1.8000010e+05 1.8400008e+05 1.8800006e+05 1.9200004e+05 1.9600002e+05\n 2.0000000e+05]"
        ]
      }
    }
  },
  {
    "query": "-- Functional Query Definition\n-- Approved February 1998\n\n\nselect\nps_partkey,\nsum(ps_supplycost * ps_availqty) as value\nfrom\npartsupp,\nsupplier,\nnation\nwhere\nps_suppkey = s_suppkey\nand s_nationkey = n_nationkey\nand n_name = 'CHINA'\ngroup by\nps_partkey having\nsum(ps_supplycost * ps_availqty) > (\nselect\nsum(ps_supplycost * ps_availqty) * 0.0000100000\nfrom\npartsupp,\nsupplier,\nnation\nwhere\nps_suppkey = s_suppkey\nand s_nationkey = n_nationkey\nand n_name = 'CHINA'\n)\norder by\nvalue desc ;\n-- $ID$\n-- TPC-H/TPC-R Shipping Modes and Order Priority ",
    "indexes": "partsupp.ps_suppkey",
    "wo plan est": {
      "Node Type": "Sort",
      "Parallel Aware": false,
      "Async Capable": false,
      "Startup Cost": 517534.29,
      "Total Cost": 517800.95,
      "Plan Rows": 106664,
      "Plan Width": 36,
      "Sort Key": [
        "(sum((partsupp.ps_supplycost * (partsupp.ps_availqty)::numeric))) DESC"
      ],
      "Plans": [
        {
          "Node Type": "Aggregate",
          "Strategy": "Plain",
          "Partial Mode": "Finalize",
          "Parent Relationship": "InitPlan",
          "Subplan Name": "InitPlan 1 (returns $1)",
          "Parallel Aware": false,
          "Async Capable": false,
          "Startup Cost": 226081.91,
          "Total Cost": 226081.92,
          "Plan Rows": 1,
          "Plan Width": 32,
          "Plans": [
            {
              "Node Type": "Gather",
              "Parent Relationship": "Outer",
              "Parallel Aware": false,
              "Async Capable": false,
              "Startup Cost": 226081.68,
              "Total Cost": 226081.89,
              "Plan Rows": 2,
              "Plan Width": 32,
              "Workers Planned": 2,
              "Single Copy": false,
              "Plans": [
                {
                  "Node Type": "Aggregate",
                  "Strategy": "Plain",
                  "Partial Mode": "Partial",
                  "Parent Relationship": "Outer",
                  "Parallel Aware": false,
                  "Async Capable": false,
                  "Startup Cost": 225081.68,
                  "Total Cost": 225081.69,
                  "Plan Rows": 1,
                  "Plan Width": 32,
                  "Plans": [
                    {
                      "Node Type": "Hash Join",
                      "Parent Relationship": "Outer",
                      "Parallel Aware": true,
                      "Async Capable": false,
                      "Join Type": "Inner",
                      "Startup Cost": 3079.09,
                      "Total Cost": 224081.71,
                      "Plan Rows": 133330,
                      "Plan Width": 10,
                      "Inner Unique": false,
                      "Hash Cond": "(partsupp_1.ps_suppkey = supplier_1.s_suppkey)",
                      "Plans": [
                        {
                          "Node Type": "Seq Scan",
                          "Parent Relationship": "Outer",
                          "Parallel Aware": true,
                          "Async Capable": false,
                          "Relation Name": "partsupp",
                          "Alias": "partsupp_1",
                          "Startup Cost": 0.0,
                          "Total Cost": 207718.58,
                          "Plan Rows": 3333258,
                          "Plan Width": 14,
                          "parent": 4,
                          "ID": 5
                        },
                        {
                          "Node Type": "Hash",
                          "Parent Relationship": "Inner",
                          "Parallel Aware": true,
                          "Async Capable": false,
                          "Startup Cost": 3049.68,
                          "Total Cost": 3049.68,
                          "Plan Rows": 2353,
                          "Plan Width": 4,
                          "Plans": [
                            {
                              "Node Type": "Hash Join",
                              "Parent Relationship": "Outer",
                              "Parallel Aware": false,
                              "Async Capable": false,
                              "Join Type": "Inner",
                              "Startup Cost": 1.32,
                              "Total Cost": 3049.68,
                              "Plan Rows": 2353,
                              "Plan Width": 4,
                              "Inner Unique": false,
                              "Hash Cond": "(supplier_1.s_nationkey = nation_1.n_nationkey)",
                              "Plans": [
                                {
                                  "Node Type": "Seq Scan",
                                  "Parent Relationship": "Outer",
                                  "Parallel Aware": true,
                                  "Async Capable": false,
                                  "Relation Name": "supplier",
                                  "Alias": "supplier_1",
                                  "Startup Cost": 0.0,
                                  "Total Cost": 2804.24,
                                  "Plan Rows": 58824,
                                  "Plan Width": 8,
                                  "parent": 7,
                                  "ID": 8
                                },
                                {
                                  "Node Type": "Hash",
                                  "Parent Relationship": "Inner",
                                  "Parallel Aware": false,
                                  "Async Capable": false,
                                  "Startup Cost": 1.31,
                                  "Total Cost": 1.31,
                                  "Plan Rows": 1,
                                  "Plan Width": 4,
                                  "Plans": [
                                    {
                                      "Node Type": "Seq Scan",
                                      "Parent Relationship": "Outer",
                                      "Parallel Aware": false,
                                      "Async Capable": false,
                                      "Relation Name": "nation",
                                      "Alias": "nation_1",
                                      "Startup Cost": 0.0,
                                      "Total Cost": 1.31,
                                      "Plan Rows": 1,
                                      "Plan Width": 4,
                                      "Filter": "(n_name = 'CHINA'::bpchar)",
                                      "parent": 9,
                                      "ID": 10
                                    }
                                  ],
                                  "parent": 7,
                                  "ID": 9,
                                  "left": 10
                                }
                              ],
                              "parent": 6,
                              "ID": 7,
                              "left": 8,
                              "right": 9
                            }
                          ],
                          "parent": 4,
                          "ID": 6,
                          "left": 7
                        }
                      ],
                      "parent": 3,
                      "ID": 4,
                      "left": 5,
                      "right": 6
                    }
                  ],
                  "parent": 2,
                  "ID": 3,
                  "left": 4
                }
              ],
              "parent": 1,
              "ID": 2,
              "left": 3
            }
          ],
          "parent": 0,
          "ID": 1,
          "left": 2
        },
        {
          "Node Type": "Aggregate",
          "Strategy": "Sorted",
          "Partial Mode": "Finalize",
          "Parent Relationship": "Outer",
          "Parallel Aware": false,
          "Async Capable": false,
          "Startup Cost": 238713.21,
          "Total Cost": 279625.48,
          "Plan Rows": 106664,
          "Plan Width": 36,
          "Group Key": [
            "partsupp.ps_partkey"
          ],
          "Filter": "(sum((partsupp.ps_supplycost * (partsupp.ps_availqty)::numeric)) > $1)",
          "Plans": [
            {
              "Node Type": "Gather Merge",
              "Parent Relationship": "Outer",
              "Parallel Aware": false,
              "Async Capable": false,
              "Startup Cost": 238713.21,
              "Total Cost": 272825.64,
              "Plan Rows": 266660,
              "Plan Width": 36,
              "Workers Planned": 2,
              "Plans": [
                {
                  "Node Type": "Aggregate",
                  "Strategy": "Sorted",
                  "Partial Mode": "Partial",
                  "Parent Relationship": "Outer",
                  "Parallel Aware": false,
                  "Async Capable": false,
                  "Startup Cost": 237713.18,
                  "Total Cost": 241046.43,
                  "Plan Rows": 133330,
                  "Plan Width": 36,
                  "Group Key": [
                    "partsupp.ps_partkey"
                  ],
                  "Plans": [
                    {
                      "Node Type": "Sort",
                      "Parent Relationship": "Outer",
                      "Parallel Aware": false,
                      "Async Capable": false,
                      "Startup Cost": 237713.18,
                      "Total Cost": 238046.51,
                      "Plan Rows": 133330,
                      "Plan Width": 14,
                      "Sort Key": [
                        "partsupp.ps_partkey"
                      ],
                      "Plans": [
                        {
                          "Node Type": "Hash Join",
                          "Parent Relationship": "Outer",
                          "Parallel Aware": true,
                          "Async Capable": false,
                          "Join Type": "Inner",
                          "Startup Cost": 3079.09,
                          "Total Cost": 224081.71,
                          "Plan Rows": 133330,
                          "Plan Width": 14,
                          "Inner Unique": false,
                          "Hash Cond": "(partsupp.ps_suppkey = supplier.s_suppkey)",
                          "Plans": [
                            {
                              "Node Type": "Seq Scan",
                              "Parent Relationship": "Outer",
                              "Parallel Aware": true,
                              "Async Capable": false,
                              "Relation Name": "partsupp",
                              "Alias": "partsupp",
                              "Startup Cost": 0.0,
                              "Total Cost": 207718.58,
                              "Plan Rows": 3333258,
                              "Plan Width": 18,
                              "parent": 15,
                              "ID": 16
                            },
                            {
                              "Node Type": "Hash",
                              "Parent Relationship": "Inner",
                              "Parallel Aware": true,
                              "Async Capable": false,
                              "Startup Cost": 3049.68,
                              "Total Cost": 3049.68,
                              "Plan Rows": 2353,
                              "Plan Width": 4,
                              "Plans": [
                                {
                                  "Node Type": "Hash Join",
                                  "Parent Relationship": "Outer",
                                  "Parallel Aware": false,
                                  "Async Capable": false,
                                  "Join Type": "Inner",
                                  "Startup Cost": 1.32,
                                  "Total Cost": 3049.68,
                                  "Plan Rows": 2353,
                                  "Plan Width": 4,
                                  "Inner Unique": false,
                                  "Hash Cond": "(supplier.s_nationkey = nation.n_nationkey)",
                                  "Plans": [
                                    {
                                      "Node Type": "Seq Scan",
                                      "Parent Relationship": "Outer",
                                      "Parallel Aware": true,
                                      "Async Capable": false,
                                      "Relation Name": "supplier",
                                      "Alias": "supplier",
                                      "Startup Cost": 0.0,
                                      "Total Cost": 2804.24,
                                      "Plan Rows": 58824,
                                      "Plan Width": 8,
                                      "parent": 18,
                                      "ID": 19
                                    },
                                    {
                                      "Node Type": "Hash",
                                      "Parent Relationship": "Inner",
                                      "Parallel Aware": false,
                                      "Async Capable": false,
                                      "Startup Cost": 1.31,
                                      "Total Cost": 1.31,
                                      "Plan Rows": 1,
                                      "Plan Width": 4,
                                      "Plans": [
                                        {
                                          "Node Type": "Seq Scan",
                                          "Parent Relationship": "Outer",
                                          "Parallel Aware": false,
                                          "Async Capable": false,
                                          "Relation Name": "nation",
                                          "Alias": "nation",
                                          "Startup Cost": 0.0,
                                          "Total Cost": 1.31,
                                          "Plan Rows": 1,
                                          "Plan Width": 4,
                                          "Filter": "(n_name = 'CHINA'::bpchar)",
                                          "parent": 20,
                                          "ID": 21
                                        }
                                      ],
                                      "parent": 18,
                                      "ID": 20,
                                      "left": 21
                                    }
                                  ],
                                  "parent": 17,
                                  "ID": 18,
                                  "left": 19,
                                  "right": 20
                                }
                              ],
                              "parent": 15,
                              "ID": 17,
                              "left": 18
                            }
                          ],
                          "parent": 14,
                          "ID": 15,
                          "left": 16,
                          "right": 17
                        }
                      ],
                      "parent": 13,
                      "ID": 14,
                      "left": 15
                    }
                  ],
                  "parent": 12,
                  "ID": 13,
                  "left": 14
                }
              ],
              "parent": 11,
              "ID": 12,
              "left": 13
            }
          ],
          "parent": 0,
          "ID": 11,
          "left": 12
        }
      ],
      "parent": null,
      "ID": 0,
      "left": 1,
      "right": 11
    },
    "feat": {
      "utility": 5.038997343000708e-06,
      "query_shape": [
        [
          "Seq Scan",
          "Hash Join",
          "Aggregate",
          "Gather"
        ],
        [
          "Seq Scan",
          "Hash Join",
          "Hash",
          "Aggregate",
          "Gather"
        ],
        [
          "Seq Scan",
          "Hash",
          "Hash Join",
          "Aggregate",
          "Gather"
        ],
        [
          "Seq Scan",
          "Hash Join",
          "Sort",
          "Aggregate",
          "Gather Merge"
        ],
        [
          "Seq Scan",
          "Hash Join",
          "Hash",
          "Sort",
          "Aggregate",
          "Gather Merge"
        ],
        [
          "Seq Scan",
          "Hash",
          "Hash Join",
          "Sort",
          "Aggregate",
          "Gather Merge"
        ]
      ],
      "index_shape": [
        "join"
      ],
      "physical_operator": {
        "Hash Join": [
          0.004123049139983979,
          0.004123049139983979
        ]
      }
    }
  },
  {
    "query": "-- Functional Query Definition\n-- Approved February 1998\n\n\nselect\nps_partkey,\nsum(ps_supplycost * ps_availqty) as value\nfrom\npartsupp,\nsupplier,\nnation\nwhere\nps_suppkey = s_suppkey\nand s_nationkey = n_nationkey\nand n_name = 'CHINA'\ngroup by\nps_partkey having\nsum(ps_supplycost * ps_availqty) > (\nselect\nsum(ps_supplycost * ps_availqty) * 0.0000100000\nfrom\npartsupp,\nsupplier,\nnation\nwhere\nps_suppkey = s_suppkey\nand s_nationkey = n_nationkey\nand n_name = 'CHINA'\n)\norder by\nvalue desc ;\n-- $ID$\n-- TPC-H/TPC-R Shipping Modes and Order Priority ",
    "indexes": "partsupp.ps_availqty",
    "wo plan est": {
      "Node Type": "Sort",
      "Parallel Aware": false,
      "Async Capable": false,
      "Startup Cost": 517534.29,
      "Total Cost": 517800.95,
      "Plan Rows": 106664,
      "Plan Width": 36,
      "Sort Key": [
        "(sum((partsupp.ps_supplycost * (partsupp.ps_availqty)::numeric))) DESC"
      ],
      "Plans": [
        {
          "Node Type": "Aggregate",
          "Strategy": "Plain",
          "Partial Mode": "Finalize",
          "Parent Relationship": "InitPlan",
          "Subplan Name": "InitPlan 1 (returns $1)",
          "Parallel Aware": false,
          "Async Capable": false,
          "Startup Cost": 226081.91,
          "Total Cost": 226081.92,
          "Plan Rows": 1,
          "Plan Width": 32,
          "Plans": [
            {
              "Node Type": "Gather",
              "Parent Relationship": "Outer",
              "Parallel Aware": false,
              "Async Capable": false,
              "Startup Cost": 226081.68,
              "Total Cost": 226081.89,
              "Plan Rows": 2,
              "Plan Width": 32,
              "Workers Planned": 2,
              "Single Copy": false,
              "Plans": [
                {
                  "Node Type": "Aggregate",
                  "Strategy": "Plain",
                  "Partial Mode": "Partial",
                  "Parent Relationship": "Outer",
                  "Parallel Aware": false,
                  "Async Capable": false,
                  "Startup Cost": 225081.68,
                  "Total Cost": 225081.69,
                  "Plan Rows": 1,
                  "Plan Width": 32,
                  "Plans": [
                    {
                      "Node Type": "Hash Join",
                      "Parent Relationship": "Outer",
                      "Parallel Aware": true,
                      "Async Capable": false,
                      "Join Type": "Inner",
                      "Startup Cost": 3079.09,
                      "Total Cost": 224081.71,
                      "Plan Rows": 133330,
                      "Plan Width": 10,
                      "Inner Unique": false,
                      "Hash Cond": "(partsupp_1.ps_suppkey = supplier_1.s_suppkey)",
                      "Plans": [
                        {
                          "Node Type": "Seq Scan",
                          "Parent Relationship": "Outer",
                          "Parallel Aware": true,
                          "Async Capable": false,
                          "Relation Name": "partsupp",
                          "Alias": "partsupp_1",
                          "Startup Cost": 0.0,
                          "Total Cost": 207718.58,
                          "Plan Rows": 3333258,
                          "Plan Width": 14,
                          "parent": 4,
                          "ID": 5
                        },
                        {
                          "Node Type": "Hash",
                          "Parent Relationship": "Inner",
                          "Parallel Aware": true,
                          "Async Capable": false,
                          "Startup Cost": 3049.68,
                          "Total Cost": 3049.68,
                          "Plan Rows": 2353,
                          "Plan Width": 4,
                          "Plans": [
                            {
                              "Node Type": "Hash Join",
                              "Parent Relationship": "Outer",
                              "Parallel Aware": false,
                              "Async Capable": false,
                              "Join Type": "Inner",
                              "Startup Cost": 1.32,
                              "Total Cost": 3049.68,
                              "Plan Rows": 2353,
                              "Plan Width": 4,
                              "Inner Unique": false,
                              "Hash Cond": "(supplier_1.s_nationkey = nation_1.n_nationkey)",
                              "Plans": [
                                {
                                  "Node Type": "Seq Scan",
                                  "Parent Relationship": "Outer",
                                  "Parallel Aware": true,
                                  "Async Capable": false,
                                  "Relation Name": "supplier",
                                  "Alias": "supplier_1",
                                  "Startup Cost": 0.0,
                                  "Total Cost": 2804.24,
                                  "Plan Rows": 58824,
                                  "Plan Width": 8,
                                  "parent": 7,
                                  "ID": 8
                                },
                                {
                                  "Node Type": "Hash",
                                  "Parent Relationship": "Inner",
                                  "Parallel Aware": false,
                                  "Async Capable": false,
                                  "Startup Cost": 1.31,
                                  "Total Cost": 1.31,
                                  "Plan Rows": 1,
                                  "Plan Width": 4,
                                  "Plans": [
                                    {
                                      "Node Type": "Seq Scan",
                                      "Parent Relationship": "Outer",
                                      "Parallel Aware": false,
                                      "Async Capable": false,
                                      "Relation Name": "nation",
                                      "Alias": "nation_1",
                                      "Startup Cost": 0.0,
                                      "Total Cost": 1.31,
                                      "Plan Rows": 1,
                                      "Plan Width": 4,
                                      "Filter": "(n_name = 'CHINA'::bpchar)",
                                      "parent": 9,
                                      "ID": 10
                                    }
                                  ],
                                  "parent": 7,
                                  "ID": 9,
                                  "left": 10
                                }
                              ],
                              "parent": 6,
                              "ID": 7,
                              "left": 8,
                              "right": 9
                            }
                          ],
                          "parent": 4,
                          "ID": 6,
                          "left": 7
                        }
                      ],
                      "parent": 3,
                      "ID": 4,
                      "left": 5,
                      "right": 6
                    }
                  ],
                  "parent": 2,
                  "ID": 3,
                  "left": 4
                }
              ],
              "parent": 1,
              "ID": 2,
              "left": 3
            }
          ],
          "parent": 0,
          "ID": 1,
          "left": 2
        },
        {
          "Node Type": "Aggregate",
          "Strategy": "Sorted",
          "Partial Mode": "Finalize",
          "Parent Relationship": "Outer",
          "Parallel Aware": false,
          "Async Capable": false,
          "Startup Cost": 238713.21,
          "Total Cost": 279625.48,
          "Plan Rows": 106664,
          "Plan Width": 36,
          "Group Key": [
            "partsupp.ps_partkey"
          ],
          "Filter": "(sum((partsupp.ps_supplycost * (partsupp.ps_availqty)::numeric)) > $1)",
          "Plans": [
            {
              "Node Type": "Gather Merge",
              "Parent Relationship": "Outer",
              "Parallel Aware": false,
              "Async Capable": false,
              "Startup Cost": 238713.21,
              "Total Cost": 272825.64,
              "Plan Rows": 266660,
              "Plan Width": 36,
              "Workers Planned": 2,
              "Plans": [
                {
                  "Node Type": "Aggregate",
                  "Strategy": "Sorted",
                  "Partial Mode": "Partial",
                  "Parent Relationship": "Outer",
                  "Parallel Aware": false,
                  "Async Capable": false,
                  "Startup Cost": 237713.18,
                  "Total Cost": 241046.43,
                  "Plan Rows": 133330,
                  "Plan Width": 36,
                  "Group Key": [
                    "partsupp.ps_partkey"
                  ],
                  "Plans": [
                    {
                      "Node Type": "Sort",
                      "Parent Relationship": "Outer",
                      "Parallel Aware": false,
                      "Async Capable": false,
                      "Startup Cost": 237713.18,
                      "Total Cost": 238046.51,
                      "Plan Rows": 133330,
                      "Plan Width": 14,
                      "Sort Key": [
                        "partsupp.ps_partkey"
                      ],
                      "Plans": [
                        {
                          "Node Type": "Hash Join",
                          "Parent Relationship": "Outer",
                          "Parallel Aware": true,
                          "Async Capable": false,
                          "Join Type": "Inner",
                          "Startup Cost": 3079.09,
                          "Total Cost": 224081.71,
                          "Plan Rows": 133330,
                          "Plan Width": 14,
                          "Inner Unique": false,
                          "Hash Cond": "(partsupp.ps_suppkey = supplier.s_suppkey)",
                          "Plans": [
                            {
                              "Node Type": "Seq Scan",
                              "Parent Relationship": "Outer",
                              "Parallel Aware": true,
                              "Async Capable": false,
                              "Relation Name": "partsupp",
                              "Alias": "partsupp",
                              "Startup Cost": 0.0,
                              "Total Cost": 207718.58,
                              "Plan Rows": 3333258,
                              "Plan Width": 18,
                              "parent": 15,
                              "ID": 16
                            },
                            {
                              "Node Type": "Hash",
                              "Parent Relationship": "Inner",
                              "Parallel Aware": true,
                              "Async Capable": false,
                              "Startup Cost": 3049.68,
                              "Total Cost": 3049.68,
                              "Plan Rows": 2353,
                              "Plan Width": 4,
                              "Plans": [
                                {
                                  "Node Type": "Hash Join",
                                  "Parent Relationship": "Outer",
                                  "Parallel Aware": false,
                                  "Async Capable": false,
                                  "Join Type": "Inner",
                                  "Startup Cost": 1.32,
                                  "Total Cost": 3049.68,
                                  "Plan Rows": 2353,
                                  "Plan Width": 4,
                                  "Inner Unique": false,
                                  "Hash Cond": "(supplier.s_nationkey = nation.n_nationkey)",
                                  "Plans": [
                                    {
                                      "Node Type": "Seq Scan",
                                      "Parent Relationship": "Outer",
                                      "Parallel Aware": true,
                                      "Async Capable": false,
                                      "Relation Name": "supplier",
                                      "Alias": "supplier",
                                      "Startup Cost": 0.0,
                                      "Total Cost": 2804.24,
                                      "Plan Rows": 58824,
                                      "Plan Width": 8,
                                      "parent": 18,
                                      "ID": 19
                                    },
                                    {
                                      "Node Type": "Hash",
                                      "Parent Relationship": "Inner",
                                      "Parallel Aware": false,
                                      "Async Capable": false,
                                      "Startup Cost": 1.31,
                                      "Total Cost": 1.31,
                                      "Plan Rows": 1,
                                      "Plan Width": 4,
                                      "Plans": [
                                        {
                                          "Node Type": "Seq Scan",
                                          "Parent Relationship": "Outer",
                                          "Parallel Aware": false,
                                          "Async Capable": false,
                                          "Relation Name": "nation",
                                          "Alias": "nation",
                                          "Startup Cost": 0.0,
                                          "Total Cost": 1.31,
                                          "Plan Rows": 1,
                                          "Plan Width": 4,
                                          "Filter": "(n_name = 'CHINA'::bpchar)",
                                          "parent": 20,
                                          "ID": 21
                                        }
                                      ],
                                      "parent": 18,
                                      "ID": 20,
                                      "left": 21
                                    }
                                  ],
                                  "parent": 17,
                                  "ID": 18,
                                  "left": 19,
                                  "right": 20
                                }
                              ],
                              "parent": 15,
                              "ID": 17,
                              "left": 18
                            }
                          ],
                          "parent": 14,
                          "ID": 15,
                          "left": 16,
                          "right": 17
                        }
                      ],
                      "parent": 13,
                      "ID": 14,
                      "left": 15
                    }
                  ],
                  "parent": 12,
                  "ID": 13,
                  "left": 14
                }
              ],
              "parent": 11,
              "ID": 12,
              "left": 13
            }
          ],
          "parent": 0,
          "ID": 11,
          "left": 12
        }
      ],
      "parent": null,
      "ID": 0,
      "left": 1,
      "right": 11
    },
    "feat": {
      "utility": 0.0,
      "query_shape": [
        [
          "Seq Scan",
          "Hash Join",
          "Aggregate",
          "Gather"
        ],
        [
          "Seq Scan",
          "Hash Join",
          "Hash",
          "Aggregate",
          "Gather"
        ],
        [
          "Seq Scan",
          "Hash",
          "Hash Join",
          "Aggregate",
          "Gather"
        ],
        [
          "Seq Scan",
          "Hash Join",
          "Sort",
          "Aggregate",
          "Gather Merge"
        ],
        [
          "Seq Scan",
          "Hash Join",
          "Hash",
          "Sort",
          "Aggregate",
          "Gather Merge"
        ],
        [
          "Seq Scan",
          "Hash",
          "Hash Join",
          "Sort",
          "Aggregate",
          "Gather Merge"
        ]
      ],
      "index_shape": [
        "order-by"
      ],
      "physical_operator": {
        "Sort": [
          "[1.000e+00 2.000e+02 4.020e+02 6.020e+02 8.020e+02 1.004e+03 1.203e+03\n 1.402e+03 1.602e+03 1.802e+03 2.003e+03 2.203e+03 2.405e+03 2.608e+03\n 2.810e+03 3.011e+03 3.211e+03 3.409e+03 3.608e+03 3.807e+03 4.006e+03\n 4.206e+03 4.405e+03 4.605e+03 4.801e+03 5.003e+03 5.203e+03 5.402e+03\n 5.602e+03 5.803e+03 6.004e+03 6.204e+03 6.403e+03 6.603e+03 6.804e+03\n 7.001e+03 7.199e+03 7.398e+03 7.597e+03 7.798e+03 8.001e+03 8.201e+03\n 8.400e+03 8.601e+03 8.801e+03 9.005e+03 9.204e+03 9.403e+03 9.600e+03\n 9.799e+03 9.999e+03]"
        ],
        "Aggregate": [
          "[1.000e+00 2.000e+02 4.020e+02 6.020e+02 8.020e+02 1.004e+03 1.203e+03\n 1.402e+03 1.602e+03 1.802e+03 2.003e+03 2.203e+03 2.405e+03 2.608e+03\n 2.810e+03 3.011e+03 3.211e+03 3.409e+03 3.608e+03 3.807e+03 4.006e+03\n 4.206e+03 4.405e+03 4.605e+03 4.801e+03 5.003e+03 5.203e+03 5.402e+03\n 5.602e+03 5.803e+03 6.004e+03 6.204e+03 6.403e+03 6.603e+03 6.804e+03\n 7.001e+03 7.199e+03 7.398e+03 7.597e+03 7.798e+03 8.001e+03 8.201e+03\n 8.400e+03 8.601e+03 8.801e+03 9.005e+03 9.204e+03 9.403e+03 9.600e+03\n 9.799e+03 9.999e+03]"
        ]
      }
    }
  },
  {
    "query": "-- Functional Query Definition\n-- Approved February 1998\n\n\nselect\nps_partkey,\nsum(ps_supplycost * ps_availqty) as value\nfrom\npartsupp,\nsupplier,\nnation\nwhere\nps_suppkey = s_suppkey\nand s_nationkey = n_nationkey\nand n_name = 'CHINA'\ngroup by\nps_partkey having\nsum(ps_supplycost * ps_availqty) > (\nselect\nsum(ps_supplycost * ps_availqty) * 0.0000100000\nfrom\npartsupp,\nsupplier,\nnation\nwhere\nps_suppkey = s_suppkey\nand s_nationkey = n_nationkey\nand n_name = 'CHINA'\n)\norder by\nvalue desc ;\n-- $ID$\n-- TPC-H/TPC-R Shipping Modes and Order Priority ",
    "indexes": "partsupp.ps_supplycost",
    "wo plan est": {
      "Node Type": "Sort",
      "Parallel Aware": false,
      "Async Capable": false,
      "Startup Cost": 517534.29,
      "Total Cost": 517800.95,
      "Plan Rows": 106664,
      "Plan Width": 36,
      "Sort Key": [
        "(sum((partsupp.ps_supplycost * (partsupp.ps_availqty)::numeric))) DESC"
      ],
      "Plans": [
        {
          "Node Type": "Aggregate",
          "Strategy": "Plain",
          "Partial Mode": "Finalize",
          "Parent Relationship": "InitPlan",
          "Subplan Name": "InitPlan 1 (returns $1)",
          "Parallel Aware": false,
          "Async Capable": false,
          "Startup Cost": 226081.91,
          "Total Cost": 226081.92,
          "Plan Rows": 1,
          "Plan Width": 32,
          "Plans": [
            {
              "Node Type": "Gather",
              "Parent Relationship": "Outer",
              "Parallel Aware": false,
              "Async Capable": false,
              "Startup Cost": 226081.68,
              "Total Cost": 226081.89,
              "Plan Rows": 2,
              "Plan Width": 32,
              "Workers Planned": 2,
              "Single Copy": false,
              "Plans": [
                {
                  "Node Type": "Aggregate",
                  "Strategy": "Plain",
                  "Partial Mode": "Partial",
                  "Parent Relationship": "Outer",
                  "Parallel Aware": false,
                  "Async Capable": false,
                  "Startup Cost": 225081.68,
                  "Total Cost": 225081.69,
                  "Plan Rows": 1,
                  "Plan Width": 32,
                  "Plans": [
                    {
                      "Node Type": "Hash Join",
                      "Parent Relationship": "Outer",
                      "Parallel Aware": true,
                      "Async Capable": false,
                      "Join Type": "Inner",
                      "Startup Cost": 3079.09,
                      "Total Cost": 224081.71,
                      "Plan Rows": 133330,
                      "Plan Width": 10,
                      "Inner Unique": false,
                      "Hash Cond": "(partsupp_1.ps_suppkey = supplier_1.s_suppkey)",
                      "Plans": [
                        {
                          "Node Type": "Seq Scan",
                          "Parent Relationship": "Outer",
                          "Parallel Aware": true,
                          "Async Capable": false,
                          "Relation Name": "partsupp",
                          "Alias": "partsupp_1",
                          "Startup Cost": 0.0,
                          "Total Cost": 207718.58,
                          "Plan Rows": 3333258,
                          "Plan Width": 14,
                          "parent": 4,
                          "ID": 5
                        },
                        {
                          "Node Type": "Hash",
                          "Parent Relationship": "Inner",
                          "Parallel Aware": true,
                          "Async Capable": false,
                          "Startup Cost": 3049.68,
                          "Total Cost": 3049.68,
                          "Plan Rows": 2353,
                          "Plan Width": 4,
                          "Plans": [
                            {
                              "Node Type": "Hash Join",
                              "Parent Relationship": "Outer",
                              "Parallel Aware": false,
                              "Async Capable": false,
                              "Join Type": "Inner",
                              "Startup Cost": 1.32,
                              "Total Cost": 3049.68,
                              "Plan Rows": 2353,
                              "Plan Width": 4,
                              "Inner Unique": false,
                              "Hash Cond": "(supplier_1.s_nationkey = nation_1.n_nationkey)",
                              "Plans": [
                                {
                                  "Node Type": "Seq Scan",
                                  "Parent Relationship": "Outer",
                                  "Parallel Aware": true,
                                  "Async Capable": false,
                                  "Relation Name": "supplier",
                                  "Alias": "supplier_1",
                                  "Startup Cost": 0.0,
                                  "Total Cost": 2804.24,
                                  "Plan Rows": 58824,
                                  "Plan Width": 8,
                                  "parent": 7,
                                  "ID": 8
                                },
                                {
                                  "Node Type": "Hash",
                                  "Parent Relationship": "Inner",
                                  "Parallel Aware": false,
                                  "Async Capable": false,
                                  "Startup Cost": 1.31,
                                  "Total Cost": 1.31,
                                  "Plan Rows": 1,
                                  "Plan Width": 4,
                                  "Plans": [
                                    {
                                      "Node Type": "Seq Scan",
                                      "Parent Relationship": "Outer",
                                      "Parallel Aware": false,
                                      "Async Capable": false,
                                      "Relation Name": "nation",
                                      "Alias": "nation_1",
                                      "Startup Cost": 0.0,
                                      "Total Cost": 1.31,
                                      "Plan Rows": 1,
                                      "Plan Width": 4,
                                      "Filter": "(n_name = 'CHINA'::bpchar)",
                                      "parent": 9,
                                      "ID": 10
                                    }
                                  ],
                                  "parent": 7,
                                  "ID": 9,
                                  "left": 10
                                }
                              ],
                              "parent": 6,
                              "ID": 7,
                              "left": 8,
                              "right": 9
                            }
                          ],
                          "parent": 4,
                          "ID": 6,
                          "left": 7
                        }
                      ],
                      "parent": 3,
                      "ID": 4,
                      "left": 5,
                      "right": 6
                    }
                  ],
                  "parent": 2,
                  "ID": 3,
                  "left": 4
                }
              ],
              "parent": 1,
              "ID": 2,
              "left": 3
            }
          ],
          "parent": 0,
          "ID": 1,
          "left": 2
        },
        {
          "Node Type": "Aggregate",
          "Strategy": "Sorted",
          "Partial Mode": "Finalize",
          "Parent Relationship": "Outer",
          "Parallel Aware": false,
          "Async Capable": false,
          "Startup Cost": 238713.21,
          "Total Cost": 279625.48,
          "Plan Rows": 106664,
          "Plan Width": 36,
          "Group Key": [
            "partsupp.ps_partkey"
          ],
          "Filter": "(sum((partsupp.ps_supplycost * (partsupp.ps_availqty)::numeric)) > $1)",
          "Plans": [
            {
              "Node Type": "Gather Merge",
              "Parent Relationship": "Outer",
              "Parallel Aware": false,
              "Async Capable": false,
              "Startup Cost": 238713.21,
              "Total Cost": 272825.64,
              "Plan Rows": 266660,
              "Plan Width": 36,
              "Workers Planned": 2,
              "Plans": [
                {
                  "Node Type": "Aggregate",
                  "Strategy": "Sorted",
                  "Partial Mode": "Partial",
                  "Parent Relationship": "Outer",
                  "Parallel Aware": false,
                  "Async Capable": false,
                  "Startup Cost": 237713.18,
                  "Total Cost": 241046.43,
                  "Plan Rows": 133330,
                  "Plan Width": 36,
                  "Group Key": [
                    "partsupp.ps_partkey"
                  ],
                  "Plans": [
                    {
                      "Node Type": "Sort",
                      "Parent Relationship": "Outer",
                      "Parallel Aware": false,
                      "Async Capable": false,
                      "Startup Cost": 237713.18,
                      "Total Cost": 238046.51,
                      "Plan Rows": 133330,
                      "Plan Width": 14,
                      "Sort Key": [
                        "partsupp.ps_partkey"
                      ],
                      "Plans": [
                        {
                          "Node Type": "Hash Join",
                          "Parent Relationship": "Outer",
                          "Parallel Aware": true,
                          "Async Capable": false,
                          "Join Type": "Inner",
                          "Startup Cost": 3079.09,
                          "Total Cost": 224081.71,
                          "Plan Rows": 133330,
                          "Plan Width": 14,
                          "Inner Unique": false,
                          "Hash Cond": "(partsupp.ps_suppkey = supplier.s_suppkey)",
                          "Plans": [
                            {
                              "Node Type": "Seq Scan",
                              "Parent Relationship": "Outer",
                              "Parallel Aware": true,
                              "Async Capable": false,
                              "Relation Name": "partsupp",
                              "Alias": "partsupp",
                              "Startup Cost": 0.0,
                              "Total Cost": 207718.58,
                              "Plan Rows": 3333258,
                              "Plan Width": 18,
                              "parent": 15,
                              "ID": 16
                            },
                            {
                              "Node Type": "Hash",
                              "Parent Relationship": "Inner",
                              "Parallel Aware": true,
                              "Async Capable": false,
                              "Startup Cost": 3049.68,
                              "Total Cost": 3049.68,
                              "Plan Rows": 2353,
                              "Plan Width": 4,
                              "Plans": [
                                {
                                  "Node Type": "Hash Join",
                                  "Parent Relationship": "Outer",
                                  "Parallel Aware": false,
                                  "Async Capable": false,
                                  "Join Type": "Inner",
                                  "Startup Cost": 1.32,
                                  "Total Cost": 3049.68,
                                  "Plan Rows": 2353,
                                  "Plan Width": 4,
                                  "Inner Unique": false,
                                  "Hash Cond": "(supplier.s_nationkey = nation.n_nationkey)",
                                  "Plans": [
                                    {
                                      "Node Type": "Seq Scan",
                                      "Parent Relationship": "Outer",
                                      "Parallel Aware": true,
                                      "Async Capable": false,
                                      "Relation Name": "supplier",
                                      "Alias": "supplier",
                                      "Startup Cost": 0.0,
                                      "Total Cost": 2804.24,
                                      "Plan Rows": 58824,
                                      "Plan Width": 8,
                                      "parent": 18,
                                      "ID": 19
                                    },
                                    {
                                      "Node Type": "Hash",
                                      "Parent Relationship": "Inner",
                                      "Parallel Aware": false,
                                      "Async Capable": false,
                                      "Startup Cost": 1.31,
                                      "Total Cost": 1.31,
                                      "Plan Rows": 1,
                                      "Plan Width": 4,
                                      "Plans": [
                                        {
                                          "Node Type": "Seq Scan",
                                          "Parent Relationship": "Outer",
                                          "Parallel Aware": false,
                                          "Async Capable": false,
                                          "Relation Name": "nation",
                                          "Alias": "nation",
                                          "Startup Cost": 0.0,
                                          "Total Cost": 1.31,
                                          "Plan Rows": 1,
                                          "Plan Width": 4,
                                          "Filter": "(n_name = 'CHINA'::bpchar)",
                                          "parent": 20,
                                          "ID": 21
                                        }
                                      ],
                                      "parent": 18,
                                      "ID": 20,
                                      "left": 21
                                    }
                                  ],
                                  "parent": 17,
                                  "ID": 18,
                                  "left": 19,
                                  "right": 20
                                }
                              ],
                              "parent": 15,
                              "ID": 17,
                              "left": 18
                            }
                          ],
                          "parent": 14,
                          "ID": 15,
                          "left": 16,
                          "right": 17
                        }
                      ],
                      "parent": 13,
                      "ID": 14,
                      "left": 15
                    }
                  ],
                  "parent": 12,
                  "ID": 13,
                  "left": 14
                }
              ],
              "parent": 11,
              "ID": 12,
              "left": 13
            }
          ],
          "parent": 0,
          "ID": 11,
          "left": 12
        }
      ],
      "parent": null,
      "ID": 0,
      "left": 1,
      "right": 11
    },
    "feat": {
      "utility": 0.0,
      "query_shape": [
        [
          "Seq Scan",
          "Hash Join",
          "Aggregate",
          "Gather"
        ],
        [
          "Seq Scan",
          "Hash Join",
          "Hash",
          "Aggregate",
          "Gather"
        ],
        [
          "Seq Scan",
          "Hash",
          "Hash Join",
          "Aggregate",
          "Gather"
        ],
        [
          "Seq Scan",
          "Hash Join",
          "Sort",
          "Aggregate",
          "Gather Merge"
        ],
        [
          "Seq Scan",
          "Hash Join",
          "Hash",
          "Sort",
          "Aggregate",
          "Gather Merge"
        ],
        [
          "Seq Scan",
          "Hash",
          "Hash Join",
          "Sort",
          "Aggregate",
          "Gather Merge"
        ]
      ],
      "index_shape": [
        "order-by"
      ],
      "physical_operator": {
        "Sort": [
          "[   1.       21.2      41.36     61.36     81.36    101.28    121.22\n  141.43    161.31    181.35    201.27    221.06    240.93    260.84\n  280.97    300.97    321.08    340.9     360.75    380.85    400.74\n  420.8158  440.57    460.5454  480.61    500.41    520.43    540.14\n  560.08    580.1     600.      619.84    639.8936  659.94    679.92\n  700.14    720.35    740.22    760.1724  779.93    800.11    820.12\n  840.      859.83    879.71    899.891   919.9     939.94    959.82\n  979.83   1000.    ]"
        ],
        "Aggregate": [
          "[   1.       21.2      41.36     61.36     81.36    101.28    121.22\n  141.43    161.31    181.35    201.27    221.06    240.93    260.84\n  280.97    300.97    321.08    340.9     360.75    380.85    400.74\n  420.8158  440.57    460.5454  480.61    500.41    520.43    540.14\n  560.08    580.1     600.      619.84    639.8936  659.94    679.92\n  700.14    720.35    740.22    760.1724  779.93    800.11    820.12\n  840.      859.83    879.71    899.891   919.9     939.94    959.82\n  979.83   1000.    ]"
        ]
      }
    }
  },
  {
    "query": "-- Functional Query Definition\n-- Approved February 1998\n\n\nselect\nps_partkey,\nsum(ps_supplycost * ps_availqty) as value\nfrom\npartsupp,\nsupplier,\nnation\nwhere\nps_suppkey = s_suppkey\nand s_nationkey = n_nationkey\nand n_name = 'CHINA'\ngroup by\nps_partkey having\nsum(ps_supplycost * ps_availqty) > (\nselect\nsum(ps_supplycost * ps_availqty) * 0.0000100000\nfrom\npartsupp,\nsupplier,\nnation\nwhere\nps_suppkey = s_suppkey\nand s_nationkey = n_nationkey\nand n_name = 'CHINA'\n)\norder by\nvalue desc ;\n-- $ID$\n-- TPC-H/TPC-R Shipping Modes and Order Priority ",
    "indexes": "supplier.s_suppkey",
    "wo plan est": {
      "Node Type": "Sort",
      "Parallel Aware": false,
      "Async Capable": false,
      "Startup Cost": 517534.29,
      "Total Cost": 517800.95,
      "Plan Rows": 106664,
      "Plan Width": 36,
      "Sort Key": [
        "(sum((partsupp.ps_supplycost * (partsupp.ps_availqty)::numeric))) DESC"
      ],
      "Plans": [
        {
          "Node Type": "Aggregate",
          "Strategy": "Plain",
          "Partial Mode": "Finalize",
          "Parent Relationship": "InitPlan",
          "Subplan Name": "InitPlan 1 (returns $1)",
          "Parallel Aware": false,
          "Async Capable": false,
          "Startup Cost": 226081.91,
          "Total Cost": 226081.92,
          "Plan Rows": 1,
          "Plan Width": 32,
          "Plans": [
            {
              "Node Type": "Gather",
              "Parent Relationship": "Outer",
              "Parallel Aware": false,
              "Async Capable": false,
              "Startup Cost": 226081.68,
              "Total Cost": 226081.89,
              "Plan Rows": 2,
              "Plan Width": 32,
              "Workers Planned": 2,
              "Single Copy": false,
              "Plans": [
                {
                  "Node Type": "Aggregate",
                  "Strategy": "Plain",
                  "Partial Mode": "Partial",
                  "Parent Relationship": "Outer",
                  "Parallel Aware": false,
                  "Async Capable": false,
                  "Startup Cost": 225081.68,
                  "Total Cost": 225081.69,
                  "Plan Rows": 1,
                  "Plan Width": 32,
                  "Plans": [
                    {
                      "Node Type": "Hash Join",
                      "Parent Relationship": "Outer",
                      "Parallel Aware": true,
                      "Async Capable": false,
                      "Join Type": "Inner",
                      "Startup Cost": 3079.09,
                      "Total Cost": 224081.71,
                      "Plan Rows": 133330,
                      "Plan Width": 10,
                      "Inner Unique": false,
                      "Hash Cond": "(partsupp_1.ps_suppkey = supplier_1.s_suppkey)",
                      "Plans": [
                        {
                          "Node Type": "Seq Scan",
                          "Parent Relationship": "Outer",
                          "Parallel Aware": true,
                          "Async Capable": false,
                          "Relation Name": "partsupp",
                          "Alias": "partsupp_1",
                          "Startup Cost": 0.0,
                          "Total Cost": 207718.58,
                          "Plan Rows": 3333258,
                          "Plan Width": 14,
                          "parent": 4,
                          "ID": 5
                        },
                        {
                          "Node Type": "Hash",
                          "Parent Relationship": "Inner",
                          "Parallel Aware": true,
                          "Async Capable": false,
                          "Startup Cost": 3049.68,
                          "Total Cost": 3049.68,
                          "Plan Rows": 2353,
                          "Plan Width": 4,
                          "Plans": [
                            {
                              "Node Type": "Hash Join",
                              "Parent Relationship": "Outer",
                              "Parallel Aware": false,
                              "Async Capable": false,
                              "Join Type": "Inner",
                              "Startup Cost": 1.32,
                              "Total Cost": 3049.68,
                              "Plan Rows": 2353,
                              "Plan Width": 4,
                              "Inner Unique": false,
                              "Hash Cond": "(supplier_1.s_nationkey = nation_1.n_nationkey)",
                              "Plans": [
                                {
                                  "Node Type": "Seq Scan",
                                  "Parent Relationship": "Outer",
                                  "Parallel Aware": true,
                                  "Async Capable": false,
                                  "Relation Name": "supplier",
                                  "Alias": "supplier_1",
                                  "Startup Cost": 0.0,
                                  "Total Cost": 2804.24,
                                  "Plan Rows": 58824,
                                  "Plan Width": 8,
                                  "parent": 7,
                                  "ID": 8
                                },
                                {
                                  "Node Type": "Hash",
                                  "Parent Relationship": "Inner",
                                  "Parallel Aware": false,
                                  "Async Capable": false,
                                  "Startup Cost": 1.31,
                                  "Total Cost": 1.31,
                                  "Plan Rows": 1,
                                  "Plan Width": 4,
                                  "Plans": [
                                    {
                                      "Node Type": "Seq Scan",
                                      "Parent Relationship": "Outer",
                                      "Parallel Aware": false,
                                      "Async Capable": false,
                                      "Relation Name": "nation",
                                      "Alias": "nation_1",
                                      "Startup Cost": 0.0,
                                      "Total Cost": 1.31,
                                      "Plan Rows": 1,
                                      "Plan Width": 4,
                                      "Filter": "(n_name = 'CHINA'::bpchar)",
                                      "parent": 9,
                                      "ID": 10
                                    }
                                  ],
                                  "parent": 7,
                                  "ID": 9,
                                  "left": 10
                                }
                              ],
                              "parent": 6,
                              "ID": 7,
                              "left": 8,
                              "right": 9
                            }
                          ],
                          "parent": 4,
                          "ID": 6,
                          "left": 7
                        }
                      ],
                      "parent": 3,
                      "ID": 4,
                      "left": 5,
                      "right": 6
                    }
                  ],
                  "parent": 2,
                  "ID": 3,
                  "left": 4
                }
              ],
              "parent": 1,
              "ID": 2,
              "left": 3
            }
          ],
          "parent": 0,
          "ID": 1,
          "left": 2
        },
        {
          "Node Type": "Aggregate",
          "Strategy": "Sorted",
          "Partial Mode": "Finalize",
          "Parent Relationship": "Outer",
          "Parallel Aware": false,
          "Async Capable": false,
          "Startup Cost": 238713.21,
          "Total Cost": 279625.48,
          "Plan Rows": 106664,
          "Plan Width": 36,
          "Group Key": [
            "partsupp.ps_partkey"
          ],
          "Filter": "(sum((partsupp.ps_supplycost * (partsupp.ps_availqty)::numeric)) > $1)",
          "Plans": [
            {
              "Node Type": "Gather Merge",
              "Parent Relationship": "Outer",
              "Parallel Aware": false,
              "Async Capable": false,
              "Startup Cost": 238713.21,
              "Total Cost": 272825.64,
              "Plan Rows": 266660,
              "Plan Width": 36,
              "Workers Planned": 2,
              "Plans": [
                {
                  "Node Type": "Aggregate",
                  "Strategy": "Sorted",
                  "Partial Mode": "Partial",
                  "Parent Relationship": "Outer",
                  "Parallel Aware": false,
                  "Async Capable": false,
                  "Startup Cost": 237713.18,
                  "Total Cost": 241046.43,
                  "Plan Rows": 133330,
                  "Plan Width": 36,
                  "Group Key": [
                    "partsupp.ps_partkey"
                  ],
                  "Plans": [
                    {
                      "Node Type": "Sort",
                      "Parent Relationship": "Outer",
                      "Parallel Aware": false,
                      "Async Capable": false,
                      "Startup Cost": 237713.18,
                      "Total Cost": 238046.51,
                      "Plan Rows": 133330,
                      "Plan Width": 14,
                      "Sort Key": [
                        "partsupp.ps_partkey"
                      ],
                      "Plans": [
                        {
                          "Node Type": "Hash Join",
                          "Parent Relationship": "Outer",
                          "Parallel Aware": true,
                          "Async Capable": false,
                          "Join Type": "Inner",
                          "Startup Cost": 3079.09,
                          "Total Cost": 224081.71,
                          "Plan Rows": 133330,
                          "Plan Width": 14,
                          "Inner Unique": false,
                          "Hash Cond": "(partsupp.ps_suppkey = supplier.s_suppkey)",
                          "Plans": [
                            {
                              "Node Type": "Seq Scan",
                              "Parent Relationship": "Outer",
                              "Parallel Aware": true,
                              "Async Capable": false,
                              "Relation Name": "partsupp",
                              "Alias": "partsupp",
                              "Startup Cost": 0.0,
                              "Total Cost": 207718.58,
                              "Plan Rows": 3333258,
                              "Plan Width": 18,
                              "parent": 15,
                              "ID": 16
                            },
                            {
                              "Node Type": "Hash",
                              "Parent Relationship": "Inner",
                              "Parallel Aware": true,
                              "Async Capable": false,
                              "Startup Cost": 3049.68,
                              "Total Cost": 3049.68,
                              "Plan Rows": 2353,
                              "Plan Width": 4,
                              "Plans": [
                                {
                                  "Node Type": "Hash Join",
                                  "Parent Relationship": "Outer",
                                  "Parallel Aware": false,
                                  "Async Capable": false,
                                  "Join Type": "Inner",
                                  "Startup Cost": 1.32,
                                  "Total Cost": 3049.68,
                                  "Plan Rows": 2353,
                                  "Plan Width": 4,
                                  "Inner Unique": false,
                                  "Hash Cond": "(supplier.s_nationkey = nation.n_nationkey)",
                                  "Plans": [
                                    {
                                      "Node Type": "Seq Scan",
                                      "Parent Relationship": "Outer",
                                      "Parallel Aware": true,
                                      "Async Capable": false,
                                      "Relation Name": "supplier",
                                      "Alias": "supplier",
                                      "Startup Cost": 0.0,
                                      "Total Cost": 2804.24,
                                      "Plan Rows": 58824,
                                      "Plan Width": 8,
                                      "parent": 18,
                                      "ID": 19
                                    },
                                    {
                                      "Node Type": "Hash",
                                      "Parent Relationship": "Inner",
                                      "Parallel Aware": false,
                                      "Async Capable": false,
                                      "Startup Cost": 1.31,
                                      "Total Cost": 1.31,
                                      "Plan Rows": 1,
                                      "Plan Width": 4,
                                      "Plans": [
                                        {
                                          "Node Type": "Seq Scan",
                                          "Parent Relationship": "Outer",
                                          "Parallel Aware": false,
                                          "Async Capable": false,
                                          "Relation Name": "nation",
                                          "Alias": "nation",
                                          "Startup Cost": 0.0,
                                          "Total Cost": 1.31,
                                          "Plan Rows": 1,
                                          "Plan Width": 4,
                                          "Filter": "(n_name = 'CHINA'::bpchar)",
                                          "parent": 20,
                                          "ID": 21
                                        }
                                      ],
                                      "parent": 18,
                                      "ID": 20,
                                      "left": 21
                                    }
                                  ],
                                  "parent": 17,
                                  "ID": 18,
                                  "left": 19,
                                  "right": 20
                                }
                              ],
                              "parent": 15,
                              "ID": 17,
                              "left": 18
                            }
                          ],
                          "parent": 14,
                          "ID": 15,
                          "left": 16,
                          "right": 17
                        }
                      ],
                      "parent": 13,
                      "ID": 14,
                      "left": 15
                    }
                  ],
                  "parent": 12,
                  "ID": 13,
                  "left": 14
                }
              ],
              "parent": 11,
              "ID": 12,
              "left": 13
            }
          ],
          "parent": 0,
          "ID": 11,
          "left": 12
        }
      ],
      "parent": null,
      "ID": 0,
      "left": 1,
      "right": 11
    },
    "feat": {
      "utility": 5.038997343000708e-06,
      "query_shape": [
        [
          "Seq Scan",
          "Hash Join",
          "Aggregate",
          "Gather"
        ],
        [
          "Seq Scan",
          "Hash Join",
          "Hash",
          "Aggregate",
          "Gather"
        ],
        [
          "Seq Scan",
          "Hash",
          "Hash Join",
          "Aggregate",
          "Gather"
        ],
        [
          "Seq Scan",
          "Hash Join",
          "Sort",
          "Aggregate",
          "Gather Merge"
        ],
        [
          "Seq Scan",
          "Hash Join",
          "Hash",
          "Sort",
          "Aggregate",
          "Gather Merge"
        ],
        [
          "Seq Scan",
          "Hash",
          "Hash Join",
          "Sort",
          "Aggregate",
          "Gather Merge"
        ]
      ],
      "index_shape": [
        "join"
      ],
      "physical_operator": {
        "Hash Join": [
          0.004123049139983979,
          0.004123049139983979
        ]
      }
    }
  },
  {
    "query": "-- Functional Query Definition\n-- Approved February 1998\n\n\nselect\nps_partkey,\nsum(ps_supplycost * ps_availqty) as value\nfrom\npartsupp,\nsupplier,\nnation\nwhere\nps_suppkey = s_suppkey\nand s_nationkey = n_nationkey\nand n_name = 'CHINA'\ngroup by\nps_partkey having\nsum(ps_supplycost * ps_availqty) > (\nselect\nsum(ps_supplycost * ps_availqty) * 0.0000100000\nfrom\npartsupp,\nsupplier,\nnation\nwhere\nps_suppkey = s_suppkey\nand s_nationkey = n_nationkey\nand n_name = 'CHINA'\n)\norder by\nvalue desc ;\n-- $ID$\n-- TPC-H/TPC-R Shipping Modes and Order Priority ",
    "indexes": "supplier.s_nationkey",
    "wo plan est": {
      "Node Type": "Sort",
      "Parallel Aware": false,
      "Async Capable": false,
      "Startup Cost": 517534.29,
      "Total Cost": 517800.95,
      "Plan Rows": 106664,
      "Plan Width": 36,
      "Sort Key": [
        "(sum((partsupp.ps_supplycost * (partsupp.ps_availqty)::numeric))) DESC"
      ],
      "Plans": [
        {
          "Node Type": "Aggregate",
          "Strategy": "Plain",
          "Partial Mode": "Finalize",
          "Parent Relationship": "InitPlan",
          "Subplan Name": "InitPlan 1 (returns $1)",
          "Parallel Aware": false,
          "Async Capable": false,
          "Startup Cost": 226081.91,
          "Total Cost": 226081.92,
          "Plan Rows": 1,
          "Plan Width": 32,
          "Plans": [
            {
              "Node Type": "Gather",
              "Parent Relationship": "Outer",
              "Parallel Aware": false,
              "Async Capable": false,
              "Startup Cost": 226081.68,
              "Total Cost": 226081.89,
              "Plan Rows": 2,
              "Plan Width": 32,
              "Workers Planned": 2,
              "Single Copy": false,
              "Plans": [
                {
                  "Node Type": "Aggregate",
                  "Strategy": "Plain",
                  "Partial Mode": "Partial",
                  "Parent Relationship": "Outer",
                  "Parallel Aware": false,
                  "Async Capable": false,
                  "Startup Cost": 225081.68,
                  "Total Cost": 225081.69,
                  "Plan Rows": 1,
                  "Plan Width": 32,
                  "Plans": [
                    {
                      "Node Type": "Hash Join",
                      "Parent Relationship": "Outer",
                      "Parallel Aware": true,
                      "Async Capable": false,
                      "Join Type": "Inner",
                      "Startup Cost": 3079.09,
                      "Total Cost": 224081.71,
                      "Plan Rows": 133330,
                      "Plan Width": 10,
                      "Inner Unique": false,
                      "Hash Cond": "(partsupp_1.ps_suppkey = supplier_1.s_suppkey)",
                      "Plans": [
                        {
                          "Node Type": "Seq Scan",
                          "Parent Relationship": "Outer",
                          "Parallel Aware": true,
                          "Async Capable": false,
                          "Relation Name": "partsupp",
                          "Alias": "partsupp_1",
                          "Startup Cost": 0.0,
                          "Total Cost": 207718.58,
                          "Plan Rows": 3333258,
                          "Plan Width": 14,
                          "parent": 4,
                          "ID": 5
                        },
                        {
                          "Node Type": "Hash",
                          "Parent Relationship": "Inner",
                          "Parallel Aware": true,
                          "Async Capable": false,
                          "Startup Cost": 3049.68,
                          "Total Cost": 3049.68,
                          "Plan Rows": 2353,
                          "Plan Width": 4,
                          "Plans": [
                            {
                              "Node Type": "Hash Join",
                              "Parent Relationship": "Outer",
                              "Parallel Aware": false,
                              "Async Capable": false,
                              "Join Type": "Inner",
                              "Startup Cost": 1.32,
                              "Total Cost": 3049.68,
                              "Plan Rows": 2353,
                              "Plan Width": 4,
                              "Inner Unique": false,
                              "Hash Cond": "(supplier_1.s_nationkey = nation_1.n_nationkey)",
                              "Plans": [
                                {
                                  "Node Type": "Seq Scan",
                                  "Parent Relationship": "Outer",
                                  "Parallel Aware": true,
                                  "Async Capable": false,
                                  "Relation Name": "supplier",
                                  "Alias": "supplier_1",
                                  "Startup Cost": 0.0,
                                  "Total Cost": 2804.24,
                                  "Plan Rows": 58824,
                                  "Plan Width": 8,
                                  "parent": 7,
                                  "ID": 8
                                },
                                {
                                  "Node Type": "Hash",
                                  "Parent Relationship": "Inner",
                                  "Parallel Aware": false,
                                  "Async Capable": false,
                                  "Startup Cost": 1.31,
                                  "Total Cost": 1.31,
                                  "Plan Rows": 1,
                                  "Plan Width": 4,
                                  "Plans": [
                                    {
                                      "Node Type": "Seq Scan",
                                      "Parent Relationship": "Outer",
                                      "Parallel Aware": false,
                                      "Async Capable": false,
                                      "Relation Name": "nation",
                                      "Alias": "nation_1",
                                      "Startup Cost": 0.0,
                                      "Total Cost": 1.31,
                                      "Plan Rows": 1,
                                      "Plan Width": 4,
                                      "Filter": "(n_name = 'CHINA'::bpchar)",
                                      "parent": 9,
                                      "ID": 10
                                    }
                                  ],
                                  "parent": 7,
                                  "ID": 9,
                                  "left": 10
                                }
                              ],
                              "parent": 6,
                              "ID": 7,
                              "left": 8,
                              "right": 9
                            }
                          ],
                          "parent": 4,
                          "ID": 6,
                          "left": 7
                        }
                      ],
                      "parent": 3,
                      "ID": 4,
                      "left": 5,
                      "right": 6
                    }
                  ],
                  "parent": 2,
                  "ID": 3,
                  "left": 4
                }
              ],
              "parent": 1,
              "ID": 2,
              "left": 3
            }
          ],
          "parent": 0,
          "ID": 1,
          "left": 2
        },
        {
          "Node Type": "Aggregate",
          "Strategy": "Sorted",
          "Partial Mode": "Finalize",
          "Parent Relationship": "Outer",
          "Parallel Aware": false,
          "Async Capable": false,
          "Startup Cost": 238713.21,
          "Total Cost": 279625.48,
          "Plan Rows": 106664,
          "Plan Width": 36,
          "Group Key": [
            "partsupp.ps_partkey"
          ],
          "Filter": "(sum((partsupp.ps_supplycost * (partsupp.ps_availqty)::numeric)) > $1)",
          "Plans": [
            {
              "Node Type": "Gather Merge",
              "Parent Relationship": "Outer",
              "Parallel Aware": false,
              "Async Capable": false,
              "Startup Cost": 238713.21,
              "Total Cost": 272825.64,
              "Plan Rows": 266660,
              "Plan Width": 36,
              "Workers Planned": 2,
              "Plans": [
                {
                  "Node Type": "Aggregate",
                  "Strategy": "Sorted",
                  "Partial Mode": "Partial",
                  "Parent Relationship": "Outer",
                  "Parallel Aware": false,
                  "Async Capable": false,
                  "Startup Cost": 237713.18,
                  "Total Cost": 241046.43,
                  "Plan Rows": 133330,
                  "Plan Width": 36,
                  "Group Key": [
                    "partsupp.ps_partkey"
                  ],
                  "Plans": [
                    {
                      "Node Type": "Sort",
                      "Parent Relationship": "Outer",
                      "Parallel Aware": false,
                      "Async Capable": false,
                      "Startup Cost": 237713.18,
                      "Total Cost": 238046.51,
                      "Plan Rows": 133330,
                      "Plan Width": 14,
                      "Sort Key": [
                        "partsupp.ps_partkey"
                      ],
                      "Plans": [
                        {
                          "Node Type": "Hash Join",
                          "Parent Relationship": "Outer",
                          "Parallel Aware": true,
                          "Async Capable": false,
                          "Join Type": "Inner",
                          "Startup Cost": 3079.09,
                          "Total Cost": 224081.71,
                          "Plan Rows": 133330,
                          "Plan Width": 14,
                          "Inner Unique": false,
                          "Hash Cond": "(partsupp.ps_suppkey = supplier.s_suppkey)",
                          "Plans": [
                            {
                              "Node Type": "Seq Scan",
                              "Parent Relationship": "Outer",
                              "Parallel Aware": true,
                              "Async Capable": false,
                              "Relation Name": "partsupp",
                              "Alias": "partsupp",
                              "Startup Cost": 0.0,
                              "Total Cost": 207718.58,
                              "Plan Rows": 3333258,
                              "Plan Width": 18,
                              "parent": 15,
                              "ID": 16
                            },
                            {
                              "Node Type": "Hash",
                              "Parent Relationship": "Inner",
                              "Parallel Aware": true,
                              "Async Capable": false,
                              "Startup Cost": 3049.68,
                              "Total Cost": 3049.68,
                              "Plan Rows": 2353,
                              "Plan Width": 4,
                              "Plans": [
                                {
                                  "Node Type": "Hash Join",
                                  "Parent Relationship": "Outer",
                                  "Parallel Aware": false,
                                  "Async Capable": false,
                                  "Join Type": "Inner",
                                  "Startup Cost": 1.32,
                                  "Total Cost": 3049.68,
                                  "Plan Rows": 2353,
                                  "Plan Width": 4,
                                  "Inner Unique": false,
                                  "Hash Cond": "(supplier.s_nationkey = nation.n_nationkey)",
                                  "Plans": [
                                    {
                                      "Node Type": "Seq Scan",
                                      "Parent Relationship": "Outer",
                                      "Parallel Aware": true,
                                      "Async Capable": false,
                                      "Relation Name": "supplier",
                                      "Alias": "supplier",
                                      "Startup Cost": 0.0,
                                      "Total Cost": 2804.24,
                                      "Plan Rows": 58824,
                                      "Plan Width": 8,
                                      "parent": 18,
                                      "ID": 19
                                    },
                                    {
                                      "Node Type": "Hash",
                                      "Parent Relationship": "Inner",
                                      "Parallel Aware": false,
                                      "Async Capable": false,
                                      "Startup Cost": 1.31,
                                      "Total Cost": 1.31,
                                      "Plan Rows": 1,
                                      "Plan Width": 4,
                                      "Plans": [
                                        {
                                          "Node Type": "Seq Scan",
                                          "Parent Relationship": "Outer",
                                          "Parallel Aware": false,
                                          "Async Capable": false,
                                          "Relation Name": "nation",
                                          "Alias": "nation",
                                          "Startup Cost": 0.0,
                                          "Total Cost": 1.31,
                                          "Plan Rows": 1,
                                          "Plan Width": 4,
                                          "Filter": "(n_name = 'CHINA'::bpchar)",
                                          "parent": 20,
                                          "ID": 21
                                        }
                                      ],
                                      "parent": 18,
                                      "ID": 20,
                                      "left": 21
                                    }
                                  ],
                                  "parent": 17,
                                  "ID": 18,
                                  "left": 19,
                                  "right": 20
                                }
                              ],
                              "parent": 15,
                              "ID": 17,
                              "left": 18
                            }
                          ],
                          "parent": 14,
                          "ID": 15,
                          "left": 16,
                          "right": 17
                        }
                      ],
                      "parent": 13,
                      "ID": 14,
                      "left": 15
                    }
                  ],
                  "parent": 12,
                  "ID": 13,
                  "left": 14
                }
              ],
              "parent": 11,
              "ID": 12,
              "left": 13
            }
          ],
          "parent": 0,
          "ID": 11,
          "left": 12
        }
      ],
      "parent": null,
      "ID": 0,
      "left": 1,
      "right": 11
    },
    "feat": {
      "utility": 4.0478789118763895e-06,
      "query_shape": [
        [
          "Seq Scan",
          "Hash Join",
          "Aggregate",
          "Gather"
        ],
        [
          "Seq Scan",
          "Hash Join",
          "Hash",
          "Aggregate",
          "Gather"
        ],
        [
          "Seq Scan",
          "Hash",
          "Hash Join",
          "Aggregate",
          "Gather"
        ],
        [
          "Seq Scan",
          "Hash Join",
          "Sort",
          "Aggregate",
          "Gather Merge"
        ],
        [
          "Seq Scan",
          "Hash Join",
          "Hash",
          "Sort",
          "Aggregate",
          "Gather Merge"
        ],
        [
          "Seq Scan",
          "Hash",
          "Hash Join",
          "Sort",
          "Aggregate",
          "Gather Merge"
        ]
      ],
      "index_shape": [
        "join"
      ],
      "physical_operator": {
        "Hash Join": [
          0.20000169997917527,
          0.20000169997917527
        ]
      }
    }
  }
]