[
  {
    "query": "-- Functional Query Definition\n-- Approved February 1998\n\n\nselect\no_year,\nsum(case\nwhen nation = 'CHINA' then volume\nelse 0\nend) / sum(volume) as mkt_share\nfrom\n(\nselect\nextract(year from o_orderdate) as o_year,\nl_extendedprice * (1 - l_discount) as volume,\nn2.n_name as nation\nfrom\npart,\nsupplier,\nlineitem,\norders,\ncustomer,\nnation n1,\nnation n2,\nregion\nwhere\np_partkey = l_partkey\nand s_suppkey = l_suppkey\nand l_orderkey = o_orderkey\nand o_custkey = c_custkey\nand c_nationkey = n1.n_nationkey\nand n1.n_regionkey = r_regionkey\nand r_name = 'ASIA'\nand s_nationkey = n2.n_nationkey\nand o_orderdate between date '1995-01-01' and date '1996-12-31'\nand p_type = 'PROMO BRUSHED STEEL'\n) as all_nations\ngroup by\no_year\norder by\no_year ;\n-- $ID$\n-- TPC-H/TPC-R Product Type Profit Measure ",
    "indexes": "customer.c_custkey",
    "wo plan est": {
      "Node Type": "Aggregate",
      "Strategy": "Sorted",
      "Partial Mode": "Finalize",
      "Parallel Aware": false,
      "Async Capable": false,
      "Startup Cost": 1955785.01,
      "Total Cost": 1956486.84,
      "Plan Rows": 2406,
      "Plan Width": 64,
      "Group Key": [
        "(EXTRACT(year FROM orders.o_orderdate))"
      ],
      "Plans": [
        {
          "Node Type": "Gather Merge",
          "Parent Relationship": "Outer",
          "Parallel Aware": false,
          "Async Capable": false,
          "Startup Cost": 1955785.01,
          "Total Cost": 1956408.65,
          "Plan Rows": 2406,
          "Plan Width": 96,
          "Workers Planned": 1,
          "Plans": [
            {
              "Node Type": "Aggregate",
              "Strategy": "Sorted",
              "Partial Mode": "Partial",
              "Parent Relationship": "Outer",
              "Parallel Aware": false,
              "Async Capable": false,
              "Startup Cost": 1954785.0,
              "Total Cost": 1955137.96,
              "Plan Rows": 2406,
              "Plan Width": 96,
              "Group Key": [
                "(EXTRACT(year FROM orders.o_orderdate))"
              ],
              "Plans": [
                {
                  "Node Type": "Sort",
                  "Parent Relationship": "Outer",
                  "Parallel Aware": false,
                  "Async Capable": false,
                  "Startup Cost": 1954785.0,
                  "Total Cost": 1954819.54,
                  "Plan Rows": 13816,
                  "Plan Width": 70,
                  "Sort Key": [
                    "(EXTRACT(year FROM orders.o_orderdate))"
                  ],
                  "Plans": [
                    {
                      "Node Type": "Hash Join",
                      "Parent Relationship": "Outer",
                      "Parallel Aware": false,
                      "Async Capable": false,
                      "Join Type": "Inner",
                      "Startup Cost": 1950527.96,
                      "Total Cost": 1953834.87,
                      "Plan Rows": 13816,
                      "Plan Width": 70,
                      "Inner Unique": false,
                      "Hash Cond": "(supplier.s_nationkey = n2.n_nationkey)",
                      "Plans": [
                        {
                          "Node Type": "Hash Join",
                          "Parent Relationship": "Outer",
                          "Parallel Aware": true,
                          "Async Capable": false,
                          "Join Type": "Inner",
                          "Startup Cost": 1950526.4,
                          "Total Cost": 1953608.79,
                          "Plan Rows": 13816,
                          "Plan Width": 20,
                          "Inner Unique": false,
                          "Hash Cond": "(supplier.s_suppkey = lineitem.l_suppkey)",
                          "Plans": [
                            {
                              "Node Type": "Seq Scan",
                              "Parent Relationship": "Outer",
                              "Parallel Aware": true,
                              "Async Capable": false,
                              "Relation Name": "supplier",
                              "Alias": "supplier",
                              "Startup Cost": 0.0,
                              "Total Cost": 2804.24,
                              "Plan Rows": 58824,
                              "Plan Width": 8,
                              "parent": 5,
                              "ID": 6
                            },
                            {
                              "Node Type": "Hash",
                              "Parent Relationship": "Inner",
                              "Parallel Aware": true,
                              "Async Capable": false,
                              "Startup Cost": 1950404.06,
                              "Total Cost": 1950404.06,
                              "Plan Rows": 9787,
                              "Plan Width": 20,
                              "Plans": [
                                {
                                  "Node Type": "Hash Join",
                                  "Parent Relationship": "Outer",
                                  "Parallel Aware": false,
                                  "Async Capable": false,
                                  "Join Type": "Inner",
                                  "Startup Cost": 1905498.74,
                                  "Total Cost": 1950404.06,
                                  "Plan Rows": 9787,
                                  "Plan Width": 20,
                                  "Inner Unique": false,
                                  "Hash Cond": "(customer.c_nationkey = n1.n_nationkey)",
                                  "Plans": [
                                    {
                                      "Node Type": "Hash Join",
                                      "Parent Relationship": "Outer",
                                      "Parallel Aware": true,
                                      "Async Capable": false,
                                      "Join Type": "Inner",
                                      "Startup Cost": 1905496.2,
                                      "Total Cost": 1950120.18,
                                      "Plan Rows": 48932,
                                      "Plan Width": 24,
                                      "Inner Unique": false,
                                      "Hash Cond": "(customer.c_custkey = orders.o_custkey)",
                                      "Plans": [
                                        {
                                          "Node Type": "Seq Scan",
                                          "Parent Relationship": "Outer",
                                          "Parallel Aware": true,
                                          "Async Capable": false,
                                          "Relation Name": "customer",
                                          "Alias": "customer",
                                          "Startup Cost": 0.0,
                                          "Total Cost": 42076.52,
                                          "Plan Rows": 624952,
                                          "Plan Width": 8,
                                          "parent": 9,
                                          "ID": 10
                                        },
                                        {
                                          "Node Type": "Hash",
                                          "Parent Relationship": "Inner",
                                          "Parallel Aware": true,
                                          "Async Capable": false,
                                          "Startup Cost": 1904884.55,
                                          "Total Cost": 1904884.55,
                                          "Plan Rows": 48932,
                                          "Plan Width": 24,
                                          "Plans": [
                                            {
                                              "Node Type": "Hash Join",
                                              "Parent Relationship": "Outer",
                                              "Parallel Aware": true,
                                              "Async Capable": false,
                                              "Join Type": "Inner",
                                              "Startup Cost": 1523283.11,
                                              "Total Cost": 1904884.55,
                                              "Plan Rows": 48932,
                                              "Plan Width": 24,
                                              "Inner Unique": false,
                                              "Hash Cond": "(orders.o_orderkey = lineitem.l_orderkey)",
                                              "Plans": [
                                                {
                                                  "Node Type": "Seq Scan",
                                                  "Parent Relationship": "Outer",
                                                  "Parallel Aware": true,
                                                  "Async Capable": false,
                                                  "Relation Name": "orders",
                                                  "Alias": "orders",
                                                  "Startup Cost": 0.0,
                                                  "Total Cost": 354655.56,
                                                  "Plan Rows": 1909064,
                                                  "Plan Width": 12,
                                                  "Filter": "((o_orderdate >= '1995-01-01'::date) AND (o_orderdate <= '1996-12-31'::date))",
                                                  "parent": 12,
                                                  "ID": 13
                                                },
                                                {
                                                  "Node Type": "Hash",
                                                  "Parent Relationship": "Inner",
                                                  "Parallel Aware": true,
                                                  "Async Capable": false,
                                                  "Startup Cost": 1520341.76,
                                                  "Total Cost": 1520341.76,
                                                  "Plan Rows": 160188,
                                                  "Plan Width": 20,
                                                  "Plans": [
                                                    {
                                                      "Node Type": "Hash Join",
                                                      "Parent Relationship": "Outer",
                                                      "Parallel Aware": true,
                                                      "Async Capable": false,
                                                      "Join Type": "Inner",
                                                      "Startup Cost": 51447.53,
                                                      "Total Cost": 1520341.76,
                                                      "Plan Rows": 160188,
                                                      "Plan Width": 20,
                                                      "Inner Unique": false,
                                                      "Hash Cond": "(lineitem.l_partkey = part.p_partkey)",
                                                      "Plans": [
                                                        {
                                                          "Node Type": "Seq Scan",
                                                          "Parent Relationship": "Outer",
                                                          "Parallel Aware": true,
                                                          "Async Capable": false,
                                                          "Relation Name": "lineitem",
                                                          "Alias": "lineitem",
                                                          "Startup Cost": 0.0,
                                                          "Total Cost": 1374494.57,
                                                          "Plan Rows": 24995257,
                                                          "Plan Width": 24,
                                                          "parent": 15,
                                                          "ID": 16
                                                        },
                                                        {
                                                          "Node Type": "Hash",
                                                          "Parent Relationship": "Inner",
                                                          "Parallel Aware": true,
                                                          "Async Capable": false,
                                                          "Startup Cost": 51378.28,
                                                          "Total Cost": 51378.28,
                                                          "Plan Rows": 5540,
                                                          "Plan Width": 4,
                                                          "Plans": [
                                                            {
                                                              "Node Type": "Seq Scan",
                                                              "Parent Relationship": "Outer",
                                                              "Parallel Aware": true,
                                                              "Async Capable": false,
                                                              "Relation Name": "part",
                                                              "Alias": "part",
                                                              "Startup Cost": 0.0,
                                                              "Total Cost": 51378.28,
                                                              "Plan Rows": 5540,
                                                              "Plan Width": 4,
                                                              "Filter": "((p_type)::text = 'PROMO BRUSHED STEEL'::text)",
                                                              "parent": 17,
                                                              "ID": 18
                                                            }
                                                          ],
                                                          "parent": 15,
                                                          "ID": 17,
                                                          "left": 18
                                                        }
                                                      ],
                                                      "parent": 14,
                                                      "ID": 15,
                                                      "left": 16,
                                                      "right": 17
                                                    }
                                                  ],
                                                  "parent": 12,
                                                  "ID": 14,
                                                  "left": 15
                                                }
                                              ],
                                              "parent": 11,
                                              "ID": 12,
                                              "left": 13,
                                              "right": 14
                                            }
                                          ],
                                          "parent": 9,
                                          "ID": 11,
                                          "left": 12
                                        }
                                      ],
                                      "parent": 8,
                                      "ID": 9,
                                      "left": 10,
                                      "right": 11
                                    },
                                    {
                                      "Node Type": "Hash",
                                      "Parent Relationship": "Inner",
                                      "Parallel Aware": false,
                                      "Async Capable": false,
                                      "Startup Cost": 2.47,
                                      "Total Cost": 2.47,
                                      "Plan Rows": 5,
                                      "Plan Width": 4,
                                      "Plans": [
                                        {
                                          "Node Type": "Hash Join",
                                          "Parent Relationship": "Outer",
                                          "Parallel Aware": false,
                                          "Async Capable": false,
                                          "Join Type": "Inner",
                                          "Startup Cost": 1.07,
                                          "Total Cost": 2.47,
                                          "Plan Rows": 5,
                                          "Plan Width": 4,
                                          "Inner Unique": false,
                                          "Hash Cond": "(n1.n_regionkey = region.r_regionkey)",
                                          "Plans": [
                                            {
                                              "Node Type": "Seq Scan",
                                              "Parent Relationship": "Outer",
                                              "Parallel Aware": false,
                                              "Async Capable": false,
                                              "Relation Name": "nation",
                                              "Alias": "n1",
                                              "Startup Cost": 0.0,
                                              "Total Cost": 1.25,
                                              "Plan Rows": 25,
                                              "Plan Width": 8,
                                              "parent": 20,
                                              "ID": 21
                                            },
                                            {
                                              "Node Type": "Hash",
                                              "Parent Relationship": "Inner",
                                              "Parallel Aware": false,
                                              "Async Capable": false,
                                              "Startup Cost": 1.06,
                                              "Total Cost": 1.06,
                                              "Plan Rows": 1,
                                              "Plan Width": 4,
                                              "Plans": [
                                                {
                                                  "Node Type": "Seq Scan",
                                                  "Parent Relationship": "Outer",
                                                  "Parallel Aware": false,
                                                  "Async Capable": false,
                                                  "Relation Name": "region",
                                                  "Alias": "region",
                                                  "Startup Cost": 0.0,
                                                  "Total Cost": 1.06,
                                                  "Plan Rows": 1,
                                                  "Plan Width": 4,
                                                  "Filter": "(r_name = 'ASIA'::bpchar)",
                                                  "parent": 22,
                                                  "ID": 23
                                                }
                                              ],
                                              "parent": 20,
                                              "ID": 22,
                                              "left": 23
                                            }
                                          ],
                                          "parent": 19,
                                          "ID": 20,
                                          "left": 21,
                                          "right": 22
                                        }
                                      ],
                                      "parent": 8,
                                      "ID": 19,
                                      "left": 20
                                    }
                                  ],
                                  "parent": 7,
                                  "ID": 8,
                                  "left": 9,
                                  "right": 19
                                }
                              ],
                              "parent": 5,
                              "ID": 7,
                              "left": 8
                            }
                          ],
                          "parent": 4,
                          "ID": 5,
                          "left": 6,
                          "right": 7
                        },
                        {
                          "Node Type": "Hash",
                          "Parent Relationship": "Inner",
                          "Parallel Aware": false,
                          "Async Capable": false,
                          "Startup Cost": 1.25,
                          "Total Cost": 1.25,
                          "Plan Rows": 25,
                          "Plan Width": 30,
                          "Plans": [
                            {
                              "Node Type": "Seq Scan",
                              "Parent Relationship": "Outer",
                              "Parallel Aware": false,
                              "Async Capable": false,
                              "Relation Name": "nation",
                              "Alias": "n2",
                              "Startup Cost": 0.0,
                              "Total Cost": 1.25,
                              "Plan Rows": 25,
                              "Plan Width": 30,
                              "parent": 24,
                              "ID": 25
                            }
                          ],
                          "parent": 4,
                          "ID": 24,
                          "left": 25
                        }
                      ],
                      "parent": 3,
                      "ID": 4,
                      "left": 5,
                      "right": 24
                    }
                  ],
                  "parent": 2,
                  "ID": 3,
                  "left": 4
                }
              ],
              "parent": 1,
              "ID": 2,
              "left": 3
            }
          ],
          "parent": 0,
          "ID": 1,
          "left": 2
        }
      ],
      "parent": null,
      "ID": 0,
      "left": 1
    },
    "feat": {
      "utility": 6.380921020918737e-07,
      "query_shape": [
        [
          "Seq Scan",
          "Hash Join",
          "Sort",
          "Aggregate",
          "Gather Merge"
        ],
        [
          "Seq Scan",
          "Hash Join",
          "Hash",
          "Sort",
          "Aggregate",
          "Gather Merge"
        ],
        [
          "Seq Scan",
          "Hash Join",
          "Hash",
          "Sort",
          "Aggregate",
          "Gather Merge"
        ],
        [
          "Seq Scan",
          "Hash Join",
          "Hash",
          "Sort",
          "Aggregate",
          "Gather Merge"
        ],
        [
          "Seq Scan",
          "Hash",
          "Hash Join",
          "Sort",
          "Aggregate",
          "Gather Merge"
        ],
        [
          "Seq Scan",
          "Hash Join",
          "Hash",
          "Sort",
          "Aggregate",
          "Gather Merge"
        ],
        [
          "Seq Scan",
          "Hash",
          "Hash Join",
          "Sort",
          "Aggregate",
          "Gather Merge"
        ],
        [
          "Seq Scan",
          "Hash",
          "Hash Join",
          "Sort",
          "Aggregate",
          "Gather Merge"
        ]
      ],
      "index_shape": [
        "join"
      ],
      "physical_operator": {
        "Hash Join": [
          0.0012649596394501718
        ]
      }
    }
  },
  {
    "query": "-- Functional Query Definition\n-- Approved February 1998\n\n\nselect\no_year,\nsum(case\nwhen nation = 'CHINA' then volume\nelse 0\nend) / sum(volume) as mkt_share\nfrom\n(\nselect\nextract(year from o_orderdate) as o_year,\nl_extendedprice * (1 - l_discount) as volume,\nn2.n_name as nation\nfrom\npart,\nsupplier,\nlineitem,\norders,\ncustomer,\nnation n1,\nnation n2,\nregion\nwhere\np_partkey = l_partkey\nand s_suppkey = l_suppkey\nand l_orderkey = o_orderkey\nand o_custkey = c_custkey\nand c_nationkey = n1.n_nationkey\nand n1.n_regionkey = r_regionkey\nand r_name = 'ASIA'\nand s_nationkey = n2.n_nationkey\nand o_orderdate between date '1995-01-01' and date '1996-12-31'\nand p_type = 'PROMO BRUSHED STEEL'\n) as all_nations\ngroup by\no_year\norder by\no_year ;\n-- $ID$\n-- TPC-H/TPC-R Product Type Profit Measure ",
    "indexes": "customer.c_nationkey",
    "wo plan est": {
      "Node Type": "Aggregate",
      "Strategy": "Sorted",
      "Partial Mode": "Finalize",
      "Parallel Aware": false,
      "Async Capable": false,
      "Startup Cost": 1955785.01,
      "Total Cost": 1956486.84,
      "Plan Rows": 2406,
      "Plan Width": 64,
      "Group Key": [
        "(EXTRACT(year FROM orders.o_orderdate))"
      ],
      "Plans": [
        {
          "Node Type": "Gather Merge",
          "Parent Relationship": "Outer",
          "Parallel Aware": false,
          "Async Capable": false,
          "Startup Cost": 1955785.01,
          "Total Cost": 1956408.65,
          "Plan Rows": 2406,
          "Plan Width": 96,
          "Workers Planned": 1,
          "Plans": [
            {
              "Node Type": "Aggregate",
              "Strategy": "Sorted",
              "Partial Mode": "Partial",
              "Parent Relationship": "Outer",
              "Parallel Aware": false,
              "Async Capable": false,
              "Startup Cost": 1954785.0,
              "Total Cost": 1955137.96,
              "Plan Rows": 2406,
              "Plan Width": 96,
              "Group Key": [
                "(EXTRACT(year FROM orders.o_orderdate))"
              ],
              "Plans": [
                {
                  "Node Type": "Sort",
                  "Parent Relationship": "Outer",
                  "Parallel Aware": false,
                  "Async Capable": false,
                  "Startup Cost": 1954785.0,
                  "Total Cost": 1954819.54,
                  "Plan Rows": 13816,
                  "Plan Width": 70,
                  "Sort Key": [
                    "(EXTRACT(year FROM orders.o_orderdate))"
                  ],
                  "Plans": [
                    {
                      "Node Type": "Hash Join",
                      "Parent Relationship": "Outer",
                      "Parallel Aware": false,
                      "Async Capable": false,
                      "Join Type": "Inner",
                      "Startup Cost": 1950527.96,
                      "Total Cost": 1953834.87,
                      "Plan Rows": 13816,
                      "Plan Width": 70,
                      "Inner Unique": false,
                      "Hash Cond": "(supplier.s_nationkey = n2.n_nationkey)",
                      "Plans": [
                        {
                          "Node Type": "Hash Join",
                          "Parent Relationship": "Outer",
                          "Parallel Aware": true,
                          "Async Capable": false,
                          "Join Type": "Inner",
                          "Startup Cost": 1950526.4,
                          "Total Cost": 1953608.79,
                          "Plan Rows": 13816,
                          "Plan Width": 20,
                          "Inner Unique": false,
                          "Hash Cond": "(supplier.s_suppkey = lineitem.l_suppkey)",
                          "Plans": [
                            {
                              "Node Type": "Seq Scan",
                              "Parent Relationship": "Outer",
                              "Parallel Aware": true,
                              "Async Capable": false,
                              "Relation Name": "supplier",
                              "Alias": "supplier",
                              "Startup Cost": 0.0,
                              "Total Cost": 2804.24,
                              "Plan Rows": 58824,
                              "Plan Width": 8,
                              "parent": 5,
                              "ID": 6
                            },
                            {
                              "Node Type": "Hash",
                              "Parent Relationship": "Inner",
                              "Parallel Aware": true,
                              "Async Capable": false,
                              "Startup Cost": 1950404.06,
                              "Total Cost": 1950404.06,
                              "Plan Rows": 9787,
                              "Plan Width": 20,
                              "Plans": [
                                {
                                  "Node Type": "Hash Join",
                                  "Parent Relationship": "Outer",
                                  "Parallel Aware": false,
                                  "Async Capable": false,
                                  "Join Type": "Inner",
                                  "Startup Cost": 1905498.74,
                                  "Total Cost": 1950404.06,
                                  "Plan Rows": 9787,
                                  "Plan Width": 20,
                                  "Inner Unique": false,
                                  "Hash Cond": "(customer.c_nationkey = n1.n_nationkey)",
                                  "Plans": [
                                    {
                                      "Node Type": "Hash Join",
                                      "Parent Relationship": "Outer",
                                      "Parallel Aware": true,
                                      "Async Capable": false,
                                      "Join Type": "Inner",
                                      "Startup Cost": 1905496.2,
                                      "Total Cost": 1950120.18,
                                      "Plan Rows": 48932,
                                      "Plan Width": 24,
                                      "Inner Unique": false,
                                      "Hash Cond": "(customer.c_custkey = orders.o_custkey)",
                                      "Plans": [
                                        {
                                          "Node Type": "Seq Scan",
                                          "Parent Relationship": "Outer",
                                          "Parallel Aware": true,
                                          "Async Capable": false,
                                          "Relation Name": "customer",
                                          "Alias": "customer",
                                          "Startup Cost": 0.0,
                                          "Total Cost": 42076.52,
                                          "Plan Rows": 624952,
                                          "Plan Width": 8,
                                          "parent": 9,
                                          "ID": 10
                                        },
                                        {
                                          "Node Type": "Hash",
                                          "Parent Relationship": "Inner",
                                          "Parallel Aware": true,
                                          "Async Capable": false,
                                          "Startup Cost": 1904884.55,
                                          "Total Cost": 1904884.55,
                                          "Plan Rows": 48932,
                                          "Plan Width": 24,
                                          "Plans": [
                                            {
                                              "Node Type": "Hash Join",
                                              "Parent Relationship": "Outer",
                                              "Parallel Aware": true,
                                              "Async Capable": false,
                                              "Join Type": "Inner",
                                              "Startup Cost": 1523283.11,
                                              "Total Cost": 1904884.55,
                                              "Plan Rows": 48932,
                                              "Plan Width": 24,
                                              "Inner Unique": false,
                                              "Hash Cond": "(orders.o_orderkey = lineitem.l_orderkey)",
                                              "Plans": [
                                                {
                                                  "Node Type": "Seq Scan",
                                                  "Parent Relationship": "Outer",
                                                  "Parallel Aware": true,
                                                  "Async Capable": false,
                                                  "Relation Name": "orders",
                                                  "Alias": "orders",
                                                  "Startup Cost": 0.0,
                                                  "Total Cost": 354655.56,
                                                  "Plan Rows": 1909064,
                                                  "Plan Width": 12,
                                                  "Filter": "((o_orderdate >= '1995-01-01'::date) AND (o_orderdate <= '1996-12-31'::date))",
                                                  "parent": 12,
                                                  "ID": 13
                                                },
                                                {
                                                  "Node Type": "Hash",
                                                  "Parent Relationship": "Inner",
                                                  "Parallel Aware": true,
                                                  "Async Capable": false,
                                                  "Startup Cost": 1520341.76,
                                                  "Total Cost": 1520341.76,
                                                  "Plan Rows": 160188,
                                                  "Plan Width": 20,
                                                  "Plans": [
                                                    {
                                                      "Node Type": "Hash Join",
                                                      "Parent Relationship": "Outer",
                                                      "Parallel Aware": true,
                                                      "Async Capable": false,
                                                      "Join Type": "Inner",
                                                      "Startup Cost": 51447.53,
                                                      "Total Cost": 1520341.76,
                                                      "Plan Rows": 160188,
                                                      "Plan Width": 20,
                                                      "Inner Unique": false,
                                                      "Hash Cond": "(lineitem.l_partkey = part.p_partkey)",
                                                      "Plans": [
                                                        {
                                                          "Node Type": "Seq Scan",
                                                          "Parent Relationship": "Outer",
                                                          "Parallel Aware": true,
                                                          "Async Capable": false,
                                                          "Relation Name": "lineitem",
                                                          "Alias": "lineitem",
                                                          "Startup Cost": 0.0,
                                                          "Total Cost": 1374494.57,
                                                          "Plan Rows": 24995257,
                                                          "Plan Width": 24,
                                                          "parent": 15,
                                                          "ID": 16
                                                        },
                                                        {
                                                          "Node Type": "Hash",
                                                          "Parent Relationship": "Inner",
                                                          "Parallel Aware": true,
                                                          "Async Capable": false,
                                                          "Startup Cost": 51378.28,
                                                          "Total Cost": 51378.28,
                                                          "Plan Rows": 5540,
                                                          "Plan Width": 4,
                                                          "Plans": [
                                                            {
                                                              "Node Type": "Seq Scan",
                                                              "Parent Relationship": "Outer",
                                                              "Parallel Aware": true,
                                                              "Async Capable": false,
                                                              "Relation Name": "part",
                                                              "Alias": "part",
                                                              "Startup Cost": 0.0,
                                                              "Total Cost": 51378.28,
                                                              "Plan Rows": 5540,
                                                              "Plan Width": 4,
                                                              "Filter": "((p_type)::text = 'PROMO BRUSHED STEEL'::text)",
                                                              "parent": 17,
                                                              "ID": 18
                                                            }
                                                          ],
                                                          "parent": 15,
                                                          "ID": 17,
                                                          "left": 18
                                                        }
                                                      ],
                                                      "parent": 14,
                                                      "ID": 15,
                                                      "left": 16,
                                                      "right": 17
                                                    }
                                                  ],
                                                  "parent": 12,
                                                  "ID": 14,
                                                  "left": 15
                                                }
                                              ],
                                              "parent": 11,
                                              "ID": 12,
                                              "left": 13,
                                              "right": 14
                                            }
                                          ],
                                          "parent": 9,
                                          "ID": 11,
                                          "left": 12
                                        }
                                      ],
                                      "parent": 8,
                                      "ID": 9,
                                      "left": 10,
                                      "right": 11
                                    },
                                    {
                                      "Node Type": "Hash",
                                      "Parent Relationship": "Inner",
                                      "Parallel Aware": false,
                                      "Async Capable": false,
                                      "Startup Cost": 2.47,
                                      "Total Cost": 2.47,
                                      "Plan Rows": 5,
                                      "Plan Width": 4,
                                      "Plans": [
                                        {
                                          "Node Type": "Hash Join",
                                          "Parent Relationship": "Outer",
                                          "Parallel Aware": false,
                                          "Async Capable": false,
                                          "Join Type": "Inner",
                                          "Startup Cost": 1.07,
                                          "Total Cost": 2.47,
                                          "Plan Rows": 5,
                                          "Plan Width": 4,
                                          "Inner Unique": false,
                                          "Hash Cond": "(n1.n_regionkey = region.r_regionkey)",
                                          "Plans": [
                                            {
                                              "Node Type": "Seq Scan",
                                              "Parent Relationship": "Outer",
                                              "Parallel Aware": false,
                                              "Async Capable": false,
                                              "Relation Name": "nation",
                                              "Alias": "n1",
                                              "Startup Cost": 0.0,
                                              "Total Cost": 1.25,
                                              "Plan Rows": 25,
                                              "Plan Width": 8,
                                              "parent": 20,
                                              "ID": 21
                                            },
                                            {
                                              "Node Type": "Hash",
                                              "Parent Relationship": "Inner",
                                              "Parallel Aware": false,
                                              "Async Capable": false,
                                              "Startup Cost": 1.06,
                                              "Total Cost": 1.06,
                                              "Plan Rows": 1,
                                              "Plan Width": 4,
                                              "Plans": [
                                                {
                                                  "Node Type": "Seq Scan",
                                                  "Parent Relationship": "Outer",
                                                  "Parallel Aware": false,
                                                  "Async Capable": false,
                                                  "Relation Name": "region",
                                                  "Alias": "region",
                                                  "Startup Cost": 0.0,
                                                  "Total Cost": 1.06,
                                                  "Plan Rows": 1,
                                                  "Plan Width": 4,
                                                  "Filter": "(r_name = 'ASIA'::bpchar)",
                                                  "parent": 22,
                                                  "ID": 23
                                                }
                                              ],
                                              "parent": 20,
                                              "ID": 22,
                                              "left": 23
                                            }
                                          ],
                                          "parent": 19,
                                          "ID": 20,
                                          "left": 21,
                                          "right": 22
                                        }
                                      ],
                                      "parent": 8,
                                      "ID": 19,
                                      "left": 20
                                    }
                                  ],
                                  "parent": 7,
                                  "ID": 8,
                                  "left": 9,
                                  "right": 19
                                }
                              ],
                              "parent": 5,
                              "ID": 7,
                              "left": 8
                            }
                          ],
                          "parent": 4,
                          "ID": 5,
                          "left": 6,
                          "right": 7
                        },
                        {
                          "Node Type": "Hash",
                          "Parent Relationship": "Inner",
                          "Parallel Aware": false,
                          "Async Capable": false,
                          "Startup Cost": 1.25,
                          "Total Cost": 1.25,
                          "Plan Rows": 25,
                          "Plan Width": 30,
                          "Plans": [
                            {
                              "Node Type": "Seq Scan",
                              "Parent Relationship": "Outer",
                              "Parallel Aware": false,
                              "Async Capable": false,
                              "Relation Name": "nation",
                              "Alias": "n2",
                              "Startup Cost": 0.0,
                              "Total Cost": 1.25,
                              "Plan Rows": 25,
                              "Plan Width": 30,
                              "parent": 24,
                              "ID": 25
                            }
                          ],
                          "parent": 4,
                          "ID": 24,
                          "left": 25
                        }
                      ],
                      "parent": 3,
                      "ID": 4,
                      "left": 5,
                      "right": 24
                    }
                  ],
                  "parent": 2,
                  "ID": 3,
                  "left": 4
                }
              ],
              "parent": 1,
              "ID": 2,
              "left": 3
            }
          ],
          "parent": 0,
          "ID": 1,
          "left": 2
        }
      ],
      "parent": null,
      "ID": 0,
      "left": 1
    },
    "feat": {
      "utility": 5.11116311122697e-07,
      "query_shape": [
        [
          "Seq Scan",
          "Hash Join",
          "Sort",
          "Aggregate",
          "Gather Merge"
        ],
        [
          "Seq Scan",
          "Hash Join",
          "Hash",
          "Sort",
          "Aggregate",
          "Gather Merge"
        ],
        [
          "Seq Scan",
          "Hash Join",
          "Hash",
          "Sort",
          "Aggregate",
          "Gather Merge"
        ],
        [
          "Seq Scan",
          "Hash Join",
          "Hash",
          "Sort",
          "Aggregate",
          "Gather Merge"
        ],
        [
          "Seq Scan",
          "Hash",
          "Hash Join",
          "Sort",
          "Aggregate",
          "Gather Merge"
        ],
        [
          "Seq Scan",
          "Hash Join",
          "Hash",
          "Sort",
          "Aggregate",
          "Gather Merge"
        ],
        [
          "Seq Scan",
          "Hash",
          "Hash Join",
          "Sort",
          "Aggregate",
          "Gather Merge"
        ],
        [
          "Seq Scan",
          "Hash",
          "Hash Join",
          "Sort",
          "Aggregate",
          "Gather Merge"
        ]
      ],
      "index_shape": [
        "join"
      ],
      "physical_operator": {
        "Hash Join": [
          0.20000613086327806
        ]
      }
    }
  },
  {
    "query": "-- Functional Query Definition\n-- Approved February 1998\n\n\nselect\no_year,\nsum(case\nwhen nation = 'CHINA' then volume\nelse 0\nend) / sum(volume) as mkt_share\nfrom\n(\nselect\nextract(year from o_orderdate) as o_year,\nl_extendedprice * (1 - l_discount) as volume,\nn2.n_name as nation\nfrom\npart,\nsupplier,\nlineitem,\norders,\ncustomer,\nnation n1,\nnation n2,\nregion\nwhere\np_partkey = l_partkey\nand s_suppkey = l_suppkey\nand l_orderkey = o_orderkey\nand o_custkey = c_custkey\nand c_nationkey = n1.n_nationkey\nand n1.n_regionkey = r_regionkey\nand r_name = 'ASIA'\nand s_nationkey = n2.n_nationkey\nand o_orderdate between date '1995-01-01' and date '1996-12-31'\nand p_type = 'PROMO BRUSHED STEEL'\n) as all_nations\ngroup by\no_year\norder by\no_year ;\n-- $ID$\n-- TPC-H/TPC-R Product Type Profit Measure ",
    "indexes": "lineitem.l_orderkey",
    "wo plan est": {
      "Node Type": "Aggregate",
      "Strategy": "Sorted",
      "Partial Mode": "Finalize",
      "Parallel Aware": false,
      "Async Capable": false,
      "Startup Cost": 1955785.01,
      "Total Cost": 1956486.84,
      "Plan Rows": 2406,
      "Plan Width": 64,
      "Group Key": [
        "(EXTRACT(year FROM orders.o_orderdate))"
      ],
      "Plans": [
        {
          "Node Type": "Gather Merge",
          "Parent Relationship": "Outer",
          "Parallel Aware": false,
          "Async Capable": false,
          "Startup Cost": 1955785.01,
          "Total Cost": 1956408.65,
          "Plan Rows": 2406,
          "Plan Width": 96,
          "Workers Planned": 1,
          "Plans": [
            {
              "Node Type": "Aggregate",
              "Strategy": "Sorted",
              "Partial Mode": "Partial",
              "Parent Relationship": "Outer",
              "Parallel Aware": false,
              "Async Capable": false,
              "Startup Cost": 1954785.0,
              "Total Cost": 1955137.96,
              "Plan Rows": 2406,
              "Plan Width": 96,
              "Group Key": [
                "(EXTRACT(year FROM orders.o_orderdate))"
              ],
              "Plans": [
                {
                  "Node Type": "Sort",
                  "Parent Relationship": "Outer",
                  "Parallel Aware": false,
                  "Async Capable": false,
                  "Startup Cost": 1954785.0,
                  "Total Cost": 1954819.54,
                  "Plan Rows": 13816,
                  "Plan Width": 70,
                  "Sort Key": [
                    "(EXTRACT(year FROM orders.o_orderdate))"
                  ],
                  "Plans": [
                    {
                      "Node Type": "Hash Join",
                      "Parent Relationship": "Outer",
                      "Parallel Aware": false,
                      "Async Capable": false,
                      "Join Type": "Inner",
                      "Startup Cost": 1950527.96,
                      "Total Cost": 1953834.87,
                      "Plan Rows": 13816,
                      "Plan Width": 70,
                      "Inner Unique": false,
                      "Hash Cond": "(supplier.s_nationkey = n2.n_nationkey)",
                      "Plans": [
                        {
                          "Node Type": "Hash Join",
                          "Parent Relationship": "Outer",
                          "Parallel Aware": true,
                          "Async Capable": false,
                          "Join Type": "Inner",
                          "Startup Cost": 1950526.4,
                          "Total Cost": 1953608.79,
                          "Plan Rows": 13816,
                          "Plan Width": 20,
                          "Inner Unique": false,
                          "Hash Cond": "(supplier.s_suppkey = lineitem.l_suppkey)",
                          "Plans": [
                            {
                              "Node Type": "Seq Scan",
                              "Parent Relationship": "Outer",
                              "Parallel Aware": true,
                              "Async Capable": false,
                              "Relation Name": "supplier",
                              "Alias": "supplier",
                              "Startup Cost": 0.0,
                              "Total Cost": 2804.24,
                              "Plan Rows": 58824,
                              "Plan Width": 8,
                              "parent": 5,
                              "ID": 6
                            },
                            {
                              "Node Type": "Hash",
                              "Parent Relationship": "Inner",
                              "Parallel Aware": true,
                              "Async Capable": false,
                              "Startup Cost": 1950404.06,
                              "Total Cost": 1950404.06,
                              "Plan Rows": 9787,
                              "Plan Width": 20,
                              "Plans": [
                                {
                                  "Node Type": "Hash Join",
                                  "Parent Relationship": "Outer",
                                  "Parallel Aware": false,
                                  "Async Capable": false,
                                  "Join Type": "Inner",
                                  "Startup Cost": 1905498.74,
                                  "Total Cost": 1950404.06,
                                  "Plan Rows": 9787,
                                  "Plan Width": 20,
                                  "Inner Unique": false,
                                  "Hash Cond": "(customer.c_nationkey = n1.n_nationkey)",
                                  "Plans": [
                                    {
                                      "Node Type": "Hash Join",
                                      "Parent Relationship": "Outer",
                                      "Parallel Aware": true,
                                      "Async Capable": false,
                                      "Join Type": "Inner",
                                      "Startup Cost": 1905496.2,
                                      "Total Cost": 1950120.18,
                                      "Plan Rows": 48932,
                                      "Plan Width": 24,
                                      "Inner Unique": false,
                                      "Hash Cond": "(customer.c_custkey = orders.o_custkey)",
                                      "Plans": [
                                        {
                                          "Node Type": "Seq Scan",
                                          "Parent Relationship": "Outer",
                                          "Parallel Aware": true,
                                          "Async Capable": false,
                                          "Relation Name": "customer",
                                          "Alias": "customer",
                                          "Startup Cost": 0.0,
                                          "Total Cost": 42076.52,
                                          "Plan Rows": 624952,
                                          "Plan Width": 8,
                                          "parent": 9,
                                          "ID": 10
                                        },
                                        {
                                          "Node Type": "Hash",
                                          "Parent Relationship": "Inner",
                                          "Parallel Aware": true,
                                          "Async Capable": false,
                                          "Startup Cost": 1904884.55,
                                          "Total Cost": 1904884.55,
                                          "Plan Rows": 48932,
                                          "Plan Width": 24,
                                          "Plans": [
                                            {
                                              "Node Type": "Hash Join",
                                              "Parent Relationship": "Outer",
                                              "Parallel Aware": true,
                                              "Async Capable": false,
                                              "Join Type": "Inner",
                                              "Startup Cost": 1523283.11,
                                              "Total Cost": 1904884.55,
                                              "Plan Rows": 48932,
                                              "Plan Width": 24,
                                              "Inner Unique": false,
                                              "Hash Cond": "(orders.o_orderkey = lineitem.l_orderkey)",
                                              "Plans": [
                                                {
                                                  "Node Type": "Seq Scan",
                                                  "Parent Relationship": "Outer",
                                                  "Parallel Aware": true,
                                                  "Async Capable": false,
                                                  "Relation Name": "orders",
                                                  "Alias": "orders",
                                                  "Startup Cost": 0.0,
                                                  "Total Cost": 354655.56,
                                                  "Plan Rows": 1909064,
                                                  "Plan Width": 12,
                                                  "Filter": "((o_orderdate >= '1995-01-01'::date) AND (o_orderdate <= '1996-12-31'::date))",
                                                  "parent": 12,
                                                  "ID": 13
                                                },
                                                {
                                                  "Node Type": "Hash",
                                                  "Parent Relationship": "Inner",
                                                  "Parallel Aware": true,
                                                  "Async Capable": false,
                                                  "Startup Cost": 1520341.76,
                                                  "Total Cost": 1520341.76,
                                                  "Plan Rows": 160188,
                                                  "Plan Width": 20,
                                                  "Plans": [
                                                    {
                                                      "Node Type": "Hash Join",
                                                      "Parent Relationship": "Outer",
                                                      "Parallel Aware": true,
                                                      "Async Capable": false,
                                                      "Join Type": "Inner",
                                                      "Startup Cost": 51447.53,
                                                      "Total Cost": 1520341.76,
                                                      "Plan Rows": 160188,
                                                      "Plan Width": 20,
                                                      "Inner Unique": false,
                                                      "Hash Cond": "(lineitem.l_partkey = part.p_partkey)",
                                                      "Plans": [
                                                        {
                                                          "Node Type": "Seq Scan",
                                                          "Parent Relationship": "Outer",
                                                          "Parallel Aware": true,
                                                          "Async Capable": false,
                                                          "Relation Name": "lineitem",
                                                          "Alias": "lineitem",
                                                          "Startup Cost": 0.0,
                                                          "Total Cost": 1374494.57,
                                                          "Plan Rows": 24995257,
                                                          "Plan Width": 24,
                                                          "parent": 15,
                                                          "ID": 16
                                                        },
                                                        {
                                                          "Node Type": "Hash",
                                                          "Parent Relationship": "Inner",
                                                          "Parallel Aware": true,
                                                          "Async Capable": false,
                                                          "Startup Cost": 51378.28,
                                                          "Total Cost": 51378.28,
                                                          "Plan Rows": 5540,
                                                          "Plan Width": 4,
                                                          "Plans": [
                                                            {
                                                              "Node Type": "Seq Scan",
                                                              "Parent Relationship": "Outer",
                                                              "Parallel Aware": true,
                                                              "Async Capable": false,
                                                              "Relation Name": "part",
                                                              "Alias": "part",
                                                              "Startup Cost": 0.0,
                                                              "Total Cost": 51378.28,
                                                              "Plan Rows": 5540,
                                                              "Plan Width": 4,
                                                              "Filter": "((p_type)::text = 'PROMO BRUSHED STEEL'::text)",
                                                              "parent": 17,
                                                              "ID": 18
                                                            }
                                                          ],
                                                          "parent": 15,
                                                          "ID": 17,
                                                          "left": 18
                                                        }
                                                      ],
                                                      "parent": 14,
                                                      "ID": 15,
                                                      "left": 16,
                                                      "right": 17
                                                    }
                                                  ],
                                                  "parent": 12,
                                                  "ID": 14,
                                                  "left": 15
                                                }
                                              ],
                                              "parent": 11,
                                              "ID": 12,
                                              "left": 13,
                                              "right": 14
                                            }
                                          ],
                                          "parent": 9,
                                          "ID": 11,
                                          "left": 12
                                        }
                                      ],
                                      "parent": 8,
                                      "ID": 9,
                                      "left": 10,
                                      "right": 11
                                    },
                                    {
                                      "Node Type": "Hash",
                                      "Parent Relationship": "Inner",
                                      "Parallel Aware": false,
                                      "Async Capable": false,
                                      "Startup Cost": 2.47,
                                      "Total Cost": 2.47,
                                      "Plan Rows": 5,
                                      "Plan Width": 4,
                                      "Plans": [
                                        {
                                          "Node Type": "Hash Join",
                                          "Parent Relationship": "Outer",
                                          "Parallel Aware": false,
                                          "Async Capable": false,
                                          "Join Type": "Inner",
                                          "Startup Cost": 1.07,
                                          "Total Cost": 2.47,
                                          "Plan Rows": 5,
                                          "Plan Width": 4,
                                          "Inner Unique": false,
                                          "Hash Cond": "(n1.n_regionkey = region.r_regionkey)",
                                          "Plans": [
                                            {
                                              "Node Type": "Seq Scan",
                                              "Parent Relationship": "Outer",
                                              "Parallel Aware": false,
                                              "Async Capable": false,
                                              "Relation Name": "nation",
                                              "Alias": "n1",
                                              "Startup Cost": 0.0,
                                              "Total Cost": 1.25,
                                              "Plan Rows": 25,
                                              "Plan Width": 8,
                                              "parent": 20,
                                              "ID": 21
                                            },
                                            {
                                              "Node Type": "Hash",
                                              "Parent Relationship": "Inner",
                                              "Parallel Aware": false,
                                              "Async Capable": false,
                                              "Startup Cost": 1.06,
                                              "Total Cost": 1.06,
                                              "Plan Rows": 1,
                                              "Plan Width": 4,
                                              "Plans": [
                                                {
                                                  "Node Type": "Seq Scan",
                                                  "Parent Relationship": "Outer",
                                                  "Parallel Aware": false,
                                                  "Async Capable": false,
                                                  "Relation Name": "region",
                                                  "Alias": "region",
                                                  "Startup Cost": 0.0,
                                                  "Total Cost": 1.06,
                                                  "Plan Rows": 1,
                                                  "Plan Width": 4,
                                                  "Filter": "(r_name = 'ASIA'::bpchar)",
                                                  "parent": 22,
                                                  "ID": 23
                                                }
                                              ],
                                              "parent": 20,
                                              "ID": 22,
                                              "left": 23
                                            }
                                          ],
                                          "parent": 19,
                                          "ID": 20,
                                          "left": 21,
                                          "right": 22
                                        }
                                      ],
                                      "parent": 8,
                                      "ID": 19,
                                      "left": 20
                                    }
                                  ],
                                  "parent": 7,
                                  "ID": 8,
                                  "left": 9,
                                  "right": 19
                                }
                              ],
                              "parent": 5,
                              "ID": 7,
                              "left": 8
                            }
                          ],
                          "parent": 4,
                          "ID": 5,
                          "left": 6,
                          "right": 7
                        },
                        {
                          "Node Type": "Hash",
                          "Parent Relationship": "Inner",
                          "Parallel Aware": false,
                          "Async Capable": false,
                          "Startup Cost": 1.25,
                          "Total Cost": 1.25,
                          "Plan Rows": 25,
                          "Plan Width": 30,
                          "Plans": [
                            {
                              "Node Type": "Seq Scan",
                              "Parent Relationship": "Outer",
                              "Parallel Aware": false,
                              "Async Capable": false,
                              "Relation Name": "nation",
                              "Alias": "n2",
                              "Startup Cost": 0.0,
                              "Total Cost": 1.25,
                              "Plan Rows": 25,
                              "Plan Width": 30,
                              "parent": 24,
                              "ID": 25
                            }
                          ],
                          "parent": 4,
                          "ID": 24,
                          "left": 25
                        }
                      ],
                      "parent": 3,
                      "ID": 4,
                      "left": 5,
                      "right": 24
                    }
                  ],
                  "parent": 2,
                  "ID": 3,
                  "left": 4
                }
              ],
              "parent": 1,
              "ID": 2,
              "left": 3
            }
          ],
          "parent": 0,
          "ID": 1,
          "left": 2
        }
      ],
      "parent": null,
      "ID": 0,
      "left": 1
    },
    "feat": {
      "utility": 6.386447184269642e-07,
      "query_shape": [
        [
          "Seq Scan",
          "Hash Join",
          "Sort",
          "Aggregate",
          "Gather Merge"
        ],
        [
          "Seq Scan",
          "Hash Join",
          "Hash",
          "Sort",
          "Aggregate",
          "Gather Merge"
        ],
        [
          "Seq Scan",
          "Hash Join",
          "Hash",
          "Sort",
          "Aggregate",
          "Gather Merge"
        ],
        [
          "Seq Scan",
          "Hash Join",
          "Hash",
          "Sort",
          "Aggregate",
          "Gather Merge"
        ],
        [
          "Seq Scan",
          "Hash",
          "Hash Join",
          "Sort",
          "Aggregate",
          "Gather Merge"
        ],
        [
          "Seq Scan",
          "Hash Join",
          "Hash",
          "Sort",
          "Aggregate",
          "Gather Merge"
        ],
        [
          "Seq Scan",
          "Hash",
          "Hash Join",
          "Sort",
          "Aggregate",
          "Gather Merge"
        ],
        [
          "Seq Scan",
          "Hash",
          "Hash Join",
          "Sort",
          "Aggregate",
          "Gather Merge"
        ]
      ],
      "index_shape": [
        "join"
      ],
      "physical_operator": {
        "Hash Join": [
          0.00040001036971116453
        ]
      }
    }
  },
  {
    "query": "-- Functional Query Definition\n-- Approved February 1998\n\n\nselect\no_year,\nsum(case\nwhen nation = 'CHINA' then volume\nelse 0\nend) / sum(volume) as mkt_share\nfrom\n(\nselect\nextract(year from o_orderdate) as o_year,\nl_extendedprice * (1 - l_discount) as volume,\nn2.n_name as nation\nfrom\npart,\nsupplier,\nlineitem,\norders,\ncustomer,\nnation n1,\nnation n2,\nregion\nwhere\np_partkey = l_partkey\nand s_suppkey = l_suppkey\nand l_orderkey = o_orderkey\nand o_custkey = c_custkey\nand c_nationkey = n1.n_nationkey\nand n1.n_regionkey = r_regionkey\nand r_name = 'ASIA'\nand s_nationkey = n2.n_nationkey\nand o_orderdate between date '1995-01-01' and date '1996-12-31'\nand p_type = 'PROMO BRUSHED STEEL'\n) as all_nations\ngroup by\no_year\norder by\no_year ;\n-- $ID$\n-- TPC-H/TPC-R Product Type Profit Measure ",
    "indexes": "lineitem.l_partkey",
    "wo plan est": {
      "Node Type": "Aggregate",
      "Strategy": "Sorted",
      "Partial Mode": "Finalize",
      "Parallel Aware": false,
      "Async Capable": false,
      "Startup Cost": 1955785.01,
      "Total Cost": 1956486.84,
      "Plan Rows": 2406,
      "Plan Width": 64,
      "Group Key": [
        "(EXTRACT(year FROM orders.o_orderdate))"
      ],
      "Plans": [
        {
          "Node Type": "Gather Merge",
          "Parent Relationship": "Outer",
          "Parallel Aware": false,
          "Async Capable": false,
          "Startup Cost": 1955785.01,
          "Total Cost": 1956408.65,
          "Plan Rows": 2406,
          "Plan Width": 96,
          "Workers Planned": 1,
          "Plans": [
            {
              "Node Type": "Aggregate",
              "Strategy": "Sorted",
              "Partial Mode": "Partial",
              "Parent Relationship": "Outer",
              "Parallel Aware": false,
              "Async Capable": false,
              "Startup Cost": 1954785.0,
              "Total Cost": 1955137.96,
              "Plan Rows": 2406,
              "Plan Width": 96,
              "Group Key": [
                "(EXTRACT(year FROM orders.o_orderdate))"
              ],
              "Plans": [
                {
                  "Node Type": "Sort",
                  "Parent Relationship": "Outer",
                  "Parallel Aware": false,
                  "Async Capable": false,
                  "Startup Cost": 1954785.0,
                  "Total Cost": 1954819.54,
                  "Plan Rows": 13816,
                  "Plan Width": 70,
                  "Sort Key": [
                    "(EXTRACT(year FROM orders.o_orderdate))"
                  ],
                  "Plans": [
                    {
                      "Node Type": "Hash Join",
                      "Parent Relationship": "Outer",
                      "Parallel Aware": false,
                      "Async Capable": false,
                      "Join Type": "Inner",
                      "Startup Cost": 1950527.96,
                      "Total Cost": 1953834.87,
                      "Plan Rows": 13816,
                      "Plan Width": 70,
                      "Inner Unique": false,
                      "Hash Cond": "(supplier.s_nationkey = n2.n_nationkey)",
                      "Plans": [
                        {
                          "Node Type": "Hash Join",
                          "Parent Relationship": "Outer",
                          "Parallel Aware": true,
                          "Async Capable": false,
                          "Join Type": "Inner",
                          "Startup Cost": 1950526.4,
                          "Total Cost": 1953608.79,
                          "Plan Rows": 13816,
                          "Plan Width": 20,
                          "Inner Unique": false,
                          "Hash Cond": "(supplier.s_suppkey = lineitem.l_suppkey)",
                          "Plans": [
                            {
                              "Node Type": "Seq Scan",
                              "Parent Relationship": "Outer",
                              "Parallel Aware": true,
                              "Async Capable": false,
                              "Relation Name": "supplier",
                              "Alias": "supplier",
                              "Startup Cost": 0.0,
                              "Total Cost": 2804.24,
                              "Plan Rows": 58824,
                              "Plan Width": 8,
                              "parent": 5,
                              "ID": 6
                            },
                            {
                              "Node Type": "Hash",
                              "Parent Relationship": "Inner",
                              "Parallel Aware": true,
                              "Async Capable": false,
                              "Startup Cost": 1950404.06,
                              "Total Cost": 1950404.06,
                              "Plan Rows": 9787,
                              "Plan Width": 20,
                              "Plans": [
                                {
                                  "Node Type": "Hash Join",
                                  "Parent Relationship": "Outer",
                                  "Parallel Aware": false,
                                  "Async Capable": false,
                                  "Join Type": "Inner",
                                  "Startup Cost": 1905498.74,
                                  "Total Cost": 1950404.06,
                                  "Plan Rows": 9787,
                                  "Plan Width": 20,
                                  "Inner Unique": false,
                                  "Hash Cond": "(customer.c_nationkey = n1.n_nationkey)",
                                  "Plans": [
                                    {
                                      "Node Type": "Hash Join",
                                      "Parent Relationship": "Outer",
                                      "Parallel Aware": true,
                                      "Async Capable": false,
                                      "Join Type": "Inner",
                                      "Startup Cost": 1905496.2,
                                      "Total Cost": 1950120.18,
                                      "Plan Rows": 48932,
                                      "Plan Width": 24,
                                      "Inner Unique": false,
                                      "Hash Cond": "(customer.c_custkey = orders.o_custkey)",
                                      "Plans": [
                                        {
                                          "Node Type": "Seq Scan",
                                          "Parent Relationship": "Outer",
                                          "Parallel Aware": true,
                                          "Async Capable": false,
                                          "Relation Name": "customer",
                                          "Alias": "customer",
                                          "Startup Cost": 0.0,
                                          "Total Cost": 42076.52,
                                          "Plan Rows": 624952,
                                          "Plan Width": 8,
                                          "parent": 9,
                                          "ID": 10
                                        },
                                        {
                                          "Node Type": "Hash",
                                          "Parent Relationship": "Inner",
                                          "Parallel Aware": true,
                                          "Async Capable": false,
                                          "Startup Cost": 1904884.55,
                                          "Total Cost": 1904884.55,
                                          "Plan Rows": 48932,
                                          "Plan Width": 24,
                                          "Plans": [
                                            {
                                              "Node Type": "Hash Join",
                                              "Parent Relationship": "Outer",
                                              "Parallel Aware": true,
                                              "Async Capable": false,
                                              "Join Type": "Inner",
                                              "Startup Cost": 1523283.11,
                                              "Total Cost": 1904884.55,
                                              "Plan Rows": 48932,
                                              "Plan Width": 24,
                                              "Inner Unique": false,
                                              "Hash Cond": "(orders.o_orderkey = lineitem.l_orderkey)",
                                              "Plans": [
                                                {
                                                  "Node Type": "Seq Scan",
                                                  "Parent Relationship": "Outer",
                                                  "Parallel Aware": true,
                                                  "Async Capable": false,
                                                  "Relation Name": "orders",
                                                  "Alias": "orders",
                                                  "Startup Cost": 0.0,
                                                  "Total Cost": 354655.56,
                                                  "Plan Rows": 1909064,
                                                  "Plan Width": 12,
                                                  "Filter": "((o_orderdate >= '1995-01-01'::date) AND (o_orderdate <= '1996-12-31'::date))",
                                                  "parent": 12,
                                                  "ID": 13
                                                },
                                                {
                                                  "Node Type": "Hash",
                                                  "Parent Relationship": "Inner",
                                                  "Parallel Aware": true,
                                                  "Async Capable": false,
                                                  "Startup Cost": 1520341.76,
                                                  "Total Cost": 1520341.76,
                                                  "Plan Rows": 160188,
                                                  "Plan Width": 20,
                                                  "Plans": [
                                                    {
                                                      "Node Type": "Hash Join",
                                                      "Parent Relationship": "Outer",
                                                      "Parallel Aware": true,
                                                      "Async Capable": false,
                                                      "Join Type": "Inner",
                                                      "Startup Cost": 51447.53,
                                                      "Total Cost": 1520341.76,
                                                      "Plan Rows": 160188,
                                                      "Plan Width": 20,
                                                      "Inner Unique": false,
                                                      "Hash Cond": "(lineitem.l_partkey = part.p_partkey)",
                                                      "Plans": [
                                                        {
                                                          "Node Type": "Seq Scan",
                                                          "Parent Relationship": "Outer",
                                                          "Parallel Aware": true,
                                                          "Async Capable": false,
                                                          "Relation Name": "lineitem",
                                                          "Alias": "lineitem",
                                                          "Startup Cost": 0.0,
                                                          "Total Cost": 1374494.57,
                                                          "Plan Rows": 24995257,
                                                          "Plan Width": 24,
                                                          "parent": 15,
                                                          "ID": 16
                                                        },
                                                        {
                                                          "Node Type": "Hash",
                                                          "Parent Relationship": "Inner",
                                                          "Parallel Aware": true,
                                                          "Async Capable": false,
                                                          "Startup Cost": 51378.28,
                                                          "Total Cost": 51378.28,
                                                          "Plan Rows": 5540,
                                                          "Plan Width": 4,
                                                          "Plans": [
                                                            {
                                                              "Node Type": "Seq Scan",
                                                              "Parent Relationship": "Outer",
                                                              "Parallel Aware": true,
                                                              "Async Capable": false,
                                                              "Relation Name": "part",
                                                              "Alias": "part",
                                                              "Startup Cost": 0.0,
                                                              "Total Cost": 51378.28,
                                                              "Plan Rows": 5540,
                                                              "Plan Width": 4,
                                                              "Filter": "((p_type)::text = 'PROMO BRUSHED STEEL'::text)",
                                                              "parent": 17,
                                                              "ID": 18
                                                            }
                                                          ],
                                                          "parent": 15,
                                                          "ID": 17,
                                                          "left": 18
                                                        }
                                                      ],
                                                      "parent": 14,
                                                      "ID": 15,
                                                      "left": 16,
                                                      "right": 17
                                                    }
                                                  ],
                                                  "parent": 12,
                                                  "ID": 14,
                                                  "left": 15
                                                }
                                              ],
                                              "parent": 11,
                                              "ID": 12,
                                              "left": 13,
                                              "right": 14
                                            }
                                          ],
                                          "parent": 9,
                                          "ID": 11,
                                          "left": 12
                                        }
                                      ],
                                      "parent": 8,
                                      "ID": 9,
                                      "left": 10,
                                      "right": 11
                                    },
                                    {
                                      "Node Type": "Hash",
                                      "Parent Relationship": "Inner",
                                      "Parallel Aware": false,
                                      "Async Capable": false,
                                      "Startup Cost": 2.47,
                                      "Total Cost": 2.47,
                                      "Plan Rows": 5,
                                      "Plan Width": 4,
                                      "Plans": [
                                        {
                                          "Node Type": "Hash Join",
                                          "Parent Relationship": "Outer",
                                          "Parallel Aware": false,
                                          "Async Capable": false,
                                          "Join Type": "Inner",
                                          "Startup Cost": 1.07,
                                          "Total Cost": 2.47,
                                          "Plan Rows": 5,
                                          "Plan Width": 4,
                                          "Inner Unique": false,
                                          "Hash Cond": "(n1.n_regionkey = region.r_regionkey)",
                                          "Plans": [
                                            {
                                              "Node Type": "Seq Scan",
                                              "Parent Relationship": "Outer",
                                              "Parallel Aware": false,
                                              "Async Capable": false,
                                              "Relation Name": "nation",
                                              "Alias": "n1",
                                              "Startup Cost": 0.0,
                                              "Total Cost": 1.25,
                                              "Plan Rows": 25,
                                              "Plan Width": 8,
                                              "parent": 20,
                                              "ID": 21
                                            },
                                            {
                                              "Node Type": "Hash",
                                              "Parent Relationship": "Inner",
                                              "Parallel Aware": false,
                                              "Async Capable": false,
                                              "Startup Cost": 1.06,
                                              "Total Cost": 1.06,
                                              "Plan Rows": 1,
                                              "Plan Width": 4,
                                              "Plans": [
                                                {
                                                  "Node Type": "Seq Scan",
                                                  "Parent Relationship": "Outer",
                                                  "Parallel Aware": false,
                                                  "Async Capable": false,
                                                  "Relation Name": "region",
                                                  "Alias": "region",
                                                  "Startup Cost": 0.0,
                                                  "Total Cost": 1.06,
                                                  "Plan Rows": 1,
                                                  "Plan Width": 4,
                                                  "Filter": "(r_name = 'ASIA'::bpchar)",
                                                  "parent": 22,
                                                  "ID": 23
                                                }
                                              ],
                                              "parent": 20,
                                              "ID": 22,
                                              "left": 23
                                            }
                                          ],
                                          "parent": 19,
                                          "ID": 20,
                                          "left": 21,
                                          "right": 22
                                        }
                                      ],
                                      "parent": 8,
                                      "ID": 19,
                                      "left": 20
                                    }
                                  ],
                                  "parent": 7,
                                  "ID": 8,
                                  "left": 9,
                                  "right": 19
                                }
                              ],
                              "parent": 5,
                              "ID": 7,
                              "left": 8
                            }
                          ],
                          "parent": 4,
                          "ID": 5,
                          "left": 6,
                          "right": 7
                        },
                        {
                          "Node Type": "Hash",
                          "Parent Relationship": "Inner",
                          "Parallel Aware": false,
                          "Async Capable": false,
                          "Startup Cost": 1.25,
                          "Total Cost": 1.25,
                          "Plan Rows": 25,
                          "Plan Width": 30,
                          "Plans": [
                            {
                              "Node Type": "Seq Scan",
                              "Parent Relationship": "Outer",
                              "Parallel Aware": false,
                              "Async Capable": false,
                              "Relation Name": "nation",
                              "Alias": "n2",
                              "Startup Cost": 0.0,
                              "Total Cost": 1.25,
                              "Plan Rows": 25,
                              "Plan Width": 30,
                              "parent": 24,
                              "ID": 25
                            }
                          ],
                          "parent": 4,
                          "ID": 24,
                          "left": 25
                        }
                      ],
                      "parent": 3,
                      "ID": 4,
                      "left": 5,
                      "right": 24
                    }
                  ],
                  "parent": 2,
                  "ID": 3,
                  "left": 4
                }
              ],
              "parent": 1,
              "ID": 2,
              "left": 3
            }
          ],
          "parent": 0,
          "ID": 1,
          "left": 2
        }
      ],
      "parent": null,
      "ID": 0,
      "left": 1
    },
    "feat": {
      "utility": 6.382131148580048e-07,
      "query_shape": [
        [
          "Seq Scan",
          "Hash Join",
          "Sort",
          "Aggregate",
          "Gather Merge"
        ],
        [
          "Seq Scan",
          "Hash Join",
          "Hash",
          "Sort",
          "Aggregate",
          "Gather Merge"
        ],
        [
          "Seq Scan",
          "Hash Join",
          "Hash",
          "Sort",
          "Aggregate",
          "Gather Merge"
        ],
        [
          "Seq Scan",
          "Hash Join",
          "Hash",
          "Sort",
          "Aggregate",
          "Gather Merge"
        ],
        [
          "Seq Scan",
          "Hash",
          "Hash Join",
          "Sort",
          "Aggregate",
          "Gather Merge"
        ],
        [
          "Seq Scan",
          "Hash Join",
          "Hash",
          "Sort",
          "Aggregate",
          "Gather Merge"
        ],
        [
          "Seq Scan",
          "Hash",
          "Hash Join",
          "Sort",
          "Aggregate",
          "Gather Merge"
        ],
        [
          "Seq Scan",
          "Hash",
          "Hash Join",
          "Sort",
          "Aggregate",
          "Gather Merge"
        ]
      ],
      "index_shape": [
        "join"
      ],
      "physical_operator": {
        "Hash Join": [
          0.0010755517319240547
        ]
      }
    }
  },
  {
    "query": "-- Functional Query Definition\n-- Approved February 1998\n\n\nselect\no_year,\nsum(case\nwhen nation = 'CHINA' then volume\nelse 0\nend) / sum(volume) as mkt_share\nfrom\n(\nselect\nextract(year from o_orderdate) as o_year,\nl_extendedprice * (1 - l_discount) as volume,\nn2.n_name as nation\nfrom\npart,\nsupplier,\nlineitem,\norders,\ncustomer,\nnation n1,\nnation n2,\nregion\nwhere\np_partkey = l_partkey\nand s_suppkey = l_suppkey\nand l_orderkey = o_orderkey\nand o_custkey = c_custkey\nand c_nationkey = n1.n_nationkey\nand n1.n_regionkey = r_regionkey\nand r_name = 'ASIA'\nand s_nationkey = n2.n_nationkey\nand o_orderdate between date '1995-01-01' and date '1996-12-31'\nand p_type = 'PROMO BRUSHED STEEL'\n) as all_nations\ngroup by\no_year\norder by\no_year ;\n-- $ID$\n-- TPC-H/TPC-R Product Type Profit Measure ",
    "indexes": "lineitem.l_suppkey",
    "wo plan est": {
      "Node Type": "Aggregate",
      "Strategy": "Sorted",
      "Partial Mode": "Finalize",
      "Parallel Aware": false,
      "Async Capable": false,
      "Startup Cost": 1955785.01,
      "Total Cost": 1956486.84,
      "Plan Rows": 2406,
      "Plan Width": 64,
      "Group Key": [
        "(EXTRACT(year FROM orders.o_orderdate))"
      ],
      "Plans": [
        {
          "Node Type": "Gather Merge",
          "Parent Relationship": "Outer",
          "Parallel Aware": false,
          "Async Capable": false,
          "Startup Cost": 1955785.01,
          "Total Cost": 1956408.65,
          "Plan Rows": 2406,
          "Plan Width": 96,
          "Workers Planned": 1,
          "Plans": [
            {
              "Node Type": "Aggregate",
              "Strategy": "Sorted",
              "Partial Mode": "Partial",
              "Parent Relationship": "Outer",
              "Parallel Aware": false,
              "Async Capable": false,
              "Startup Cost": 1954785.0,
              "Total Cost": 1955137.96,
              "Plan Rows": 2406,
              "Plan Width": 96,
              "Group Key": [
                "(EXTRACT(year FROM orders.o_orderdate))"
              ],
              "Plans": [
                {
                  "Node Type": "Sort",
                  "Parent Relationship": "Outer",
                  "Parallel Aware": false,
                  "Async Capable": false,
                  "Startup Cost": 1954785.0,
                  "Total Cost": 1954819.54,
                  "Plan Rows": 13816,
                  "Plan Width": 70,
                  "Sort Key": [
                    "(EXTRACT(year FROM orders.o_orderdate))"
                  ],
                  "Plans": [
                    {
                      "Node Type": "Hash Join",
                      "Parent Relationship": "Outer",
                      "Parallel Aware": false,
                      "Async Capable": false,
                      "Join Type": "Inner",
                      "Startup Cost": 1950527.96,
                      "Total Cost": 1953834.87,
                      "Plan Rows": 13816,
                      "Plan Width": 70,
                      "Inner Unique": false,
                      "Hash Cond": "(supplier.s_nationkey = n2.n_nationkey)",
                      "Plans": [
                        {
                          "Node Type": "Hash Join",
                          "Parent Relationship": "Outer",
                          "Parallel Aware": true,
                          "Async Capable": false,
                          "Join Type": "Inner",
                          "Startup Cost": 1950526.4,
                          "Total Cost": 1953608.79,
                          "Plan Rows": 13816,
                          "Plan Width": 20,
                          "Inner Unique": false,
                          "Hash Cond": "(supplier.s_suppkey = lineitem.l_suppkey)",
                          "Plans": [
                            {
                              "Node Type": "Seq Scan",
                              "Parent Relationship": "Outer",
                              "Parallel Aware": true,
                              "Async Capable": false,
                              "Relation Name": "supplier",
                              "Alias": "supplier",
                              "Startup Cost": 0.0,
                              "Total Cost": 2804.24,
                              "Plan Rows": 58824,
                              "Plan Width": 8,
                              "parent": 5,
                              "ID": 6
                            },
                            {
                              "Node Type": "Hash",
                              "Parent Relationship": "Inner",
                              "Parallel Aware": true,
                              "Async Capable": false,
                              "Startup Cost": 1950404.06,
                              "Total Cost": 1950404.06,
                              "Plan Rows": 9787,
                              "Plan Width": 20,
                              "Plans": [
                                {
                                  "Node Type": "Hash Join",
                                  "Parent Relationship": "Outer",
                                  "Parallel Aware": false,
                                  "Async Capable": false,
                                  "Join Type": "Inner",
                                  "Startup Cost": 1905498.74,
                                  "Total Cost": 1950404.06,
                                  "Plan Rows": 9787,
                                  "Plan Width": 20,
                                  "Inner Unique": false,
                                  "Hash Cond": "(customer.c_nationkey = n1.n_nationkey)",
                                  "Plans": [
                                    {
                                      "Node Type": "Hash Join",
                                      "Parent Relationship": "Outer",
                                      "Parallel Aware": true,
                                      "Async Capable": false,
                                      "Join Type": "Inner",
                                      "Startup Cost": 1905496.2,
                                      "Total Cost": 1950120.18,
                                      "Plan Rows": 48932,
                                      "Plan Width": 24,
                                      "Inner Unique": false,
                                      "Hash Cond": "(customer.c_custkey = orders.o_custkey)",
                                      "Plans": [
                                        {
                                          "Node Type": "Seq Scan",
                                          "Parent Relationship": "Outer",
                                          "Parallel Aware": true,
                                          "Async Capable": false,
                                          "Relation Name": "customer",
                                          "Alias": "customer",
                                          "Startup Cost": 0.0,
                                          "Total Cost": 42076.52,
                                          "Plan Rows": 624952,
                                          "Plan Width": 8,
                                          "parent": 9,
                                          "ID": 10
                                        },
                                        {
                                          "Node Type": "Hash",
                                          "Parent Relationship": "Inner",
                                          "Parallel Aware": true,
                                          "Async Capable": false,
                                          "Startup Cost": 1904884.55,
                                          "Total Cost": 1904884.55,
                                          "Plan Rows": 48932,
                                          "Plan Width": 24,
                                          "Plans": [
                                            {
                                              "Node Type": "Hash Join",
                                              "Parent Relationship": "Outer",
                                              "Parallel Aware": true,
                                              "Async Capable": false,
                                              "Join Type": "Inner",
                                              "Startup Cost": 1523283.11,
                                              "Total Cost": 1904884.55,
                                              "Plan Rows": 48932,
                                              "Plan Width": 24,
                                              "Inner Unique": false,
                                              "Hash Cond": "(orders.o_orderkey = lineitem.l_orderkey)",
                                              "Plans": [
                                                {
                                                  "Node Type": "Seq Scan",
                                                  "Parent Relationship": "Outer",
                                                  "Parallel Aware": true,
                                                  "Async Capable": false,
                                                  "Relation Name": "orders",
                                                  "Alias": "orders",
                                                  "Startup Cost": 0.0,
                                                  "Total Cost": 354655.56,
                                                  "Plan Rows": 1909064,
                                                  "Plan Width": 12,
                                                  "Filter": "((o_orderdate >= '1995-01-01'::date) AND (o_orderdate <= '1996-12-31'::date))",
                                                  "parent": 12,
                                                  "ID": 13
                                                },
                                                {
                                                  "Node Type": "Hash",
                                                  "Parent Relationship": "Inner",
                                                  "Parallel Aware": true,
                                                  "Async Capable": false,
                                                  "Startup Cost": 1520341.76,
                                                  "Total Cost": 1520341.76,
                                                  "Plan Rows": 160188,
                                                  "Plan Width": 20,
                                                  "Plans": [
                                                    {
                                                      "Node Type": "Hash Join",
                                                      "Parent Relationship": "Outer",
                                                      "Parallel Aware": true,
                                                      "Async Capable": false,
                                                      "Join Type": "Inner",
                                                      "Startup Cost": 51447.53,
                                                      "Total Cost": 1520341.76,
                                                      "Plan Rows": 160188,
                                                      "Plan Width": 20,
                                                      "Inner Unique": false,
                                                      "Hash Cond": "(lineitem.l_partkey = part.p_partkey)",
                                                      "Plans": [
                                                        {
                                                          "Node Type": "Seq Scan",
                                                          "Parent Relationship": "Outer",
                                                          "Parallel Aware": true,
                                                          "Async Capable": false,
                                                          "Relation Name": "lineitem",
                                                          "Alias": "lineitem",
                                                          "Startup Cost": 0.0,
                                                          "Total Cost": 1374494.57,
                                                          "Plan Rows": 24995257,
                                                          "Plan Width": 24,
                                                          "parent": 15,
                                                          "ID": 16
                                                        },
                                                        {
                                                          "Node Type": "Hash",
                                                          "Parent Relationship": "Inner",
                                                          "Parallel Aware": true,
                                                          "Async Capable": false,
                                                          "Startup Cost": 51378.28,
                                                          "Total Cost": 51378.28,
                                                          "Plan Rows": 5540,
                                                          "Plan Width": 4,
                                                          "Plans": [
                                                            {
                                                              "Node Type": "Seq Scan",
                                                              "Parent Relationship": "Outer",
                                                              "Parallel Aware": true,
                                                              "Async Capable": false,
                                                              "Relation Name": "part",
                                                              "Alias": "part",
                                                              "Startup Cost": 0.0,
                                                              "Total Cost": 51378.28,
                                                              "Plan Rows": 5540,
                                                              "Plan Width": 4,
                                                              "Filter": "((p_type)::text = 'PROMO BRUSHED STEEL'::text)",
                                                              "parent": 17,
                                                              "ID": 18
                                                            }
                                                          ],
                                                          "parent": 15,
                                                          "ID": 17,
                                                          "left": 18
                                                        }
                                                      ],
                                                      "parent": 14,
                                                      "ID": 15,
                                                      "left": 16,
                                                      "right": 17
                                                    }
                                                  ],
                                                  "parent": 12,
                                                  "ID": 14,
                                                  "left": 15
                                                }
                                              ],
                                              "parent": 11,
                                              "ID": 12,
                                              "left": 13,
                                              "right": 14
                                            }
                                          ],
                                          "parent": 9,
                                          "ID": 11,
                                          "left": 12
                                        }
                                      ],
                                      "parent": 8,
                                      "ID": 9,
                                      "left": 10,
                                      "right": 11
                                    },
                                    {
                                      "Node Type": "Hash",
                                      "Parent Relationship": "Inner",
                                      "Parallel Aware": false,
                                      "Async Capable": false,
                                      "Startup Cost": 2.47,
                                      "Total Cost": 2.47,
                                      "Plan Rows": 5,
                                      "Plan Width": 4,
                                      "Plans": [
                                        {
                                          "Node Type": "Hash Join",
                                          "Parent Relationship": "Outer",
                                          "Parallel Aware": false,
                                          "Async Capable": false,
                                          "Join Type": "Inner",
                                          "Startup Cost": 1.07,
                                          "Total Cost": 2.47,
                                          "Plan Rows": 5,
                                          "Plan Width": 4,
                                          "Inner Unique": false,
                                          "Hash Cond": "(n1.n_regionkey = region.r_regionkey)",
                                          "Plans": [
                                            {
                                              "Node Type": "Seq Scan",
                                              "Parent Relationship": "Outer",
                                              "Parallel Aware": false,
                                              "Async Capable": false,
                                              "Relation Name": "nation",
                                              "Alias": "n1",
                                              "Startup Cost": 0.0,
                                              "Total Cost": 1.25,
                                              "Plan Rows": 25,
                                              "Plan Width": 8,
                                              "parent": 20,
                                              "ID": 21
                                            },
                                            {
                                              "Node Type": "Hash",
                                              "Parent Relationship": "Inner",
                                              "Parallel Aware": false,
                                              "Async Capable": false,
                                              "Startup Cost": 1.06,
                                              "Total Cost": 1.06,
                                              "Plan Rows": 1,
                                              "Plan Width": 4,
                                              "Plans": [
                                                {
                                                  "Node Type": "Seq Scan",
                                                  "Parent Relationship": "Outer",
                                                  "Parallel Aware": false,
                                                  "Async Capable": false,
                                                  "Relation Name": "region",
                                                  "Alias": "region",
                                                  "Startup Cost": 0.0,
                                                  "Total Cost": 1.06,
                                                  "Plan Rows": 1,
                                                  "Plan Width": 4,
                                                  "Filter": "(r_name = 'ASIA'::bpchar)",
                                                  "parent": 22,
                                                  "ID": 23
                                                }
                                              ],
                                              "parent": 20,
                                              "ID": 22,
                                              "left": 23
                                            }
                                          ],
                                          "parent": 19,
                                          "ID": 20,
                                          "left": 21,
                                          "right": 22
                                        }
                                      ],
                                      "parent": 8,
                                      "ID": 19,
                                      "left": 20
                                    }
                                  ],
                                  "parent": 7,
                                  "ID": 8,
                                  "left": 9,
                                  "right": 19
                                }
                              ],
                              "parent": 5,
                              "ID": 7,
                              "left": 8
                            }
                          ],
                          "parent": 4,
                          "ID": 5,
                          "left": 6,
                          "right": 7
                        },
                        {
                          "Node Type": "Hash",
                          "Parent Relationship": "Inner",
                          "Parallel Aware": false,
                          "Async Capable": false,
                          "Startup Cost": 1.25,
                          "Total Cost": 1.25,
                          "Plan Rows": 25,
                          "Plan Width": 30,
                          "Plans": [
                            {
                              "Node Type": "Seq Scan",
                              "Parent Relationship": "Outer",
                              "Parallel Aware": false,
                              "Async Capable": false,
                              "Relation Name": "nation",
                              "Alias": "n2",
                              "Startup Cost": 0.0,
                              "Total Cost": 1.25,
                              "Plan Rows": 25,
                              "Plan Width": 30,
                              "parent": 24,
                              "ID": 25
                            }
                          ],
                          "parent": 4,
                          "ID": 24,
                          "left": 25
                        }
                      ],
                      "parent": 3,
                      "ID": 4,
                      "left": 5,
                      "right": 24
                    }
                  ],
                  "parent": 2,
                  "ID": 3,
                  "left": 4
                }
              ],
              "parent": 1,
              "ID": 2,
              "left": 3
            }
          ],
          "parent": 0,
          "ID": 1,
          "left": 2
        }
      ],
      "parent": null,
      "ID": 0,
      "left": 1
    },
    "feat": {
      "utility": 6.35770444899657e-07,
      "query_shape": [
        [
          "Seq Scan",
          "Hash Join",
          "Sort",
          "Aggregate",
          "Gather Merge"
        ],
        [
          "Seq Scan",
          "Hash Join",
          "Hash",
          "Sort",
          "Aggregate",
          "Gather Merge"
        ],
        [
          "Seq Scan",
          "Hash Join",
          "Hash",
          "Sort",
          "Aggregate",
          "Gather Merge"
        ],
        [
          "Seq Scan",
          "Hash Join",
          "Hash",
          "Sort",
          "Aggregate",
          "Gather Merge"
        ],
        [
          "Seq Scan",
          "Hash",
          "Hash Join",
          "Sort",
          "Aggregate",
          "Gather Merge"
        ],
        [
          "Seq Scan",
          "Hash Join",
          "Hash",
          "Sort",
          "Aggregate",
          "Gather Merge"
        ],
        [
          "Seq Scan",
          "Hash",
          "Hash Join",
          "Sort",
          "Aggregate",
          "Gather Merge"
        ],
        [
          "Seq Scan",
          "Hash",
          "Hash Join",
          "Sort",
          "Aggregate",
          "Gather Merge"
        ]
      ],
      "index_shape": [
        "join"
      ],
      "physical_operator": {
        "Hash Join": [
          0.004898793034300612
        ]
      }
    }
  },
  {
    "query": "-- Functional Query Definition\n-- Approved February 1998\n\n\nselect\no_year,\nsum(case\nwhen nation = 'CHINA' then volume\nelse 0\nend) / sum(volume) as mkt_share\nfrom\n(\nselect\nextract(year from o_orderdate) as o_year,\nl_extendedprice * (1 - l_discount) as volume,\nn2.n_name as nation\nfrom\npart,\nsupplier,\nlineitem,\norders,\ncustomer,\nnation n1,\nnation n2,\nregion\nwhere\np_partkey = l_partkey\nand s_suppkey = l_suppkey\nand l_orderkey = o_orderkey\nand o_custkey = c_custkey\nand c_nationkey = n1.n_nationkey\nand n1.n_regionkey = r_regionkey\nand r_name = 'ASIA'\nand s_nationkey = n2.n_nationkey\nand o_orderdate between date '1995-01-01' and date '1996-12-31'\nand p_type = 'PROMO BRUSHED STEEL'\n) as all_nations\ngroup by\no_year\norder by\no_year ;\n-- $ID$\n-- TPC-H/TPC-R Product Type Profit Measure ",
    "indexes": "lineitem.l_extendedprice",
    "wo plan est": {
      "Node Type": "Aggregate",
      "Strategy": "Sorted",
      "Partial Mode": "Finalize",
      "Parallel Aware": false,
      "Async Capable": false,
      "Startup Cost": 1955785.01,
      "Total Cost": 1956486.84,
      "Plan Rows": 2406,
      "Plan Width": 64,
      "Group Key": [
        "(EXTRACT(year FROM orders.o_orderdate))"
      ],
      "Plans": [
        {
          "Node Type": "Gather Merge",
          "Parent Relationship": "Outer",
          "Parallel Aware": false,
          "Async Capable": false,
          "Startup Cost": 1955785.01,
          "Total Cost": 1956408.65,
          "Plan Rows": 2406,
          "Plan Width": 96,
          "Workers Planned": 1,
          "Plans": [
            {
              "Node Type": "Aggregate",
              "Strategy": "Sorted",
              "Partial Mode": "Partial",
              "Parent Relationship": "Outer",
              "Parallel Aware": false,
              "Async Capable": false,
              "Startup Cost": 1954785.0,
              "Total Cost": 1955137.96,
              "Plan Rows": 2406,
              "Plan Width": 96,
              "Group Key": [
                "(EXTRACT(year FROM orders.o_orderdate))"
              ],
              "Plans": [
                {
                  "Node Type": "Sort",
                  "Parent Relationship": "Outer",
                  "Parallel Aware": false,
                  "Async Capable": false,
                  "Startup Cost": 1954785.0,
                  "Total Cost": 1954819.54,
                  "Plan Rows": 13816,
                  "Plan Width": 70,
                  "Sort Key": [
                    "(EXTRACT(year FROM orders.o_orderdate))"
                  ],
                  "Plans": [
                    {
                      "Node Type": "Hash Join",
                      "Parent Relationship": "Outer",
                      "Parallel Aware": false,
                      "Async Capable": false,
                      "Join Type": "Inner",
                      "Startup Cost": 1950527.96,
                      "Total Cost": 1953834.87,
                      "Plan Rows": 13816,
                      "Plan Width": 70,
                      "Inner Unique": false,
                      "Hash Cond": "(supplier.s_nationkey = n2.n_nationkey)",
                      "Plans": [
                        {
                          "Node Type": "Hash Join",
                          "Parent Relationship": "Outer",
                          "Parallel Aware": true,
                          "Async Capable": false,
                          "Join Type": "Inner",
                          "Startup Cost": 1950526.4,
                          "Total Cost": 1953608.79,
                          "Plan Rows": 13816,
                          "Plan Width": 20,
                          "Inner Unique": false,
                          "Hash Cond": "(supplier.s_suppkey = lineitem.l_suppkey)",
                          "Plans": [
                            {
                              "Node Type": "Seq Scan",
                              "Parent Relationship": "Outer",
                              "Parallel Aware": true,
                              "Async Capable": false,
                              "Relation Name": "supplier",
                              "Alias": "supplier",
                              "Startup Cost": 0.0,
                              "Total Cost": 2804.24,
                              "Plan Rows": 58824,
                              "Plan Width": 8,
                              "parent": 5,
                              "ID": 6
                            },
                            {
                              "Node Type": "Hash",
                              "Parent Relationship": "Inner",
                              "Parallel Aware": true,
                              "Async Capable": false,
                              "Startup Cost": 1950404.06,
                              "Total Cost": 1950404.06,
                              "Plan Rows": 9787,
                              "Plan Width": 20,
                              "Plans": [
                                {
                                  "Node Type": "Hash Join",
                                  "Parent Relationship": "Outer",
                                  "Parallel Aware": false,
                                  "Async Capable": false,
                                  "Join Type": "Inner",
                                  "Startup Cost": 1905498.74,
                                  "Total Cost": 1950404.06,
                                  "Plan Rows": 9787,
                                  "Plan Width": 20,
                                  "Inner Unique": false,
                                  "Hash Cond": "(customer.c_nationkey = n1.n_nationkey)",
                                  "Plans": [
                                    {
                                      "Node Type": "Hash Join",
                                      "Parent Relationship": "Outer",
                                      "Parallel Aware": true,
                                      "Async Capable": false,
                                      "Join Type": "Inner",
                                      "Startup Cost": 1905496.2,
                                      "Total Cost": 1950120.18,
                                      "Plan Rows": 48932,
                                      "Plan Width": 24,
                                      "Inner Unique": false,
                                      "Hash Cond": "(customer.c_custkey = orders.o_custkey)",
                                      "Plans": [
                                        {
                                          "Node Type": "Seq Scan",
                                          "Parent Relationship": "Outer",
                                          "Parallel Aware": true,
                                          "Async Capable": false,
                                          "Relation Name": "customer",
                                          "Alias": "customer",
                                          "Startup Cost": 0.0,
                                          "Total Cost": 42076.52,
                                          "Plan Rows": 624952,
                                          "Plan Width": 8,
                                          "parent": 9,
                                          "ID": 10
                                        },
                                        {
                                          "Node Type": "Hash",
                                          "Parent Relationship": "Inner",
                                          "Parallel Aware": true,
                                          "Async Capable": false,
                                          "Startup Cost": 1904884.55,
                                          "Total Cost": 1904884.55,
                                          "Plan Rows": 48932,
                                          "Plan Width": 24,
                                          "Plans": [
                                            {
                                              "Node Type": "Hash Join",
                                              "Parent Relationship": "Outer",
                                              "Parallel Aware": true,
                                              "Async Capable": false,
                                              "Join Type": "Inner",
                                              "Startup Cost": 1523283.11,
                                              "Total Cost": 1904884.55,
                                              "Plan Rows": 48932,
                                              "Plan Width": 24,
                                              "Inner Unique": false,
                                              "Hash Cond": "(orders.o_orderkey = lineitem.l_orderkey)",
                                              "Plans": [
                                                {
                                                  "Node Type": "Seq Scan",
                                                  "Parent Relationship": "Outer",
                                                  "Parallel Aware": true,
                                                  "Async Capable": false,
                                                  "Relation Name": "orders",
                                                  "Alias": "orders",
                                                  "Startup Cost": 0.0,
                                                  "Total Cost": 354655.56,
                                                  "Plan Rows": 1909064,
                                                  "Plan Width": 12,
                                                  "Filter": "((o_orderdate >= '1995-01-01'::date) AND (o_orderdate <= '1996-12-31'::date))",
                                                  "parent": 12,
                                                  "ID": 13
                                                },
                                                {
                                                  "Node Type": "Hash",
                                                  "Parent Relationship": "Inner",
                                                  "Parallel Aware": true,
                                                  "Async Capable": false,
                                                  "Startup Cost": 1520341.76,
                                                  "Total Cost": 1520341.76,
                                                  "Plan Rows": 160188,
                                                  "Plan Width": 20,
                                                  "Plans": [
                                                    {
                                                      "Node Type": "Hash Join",
                                                      "Parent Relationship": "Outer",
                                                      "Parallel Aware": true,
                                                      "Async Capable": false,
                                                      "Join Type": "Inner",
                                                      "Startup Cost": 51447.53,
                                                      "Total Cost": 1520341.76,
                                                      "Plan Rows": 160188,
                                                      "Plan Width": 20,
                                                      "Inner Unique": false,
                                                      "Hash Cond": "(lineitem.l_partkey = part.p_partkey)",
                                                      "Plans": [
                                                        {
                                                          "Node Type": "Seq Scan",
                                                          "Parent Relationship": "Outer",
                                                          "Parallel Aware": true,
                                                          "Async Capable": false,
                                                          "Relation Name": "lineitem",
                                                          "Alias": "lineitem",
                                                          "Startup Cost": 0.0,
                                                          "Total Cost": 1374494.57,
                                                          "Plan Rows": 24995257,
                                                          "Plan Width": 24,
                                                          "parent": 15,
                                                          "ID": 16
                                                        },
                                                        {
                                                          "Node Type": "Hash",
                                                          "Parent Relationship": "Inner",
                                                          "Parallel Aware": true,
                                                          "Async Capable": false,
                                                          "Startup Cost": 51378.28,
                                                          "Total Cost": 51378.28,
                                                          "Plan Rows": 5540,
                                                          "Plan Width": 4,
                                                          "Plans": [
                                                            {
                                                              "Node Type": "Seq Scan",
                                                              "Parent Relationship": "Outer",
                                                              "Parallel Aware": true,
                                                              "Async Capable": false,
                                                              "Relation Name": "part",
                                                              "Alias": "part",
                                                              "Startup Cost": 0.0,
                                                              "Total Cost": 51378.28,
                                                              "Plan Rows": 5540,
                                                              "Plan Width": 4,
                                                              "Filter": "((p_type)::text = 'PROMO BRUSHED STEEL'::text)",
                                                              "parent": 17,
                                                              "ID": 18
                                                            }
                                                          ],
                                                          "parent": 15,
                                                          "ID": 17,
                                                          "left": 18
                                                        }
                                                      ],
                                                      "parent": 14,
                                                      "ID": 15,
                                                      "left": 16,
                                                      "right": 17
                                                    }
                                                  ],
                                                  "parent": 12,
                                                  "ID": 14,
                                                  "left": 15
                                                }
                                              ],
                                              "parent": 11,
                                              "ID": 12,
                                              "left": 13,
                                              "right": 14
                                            }
                                          ],
                                          "parent": 9,
                                          "ID": 11,
                                          "left": 12
                                        }
                                      ],
                                      "parent": 8,
                                      "ID": 9,
                                      "left": 10,
                                      "right": 11
                                    },
                                    {
                                      "Node Type": "Hash",
                                      "Parent Relationship": "Inner",
                                      "Parallel Aware": false,
                                      "Async Capable": false,
                                      "Startup Cost": 2.47,
                                      "Total Cost": 2.47,
                                      "Plan Rows": 5,
                                      "Plan Width": 4,
                                      "Plans": [
                                        {
                                          "Node Type": "Hash Join",
                                          "Parent Relationship": "Outer",
                                          "Parallel Aware": false,
                                          "Async Capable": false,
                                          "Join Type": "Inner",
                                          "Startup Cost": 1.07,
                                          "Total Cost": 2.47,
                                          "Plan Rows": 5,
                                          "Plan Width": 4,
                                          "Inner Unique": false,
                                          "Hash Cond": "(n1.n_regionkey = region.r_regionkey)",
                                          "Plans": [
                                            {
                                              "Node Type": "Seq Scan",
                                              "Parent Relationship": "Outer",
                                              "Parallel Aware": false,
                                              "Async Capable": false,
                                              "Relation Name": "nation",
                                              "Alias": "n1",
                                              "Startup Cost": 0.0,
                                              "Total Cost": 1.25,
                                              "Plan Rows": 25,
                                              "Plan Width": 8,
                                              "parent": 20,
                                              "ID": 21
                                            },
                                            {
                                              "Node Type": "Hash",
                                              "Parent Relationship": "Inner",
                                              "Parallel Aware": false,
                                              "Async Capable": false,
                                              "Startup Cost": 1.06,
                                              "Total Cost": 1.06,
                                              "Plan Rows": 1,
                                              "Plan Width": 4,
                                              "Plans": [
                                                {
                                                  "Node Type": "Seq Scan",
                                                  "Parent Relationship": "Outer",
                                                  "Parallel Aware": false,
                                                  "Async Capable": false,
                                                  "Relation Name": "region",
                                                  "Alias": "region",
                                                  "Startup Cost": 0.0,
                                                  "Total Cost": 1.06,
                                                  "Plan Rows": 1,
                                                  "Plan Width": 4,
                                                  "Filter": "(r_name = 'ASIA'::bpchar)",
                                                  "parent": 22,
                                                  "ID": 23
                                                }
                                              ],
                                              "parent": 20,
                                              "ID": 22,
                                              "left": 23
                                            }
                                          ],
                                          "parent": 19,
                                          "ID": 20,
                                          "left": 21,
                                          "right": 22
                                        }
                                      ],
                                      "parent": 8,
                                      "ID": 19,
                                      "left": 20
                                    }
                                  ],
                                  "parent": 7,
                                  "ID": 8,
                                  "left": 9,
                                  "right": 19
                                }
                              ],
                              "parent": 5,
                              "ID": 7,
                              "left": 8
                            }
                          ],
                          "parent": 4,
                          "ID": 5,
                          "left": 6,
                          "right": 7
                        },
                        {
                          "Node Type": "Hash",
                          "Parent Relationship": "Inner",
                          "Parallel Aware": false,
                          "Async Capable": false,
                          "Startup Cost": 1.25,
                          "Total Cost": 1.25,
                          "Plan Rows": 25,
                          "Plan Width": 30,
                          "Plans": [
                            {
                              "Node Type": "Seq Scan",
                              "Parent Relationship": "Outer",
                              "Parallel Aware": false,
                              "Async Capable": false,
                              "Relation Name": "nation",
                              "Alias": "n2",
                              "Startup Cost": 0.0,
                              "Total Cost": 1.25,
                              "Plan Rows": 25,
                              "Plan Width": 30,
                              "parent": 24,
                              "ID": 25
                            }
                          ],
                          "parent": 4,
                          "ID": 24,
                          "left": 25
                        }
                      ],
                      "parent": 3,
                      "ID": 4,
                      "left": 5,
                      "right": 24
                    }
                  ],
                  "parent": 2,
                  "ID": 3,
                  "left": 4
                }
              ],
              "parent": 1,
              "ID": 2,
              "left": 3
            }
          ],
          "parent": 0,
          "ID": 1,
          "left": 2
        }
      ],
      "parent": null,
      "ID": 0,
      "left": 1
    },
    "feat": {
      "utility": 0.0,
      "query_shape": [
        [
          "Seq Scan",
          "Hash Join",
          "Sort",
          "Aggregate",
          "Gather Merge"
        ],
        [
          "Seq Scan",
          "Hash Join",
          "Hash",
          "Sort",
          "Aggregate",
          "Gather Merge"
        ],
        [
          "Seq Scan",
          "Hash Join",
          "Hash",
          "Sort",
          "Aggregate",
          "Gather Merge"
        ],
        [
          "Seq Scan",
          "Hash Join",
          "Hash",
          "Sort",
          "Aggregate",
          "Gather Merge"
        ],
        [
          "Seq Scan",
          "Hash",
          "Hash Join",
          "Sort",
          "Aggregate",
          "Gather Merge"
        ],
        [
          "Seq Scan",
          "Hash Join",
          "Hash",
          "Sort",
          "Aggregate",
          "Gather Merge"
        ],
        [
          "Seq Scan",
          "Hash",
          "Hash Join",
          "Sort",
          "Aggregate",
          "Gather Merge"
        ],
        [
          "Seq Scan",
          "Hash",
          "Hash Join",
          "Sort",
          "Aggregate",
          "Gather Merge"
        ]
      ],
      "index_shape": [],
      "physical_operator": {}
    }
  },
  {
    "query": "-- Functional Query Definition\n-- Approved February 1998\n\n\nselect\no_year,\nsum(case\nwhen nation = 'CHINA' then volume\nelse 0\nend) / sum(volume) as mkt_share\nfrom\n(\nselect\nextract(year from o_orderdate) as o_year,\nl_extendedprice * (1 - l_discount) as volume,\nn2.n_name as nation\nfrom\npart,\nsupplier,\nlineitem,\norders,\ncustomer,\nnation n1,\nnation n2,\nregion\nwhere\np_partkey = l_partkey\nand s_suppkey = l_suppkey\nand l_orderkey = o_orderkey\nand o_custkey = c_custkey\nand c_nationkey = n1.n_nationkey\nand n1.n_regionkey = r_regionkey\nand r_name = 'ASIA'\nand s_nationkey = n2.n_nationkey\nand o_orderdate between date '1995-01-01' and date '1996-12-31'\nand p_type = 'PROMO BRUSHED STEEL'\n) as all_nations\ngroup by\no_year\norder by\no_year ;\n-- $ID$\n-- TPC-H/TPC-R Product Type Profit Measure ",
    "indexes": "lineitem.l_discount",
    "wo plan est": {
      "Node Type": "Aggregate",
      "Strategy": "Sorted",
      "Partial Mode": "Finalize",
      "Parallel Aware": false,
      "Async Capable": false,
      "Startup Cost": 1955785.01,
      "Total Cost": 1956486.84,
      "Plan Rows": 2406,
      "Plan Width": 64,
      "Group Key": [
        "(EXTRACT(year FROM orders.o_orderdate))"
      ],
      "Plans": [
        {
          "Node Type": "Gather Merge",
          "Parent Relationship": "Outer",
          "Parallel Aware": false,
          "Async Capable": false,
          "Startup Cost": 1955785.01,
          "Total Cost": 1956408.65,
          "Plan Rows": 2406,
          "Plan Width": 96,
          "Workers Planned": 1,
          "Plans": [
            {
              "Node Type": "Aggregate",
              "Strategy": "Sorted",
              "Partial Mode": "Partial",
              "Parent Relationship": "Outer",
              "Parallel Aware": false,
              "Async Capable": false,
              "Startup Cost": 1954785.0,
              "Total Cost": 1955137.96,
              "Plan Rows": 2406,
              "Plan Width": 96,
              "Group Key": [
                "(EXTRACT(year FROM orders.o_orderdate))"
              ],
              "Plans": [
                {
                  "Node Type": "Sort",
                  "Parent Relationship": "Outer",
                  "Parallel Aware": false,
                  "Async Capable": false,
                  "Startup Cost": 1954785.0,
                  "Total Cost": 1954819.54,
                  "Plan Rows": 13816,
                  "Plan Width": 70,
                  "Sort Key": [
                    "(EXTRACT(year FROM orders.o_orderdate))"
                  ],
                  "Plans": [
                    {
                      "Node Type": "Hash Join",
                      "Parent Relationship": "Outer",
                      "Parallel Aware": false,
                      "Async Capable": false,
                      "Join Type": "Inner",
                      "Startup Cost": 1950527.96,
                      "Total Cost": 1953834.87,
                      "Plan Rows": 13816,
                      "Plan Width": 70,
                      "Inner Unique": false,
                      "Hash Cond": "(supplier.s_nationkey = n2.n_nationkey)",
                      "Plans": [
                        {
                          "Node Type": "Hash Join",
                          "Parent Relationship": "Outer",
                          "Parallel Aware": true,
                          "Async Capable": false,
                          "Join Type": "Inner",
                          "Startup Cost": 1950526.4,
                          "Total Cost": 1953608.79,
                          "Plan Rows": 13816,
                          "Plan Width": 20,
                          "Inner Unique": false,
                          "Hash Cond": "(supplier.s_suppkey = lineitem.l_suppkey)",
                          "Plans": [
                            {
                              "Node Type": "Seq Scan",
                              "Parent Relationship": "Outer",
                              "Parallel Aware": true,
                              "Async Capable": false,
                              "Relation Name": "supplier",
                              "Alias": "supplier",
                              "Startup Cost": 0.0,
                              "Total Cost": 2804.24,
                              "Plan Rows": 58824,
                              "Plan Width": 8,
                              "parent": 5,
                              "ID": 6
                            },
                            {
                              "Node Type": "Hash",
                              "Parent Relationship": "Inner",
                              "Parallel Aware": true,
                              "Async Capable": false,
                              "Startup Cost": 1950404.06,
                              "Total Cost": 1950404.06,
                              "Plan Rows": 9787,
                              "Plan Width": 20,
                              "Plans": [
                                {
                                  "Node Type": "Hash Join",
                                  "Parent Relationship": "Outer",
                                  "Parallel Aware": false,
                                  "Async Capable": false,
                                  "Join Type": "Inner",
                                  "Startup Cost": 1905498.74,
                                  "Total Cost": 1950404.06,
                                  "Plan Rows": 9787,
                                  "Plan Width": 20,
                                  "Inner Unique": false,
                                  "Hash Cond": "(customer.c_nationkey = n1.n_nationkey)",
                                  "Plans": [
                                    {
                                      "Node Type": "Hash Join",
                                      "Parent Relationship": "Outer",
                                      "Parallel Aware": true,
                                      "Async Capable": false,
                                      "Join Type": "Inner",
                                      "Startup Cost": 1905496.2,
                                      "Total Cost": 1950120.18,
                                      "Plan Rows": 48932,
                                      "Plan Width": 24,
                                      "Inner Unique": false,
                                      "Hash Cond": "(customer.c_custkey = orders.o_custkey)",
                                      "Plans": [
                                        {
                                          "Node Type": "Seq Scan",
                                          "Parent Relationship": "Outer",
                                          "Parallel Aware": true,
                                          "Async Capable": false,
                                          "Relation Name": "customer",
                                          "Alias": "customer",
                                          "Startup Cost": 0.0,
                                          "Total Cost": 42076.52,
                                          "Plan Rows": 624952,
                                          "Plan Width": 8,
                                          "parent": 9,
                                          "ID": 10
                                        },
                                        {
                                          "Node Type": "Hash",
                                          "Parent Relationship": "Inner",
                                          "Parallel Aware": true,
                                          "Async Capable": false,
                                          "Startup Cost": 1904884.55,
                                          "Total Cost": 1904884.55,
                                          "Plan Rows": 48932,
                                          "Plan Width": 24,
                                          "Plans": [
                                            {
                                              "Node Type": "Hash Join",
                                              "Parent Relationship": "Outer",
                                              "Parallel Aware": true,
                                              "Async Capable": false,
                                              "Join Type": "Inner",
                                              "Startup Cost": 1523283.11,
                                              "Total Cost": 1904884.55,
                                              "Plan Rows": 48932,
                                              "Plan Width": 24,
                                              "Inner Unique": false,
                                              "Hash Cond": "(orders.o_orderkey = lineitem.l_orderkey)",
                                              "Plans": [
                                                {
                                                  "Node Type": "Seq Scan",
                                                  "Parent Relationship": "Outer",
                                                  "Parallel Aware": true,
                                                  "Async Capable": false,
                                                  "Relation Name": "orders",
                                                  "Alias": "orders",
                                                  "Startup Cost": 0.0,
                                                  "Total Cost": 354655.56,
                                                  "Plan Rows": 1909064,
                                                  "Plan Width": 12,
                                                  "Filter": "((o_orderdate >= '1995-01-01'::date) AND (o_orderdate <= '1996-12-31'::date))",
                                                  "parent": 12,
                                                  "ID": 13
                                                },
                                                {
                                                  "Node Type": "Hash",
                                                  "Parent Relationship": "Inner",
                                                  "Parallel Aware": true,
                                                  "Async Capable": false,
                                                  "Startup Cost": 1520341.76,
                                                  "Total Cost": 1520341.76,
                                                  "Plan Rows": 160188,
                                                  "Plan Width": 20,
                                                  "Plans": [
                                                    {
                                                      "Node Type": "Hash Join",
                                                      "Parent Relationship": "Outer",
                                                      "Parallel Aware": true,
                                                      "Async Capable": false,
                                                      "Join Type": "Inner",
                                                      "Startup Cost": 51447.53,
                                                      "Total Cost": 1520341.76,
                                                      "Plan Rows": 160188,
                                                      "Plan Width": 20,
                                                      "Inner Unique": false,
                                                      "Hash Cond": "(lineitem.l_partkey = part.p_partkey)",
                                                      "Plans": [
                                                        {
                                                          "Node Type": "Seq Scan",
                                                          "Parent Relationship": "Outer",
                                                          "Parallel Aware": true,
                                                          "Async Capable": false,
                                                          "Relation Name": "lineitem",
                                                          "Alias": "lineitem",
                                                          "Startup Cost": 0.0,
                                                          "Total Cost": 1374494.57,
                                                          "Plan Rows": 24995257,
                                                          "Plan Width": 24,
                                                          "parent": 15,
                                                          "ID": 16
                                                        },
                                                        {
                                                          "Node Type": "Hash",
                                                          "Parent Relationship": "Inner",
                                                          "Parallel Aware": true,
                                                          "Async Capable": false,
                                                          "Startup Cost": 51378.28,
                                                          "Total Cost": 51378.28,
                                                          "Plan Rows": 5540,
                                                          "Plan Width": 4,
                                                          "Plans": [
                                                            {
                                                              "Node Type": "Seq Scan",
                                                              "Parent Relationship": "Outer",
                                                              "Parallel Aware": true,
                                                              "Async Capable": false,
                                                              "Relation Name": "part",
                                                              "Alias": "part",
                                                              "Startup Cost": 0.0,
                                                              "Total Cost": 51378.28,
                                                              "Plan Rows": 5540,
                                                              "Plan Width": 4,
                                                              "Filter": "((p_type)::text = 'PROMO BRUSHED STEEL'::text)",
                                                              "parent": 17,
                                                              "ID": 18
                                                            }
                                                          ],
                                                          "parent": 15,
                                                          "ID": 17,
                                                          "left": 18
                                                        }
                                                      ],
                                                      "parent": 14,
                                                      "ID": 15,
                                                      "left": 16,
                                                      "right": 17
                                                    }
                                                  ],
                                                  "parent": 12,
                                                  "ID": 14,
                                                  "left": 15
                                                }
                                              ],
                                              "parent": 11,
                                              "ID": 12,
                                              "left": 13,
                                              "right": 14
                                            }
                                          ],
                                          "parent": 9,
                                          "ID": 11,
                                          "left": 12
                                        }
                                      ],
                                      "parent": 8,
                                      "ID": 9,
                                      "left": 10,
                                      "right": 11
                                    },
                                    {
                                      "Node Type": "Hash",
                                      "Parent Relationship": "Inner",
                                      "Parallel Aware": false,
                                      "Async Capable": false,
                                      "Startup Cost": 2.47,
                                      "Total Cost": 2.47,
                                      "Plan Rows": 5,
                                      "Plan Width": 4,
                                      "Plans": [
                                        {
                                          "Node Type": "Hash Join",
                                          "Parent Relationship": "Outer",
                                          "Parallel Aware": false,
                                          "Async Capable": false,
                                          "Join Type": "Inner",
                                          "Startup Cost": 1.07,
                                          "Total Cost": 2.47,
                                          "Plan Rows": 5,
                                          "Plan Width": 4,
                                          "Inner Unique": false,
                                          "Hash Cond": "(n1.n_regionkey = region.r_regionkey)",
                                          "Plans": [
                                            {
                                              "Node Type": "Seq Scan",
                                              "Parent Relationship": "Outer",
                                              "Parallel Aware": false,
                                              "Async Capable": false,
                                              "Relation Name": "nation",
                                              "Alias": "n1",
                                              "Startup Cost": 0.0,
                                              "Total Cost": 1.25,
                                              "Plan Rows": 25,
                                              "Plan Width": 8,
                                              "parent": 20,
                                              "ID": 21
                                            },
                                            {
                                              "Node Type": "Hash",
                                              "Parent Relationship": "Inner",
                                              "Parallel Aware": false,
                                              "Async Capable": false,
                                              "Startup Cost": 1.06,
                                              "Total Cost": 1.06,
                                              "Plan Rows": 1,
                                              "Plan Width": 4,
                                              "Plans": [
                                                {
                                                  "Node Type": "Seq Scan",
                                                  "Parent Relationship": "Outer",
                                                  "Parallel Aware": false,
                                                  "Async Capable": false,
                                                  "Relation Name": "region",
                                                  "Alias": "region",
                                                  "Startup Cost": 0.0,
                                                  "Total Cost": 1.06,
                                                  "Plan Rows": 1,
                                                  "Plan Width": 4,
                                                  "Filter": "(r_name = 'ASIA'::bpchar)",
                                                  "parent": 22,
                                                  "ID": 23
                                                }
                                              ],
                                              "parent": 20,
                                              "ID": 22,
                                              "left": 23
                                            }
                                          ],
                                          "parent": 19,
                                          "ID": 20,
                                          "left": 21,
                                          "right": 22
                                        }
                                      ],
                                      "parent": 8,
                                      "ID": 19,
                                      "left": 20
                                    }
                                  ],
                                  "parent": 7,
                                  "ID": 8,
                                  "left": 9,
                                  "right": 19
                                }
                              ],
                              "parent": 5,
                              "ID": 7,
                              "left": 8
                            }
                          ],
                          "parent": 4,
                          "ID": 5,
                          "left": 6,
                          "right": 7
                        },
                        {
                          "Node Type": "Hash",
                          "Parent Relationship": "Inner",
                          "Parallel Aware": false,
                          "Async Capable": false,
                          "Startup Cost": 1.25,
                          "Total Cost": 1.25,
                          "Plan Rows": 25,
                          "Plan Width": 30,
                          "Plans": [
                            {
                              "Node Type": "Seq Scan",
                              "Parent Relationship": "Outer",
                              "Parallel Aware": false,
                              "Async Capable": false,
                              "Relation Name": "nation",
                              "Alias": "n2",
                              "Startup Cost": 0.0,
                              "Total Cost": 1.25,
                              "Plan Rows": 25,
                              "Plan Width": 30,
                              "parent": 24,
                              "ID": 25
                            }
                          ],
                          "parent": 4,
                          "ID": 24,
                          "left": 25
                        }
                      ],
                      "parent": 3,
                      "ID": 4,
                      "left": 5,
                      "right": 24
                    }
                  ],
                  "parent": 2,
                  "ID": 3,
                  "left": 4
                }
              ],
              "parent": 1,
              "ID": 2,
              "left": 3
            }
          ],
          "parent": 0,
          "ID": 1,
          "left": 2
        }
      ],
      "parent": null,
      "ID": 0,
      "left": 1
    },
    "feat": {
      "utility": 0.0,
      "query_shape": [
        [
          "Seq Scan",
          "Hash Join",
          "Sort",
          "Aggregate",
          "Gather Merge"
        ],
        [
          "Seq Scan",
          "Hash Join",
          "Hash",
          "Sort",
          "Aggregate",
          "Gather Merge"
        ],
        [
          "Seq Scan",
          "Hash Join",
          "Hash",
          "Sort",
          "Aggregate",
          "Gather Merge"
        ],
        [
          "Seq Scan",
          "Hash Join",
          "Hash",
          "Sort",
          "Aggregate",
          "Gather Merge"
        ],
        [
          "Seq Scan",
          "Hash",
          "Hash Join",
          "Sort",
          "Aggregate",
          "Gather Merge"
        ],
        [
          "Seq Scan",
          "Hash Join",
          "Hash",
          "Sort",
          "Aggregate",
          "Gather Merge"
        ],
        [
          "Seq Scan",
          "Hash",
          "Hash Join",
          "Sort",
          "Aggregate",
          "Gather Merge"
        ],
        [
          "Seq Scan",
          "Hash",
          "Hash Join",
          "Sort",
          "Aggregate",
          "Gather Merge"
        ]
      ],
      "index_shape": [],
      "physical_operator": {}
    }
  },
  {
    "query": "-- Functional Query Definition\n-- Approved February 1998\n\n\nselect\no_year,\nsum(case\nwhen nation = 'CHINA' then volume\nelse 0\nend) / sum(volume) as mkt_share\nfrom\n(\nselect\nextract(year from o_orderdate) as o_year,\nl_extendedprice * (1 - l_discount) as volume,\nn2.n_name as nation\nfrom\npart,\nsupplier,\nlineitem,\norders,\ncustomer,\nnation n1,\nnation n2,\nregion\nwhere\np_partkey = l_partkey\nand s_suppkey = l_suppkey\nand l_orderkey = o_orderkey\nand o_custkey = c_custkey\nand c_nationkey = n1.n_nationkey\nand n1.n_regionkey = r_regionkey\nand r_name = 'ASIA'\nand s_nationkey = n2.n_nationkey\nand o_orderdate between date '1995-01-01' and date '1996-12-31'\nand p_type = 'PROMO BRUSHED STEEL'\n) as all_nations\ngroup by\no_year\norder by\no_year ;\n-- $ID$\n-- TPC-H/TPC-R Product Type Profit Measure ",
    "indexes": "nation.n_nationkey",
    "wo plan est": {
      "Node Type": "Aggregate",
      "Strategy": "Sorted",
      "Partial Mode": "Finalize",
      "Parallel Aware": false,
      "Async Capable": false,
      "Startup Cost": 1955785.01,
      "Total Cost": 1956486.84,
      "Plan Rows": 2406,
      "Plan Width": 64,
      "Group Key": [
        "(EXTRACT(year FROM orders.o_orderdate))"
      ],
      "Plans": [
        {
          "Node Type": "Gather Merge",
          "Parent Relationship": "Outer",
          "Parallel Aware": false,
          "Async Capable": false,
          "Startup Cost": 1955785.01,
          "Total Cost": 1956408.65,
          "Plan Rows": 2406,
          "Plan Width": 96,
          "Workers Planned": 1,
          "Plans": [
            {
              "Node Type": "Aggregate",
              "Strategy": "Sorted",
              "Partial Mode": "Partial",
              "Parent Relationship": "Outer",
              "Parallel Aware": false,
              "Async Capable": false,
              "Startup Cost": 1954785.0,
              "Total Cost": 1955137.96,
              "Plan Rows": 2406,
              "Plan Width": 96,
              "Group Key": [
                "(EXTRACT(year FROM orders.o_orderdate))"
              ],
              "Plans": [
                {
                  "Node Type": "Sort",
                  "Parent Relationship": "Outer",
                  "Parallel Aware": false,
                  "Async Capable": false,
                  "Startup Cost": 1954785.0,
                  "Total Cost": 1954819.54,
                  "Plan Rows": 13816,
                  "Plan Width": 70,
                  "Sort Key": [
                    "(EXTRACT(year FROM orders.o_orderdate))"
                  ],
                  "Plans": [
                    {
                      "Node Type": "Hash Join",
                      "Parent Relationship": "Outer",
                      "Parallel Aware": false,
                      "Async Capable": false,
                      "Join Type": "Inner",
                      "Startup Cost": 1950527.96,
                      "Total Cost": 1953834.87,
                      "Plan Rows": 13816,
                      "Plan Width": 70,
                      "Inner Unique": false,
                      "Hash Cond": "(supplier.s_nationkey = n2.n_nationkey)",
                      "Plans": [
                        {
                          "Node Type": "Hash Join",
                          "Parent Relationship": "Outer",
                          "Parallel Aware": true,
                          "Async Capable": false,
                          "Join Type": "Inner",
                          "Startup Cost": 1950526.4,
                          "Total Cost": 1953608.79,
                          "Plan Rows": 13816,
                          "Plan Width": 20,
                          "Inner Unique": false,
                          "Hash Cond": "(supplier.s_suppkey = lineitem.l_suppkey)",
                          "Plans": [
                            {
                              "Node Type": "Seq Scan",
                              "Parent Relationship": "Outer",
                              "Parallel Aware": true,
                              "Async Capable": false,
                              "Relation Name": "supplier",
                              "Alias": "supplier",
                              "Startup Cost": 0.0,
                              "Total Cost": 2804.24,
                              "Plan Rows": 58824,
                              "Plan Width": 8,
                              "parent": 5,
                              "ID": 6
                            },
                            {
                              "Node Type": "Hash",
                              "Parent Relationship": "Inner",
                              "Parallel Aware": true,
                              "Async Capable": false,
                              "Startup Cost": 1950404.06,
                              "Total Cost": 1950404.06,
                              "Plan Rows": 9787,
                              "Plan Width": 20,
                              "Plans": [
                                {
                                  "Node Type": "Hash Join",
                                  "Parent Relationship": "Outer",
                                  "Parallel Aware": false,
                                  "Async Capable": false,
                                  "Join Type": "Inner",
                                  "Startup Cost": 1905498.74,
                                  "Total Cost": 1950404.06,
                                  "Plan Rows": 9787,
                                  "Plan Width": 20,
                                  "Inner Unique": false,
                                  "Hash Cond": "(customer.c_nationkey = n1.n_nationkey)",
                                  "Plans": [
                                    {
                                      "Node Type": "Hash Join",
                                      "Parent Relationship": "Outer",
                                      "Parallel Aware": true,
                                      "Async Capable": false,
                                      "Join Type": "Inner",
                                      "Startup Cost": 1905496.2,
                                      "Total Cost": 1950120.18,
                                      "Plan Rows": 48932,
                                      "Plan Width": 24,
                                      "Inner Unique": false,
                                      "Hash Cond": "(customer.c_custkey = orders.o_custkey)",
                                      "Plans": [
                                        {
                                          "Node Type": "Seq Scan",
                                          "Parent Relationship": "Outer",
                                          "Parallel Aware": true,
                                          "Async Capable": false,
                                          "Relation Name": "customer",
                                          "Alias": "customer",
                                          "Startup Cost": 0.0,
                                          "Total Cost": 42076.52,
                                          "Plan Rows": 624952,
                                          "Plan Width": 8,
                                          "parent": 9,
                                          "ID": 10
                                        },
                                        {
                                          "Node Type": "Hash",
                                          "Parent Relationship": "Inner",
                                          "Parallel Aware": true,
                                          "Async Capable": false,
                                          "Startup Cost": 1904884.55,
                                          "Total Cost": 1904884.55,
                                          "Plan Rows": 48932,
                                          "Plan Width": 24,
                                          "Plans": [
                                            {
                                              "Node Type": "Hash Join",
                                              "Parent Relationship": "Outer",
                                              "Parallel Aware": true,
                                              "Async Capable": false,
                                              "Join Type": "Inner",
                                              "Startup Cost": 1523283.11,
                                              "Total Cost": 1904884.55,
                                              "Plan Rows": 48932,
                                              "Plan Width": 24,
                                              "Inner Unique": false,
                                              "Hash Cond": "(orders.o_orderkey = lineitem.l_orderkey)",
                                              "Plans": [
                                                {
                                                  "Node Type": "Seq Scan",
                                                  "Parent Relationship": "Outer",
                                                  "Parallel Aware": true,
                                                  "Async Capable": false,
                                                  "Relation Name": "orders",
                                                  "Alias": "orders",
                                                  "Startup Cost": 0.0,
                                                  "Total Cost": 354655.56,
                                                  "Plan Rows": 1909064,
                                                  "Plan Width": 12,
                                                  "Filter": "((o_orderdate >= '1995-01-01'::date) AND (o_orderdate <= '1996-12-31'::date))",
                                                  "parent": 12,
                                                  "ID": 13
                                                },
                                                {
                                                  "Node Type": "Hash",
                                                  "Parent Relationship": "Inner",
                                                  "Parallel Aware": true,
                                                  "Async Capable": false,
                                                  "Startup Cost": 1520341.76,
                                                  "Total Cost": 1520341.76,
                                                  "Plan Rows": 160188,
                                                  "Plan Width": 20,
                                                  "Plans": [
                                                    {
                                                      "Node Type": "Hash Join",
                                                      "Parent Relationship": "Outer",
                                                      "Parallel Aware": true,
                                                      "Async Capable": false,
                                                      "Join Type": "Inner",
                                                      "Startup Cost": 51447.53,
                                                      "Total Cost": 1520341.76,
                                                      "Plan Rows": 160188,
                                                      "Plan Width": 20,
                                                      "Inner Unique": false,
                                                      "Hash Cond": "(lineitem.l_partkey = part.p_partkey)",
                                                      "Plans": [
                                                        {
                                                          "Node Type": "Seq Scan",
                                                          "Parent Relationship": "Outer",
                                                          "Parallel Aware": true,
                                                          "Async Capable": false,
                                                          "Relation Name": "lineitem",
                                                          "Alias": "lineitem",
                                                          "Startup Cost": 0.0,
                                                          "Total Cost": 1374494.57,
                                                          "Plan Rows": 24995257,
                                                          "Plan Width": 24,
                                                          "parent": 15,
                                                          "ID": 16
                                                        },
                                                        {
                                                          "Node Type": "Hash",
                                                          "Parent Relationship": "Inner",
                                                          "Parallel Aware": true,
                                                          "Async Capable": false,
                                                          "Startup Cost": 51378.28,
                                                          "Total Cost": 51378.28,
                                                          "Plan Rows": 5540,
                                                          "Plan Width": 4,
                                                          "Plans": [
                                                            {
                                                              "Node Type": "Seq Scan",
                                                              "Parent Relationship": "Outer",
                                                              "Parallel Aware": true,
                                                              "Async Capable": false,
                                                              "Relation Name": "part",
                                                              "Alias": "part",
                                                              "Startup Cost": 0.0,
                                                              "Total Cost": 51378.28,
                                                              "Plan Rows": 5540,
                                                              "Plan Width": 4,
                                                              "Filter": "((p_type)::text = 'PROMO BRUSHED STEEL'::text)",
                                                              "parent": 17,
                                                              "ID": 18
                                                            }
                                                          ],
                                                          "parent": 15,
                                                          "ID": 17,
                                                          "left": 18
                                                        }
                                                      ],
                                                      "parent": 14,
                                                      "ID": 15,
                                                      "left": 16,
                                                      "right": 17
                                                    }
                                                  ],
                                                  "parent": 12,
                                                  "ID": 14,
                                                  "left": 15
                                                }
                                              ],
                                              "parent": 11,
                                              "ID": 12,
                                              "left": 13,
                                              "right": 14
                                            }
                                          ],
                                          "parent": 9,
                                          "ID": 11,
                                          "left": 12
                                        }
                                      ],
                                      "parent": 8,
                                      "ID": 9,
                                      "left": 10,
                                      "right": 11
                                    },
                                    {
                                      "Node Type": "Hash",
                                      "Parent Relationship": "Inner",
                                      "Parallel Aware": false,
                                      "Async Capable": false,
                                      "Startup Cost": 2.47,
                                      "Total Cost": 2.47,
                                      "Plan Rows": 5,
                                      "Plan Width": 4,
                                      "Plans": [
                                        {
                                          "Node Type": "Hash Join",
                                          "Parent Relationship": "Outer",
                                          "Parallel Aware": false,
                                          "Async Capable": false,
                                          "Join Type": "Inner",
                                          "Startup Cost": 1.07,
                                          "Total Cost": 2.47,
                                          "Plan Rows": 5,
                                          "Plan Width": 4,
                                          "Inner Unique": false,
                                          "Hash Cond": "(n1.n_regionkey = region.r_regionkey)",
                                          "Plans": [
                                            {
                                              "Node Type": "Seq Scan",
                                              "Parent Relationship": "Outer",
                                              "Parallel Aware": false,
                                              "Async Capable": false,
                                              "Relation Name": "nation",
                                              "Alias": "n1",
                                              "Startup Cost": 0.0,
                                              "Total Cost": 1.25,
                                              "Plan Rows": 25,
                                              "Plan Width": 8,
                                              "parent": 20,
                                              "ID": 21
                                            },
                                            {
                                              "Node Type": "Hash",
                                              "Parent Relationship": "Inner",
                                              "Parallel Aware": false,
                                              "Async Capable": false,
                                              "Startup Cost": 1.06,
                                              "Total Cost": 1.06,
                                              "Plan Rows": 1,
                                              "Plan Width": 4,
                                              "Plans": [
                                                {
                                                  "Node Type": "Seq Scan",
                                                  "Parent Relationship": "Outer",
                                                  "Parallel Aware": false,
                                                  "Async Capable": false,
                                                  "Relation Name": "region",
                                                  "Alias": "region",
                                                  "Startup Cost": 0.0,
                                                  "Total Cost": 1.06,
                                                  "Plan Rows": 1,
                                                  "Plan Width": 4,
                                                  "Filter": "(r_name = 'ASIA'::bpchar)",
                                                  "parent": 22,
                                                  "ID": 23
                                                }
                                              ],
                                              "parent": 20,
                                              "ID": 22,
                                              "left": 23
                                            }
                                          ],
                                          "parent": 19,
                                          "ID": 20,
                                          "left": 21,
                                          "right": 22
                                        }
                                      ],
                                      "parent": 8,
                                      "ID": 19,
                                      "left": 20
                                    }
                                  ],
                                  "parent": 7,
                                  "ID": 8,
                                  "left": 9,
                                  "right": 19
                                }
                              ],
                              "parent": 5,
                              "ID": 7,
                              "left": 8
                            }
                          ],
                          "parent": 4,
                          "ID": 5,
                          "left": 6,
                          "right": 7
                        },
                        {
                          "Node Type": "Hash",
                          "Parent Relationship": "Inner",
                          "Parallel Aware": false,
                          "Async Capable": false,
                          "Startup Cost": 1.25,
                          "Total Cost": 1.25,
                          "Plan Rows": 25,
                          "Plan Width": 30,
                          "Plans": [
                            {
                              "Node Type": "Seq Scan",
                              "Parent Relationship": "Outer",
                              "Parallel Aware": false,
                              "Async Capable": false,
                              "Relation Name": "nation",
                              "Alias": "n2",
                              "Startup Cost": 0.0,
                              "Total Cost": 1.25,
                              "Plan Rows": 25,
                              "Plan Width": 30,
                              "parent": 24,
                              "ID": 25
                            }
                          ],
                          "parent": 4,
                          "ID": 24,
                          "left": 25
                        }
                      ],
                      "parent": 3,
                      "ID": 4,
                      "left": 5,
                      "right": 24
                    }
                  ],
                  "parent": 2,
                  "ID": 3,
                  "left": 4
                }
              ],
              "parent": 1,
              "ID": 2,
              "left": 3
            }
          ],
          "parent": 0,
          "ID": 1,
          "left": 2
        }
      ],
      "parent": null,
      "ID": 0,
      "left": 1
    },
    "feat": {
      "utility": 1.0222365392556907e-06,
      "query_shape": [
        [
          "Seq Scan",
          "Hash Join",
          "Sort",
          "Aggregate",
          "Gather Merge"
        ],
        [
          "Seq Scan",
          "Hash Join",
          "Hash",
          "Sort",
          "Aggregate",
          "Gather Merge"
        ],
        [
          "Seq Scan",
          "Hash Join",
          "Hash",
          "Sort",
          "Aggregate",
          "Gather Merge"
        ],
        [
          "Seq Scan",
          "Hash Join",
          "Hash",
          "Sort",
          "Aggregate",
          "Gather Merge"
        ],
        [
          "Seq Scan",
          "Hash",
          "Hash Join",
          "Sort",
          "Aggregate",
          "Gather Merge"
        ],
        [
          "Seq Scan",
          "Hash Join",
          "Hash",
          "Sort",
          "Aggregate",
          "Gather Merge"
        ],
        [
          "Seq Scan",
          "Hash",
          "Hash Join",
          "Sort",
          "Aggregate",
          "Gather Merge"
        ],
        [
          "Seq Scan",
          "Hash",
          "Hash Join",
          "Sort",
          "Aggregate",
          "Gather Merge"
        ]
      ],
      "index_shape": [
        "join"
      ],
      "physical_operator": {
        "Hash Join": [
          0.2,
          0.20000613086327806
        ]
      }
    }
  },
  {
    "query": "-- Functional Query Definition\n-- Approved February 1998\n\n\nselect\no_year,\nsum(case\nwhen nation = 'CHINA' then volume\nelse 0\nend) / sum(volume) as mkt_share\nfrom\n(\nselect\nextract(year from o_orderdate) as o_year,\nl_extendedprice * (1 - l_discount) as volume,\nn2.n_name as nation\nfrom\npart,\nsupplier,\nlineitem,\norders,\ncustomer,\nnation n1,\nnation n2,\nregion\nwhere\np_partkey = l_partkey\nand s_suppkey = l_suppkey\nand l_orderkey = o_orderkey\nand o_custkey = c_custkey\nand c_nationkey = n1.n_nationkey\nand n1.n_regionkey = r_regionkey\nand r_name = 'ASIA'\nand s_nationkey = n2.n_nationkey\nand o_orderdate between date '1995-01-01' and date '1996-12-31'\nand p_type = 'PROMO BRUSHED STEEL'\n) as all_nations\ngroup by\no_year\norder by\no_year ;\n-- $ID$\n-- TPC-H/TPC-R Product Type Profit Measure ",
    "indexes": "nation.n_name",
    "wo plan est": {
      "Node Type": "Aggregate",
      "Strategy": "Sorted",
      "Partial Mode": "Finalize",
      "Parallel Aware": false,
      "Async Capable": false,
      "Startup Cost": 1955785.01,
      "Total Cost": 1956486.84,
      "Plan Rows": 2406,
      "Plan Width": 64,
      "Group Key": [
        "(EXTRACT(year FROM orders.o_orderdate))"
      ],
      "Plans": [
        {
          "Node Type": "Gather Merge",
          "Parent Relationship": "Outer",
          "Parallel Aware": false,
          "Async Capable": false,
          "Startup Cost": 1955785.01,
          "Total Cost": 1956408.65,
          "Plan Rows": 2406,
          "Plan Width": 96,
          "Workers Planned": 1,
          "Plans": [
            {
              "Node Type": "Aggregate",
              "Strategy": "Sorted",
              "Partial Mode": "Partial",
              "Parent Relationship": "Outer",
              "Parallel Aware": false,
              "Async Capable": false,
              "Startup Cost": 1954785.0,
              "Total Cost": 1955137.96,
              "Plan Rows": 2406,
              "Plan Width": 96,
              "Group Key": [
                "(EXTRACT(year FROM orders.o_orderdate))"
              ],
              "Plans": [
                {
                  "Node Type": "Sort",
                  "Parent Relationship": "Outer",
                  "Parallel Aware": false,
                  "Async Capable": false,
                  "Startup Cost": 1954785.0,
                  "Total Cost": 1954819.54,
                  "Plan Rows": 13816,
                  "Plan Width": 70,
                  "Sort Key": [
                    "(EXTRACT(year FROM orders.o_orderdate))"
                  ],
                  "Plans": [
                    {
                      "Node Type": "Hash Join",
                      "Parent Relationship": "Outer",
                      "Parallel Aware": false,
                      "Async Capable": false,
                      "Join Type": "Inner",
                      "Startup Cost": 1950527.96,
                      "Total Cost": 1953834.87,
                      "Plan Rows": 13816,
                      "Plan Width": 70,
                      "Inner Unique": false,
                      "Hash Cond": "(supplier.s_nationkey = n2.n_nationkey)",
                      "Plans": [
                        {
                          "Node Type": "Hash Join",
                          "Parent Relationship": "Outer",
                          "Parallel Aware": true,
                          "Async Capable": false,
                          "Join Type": "Inner",
                          "Startup Cost": 1950526.4,
                          "Total Cost": 1953608.79,
                          "Plan Rows": 13816,
                          "Plan Width": 20,
                          "Inner Unique": false,
                          "Hash Cond": "(supplier.s_suppkey = lineitem.l_suppkey)",
                          "Plans": [
                            {
                              "Node Type": "Seq Scan",
                              "Parent Relationship": "Outer",
                              "Parallel Aware": true,
                              "Async Capable": false,
                              "Relation Name": "supplier",
                              "Alias": "supplier",
                              "Startup Cost": 0.0,
                              "Total Cost": 2804.24,
                              "Plan Rows": 58824,
                              "Plan Width": 8,
                              "parent": 5,
                              "ID": 6
                            },
                            {
                              "Node Type": "Hash",
                              "Parent Relationship": "Inner",
                              "Parallel Aware": true,
                              "Async Capable": false,
                              "Startup Cost": 1950404.06,
                              "Total Cost": 1950404.06,
                              "Plan Rows": 9787,
                              "Plan Width": 20,
                              "Plans": [
                                {
                                  "Node Type": "Hash Join",
                                  "Parent Relationship": "Outer",
                                  "Parallel Aware": false,
                                  "Async Capable": false,
                                  "Join Type": "Inner",
                                  "Startup Cost": 1905498.74,
                                  "Total Cost": 1950404.06,
                                  "Plan Rows": 9787,
                                  "Plan Width": 20,
                                  "Inner Unique": false,
                                  "Hash Cond": "(customer.c_nationkey = n1.n_nationkey)",
                                  "Plans": [
                                    {
                                      "Node Type": "Hash Join",
                                      "Parent Relationship": "Outer",
                                      "Parallel Aware": true,
                                      "Async Capable": false,
                                      "Join Type": "Inner",
                                      "Startup Cost": 1905496.2,
                                      "Total Cost": 1950120.18,
                                      "Plan Rows": 48932,
                                      "Plan Width": 24,
                                      "Inner Unique": false,
                                      "Hash Cond": "(customer.c_custkey = orders.o_custkey)",
                                      "Plans": [
                                        {
                                          "Node Type": "Seq Scan",
                                          "Parent Relationship": "Outer",
                                          "Parallel Aware": true,
                                          "Async Capable": false,
                                          "Relation Name": "customer",
                                          "Alias": "customer",
                                          "Startup Cost": 0.0,
                                          "Total Cost": 42076.52,
                                          "Plan Rows": 624952,
                                          "Plan Width": 8,
                                          "parent": 9,
                                          "ID": 10
                                        },
                                        {
                                          "Node Type": "Hash",
                                          "Parent Relationship": "Inner",
                                          "Parallel Aware": true,
                                          "Async Capable": false,
                                          "Startup Cost": 1904884.55,
                                          "Total Cost": 1904884.55,
                                          "Plan Rows": 48932,
                                          "Plan Width": 24,
                                          "Plans": [
                                            {
                                              "Node Type": "Hash Join",
                                              "Parent Relationship": "Outer",
                                              "Parallel Aware": true,
                                              "Async Capable": false,
                                              "Join Type": "Inner",
                                              "Startup Cost": 1523283.11,
                                              "Total Cost": 1904884.55,
                                              "Plan Rows": 48932,
                                              "Plan Width": 24,
                                              "Inner Unique": false,
                                              "Hash Cond": "(orders.o_orderkey = lineitem.l_orderkey)",
                                              "Plans": [
                                                {
                                                  "Node Type": "Seq Scan",
                                                  "Parent Relationship": "Outer",
                                                  "Parallel Aware": true,
                                                  "Async Capable": false,
                                                  "Relation Name": "orders",
                                                  "Alias": "orders",
                                                  "Startup Cost": 0.0,
                                                  "Total Cost": 354655.56,
                                                  "Plan Rows": 1909064,
                                                  "Plan Width": 12,
                                                  "Filter": "((o_orderdate >= '1995-01-01'::date) AND (o_orderdate <= '1996-12-31'::date))",
                                                  "parent": 12,
                                                  "ID": 13
                                                },
                                                {
                                                  "Node Type": "Hash",
                                                  "Parent Relationship": "Inner",
                                                  "Parallel Aware": true,
                                                  "Async Capable": false,
                                                  "Startup Cost": 1520341.76,
                                                  "Total Cost": 1520341.76,
                                                  "Plan Rows": 160188,
                                                  "Plan Width": 20,
                                                  "Plans": [
                                                    {
                                                      "Node Type": "Hash Join",
                                                      "Parent Relationship": "Outer",
                                                      "Parallel Aware": true,
                                                      "Async Capable": false,
                                                      "Join Type": "Inner",
                                                      "Startup Cost": 51447.53,
                                                      "Total Cost": 1520341.76,
                                                      "Plan Rows": 160188,
                                                      "Plan Width": 20,
                                                      "Inner Unique": false,
                                                      "Hash Cond": "(lineitem.l_partkey = part.p_partkey)",
                                                      "Plans": [
                                                        {
                                                          "Node Type": "Seq Scan",
                                                          "Parent Relationship": "Outer",
                                                          "Parallel Aware": true,
                                                          "Async Capable": false,
                                                          "Relation Name": "lineitem",
                                                          "Alias": "lineitem",
                                                          "Startup Cost": 0.0,
                                                          "Total Cost": 1374494.57,
                                                          "Plan Rows": 24995257,
                                                          "Plan Width": 24,
                                                          "parent": 15,
                                                          "ID": 16
                                                        },
                                                        {
                                                          "Node Type": "Hash",
                                                          "Parent Relationship": "Inner",
                                                          "Parallel Aware": true,
                                                          "Async Capable": false,
                                                          "Startup Cost": 51378.28,
                                                          "Total Cost": 51378.28,
                                                          "Plan Rows": 5540,
                                                          "Plan Width": 4,
                                                          "Plans": [
                                                            {
                                                              "Node Type": "Seq Scan",
                                                              "Parent Relationship": "Outer",
                                                              "Parallel Aware": true,
                                                              "Async Capable": false,
                                                              "Relation Name": "part",
                                                              "Alias": "part",
                                                              "Startup Cost": 0.0,
                                                              "Total Cost": 51378.28,
                                                              "Plan Rows": 5540,
                                                              "Plan Width": 4,
                                                              "Filter": "((p_type)::text = 'PROMO BRUSHED STEEL'::text)",
                                                              "parent": 17,
                                                              "ID": 18
                                                            }
                                                          ],
                                                          "parent": 15,
                                                          "ID": 17,
                                                          "left": 18
                                                        }
                                                      ],
                                                      "parent": 14,
                                                      "ID": 15,
                                                      "left": 16,
                                                      "right": 17
                                                    }
                                                  ],
                                                  "parent": 12,
                                                  "ID": 14,
                                                  "left": 15
                                                }
                                              ],
                                              "parent": 11,
                                              "ID": 12,
                                              "left": 13,
                                              "right": 14
                                            }
                                          ],
                                          "parent": 9,
                                          "ID": 11,
                                          "left": 12
                                        }
                                      ],
                                      "parent": 8,
                                      "ID": 9,
                                      "left": 10,
                                      "right": 11
                                    },
                                    {
                                      "Node Type": "Hash",
                                      "Parent Relationship": "Inner",
                                      "Parallel Aware": false,
                                      "Async Capable": false,
                                      "Startup Cost": 2.47,
                                      "Total Cost": 2.47,
                                      "Plan Rows": 5,
                                      "Plan Width": 4,
                                      "Plans": [
                                        {
                                          "Node Type": "Hash Join",
                                          "Parent Relationship": "Outer",
                                          "Parallel Aware": false,
                                          "Async Capable": false,
                                          "Join Type": "Inner",
                                          "Startup Cost": 1.07,
                                          "Total Cost": 2.47,
                                          "Plan Rows": 5,
                                          "Plan Width": 4,
                                          "Inner Unique": false,
                                          "Hash Cond": "(n1.n_regionkey = region.r_regionkey)",
                                          "Plans": [
                                            {
                                              "Node Type": "Seq Scan",
                                              "Parent Relationship": "Outer",
                                              "Parallel Aware": false,
                                              "Async Capable": false,
                                              "Relation Name": "nation",
                                              "Alias": "n1",
                                              "Startup Cost": 0.0,
                                              "Total Cost": 1.25,
                                              "Plan Rows": 25,
                                              "Plan Width": 8,
                                              "parent": 20,
                                              "ID": 21
                                            },
                                            {
                                              "Node Type": "Hash",
                                              "Parent Relationship": "Inner",
                                              "Parallel Aware": false,
                                              "Async Capable": false,
                                              "Startup Cost": 1.06,
                                              "Total Cost": 1.06,
                                              "Plan Rows": 1,
                                              "Plan Width": 4,
                                              "Plans": [
                                                {
                                                  "Node Type": "Seq Scan",
                                                  "Parent Relationship": "Outer",
                                                  "Parallel Aware": false,
                                                  "Async Capable": false,
                                                  "Relation Name": "region",
                                                  "Alias": "region",
                                                  "Startup Cost": 0.0,
                                                  "Total Cost": 1.06,
                                                  "Plan Rows": 1,
                                                  "Plan Width": 4,
                                                  "Filter": "(r_name = 'ASIA'::bpchar)",
                                                  "parent": 22,
                                                  "ID": 23
                                                }
                                              ],
                                              "parent": 20,
                                              "ID": 22,
                                              "left": 23
                                            }
                                          ],
                                          "parent": 19,
                                          "ID": 20,
                                          "left": 21,
                                          "right": 22
                                        }
                                      ],
                                      "parent": 8,
                                      "ID": 19,
                                      "left": 20
                                    }
                                  ],
                                  "parent": 7,
                                  "ID": 8,
                                  "left": 9,
                                  "right": 19
                                }
                              ],
                              "parent": 5,
                              "ID": 7,
                              "left": 8
                            }
                          ],
                          "parent": 4,
                          "ID": 5,
                          "left": 6,
                          "right": 7
                        },
                        {
                          "Node Type": "Hash",
                          "Parent Relationship": "Inner",
                          "Parallel Aware": false,
                          "Async Capable": false,
                          "Startup Cost": 1.25,
                          "Total Cost": 1.25,
                          "Plan Rows": 25,
                          "Plan Width": 30,
                          "Plans": [
                            {
                              "Node Type": "Seq Scan",
                              "Parent Relationship": "Outer",
                              "Parallel Aware": false,
                              "Async Capable": false,
                              "Relation Name": "nation",
                              "Alias": "n2",
                              "Startup Cost": 0.0,
                              "Total Cost": 1.25,
                              "Plan Rows": 25,
                              "Plan Width": 30,
                              "parent": 24,
                              "ID": 25
                            }
                          ],
                          "parent": 4,
                          "ID": 24,
                          "left": 25
                        }
                      ],
                      "parent": 3,
                      "ID": 4,
                      "left": 5,
                      "right": 24
                    }
                  ],
                  "parent": 2,
                  "ID": 3,
                  "left": 4
                }
              ],
              "parent": 1,
              "ID": 2,
              "left": 3
            }
          ],
          "parent": 0,
          "ID": 1,
          "left": 2
        }
      ],
      "parent": null,
      "ID": 0,
      "left": 1
    },
    "feat": {
      "utility": 0.0,
      "query_shape": [
        [
          "Seq Scan",
          "Hash Join",
          "Sort",
          "Aggregate",
          "Gather Merge"
        ],
        [
          "Seq Scan",
          "Hash Join",
          "Hash",
          "Sort",
          "Aggregate",
          "Gather Merge"
        ],
        [
          "Seq Scan",
          "Hash Join",
          "Hash",
          "Sort",
          "Aggregate",
          "Gather Merge"
        ],
        [
          "Seq Scan",
          "Hash Join",
          "Hash",
          "Sort",
          "Aggregate",
          "Gather Merge"
        ],
        [
          "Seq Scan",
          "Hash",
          "Hash Join",
          "Sort",
          "Aggregate",
          "Gather Merge"
        ],
        [
          "Seq Scan",
          "Hash Join",
          "Hash",
          "Sort",
          "Aggregate",
          "Gather Merge"
        ],
        [
          "Seq Scan",
          "Hash",
          "Hash Join",
          "Sort",
          "Aggregate",
          "Gather Merge"
        ],
        [
          "Seq Scan",
          "Hash",
          "Hash Join",
          "Sort",
          "Aggregate",
          "Gather Merge"
        ]
      ],
      "index_shape": [],
      "physical_operator": {}
    }
  },
  {
    "query": "-- Functional Query Definition\n-- Approved February 1998\n\n\nselect\no_year,\nsum(case\nwhen nation = 'CHINA' then volume\nelse 0\nend) / sum(volume) as mkt_share\nfrom\n(\nselect\nextract(year from o_orderdate) as o_year,\nl_extendedprice * (1 - l_discount) as volume,\nn2.n_name as nation\nfrom\npart,\nsupplier,\nlineitem,\norders,\ncustomer,\nnation n1,\nnation n2,\nregion\nwhere\np_partkey = l_partkey\nand s_suppkey = l_suppkey\nand l_orderkey = o_orderkey\nand o_custkey = c_custkey\nand c_nationkey = n1.n_nationkey\nand n1.n_regionkey = r_regionkey\nand r_name = 'ASIA'\nand s_nationkey = n2.n_nationkey\nand o_orderdate between date '1995-01-01' and date '1996-12-31'\nand p_type = 'PROMO BRUSHED STEEL'\n) as all_nations\ngroup by\no_year\norder by\no_year ;\n-- $ID$\n-- TPC-H/TPC-R Product Type Profit Measure ",
    "indexes": "nation.n_regionkey",
    "wo plan est": {
      "Node Type": "Aggregate",
      "Strategy": "Sorted",
      "Partial Mode": "Finalize",
      "Parallel Aware": false,
      "Async Capable": false,
      "Startup Cost": 1955785.01,
      "Total Cost": 1956486.84,
      "Plan Rows": 2406,
      "Plan Width": 64,
      "Group Key": [
        "(EXTRACT(year FROM orders.o_orderdate))"
      ],
      "Plans": [
        {
          "Node Type": "Gather Merge",
          "Parent Relationship": "Outer",
          "Parallel Aware": false,
          "Async Capable": false,
          "Startup Cost": 1955785.01,
          "Total Cost": 1956408.65,
          "Plan Rows": 2406,
          "Plan Width": 96,
          "Workers Planned": 1,
          "Plans": [
            {
              "Node Type": "Aggregate",
              "Strategy": "Sorted",
              "Partial Mode": "Partial",
              "Parent Relationship": "Outer",
              "Parallel Aware": false,
              "Async Capable": false,
              "Startup Cost": 1954785.0,
              "Total Cost": 1955137.96,
              "Plan Rows": 2406,
              "Plan Width": 96,
              "Group Key": [
                "(EXTRACT(year FROM orders.o_orderdate))"
              ],
              "Plans": [
                {
                  "Node Type": "Sort",
                  "Parent Relationship": "Outer",
                  "Parallel Aware": false,
                  "Async Capable": false,
                  "Startup Cost": 1954785.0,
                  "Total Cost": 1954819.54,
                  "Plan Rows": 13816,
                  "Plan Width": 70,
                  "Sort Key": [
                    "(EXTRACT(year FROM orders.o_orderdate))"
                  ],
                  "Plans": [
                    {
                      "Node Type": "Hash Join",
                      "Parent Relationship": "Outer",
                      "Parallel Aware": false,
                      "Async Capable": false,
                      "Join Type": "Inner",
                      "Startup Cost": 1950527.96,
                      "Total Cost": 1953834.87,
                      "Plan Rows": 13816,
                      "Plan Width": 70,
                      "Inner Unique": false,
                      "Hash Cond": "(supplier.s_nationkey = n2.n_nationkey)",
                      "Plans": [
                        {
                          "Node Type": "Hash Join",
                          "Parent Relationship": "Outer",
                          "Parallel Aware": true,
                          "Async Capable": false,
                          "Join Type": "Inner",
                          "Startup Cost": 1950526.4,
                          "Total Cost": 1953608.79,
                          "Plan Rows": 13816,
                          "Plan Width": 20,
                          "Inner Unique": false,
                          "Hash Cond": "(supplier.s_suppkey = lineitem.l_suppkey)",
                          "Plans": [
                            {
                              "Node Type": "Seq Scan",
                              "Parent Relationship": "Outer",
                              "Parallel Aware": true,
                              "Async Capable": false,
                              "Relation Name": "supplier",
                              "Alias": "supplier",
                              "Startup Cost": 0.0,
                              "Total Cost": 2804.24,
                              "Plan Rows": 58824,
                              "Plan Width": 8,
                              "parent": 5,
                              "ID": 6
                            },
                            {
                              "Node Type": "Hash",
                              "Parent Relationship": "Inner",
                              "Parallel Aware": true,
                              "Async Capable": false,
                              "Startup Cost": 1950404.06,
                              "Total Cost": 1950404.06,
                              "Plan Rows": 9787,
                              "Plan Width": 20,
                              "Plans": [
                                {
                                  "Node Type": "Hash Join",
                                  "Parent Relationship": "Outer",
                                  "Parallel Aware": false,
                                  "Async Capable": false,
                                  "Join Type": "Inner",
                                  "Startup Cost": 1905498.74,
                                  "Total Cost": 1950404.06,
                                  "Plan Rows": 9787,
                                  "Plan Width": 20,
                                  "Inner Unique": false,
                                  "Hash Cond": "(customer.c_nationkey = n1.n_nationkey)",
                                  "Plans": [
                                    {
                                      "Node Type": "Hash Join",
                                      "Parent Relationship": "Outer",
                                      "Parallel Aware": true,
                                      "Async Capable": false,
                                      "Join Type": "Inner",
                                      "Startup Cost": 1905496.2,
                                      "Total Cost": 1950120.18,
                                      "Plan Rows": 48932,
                                      "Plan Width": 24,
                                      "Inner Unique": false,
                                      "Hash Cond": "(customer.c_custkey = orders.o_custkey)",
                                      "Plans": [
                                        {
                                          "Node Type": "Seq Scan",
                                          "Parent Relationship": "Outer",
                                          "Parallel Aware": true,
                                          "Async Capable": false,
                                          "Relation Name": "customer",
                                          "Alias": "customer",
                                          "Startup Cost": 0.0,
                                          "Total Cost": 42076.52,
                                          "Plan Rows": 624952,
                                          "Plan Width": 8,
                                          "parent": 9,
                                          "ID": 10
                                        },
                                        {
                                          "Node Type": "Hash",
                                          "Parent Relationship": "Inner",
                                          "Parallel Aware": true,
                                          "Async Capable": false,
                                          "Startup Cost": 1904884.55,
                                          "Total Cost": 1904884.55,
                                          "Plan Rows": 48932,
                                          "Plan Width": 24,
                                          "Plans": [
                                            {
                                              "Node Type": "Hash Join",
                                              "Parent Relationship": "Outer",
                                              "Parallel Aware": true,
                                              "Async Capable": false,
                                              "Join Type": "Inner",
                                              "Startup Cost": 1523283.11,
                                              "Total Cost": 1904884.55,
                                              "Plan Rows": 48932,
                                              "Plan Width": 24,
                                              "Inner Unique": false,
                                              "Hash Cond": "(orders.o_orderkey = lineitem.l_orderkey)",
                                              "Plans": [
                                                {
                                                  "Node Type": "Seq Scan",
                                                  "Parent Relationship": "Outer",
                                                  "Parallel Aware": true,
                                                  "Async Capable": false,
                                                  "Relation Name": "orders",
                                                  "Alias": "orders",
                                                  "Startup Cost": 0.0,
                                                  "Total Cost": 354655.56,
                                                  "Plan Rows": 1909064,
                                                  "Plan Width": 12,
                                                  "Filter": "((o_orderdate >= '1995-01-01'::date) AND (o_orderdate <= '1996-12-31'::date))",
                                                  "parent": 12,
                                                  "ID": 13
                                                },
                                                {
                                                  "Node Type": "Hash",
                                                  "Parent Relationship": "Inner",
                                                  "Parallel Aware": true,
                                                  "Async Capable": false,
                                                  "Startup Cost": 1520341.76,
                                                  "Total Cost": 1520341.76,
                                                  "Plan Rows": 160188,
                                                  "Plan Width": 20,
                                                  "Plans": [
                                                    {
                                                      "Node Type": "Hash Join",
                                                      "Parent Relationship": "Outer",
                                                      "Parallel Aware": true,
                                                      "Async Capable": false,
                                                      "Join Type": "Inner",
                                                      "Startup Cost": 51447.53,
                                                      "Total Cost": 1520341.76,
                                                      "Plan Rows": 160188,
                                                      "Plan Width": 20,
                                                      "Inner Unique": false,
                                                      "Hash Cond": "(lineitem.l_partkey = part.p_partkey)",
                                                      "Plans": [
                                                        {
                                                          "Node Type": "Seq Scan",
                                                          "Parent Relationship": "Outer",
                                                          "Parallel Aware": true,
                                                          "Async Capable": false,
                                                          "Relation Name": "lineitem",
                                                          "Alias": "lineitem",
                                                          "Startup Cost": 0.0,
                                                          "Total Cost": 1374494.57,
                                                          "Plan Rows": 24995257,
                                                          "Plan Width": 24,
                                                          "parent": 15,
                                                          "ID": 16
                                                        },
                                                        {
                                                          "Node Type": "Hash",
                                                          "Parent Relationship": "Inner",
                                                          "Parallel Aware": true,
                                                          "Async Capable": false,
                                                          "Startup Cost": 51378.28,
                                                          "Total Cost": 51378.28,
                                                          "Plan Rows": 5540,
                                                          "Plan Width": 4,
                                                          "Plans": [
                                                            {
                                                              "Node Type": "Seq Scan",
                                                              "Parent Relationship": "Outer",
                                                              "Parallel Aware": true,
                                                              "Async Capable": false,
                                                              "Relation Name": "part",
                                                              "Alias": "part",
                                                              "Startup Cost": 0.0,
                                                              "Total Cost": 51378.28,
                                                              "Plan Rows": 5540,
                                                              "Plan Width": 4,
                                                              "Filter": "((p_type)::text = 'PROMO BRUSHED STEEL'::text)",
                                                              "parent": 17,
                                                              "ID": 18
                                                            }
                                                          ],
                                                          "parent": 15,
                                                          "ID": 17,
                                                          "left": 18
                                                        }
                                                      ],
                                                      "parent": 14,
                                                      "ID": 15,
                                                      "left": 16,
                                                      "right": 17
                                                    }
                                                  ],
                                                  "parent": 12,
                                                  "ID": 14,
                                                  "left": 15
                                                }
                                              ],
                                              "parent": 11,
                                              "ID": 12,
                                              "left": 13,
                                              "right": 14
                                            }
                                          ],
                                          "parent": 9,
                                          "ID": 11,
                                          "left": 12
                                        }
                                      ],
                                      "parent": 8,
                                      "ID": 9,
                                      "left": 10,
                                      "right": 11
                                    },
                                    {
                                      "Node Type": "Hash",
                                      "Parent Relationship": "Inner",
                                      "Parallel Aware": false,
                                      "Async Capable": false,
                                      "Startup Cost": 2.47,
                                      "Total Cost": 2.47,
                                      "Plan Rows": 5,
                                      "Plan Width": 4,
                                      "Plans": [
                                        {
                                          "Node Type": "Hash Join",
                                          "Parent Relationship": "Outer",
                                          "Parallel Aware": false,
                                          "Async Capable": false,
                                          "Join Type": "Inner",
                                          "Startup Cost": 1.07,
                                          "Total Cost": 2.47,
                                          "Plan Rows": 5,
                                          "Plan Width": 4,
                                          "Inner Unique": false,
                                          "Hash Cond": "(n1.n_regionkey = region.r_regionkey)",
                                          "Plans": [
                                            {
                                              "Node Type": "Seq Scan",
                                              "Parent Relationship": "Outer",
                                              "Parallel Aware": false,
                                              "Async Capable": false,
                                              "Relation Name": "nation",
                                              "Alias": "n1",
                                              "Startup Cost": 0.0,
                                              "Total Cost": 1.25,
                                              "Plan Rows": 25,
                                              "Plan Width": 8,
                                              "parent": 20,
                                              "ID": 21
                                            },
                                            {
                                              "Node Type": "Hash",
                                              "Parent Relationship": "Inner",
                                              "Parallel Aware": false,
                                              "Async Capable": false,
                                              "Startup Cost": 1.06,
                                              "Total Cost": 1.06,
                                              "Plan Rows": 1,
                                              "Plan Width": 4,
                                              "Plans": [
                                                {
                                                  "Node Type": "Seq Scan",
                                                  "Parent Relationship": "Outer",
                                                  "Parallel Aware": false,
                                                  "Async Capable": false,
                                                  "Relation Name": "region",
                                                  "Alias": "region",
                                                  "Startup Cost": 0.0,
                                                  "Total Cost": 1.06,
                                                  "Plan Rows": 1,
                                                  "Plan Width": 4,
                                                  "Filter": "(r_name = 'ASIA'::bpchar)",
                                                  "parent": 22,
                                                  "ID": 23
                                                }
                                              ],
                                              "parent": 20,
                                              "ID": 22,
                                              "left": 23
                                            }
                                          ],
                                          "parent": 19,
                                          "ID": 20,
                                          "left": 21,
                                          "right": 22
                                        }
                                      ],
                                      "parent": 8,
                                      "ID": 19,
                                      "left": 20
                                    }
                                  ],
                                  "parent": 7,
                                  "ID": 8,
                                  "left": 9,
                                  "right": 19
                                }
                              ],
                              "parent": 5,
                              "ID": 7,
                              "left": 8
                            }
                          ],
                          "parent": 4,
                          "ID": 5,
                          "left": 6,
                          "right": 7
                        },
                        {
                          "Node Type": "Hash",
                          "Parent Relationship": "Inner",
                          "Parallel Aware": false,
                          "Async Capable": false,
                          "Startup Cost": 1.25,
                          "Total Cost": 1.25,
                          "Plan Rows": 25,
                          "Plan Width": 30,
                          "Plans": [
                            {
                              "Node Type": "Seq Scan",
                              "Parent Relationship": "Outer",
                              "Parallel Aware": false,
                              "Async Capable": false,
                              "Relation Name": "nation",
                              "Alias": "n2",
                              "Startup Cost": 0.0,
                              "Total Cost": 1.25,
                              "Plan Rows": 25,
                              "Plan Width": 30,
                              "parent": 24,
                              "ID": 25
                            }
                          ],
                          "parent": 4,
                          "ID": 24,
                          "left": 25
                        }
                      ],
                      "parent": 3,
                      "ID": 4,
                      "left": 5,
                      "right": 24
                    }
                  ],
                  "parent": 2,
                  "ID": 3,
                  "left": 4
                }
              ],
              "parent": 1,
              "ID": 2,
              "left": 3
            }
          ],
          "parent": 0,
          "ID": 1,
          "left": 2
        }
      ],
      "parent": null,
      "ID": 0,
      "left": 1
    },
    "feat": {
      "utility": 0.0,
      "query_shape": [
        [
          "Seq Scan",
          "Hash Join",
          "Sort",
          "Aggregate",
          "Gather Merge"
        ],
        [
          "Seq Scan",
          "Hash Join",
          "Hash",
          "Sort",
          "Aggregate",
          "Gather Merge"
        ],
        [
          "Seq Scan",
          "Hash Join",
          "Hash",
          "Sort",
          "Aggregate",
          "Gather Merge"
        ],
        [
          "Seq Scan",
          "Hash Join",
          "Hash",
          "Sort",
          "Aggregate",
          "Gather Merge"
        ],
        [
          "Seq Scan",
          "Hash",
          "Hash Join",
          "Sort",
          "Aggregate",
          "Gather Merge"
        ],
        [
          "Seq Scan",
          "Hash Join",
          "Hash",
          "Sort",
          "Aggregate",
          "Gather Merge"
        ],
        [
          "Seq Scan",
          "Hash",
          "Hash Join",
          "Sort",
          "Aggregate",
          "Gather Merge"
        ],
        [
          "Seq Scan",
          "Hash",
          "Hash Join",
          "Sort",
          "Aggregate",
          "Gather Merge"
        ]
      ],
      "index_shape": [
        "join"
      ],
      "physical_operator": {}
    }
  },
  {
    "query": "-- Functional Query Definition\n-- Approved February 1998\n\n\nselect\no_year,\nsum(case\nwhen nation = 'CHINA' then volume\nelse 0\nend) / sum(volume) as mkt_share\nfrom\n(\nselect\nextract(year from o_orderdate) as o_year,\nl_extendedprice * (1 - l_discount) as volume,\nn2.n_name as nation\nfrom\npart,\nsupplier,\nlineitem,\norders,\ncustomer,\nnation n1,\nnation n2,\nregion\nwhere\np_partkey = l_partkey\nand s_suppkey = l_suppkey\nand l_orderkey = o_orderkey\nand o_custkey = c_custkey\nand c_nationkey = n1.n_nationkey\nand n1.n_regionkey = r_regionkey\nand r_name = 'ASIA'\nand s_nationkey = n2.n_nationkey\nand o_orderdate between date '1995-01-01' and date '1996-12-31'\nand p_type = 'PROMO BRUSHED STEEL'\n) as all_nations\ngroup by\no_year\norder by\no_year ;\n-- $ID$\n-- TPC-H/TPC-R Product Type Profit Measure ",
    "indexes": "orders.o_orderkey",
    "wo plan est": {
      "Node Type": "Aggregate",
      "Strategy": "Sorted",
      "Partial Mode": "Finalize",
      "Parallel Aware": false,
      "Async Capable": false,
      "Startup Cost": 1955785.01,
      "Total Cost": 1956486.84,
      "Plan Rows": 2406,
      "Plan Width": 64,
      "Group Key": [
        "(EXTRACT(year FROM orders.o_orderdate))"
      ],
      "Plans": [
        {
          "Node Type": "Gather Merge",
          "Parent Relationship": "Outer",
          "Parallel Aware": false,
          "Async Capable": false,
          "Startup Cost": 1955785.01,
          "Total Cost": 1956408.65,
          "Plan Rows": 2406,
          "Plan Width": 96,
          "Workers Planned": 1,
          "Plans": [
            {
              "Node Type": "Aggregate",
              "Strategy": "Sorted",
              "Partial Mode": "Partial",
              "Parent Relationship": "Outer",
              "Parallel Aware": false,
              "Async Capable": false,
              "Startup Cost": 1954785.0,
              "Total Cost": 1955137.96,
              "Plan Rows": 2406,
              "Plan Width": 96,
              "Group Key": [
                "(EXTRACT(year FROM orders.o_orderdate))"
              ],
              "Plans": [
                {
                  "Node Type": "Sort",
                  "Parent Relationship": "Outer",
                  "Parallel Aware": false,
                  "Async Capable": false,
                  "Startup Cost": 1954785.0,
                  "Total Cost": 1954819.54,
                  "Plan Rows": 13816,
                  "Plan Width": 70,
                  "Sort Key": [
                    "(EXTRACT(year FROM orders.o_orderdate))"
                  ],
                  "Plans": [
                    {
                      "Node Type": "Hash Join",
                      "Parent Relationship": "Outer",
                      "Parallel Aware": false,
                      "Async Capable": false,
                      "Join Type": "Inner",
                      "Startup Cost": 1950527.96,
                      "Total Cost": 1953834.87,
                      "Plan Rows": 13816,
                      "Plan Width": 70,
                      "Inner Unique": false,
                      "Hash Cond": "(supplier.s_nationkey = n2.n_nationkey)",
                      "Plans": [
                        {
                          "Node Type": "Hash Join",
                          "Parent Relationship": "Outer",
                          "Parallel Aware": true,
                          "Async Capable": false,
                          "Join Type": "Inner",
                          "Startup Cost": 1950526.4,
                          "Total Cost": 1953608.79,
                          "Plan Rows": 13816,
                          "Plan Width": 20,
                          "Inner Unique": false,
                          "Hash Cond": "(supplier.s_suppkey = lineitem.l_suppkey)",
                          "Plans": [
                            {
                              "Node Type": "Seq Scan",
                              "Parent Relationship": "Outer",
                              "Parallel Aware": true,
                              "Async Capable": false,
                              "Relation Name": "supplier",
                              "Alias": "supplier",
                              "Startup Cost": 0.0,
                              "Total Cost": 2804.24,
                              "Plan Rows": 58824,
                              "Plan Width": 8,
                              "parent": 5,
                              "ID": 6
                            },
                            {
                              "Node Type": "Hash",
                              "Parent Relationship": "Inner",
                              "Parallel Aware": true,
                              "Async Capable": false,
                              "Startup Cost": 1950404.06,
                              "Total Cost": 1950404.06,
                              "Plan Rows": 9787,
                              "Plan Width": 20,
                              "Plans": [
                                {
                                  "Node Type": "Hash Join",
                                  "Parent Relationship": "Outer",
                                  "Parallel Aware": false,
                                  "Async Capable": false,
                                  "Join Type": "Inner",
                                  "Startup Cost": 1905498.74,
                                  "Total Cost": 1950404.06,
                                  "Plan Rows": 9787,
                                  "Plan Width": 20,
                                  "Inner Unique": false,
                                  "Hash Cond": "(customer.c_nationkey = n1.n_nationkey)",
                                  "Plans": [
                                    {
                                      "Node Type": "Hash Join",
                                      "Parent Relationship": "Outer",
                                      "Parallel Aware": true,
                                      "Async Capable": false,
                                      "Join Type": "Inner",
                                      "Startup Cost": 1905496.2,
                                      "Total Cost": 1950120.18,
                                      "Plan Rows": 48932,
                                      "Plan Width": 24,
                                      "Inner Unique": false,
                                      "Hash Cond": "(customer.c_custkey = orders.o_custkey)",
                                      "Plans": [
                                        {
                                          "Node Type": "Seq Scan",
                                          "Parent Relationship": "Outer",
                                          "Parallel Aware": true,
                                          "Async Capable": false,
                                          "Relation Name": "customer",
                                          "Alias": "customer",
                                          "Startup Cost": 0.0,
                                          "Total Cost": 42076.52,
                                          "Plan Rows": 624952,
                                          "Plan Width": 8,
                                          "parent": 9,
                                          "ID": 10
                                        },
                                        {
                                          "Node Type": "Hash",
                                          "Parent Relationship": "Inner",
                                          "Parallel Aware": true,
                                          "Async Capable": false,
                                          "Startup Cost": 1904884.55,
                                          "Total Cost": 1904884.55,
                                          "Plan Rows": 48932,
                                          "Plan Width": 24,
                                          "Plans": [
                                            {
                                              "Node Type": "Hash Join",
                                              "Parent Relationship": "Outer",
                                              "Parallel Aware": true,
                                              "Async Capable": false,
                                              "Join Type": "Inner",
                                              "Startup Cost": 1523283.11,
                                              "Total Cost": 1904884.55,
                                              "Plan Rows": 48932,
                                              "Plan Width": 24,
                                              "Inner Unique": false,
                                              "Hash Cond": "(orders.o_orderkey = lineitem.l_orderkey)",
                                              "Plans": [
                                                {
                                                  "Node Type": "Seq Scan",
                                                  "Parent Relationship": "Outer",
                                                  "Parallel Aware": true,
                                                  "Async Capable": false,
                                                  "Relation Name": "orders",
                                                  "Alias": "orders",
                                                  "Startup Cost": 0.0,
                                                  "Total Cost": 354655.56,
                                                  "Plan Rows": 1909064,
                                                  "Plan Width": 12,
                                                  "Filter": "((o_orderdate >= '1995-01-01'::date) AND (o_orderdate <= '1996-12-31'::date))",
                                                  "parent": 12,
                                                  "ID": 13
                                                },
                                                {
                                                  "Node Type": "Hash",
                                                  "Parent Relationship": "Inner",
                                                  "Parallel Aware": true,
                                                  "Async Capable": false,
                                                  "Startup Cost": 1520341.76,
                                                  "Total Cost": 1520341.76,
                                                  "Plan Rows": 160188,
                                                  "Plan Width": 20,
                                                  "Plans": [
                                                    {
                                                      "Node Type": "Hash Join",
                                                      "Parent Relationship": "Outer",
                                                      "Parallel Aware": true,
                                                      "Async Capable": false,
                                                      "Join Type": "Inner",
                                                      "Startup Cost": 51447.53,
                                                      "Total Cost": 1520341.76,
                                                      "Plan Rows": 160188,
                                                      "Plan Width": 20,
                                                      "Inner Unique": false,
                                                      "Hash Cond": "(lineitem.l_partkey = part.p_partkey)",
                                                      "Plans": [
                                                        {
                                                          "Node Type": "Seq Scan",
                                                          "Parent Relationship": "Outer",
                                                          "Parallel Aware": true,
                                                          "Async Capable": false,
                                                          "Relation Name": "lineitem",
                                                          "Alias": "lineitem",
                                                          "Startup Cost": 0.0,
                                                          "Total Cost": 1374494.57,
                                                          "Plan Rows": 24995257,
                                                          "Plan Width": 24,
                                                          "parent": 15,
                                                          "ID": 16
                                                        },
                                                        {
                                                          "Node Type": "Hash",
                                                          "Parent Relationship": "Inner",
                                                          "Parallel Aware": true,
                                                          "Async Capable": false,
                                                          "Startup Cost": 51378.28,
                                                          "Total Cost": 51378.28,
                                                          "Plan Rows": 5540,
                                                          "Plan Width": 4,
                                                          "Plans": [
                                                            {
                                                              "Node Type": "Seq Scan",
                                                              "Parent Relationship": "Outer",
                                                              "Parallel Aware": true,
                                                              "Async Capable": false,
                                                              "Relation Name": "part",
                                                              "Alias": "part",
                                                              "Startup Cost": 0.0,
                                                              "Total Cost": 51378.28,
                                                              "Plan Rows": 5540,
                                                              "Plan Width": 4,
                                                              "Filter": "((p_type)::text = 'PROMO BRUSHED STEEL'::text)",
                                                              "parent": 17,
                                                              "ID": 18
                                                            }
                                                          ],
                                                          "parent": 15,
                                                          "ID": 17,
                                                          "left": 18
                                                        }
                                                      ],
                                                      "parent": 14,
                                                      "ID": 15,
                                                      "left": 16,
                                                      "right": 17
                                                    }
                                                  ],
                                                  "parent": 12,
                                                  "ID": 14,
                                                  "left": 15
                                                }
                                              ],
                                              "parent": 11,
                                              "ID": 12,
                                              "left": 13,
                                              "right": 14
                                            }
                                          ],
                                          "parent": 9,
                                          "ID": 11,
                                          "left": 12
                                        }
                                      ],
                                      "parent": 8,
                                      "ID": 9,
                                      "left": 10,
                                      "right": 11
                                    },
                                    {
                                      "Node Type": "Hash",
                                      "Parent Relationship": "Inner",
                                      "Parallel Aware": false,
                                      "Async Capable": false,
                                      "Startup Cost": 2.47,
                                      "Total Cost": 2.47,
                                      "Plan Rows": 5,
                                      "Plan Width": 4,
                                      "Plans": [
                                        {
                                          "Node Type": "Hash Join",
                                          "Parent Relationship": "Outer",
                                          "Parallel Aware": false,
                                          "Async Capable": false,
                                          "Join Type": "Inner",
                                          "Startup Cost": 1.07,
                                          "Total Cost": 2.47,
                                          "Plan Rows": 5,
                                          "Plan Width": 4,
                                          "Inner Unique": false,
                                          "Hash Cond": "(n1.n_regionkey = region.r_regionkey)",
                                          "Plans": [
                                            {
                                              "Node Type": "Seq Scan",
                                              "Parent Relationship": "Outer",
                                              "Parallel Aware": false,
                                              "Async Capable": false,
                                              "Relation Name": "nation",
                                              "Alias": "n1",
                                              "Startup Cost": 0.0,
                                              "Total Cost": 1.25,
                                              "Plan Rows": 25,
                                              "Plan Width": 8,
                                              "parent": 20,
                                              "ID": 21
                                            },
                                            {
                                              "Node Type": "Hash",
                                              "Parent Relationship": "Inner",
                                              "Parallel Aware": false,
                                              "Async Capable": false,
                                              "Startup Cost": 1.06,
                                              "Total Cost": 1.06,
                                              "Plan Rows": 1,
                                              "Plan Width": 4,
                                              "Plans": [
                                                {
                                                  "Node Type": "Seq Scan",
                                                  "Parent Relationship": "Outer",
                                                  "Parallel Aware": false,
                                                  "Async Capable": false,
                                                  "Relation Name": "region",
                                                  "Alias": "region",
                                                  "Startup Cost": 0.0,
                                                  "Total Cost": 1.06,
                                                  "Plan Rows": 1,
                                                  "Plan Width": 4,
                                                  "Filter": "(r_name = 'ASIA'::bpchar)",
                                                  "parent": 22,
                                                  "ID": 23
                                                }
                                              ],
                                              "parent": 20,
                                              "ID": 22,
                                              "left": 23
                                            }
                                          ],
                                          "parent": 19,
                                          "ID": 20,
                                          "left": 21,
                                          "right": 22
                                        }
                                      ],
                                      "parent": 8,
                                      "ID": 19,
                                      "left": 20
                                    }
                                  ],
                                  "parent": 7,
                                  "ID": 8,
                                  "left": 9,
                                  "right": 19
                                }
                              ],
                              "parent": 5,
                              "ID": 7,
                              "left": 8
                            }
                          ],
                          "parent": 4,
                          "ID": 5,
                          "left": 6,
                          "right": 7
                        },
                        {
                          "Node Type": "Hash",
                          "Parent Relationship": "Inner",
                          "Parallel Aware": false,
                          "Async Capable": false,
                          "Startup Cost": 1.25,
                          "Total Cost": 1.25,
                          "Plan Rows": 25,
                          "Plan Width": 30,
                          "Plans": [
                            {
                              "Node Type": "Seq Scan",
                              "Parent Relationship": "Outer",
                              "Parallel Aware": false,
                              "Async Capable": false,
                              "Relation Name": "nation",
                              "Alias": "n2",
                              "Startup Cost": 0.0,
                              "Total Cost": 1.25,
                              "Plan Rows": 25,
                              "Plan Width": 30,
                              "parent": 24,
                              "ID": 25
                            }
                          ],
                          "parent": 4,
                          "ID": 24,
                          "left": 25
                        }
                      ],
                      "parent": 3,
                      "ID": 4,
                      "left": 5,
                      "right": 24
                    }
                  ],
                  "parent": 2,
                  "ID": 3,
                  "left": 4
                }
              ],
              "parent": 1,
              "ID": 2,
              "left": 3
            }
          ],
          "parent": 0,
          "ID": 1,
          "left": 2
        }
      ],
      "parent": null,
      "ID": 0,
      "left": 1
    },
    "feat": {
      "utility": 6.386447184269642e-07,
      "query_shape": [
        [
          "Seq Scan",
          "Hash Join",
          "Sort",
          "Aggregate",
          "Gather Merge"
        ],
        [
          "Seq Scan",
          "Hash Join",
          "Hash",
          "Sort",
          "Aggregate",
          "Gather Merge"
        ],
        [
          "Seq Scan",
          "Hash Join",
          "Hash",
          "Sort",
          "Aggregate",
          "Gather Merge"
        ],
        [
          "Seq Scan",
          "Hash Join",
          "Hash",
          "Sort",
          "Aggregate",
          "Gather Merge"
        ],
        [
          "Seq Scan",
          "Hash",
          "Hash Join",
          "Sort",
          "Aggregate",
          "Gather Merge"
        ],
        [
          "Seq Scan",
          "Hash Join",
          "Hash",
          "Sort",
          "Aggregate",
          "Gather Merge"
        ],
        [
          "Seq Scan",
          "Hash",
          "Hash Join",
          "Sort",
          "Aggregate",
          "Gather Merge"
        ],
        [
          "Seq Scan",
          "Hash",
          "Hash Join",
          "Sort",
          "Aggregate",
          "Gather Merge"
        ]
      ],
      "index_shape": [
        "join"
      ],
      "physical_operator": {
        "Hash Join": [
          0.00040001036971116453
        ]
      }
    }
  },
  {
    "query": "-- Functional Query Definition\n-- Approved February 1998\n\n\nselect\no_year,\nsum(case\nwhen nation = 'CHINA' then volume\nelse 0\nend) / sum(volume) as mkt_share\nfrom\n(\nselect\nextract(year from o_orderdate) as o_year,\nl_extendedprice * (1 - l_discount) as volume,\nn2.n_name as nation\nfrom\npart,\nsupplier,\nlineitem,\norders,\ncustomer,\nnation n1,\nnation n2,\nregion\nwhere\np_partkey = l_partkey\nand s_suppkey = l_suppkey\nand l_orderkey = o_orderkey\nand o_custkey = c_custkey\nand c_nationkey = n1.n_nationkey\nand n1.n_regionkey = r_regionkey\nand r_name = 'ASIA'\nand s_nationkey = n2.n_nationkey\nand o_orderdate between date '1995-01-01' and date '1996-12-31'\nand p_type = 'PROMO BRUSHED STEEL'\n) as all_nations\ngroup by\no_year\norder by\no_year ;\n-- $ID$\n-- TPC-H/TPC-R Product Type Profit Measure ",
    "indexes": "orders.o_custkey",
    "wo plan est": {
      "Node Type": "Aggregate",
      "Strategy": "Sorted",
      "Partial Mode": "Finalize",
      "Parallel Aware": false,
      "Async Capable": false,
      "Startup Cost": 1955785.01,
      "Total Cost": 1956486.84,
      "Plan Rows": 2406,
      "Plan Width": 64,
      "Group Key": [
        "(EXTRACT(year FROM orders.o_orderdate))"
      ],
      "Plans": [
        {
          "Node Type": "Gather Merge",
          "Parent Relationship": "Outer",
          "Parallel Aware": false,
          "Async Capable": false,
          "Startup Cost": 1955785.01,
          "Total Cost": 1956408.65,
          "Plan Rows": 2406,
          "Plan Width": 96,
          "Workers Planned": 1,
          "Plans": [
            {
              "Node Type": "Aggregate",
              "Strategy": "Sorted",
              "Partial Mode": "Partial",
              "Parent Relationship": "Outer",
              "Parallel Aware": false,
              "Async Capable": false,
              "Startup Cost": 1954785.0,
              "Total Cost": 1955137.96,
              "Plan Rows": 2406,
              "Plan Width": 96,
              "Group Key": [
                "(EXTRACT(year FROM orders.o_orderdate))"
              ],
              "Plans": [
                {
                  "Node Type": "Sort",
                  "Parent Relationship": "Outer",
                  "Parallel Aware": false,
                  "Async Capable": false,
                  "Startup Cost": 1954785.0,
                  "Total Cost": 1954819.54,
                  "Plan Rows": 13816,
                  "Plan Width": 70,
                  "Sort Key": [
                    "(EXTRACT(year FROM orders.o_orderdate))"
                  ],
                  "Plans": [
                    {
                      "Node Type": "Hash Join",
                      "Parent Relationship": "Outer",
                      "Parallel Aware": false,
                      "Async Capable": false,
                      "Join Type": "Inner",
                      "Startup Cost": 1950527.96,
                      "Total Cost": 1953834.87,
                      "Plan Rows": 13816,
                      "Plan Width": 70,
                      "Inner Unique": false,
                      "Hash Cond": "(supplier.s_nationkey = n2.n_nationkey)",
                      "Plans": [
                        {
                          "Node Type": "Hash Join",
                          "Parent Relationship": "Outer",
                          "Parallel Aware": true,
                          "Async Capable": false,
                          "Join Type": "Inner",
                          "Startup Cost": 1950526.4,
                          "Total Cost": 1953608.79,
                          "Plan Rows": 13816,
                          "Plan Width": 20,
                          "Inner Unique": false,
                          "Hash Cond": "(supplier.s_suppkey = lineitem.l_suppkey)",
                          "Plans": [
                            {
                              "Node Type": "Seq Scan",
                              "Parent Relationship": "Outer",
                              "Parallel Aware": true,
                              "Async Capable": false,
                              "Relation Name": "supplier",
                              "Alias": "supplier",
                              "Startup Cost": 0.0,
                              "Total Cost": 2804.24,
                              "Plan Rows": 58824,
                              "Plan Width": 8,
                              "parent": 5,
                              "ID": 6
                            },
                            {
                              "Node Type": "Hash",
                              "Parent Relationship": "Inner",
                              "Parallel Aware": true,
                              "Async Capable": false,
                              "Startup Cost": 1950404.06,
                              "Total Cost": 1950404.06,
                              "Plan Rows": 9787,
                              "Plan Width": 20,
                              "Plans": [
                                {
                                  "Node Type": "Hash Join",
                                  "Parent Relationship": "Outer",
                                  "Parallel Aware": false,
                                  "Async Capable": false,
                                  "Join Type": "Inner",
                                  "Startup Cost": 1905498.74,
                                  "Total Cost": 1950404.06,
                                  "Plan Rows": 9787,
                                  "Plan Width": 20,
                                  "Inner Unique": false,
                                  "Hash Cond": "(customer.c_nationkey = n1.n_nationkey)",
                                  "Plans": [
                                    {
                                      "Node Type": "Hash Join",
                                      "Parent Relationship": "Outer",
                                      "Parallel Aware": true,
                                      "Async Capable": false,
                                      "Join Type": "Inner",
                                      "Startup Cost": 1905496.2,
                                      "Total Cost": 1950120.18,
                                      "Plan Rows": 48932,
                                      "Plan Width": 24,
                                      "Inner Unique": false,
                                      "Hash Cond": "(customer.c_custkey = orders.o_custkey)",
                                      "Plans": [
                                        {
                                          "Node Type": "Seq Scan",
                                          "Parent Relationship": "Outer",
                                          "Parallel Aware": true,
                                          "Async Capable": false,
                                          "Relation Name": "customer",
                                          "Alias": "customer",
                                          "Startup Cost": 0.0,
                                          "Total Cost": 42076.52,
                                          "Plan Rows": 624952,
                                          "Plan Width": 8,
                                          "parent": 9,
                                          "ID": 10
                                        },
                                        {
                                          "Node Type": "Hash",
                                          "Parent Relationship": "Inner",
                                          "Parallel Aware": true,
                                          "Async Capable": false,
                                          "Startup Cost": 1904884.55,
                                          "Total Cost": 1904884.55,
                                          "Plan Rows": 48932,
                                          "Plan Width": 24,
                                          "Plans": [
                                            {
                                              "Node Type": "Hash Join",
                                              "Parent Relationship": "Outer",
                                              "Parallel Aware": true,
                                              "Async Capable": false,
                                              "Join Type": "Inner",
                                              "Startup Cost": 1523283.11,
                                              "Total Cost": 1904884.55,
                                              "Plan Rows": 48932,
                                              "Plan Width": 24,
                                              "Inner Unique": false,
                                              "Hash Cond": "(orders.o_orderkey = lineitem.l_orderkey)",
                                              "Plans": [
                                                {
                                                  "Node Type": "Seq Scan",
                                                  "Parent Relationship": "Outer",
                                                  "Parallel Aware": true,
                                                  "Async Capable": false,
                                                  "Relation Name": "orders",
                                                  "Alias": "orders",
                                                  "Startup Cost": 0.0,
                                                  "Total Cost": 354655.56,
                                                  "Plan Rows": 1909064,
                                                  "Plan Width": 12,
                                                  "Filter": "((o_orderdate >= '1995-01-01'::date) AND (o_orderdate <= '1996-12-31'::date))",
                                                  "parent": 12,
                                                  "ID": 13
                                                },
                                                {
                                                  "Node Type": "Hash",
                                                  "Parent Relationship": "Inner",
                                                  "Parallel Aware": true,
                                                  "Async Capable": false,
                                                  "Startup Cost": 1520341.76,
                                                  "Total Cost": 1520341.76,
                                                  "Plan Rows": 160188,
                                                  "Plan Width": 20,
                                                  "Plans": [
                                                    {
                                                      "Node Type": "Hash Join",
                                                      "Parent Relationship": "Outer",
                                                      "Parallel Aware": true,
                                                      "Async Capable": false,
                                                      "Join Type": "Inner",
                                                      "Startup Cost": 51447.53,
                                                      "Total Cost": 1520341.76,
                                                      "Plan Rows": 160188,
                                                      "Plan Width": 20,
                                                      "Inner Unique": false,
                                                      "Hash Cond": "(lineitem.l_partkey = part.p_partkey)",
                                                      "Plans": [
                                                        {
                                                          "Node Type": "Seq Scan",
                                                          "Parent Relationship": "Outer",
                                                          "Parallel Aware": true,
                                                          "Async Capable": false,
                                                          "Relation Name": "lineitem",
                                                          "Alias": "lineitem",
                                                          "Startup Cost": 0.0,
                                                          "Total Cost": 1374494.57,
                                                          "Plan Rows": 24995257,
                                                          "Plan Width": 24,
                                                          "parent": 15,
                                                          "ID": 16
                                                        },
                                                        {
                                                          "Node Type": "Hash",
                                                          "Parent Relationship": "Inner",
                                                          "Parallel Aware": true,
                                                          "Async Capable": false,
                                                          "Startup Cost": 51378.28,
                                                          "Total Cost": 51378.28,
                                                          "Plan Rows": 5540,
                                                          "Plan Width": 4,
                                                          "Plans": [
                                                            {
                                                              "Node Type": "Seq Scan",
                                                              "Parent Relationship": "Outer",
                                                              "Parallel Aware": true,
                                                              "Async Capable": false,
                                                              "Relation Name": "part",
                                                              "Alias": "part",
                                                              "Startup Cost": 0.0,
                                                              "Total Cost": 51378.28,
                                                              "Plan Rows": 5540,
                                                              "Plan Width": 4,
                                                              "Filter": "((p_type)::text = 'PROMO BRUSHED STEEL'::text)",
                                                              "parent": 17,
                                                              "ID": 18
                                                            }
                                                          ],
                                                          "parent": 15,
                                                          "ID": 17,
                                                          "left": 18
                                                        }
                                                      ],
                                                      "parent": 14,
                                                      "ID": 15,
                                                      "left": 16,
                                                      "right": 17
                                                    }
                                                  ],
                                                  "parent": 12,
                                                  "ID": 14,
                                                  "left": 15
                                                }
                                              ],
                                              "parent": 11,
                                              "ID": 12,
                                              "left": 13,
                                              "right": 14
                                            }
                                          ],
                                          "parent": 9,
                                          "ID": 11,
                                          "left": 12
                                        }
                                      ],
                                      "parent": 8,
                                      "ID": 9,
                                      "left": 10,
                                      "right": 11
                                    },
                                    {
                                      "Node Type": "Hash",
                                      "Parent Relationship": "Inner",
                                      "Parallel Aware": false,
                                      "Async Capable": false,
                                      "Startup Cost": 2.47,
                                      "Total Cost": 2.47,
                                      "Plan Rows": 5,
                                      "Plan Width": 4,
                                      "Plans": [
                                        {
                                          "Node Type": "Hash Join",
                                          "Parent Relationship": "Outer",
                                          "Parallel Aware": false,
                                          "Async Capable": false,
                                          "Join Type": "Inner",
                                          "Startup Cost": 1.07,
                                          "Total Cost": 2.47,
                                          "Plan Rows": 5,
                                          "Plan Width": 4,
                                          "Inner Unique": false,
                                          "Hash Cond": "(n1.n_regionkey = region.r_regionkey)",
                                          "Plans": [
                                            {
                                              "Node Type": "Seq Scan",
                                              "Parent Relationship": "Outer",
                                              "Parallel Aware": false,
                                              "Async Capable": false,
                                              "Relation Name": "nation",
                                              "Alias": "n1",
                                              "Startup Cost": 0.0,
                                              "Total Cost": 1.25,
                                              "Plan Rows": 25,
                                              "Plan Width": 8,
                                              "parent": 20,
                                              "ID": 21
                                            },
                                            {
                                              "Node Type": "Hash",
                                              "Parent Relationship": "Inner",
                                              "Parallel Aware": false,
                                              "Async Capable": false,
                                              "Startup Cost": 1.06,
                                              "Total Cost": 1.06,
                                              "Plan Rows": 1,
                                              "Plan Width": 4,
                                              "Plans": [
                                                {
                                                  "Node Type": "Seq Scan",
                                                  "Parent Relationship": "Outer",
                                                  "Parallel Aware": false,
                                                  "Async Capable": false,
                                                  "Relation Name": "region",
                                                  "Alias": "region",
                                                  "Startup Cost": 0.0,
                                                  "Total Cost": 1.06,
                                                  "Plan Rows": 1,
                                                  "Plan Width": 4,
                                                  "Filter": "(r_name = 'ASIA'::bpchar)",
                                                  "parent": 22,
                                                  "ID": 23
                                                }
                                              ],
                                              "parent": 20,
                                              "ID": 22,
                                              "left": 23
                                            }
                                          ],
                                          "parent": 19,
                                          "ID": 20,
                                          "left": 21,
                                          "right": 22
                                        }
                                      ],
                                      "parent": 8,
                                      "ID": 19,
                                      "left": 20
                                    }
                                  ],
                                  "parent": 7,
                                  "ID": 8,
                                  "left": 9,
                                  "right": 19
                                }
                              ],
                              "parent": 5,
                              "ID": 7,
                              "left": 8
                            }
                          ],
                          "parent": 4,
                          "ID": 5,
                          "left": 6,
                          "right": 7
                        },
                        {
                          "Node Type": "Hash",
                          "Parent Relationship": "Inner",
                          "Parallel Aware": false,
                          "Async Capable": false,
                          "Startup Cost": 1.25,
                          "Total Cost": 1.25,
                          "Plan Rows": 25,
                          "Plan Width": 30,
                          "Plans": [
                            {
                              "Node Type": "Seq Scan",
                              "Parent Relationship": "Outer",
                              "Parallel Aware": false,
                              "Async Capable": false,
                              "Relation Name": "nation",
                              "Alias": "n2",
                              "Startup Cost": 0.0,
                              "Total Cost": 1.25,
                              "Plan Rows": 25,
                              "Plan Width": 30,
                              "parent": 24,
                              "ID": 25
                            }
                          ],
                          "parent": 4,
                          "ID": 24,
                          "left": 25
                        }
                      ],
                      "parent": 3,
                      "ID": 4,
                      "left": 5,
                      "right": 24
                    }
                  ],
                  "parent": 2,
                  "ID": 3,
                  "left": 4
                }
              ],
              "parent": 1,
              "ID": 2,
              "left": 3
            }
          ],
          "parent": 0,
          "ID": 1,
          "left": 2
        }
      ],
      "parent": null,
      "ID": 0,
      "left": 1
    },
    "feat": {
      "utility": 6.380921020918737e-07,
      "query_shape": [
        [
          "Seq Scan",
          "Hash Join",
          "Sort",
          "Aggregate",
          "Gather Merge"
        ],
        [
          "Seq Scan",
          "Hash Join",
          "Hash",
          "Sort",
          "Aggregate",
          "Gather Merge"
        ],
        [
          "Seq Scan",
          "Hash Join",
          "Hash",
          "Sort",
          "Aggregate",
          "Gather Merge"
        ],
        [
          "Seq Scan",
          "Hash Join",
          "Hash",
          "Sort",
          "Aggregate",
          "Gather Merge"
        ],
        [
          "Seq Scan",
          "Hash",
          "Hash Join",
          "Sort",
          "Aggregate",
          "Gather Merge"
        ],
        [
          "Seq Scan",
          "Hash Join",
          "Hash",
          "Sort",
          "Aggregate",
          "Gather Merge"
        ],
        [
          "Seq Scan",
          "Hash",
          "Hash Join",
          "Sort",
          "Aggregate",
          "Gather Merge"
        ],
        [
          "Seq Scan",
          "Hash",
          "Hash Join",
          "Sort",
          "Aggregate",
          "Gather Merge"
        ]
      ],
      "index_shape": [
        "join"
      ],
      "physical_operator": {
        "Hash Join": [
          0.0012649596394501718
        ]
      }
    }
  },
  {
    "query": "-- Functional Query Definition\n-- Approved February 1998\n\n\nselect\no_year,\nsum(case\nwhen nation = 'CHINA' then volume\nelse 0\nend) / sum(volume) as mkt_share\nfrom\n(\nselect\nextract(year from o_orderdate) as o_year,\nl_extendedprice * (1 - l_discount) as volume,\nn2.n_name as nation\nfrom\npart,\nsupplier,\nlineitem,\norders,\ncustomer,\nnation n1,\nnation n2,\nregion\nwhere\np_partkey = l_partkey\nand s_suppkey = l_suppkey\nand l_orderkey = o_orderkey\nand o_custkey = c_custkey\nand c_nationkey = n1.n_nationkey\nand n1.n_regionkey = r_regionkey\nand r_name = 'ASIA'\nand s_nationkey = n2.n_nationkey\nand o_orderdate between date '1995-01-01' and date '1996-12-31'\nand p_type = 'PROMO BRUSHED STEEL'\n) as all_nations\ngroup by\no_year\norder by\no_year ;\n-- $ID$\n-- TPC-H/TPC-R Product Type Profit Measure ",
    "indexes": "orders.o_orderdate",
    "wo plan est": {
      "Node Type": "Aggregate",
      "Strategy": "Sorted",
      "Partial Mode": "Finalize",
      "Parallel Aware": false,
      "Async Capable": false,
      "Startup Cost": 1955785.01,
      "Total Cost": 1956486.84,
      "Plan Rows": 2406,
      "Plan Width": 64,
      "Group Key": [
        "(EXTRACT(year FROM orders.o_orderdate))"
      ],
      "Plans": [
        {
          "Node Type": "Gather Merge",
          "Parent Relationship": "Outer",
          "Parallel Aware": false,
          "Async Capable": false,
          "Startup Cost": 1955785.01,
          "Total Cost": 1956408.65,
          "Plan Rows": 2406,
          "Plan Width": 96,
          "Workers Planned": 1,
          "Plans": [
            {
              "Node Type": "Aggregate",
              "Strategy": "Sorted",
              "Partial Mode": "Partial",
              "Parent Relationship": "Outer",
              "Parallel Aware": false,
              "Async Capable": false,
              "Startup Cost": 1954785.0,
              "Total Cost": 1955137.96,
              "Plan Rows": 2406,
              "Plan Width": 96,
              "Group Key": [
                "(EXTRACT(year FROM orders.o_orderdate))"
              ],
              "Plans": [
                {
                  "Node Type": "Sort",
                  "Parent Relationship": "Outer",
                  "Parallel Aware": false,
                  "Async Capable": false,
                  "Startup Cost": 1954785.0,
                  "Total Cost": 1954819.54,
                  "Plan Rows": 13816,
                  "Plan Width": 70,
                  "Sort Key": [
                    "(EXTRACT(year FROM orders.o_orderdate))"
                  ],
                  "Plans": [
                    {
                      "Node Type": "Hash Join",
                      "Parent Relationship": "Outer",
                      "Parallel Aware": false,
                      "Async Capable": false,
                      "Join Type": "Inner",
                      "Startup Cost": 1950527.96,
                      "Total Cost": 1953834.87,
                      "Plan Rows": 13816,
                      "Plan Width": 70,
                      "Inner Unique": false,
                      "Hash Cond": "(supplier.s_nationkey = n2.n_nationkey)",
                      "Plans": [
                        {
                          "Node Type": "Hash Join",
                          "Parent Relationship": "Outer",
                          "Parallel Aware": true,
                          "Async Capable": false,
                          "Join Type": "Inner",
                          "Startup Cost": 1950526.4,
                          "Total Cost": 1953608.79,
                          "Plan Rows": 13816,
                          "Plan Width": 20,
                          "Inner Unique": false,
                          "Hash Cond": "(supplier.s_suppkey = lineitem.l_suppkey)",
                          "Plans": [
                            {
                              "Node Type": "Seq Scan",
                              "Parent Relationship": "Outer",
                              "Parallel Aware": true,
                              "Async Capable": false,
                              "Relation Name": "supplier",
                              "Alias": "supplier",
                              "Startup Cost": 0.0,
                              "Total Cost": 2804.24,
                              "Plan Rows": 58824,
                              "Plan Width": 8,
                              "parent": 5,
                              "ID": 6
                            },
                            {
                              "Node Type": "Hash",
                              "Parent Relationship": "Inner",
                              "Parallel Aware": true,
                              "Async Capable": false,
                              "Startup Cost": 1950404.06,
                              "Total Cost": 1950404.06,
                              "Plan Rows": 9787,
                              "Plan Width": 20,
                              "Plans": [
                                {
                                  "Node Type": "Hash Join",
                                  "Parent Relationship": "Outer",
                                  "Parallel Aware": false,
                                  "Async Capable": false,
                                  "Join Type": "Inner",
                                  "Startup Cost": 1905498.74,
                                  "Total Cost": 1950404.06,
                                  "Plan Rows": 9787,
                                  "Plan Width": 20,
                                  "Inner Unique": false,
                                  "Hash Cond": "(customer.c_nationkey = n1.n_nationkey)",
                                  "Plans": [
                                    {
                                      "Node Type": "Hash Join",
                                      "Parent Relationship": "Outer",
                                      "Parallel Aware": true,
                                      "Async Capable": false,
                                      "Join Type": "Inner",
                                      "Startup Cost": 1905496.2,
                                      "Total Cost": 1950120.18,
                                      "Plan Rows": 48932,
                                      "Plan Width": 24,
                                      "Inner Unique": false,
                                      "Hash Cond": "(customer.c_custkey = orders.o_custkey)",
                                      "Plans": [
                                        {
                                          "Node Type": "Seq Scan",
                                          "Parent Relationship": "Outer",
                                          "Parallel Aware": true,
                                          "Async Capable": false,
                                          "Relation Name": "customer",
                                          "Alias": "customer",
                                          "Startup Cost": 0.0,
                                          "Total Cost": 42076.52,
                                          "Plan Rows": 624952,
                                          "Plan Width": 8,
                                          "parent": 9,
                                          "ID": 10
                                        },
                                        {
                                          "Node Type": "Hash",
                                          "Parent Relationship": "Inner",
                                          "Parallel Aware": true,
                                          "Async Capable": false,
                                          "Startup Cost": 1904884.55,
                                          "Total Cost": 1904884.55,
                                          "Plan Rows": 48932,
                                          "Plan Width": 24,
                                          "Plans": [
                                            {
                                              "Node Type": "Hash Join",
                                              "Parent Relationship": "Outer",
                                              "Parallel Aware": true,
                                              "Async Capable": false,
                                              "Join Type": "Inner",
                                              "Startup Cost": 1523283.11,
                                              "Total Cost": 1904884.55,
                                              "Plan Rows": 48932,
                                              "Plan Width": 24,
                                              "Inner Unique": false,
                                              "Hash Cond": "(orders.o_orderkey = lineitem.l_orderkey)",
                                              "Plans": [
                                                {
                                                  "Node Type": "Seq Scan",
                                                  "Parent Relationship": "Outer",
                                                  "Parallel Aware": true,
                                                  "Async Capable": false,
                                                  "Relation Name": "orders",
                                                  "Alias": "orders",
                                                  "Startup Cost": 0.0,
                                                  "Total Cost": 354655.56,
                                                  "Plan Rows": 1909064,
                                                  "Plan Width": 12,
                                                  "Filter": "((o_orderdate >= '1995-01-01'::date) AND (o_orderdate <= '1996-12-31'::date))",
                                                  "parent": 12,
                                                  "ID": 13
                                                },
                                                {
                                                  "Node Type": "Hash",
                                                  "Parent Relationship": "Inner",
                                                  "Parallel Aware": true,
                                                  "Async Capable": false,
                                                  "Startup Cost": 1520341.76,
                                                  "Total Cost": 1520341.76,
                                                  "Plan Rows": 160188,
                                                  "Plan Width": 20,
                                                  "Plans": [
                                                    {
                                                      "Node Type": "Hash Join",
                                                      "Parent Relationship": "Outer",
                                                      "Parallel Aware": true,
                                                      "Async Capable": false,
                                                      "Join Type": "Inner",
                                                      "Startup Cost": 51447.53,
                                                      "Total Cost": 1520341.76,
                                                      "Plan Rows": 160188,
                                                      "Plan Width": 20,
                                                      "Inner Unique": false,
                                                      "Hash Cond": "(lineitem.l_partkey = part.p_partkey)",
                                                      "Plans": [
                                                        {
                                                          "Node Type": "Seq Scan",
                                                          "Parent Relationship": "Outer",
                                                          "Parallel Aware": true,
                                                          "Async Capable": false,
                                                          "Relation Name": "lineitem",
                                                          "Alias": "lineitem",
                                                          "Startup Cost": 0.0,
                                                          "Total Cost": 1374494.57,
                                                          "Plan Rows": 24995257,
                                                          "Plan Width": 24,
                                                          "parent": 15,
                                                          "ID": 16
                                                        },
                                                        {
                                                          "Node Type": "Hash",
                                                          "Parent Relationship": "Inner",
                                                          "Parallel Aware": true,
                                                          "Async Capable": false,
                                                          "Startup Cost": 51378.28,
                                                          "Total Cost": 51378.28,
                                                          "Plan Rows": 5540,
                                                          "Plan Width": 4,
                                                          "Plans": [
                                                            {
                                                              "Node Type": "Seq Scan",
                                                              "Parent Relationship": "Outer",
                                                              "Parallel Aware": true,
                                                              "Async Capable": false,
                                                              "Relation Name": "part",
                                                              "Alias": "part",
                                                              "Startup Cost": 0.0,
                                                              "Total Cost": 51378.28,
                                                              "Plan Rows": 5540,
                                                              "Plan Width": 4,
                                                              "Filter": "((p_type)::text = 'PROMO BRUSHED STEEL'::text)",
                                                              "parent": 17,
                                                              "ID": 18
                                                            }
                                                          ],
                                                          "parent": 15,
                                                          "ID": 17,
                                                          "left": 18
                                                        }
                                                      ],
                                                      "parent": 14,
                                                      "ID": 15,
                                                      "left": 16,
                                                      "right": 17
                                                    }
                                                  ],
                                                  "parent": 12,
                                                  "ID": 14,
                                                  "left": 15
                                                }
                                              ],
                                              "parent": 11,
                                              "ID": 12,
                                              "left": 13,
                                              "right": 14
                                            }
                                          ],
                                          "parent": 9,
                                          "ID": 11,
                                          "left": 12
                                        }
                                      ],
                                      "parent": 8,
                                      "ID": 9,
                                      "left": 10,
                                      "right": 11
                                    },
                                    {
                                      "Node Type": "Hash",
                                      "Parent Relationship": "Inner",
                                      "Parallel Aware": false,
                                      "Async Capable": false,
                                      "Startup Cost": 2.47,
                                      "Total Cost": 2.47,
                                      "Plan Rows": 5,
                                      "Plan Width": 4,
                                      "Plans": [
                                        {
                                          "Node Type": "Hash Join",
                                          "Parent Relationship": "Outer",
                                          "Parallel Aware": false,
                                          "Async Capable": false,
                                          "Join Type": "Inner",
                                          "Startup Cost": 1.07,
                                          "Total Cost": 2.47,
                                          "Plan Rows": 5,
                                          "Plan Width": 4,
                                          "Inner Unique": false,
                                          "Hash Cond": "(n1.n_regionkey = region.r_regionkey)",
                                          "Plans": [
                                            {
                                              "Node Type": "Seq Scan",
                                              "Parent Relationship": "Outer",
                                              "Parallel Aware": false,
                                              "Async Capable": false,
                                              "Relation Name": "nation",
                                              "Alias": "n1",
                                              "Startup Cost": 0.0,
                                              "Total Cost": 1.25,
                                              "Plan Rows": 25,
                                              "Plan Width": 8,
                                              "parent": 20,
                                              "ID": 21
                                            },
                                            {
                                              "Node Type": "Hash",
                                              "Parent Relationship": "Inner",
                                              "Parallel Aware": false,
                                              "Async Capable": false,
                                              "Startup Cost": 1.06,
                                              "Total Cost": 1.06,
                                              "Plan Rows": 1,
                                              "Plan Width": 4,
                                              "Plans": [
                                                {
                                                  "Node Type": "Seq Scan",
                                                  "Parent Relationship": "Outer",
                                                  "Parallel Aware": false,
                                                  "Async Capable": false,
                                                  "Relation Name": "region",
                                                  "Alias": "region",
                                                  "Startup Cost": 0.0,
                                                  "Total Cost": 1.06,
                                                  "Plan Rows": 1,
                                                  "Plan Width": 4,
                                                  "Filter": "(r_name = 'ASIA'::bpchar)",
                                                  "parent": 22,
                                                  "ID": 23
                                                }
                                              ],
                                              "parent": 20,
                                              "ID": 22,
                                              "left": 23
                                            }
                                          ],
                                          "parent": 19,
                                          "ID": 20,
                                          "left": 21,
                                          "right": 22
                                        }
                                      ],
                                      "parent": 8,
                                      "ID": 19,
                                      "left": 20
                                    }
                                  ],
                                  "parent": 7,
                                  "ID": 8,
                                  "left": 9,
                                  "right": 19
                                }
                              ],
                              "parent": 5,
                              "ID": 7,
                              "left": 8
                            }
                          ],
                          "parent": 4,
                          "ID": 5,
                          "left": 6,
                          "right": 7
                        },
                        {
                          "Node Type": "Hash",
                          "Parent Relationship": "Inner",
                          "Parallel Aware": false,
                          "Async Capable": false,
                          "Startup Cost": 1.25,
                          "Total Cost": 1.25,
                          "Plan Rows": 25,
                          "Plan Width": 30,
                          "Plans": [
                            {
                              "Node Type": "Seq Scan",
                              "Parent Relationship": "Outer",
                              "Parallel Aware": false,
                              "Async Capable": false,
                              "Relation Name": "nation",
                              "Alias": "n2",
                              "Startup Cost": 0.0,
                              "Total Cost": 1.25,
                              "Plan Rows": 25,
                              "Plan Width": 30,
                              "parent": 24,
                              "ID": 25
                            }
                          ],
                          "parent": 4,
                          "ID": 24,
                          "left": 25
                        }
                      ],
                      "parent": 3,
                      "ID": 4,
                      "left": 5,
                      "right": 24
                    }
                  ],
                  "parent": 2,
                  "ID": 3,
                  "left": 4
                }
              ],
              "parent": 1,
              "ID": 2,
              "left": 3
            }
          ],
          "parent": 0,
          "ID": 1,
          "left": 2
        }
      ],
      "parent": null,
      "ID": 0,
      "left": 1
    },
    "feat": {
      "utility": 0.17550397832818337,
      "query_shape": [
        [
          "Seq Scan",
          "Hash Join",
          "Sort",
          "Aggregate",
          "Gather Merge"
        ],
        [
          "Seq Scan",
          "Hash Join",
          "Hash",
          "Sort",
          "Aggregate",
          "Gather Merge"
        ],
        [
          "Seq Scan",
          "Hash Join",
          "Hash",
          "Sort",
          "Aggregate",
          "Gather Merge"
        ],
        [
          "Seq Scan",
          "Hash Join",
          "Hash",
          "Sort",
          "Aggregate",
          "Gather Merge"
        ],
        [
          "Seq Scan",
          "Hash",
          "Hash Join",
          "Sort",
          "Aggregate",
          "Gather Merge"
        ],
        [
          "Seq Scan",
          "Hash Join",
          "Hash",
          "Sort",
          "Aggregate",
          "Gather Merge"
        ],
        [
          "Seq Scan",
          "Hash",
          "Hash Join",
          "Sort",
          "Aggregate",
          "Gather Merge"
        ],
        [
          "Seq Scan",
          "Hash",
          "Hash Join",
          "Sort",
          "Aggregate",
          "Gather Merge"
        ]
      ],
      "index_shape": [
        "selection"
      ],
      "physical_operator": {
        "Seq Scan": [
          0.031817733333333376
        ],
        "Sort": [
          "[0. 0. 0. 0. 0. 0. 0. 0. 0. 0. 0. 0. 0. 0. 0. 0. 0. 0. 0. 0. 0. 0. 0. 0.\n 0. 0. 0. 0. 0. 0. 0. 0. 0. 0. 0. 0. 0. 0. 0. 0. 0. 0. 0. 0. 0. 0. 0. 0.\n 0. 0. 0.]"
        ],
        "Aggregate": [
          "[0. 0. 0. 0. 0. 0. 0. 0. 0. 0. 0. 0. 0. 0. 0. 0. 0. 0. 0. 0. 0. 0. 0. 0.\n 0. 0. 0. 0. 0. 0. 0. 0. 0. 0. 0. 0. 0. 0. 0. 0. 0. 0. 0. 0. 0. 0. 0. 0.\n 0. 0. 0.]",
          "[0. 0. 0. 0. 0. 0. 0. 0. 0. 0. 0. 0. 0. 0. 0. 0. 0. 0. 0. 0. 0. 0. 0. 0.\n 0. 0. 0. 0. 0. 0. 0. 0. 0. 0. 0. 0. 0. 0. 0. 0. 0. 0. 0. 0. 0. 0. 0. 0.\n 0. 0. 0.]"
        ]
      }
    }
  },
  {
    "query": "-- Functional Query Definition\n-- Approved February 1998\n\n\nselect\no_year,\nsum(case\nwhen nation = 'CHINA' then volume\nelse 0\nend) / sum(volume) as mkt_share\nfrom\n(\nselect\nextract(year from o_orderdate) as o_year,\nl_extendedprice * (1 - l_discount) as volume,\nn2.n_name as nation\nfrom\npart,\nsupplier,\nlineitem,\norders,\ncustomer,\nnation n1,\nnation n2,\nregion\nwhere\np_partkey = l_partkey\nand s_suppkey = l_suppkey\nand l_orderkey = o_orderkey\nand o_custkey = c_custkey\nand c_nationkey = n1.n_nationkey\nand n1.n_regionkey = r_regionkey\nand r_name = 'ASIA'\nand s_nationkey = n2.n_nationkey\nand o_orderdate between date '1995-01-01' and date '1996-12-31'\nand p_type = 'PROMO BRUSHED STEEL'\n) as all_nations\ngroup by\no_year\norder by\no_year ;\n-- $ID$\n-- TPC-H/TPC-R Product Type Profit Measure ",
    "indexes": "part.p_partkey",
    "wo plan est": {
      "Node Type": "Aggregate",
      "Strategy": "Sorted",
      "Partial Mode": "Finalize",
      "Parallel Aware": false,
      "Async Capable": false,
      "Startup Cost": 1955785.01,
      "Total Cost": 1956486.84,
      "Plan Rows": 2406,
      "Plan Width": 64,
      "Group Key": [
        "(EXTRACT(year FROM orders.o_orderdate))"
      ],
      "Plans": [
        {
          "Node Type": "Gather Merge",
          "Parent Relationship": "Outer",
          "Parallel Aware": false,
          "Async Capable": false,
          "Startup Cost": 1955785.01,
          "Total Cost": 1956408.65,
          "Plan Rows": 2406,
          "Plan Width": 96,
          "Workers Planned": 1,
          "Plans": [
            {
              "Node Type": "Aggregate",
              "Strategy": "Sorted",
              "Partial Mode": "Partial",
              "Parent Relationship": "Outer",
              "Parallel Aware": false,
              "Async Capable": false,
              "Startup Cost": 1954785.0,
              "Total Cost": 1955137.96,
              "Plan Rows": 2406,
              "Plan Width": 96,
              "Group Key": [
                "(EXTRACT(year FROM orders.o_orderdate))"
              ],
              "Plans": [
                {
                  "Node Type": "Sort",
                  "Parent Relationship": "Outer",
                  "Parallel Aware": false,
                  "Async Capable": false,
                  "Startup Cost": 1954785.0,
                  "Total Cost": 1954819.54,
                  "Plan Rows": 13816,
                  "Plan Width": 70,
                  "Sort Key": [
                    "(EXTRACT(year FROM orders.o_orderdate))"
                  ],
                  "Plans": [
                    {
                      "Node Type": "Hash Join",
                      "Parent Relationship": "Outer",
                      "Parallel Aware": false,
                      "Async Capable": false,
                      "Join Type": "Inner",
                      "Startup Cost": 1950527.96,
                      "Total Cost": 1953834.87,
                      "Plan Rows": 13816,
                      "Plan Width": 70,
                      "Inner Unique": false,
                      "Hash Cond": "(supplier.s_nationkey = n2.n_nationkey)",
                      "Plans": [
                        {
                          "Node Type": "Hash Join",
                          "Parent Relationship": "Outer",
                          "Parallel Aware": true,
                          "Async Capable": false,
                          "Join Type": "Inner",
                          "Startup Cost": 1950526.4,
                          "Total Cost": 1953608.79,
                          "Plan Rows": 13816,
                          "Plan Width": 20,
                          "Inner Unique": false,
                          "Hash Cond": "(supplier.s_suppkey = lineitem.l_suppkey)",
                          "Plans": [
                            {
                              "Node Type": "Seq Scan",
                              "Parent Relationship": "Outer",
                              "Parallel Aware": true,
                              "Async Capable": false,
                              "Relation Name": "supplier",
                              "Alias": "supplier",
                              "Startup Cost": 0.0,
                              "Total Cost": 2804.24,
                              "Plan Rows": 58824,
                              "Plan Width": 8,
                              "parent": 5,
                              "ID": 6
                            },
                            {
                              "Node Type": "Hash",
                              "Parent Relationship": "Inner",
                              "Parallel Aware": true,
                              "Async Capable": false,
                              "Startup Cost": 1950404.06,
                              "Total Cost": 1950404.06,
                              "Plan Rows": 9787,
                              "Plan Width": 20,
                              "Plans": [
                                {
                                  "Node Type": "Hash Join",
                                  "Parent Relationship": "Outer",
                                  "Parallel Aware": false,
                                  "Async Capable": false,
                                  "Join Type": "Inner",
                                  "Startup Cost": 1905498.74,
                                  "Total Cost": 1950404.06,
                                  "Plan Rows": 9787,
                                  "Plan Width": 20,
                                  "Inner Unique": false,
                                  "Hash Cond": "(customer.c_nationkey = n1.n_nationkey)",
                                  "Plans": [
                                    {
                                      "Node Type": "Hash Join",
                                      "Parent Relationship": "Outer",
                                      "Parallel Aware": true,
                                      "Async Capable": false,
                                      "Join Type": "Inner",
                                      "Startup Cost": 1905496.2,
                                      "Total Cost": 1950120.18,
                                      "Plan Rows": 48932,
                                      "Plan Width": 24,
                                      "Inner Unique": false,
                                      "Hash Cond": "(customer.c_custkey = orders.o_custkey)",
                                      "Plans": [
                                        {
                                          "Node Type": "Seq Scan",
                                          "Parent Relationship": "Outer",
                                          "Parallel Aware": true,
                                          "Async Capable": false,
                                          "Relation Name": "customer",
                                          "Alias": "customer",
                                          "Startup Cost": 0.0,
                                          "Total Cost": 42076.52,
                                          "Plan Rows": 624952,
                                          "Plan Width": 8,
                                          "parent": 9,
                                          "ID": 10
                                        },
                                        {
                                          "Node Type": "Hash",
                                          "Parent Relationship": "Inner",
                                          "Parallel Aware": true,
                                          "Async Capable": false,
                                          "Startup Cost": 1904884.55,
                                          "Total Cost": 1904884.55,
                                          "Plan Rows": 48932,
                                          "Plan Width": 24,
                                          "Plans": [
                                            {
                                              "Node Type": "Hash Join",
                                              "Parent Relationship": "Outer",
                                              "Parallel Aware": true,
                                              "Async Capable": false,
                                              "Join Type": "Inner",
                                              "Startup Cost": 1523283.11,
                                              "Total Cost": 1904884.55,
                                              "Plan Rows": 48932,
                                              "Plan Width": 24,
                                              "Inner Unique": false,
                                              "Hash Cond": "(orders.o_orderkey = lineitem.l_orderkey)",
                                              "Plans": [
                                                {
                                                  "Node Type": "Seq Scan",
                                                  "Parent Relationship": "Outer",
                                                  "Parallel Aware": true,
                                                  "Async Capable": false,
                                                  "Relation Name": "orders",
                                                  "Alias": "orders",
                                                  "Startup Cost": 0.0,
                                                  "Total Cost": 354655.56,
                                                  "Plan Rows": 1909064,
                                                  "Plan Width": 12,
                                                  "Filter": "((o_orderdate >= '1995-01-01'::date) AND (o_orderdate <= '1996-12-31'::date))",
                                                  "parent": 12,
                                                  "ID": 13
                                                },
                                                {
                                                  "Node Type": "Hash",
                                                  "Parent Relationship": "Inner",
                                                  "Parallel Aware": true,
                                                  "Async Capable": false,
                                                  "Startup Cost": 1520341.76,
                                                  "Total Cost": 1520341.76,
                                                  "Plan Rows": 160188,
                                                  "Plan Width": 20,
                                                  "Plans": [
                                                    {
                                                      "Node Type": "Hash Join",
                                                      "Parent Relationship": "Outer",
                                                      "Parallel Aware": true,
                                                      "Async Capable": false,
                                                      "Join Type": "Inner",
                                                      "Startup Cost": 51447.53,
                                                      "Total Cost": 1520341.76,
                                                      "Plan Rows": 160188,
                                                      "Plan Width": 20,
                                                      "Inner Unique": false,
                                                      "Hash Cond": "(lineitem.l_partkey = part.p_partkey)",
                                                      "Plans": [
                                                        {
                                                          "Node Type": "Seq Scan",
                                                          "Parent Relationship": "Outer",
                                                          "Parallel Aware": true,
                                                          "Async Capable": false,
                                                          "Relation Name": "lineitem",
                                                          "Alias": "lineitem",
                                                          "Startup Cost": 0.0,
                                                          "Total Cost": 1374494.57,
                                                          "Plan Rows": 24995257,
                                                          "Plan Width": 24,
                                                          "parent": 15,
                                                          "ID": 16
                                                        },
                                                        {
                                                          "Node Type": "Hash",
                                                          "Parent Relationship": "Inner",
                                                          "Parallel Aware": true,
                                                          "Async Capable": false,
                                                          "Startup Cost": 51378.28,
                                                          "Total Cost": 51378.28,
                                                          "Plan Rows": 5540,
                                                          "Plan Width": 4,
                                                          "Plans": [
                                                            {
                                                              "Node Type": "Seq Scan",
                                                              "Parent Relationship": "Outer",
                                                              "Parallel Aware": true,
                                                              "Async Capable": false,
                                                              "Relation Name": "part",
                                                              "Alias": "part",
                                                              "Startup Cost": 0.0,
                                                              "Total Cost": 51378.28,
                                                              "Plan Rows": 5540,
                                                              "Plan Width": 4,
                                                              "Filter": "((p_type)::text = 'PROMO BRUSHED STEEL'::text)",
                                                              "parent": 17,
                                                              "ID": 18
                                                            }
                                                          ],
                                                          "parent": 15,
                                                          "ID": 17,
                                                          "left": 18
                                                        }
                                                      ],
                                                      "parent": 14,
                                                      "ID": 15,
                                                      "left": 16,
                                                      "right": 17
                                                    }
                                                  ],
                                                  "parent": 12,
                                                  "ID": 14,
                                                  "left": 15
                                                }
                                              ],
                                              "parent": 11,
                                              "ID": 12,
                                              "left": 13,
                                              "right": 14
                                            }
                                          ],
                                          "parent": 9,
                                          "ID": 11,
                                          "left": 12
                                        }
                                      ],
                                      "parent": 8,
                                      "ID": 9,
                                      "left": 10,
                                      "right": 11
                                    },
                                    {
                                      "Node Type": "Hash",
                                      "Parent Relationship": "Inner",
                                      "Parallel Aware": false,
                                      "Async Capable": false,
                                      "Startup Cost": 2.47,
                                      "Total Cost": 2.47,
                                      "Plan Rows": 5,
                                      "Plan Width": 4,
                                      "Plans": [
                                        {
                                          "Node Type": "Hash Join",
                                          "Parent Relationship": "Outer",
                                          "Parallel Aware": false,
                                          "Async Capable": false,
                                          "Join Type": "Inner",
                                          "Startup Cost": 1.07,
                                          "Total Cost": 2.47,
                                          "Plan Rows": 5,
                                          "Plan Width": 4,
                                          "Inner Unique": false,
                                          "Hash Cond": "(n1.n_regionkey = region.r_regionkey)",
                                          "Plans": [
                                            {
                                              "Node Type": "Seq Scan",
                                              "Parent Relationship": "Outer",
                                              "Parallel Aware": false,
                                              "Async Capable": false,
                                              "Relation Name": "nation",
                                              "Alias": "n1",
                                              "Startup Cost": 0.0,
                                              "Total Cost": 1.25,
                                              "Plan Rows": 25,
                                              "Plan Width": 8,
                                              "parent": 20,
                                              "ID": 21
                                            },
                                            {
                                              "Node Type": "Hash",
                                              "Parent Relationship": "Inner",
                                              "Parallel Aware": false,
                                              "Async Capable": false,
                                              "Startup Cost": 1.06,
                                              "Total Cost": 1.06,
                                              "Plan Rows": 1,
                                              "Plan Width": 4,
                                              "Plans": [
                                                {
                                                  "Node Type": "Seq Scan",
                                                  "Parent Relationship": "Outer",
                                                  "Parallel Aware": false,
                                                  "Async Capable": false,
                                                  "Relation Name": "region",
                                                  "Alias": "region",
                                                  "Startup Cost": 0.0,
                                                  "Total Cost": 1.06,
                                                  "Plan Rows": 1,
                                                  "Plan Width": 4,
                                                  "Filter": "(r_name = 'ASIA'::bpchar)",
                                                  "parent": 22,
                                                  "ID": 23
                                                }
                                              ],
                                              "parent": 20,
                                              "ID": 22,
                                              "left": 23
                                            }
                                          ],
                                          "parent": 19,
                                          "ID": 20,
                                          "left": 21,
                                          "right": 22
                                        }
                                      ],
                                      "parent": 8,
                                      "ID": 19,
                                      "left": 20
                                    }
                                  ],
                                  "parent": 7,
                                  "ID": 8,
                                  "left": 9,
                                  "right": 19
                                }
                              ],
                              "parent": 5,
                              "ID": 7,
                              "left": 8
                            }
                          ],
                          "parent": 4,
                          "ID": 5,
                          "left": 6,
                          "right": 7
                        },
                        {
                          "Node Type": "Hash",
                          "Parent Relationship": "Inner",
                          "Parallel Aware": false,
                          "Async Capable": false,
                          "Startup Cost": 1.25,
                          "Total Cost": 1.25,
                          "Plan Rows": 25,
                          "Plan Width": 30,
                          "Plans": [
                            {
                              "Node Type": "Seq Scan",
                              "Parent Relationship": "Outer",
                              "Parallel Aware": false,
                              "Async Capable": false,
                              "Relation Name": "nation",
                              "Alias": "n2",
                              "Startup Cost": 0.0,
                              "Total Cost": 1.25,
                              "Plan Rows": 25,
                              "Plan Width": 30,
                              "parent": 24,
                              "ID": 25
                            }
                          ],
                          "parent": 4,
                          "ID": 24,
                          "left": 25
                        }
                      ],
                      "parent": 3,
                      "ID": 4,
                      "left": 5,
                      "right": 24
                    }
                  ],
                  "parent": 2,
                  "ID": 3,
                  "left": 4
                }
              ],
              "parent": 1,
              "ID": 2,
              "left": 3
            }
          ],
          "parent": 0,
          "ID": 1,
          "left": 2
        }
      ],
      "parent": null,
      "ID": 0,
      "left": 1
    },
    "feat": {
      "utility": 6.382131148580048e-07,
      "query_shape": [
        [
          "Seq Scan",
          "Hash Join",
          "Sort",
          "Aggregate",
          "Gather Merge"
        ],
        [
          "Seq Scan",
          "Hash Join",
          "Hash",
          "Sort",
          "Aggregate",
          "Gather Merge"
        ],
        [
          "Seq Scan",
          "Hash Join",
          "Hash",
          "Sort",
          "Aggregate",
          "Gather Merge"
        ],
        [
          "Seq Scan",
          "Hash Join",
          "Hash",
          "Sort",
          "Aggregate",
          "Gather Merge"
        ],
        [
          "Seq Scan",
          "Hash",
          "Hash Join",
          "Sort",
          "Aggregate",
          "Gather Merge"
        ],
        [
          "Seq Scan",
          "Hash Join",
          "Hash",
          "Sort",
          "Aggregate",
          "Gather Merge"
        ],
        [
          "Seq Scan",
          "Hash",
          "Hash Join",
          "Sort",
          "Aggregate",
          "Gather Merge"
        ],
        [
          "Seq Scan",
          "Hash",
          "Hash Join",
          "Sort",
          "Aggregate",
          "Gather Merge"
        ]
      ],
      "index_shape": [
        "join"
      ],
      "physical_operator": {
        "Hash Join": [
          0.0010755517319240547
        ]
      }
    }
  },
  {
    "query": "-- Functional Query Definition\n-- Approved February 1998\n\n\nselect\no_year,\nsum(case\nwhen nation = 'CHINA' then volume\nelse 0\nend) / sum(volume) as mkt_share\nfrom\n(\nselect\nextract(year from o_orderdate) as o_year,\nl_extendedprice * (1 - l_discount) as volume,\nn2.n_name as nation\nfrom\npart,\nsupplier,\nlineitem,\norders,\ncustomer,\nnation n1,\nnation n2,\nregion\nwhere\np_partkey = l_partkey\nand s_suppkey = l_suppkey\nand l_orderkey = o_orderkey\nand o_custkey = c_custkey\nand c_nationkey = n1.n_nationkey\nand n1.n_regionkey = r_regionkey\nand r_name = 'ASIA'\nand s_nationkey = n2.n_nationkey\nand o_orderdate between date '1995-01-01' and date '1996-12-31'\nand p_type = 'PROMO BRUSHED STEEL'\n) as all_nations\ngroup by\no_year\norder by\no_year ;\n-- $ID$\n-- TPC-H/TPC-R Product Type Profit Measure ",
    "indexes": "part.p_type",
    "wo plan est": {
      "Node Type": "Aggregate",
      "Strategy": "Sorted",
      "Partial Mode": "Finalize",
      "Parallel Aware": false,
      "Async Capable": false,
      "Startup Cost": 1955785.01,
      "Total Cost": 1956486.84,
      "Plan Rows": 2406,
      "Plan Width": 64,
      "Group Key": [
        "(EXTRACT(year FROM orders.o_orderdate))"
      ],
      "Plans": [
        {
          "Node Type": "Gather Merge",
          "Parent Relationship": "Outer",
          "Parallel Aware": false,
          "Async Capable": false,
          "Startup Cost": 1955785.01,
          "Total Cost": 1956408.65,
          "Plan Rows": 2406,
          "Plan Width": 96,
          "Workers Planned": 1,
          "Plans": [
            {
              "Node Type": "Aggregate",
              "Strategy": "Sorted",
              "Partial Mode": "Partial",
              "Parent Relationship": "Outer",
              "Parallel Aware": false,
              "Async Capable": false,
              "Startup Cost": 1954785.0,
              "Total Cost": 1955137.96,
              "Plan Rows": 2406,
              "Plan Width": 96,
              "Group Key": [
                "(EXTRACT(year FROM orders.o_orderdate))"
              ],
              "Plans": [
                {
                  "Node Type": "Sort",
                  "Parent Relationship": "Outer",
                  "Parallel Aware": false,
                  "Async Capable": false,
                  "Startup Cost": 1954785.0,
                  "Total Cost": 1954819.54,
                  "Plan Rows": 13816,
                  "Plan Width": 70,
                  "Sort Key": [
                    "(EXTRACT(year FROM orders.o_orderdate))"
                  ],
                  "Plans": [
                    {
                      "Node Type": "Hash Join",
                      "Parent Relationship": "Outer",
                      "Parallel Aware": false,
                      "Async Capable": false,
                      "Join Type": "Inner",
                      "Startup Cost": 1950527.96,
                      "Total Cost": 1953834.87,
                      "Plan Rows": 13816,
                      "Plan Width": 70,
                      "Inner Unique": false,
                      "Hash Cond": "(supplier.s_nationkey = n2.n_nationkey)",
                      "Plans": [
                        {
                          "Node Type": "Hash Join",
                          "Parent Relationship": "Outer",
                          "Parallel Aware": true,
                          "Async Capable": false,
                          "Join Type": "Inner",
                          "Startup Cost": 1950526.4,
                          "Total Cost": 1953608.79,
                          "Plan Rows": 13816,
                          "Plan Width": 20,
                          "Inner Unique": false,
                          "Hash Cond": "(supplier.s_suppkey = lineitem.l_suppkey)",
                          "Plans": [
                            {
                              "Node Type": "Seq Scan",
                              "Parent Relationship": "Outer",
                              "Parallel Aware": true,
                              "Async Capable": false,
                              "Relation Name": "supplier",
                              "Alias": "supplier",
                              "Startup Cost": 0.0,
                              "Total Cost": 2804.24,
                              "Plan Rows": 58824,
                              "Plan Width": 8,
                              "parent": 5,
                              "ID": 6
                            },
                            {
                              "Node Type": "Hash",
                              "Parent Relationship": "Inner",
                              "Parallel Aware": true,
                              "Async Capable": false,
                              "Startup Cost": 1950404.06,
                              "Total Cost": 1950404.06,
                              "Plan Rows": 9787,
                              "Plan Width": 20,
                              "Plans": [
                                {
                                  "Node Type": "Hash Join",
                                  "Parent Relationship": "Outer",
                                  "Parallel Aware": false,
                                  "Async Capable": false,
                                  "Join Type": "Inner",
                                  "Startup Cost": 1905498.74,
                                  "Total Cost": 1950404.06,
                                  "Plan Rows": 9787,
                                  "Plan Width": 20,
                                  "Inner Unique": false,
                                  "Hash Cond": "(customer.c_nationkey = n1.n_nationkey)",
                                  "Plans": [
                                    {
                                      "Node Type": "Hash Join",
                                      "Parent Relationship": "Outer",
                                      "Parallel Aware": true,
                                      "Async Capable": false,
                                      "Join Type": "Inner",
                                      "Startup Cost": 1905496.2,
                                      "Total Cost": 1950120.18,
                                      "Plan Rows": 48932,
                                      "Plan Width": 24,
                                      "Inner Unique": false,
                                      "Hash Cond": "(customer.c_custkey = orders.o_custkey)",
                                      "Plans": [
                                        {
                                          "Node Type": "Seq Scan",
                                          "Parent Relationship": "Outer",
                                          "Parallel Aware": true,
                                          "Async Capable": false,
                                          "Relation Name": "customer",
                                          "Alias": "customer",
                                          "Startup Cost": 0.0,
                                          "Total Cost": 42076.52,
                                          "Plan Rows": 624952,
                                          "Plan Width": 8,
                                          "parent": 9,
                                          "ID": 10
                                        },
                                        {
                                          "Node Type": "Hash",
                                          "Parent Relationship": "Inner",
                                          "Parallel Aware": true,
                                          "Async Capable": false,
                                          "Startup Cost": 1904884.55,
                                          "Total Cost": 1904884.55,
                                          "Plan Rows": 48932,
                                          "Plan Width": 24,
                                          "Plans": [
                                            {
                                              "Node Type": "Hash Join",
                                              "Parent Relationship": "Outer",
                                              "Parallel Aware": true,
                                              "Async Capable": false,
                                              "Join Type": "Inner",
                                              "Startup Cost": 1523283.11,
                                              "Total Cost": 1904884.55,
                                              "Plan Rows": 48932,
                                              "Plan Width": 24,
                                              "Inner Unique": false,
                                              "Hash Cond": "(orders.o_orderkey = lineitem.l_orderkey)",
                                              "Plans": [
                                                {
                                                  "Node Type": "Seq Scan",
                                                  "Parent Relationship": "Outer",
                                                  "Parallel Aware": true,
                                                  "Async Capable": false,
                                                  "Relation Name": "orders",
                                                  "Alias": "orders",
                                                  "Startup Cost": 0.0,
                                                  "Total Cost": 354655.56,
                                                  "Plan Rows": 1909064,
                                                  "Plan Width": 12,
                                                  "Filter": "((o_orderdate >= '1995-01-01'::date) AND (o_orderdate <= '1996-12-31'::date))",
                                                  "parent": 12,
                                                  "ID": 13
                                                },
                                                {
                                                  "Node Type": "Hash",
                                                  "Parent Relationship": "Inner",
                                                  "Parallel Aware": true,
                                                  "Async Capable": false,
                                                  "Startup Cost": 1520341.76,
                                                  "Total Cost": 1520341.76,
                                                  "Plan Rows": 160188,
                                                  "Plan Width": 20,
                                                  "Plans": [
                                                    {
                                                      "Node Type": "Hash Join",
                                                      "Parent Relationship": "Outer",
                                                      "Parallel Aware": true,
                                                      "Async Capable": false,
                                                      "Join Type": "Inner",
                                                      "Startup Cost": 51447.53,
                                                      "Total Cost": 1520341.76,
                                                      "Plan Rows": 160188,
                                                      "Plan Width": 20,
                                                      "Inner Unique": false,
                                                      "Hash Cond": "(lineitem.l_partkey = part.p_partkey)",
                                                      "Plans": [
                                                        {
                                                          "Node Type": "Seq Scan",
                                                          "Parent Relationship": "Outer",
                                                          "Parallel Aware": true,
                                                          "Async Capable": false,
                                                          "Relation Name": "lineitem",
                                                          "Alias": "lineitem",
                                                          "Startup Cost": 0.0,
                                                          "Total Cost": 1374494.57,
                                                          "Plan Rows": 24995257,
                                                          "Plan Width": 24,
                                                          "parent": 15,
                                                          "ID": 16
                                                        },
                                                        {
                                                          "Node Type": "Hash",
                                                          "Parent Relationship": "Inner",
                                                          "Parallel Aware": true,
                                                          "Async Capable": false,
                                                          "Startup Cost": 51378.28,
                                                          "Total Cost": 51378.28,
                                                          "Plan Rows": 5540,
                                                          "Plan Width": 4,
                                                          "Plans": [
                                                            {
                                                              "Node Type": "Seq Scan",
                                                              "Parent Relationship": "Outer",
                                                              "Parallel Aware": true,
                                                              "Async Capable": false,
                                                              "Relation Name": "part",
                                                              "Alias": "part",
                                                              "Startup Cost": 0.0,
                                                              "Total Cost": 51378.28,
                                                              "Plan Rows": 5540,
                                                              "Plan Width": 4,
                                                              "Filter": "((p_type)::text = 'PROMO BRUSHED STEEL'::text)",
                                                              "parent": 17,
                                                              "ID": 18
                                                            }
                                                          ],
                                                          "parent": 15,
                                                          "ID": 17,
                                                          "left": 18
                                                        }
                                                      ],
                                                      "parent": 14,
                                                      "ID": 15,
                                                      "left": 16,
                                                      "right": 17
                                                    }
                                                  ],
                                                  "parent": 12,
                                                  "ID": 14,
                                                  "left": 15
                                                }
                                              ],
                                              "parent": 11,
                                              "ID": 12,
                                              "left": 13,
                                              "right": 14
                                            }
                                          ],
                                          "parent": 9,
                                          "ID": 11,
                                          "left": 12
                                        }
                                      ],
                                      "parent": 8,
                                      "ID": 9,
                                      "left": 10,
                                      "right": 11
                                    },
                                    {
                                      "Node Type": "Hash",
                                      "Parent Relationship": "Inner",
                                      "Parallel Aware": false,
                                      "Async Capable": false,
                                      "Startup Cost": 2.47,
                                      "Total Cost": 2.47,
                                      "Plan Rows": 5,
                                      "Plan Width": 4,
                                      "Plans": [
                                        {
                                          "Node Type": "Hash Join",
                                          "Parent Relationship": "Outer",
                                          "Parallel Aware": false,
                                          "Async Capable": false,
                                          "Join Type": "Inner",
                                          "Startup Cost": 1.07,
                                          "Total Cost": 2.47,
                                          "Plan Rows": 5,
                                          "Plan Width": 4,
                                          "Inner Unique": false,
                                          "Hash Cond": "(n1.n_regionkey = region.r_regionkey)",
                                          "Plans": [
                                            {
                                              "Node Type": "Seq Scan",
                                              "Parent Relationship": "Outer",
                                              "Parallel Aware": false,
                                              "Async Capable": false,
                                              "Relation Name": "nation",
                                              "Alias": "n1",
                                              "Startup Cost": 0.0,
                                              "Total Cost": 1.25,
                                              "Plan Rows": 25,
                                              "Plan Width": 8,
                                              "parent": 20,
                                              "ID": 21
                                            },
                                            {
                                              "Node Type": "Hash",
                                              "Parent Relationship": "Inner",
                                              "Parallel Aware": false,
                                              "Async Capable": false,
                                              "Startup Cost": 1.06,
                                              "Total Cost": 1.06,
                                              "Plan Rows": 1,
                                              "Plan Width": 4,
                                              "Plans": [
                                                {
                                                  "Node Type": "Seq Scan",
                                                  "Parent Relationship": "Outer",
                                                  "Parallel Aware": false,
                                                  "Async Capable": false,
                                                  "Relation Name": "region",
                                                  "Alias": "region",
                                                  "Startup Cost": 0.0,
                                                  "Total Cost": 1.06,
                                                  "Plan Rows": 1,
                                                  "Plan Width": 4,
                                                  "Filter": "(r_name = 'ASIA'::bpchar)",
                                                  "parent": 22,
                                                  "ID": 23
                                                }
                                              ],
                                              "parent": 20,
                                              "ID": 22,
                                              "left": 23
                                            }
                                          ],
                                          "parent": 19,
                                          "ID": 20,
                                          "left": 21,
                                          "right": 22
                                        }
                                      ],
                                      "parent": 8,
                                      "ID": 19,
                                      "left": 20
                                    }
                                  ],
                                  "parent": 7,
                                  "ID": 8,
                                  "left": 9,
                                  "right": 19
                                }
                              ],
                              "parent": 5,
                              "ID": 7,
                              "left": 8
                            }
                          ],
                          "parent": 4,
                          "ID": 5,
                          "left": 6,
                          "right": 7
                        },
                        {
                          "Node Type": "Hash",
                          "Parent Relationship": "Inner",
                          "Parallel Aware": false,
                          "Async Capable": false,
                          "Startup Cost": 1.25,
                          "Total Cost": 1.25,
                          "Plan Rows": 25,
                          "Plan Width": 30,
                          "Plans": [
                            {
                              "Node Type": "Seq Scan",
                              "Parent Relationship": "Outer",
                              "Parallel Aware": false,
                              "Async Capable": false,
                              "Relation Name": "nation",
                              "Alias": "n2",
                              "Startup Cost": 0.0,
                              "Total Cost": 1.25,
                              "Plan Rows": 25,
                              "Plan Width": 30,
                              "parent": 24,
                              "ID": 25
                            }
                          ],
                          "parent": 4,
                          "ID": 24,
                          "left": 25
                        }
                      ],
                      "parent": 3,
                      "ID": 4,
                      "left": 5,
                      "right": 24
                    }
                  ],
                  "parent": 2,
                  "ID": 3,
                  "left": 4
                }
              ],
              "parent": 1,
              "ID": 2,
              "left": 3
            }
          ],
          "parent": 0,
          "ID": 1,
          "left": 2
        }
      ],
      "parent": null,
      "ID": 0,
      "left": 1
    },
    "feat": {
      "utility": 0.026187736670081563,
      "query_shape": [
        [
          "Seq Scan",
          "Hash Join",
          "Sort",
          "Aggregate",
          "Gather Merge"
        ],
        [
          "Seq Scan",
          "Hash Join",
          "Hash",
          "Sort",
          "Aggregate",
          "Gather Merge"
        ],
        [
          "Seq Scan",
          "Hash Join",
          "Hash",
          "Sort",
          "Aggregate",
          "Gather Merge"
        ],
        [
          "Seq Scan",
          "Hash Join",
          "Hash",
          "Sort",
          "Aggregate",
          "Gather Merge"
        ],
        [
          "Seq Scan",
          "Hash",
          "Hash Join",
          "Sort",
          "Aggregate",
          "Gather Merge"
        ],
        [
          "Seq Scan",
          "Hash Join",
          "Hash",
          "Sort",
          "Aggregate",
          "Gather Merge"
        ],
        [
          "Seq Scan",
          "Hash",
          "Hash Join",
          "Sort",
          "Aggregate",
          "Gather Merge"
        ],
        [
          "Seq Scan",
          "Hash",
          "Hash Join",
          "Sort",
          "Aggregate",
          "Gather Merge"
        ]
      ],
      "index_shape": [
        "selection"
      ],
      "physical_operator": {
        "Seq Scan": [
          0.00277000000000005
        ]
      }
    }
  },
  {
    "query": "-- Functional Query Definition\n-- Approved February 1998\n\n\nselect\no_year,\nsum(case\nwhen nation = 'CHINA' then volume\nelse 0\nend) / sum(volume) as mkt_share\nfrom\n(\nselect\nextract(year from o_orderdate) as o_year,\nl_extendedprice * (1 - l_discount) as volume,\nn2.n_name as nation\nfrom\npart,\nsupplier,\nlineitem,\norders,\ncustomer,\nnation n1,\nnation n2,\nregion\nwhere\np_partkey = l_partkey\nand s_suppkey = l_suppkey\nand l_orderkey = o_orderkey\nand o_custkey = c_custkey\nand c_nationkey = n1.n_nationkey\nand n1.n_regionkey = r_regionkey\nand r_name = 'ASIA'\nand s_nationkey = n2.n_nationkey\nand o_orderdate between date '1995-01-01' and date '1996-12-31'\nand p_type = 'PROMO BRUSHED STEEL'\n) as all_nations\ngroup by\no_year\norder by\no_year ;\n-- $ID$\n-- TPC-H/TPC-R Product Type Profit Measure ",
    "indexes": "region.r_regionkey",
    "wo plan est": {
      "Node Type": "Aggregate",
      "Strategy": "Sorted",
      "Partial Mode": "Finalize",
      "Parallel Aware": false,
      "Async Capable": false,
      "Startup Cost": 1955785.01,
      "Total Cost": 1956486.84,
      "Plan Rows": 2406,
      "Plan Width": 64,
      "Group Key": [
        "(EXTRACT(year FROM orders.o_orderdate))"
      ],
      "Plans": [
        {
          "Node Type": "Gather Merge",
          "Parent Relationship": "Outer",
          "Parallel Aware": false,
          "Async Capable": false,
          "Startup Cost": 1955785.01,
          "Total Cost": 1956408.65,
          "Plan Rows": 2406,
          "Plan Width": 96,
          "Workers Planned": 1,
          "Plans": [
            {
              "Node Type": "Aggregate",
              "Strategy": "Sorted",
              "Partial Mode": "Partial",
              "Parent Relationship": "Outer",
              "Parallel Aware": false,
              "Async Capable": false,
              "Startup Cost": 1954785.0,
              "Total Cost": 1955137.96,
              "Plan Rows": 2406,
              "Plan Width": 96,
              "Group Key": [
                "(EXTRACT(year FROM orders.o_orderdate))"
              ],
              "Plans": [
                {
                  "Node Type": "Sort",
                  "Parent Relationship": "Outer",
                  "Parallel Aware": false,
                  "Async Capable": false,
                  "Startup Cost": 1954785.0,
                  "Total Cost": 1954819.54,
                  "Plan Rows": 13816,
                  "Plan Width": 70,
                  "Sort Key": [
                    "(EXTRACT(year FROM orders.o_orderdate))"
                  ],
                  "Plans": [
                    {
                      "Node Type": "Hash Join",
                      "Parent Relationship": "Outer",
                      "Parallel Aware": false,
                      "Async Capable": false,
                      "Join Type": "Inner",
                      "Startup Cost": 1950527.96,
                      "Total Cost": 1953834.87,
                      "Plan Rows": 13816,
                      "Plan Width": 70,
                      "Inner Unique": false,
                      "Hash Cond": "(supplier.s_nationkey = n2.n_nationkey)",
                      "Plans": [
                        {
                          "Node Type": "Hash Join",
                          "Parent Relationship": "Outer",
                          "Parallel Aware": true,
                          "Async Capable": false,
                          "Join Type": "Inner",
                          "Startup Cost": 1950526.4,
                          "Total Cost": 1953608.79,
                          "Plan Rows": 13816,
                          "Plan Width": 20,
                          "Inner Unique": false,
                          "Hash Cond": "(supplier.s_suppkey = lineitem.l_suppkey)",
                          "Plans": [
                            {
                              "Node Type": "Seq Scan",
                              "Parent Relationship": "Outer",
                              "Parallel Aware": true,
                              "Async Capable": false,
                              "Relation Name": "supplier",
                              "Alias": "supplier",
                              "Startup Cost": 0.0,
                              "Total Cost": 2804.24,
                              "Plan Rows": 58824,
                              "Plan Width": 8,
                              "parent": 5,
                              "ID": 6
                            },
                            {
                              "Node Type": "Hash",
                              "Parent Relationship": "Inner",
                              "Parallel Aware": true,
                              "Async Capable": false,
                              "Startup Cost": 1950404.06,
                              "Total Cost": 1950404.06,
                              "Plan Rows": 9787,
                              "Plan Width": 20,
                              "Plans": [
                                {
                                  "Node Type": "Hash Join",
                                  "Parent Relationship": "Outer",
                                  "Parallel Aware": false,
                                  "Async Capable": false,
                                  "Join Type": "Inner",
                                  "Startup Cost": 1905498.74,
                                  "Total Cost": 1950404.06,
                                  "Plan Rows": 9787,
                                  "Plan Width": 20,
                                  "Inner Unique": false,
                                  "Hash Cond": "(customer.c_nationkey = n1.n_nationkey)",
                                  "Plans": [
                                    {
                                      "Node Type": "Hash Join",
                                      "Parent Relationship": "Outer",
                                      "Parallel Aware": true,
                                      "Async Capable": false,
                                      "Join Type": "Inner",
                                      "Startup Cost": 1905496.2,
                                      "Total Cost": 1950120.18,
                                      "Plan Rows": 48932,
                                      "Plan Width": 24,
                                      "Inner Unique": false,
                                      "Hash Cond": "(customer.c_custkey = orders.o_custkey)",
                                      "Plans": [
                                        {
                                          "Node Type": "Seq Scan",
                                          "Parent Relationship": "Outer",
                                          "Parallel Aware": true,
                                          "Async Capable": false,
                                          "Relation Name": "customer",
                                          "Alias": "customer",
                                          "Startup Cost": 0.0,
                                          "Total Cost": 42076.52,
                                          "Plan Rows": 624952,
                                          "Plan Width": 8,
                                          "parent": 9,
                                          "ID": 10
                                        },
                                        {
                                          "Node Type": "Hash",
                                          "Parent Relationship": "Inner",
                                          "Parallel Aware": true,
                                          "Async Capable": false,
                                          "Startup Cost": 1904884.55,
                                          "Total Cost": 1904884.55,
                                          "Plan Rows": 48932,
                                          "Plan Width": 24,
                                          "Plans": [
                                            {
                                              "Node Type": "Hash Join",
                                              "Parent Relationship": "Outer",
                                              "Parallel Aware": true,
                                              "Async Capable": false,
                                              "Join Type": "Inner",
                                              "Startup Cost": 1523283.11,
                                              "Total Cost": 1904884.55,
                                              "Plan Rows": 48932,
                                              "Plan Width": 24,
                                              "Inner Unique": false,
                                              "Hash Cond": "(orders.o_orderkey = lineitem.l_orderkey)",
                                              "Plans": [
                                                {
                                                  "Node Type": "Seq Scan",
                                                  "Parent Relationship": "Outer",
                                                  "Parallel Aware": true,
                                                  "Async Capable": false,
                                                  "Relation Name": "orders",
                                                  "Alias": "orders",
                                                  "Startup Cost": 0.0,
                                                  "Total Cost": 354655.56,
                                                  "Plan Rows": 1909064,
                                                  "Plan Width": 12,
                                                  "Filter": "((o_orderdate >= '1995-01-01'::date) AND (o_orderdate <= '1996-12-31'::date))",
                                                  "parent": 12,
                                                  "ID": 13
                                                },
                                                {
                                                  "Node Type": "Hash",
                                                  "Parent Relationship": "Inner",
                                                  "Parallel Aware": true,
                                                  "Async Capable": false,
                                                  "Startup Cost": 1520341.76,
                                                  "Total Cost": 1520341.76,
                                                  "Plan Rows": 160188,
                                                  "Plan Width": 20,
                                                  "Plans": [
                                                    {
                                                      "Node Type": "Hash Join",
                                                      "Parent Relationship": "Outer",
                                                      "Parallel Aware": true,
                                                      "Async Capable": false,
                                                      "Join Type": "Inner",
                                                      "Startup Cost": 51447.53,
                                                      "Total Cost": 1520341.76,
                                                      "Plan Rows": 160188,
                                                      "Plan Width": 20,
                                                      "Inner Unique": false,
                                                      "Hash Cond": "(lineitem.l_partkey = part.p_partkey)",
                                                      "Plans": [
                                                        {
                                                          "Node Type": "Seq Scan",
                                                          "Parent Relationship": "Outer",
                                                          "Parallel Aware": true,
                                                          "Async Capable": false,
                                                          "Relation Name": "lineitem",
                                                          "Alias": "lineitem",
                                                          "Startup Cost": 0.0,
                                                          "Total Cost": 1374494.57,
                                                          "Plan Rows": 24995257,
                                                          "Plan Width": 24,
                                                          "parent": 15,
                                                          "ID": 16
                                                        },
                                                        {
                                                          "Node Type": "Hash",
                                                          "Parent Relationship": "Inner",
                                                          "Parallel Aware": true,
                                                          "Async Capable": false,
                                                          "Startup Cost": 51378.28,
                                                          "Total Cost": 51378.28,
                                                          "Plan Rows": 5540,
                                                          "Plan Width": 4,
                                                          "Plans": [
                                                            {
                                                              "Node Type": "Seq Scan",
                                                              "Parent Relationship": "Outer",
                                                              "Parallel Aware": true,
                                                              "Async Capable": false,
                                                              "Relation Name": "part",
                                                              "Alias": "part",
                                                              "Startup Cost": 0.0,
                                                              "Total Cost": 51378.28,
                                                              "Plan Rows": 5540,
                                                              "Plan Width": 4,
                                                              "Filter": "((p_type)::text = 'PROMO BRUSHED STEEL'::text)",
                                                              "parent": 17,
                                                              "ID": 18
                                                            }
                                                          ],
                                                          "parent": 15,
                                                          "ID": 17,
                                                          "left": 18
                                                        }
                                                      ],
                                                      "parent": 14,
                                                      "ID": 15,
                                                      "left": 16,
                                                      "right": 17
                                                    }
                                                  ],
                                                  "parent": 12,
                                                  "ID": 14,
                                                  "left": 15
                                                }
                                              ],
                                              "parent": 11,
                                              "ID": 12,
                                              "left": 13,
                                              "right": 14
                                            }
                                          ],
                                          "parent": 9,
                                          "ID": 11,
                                          "left": 12
                                        }
                                      ],
                                      "parent": 8,
                                      "ID": 9,
                                      "left": 10,
                                      "right": 11
                                    },
                                    {
                                      "Node Type": "Hash",
                                      "Parent Relationship": "Inner",
                                      "Parallel Aware": false,
                                      "Async Capable": false,
                                      "Startup Cost": 2.47,
                                      "Total Cost": 2.47,
                                      "Plan Rows": 5,
                                      "Plan Width": 4,
                                      "Plans": [
                                        {
                                          "Node Type": "Hash Join",
                                          "Parent Relationship": "Outer",
                                          "Parallel Aware": false,
                                          "Async Capable": false,
                                          "Join Type": "Inner",
                                          "Startup Cost": 1.07,
                                          "Total Cost": 2.47,
                                          "Plan Rows": 5,
                                          "Plan Width": 4,
                                          "Inner Unique": false,
                                          "Hash Cond": "(n1.n_regionkey = region.r_regionkey)",
                                          "Plans": [
                                            {
                                              "Node Type": "Seq Scan",
                                              "Parent Relationship": "Outer",
                                              "Parallel Aware": false,
                                              "Async Capable": false,
                                              "Relation Name": "nation",
                                              "Alias": "n1",
                                              "Startup Cost": 0.0,
                                              "Total Cost": 1.25,
                                              "Plan Rows": 25,
                                              "Plan Width": 8,
                                              "parent": 20,
                                              "ID": 21
                                            },
                                            {
                                              "Node Type": "Hash",
                                              "Parent Relationship": "Inner",
                                              "Parallel Aware": false,
                                              "Async Capable": false,
                                              "Startup Cost": 1.06,
                                              "Total Cost": 1.06,
                                              "Plan Rows": 1,
                                              "Plan Width": 4,
                                              "Plans": [
                                                {
                                                  "Node Type": "Seq Scan",
                                                  "Parent Relationship": "Outer",
                                                  "Parallel Aware": false,
                                                  "Async Capable": false,
                                                  "Relation Name": "region",
                                                  "Alias": "region",
                                                  "Startup Cost": 0.0,
                                                  "Total Cost": 1.06,
                                                  "Plan Rows": 1,
                                                  "Plan Width": 4,
                                                  "Filter": "(r_name = 'ASIA'::bpchar)",
                                                  "parent": 22,
                                                  "ID": 23
                                                }
                                              ],
                                              "parent": 20,
                                              "ID": 22,
                                              "left": 23
                                            }
                                          ],
                                          "parent": 19,
                                          "ID": 20,
                                          "left": 21,
                                          "right": 22
                                        }
                                      ],
                                      "parent": 8,
                                      "ID": 19,
                                      "left": 20
                                    }
                                  ],
                                  "parent": 7,
                                  "ID": 8,
                                  "left": 9,
                                  "right": 19
                                }
                              ],
                              "parent": 5,
                              "ID": 7,
                              "left": 8
                            }
                          ],
                          "parent": 4,
                          "ID": 5,
                          "left": 6,
                          "right": 7
                        },
                        {
                          "Node Type": "Hash",
                          "Parent Relationship": "Inner",
                          "Parallel Aware": false,
                          "Async Capable": false,
                          "Startup Cost": 1.25,
                          "Total Cost": 1.25,
                          "Plan Rows": 25,
                          "Plan Width": 30,
                          "Plans": [
                            {
                              "Node Type": "Seq Scan",
                              "Parent Relationship": "Outer",
                              "Parallel Aware": false,
                              "Async Capable": false,
                              "Relation Name": "nation",
                              "Alias": "n2",
                              "Startup Cost": 0.0,
                              "Total Cost": 1.25,
                              "Plan Rows": 25,
                              "Plan Width": 30,
                              "parent": 24,
                              "ID": 25
                            }
                          ],
                          "parent": 4,
                          "ID": 24,
                          "left": 25
                        }
                      ],
                      "parent": 3,
                      "ID": 4,
                      "left": 5,
                      "right": 24
                    }
                  ],
                  "parent": 2,
                  "ID": 3,
                  "left": 4
                }
              ],
              "parent": 1,
              "ID": 2,
              "left": 3
            }
          ],
          "parent": 0,
          "ID": 1,
          "left": 2
        }
      ],
      "parent": null,
      "ID": 0,
      "left": 1
    },
    "feat": {
      "utility": 3.531753914710986e-07,
      "query_shape": [
        [
          "Seq Scan",
          "Hash Join",
          "Sort",
          "Aggregate",
          "Gather Merge"
        ],
        [
          "Seq Scan",
          "Hash Join",
          "Hash",
          "Sort",
          "Aggregate",
          "Gather Merge"
        ],
        [
          "Seq Scan",
          "Hash Join",
          "Hash",
          "Sort",
          "Aggregate",
          "Gather Merge"
        ],
        [
          "Seq Scan",
          "Hash Join",
          "Hash",
          "Sort",
          "Aggregate",
          "Gather Merge"
        ],
        [
          "Seq Scan",
          "Hash",
          "Hash Join",
          "Sort",
          "Aggregate",
          "Gather Merge"
        ],
        [
          "Seq Scan",
          "Hash Join",
          "Hash",
          "Sort",
          "Aggregate",
          "Gather Merge"
        ],
        [
          "Seq Scan",
          "Hash",
          "Hash Join",
          "Sort",
          "Aggregate",
          "Gather Merge"
        ],
        [
          "Seq Scan",
          "Hash",
          "Hash Join",
          "Sort",
          "Aggregate",
          "Gather Merge"
        ]
      ],
      "index_shape": [
        "join"
      ],
      "physical_operator": {
        "Hash Join": [
          0.4472135954999579
        ]
      }
    }
  },
  {
    "query": "-- Functional Query Definition\n-- Approved February 1998\n\n\nselect\no_year,\nsum(case\nwhen nation = 'CHINA' then volume\nelse 0\nend) / sum(volume) as mkt_share\nfrom\n(\nselect\nextract(year from o_orderdate) as o_year,\nl_extendedprice * (1 - l_discount) as volume,\nn2.n_name as nation\nfrom\npart,\nsupplier,\nlineitem,\norders,\ncustomer,\nnation n1,\nnation n2,\nregion\nwhere\np_partkey = l_partkey\nand s_suppkey = l_suppkey\nand l_orderkey = o_orderkey\nand o_custkey = c_custkey\nand c_nationkey = n1.n_nationkey\nand n1.n_regionkey = r_regionkey\nand r_name = 'ASIA'\nand s_nationkey = n2.n_nationkey\nand o_orderdate between date '1995-01-01' and date '1996-12-31'\nand p_type = 'PROMO BRUSHED STEEL'\n) as all_nations\ngroup by\no_year\norder by\no_year ;\n-- $ID$\n-- TPC-H/TPC-R Product Type Profit Measure ",
    "indexes": "region.r_name",
    "wo plan est": {
      "Node Type": "Aggregate",
      "Strategy": "Sorted",
      "Partial Mode": "Finalize",
      "Parallel Aware": false,
      "Async Capable": false,
      "Startup Cost": 1955785.01,
      "Total Cost": 1956486.84,
      "Plan Rows": 2406,
      "Plan Width": 64,
      "Group Key": [
        "(EXTRACT(year FROM orders.o_orderdate))"
      ],
      "Plans": [
        {
          "Node Type": "Gather Merge",
          "Parent Relationship": "Outer",
          "Parallel Aware": false,
          "Async Capable": false,
          "Startup Cost": 1955785.01,
          "Total Cost": 1956408.65,
          "Plan Rows": 2406,
          "Plan Width": 96,
          "Workers Planned": 1,
          "Plans": [
            {
              "Node Type": "Aggregate",
              "Strategy": "Sorted",
              "Partial Mode": "Partial",
              "Parent Relationship": "Outer",
              "Parallel Aware": false,
              "Async Capable": false,
              "Startup Cost": 1954785.0,
              "Total Cost": 1955137.96,
              "Plan Rows": 2406,
              "Plan Width": 96,
              "Group Key": [
                "(EXTRACT(year FROM orders.o_orderdate))"
              ],
              "Plans": [
                {
                  "Node Type": "Sort",
                  "Parent Relationship": "Outer",
                  "Parallel Aware": false,
                  "Async Capable": false,
                  "Startup Cost": 1954785.0,
                  "Total Cost": 1954819.54,
                  "Plan Rows": 13816,
                  "Plan Width": 70,
                  "Sort Key": [
                    "(EXTRACT(year FROM orders.o_orderdate))"
                  ],
                  "Plans": [
                    {
                      "Node Type": "Hash Join",
                      "Parent Relationship": "Outer",
                      "Parallel Aware": false,
                      "Async Capable": false,
                      "Join Type": "Inner",
                      "Startup Cost": 1950527.96,
                      "Total Cost": 1953834.87,
                      "Plan Rows": 13816,
                      "Plan Width": 70,
                      "Inner Unique": false,
                      "Hash Cond": "(supplier.s_nationkey = n2.n_nationkey)",
                      "Plans": [
                        {
                          "Node Type": "Hash Join",
                          "Parent Relationship": "Outer",
                          "Parallel Aware": true,
                          "Async Capable": false,
                          "Join Type": "Inner",
                          "Startup Cost": 1950526.4,
                          "Total Cost": 1953608.79,
                          "Plan Rows": 13816,
                          "Plan Width": 20,
                          "Inner Unique": false,
                          "Hash Cond": "(supplier.s_suppkey = lineitem.l_suppkey)",
                          "Plans": [
                            {
                              "Node Type": "Seq Scan",
                              "Parent Relationship": "Outer",
                              "Parallel Aware": true,
                              "Async Capable": false,
                              "Relation Name": "supplier",
                              "Alias": "supplier",
                              "Startup Cost": 0.0,
                              "Total Cost": 2804.24,
                              "Plan Rows": 58824,
                              "Plan Width": 8,
                              "parent": 5,
                              "ID": 6
                            },
                            {
                              "Node Type": "Hash",
                              "Parent Relationship": "Inner",
                              "Parallel Aware": true,
                              "Async Capable": false,
                              "Startup Cost": 1950404.06,
                              "Total Cost": 1950404.06,
                              "Plan Rows": 9787,
                              "Plan Width": 20,
                              "Plans": [
                                {
                                  "Node Type": "Hash Join",
                                  "Parent Relationship": "Outer",
                                  "Parallel Aware": false,
                                  "Async Capable": false,
                                  "Join Type": "Inner",
                                  "Startup Cost": 1905498.74,
                                  "Total Cost": 1950404.06,
                                  "Plan Rows": 9787,
                                  "Plan Width": 20,
                                  "Inner Unique": false,
                                  "Hash Cond": "(customer.c_nationkey = n1.n_nationkey)",
                                  "Plans": [
                                    {
                                      "Node Type": "Hash Join",
                                      "Parent Relationship": "Outer",
                                      "Parallel Aware": true,
                                      "Async Capable": false,
                                      "Join Type": "Inner",
                                      "Startup Cost": 1905496.2,
                                      "Total Cost": 1950120.18,
                                      "Plan Rows": 48932,
                                      "Plan Width": 24,
                                      "Inner Unique": false,
                                      "Hash Cond": "(customer.c_custkey = orders.o_custkey)",
                                      "Plans": [
                                        {
                                          "Node Type": "Seq Scan",
                                          "Parent Relationship": "Outer",
                                          "Parallel Aware": true,
                                          "Async Capable": false,
                                          "Relation Name": "customer",
                                          "Alias": "customer",
                                          "Startup Cost": 0.0,
                                          "Total Cost": 42076.52,
                                          "Plan Rows": 624952,
                                          "Plan Width": 8,
                                          "parent": 9,
                                          "ID": 10
                                        },
                                        {
                                          "Node Type": "Hash",
                                          "Parent Relationship": "Inner",
                                          "Parallel Aware": true,
                                          "Async Capable": false,
                                          "Startup Cost": 1904884.55,
                                          "Total Cost": 1904884.55,
                                          "Plan Rows": 48932,
                                          "Plan Width": 24,
                                          "Plans": [
                                            {
                                              "Node Type": "Hash Join",
                                              "Parent Relationship": "Outer",
                                              "Parallel Aware": true,
                                              "Async Capable": false,
                                              "Join Type": "Inner",
                                              "Startup Cost": 1523283.11,
                                              "Total Cost": 1904884.55,
                                              "Plan Rows": 48932,
                                              "Plan Width": 24,
                                              "Inner Unique": false,
                                              "Hash Cond": "(orders.o_orderkey = lineitem.l_orderkey)",
                                              "Plans": [
                                                {
                                                  "Node Type": "Seq Scan",
                                                  "Parent Relationship": "Outer",
                                                  "Parallel Aware": true,
                                                  "Async Capable": false,
                                                  "Relation Name": "orders",
                                                  "Alias": "orders",
                                                  "Startup Cost": 0.0,
                                                  "Total Cost": 354655.56,
                                                  "Plan Rows": 1909064,
                                                  "Plan Width": 12,
                                                  "Filter": "((o_orderdate >= '1995-01-01'::date) AND (o_orderdate <= '1996-12-31'::date))",
                                                  "parent": 12,
                                                  "ID": 13
                                                },
                                                {
                                                  "Node Type": "Hash",
                                                  "Parent Relationship": "Inner",
                                                  "Parallel Aware": true,
                                                  "Async Capable": false,
                                                  "Startup Cost": 1520341.76,
                                                  "Total Cost": 1520341.76,
                                                  "Plan Rows": 160188,
                                                  "Plan Width": 20,
                                                  "Plans": [
                                                    {
                                                      "Node Type": "Hash Join",
                                                      "Parent Relationship": "Outer",
                                                      "Parallel Aware": true,
                                                      "Async Capable": false,
                                                      "Join Type": "Inner",
                                                      "Startup Cost": 51447.53,
                                                      "Total Cost": 1520341.76,
                                                      "Plan Rows": 160188,
                                                      "Plan Width": 20,
                                                      "Inner Unique": false,
                                                      "Hash Cond": "(lineitem.l_partkey = part.p_partkey)",
                                                      "Plans": [
                                                        {
                                                          "Node Type": "Seq Scan",
                                                          "Parent Relationship": "Outer",
                                                          "Parallel Aware": true,
                                                          "Async Capable": false,
                                                          "Relation Name": "lineitem",
                                                          "Alias": "lineitem",
                                                          "Startup Cost": 0.0,
                                                          "Total Cost": 1374494.57,
                                                          "Plan Rows": 24995257,
                                                          "Plan Width": 24,
                                                          "parent": 15,
                                                          "ID": 16
                                                        },
                                                        {
                                                          "Node Type": "Hash",
                                                          "Parent Relationship": "Inner",
                                                          "Parallel Aware": true,
                                                          "Async Capable": false,
                                                          "Startup Cost": 51378.28,
                                                          "Total Cost": 51378.28,
                                                          "Plan Rows": 5540,
                                                          "Plan Width": 4,
                                                          "Plans": [
                                                            {
                                                              "Node Type": "Seq Scan",
                                                              "Parent Relationship": "Outer",
                                                              "Parallel Aware": true,
                                                              "Async Capable": false,
                                                              "Relation Name": "part",
                                                              "Alias": "part",
                                                              "Startup Cost": 0.0,
                                                              "Total Cost": 51378.28,
                                                              "Plan Rows": 5540,
                                                              "Plan Width": 4,
                                                              "Filter": "((p_type)::text = 'PROMO BRUSHED STEEL'::text)",
                                                              "parent": 17,
                                                              "ID": 18
                                                            }
                                                          ],
                                                          "parent": 15,
                                                          "ID": 17,
                                                          "left": 18
                                                        }
                                                      ],
                                                      "parent": 14,
                                                      "ID": 15,
                                                      "left": 16,
                                                      "right": 17
                                                    }
                                                  ],
                                                  "parent": 12,
                                                  "ID": 14,
                                                  "left": 15
                                                }
                                              ],
                                              "parent": 11,
                                              "ID": 12,
                                              "left": 13,
                                              "right": 14
                                            }
                                          ],
                                          "parent": 9,
                                          "ID": 11,
                                          "left": 12
                                        }
                                      ],
                                      "parent": 8,
                                      "ID": 9,
                                      "left": 10,
                                      "right": 11
                                    },
                                    {
                                      "Node Type": "Hash",
                                      "Parent Relationship": "Inner",
                                      "Parallel Aware": false,
                                      "Async Capable": false,
                                      "Startup Cost": 2.47,
                                      "Total Cost": 2.47,
                                      "Plan Rows": 5,
                                      "Plan Width": 4,
                                      "Plans": [
                                        {
                                          "Node Type": "Hash Join",
                                          "Parent Relationship": "Outer",
                                          "Parallel Aware": false,
                                          "Async Capable": false,
                                          "Join Type": "Inner",
                                          "Startup Cost": 1.07,
                                          "Total Cost": 2.47,
                                          "Plan Rows": 5,
                                          "Plan Width": 4,
                                          "Inner Unique": false,
                                          "Hash Cond": "(n1.n_regionkey = region.r_regionkey)",
                                          "Plans": [
                                            {
                                              "Node Type": "Seq Scan",
                                              "Parent Relationship": "Outer",
                                              "Parallel Aware": false,
                                              "Async Capable": false,
                                              "Relation Name": "nation",
                                              "Alias": "n1",
                                              "Startup Cost": 0.0,
                                              "Total Cost": 1.25,
                                              "Plan Rows": 25,
                                              "Plan Width": 8,
                                              "parent": 20,
                                              "ID": 21
                                            },
                                            {
                                              "Node Type": "Hash",
                                              "Parent Relationship": "Inner",
                                              "Parallel Aware": false,
                                              "Async Capable": false,
                                              "Startup Cost": 1.06,
                                              "Total Cost": 1.06,
                                              "Plan Rows": 1,
                                              "Plan Width": 4,
                                              "Plans": [
                                                {
                                                  "Node Type": "Seq Scan",
                                                  "Parent Relationship": "Outer",
                                                  "Parallel Aware": false,
                                                  "Async Capable": false,
                                                  "Relation Name": "region",
                                                  "Alias": "region",
                                                  "Startup Cost": 0.0,
                                                  "Total Cost": 1.06,
                                                  "Plan Rows": 1,
                                                  "Plan Width": 4,
                                                  "Filter": "(r_name = 'ASIA'::bpchar)",
                                                  "parent": 22,
                                                  "ID": 23
                                                }
                                              ],
                                              "parent": 20,
                                              "ID": 22,
                                              "left": 23
                                            }
                                          ],
                                          "parent": 19,
                                          "ID": 20,
                                          "left": 21,
                                          "right": 22
                                        }
                                      ],
                                      "parent": 8,
                                      "ID": 19,
                                      "left": 20
                                    }
                                  ],
                                  "parent": 7,
                                  "ID": 8,
                                  "left": 9,
                                  "right": 19
                                }
                              ],
                              "parent": 5,
                              "ID": 7,
                              "left": 8
                            }
                          ],
                          "parent": 4,
                          "ID": 5,
                          "left": 6,
                          "right": 7
                        },
                        {
                          "Node Type": "Hash",
                          "Parent Relationship": "Inner",
                          "Parallel Aware": false,
                          "Async Capable": false,
                          "Startup Cost": 1.25,
                          "Total Cost": 1.25,
                          "Plan Rows": 25,
                          "Plan Width": 30,
                          "Plans": [
                            {
                              "Node Type": "Seq Scan",
                              "Parent Relationship": "Outer",
                              "Parallel Aware": false,
                              "Async Capable": false,
                              "Relation Name": "nation",
                              "Alias": "n2",
                              "Startup Cost": 0.0,
                              "Total Cost": 1.25,
                              "Plan Rows": 25,
                              "Plan Width": 30,
                              "parent": 24,
                              "ID": 25
                            }
                          ],
                          "parent": 4,
                          "ID": 24,
                          "left": 25
                        }
                      ],
                      "parent": 3,
                      "ID": 4,
                      "left": 5,
                      "right": 24
                    }
                  ],
                  "parent": 2,
                  "ID": 3,
                  "left": 4
                }
              ],
              "parent": 1,
              "ID": 2,
              "left": 3
            }
          ],
          "parent": 0,
          "ID": 1,
          "left": 2
        }
      ],
      "parent": null,
      "ID": 0,
      "left": 1
    },
    "feat": {
      "utility": 4.334299534567787e-07,
      "query_shape": [
        [
          "Seq Scan",
          "Hash Join",
          "Sort",
          "Aggregate",
          "Gather Merge"
        ],
        [
          "Seq Scan",
          "Hash Join",
          "Hash",
          "Sort",
          "Aggregate",
          "Gather Merge"
        ],
        [
          "Seq Scan",
          "Hash Join",
          "Hash",
          "Sort",
          "Aggregate",
          "Gather Merge"
        ],
        [
          "Seq Scan",
          "Hash Join",
          "Hash",
          "Sort",
          "Aggregate",
          "Gather Merge"
        ],
        [
          "Seq Scan",
          "Hash",
          "Hash Join",
          "Sort",
          "Aggregate",
          "Gather Merge"
        ],
        [
          "Seq Scan",
          "Hash Join",
          "Hash",
          "Sort",
          "Aggregate",
          "Gather Merge"
        ],
        [
          "Seq Scan",
          "Hash",
          "Hash Join",
          "Sort",
          "Aggregate",
          "Gather Merge"
        ],
        [
          "Seq Scan",
          "Hash",
          "Hash Join",
          "Sort",
          "Aggregate",
          "Gather Merge"
        ]
      ],
      "index_shape": [
        "selection"
      ],
      "physical_operator": {
        "Seq Scan": [
          0.19999999999999996
        ]
      }
    }
  },
  {
    "query": "-- Functional Query Definition\n-- Approved February 1998\n\n\nselect\no_year,\nsum(case\nwhen nation = 'CHINA' then volume\nelse 0\nend) / sum(volume) as mkt_share\nfrom\n(\nselect\nextract(year from o_orderdate) as o_year,\nl_extendedprice * (1 - l_discount) as volume,\nn2.n_name as nation\nfrom\npart,\nsupplier,\nlineitem,\norders,\ncustomer,\nnation n1,\nnation n2,\nregion\nwhere\np_partkey = l_partkey\nand s_suppkey = l_suppkey\nand l_orderkey = o_orderkey\nand o_custkey = c_custkey\nand c_nationkey = n1.n_nationkey\nand n1.n_regionkey = r_regionkey\nand r_name = 'ASIA'\nand s_nationkey = n2.n_nationkey\nand o_orderdate between date '1995-01-01' and date '1996-12-31'\nand p_type = 'PROMO BRUSHED STEEL'\n) as all_nations\ngroup by\no_year\norder by\no_year ;\n-- $ID$\n-- TPC-H/TPC-R Product Type Profit Measure ",
    "indexes": "supplier.s_suppkey",
    "wo plan est": {
      "Node Type": "Aggregate",
      "Strategy": "Sorted",
      "Partial Mode": "Finalize",
      "Parallel Aware": false,
      "Async Capable": false,
      "Startup Cost": 1955785.01,
      "Total Cost": 1956486.84,
      "Plan Rows": 2406,
      "Plan Width": 64,
      "Group Key": [
        "(EXTRACT(year FROM orders.o_orderdate))"
      ],
      "Plans": [
        {
          "Node Type": "Gather Merge",
          "Parent Relationship": "Outer",
          "Parallel Aware": false,
          "Async Capable": false,
          "Startup Cost": 1955785.01,
          "Total Cost": 1956408.65,
          "Plan Rows": 2406,
          "Plan Width": 96,
          "Workers Planned": 1,
          "Plans": [
            {
              "Node Type": "Aggregate",
              "Strategy": "Sorted",
              "Partial Mode": "Partial",
              "Parent Relationship": "Outer",
              "Parallel Aware": false,
              "Async Capable": false,
              "Startup Cost": 1954785.0,
              "Total Cost": 1955137.96,
              "Plan Rows": 2406,
              "Plan Width": 96,
              "Group Key": [
                "(EXTRACT(year FROM orders.o_orderdate))"
              ],
              "Plans": [
                {
                  "Node Type": "Sort",
                  "Parent Relationship": "Outer",
                  "Parallel Aware": false,
                  "Async Capable": false,
                  "Startup Cost": 1954785.0,
                  "Total Cost": 1954819.54,
                  "Plan Rows": 13816,
                  "Plan Width": 70,
                  "Sort Key": [
                    "(EXTRACT(year FROM orders.o_orderdate))"
                  ],
                  "Plans": [
                    {
                      "Node Type": "Hash Join",
                      "Parent Relationship": "Outer",
                      "Parallel Aware": false,
                      "Async Capable": false,
                      "Join Type": "Inner",
                      "Startup Cost": 1950527.96,
                      "Total Cost": 1953834.87,
                      "Plan Rows": 13816,
                      "Plan Width": 70,
                      "Inner Unique": false,
                      "Hash Cond": "(supplier.s_nationkey = n2.n_nationkey)",
                      "Plans": [
                        {
                          "Node Type": "Hash Join",
                          "Parent Relationship": "Outer",
                          "Parallel Aware": true,
                          "Async Capable": false,
                          "Join Type": "Inner",
                          "Startup Cost": 1950526.4,
                          "Total Cost": 1953608.79,
                          "Plan Rows": 13816,
                          "Plan Width": 20,
                          "Inner Unique": false,
                          "Hash Cond": "(supplier.s_suppkey = lineitem.l_suppkey)",
                          "Plans": [
                            {
                              "Node Type": "Seq Scan",
                              "Parent Relationship": "Outer",
                              "Parallel Aware": true,
                              "Async Capable": false,
                              "Relation Name": "supplier",
                              "Alias": "supplier",
                              "Startup Cost": 0.0,
                              "Total Cost": 2804.24,
                              "Plan Rows": 58824,
                              "Plan Width": 8,
                              "parent": 5,
                              "ID": 6
                            },
                            {
                              "Node Type": "Hash",
                              "Parent Relationship": "Inner",
                              "Parallel Aware": true,
                              "Async Capable": false,
                              "Startup Cost": 1950404.06,
                              "Total Cost": 1950404.06,
                              "Plan Rows": 9787,
                              "Plan Width": 20,
                              "Plans": [
                                {
                                  "Node Type": "Hash Join",
                                  "Parent Relationship": "Outer",
                                  "Parallel Aware": false,
                                  "Async Capable": false,
                                  "Join Type": "Inner",
                                  "Startup Cost": 1905498.74,
                                  "Total Cost": 1950404.06,
                                  "Plan Rows": 9787,
                                  "Plan Width": 20,
                                  "Inner Unique": false,
                                  "Hash Cond": "(customer.c_nationkey = n1.n_nationkey)",
                                  "Plans": [
                                    {
                                      "Node Type": "Hash Join",
                                      "Parent Relationship": "Outer",
                                      "Parallel Aware": true,
                                      "Async Capable": false,
                                      "Join Type": "Inner",
                                      "Startup Cost": 1905496.2,
                                      "Total Cost": 1950120.18,
                                      "Plan Rows": 48932,
                                      "Plan Width": 24,
                                      "Inner Unique": false,
                                      "Hash Cond": "(customer.c_custkey = orders.o_custkey)",
                                      "Plans": [
                                        {
                                          "Node Type": "Seq Scan",
                                          "Parent Relationship": "Outer",
                                          "Parallel Aware": true,
                                          "Async Capable": false,
                                          "Relation Name": "customer",
                                          "Alias": "customer",
                                          "Startup Cost": 0.0,
                                          "Total Cost": 42076.52,
                                          "Plan Rows": 624952,
                                          "Plan Width": 8,
                                          "parent": 9,
                                          "ID": 10
                                        },
                                        {
                                          "Node Type": "Hash",
                                          "Parent Relationship": "Inner",
                                          "Parallel Aware": true,
                                          "Async Capable": false,
                                          "Startup Cost": 1904884.55,
                                          "Total Cost": 1904884.55,
                                          "Plan Rows": 48932,
                                          "Plan Width": 24,
                                          "Plans": [
                                            {
                                              "Node Type": "Hash Join",
                                              "Parent Relationship": "Outer",
                                              "Parallel Aware": true,
                                              "Async Capable": false,
                                              "Join Type": "Inner",
                                              "Startup Cost": 1523283.11,
                                              "Total Cost": 1904884.55,
                                              "Plan Rows": 48932,
                                              "Plan Width": 24,
                                              "Inner Unique": false,
                                              "Hash Cond": "(orders.o_orderkey = lineitem.l_orderkey)",
                                              "Plans": [
                                                {
                                                  "Node Type": "Seq Scan",
                                                  "Parent Relationship": "Outer",
                                                  "Parallel Aware": true,
                                                  "Async Capable": false,
                                                  "Relation Name": "orders",
                                                  "Alias": "orders",
                                                  "Startup Cost": 0.0,
                                                  "Total Cost": 354655.56,
                                                  "Plan Rows": 1909064,
                                                  "Plan Width": 12,
                                                  "Filter": "((o_orderdate >= '1995-01-01'::date) AND (o_orderdate <= '1996-12-31'::date))",
                                                  "parent": 12,
                                                  "ID": 13
                                                },
                                                {
                                                  "Node Type": "Hash",
                                                  "Parent Relationship": "Inner",
                                                  "Parallel Aware": true,
                                                  "Async Capable": false,
                                                  "Startup Cost": 1520341.76,
                                                  "Total Cost": 1520341.76,
                                                  "Plan Rows": 160188,
                                                  "Plan Width": 20,
                                                  "Plans": [
                                                    {
                                                      "Node Type": "Hash Join",
                                                      "Parent Relationship": "Outer",
                                                      "Parallel Aware": true,
                                                      "Async Capable": false,
                                                      "Join Type": "Inner",
                                                      "Startup Cost": 51447.53,
                                                      "Total Cost": 1520341.76,
                                                      "Plan Rows": 160188,
                                                      "Plan Width": 20,
                                                      "Inner Unique": false,
                                                      "Hash Cond": "(lineitem.l_partkey = part.p_partkey)",
                                                      "Plans": [
                                                        {
                                                          "Node Type": "Seq Scan",
                                                          "Parent Relationship": "Outer",
                                                          "Parallel Aware": true,
                                                          "Async Capable": false,
                                                          "Relation Name": "lineitem",
                                                          "Alias": "lineitem",
                                                          "Startup Cost": 0.0,
                                                          "Total Cost": 1374494.57,
                                                          "Plan Rows": 24995257,
                                                          "Plan Width": 24,
                                                          "parent": 15,
                                                          "ID": 16
                                                        },
                                                        {
                                                          "Node Type": "Hash",
                                                          "Parent Relationship": "Inner",
                                                          "Parallel Aware": true,
                                                          "Async Capable": false,
                                                          "Startup Cost": 51378.28,
                                                          "Total Cost": 51378.28,
                                                          "Plan Rows": 5540,
                                                          "Plan Width": 4,
                                                          "Plans": [
                                                            {
                                                              "Node Type": "Seq Scan",
                                                              "Parent Relationship": "Outer",
                                                              "Parallel Aware": true,
                                                              "Async Capable": false,
                                                              "Relation Name": "part",
                                                              "Alias": "part",
                                                              "Startup Cost": 0.0,
                                                              "Total Cost": 51378.28,
                                                              "Plan Rows": 5540,
                                                              "Plan Width": 4,
                                                              "Filter": "((p_type)::text = 'PROMO BRUSHED STEEL'::text)",
                                                              "parent": 17,
                                                              "ID": 18
                                                            }
                                                          ],
                                                          "parent": 15,
                                                          "ID": 17,
                                                          "left": 18
                                                        }
                                                      ],
                                                      "parent": 14,
                                                      "ID": 15,
                                                      "left": 16,
                                                      "right": 17
                                                    }
                                                  ],
                                                  "parent": 12,
                                                  "ID": 14,
                                                  "left": 15
                                                }
                                              ],
                                              "parent": 11,
                                              "ID": 12,
                                              "left": 13,
                                              "right": 14
                                            }
                                          ],
                                          "parent": 9,
                                          "ID": 11,
                                          "left": 12
                                        }
                                      ],
                                      "parent": 8,
                                      "ID": 9,
                                      "left": 10,
                                      "right": 11
                                    },
                                    {
                                      "Node Type": "Hash",
                                      "Parent Relationship": "Inner",
                                      "Parallel Aware": false,
                                      "Async Capable": false,
                                      "Startup Cost": 2.47,
                                      "Total Cost": 2.47,
                                      "Plan Rows": 5,
                                      "Plan Width": 4,
                                      "Plans": [
                                        {
                                          "Node Type": "Hash Join",
                                          "Parent Relationship": "Outer",
                                          "Parallel Aware": false,
                                          "Async Capable": false,
                                          "Join Type": "Inner",
                                          "Startup Cost": 1.07,
                                          "Total Cost": 2.47,
                                          "Plan Rows": 5,
                                          "Plan Width": 4,
                                          "Inner Unique": false,
                                          "Hash Cond": "(n1.n_regionkey = region.r_regionkey)",
                                          "Plans": [
                                            {
                                              "Node Type": "Seq Scan",
                                              "Parent Relationship": "Outer",
                                              "Parallel Aware": false,
                                              "Async Capable": false,
                                              "Relation Name": "nation",
                                              "Alias": "n1",
                                              "Startup Cost": 0.0,
                                              "Total Cost": 1.25,
                                              "Plan Rows": 25,
                                              "Plan Width": 8,
                                              "parent": 20,
                                              "ID": 21
                                            },
                                            {
                                              "Node Type": "Hash",
                                              "Parent Relationship": "Inner",
                                              "Parallel Aware": false,
                                              "Async Capable": false,
                                              "Startup Cost": 1.06,
                                              "Total Cost": 1.06,
                                              "Plan Rows": 1,
                                              "Plan Width": 4,
                                              "Plans": [
                                                {
                                                  "Node Type": "Seq Scan",
                                                  "Parent Relationship": "Outer",
                                                  "Parallel Aware": false,
                                                  "Async Capable": false,
                                                  "Relation Name": "region",
                                                  "Alias": "region",
                                                  "Startup Cost": 0.0,
                                                  "Total Cost": 1.06,
                                                  "Plan Rows": 1,
                                                  "Plan Width": 4,
                                                  "Filter": "(r_name = 'ASIA'::bpchar)",
                                                  "parent": 22,
                                                  "ID": 23
                                                }
                                              ],
                                              "parent": 20,
                                              "ID": 22,
                                              "left": 23
                                            }
                                          ],
                                          "parent": 19,
                                          "ID": 20,
                                          "left": 21,
                                          "right": 22
                                        }
                                      ],
                                      "parent": 8,
                                      "ID": 19,
                                      "left": 20
                                    }
                                  ],
                                  "parent": 7,
                                  "ID": 8,
                                  "left": 9,
                                  "right": 19
                                }
                              ],
                              "parent": 5,
                              "ID": 7,
                              "left": 8
                            }
                          ],
                          "parent": 4,
                          "ID": 5,
                          "left": 6,
                          "right": 7
                        },
                        {
                          "Node Type": "Hash",
                          "Parent Relationship": "Inner",
                          "Parallel Aware": false,
                          "Async Capable": false,
                          "Startup Cost": 1.25,
                          "Total Cost": 1.25,
                          "Plan Rows": 25,
                          "Plan Width": 30,
                          "Plans": [
                            {
                              "Node Type": "Seq Scan",
                              "Parent Relationship": "Outer",
                              "Parallel Aware": false,
                              "Async Capable": false,
                              "Relation Name": "nation",
                              "Alias": "n2",
                              "Startup Cost": 0.0,
                              "Total Cost": 1.25,
                              "Plan Rows": 25,
                              "Plan Width": 30,
                              "parent": 24,
                              "ID": 25
                            }
                          ],
                          "parent": 4,
                          "ID": 24,
                          "left": 25
                        }
                      ],
                      "parent": 3,
                      "ID": 4,
                      "left": 5,
                      "right": 24
                    }
                  ],
                  "parent": 2,
                  "ID": 3,
                  "left": 4
                }
              ],
              "parent": 1,
              "ID": 2,
              "left": 3
            }
          ],
          "parent": 0,
          "ID": 1,
          "left": 2
        }
      ],
      "parent": null,
      "ID": 0,
      "left": 1
    },
    "feat": {
      "utility": 6.35770444899657e-07,
      "query_shape": [
        [
          "Seq Scan",
          "Hash Join",
          "Sort",
          "Aggregate",
          "Gather Merge"
        ],
        [
          "Seq Scan",
          "Hash Join",
          "Hash",
          "Sort",
          "Aggregate",
          "Gather Merge"
        ],
        [
          "Seq Scan",
          "Hash Join",
          "Hash",
          "Sort",
          "Aggregate",
          "Gather Merge"
        ],
        [
          "Seq Scan",
          "Hash Join",
          "Hash",
          "Sort",
          "Aggregate",
          "Gather Merge"
        ],
        [
          "Seq Scan",
          "Hash",
          "Hash Join",
          "Sort",
          "Aggregate",
          "Gather Merge"
        ],
        [
          "Seq Scan",
          "Hash Join",
          "Hash",
          "Sort",
          "Aggregate",
          "Gather Merge"
        ],
        [
          "Seq Scan",
          "Hash",
          "Hash Join",
          "Sort",
          "Aggregate",
          "Gather Merge"
        ],
        [
          "Seq Scan",
          "Hash",
          "Hash Join",
          "Sort",
          "Aggregate",
          "Gather Merge"
        ]
      ],
      "index_shape": [
        "join"
      ],
      "physical_operator": {
        "Hash Join": [
          0.004898793034300612
        ]
      }
    }
  },
  {
    "query": "-- Functional Query Definition\n-- Approved February 1998\n\n\nselect\no_year,\nsum(case\nwhen nation = 'CHINA' then volume\nelse 0\nend) / sum(volume) as mkt_share\nfrom\n(\nselect\nextract(year from o_orderdate) as o_year,\nl_extendedprice * (1 - l_discount) as volume,\nn2.n_name as nation\nfrom\npart,\nsupplier,\nlineitem,\norders,\ncustomer,\nnation n1,\nnation n2,\nregion\nwhere\np_partkey = l_partkey\nand s_suppkey = l_suppkey\nand l_orderkey = o_orderkey\nand o_custkey = c_custkey\nand c_nationkey = n1.n_nationkey\nand n1.n_regionkey = r_regionkey\nand r_name = 'ASIA'\nand s_nationkey = n2.n_nationkey\nand o_orderdate between date '1995-01-01' and date '1996-12-31'\nand p_type = 'PROMO BRUSHED STEEL'\n) as all_nations\ngroup by\no_year\norder by\no_year ;\n-- $ID$\n-- TPC-H/TPC-R Product Type Profit Measure ",
    "indexes": "supplier.s_nationkey",
    "wo plan est": {
      "Node Type": "Aggregate",
      "Strategy": "Sorted",
      "Partial Mode": "Finalize",
      "Parallel Aware": false,
      "Async Capable": false,
      "Startup Cost": 1955785.01,
      "Total Cost": 1956486.84,
      "Plan Rows": 2406,
      "Plan Width": 64,
      "Group Key": [
        "(EXTRACT(year FROM orders.o_orderdate))"
      ],
      "Plans": [
        {
          "Node Type": "Gather Merge",
          "Parent Relationship": "Outer",
          "Parallel Aware": false,
          "Async Capable": false,
          "Startup Cost": 1955785.01,
          "Total Cost": 1956408.65,
          "Plan Rows": 2406,
          "Plan Width": 96,
          "Workers Planned": 1,
          "Plans": [
            {
              "Node Type": "Aggregate",
              "Strategy": "Sorted",
              "Partial Mode": "Partial",
              "Parent Relationship": "Outer",
              "Parallel Aware": false,
              "Async Capable": false,
              "Startup Cost": 1954785.0,
              "Total Cost": 1955137.96,
              "Plan Rows": 2406,
              "Plan Width": 96,
              "Group Key": [
                "(EXTRACT(year FROM orders.o_orderdate))"
              ],
              "Plans": [
                {
                  "Node Type": "Sort",
                  "Parent Relationship": "Outer",
                  "Parallel Aware": false,
                  "Async Capable": false,
                  "Startup Cost": 1954785.0,
                  "Total Cost": 1954819.54,
                  "Plan Rows": 13816,
                  "Plan Width": 70,
                  "Sort Key": [
                    "(EXTRACT(year FROM orders.o_orderdate))"
                  ],
                  "Plans": [
                    {
                      "Node Type": "Hash Join",
                      "Parent Relationship": "Outer",
                      "Parallel Aware": false,
                      "Async Capable": false,
                      "Join Type": "Inner",
                      "Startup Cost": 1950527.96,
                      "Total Cost": 1953834.87,
                      "Plan Rows": 13816,
                      "Plan Width": 70,
                      "Inner Unique": false,
                      "Hash Cond": "(supplier.s_nationkey = n2.n_nationkey)",
                      "Plans": [
                        {
                          "Node Type": "Hash Join",
                          "Parent Relationship": "Outer",
                          "Parallel Aware": true,
                          "Async Capable": false,
                          "Join Type": "Inner",
                          "Startup Cost": 1950526.4,
                          "Total Cost": 1953608.79,
                          "Plan Rows": 13816,
                          "Plan Width": 20,
                          "Inner Unique": false,
                          "Hash Cond": "(supplier.s_suppkey = lineitem.l_suppkey)",
                          "Plans": [
                            {
                              "Node Type": "Seq Scan",
                              "Parent Relationship": "Outer",
                              "Parallel Aware": true,
                              "Async Capable": false,
                              "Relation Name": "supplier",
                              "Alias": "supplier",
                              "Startup Cost": 0.0,
                              "Total Cost": 2804.24,
                              "Plan Rows": 58824,
                              "Plan Width": 8,
                              "parent": 5,
                              "ID": 6
                            },
                            {
                              "Node Type": "Hash",
                              "Parent Relationship": "Inner",
                              "Parallel Aware": true,
                              "Async Capable": false,
                              "Startup Cost": 1950404.06,
                              "Total Cost": 1950404.06,
                              "Plan Rows": 9787,
                              "Plan Width": 20,
                              "Plans": [
                                {
                                  "Node Type": "Hash Join",
                                  "Parent Relationship": "Outer",
                                  "Parallel Aware": false,
                                  "Async Capable": false,
                                  "Join Type": "Inner",
                                  "Startup Cost": 1905498.74,
                                  "Total Cost": 1950404.06,
                                  "Plan Rows": 9787,
                                  "Plan Width": 20,
                                  "Inner Unique": false,
                                  "Hash Cond": "(customer.c_nationkey = n1.n_nationkey)",
                                  "Plans": [
                                    {
                                      "Node Type": "Hash Join",
                                      "Parent Relationship": "Outer",
                                      "Parallel Aware": true,
                                      "Async Capable": false,
                                      "Join Type": "Inner",
                                      "Startup Cost": 1905496.2,
                                      "Total Cost": 1950120.18,
                                      "Plan Rows": 48932,
                                      "Plan Width": 24,
                                      "Inner Unique": false,
                                      "Hash Cond": "(customer.c_custkey = orders.o_custkey)",
                                      "Plans": [
                                        {
                                          "Node Type": "Seq Scan",
                                          "Parent Relationship": "Outer",
                                          "Parallel Aware": true,
                                          "Async Capable": false,
                                          "Relation Name": "customer",
                                          "Alias": "customer",
                                          "Startup Cost": 0.0,
                                          "Total Cost": 42076.52,
                                          "Plan Rows": 624952,
                                          "Plan Width": 8,
                                          "parent": 9,
                                          "ID": 10
                                        },
                                        {
                                          "Node Type": "Hash",
                                          "Parent Relationship": "Inner",
                                          "Parallel Aware": true,
                                          "Async Capable": false,
                                          "Startup Cost": 1904884.55,
                                          "Total Cost": 1904884.55,
                                          "Plan Rows": 48932,
                                          "Plan Width": 24,
                                          "Plans": [
                                            {
                                              "Node Type": "Hash Join",
                                              "Parent Relationship": "Outer",
                                              "Parallel Aware": true,
                                              "Async Capable": false,
                                              "Join Type": "Inner",
                                              "Startup Cost": 1523283.11,
                                              "Total Cost": 1904884.55,
                                              "Plan Rows": 48932,
                                              "Plan Width": 24,
                                              "Inner Unique": false,
                                              "Hash Cond": "(orders.o_orderkey = lineitem.l_orderkey)",
                                              "Plans": [
                                                {
                                                  "Node Type": "Seq Scan",
                                                  "Parent Relationship": "Outer",
                                                  "Parallel Aware": true,
                                                  "Async Capable": false,
                                                  "Relation Name": "orders",
                                                  "Alias": "orders",
                                                  "Startup Cost": 0.0,
                                                  "Total Cost": 354655.56,
                                                  "Plan Rows": 1909064,
                                                  "Plan Width": 12,
                                                  "Filter": "((o_orderdate >= '1995-01-01'::date) AND (o_orderdate <= '1996-12-31'::date))",
                                                  "parent": 12,
                                                  "ID": 13
                                                },
                                                {
                                                  "Node Type": "Hash",
                                                  "Parent Relationship": "Inner",
                                                  "Parallel Aware": true,
                                                  "Async Capable": false,
                                                  "Startup Cost": 1520341.76,
                                                  "Total Cost": 1520341.76,
                                                  "Plan Rows": 160188,
                                                  "Plan Width": 20,
                                                  "Plans": [
                                                    {
                                                      "Node Type": "Hash Join",
                                                      "Parent Relationship": "Outer",
                                                      "Parallel Aware": true,
                                                      "Async Capable": false,
                                                      "Join Type": "Inner",
                                                      "Startup Cost": 51447.53,
                                                      "Total Cost": 1520341.76,
                                                      "Plan Rows": 160188,
                                                      "Plan Width": 20,
                                                      "Inner Unique": false,
                                                      "Hash Cond": "(lineitem.l_partkey = part.p_partkey)",
                                                      "Plans": [
                                                        {
                                                          "Node Type": "Seq Scan",
                                                          "Parent Relationship": "Outer",
                                                          "Parallel Aware": true,
                                                          "Async Capable": false,
                                                          "Relation Name": "lineitem",
                                                          "Alias": "lineitem",
                                                          "Startup Cost": 0.0,
                                                          "Total Cost": 1374494.57,
                                                          "Plan Rows": 24995257,
                                                          "Plan Width": 24,
                                                          "parent": 15,
                                                          "ID": 16
                                                        },
                                                        {
                                                          "Node Type": "Hash",
                                                          "Parent Relationship": "Inner",
                                                          "Parallel Aware": true,
                                                          "Async Capable": false,
                                                          "Startup Cost": 51378.28,
                                                          "Total Cost": 51378.28,
                                                          "Plan Rows": 5540,
                                                          "Plan Width": 4,
                                                          "Plans": [
                                                            {
                                                              "Node Type": "Seq Scan",
                                                              "Parent Relationship": "Outer",
                                                              "Parallel Aware": true,
                                                              "Async Capable": false,
                                                              "Relation Name": "part",
                                                              "Alias": "part",
                                                              "Startup Cost": 0.0,
                                                              "Total Cost": 51378.28,
                                                              "Plan Rows": 5540,
                                                              "Plan Width": 4,
                                                              "Filter": "((p_type)::text = 'PROMO BRUSHED STEEL'::text)",
                                                              "parent": 17,
                                                              "ID": 18
                                                            }
                                                          ],
                                                          "parent": 15,
                                                          "ID": 17,
                                                          "left": 18
                                                        }
                                                      ],
                                                      "parent": 14,
                                                      "ID": 15,
                                                      "left": 16,
                                                      "right": 17
                                                    }
                                                  ],
                                                  "parent": 12,
                                                  "ID": 14,
                                                  "left": 15
                                                }
                                              ],
                                              "parent": 11,
                                              "ID": 12,
                                              "left": 13,
                                              "right": 14
                                            }
                                          ],
                                          "parent": 9,
                                          "ID": 11,
                                          "left": 12
                                        }
                                      ],
                                      "parent": 8,
                                      "ID": 9,
                                      "left": 10,
                                      "right": 11
                                    },
                                    {
                                      "Node Type": "Hash",
                                      "Parent Relationship": "Inner",
                                      "Parallel Aware": false,
                                      "Async Capable": false,
                                      "Startup Cost": 2.47,
                                      "Total Cost": 2.47,
                                      "Plan Rows": 5,
                                      "Plan Width": 4,
                                      "Plans": [
                                        {
                                          "Node Type": "Hash Join",
                                          "Parent Relationship": "Outer",
                                          "Parallel Aware": false,
                                          "Async Capable": false,
                                          "Join Type": "Inner",
                                          "Startup Cost": 1.07,
                                          "Total Cost": 2.47,
                                          "Plan Rows": 5,
                                          "Plan Width": 4,
                                          "Inner Unique": false,
                                          "Hash Cond": "(n1.n_regionkey = region.r_regionkey)",
                                          "Plans": [
                                            {
                                              "Node Type": "Seq Scan",
                                              "Parent Relationship": "Outer",
                                              "Parallel Aware": false,
                                              "Async Capable": false,
                                              "Relation Name": "nation",
                                              "Alias": "n1",
                                              "Startup Cost": 0.0,
                                              "Total Cost": 1.25,
                                              "Plan Rows": 25,
                                              "Plan Width": 8,
                                              "parent": 20,
                                              "ID": 21
                                            },
                                            {
                                              "Node Type": "Hash",
                                              "Parent Relationship": "Inner",
                                              "Parallel Aware": false,
                                              "Async Capable": false,
                                              "Startup Cost": 1.06,
                                              "Total Cost": 1.06,
                                              "Plan Rows": 1,
                                              "Plan Width": 4,
                                              "Plans": [
                                                {
                                                  "Node Type": "Seq Scan",
                                                  "Parent Relationship": "Outer",
                                                  "Parallel Aware": false,
                                                  "Async Capable": false,
                                                  "Relation Name": "region",
                                                  "Alias": "region",
                                                  "Startup Cost": 0.0,
                                                  "Total Cost": 1.06,
                                                  "Plan Rows": 1,
                                                  "Plan Width": 4,
                                                  "Filter": "(r_name = 'ASIA'::bpchar)",
                                                  "parent": 22,
                                                  "ID": 23
                                                }
                                              ],
                                              "parent": 20,
                                              "ID": 22,
                                              "left": 23
                                            }
                                          ],
                                          "parent": 19,
                                          "ID": 20,
                                          "left": 21,
                                          "right": 22
                                        }
                                      ],
                                      "parent": 8,
                                      "ID": 19,
                                      "left": 20
                                    }
                                  ],
                                  "parent": 7,
                                  "ID": 8,
                                  "left": 9,
                                  "right": 19
                                }
                              ],
                              "parent": 5,
                              "ID": 7,
                              "left": 8
                            }
                          ],
                          "parent": 4,
                          "ID": 5,
                          "left": 6,
                          "right": 7
                        },
                        {
                          "Node Type": "Hash",
                          "Parent Relationship": "Inner",
                          "Parallel Aware": false,
                          "Async Capable": false,
                          "Startup Cost": 1.25,
                          "Total Cost": 1.25,
                          "Plan Rows": 25,
                          "Plan Width": 30,
                          "Plans": [
                            {
                              "Node Type": "Seq Scan",
                              "Parent Relationship": "Outer",
                              "Parallel Aware": false,
                              "Async Capable": false,
                              "Relation Name": "nation",
                              "Alias": "n2",
                              "Startup Cost": 0.0,
                              "Total Cost": 1.25,
                              "Plan Rows": 25,
                              "Plan Width": 30,
                              "parent": 24,
                              "ID": 25
                            }
                          ],
                          "parent": 4,
                          "ID": 24,
                          "left": 25
                        }
                      ],
                      "parent": 3,
                      "ID": 4,
                      "left": 5,
                      "right": 24
                    }
                  ],
                  "parent": 2,
                  "ID": 3,
                  "left": 4
                }
              ],
              "parent": 1,
              "ID": 2,
              "left": 3
            }
          ],
          "parent": 0,
          "ID": 1,
          "left": 2
        }
      ],
      "parent": null,
      "ID": 0,
      "left": 1
    },
    "feat": {
      "utility": 5.111202281329937e-07,
      "query_shape": [
        [
          "Seq Scan",
          "Hash Join",
          "Sort",
          "Aggregate",
          "Gather Merge"
        ],
        [
          "Seq Scan",
          "Hash Join",
          "Hash",
          "Sort",
          "Aggregate",
          "Gather Merge"
        ],
        [
          "Seq Scan",
          "Hash Join",
          "Hash",
          "Sort",
          "Aggregate",
          "Gather Merge"
        ],
        [
          "Seq Scan",
          "Hash Join",
          "Hash",
          "Sort",
          "Aggregate",
          "Gather Merge"
        ],
        [
          "Seq Scan",
          "Hash",
          "Hash Join",
          "Sort",
          "Aggregate",
          "Gather Merge"
        ],
        [
          "Seq Scan",
          "Hash Join",
          "Hash",
          "Sort",
          "Aggregate",
          "Gather Merge"
        ],
        [
          "Seq Scan",
          "Hash",
          "Hash Join",
          "Sort",
          "Aggregate",
          "Gather Merge"
        ],
        [
          "Seq Scan",
          "Hash",
          "Hash Join",
          "Sort",
          "Aggregate",
          "Gather Merge"
        ]
      ],
      "index_shape": [
        "join"
      ],
      "physical_operator": {
        "Hash Join": [
          0.2
        ]
      }
    }
  },
  {
    "query": "-- Functional Query Definition\n-- Approved February 1998\n\n\nselect\nnation,\no_year,\nsum(amount) as sum_profit\nfrom\n(\nselect\nn_name as nation,\nextract(year from o_orderdate) as o_year,\nl_extendedprice * (1 - l_discount) - ps_supplycost * l_quantity as amount\nfrom\npart,\nsupplier,\nlineitem,\npartsupp,\norders,\nnation\nwhere\ns_suppkey = l_suppkey\nand ps_suppkey = l_suppkey\nand ps_partkey = l_partkey\nand p_partkey = l_partkey\nand o_orderkey = l_orderkey\nand s_nationkey = n_nationkey\nand p_name like '%brown%'\n) as profit\ngroup by\nnation,\no_year\norder by\nnation,\no_year desc ;\n-- $ID$\n-- TPC-H/TPC-R Returned Item Reporting ",
    "indexes": "lineitem.l_orderkey",
    "wo plan est": {
      "Node Type": "Aggregate",
      "Strategy": "Sorted",
      "Partial Mode": "Finalize",
      "Parallel Aware": false,
      "Async Capable": false,
      "Startup Cost": 2187189.13,
      "Total Cost": 2187203.6,
      "Plan Rows": 135,
      "Plan Width": 90,
      "Group Key": [
        "nation.n_name",
        "(EXTRACT(year FROM orders.o_orderdate))"
      ],
      "Plans": [
        {
          "Node Type": "Gather Merge",
          "Parent Relationship": "Outer",
          "Parallel Aware": false,
          "Async Capable": false,
          "Startup Cost": 2187189.13,
          "Total Cost": 2187200.78,
          "Plan Rows": 79,
          "Plan Width": 90,
          "Workers Planned": 1,
          "Plans": [
            {
              "Node Type": "Aggregate",
              "Strategy": "Sorted",
              "Partial Mode": "Partial",
              "Parent Relationship": "Outer",
              "Parallel Aware": false,
              "Async Capable": false,
              "Startup Cost": 2186189.12,
              "Total Cost": 2186191.89,
              "Plan Rows": 79,
              "Plan Width": 90,
              "Group Key": [
                "nation.n_name",
                "(EXTRACT(year FROM orders.o_orderdate))"
              ],
              "Plans": [
                {
                  "Node Type": "Sort",
                  "Parent Relationship": "Outer",
                  "Parallel Aware": false,
                  "Async Capable": false,
                  "Startup Cost": 2186189.12,
                  "Total Cost": 2186189.32,
                  "Plan Rows": 79,
                  "Plan Width": 81,
                  "Sort Key": [
                    "nation.n_name",
                    "(EXTRACT(year FROM orders.o_orderdate)) DESC"
                  ],
                  "Plans": [
                    {
                      "Node Type": "Hash Join",
                      "Parent Relationship": "Outer",
                      "Parallel Aware": false,
                      "Async Capable": false,
                      "Join Type": "Inner",
                      "Startup Cost": 2183160.19,
                      "Total Cost": 2186186.63,
                      "Plan Rows": 79,
                      "Plan Width": 81,
                      "Inner Unique": false,
                      "Hash Cond": "(supplier.s_nationkey = nation.n_nationkey)",
                      "Plans": [
                        {
                          "Node Type": "Hash Join",
                          "Parent Relationship": "Outer",
                          "Parallel Aware": true,
                          "Async Capable": false,
                          "Join Type": "Inner",
                          "Startup Cost": 2183158.63,
                          "Total Cost": 2186183.78,
                          "Plan Rows": 79,
                          "Plan Width": 31,
                          "Inner Unique": false,
                          "Hash Cond": "(supplier.s_suppkey = lineitem.l_suppkey)",
                          "Plans": [
                            {
                              "Node Type": "Seq Scan",
                              "Parent Relationship": "Outer",
                              "Parallel Aware": true,
                              "Async Capable": false,
                              "Relation Name": "supplier",
                              "Alias": "supplier",
                              "Startup Cost": 0.0,
                              "Total Cost": 2804.24,
                              "Plan Rows": 58824,
                              "Plan Width": 8,
                              "parent": 5,
                              "ID": 6
                            },
                            {
                              "Node Type": "Hash",
                              "Parent Relationship": "Inner",
                              "Parallel Aware": true,
                              "Async Capable": false,
                              "Startup Cost": 2183157.93,
                              "Total Cost": 2183157.93,
                              "Plan Rows": 56,
                              "Plan Width": 35,
                              "Plans": [
                                {
                                  "Node Type": "Hash Join",
                                  "Parent Relationship": "Outer",
                                  "Parallel Aware": true,
                                  "Async Capable": false,
                                  "Join Type": "Inner",
                                  "Startup Cost": 1836314.1,
                                  "Total Cost": 2183157.93,
                                  "Plan Rows": 56,
                                  "Plan Width": 35,
                                  "Inner Unique": false,
                                  "Hash Cond": "(orders.o_orderkey = lineitem.l_orderkey)",
                                  "Plans": [
                                    {
                                      "Node Type": "Seq Scan",
                                      "Parent Relationship": "Outer",
                                      "Parallel Aware": true,
                                      "Async Capable": false,
                                      "Relation Name": "orders",
                                      "Alias": "orders",
                                      "Startup Cost": 0.0,
                                      "Total Cost": 323407.71,
                                      "Plan Rows": 6249571,
                                      "Plan Width": 8,
                                      "parent": 8,
                                      "ID": 9
                                    },
                                    {
                                      "Node Type": "Hash",
                                      "Parent Relationship": "Inner",
                                      "Parallel Aware": true,
                                      "Async Capable": false,
                                      "Startup Cost": 1836313.4,
                                      "Total Cost": 1836313.4,
                                      "Plan Rows": 56,
                                      "Plan Width": 35,
                                      "Plans": [
                                        {
                                          "Node Type": "Hash Join",
                                          "Parent Relationship": "Outer",
                                          "Parallel Aware": true,
                                          "Async Capable": false,
                                          "Join Type": "Inner",
                                          "Startup Cost": 1559634.16,
                                          "Total Cost": 1836313.4,
                                          "Plan Rows": 56,
                                          "Plan Width": 35,
                                          "Inner Unique": false,
                                          "Hash Cond": "((partsupp.ps_suppkey = lineitem.l_suppkey) AND (partsupp.ps_partkey = lineitem.l_partkey))",
                                          "Plans": [
                                            {
                                              "Node Type": "Seq Scan",
                                              "Parent Relationship": "Outer",
                                              "Parallel Aware": true,
                                              "Async Capable": false,
                                              "Relation Name": "partsupp",
                                              "Alias": "partsupp",
                                              "Startup Cost": 0.0,
                                              "Total Cost": 207718.58,
                                              "Plan Rows": 3333258,
                                              "Plan Width": 14,
                                              "parent": 11,
                                              "ID": 12
                                            },
                                            {
                                              "Node Type": "Hash",
                                              "Parent Relationship": "Inner",
                                              "Parallel Aware": true,
                                              "Async Capable": false,
                                              "Startup Cost": 1526320.84,
                                              "Total Cost": 1526320.84,
                                              "Plan Rows": 1460288,
                                              "Plan Width": 33,
                                              "Plans": [
                                                {
                                                  "Node Type": "Hash Join",
                                                  "Parent Relationship": "Outer",
                                                  "Parallel Aware": true,
                                                  "Async Capable": false,
                                                  "Join Type": "Inner",
                                                  "Startup Cost": 52009.57,
                                                  "Total Cost": 1526320.84,
                                                  "Plan Rows": 1460288,
                                                  "Plan Width": 33,
                                                  "Inner Unique": false,
                                                  "Hash Cond": "(lineitem.l_partkey = part.p_partkey)",
                                                  "Plans": [
                                                    {
                                                      "Node Type": "Seq Scan",
                                                      "Parent Relationship": "Outer",
                                                      "Parallel Aware": true,
                                                      "Async Capable": false,
                                                      "Relation Name": "lineitem",
                                                      "Alias": "lineitem",
                                                      "Startup Cost": 0.0,
                                                      "Total Cost": 1374494.57,
                                                      "Plan Rows": 24995257,
                                                      "Plan Width": 29,
                                                      "parent": 14,
                                                      "ID": 15
                                                    },
                                                    {
                                                      "Node Type": "Hash",
                                                      "Parent Relationship": "Inner",
                                                      "Parallel Aware": true,
                                                      "Async Capable": false,
                                                      "Startup Cost": 51378.28,
                                                      "Total Cost": 51378.28,
                                                      "Plan Rows": 50503,
                                                      "Plan Width": 4,
                                                      "Plans": [
                                                        {
                                                          "Node Type": "Seq Scan",
                                                          "Parent Relationship": "Outer",
                                                          "Parallel Aware": true,
                                                          "Async Capable": false,
                                                          "Relation Name": "part",
                                                          "Alias": "part",
                                                          "Startup Cost": 0.0,
                                                          "Total Cost": 51378.28,
                                                          "Plan Rows": 50503,
                                                          "Plan Width": 4,
                                                          "Filter": "((p_name)::text ~~ '%brown%'::text)",
                                                          "parent": 16,
                                                          "ID": 17
                                                        }
                                                      ],
                                                      "parent": 14,
                                                      "ID": 16,
                                                      "left": 17
                                                    }
                                                  ],
                                                  "parent": 13,
                                                  "ID": 14,
                                                  "left": 15,
                                                  "right": 16
                                                }
                                              ],
                                              "parent": 11,
                                              "ID": 13,
                                              "left": 14
                                            }
                                          ],
                                          "parent": 10,
                                          "ID": 11,
                                          "left": 12,
                                          "right": 13
                                        }
                                      ],
                                      "parent": 8,
                                      "ID": 10,
                                      "left": 11
                                    }
                                  ],
                                  "parent": 7,
                                  "ID": 8,
                                  "left": 9,
                                  "right": 10
                                }
                              ],
                              "parent": 5,
                              "ID": 7,
                              "left": 8
                            }
                          ],
                          "parent": 4,
                          "ID": 5,
                          "left": 6,
                          "right": 7
                        },
                        {
                          "Node Type": "Hash",
                          "Parent Relationship": "Inner",
                          "Parallel Aware": false,
                          "Async Capable": false,
                          "Startup Cost": 1.25,
                          "Total Cost": 1.25,
                          "Plan Rows": 25,
                          "Plan Width": 30,
                          "Plans": [
                            {
                              "Node Type": "Seq Scan",
                              "Parent Relationship": "Outer",
                              "Parallel Aware": false,
                              "Async Capable": false,
                              "Relation Name": "nation",
                              "Alias": "nation",
                              "Startup Cost": 0.0,
                              "Total Cost": 1.25,
                              "Plan Rows": 25,
                              "Plan Width": 30,
                              "parent": 18,
                              "ID": 19
                            }
                          ],
                          "parent": 4,
                          "ID": 18,
                          "left": 19
                        }
                      ],
                      "parent": 3,
                      "ID": 4,
                      "left": 5,
                      "right": 18
                    }
                  ],
                  "parent": 2,
                  "ID": 3,
                  "left": 4
                }
              ],
              "parent": 1,
              "ID": 2,
              "left": 3
            }
          ],
          "parent": 0,
          "ID": 1,
          "left": 2
        }
      ],
      "parent": null,
      "ID": 0,
      "left": 1
    },
    "feat": {
      "utility": 5.712773986103152e-07,
      "query_shape": [
        [
          "Seq Scan",
          "Hash Join",
          "Sort",
          "Aggregate",
          "Gather Merge"
        ],
        [
          "Seq Scan",
          "Hash Join",
          "Hash",
          "Sort",
          "Aggregate",
          "Gather Merge"
        ],
        [
          "Seq Scan",
          "Hash Join",
          "Hash",
          "Sort",
          "Aggregate",
          "Gather Merge"
        ],
        [
          "Seq Scan",
          "Hash Join",
          "Hash",
          "Sort",
          "Aggregate",
          "Gather Merge"
        ],
        [
          "Seq Scan",
          "Hash",
          "Hash Join",
          "Sort",
          "Aggregate",
          "Gather Merge"
        ],
        [
          "Seq Scan",
          "Hash",
          "Hash Join",
          "Sort",
          "Aggregate",
          "Gather Merge"
        ]
      ],
      "index_shape": [
        "join"
      ],
      "physical_operator": {
        "Hash Join": [
          0.00040001372870675787
        ]
      }
    }
  },
  {
    "query": "-- Functional Query Definition\n-- Approved February 1998\n\n\nselect\nnation,\no_year,\nsum(amount) as sum_profit\nfrom\n(\nselect\nn_name as nation,\nextract(year from o_orderdate) as o_year,\nl_extendedprice * (1 - l_discount) - ps_supplycost * l_quantity as amount\nfrom\npart,\nsupplier,\nlineitem,\npartsupp,\norders,\nnation\nwhere\ns_suppkey = l_suppkey\nand ps_suppkey = l_suppkey\nand ps_partkey = l_partkey\nand p_partkey = l_partkey\nand o_orderkey = l_orderkey\nand s_nationkey = n_nationkey\nand p_name like '%brown%'\n) as profit\ngroup by\nnation,\no_year\norder by\nnation,\no_year desc ;\n-- $ID$\n-- TPC-H/TPC-R Returned Item Reporting ",
    "indexes": "lineitem.l_partkey",
    "wo plan est": {
      "Node Type": "Aggregate",
      "Strategy": "Sorted",
      "Partial Mode": "Finalize",
      "Parallel Aware": false,
      "Async Capable": false,
      "Startup Cost": 2187189.13,
      "Total Cost": 2187203.6,
      "Plan Rows": 135,
      "Plan Width": 90,
      "Group Key": [
        "nation.n_name",
        "(EXTRACT(year FROM orders.o_orderdate))"
      ],
      "Plans": [
        {
          "Node Type": "Gather Merge",
          "Parent Relationship": "Outer",
          "Parallel Aware": false,
          "Async Capable": false,
          "Startup Cost": 2187189.13,
          "Total Cost": 2187200.78,
          "Plan Rows": 79,
          "Plan Width": 90,
          "Workers Planned": 1,
          "Plans": [
            {
              "Node Type": "Aggregate",
              "Strategy": "Sorted",
              "Partial Mode": "Partial",
              "Parent Relationship": "Outer",
              "Parallel Aware": false,
              "Async Capable": false,
              "Startup Cost": 2186189.12,
              "Total Cost": 2186191.89,
              "Plan Rows": 79,
              "Plan Width": 90,
              "Group Key": [
                "nation.n_name",
                "(EXTRACT(year FROM orders.o_orderdate))"
              ],
              "Plans": [
                {
                  "Node Type": "Sort",
                  "Parent Relationship": "Outer",
                  "Parallel Aware": false,
                  "Async Capable": false,
                  "Startup Cost": 2186189.12,
                  "Total Cost": 2186189.32,
                  "Plan Rows": 79,
                  "Plan Width": 81,
                  "Sort Key": [
                    "nation.n_name",
                    "(EXTRACT(year FROM orders.o_orderdate)) DESC"
                  ],
                  "Plans": [
                    {
                      "Node Type": "Hash Join",
                      "Parent Relationship": "Outer",
                      "Parallel Aware": false,
                      "Async Capable": false,
                      "Join Type": "Inner",
                      "Startup Cost": 2183160.19,
                      "Total Cost": 2186186.63,
                      "Plan Rows": 79,
                      "Plan Width": 81,
                      "Inner Unique": false,
                      "Hash Cond": "(supplier.s_nationkey = nation.n_nationkey)",
                      "Plans": [
                        {
                          "Node Type": "Hash Join",
                          "Parent Relationship": "Outer",
                          "Parallel Aware": true,
                          "Async Capable": false,
                          "Join Type": "Inner",
                          "Startup Cost": 2183158.63,
                          "Total Cost": 2186183.78,
                          "Plan Rows": 79,
                          "Plan Width": 31,
                          "Inner Unique": false,
                          "Hash Cond": "(supplier.s_suppkey = lineitem.l_suppkey)",
                          "Plans": [
                            {
                              "Node Type": "Seq Scan",
                              "Parent Relationship": "Outer",
                              "Parallel Aware": true,
                              "Async Capable": false,
                              "Relation Name": "supplier",
                              "Alias": "supplier",
                              "Startup Cost": 0.0,
                              "Total Cost": 2804.24,
                              "Plan Rows": 58824,
                              "Plan Width": 8,
                              "parent": 5,
                              "ID": 6
                            },
                            {
                              "Node Type": "Hash",
                              "Parent Relationship": "Inner",
                              "Parallel Aware": true,
                              "Async Capable": false,
                              "Startup Cost": 2183157.93,
                              "Total Cost": 2183157.93,
                              "Plan Rows": 56,
                              "Plan Width": 35,
                              "Plans": [
                                {
                                  "Node Type": "Hash Join",
                                  "Parent Relationship": "Outer",
                                  "Parallel Aware": true,
                                  "Async Capable": false,
                                  "Join Type": "Inner",
                                  "Startup Cost": 1836314.1,
                                  "Total Cost": 2183157.93,
                                  "Plan Rows": 56,
                                  "Plan Width": 35,
                                  "Inner Unique": false,
                                  "Hash Cond": "(orders.o_orderkey = lineitem.l_orderkey)",
                                  "Plans": [
                                    {
                                      "Node Type": "Seq Scan",
                                      "Parent Relationship": "Outer",
                                      "Parallel Aware": true,
                                      "Async Capable": false,
                                      "Relation Name": "orders",
                                      "Alias": "orders",
                                      "Startup Cost": 0.0,
                                      "Total Cost": 323407.71,
                                      "Plan Rows": 6249571,
                                      "Plan Width": 8,
                                      "parent": 8,
                                      "ID": 9
                                    },
                                    {
                                      "Node Type": "Hash",
                                      "Parent Relationship": "Inner",
                                      "Parallel Aware": true,
                                      "Async Capable": false,
                                      "Startup Cost": 1836313.4,
                                      "Total Cost": 1836313.4,
                                      "Plan Rows": 56,
                                      "Plan Width": 35,
                                      "Plans": [
                                        {
                                          "Node Type": "Hash Join",
                                          "Parent Relationship": "Outer",
                                          "Parallel Aware": true,
                                          "Async Capable": false,
                                          "Join Type": "Inner",
                                          "Startup Cost": 1559634.16,
                                          "Total Cost": 1836313.4,
                                          "Plan Rows": 56,
                                          "Plan Width": 35,
                                          "Inner Unique": false,
                                          "Hash Cond": "((partsupp.ps_suppkey = lineitem.l_suppkey) AND (partsupp.ps_partkey = lineitem.l_partkey))",
                                          "Plans": [
                                            {
                                              "Node Type": "Seq Scan",
                                              "Parent Relationship": "Outer",
                                              "Parallel Aware": true,
                                              "Async Capable": false,
                                              "Relation Name": "partsupp",
                                              "Alias": "partsupp",
                                              "Startup Cost": 0.0,
                                              "Total Cost": 207718.58,
                                              "Plan Rows": 3333258,
                                              "Plan Width": 14,
                                              "parent": 11,
                                              "ID": 12
                                            },
                                            {
                                              "Node Type": "Hash",
                                              "Parent Relationship": "Inner",
                                              "Parallel Aware": true,
                                              "Async Capable": false,
                                              "Startup Cost": 1526320.84,
                                              "Total Cost": 1526320.84,
                                              "Plan Rows": 1460288,
                                              "Plan Width": 33,
                                              "Plans": [
                                                {
                                                  "Node Type": "Hash Join",
                                                  "Parent Relationship": "Outer",
                                                  "Parallel Aware": true,
                                                  "Async Capable": false,
                                                  "Join Type": "Inner",
                                                  "Startup Cost": 52009.57,
                                                  "Total Cost": 1526320.84,
                                                  "Plan Rows": 1460288,
                                                  "Plan Width": 33,
                                                  "Inner Unique": false,
                                                  "Hash Cond": "(lineitem.l_partkey = part.p_partkey)",
                                                  "Plans": [
                                                    {
                                                      "Node Type": "Seq Scan",
                                                      "Parent Relationship": "Outer",
                                                      "Parallel Aware": true,
                                                      "Async Capable": false,
                                                      "Relation Name": "lineitem",
                                                      "Alias": "lineitem",
                                                      "Startup Cost": 0.0,
                                                      "Total Cost": 1374494.57,
                                                      "Plan Rows": 24995257,
                                                      "Plan Width": 29,
                                                      "parent": 14,
                                                      "ID": 15
                                                    },
                                                    {
                                                      "Node Type": "Hash",
                                                      "Parent Relationship": "Inner",
                                                      "Parallel Aware": true,
                                                      "Async Capable": false,
                                                      "Startup Cost": 51378.28,
                                                      "Total Cost": 51378.28,
                                                      "Plan Rows": 50503,
                                                      "Plan Width": 4,
                                                      "Plans": [
                                                        {
                                                          "Node Type": "Seq Scan",
                                                          "Parent Relationship": "Outer",
                                                          "Parallel Aware": true,
                                                          "Async Capable": false,
                                                          "Relation Name": "part",
                                                          "Alias": "part",
                                                          "Startup Cost": 0.0,
                                                          "Total Cost": 51378.28,
                                                          "Plan Rows": 50503,
                                                          "Plan Width": 4,
                                                          "Filter": "((p_name)::text ~~ '%brown%'::text)",
                                                          "parent": 16,
                                                          "ID": 17
                                                        }
                                                      ],
                                                      "parent": 14,
                                                      "ID": 16,
                                                      "left": 17
                                                    }
                                                  ],
                                                  "parent": 13,
                                                  "ID": 14,
                                                  "left": 15,
                                                  "right": 16
                                                }
                                              ],
                                              "parent": 11,
                                              "ID": 13,
                                              "left": 14
                                            }
                                          ],
                                          "parent": 10,
                                          "ID": 11,
                                          "left": 12,
                                          "right": 13
                                        }
                                      ],
                                      "parent": 8,
                                      "ID": 10,
                                      "left": 11
                                    }
                                  ],
                                  "parent": 7,
                                  "ID": 8,
                                  "left": 9,
                                  "right": 10
                                }
                              ],
                              "parent": 5,
                              "ID": 7,
                              "left": 8
                            }
                          ],
                          "parent": 4,
                          "ID": 5,
                          "left": 6,
                          "right": 7
                        },
                        {
                          "Node Type": "Hash",
                          "Parent Relationship": "Inner",
                          "Parallel Aware": false,
                          "Async Capable": false,
                          "Startup Cost": 1.25,
                          "Total Cost": 1.25,
                          "Plan Rows": 25,
                          "Plan Width": 30,
                          "Plans": [
                            {
                              "Node Type": "Seq Scan",
                              "Parent Relationship": "Outer",
                              "Parallel Aware": false,
                              "Async Capable": false,
                              "Relation Name": "nation",
                              "Alias": "nation",
                              "Startup Cost": 0.0,
                              "Total Cost": 1.25,
                              "Plan Rows": 25,
                              "Plan Width": 30,
                              "parent": 18,
                              "ID": 19
                            }
                          ],
                          "parent": 4,
                          "ID": 18,
                          "left": 19
                        }
                      ],
                      "parent": 3,
                      "ID": 4,
                      "left": 5,
                      "right": 18
                    }
                  ],
                  "parent": 2,
                  "ID": 3,
                  "left": 4
                }
              ],
              "parent": 1,
              "ID": 2,
              "left": 3
            }
          ],
          "parent": 0,
          "ID": 1,
          "left": 2
        }
      ],
      "parent": null,
      "ID": 0,
      "left": 1
    },
    "feat": {
      "utility": 1.1423953941670744e-06,
      "query_shape": [
        [
          "Seq Scan",
          "Hash Join",
          "Sort",
          "Aggregate",
          "Gather Merge"
        ],
        [
          "Seq Scan",
          "Hash Join",
          "Hash",
          "Sort",
          "Aggregate",
          "Gather Merge"
        ],
        [
          "Seq Scan",
          "Hash Join",
          "Hash",
          "Sort",
          "Aggregate",
          "Gather Merge"
        ],
        [
          "Seq Scan",
          "Hash Join",
          "Hash",
          "Sort",
          "Aggregate",
          "Gather Merge"
        ],
        [
          "Seq Scan",
          "Hash",
          "Hash Join",
          "Sort",
          "Aggregate",
          "Gather Merge"
        ],
        [
          "Seq Scan",
          "Hash",
          "Hash Join",
          "Sort",
          "Aggregate",
          "Gather Merge"
        ]
      ],
      "index_shape": [
        "join"
      ],
      "physical_operator": {
        "Hash Join": [
          3.391878524927478e-06,
          0.0010755531249598002
        ]
      }
    }
  },
  {
    "query": "-- Functional Query Definition\n-- Approved February 1998\n\n\nselect\nnation,\no_year,\nsum(amount) as sum_profit\nfrom\n(\nselect\nn_name as nation,\nextract(year from o_orderdate) as o_year,\nl_extendedprice * (1 - l_discount) - ps_supplycost * l_quantity as amount\nfrom\npart,\nsupplier,\nlineitem,\npartsupp,\norders,\nnation\nwhere\ns_suppkey = l_suppkey\nand ps_suppkey = l_suppkey\nand ps_partkey = l_partkey\nand p_partkey = l_partkey\nand o_orderkey = l_orderkey\nand s_nationkey = n_nationkey\nand p_name like '%brown%'\n) as profit\ngroup by\nnation,\no_year\norder by\nnation,\no_year desc ;\n-- $ID$\n-- TPC-H/TPC-R Returned Item Reporting ",
    "indexes": "lineitem.l_suppkey",
    "wo plan est": {
      "Node Type": "Aggregate",
      "Strategy": "Sorted",
      "Partial Mode": "Finalize",
      "Parallel Aware": false,
      "Async Capable": false,
      "Startup Cost": 2187189.13,
      "Total Cost": 2187203.6,
      "Plan Rows": 135,
      "Plan Width": 90,
      "Group Key": [
        "nation.n_name",
        "(EXTRACT(year FROM orders.o_orderdate))"
      ],
      "Plans": [
        {
          "Node Type": "Gather Merge",
          "Parent Relationship": "Outer",
          "Parallel Aware": false,
          "Async Capable": false,
          "Startup Cost": 2187189.13,
          "Total Cost": 2187200.78,
          "Plan Rows": 79,
          "Plan Width": 90,
          "Workers Planned": 1,
          "Plans": [
            {
              "Node Type": "Aggregate",
              "Strategy": "Sorted",
              "Partial Mode": "Partial",
              "Parent Relationship": "Outer",
              "Parallel Aware": false,
              "Async Capable": false,
              "Startup Cost": 2186189.12,
              "Total Cost": 2186191.89,
              "Plan Rows": 79,
              "Plan Width": 90,
              "Group Key": [
                "nation.n_name",
                "(EXTRACT(year FROM orders.o_orderdate))"
              ],
              "Plans": [
                {
                  "Node Type": "Sort",
                  "Parent Relationship": "Outer",
                  "Parallel Aware": false,
                  "Async Capable": false,
                  "Startup Cost": 2186189.12,
                  "Total Cost": 2186189.32,
                  "Plan Rows": 79,
                  "Plan Width": 81,
                  "Sort Key": [
                    "nation.n_name",
                    "(EXTRACT(year FROM orders.o_orderdate)) DESC"
                  ],
                  "Plans": [
                    {
                      "Node Type": "Hash Join",
                      "Parent Relationship": "Outer",
                      "Parallel Aware": false,
                      "Async Capable": false,
                      "Join Type": "Inner",
                      "Startup Cost": 2183160.19,
                      "Total Cost": 2186186.63,
                      "Plan Rows": 79,
                      "Plan Width": 81,
                      "Inner Unique": false,
                      "Hash Cond": "(supplier.s_nationkey = nation.n_nationkey)",
                      "Plans": [
                        {
                          "Node Type": "Hash Join",
                          "Parent Relationship": "Outer",
                          "Parallel Aware": true,
                          "Async Capable": false,
                          "Join Type": "Inner",
                          "Startup Cost": 2183158.63,
                          "Total Cost": 2186183.78,
                          "Plan Rows": 79,
                          "Plan Width": 31,
                          "Inner Unique": false,
                          "Hash Cond": "(supplier.s_suppkey = lineitem.l_suppkey)",
                          "Plans": [
                            {
                              "Node Type": "Seq Scan",
                              "Parent Relationship": "Outer",
                              "Parallel Aware": true,
                              "Async Capable": false,
                              "Relation Name": "supplier",
                              "Alias": "supplier",
                              "Startup Cost": 0.0,
                              "Total Cost": 2804.24,
                              "Plan Rows": 58824,
                              "Plan Width": 8,
                              "parent": 5,
                              "ID": 6
                            },
                            {
                              "Node Type": "Hash",
                              "Parent Relationship": "Inner",
                              "Parallel Aware": true,
                              "Async Capable": false,
                              "Startup Cost": 2183157.93,
                              "Total Cost": 2183157.93,
                              "Plan Rows": 56,
                              "Plan Width": 35,
                              "Plans": [
                                {
                                  "Node Type": "Hash Join",
                                  "Parent Relationship": "Outer",
                                  "Parallel Aware": true,
                                  "Async Capable": false,
                                  "Join Type": "Inner",
                                  "Startup Cost": 1836314.1,
                                  "Total Cost": 2183157.93,
                                  "Plan Rows": 56,
                                  "Plan Width": 35,
                                  "Inner Unique": false,
                                  "Hash Cond": "(orders.o_orderkey = lineitem.l_orderkey)",
                                  "Plans": [
                                    {
                                      "Node Type": "Seq Scan",
                                      "Parent Relationship": "Outer",
                                      "Parallel Aware": true,
                                      "Async Capable": false,
                                      "Relation Name": "orders",
                                      "Alias": "orders",
                                      "Startup Cost": 0.0,
                                      "Total Cost": 323407.71,
                                      "Plan Rows": 6249571,
                                      "Plan Width": 8,
                                      "parent": 8,
                                      "ID": 9
                                    },
                                    {
                                      "Node Type": "Hash",
                                      "Parent Relationship": "Inner",
                                      "Parallel Aware": true,
                                      "Async Capable": false,
                                      "Startup Cost": 1836313.4,
                                      "Total Cost": 1836313.4,
                                      "Plan Rows": 56,
                                      "Plan Width": 35,
                                      "Plans": [
                                        {
                                          "Node Type": "Hash Join",
                                          "Parent Relationship": "Outer",
                                          "Parallel Aware": true,
                                          "Async Capable": false,
                                          "Join Type": "Inner",
                                          "Startup Cost": 1559634.16,
                                          "Total Cost": 1836313.4,
                                          "Plan Rows": 56,
                                          "Plan Width": 35,
                                          "Inner Unique": false,
                                          "Hash Cond": "((partsupp.ps_suppkey = lineitem.l_suppkey) AND (partsupp.ps_partkey = lineitem.l_partkey))",
                                          "Plans": [
                                            {
                                              "Node Type": "Seq Scan",
                                              "Parent Relationship": "Outer",
                                              "Parallel Aware": true,
                                              "Async Capable": false,
                                              "Relation Name": "partsupp",
                                              "Alias": "partsupp",
                                              "Startup Cost": 0.0,
                                              "Total Cost": 207718.58,
                                              "Plan Rows": 3333258,
                                              "Plan Width": 14,
                                              "parent": 11,
                                              "ID": 12
                                            },
                                            {
                                              "Node Type": "Hash",
                                              "Parent Relationship": "Inner",
                                              "Parallel Aware": true,
                                              "Async Capable": false,
                                              "Startup Cost": 1526320.84,
                                              "Total Cost": 1526320.84,
                                              "Plan Rows": 1460288,
                                              "Plan Width": 33,
                                              "Plans": [
                                                {
                                                  "Node Type": "Hash Join",
                                                  "Parent Relationship": "Outer",
                                                  "Parallel Aware": true,
                                                  "Async Capable": false,
                                                  "Join Type": "Inner",
                                                  "Startup Cost": 52009.57,
                                                  "Total Cost": 1526320.84,
                                                  "Plan Rows": 1460288,
                                                  "Plan Width": 33,
                                                  "Inner Unique": false,
                                                  "Hash Cond": "(lineitem.l_partkey = part.p_partkey)",
                                                  "Plans": [
                                                    {
                                                      "Node Type": "Seq Scan",
                                                      "Parent Relationship": "Outer",
                                                      "Parallel Aware": true,
                                                      "Async Capable": false,
                                                      "Relation Name": "lineitem",
                                                      "Alias": "lineitem",
                                                      "Startup Cost": 0.0,
                                                      "Total Cost": 1374494.57,
                                                      "Plan Rows": 24995257,
                                                      "Plan Width": 29,
                                                      "parent": 14,
                                                      "ID": 15
                                                    },
                                                    {
                                                      "Node Type": "Hash",
                                                      "Parent Relationship": "Inner",
                                                      "Parallel Aware": true,
                                                      "Async Capable": false,
                                                      "Startup Cost": 51378.28,
                                                      "Total Cost": 51378.28,
                                                      "Plan Rows": 50503,
                                                      "Plan Width": 4,
                                                      "Plans": [
                                                        {
                                                          "Node Type": "Seq Scan",
                                                          "Parent Relationship": "Outer",
                                                          "Parallel Aware": true,
                                                          "Async Capable": false,
                                                          "Relation Name": "part",
                                                          "Alias": "part",
                                                          "Startup Cost": 0.0,
                                                          "Total Cost": 51378.28,
                                                          "Plan Rows": 50503,
                                                          "Plan Width": 4,
                                                          "Filter": "((p_name)::text ~~ '%brown%'::text)",
                                                          "parent": 16,
                                                          "ID": 17
                                                        }
                                                      ],
                                                      "parent": 14,
                                                      "ID": 16,
                                                      "left": 17
                                                    }
                                                  ],
                                                  "parent": 13,
                                                  "ID": 14,
                                                  "left": 15,
                                                  "right": 16
                                                }
                                              ],
                                              "parent": 11,
                                              "ID": 13,
                                              "left": 14
                                            }
                                          ],
                                          "parent": 10,
                                          "ID": 11,
                                          "left": 12,
                                          "right": 13
                                        }
                                      ],
                                      "parent": 8,
                                      "ID": 10,
                                      "left": 11
                                    }
                                  ],
                                  "parent": 7,
                                  "ID": 8,
                                  "left": 9,
                                  "right": 10
                                }
                              ],
                              "parent": 5,
                              "ID": 7,
                              "left": 8
                            }
                          ],
                          "parent": 4,
                          "ID": 5,
                          "left": 6,
                          "right": 7
                        },
                        {
                          "Node Type": "Hash",
                          "Parent Relationship": "Inner",
                          "Parallel Aware": false,
                          "Async Capable": false,
                          "Startup Cost": 1.25,
                          "Total Cost": 1.25,
                          "Plan Rows": 25,
                          "Plan Width": 30,
                          "Plans": [
                            {
                              "Node Type": "Seq Scan",
                              "Parent Relationship": "Outer",
                              "Parallel Aware": false,
                              "Async Capable": false,
                              "Relation Name": "nation",
                              "Alias": "nation",
                              "Startup Cost": 0.0,
                              "Total Cost": 1.25,
                              "Plan Rows": 25,
                              "Plan Width": 30,
                              "parent": 18,
                              "ID": 19
                            }
                          ],
                          "parent": 4,
                          "ID": 18,
                          "left": 19
                        }
                      ],
                      "parent": 3,
                      "ID": 4,
                      "left": 5,
                      "right": 18
                    }
                  ],
                  "parent": 2,
                  "ID": 3,
                  "left": 4
                }
              ],
              "parent": 1,
              "ID": 2,
              "left": 3
            }
          ],
          "parent": 0,
          "ID": 1,
          "left": 2
        }
      ],
      "parent": null,
      "ID": 0,
      "left": 1
    },
    "feat": {
      "utility": 1.1402113360071785e-06,
      "query_shape": [
        [
          "Seq Scan",
          "Hash Join",
          "Sort",
          "Aggregate",
          "Gather Merge"
        ],
        [
          "Seq Scan",
          "Hash Join",
          "Hash",
          "Sort",
          "Aggregate",
          "Gather Merge"
        ],
        [
          "Seq Scan",
          "Hash Join",
          "Hash",
          "Sort",
          "Aggregate",
          "Gather Merge"
        ],
        [
          "Seq Scan",
          "Hash Join",
          "Hash",
          "Sort",
          "Aggregate",
          "Gather Merge"
        ],
        [
          "Seq Scan",
          "Hash",
          "Hash Join",
          "Sort",
          "Aggregate",
          "Gather Merge"
        ],
        [
          "Seq Scan",
          "Hash",
          "Hash Join",
          "Sort",
          "Aggregate",
          "Gather Merge"
        ]
      ],
      "index_shape": [
        "join"
      ],
      "physical_operator": {
        "Hash Join": [
          0.00489713702090669,
          3.391878524927478e-06
        ]
      }
    }
  },
  {
    "query": "-- Functional Query Definition\n-- Approved February 1998\n\n\nselect\nnation,\no_year,\nsum(amount) as sum_profit\nfrom\n(\nselect\nn_name as nation,\nextract(year from o_orderdate) as o_year,\nl_extendedprice * (1 - l_discount) - ps_supplycost * l_quantity as amount\nfrom\npart,\nsupplier,\nlineitem,\npartsupp,\norders,\nnation\nwhere\ns_suppkey = l_suppkey\nand ps_suppkey = l_suppkey\nand ps_partkey = l_partkey\nand p_partkey = l_partkey\nand o_orderkey = l_orderkey\nand s_nationkey = n_nationkey\nand p_name like '%brown%'\n) as profit\ngroup by\nnation,\no_year\norder by\nnation,\no_year desc ;\n-- $ID$\n-- TPC-H/TPC-R Returned Item Reporting ",
    "indexes": "lineitem.l_quantity",
    "wo plan est": {
      "Node Type": "Aggregate",
      "Strategy": "Sorted",
      "Partial Mode": "Finalize",
      "Parallel Aware": false,
      "Async Capable": false,
      "Startup Cost": 2187189.13,
      "Total Cost": 2187203.6,
      "Plan Rows": 135,
      "Plan Width": 90,
      "Group Key": [
        "nation.n_name",
        "(EXTRACT(year FROM orders.o_orderdate))"
      ],
      "Plans": [
        {
          "Node Type": "Gather Merge",
          "Parent Relationship": "Outer",
          "Parallel Aware": false,
          "Async Capable": false,
          "Startup Cost": 2187189.13,
          "Total Cost": 2187200.78,
          "Plan Rows": 79,
          "Plan Width": 90,
          "Workers Planned": 1,
          "Plans": [
            {
              "Node Type": "Aggregate",
              "Strategy": "Sorted",
              "Partial Mode": "Partial",
              "Parent Relationship": "Outer",
              "Parallel Aware": false,
              "Async Capable": false,
              "Startup Cost": 2186189.12,
              "Total Cost": 2186191.89,
              "Plan Rows": 79,
              "Plan Width": 90,
              "Group Key": [
                "nation.n_name",
                "(EXTRACT(year FROM orders.o_orderdate))"
              ],
              "Plans": [
                {
                  "Node Type": "Sort",
                  "Parent Relationship": "Outer",
                  "Parallel Aware": false,
                  "Async Capable": false,
                  "Startup Cost": 2186189.12,
                  "Total Cost": 2186189.32,
                  "Plan Rows": 79,
                  "Plan Width": 81,
                  "Sort Key": [
                    "nation.n_name",
                    "(EXTRACT(year FROM orders.o_orderdate)) DESC"
                  ],
                  "Plans": [
                    {
                      "Node Type": "Hash Join",
                      "Parent Relationship": "Outer",
                      "Parallel Aware": false,
                      "Async Capable": false,
                      "Join Type": "Inner",
                      "Startup Cost": 2183160.19,
                      "Total Cost": 2186186.63,
                      "Plan Rows": 79,
                      "Plan Width": 81,
                      "Inner Unique": false,
                      "Hash Cond": "(supplier.s_nationkey = nation.n_nationkey)",
                      "Plans": [
                        {
                          "Node Type": "Hash Join",
                          "Parent Relationship": "Outer",
                          "Parallel Aware": true,
                          "Async Capable": false,
                          "Join Type": "Inner",
                          "Startup Cost": 2183158.63,
                          "Total Cost": 2186183.78,
                          "Plan Rows": 79,
                          "Plan Width": 31,
                          "Inner Unique": false,
                          "Hash Cond": "(supplier.s_suppkey = lineitem.l_suppkey)",
                          "Plans": [
                            {
                              "Node Type": "Seq Scan",
                              "Parent Relationship": "Outer",
                              "Parallel Aware": true,
                              "Async Capable": false,
                              "Relation Name": "supplier",
                              "Alias": "supplier",
                              "Startup Cost": 0.0,
                              "Total Cost": 2804.24,
                              "Plan Rows": 58824,
                              "Plan Width": 8,
                              "parent": 5,
                              "ID": 6
                            },
                            {
                              "Node Type": "Hash",
                              "Parent Relationship": "Inner",
                              "Parallel Aware": true,
                              "Async Capable": false,
                              "Startup Cost": 2183157.93,
                              "Total Cost": 2183157.93,
                              "Plan Rows": 56,
                              "Plan Width": 35,
                              "Plans": [
                                {
                                  "Node Type": "Hash Join",
                                  "Parent Relationship": "Outer",
                                  "Parallel Aware": true,
                                  "Async Capable": false,
                                  "Join Type": "Inner",
                                  "Startup Cost": 1836314.1,
                                  "Total Cost": 2183157.93,
                                  "Plan Rows": 56,
                                  "Plan Width": 35,
                                  "Inner Unique": false,
                                  "Hash Cond": "(orders.o_orderkey = lineitem.l_orderkey)",
                                  "Plans": [
                                    {
                                      "Node Type": "Seq Scan",
                                      "Parent Relationship": "Outer",
                                      "Parallel Aware": true,
                                      "Async Capable": false,
                                      "Relation Name": "orders",
                                      "Alias": "orders",
                                      "Startup Cost": 0.0,
                                      "Total Cost": 323407.71,
                                      "Plan Rows": 6249571,
                                      "Plan Width": 8,
                                      "parent": 8,
                                      "ID": 9
                                    },
                                    {
                                      "Node Type": "Hash",
                                      "Parent Relationship": "Inner",
                                      "Parallel Aware": true,
                                      "Async Capable": false,
                                      "Startup Cost": 1836313.4,
                                      "Total Cost": 1836313.4,
                                      "Plan Rows": 56,
                                      "Plan Width": 35,
                                      "Plans": [
                                        {
                                          "Node Type": "Hash Join",
                                          "Parent Relationship": "Outer",
                                          "Parallel Aware": true,
                                          "Async Capable": false,
                                          "Join Type": "Inner",
                                          "Startup Cost": 1559634.16,
                                          "Total Cost": 1836313.4,
                                          "Plan Rows": 56,
                                          "Plan Width": 35,
                                          "Inner Unique": false,
                                          "Hash Cond": "((partsupp.ps_suppkey = lineitem.l_suppkey) AND (partsupp.ps_partkey = lineitem.l_partkey))",
                                          "Plans": [
                                            {
                                              "Node Type": "Seq Scan",
                                              "Parent Relationship": "Outer",
                                              "Parallel Aware": true,
                                              "Async Capable": false,
                                              "Relation Name": "partsupp",
                                              "Alias": "partsupp",
                                              "Startup Cost": 0.0,
                                              "Total Cost": 207718.58,
                                              "Plan Rows": 3333258,
                                              "Plan Width": 14,
                                              "parent": 11,
                                              "ID": 12
                                            },
                                            {
                                              "Node Type": "Hash",
                                              "Parent Relationship": "Inner",
                                              "Parallel Aware": true,
                                              "Async Capable": false,
                                              "Startup Cost": 1526320.84,
                                              "Total Cost": 1526320.84,
                                              "Plan Rows": 1460288,
                                              "Plan Width": 33,
                                              "Plans": [
                                                {
                                                  "Node Type": "Hash Join",
                                                  "Parent Relationship": "Outer",
                                                  "Parallel Aware": true,
                                                  "Async Capable": false,
                                                  "Join Type": "Inner",
                                                  "Startup Cost": 52009.57,
                                                  "Total Cost": 1526320.84,
                                                  "Plan Rows": 1460288,
                                                  "Plan Width": 33,
                                                  "Inner Unique": false,
                                                  "Hash Cond": "(lineitem.l_partkey = part.p_partkey)",
                                                  "Plans": [
                                                    {
                                                      "Node Type": "Seq Scan",
                                                      "Parent Relationship": "Outer",
                                                      "Parallel Aware": true,
                                                      "Async Capable": false,
                                                      "Relation Name": "lineitem",
                                                      "Alias": "lineitem",
                                                      "Startup Cost": 0.0,
                                                      "Total Cost": 1374494.57,
                                                      "Plan Rows": 24995257,
                                                      "Plan Width": 29,
                                                      "parent": 14,
                                                      "ID": 15
                                                    },
                                                    {
                                                      "Node Type": "Hash",
                                                      "Parent Relationship": "Inner",
                                                      "Parallel Aware": true,
                                                      "Async Capable": false,
                                                      "Startup Cost": 51378.28,
                                                      "Total Cost": 51378.28,
                                                      "Plan Rows": 50503,
                                                      "Plan Width": 4,
                                                      "Plans": [
                                                        {
                                                          "Node Type": "Seq Scan",
                                                          "Parent Relationship": "Outer",
                                                          "Parallel Aware": true,
                                                          "Async Capable": false,
                                                          "Relation Name": "part",
                                                          "Alias": "part",
                                                          "Startup Cost": 0.0,
                                                          "Total Cost": 51378.28,
                                                          "Plan Rows": 50503,
                                                          "Plan Width": 4,
                                                          "Filter": "((p_name)::text ~~ '%brown%'::text)",
                                                          "parent": 16,
                                                          "ID": 17
                                                        }
                                                      ],
                                                      "parent": 14,
                                                      "ID": 16,
                                                      "left": 17
                                                    }
                                                  ],
                                                  "parent": 13,
                                                  "ID": 14,
                                                  "left": 15,
                                                  "right": 16
                                                }
                                              ],
                                              "parent": 11,
                                              "ID": 13,
                                              "left": 14
                                            }
                                          ],
                                          "parent": 10,
                                          "ID": 11,
                                          "left": 12,
                                          "right": 13
                                        }
                                      ],
                                      "parent": 8,
                                      "ID": 10,
                                      "left": 11
                                    }
                                  ],
                                  "parent": 7,
                                  "ID": 8,
                                  "left": 9,
                                  "right": 10
                                }
                              ],
                              "parent": 5,
                              "ID": 7,
                              "left": 8
                            }
                          ],
                          "parent": 4,
                          "ID": 5,
                          "left": 6,
                          "right": 7
                        },
                        {
                          "Node Type": "Hash",
                          "Parent Relationship": "Inner",
                          "Parallel Aware": false,
                          "Async Capable": false,
                          "Startup Cost": 1.25,
                          "Total Cost": 1.25,
                          "Plan Rows": 25,
                          "Plan Width": 30,
                          "Plans": [
                            {
                              "Node Type": "Seq Scan",
                              "Parent Relationship": "Outer",
                              "Parallel Aware": false,
                              "Async Capable": false,
                              "Relation Name": "nation",
                              "Alias": "nation",
                              "Startup Cost": 0.0,
                              "Total Cost": 1.25,
                              "Plan Rows": 25,
                              "Plan Width": 30,
                              "parent": 18,
                              "ID": 19
                            }
                          ],
                          "parent": 4,
                          "ID": 18,
                          "left": 19
                        }
                      ],
                      "parent": 3,
                      "ID": 4,
                      "left": 5,
                      "right": 18
                    }
                  ],
                  "parent": 2,
                  "ID": 3,
                  "left": 4
                }
              ],
              "parent": 1,
              "ID": 2,
              "left": 3
            }
          ],
          "parent": 0,
          "ID": 1,
          "left": 2
        }
      ],
      "parent": null,
      "ID": 0,
      "left": 1
    },
    "feat": {
      "utility": 0.0,
      "query_shape": [
        [
          "Seq Scan",
          "Hash Join",
          "Sort",
          "Aggregate",
          "Gather Merge"
        ],
        [
          "Seq Scan",
          "Hash Join",
          "Hash",
          "Sort",
          "Aggregate",
          "Gather Merge"
        ],
        [
          "Seq Scan",
          "Hash Join",
          "Hash",
          "Sort",
          "Aggregate",
          "Gather Merge"
        ],
        [
          "Seq Scan",
          "Hash Join",
          "Hash",
          "Sort",
          "Aggregate",
          "Gather Merge"
        ],
        [
          "Seq Scan",
          "Hash",
          "Hash Join",
          "Sort",
          "Aggregate",
          "Gather Merge"
        ],
        [
          "Seq Scan",
          "Hash",
          "Hash Join",
          "Sort",
          "Aggregate",
          "Gather Merge"
        ]
      ],
      "index_shape": [],
      "physical_operator": {}
    }
  },
  {
    "query": "-- Functional Query Definition\n-- Approved February 1998\n\n\nselect\nnation,\no_year,\nsum(amount) as sum_profit\nfrom\n(\nselect\nn_name as nation,\nextract(year from o_orderdate) as o_year,\nl_extendedprice * (1 - l_discount) - ps_supplycost * l_quantity as amount\nfrom\npart,\nsupplier,\nlineitem,\npartsupp,\norders,\nnation\nwhere\ns_suppkey = l_suppkey\nand ps_suppkey = l_suppkey\nand ps_partkey = l_partkey\nand p_partkey = l_partkey\nand o_orderkey = l_orderkey\nand s_nationkey = n_nationkey\nand p_name like '%brown%'\n) as profit\ngroup by\nnation,\no_year\norder by\nnation,\no_year desc ;\n-- $ID$\n-- TPC-H/TPC-R Returned Item Reporting ",
    "indexes": "lineitem.l_extendedprice",
    "wo plan est": {
      "Node Type": "Aggregate",
      "Strategy": "Sorted",
      "Partial Mode": "Finalize",
      "Parallel Aware": false,
      "Async Capable": false,
      "Startup Cost": 2187189.13,
      "Total Cost": 2187203.6,
      "Plan Rows": 135,
      "Plan Width": 90,
      "Group Key": [
        "nation.n_name",
        "(EXTRACT(year FROM orders.o_orderdate))"
      ],
      "Plans": [
        {
          "Node Type": "Gather Merge",
          "Parent Relationship": "Outer",
          "Parallel Aware": false,
          "Async Capable": false,
          "Startup Cost": 2187189.13,
          "Total Cost": 2187200.78,
          "Plan Rows": 79,
          "Plan Width": 90,
          "Workers Planned": 1,
          "Plans": [
            {
              "Node Type": "Aggregate",
              "Strategy": "Sorted",
              "Partial Mode": "Partial",
              "Parent Relationship": "Outer",
              "Parallel Aware": false,
              "Async Capable": false,
              "Startup Cost": 2186189.12,
              "Total Cost": 2186191.89,
              "Plan Rows": 79,
              "Plan Width": 90,
              "Group Key": [
                "nation.n_name",
                "(EXTRACT(year FROM orders.o_orderdate))"
              ],
              "Plans": [
                {
                  "Node Type": "Sort",
                  "Parent Relationship": "Outer",
                  "Parallel Aware": false,
                  "Async Capable": false,
                  "Startup Cost": 2186189.12,
                  "Total Cost": 2186189.32,
                  "Plan Rows": 79,
                  "Plan Width": 81,
                  "Sort Key": [
                    "nation.n_name",
                    "(EXTRACT(year FROM orders.o_orderdate)) DESC"
                  ],
                  "Plans": [
                    {
                      "Node Type": "Hash Join",
                      "Parent Relationship": "Outer",
                      "Parallel Aware": false,
                      "Async Capable": false,
                      "Join Type": "Inner",
                      "Startup Cost": 2183160.19,
                      "Total Cost": 2186186.63,
                      "Plan Rows": 79,
                      "Plan Width": 81,
                      "Inner Unique": false,
                      "Hash Cond": "(supplier.s_nationkey = nation.n_nationkey)",
                      "Plans": [
                        {
                          "Node Type": "Hash Join",
                          "Parent Relationship": "Outer",
                          "Parallel Aware": true,
                          "Async Capable": false,
                          "Join Type": "Inner",
                          "Startup Cost": 2183158.63,
                          "Total Cost": 2186183.78,
                          "Plan Rows": 79,
                          "Plan Width": 31,
                          "Inner Unique": false,
                          "Hash Cond": "(supplier.s_suppkey = lineitem.l_suppkey)",
                          "Plans": [
                            {
                              "Node Type": "Seq Scan",
                              "Parent Relationship": "Outer",
                              "Parallel Aware": true,
                              "Async Capable": false,
                              "Relation Name": "supplier",
                              "Alias": "supplier",
                              "Startup Cost": 0.0,
                              "Total Cost": 2804.24,
                              "Plan Rows": 58824,
                              "Plan Width": 8,
                              "parent": 5,
                              "ID": 6
                            },
                            {
                              "Node Type": "Hash",
                              "Parent Relationship": "Inner",
                              "Parallel Aware": true,
                              "Async Capable": false,
                              "Startup Cost": 2183157.93,
                              "Total Cost": 2183157.93,
                              "Plan Rows": 56,
                              "Plan Width": 35,
                              "Plans": [
                                {
                                  "Node Type": "Hash Join",
                                  "Parent Relationship": "Outer",
                                  "Parallel Aware": true,
                                  "Async Capable": false,
                                  "Join Type": "Inner",
                                  "Startup Cost": 1836314.1,
                                  "Total Cost": 2183157.93,
                                  "Plan Rows": 56,
                                  "Plan Width": 35,
                                  "Inner Unique": false,
                                  "Hash Cond": "(orders.o_orderkey = lineitem.l_orderkey)",
                                  "Plans": [
                                    {
                                      "Node Type": "Seq Scan",
                                      "Parent Relationship": "Outer",
                                      "Parallel Aware": true,
                                      "Async Capable": false,
                                      "Relation Name": "orders",
                                      "Alias": "orders",
                                      "Startup Cost": 0.0,
                                      "Total Cost": 323407.71,
                                      "Plan Rows": 6249571,
                                      "Plan Width": 8,
                                      "parent": 8,
                                      "ID": 9
                                    },
                                    {
                                      "Node Type": "Hash",
                                      "Parent Relationship": "Inner",
                                      "Parallel Aware": true,
                                      "Async Capable": false,
                                      "Startup Cost": 1836313.4,
                                      "Total Cost": 1836313.4,
                                      "Plan Rows": 56,
                                      "Plan Width": 35,
                                      "Plans": [
                                        {
                                          "Node Type": "Hash Join",
                                          "Parent Relationship": "Outer",
                                          "Parallel Aware": true,
                                          "Async Capable": false,
                                          "Join Type": "Inner",
                                          "Startup Cost": 1559634.16,
                                          "Total Cost": 1836313.4,
                                          "Plan Rows": 56,
                                          "Plan Width": 35,
                                          "Inner Unique": false,
                                          "Hash Cond": "((partsupp.ps_suppkey = lineitem.l_suppkey) AND (partsupp.ps_partkey = lineitem.l_partkey))",
                                          "Plans": [
                                            {
                                              "Node Type": "Seq Scan",
                                              "Parent Relationship": "Outer",
                                              "Parallel Aware": true,
                                              "Async Capable": false,
                                              "Relation Name": "partsupp",
                                              "Alias": "partsupp",
                                              "Startup Cost": 0.0,
                                              "Total Cost": 207718.58,
                                              "Plan Rows": 3333258,
                                              "Plan Width": 14,
                                              "parent": 11,
                                              "ID": 12
                                            },
                                            {
                                              "Node Type": "Hash",
                                              "Parent Relationship": "Inner",
                                              "Parallel Aware": true,
                                              "Async Capable": false,
                                              "Startup Cost": 1526320.84,
                                              "Total Cost": 1526320.84,
                                              "Plan Rows": 1460288,
                                              "Plan Width": 33,
                                              "Plans": [
                                                {
                                                  "Node Type": "Hash Join",
                                                  "Parent Relationship": "Outer",
                                                  "Parallel Aware": true,
                                                  "Async Capable": false,
                                                  "Join Type": "Inner",
                                                  "Startup Cost": 52009.57,
                                                  "Total Cost": 1526320.84,
                                                  "Plan Rows": 1460288,
                                                  "Plan Width": 33,
                                                  "Inner Unique": false,
                                                  "Hash Cond": "(lineitem.l_partkey = part.p_partkey)",
                                                  "Plans": [
                                                    {
                                                      "Node Type": "Seq Scan",
                                                      "Parent Relationship": "Outer",
                                                      "Parallel Aware": true,
                                                      "Async Capable": false,
                                                      "Relation Name": "lineitem",
                                                      "Alias": "lineitem",
                                                      "Startup Cost": 0.0,
                                                      "Total Cost": 1374494.57,
                                                      "Plan Rows": 24995257,
                                                      "Plan Width": 29,
                                                      "parent": 14,
                                                      "ID": 15
                                                    },
                                                    {
                                                      "Node Type": "Hash",
                                                      "Parent Relationship": "Inner",
                                                      "Parallel Aware": true,
                                                      "Async Capable": false,
                                                      "Startup Cost": 51378.28,
                                                      "Total Cost": 51378.28,
                                                      "Plan Rows": 50503,
                                                      "Plan Width": 4,
                                                      "Plans": [
                                                        {
                                                          "Node Type": "Seq Scan",
                                                          "Parent Relationship": "Outer",
                                                          "Parallel Aware": true,
                                                          "Async Capable": false,
                                                          "Relation Name": "part",
                                                          "Alias": "part",
                                                          "Startup Cost": 0.0,
                                                          "Total Cost": 51378.28,
                                                          "Plan Rows": 50503,
                                                          "Plan Width": 4,
                                                          "Filter": "((p_name)::text ~~ '%brown%'::text)",
                                                          "parent": 16,
                                                          "ID": 17
                                                        }
                                                      ],
                                                      "parent": 14,
                                                      "ID": 16,
                                                      "left": 17
                                                    }
                                                  ],
                                                  "parent": 13,
                                                  "ID": 14,
                                                  "left": 15,
                                                  "right": 16
                                                }
                                              ],
                                              "parent": 11,
                                              "ID": 13,
                                              "left": 14
                                            }
                                          ],
                                          "parent": 10,
                                          "ID": 11,
                                          "left": 12,
                                          "right": 13
                                        }
                                      ],
                                      "parent": 8,
                                      "ID": 10,
                                      "left": 11
                                    }
                                  ],
                                  "parent": 7,
                                  "ID": 8,
                                  "left": 9,
                                  "right": 10
                                }
                              ],
                              "parent": 5,
                              "ID": 7,
                              "left": 8
                            }
                          ],
                          "parent": 4,
                          "ID": 5,
                          "left": 6,
                          "right": 7
                        },
                        {
                          "Node Type": "Hash",
                          "Parent Relationship": "Inner",
                          "Parallel Aware": false,
                          "Async Capable": false,
                          "Startup Cost": 1.25,
                          "Total Cost": 1.25,
                          "Plan Rows": 25,
                          "Plan Width": 30,
                          "Plans": [
                            {
                              "Node Type": "Seq Scan",
                              "Parent Relationship": "Outer",
                              "Parallel Aware": false,
                              "Async Capable": false,
                              "Relation Name": "nation",
                              "Alias": "nation",
                              "Startup Cost": 0.0,
                              "Total Cost": 1.25,
                              "Plan Rows": 25,
                              "Plan Width": 30,
                              "parent": 18,
                              "ID": 19
                            }
                          ],
                          "parent": 4,
                          "ID": 18,
                          "left": 19
                        }
                      ],
                      "parent": 3,
                      "ID": 4,
                      "left": 5,
                      "right": 18
                    }
                  ],
                  "parent": 2,
                  "ID": 3,
                  "left": 4
                }
              ],
              "parent": 1,
              "ID": 2,
              "left": 3
            }
          ],
          "parent": 0,
          "ID": 1,
          "left": 2
        }
      ],
      "parent": null,
      "ID": 0,
      "left": 1
    },
    "feat": {
      "utility": 0.0,
      "query_shape": [
        [
          "Seq Scan",
          "Hash Join",
          "Sort",
          "Aggregate",
          "Gather Merge"
        ],
        [
          "Seq Scan",
          "Hash Join",
          "Hash",
          "Sort",
          "Aggregate",
          "Gather Merge"
        ],
        [
          "Seq Scan",
          "Hash Join",
          "Hash",
          "Sort",
          "Aggregate",
          "Gather Merge"
        ],
        [
          "Seq Scan",
          "Hash Join",
          "Hash",
          "Sort",
          "Aggregate",
          "Gather Merge"
        ],
        [
          "Seq Scan",
          "Hash",
          "Hash Join",
          "Sort",
          "Aggregate",
          "Gather Merge"
        ],
        [
          "Seq Scan",
          "Hash",
          "Hash Join",
          "Sort",
          "Aggregate",
          "Gather Merge"
        ]
      ],
      "index_shape": [],
      "physical_operator": {}
    }
  },
  {
    "query": "-- Functional Query Definition\n-- Approved February 1998\n\n\nselect\nnation,\no_year,\nsum(amount) as sum_profit\nfrom\n(\nselect\nn_name as nation,\nextract(year from o_orderdate) as o_year,\nl_extendedprice * (1 - l_discount) - ps_supplycost * l_quantity as amount\nfrom\npart,\nsupplier,\nlineitem,\npartsupp,\norders,\nnation\nwhere\ns_suppkey = l_suppkey\nand ps_suppkey = l_suppkey\nand ps_partkey = l_partkey\nand p_partkey = l_partkey\nand o_orderkey = l_orderkey\nand s_nationkey = n_nationkey\nand p_name like '%brown%'\n) as profit\ngroup by\nnation,\no_year\norder by\nnation,\no_year desc ;\n-- $ID$\n-- TPC-H/TPC-R Returned Item Reporting ",
    "indexes": "lineitem.l_discount",
    "wo plan est": {
      "Node Type": "Aggregate",
      "Strategy": "Sorted",
      "Partial Mode": "Finalize",
      "Parallel Aware": false,
      "Async Capable": false,
      "Startup Cost": 2187189.13,
      "Total Cost": 2187203.6,
      "Plan Rows": 135,
      "Plan Width": 90,
      "Group Key": [
        "nation.n_name",
        "(EXTRACT(year FROM orders.o_orderdate))"
      ],
      "Plans": [
        {
          "Node Type": "Gather Merge",
          "Parent Relationship": "Outer",
          "Parallel Aware": false,
          "Async Capable": false,
          "Startup Cost": 2187189.13,
          "Total Cost": 2187200.78,
          "Plan Rows": 79,
          "Plan Width": 90,
          "Workers Planned": 1,
          "Plans": [
            {
              "Node Type": "Aggregate",
              "Strategy": "Sorted",
              "Partial Mode": "Partial",
              "Parent Relationship": "Outer",
              "Parallel Aware": false,
              "Async Capable": false,
              "Startup Cost": 2186189.12,
              "Total Cost": 2186191.89,
              "Plan Rows": 79,
              "Plan Width": 90,
              "Group Key": [
                "nation.n_name",
                "(EXTRACT(year FROM orders.o_orderdate))"
              ],
              "Plans": [
                {
                  "Node Type": "Sort",
                  "Parent Relationship": "Outer",
                  "Parallel Aware": false,
                  "Async Capable": false,
                  "Startup Cost": 2186189.12,
                  "Total Cost": 2186189.32,
                  "Plan Rows": 79,
                  "Plan Width": 81,
                  "Sort Key": [
                    "nation.n_name",
                    "(EXTRACT(year FROM orders.o_orderdate)) DESC"
                  ],
                  "Plans": [
                    {
                      "Node Type": "Hash Join",
                      "Parent Relationship": "Outer",
                      "Parallel Aware": false,
                      "Async Capable": false,
                      "Join Type": "Inner",
                      "Startup Cost": 2183160.19,
                      "Total Cost": 2186186.63,
                      "Plan Rows": 79,
                      "Plan Width": 81,
                      "Inner Unique": false,
                      "Hash Cond": "(supplier.s_nationkey = nation.n_nationkey)",
                      "Plans": [
                        {
                          "Node Type": "Hash Join",
                          "Parent Relationship": "Outer",
                          "Parallel Aware": true,
                          "Async Capable": false,
                          "Join Type": "Inner",
                          "Startup Cost": 2183158.63,
                          "Total Cost": 2186183.78,
                          "Plan Rows": 79,
                          "Plan Width": 31,
                          "Inner Unique": false,
                          "Hash Cond": "(supplier.s_suppkey = lineitem.l_suppkey)",
                          "Plans": [
                            {
                              "Node Type": "Seq Scan",
                              "Parent Relationship": "Outer",
                              "Parallel Aware": true,
                              "Async Capable": false,
                              "Relation Name": "supplier",
                              "Alias": "supplier",
                              "Startup Cost": 0.0,
                              "Total Cost": 2804.24,
                              "Plan Rows": 58824,
                              "Plan Width": 8,
                              "parent": 5,
                              "ID": 6
                            },
                            {
                              "Node Type": "Hash",
                              "Parent Relationship": "Inner",
                              "Parallel Aware": true,
                              "Async Capable": false,
                              "Startup Cost": 2183157.93,
                              "Total Cost": 2183157.93,
                              "Plan Rows": 56,
                              "Plan Width": 35,
                              "Plans": [
                                {
                                  "Node Type": "Hash Join",
                                  "Parent Relationship": "Outer",
                                  "Parallel Aware": true,
                                  "Async Capable": false,
                                  "Join Type": "Inner",
                                  "Startup Cost": 1836314.1,
                                  "Total Cost": 2183157.93,
                                  "Plan Rows": 56,
                                  "Plan Width": 35,
                                  "Inner Unique": false,
                                  "Hash Cond": "(orders.o_orderkey = lineitem.l_orderkey)",
                                  "Plans": [
                                    {
                                      "Node Type": "Seq Scan",
                                      "Parent Relationship": "Outer",
                                      "Parallel Aware": true,
                                      "Async Capable": false,
                                      "Relation Name": "orders",
                                      "Alias": "orders",
                                      "Startup Cost": 0.0,
                                      "Total Cost": 323407.71,
                                      "Plan Rows": 6249571,
                                      "Plan Width": 8,
                                      "parent": 8,
                                      "ID": 9
                                    },
                                    {
                                      "Node Type": "Hash",
                                      "Parent Relationship": "Inner",
                                      "Parallel Aware": true,
                                      "Async Capable": false,
                                      "Startup Cost": 1836313.4,
                                      "Total Cost": 1836313.4,
                                      "Plan Rows": 56,
                                      "Plan Width": 35,
                                      "Plans": [
                                        {
                                          "Node Type": "Hash Join",
                                          "Parent Relationship": "Outer",
                                          "Parallel Aware": true,
                                          "Async Capable": false,
                                          "Join Type": "Inner",
                                          "Startup Cost": 1559634.16,
                                          "Total Cost": 1836313.4,
                                          "Plan Rows": 56,
                                          "Plan Width": 35,
                                          "Inner Unique": false,
                                          "Hash Cond": "((partsupp.ps_suppkey = lineitem.l_suppkey) AND (partsupp.ps_partkey = lineitem.l_partkey))",
                                          "Plans": [
                                            {
                                              "Node Type": "Seq Scan",
                                              "Parent Relationship": "Outer",
                                              "Parallel Aware": true,
                                              "Async Capable": false,
                                              "Relation Name": "partsupp",
                                              "Alias": "partsupp",
                                              "Startup Cost": 0.0,
                                              "Total Cost": 207718.58,
                                              "Plan Rows": 3333258,
                                              "Plan Width": 14,
                                              "parent": 11,
                                              "ID": 12
                                            },
                                            {
                                              "Node Type": "Hash",
                                              "Parent Relationship": "Inner",
                                              "Parallel Aware": true,
                                              "Async Capable": false,
                                              "Startup Cost": 1526320.84,
                                              "Total Cost": 1526320.84,
                                              "Plan Rows": 1460288,
                                              "Plan Width": 33,
                                              "Plans": [
                                                {
                                                  "Node Type": "Hash Join",
                                                  "Parent Relationship": "Outer",
                                                  "Parallel Aware": true,
                                                  "Async Capable": false,
                                                  "Join Type": "Inner",
                                                  "Startup Cost": 52009.57,
                                                  "Total Cost": 1526320.84,
                                                  "Plan Rows": 1460288,
                                                  "Plan Width": 33,
                                                  "Inner Unique": false,
                                                  "Hash Cond": "(lineitem.l_partkey = part.p_partkey)",
                                                  "Plans": [
                                                    {
                                                      "Node Type": "Seq Scan",
                                                      "Parent Relationship": "Outer",
                                                      "Parallel Aware": true,
                                                      "Async Capable": false,
                                                      "Relation Name": "lineitem",
                                                      "Alias": "lineitem",
                                                      "Startup Cost": 0.0,
                                                      "Total Cost": 1374494.57,
                                                      "Plan Rows": 24995257,
                                                      "Plan Width": 29,
                                                      "parent": 14,
                                                      "ID": 15
                                                    },
                                                    {
                                                      "Node Type": "Hash",
                                                      "Parent Relationship": "Inner",
                                                      "Parallel Aware": true,
                                                      "Async Capable": false,
                                                      "Startup Cost": 51378.28,
                                                      "Total Cost": 51378.28,
                                                      "Plan Rows": 50503,
                                                      "Plan Width": 4,
                                                      "Plans": [
                                                        {
                                                          "Node Type": "Seq Scan",
                                                          "Parent Relationship": "Outer",
                                                          "Parallel Aware": true,
                                                          "Async Capable": false,
                                                          "Relation Name": "part",
                                                          "Alias": "part",
                                                          "Startup Cost": 0.0,
                                                          "Total Cost": 51378.28,
                                                          "Plan Rows": 50503,
                                                          "Plan Width": 4,
                                                          "Filter": "((p_name)::text ~~ '%brown%'::text)",
                                                          "parent": 16,
                                                          "ID": 17
                                                        }
                                                      ],
                                                      "parent": 14,
                                                      "ID": 16,
                                                      "left": 17
                                                    }
                                                  ],
                                                  "parent": 13,
                                                  "ID": 14,
                                                  "left": 15,
                                                  "right": 16
                                                }
                                              ],
                                              "parent": 11,
                                              "ID": 13,
                                              "left": 14
                                            }
                                          ],
                                          "parent": 10,
                                          "ID": 11,
                                          "left": 12,
                                          "right": 13
                                        }
                                      ],
                                      "parent": 8,
                                      "ID": 10,
                                      "left": 11
                                    }
                                  ],
                                  "parent": 7,
                                  "ID": 8,
                                  "left": 9,
                                  "right": 10
                                }
                              ],
                              "parent": 5,
                              "ID": 7,
                              "left": 8
                            }
                          ],
                          "parent": 4,
                          "ID": 5,
                          "left": 6,
                          "right": 7
                        },
                        {
                          "Node Type": "Hash",
                          "Parent Relationship": "Inner",
                          "Parallel Aware": false,
                          "Async Capable": false,
                          "Startup Cost": 1.25,
                          "Total Cost": 1.25,
                          "Plan Rows": 25,
                          "Plan Width": 30,
                          "Plans": [
                            {
                              "Node Type": "Seq Scan",
                              "Parent Relationship": "Outer",
                              "Parallel Aware": false,
                              "Async Capable": false,
                              "Relation Name": "nation",
                              "Alias": "nation",
                              "Startup Cost": 0.0,
                              "Total Cost": 1.25,
                              "Plan Rows": 25,
                              "Plan Width": 30,
                              "parent": 18,
                              "ID": 19
                            }
                          ],
                          "parent": 4,
                          "ID": 18,
                          "left": 19
                        }
                      ],
                      "parent": 3,
                      "ID": 4,
                      "left": 5,
                      "right": 18
                    }
                  ],
                  "parent": 2,
                  "ID": 3,
                  "left": 4
                }
              ],
              "parent": 1,
              "ID": 2,
              "left": 3
            }
          ],
          "parent": 0,
          "ID": 1,
          "left": 2
        }
      ],
      "parent": null,
      "ID": 0,
      "left": 1
    },
    "feat": {
      "utility": 0.0,
      "query_shape": [
        [
          "Seq Scan",
          "Hash Join",
          "Sort",
          "Aggregate",
          "Gather Merge"
        ],
        [
          "Seq Scan",
          "Hash Join",
          "Hash",
          "Sort",
          "Aggregate",
          "Gather Merge"
        ],
        [
          "Seq Scan",
          "Hash Join",
          "Hash",
          "Sort",
          "Aggregate",
          "Gather Merge"
        ],
        [
          "Seq Scan",
          "Hash Join",
          "Hash",
          "Sort",
          "Aggregate",
          "Gather Merge"
        ],
        [
          "Seq Scan",
          "Hash",
          "Hash Join",
          "Sort",
          "Aggregate",
          "Gather Merge"
        ],
        [
          "Seq Scan",
          "Hash",
          "Hash Join",
          "Sort",
          "Aggregate",
          "Gather Merge"
        ]
      ],
      "index_shape": [],
      "physical_operator": {}
    }
  },
  {
    "query": "-- Functional Query Definition\n-- Approved February 1998\n\n\nselect\nnation,\no_year,\nsum(amount) as sum_profit\nfrom\n(\nselect\nn_name as nation,\nextract(year from o_orderdate) as o_year,\nl_extendedprice * (1 - l_discount) - ps_supplycost * l_quantity as amount\nfrom\npart,\nsupplier,\nlineitem,\npartsupp,\norders,\nnation\nwhere\ns_suppkey = l_suppkey\nand ps_suppkey = l_suppkey\nand ps_partkey = l_partkey\nand p_partkey = l_partkey\nand o_orderkey = l_orderkey\nand s_nationkey = n_nationkey\nand p_name like '%brown%'\n) as profit\ngroup by\nnation,\no_year\norder by\nnation,\no_year desc ;\n-- $ID$\n-- TPC-H/TPC-R Returned Item Reporting ",
    "indexes": "nation.n_nationkey",
    "wo plan est": {
      "Node Type": "Aggregate",
      "Strategy": "Sorted",
      "Partial Mode": "Finalize",
      "Parallel Aware": false,
      "Async Capable": false,
      "Startup Cost": 2187189.13,
      "Total Cost": 2187203.6,
      "Plan Rows": 135,
      "Plan Width": 90,
      "Group Key": [
        "nation.n_name",
        "(EXTRACT(year FROM orders.o_orderdate))"
      ],
      "Plans": [
        {
          "Node Type": "Gather Merge",
          "Parent Relationship": "Outer",
          "Parallel Aware": false,
          "Async Capable": false,
          "Startup Cost": 2187189.13,
          "Total Cost": 2187200.78,
          "Plan Rows": 79,
          "Plan Width": 90,
          "Workers Planned": 1,
          "Plans": [
            {
              "Node Type": "Aggregate",
              "Strategy": "Sorted",
              "Partial Mode": "Partial",
              "Parent Relationship": "Outer",
              "Parallel Aware": false,
              "Async Capable": false,
              "Startup Cost": 2186189.12,
              "Total Cost": 2186191.89,
              "Plan Rows": 79,
              "Plan Width": 90,
              "Group Key": [
                "nation.n_name",
                "(EXTRACT(year FROM orders.o_orderdate))"
              ],
              "Plans": [
                {
                  "Node Type": "Sort",
                  "Parent Relationship": "Outer",
                  "Parallel Aware": false,
                  "Async Capable": false,
                  "Startup Cost": 2186189.12,
                  "Total Cost": 2186189.32,
                  "Plan Rows": 79,
                  "Plan Width": 81,
                  "Sort Key": [
                    "nation.n_name",
                    "(EXTRACT(year FROM orders.o_orderdate)) DESC"
                  ],
                  "Plans": [
                    {
                      "Node Type": "Hash Join",
                      "Parent Relationship": "Outer",
                      "Parallel Aware": false,
                      "Async Capable": false,
                      "Join Type": "Inner",
                      "Startup Cost": 2183160.19,
                      "Total Cost": 2186186.63,
                      "Plan Rows": 79,
                      "Plan Width": 81,
                      "Inner Unique": false,
                      "Hash Cond": "(supplier.s_nationkey = nation.n_nationkey)",
                      "Plans": [
                        {
                          "Node Type": "Hash Join",
                          "Parent Relationship": "Outer",
                          "Parallel Aware": true,
                          "Async Capable": false,
                          "Join Type": "Inner",
                          "Startup Cost": 2183158.63,
                          "Total Cost": 2186183.78,
                          "Plan Rows": 79,
                          "Plan Width": 31,
                          "Inner Unique": false,
                          "Hash Cond": "(supplier.s_suppkey = lineitem.l_suppkey)",
                          "Plans": [
                            {
                              "Node Type": "Seq Scan",
                              "Parent Relationship": "Outer",
                              "Parallel Aware": true,
                              "Async Capable": false,
                              "Relation Name": "supplier",
                              "Alias": "supplier",
                              "Startup Cost": 0.0,
                              "Total Cost": 2804.24,
                              "Plan Rows": 58824,
                              "Plan Width": 8,
                              "parent": 5,
                              "ID": 6
                            },
                            {
                              "Node Type": "Hash",
                              "Parent Relationship": "Inner",
                              "Parallel Aware": true,
                              "Async Capable": false,
                              "Startup Cost": 2183157.93,
                              "Total Cost": 2183157.93,
                              "Plan Rows": 56,
                              "Plan Width": 35,
                              "Plans": [
                                {
                                  "Node Type": "Hash Join",
                                  "Parent Relationship": "Outer",
                                  "Parallel Aware": true,
                                  "Async Capable": false,
                                  "Join Type": "Inner",
                                  "Startup Cost": 1836314.1,
                                  "Total Cost": 2183157.93,
                                  "Plan Rows": 56,
                                  "Plan Width": 35,
                                  "Inner Unique": false,
                                  "Hash Cond": "(orders.o_orderkey = lineitem.l_orderkey)",
                                  "Plans": [
                                    {
                                      "Node Type": "Seq Scan",
                                      "Parent Relationship": "Outer",
                                      "Parallel Aware": true,
                                      "Async Capable": false,
                                      "Relation Name": "orders",
                                      "Alias": "orders",
                                      "Startup Cost": 0.0,
                                      "Total Cost": 323407.71,
                                      "Plan Rows": 6249571,
                                      "Plan Width": 8,
                                      "parent": 8,
                                      "ID": 9
                                    },
                                    {
                                      "Node Type": "Hash",
                                      "Parent Relationship": "Inner",
                                      "Parallel Aware": true,
                                      "Async Capable": false,
                                      "Startup Cost": 1836313.4,
                                      "Total Cost": 1836313.4,
                                      "Plan Rows": 56,
                                      "Plan Width": 35,
                                      "Plans": [
                                        {
                                          "Node Type": "Hash Join",
                                          "Parent Relationship": "Outer",
                                          "Parallel Aware": true,
                                          "Async Capable": false,
                                          "Join Type": "Inner",
                                          "Startup Cost": 1559634.16,
                                          "Total Cost": 1836313.4,
                                          "Plan Rows": 56,
                                          "Plan Width": 35,
                                          "Inner Unique": false,
                                          "Hash Cond": "((partsupp.ps_suppkey = lineitem.l_suppkey) AND (partsupp.ps_partkey = lineitem.l_partkey))",
                                          "Plans": [
                                            {
                                              "Node Type": "Seq Scan",
                                              "Parent Relationship": "Outer",
                                              "Parallel Aware": true,
                                              "Async Capable": false,
                                              "Relation Name": "partsupp",
                                              "Alias": "partsupp",
                                              "Startup Cost": 0.0,
                                              "Total Cost": 207718.58,
                                              "Plan Rows": 3333258,
                                              "Plan Width": 14,
                                              "parent": 11,
                                              "ID": 12
                                            },
                                            {
                                              "Node Type": "Hash",
                                              "Parent Relationship": "Inner",
                                              "Parallel Aware": true,
                                              "Async Capable": false,
                                              "Startup Cost": 1526320.84,
                                              "Total Cost": 1526320.84,
                                              "Plan Rows": 1460288,
                                              "Plan Width": 33,
                                              "Plans": [
                                                {
                                                  "Node Type": "Hash Join",
                                                  "Parent Relationship": "Outer",
                                                  "Parallel Aware": true,
                                                  "Async Capable": false,
                                                  "Join Type": "Inner",
                                                  "Startup Cost": 52009.57,
                                                  "Total Cost": 1526320.84,
                                                  "Plan Rows": 1460288,
                                                  "Plan Width": 33,
                                                  "Inner Unique": false,
                                                  "Hash Cond": "(lineitem.l_partkey = part.p_partkey)",
                                                  "Plans": [
                                                    {
                                                      "Node Type": "Seq Scan",
                                                      "Parent Relationship": "Outer",
                                                      "Parallel Aware": true,
                                                      "Async Capable": false,
                                                      "Relation Name": "lineitem",
                                                      "Alias": "lineitem",
                                                      "Startup Cost": 0.0,
                                                      "Total Cost": 1374494.57,
                                                      "Plan Rows": 24995257,
                                                      "Plan Width": 29,
                                                      "parent": 14,
                                                      "ID": 15
                                                    },
                                                    {
                                                      "Node Type": "Hash",
                                                      "Parent Relationship": "Inner",
                                                      "Parallel Aware": true,
                                                      "Async Capable": false,
                                                      "Startup Cost": 51378.28,
                                                      "Total Cost": 51378.28,
                                                      "Plan Rows": 50503,
                                                      "Plan Width": 4,
                                                      "Plans": [
                                                        {
                                                          "Node Type": "Seq Scan",
                                                          "Parent Relationship": "Outer",
                                                          "Parallel Aware": true,
                                                          "Async Capable": false,
                                                          "Relation Name": "part",
                                                          "Alias": "part",
                                                          "Startup Cost": 0.0,
                                                          "Total Cost": 51378.28,
                                                          "Plan Rows": 50503,
                                                          "Plan Width": 4,
                                                          "Filter": "((p_name)::text ~~ '%brown%'::text)",
                                                          "parent": 16,
                                                          "ID": 17
                                                        }
                                                      ],
                                                      "parent": 14,
                                                      "ID": 16,
                                                      "left": 17
                                                    }
                                                  ],
                                                  "parent": 13,
                                                  "ID": 14,
                                                  "left": 15,
                                                  "right": 16
                                                }
                                              ],
                                              "parent": 11,
                                              "ID": 13,
                                              "left": 14
                                            }
                                          ],
                                          "parent": 10,
                                          "ID": 11,
                                          "left": 12,
                                          "right": 13
                                        }
                                      ],
                                      "parent": 8,
                                      "ID": 10,
                                      "left": 11
                                    }
                                  ],
                                  "parent": 7,
                                  "ID": 8,
                                  "left": 9,
                                  "right": 10
                                }
                              ],
                              "parent": 5,
                              "ID": 7,
                              "left": 8
                            }
                          ],
                          "parent": 4,
                          "ID": 5,
                          "left": 6,
                          "right": 7
                        },
                        {
                          "Node Type": "Hash",
                          "Parent Relationship": "Inner",
                          "Parallel Aware": false,
                          "Async Capable": false,
                          "Startup Cost": 1.25,
                          "Total Cost": 1.25,
                          "Plan Rows": 25,
                          "Plan Width": 30,
                          "Plans": [
                            {
                              "Node Type": "Seq Scan",
                              "Parent Relationship": "Outer",
                              "Parallel Aware": false,
                              "Async Capable": false,
                              "Relation Name": "nation",
                              "Alias": "nation",
                              "Startup Cost": 0.0,
                              "Total Cost": 1.25,
                              "Plan Rows": 25,
                              "Plan Width": 30,
                              "parent": 18,
                              "ID": 19
                            }
                          ],
                          "parent": 4,
                          "ID": 18,
                          "left": 19
                        }
                      ],
                      "parent": 3,
                      "ID": 4,
                      "left": 5,
                      "right": 18
                    }
                  ],
                  "parent": 2,
                  "ID": 3,
                  "left": 4
                }
              ],
              "parent": 1,
              "ID": 2,
              "left": 3
            }
          ],
          "parent": 0,
          "ID": 1,
          "left": 2
        }
      ],
      "parent": null,
      "ID": 0,
      "left": 1
    },
    "feat": {
      "utility": 4.572048070879181e-07,
      "query_shape": [
        [
          "Seq Scan",
          "Hash Join",
          "Sort",
          "Aggregate",
          "Gather Merge"
        ],
        [
          "Seq Scan",
          "Hash Join",
          "Hash",
          "Sort",
          "Aggregate",
          "Gather Merge"
        ],
        [
          "Seq Scan",
          "Hash Join",
          "Hash",
          "Sort",
          "Aggregate",
          "Gather Merge"
        ],
        [
          "Seq Scan",
          "Hash Join",
          "Hash",
          "Sort",
          "Aggregate",
          "Gather Merge"
        ],
        [
          "Seq Scan",
          "Hash",
          "Hash Join",
          "Sort",
          "Aggregate",
          "Gather Merge"
        ],
        [
          "Seq Scan",
          "Hash",
          "Hash Join",
          "Sort",
          "Aggregate",
          "Gather Merge"
        ]
      ],
      "index_shape": [
        "join"
      ],
      "physical_operator": {
        "Hash Join": [
          0.2
        ]
      }
    }
  },
  {
    "query": "-- Functional Query Definition\n-- Approved February 1998\n\n\nselect\nnation,\no_year,\nsum(amount) as sum_profit\nfrom\n(\nselect\nn_name as nation,\nextract(year from o_orderdate) as o_year,\nl_extendedprice * (1 - l_discount) - ps_supplycost * l_quantity as amount\nfrom\npart,\nsupplier,\nlineitem,\npartsupp,\norders,\nnation\nwhere\ns_suppkey = l_suppkey\nand ps_suppkey = l_suppkey\nand ps_partkey = l_partkey\nand p_partkey = l_partkey\nand o_orderkey = l_orderkey\nand s_nationkey = n_nationkey\nand p_name like '%brown%'\n) as profit\ngroup by\nnation,\no_year\norder by\nnation,\no_year desc ;\n-- $ID$\n-- TPC-H/TPC-R Returned Item Reporting ",
    "indexes": "nation.n_name",
    "wo plan est": {
      "Node Type": "Aggregate",
      "Strategy": "Sorted",
      "Partial Mode": "Finalize",
      "Parallel Aware": false,
      "Async Capable": false,
      "Startup Cost": 2187189.13,
      "Total Cost": 2187203.6,
      "Plan Rows": 135,
      "Plan Width": 90,
      "Group Key": [
        "nation.n_name",
        "(EXTRACT(year FROM orders.o_orderdate))"
      ],
      "Plans": [
        {
          "Node Type": "Gather Merge",
          "Parent Relationship": "Outer",
          "Parallel Aware": false,
          "Async Capable": false,
          "Startup Cost": 2187189.13,
          "Total Cost": 2187200.78,
          "Plan Rows": 79,
          "Plan Width": 90,
          "Workers Planned": 1,
          "Plans": [
            {
              "Node Type": "Aggregate",
              "Strategy": "Sorted",
              "Partial Mode": "Partial",
              "Parent Relationship": "Outer",
              "Parallel Aware": false,
              "Async Capable": false,
              "Startup Cost": 2186189.12,
              "Total Cost": 2186191.89,
              "Plan Rows": 79,
              "Plan Width": 90,
              "Group Key": [
                "nation.n_name",
                "(EXTRACT(year FROM orders.o_orderdate))"
              ],
              "Plans": [
                {
                  "Node Type": "Sort",
                  "Parent Relationship": "Outer",
                  "Parallel Aware": false,
                  "Async Capable": false,
                  "Startup Cost": 2186189.12,
                  "Total Cost": 2186189.32,
                  "Plan Rows": 79,
                  "Plan Width": 81,
                  "Sort Key": [
                    "nation.n_name",
                    "(EXTRACT(year FROM orders.o_orderdate)) DESC"
                  ],
                  "Plans": [
                    {
                      "Node Type": "Hash Join",
                      "Parent Relationship": "Outer",
                      "Parallel Aware": false,
                      "Async Capable": false,
                      "Join Type": "Inner",
                      "Startup Cost": 2183160.19,
                      "Total Cost": 2186186.63,
                      "Plan Rows": 79,
                      "Plan Width": 81,
                      "Inner Unique": false,
                      "Hash Cond": "(supplier.s_nationkey = nation.n_nationkey)",
                      "Plans": [
                        {
                          "Node Type": "Hash Join",
                          "Parent Relationship": "Outer",
                          "Parallel Aware": true,
                          "Async Capable": false,
                          "Join Type": "Inner",
                          "Startup Cost": 2183158.63,
                          "Total Cost": 2186183.78,
                          "Plan Rows": 79,
                          "Plan Width": 31,
                          "Inner Unique": false,
                          "Hash Cond": "(supplier.s_suppkey = lineitem.l_suppkey)",
                          "Plans": [
                            {
                              "Node Type": "Seq Scan",
                              "Parent Relationship": "Outer",
                              "Parallel Aware": true,
                              "Async Capable": false,
                              "Relation Name": "supplier",
                              "Alias": "supplier",
                              "Startup Cost": 0.0,
                              "Total Cost": 2804.24,
                              "Plan Rows": 58824,
                              "Plan Width": 8,
                              "parent": 5,
                              "ID": 6
                            },
                            {
                              "Node Type": "Hash",
                              "Parent Relationship": "Inner",
                              "Parallel Aware": true,
                              "Async Capable": false,
                              "Startup Cost": 2183157.93,
                              "Total Cost": 2183157.93,
                              "Plan Rows": 56,
                              "Plan Width": 35,
                              "Plans": [
                                {
                                  "Node Type": "Hash Join",
                                  "Parent Relationship": "Outer",
                                  "Parallel Aware": true,
                                  "Async Capable": false,
                                  "Join Type": "Inner",
                                  "Startup Cost": 1836314.1,
                                  "Total Cost": 2183157.93,
                                  "Plan Rows": 56,
                                  "Plan Width": 35,
                                  "Inner Unique": false,
                                  "Hash Cond": "(orders.o_orderkey = lineitem.l_orderkey)",
                                  "Plans": [
                                    {
                                      "Node Type": "Seq Scan",
                                      "Parent Relationship": "Outer",
                                      "Parallel Aware": true,
                                      "Async Capable": false,
                                      "Relation Name": "orders",
                                      "Alias": "orders",
                                      "Startup Cost": 0.0,
                                      "Total Cost": 323407.71,
                                      "Plan Rows": 6249571,
                                      "Plan Width": 8,
                                      "parent": 8,
                                      "ID": 9
                                    },
                                    {
                                      "Node Type": "Hash",
                                      "Parent Relationship": "Inner",
                                      "Parallel Aware": true,
                                      "Async Capable": false,
                                      "Startup Cost": 1836313.4,
                                      "Total Cost": 1836313.4,
                                      "Plan Rows": 56,
                                      "Plan Width": 35,
                                      "Plans": [
                                        {
                                          "Node Type": "Hash Join",
                                          "Parent Relationship": "Outer",
                                          "Parallel Aware": true,
                                          "Async Capable": false,
                                          "Join Type": "Inner",
                                          "Startup Cost": 1559634.16,
                                          "Total Cost": 1836313.4,
                                          "Plan Rows": 56,
                                          "Plan Width": 35,
                                          "Inner Unique": false,
                                          "Hash Cond": "((partsupp.ps_suppkey = lineitem.l_suppkey) AND (partsupp.ps_partkey = lineitem.l_partkey))",
                                          "Plans": [
                                            {
                                              "Node Type": "Seq Scan",
                                              "Parent Relationship": "Outer",
                                              "Parallel Aware": true,
                                              "Async Capable": false,
                                              "Relation Name": "partsupp",
                                              "Alias": "partsupp",
                                              "Startup Cost": 0.0,
                                              "Total Cost": 207718.58,
                                              "Plan Rows": 3333258,
                                              "Plan Width": 14,
                                              "parent": 11,
                                              "ID": 12
                                            },
                                            {
                                              "Node Type": "Hash",
                                              "Parent Relationship": "Inner",
                                              "Parallel Aware": true,
                                              "Async Capable": false,
                                              "Startup Cost": 1526320.84,
                                              "Total Cost": 1526320.84,
                                              "Plan Rows": 1460288,
                                              "Plan Width": 33,
                                              "Plans": [
                                                {
                                                  "Node Type": "Hash Join",
                                                  "Parent Relationship": "Outer",
                                                  "Parallel Aware": true,
                                                  "Async Capable": false,
                                                  "Join Type": "Inner",
                                                  "Startup Cost": 52009.57,
                                                  "Total Cost": 1526320.84,
                                                  "Plan Rows": 1460288,
                                                  "Plan Width": 33,
                                                  "Inner Unique": false,
                                                  "Hash Cond": "(lineitem.l_partkey = part.p_partkey)",
                                                  "Plans": [
                                                    {
                                                      "Node Type": "Seq Scan",
                                                      "Parent Relationship": "Outer",
                                                      "Parallel Aware": true,
                                                      "Async Capable": false,
                                                      "Relation Name": "lineitem",
                                                      "Alias": "lineitem",
                                                      "Startup Cost": 0.0,
                                                      "Total Cost": 1374494.57,
                                                      "Plan Rows": 24995257,
                                                      "Plan Width": 29,
                                                      "parent": 14,
                                                      "ID": 15
                                                    },
                                                    {
                                                      "Node Type": "Hash",
                                                      "Parent Relationship": "Inner",
                                                      "Parallel Aware": true,
                                                      "Async Capable": false,
                                                      "Startup Cost": 51378.28,
                                                      "Total Cost": 51378.28,
                                                      "Plan Rows": 50503,
                                                      "Plan Width": 4,
                                                      "Plans": [
                                                        {
                                                          "Node Type": "Seq Scan",
                                                          "Parent Relationship": "Outer",
                                                          "Parallel Aware": true,
                                                          "Async Capable": false,
                                                          "Relation Name": "part",
                                                          "Alias": "part",
                                                          "Startup Cost": 0.0,
                                                          "Total Cost": 51378.28,
                                                          "Plan Rows": 50503,
                                                          "Plan Width": 4,
                                                          "Filter": "((p_name)::text ~~ '%brown%'::text)",
                                                          "parent": 16,
                                                          "ID": 17
                                                        }
                                                      ],
                                                      "parent": 14,
                                                      "ID": 16,
                                                      "left": 17
                                                    }
                                                  ],
                                                  "parent": 13,
                                                  "ID": 14,
                                                  "left": 15,
                                                  "right": 16
                                                }
                                              ],
                                              "parent": 11,
                                              "ID": 13,
                                              "left": 14
                                            }
                                          ],
                                          "parent": 10,
                                          "ID": 11,
                                          "left": 12,
                                          "right": 13
                                        }
                                      ],
                                      "parent": 8,
                                      "ID": 10,
                                      "left": 11
                                    }
                                  ],
                                  "parent": 7,
                                  "ID": 8,
                                  "left": 9,
                                  "right": 10
                                }
                              ],
                              "parent": 5,
                              "ID": 7,
                              "left": 8
                            }
                          ],
                          "parent": 4,
                          "ID": 5,
                          "left": 6,
                          "right": 7
                        },
                        {
                          "Node Type": "Hash",
                          "Parent Relationship": "Inner",
                          "Parallel Aware": false,
                          "Async Capable": false,
                          "Startup Cost": 1.25,
                          "Total Cost": 1.25,
                          "Plan Rows": 25,
                          "Plan Width": 30,
                          "Plans": [
                            {
                              "Node Type": "Seq Scan",
                              "Parent Relationship": "Outer",
                              "Parallel Aware": false,
                              "Async Capable": false,
                              "Relation Name": "nation",
                              "Alias": "nation",
                              "Startup Cost": 0.0,
                              "Total Cost": 1.25,
                              "Plan Rows": 25,
                              "Plan Width": 30,
                              "parent": 18,
                              "ID": 19
                            }
                          ],
                          "parent": 4,
                          "ID": 18,
                          "left": 19
                        }
                      ],
                      "parent": 3,
                      "ID": 4,
                      "left": 5,
                      "right": 18
                    }
                  ],
                  "parent": 2,
                  "ID": 3,
                  "left": 4
                }
              ],
              "parent": 1,
              "ID": 2,
              "left": 3
            }
          ],
          "parent": 0,
          "ID": 1,
          "left": 2
        }
      ],
      "parent": null,
      "ID": 0,
      "left": 1
    },
    "feat": {
      "utility": 0.0,
      "query_shape": [
        [
          "Seq Scan",
          "Hash Join",
          "Sort",
          "Aggregate",
          "Gather Merge"
        ],
        [
          "Seq Scan",
          "Hash Join",
          "Hash",
          "Sort",
          "Aggregate",
          "Gather Merge"
        ],
        [
          "Seq Scan",
          "Hash Join",
          "Hash",
          "Sort",
          "Aggregate",
          "Gather Merge"
        ],
        [
          "Seq Scan",
          "Hash Join",
          "Hash",
          "Sort",
          "Aggregate",
          "Gather Merge"
        ],
        [
          "Seq Scan",
          "Hash",
          "Hash Join",
          "Sort",
          "Aggregate",
          "Gather Merge"
        ],
        [
          "Seq Scan",
          "Hash",
          "Hash Join",
          "Sort",
          "Aggregate",
          "Gather Merge"
        ]
      ],
      "index_shape": [
        "order-by"
      ],
      "physical_operator": {
        "Sort": [
          "[0. 0. 0. 0. 0. 0. 0. 0. 0. 0. 0. 0. 0. 0. 0. 0. 0. 0. 0. 0. 0. 0. 0. 0.\n 0. 0. 0. 0. 0. 0. 0. 0. 0. 0. 0. 0. 0. 0. 0. 0. 0. 0. 0. 0. 0. 0. 0. 0.\n 0. 0. 0.]"
        ],
        "Aggregate": [
          "[0. 0. 0. 0. 0. 0. 0. 0. 0. 0. 0. 0. 0. 0. 0. 0. 0. 0. 0. 0. 0. 0. 0. 0.\n 0. 0. 0. 0. 0. 0. 0. 0. 0. 0. 0. 0. 0. 0. 0. 0. 0. 0. 0. 0. 0. 0. 0. 0.\n 0. 0. 0.]",
          "[0. 0. 0. 0. 0. 0. 0. 0. 0. 0. 0. 0. 0. 0. 0. 0. 0. 0. 0. 0. 0. 0. 0. 0.\n 0. 0. 0. 0. 0. 0. 0. 0. 0. 0. 0. 0. 0. 0. 0. 0. 0. 0. 0. 0. 0. 0. 0. 0.\n 0. 0. 0.]"
        ]
      }
    }
  },
  {
    "query": "-- Functional Query Definition\n-- Approved February 1998\n\n\nselect\nnation,\no_year,\nsum(amount) as sum_profit\nfrom\n(\nselect\nn_name as nation,\nextract(year from o_orderdate) as o_year,\nl_extendedprice * (1 - l_discount) - ps_supplycost * l_quantity as amount\nfrom\npart,\nsupplier,\nlineitem,\npartsupp,\norders,\nnation\nwhere\ns_suppkey = l_suppkey\nand ps_suppkey = l_suppkey\nand ps_partkey = l_partkey\nand p_partkey = l_partkey\nand o_orderkey = l_orderkey\nand s_nationkey = n_nationkey\nand p_name like '%brown%'\n) as profit\ngroup by\nnation,\no_year\norder by\nnation,\no_year desc ;\n-- $ID$\n-- TPC-H/TPC-R Returned Item Reporting ",
    "indexes": "orders.o_orderkey",
    "wo plan est": {
      "Node Type": "Aggregate",
      "Strategy": "Sorted",
      "Partial Mode": "Finalize",
      "Parallel Aware": false,
      "Async Capable": false,
      "Startup Cost": 2187189.13,
      "Total Cost": 2187203.6,
      "Plan Rows": 135,
      "Plan Width": 90,
      "Group Key": [
        "nation.n_name",
        "(EXTRACT(year FROM orders.o_orderdate))"
      ],
      "Plans": [
        {
          "Node Type": "Gather Merge",
          "Parent Relationship": "Outer",
          "Parallel Aware": false,
          "Async Capable": false,
          "Startup Cost": 2187189.13,
          "Total Cost": 2187200.78,
          "Plan Rows": 79,
          "Plan Width": 90,
          "Workers Planned": 1,
          "Plans": [
            {
              "Node Type": "Aggregate",
              "Strategy": "Sorted",
              "Partial Mode": "Partial",
              "Parent Relationship": "Outer",
              "Parallel Aware": false,
              "Async Capable": false,
              "Startup Cost": 2186189.12,
              "Total Cost": 2186191.89,
              "Plan Rows": 79,
              "Plan Width": 90,
              "Group Key": [
                "nation.n_name",
                "(EXTRACT(year FROM orders.o_orderdate))"
              ],
              "Plans": [
                {
                  "Node Type": "Sort",
                  "Parent Relationship": "Outer",
                  "Parallel Aware": false,
                  "Async Capable": false,
                  "Startup Cost": 2186189.12,
                  "Total Cost": 2186189.32,
                  "Plan Rows": 79,
                  "Plan Width": 81,
                  "Sort Key": [
                    "nation.n_name",
                    "(EXTRACT(year FROM orders.o_orderdate)) DESC"
                  ],
                  "Plans": [
                    {
                      "Node Type": "Hash Join",
                      "Parent Relationship": "Outer",
                      "Parallel Aware": false,
                      "Async Capable": false,
                      "Join Type": "Inner",
                      "Startup Cost": 2183160.19,
                      "Total Cost": 2186186.63,
                      "Plan Rows": 79,
                      "Plan Width": 81,
                      "Inner Unique": false,
                      "Hash Cond": "(supplier.s_nationkey = nation.n_nationkey)",
                      "Plans": [
                        {
                          "Node Type": "Hash Join",
                          "Parent Relationship": "Outer",
                          "Parallel Aware": true,
                          "Async Capable": false,
                          "Join Type": "Inner",
                          "Startup Cost": 2183158.63,
                          "Total Cost": 2186183.78,
                          "Plan Rows": 79,
                          "Plan Width": 31,
                          "Inner Unique": false,
                          "Hash Cond": "(supplier.s_suppkey = lineitem.l_suppkey)",
                          "Plans": [
                            {
                              "Node Type": "Seq Scan",
                              "Parent Relationship": "Outer",
                              "Parallel Aware": true,
                              "Async Capable": false,
                              "Relation Name": "supplier",
                              "Alias": "supplier",
                              "Startup Cost": 0.0,
                              "Total Cost": 2804.24,
                              "Plan Rows": 58824,
                              "Plan Width": 8,
                              "parent": 5,
                              "ID": 6
                            },
                            {
                              "Node Type": "Hash",
                              "Parent Relationship": "Inner",
                              "Parallel Aware": true,
                              "Async Capable": false,
                              "Startup Cost": 2183157.93,
                              "Total Cost": 2183157.93,
                              "Plan Rows": 56,
                              "Plan Width": 35,
                              "Plans": [
                                {
                                  "Node Type": "Hash Join",
                                  "Parent Relationship": "Outer",
                                  "Parallel Aware": true,
                                  "Async Capable": false,
                                  "Join Type": "Inner",
                                  "Startup Cost": 1836314.1,
                                  "Total Cost": 2183157.93,
                                  "Plan Rows": 56,
                                  "Plan Width": 35,
                                  "Inner Unique": false,
                                  "Hash Cond": "(orders.o_orderkey = lineitem.l_orderkey)",
                                  "Plans": [
                                    {
                                      "Node Type": "Seq Scan",
                                      "Parent Relationship": "Outer",
                                      "Parallel Aware": true,
                                      "Async Capable": false,
                                      "Relation Name": "orders",
                                      "Alias": "orders",
                                      "Startup Cost": 0.0,
                                      "Total Cost": 323407.71,
                                      "Plan Rows": 6249571,
                                      "Plan Width": 8,
                                      "parent": 8,
                                      "ID": 9
                                    },
                                    {
                                      "Node Type": "Hash",
                                      "Parent Relationship": "Inner",
                                      "Parallel Aware": true,
                                      "Async Capable": false,
                                      "Startup Cost": 1836313.4,
                                      "Total Cost": 1836313.4,
                                      "Plan Rows": 56,
                                      "Plan Width": 35,
                                      "Plans": [
                                        {
                                          "Node Type": "Hash Join",
                                          "Parent Relationship": "Outer",
                                          "Parallel Aware": true,
                                          "Async Capable": false,
                                          "Join Type": "Inner",
                                          "Startup Cost": 1559634.16,
                                          "Total Cost": 1836313.4,
                                          "Plan Rows": 56,
                                          "Plan Width": 35,
                                          "Inner Unique": false,
                                          "Hash Cond": "((partsupp.ps_suppkey = lineitem.l_suppkey) AND (partsupp.ps_partkey = lineitem.l_partkey))",
                                          "Plans": [
                                            {
                                              "Node Type": "Seq Scan",
                                              "Parent Relationship": "Outer",
                                              "Parallel Aware": true,
                                              "Async Capable": false,
                                              "Relation Name": "partsupp",
                                              "Alias": "partsupp",
                                              "Startup Cost": 0.0,
                                              "Total Cost": 207718.58,
                                              "Plan Rows": 3333258,
                                              "Plan Width": 14,
                                              "parent": 11,
                                              "ID": 12
                                            },
                                            {
                                              "Node Type": "Hash",
                                              "Parent Relationship": "Inner",
                                              "Parallel Aware": true,
                                              "Async Capable": false,
                                              "Startup Cost": 1526320.84,
                                              "Total Cost": 1526320.84,
                                              "Plan Rows": 1460288,
                                              "Plan Width": 33,
                                              "Plans": [
                                                {
                                                  "Node Type": "Hash Join",
                                                  "Parent Relationship": "Outer",
                                                  "Parallel Aware": true,
                                                  "Async Capable": false,
                                                  "Join Type": "Inner",
                                                  "Startup Cost": 52009.57,
                                                  "Total Cost": 1526320.84,
                                                  "Plan Rows": 1460288,
                                                  "Plan Width": 33,
                                                  "Inner Unique": false,
                                                  "Hash Cond": "(lineitem.l_partkey = part.p_partkey)",
                                                  "Plans": [
                                                    {
                                                      "Node Type": "Seq Scan",
                                                      "Parent Relationship": "Outer",
                                                      "Parallel Aware": true,
                                                      "Async Capable": false,
                                                      "Relation Name": "lineitem",
                                                      "Alias": "lineitem",
                                                      "Startup Cost": 0.0,
                                                      "Total Cost": 1374494.57,
                                                      "Plan Rows": 24995257,
                                                      "Plan Width": 29,
                                                      "parent": 14,
                                                      "ID": 15
                                                    },
                                                    {
                                                      "Node Type": "Hash",
                                                      "Parent Relationship": "Inner",
                                                      "Parallel Aware": true,
                                                      "Async Capable": false,
                                                      "Startup Cost": 51378.28,
                                                      "Total Cost": 51378.28,
                                                      "Plan Rows": 50503,
                                                      "Plan Width": 4,
                                                      "Plans": [
                                                        {
                                                          "Node Type": "Seq Scan",
                                                          "Parent Relationship": "Outer",
                                                          "Parallel Aware": true,
                                                          "Async Capable": false,
                                                          "Relation Name": "part",
                                                          "Alias": "part",
                                                          "Startup Cost": 0.0,
                                                          "Total Cost": 51378.28,
                                                          "Plan Rows": 50503,
                                                          "Plan Width": 4,
                                                          "Filter": "((p_name)::text ~~ '%brown%'::text)",
                                                          "parent": 16,
                                                          "ID": 17
                                                        }
                                                      ],
                                                      "parent": 14,
                                                      "ID": 16,
                                                      "left": 17
                                                    }
                                                  ],
                                                  "parent": 13,
                                                  "ID": 14,
                                                  "left": 15,
                                                  "right": 16
                                                }
                                              ],
                                              "parent": 11,
                                              "ID": 13,
                                              "left": 14
                                            }
                                          ],
                                          "parent": 10,
                                          "ID": 11,
                                          "left": 12,
                                          "right": 13
                                        }
                                      ],
                                      "parent": 8,
                                      "ID": 10,
                                      "left": 11
                                    }
                                  ],
                                  "parent": 7,
                                  "ID": 8,
                                  "left": 9,
                                  "right": 10
                                }
                              ],
                              "parent": 5,
                              "ID": 7,
                              "left": 8
                            }
                          ],
                          "parent": 4,
                          "ID": 5,
                          "left": 6,
                          "right": 7
                        },
                        {
                          "Node Type": "Hash",
                          "Parent Relationship": "Inner",
                          "Parallel Aware": false,
                          "Async Capable": false,
                          "Startup Cost": 1.25,
                          "Total Cost": 1.25,
                          "Plan Rows": 25,
                          "Plan Width": 30,
                          "Plans": [
                            {
                              "Node Type": "Seq Scan",
                              "Parent Relationship": "Outer",
                              "Parallel Aware": false,
                              "Async Capable": false,
                              "Relation Name": "nation",
                              "Alias": "nation",
                              "Startup Cost": 0.0,
                              "Total Cost": 1.25,
                              "Plan Rows": 25,
                              "Plan Width": 30,
                              "parent": 18,
                              "ID": 19
                            }
                          ],
                          "parent": 4,
                          "ID": 18,
                          "left": 19
                        }
                      ],
                      "parent": 3,
                      "ID": 4,
                      "left": 5,
                      "right": 18
                    }
                  ],
                  "parent": 2,
                  "ID": 3,
                  "left": 4
                }
              ],
              "parent": 1,
              "ID": 2,
              "left": 3
            }
          ],
          "parent": 0,
          "ID": 1,
          "left": 2
        }
      ],
      "parent": null,
      "ID": 0,
      "left": 1
    },
    "feat": {
      "utility": 5.712773986103152e-07,
      "query_shape": [
        [
          "Seq Scan",
          "Hash Join",
          "Sort",
          "Aggregate",
          "Gather Merge"
        ],
        [
          "Seq Scan",
          "Hash Join",
          "Hash",
          "Sort",
          "Aggregate",
          "Gather Merge"
        ],
        [
          "Seq Scan",
          "Hash Join",
          "Hash",
          "Sort",
          "Aggregate",
          "Gather Merge"
        ],
        [
          "Seq Scan",
          "Hash Join",
          "Hash",
          "Sort",
          "Aggregate",
          "Gather Merge"
        ],
        [
          "Seq Scan",
          "Hash",
          "Hash Join",
          "Sort",
          "Aggregate",
          "Gather Merge"
        ],
        [
          "Seq Scan",
          "Hash",
          "Hash Join",
          "Sort",
          "Aggregate",
          "Gather Merge"
        ]
      ],
      "index_shape": [
        "join"
      ],
      "physical_operator": {
        "Hash Join": [
          0.00040001372870675787
        ]
      }
    }
  },
  {
    "query": "-- Functional Query Definition\n-- Approved February 1998\n\n\nselect\nnation,\no_year,\nsum(amount) as sum_profit\nfrom\n(\nselect\nn_name as nation,\nextract(year from o_orderdate) as o_year,\nl_extendedprice * (1 - l_discount) - ps_supplycost * l_quantity as amount\nfrom\npart,\nsupplier,\nlineitem,\npartsupp,\norders,\nnation\nwhere\ns_suppkey = l_suppkey\nand ps_suppkey = l_suppkey\nand ps_partkey = l_partkey\nand p_partkey = l_partkey\nand o_orderkey = l_orderkey\nand s_nationkey = n_nationkey\nand p_name like '%brown%'\n) as profit\ngroup by\nnation,\no_year\norder by\nnation,\no_year desc ;\n-- $ID$\n-- TPC-H/TPC-R Returned Item Reporting ",
    "indexes": "orders.o_orderdate",
    "wo plan est": {
      "Node Type": "Aggregate",
      "Strategy": "Sorted",
      "Partial Mode": "Finalize",
      "Parallel Aware": false,
      "Async Capable": false,
      "Startup Cost": 2187189.13,
      "Total Cost": 2187203.6,
      "Plan Rows": 135,
      "Plan Width": 90,
      "Group Key": [
        "nation.n_name",
        "(EXTRACT(year FROM orders.o_orderdate))"
      ],
      "Plans": [
        {
          "Node Type": "Gather Merge",
          "Parent Relationship": "Outer",
          "Parallel Aware": false,
          "Async Capable": false,
          "Startup Cost": 2187189.13,
          "Total Cost": 2187200.78,
          "Plan Rows": 79,
          "Plan Width": 90,
          "Workers Planned": 1,
          "Plans": [
            {
              "Node Type": "Aggregate",
              "Strategy": "Sorted",
              "Partial Mode": "Partial",
              "Parent Relationship": "Outer",
              "Parallel Aware": false,
              "Async Capable": false,
              "Startup Cost": 2186189.12,
              "Total Cost": 2186191.89,
              "Plan Rows": 79,
              "Plan Width": 90,
              "Group Key": [
                "nation.n_name",
                "(EXTRACT(year FROM orders.o_orderdate))"
              ],
              "Plans": [
                {
                  "Node Type": "Sort",
                  "Parent Relationship": "Outer",
                  "Parallel Aware": false,
                  "Async Capable": false,
                  "Startup Cost": 2186189.12,
                  "Total Cost": 2186189.32,
                  "Plan Rows": 79,
                  "Plan Width": 81,
                  "Sort Key": [
                    "nation.n_name",
                    "(EXTRACT(year FROM orders.o_orderdate)) DESC"
                  ],
                  "Plans": [
                    {
                      "Node Type": "Hash Join",
                      "Parent Relationship": "Outer",
                      "Parallel Aware": false,
                      "Async Capable": false,
                      "Join Type": "Inner",
                      "Startup Cost": 2183160.19,
                      "Total Cost": 2186186.63,
                      "Plan Rows": 79,
                      "Plan Width": 81,
                      "Inner Unique": false,
                      "Hash Cond": "(supplier.s_nationkey = nation.n_nationkey)",
                      "Plans": [
                        {
                          "Node Type": "Hash Join",
                          "Parent Relationship": "Outer",
                          "Parallel Aware": true,
                          "Async Capable": false,
                          "Join Type": "Inner",
                          "Startup Cost": 2183158.63,
                          "Total Cost": 2186183.78,
                          "Plan Rows": 79,
                          "Plan Width": 31,
                          "Inner Unique": false,
                          "Hash Cond": "(supplier.s_suppkey = lineitem.l_suppkey)",
                          "Plans": [
                            {
                              "Node Type": "Seq Scan",
                              "Parent Relationship": "Outer",
                              "Parallel Aware": true,
                              "Async Capable": false,
                              "Relation Name": "supplier",
                              "Alias": "supplier",
                              "Startup Cost": 0.0,
                              "Total Cost": 2804.24,
                              "Plan Rows": 58824,
                              "Plan Width": 8,
                              "parent": 5,
                              "ID": 6
                            },
                            {
                              "Node Type": "Hash",
                              "Parent Relationship": "Inner",
                              "Parallel Aware": true,
                              "Async Capable": false,
                              "Startup Cost": 2183157.93,
                              "Total Cost": 2183157.93,
                              "Plan Rows": 56,
                              "Plan Width": 35,
                              "Plans": [
                                {
                                  "Node Type": "Hash Join",
                                  "Parent Relationship": "Outer",
                                  "Parallel Aware": true,
                                  "Async Capable": false,
                                  "Join Type": "Inner",
                                  "Startup Cost": 1836314.1,
                                  "Total Cost": 2183157.93,
                                  "Plan Rows": 56,
                                  "Plan Width": 35,
                                  "Inner Unique": false,
                                  "Hash Cond": "(orders.o_orderkey = lineitem.l_orderkey)",
                                  "Plans": [
                                    {
                                      "Node Type": "Seq Scan",
                                      "Parent Relationship": "Outer",
                                      "Parallel Aware": true,
                                      "Async Capable": false,
                                      "Relation Name": "orders",
                                      "Alias": "orders",
                                      "Startup Cost": 0.0,
                                      "Total Cost": 323407.71,
                                      "Plan Rows": 6249571,
                                      "Plan Width": 8,
                                      "parent": 8,
                                      "ID": 9
                                    },
                                    {
                                      "Node Type": "Hash",
                                      "Parent Relationship": "Inner",
                                      "Parallel Aware": true,
                                      "Async Capable": false,
                                      "Startup Cost": 1836313.4,
                                      "Total Cost": 1836313.4,
                                      "Plan Rows": 56,
                                      "Plan Width": 35,
                                      "Plans": [
                                        {
                                          "Node Type": "Hash Join",
                                          "Parent Relationship": "Outer",
                                          "Parallel Aware": true,
                                          "Async Capable": false,
                                          "Join Type": "Inner",
                                          "Startup Cost": 1559634.16,
                                          "Total Cost": 1836313.4,
                                          "Plan Rows": 56,
                                          "Plan Width": 35,
                                          "Inner Unique": false,
                                          "Hash Cond": "((partsupp.ps_suppkey = lineitem.l_suppkey) AND (partsupp.ps_partkey = lineitem.l_partkey))",
                                          "Plans": [
                                            {
                                              "Node Type": "Seq Scan",
                                              "Parent Relationship": "Outer",
                                              "Parallel Aware": true,
                                              "Async Capable": false,
                                              "Relation Name": "partsupp",
                                              "Alias": "partsupp",
                                              "Startup Cost": 0.0,
                                              "Total Cost": 207718.58,
                                              "Plan Rows": 3333258,
                                              "Plan Width": 14,
                                              "parent": 11,
                                              "ID": 12
                                            },
                                            {
                                              "Node Type": "Hash",
                                              "Parent Relationship": "Inner",
                                              "Parallel Aware": true,
                                              "Async Capable": false,
                                              "Startup Cost": 1526320.84,
                                              "Total Cost": 1526320.84,
                                              "Plan Rows": 1460288,
                                              "Plan Width": 33,
                                              "Plans": [
                                                {
                                                  "Node Type": "Hash Join",
                                                  "Parent Relationship": "Outer",
                                                  "Parallel Aware": true,
                                                  "Async Capable": false,
                                                  "Join Type": "Inner",
                                                  "Startup Cost": 52009.57,
                                                  "Total Cost": 1526320.84,
                                                  "Plan Rows": 1460288,
                                                  "Plan Width": 33,
                                                  "Inner Unique": false,
                                                  "Hash Cond": "(lineitem.l_partkey = part.p_partkey)",
                                                  "Plans": [
                                                    {
                                                      "Node Type": "Seq Scan",
                                                      "Parent Relationship": "Outer",
                                                      "Parallel Aware": true,
                                                      "Async Capable": false,
                                                      "Relation Name": "lineitem",
                                                      "Alias": "lineitem",
                                                      "Startup Cost": 0.0,
                                                      "Total Cost": 1374494.57,
                                                      "Plan Rows": 24995257,
                                                      "Plan Width": 29,
                                                      "parent": 14,
                                                      "ID": 15
                                                    },
                                                    {
                                                      "Node Type": "Hash",
                                                      "Parent Relationship": "Inner",
                                                      "Parallel Aware": true,
                                                      "Async Capable": false,
                                                      "Startup Cost": 51378.28,
                                                      "Total Cost": 51378.28,
                                                      "Plan Rows": 50503,
                                                      "Plan Width": 4,
                                                      "Plans": [
                                                        {
                                                          "Node Type": "Seq Scan",
                                                          "Parent Relationship": "Outer",
                                                          "Parallel Aware": true,
                                                          "Async Capable": false,
                                                          "Relation Name": "part",
                                                          "Alias": "part",
                                                          "Startup Cost": 0.0,
                                                          "Total Cost": 51378.28,
                                                          "Plan Rows": 50503,
                                                          "Plan Width": 4,
                                                          "Filter": "((p_name)::text ~~ '%brown%'::text)",
                                                          "parent": 16,
                                                          "ID": 17
                                                        }
                                                      ],
                                                      "parent": 14,
                                                      "ID": 16,
                                                      "left": 17
                                                    }
                                                  ],
                                                  "parent": 13,
                                                  "ID": 14,
                                                  "left": 15,
                                                  "right": 16
                                                }
                                              ],
                                              "parent": 11,
                                              "ID": 13,
                                              "left": 14
                                            }
                                          ],
                                          "parent": 10,
                                          "ID": 11,
                                          "left": 12,
                                          "right": 13
                                        }
                                      ],
                                      "parent": 8,
                                      "ID": 10,
                                      "left": 11
                                    }
                                  ],
                                  "parent": 7,
                                  "ID": 8,
                                  "left": 9,
                                  "right": 10
                                }
                              ],
                              "parent": 5,
                              "ID": 7,
                              "left": 8
                            }
                          ],
                          "parent": 4,
                          "ID": 5,
                          "left": 6,
                          "right": 7
                        },
                        {
                          "Node Type": "Hash",
                          "Parent Relationship": "Inner",
                          "Parallel Aware": false,
                          "Async Capable": false,
                          "Startup Cost": 1.25,
                          "Total Cost": 1.25,
                          "Plan Rows": 25,
                          "Plan Width": 30,
                          "Plans": [
                            {
                              "Node Type": "Seq Scan",
                              "Parent Relationship": "Outer",
                              "Parallel Aware": false,
                              "Async Capable": false,
                              "Relation Name": "nation",
                              "Alias": "nation",
                              "Startup Cost": 0.0,
                              "Total Cost": 1.25,
                              "Plan Rows": 25,
                              "Plan Width": 30,
                              "parent": 18,
                              "ID": 19
                            }
                          ],
                          "parent": 4,
                          "ID": 18,
                          "left": 19
                        }
                      ],
                      "parent": 3,
                      "ID": 4,
                      "left": 5,
                      "right": 18
                    }
                  ],
                  "parent": 2,
                  "ID": 3,
                  "left": 4
                }
              ],
              "parent": 1,
              "ID": 2,
              "left": 3
            }
          ],
          "parent": 0,
          "ID": 1,
          "left": 2
        }
      ],
      "parent": null,
      "ID": 0,
      "left": 1
    },
    "feat": {
      "utility": 0.0,
      "query_shape": [
        [
          "Seq Scan",
          "Hash Join",
          "Sort",
          "Aggregate",
          "Gather Merge"
        ],
        [
          "Seq Scan",
          "Hash Join",
          "Hash",
          "Sort",
          "Aggregate",
          "Gather Merge"
        ],
        [
          "Seq Scan",
          "Hash Join",
          "Hash",
          "Sort",
          "Aggregate",
          "Gather Merge"
        ],
        [
          "Seq Scan",
          "Hash Join",
          "Hash",
          "Sort",
          "Aggregate",
          "Gather Merge"
        ],
        [
          "Seq Scan",
          "Hash",
          "Hash Join",
          "Sort",
          "Aggregate",
          "Gather Merge"
        ],
        [
          "Seq Scan",
          "Hash",
          "Hash Join",
          "Sort",
          "Aggregate",
          "Gather Merge"
        ]
      ],
      "index_shape": [
        "order-by"
      ],
      "physical_operator": {
        "Sort": [
          "[0. 0. 0. 0. 0. 0. 0. 0. 0. 0. 0. 0. 0. 0. 0. 0. 0. 0. 0. 0. 0. 0. 0. 0.\n 0. 0. 0. 0. 0. 0. 0. 0. 0. 0. 0. 0. 0. 0. 0. 0. 0. 0. 0. 0. 0. 0. 0. 0.\n 0. 0. 0.]"
        ],
        "Aggregate": [
          "[0. 0. 0. 0. 0. 0. 0. 0. 0. 0. 0. 0. 0. 0. 0. 0. 0. 0. 0. 0. 0. 0. 0. 0.\n 0. 0. 0. 0. 0. 0. 0. 0. 0. 0. 0. 0. 0. 0. 0. 0. 0. 0. 0. 0. 0. 0. 0. 0.\n 0. 0. 0.]",
          "[0. 0. 0. 0. 0. 0. 0. 0. 0. 0. 0. 0. 0. 0. 0. 0. 0. 0. 0. 0. 0. 0. 0. 0.\n 0. 0. 0. 0. 0. 0. 0. 0. 0. 0. 0. 0. 0. 0. 0. 0. 0. 0. 0. 0. 0. 0. 0. 0.\n 0. 0. 0.]"
        ]
      }
    }
  },
  {
    "query": "-- Functional Query Definition\n-- Approved February 1998\n\n\nselect\nnation,\no_year,\nsum(amount) as sum_profit\nfrom\n(\nselect\nn_name as nation,\nextract(year from o_orderdate) as o_year,\nl_extendedprice * (1 - l_discount) - ps_supplycost * l_quantity as amount\nfrom\npart,\nsupplier,\nlineitem,\npartsupp,\norders,\nnation\nwhere\ns_suppkey = l_suppkey\nand ps_suppkey = l_suppkey\nand ps_partkey = l_partkey\nand p_partkey = l_partkey\nand o_orderkey = l_orderkey\nand s_nationkey = n_nationkey\nand p_name like '%brown%'\n) as profit\ngroup by\nnation,\no_year\norder by\nnation,\no_year desc ;\n-- $ID$\n-- TPC-H/TPC-R Returned Item Reporting ",
    "indexes": "part.p_partkey",
    "wo plan est": {
      "Node Type": "Aggregate",
      "Strategy": "Sorted",
      "Partial Mode": "Finalize",
      "Parallel Aware": false,
      "Async Capable": false,
      "Startup Cost": 2187189.13,
      "Total Cost": 2187203.6,
      "Plan Rows": 135,
      "Plan Width": 90,
      "Group Key": [
        "nation.n_name",
        "(EXTRACT(year FROM orders.o_orderdate))"
      ],
      "Plans": [
        {
          "Node Type": "Gather Merge",
          "Parent Relationship": "Outer",
          "Parallel Aware": false,
          "Async Capable": false,
          "Startup Cost": 2187189.13,
          "Total Cost": 2187200.78,
          "Plan Rows": 79,
          "Plan Width": 90,
          "Workers Planned": 1,
          "Plans": [
            {
              "Node Type": "Aggregate",
              "Strategy": "Sorted",
              "Partial Mode": "Partial",
              "Parent Relationship": "Outer",
              "Parallel Aware": false,
              "Async Capable": false,
              "Startup Cost": 2186189.12,
              "Total Cost": 2186191.89,
              "Plan Rows": 79,
              "Plan Width": 90,
              "Group Key": [
                "nation.n_name",
                "(EXTRACT(year FROM orders.o_orderdate))"
              ],
              "Plans": [
                {
                  "Node Type": "Sort",
                  "Parent Relationship": "Outer",
                  "Parallel Aware": false,
                  "Async Capable": false,
                  "Startup Cost": 2186189.12,
                  "Total Cost": 2186189.32,
                  "Plan Rows": 79,
                  "Plan Width": 81,
                  "Sort Key": [
                    "nation.n_name",
                    "(EXTRACT(year FROM orders.o_orderdate)) DESC"
                  ],
                  "Plans": [
                    {
                      "Node Type": "Hash Join",
                      "Parent Relationship": "Outer",
                      "Parallel Aware": false,
                      "Async Capable": false,
                      "Join Type": "Inner",
                      "Startup Cost": 2183160.19,
                      "Total Cost": 2186186.63,
                      "Plan Rows": 79,
                      "Plan Width": 81,
                      "Inner Unique": false,
                      "Hash Cond": "(supplier.s_nationkey = nation.n_nationkey)",
                      "Plans": [
                        {
                          "Node Type": "Hash Join",
                          "Parent Relationship": "Outer",
                          "Parallel Aware": true,
                          "Async Capable": false,
                          "Join Type": "Inner",
                          "Startup Cost": 2183158.63,
                          "Total Cost": 2186183.78,
                          "Plan Rows": 79,
                          "Plan Width": 31,
                          "Inner Unique": false,
                          "Hash Cond": "(supplier.s_suppkey = lineitem.l_suppkey)",
                          "Plans": [
                            {
                              "Node Type": "Seq Scan",
                              "Parent Relationship": "Outer",
                              "Parallel Aware": true,
                              "Async Capable": false,
                              "Relation Name": "supplier",
                              "Alias": "supplier",
                              "Startup Cost": 0.0,
                              "Total Cost": 2804.24,
                              "Plan Rows": 58824,
                              "Plan Width": 8,
                              "parent": 5,
                              "ID": 6
                            },
                            {
                              "Node Type": "Hash",
                              "Parent Relationship": "Inner",
                              "Parallel Aware": true,
                              "Async Capable": false,
                              "Startup Cost": 2183157.93,
                              "Total Cost": 2183157.93,
                              "Plan Rows": 56,
                              "Plan Width": 35,
                              "Plans": [
                                {
                                  "Node Type": "Hash Join",
                                  "Parent Relationship": "Outer",
                                  "Parallel Aware": true,
                                  "Async Capable": false,
                                  "Join Type": "Inner",
                                  "Startup Cost": 1836314.1,
                                  "Total Cost": 2183157.93,
                                  "Plan Rows": 56,
                                  "Plan Width": 35,
                                  "Inner Unique": false,
                                  "Hash Cond": "(orders.o_orderkey = lineitem.l_orderkey)",
                                  "Plans": [
                                    {
                                      "Node Type": "Seq Scan",
                                      "Parent Relationship": "Outer",
                                      "Parallel Aware": true,
                                      "Async Capable": false,
                                      "Relation Name": "orders",
                                      "Alias": "orders",
                                      "Startup Cost": 0.0,
                                      "Total Cost": 323407.71,
                                      "Plan Rows": 6249571,
                                      "Plan Width": 8,
                                      "parent": 8,
                                      "ID": 9
                                    },
                                    {
                                      "Node Type": "Hash",
                                      "Parent Relationship": "Inner",
                                      "Parallel Aware": true,
                                      "Async Capable": false,
                                      "Startup Cost": 1836313.4,
                                      "Total Cost": 1836313.4,
                                      "Plan Rows": 56,
                                      "Plan Width": 35,
                                      "Plans": [
                                        {
                                          "Node Type": "Hash Join",
                                          "Parent Relationship": "Outer",
                                          "Parallel Aware": true,
                                          "Async Capable": false,
                                          "Join Type": "Inner",
                                          "Startup Cost": 1559634.16,
                                          "Total Cost": 1836313.4,
                                          "Plan Rows": 56,
                                          "Plan Width": 35,
                                          "Inner Unique": false,
                                          "Hash Cond": "((partsupp.ps_suppkey = lineitem.l_suppkey) AND (partsupp.ps_partkey = lineitem.l_partkey))",
                                          "Plans": [
                                            {
                                              "Node Type": "Seq Scan",
                                              "Parent Relationship": "Outer",
                                              "Parallel Aware": true,
                                              "Async Capable": false,
                                              "Relation Name": "partsupp",
                                              "Alias": "partsupp",
                                              "Startup Cost": 0.0,
                                              "Total Cost": 207718.58,
                                              "Plan Rows": 3333258,
                                              "Plan Width": 14,
                                              "parent": 11,
                                              "ID": 12
                                            },
                                            {
                                              "Node Type": "Hash",
                                              "Parent Relationship": "Inner",
                                              "Parallel Aware": true,
                                              "Async Capable": false,
                                              "Startup Cost": 1526320.84,
                                              "Total Cost": 1526320.84,
                                              "Plan Rows": 1460288,
                                              "Plan Width": 33,
                                              "Plans": [
                                                {
                                                  "Node Type": "Hash Join",
                                                  "Parent Relationship": "Outer",
                                                  "Parallel Aware": true,
                                                  "Async Capable": false,
                                                  "Join Type": "Inner",
                                                  "Startup Cost": 52009.57,
                                                  "Total Cost": 1526320.84,
                                                  "Plan Rows": 1460288,
                                                  "Plan Width": 33,
                                                  "Inner Unique": false,
                                                  "Hash Cond": "(lineitem.l_partkey = part.p_partkey)",
                                                  "Plans": [
                                                    {
                                                      "Node Type": "Seq Scan",
                                                      "Parent Relationship": "Outer",
                                                      "Parallel Aware": true,
                                                      "Async Capable": false,
                                                      "Relation Name": "lineitem",
                                                      "Alias": "lineitem",
                                                      "Startup Cost": 0.0,
                                                      "Total Cost": 1374494.57,
                                                      "Plan Rows": 24995257,
                                                      "Plan Width": 29,
                                                      "parent": 14,
                                                      "ID": 15
                                                    },
                                                    {
                                                      "Node Type": "Hash",
                                                      "Parent Relationship": "Inner",
                                                      "Parallel Aware": true,
                                                      "Async Capable": false,
                                                      "Startup Cost": 51378.28,
                                                      "Total Cost": 51378.28,
                                                      "Plan Rows": 50503,
                                                      "Plan Width": 4,
                                                      "Plans": [
                                                        {
                                                          "Node Type": "Seq Scan",
                                                          "Parent Relationship": "Outer",
                                                          "Parallel Aware": true,
                                                          "Async Capable": false,
                                                          "Relation Name": "part",
                                                          "Alias": "part",
                                                          "Startup Cost": 0.0,
                                                          "Total Cost": 51378.28,
                                                          "Plan Rows": 50503,
                                                          "Plan Width": 4,
                                                          "Filter": "((p_name)::text ~~ '%brown%'::text)",
                                                          "parent": 16,
                                                          "ID": 17
                                                        }
                                                      ],
                                                      "parent": 14,
                                                      "ID": 16,
                                                      "left": 17
                                                    }
                                                  ],
                                                  "parent": 13,
                                                  "ID": 14,
                                                  "left": 15,
                                                  "right": 16
                                                }
                                              ],
                                              "parent": 11,
                                              "ID": 13,
                                              "left": 14
                                            }
                                          ],
                                          "parent": 10,
                                          "ID": 11,
                                          "left": 12,
                                          "right": 13
                                        }
                                      ],
                                      "parent": 8,
                                      "ID": 10,
                                      "left": 11
                                    }
                                  ],
                                  "parent": 7,
                                  "ID": 8,
                                  "left": 9,
                                  "right": 10
                                }
                              ],
                              "parent": 5,
                              "ID": 7,
                              "left": 8
                            }
                          ],
                          "parent": 4,
                          "ID": 5,
                          "left": 6,
                          "right": 7
                        },
                        {
                          "Node Type": "Hash",
                          "Parent Relationship": "Inner",
                          "Parallel Aware": false,
                          "Async Capable": false,
                          "Startup Cost": 1.25,
                          "Total Cost": 1.25,
                          "Plan Rows": 25,
                          "Plan Width": 30,
                          "Plans": [
                            {
                              "Node Type": "Seq Scan",
                              "Parent Relationship": "Outer",
                              "Parallel Aware": false,
                              "Async Capable": false,
                              "Relation Name": "nation",
                              "Alias": "nation",
                              "Startup Cost": 0.0,
                              "Total Cost": 1.25,
                              "Plan Rows": 25,
                              "Plan Width": 30,
                              "parent": 18,
                              "ID": 19
                            }
                          ],
                          "parent": 4,
                          "ID": 18,
                          "left": 19
                        }
                      ],
                      "parent": 3,
                      "ID": 4,
                      "left": 5,
                      "right": 18
                    }
                  ],
                  "parent": 2,
                  "ID": 3,
                  "left": 4
                }
              ],
              "parent": 1,
              "ID": 2,
              "left": 3
            }
          ],
          "parent": 0,
          "ID": 1,
          "left": 2
        }
      ],
      "parent": null,
      "ID": 0,
      "left": 1
    },
    "feat": {
      "utility": 5.708913237861351e-07,
      "query_shape": [
        [
          "Seq Scan",
          "Hash Join",
          "Sort",
          "Aggregate",
          "Gather Merge"
        ],
        [
          "Seq Scan",
          "Hash Join",
          "Hash",
          "Sort",
          "Aggregate",
          "Gather Merge"
        ],
        [
          "Seq Scan",
          "Hash Join",
          "Hash",
          "Sort",
          "Aggregate",
          "Gather Merge"
        ],
        [
          "Seq Scan",
          "Hash Join",
          "Hash",
          "Sort",
          "Aggregate",
          "Gather Merge"
        ],
        [
          "Seq Scan",
          "Hash",
          "Hash Join",
          "Sort",
          "Aggregate",
          "Gather Merge"
        ],
        [
          "Seq Scan",
          "Hash",
          "Hash Join",
          "Sort",
          "Aggregate",
          "Gather Merge"
        ]
      ],
      "index_shape": [
        "join"
      ],
      "physical_operator": {
        "Hash Join": [
          0.0010755531249598002
        ]
      }
    }
  },
  {
    "query": "-- Functional Query Definition\n-- Approved February 1998\n\n\nselect\nnation,\no_year,\nsum(amount) as sum_profit\nfrom\n(\nselect\nn_name as nation,\nextract(year from o_orderdate) as o_year,\nl_extendedprice * (1 - l_discount) - ps_supplycost * l_quantity as amount\nfrom\npart,\nsupplier,\nlineitem,\npartsupp,\norders,\nnation\nwhere\ns_suppkey = l_suppkey\nand ps_suppkey = l_suppkey\nand ps_partkey = l_partkey\nand p_partkey = l_partkey\nand o_orderkey = l_orderkey\nand s_nationkey = n_nationkey\nand p_name like '%brown%'\n) as profit\ngroup by\nnation,\no_year\norder by\nnation,\no_year desc ;\n-- $ID$\n-- TPC-H/TPC-R Returned Item Reporting ",
    "indexes": "part.p_name",
    "wo plan est": {
      "Node Type": "Aggregate",
      "Strategy": "Sorted",
      "Partial Mode": "Finalize",
      "Parallel Aware": false,
      "Async Capable": false,
      "Startup Cost": 2187189.13,
      "Total Cost": 2187203.6,
      "Plan Rows": 135,
      "Plan Width": 90,
      "Group Key": [
        "nation.n_name",
        "(EXTRACT(year FROM orders.o_orderdate))"
      ],
      "Plans": [
        {
          "Node Type": "Gather Merge",
          "Parent Relationship": "Outer",
          "Parallel Aware": false,
          "Async Capable": false,
          "Startup Cost": 2187189.13,
          "Total Cost": 2187200.78,
          "Plan Rows": 79,
          "Plan Width": 90,
          "Workers Planned": 1,
          "Plans": [
            {
              "Node Type": "Aggregate",
              "Strategy": "Sorted",
              "Partial Mode": "Partial",
              "Parent Relationship": "Outer",
              "Parallel Aware": false,
              "Async Capable": false,
              "Startup Cost": 2186189.12,
              "Total Cost": 2186191.89,
              "Plan Rows": 79,
              "Plan Width": 90,
              "Group Key": [
                "nation.n_name",
                "(EXTRACT(year FROM orders.o_orderdate))"
              ],
              "Plans": [
                {
                  "Node Type": "Sort",
                  "Parent Relationship": "Outer",
                  "Parallel Aware": false,
                  "Async Capable": false,
                  "Startup Cost": 2186189.12,
                  "Total Cost": 2186189.32,
                  "Plan Rows": 79,
                  "Plan Width": 81,
                  "Sort Key": [
                    "nation.n_name",
                    "(EXTRACT(year FROM orders.o_orderdate)) DESC"
                  ],
                  "Plans": [
                    {
                      "Node Type": "Hash Join",
                      "Parent Relationship": "Outer",
                      "Parallel Aware": false,
                      "Async Capable": false,
                      "Join Type": "Inner",
                      "Startup Cost": 2183160.19,
                      "Total Cost": 2186186.63,
                      "Plan Rows": 79,
                      "Plan Width": 81,
                      "Inner Unique": false,
                      "Hash Cond": "(supplier.s_nationkey = nation.n_nationkey)",
                      "Plans": [
                        {
                          "Node Type": "Hash Join",
                          "Parent Relationship": "Outer",
                          "Parallel Aware": true,
                          "Async Capable": false,
                          "Join Type": "Inner",
                          "Startup Cost": 2183158.63,
                          "Total Cost": 2186183.78,
                          "Plan Rows": 79,
                          "Plan Width": 31,
                          "Inner Unique": false,
                          "Hash Cond": "(supplier.s_suppkey = lineitem.l_suppkey)",
                          "Plans": [
                            {
                              "Node Type": "Seq Scan",
                              "Parent Relationship": "Outer",
                              "Parallel Aware": true,
                              "Async Capable": false,
                              "Relation Name": "supplier",
                              "Alias": "supplier",
                              "Startup Cost": 0.0,
                              "Total Cost": 2804.24,
                              "Plan Rows": 58824,
                              "Plan Width": 8,
                              "parent": 5,
                              "ID": 6
                            },
                            {
                              "Node Type": "Hash",
                              "Parent Relationship": "Inner",
                              "Parallel Aware": true,
                              "Async Capable": false,
                              "Startup Cost": 2183157.93,
                              "Total Cost": 2183157.93,
                              "Plan Rows": 56,
                              "Plan Width": 35,
                              "Plans": [
                                {
                                  "Node Type": "Hash Join",
                                  "Parent Relationship": "Outer",
                                  "Parallel Aware": true,
                                  "Async Capable": false,
                                  "Join Type": "Inner",
                                  "Startup Cost": 1836314.1,
                                  "Total Cost": 2183157.93,
                                  "Plan Rows": 56,
                                  "Plan Width": 35,
                                  "Inner Unique": false,
                                  "Hash Cond": "(orders.o_orderkey = lineitem.l_orderkey)",
                                  "Plans": [
                                    {
                                      "Node Type": "Seq Scan",
                                      "Parent Relationship": "Outer",
                                      "Parallel Aware": true,
                                      "Async Capable": false,
                                      "Relation Name": "orders",
                                      "Alias": "orders",
                                      "Startup Cost": 0.0,
                                      "Total Cost": 323407.71,
                                      "Plan Rows": 6249571,
                                      "Plan Width": 8,
                                      "parent": 8,
                                      "ID": 9
                                    },
                                    {
                                      "Node Type": "Hash",
                                      "Parent Relationship": "Inner",
                                      "Parallel Aware": true,
                                      "Async Capable": false,
                                      "Startup Cost": 1836313.4,
                                      "Total Cost": 1836313.4,
                                      "Plan Rows": 56,
                                      "Plan Width": 35,
                                      "Plans": [
                                        {
                                          "Node Type": "Hash Join",
                                          "Parent Relationship": "Outer",
                                          "Parallel Aware": true,
                                          "Async Capable": false,
                                          "Join Type": "Inner",
                                          "Startup Cost": 1559634.16,
                                          "Total Cost": 1836313.4,
                                          "Plan Rows": 56,
                                          "Plan Width": 35,
                                          "Inner Unique": false,
                                          "Hash Cond": "((partsupp.ps_suppkey = lineitem.l_suppkey) AND (partsupp.ps_partkey = lineitem.l_partkey))",
                                          "Plans": [
                                            {
                                              "Node Type": "Seq Scan",
                                              "Parent Relationship": "Outer",
                                              "Parallel Aware": true,
                                              "Async Capable": false,
                                              "Relation Name": "partsupp",
                                              "Alias": "partsupp",
                                              "Startup Cost": 0.0,
                                              "Total Cost": 207718.58,
                                              "Plan Rows": 3333258,
                                              "Plan Width": 14,
                                              "parent": 11,
                                              "ID": 12
                                            },
                                            {
                                              "Node Type": "Hash",
                                              "Parent Relationship": "Inner",
                                              "Parallel Aware": true,
                                              "Async Capable": false,
                                              "Startup Cost": 1526320.84,
                                              "Total Cost": 1526320.84,
                                              "Plan Rows": 1460288,
                                              "Plan Width": 33,
                                              "Plans": [
                                                {
                                                  "Node Type": "Hash Join",
                                                  "Parent Relationship": "Outer",
                                                  "Parallel Aware": true,
                                                  "Async Capable": false,
                                                  "Join Type": "Inner",
                                                  "Startup Cost": 52009.57,
                                                  "Total Cost": 1526320.84,
                                                  "Plan Rows": 1460288,
                                                  "Plan Width": 33,
                                                  "Inner Unique": false,
                                                  "Hash Cond": "(lineitem.l_partkey = part.p_partkey)",
                                                  "Plans": [
                                                    {
                                                      "Node Type": "Seq Scan",
                                                      "Parent Relationship": "Outer",
                                                      "Parallel Aware": true,
                                                      "Async Capable": false,
                                                      "Relation Name": "lineitem",
                                                      "Alias": "lineitem",
                                                      "Startup Cost": 0.0,
                                                      "Total Cost": 1374494.57,
                                                      "Plan Rows": 24995257,
                                                      "Plan Width": 29,
                                                      "parent": 14,
                                                      "ID": 15
                                                    },
                                                    {
                                                      "Node Type": "Hash",
                                                      "Parent Relationship": "Inner",
                                                      "Parallel Aware": true,
                                                      "Async Capable": false,
                                                      "Startup Cost": 51378.28,
                                                      "Total Cost": 51378.28,
                                                      "Plan Rows": 50503,
                                                      "Plan Width": 4,
                                                      "Plans": [
                                                        {
                                                          "Node Type": "Seq Scan",
                                                          "Parent Relationship": "Outer",
                                                          "Parallel Aware": true,
                                                          "Async Capable": false,
                                                          "Relation Name": "part",
                                                          "Alias": "part",
                                                          "Startup Cost": 0.0,
                                                          "Total Cost": 51378.28,
                                                          "Plan Rows": 50503,
                                                          "Plan Width": 4,
                                                          "Filter": "((p_name)::text ~~ '%brown%'::text)",
                                                          "parent": 16,
                                                          "ID": 17
                                                        }
                                                      ],
                                                      "parent": 14,
                                                      "ID": 16,
                                                      "left": 17
                                                    }
                                                  ],
                                                  "parent": 13,
                                                  "ID": 14,
                                                  "left": 15,
                                                  "right": 16
                                                }
                                              ],
                                              "parent": 11,
                                              "ID": 13,
                                              "left": 14
                                            }
                                          ],
                                          "parent": 10,
                                          "ID": 11,
                                          "left": 12,
                                          "right": 13
                                        }
                                      ],
                                      "parent": 8,
                                      "ID": 10,
                                      "left": 11
                                    }
                                  ],
                                  "parent": 7,
                                  "ID": 8,
                                  "left": 9,
                                  "right": 10
                                }
                              ],
                              "parent": 5,
                              "ID": 7,
                              "left": 8
                            }
                          ],
                          "parent": 4,
                          "ID": 5,
                          "left": 6,
                          "right": 7
                        },
                        {
                          "Node Type": "Hash",
                          "Parent Relationship": "Inner",
                          "Parallel Aware": false,
                          "Async Capable": false,
                          "Startup Cost": 1.25,
                          "Total Cost": 1.25,
                          "Plan Rows": 25,
                          "Plan Width": 30,
                          "Plans": [
                            {
                              "Node Type": "Seq Scan",
                              "Parent Relationship": "Outer",
                              "Parallel Aware": false,
                              "Async Capable": false,
                              "Relation Name": "nation",
                              "Alias": "nation",
                              "Startup Cost": 0.0,
                              "Total Cost": 1.25,
                              "Plan Rows": 25,
                              "Plan Width": 30,
                              "parent": 18,
                              "ID": 19
                            }
                          ],
                          "parent": 4,
                          "ID": 18,
                          "left": 19
                        }
                      ],
                      "parent": 3,
                      "ID": 4,
                      "left": 5,
                      "right": 18
                    }
                  ],
                  "parent": 2,
                  "ID": 3,
                  "left": 4
                }
              ],
              "parent": 1,
              "ID": 2,
              "left": 3
            }
          ],
          "parent": 0,
          "ID": 1,
          "left": 2
        }
      ],
      "parent": null,
      "ID": 0,
      "left": 1
    },
    "feat": {
      "utility": 0.022897228846267444,
      "query_shape": [
        [
          "Seq Scan",
          "Hash Join",
          "Sort",
          "Aggregate",
          "Gather Merge"
        ],
        [
          "Seq Scan",
          "Hash Join",
          "Hash",
          "Sort",
          "Aggregate",
          "Gather Merge"
        ],
        [
          "Seq Scan",
          "Hash Join",
          "Hash",
          "Sort",
          "Aggregate",
          "Gather Merge"
        ],
        [
          "Seq Scan",
          "Hash Join",
          "Hash",
          "Sort",
          "Aggregate",
          "Gather Merge"
        ],
        [
          "Seq Scan",
          "Hash",
          "Hash Join",
          "Sort",
          "Aggregate",
          "Gather Merge"
        ],
        [
          "Seq Scan",
          "Hash",
          "Hash Join",
          "Sort",
          "Aggregate",
          "Gather Merge"
        ]
      ],
      "index_shape": [
        "selection"
      ],
      "physical_operator": {
        "Seq Scan": [
          0.025251499999999982
        ]
      }
    }
  },
  {
    "query": "-- Functional Query Definition\n-- Approved February 1998\n\n\nselect\nnation,\no_year,\nsum(amount) as sum_profit\nfrom\n(\nselect\nn_name as nation,\nextract(year from o_orderdate) as o_year,\nl_extendedprice * (1 - l_discount) - ps_supplycost * l_quantity as amount\nfrom\npart,\nsupplier,\nlineitem,\npartsupp,\norders,\nnation\nwhere\ns_suppkey = l_suppkey\nand ps_suppkey = l_suppkey\nand ps_partkey = l_partkey\nand p_partkey = l_partkey\nand o_orderkey = l_orderkey\nand s_nationkey = n_nationkey\nand p_name like '%brown%'\n) as profit\ngroup by\nnation,\no_year\norder by\nnation,\no_year desc ;\n-- $ID$\n-- TPC-H/TPC-R Returned Item Reporting ",
    "indexes": "partsupp.ps_partkey",
    "wo plan est": {
      "Node Type": "Aggregate",
      "Strategy": "Sorted",
      "Partial Mode": "Finalize",
      "Parallel Aware": false,
      "Async Capable": false,
      "Startup Cost": 2187189.13,
      "Total Cost": 2187203.6,
      "Plan Rows": 135,
      "Plan Width": 90,
      "Group Key": [
        "nation.n_name",
        "(EXTRACT(year FROM orders.o_orderdate))"
      ],
      "Plans": [
        {
          "Node Type": "Gather Merge",
          "Parent Relationship": "Outer",
          "Parallel Aware": false,
          "Async Capable": false,
          "Startup Cost": 2187189.13,
          "Total Cost": 2187200.78,
          "Plan Rows": 79,
          "Plan Width": 90,
          "Workers Planned": 1,
          "Plans": [
            {
              "Node Type": "Aggregate",
              "Strategy": "Sorted",
              "Partial Mode": "Partial",
              "Parent Relationship": "Outer",
              "Parallel Aware": false,
              "Async Capable": false,
              "Startup Cost": 2186189.12,
              "Total Cost": 2186191.89,
              "Plan Rows": 79,
              "Plan Width": 90,
              "Group Key": [
                "nation.n_name",
                "(EXTRACT(year FROM orders.o_orderdate))"
              ],
              "Plans": [
                {
                  "Node Type": "Sort",
                  "Parent Relationship": "Outer",
                  "Parallel Aware": false,
                  "Async Capable": false,
                  "Startup Cost": 2186189.12,
                  "Total Cost": 2186189.32,
                  "Plan Rows": 79,
                  "Plan Width": 81,
                  "Sort Key": [
                    "nation.n_name",
                    "(EXTRACT(year FROM orders.o_orderdate)) DESC"
                  ],
                  "Plans": [
                    {
                      "Node Type": "Hash Join",
                      "Parent Relationship": "Outer",
                      "Parallel Aware": false,
                      "Async Capable": false,
                      "Join Type": "Inner",
                      "Startup Cost": 2183160.19,
                      "Total Cost": 2186186.63,
                      "Plan Rows": 79,
                      "Plan Width": 81,
                      "Inner Unique": false,
                      "Hash Cond": "(supplier.s_nationkey = nation.n_nationkey)",
                      "Plans": [
                        {
                          "Node Type": "Hash Join",
                          "Parent Relationship": "Outer",
                          "Parallel Aware": true,
                          "Async Capable": false,
                          "Join Type": "Inner",
                          "Startup Cost": 2183158.63,
                          "Total Cost": 2186183.78,
                          "Plan Rows": 79,
                          "Plan Width": 31,
                          "Inner Unique": false,
                          "Hash Cond": "(supplier.s_suppkey = lineitem.l_suppkey)",
                          "Plans": [
                            {
                              "Node Type": "Seq Scan",
                              "Parent Relationship": "Outer",
                              "Parallel Aware": true,
                              "Async Capable": false,
                              "Relation Name": "supplier",
                              "Alias": "supplier",
                              "Startup Cost": 0.0,
                              "Total Cost": 2804.24,
                              "Plan Rows": 58824,
                              "Plan Width": 8,
                              "parent": 5,
                              "ID": 6
                            },
                            {
                              "Node Type": "Hash",
                              "Parent Relationship": "Inner",
                              "Parallel Aware": true,
                              "Async Capable": false,
                              "Startup Cost": 2183157.93,
                              "Total Cost": 2183157.93,
                              "Plan Rows": 56,
                              "Plan Width": 35,
                              "Plans": [
                                {
                                  "Node Type": "Hash Join",
                                  "Parent Relationship": "Outer",
                                  "Parallel Aware": true,
                                  "Async Capable": false,
                                  "Join Type": "Inner",
                                  "Startup Cost": 1836314.1,
                                  "Total Cost": 2183157.93,
                                  "Plan Rows": 56,
                                  "Plan Width": 35,
                                  "Inner Unique": false,
                                  "Hash Cond": "(orders.o_orderkey = lineitem.l_orderkey)",
                                  "Plans": [
                                    {
                                      "Node Type": "Seq Scan",
                                      "Parent Relationship": "Outer",
                                      "Parallel Aware": true,
                                      "Async Capable": false,
                                      "Relation Name": "orders",
                                      "Alias": "orders",
                                      "Startup Cost": 0.0,
                                      "Total Cost": 323407.71,
                                      "Plan Rows": 6249571,
                                      "Plan Width": 8,
                                      "parent": 8,
                                      "ID": 9
                                    },
                                    {
                                      "Node Type": "Hash",
                                      "Parent Relationship": "Inner",
                                      "Parallel Aware": true,
                                      "Async Capable": false,
                                      "Startup Cost": 1836313.4,
                                      "Total Cost": 1836313.4,
                                      "Plan Rows": 56,
                                      "Plan Width": 35,
                                      "Plans": [
                                        {
                                          "Node Type": "Hash Join",
                                          "Parent Relationship": "Outer",
                                          "Parallel Aware": true,
                                          "Async Capable": false,
                                          "Join Type": "Inner",
                                          "Startup Cost": 1559634.16,
                                          "Total Cost": 1836313.4,
                                          "Plan Rows": 56,
                                          "Plan Width": 35,
                                          "Inner Unique": false,
                                          "Hash Cond": "((partsupp.ps_suppkey = lineitem.l_suppkey) AND (partsupp.ps_partkey = lineitem.l_partkey))",
                                          "Plans": [
                                            {
                                              "Node Type": "Seq Scan",
                                              "Parent Relationship": "Outer",
                                              "Parallel Aware": true,
                                              "Async Capable": false,
                                              "Relation Name": "partsupp",
                                              "Alias": "partsupp",
                                              "Startup Cost": 0.0,
                                              "Total Cost": 207718.58,
                                              "Plan Rows": 3333258,
                                              "Plan Width": 14,
                                              "parent": 11,
                                              "ID": 12
                                            },
                                            {
                                              "Node Type": "Hash",
                                              "Parent Relationship": "Inner",
                                              "Parallel Aware": true,
                                              "Async Capable": false,
                                              "Startup Cost": 1526320.84,
                                              "Total Cost": 1526320.84,
                                              "Plan Rows": 1460288,
                                              "Plan Width": 33,
                                              "Plans": [
                                                {
                                                  "Node Type": "Hash Join",
                                                  "Parent Relationship": "Outer",
                                                  "Parallel Aware": true,
                                                  "Async Capable": false,
                                                  "Join Type": "Inner",
                                                  "Startup Cost": 52009.57,
                                                  "Total Cost": 1526320.84,
                                                  "Plan Rows": 1460288,
                                                  "Plan Width": 33,
                                                  "Inner Unique": false,
                                                  "Hash Cond": "(lineitem.l_partkey = part.p_partkey)",
                                                  "Plans": [
                                                    {
                                                      "Node Type": "Seq Scan",
                                                      "Parent Relationship": "Outer",
                                                      "Parallel Aware": true,
                                                      "Async Capable": false,
                                                      "Relation Name": "lineitem",
                                                      "Alias": "lineitem",
                                                      "Startup Cost": 0.0,
                                                      "Total Cost": 1374494.57,
                                                      "Plan Rows": 24995257,
                                                      "Plan Width": 29,
                                                      "parent": 14,
                                                      "ID": 15
                                                    },
                                                    {
                                                      "Node Type": "Hash",
                                                      "Parent Relationship": "Inner",
                                                      "Parallel Aware": true,
                                                      "Async Capable": false,
                                                      "Startup Cost": 51378.28,
                                                      "Total Cost": 51378.28,
                                                      "Plan Rows": 50503,
                                                      "Plan Width": 4,
                                                      "Plans": [
                                                        {
                                                          "Node Type": "Seq Scan",
                                                          "Parent Relationship": "Outer",
                                                          "Parallel Aware": true,
                                                          "Async Capable": false,
                                                          "Relation Name": "part",
                                                          "Alias": "part",
                                                          "Startup Cost": 0.0,
                                                          "Total Cost": 51378.28,
                                                          "Plan Rows": 50503,
                                                          "Plan Width": 4,
                                                          "Filter": "((p_name)::text ~~ '%brown%'::text)",
                                                          "parent": 16,
                                                          "ID": 17
                                                        }
                                                      ],
                                                      "parent": 14,
                                                      "ID": 16,
                                                      "left": 17
                                                    }
                                                  ],
                                                  "parent": 13,
                                                  "ID": 14,
                                                  "left": 15,
                                                  "right": 16
                                                }
                                              ],
                                              "parent": 11,
                                              "ID": 13,
                                              "left": 14
                                            }
                                          ],
                                          "parent": 10,
                                          "ID": 11,
                                          "left": 12,
                                          "right": 13
                                        }
                                      ],
                                      "parent": 8,
                                      "ID": 10,
                                      "left": 11
                                    }
                                  ],
                                  "parent": 7,
                                  "ID": 8,
                                  "left": 9,
                                  "right": 10
                                }
                              ],
                              "parent": 5,
                              "ID": 7,
                              "left": 8
                            }
                          ],
                          "parent": 4,
                          "ID": 5,
                          "left": 6,
                          "right": 7
                        },
                        {
                          "Node Type": "Hash",
                          "Parent Relationship": "Inner",
                          "Parallel Aware": false,
                          "Async Capable": false,
                          "Startup Cost": 1.25,
                          "Total Cost": 1.25,
                          "Plan Rows": 25,
                          "Plan Width": 30,
                          "Plans": [
                            {
                              "Node Type": "Seq Scan",
                              "Parent Relationship": "Outer",
                              "Parallel Aware": false,
                              "Async Capable": false,
                              "Relation Name": "nation",
                              "Alias": "nation",
                              "Startup Cost": 0.0,
                              "Total Cost": 1.25,
                              "Plan Rows": 25,
                              "Plan Width": 30,
                              "parent": 18,
                              "ID": 19
                            }
                          ],
                          "parent": 4,
                          "ID": 18,
                          "left": 19
                        }
                      ],
                      "parent": 3,
                      "ID": 4,
                      "left": 5,
                      "right": 18
                    }
                  ],
                  "parent": 2,
                  "ID": 3,
                  "left": 4
                }
              ],
              "parent": 1,
              "ID": 2,
              "left": 3
            }
          ],
          "parent": 0,
          "ID": 1,
          "left": 2
        }
      ],
      "parent": null,
      "ID": 0,
      "left": 1
    },
    "feat": {
      "utility": 5.715040703809393e-07,
      "query_shape": [
        [
          "Seq Scan",
          "Hash Join",
          "Sort",
          "Aggregate",
          "Gather Merge"
        ],
        [
          "Seq Scan",
          "Hash Join",
          "Hash",
          "Sort",
          "Aggregate",
          "Gather Merge"
        ],
        [
          "Seq Scan",
          "Hash Join",
          "Hash",
          "Sort",
          "Aggregate",
          "Gather Merge"
        ],
        [
          "Seq Scan",
          "Hash Join",
          "Hash",
          "Sort",
          "Aggregate",
          "Gather Merge"
        ],
        [
          "Seq Scan",
          "Hash",
          "Hash Join",
          "Sort",
          "Aggregate",
          "Gather Merge"
        ],
        [
          "Seq Scan",
          "Hash",
          "Hash Join",
          "Sort",
          "Aggregate",
          "Gather Merge"
        ]
      ],
      "index_shape": [
        "join"
      ],
      "physical_operator": {
        "Hash Join": [
          3.391878524927478e-06
        ]
      }
    }
  },
  {
    "query": "-- Functional Query Definition\n-- Approved February 1998\n\n\nselect\nnation,\no_year,\nsum(amount) as sum_profit\nfrom\n(\nselect\nn_name as nation,\nextract(year from o_orderdate) as o_year,\nl_extendedprice * (1 - l_discount) - ps_supplycost * l_quantity as amount\nfrom\npart,\nsupplier,\nlineitem,\npartsupp,\norders,\nnation\nwhere\ns_suppkey = l_suppkey\nand ps_suppkey = l_suppkey\nand ps_partkey = l_partkey\nand p_partkey = l_partkey\nand o_orderkey = l_orderkey\nand s_nationkey = n_nationkey\nand p_name like '%brown%'\n) as profit\ngroup by\nnation,\no_year\norder by\nnation,\no_year desc ;\n-- $ID$\n-- TPC-H/TPC-R Returned Item Reporting ",
    "indexes": "partsupp.ps_suppkey",
    "wo plan est": {
      "Node Type": "Aggregate",
      "Strategy": "Sorted",
      "Partial Mode": "Finalize",
      "Parallel Aware": false,
      "Async Capable": false,
      "Startup Cost": 2187189.13,
      "Total Cost": 2187203.6,
      "Plan Rows": 135,
      "Plan Width": 90,
      "Group Key": [
        "nation.n_name",
        "(EXTRACT(year FROM orders.o_orderdate))"
      ],
      "Plans": [
        {
          "Node Type": "Gather Merge",
          "Parent Relationship": "Outer",
          "Parallel Aware": false,
          "Async Capable": false,
          "Startup Cost": 2187189.13,
          "Total Cost": 2187200.78,
          "Plan Rows": 79,
          "Plan Width": 90,
          "Workers Planned": 1,
          "Plans": [
            {
              "Node Type": "Aggregate",
              "Strategy": "Sorted",
              "Partial Mode": "Partial",
              "Parent Relationship": "Outer",
              "Parallel Aware": false,
              "Async Capable": false,
              "Startup Cost": 2186189.12,
              "Total Cost": 2186191.89,
              "Plan Rows": 79,
              "Plan Width": 90,
              "Group Key": [
                "nation.n_name",
                "(EXTRACT(year FROM orders.o_orderdate))"
              ],
              "Plans": [
                {
                  "Node Type": "Sort",
                  "Parent Relationship": "Outer",
                  "Parallel Aware": false,
                  "Async Capable": false,
                  "Startup Cost": 2186189.12,
                  "Total Cost": 2186189.32,
                  "Plan Rows": 79,
                  "Plan Width": 81,
                  "Sort Key": [
                    "nation.n_name",
                    "(EXTRACT(year FROM orders.o_orderdate)) DESC"
                  ],
                  "Plans": [
                    {
                      "Node Type": "Hash Join",
                      "Parent Relationship": "Outer",
                      "Parallel Aware": false,
                      "Async Capable": false,
                      "Join Type": "Inner",
                      "Startup Cost": 2183160.19,
                      "Total Cost": 2186186.63,
                      "Plan Rows": 79,
                      "Plan Width": 81,
                      "Inner Unique": false,
                      "Hash Cond": "(supplier.s_nationkey = nation.n_nationkey)",
                      "Plans": [
                        {
                          "Node Type": "Hash Join",
                          "Parent Relationship": "Outer",
                          "Parallel Aware": true,
                          "Async Capable": false,
                          "Join Type": "Inner",
                          "Startup Cost": 2183158.63,
                          "Total Cost": 2186183.78,
                          "Plan Rows": 79,
                          "Plan Width": 31,
                          "Inner Unique": false,
                          "Hash Cond": "(supplier.s_suppkey = lineitem.l_suppkey)",
                          "Plans": [
                            {
                              "Node Type": "Seq Scan",
                              "Parent Relationship": "Outer",
                              "Parallel Aware": true,
                              "Async Capable": false,
                              "Relation Name": "supplier",
                              "Alias": "supplier",
                              "Startup Cost": 0.0,
                              "Total Cost": 2804.24,
                              "Plan Rows": 58824,
                              "Plan Width": 8,
                              "parent": 5,
                              "ID": 6
                            },
                            {
                              "Node Type": "Hash",
                              "Parent Relationship": "Inner",
                              "Parallel Aware": true,
                              "Async Capable": false,
                              "Startup Cost": 2183157.93,
                              "Total Cost": 2183157.93,
                              "Plan Rows": 56,
                              "Plan Width": 35,
                              "Plans": [
                                {
                                  "Node Type": "Hash Join",
                                  "Parent Relationship": "Outer",
                                  "Parallel Aware": true,
                                  "Async Capable": false,
                                  "Join Type": "Inner",
                                  "Startup Cost": 1836314.1,
                                  "Total Cost": 2183157.93,
                                  "Plan Rows": 56,
                                  "Plan Width": 35,
                                  "Inner Unique": false,
                                  "Hash Cond": "(orders.o_orderkey = lineitem.l_orderkey)",
                                  "Plans": [
                                    {
                                      "Node Type": "Seq Scan",
                                      "Parent Relationship": "Outer",
                                      "Parallel Aware": true,
                                      "Async Capable": false,
                                      "Relation Name": "orders",
                                      "Alias": "orders",
                                      "Startup Cost": 0.0,
                                      "Total Cost": 323407.71,
                                      "Plan Rows": 6249571,
                                      "Plan Width": 8,
                                      "parent": 8,
                                      "ID": 9
                                    },
                                    {
                                      "Node Type": "Hash",
                                      "Parent Relationship": "Inner",
                                      "Parallel Aware": true,
                                      "Async Capable": false,
                                      "Startup Cost": 1836313.4,
                                      "Total Cost": 1836313.4,
                                      "Plan Rows": 56,
                                      "Plan Width": 35,
                                      "Plans": [
                                        {
                                          "Node Type": "Hash Join",
                                          "Parent Relationship": "Outer",
                                          "Parallel Aware": true,
                                          "Async Capable": false,
                                          "Join Type": "Inner",
                                          "Startup Cost": 1559634.16,
                                          "Total Cost": 1836313.4,
                                          "Plan Rows": 56,
                                          "Plan Width": 35,
                                          "Inner Unique": false,
                                          "Hash Cond": "((partsupp.ps_suppkey = lineitem.l_suppkey) AND (partsupp.ps_partkey = lineitem.l_partkey))",
                                          "Plans": [
                                            {
                                              "Node Type": "Seq Scan",
                                              "Parent Relationship": "Outer",
                                              "Parallel Aware": true,
                                              "Async Capable": false,
                                              "Relation Name": "partsupp",
                                              "Alias": "partsupp",
                                              "Startup Cost": 0.0,
                                              "Total Cost": 207718.58,
                                              "Plan Rows": 3333258,
                                              "Plan Width": 14,
                                              "parent": 11,
                                              "ID": 12
                                            },
                                            {
                                              "Node Type": "Hash",
                                              "Parent Relationship": "Inner",
                                              "Parallel Aware": true,
                                              "Async Capable": false,
                                              "Startup Cost": 1526320.84,
                                              "Total Cost": 1526320.84,
                                              "Plan Rows": 1460288,
                                              "Plan Width": 33,
                                              "Plans": [
                                                {
                                                  "Node Type": "Hash Join",
                                                  "Parent Relationship": "Outer",
                                                  "Parallel Aware": true,
                                                  "Async Capable": false,
                                                  "Join Type": "Inner",
                                                  "Startup Cost": 52009.57,
                                                  "Total Cost": 1526320.84,
                                                  "Plan Rows": 1460288,
                                                  "Plan Width": 33,
                                                  "Inner Unique": false,
                                                  "Hash Cond": "(lineitem.l_partkey = part.p_partkey)",
                                                  "Plans": [
                                                    {
                                                      "Node Type": "Seq Scan",
                                                      "Parent Relationship": "Outer",
                                                      "Parallel Aware": true,
                                                      "Async Capable": false,
                                                      "Relation Name": "lineitem",
                                                      "Alias": "lineitem",
                                                      "Startup Cost": 0.0,
                                                      "Total Cost": 1374494.57,
                                                      "Plan Rows": 24995257,
                                                      "Plan Width": 29,
                                                      "parent": 14,
                                                      "ID": 15
                                                    },
                                                    {
                                                      "Node Type": "Hash",
                                                      "Parent Relationship": "Inner",
                                                      "Parallel Aware": true,
                                                      "Async Capable": false,
                                                      "Startup Cost": 51378.28,
                                                      "Total Cost": 51378.28,
                                                      "Plan Rows": 50503,
                                                      "Plan Width": 4,
                                                      "Plans": [
                                                        {
                                                          "Node Type": "Seq Scan",
                                                          "Parent Relationship": "Outer",
                                                          "Parallel Aware": true,
                                                          "Async Capable": false,
                                                          "Relation Name": "part",
                                                          "Alias": "part",
                                                          "Startup Cost": 0.0,
                                                          "Total Cost": 51378.28,
                                                          "Plan Rows": 50503,
                                                          "Plan Width": 4,
                                                          "Filter": "((p_name)::text ~~ '%brown%'::text)",
                                                          "parent": 16,
                                                          "ID": 17
                                                        }
                                                      ],
                                                      "parent": 14,
                                                      "ID": 16,
                                                      "left": 17
                                                    }
                                                  ],
                                                  "parent": 13,
                                                  "ID": 14,
                                                  "left": 15,
                                                  "right": 16
                                                }
                                              ],
                                              "parent": 11,
                                              "ID": 13,
                                              "left": 14
                                            }
                                          ],
                                          "parent": 10,
                                          "ID": 11,
                                          "left": 12,
                                          "right": 13
                                        }
                                      ],
                                      "parent": 8,
                                      "ID": 10,
                                      "left": 11
                                    }
                                  ],
                                  "parent": 7,
                                  "ID": 8,
                                  "left": 9,
                                  "right": 10
                                }
                              ],
                              "parent": 5,
                              "ID": 7,
                              "left": 8
                            }
                          ],
                          "parent": 4,
                          "ID": 5,
                          "left": 6,
                          "right": 7
                        },
                        {
                          "Node Type": "Hash",
                          "Parent Relationship": "Inner",
                          "Parallel Aware": false,
                          "Async Capable": false,
                          "Startup Cost": 1.25,
                          "Total Cost": 1.25,
                          "Plan Rows": 25,
                          "Plan Width": 30,
                          "Plans": [
                            {
                              "Node Type": "Seq Scan",
                              "Parent Relationship": "Outer",
                              "Parallel Aware": false,
                              "Async Capable": false,
                              "Relation Name": "nation",
                              "Alias": "nation",
                              "Startup Cost": 0.0,
                              "Total Cost": 1.25,
                              "Plan Rows": 25,
                              "Plan Width": 30,
                              "parent": 18,
                              "ID": 19
                            }
                          ],
                          "parent": 4,
                          "ID": 18,
                          "left": 19
                        }
                      ],
                      "parent": 3,
                      "ID": 4,
                      "left": 5,
                      "right": 18
                    }
                  ],
                  "parent": 2,
                  "ID": 3,
                  "left": 4
                }
              ],
              "parent": 1,
              "ID": 2,
              "left": 3
            }
          ],
          "parent": 0,
          "ID": 1,
          "left": 2
        }
      ],
      "parent": null,
      "ID": 0,
      "left": 1
    },
    "feat": {
      "utility": 5.715040703809393e-07,
      "query_shape": [
        [
          "Seq Scan",
          "Hash Join",
          "Sort",
          "Aggregate",
          "Gather Merge"
        ],
        [
          "Seq Scan",
          "Hash Join",
          "Hash",
          "Sort",
          "Aggregate",
          "Gather Merge"
        ],
        [
          "Seq Scan",
          "Hash Join",
          "Hash",
          "Sort",
          "Aggregate",
          "Gather Merge"
        ],
        [
          "Seq Scan",
          "Hash Join",
          "Hash",
          "Sort",
          "Aggregate",
          "Gather Merge"
        ],
        [
          "Seq Scan",
          "Hash",
          "Hash Join",
          "Sort",
          "Aggregate",
          "Gather Merge"
        ],
        [
          "Seq Scan",
          "Hash",
          "Hash Join",
          "Sort",
          "Aggregate",
          "Gather Merge"
        ]
      ],
      "index_shape": [
        "join"
      ],
      "physical_operator": {
        "Hash Join": [
          3.391878524927478e-06
        ]
      }
    }
  },
  {
    "query": "-- Functional Query Definition\n-- Approved February 1998\n\n\nselect\nnation,\no_year,\nsum(amount) as sum_profit\nfrom\n(\nselect\nn_name as nation,\nextract(year from o_orderdate) as o_year,\nl_extendedprice * (1 - l_discount) - ps_supplycost * l_quantity as amount\nfrom\npart,\nsupplier,\nlineitem,\npartsupp,\norders,\nnation\nwhere\ns_suppkey = l_suppkey\nand ps_suppkey = l_suppkey\nand ps_partkey = l_partkey\nand p_partkey = l_partkey\nand o_orderkey = l_orderkey\nand s_nationkey = n_nationkey\nand p_name like '%brown%'\n) as profit\ngroup by\nnation,\no_year\norder by\nnation,\no_year desc ;\n-- $ID$\n-- TPC-H/TPC-R Returned Item Reporting ",
    "indexes": "partsupp.ps_supplycost",
    "wo plan est": {
      "Node Type": "Aggregate",
      "Strategy": "Sorted",
      "Partial Mode": "Finalize",
      "Parallel Aware": false,
      "Async Capable": false,
      "Startup Cost": 2187189.13,
      "Total Cost": 2187203.6,
      "Plan Rows": 135,
      "Plan Width": 90,
      "Group Key": [
        "nation.n_name",
        "(EXTRACT(year FROM orders.o_orderdate))"
      ],
      "Plans": [
        {
          "Node Type": "Gather Merge",
          "Parent Relationship": "Outer",
          "Parallel Aware": false,
          "Async Capable": false,
          "Startup Cost": 2187189.13,
          "Total Cost": 2187200.78,
          "Plan Rows": 79,
          "Plan Width": 90,
          "Workers Planned": 1,
          "Plans": [
            {
              "Node Type": "Aggregate",
              "Strategy": "Sorted",
              "Partial Mode": "Partial",
              "Parent Relationship": "Outer",
              "Parallel Aware": false,
              "Async Capable": false,
              "Startup Cost": 2186189.12,
              "Total Cost": 2186191.89,
              "Plan Rows": 79,
              "Plan Width": 90,
              "Group Key": [
                "nation.n_name",
                "(EXTRACT(year FROM orders.o_orderdate))"
              ],
              "Plans": [
                {
                  "Node Type": "Sort",
                  "Parent Relationship": "Outer",
                  "Parallel Aware": false,
                  "Async Capable": false,
                  "Startup Cost": 2186189.12,
                  "Total Cost": 2186189.32,
                  "Plan Rows": 79,
                  "Plan Width": 81,
                  "Sort Key": [
                    "nation.n_name",
                    "(EXTRACT(year FROM orders.o_orderdate)) DESC"
                  ],
                  "Plans": [
                    {
                      "Node Type": "Hash Join",
                      "Parent Relationship": "Outer",
                      "Parallel Aware": false,
                      "Async Capable": false,
                      "Join Type": "Inner",
                      "Startup Cost": 2183160.19,
                      "Total Cost": 2186186.63,
                      "Plan Rows": 79,
                      "Plan Width": 81,
                      "Inner Unique": false,
                      "Hash Cond": "(supplier.s_nationkey = nation.n_nationkey)",
                      "Plans": [
                        {
                          "Node Type": "Hash Join",
                          "Parent Relationship": "Outer",
                          "Parallel Aware": true,
                          "Async Capable": false,
                          "Join Type": "Inner",
                          "Startup Cost": 2183158.63,
                          "Total Cost": 2186183.78,
                          "Plan Rows": 79,
                          "Plan Width": 31,
                          "Inner Unique": false,
                          "Hash Cond": "(supplier.s_suppkey = lineitem.l_suppkey)",
                          "Plans": [
                            {
                              "Node Type": "Seq Scan",
                              "Parent Relationship": "Outer",
                              "Parallel Aware": true,
                              "Async Capable": false,
                              "Relation Name": "supplier",
                              "Alias": "supplier",
                              "Startup Cost": 0.0,
                              "Total Cost": 2804.24,
                              "Plan Rows": 58824,
                              "Plan Width": 8,
                              "parent": 5,
                              "ID": 6
                            },
                            {
                              "Node Type": "Hash",
                              "Parent Relationship": "Inner",
                              "Parallel Aware": true,
                              "Async Capable": false,
                              "Startup Cost": 2183157.93,
                              "Total Cost": 2183157.93,
                              "Plan Rows": 56,
                              "Plan Width": 35,
                              "Plans": [
                                {
                                  "Node Type": "Hash Join",
                                  "Parent Relationship": "Outer",
                                  "Parallel Aware": true,
                                  "Async Capable": false,
                                  "Join Type": "Inner",
                                  "Startup Cost": 1836314.1,
                                  "Total Cost": 2183157.93,
                                  "Plan Rows": 56,
                                  "Plan Width": 35,
                                  "Inner Unique": false,
                                  "Hash Cond": "(orders.o_orderkey = lineitem.l_orderkey)",
                                  "Plans": [
                                    {
                                      "Node Type": "Seq Scan",
                                      "Parent Relationship": "Outer",
                                      "Parallel Aware": true,
                                      "Async Capable": false,
                                      "Relation Name": "orders",
                                      "Alias": "orders",
                                      "Startup Cost": 0.0,
                                      "Total Cost": 323407.71,
                                      "Plan Rows": 6249571,
                                      "Plan Width": 8,
                                      "parent": 8,
                                      "ID": 9
                                    },
                                    {
                                      "Node Type": "Hash",
                                      "Parent Relationship": "Inner",
                                      "Parallel Aware": true,
                                      "Async Capable": false,
                                      "Startup Cost": 1836313.4,
                                      "Total Cost": 1836313.4,
                                      "Plan Rows": 56,
                                      "Plan Width": 35,
                                      "Plans": [
                                        {
                                          "Node Type": "Hash Join",
                                          "Parent Relationship": "Outer",
                                          "Parallel Aware": true,
                                          "Async Capable": false,
                                          "Join Type": "Inner",
                                          "Startup Cost": 1559634.16,
                                          "Total Cost": 1836313.4,
                                          "Plan Rows": 56,
                                          "Plan Width": 35,
                                          "Inner Unique": false,
                                          "Hash Cond": "((partsupp.ps_suppkey = lineitem.l_suppkey) AND (partsupp.ps_partkey = lineitem.l_partkey))",
                                          "Plans": [
                                            {
                                              "Node Type": "Seq Scan",
                                              "Parent Relationship": "Outer",
                                              "Parallel Aware": true,
                                              "Async Capable": false,
                                              "Relation Name": "partsupp",
                                              "Alias": "partsupp",
                                              "Startup Cost": 0.0,
                                              "Total Cost": 207718.58,
                                              "Plan Rows": 3333258,
                                              "Plan Width": 14,
                                              "parent": 11,
                                              "ID": 12
                                            },
                                            {
                                              "Node Type": "Hash",
                                              "Parent Relationship": "Inner",
                                              "Parallel Aware": true,
                                              "Async Capable": false,
                                              "Startup Cost": 1526320.84,
                                              "Total Cost": 1526320.84,
                                              "Plan Rows": 1460288,
                                              "Plan Width": 33,
                                              "Plans": [
                                                {
                                                  "Node Type": "Hash Join",
                                                  "Parent Relationship": "Outer",
                                                  "Parallel Aware": true,
                                                  "Async Capable": false,
                                                  "Join Type": "Inner",
                                                  "Startup Cost": 52009.57,
                                                  "Total Cost": 1526320.84,
                                                  "Plan Rows": 1460288,
                                                  "Plan Width": 33,
                                                  "Inner Unique": false,
                                                  "Hash Cond": "(lineitem.l_partkey = part.p_partkey)",
                                                  "Plans": [
                                                    {
                                                      "Node Type": "Seq Scan",
                                                      "Parent Relationship": "Outer",
                                                      "Parallel Aware": true,
                                                      "Async Capable": false,
                                                      "Relation Name": "lineitem",
                                                      "Alias": "lineitem",
                                                      "Startup Cost": 0.0,
                                                      "Total Cost": 1374494.57,
                                                      "Plan Rows": 24995257,
                                                      "Plan Width": 29,
                                                      "parent": 14,
                                                      "ID": 15
                                                    },
                                                    {
                                                      "Node Type": "Hash",
                                                      "Parent Relationship": "Inner",
                                                      "Parallel Aware": true,
                                                      "Async Capable": false,
                                                      "Startup Cost": 51378.28,
                                                      "Total Cost": 51378.28,
                                                      "Plan Rows": 50503,
                                                      "Plan Width": 4,
                                                      "Plans": [
                                                        {
                                                          "Node Type": "Seq Scan",
                                                          "Parent Relationship": "Outer",
                                                          "Parallel Aware": true,
                                                          "Async Capable": false,
                                                          "Relation Name": "part",
                                                          "Alias": "part",
                                                          "Startup Cost": 0.0,
                                                          "Total Cost": 51378.28,
                                                          "Plan Rows": 50503,
                                                          "Plan Width": 4,
                                                          "Filter": "((p_name)::text ~~ '%brown%'::text)",
                                                          "parent": 16,
                                                          "ID": 17
                                                        }
                                                      ],
                                                      "parent": 14,
                                                      "ID": 16,
                                                      "left": 17
                                                    }
                                                  ],
                                                  "parent": 13,
                                                  "ID": 14,
                                                  "left": 15,
                                                  "right": 16
                                                }
                                              ],
                                              "parent": 11,
                                              "ID": 13,
                                              "left": 14
                                            }
                                          ],
                                          "parent": 10,
                                          "ID": 11,
                                          "left": 12,
                                          "right": 13
                                        }
                                      ],
                                      "parent": 8,
                                      "ID": 10,
                                      "left": 11
                                    }
                                  ],
                                  "parent": 7,
                                  "ID": 8,
                                  "left": 9,
                                  "right": 10
                                }
                              ],
                              "parent": 5,
                              "ID": 7,
                              "left": 8
                            }
                          ],
                          "parent": 4,
                          "ID": 5,
                          "left": 6,
                          "right": 7
                        },
                        {
                          "Node Type": "Hash",
                          "Parent Relationship": "Inner",
                          "Parallel Aware": false,
                          "Async Capable": false,
                          "Startup Cost": 1.25,
                          "Total Cost": 1.25,
                          "Plan Rows": 25,
                          "Plan Width": 30,
                          "Plans": [
                            {
                              "Node Type": "Seq Scan",
                              "Parent Relationship": "Outer",
                              "Parallel Aware": false,
                              "Async Capable": false,
                              "Relation Name": "nation",
                              "Alias": "nation",
                              "Startup Cost": 0.0,
                              "Total Cost": 1.25,
                              "Plan Rows": 25,
                              "Plan Width": 30,
                              "parent": 18,
                              "ID": 19
                            }
                          ],
                          "parent": 4,
                          "ID": 18,
                          "left": 19
                        }
                      ],
                      "parent": 3,
                      "ID": 4,
                      "left": 5,
                      "right": 18
                    }
                  ],
                  "parent": 2,
                  "ID": 3,
                  "left": 4
                }
              ],
              "parent": 1,
              "ID": 2,
              "left": 3
            }
          ],
          "parent": 0,
          "ID": 1,
          "left": 2
        }
      ],
      "parent": null,
      "ID": 0,
      "left": 1
    },
    "feat": {
      "utility": 0.0,
      "query_shape": [
        [
          "Seq Scan",
          "Hash Join",
          "Sort",
          "Aggregate",
          "Gather Merge"
        ],
        [
          "Seq Scan",
          "Hash Join",
          "Hash",
          "Sort",
          "Aggregate",
          "Gather Merge"
        ],
        [
          "Seq Scan",
          "Hash Join",
          "Hash",
          "Sort",
          "Aggregate",
          "Gather Merge"
        ],
        [
          "Seq Scan",
          "Hash Join",
          "Hash",
          "Sort",
          "Aggregate",
          "Gather Merge"
        ],
        [
          "Seq Scan",
          "Hash",
          "Hash Join",
          "Sort",
          "Aggregate",
          "Gather Merge"
        ],
        [
          "Seq Scan",
          "Hash",
          "Hash Join",
          "Sort",
          "Aggregate",
          "Gather Merge"
        ]
      ],
      "index_shape": [],
      "physical_operator": {}
    }
  },
  {
    "query": "-- Functional Query Definition\n-- Approved February 1998\n\n\nselect\nnation,\no_year,\nsum(amount) as sum_profit\nfrom\n(\nselect\nn_name as nation,\nextract(year from o_orderdate) as o_year,\nl_extendedprice * (1 - l_discount) - ps_supplycost * l_quantity as amount\nfrom\npart,\nsupplier,\nlineitem,\npartsupp,\norders,\nnation\nwhere\ns_suppkey = l_suppkey\nand ps_suppkey = l_suppkey\nand ps_partkey = l_partkey\nand p_partkey = l_partkey\nand o_orderkey = l_orderkey\nand s_nationkey = n_nationkey\nand p_name like '%brown%'\n) as profit\ngroup by\nnation,\no_year\norder by\nnation,\no_year desc ;\n-- $ID$\n-- TPC-H/TPC-R Returned Item Reporting ",
    "indexes": "supplier.s_suppkey",
    "wo plan est": {
      "Node Type": "Aggregate",
      "Strategy": "Sorted",
      "Partial Mode": "Finalize",
      "Parallel Aware": false,
      "Async Capable": false,
      "Startup Cost": 2187189.13,
      "Total Cost": 2187203.6,
      "Plan Rows": 135,
      "Plan Width": 90,
      "Group Key": [
        "nation.n_name",
        "(EXTRACT(year FROM orders.o_orderdate))"
      ],
      "Plans": [
        {
          "Node Type": "Gather Merge",
          "Parent Relationship": "Outer",
          "Parallel Aware": false,
          "Async Capable": false,
          "Startup Cost": 2187189.13,
          "Total Cost": 2187200.78,
          "Plan Rows": 79,
          "Plan Width": 90,
          "Workers Planned": 1,
          "Plans": [
            {
              "Node Type": "Aggregate",
              "Strategy": "Sorted",
              "Partial Mode": "Partial",
              "Parent Relationship": "Outer",
              "Parallel Aware": false,
              "Async Capable": false,
              "Startup Cost": 2186189.12,
              "Total Cost": 2186191.89,
              "Plan Rows": 79,
              "Plan Width": 90,
              "Group Key": [
                "nation.n_name",
                "(EXTRACT(year FROM orders.o_orderdate))"
              ],
              "Plans": [
                {
                  "Node Type": "Sort",
                  "Parent Relationship": "Outer",
                  "Parallel Aware": false,
                  "Async Capable": false,
                  "Startup Cost": 2186189.12,
                  "Total Cost": 2186189.32,
                  "Plan Rows": 79,
                  "Plan Width": 81,
                  "Sort Key": [
                    "nation.n_name",
                    "(EXTRACT(year FROM orders.o_orderdate)) DESC"
                  ],
                  "Plans": [
                    {
                      "Node Type": "Hash Join",
                      "Parent Relationship": "Outer",
                      "Parallel Aware": false,
                      "Async Capable": false,
                      "Join Type": "Inner",
                      "Startup Cost": 2183160.19,
                      "Total Cost": 2186186.63,
                      "Plan Rows": 79,
                      "Plan Width": 81,
                      "Inner Unique": false,
                      "Hash Cond": "(supplier.s_nationkey = nation.n_nationkey)",
                      "Plans": [
                        {
                          "Node Type": "Hash Join",
                          "Parent Relationship": "Outer",
                          "Parallel Aware": true,
                          "Async Capable": false,
                          "Join Type": "Inner",
                          "Startup Cost": 2183158.63,
                          "Total Cost": 2186183.78,
                          "Plan Rows": 79,
                          "Plan Width": 31,
                          "Inner Unique": false,
                          "Hash Cond": "(supplier.s_suppkey = lineitem.l_suppkey)",
                          "Plans": [
                            {
                              "Node Type": "Seq Scan",
                              "Parent Relationship": "Outer",
                              "Parallel Aware": true,
                              "Async Capable": false,
                              "Relation Name": "supplier",
                              "Alias": "supplier",
                              "Startup Cost": 0.0,
                              "Total Cost": 2804.24,
                              "Plan Rows": 58824,
                              "Plan Width": 8,
                              "parent": 5,
                              "ID": 6
                            },
                            {
                              "Node Type": "Hash",
                              "Parent Relationship": "Inner",
                              "Parallel Aware": true,
                              "Async Capable": false,
                              "Startup Cost": 2183157.93,
                              "Total Cost": 2183157.93,
                              "Plan Rows": 56,
                              "Plan Width": 35,
                              "Plans": [
                                {
                                  "Node Type": "Hash Join",
                                  "Parent Relationship": "Outer",
                                  "Parallel Aware": true,
                                  "Async Capable": false,
                                  "Join Type": "Inner",
                                  "Startup Cost": 1836314.1,
                                  "Total Cost": 2183157.93,
                                  "Plan Rows": 56,
                                  "Plan Width": 35,
                                  "Inner Unique": false,
                                  "Hash Cond": "(orders.o_orderkey = lineitem.l_orderkey)",
                                  "Plans": [
                                    {
                                      "Node Type": "Seq Scan",
                                      "Parent Relationship": "Outer",
                                      "Parallel Aware": true,
                                      "Async Capable": false,
                                      "Relation Name": "orders",
                                      "Alias": "orders",
                                      "Startup Cost": 0.0,
                                      "Total Cost": 323407.71,
                                      "Plan Rows": 6249571,
                                      "Plan Width": 8,
                                      "parent": 8,
                                      "ID": 9
                                    },
                                    {
                                      "Node Type": "Hash",
                                      "Parent Relationship": "Inner",
                                      "Parallel Aware": true,
                                      "Async Capable": false,
                                      "Startup Cost": 1836313.4,
                                      "Total Cost": 1836313.4,
                                      "Plan Rows": 56,
                                      "Plan Width": 35,
                                      "Plans": [
                                        {
                                          "Node Type": "Hash Join",
                                          "Parent Relationship": "Outer",
                                          "Parallel Aware": true,
                                          "Async Capable": false,
                                          "Join Type": "Inner",
                                          "Startup Cost": 1559634.16,
                                          "Total Cost": 1836313.4,
                                          "Plan Rows": 56,
                                          "Plan Width": 35,
                                          "Inner Unique": false,
                                          "Hash Cond": "((partsupp.ps_suppkey = lineitem.l_suppkey) AND (partsupp.ps_partkey = lineitem.l_partkey))",
                                          "Plans": [
                                            {
                                              "Node Type": "Seq Scan",
                                              "Parent Relationship": "Outer",
                                              "Parallel Aware": true,
                                              "Async Capable": false,
                                              "Relation Name": "partsupp",
                                              "Alias": "partsupp",
                                              "Startup Cost": 0.0,
                                              "Total Cost": 207718.58,
                                              "Plan Rows": 3333258,
                                              "Plan Width": 14,
                                              "parent": 11,
                                              "ID": 12
                                            },
                                            {
                                              "Node Type": "Hash",
                                              "Parent Relationship": "Inner",
                                              "Parallel Aware": true,
                                              "Async Capable": false,
                                              "Startup Cost": 1526320.84,
                                              "Total Cost": 1526320.84,
                                              "Plan Rows": 1460288,
                                              "Plan Width": 33,
                                              "Plans": [
                                                {
                                                  "Node Type": "Hash Join",
                                                  "Parent Relationship": "Outer",
                                                  "Parallel Aware": true,
                                                  "Async Capable": false,
                                                  "Join Type": "Inner",
                                                  "Startup Cost": 52009.57,
                                                  "Total Cost": 1526320.84,
                                                  "Plan Rows": 1460288,
                                                  "Plan Width": 33,
                                                  "Inner Unique": false,
                                                  "Hash Cond": "(lineitem.l_partkey = part.p_partkey)",
                                                  "Plans": [
                                                    {
                                                      "Node Type": "Seq Scan",
                                                      "Parent Relationship": "Outer",
                                                      "Parallel Aware": true,
                                                      "Async Capable": false,
                                                      "Relation Name": "lineitem",
                                                      "Alias": "lineitem",
                                                      "Startup Cost": 0.0,
                                                      "Total Cost": 1374494.57,
                                                      "Plan Rows": 24995257,
                                                      "Plan Width": 29,
                                                      "parent": 14,
                                                      "ID": 15
                                                    },
                                                    {
                                                      "Node Type": "Hash",
                                                      "Parent Relationship": "Inner",
                                                      "Parallel Aware": true,
                                                      "Async Capable": false,
                                                      "Startup Cost": 51378.28,
                                                      "Total Cost": 51378.28,
                                                      "Plan Rows": 50503,
                                                      "Plan Width": 4,
                                                      "Plans": [
                                                        {
                                                          "Node Type": "Seq Scan",
                                                          "Parent Relationship": "Outer",
                                                          "Parallel Aware": true,
                                                          "Async Capable": false,
                                                          "Relation Name": "part",
                                                          "Alias": "part",
                                                          "Startup Cost": 0.0,
                                                          "Total Cost": 51378.28,
                                                          "Plan Rows": 50503,
                                                          "Plan Width": 4,
                                                          "Filter": "((p_name)::text ~~ '%brown%'::text)",
                                                          "parent": 16,
                                                          "ID": 17
                                                        }
                                                      ],
                                                      "parent": 14,
                                                      "ID": 16,
                                                      "left": 17
                                                    }
                                                  ],
                                                  "parent": 13,
                                                  "ID": 14,
                                                  "left": 15,
                                                  "right": 16
                                                }
                                              ],
                                              "parent": 11,
                                              "ID": 13,
                                              "left": 14
                                            }
                                          ],
                                          "parent": 10,
                                          "ID": 11,
                                          "left": 12,
                                          "right": 13
                                        }
                                      ],
                                      "parent": 8,
                                      "ID": 10,
                                      "left": 11
                                    }
                                  ],
                                  "parent": 7,
                                  "ID": 8,
                                  "left": 9,
                                  "right": 10
                                }
                              ],
                              "parent": 5,
                              "ID": 7,
                              "left": 8
                            }
                          ],
                          "parent": 4,
                          "ID": 5,
                          "left": 6,
                          "right": 7
                        },
                        {
                          "Node Type": "Hash",
                          "Parent Relationship": "Inner",
                          "Parallel Aware": false,
                          "Async Capable": false,
                          "Startup Cost": 1.25,
                          "Total Cost": 1.25,
                          "Plan Rows": 25,
                          "Plan Width": 30,
                          "Plans": [
                            {
                              "Node Type": "Seq Scan",
                              "Parent Relationship": "Outer",
                              "Parallel Aware": false,
                              "Async Capable": false,
                              "Relation Name": "nation",
                              "Alias": "nation",
                              "Startup Cost": 0.0,
                              "Total Cost": 1.25,
                              "Plan Rows": 25,
                              "Plan Width": 30,
                              "parent": 18,
                              "ID": 19
                            }
                          ],
                          "parent": 4,
                          "ID": 18,
                          "left": 19
                        }
                      ],
                      "parent": 3,
                      "ID": 4,
                      "left": 5,
                      "right": 18
                    }
                  ],
                  "parent": 2,
                  "ID": 3,
                  "left": 4
                }
              ],
              "parent": 1,
              "ID": 2,
              "left": 3
            }
          ],
          "parent": 0,
          "ID": 1,
          "left": 2
        }
      ],
      "parent": null,
      "ID": 0,
      "left": 1
    },
    "feat": {
      "utility": 5.687072656262391e-07,
      "query_shape": [
        [
          "Seq Scan",
          "Hash Join",
          "Sort",
          "Aggregate",
          "Gather Merge"
        ],
        [
          "Seq Scan",
          "Hash Join",
          "Hash",
          "Sort",
          "Aggregate",
          "Gather Merge"
        ],
        [
          "Seq Scan",
          "Hash Join",
          "Hash",
          "Sort",
          "Aggregate",
          "Gather Merge"
        ],
        [
          "Seq Scan",
          "Hash Join",
          "Hash",
          "Sort",
          "Aggregate",
          "Gather Merge"
        ],
        [
          "Seq Scan",
          "Hash",
          "Hash Join",
          "Sort",
          "Aggregate",
          "Gather Merge"
        ],
        [
          "Seq Scan",
          "Hash",
          "Hash Join",
          "Sort",
          "Aggregate",
          "Gather Merge"
        ]
      ],
      "index_shape": [
        "join"
      ],
      "physical_operator": {
        "Hash Join": [
          0.00489713702090669
        ]
      }
    }
  },
  {
    "query": "-- Functional Query Definition\n-- Approved February 1998\n\n\nselect\nnation,\no_year,\nsum(amount) as sum_profit\nfrom\n(\nselect\nn_name as nation,\nextract(year from o_orderdate) as o_year,\nl_extendedprice * (1 - l_discount) - ps_supplycost * l_quantity as amount\nfrom\npart,\nsupplier,\nlineitem,\npartsupp,\norders,\nnation\nwhere\ns_suppkey = l_suppkey\nand ps_suppkey = l_suppkey\nand ps_partkey = l_partkey\nand p_partkey = l_partkey\nand o_orderkey = l_orderkey\nand s_nationkey = n_nationkey\nand p_name like '%brown%'\n) as profit\ngroup by\nnation,\no_year\norder by\nnation,\no_year desc ;\n-- $ID$\n-- TPC-H/TPC-R Returned Item Reporting ",
    "indexes": "supplier.s_nationkey",
    "wo plan est": {
      "Node Type": "Aggregate",
      "Strategy": "Sorted",
      "Partial Mode": "Finalize",
      "Parallel Aware": false,
      "Async Capable": false,
      "Startup Cost": 2187189.13,
      "Total Cost": 2187203.6,
      "Plan Rows": 135,
      "Plan Width": 90,
      "Group Key": [
        "nation.n_name",
        "(EXTRACT(year FROM orders.o_orderdate))"
      ],
      "Plans": [
        {
          "Node Type": "Gather Merge",
          "Parent Relationship": "Outer",
          "Parallel Aware": false,
          "Async Capable": false,
          "Startup Cost": 2187189.13,
          "Total Cost": 2187200.78,
          "Plan Rows": 79,
          "Plan Width": 90,
          "Workers Planned": 1,
          "Plans": [
            {
              "Node Type": "Aggregate",
              "Strategy": "Sorted",
              "Partial Mode": "Partial",
              "Parent Relationship": "Outer",
              "Parallel Aware": false,
              "Async Capable": false,
              "Startup Cost": 2186189.12,
              "Total Cost": 2186191.89,
              "Plan Rows": 79,
              "Plan Width": 90,
              "Group Key": [
                "nation.n_name",
                "(EXTRACT(year FROM orders.o_orderdate))"
              ],
              "Plans": [
                {
                  "Node Type": "Sort",
                  "Parent Relationship": "Outer",
                  "Parallel Aware": false,
                  "Async Capable": false,
                  "Startup Cost": 2186189.12,
                  "Total Cost": 2186189.32,
                  "Plan Rows": 79,
                  "Plan Width": 81,
                  "Sort Key": [
                    "nation.n_name",
                    "(EXTRACT(year FROM orders.o_orderdate)) DESC"
                  ],
                  "Plans": [
                    {
                      "Node Type": "Hash Join",
                      "Parent Relationship": "Outer",
                      "Parallel Aware": false,
                      "Async Capable": false,
                      "Join Type": "Inner",
                      "Startup Cost": 2183160.19,
                      "Total Cost": 2186186.63,
                      "Plan Rows": 79,
                      "Plan Width": 81,
                      "Inner Unique": false,
                      "Hash Cond": "(supplier.s_nationkey = nation.n_nationkey)",
                      "Plans": [
                        {
                          "Node Type": "Hash Join",
                          "Parent Relationship": "Outer",
                          "Parallel Aware": true,
                          "Async Capable": false,
                          "Join Type": "Inner",
                          "Startup Cost": 2183158.63,
                          "Total Cost": 2186183.78,
                          "Plan Rows": 79,
                          "Plan Width": 31,
                          "Inner Unique": false,
                          "Hash Cond": "(supplier.s_suppkey = lineitem.l_suppkey)",
                          "Plans": [
                            {
                              "Node Type": "Seq Scan",
                              "Parent Relationship": "Outer",
                              "Parallel Aware": true,
                              "Async Capable": false,
                              "Relation Name": "supplier",
                              "Alias": "supplier",
                              "Startup Cost": 0.0,
                              "Total Cost": 2804.24,
                              "Plan Rows": 58824,
                              "Plan Width": 8,
                              "parent": 5,
                              "ID": 6
                            },
                            {
                              "Node Type": "Hash",
                              "Parent Relationship": "Inner",
                              "Parallel Aware": true,
                              "Async Capable": false,
                              "Startup Cost": 2183157.93,
                              "Total Cost": 2183157.93,
                              "Plan Rows": 56,
                              "Plan Width": 35,
                              "Plans": [
                                {
                                  "Node Type": "Hash Join",
                                  "Parent Relationship": "Outer",
                                  "Parallel Aware": true,
                                  "Async Capable": false,
                                  "Join Type": "Inner",
                                  "Startup Cost": 1836314.1,
                                  "Total Cost": 2183157.93,
                                  "Plan Rows": 56,
                                  "Plan Width": 35,
                                  "Inner Unique": false,
                                  "Hash Cond": "(orders.o_orderkey = lineitem.l_orderkey)",
                                  "Plans": [
                                    {
                                      "Node Type": "Seq Scan",
                                      "Parent Relationship": "Outer",
                                      "Parallel Aware": true,
                                      "Async Capable": false,
                                      "Relation Name": "orders",
                                      "Alias": "orders",
                                      "Startup Cost": 0.0,
                                      "Total Cost": 323407.71,
                                      "Plan Rows": 6249571,
                                      "Plan Width": 8,
                                      "parent": 8,
                                      "ID": 9
                                    },
                                    {
                                      "Node Type": "Hash",
                                      "Parent Relationship": "Inner",
                                      "Parallel Aware": true,
                                      "Async Capable": false,
                                      "Startup Cost": 1836313.4,
                                      "Total Cost": 1836313.4,
                                      "Plan Rows": 56,
                                      "Plan Width": 35,
                                      "Plans": [
                                        {
                                          "Node Type": "Hash Join",
                                          "Parent Relationship": "Outer",
                                          "Parallel Aware": true,
                                          "Async Capable": false,
                                          "Join Type": "Inner",
                                          "Startup Cost": 1559634.16,
                                          "Total Cost": 1836313.4,
                                          "Plan Rows": 56,
                                          "Plan Width": 35,
                                          "Inner Unique": false,
                                          "Hash Cond": "((partsupp.ps_suppkey = lineitem.l_suppkey) AND (partsupp.ps_partkey = lineitem.l_partkey))",
                                          "Plans": [
                                            {
                                              "Node Type": "Seq Scan",
                                              "Parent Relationship": "Outer",
                                              "Parallel Aware": true,
                                              "Async Capable": false,
                                              "Relation Name": "partsupp",
                                              "Alias": "partsupp",
                                              "Startup Cost": 0.0,
                                              "Total Cost": 207718.58,
                                              "Plan Rows": 3333258,
                                              "Plan Width": 14,
                                              "parent": 11,
                                              "ID": 12
                                            },
                                            {
                                              "Node Type": "Hash",
                                              "Parent Relationship": "Inner",
                                              "Parallel Aware": true,
                                              "Async Capable": false,
                                              "Startup Cost": 1526320.84,
                                              "Total Cost": 1526320.84,
                                              "Plan Rows": 1460288,
                                              "Plan Width": 33,
                                              "Plans": [
                                                {
                                                  "Node Type": "Hash Join",
                                                  "Parent Relationship": "Outer",
                                                  "Parallel Aware": true,
                                                  "Async Capable": false,
                                                  "Join Type": "Inner",
                                                  "Startup Cost": 52009.57,
                                                  "Total Cost": 1526320.84,
                                                  "Plan Rows": 1460288,
                                                  "Plan Width": 33,
                                                  "Inner Unique": false,
                                                  "Hash Cond": "(lineitem.l_partkey = part.p_partkey)",
                                                  "Plans": [
                                                    {
                                                      "Node Type": "Seq Scan",
                                                      "Parent Relationship": "Outer",
                                                      "Parallel Aware": true,
                                                      "Async Capable": false,
                                                      "Relation Name": "lineitem",
                                                      "Alias": "lineitem",
                                                      "Startup Cost": 0.0,
                                                      "Total Cost": 1374494.57,
                                                      "Plan Rows": 24995257,
                                                      "Plan Width": 29,
                                                      "parent": 14,
                                                      "ID": 15
                                                    },
                                                    {
                                                      "Node Type": "Hash",
                                                      "Parent Relationship": "Inner",
                                                      "Parallel Aware": true,
                                                      "Async Capable": false,
                                                      "Startup Cost": 51378.28,
                                                      "Total Cost": 51378.28,
                                                      "Plan Rows": 50503,
                                                      "Plan Width": 4,
                                                      "Plans": [
                                                        {
                                                          "Node Type": "Seq Scan",
                                                          "Parent Relationship": "Outer",
                                                          "Parallel Aware": true,
                                                          "Async Capable": false,
                                                          "Relation Name": "part",
                                                          "Alias": "part",
                                                          "Startup Cost": 0.0,
                                                          "Total Cost": 51378.28,
                                                          "Plan Rows": 50503,
                                                          "Plan Width": 4,
                                                          "Filter": "((p_name)::text ~~ '%brown%'::text)",
                                                          "parent": 16,
                                                          "ID": 17
                                                        }
                                                      ],
                                                      "parent": 14,
                                                      "ID": 16,
                                                      "left": 17
                                                    }
                                                  ],
                                                  "parent": 13,
                                                  "ID": 14,
                                                  "left": 15,
                                                  "right": 16
                                                }
                                              ],
                                              "parent": 11,
                                              "ID": 13,
                                              "left": 14
                                            }
                                          ],
                                          "parent": 10,
                                          "ID": 11,
                                          "left": 12,
                                          "right": 13
                                        }
                                      ],
                                      "parent": 8,
                                      "ID": 10,
                                      "left": 11
                                    }
                                  ],
                                  "parent": 7,
                                  "ID": 8,
                                  "left": 9,
                                  "right": 10
                                }
                              ],
                              "parent": 5,
                              "ID": 7,
                              "left": 8
                            }
                          ],
                          "parent": 4,
                          "ID": 5,
                          "left": 6,
                          "right": 7
                        },
                        {
                          "Node Type": "Hash",
                          "Parent Relationship": "Inner",
                          "Parallel Aware": false,
                          "Async Capable": false,
                          "Startup Cost": 1.25,
                          "Total Cost": 1.25,
                          "Plan Rows": 25,
                          "Plan Width": 30,
                          "Plans": [
                            {
                              "Node Type": "Seq Scan",
                              "Parent Relationship": "Outer",
                              "Parallel Aware": false,
                              "Async Capable": false,
                              "Relation Name": "nation",
                              "Alias": "nation",
                              "Startup Cost": 0.0,
                              "Total Cost": 1.25,
                              "Plan Rows": 25,
                              "Plan Width": 30,
                              "parent": 18,
                              "ID": 19
                            }
                          ],
                          "parent": 4,
                          "ID": 18,
                          "left": 19
                        }
                      ],
                      "parent": 3,
                      "ID": 4,
                      "left": 5,
                      "right": 18
                    }
                  ],
                  "parent": 2,
                  "ID": 3,
                  "left": 4
                }
              ],
              "parent": 1,
              "ID": 2,
              "left": 3
            }
          ],
          "parent": 0,
          "ID": 1,
          "left": 2
        }
      ],
      "parent": null,
      "ID": 0,
      "left": 1
    },
    "feat": {
      "utility": 4.572048070879181e-07,
      "query_shape": [
        [
          "Seq Scan",
          "Hash Join",
          "Sort",
          "Aggregate",
          "Gather Merge"
        ],
        [
          "Seq Scan",
          "Hash Join",
          "Hash",
          "Sort",
          "Aggregate",
          "Gather Merge"
        ],
        [
          "Seq Scan",
          "Hash Join",
          "Hash",
          "Sort",
          "Aggregate",
          "Gather Merge"
        ],
        [
          "Seq Scan",
          "Hash Join",
          "Hash",
          "Sort",
          "Aggregate",
          "Gather Merge"
        ],
        [
          "Seq Scan",
          "Hash",
          "Hash Join",
          "Sort",
          "Aggregate",
          "Gather Merge"
        ],
        [
          "Seq Scan",
          "Hash",
          "Hash Join",
          "Sort",
          "Aggregate",
          "Gather Merge"
        ]
      ],
      "index_shape": [
        "join"
      ],
      "physical_operator": {
        "Hash Join": [
          0.2
        ]
      }
    }
  },
  {
    "query": "-- Functional Query Definition\n-- Approved February 1998\n\n\nselect\np_brand,\np_type,\np_size,\ncount(distinct ps_suppkey) as supplier_cnt\nfrom\npartsupp,\npart\nwhere\np_partkey = ps_partkey\nand p_brand <> 'Brand#35'\nand p_type not like 'PROMO ANODIZED%'\nand p_size in (42, 43, 19, 46, 44, 6, 35, 40)\nand ps_suppkey not in (\nselect\ns_suppkey\nfrom\nsupplier\nwhere\ns_comment like '%Customer%Complaints%'\n)\ngroup by\np_brand,\np_type,\np_size\norder by\nsupplier_cnt desc,\np_brand,\np_type,\np_size ;\n-- $ID$\n-- TPC-H/TPC-R Small-Quantity-Order Revenue ",
    "indexes": "part.p_partkey",
    "wo plan est": {
      "Node Type": "Sort",
      "Parallel Aware": false,
      "Async Capable": false,
      "Startup Cost": 428232.61,
      "Total Cost": 428615.05,
      "Plan Rows": 152977,
      "Plan Width": 44,
      "Sort Key": [
        "(count(DISTINCT partsupp.ps_suppkey)) DESC",
        "part.p_brand",
        "part.p_type",
        "part.p_size"
      ],
      "Plans": [
        {
          "Node Type": "Aggregate",
          "Strategy": "Sorted",
          "Partial Mode": "Simple",
          "Parent Relationship": "Outer",
          "Parallel Aware": false,
          "Async Capable": false,
          "Startup Cost": 334613.0,
          "Total Cost": 410351.53,
          "Plan Rows": 152977,
          "Plan Width": 44,
          "Group Key": [
            "part.p_brand",
            "part.p_type",
            "part.p_size"
          ],
          "Plans": [
            {
              "Node Type": "Gather Merge",
              "Parent Relationship": "Outer",
              "Parallel Aware": false,
              "Async Capable": false,
              "Startup Cost": 334613.0,
              "Total Cost": 402953.9,
              "Plan Rows": 586786,
              "Plan Width": 40,
              "Workers Planned": 2,
              "Plans": [
                {
                  "Node Type": "Sort",
                  "Parent Relationship": "Outer",
                  "Parallel Aware": false,
                  "Async Capable": false,
                  "Startup Cost": 333612.98,
                  "Total Cost": 334224.21,
                  "Plan Rows": 244494,
                  "Plan Width": 40,
                  "Sort Key": [
                    "part.p_brand",
                    "part.p_type",
                    "part.p_size"
                  ],
                  "Plans": [
                    {
                      "Node Type": "Hash Join",
                      "Parent Relationship": "Outer",
                      "Parallel Aware": true,
                      "Async Capable": false,
                      "Join Type": "Inner",
                      "Startup Cost": 67744.65,
                      "Total Cost": 305042.95,
                      "Plan Rows": 244494,
                      "Plan Width": 40,
                      "Inner Unique": false,
                      "Hash Cond": "(partsupp.ps_partkey = part.p_partkey)",
                      "Plans": [
                        {
                          "Node Type": "Seq Scan",
                          "Parent Relationship": "Outer",
                          "Parallel Aware": true,
                          "Async Capable": false,
                          "Relation Name": "partsupp",
                          "Alias": "partsupp",
                          "Startup Cost": 3466.03,
                          "Total Cost": 219517.74,
                          "Plan Rows": 1666629,
                          "Plan Width": 8,
                          "Filter": "(NOT (hashed SubPlan 1))",
                          "Plans": [
                            {
                              "Node Type": "Seq Scan",
                              "Parent Relationship": "SubPlan",
                              "Subplan Name": "SubPlan 1",
                              "Parallel Aware": false,
                              "Async Capable": false,
                              "Relation Name": "supplier",
                              "Alias": "supplier",
                              "Startup Cost": 0.0,
                              "Total Cost": 3466.0,
                              "Plan Rows": 10,
                              "Plan Width": 4,
                              "Filter": "((s_comment)::text ~~ '%Customer%Complaints%'::text)",
                              "parent": 5,
                              "ID": 6
                            }
                          ],
                          "parent": 4,
                          "ID": 5,
                          "left": 6
                        },
                        {
                          "Node Type": "Hash",
                          "Parent Relationship": "Inner",
                          "Parallel Aware": true,
                          "Async Capable": false,
                          "Startup Cost": 61794.56,
                          "Total Cost": 61794.56,
                          "Plan Rows": 122245,
                          "Plan Width": 40,
                          "Plans": [
                            {
                              "Node Type": "Seq Scan",
                              "Parent Relationship": "Outer",
                              "Parallel Aware": true,
                              "Async Capable": false,
                              "Relation Name": "part",
                              "Alias": "part",
                              "Startup Cost": 0.0,
                              "Total Cost": 61794.56,
                              "Plan Rows": 122245,
                              "Plan Width": 40,
                              "Filter": "((p_brand <> 'Brand#35'::bpchar) AND ((p_type)::text !~~ 'PROMO ANODIZED%'::text) AND (p_size = ANY ('{42,43,19,46,44,6,35,40}'::integer[])))",
                              "parent": 7,
                              "ID": 8
                            }
                          ],
                          "parent": 4,
                          "ID": 7,
                          "left": 8
                        }
                      ],
                      "parent": 3,
                      "ID": 4,
                      "left": 5,
                      "right": 7
                    }
                  ],
                  "parent": 2,
                  "ID": 3,
                  "left": 4
                }
              ],
              "parent": 1,
              "ID": 2,
              "left": 3
            }
          ],
          "parent": 0,
          "ID": 1,
          "left": 2
        }
      ],
      "parent": null,
      "ID": 0,
      "left": 1
    },
    "feat": {
      "utility": 0.144014696013185,
      "query_shape": [
        [
          "Seq Scan",
          "Hash Join",
          "Sort",
          "Gather Merge",
          "Aggregate"
        ],
        [
          "Seq Scan",
          "Hash",
          "Hash Join",
          "Sort",
          "Gather Merge",
          "Aggregate"
        ]
      ],
      "index_shape": [
        "join"
      ],
      "physical_operator": {
        "Hash Join": [
          0.0010954664548773045
        ]
      }
    }
  },
  {
    "query": "-- Functional Query Definition\n-- Approved February 1998\n\n\nselect\np_brand,\np_type,\np_size,\ncount(distinct ps_suppkey) as supplier_cnt\nfrom\npartsupp,\npart\nwhere\np_partkey = ps_partkey\nand p_brand <> 'Brand#35'\nand p_type not like 'PROMO ANODIZED%'\nand p_size in (42, 43, 19, 46, 44, 6, 35, 40)\nand ps_suppkey not in (\nselect\ns_suppkey\nfrom\nsupplier\nwhere\ns_comment like '%Customer%Complaints%'\n)\ngroup by\np_brand,\np_type,\np_size\norder by\nsupplier_cnt desc,\np_brand,\np_type,\np_size ;\n-- $ID$\n-- TPC-H/TPC-R Small-Quantity-Order Revenue ",
    "indexes": "part.p_brand",
    "wo plan est": {
      "Node Type": "Sort",
      "Parallel Aware": false,
      "Async Capable": false,
      "Startup Cost": 428232.61,
      "Total Cost": 428615.05,
      "Plan Rows": 152977,
      "Plan Width": 44,
      "Sort Key": [
        "(count(DISTINCT partsupp.ps_suppkey)) DESC",
        "part.p_brand",
        "part.p_type",
        "part.p_size"
      ],
      "Plans": [
        {
          "Node Type": "Aggregate",
          "Strategy": "Sorted",
          "Partial Mode": "Simple",
          "Parent Relationship": "Outer",
          "Parallel Aware": false,
          "Async Capable": false,
          "Startup Cost": 334613.0,
          "Total Cost": 410351.53,
          "Plan Rows": 152977,
          "Plan Width": 44,
          "Group Key": [
            "part.p_brand",
            "part.p_type",
            "part.p_size"
          ],
          "Plans": [
            {
              "Node Type": "Gather Merge",
              "Parent Relationship": "Outer",
              "Parallel Aware": false,
              "Async Capable": false,
              "Startup Cost": 334613.0,
              "Total Cost": 402953.9,
              "Plan Rows": 586786,
              "Plan Width": 40,
              "Workers Planned": 2,
              "Plans": [
                {
                  "Node Type": "Sort",
                  "Parent Relationship": "Outer",
                  "Parallel Aware": false,
                  "Async Capable": false,
                  "Startup Cost": 333612.98,
                  "Total Cost": 334224.21,
                  "Plan Rows": 244494,
                  "Plan Width": 40,
                  "Sort Key": [
                    "part.p_brand",
                    "part.p_type",
                    "part.p_size"
                  ],
                  "Plans": [
                    {
                      "Node Type": "Hash Join",
                      "Parent Relationship": "Outer",
                      "Parallel Aware": true,
                      "Async Capable": false,
                      "Join Type": "Inner",
                      "Startup Cost": 67744.65,
                      "Total Cost": 305042.95,
                      "Plan Rows": 244494,
                      "Plan Width": 40,
                      "Inner Unique": false,
                      "Hash Cond": "(partsupp.ps_partkey = part.p_partkey)",
                      "Plans": [
                        {
                          "Node Type": "Seq Scan",
                          "Parent Relationship": "Outer",
                          "Parallel Aware": true,
                          "Async Capable": false,
                          "Relation Name": "partsupp",
                          "Alias": "partsupp",
                          "Startup Cost": 3466.03,
                          "Total Cost": 219517.74,
                          "Plan Rows": 1666629,
                          "Plan Width": 8,
                          "Filter": "(NOT (hashed SubPlan 1))",
                          "Plans": [
                            {
                              "Node Type": "Seq Scan",
                              "Parent Relationship": "SubPlan",
                              "Subplan Name": "SubPlan 1",
                              "Parallel Aware": false,
                              "Async Capable": false,
                              "Relation Name": "supplier",
                              "Alias": "supplier",
                              "Startup Cost": 0.0,
                              "Total Cost": 3466.0,
                              "Plan Rows": 10,
                              "Plan Width": 4,
                              "Filter": "((s_comment)::text ~~ '%Customer%Complaints%'::text)",
                              "parent": 5,
                              "ID": 6
                            }
                          ],
                          "parent": 4,
                          "ID": 5,
                          "left": 6
                        },
                        {
                          "Node Type": "Hash",
                          "Parent Relationship": "Inner",
                          "Parallel Aware": true,
                          "Async Capable": false,
                          "Startup Cost": 61794.56,
                          "Total Cost": 61794.56,
                          "Plan Rows": 122245,
                          "Plan Width": 40,
                          "Plans": [
                            {
                              "Node Type": "Seq Scan",
                              "Parent Relationship": "Outer",
                              "Parallel Aware": true,
                              "Async Capable": false,
                              "Relation Name": "part",
                              "Alias": "part",
                              "Startup Cost": 0.0,
                              "Total Cost": 61794.56,
                              "Plan Rows": 122245,
                              "Plan Width": 40,
                              "Filter": "((p_brand <> 'Brand#35'::bpchar) AND ((p_type)::text !~~ 'PROMO ANODIZED%'::text) AND (p_size = ANY ('{42,43,19,46,44,6,35,40}'::integer[])))",
                              "parent": 7,
                              "ID": 8
                            }
                          ],
                          "parent": 4,
                          "ID": 7,
                          "left": 8
                        }
                      ],
                      "parent": 3,
                      "ID": 4,
                      "left": 5,
                      "right": 7
                    }
                  ],
                  "parent": 2,
                  "ID": 3,
                  "left": 4
                }
              ],
              "parent": 1,
              "ID": 2,
              "left": 3
            }
          ],
          "parent": 0,
          "ID": 1,
          "left": 2
        }
      ],
      "parent": null,
      "ID": 0,
      "left": 1
    },
    "feat": {
      "utility": 0.13536044057808982,
      "query_shape": [
        [
          "Seq Scan",
          "Hash Join",
          "Sort",
          "Gather Merge",
          "Aggregate"
        ],
        [
          "Seq Scan",
          "Hash",
          "Hash Join",
          "Sort",
          "Gather Merge",
          "Aggregate"
        ]
      ],
      "index_shape": [
        "selection"
      ],
      "physical_operator": {
        "Seq Scan": [
          0.06112249999999997
        ],
        "Sort": [
          "[0. 0. 0. 0. 0. 0. 0. 0. 0. 0. 0. 0. 0. 0. 0. 0. 0. 0. 0. 0. 0. 0. 0. 0.\n 0. 0. 0. 0. 0. 0. 0. 0. 0. 0. 0. 0. 0. 0. 0. 0. 0. 0. 0. 0. 0. 0. 0. 0.\n 0. 0. 0.]",
          "[0. 0. 0. 0. 0. 0. 0. 0. 0. 0. 0. 0. 0. 0. 0. 0. 0. 0. 0. 0. 0. 0. 0. 0.\n 0. 0. 0. 0. 0. 0. 0. 0. 0. 0. 0. 0. 0. 0. 0. 0. 0. 0. 0. 0. 0. 0. 0. 0.\n 0. 0. 0.]"
        ],
        "Aggregate": [
          "[0. 0. 0. 0. 0. 0. 0. 0. 0. 0. 0. 0. 0. 0. 0. 0. 0. 0. 0. 0. 0. 0. 0. 0.\n 0. 0. 0. 0. 0. 0. 0. 0. 0. 0. 0. 0. 0. 0. 0. 0. 0. 0. 0. 0. 0. 0. 0. 0.\n 0. 0. 0.]"
        ]
      }
    }
  },
  {
    "query": "-- Functional Query Definition\n-- Approved February 1998\n\n\nselect\np_brand,\np_type,\np_size,\ncount(distinct ps_suppkey) as supplier_cnt\nfrom\npartsupp,\npart\nwhere\np_partkey = ps_partkey\nand p_brand <> 'Brand#35'\nand p_type not like 'PROMO ANODIZED%'\nand p_size in (42, 43, 19, 46, 44, 6, 35, 40)\nand ps_suppkey not in (\nselect\ns_suppkey\nfrom\nsupplier\nwhere\ns_comment like '%Customer%Complaints%'\n)\ngroup by\np_brand,\np_type,\np_size\norder by\nsupplier_cnt desc,\np_brand,\np_type,\np_size ;\n-- $ID$\n-- TPC-H/TPC-R Small-Quantity-Order Revenue ",
    "indexes": "part.p_type",
    "wo plan est": {
      "Node Type": "Sort",
      "Parallel Aware": false,
      "Async Capable": false,
      "Startup Cost": 428232.61,
      "Total Cost": 428615.05,
      "Plan Rows": 152977,
      "Plan Width": 44,
      "Sort Key": [
        "(count(DISTINCT partsupp.ps_suppkey)) DESC",
        "part.p_brand",
        "part.p_type",
        "part.p_size"
      ],
      "Plans": [
        {
          "Node Type": "Aggregate",
          "Strategy": "Sorted",
          "Partial Mode": "Simple",
          "Parent Relationship": "Outer",
          "Parallel Aware": false,
          "Async Capable": false,
          "Startup Cost": 334613.0,
          "Total Cost": 410351.53,
          "Plan Rows": 152977,
          "Plan Width": 44,
          "Group Key": [
            "part.p_brand",
            "part.p_type",
            "part.p_size"
          ],
          "Plans": [
            {
              "Node Type": "Gather Merge",
              "Parent Relationship": "Outer",
              "Parallel Aware": false,
              "Async Capable": false,
              "Startup Cost": 334613.0,
              "Total Cost": 402953.9,
              "Plan Rows": 586786,
              "Plan Width": 40,
              "Workers Planned": 2,
              "Plans": [
                {
                  "Node Type": "Sort",
                  "Parent Relationship": "Outer",
                  "Parallel Aware": false,
                  "Async Capable": false,
                  "Startup Cost": 333612.98,
                  "Total Cost": 334224.21,
                  "Plan Rows": 244494,
                  "Plan Width": 40,
                  "Sort Key": [
                    "part.p_brand",
                    "part.p_type",
                    "part.p_size"
                  ],
                  "Plans": [
                    {
                      "Node Type": "Hash Join",
                      "Parent Relationship": "Outer",
                      "Parallel Aware": true,
                      "Async Capable": false,
                      "Join Type": "Inner",
                      "Startup Cost": 67744.65,
                      "Total Cost": 305042.95,
                      "Plan Rows": 244494,
                      "Plan Width": 40,
                      "Inner Unique": false,
                      "Hash Cond": "(partsupp.ps_partkey = part.p_partkey)",
                      "Plans": [
                        {
                          "Node Type": "Seq Scan",
                          "Parent Relationship": "Outer",
                          "Parallel Aware": true,
                          "Async Capable": false,
                          "Relation Name": "partsupp",
                          "Alias": "partsupp",
                          "Startup Cost": 3466.03,
                          "Total Cost": 219517.74,
                          "Plan Rows": 1666629,
                          "Plan Width": 8,
                          "Filter": "(NOT (hashed SubPlan 1))",
                          "Plans": [
                            {
                              "Node Type": "Seq Scan",
                              "Parent Relationship": "SubPlan",
                              "Subplan Name": "SubPlan 1",
                              "Parallel Aware": false,
                              "Async Capable": false,
                              "Relation Name": "supplier",
                              "Alias": "supplier",
                              "Startup Cost": 0.0,
                              "Total Cost": 3466.0,
                              "Plan Rows": 10,
                              "Plan Width": 4,
                              "Filter": "((s_comment)::text ~~ '%Customer%Complaints%'::text)",
                              "parent": 5,
                              "ID": 6
                            }
                          ],
                          "parent": 4,
                          "ID": 5,
                          "left": 6
                        },
                        {
                          "Node Type": "Hash",
                          "Parent Relationship": "Inner",
                          "Parallel Aware": true,
                          "Async Capable": false,
                          "Startup Cost": 61794.56,
                          "Total Cost": 61794.56,
                          "Plan Rows": 122245,
                          "Plan Width": 40,
                          "Plans": [
                            {
                              "Node Type": "Seq Scan",
                              "Parent Relationship": "Outer",
                              "Parallel Aware": true,
                              "Async Capable": false,
                              "Relation Name": "part",
                              "Alias": "part",
                              "Startup Cost": 0.0,
                              "Total Cost": 61794.56,
                              "Plan Rows": 122245,
                              "Plan Width": 40,
                              "Filter": "((p_brand <> 'Brand#35'::bpchar) AND ((p_type)::text !~~ 'PROMO ANODIZED%'::text) AND (p_size = ANY ('{42,43,19,46,44,6,35,40}'::integer[])))",
                              "parent": 7,
                              "ID": 8
                            }
                          ],
                          "parent": 4,
                          "ID": 7,
                          "left": 8
                        }
                      ],
                      "parent": 3,
                      "ID": 4,
                      "left": 5,
                      "right": 7
                    }
                  ],
                  "parent": 2,
                  "ID": 3,
                  "left": 4
                }
              ],
              "parent": 1,
              "ID": 2,
              "left": 3
            }
          ],
          "parent": 0,
          "ID": 1,
          "left": 2
        }
      ],
      "parent": null,
      "ID": 0,
      "left": 1
    },
    "feat": {
      "utility": 0.13536044057808982,
      "query_shape": [
        [
          "Seq Scan",
          "Hash Join",
          "Sort",
          "Gather Merge",
          "Aggregate"
        ],
        [
          "Seq Scan",
          "Hash",
          "Hash Join",
          "Sort",
          "Gather Merge",
          "Aggregate"
        ]
      ],
      "index_shape": [
        "selection"
      ],
      "physical_operator": {
        "Seq Scan": [
          0.06112249999999997
        ],
        "Sort": [
          "[0. 0. 0. 0. 0. 0. 0. 0. 0. 0. 0. 0. 0. 0. 0. 0. 0. 0. 0. 0. 0. 0. 0. 0.\n 0. 0. 0. 0. 0. 0. 0. 0. 0. 0. 0. 0. 0. 0. 0. 0. 0. 0. 0. 0. 0. 0. 0. 0.\n 0. 0. 0.]",
          "[0. 0. 0. 0. 0. 0. 0. 0. 0. 0. 0. 0. 0. 0. 0. 0. 0. 0. 0. 0. 0. 0. 0. 0.\n 0. 0. 0. 0. 0. 0. 0. 0. 0. 0. 0. 0. 0. 0. 0. 0. 0. 0. 0. 0. 0. 0. 0. 0.\n 0. 0. 0.]"
        ],
        "Aggregate": [
          "[0. 0. 0. 0. 0. 0. 0. 0. 0. 0. 0. 0. 0. 0. 0. 0. 0. 0. 0. 0. 0. 0. 0. 0.\n 0. 0. 0. 0. 0. 0. 0. 0. 0. 0. 0. 0. 0. 0. 0. 0. 0. 0. 0. 0. 0. 0. 0. 0.\n 0. 0. 0.]"
        ]
      }
    }
  },
  {
    "query": "-- Functional Query Definition\n-- Approved February 1998\n\n\nselect\np_brand,\np_type,\np_size,\ncount(distinct ps_suppkey) as supplier_cnt\nfrom\npartsupp,\npart\nwhere\np_partkey = ps_partkey\nand p_brand <> 'Brand#35'\nand p_type not like 'PROMO ANODIZED%'\nand p_size in (42, 43, 19, 46, 44, 6, 35, 40)\nand ps_suppkey not in (\nselect\ns_suppkey\nfrom\nsupplier\nwhere\ns_comment like '%Customer%Complaints%'\n)\ngroup by\np_brand,\np_type,\np_size\norder by\nsupplier_cnt desc,\np_brand,\np_type,\np_size ;\n-- $ID$\n-- TPC-H/TPC-R Small-Quantity-Order Revenue ",
    "indexes": "part.p_size",
    "wo plan est": {
      "Node Type": "Sort",
      "Parallel Aware": false,
      "Async Capable": false,
      "Startup Cost": 428232.61,
      "Total Cost": 428615.05,
      "Plan Rows": 152977,
      "Plan Width": 44,
      "Sort Key": [
        "(count(DISTINCT partsupp.ps_suppkey)) DESC",
        "part.p_brand",
        "part.p_type",
        "part.p_size"
      ],
      "Plans": [
        {
          "Node Type": "Aggregate",
          "Strategy": "Sorted",
          "Partial Mode": "Simple",
          "Parent Relationship": "Outer",
          "Parallel Aware": false,
          "Async Capable": false,
          "Startup Cost": 334613.0,
          "Total Cost": 410351.53,
          "Plan Rows": 152977,
          "Plan Width": 44,
          "Group Key": [
            "part.p_brand",
            "part.p_type",
            "part.p_size"
          ],
          "Plans": [
            {
              "Node Type": "Gather Merge",
              "Parent Relationship": "Outer",
              "Parallel Aware": false,
              "Async Capable": false,
              "Startup Cost": 334613.0,
              "Total Cost": 402953.9,
              "Plan Rows": 586786,
              "Plan Width": 40,
              "Workers Planned": 2,
              "Plans": [
                {
                  "Node Type": "Sort",
                  "Parent Relationship": "Outer",
                  "Parallel Aware": false,
                  "Async Capable": false,
                  "Startup Cost": 333612.98,
                  "Total Cost": 334224.21,
                  "Plan Rows": 244494,
                  "Plan Width": 40,
                  "Sort Key": [
                    "part.p_brand",
                    "part.p_type",
                    "part.p_size"
                  ],
                  "Plans": [
                    {
                      "Node Type": "Hash Join",
                      "Parent Relationship": "Outer",
                      "Parallel Aware": true,
                      "Async Capable": false,
                      "Join Type": "Inner",
                      "Startup Cost": 67744.65,
                      "Total Cost": 305042.95,
                      "Plan Rows": 244494,
                      "Plan Width": 40,
                      "Inner Unique": false,
                      "Hash Cond": "(partsupp.ps_partkey = part.p_partkey)",
                      "Plans": [
                        {
                          "Node Type": "Seq Scan",
                          "Parent Relationship": "Outer",
                          "Parallel Aware": true,
                          "Async Capable": false,
                          "Relation Name": "partsupp",
                          "Alias": "partsupp",
                          "Startup Cost": 3466.03,
                          "Total Cost": 219517.74,
                          "Plan Rows": 1666629,
                          "Plan Width": 8,
                          "Filter": "(NOT (hashed SubPlan 1))",
                          "Plans": [
                            {
                              "Node Type": "Seq Scan",
                              "Parent Relationship": "SubPlan",
                              "Subplan Name": "SubPlan 1",
                              "Parallel Aware": false,
                              "Async Capable": false,
                              "Relation Name": "supplier",
                              "Alias": "supplier",
                              "Startup Cost": 0.0,
                              "Total Cost": 3466.0,
                              "Plan Rows": 10,
                              "Plan Width": 4,
                              "Filter": "((s_comment)::text ~~ '%Customer%Complaints%'::text)",
                              "parent": 5,
                              "ID": 6
                            }
                          ],
                          "parent": 4,
                          "ID": 5,
                          "left": 6
                        },
                        {
                          "Node Type": "Hash",
                          "Parent Relationship": "Inner",
                          "Parallel Aware": true,
                          "Async Capable": false,
                          "Startup Cost": 61794.56,
                          "Total Cost": 61794.56,
                          "Plan Rows": 122245,
                          "Plan Width": 40,
                          "Plans": [
                            {
                              "Node Type": "Seq Scan",
                              "Parent Relationship": "Outer",
                              "Parallel Aware": true,
                              "Async Capable": false,
                              "Relation Name": "part",
                              "Alias": "part",
                              "Startup Cost": 0.0,
                              "Total Cost": 61794.56,
                              "Plan Rows": 122245,
                              "Plan Width": 40,
                              "Filter": "((p_brand <> 'Brand#35'::bpchar) AND ((p_type)::text !~~ 'PROMO ANODIZED%'::text) AND (p_size = ANY ('{42,43,19,46,44,6,35,40}'::integer[])))",
                              "parent": 7,
                              "ID": 8
                            }
                          ],
                          "parent": 4,
                          "ID": 7,
                          "left": 8
                        }
                      ],
                      "parent": 3,
                      "ID": 4,
                      "left": 5,
                      "right": 7
                    }
                  ],
                  "parent": 2,
                  "ID": 3,
                  "left": 4
                }
              ],
              "parent": 1,
              "ID": 2,
              "left": 3
            }
          ],
          "parent": 0,
          "ID": 1,
          "left": 2
        }
      ],
      "parent": null,
      "ID": 0,
      "left": 1
    },
    "feat": {
      "utility": 0.13536044057808982,
      "query_shape": [
        [
          "Seq Scan",
          "Hash Join",
          "Sort",
          "Gather Merge",
          "Aggregate"
        ],
        [
          "Seq Scan",
          "Hash",
          "Hash Join",
          "Sort",
          "Gather Merge",
          "Aggregate"
        ]
      ],
      "index_shape": [
        "selection"
      ],
      "physical_operator": {
        "Seq Scan": [
          0.06112249999999997
        ],
        "Sort": [
          "[ 1.  1.  2.  3.  4.  5.  6.  7.  8.  9. 10. 11. 12. 13. 14. 15. 16. 17.\n 18. 19. 20. 21. 22. 23. 24. 25. 26. 27. 28. 29. 30. 31. 32. 33. 34. 35.\n 36. 37. 38. 39. 40. 41. 42. 43. 44. 45. 46. 47. 48. 49. 50.]",
          "[ 1.  1.  2.  3.  4.  5.  6.  7.  8.  9. 10. 11. 12. 13. 14. 15. 16. 17.\n 18. 19. 20. 21. 22. 23. 24. 25. 26. 27. 28. 29. 30. 31. 32. 33. 34. 35.\n 36. 37. 38. 39. 40. 41. 42. 43. 44. 45. 46. 47. 48. 49. 50.]"
        ],
        "Aggregate": [
          "[ 1.  1.  2.  3.  4.  5.  6.  7.  8.  9. 10. 11. 12. 13. 14. 15. 16. 17.\n 18. 19. 20. 21. 22. 23. 24. 25. 26. 27. 28. 29. 30. 31. 32. 33. 34. 35.\n 36. 37. 38. 39. 40. 41. 42. 43. 44. 45. 46. 47. 48. 49. 50.]"
        ]
      }
    }
  },
  {
    "query": "-- Functional Query Definition\n-- Approved February 1998\n\n\nselect\np_brand,\np_type,\np_size,\ncount(distinct ps_suppkey) as supplier_cnt\nfrom\npartsupp,\npart\nwhere\np_partkey = ps_partkey\nand p_brand <> 'Brand#35'\nand p_type not like 'PROMO ANODIZED%'\nand p_size in (42, 43, 19, 46, 44, 6, 35, 40)\nand ps_suppkey not in (\nselect\ns_suppkey\nfrom\nsupplier\nwhere\ns_comment like '%Customer%Complaints%'\n)\ngroup by\np_brand,\np_type,\np_size\norder by\nsupplier_cnt desc,\np_brand,\np_type,\np_size ;\n-- $ID$\n-- TPC-H/TPC-R Small-Quantity-Order Revenue ",
    "indexes": "partsupp.ps_partkey",
    "wo plan est": {
      "Node Type": "Sort",
      "Parallel Aware": false,
      "Async Capable": false,
      "Startup Cost": 428232.61,
      "Total Cost": 428615.05,
      "Plan Rows": 152977,
      "Plan Width": 44,
      "Sort Key": [
        "(count(DISTINCT partsupp.ps_suppkey)) DESC",
        "part.p_brand",
        "part.p_type",
        "part.p_size"
      ],
      "Plans": [
        {
          "Node Type": "Aggregate",
          "Strategy": "Sorted",
          "Partial Mode": "Simple",
          "Parent Relationship": "Outer",
          "Parallel Aware": false,
          "Async Capable": false,
          "Startup Cost": 334613.0,
          "Total Cost": 410351.53,
          "Plan Rows": 152977,
          "Plan Width": 44,
          "Group Key": [
            "part.p_brand",
            "part.p_type",
            "part.p_size"
          ],
          "Plans": [
            {
              "Node Type": "Gather Merge",
              "Parent Relationship": "Outer",
              "Parallel Aware": false,
              "Async Capable": false,
              "Startup Cost": 334613.0,
              "Total Cost": 402953.9,
              "Plan Rows": 586786,
              "Plan Width": 40,
              "Workers Planned": 2,
              "Plans": [
                {
                  "Node Type": "Sort",
                  "Parent Relationship": "Outer",
                  "Parallel Aware": false,
                  "Async Capable": false,
                  "Startup Cost": 333612.98,
                  "Total Cost": 334224.21,
                  "Plan Rows": 244494,
                  "Plan Width": 40,
                  "Sort Key": [
                    "part.p_brand",
                    "part.p_type",
                    "part.p_size"
                  ],
                  "Plans": [
                    {
                      "Node Type": "Hash Join",
                      "Parent Relationship": "Outer",
                      "Parallel Aware": true,
                      "Async Capable": false,
                      "Join Type": "Inner",
                      "Startup Cost": 67744.65,
                      "Total Cost": 305042.95,
                      "Plan Rows": 244494,
                      "Plan Width": 40,
                      "Inner Unique": false,
                      "Hash Cond": "(partsupp.ps_partkey = part.p_partkey)",
                      "Plans": [
                        {
                          "Node Type": "Seq Scan",
                          "Parent Relationship": "Outer",
                          "Parallel Aware": true,
                          "Async Capable": false,
                          "Relation Name": "partsupp",
                          "Alias": "partsupp",
                          "Startup Cost": 3466.03,
                          "Total Cost": 219517.74,
                          "Plan Rows": 1666629,
                          "Plan Width": 8,
                          "Filter": "(NOT (hashed SubPlan 1))",
                          "Plans": [
                            {
                              "Node Type": "Seq Scan",
                              "Parent Relationship": "SubPlan",
                              "Subplan Name": "SubPlan 1",
                              "Parallel Aware": false,
                              "Async Capable": false,
                              "Relation Name": "supplier",
                              "Alias": "supplier",
                              "Startup Cost": 0.0,
                              "Total Cost": 3466.0,
                              "Plan Rows": 10,
                              "Plan Width": 4,
                              "Filter": "((s_comment)::text ~~ '%Customer%Complaints%'::text)",
                              "parent": 5,
                              "ID": 6
                            }
                          ],
                          "parent": 4,
                          "ID": 5,
                          "left": 6
                        },
                        {
                          "Node Type": "Hash",
                          "Parent Relationship": "Inner",
                          "Parallel Aware": true,
                          "Async Capable": false,
                          "Startup Cost": 61794.56,
                          "Total Cost": 61794.56,
                          "Plan Rows": 122245,
                          "Plan Width": 40,
                          "Plans": [
                            {
                              "Node Type": "Seq Scan",
                              "Parent Relationship": "Outer",
                              "Parallel Aware": true,
                              "Async Capable": false,
                              "Relation Name": "part",
                              "Alias": "part",
                              "Startup Cost": 0.0,
                              "Total Cost": 61794.56,
                              "Plan Rows": 122245,
                              "Plan Width": 40,
                              "Filter": "((p_brand <> 'Brand#35'::bpchar) AND ((p_type)::text !~~ 'PROMO ANODIZED%'::text) AND (p_size = ANY ('{42,43,19,46,44,6,35,40}'::integer[])))",
                              "parent": 7,
                              "ID": 8
                            }
                          ],
                          "parent": 4,
                          "ID": 7,
                          "left": 8
                        }
                      ],
                      "parent": 3,
                      "ID": 4,
                      "left": 5,
                      "right": 7
                    }
                  ],
                  "parent": 2,
                  "ID": 3,
                  "left": 4
                }
              ],
              "parent": 1,
              "ID": 2,
              "left": 3
            }
          ],
          "parent": 0,
          "ID": 1,
          "left": 2
        }
      ],
      "parent": null,
      "ID": 0,
      "left": 1
    },
    "feat": {
      "utility": 0.144014696013185,
      "query_shape": [
        [
          "Seq Scan",
          "Hash Join",
          "Sort",
          "Gather Merge",
          "Aggregate"
        ],
        [
          "Seq Scan",
          "Hash",
          "Hash Join",
          "Sort",
          "Gather Merge",
          "Aggregate"
        ]
      ],
      "index_shape": [
        "join"
      ],
      "physical_operator": {
        "Hash Join": [
          0.0010954664548773045
        ]
      }
    }
  },
  {
    "query": "-- Functional Query Definition\n-- Approved February 1998\n\n\nselect\np_brand,\np_type,\np_size,\ncount(distinct ps_suppkey) as supplier_cnt\nfrom\npartsupp,\npart\nwhere\np_partkey = ps_partkey\nand p_brand <> 'Brand#35'\nand p_type not like 'PROMO ANODIZED%'\nand p_size in (42, 43, 19, 46, 44, 6, 35, 40)\nand ps_suppkey not in (\nselect\ns_suppkey\nfrom\nsupplier\nwhere\ns_comment like '%Customer%Complaints%'\n)\ngroup by\np_brand,\np_type,\np_size\norder by\nsupplier_cnt desc,\np_brand,\np_type,\np_size ;\n-- $ID$\n-- TPC-H/TPC-R Small-Quantity-Order Revenue ",
    "indexes": "partsupp.ps_suppkey",
    "wo plan est": {
      "Node Type": "Sort",
      "Parallel Aware": false,
      "Async Capable": false,
      "Startup Cost": 428232.61,
      "Total Cost": 428615.05,
      "Plan Rows": 152977,
      "Plan Width": 44,
      "Sort Key": [
        "(count(DISTINCT partsupp.ps_suppkey)) DESC",
        "part.p_brand",
        "part.p_type",
        "part.p_size"
      ],
      "Plans": [
        {
          "Node Type": "Aggregate",
          "Strategy": "Sorted",
          "Partial Mode": "Simple",
          "Parent Relationship": "Outer",
          "Parallel Aware": false,
          "Async Capable": false,
          "Startup Cost": 334613.0,
          "Total Cost": 410351.53,
          "Plan Rows": 152977,
          "Plan Width": 44,
          "Group Key": [
            "part.p_brand",
            "part.p_type",
            "part.p_size"
          ],
          "Plans": [
            {
              "Node Type": "Gather Merge",
              "Parent Relationship": "Outer",
              "Parallel Aware": false,
              "Async Capable": false,
              "Startup Cost": 334613.0,
              "Total Cost": 402953.9,
              "Plan Rows": 586786,
              "Plan Width": 40,
              "Workers Planned": 2,
              "Plans": [
                {
                  "Node Type": "Sort",
                  "Parent Relationship": "Outer",
                  "Parallel Aware": false,
                  "Async Capable": false,
                  "Startup Cost": 333612.98,
                  "Total Cost": 334224.21,
                  "Plan Rows": 244494,
                  "Plan Width": 40,
                  "Sort Key": [
                    "part.p_brand",
                    "part.p_type",
                    "part.p_size"
                  ],
                  "Plans": [
                    {
                      "Node Type": "Hash Join",
                      "Parent Relationship": "Outer",
                      "Parallel Aware": true,
                      "Async Capable": false,
                      "Join Type": "Inner",
                      "Startup Cost": 67744.65,
                      "Total Cost": 305042.95,
                      "Plan Rows": 244494,
                      "Plan Width": 40,
                      "Inner Unique": false,
                      "Hash Cond": "(partsupp.ps_partkey = part.p_partkey)",
                      "Plans": [
                        {
                          "Node Type": "Seq Scan",
                          "Parent Relationship": "Outer",
                          "Parallel Aware": true,
                          "Async Capable": false,
                          "Relation Name": "partsupp",
                          "Alias": "partsupp",
                          "Startup Cost": 3466.03,
                          "Total Cost": 219517.74,
                          "Plan Rows": 1666629,
                          "Plan Width": 8,
                          "Filter": "(NOT (hashed SubPlan 1))",
                          "Plans": [
                            {
                              "Node Type": "Seq Scan",
                              "Parent Relationship": "SubPlan",
                              "Subplan Name": "SubPlan 1",
                              "Parallel Aware": false,
                              "Async Capable": false,
                              "Relation Name": "supplier",
                              "Alias": "supplier",
                              "Startup Cost": 0.0,
                              "Total Cost": 3466.0,
                              "Plan Rows": 10,
                              "Plan Width": 4,
                              "Filter": "((s_comment)::text ~~ '%Customer%Complaints%'::text)",
                              "parent": 5,
                              "ID": 6
                            }
                          ],
                          "parent": 4,
                          "ID": 5,
                          "left": 6
                        },
                        {
                          "Node Type": "Hash",
                          "Parent Relationship": "Inner",
                          "Parallel Aware": true,
                          "Async Capable": false,
                          "Startup Cost": 61794.56,
                          "Total Cost": 61794.56,
                          "Plan Rows": 122245,
                          "Plan Width": 40,
                          "Plans": [
                            {
                              "Node Type": "Seq Scan",
                              "Parent Relationship": "Outer",
                              "Parallel Aware": true,
                              "Async Capable": false,
                              "Relation Name": "part",
                              "Alias": "part",
                              "Startup Cost": 0.0,
                              "Total Cost": 61794.56,
                              "Plan Rows": 122245,
                              "Plan Width": 40,
                              "Filter": "((p_brand <> 'Brand#35'::bpchar) AND ((p_type)::text !~~ 'PROMO ANODIZED%'::text) AND (p_size = ANY ('{42,43,19,46,44,6,35,40}'::integer[])))",
                              "parent": 7,
                              "ID": 8
                            }
                          ],
                          "parent": 4,
                          "ID": 7,
                          "left": 8
                        }
                      ],
                      "parent": 3,
                      "ID": 4,
                      "left": 5,
                      "right": 7
                    }
                  ],
                  "parent": 2,
                  "ID": 3,
                  "left": 4
                }
              ],
              "parent": 1,
              "ID": 2,
              "left": 3
            }
          ],
          "parent": 0,
          "ID": 1,
          "left": 2
        }
      ],
      "parent": null,
      "ID": 0,
      "left": 1
    },
    "feat": {
      "utility": 0.0,
      "query_shape": [
        [
          "Seq Scan",
          "Hash Join",
          "Sort",
          "Gather Merge",
          "Aggregate"
        ],
        [
          "Seq Scan",
          "Hash",
          "Hash Join",
          "Sort",
          "Gather Merge",
          "Aggregate"
        ]
      ],
      "index_shape": [
        "order-by"
      ],
      "physical_operator": {
        "Sort": [
          "[1.00000e+00 2.00980e+02 4.00960e+02 6.00940e+02 8.00920e+02 1.00090e+03\n 1.20088e+03 1.40086e+03 1.60084e+03 1.80082e+03 2.00080e+03 2.20078e+03\n 2.40076e+03 2.60074e+03 2.80072e+03 3.00070e+03 3.20068e+03 3.40066e+03\n 3.60064e+03 3.80062e+03 4.00060e+03 4.20058e+03 4.40056e+03 4.60054e+03\n 4.80052e+03 5.00050e+03 5.20048e+03 5.40046e+03 5.60044e+03 5.80042e+03\n 6.00040e+03 6.20038e+03 6.40036e+03 6.60034e+03 6.80032e+03 7.00030e+03\n 7.20028e+03 7.40026e+03 7.60024e+03 7.80022e+03 8.00020e+03 8.20018e+03\n 8.40016e+03 8.60014e+03 8.80012e+03 9.00010e+03 9.20008e+03 9.40006e+03\n 9.60004e+03 9.80002e+03 1.00000e+04]"
        ]
      }
    }
  },
  {
    "query": "-- Functional Query Definition\n-- Approved February 1998\n\n\nselect\np_brand,\np_type,\np_size,\ncount(distinct ps_suppkey) as supplier_cnt\nfrom\npartsupp,\npart\nwhere\np_partkey = ps_partkey\nand p_brand <> 'Brand#35'\nand p_type not like 'PROMO ANODIZED%'\nand p_size in (42, 43, 19, 46, 44, 6, 35, 40)\nand ps_suppkey not in (\nselect\ns_suppkey\nfrom\nsupplier\nwhere\ns_comment like '%Customer%Complaints%'\n)\ngroup by\np_brand,\np_type,\np_size\norder by\nsupplier_cnt desc,\np_brand,\np_type,\np_size ;\n-- $ID$\n-- TPC-H/TPC-R Small-Quantity-Order Revenue ",
    "indexes": "supplier.s_suppkey",
    "wo plan est": {
      "Node Type": "Sort",
      "Parallel Aware": false,
      "Async Capable": false,
      "Startup Cost": 428232.61,
      "Total Cost": 428615.05,
      "Plan Rows": 152977,
      "Plan Width": 44,
      "Sort Key": [
        "(count(DISTINCT partsupp.ps_suppkey)) DESC",
        "part.p_brand",
        "part.p_type",
        "part.p_size"
      ],
      "Plans": [
        {
          "Node Type": "Aggregate",
          "Strategy": "Sorted",
          "Partial Mode": "Simple",
          "Parent Relationship": "Outer",
          "Parallel Aware": false,
          "Async Capable": false,
          "Startup Cost": 334613.0,
          "Total Cost": 410351.53,
          "Plan Rows": 152977,
          "Plan Width": 44,
          "Group Key": [
            "part.p_brand",
            "part.p_type",
            "part.p_size"
          ],
          "Plans": [
            {
              "Node Type": "Gather Merge",
              "Parent Relationship": "Outer",
              "Parallel Aware": false,
              "Async Capable": false,
              "Startup Cost": 334613.0,
              "Total Cost": 402953.9,
              "Plan Rows": 586786,
              "Plan Width": 40,
              "Workers Planned": 2,
              "Plans": [
                {
                  "Node Type": "Sort",
                  "Parent Relationship": "Outer",
                  "Parallel Aware": false,
                  "Async Capable": false,
                  "Startup Cost": 333612.98,
                  "Total Cost": 334224.21,
                  "Plan Rows": 244494,
                  "Plan Width": 40,
                  "Sort Key": [
                    "part.p_brand",
                    "part.p_type",
                    "part.p_size"
                  ],
                  "Plans": [
                    {
                      "Node Type": "Hash Join",
                      "Parent Relationship": "Outer",
                      "Parallel Aware": true,
                      "Async Capable": false,
                      "Join Type": "Inner",
                      "Startup Cost": 67744.65,
                      "Total Cost": 305042.95,
                      "Plan Rows": 244494,
                      "Plan Width": 40,
                      "Inner Unique": false,
                      "Hash Cond": "(partsupp.ps_partkey = part.p_partkey)",
                      "Plans": [
                        {
                          "Node Type": "Seq Scan",
                          "Parent Relationship": "Outer",
                          "Parallel Aware": true,
                          "Async Capable": false,
                          "Relation Name": "partsupp",
                          "Alias": "partsupp",
                          "Startup Cost": 3466.03,
                          "Total Cost": 219517.74,
                          "Plan Rows": 1666629,
                          "Plan Width": 8,
                          "Filter": "(NOT (hashed SubPlan 1))",
                          "Plans": [
                            {
                              "Node Type": "Seq Scan",
                              "Parent Relationship": "SubPlan",
                              "Subplan Name": "SubPlan 1",
                              "Parallel Aware": false,
                              "Async Capable": false,
                              "Relation Name": "supplier",
                              "Alias": "supplier",
                              "Startup Cost": 0.0,
                              "Total Cost": 3466.0,
                              "Plan Rows": 10,
                              "Plan Width": 4,
                              "Filter": "((s_comment)::text ~~ '%Customer%Complaints%'::text)",
                              "parent": 5,
                              "ID": 6
                            }
                          ],
                          "parent": 4,
                          "ID": 5,
                          "left": 6
                        },
                        {
                          "Node Type": "Hash",
                          "Parent Relationship": "Inner",
                          "Parallel Aware": true,
                          "Async Capable": false,
                          "Startup Cost": 61794.56,
                          "Total Cost": 61794.56,
                          "Plan Rows": 122245,
                          "Plan Width": 40,
                          "Plans": [
                            {
                              "Node Type": "Seq Scan",
                              "Parent Relationship": "Outer",
                              "Parallel Aware": true,
                              "Async Capable": false,
                              "Relation Name": "part",
                              "Alias": "part",
                              "Startup Cost": 0.0,
                              "Total Cost": 61794.56,
                              "Plan Rows": 122245,
                              "Plan Width": 40,
                              "Filter": "((p_brand <> 'Brand#35'::bpchar) AND ((p_type)::text !~~ 'PROMO ANODIZED%'::text) AND (p_size = ANY ('{42,43,19,46,44,6,35,40}'::integer[])))",
                              "parent": 7,
                              "ID": 8
                            }
                          ],
                          "parent": 4,
                          "ID": 7,
                          "left": 8
                        }
                      ],
                      "parent": 3,
                      "ID": 4,
                      "left": 5,
                      "right": 7
                    }
                  ],
                  "parent": 2,
                  "ID": 3,
                  "left": 4
                }
              ],
              "parent": 1,
              "ID": 2,
              "left": 3
            }
          ],
          "parent": 0,
          "ID": 1,
          "left": 2
        }
      ],
      "parent": null,
      "ID": 0,
      "left": 1
    },
    "feat": {
      "utility": 0.0,
      "query_shape": [
        [
          "Seq Scan",
          "Hash Join",
          "Sort",
          "Gather Merge",
          "Aggregate"
        ],
        [
          "Seq Scan",
          "Hash",
          "Hash Join",
          "Sort",
          "Gather Merge",
          "Aggregate"
        ]
      ],
      "index_shape": [],
      "physical_operator": {}
    }
  },
  {
    "query": "-- Functional Query Definition\n-- Approved February 1998\n\n\nselect\np_brand,\np_type,\np_size,\ncount(distinct ps_suppkey) as supplier_cnt\nfrom\npartsupp,\npart\nwhere\np_partkey = ps_partkey\nand p_brand <> 'Brand#35'\nand p_type not like 'PROMO ANODIZED%'\nand p_size in (42, 43, 19, 46, 44, 6, 35, 40)\nand ps_suppkey not in (\nselect\ns_suppkey\nfrom\nsupplier\nwhere\ns_comment like '%Customer%Complaints%'\n)\ngroup by\np_brand,\np_type,\np_size\norder by\nsupplier_cnt desc,\np_brand,\np_type,\np_size ;\n-- $ID$\n-- TPC-H/TPC-R Small-Quantity-Order Revenue ",
    "indexes": "supplier.s_comment",
    "wo plan est": {
      "Node Type": "Sort",
      "Parallel Aware": false,
      "Async Capable": false,
      "Startup Cost": 428232.61,
      "Total Cost": 428615.05,
      "Plan Rows": 152977,
      "Plan Width": 44,
      "Sort Key": [
        "(count(DISTINCT partsupp.ps_suppkey)) DESC",
        "part.p_brand",
        "part.p_type",
        "part.p_size"
      ],
      "Plans": [
        {
          "Node Type": "Aggregate",
          "Strategy": "Sorted",
          "Partial Mode": "Simple",
          "Parent Relationship": "Outer",
          "Parallel Aware": false,
          "Async Capable": false,
          "Startup Cost": 334613.0,
          "Total Cost": 410351.53,
          "Plan Rows": 152977,
          "Plan Width": 44,
          "Group Key": [
            "part.p_brand",
            "part.p_type",
            "part.p_size"
          ],
          "Plans": [
            {
              "Node Type": "Gather Merge",
              "Parent Relationship": "Outer",
              "Parallel Aware": false,
              "Async Capable": false,
              "Startup Cost": 334613.0,
              "Total Cost": 402953.9,
              "Plan Rows": 586786,
              "Plan Width": 40,
              "Workers Planned": 2,
              "Plans": [
                {
                  "Node Type": "Sort",
                  "Parent Relationship": "Outer",
                  "Parallel Aware": false,
                  "Async Capable": false,
                  "Startup Cost": 333612.98,
                  "Total Cost": 334224.21,
                  "Plan Rows": 244494,
                  "Plan Width": 40,
                  "Sort Key": [
                    "part.p_brand",
                    "part.p_type",
                    "part.p_size"
                  ],
                  "Plans": [
                    {
                      "Node Type": "Hash Join",
                      "Parent Relationship": "Outer",
                      "Parallel Aware": true,
                      "Async Capable": false,
                      "Join Type": "Inner",
                      "Startup Cost": 67744.65,
                      "Total Cost": 305042.95,
                      "Plan Rows": 244494,
                      "Plan Width": 40,
                      "Inner Unique": false,
                      "Hash Cond": "(partsupp.ps_partkey = part.p_partkey)",
                      "Plans": [
                        {
                          "Node Type": "Seq Scan",
                          "Parent Relationship": "Outer",
                          "Parallel Aware": true,
                          "Async Capable": false,
                          "Relation Name": "partsupp",
                          "Alias": "partsupp",
                          "Startup Cost": 3466.03,
                          "Total Cost": 219517.74,
                          "Plan Rows": 1666629,
                          "Plan Width": 8,
                          "Filter": "(NOT (hashed SubPlan 1))",
                          "Plans": [
                            {
                              "Node Type": "Seq Scan",
                              "Parent Relationship": "SubPlan",
                              "Subplan Name": "SubPlan 1",
                              "Parallel Aware": false,
                              "Async Capable": false,
                              "Relation Name": "supplier",
                              "Alias": "supplier",
                              "Startup Cost": 0.0,
                              "Total Cost": 3466.0,
                              "Plan Rows": 10,
                              "Plan Width": 4,
                              "Filter": "((s_comment)::text ~~ '%Customer%Complaints%'::text)",
                              "parent": 5,
                              "ID": 6
                            }
                          ],
                          "parent": 4,
                          "ID": 5,
                          "left": 6
                        },
                        {
                          "Node Type": "Hash",
                          "Parent Relationship": "Inner",
                          "Parallel Aware": true,
                          "Async Capable": false,
                          "Startup Cost": 61794.56,
                          "Total Cost": 61794.56,
                          "Plan Rows": 122245,
                          "Plan Width": 40,
                          "Plans": [
                            {
                              "Node Type": "Seq Scan",
                              "Parent Relationship": "Outer",
                              "Parallel Aware": true,
                              "Async Capable": false,
                              "Relation Name": "part",
                              "Alias": "part",
                              "Startup Cost": 0.0,
                              "Total Cost": 61794.56,
                              "Plan Rows": 122245,
                              "Plan Width": 40,
                              "Filter": "((p_brand <> 'Brand#35'::bpchar) AND ((p_type)::text !~~ 'PROMO ANODIZED%'::text) AND (p_size = ANY ('{42,43,19,46,44,6,35,40}'::integer[])))",
                              "parent": 7,
                              "ID": 8
                            }
                          ],
                          "parent": 4,
                          "ID": 7,
                          "left": 8
                        }
                      ],
                      "parent": 3,
                      "ID": 4,
                      "left": 5,
                      "right": 7
                    }
                  ],
                  "parent": 2,
                  "ID": 3,
                  "left": 4
                }
              ],
              "parent": 1,
              "ID": 2,
              "left": 3
            }
          ],
          "parent": 0,
          "ID": 1,
          "left": 2
        }
      ],
      "parent": null,
      "ID": 0,
      "left": 1
    },
    "feat": {
      "utility": 0.41354489176871534,
      "query_shape": [
        [
          "Seq Scan",
          "Hash Join",
          "Sort",
          "Gather Merge",
          "Aggregate"
        ],
        [
          "Seq Scan",
          "Hash",
          "Hash Join",
          "Sort",
          "Gather Merge",
          "Aggregate"
        ]
      ],
      "index_shape": [
        "selection"
      ],
      "physical_operator": {
        "Seq Scan": [
          0.20832862500000005,
          9.999999999998899e-05
        ]
      }
    }
  },
  {
    "query": "-- Functional Query Definition\n-- Approved February 1998\n\n\nselect\nsum(l_extendedprice* (1 - l_discount)) as revenue\nfrom\nlineitem,\npart\nwhere\n(\np_partkey = l_partkey\nand p_brand = 'Brand#12'\nand p_container in ('SM CASE', 'SM BOX', 'SM PACK', 'SM PKG')\nand l_quantity >= 9 and l_quantity <= 9 + 10\nand p_size between 1 and 5\nand l_shipmode in ('AIR', 'AIR REG')\nand l_shipinstruct = 'DELIVER IN PERSON'\n)\nor\n(\np_partkey = l_partkey\nand p_brand = 'Brand#43'\nand p_container in ('MED BAG', 'MED BOX', 'MED PKG', 'MED PACK')\nand l_quantity >= 18 and l_quantity <= 18 + 10\nand p_size between 1 and 10\nand l_shipmode in ('AIR', 'AIR REG')\nand l_shipinstruct = 'DELIVER IN PERSON'\n)\nor\n(\np_partkey = l_partkey\nand p_brand = 'Brand#44'\nand p_container in ('LG CASE', 'LG BOX', 'LG PACK', 'LG PKG')\nand l_quantity >= 23 and l_quantity <= 23 + 10\nand p_size between 1 and 15\nand l_shipmode in ('AIR', 'AIR REG')\nand l_shipinstruct = 'DELIVER IN PERSON'\n) ;\n-- $ID$\n-- TPC-H/TPC-R Potential Part Promotion ",
    "indexes": "lineitem.l_partkey",
    "wo plan est": {
      "Node Type": "Aggregate",
      "Strategy": "Plain",
      "Partial Mode": "Finalize",
      "Parallel Aware": false,
      "Async Capable": false,
      "Startup Cost": 1953634.09,
      "Total Cost": 1953634.1,
      "Plan Rows": 1,
      "Plan Width": 32,
      "Plans": [
        {
          "Node Type": "Gather",
          "Parent Relationship": "Outer",
          "Parallel Aware": false,
          "Async Capable": false,
          "Startup Cost": 1953633.87,
          "Total Cost": 1953634.08,
          "Plan Rows": 2,
          "Plan Width": 32,
          "Workers Planned": 2,
          "Single Copy": false,
          "Plans": [
            {
              "Node Type": "Aggregate",
              "Strategy": "Plain",
              "Partial Mode": "Partial",
              "Parent Relationship": "Outer",
              "Parallel Aware": false,
              "Async Capable": false,
              "Startup Cost": 1952633.87,
              "Total Cost": 1952633.88,
              "Plan Rows": 1,
              "Plan Width": 32,
              "Plans": [
                {
                  "Node Type": "Hash Join",
                  "Parent Relationship": "Outer",
                  "Parallel Aware": true,
                  "Async Capable": false,
                  "Join Type": "Inner",
                  "Startup Cost": 76401.87,
                  "Total Cost": 1952630.43,
                  "Plan Rows": 458,
                  "Plan Width": 12,
                  "Inner Unique": false,
                  "Hash Cond": "(lineitem.l_partkey = part.p_partkey)",
                  "Join Filter": "(((part.p_brand = 'Brand#12'::bpchar) AND (part.p_container = ANY ('{\"SM CASE\",\"SM BOX\",\"SM PACK\",\"SM PKG\"}'::bpchar[])) AND (lineitem.l_quantity >= '9'::numeric) AND (lineitem.l_quantity <= '19'::numeric) AND (part.p_size <= 5)) OR ((part.p_brand = 'Brand#43'::bpchar) AND (part.p_container = ANY ('{\"MED BAG\",\"MED BOX\",\"MED PKG\",\"MED PACK\"}'::bpchar[])) AND (lineitem.l_quantity >= '18'::numeric) AND (lineitem.l_quantity <= '28'::numeric) AND (part.p_size <= 10)) OR ((part.p_brand = 'Brand#44'::bpchar) AND (part.p_container = ANY ('{\"LG CASE\",\"LG BOX\",\"LG PACK\",\"LG PKG\"}'::bpchar[])) AND (lineitem.l_quantity >= '23'::numeric) AND (lineitem.l_quantity <= '33'::numeric) AND (part.p_size <= 15)))",
                  "Plans": [
                    {
                      "Node Type": "Seq Scan",
                      "Parent Relationship": "Outer",
                      "Parallel Aware": true,
                      "Async Capable": false,
                      "Relation Name": "lineitem",
                      "Alias": "lineitem",
                      "Startup Cost": 0.0,
                      "Total Cost": 1874399.7,
                      "Plan Rows": 481023,
                      "Plan Width": 21,
                      "Filter": "((l_shipmode = ANY ('{AIR,\"AIR REG\"}'::bpchar[])) AND (l_shipinstruct = 'DELIVER IN PERSON'::bpchar) AND (((l_quantity >= '9'::numeric) AND (l_quantity <= '19'::numeric)) OR ((l_quantity >= '18'::numeric) AND (l_quantity <= '28'::numeric)) OR ((l_quantity >= '23'::numeric) AND (l_quantity <= '33'::numeric))))",
                      "parent": 3,
                      "ID": 4
                    },
                    {
                      "Node Type": "Hash",
                      "Parent Relationship": "Inner",
                      "Parallel Aware": true,
                      "Async Capable": false,
                      "Startup Cost": 76377.36,
                      "Total Cost": 76377.36,
                      "Plan Rows": 1961,
                      "Plan Width": 30,
                      "Plans": [
                        {
                          "Node Type": "Seq Scan",
                          "Parent Relationship": "Outer",
                          "Parallel Aware": true,
                          "Async Capable": false,
                          "Relation Name": "part",
                          "Alias": "part",
                          "Startup Cost": 0.0,
                          "Total Cost": 76377.36,
                          "Plan Rows": 1961,
                          "Plan Width": 30,
                          "Filter": "((p_size >= 1) AND (((p_brand = 'Brand#12'::bpchar) AND (p_container = ANY ('{\"SM CASE\",\"SM BOX\",\"SM PACK\",\"SM PKG\"}'::bpchar[])) AND (p_size <= 5)) OR ((p_brand = 'Brand#43'::bpchar) AND (p_container = ANY ('{\"MED BAG\",\"MED BOX\",\"MED PKG\",\"MED PACK\"}'::bpchar[])) AND (p_size <= 10)) OR ((p_brand = 'Brand#44'::bpchar) AND (p_container = ANY ('{\"LG CASE\",\"LG BOX\",\"LG PACK\",\"LG PKG\"}'::bpchar[])) AND (p_size <= 15))))",
                          "parent": 5,
                          "ID": 6
                        }
                      ],
                      "parent": 3,
                      "ID": 5,
                      "left": 6
                    }
                  ],
                  "parent": 2,
                  "ID": 3,
                  "left": 4,
                  "right": 5
                }
              ],
              "parent": 1,
              "ID": 2,
              "left": 3
            }
          ],
          "parent": 0,
          "ID": 1,
          "left": 2
        }
      ],
      "parent": null,
      "ID": 0,
      "left": 1
    },
    "feat": {
      "utility": 0.03906777625491031,
      "query_shape": [
        [
          "Seq Scan",
          "Hash Join",
          "Aggregate",
          "Gather"
        ],
        [
          "Seq Scan",
          "Hash",
          "Hash Join",
          "Aggregate",
          "Gather"
        ]
      ],
      "index_shape": [
        "join"
      ],
      "physical_operator": {
        "Hash Join": [
          0.0006968046190249153
        ]
      }
    }
  },
  {
    "query": "-- Functional Query Definition\n-- Approved February 1998\n\n\nselect\nsum(l_extendedprice* (1 - l_discount)) as revenue\nfrom\nlineitem,\npart\nwhere\n(\np_partkey = l_partkey\nand p_brand = 'Brand#12'\nand p_container in ('SM CASE', 'SM BOX', 'SM PACK', 'SM PKG')\nand l_quantity >= 9 and l_quantity <= 9 + 10\nand p_size between 1 and 5\nand l_shipmode in ('AIR', 'AIR REG')\nand l_shipinstruct = 'DELIVER IN PERSON'\n)\nor\n(\np_partkey = l_partkey\nand p_brand = 'Brand#43'\nand p_container in ('MED BAG', 'MED BOX', 'MED PKG', 'MED PACK')\nand l_quantity >= 18 and l_quantity <= 18 + 10\nand p_size between 1 and 10\nand l_shipmode in ('AIR', 'AIR REG')\nand l_shipinstruct = 'DELIVER IN PERSON'\n)\nor\n(\np_partkey = l_partkey\nand p_brand = 'Brand#44'\nand p_container in ('LG CASE', 'LG BOX', 'LG PACK', 'LG PKG')\nand l_quantity >= 23 and l_quantity <= 23 + 10\nand p_size between 1 and 15\nand l_shipmode in ('AIR', 'AIR REG')\nand l_shipinstruct = 'DELIVER IN PERSON'\n) ;\n-- $ID$\n-- TPC-H/TPC-R Potential Part Promotion ",
    "indexes": "lineitem.l_quantity",
    "wo plan est": {
      "Node Type": "Aggregate",
      "Strategy": "Plain",
      "Partial Mode": "Finalize",
      "Parallel Aware": false,
      "Async Capable": false,
      "Startup Cost": 1953634.09,
      "Total Cost": 1953634.1,
      "Plan Rows": 1,
      "Plan Width": 32,
      "Plans": [
        {
          "Node Type": "Gather",
          "Parent Relationship": "Outer",
          "Parallel Aware": false,
          "Async Capable": false,
          "Startup Cost": 1953633.87,
          "Total Cost": 1953634.08,
          "Plan Rows": 2,
          "Plan Width": 32,
          "Workers Planned": 2,
          "Single Copy": false,
          "Plans": [
            {
              "Node Type": "Aggregate",
              "Strategy": "Plain",
              "Partial Mode": "Partial",
              "Parent Relationship": "Outer",
              "Parallel Aware": false,
              "Async Capable": false,
              "Startup Cost": 1952633.87,
              "Total Cost": 1952633.88,
              "Plan Rows": 1,
              "Plan Width": 32,
              "Plans": [
                {
                  "Node Type": "Hash Join",
                  "Parent Relationship": "Outer",
                  "Parallel Aware": true,
                  "Async Capable": false,
                  "Join Type": "Inner",
                  "Startup Cost": 76401.87,
                  "Total Cost": 1952630.43,
                  "Plan Rows": 458,
                  "Plan Width": 12,
                  "Inner Unique": false,
                  "Hash Cond": "(lineitem.l_partkey = part.p_partkey)",
                  "Join Filter": "(((part.p_brand = 'Brand#12'::bpchar) AND (part.p_container = ANY ('{\"SM CASE\",\"SM BOX\",\"SM PACK\",\"SM PKG\"}'::bpchar[])) AND (lineitem.l_quantity >= '9'::numeric) AND (lineitem.l_quantity <= '19'::numeric) AND (part.p_size <= 5)) OR ((part.p_brand = 'Brand#43'::bpchar) AND (part.p_container = ANY ('{\"MED BAG\",\"MED BOX\",\"MED PKG\",\"MED PACK\"}'::bpchar[])) AND (lineitem.l_quantity >= '18'::numeric) AND (lineitem.l_quantity <= '28'::numeric) AND (part.p_size <= 10)) OR ((part.p_brand = 'Brand#44'::bpchar) AND (part.p_container = ANY ('{\"LG CASE\",\"LG BOX\",\"LG PACK\",\"LG PKG\"}'::bpchar[])) AND (lineitem.l_quantity >= '23'::numeric) AND (lineitem.l_quantity <= '33'::numeric) AND (part.p_size <= 15)))",
                  "Plans": [
                    {
                      "Node Type": "Seq Scan",
                      "Parent Relationship": "Outer",
                      "Parallel Aware": true,
                      "Async Capable": false,
                      "Relation Name": "lineitem",
                      "Alias": "lineitem",
                      "Startup Cost": 0.0,
                      "Total Cost": 1874399.7,
                      "Plan Rows": 481023,
                      "Plan Width": 21,
                      "Filter": "((l_shipmode = ANY ('{AIR,\"AIR REG\"}'::bpchar[])) AND (l_shipinstruct = 'DELIVER IN PERSON'::bpchar) AND (((l_quantity >= '9'::numeric) AND (l_quantity <= '19'::numeric)) OR ((l_quantity >= '18'::numeric) AND (l_quantity <= '28'::numeric)) OR ((l_quantity >= '23'::numeric) AND (l_quantity <= '33'::numeric))))",
                      "parent": 3,
                      "ID": 4
                    },
                    {
                      "Node Type": "Hash",
                      "Parent Relationship": "Inner",
                      "Parallel Aware": true,
                      "Async Capable": false,
                      "Startup Cost": 76377.36,
                      "Total Cost": 76377.36,
                      "Plan Rows": 1961,
                      "Plan Width": 30,
                      "Plans": [
                        {
                          "Node Type": "Seq Scan",
                          "Parent Relationship": "Outer",
                          "Parallel Aware": true,
                          "Async Capable": false,
                          "Relation Name": "part",
                          "Alias": "part",
                          "Startup Cost": 0.0,
                          "Total Cost": 76377.36,
                          "Plan Rows": 1961,
                          "Plan Width": 30,
                          "Filter": "((p_size >= 1) AND (((p_brand = 'Brand#12'::bpchar) AND (p_container = ANY ('{\"SM CASE\",\"SM BOX\",\"SM PACK\",\"SM PKG\"}'::bpchar[])) AND (p_size <= 5)) OR ((p_brand = 'Brand#43'::bpchar) AND (p_container = ANY ('{\"MED BAG\",\"MED BOX\",\"MED PKG\",\"MED PACK\"}'::bpchar[])) AND (p_size <= 10)) OR ((p_brand = 'Brand#44'::bpchar) AND (p_container = ANY ('{\"LG CASE\",\"LG BOX\",\"LG PACK\",\"LG PKG\"}'::bpchar[])) AND (p_size <= 15))))",
                          "parent": 5,
                          "ID": 6
                        }
                      ],
                      "parent": 3,
                      "ID": 5,
                      "left": 6
                    }
                  ],
                  "parent": 2,
                  "ID": 3,
                  "left": 4,
                  "right": 5
                }
              ],
              "parent": 1,
              "ID": 2,
              "left": 3
            }
          ],
          "parent": 0,
          "ID": 1,
          "left": 2
        }
      ],
      "parent": null,
      "ID": 0,
      "left": 1
    },
    "feat": {
      "utility": 0.9908184361584792,
      "query_shape": [
        [
          "Seq Scan",
          "Hash Join",
          "Aggregate",
          "Gather"
        ],
        [
          "Seq Scan",
          "Hash",
          "Hash Join",
          "Aggregate",
          "Gather"
        ]
      ],
      "index_shape": [
        "join"
      ],
      "physical_operator": {
        "Seq Scan": [
          0.00801704999999997
        ],
        "Hash Join": [
          0.0006968046190249153
        ]
      }
    }
  },
  {
    "query": "-- Functional Query Definition\n-- Approved February 1998\n\n\nselect\nsum(l_extendedprice* (1 - l_discount)) as revenue\nfrom\nlineitem,\npart\nwhere\n(\np_partkey = l_partkey\nand p_brand = 'Brand#12'\nand p_container in ('SM CASE', 'SM BOX', 'SM PACK', 'SM PKG')\nand l_quantity >= 9 and l_quantity <= 9 + 10\nand p_size between 1 and 5\nand l_shipmode in ('AIR', 'AIR REG')\nand l_shipinstruct = 'DELIVER IN PERSON'\n)\nor\n(\np_partkey = l_partkey\nand p_brand = 'Brand#43'\nand p_container in ('MED BAG', 'MED BOX', 'MED PKG', 'MED PACK')\nand l_quantity >= 18 and l_quantity <= 18 + 10\nand p_size between 1 and 10\nand l_shipmode in ('AIR', 'AIR REG')\nand l_shipinstruct = 'DELIVER IN PERSON'\n)\nor\n(\np_partkey = l_partkey\nand p_brand = 'Brand#44'\nand p_container in ('LG CASE', 'LG BOX', 'LG PACK', 'LG PKG')\nand l_quantity >= 23 and l_quantity <= 23 + 10\nand p_size between 1 and 15\nand l_shipmode in ('AIR', 'AIR REG')\nand l_shipinstruct = 'DELIVER IN PERSON'\n) ;\n-- $ID$\n-- TPC-H/TPC-R Potential Part Promotion ",
    "indexes": "lineitem.l_extendedprice",
    "wo plan est": {
      "Node Type": "Aggregate",
      "Strategy": "Plain",
      "Partial Mode": "Finalize",
      "Parallel Aware": false,
      "Async Capable": false,
      "Startup Cost": 1953634.09,
      "Total Cost": 1953634.1,
      "Plan Rows": 1,
      "Plan Width": 32,
      "Plans": [
        {
          "Node Type": "Gather",
          "Parent Relationship": "Outer",
          "Parallel Aware": false,
          "Async Capable": false,
          "Startup Cost": 1953633.87,
          "Total Cost": 1953634.08,
          "Plan Rows": 2,
          "Plan Width": 32,
          "Workers Planned": 2,
          "Single Copy": false,
          "Plans": [
            {
              "Node Type": "Aggregate",
              "Strategy": "Plain",
              "Partial Mode": "Partial",
              "Parent Relationship": "Outer",
              "Parallel Aware": false,
              "Async Capable": false,
              "Startup Cost": 1952633.87,
              "Total Cost": 1952633.88,
              "Plan Rows": 1,
              "Plan Width": 32,
              "Plans": [
                {
                  "Node Type": "Hash Join",
                  "Parent Relationship": "Outer",
                  "Parallel Aware": true,
                  "Async Capable": false,
                  "Join Type": "Inner",
                  "Startup Cost": 76401.87,
                  "Total Cost": 1952630.43,
                  "Plan Rows": 458,
                  "Plan Width": 12,
                  "Inner Unique": false,
                  "Hash Cond": "(lineitem.l_partkey = part.p_partkey)",
                  "Join Filter": "(((part.p_brand = 'Brand#12'::bpchar) AND (part.p_container = ANY ('{\"SM CASE\",\"SM BOX\",\"SM PACK\",\"SM PKG\"}'::bpchar[])) AND (lineitem.l_quantity >= '9'::numeric) AND (lineitem.l_quantity <= '19'::numeric) AND (part.p_size <= 5)) OR ((part.p_brand = 'Brand#43'::bpchar) AND (part.p_container = ANY ('{\"MED BAG\",\"MED BOX\",\"MED PKG\",\"MED PACK\"}'::bpchar[])) AND (lineitem.l_quantity >= '18'::numeric) AND (lineitem.l_quantity <= '28'::numeric) AND (part.p_size <= 10)) OR ((part.p_brand = 'Brand#44'::bpchar) AND (part.p_container = ANY ('{\"LG CASE\",\"LG BOX\",\"LG PACK\",\"LG PKG\"}'::bpchar[])) AND (lineitem.l_quantity >= '23'::numeric) AND (lineitem.l_quantity <= '33'::numeric) AND (part.p_size <= 15)))",
                  "Plans": [
                    {
                      "Node Type": "Seq Scan",
                      "Parent Relationship": "Outer",
                      "Parallel Aware": true,
                      "Async Capable": false,
                      "Relation Name": "lineitem",
                      "Alias": "lineitem",
                      "Startup Cost": 0.0,
                      "Total Cost": 1874399.7,
                      "Plan Rows": 481023,
                      "Plan Width": 21,
                      "Filter": "((l_shipmode = ANY ('{AIR,\"AIR REG\"}'::bpchar[])) AND (l_shipinstruct = 'DELIVER IN PERSON'::bpchar) AND (((l_quantity >= '9'::numeric) AND (l_quantity <= '19'::numeric)) OR ((l_quantity >= '18'::numeric) AND (l_quantity <= '28'::numeric)) OR ((l_quantity >= '23'::numeric) AND (l_quantity <= '33'::numeric))))",
                      "parent": 3,
                      "ID": 4
                    },
                    {
                      "Node Type": "Hash",
                      "Parent Relationship": "Inner",
                      "Parallel Aware": true,
                      "Async Capable": false,
                      "Startup Cost": 76377.36,
                      "Total Cost": 76377.36,
                      "Plan Rows": 1961,
                      "Plan Width": 30,
                      "Plans": [
                        {
                          "Node Type": "Seq Scan",
                          "Parent Relationship": "Outer",
                          "Parallel Aware": true,
                          "Async Capable": false,
                          "Relation Name": "part",
                          "Alias": "part",
                          "Startup Cost": 0.0,
                          "Total Cost": 76377.36,
                          "Plan Rows": 1961,
                          "Plan Width": 30,
                          "Filter": "((p_size >= 1) AND (((p_brand = 'Brand#12'::bpchar) AND (p_container = ANY ('{\"SM CASE\",\"SM BOX\",\"SM PACK\",\"SM PKG\"}'::bpchar[])) AND (p_size <= 5)) OR ((p_brand = 'Brand#43'::bpchar) AND (p_container = ANY ('{\"MED BAG\",\"MED BOX\",\"MED PKG\",\"MED PACK\"}'::bpchar[])) AND (p_size <= 10)) OR ((p_brand = 'Brand#44'::bpchar) AND (p_container = ANY ('{\"LG CASE\",\"LG BOX\",\"LG PACK\",\"LG PKG\"}'::bpchar[])) AND (p_size <= 15))))",
                          "parent": 5,
                          "ID": 6
                        }
                      ],
                      "parent": 3,
                      "ID": 5,
                      "left": 6
                    }
                  ],
                  "parent": 2,
                  "ID": 3,
                  "left": 4,
                  "right": 5
                }
              ],
              "parent": 1,
              "ID": 2,
              "left": 3
            }
          ],
          "parent": 0,
          "ID": 1,
          "left": 2
        }
      ],
      "parent": null,
      "ID": 0,
      "left": 1
    },
    "feat": {
      "utility": 0.0,
      "query_shape": [
        [
          "Seq Scan",
          "Hash Join",
          "Aggregate",
          "Gather"
        ],
        [
          "Seq Scan",
          "Hash",
          "Hash Join",
          "Aggregate",
          "Gather"
        ]
      ],
      "index_shape": [],
      "physical_operator": {}
    }
  },
  {
    "query": "-- Functional Query Definition\n-- Approved February 1998\n\n\nselect\nsum(l_extendedprice* (1 - l_discount)) as revenue\nfrom\nlineitem,\npart\nwhere\n(\np_partkey = l_partkey\nand p_brand = 'Brand#12'\nand p_container in ('SM CASE', 'SM BOX', 'SM PACK', 'SM PKG')\nand l_quantity >= 9 and l_quantity <= 9 + 10\nand p_size between 1 and 5\nand l_shipmode in ('AIR', 'AIR REG')\nand l_shipinstruct = 'DELIVER IN PERSON'\n)\nor\n(\np_partkey = l_partkey\nand p_brand = 'Brand#43'\nand p_container in ('MED BAG', 'MED BOX', 'MED PKG', 'MED PACK')\nand l_quantity >= 18 and l_quantity <= 18 + 10\nand p_size between 1 and 10\nand l_shipmode in ('AIR', 'AIR REG')\nand l_shipinstruct = 'DELIVER IN PERSON'\n)\nor\n(\np_partkey = l_partkey\nand p_brand = 'Brand#44'\nand p_container in ('LG CASE', 'LG BOX', 'LG PACK', 'LG PKG')\nand l_quantity >= 23 and l_quantity <= 23 + 10\nand p_size between 1 and 15\nand l_shipmode in ('AIR', 'AIR REG')\nand l_shipinstruct = 'DELIVER IN PERSON'\n) ;\n-- $ID$\n-- TPC-H/TPC-R Potential Part Promotion ",
    "indexes": "lineitem.l_discount",
    "wo plan est": {
      "Node Type": "Aggregate",
      "Strategy": "Plain",
      "Partial Mode": "Finalize",
      "Parallel Aware": false,
      "Async Capable": false,
      "Startup Cost": 1953634.09,
      "Total Cost": 1953634.1,
      "Plan Rows": 1,
      "Plan Width": 32,
      "Plans": [
        {
          "Node Type": "Gather",
          "Parent Relationship": "Outer",
          "Parallel Aware": false,
          "Async Capable": false,
          "Startup Cost": 1953633.87,
          "Total Cost": 1953634.08,
          "Plan Rows": 2,
          "Plan Width": 32,
          "Workers Planned": 2,
          "Single Copy": false,
          "Plans": [
            {
              "Node Type": "Aggregate",
              "Strategy": "Plain",
              "Partial Mode": "Partial",
              "Parent Relationship": "Outer",
              "Parallel Aware": false,
              "Async Capable": false,
              "Startup Cost": 1952633.87,
              "Total Cost": 1952633.88,
              "Plan Rows": 1,
              "Plan Width": 32,
              "Plans": [
                {
                  "Node Type": "Hash Join",
                  "Parent Relationship": "Outer",
                  "Parallel Aware": true,
                  "Async Capable": false,
                  "Join Type": "Inner",
                  "Startup Cost": 76401.87,
                  "Total Cost": 1952630.43,
                  "Plan Rows": 458,
                  "Plan Width": 12,
                  "Inner Unique": false,
                  "Hash Cond": "(lineitem.l_partkey = part.p_partkey)",
                  "Join Filter": "(((part.p_brand = 'Brand#12'::bpchar) AND (part.p_container = ANY ('{\"SM CASE\",\"SM BOX\",\"SM PACK\",\"SM PKG\"}'::bpchar[])) AND (lineitem.l_quantity >= '9'::numeric) AND (lineitem.l_quantity <= '19'::numeric) AND (part.p_size <= 5)) OR ((part.p_brand = 'Brand#43'::bpchar) AND (part.p_container = ANY ('{\"MED BAG\",\"MED BOX\",\"MED PKG\",\"MED PACK\"}'::bpchar[])) AND (lineitem.l_quantity >= '18'::numeric) AND (lineitem.l_quantity <= '28'::numeric) AND (part.p_size <= 10)) OR ((part.p_brand = 'Brand#44'::bpchar) AND (part.p_container = ANY ('{\"LG CASE\",\"LG BOX\",\"LG PACK\",\"LG PKG\"}'::bpchar[])) AND (lineitem.l_quantity >= '23'::numeric) AND (lineitem.l_quantity <= '33'::numeric) AND (part.p_size <= 15)))",
                  "Plans": [
                    {
                      "Node Type": "Seq Scan",
                      "Parent Relationship": "Outer",
                      "Parallel Aware": true,
                      "Async Capable": false,
                      "Relation Name": "lineitem",
                      "Alias": "lineitem",
                      "Startup Cost": 0.0,
                      "Total Cost": 1874399.7,
                      "Plan Rows": 481023,
                      "Plan Width": 21,
                      "Filter": "((l_shipmode = ANY ('{AIR,\"AIR REG\"}'::bpchar[])) AND (l_shipinstruct = 'DELIVER IN PERSON'::bpchar) AND (((l_quantity >= '9'::numeric) AND (l_quantity <= '19'::numeric)) OR ((l_quantity >= '18'::numeric) AND (l_quantity <= '28'::numeric)) OR ((l_quantity >= '23'::numeric) AND (l_quantity <= '33'::numeric))))",
                      "parent": 3,
                      "ID": 4
                    },
                    {
                      "Node Type": "Hash",
                      "Parent Relationship": "Inner",
                      "Parallel Aware": true,
                      "Async Capable": false,
                      "Startup Cost": 76377.36,
                      "Total Cost": 76377.36,
                      "Plan Rows": 1961,
                      "Plan Width": 30,
                      "Plans": [
                        {
                          "Node Type": "Seq Scan",
                          "Parent Relationship": "Outer",
                          "Parallel Aware": true,
                          "Async Capable": false,
                          "Relation Name": "part",
                          "Alias": "part",
                          "Startup Cost": 0.0,
                          "Total Cost": 76377.36,
                          "Plan Rows": 1961,
                          "Plan Width": 30,
                          "Filter": "((p_size >= 1) AND (((p_brand = 'Brand#12'::bpchar) AND (p_container = ANY ('{\"SM CASE\",\"SM BOX\",\"SM PACK\",\"SM PKG\"}'::bpchar[])) AND (p_size <= 5)) OR ((p_brand = 'Brand#43'::bpchar) AND (p_container = ANY ('{\"MED BAG\",\"MED BOX\",\"MED PKG\",\"MED PACK\"}'::bpchar[])) AND (p_size <= 10)) OR ((p_brand = 'Brand#44'::bpchar) AND (p_container = ANY ('{\"LG CASE\",\"LG BOX\",\"LG PACK\",\"LG PKG\"}'::bpchar[])) AND (p_size <= 15))))",
                          "parent": 5,
                          "ID": 6
                        }
                      ],
                      "parent": 3,
                      "ID": 5,
                      "left": 6
                    }
                  ],
                  "parent": 2,
                  "ID": 3,
                  "left": 4,
                  "right": 5
                }
              ],
              "parent": 1,
              "ID": 2,
              "left": 3
            }
          ],
          "parent": 0,
          "ID": 1,
          "left": 2
        }
      ],
      "parent": null,
      "ID": 0,
      "left": 1
    },
    "feat": {
      "utility": 0.0,
      "query_shape": [
        [
          "Seq Scan",
          "Hash Join",
          "Aggregate",
          "Gather"
        ],
        [
          "Seq Scan",
          "Hash",
          "Hash Join",
          "Aggregate",
          "Gather"
        ]
      ],
      "index_shape": [],
      "physical_operator": {}
    }
  },
  {
    "query": "-- Functional Query Definition\n-- Approved February 1998\n\n\nselect\nsum(l_extendedprice* (1 - l_discount)) as revenue\nfrom\nlineitem,\npart\nwhere\n(\np_partkey = l_partkey\nand p_brand = 'Brand#12'\nand p_container in ('SM CASE', 'SM BOX', 'SM PACK', 'SM PKG')\nand l_quantity >= 9 and l_quantity <= 9 + 10\nand p_size between 1 and 5\nand l_shipmode in ('AIR', 'AIR REG')\nand l_shipinstruct = 'DELIVER IN PERSON'\n)\nor\n(\np_partkey = l_partkey\nand p_brand = 'Brand#43'\nand p_container in ('MED BAG', 'MED BOX', 'MED PKG', 'MED PACK')\nand l_quantity >= 18 and l_quantity <= 18 + 10\nand p_size between 1 and 10\nand l_shipmode in ('AIR', 'AIR REG')\nand l_shipinstruct = 'DELIVER IN PERSON'\n)\nor\n(\np_partkey = l_partkey\nand p_brand = 'Brand#44'\nand p_container in ('LG CASE', 'LG BOX', 'LG PACK', 'LG PKG')\nand l_quantity >= 23 and l_quantity <= 23 + 10\nand p_size between 1 and 15\nand l_shipmode in ('AIR', 'AIR REG')\nand l_shipinstruct = 'DELIVER IN PERSON'\n) ;\n-- $ID$\n-- TPC-H/TPC-R Potential Part Promotion ",
    "indexes": "lineitem.l_shipinstruct",
    "wo plan est": {
      "Node Type": "Aggregate",
      "Strategy": "Plain",
      "Partial Mode": "Finalize",
      "Parallel Aware": false,
      "Async Capable": false,
      "Startup Cost": 1953634.09,
      "Total Cost": 1953634.1,
      "Plan Rows": 1,
      "Plan Width": 32,
      "Plans": [
        {
          "Node Type": "Gather",
          "Parent Relationship": "Outer",
          "Parallel Aware": false,
          "Async Capable": false,
          "Startup Cost": 1953633.87,
          "Total Cost": 1953634.08,
          "Plan Rows": 2,
          "Plan Width": 32,
          "Workers Planned": 2,
          "Single Copy": false,
          "Plans": [
            {
              "Node Type": "Aggregate",
              "Strategy": "Plain",
              "Partial Mode": "Partial",
              "Parent Relationship": "Outer",
              "Parallel Aware": false,
              "Async Capable": false,
              "Startup Cost": 1952633.87,
              "Total Cost": 1952633.88,
              "Plan Rows": 1,
              "Plan Width": 32,
              "Plans": [
                {
                  "Node Type": "Hash Join",
                  "Parent Relationship": "Outer",
                  "Parallel Aware": true,
                  "Async Capable": false,
                  "Join Type": "Inner",
                  "Startup Cost": 76401.87,
                  "Total Cost": 1952630.43,
                  "Plan Rows": 458,
                  "Plan Width": 12,
                  "Inner Unique": false,
                  "Hash Cond": "(lineitem.l_partkey = part.p_partkey)",
                  "Join Filter": "(((part.p_brand = 'Brand#12'::bpchar) AND (part.p_container = ANY ('{\"SM CASE\",\"SM BOX\",\"SM PACK\",\"SM PKG\"}'::bpchar[])) AND (lineitem.l_quantity >= '9'::numeric) AND (lineitem.l_quantity <= '19'::numeric) AND (part.p_size <= 5)) OR ((part.p_brand = 'Brand#43'::bpchar) AND (part.p_container = ANY ('{\"MED BAG\",\"MED BOX\",\"MED PKG\",\"MED PACK\"}'::bpchar[])) AND (lineitem.l_quantity >= '18'::numeric) AND (lineitem.l_quantity <= '28'::numeric) AND (part.p_size <= 10)) OR ((part.p_brand = 'Brand#44'::bpchar) AND (part.p_container = ANY ('{\"LG CASE\",\"LG BOX\",\"LG PACK\",\"LG PKG\"}'::bpchar[])) AND (lineitem.l_quantity >= '23'::numeric) AND (lineitem.l_quantity <= '33'::numeric) AND (part.p_size <= 15)))",
                  "Plans": [
                    {
                      "Node Type": "Seq Scan",
                      "Parent Relationship": "Outer",
                      "Parallel Aware": true,
                      "Async Capable": false,
                      "Relation Name": "lineitem",
                      "Alias": "lineitem",
                      "Startup Cost": 0.0,
                      "Total Cost": 1874399.7,
                      "Plan Rows": 481023,
                      "Plan Width": 21,
                      "Filter": "((l_shipmode = ANY ('{AIR,\"AIR REG\"}'::bpchar[])) AND (l_shipinstruct = 'DELIVER IN PERSON'::bpchar) AND (((l_quantity >= '9'::numeric) AND (l_quantity <= '19'::numeric)) OR ((l_quantity >= '18'::numeric) AND (l_quantity <= '28'::numeric)) OR ((l_quantity >= '23'::numeric) AND (l_quantity <= '33'::numeric))))",
                      "parent": 3,
                      "ID": 4
                    },
                    {
                      "Node Type": "Hash",
                      "Parent Relationship": "Inner",
                      "Parallel Aware": true,
                      "Async Capable": false,
                      "Startup Cost": 76377.36,
                      "Total Cost": 76377.36,
                      "Plan Rows": 1961,
                      "Plan Width": 30,
                      "Plans": [
                        {
                          "Node Type": "Seq Scan",
                          "Parent Relationship": "Outer",
                          "Parallel Aware": true,
                          "Async Capable": false,
                          "Relation Name": "part",
                          "Alias": "part",
                          "Startup Cost": 0.0,
                          "Total Cost": 76377.36,
                          "Plan Rows": 1961,
                          "Plan Width": 30,
                          "Filter": "((p_size >= 1) AND (((p_brand = 'Brand#12'::bpchar) AND (p_container = ANY ('{\"SM CASE\",\"SM BOX\",\"SM PACK\",\"SM PKG\"}'::bpchar[])) AND (p_size <= 5)) OR ((p_brand = 'Brand#43'::bpchar) AND (p_container = ANY ('{\"MED BAG\",\"MED BOX\",\"MED PKG\",\"MED PACK\"}'::bpchar[])) AND (p_size <= 10)) OR ((p_brand = 'Brand#44'::bpchar) AND (p_container = ANY ('{\"LG CASE\",\"LG BOX\",\"LG PACK\",\"LG PKG\"}'::bpchar[])) AND (p_size <= 15))))",
                          "parent": 5,
                          "ID": 6
                        }
                      ],
                      "parent": 3,
                      "ID": 5,
                      "left": 6
                    }
                  ],
                  "parent": 2,
                  "ID": 3,
                  "left": 4,
                  "right": 5
                }
              ],
              "parent": 1,
              "ID": 2,
              "left": 3
            }
          ],
          "parent": 0,
          "ID": 1,
          "left": 2
        }
      ],
      "parent": null,
      "ID": 0,
      "left": 1
    },
    "feat": {
      "utility": 0.9517506599035689,
      "query_shape": [
        [
          "Seq Scan",
          "Hash Join",
          "Aggregate",
          "Gather"
        ],
        [
          "Seq Scan",
          "Hash",
          "Hash Join",
          "Aggregate",
          "Gather"
        ]
      ],
      "index_shape": [
        "selection"
      ],
      "physical_operator": {
        "Seq Scan": [
          0.00801704999999997
        ]
      }
    }
  },
  {
    "query": "-- Functional Query Definition\n-- Approved February 1998\n\n\nselect\nsum(l_extendedprice* (1 - l_discount)) as revenue\nfrom\nlineitem,\npart\nwhere\n(\np_partkey = l_partkey\nand p_brand = 'Brand#12'\nand p_container in ('SM CASE', 'SM BOX', 'SM PACK', 'SM PKG')\nand l_quantity >= 9 and l_quantity <= 9 + 10\nand p_size between 1 and 5\nand l_shipmode in ('AIR', 'AIR REG')\nand l_shipinstruct = 'DELIVER IN PERSON'\n)\nor\n(\np_partkey = l_partkey\nand p_brand = 'Brand#43'\nand p_container in ('MED BAG', 'MED BOX', 'MED PKG', 'MED PACK')\nand l_quantity >= 18 and l_quantity <= 18 + 10\nand p_size between 1 and 10\nand l_shipmode in ('AIR', 'AIR REG')\nand l_shipinstruct = 'DELIVER IN PERSON'\n)\nor\n(\np_partkey = l_partkey\nand p_brand = 'Brand#44'\nand p_container in ('LG CASE', 'LG BOX', 'LG PACK', 'LG PKG')\nand l_quantity >= 23 and l_quantity <= 23 + 10\nand p_size between 1 and 15\nand l_shipmode in ('AIR', 'AIR REG')\nand l_shipinstruct = 'DELIVER IN PERSON'\n) ;\n-- $ID$\n-- TPC-H/TPC-R Potential Part Promotion ",
    "indexes": "lineitem.l_shipmode",
    "wo plan est": {
      "Node Type": "Aggregate",
      "Strategy": "Plain",
      "Partial Mode": "Finalize",
      "Parallel Aware": false,
      "Async Capable": false,
      "Startup Cost": 1953634.09,
      "Total Cost": 1953634.1,
      "Plan Rows": 1,
      "Plan Width": 32,
      "Plans": [
        {
          "Node Type": "Gather",
          "Parent Relationship": "Outer",
          "Parallel Aware": false,
          "Async Capable": false,
          "Startup Cost": 1953633.87,
          "Total Cost": 1953634.08,
          "Plan Rows": 2,
          "Plan Width": 32,
          "Workers Planned": 2,
          "Single Copy": false,
          "Plans": [
            {
              "Node Type": "Aggregate",
              "Strategy": "Plain",
              "Partial Mode": "Partial",
              "Parent Relationship": "Outer",
              "Parallel Aware": false,
              "Async Capable": false,
              "Startup Cost": 1952633.87,
              "Total Cost": 1952633.88,
              "Plan Rows": 1,
              "Plan Width": 32,
              "Plans": [
                {
                  "Node Type": "Hash Join",
                  "Parent Relationship": "Outer",
                  "Parallel Aware": true,
                  "Async Capable": false,
                  "Join Type": "Inner",
                  "Startup Cost": 76401.87,
                  "Total Cost": 1952630.43,
                  "Plan Rows": 458,
                  "Plan Width": 12,
                  "Inner Unique": false,
                  "Hash Cond": "(lineitem.l_partkey = part.p_partkey)",
                  "Join Filter": "(((part.p_brand = 'Brand#12'::bpchar) AND (part.p_container = ANY ('{\"SM CASE\",\"SM BOX\",\"SM PACK\",\"SM PKG\"}'::bpchar[])) AND (lineitem.l_quantity >= '9'::numeric) AND (lineitem.l_quantity <= '19'::numeric) AND (part.p_size <= 5)) OR ((part.p_brand = 'Brand#43'::bpchar) AND (part.p_container = ANY ('{\"MED BAG\",\"MED BOX\",\"MED PKG\",\"MED PACK\"}'::bpchar[])) AND (lineitem.l_quantity >= '18'::numeric) AND (lineitem.l_quantity <= '28'::numeric) AND (part.p_size <= 10)) OR ((part.p_brand = 'Brand#44'::bpchar) AND (part.p_container = ANY ('{\"LG CASE\",\"LG BOX\",\"LG PACK\",\"LG PKG\"}'::bpchar[])) AND (lineitem.l_quantity >= '23'::numeric) AND (lineitem.l_quantity <= '33'::numeric) AND (part.p_size <= 15)))",
                  "Plans": [
                    {
                      "Node Type": "Seq Scan",
                      "Parent Relationship": "Outer",
                      "Parallel Aware": true,
                      "Async Capable": false,
                      "Relation Name": "lineitem",
                      "Alias": "lineitem",
                      "Startup Cost": 0.0,
                      "Total Cost": 1874399.7,
                      "Plan Rows": 481023,
                      "Plan Width": 21,
                      "Filter": "((l_shipmode = ANY ('{AIR,\"AIR REG\"}'::bpchar[])) AND (l_shipinstruct = 'DELIVER IN PERSON'::bpchar) AND (((l_quantity >= '9'::numeric) AND (l_quantity <= '19'::numeric)) OR ((l_quantity >= '18'::numeric) AND (l_quantity <= '28'::numeric)) OR ((l_quantity >= '23'::numeric) AND (l_quantity <= '33'::numeric))))",
                      "parent": 3,
                      "ID": 4
                    },
                    {
                      "Node Type": "Hash",
                      "Parent Relationship": "Inner",
                      "Parallel Aware": true,
                      "Async Capable": false,
                      "Startup Cost": 76377.36,
                      "Total Cost": 76377.36,
                      "Plan Rows": 1961,
                      "Plan Width": 30,
                      "Plans": [
                        {
                          "Node Type": "Seq Scan",
                          "Parent Relationship": "Outer",
                          "Parallel Aware": true,
                          "Async Capable": false,
                          "Relation Name": "part",
                          "Alias": "part",
                          "Startup Cost": 0.0,
                          "Total Cost": 76377.36,
                          "Plan Rows": 1961,
                          "Plan Width": 30,
                          "Filter": "((p_size >= 1) AND (((p_brand = 'Brand#12'::bpchar) AND (p_container = ANY ('{\"SM CASE\",\"SM BOX\",\"SM PACK\",\"SM PKG\"}'::bpchar[])) AND (p_size <= 5)) OR ((p_brand = 'Brand#43'::bpchar) AND (p_container = ANY ('{\"MED BAG\",\"MED BOX\",\"MED PKG\",\"MED PACK\"}'::bpchar[])) AND (p_size <= 10)) OR ((p_brand = 'Brand#44'::bpchar) AND (p_container = ANY ('{\"LG CASE\",\"LG BOX\",\"LG PACK\",\"LG PKG\"}'::bpchar[])) AND (p_size <= 15))))",
                          "parent": 5,
                          "ID": 6
                        }
                      ],
                      "parent": 3,
                      "ID": 5,
                      "left": 6
                    }
                  ],
                  "parent": 2,
                  "ID": 3,
                  "left": 4,
                  "right": 5
                }
              ],
              "parent": 1,
              "ID": 2,
              "left": 3
            }
          ],
          "parent": 0,
          "ID": 1,
          "left": 2
        }
      ],
      "parent": null,
      "ID": 0,
      "left": 1
    },
    "feat": {
      "utility": 0.9517506599035689,
      "query_shape": [
        [
          "Seq Scan",
          "Hash Join",
          "Aggregate",
          "Gather"
        ],
        [
          "Seq Scan",
          "Hash",
          "Hash Join",
          "Aggregate",
          "Gather"
        ]
      ],
      "index_shape": [
        "selection"
      ],
      "physical_operator": {
        "Seq Scan": [
          0.00801704999999997
        ]
      }
    }
  },
  {
    "query": "-- Functional Query Definition\n-- Approved February 1998\n\n\nselect\nsum(l_extendedprice* (1 - l_discount)) as revenue\nfrom\nlineitem,\npart\nwhere\n(\np_partkey = l_partkey\nand p_brand = 'Brand#12'\nand p_container in ('SM CASE', 'SM BOX', 'SM PACK', 'SM PKG')\nand l_quantity >= 9 and l_quantity <= 9 + 10\nand p_size between 1 and 5\nand l_shipmode in ('AIR', 'AIR REG')\nand l_shipinstruct = 'DELIVER IN PERSON'\n)\nor\n(\np_partkey = l_partkey\nand p_brand = 'Brand#43'\nand p_container in ('MED BAG', 'MED BOX', 'MED PKG', 'MED PACK')\nand l_quantity >= 18 and l_quantity <= 18 + 10\nand p_size between 1 and 10\nand l_shipmode in ('AIR', 'AIR REG')\nand l_shipinstruct = 'DELIVER IN PERSON'\n)\nor\n(\np_partkey = l_partkey\nand p_brand = 'Brand#44'\nand p_container in ('LG CASE', 'LG BOX', 'LG PACK', 'LG PKG')\nand l_quantity >= 23 and l_quantity <= 23 + 10\nand p_size between 1 and 15\nand l_shipmode in ('AIR', 'AIR REG')\nand l_shipinstruct = 'DELIVER IN PERSON'\n) ;\n-- $ID$\n-- TPC-H/TPC-R Potential Part Promotion ",
    "indexes": "part.p_partkey",
    "wo plan est": {
      "Node Type": "Aggregate",
      "Strategy": "Plain",
      "Partial Mode": "Finalize",
      "Parallel Aware": false,
      "Async Capable": false,
      "Startup Cost": 1953634.09,
      "Total Cost": 1953634.1,
      "Plan Rows": 1,
      "Plan Width": 32,
      "Plans": [
        {
          "Node Type": "Gather",
          "Parent Relationship": "Outer",
          "Parallel Aware": false,
          "Async Capable": false,
          "Startup Cost": 1953633.87,
          "Total Cost": 1953634.08,
          "Plan Rows": 2,
          "Plan Width": 32,
          "Workers Planned": 2,
          "Single Copy": false,
          "Plans": [
            {
              "Node Type": "Aggregate",
              "Strategy": "Plain",
              "Partial Mode": "Partial",
              "Parent Relationship": "Outer",
              "Parallel Aware": false,
              "Async Capable": false,
              "Startup Cost": 1952633.87,
              "Total Cost": 1952633.88,
              "Plan Rows": 1,
              "Plan Width": 32,
              "Plans": [
                {
                  "Node Type": "Hash Join",
                  "Parent Relationship": "Outer",
                  "Parallel Aware": true,
                  "Async Capable": false,
                  "Join Type": "Inner",
                  "Startup Cost": 76401.87,
                  "Total Cost": 1952630.43,
                  "Plan Rows": 458,
                  "Plan Width": 12,
                  "Inner Unique": false,
                  "Hash Cond": "(lineitem.l_partkey = part.p_partkey)",
                  "Join Filter": "(((part.p_brand = 'Brand#12'::bpchar) AND (part.p_container = ANY ('{\"SM CASE\",\"SM BOX\",\"SM PACK\",\"SM PKG\"}'::bpchar[])) AND (lineitem.l_quantity >= '9'::numeric) AND (lineitem.l_quantity <= '19'::numeric) AND (part.p_size <= 5)) OR ((part.p_brand = 'Brand#43'::bpchar) AND (part.p_container = ANY ('{\"MED BAG\",\"MED BOX\",\"MED PKG\",\"MED PACK\"}'::bpchar[])) AND (lineitem.l_quantity >= '18'::numeric) AND (lineitem.l_quantity <= '28'::numeric) AND (part.p_size <= 10)) OR ((part.p_brand = 'Brand#44'::bpchar) AND (part.p_container = ANY ('{\"LG CASE\",\"LG BOX\",\"LG PACK\",\"LG PKG\"}'::bpchar[])) AND (lineitem.l_quantity >= '23'::numeric) AND (lineitem.l_quantity <= '33'::numeric) AND (part.p_size <= 15)))",
                  "Plans": [
                    {
                      "Node Type": "Seq Scan",
                      "Parent Relationship": "Outer",
                      "Parallel Aware": true,
                      "Async Capable": false,
                      "Relation Name": "lineitem",
                      "Alias": "lineitem",
                      "Startup Cost": 0.0,
                      "Total Cost": 1874399.7,
                      "Plan Rows": 481023,
                      "Plan Width": 21,
                      "Filter": "((l_shipmode = ANY ('{AIR,\"AIR REG\"}'::bpchar[])) AND (l_shipinstruct = 'DELIVER IN PERSON'::bpchar) AND (((l_quantity >= '9'::numeric) AND (l_quantity <= '19'::numeric)) OR ((l_quantity >= '18'::numeric) AND (l_quantity <= '28'::numeric)) OR ((l_quantity >= '23'::numeric) AND (l_quantity <= '33'::numeric))))",
                      "parent": 3,
                      "ID": 4
                    },
                    {
                      "Node Type": "Hash",
                      "Parent Relationship": "Inner",
                      "Parallel Aware": true,
                      "Async Capable": false,
                      "Startup Cost": 76377.36,
                      "Total Cost": 76377.36,
                      "Plan Rows": 1961,
                      "Plan Width": 30,
                      "Plans": [
                        {
                          "Node Type": "Seq Scan",
                          "Parent Relationship": "Outer",
                          "Parallel Aware": true,
                          "Async Capable": false,
                          "Relation Name": "part",
                          "Alias": "part",
                          "Startup Cost": 0.0,
                          "Total Cost": 76377.36,
                          "Plan Rows": 1961,
                          "Plan Width": 30,
                          "Filter": "((p_size >= 1) AND (((p_brand = 'Brand#12'::bpchar) AND (p_container = ANY ('{\"SM CASE\",\"SM BOX\",\"SM PACK\",\"SM PKG\"}'::bpchar[])) AND (p_size <= 5)) OR ((p_brand = 'Brand#43'::bpchar) AND (p_container = ANY ('{\"MED BAG\",\"MED BOX\",\"MED PKG\",\"MED PACK\"}'::bpchar[])) AND (p_size <= 10)) OR ((p_brand = 'Brand#44'::bpchar) AND (p_container = ANY ('{\"LG CASE\",\"LG BOX\",\"LG PACK\",\"LG PKG\"}'::bpchar[])) AND (p_size <= 15))))",
                          "parent": 5,
                          "ID": 6
                        }
                      ],
                      "parent": 3,
                      "ID": 5,
                      "left": 6
                    }
                  ],
                  "parent": 2,
                  "ID": 3,
                  "left": 4,
                  "right": 5
                }
              ],
              "parent": 1,
              "ID": 2,
              "left": 3
            }
          ],
          "parent": 0,
          "ID": 1,
          "left": 2
        }
      ],
      "parent": null,
      "ID": 0,
      "left": 1
    },
    "feat": {
      "utility": 0.03906777625491031,
      "query_shape": [
        [
          "Seq Scan",
          "Hash Join",
          "Aggregate",
          "Gather"
        ],
        [
          "Seq Scan",
          "Hash",
          "Hash Join",
          "Aggregate",
          "Gather"
        ]
      ],
      "index_shape": [
        "join"
      ],
      "physical_operator": {
        "Hash Join": [
          0.0006968046190249153
        ]
      }
    }
  },
  {
    "query": "-- Functional Query Definition\n-- Approved February 1998\n\n\nselect\nsum(l_extendedprice* (1 - l_discount)) as revenue\nfrom\nlineitem,\npart\nwhere\n(\np_partkey = l_partkey\nand p_brand = 'Brand#12'\nand p_container in ('SM CASE', 'SM BOX', 'SM PACK', 'SM PKG')\nand l_quantity >= 9 and l_quantity <= 9 + 10\nand p_size between 1 and 5\nand l_shipmode in ('AIR', 'AIR REG')\nand l_shipinstruct = 'DELIVER IN PERSON'\n)\nor\n(\np_partkey = l_partkey\nand p_brand = 'Brand#43'\nand p_container in ('MED BAG', 'MED BOX', 'MED PKG', 'MED PACK')\nand l_quantity >= 18 and l_quantity <= 18 + 10\nand p_size between 1 and 10\nand l_shipmode in ('AIR', 'AIR REG')\nand l_shipinstruct = 'DELIVER IN PERSON'\n)\nor\n(\np_partkey = l_partkey\nand p_brand = 'Brand#44'\nand p_container in ('LG CASE', 'LG BOX', 'LG PACK', 'LG PKG')\nand l_quantity >= 23 and l_quantity <= 23 + 10\nand p_size between 1 and 15\nand l_shipmode in ('AIR', 'AIR REG')\nand l_shipinstruct = 'DELIVER IN PERSON'\n) ;\n-- $ID$\n-- TPC-H/TPC-R Potential Part Promotion ",
    "indexes": "part.p_brand",
    "wo plan est": {
      "Node Type": "Aggregate",
      "Strategy": "Plain",
      "Partial Mode": "Finalize",
      "Parallel Aware": false,
      "Async Capable": false,
      "Startup Cost": 1953634.09,
      "Total Cost": 1953634.1,
      "Plan Rows": 1,
      "Plan Width": 32,
      "Plans": [
        {
          "Node Type": "Gather",
          "Parent Relationship": "Outer",
          "Parallel Aware": false,
          "Async Capable": false,
          "Startup Cost": 1953633.87,
          "Total Cost": 1953634.08,
          "Plan Rows": 2,
          "Plan Width": 32,
          "Workers Planned": 2,
          "Single Copy": false,
          "Plans": [
            {
              "Node Type": "Aggregate",
              "Strategy": "Plain",
              "Partial Mode": "Partial",
              "Parent Relationship": "Outer",
              "Parallel Aware": false,
              "Async Capable": false,
              "Startup Cost": 1952633.87,
              "Total Cost": 1952633.88,
              "Plan Rows": 1,
              "Plan Width": 32,
              "Plans": [
                {
                  "Node Type": "Hash Join",
                  "Parent Relationship": "Outer",
                  "Parallel Aware": true,
                  "Async Capable": false,
                  "Join Type": "Inner",
                  "Startup Cost": 76401.87,
                  "Total Cost": 1952630.43,
                  "Plan Rows": 458,
                  "Plan Width": 12,
                  "Inner Unique": false,
                  "Hash Cond": "(lineitem.l_partkey = part.p_partkey)",
                  "Join Filter": "(((part.p_brand = 'Brand#12'::bpchar) AND (part.p_container = ANY ('{\"SM CASE\",\"SM BOX\",\"SM PACK\",\"SM PKG\"}'::bpchar[])) AND (lineitem.l_quantity >= '9'::numeric) AND (lineitem.l_quantity <= '19'::numeric) AND (part.p_size <= 5)) OR ((part.p_brand = 'Brand#43'::bpchar) AND (part.p_container = ANY ('{\"MED BAG\",\"MED BOX\",\"MED PKG\",\"MED PACK\"}'::bpchar[])) AND (lineitem.l_quantity >= '18'::numeric) AND (lineitem.l_quantity <= '28'::numeric) AND (part.p_size <= 10)) OR ((part.p_brand = 'Brand#44'::bpchar) AND (part.p_container = ANY ('{\"LG CASE\",\"LG BOX\",\"LG PACK\",\"LG PKG\"}'::bpchar[])) AND (lineitem.l_quantity >= '23'::numeric) AND (lineitem.l_quantity <= '33'::numeric) AND (part.p_size <= 15)))",
                  "Plans": [
                    {
                      "Node Type": "Seq Scan",
                      "Parent Relationship": "Outer",
                      "Parallel Aware": true,
                      "Async Capable": false,
                      "Relation Name": "lineitem",
                      "Alias": "lineitem",
                      "Startup Cost": 0.0,
                      "Total Cost": 1874399.7,
                      "Plan Rows": 481023,
                      "Plan Width": 21,
                      "Filter": "((l_shipmode = ANY ('{AIR,\"AIR REG\"}'::bpchar[])) AND (l_shipinstruct = 'DELIVER IN PERSON'::bpchar) AND (((l_quantity >= '9'::numeric) AND (l_quantity <= '19'::numeric)) OR ((l_quantity >= '18'::numeric) AND (l_quantity <= '28'::numeric)) OR ((l_quantity >= '23'::numeric) AND (l_quantity <= '33'::numeric))))",
                      "parent": 3,
                      "ID": 4
                    },
                    {
                      "Node Type": "Hash",
                      "Parent Relationship": "Inner",
                      "Parallel Aware": true,
                      "Async Capable": false,
                      "Startup Cost": 76377.36,
                      "Total Cost": 76377.36,
                      "Plan Rows": 1961,
                      "Plan Width": 30,
                      "Plans": [
                        {
                          "Node Type": "Seq Scan",
                          "Parent Relationship": "Outer",
                          "Parallel Aware": true,
                          "Async Capable": false,
                          "Relation Name": "part",
                          "Alias": "part",
                          "Startup Cost": 0.0,
                          "Total Cost": 76377.36,
                          "Plan Rows": 1961,
                          "Plan Width": 30,
                          "Filter": "((p_size >= 1) AND (((p_brand = 'Brand#12'::bpchar) AND (p_container = ANY ('{\"SM CASE\",\"SM BOX\",\"SM PACK\",\"SM PKG\"}'::bpchar[])) AND (p_size <= 5)) OR ((p_brand = 'Brand#43'::bpchar) AND (p_container = ANY ('{\"MED BAG\",\"MED BOX\",\"MED PKG\",\"MED PACK\"}'::bpchar[])) AND (p_size <= 10)) OR ((p_brand = 'Brand#44'::bpchar) AND (p_container = ANY ('{\"LG CASE\",\"LG BOX\",\"LG PACK\",\"LG PKG\"}'::bpchar[])) AND (p_size <= 15))))",
                          "parent": 5,
                          "ID": 6
                        }
                      ],
                      "parent": 3,
                      "ID": 5,
                      "left": 6
                    }
                  ],
                  "parent": 2,
                  "ID": 3,
                  "left": 4,
                  "right": 5
                }
              ],
              "parent": 1,
              "ID": 2,
              "left": 3
            }
          ],
          "parent": 0,
          "ID": 1,
          "left": 2
        }
      ],
      "parent": null,
      "ID": 0,
      "left": 1
    },
    "feat": {
      "utility": 0.07812446143383915,
      "query_shape": [
        [
          "Seq Scan",
          "Hash Join",
          "Aggregate",
          "Gather"
        ],
        [
          "Seq Scan",
          "Hash",
          "Hash Join",
          "Aggregate",
          "Gather"
        ]
      ],
      "index_shape": [
        "join"
      ],
      "physical_operator": {
        "Seq Scan": [
          0.0009805000000000508
        ],
        "Hash Join": [
          0.0006968046190249153
        ]
      }
    }
  },
  {
    "query": "-- Functional Query Definition\n-- Approved February 1998\n\n\nselect\nsum(l_extendedprice* (1 - l_discount)) as revenue\nfrom\nlineitem,\npart\nwhere\n(\np_partkey = l_partkey\nand p_brand = 'Brand#12'\nand p_container in ('SM CASE', 'SM BOX', 'SM PACK', 'SM PKG')\nand l_quantity >= 9 and l_quantity <= 9 + 10\nand p_size between 1 and 5\nand l_shipmode in ('AIR', 'AIR REG')\nand l_shipinstruct = 'DELIVER IN PERSON'\n)\nor\n(\np_partkey = l_partkey\nand p_brand = 'Brand#43'\nand p_container in ('MED BAG', 'MED BOX', 'MED PKG', 'MED PACK')\nand l_quantity >= 18 and l_quantity <= 18 + 10\nand p_size between 1 and 10\nand l_shipmode in ('AIR', 'AIR REG')\nand l_shipinstruct = 'DELIVER IN PERSON'\n)\nor\n(\np_partkey = l_partkey\nand p_brand = 'Brand#44'\nand p_container in ('LG CASE', 'LG BOX', 'LG PACK', 'LG PKG')\nand l_quantity >= 23 and l_quantity <= 23 + 10\nand p_size between 1 and 15\nand l_shipmode in ('AIR', 'AIR REG')\nand l_shipinstruct = 'DELIVER IN PERSON'\n) ;\n-- $ID$\n-- TPC-H/TPC-R Potential Part Promotion ",
    "indexes": "part.p_size",
    "wo plan est": {
      "Node Type": "Aggregate",
      "Strategy": "Plain",
      "Partial Mode": "Finalize",
      "Parallel Aware": false,
      "Async Capable": false,
      "Startup Cost": 1953634.09,
      "Total Cost": 1953634.1,
      "Plan Rows": 1,
      "Plan Width": 32,
      "Plans": [
        {
          "Node Type": "Gather",
          "Parent Relationship": "Outer",
          "Parallel Aware": false,
          "Async Capable": false,
          "Startup Cost": 1953633.87,
          "Total Cost": 1953634.08,
          "Plan Rows": 2,
          "Plan Width": 32,
          "Workers Planned": 2,
          "Single Copy": false,
          "Plans": [
            {
              "Node Type": "Aggregate",
              "Strategy": "Plain",
              "Partial Mode": "Partial",
              "Parent Relationship": "Outer",
              "Parallel Aware": false,
              "Async Capable": false,
              "Startup Cost": 1952633.87,
              "Total Cost": 1952633.88,
              "Plan Rows": 1,
              "Plan Width": 32,
              "Plans": [
                {
                  "Node Type": "Hash Join",
                  "Parent Relationship": "Outer",
                  "Parallel Aware": true,
                  "Async Capable": false,
                  "Join Type": "Inner",
                  "Startup Cost": 76401.87,
                  "Total Cost": 1952630.43,
                  "Plan Rows": 458,
                  "Plan Width": 12,
                  "Inner Unique": false,
                  "Hash Cond": "(lineitem.l_partkey = part.p_partkey)",
                  "Join Filter": "(((part.p_brand = 'Brand#12'::bpchar) AND (part.p_container = ANY ('{\"SM CASE\",\"SM BOX\",\"SM PACK\",\"SM PKG\"}'::bpchar[])) AND (lineitem.l_quantity >= '9'::numeric) AND (lineitem.l_quantity <= '19'::numeric) AND (part.p_size <= 5)) OR ((part.p_brand = 'Brand#43'::bpchar) AND (part.p_container = ANY ('{\"MED BAG\",\"MED BOX\",\"MED PKG\",\"MED PACK\"}'::bpchar[])) AND (lineitem.l_quantity >= '18'::numeric) AND (lineitem.l_quantity <= '28'::numeric) AND (part.p_size <= 10)) OR ((part.p_brand = 'Brand#44'::bpchar) AND (part.p_container = ANY ('{\"LG CASE\",\"LG BOX\",\"LG PACK\",\"LG PKG\"}'::bpchar[])) AND (lineitem.l_quantity >= '23'::numeric) AND (lineitem.l_quantity <= '33'::numeric) AND (part.p_size <= 15)))",
                  "Plans": [
                    {
                      "Node Type": "Seq Scan",
                      "Parent Relationship": "Outer",
                      "Parallel Aware": true,
                      "Async Capable": false,
                      "Relation Name": "lineitem",
                      "Alias": "lineitem",
                      "Startup Cost": 0.0,
                      "Total Cost": 1874399.7,
                      "Plan Rows": 481023,
                      "Plan Width": 21,
                      "Filter": "((l_shipmode = ANY ('{AIR,\"AIR REG\"}'::bpchar[])) AND (l_shipinstruct = 'DELIVER IN PERSON'::bpchar) AND (((l_quantity >= '9'::numeric) AND (l_quantity <= '19'::numeric)) OR ((l_quantity >= '18'::numeric) AND (l_quantity <= '28'::numeric)) OR ((l_quantity >= '23'::numeric) AND (l_quantity <= '33'::numeric))))",
                      "parent": 3,
                      "ID": 4
                    },
                    {
                      "Node Type": "Hash",
                      "Parent Relationship": "Inner",
                      "Parallel Aware": true,
                      "Async Capable": false,
                      "Startup Cost": 76377.36,
                      "Total Cost": 76377.36,
                      "Plan Rows": 1961,
                      "Plan Width": 30,
                      "Plans": [
                        {
                          "Node Type": "Seq Scan",
                          "Parent Relationship": "Outer",
                          "Parallel Aware": true,
                          "Async Capable": false,
                          "Relation Name": "part",
                          "Alias": "part",
                          "Startup Cost": 0.0,
                          "Total Cost": 76377.36,
                          "Plan Rows": 1961,
                          "Plan Width": 30,
                          "Filter": "((p_size >= 1) AND (((p_brand = 'Brand#12'::bpchar) AND (p_container = ANY ('{\"SM CASE\",\"SM BOX\",\"SM PACK\",\"SM PKG\"}'::bpchar[])) AND (p_size <= 5)) OR ((p_brand = 'Brand#43'::bpchar) AND (p_container = ANY ('{\"MED BAG\",\"MED BOX\",\"MED PKG\",\"MED PACK\"}'::bpchar[])) AND (p_size <= 10)) OR ((p_brand = 'Brand#44'::bpchar) AND (p_container = ANY ('{\"LG CASE\",\"LG BOX\",\"LG PACK\",\"LG PKG\"}'::bpchar[])) AND (p_size <= 15))))",
                          "parent": 5,
                          "ID": 6
                        }
                      ],
                      "parent": 3,
                      "ID": 5,
                      "left": 6
                    }
                  ],
                  "parent": 2,
                  "ID": 3,
                  "left": 4,
                  "right": 5
                }
              ],
              "parent": 1,
              "ID": 2,
              "left": 3
            }
          ],
          "parent": 0,
          "ID": 1,
          "left": 2
        }
      ],
      "parent": null,
      "ID": 0,
      "left": 1
    },
    "feat": {
      "utility": 0.07812446143383915,
      "query_shape": [
        [
          "Seq Scan",
          "Hash Join",
          "Aggregate",
          "Gather"
        ],
        [
          "Seq Scan",
          "Hash",
          "Hash Join",
          "Aggregate",
          "Gather"
        ]
      ],
      "index_shape": [
        "join"
      ],
      "physical_operator": {
        "Seq Scan": [
          0.0009805000000000508
        ],
        "Hash Join": [
          0.0006968046190249153
        ]
      }
    }
  },
  {
    "query": "-- Functional Query Definition\n-- Approved February 1998\n\n\nselect\nsum(l_extendedprice* (1 - l_discount)) as revenue\nfrom\nlineitem,\npart\nwhere\n(\np_partkey = l_partkey\nand p_brand = 'Brand#12'\nand p_container in ('SM CASE', 'SM BOX', 'SM PACK', 'SM PKG')\nand l_quantity >= 9 and l_quantity <= 9 + 10\nand p_size between 1 and 5\nand l_shipmode in ('AIR', 'AIR REG')\nand l_shipinstruct = 'DELIVER IN PERSON'\n)\nor\n(\np_partkey = l_partkey\nand p_brand = 'Brand#43'\nand p_container in ('MED BAG', 'MED BOX', 'MED PKG', 'MED PACK')\nand l_quantity >= 18 and l_quantity <= 18 + 10\nand p_size between 1 and 10\nand l_shipmode in ('AIR', 'AIR REG')\nand l_shipinstruct = 'DELIVER IN PERSON'\n)\nor\n(\np_partkey = l_partkey\nand p_brand = 'Brand#44'\nand p_container in ('LG CASE', 'LG BOX', 'LG PACK', 'LG PKG')\nand l_quantity >= 23 and l_quantity <= 23 + 10\nand p_size between 1 and 15\nand l_shipmode in ('AIR', 'AIR REG')\nand l_shipinstruct = 'DELIVER IN PERSON'\n) ;\n-- $ID$\n-- TPC-H/TPC-R Potential Part Promotion ",
    "indexes": "part.p_container",
    "wo plan est": {
      "Node Type": "Aggregate",
      "Strategy": "Plain",
      "Partial Mode": "Finalize",
      "Parallel Aware": false,
      "Async Capable": false,
      "Startup Cost": 1953634.09,
      "Total Cost": 1953634.1,
      "Plan Rows": 1,
      "Plan Width": 32,
      "Plans": [
        {
          "Node Type": "Gather",
          "Parent Relationship": "Outer",
          "Parallel Aware": false,
          "Async Capable": false,
          "Startup Cost": 1953633.87,
          "Total Cost": 1953634.08,
          "Plan Rows": 2,
          "Plan Width": 32,
          "Workers Planned": 2,
          "Single Copy": false,
          "Plans": [
            {
              "Node Type": "Aggregate",
              "Strategy": "Plain",
              "Partial Mode": "Partial",
              "Parent Relationship": "Outer",
              "Parallel Aware": false,
              "Async Capable": false,
              "Startup Cost": 1952633.87,
              "Total Cost": 1952633.88,
              "Plan Rows": 1,
              "Plan Width": 32,
              "Plans": [
                {
                  "Node Type": "Hash Join",
                  "Parent Relationship": "Outer",
                  "Parallel Aware": true,
                  "Async Capable": false,
                  "Join Type": "Inner",
                  "Startup Cost": 76401.87,
                  "Total Cost": 1952630.43,
                  "Plan Rows": 458,
                  "Plan Width": 12,
                  "Inner Unique": false,
                  "Hash Cond": "(lineitem.l_partkey = part.p_partkey)",
                  "Join Filter": "(((part.p_brand = 'Brand#12'::bpchar) AND (part.p_container = ANY ('{\"SM CASE\",\"SM BOX\",\"SM PACK\",\"SM PKG\"}'::bpchar[])) AND (lineitem.l_quantity >= '9'::numeric) AND (lineitem.l_quantity <= '19'::numeric) AND (part.p_size <= 5)) OR ((part.p_brand = 'Brand#43'::bpchar) AND (part.p_container = ANY ('{\"MED BAG\",\"MED BOX\",\"MED PKG\",\"MED PACK\"}'::bpchar[])) AND (lineitem.l_quantity >= '18'::numeric) AND (lineitem.l_quantity <= '28'::numeric) AND (part.p_size <= 10)) OR ((part.p_brand = 'Brand#44'::bpchar) AND (part.p_container = ANY ('{\"LG CASE\",\"LG BOX\",\"LG PACK\",\"LG PKG\"}'::bpchar[])) AND (lineitem.l_quantity >= '23'::numeric) AND (lineitem.l_quantity <= '33'::numeric) AND (part.p_size <= 15)))",
                  "Plans": [
                    {
                      "Node Type": "Seq Scan",
                      "Parent Relationship": "Outer",
                      "Parallel Aware": true,
                      "Async Capable": false,
                      "Relation Name": "lineitem",
                      "Alias": "lineitem",
                      "Startup Cost": 0.0,
                      "Total Cost": 1874399.7,
                      "Plan Rows": 481023,
                      "Plan Width": 21,
                      "Filter": "((l_shipmode = ANY ('{AIR,\"AIR REG\"}'::bpchar[])) AND (l_shipinstruct = 'DELIVER IN PERSON'::bpchar) AND (((l_quantity >= '9'::numeric) AND (l_quantity <= '19'::numeric)) OR ((l_quantity >= '18'::numeric) AND (l_quantity <= '28'::numeric)) OR ((l_quantity >= '23'::numeric) AND (l_quantity <= '33'::numeric))))",
                      "parent": 3,
                      "ID": 4
                    },
                    {
                      "Node Type": "Hash",
                      "Parent Relationship": "Inner",
                      "Parallel Aware": true,
                      "Async Capable": false,
                      "Startup Cost": 76377.36,
                      "Total Cost": 76377.36,
                      "Plan Rows": 1961,
                      "Plan Width": 30,
                      "Plans": [
                        {
                          "Node Type": "Seq Scan",
                          "Parent Relationship": "Outer",
                          "Parallel Aware": true,
                          "Async Capable": false,
                          "Relation Name": "part",
                          "Alias": "part",
                          "Startup Cost": 0.0,
                          "Total Cost": 76377.36,
                          "Plan Rows": 1961,
                          "Plan Width": 30,
                          "Filter": "((p_size >= 1) AND (((p_brand = 'Brand#12'::bpchar) AND (p_container = ANY ('{\"SM CASE\",\"SM BOX\",\"SM PACK\",\"SM PKG\"}'::bpchar[])) AND (p_size <= 5)) OR ((p_brand = 'Brand#43'::bpchar) AND (p_container = ANY ('{\"MED BAG\",\"MED BOX\",\"MED PKG\",\"MED PACK\"}'::bpchar[])) AND (p_size <= 10)) OR ((p_brand = 'Brand#44'::bpchar) AND (p_container = ANY ('{\"LG CASE\",\"LG BOX\",\"LG PACK\",\"LG PKG\"}'::bpchar[])) AND (p_size <= 15))))",
                          "parent": 5,
                          "ID": 6
                        }
                      ],
                      "parent": 3,
                      "ID": 5,
                      "left": 6
                    }
                  ],
                  "parent": 2,
                  "ID": 3,
                  "left": 4,
                  "right": 5
                }
              ],
              "parent": 1,
              "ID": 2,
              "left": 3
            }
          ],
          "parent": 0,
          "ID": 1,
          "left": 2
        }
      ],
      "parent": null,
      "ID": 0,
      "left": 1
    },
    "feat": {
      "utility": 0.07812446143383915,
      "query_shape": [
        [
          "Seq Scan",
          "Hash Join",
          "Aggregate",
          "Gather"
        ],
        [
          "Seq Scan",
          "Hash",
          "Hash Join",
          "Aggregate",
          "Gather"
        ]
      ],
      "index_shape": [
        "join"
      ],
      "physical_operator": {
        "Seq Scan": [
          0.0009805000000000508
        ],
        "Hash Join": [
          0.0006968046190249153
        ]
      }
    }
  },
  {
    "query": "-- Functional Query Definition\n-- Approved February 1998\n\n\nselect\nps_partkey,\nsum(ps_supplycost * ps_availqty) as value\nfrom\npartsupp,\nsupplier,\nnation\nwhere\nps_suppkey = s_suppkey\nand s_nationkey = n_nationkey\nand n_name = 'CANADA'\ngroup by\nps_partkey having\nsum(ps_supplycost * ps_availqty) > (\nselect\nsum(ps_supplycost * ps_availqty) * 0.0000100000\nfrom\npartsupp,\nsupplier,\nnation\nwhere\nps_suppkey = s_suppkey\nand s_nationkey = n_nationkey\nand n_name = 'CANADA'\n)\norder by\nvalue desc ;\n-- $ID$\n-- TPC-H/TPC-R Shipping Modes and Order Priority ",
    "indexes": "nation.n_nationkey",
    "wo plan est": {
      "Node Type": "Sort",
      "Parallel Aware": false,
      "Async Capable": false,
      "Startup Cost": 517534.29,
      "Total Cost": 517800.95,
      "Plan Rows": 106664,
      "Plan Width": 36,
      "Sort Key": [
        "(sum((partsupp.ps_supplycost * (partsupp.ps_availqty)::numeric))) DESC"
      ],
      "Plans": [
        {
          "Node Type": "Aggregate",
          "Strategy": "Plain",
          "Partial Mode": "Finalize",
          "Parent Relationship": "InitPlan",
          "Subplan Name": "InitPlan 1 (returns $1)",
          "Parallel Aware": false,
          "Async Capable": false,
          "Startup Cost": 226081.91,
          "Total Cost": 226081.92,
          "Plan Rows": 1,
          "Plan Width": 32,
          "Plans": [
            {
              "Node Type": "Gather",
              "Parent Relationship": "Outer",
              "Parallel Aware": false,
              "Async Capable": false,
              "Startup Cost": 226081.68,
              "Total Cost": 226081.89,
              "Plan Rows": 2,
              "Plan Width": 32,
              "Workers Planned": 2,
              "Single Copy": false,
              "Plans": [
                {
                  "Node Type": "Aggregate",
                  "Strategy": "Plain",
                  "Partial Mode": "Partial",
                  "Parent Relationship": "Outer",
                  "Parallel Aware": false,
                  "Async Capable": false,
                  "Startup Cost": 225081.68,
                  "Total Cost": 225081.69,
                  "Plan Rows": 1,
                  "Plan Width": 32,
                  "Plans": [
                    {
                      "Node Type": "Hash Join",
                      "Parent Relationship": "Outer",
                      "Parallel Aware": true,
                      "Async Capable": false,
                      "Join Type": "Inner",
                      "Startup Cost": 3079.09,
                      "Total Cost": 224081.71,
                      "Plan Rows": 133330,
                      "Plan Width": 10,
                      "Inner Unique": false,
                      "Hash Cond": "(partsupp_1.ps_suppkey = supplier_1.s_suppkey)",
                      "Plans": [
                        {
                          "Node Type": "Seq Scan",
                          "Parent Relationship": "Outer",
                          "Parallel Aware": true,
                          "Async Capable": false,
                          "Relation Name": "partsupp",
                          "Alias": "partsupp_1",
                          "Startup Cost": 0.0,
                          "Total Cost": 207718.58,
                          "Plan Rows": 3333258,
                          "Plan Width": 14,
                          "parent": 4,
                          "ID": 5
                        },
                        {
                          "Node Type": "Hash",
                          "Parent Relationship": "Inner",
                          "Parallel Aware": true,
                          "Async Capable": false,
                          "Startup Cost": 3049.68,
                          "Total Cost": 3049.68,
                          "Plan Rows": 2353,
                          "Plan Width": 4,
                          "Plans": [
                            {
                              "Node Type": "Hash Join",
                              "Parent Relationship": "Outer",
                              "Parallel Aware": false,
                              "Async Capable": false,
                              "Join Type": "Inner",
                              "Startup Cost": 1.32,
                              "Total Cost": 3049.68,
                              "Plan Rows": 2353,
                              "Plan Width": 4,
                              "Inner Unique": false,
                              "Hash Cond": "(supplier_1.s_nationkey = nation_1.n_nationkey)",
                              "Plans": [
                                {
                                  "Node Type": "Seq Scan",
                                  "Parent Relationship": "Outer",
                                  "Parallel Aware": true,
                                  "Async Capable": false,
                                  "Relation Name": "supplier",
                                  "Alias": "supplier_1",
                                  "Startup Cost": 0.0,
                                  "Total Cost": 2804.24,
                                  "Plan Rows": 58824,
                                  "Plan Width": 8,
                                  "parent": 7,
                                  "ID": 8
                                },
                                {
                                  "Node Type": "Hash",
                                  "Parent Relationship": "Inner",
                                  "Parallel Aware": false,
                                  "Async Capable": false,
                                  "Startup Cost": 1.31,
                                  "Total Cost": 1.31,
                                  "Plan Rows": 1,
                                  "Plan Width": 4,
                                  "Plans": [
                                    {
                                      "Node Type": "Seq Scan",
                                      "Parent Relationship": "Outer",
                                      "Parallel Aware": false,
                                      "Async Capable": false,
                                      "Relation Name": "nation",
                                      "Alias": "nation_1",
                                      "Startup Cost": 0.0,
                                      "Total Cost": 1.31,
                                      "Plan Rows": 1,
                                      "Plan Width": 4,
                                      "Filter": "(n_name = 'CANADA'::bpchar)",
                                      "parent": 9,
                                      "ID": 10
                                    }
                                  ],
                                  "parent": 7,
                                  "ID": 9,
                                  "left": 10
                                }
                              ],
                              "parent": 6,
                              "ID": 7,
                              "left": 8,
                              "right": 9
                            }
                          ],
                          "parent": 4,
                          "ID": 6,
                          "left": 7
                        }
                      ],
                      "parent": 3,
                      "ID": 4,
                      "left": 5,
                      "right": 6
                    }
                  ],
                  "parent": 2,
                  "ID": 3,
                  "left": 4
                }
              ],
              "parent": 1,
              "ID": 2,
              "left": 3
            }
          ],
          "parent": 0,
          "ID": 1,
          "left": 2
        },
        {
          "Node Type": "Aggregate",
          "Strategy": "Sorted",
          "Partial Mode": "Finalize",
          "Parent Relationship": "Outer",
          "Parallel Aware": false,
          "Async Capable": false,
          "Startup Cost": 238713.21,
          "Total Cost": 279625.48,
          "Plan Rows": 106664,
          "Plan Width": 36,
          "Group Key": [
            "partsupp.ps_partkey"
          ],
          "Filter": "(sum((partsupp.ps_supplycost * (partsupp.ps_availqty)::numeric)) > $1)",
          "Plans": [
            {
              "Node Type": "Gather Merge",
              "Parent Relationship": "Outer",
              "Parallel Aware": false,
              "Async Capable": false,
              "Startup Cost": 238713.21,
              "Total Cost": 272825.64,
              "Plan Rows": 266660,
              "Plan Width": 36,
              "Workers Planned": 2,
              "Plans": [
                {
                  "Node Type": "Aggregate",
                  "Strategy": "Sorted",
                  "Partial Mode": "Partial",
                  "Parent Relationship": "Outer",
                  "Parallel Aware": false,
                  "Async Capable": false,
                  "Startup Cost": 237713.18,
                  "Total Cost": 241046.43,
                  "Plan Rows": 133330,
                  "Plan Width": 36,
                  "Group Key": [
                    "partsupp.ps_partkey"
                  ],
                  "Plans": [
                    {
                      "Node Type": "Sort",
                      "Parent Relationship": "Outer",
                      "Parallel Aware": false,
                      "Async Capable": false,
                      "Startup Cost": 237713.18,
                      "Total Cost": 238046.51,
                      "Plan Rows": 133330,
                      "Plan Width": 14,
                      "Sort Key": [
                        "partsupp.ps_partkey"
                      ],
                      "Plans": [
                        {
                          "Node Type": "Hash Join",
                          "Parent Relationship": "Outer",
                          "Parallel Aware": true,
                          "Async Capable": false,
                          "Join Type": "Inner",
                          "Startup Cost": 3079.09,
                          "Total Cost": 224081.71,
                          "Plan Rows": 133330,
                          "Plan Width": 14,
                          "Inner Unique": false,
                          "Hash Cond": "(partsupp.ps_suppkey = supplier.s_suppkey)",
                          "Plans": [
                            {
                              "Node Type": "Seq Scan",
                              "Parent Relationship": "Outer",
                              "Parallel Aware": true,
                              "Async Capable": false,
                              "Relation Name": "partsupp",
                              "Alias": "partsupp",
                              "Startup Cost": 0.0,
                              "Total Cost": 207718.58,
                              "Plan Rows": 3333258,
                              "Plan Width": 18,
                              "parent": 15,
                              "ID": 16
                            },
                            {
                              "Node Type": "Hash",
                              "Parent Relationship": "Inner",
                              "Parallel Aware": true,
                              "Async Capable": false,
                              "Startup Cost": 3049.68,
                              "Total Cost": 3049.68,
                              "Plan Rows": 2353,
                              "Plan Width": 4,
                              "Plans": [
                                {
                                  "Node Type": "Hash Join",
                                  "Parent Relationship": "Outer",
                                  "Parallel Aware": false,
                                  "Async Capable": false,
                                  "Join Type": "Inner",
                                  "Startup Cost": 1.32,
                                  "Total Cost": 3049.68,
                                  "Plan Rows": 2353,
                                  "Plan Width": 4,
                                  "Inner Unique": false,
                                  "Hash Cond": "(supplier.s_nationkey = nation.n_nationkey)",
                                  "Plans": [
                                    {
                                      "Node Type": "Seq Scan",
                                      "Parent Relationship": "Outer",
                                      "Parallel Aware": true,
                                      "Async Capable": false,
                                      "Relation Name": "supplier",
                                      "Alias": "supplier",
                                      "Startup Cost": 0.0,
                                      "Total Cost": 2804.24,
                                      "Plan Rows": 58824,
                                      "Plan Width": 8,
                                      "parent": 18,
                                      "ID": 19
                                    },
                                    {
                                      "Node Type": "Hash",
                                      "Parent Relationship": "Inner",
                                      "Parallel Aware": false,
                                      "Async Capable": false,
                                      "Startup Cost": 1.31,
                                      "Total Cost": 1.31,
                                      "Plan Rows": 1,
                                      "Plan Width": 4,
                                      "Plans": [
                                        {
                                          "Node Type": "Seq Scan",
                                          "Parent Relationship": "Outer",
                                          "Parallel Aware": false,
                                          "Async Capable": false,
                                          "Relation Name": "nation",
                                          "Alias": "nation",
                                          "Startup Cost": 0.0,
                                          "Total Cost": 1.31,
                                          "Plan Rows": 1,
                                          "Plan Width": 4,
                                          "Filter": "(n_name = 'CANADA'::bpchar)",
                                          "parent": 20,
                                          "ID": 21
                                        }
                                      ],
                                      "parent": 18,
                                      "ID": 20,
                                      "left": 21
                                    }
                                  ],
                                  "parent": 17,
                                  "ID": 18,
                                  "left": 19,
                                  "right": 20
                                }
                              ],
                              "parent": 15,
                              "ID": 17,
                              "left": 18
                            }
                          ],
                          "parent": 14,
                          "ID": 15,
                          "left": 16,
                          "right": 17
                        }
                      ],
                      "parent": 13,
                      "ID": 14,
                      "left": 15
                    }
                  ],
                  "parent": 12,
                  "ID": 13,
                  "left": 14
                }
              ],
              "parent": 11,
              "ID": 12,
              "left": 13
            }
          ],
          "parent": 0,
          "ID": 11,
          "left": 12
        }
      ],
      "parent": null,
      "ID": 0,
      "left": 1,
      "right": 11
    },
    "feat": {
      "utility": 4.0478789118763895e-06,
      "query_shape": [
        [
          "Seq Scan",
          "Hash Join",
          "Aggregate",
          "Gather"
        ],
        [
          "Seq Scan",
          "Hash Join",
          "Hash",
          "Aggregate",
          "Gather"
        ],
        [
          "Seq Scan",
          "Hash",
          "Hash Join",
          "Aggregate",
          "Gather"
        ],
        [
          "Seq Scan",
          "Hash Join",
          "Sort",
          "Aggregate",
          "Gather Merge"
        ],
        [
          "Seq Scan",
          "Hash Join",
          "Hash",
          "Sort",
          "Aggregate",
          "Gather Merge"
        ],
        [
          "Seq Scan",
          "Hash",
          "Hash Join",
          "Sort",
          "Aggregate",
          "Gather Merge"
        ]
      ],
      "index_shape": [
        "join"
      ],
      "physical_operator": {
        "Hash Join": [
          0.20000169997917527,
          0.20000169997917527
        ]
      }
    }
  },
  {
    "query": "-- Functional Query Definition\n-- Approved February 1998\n\n\nselect\nps_partkey,\nsum(ps_supplycost * ps_availqty) as value\nfrom\npartsupp,\nsupplier,\nnation\nwhere\nps_suppkey = s_suppkey\nand s_nationkey = n_nationkey\nand n_name = 'CANADA'\ngroup by\nps_partkey having\nsum(ps_supplycost * ps_availqty) > (\nselect\nsum(ps_supplycost * ps_availqty) * 0.0000100000\nfrom\npartsupp,\nsupplier,\nnation\nwhere\nps_suppkey = s_suppkey\nand s_nationkey = n_nationkey\nand n_name = 'CANADA'\n)\norder by\nvalue desc ;\n-- $ID$\n-- TPC-H/TPC-R Shipping Modes and Order Priority ",
    "indexes": "nation.n_name",
    "wo plan est": {
      "Node Type": "Sort",
      "Parallel Aware": false,
      "Async Capable": false,
      "Startup Cost": 517534.29,
      "Total Cost": 517800.95,
      "Plan Rows": 106664,
      "Plan Width": 36,
      "Sort Key": [
        "(sum((partsupp.ps_supplycost * (partsupp.ps_availqty)::numeric))) DESC"
      ],
      "Plans": [
        {
          "Node Type": "Aggregate",
          "Strategy": "Plain",
          "Partial Mode": "Finalize",
          "Parent Relationship": "InitPlan",
          "Subplan Name": "InitPlan 1 (returns $1)",
          "Parallel Aware": false,
          "Async Capable": false,
          "Startup Cost": 226081.91,
          "Total Cost": 226081.92,
          "Plan Rows": 1,
          "Plan Width": 32,
          "Plans": [
            {
              "Node Type": "Gather",
              "Parent Relationship": "Outer",
              "Parallel Aware": false,
              "Async Capable": false,
              "Startup Cost": 226081.68,
              "Total Cost": 226081.89,
              "Plan Rows": 2,
              "Plan Width": 32,
              "Workers Planned": 2,
              "Single Copy": false,
              "Plans": [
                {
                  "Node Type": "Aggregate",
                  "Strategy": "Plain",
                  "Partial Mode": "Partial",
                  "Parent Relationship": "Outer",
                  "Parallel Aware": false,
                  "Async Capable": false,
                  "Startup Cost": 225081.68,
                  "Total Cost": 225081.69,
                  "Plan Rows": 1,
                  "Plan Width": 32,
                  "Plans": [
                    {
                      "Node Type": "Hash Join",
                      "Parent Relationship": "Outer",
                      "Parallel Aware": true,
                      "Async Capable": false,
                      "Join Type": "Inner",
                      "Startup Cost": 3079.09,
                      "Total Cost": 224081.71,
                      "Plan Rows": 133330,
                      "Plan Width": 10,
                      "Inner Unique": false,
                      "Hash Cond": "(partsupp_1.ps_suppkey = supplier_1.s_suppkey)",
                      "Plans": [
                        {
                          "Node Type": "Seq Scan",
                          "Parent Relationship": "Outer",
                          "Parallel Aware": true,
                          "Async Capable": false,
                          "Relation Name": "partsupp",
                          "Alias": "partsupp_1",
                          "Startup Cost": 0.0,
                          "Total Cost": 207718.58,
                          "Plan Rows": 3333258,
                          "Plan Width": 14,
                          "parent": 4,
                          "ID": 5
                        },
                        {
                          "Node Type": "Hash",
                          "Parent Relationship": "Inner",
                          "Parallel Aware": true,
                          "Async Capable": false,
                          "Startup Cost": 3049.68,
                          "Total Cost": 3049.68,
                          "Plan Rows": 2353,
                          "Plan Width": 4,
                          "Plans": [
                            {
                              "Node Type": "Hash Join",
                              "Parent Relationship": "Outer",
                              "Parallel Aware": false,
                              "Async Capable": false,
                              "Join Type": "Inner",
                              "Startup Cost": 1.32,
                              "Total Cost": 3049.68,
                              "Plan Rows": 2353,
                              "Plan Width": 4,
                              "Inner Unique": false,
                              "Hash Cond": "(supplier_1.s_nationkey = nation_1.n_nationkey)",
                              "Plans": [
                                {
                                  "Node Type": "Seq Scan",
                                  "Parent Relationship": "Outer",
                                  "Parallel Aware": true,
                                  "Async Capable": false,
                                  "Relation Name": "supplier",
                                  "Alias": "supplier_1",
                                  "Startup Cost": 0.0,
                                  "Total Cost": 2804.24,
                                  "Plan Rows": 58824,
                                  "Plan Width": 8,
                                  "parent": 7,
                                  "ID": 8
                                },
                                {
                                  "Node Type": "Hash",
                                  "Parent Relationship": "Inner",
                                  "Parallel Aware": false,
                                  "Async Capable": false,
                                  "Startup Cost": 1.31,
                                  "Total Cost": 1.31,
                                  "Plan Rows": 1,
                                  "Plan Width": 4,
                                  "Plans": [
                                    {
                                      "Node Type": "Seq Scan",
                                      "Parent Relationship": "Outer",
                                      "Parallel Aware": false,
                                      "Async Capable": false,
                                      "Relation Name": "nation",
                                      "Alias": "nation_1",
                                      "Startup Cost": 0.0,
                                      "Total Cost": 1.31,
                                      "Plan Rows": 1,
                                      "Plan Width": 4,
                                      "Filter": "(n_name = 'CANADA'::bpchar)",
                                      "parent": 9,
                                      "ID": 10
                                    }
                                  ],
                                  "parent": 7,
                                  "ID": 9,
                                  "left": 10
                                }
                              ],
                              "parent": 6,
                              "ID": 7,
                              "left": 8,
                              "right": 9
                            }
                          ],
                          "parent": 4,
                          "ID": 6,
                          "left": 7
                        }
                      ],
                      "parent": 3,
                      "ID": 4,
                      "left": 5,
                      "right": 6
                    }
                  ],
                  "parent": 2,
                  "ID": 3,
                  "left": 4
                }
              ],
              "parent": 1,
              "ID": 2,
              "left": 3
            }
          ],
          "parent": 0,
          "ID": 1,
          "left": 2
        },
        {
          "Node Type": "Aggregate",
          "Strategy": "Sorted",
          "Partial Mode": "Finalize",
          "Parent Relationship": "Outer",
          "Parallel Aware": false,
          "Async Capable": false,
          "Startup Cost": 238713.21,
          "Total Cost": 279625.48,
          "Plan Rows": 106664,
          "Plan Width": 36,
          "Group Key": [
            "partsupp.ps_partkey"
          ],
          "Filter": "(sum((partsupp.ps_supplycost * (partsupp.ps_availqty)::numeric)) > $1)",
          "Plans": [
            {
              "Node Type": "Gather Merge",
              "Parent Relationship": "Outer",
              "Parallel Aware": false,
              "Async Capable": false,
              "Startup Cost": 238713.21,
              "Total Cost": 272825.64,
              "Plan Rows": 266660,
              "Plan Width": 36,
              "Workers Planned": 2,
              "Plans": [
                {
                  "Node Type": "Aggregate",
                  "Strategy": "Sorted",
                  "Partial Mode": "Partial",
                  "Parent Relationship": "Outer",
                  "Parallel Aware": false,
                  "Async Capable": false,
                  "Startup Cost": 237713.18,
                  "Total Cost": 241046.43,
                  "Plan Rows": 133330,
                  "Plan Width": 36,
                  "Group Key": [
                    "partsupp.ps_partkey"
                  ],
                  "Plans": [
                    {
                      "Node Type": "Sort",
                      "Parent Relationship": "Outer",
                      "Parallel Aware": false,
                      "Async Capable": false,
                      "Startup Cost": 237713.18,
                      "Total Cost": 238046.51,
                      "Plan Rows": 133330,
                      "Plan Width": 14,
                      "Sort Key": [
                        "partsupp.ps_partkey"
                      ],
                      "Plans": [
                        {
                          "Node Type": "Hash Join",
                          "Parent Relationship": "Outer",
                          "Parallel Aware": true,
                          "Async Capable": false,
                          "Join Type": "Inner",
                          "Startup Cost": 3079.09,
                          "Total Cost": 224081.71,
                          "Plan Rows": 133330,
                          "Plan Width": 14,
                          "Inner Unique": false,
                          "Hash Cond": "(partsupp.ps_suppkey = supplier.s_suppkey)",
                          "Plans": [
                            {
                              "Node Type": "Seq Scan",
                              "Parent Relationship": "Outer",
                              "Parallel Aware": true,
                              "Async Capable": false,
                              "Relation Name": "partsupp",
                              "Alias": "partsupp",
                              "Startup Cost": 0.0,
                              "Total Cost": 207718.58,
                              "Plan Rows": 3333258,
                              "Plan Width": 18,
                              "parent": 15,
                              "ID": 16
                            },
                            {
                              "Node Type": "Hash",
                              "Parent Relationship": "Inner",
                              "Parallel Aware": true,
                              "Async Capable": false,
                              "Startup Cost": 3049.68,
                              "Total Cost": 3049.68,
                              "Plan Rows": 2353,
                              "Plan Width": 4,
                              "Plans": [
                                {
                                  "Node Type": "Hash Join",
                                  "Parent Relationship": "Outer",
                                  "Parallel Aware": false,
                                  "Async Capable": false,
                                  "Join Type": "Inner",
                                  "Startup Cost": 1.32,
                                  "Total Cost": 3049.68,
                                  "Plan Rows": 2353,
                                  "Plan Width": 4,
                                  "Inner Unique": false,
                                  "Hash Cond": "(supplier.s_nationkey = nation.n_nationkey)",
                                  "Plans": [
                                    {
                                      "Node Type": "Seq Scan",
                                      "Parent Relationship": "Outer",
                                      "Parallel Aware": true,
                                      "Async Capable": false,
                                      "Relation Name": "supplier",
                                      "Alias": "supplier",
                                      "Startup Cost": 0.0,
                                      "Total Cost": 2804.24,
                                      "Plan Rows": 58824,
                                      "Plan Width": 8,
                                      "parent": 18,
                                      "ID": 19
                                    },
                                    {
                                      "Node Type": "Hash",
                                      "Parent Relationship": "Inner",
                                      "Parallel Aware": false,
                                      "Async Capable": false,
                                      "Startup Cost": 1.31,
                                      "Total Cost": 1.31,
                                      "Plan Rows": 1,
                                      "Plan Width": 4,
                                      "Plans": [
                                        {
                                          "Node Type": "Seq Scan",
                                          "Parent Relationship": "Outer",
                                          "Parallel Aware": false,
                                          "Async Capable": false,
                                          "Relation Name": "nation",
                                          "Alias": "nation",
                                          "Startup Cost": 0.0,
                                          "Total Cost": 1.31,
                                          "Plan Rows": 1,
                                          "Plan Width": 4,
                                          "Filter": "(n_name = 'CANADA'::bpchar)",
                                          "parent": 20,
                                          "ID": 21
                                        }
                                      ],
                                      "parent": 18,
                                      "ID": 20,
                                      "left": 21
                                    }
                                  ],
                                  "parent": 17,
                                  "ID": 18,
                                  "left": 19,
                                  "right": 20
                                }
                              ],
                              "parent": 15,
                              "ID": 17,
                              "left": 18
                            }
                          ],
                          "parent": 14,
                          "ID": 15,
                          "left": 16,
                          "right": 17
                        }
                      ],
                      "parent": 13,
                      "ID": 14,
                      "left": 15
                    }
                  ],
                  "parent": 12,
                  "ID": 13,
                  "left": 14
                }
              ],
              "parent": 11,
              "ID": 12,
              "left": 13
            }
          ],
          "parent": 0,
          "ID": 11,
          "left": 12
        }
      ],
      "parent": null,
      "ID": 0,
      "left": 1,
      "right": 11
    },
    "feat": {
      "utility": 4.857465016238383e-06,
      "query_shape": [
        [
          "Seq Scan",
          "Hash Join",
          "Aggregate",
          "Gather"
        ],
        [
          "Seq Scan",
          "Hash Join",
          "Hash",
          "Aggregate",
          "Gather"
        ],
        [
          "Seq Scan",
          "Hash",
          "Hash Join",
          "Aggregate",
          "Gather"
        ],
        [
          "Seq Scan",
          "Hash Join",
          "Sort",
          "Aggregate",
          "Gather Merge"
        ],
        [
          "Seq Scan",
          "Hash Join",
          "Hash",
          "Sort",
          "Aggregate",
          "Gather Merge"
        ],
        [
          "Seq Scan",
          "Hash",
          "Hash Join",
          "Sort",
          "Aggregate",
          "Gather Merge"
        ]
      ],
      "index_shape": [
        "selection"
      ],
      "physical_operator": {
        "Seq Scan": [
          0.040000000000000036,
          0.040000000000000036
        ]
      }
    }
  },
  {
    "query": "-- Functional Query Definition\n-- Approved February 1998\n\n\nselect\nps_partkey,\nsum(ps_supplycost * ps_availqty) as value\nfrom\npartsupp,\nsupplier,\nnation\nwhere\nps_suppkey = s_suppkey\nand s_nationkey = n_nationkey\nand n_name = 'CANADA'\ngroup by\nps_partkey having\nsum(ps_supplycost * ps_availqty) > (\nselect\nsum(ps_supplycost * ps_availqty) * 0.0000100000\nfrom\npartsupp,\nsupplier,\nnation\nwhere\nps_suppkey = s_suppkey\nand s_nationkey = n_nationkey\nand n_name = 'CANADA'\n)\norder by\nvalue desc ;\n-- $ID$\n-- TPC-H/TPC-R Shipping Modes and Order Priority ",
    "indexes": "partsupp.ps_partkey",
    "wo plan est": {
      "Node Type": "Sort",
      "Parallel Aware": false,
      "Async Capable": false,
      "Startup Cost": 517534.29,
      "Total Cost": 517800.95,
      "Plan Rows": 106664,
      "Plan Width": 36,
      "Sort Key": [
        "(sum((partsupp.ps_supplycost * (partsupp.ps_availqty)::numeric))) DESC"
      ],
      "Plans": [
        {
          "Node Type": "Aggregate",
          "Strategy": "Plain",
          "Partial Mode": "Finalize",
          "Parent Relationship": "InitPlan",
          "Subplan Name": "InitPlan 1 (returns $1)",
          "Parallel Aware": false,
          "Async Capable": false,
          "Startup Cost": 226081.91,
          "Total Cost": 226081.92,
          "Plan Rows": 1,
          "Plan Width": 32,
          "Plans": [
            {
              "Node Type": "Gather",
              "Parent Relationship": "Outer",
              "Parallel Aware": false,
              "Async Capable": false,
              "Startup Cost": 226081.68,
              "Total Cost": 226081.89,
              "Plan Rows": 2,
              "Plan Width": 32,
              "Workers Planned": 2,
              "Single Copy": false,
              "Plans": [
                {
                  "Node Type": "Aggregate",
                  "Strategy": "Plain",
                  "Partial Mode": "Partial",
                  "Parent Relationship": "Outer",
                  "Parallel Aware": false,
                  "Async Capable": false,
                  "Startup Cost": 225081.68,
                  "Total Cost": 225081.69,
                  "Plan Rows": 1,
                  "Plan Width": 32,
                  "Plans": [
                    {
                      "Node Type": "Hash Join",
                      "Parent Relationship": "Outer",
                      "Parallel Aware": true,
                      "Async Capable": false,
                      "Join Type": "Inner",
                      "Startup Cost": 3079.09,
                      "Total Cost": 224081.71,
                      "Plan Rows": 133330,
                      "Plan Width": 10,
                      "Inner Unique": false,
                      "Hash Cond": "(partsupp_1.ps_suppkey = supplier_1.s_suppkey)",
                      "Plans": [
                        {
                          "Node Type": "Seq Scan",
                          "Parent Relationship": "Outer",
                          "Parallel Aware": true,
                          "Async Capable": false,
                          "Relation Name": "partsupp",
                          "Alias": "partsupp_1",
                          "Startup Cost": 0.0,
                          "Total Cost": 207718.58,
                          "Plan Rows": 3333258,
                          "Plan Width": 14,
                          "parent": 4,
                          "ID": 5
                        },
                        {
                          "Node Type": "Hash",
                          "Parent Relationship": "Inner",
                          "Parallel Aware": true,
                          "Async Capable": false,
                          "Startup Cost": 3049.68,
                          "Total Cost": 3049.68,
                          "Plan Rows": 2353,
                          "Plan Width": 4,
                          "Plans": [
                            {
                              "Node Type": "Hash Join",
                              "Parent Relationship": "Outer",
                              "Parallel Aware": false,
                              "Async Capable": false,
                              "Join Type": "Inner",
                              "Startup Cost": 1.32,
                              "Total Cost": 3049.68,
                              "Plan Rows": 2353,
                              "Plan Width": 4,
                              "Inner Unique": false,
                              "Hash Cond": "(supplier_1.s_nationkey = nation_1.n_nationkey)",
                              "Plans": [
                                {
                                  "Node Type": "Seq Scan",
                                  "Parent Relationship": "Outer",
                                  "Parallel Aware": true,
                                  "Async Capable": false,
                                  "Relation Name": "supplier",
                                  "Alias": "supplier_1",
                                  "Startup Cost": 0.0,
                                  "Total Cost": 2804.24,
                                  "Plan Rows": 58824,
                                  "Plan Width": 8,
                                  "parent": 7,
                                  "ID": 8
                                },
                                {
                                  "Node Type": "Hash",
                                  "Parent Relationship": "Inner",
                                  "Parallel Aware": false,
                                  "Async Capable": false,
                                  "Startup Cost": 1.31,
                                  "Total Cost": 1.31,
                                  "Plan Rows": 1,
                                  "Plan Width": 4,
                                  "Plans": [
                                    {
                                      "Node Type": "Seq Scan",
                                      "Parent Relationship": "Outer",
                                      "Parallel Aware": false,
                                      "Async Capable": false,
                                      "Relation Name": "nation",
                                      "Alias": "nation_1",
                                      "Startup Cost": 0.0,
                                      "Total Cost": 1.31,
                                      "Plan Rows": 1,
                                      "Plan Width": 4,
                                      "Filter": "(n_name = 'CANADA'::bpchar)",
                                      "parent": 9,
                                      "ID": 10
                                    }
                                  ],
                                  "parent": 7,
                                  "ID": 9,
                                  "left": 10
                                }
                              ],
                              "parent": 6,
                              "ID": 7,
                              "left": 8,
                              "right": 9
                            }
                          ],
                          "parent": 4,
                          "ID": 6,
                          "left": 7
                        }
                      ],
                      "parent": 3,
                      "ID": 4,
                      "left": 5,
                      "right": 6
                    }
                  ],
                  "parent": 2,
                  "ID": 3,
                  "left": 4
                }
              ],
              "parent": 1,
              "ID": 2,
              "left": 3
            }
          ],
          "parent": 0,
          "ID": 1,
          "left": 2
        },
        {
          "Node Type": "Aggregate",
          "Strategy": "Sorted",
          "Partial Mode": "Finalize",
          "Parent Relationship": "Outer",
          "Parallel Aware": false,
          "Async Capable": false,
          "Startup Cost": 238713.21,
          "Total Cost": 279625.48,
          "Plan Rows": 106664,
          "Plan Width": 36,
          "Group Key": [
            "partsupp.ps_partkey"
          ],
          "Filter": "(sum((partsupp.ps_supplycost * (partsupp.ps_availqty)::numeric)) > $1)",
          "Plans": [
            {
              "Node Type": "Gather Merge",
              "Parent Relationship": "Outer",
              "Parallel Aware": false,
              "Async Capable": false,
              "Startup Cost": 238713.21,
              "Total Cost": 272825.64,
              "Plan Rows": 266660,
              "Plan Width": 36,
              "Workers Planned": 2,
              "Plans": [
                {
                  "Node Type": "Aggregate",
                  "Strategy": "Sorted",
                  "Partial Mode": "Partial",
                  "Parent Relationship": "Outer",
                  "Parallel Aware": false,
                  "Async Capable": false,
                  "Startup Cost": 237713.18,
                  "Total Cost": 241046.43,
                  "Plan Rows": 133330,
                  "Plan Width": 36,
                  "Group Key": [
                    "partsupp.ps_partkey"
                  ],
                  "Plans": [
                    {
                      "Node Type": "Sort",
                      "Parent Relationship": "Outer",
                      "Parallel Aware": false,
                      "Async Capable": false,
                      "Startup Cost": 237713.18,
                      "Total Cost": 238046.51,
                      "Plan Rows": 133330,
                      "Plan Width": 14,
                      "Sort Key": [
                        "partsupp.ps_partkey"
                      ],
                      "Plans": [
                        {
                          "Node Type": "Hash Join",
                          "Parent Relationship": "Outer",
                          "Parallel Aware": true,
                          "Async Capable": false,
                          "Join Type": "Inner",
                          "Startup Cost": 3079.09,
                          "Total Cost": 224081.71,
                          "Plan Rows": 133330,
                          "Plan Width": 14,
                          "Inner Unique": false,
                          "Hash Cond": "(partsupp.ps_suppkey = supplier.s_suppkey)",
                          "Plans": [
                            {
                              "Node Type": "Seq Scan",
                              "Parent Relationship": "Outer",
                              "Parallel Aware": true,
                              "Async Capable": false,
                              "Relation Name": "partsupp",
                              "Alias": "partsupp",
                              "Startup Cost": 0.0,
                              "Total Cost": 207718.58,
                              "Plan Rows": 3333258,
                              "Plan Width": 18,
                              "parent": 15,
                              "ID": 16
                            },
                            {
                              "Node Type": "Hash",
                              "Parent Relationship": "Inner",
                              "Parallel Aware": true,
                              "Async Capable": false,
                              "Startup Cost": 3049.68,
                              "Total Cost": 3049.68,
                              "Plan Rows": 2353,
                              "Plan Width": 4,
                              "Plans": [
                                {
                                  "Node Type": "Hash Join",
                                  "Parent Relationship": "Outer",
                                  "Parallel Aware": false,
                                  "Async Capable": false,
                                  "Join Type": "Inner",
                                  "Startup Cost": 1.32,
                                  "Total Cost": 3049.68,
                                  "Plan Rows": 2353,
                                  "Plan Width": 4,
                                  "Inner Unique": false,
                                  "Hash Cond": "(supplier.s_nationkey = nation.n_nationkey)",
                                  "Plans": [
                                    {
                                      "Node Type": "Seq Scan",
                                      "Parent Relationship": "Outer",
                                      "Parallel Aware": true,
                                      "Async Capable": false,
                                      "Relation Name": "supplier",
                                      "Alias": "supplier",
                                      "Startup Cost": 0.0,
                                      "Total Cost": 2804.24,
                                      "Plan Rows": 58824,
                                      "Plan Width": 8,
                                      "parent": 18,
                                      "ID": 19
                                    },
                                    {
                                      "Node Type": "Hash",
                                      "Parent Relationship": "Inner",
                                      "Parallel Aware": false,
                                      "Async Capable": false,
                                      "Startup Cost": 1.31,
                                      "Total Cost": 1.31,
                                      "Plan Rows": 1,
                                      "Plan Width": 4,
                                      "Plans": [
                                        {
                                          "Node Type": "Seq Scan",
                                          "Parent Relationship": "Outer",
                                          "Parallel Aware": false,
                                          "Async Capable": false,
                                          "Relation Name": "nation",
                                          "Alias": "nation",
                                          "Startup Cost": 0.0,
                                          "Total Cost": 1.31,
                                          "Plan Rows": 1,
                                          "Plan Width": 4,
                                          "Filter": "(n_name = 'CANADA'::bpchar)",
                                          "parent": 20,
                                          "ID": 21
                                        }
                                      ],
                                      "parent": 18,
                                      "ID": 20,
                                      "left": 21
                                    }
                                  ],
                                  "parent": 17,
                                  "ID": 18,
                                  "left": 19,
                                  "right": 20
                                }
                              ],
                              "parent": 15,
                              "ID": 17,
                              "left": 18
                            }
                          ],
                          "parent": 14,
                          "ID": 15,
                          "left": 16,
                          "right": 17
                        }
                      ],
                      "parent": 13,
                      "ID": 14,
                      "left": 15
                    }
                  ],
                  "parent": 12,
                  "ID": 13,
                  "left": 14
                }
              ],
              "parent": 11,
              "ID": 12,
              "left": 13
            }
          ],
          "parent": 0,
          "ID": 11,
          "left": 12
        }
      ],
      "parent": null,
      "ID": 0,
      "left": 1,
      "right": 11
    },
    "feat": {
      "utility": 0.0,
      "query_shape": [
        [
          "Seq Scan",
          "Hash Join",
          "Aggregate",
          "Gather"
        ],
        [
          "Seq Scan",
          "Hash Join",
          "Hash",
          "Aggregate",
          "Gather"
        ],
        [
          "Seq Scan",
          "Hash",
          "Hash Join",
          "Aggregate",
          "Gather"
        ],
        [
          "Seq Scan",
          "Hash Join",
          "Sort",
          "Aggregate",
          "Gather Merge"
        ],
        [
          "Seq Scan",
          "Hash Join",
          "Hash",
          "Sort",
          "Aggregate",
          "Gather Merge"
        ],
        [
          "Seq Scan",
          "Hash",
          "Hash Join",
          "Sort",
          "Aggregate",
          "Gather Merge"
        ]
      ],
      "index_shape": [
        "order-by"
      ],
      "physical_operator": {
        "Sort": [
          "[1.0000000e+00 4.0009800e+03 8.0009600e+03 1.2000940e+04 1.6000920e+04\n 2.0000900e+04 2.4000880e+04 2.8000860e+04 3.2000840e+04 3.6000820e+04\n 4.0000800e+04 4.4000780e+04 4.8000760e+04 5.2000740e+04 5.6000720e+04\n 6.0000700e+04 6.4000680e+04 6.8000660e+04 7.2000640e+04 7.6000620e+04\n 8.0000600e+04 8.4000580e+04 8.8000560e+04 9.2000540e+04 9.6000520e+04\n 1.0000050e+05 1.0400048e+05 1.0800046e+05 1.1200044e+05 1.1600042e+05\n 1.2000040e+05 1.2400038e+05 1.2800036e+05 1.3200034e+05 1.3600032e+05\n 1.4000030e+05 1.4400028e+05 1.4800026e+05 1.5200024e+05 1.5600022e+05\n 1.6000020e+05 1.6400018e+05 1.6800016e+05 1.7200014e+05 1.7600012e+05\n 1.8000010e+05 1.8400008e+05 1.8800006e+05 1.9200004e+05 1.9600002e+05\n 2.0000000e+05]"
        ],
        "Aggregate": [
          "[1.0000000e+00 4.0009800e+03 8.0009600e+03 1.2000940e+04 1.6000920e+04\n 2.0000900e+04 2.4000880e+04 2.8000860e+04 3.2000840e+04 3.6000820e+04\n 4.0000800e+04 4.4000780e+04 4.8000760e+04 5.2000740e+04 5.6000720e+04\n 6.0000700e+04 6.4000680e+04 6.8000660e+04 7.2000640e+04 7.6000620e+04\n 8.0000600e+04 8.4000580e+04 8.8000560e+04 9.2000540e+04 9.6000520e+04\n 1.0000050e+05 1.0400048e+05 1.0800046e+05 1.1200044e+05 1.1600042e+05\n 1.2000040e+05 1.2400038e+05 1.2800036e+05 1.3200034e+05 1.3600032e+05\n 1.4000030e+05 1.4400028e+05 1.4800026e+05 1.5200024e+05 1.5600022e+05\n 1.6000020e+05 1.6400018e+05 1.6800016e+05 1.7200014e+05 1.7600012e+05\n 1.8000010e+05 1.8400008e+05 1.8800006e+05 1.9200004e+05 1.9600002e+05\n 2.0000000e+05]",
          "[1.0000000e+00 4.0009800e+03 8.0009600e+03 1.2000940e+04 1.6000920e+04\n 2.0000900e+04 2.4000880e+04 2.8000860e+04 3.2000840e+04 3.6000820e+04\n 4.0000800e+04 4.4000780e+04 4.8000760e+04 5.2000740e+04 5.6000720e+04\n 6.0000700e+04 6.4000680e+04 6.8000660e+04 7.2000640e+04 7.6000620e+04\n 8.0000600e+04 8.4000580e+04 8.8000560e+04 9.2000540e+04 9.6000520e+04\n 1.0000050e+05 1.0400048e+05 1.0800046e+05 1.1200044e+05 1.1600042e+05\n 1.2000040e+05 1.2400038e+05 1.2800036e+05 1.3200034e+05 1.3600032e+05\n 1.4000030e+05 1.4400028e+05 1.4800026e+05 1.5200024e+05 1.5600022e+05\n 1.6000020e+05 1.6400018e+05 1.6800016e+05 1.7200014e+05 1.7600012e+05\n 1.8000010e+05 1.8400008e+05 1.8800006e+05 1.9200004e+05 1.9600002e+05\n 2.0000000e+05]"
        ]
      }
    }
  },
  {
    "query": "-- Functional Query Definition\n-- Approved February 1998\n\n\nselect\nps_partkey,\nsum(ps_supplycost * ps_availqty) as value\nfrom\npartsupp,\nsupplier,\nnation\nwhere\nps_suppkey = s_suppkey\nand s_nationkey = n_nationkey\nand n_name = 'CANADA'\ngroup by\nps_partkey having\nsum(ps_supplycost * ps_availqty) > (\nselect\nsum(ps_supplycost * ps_availqty) * 0.0000100000\nfrom\npartsupp,\nsupplier,\nnation\nwhere\nps_suppkey = s_suppkey\nand s_nationkey = n_nationkey\nand n_name = 'CANADA'\n)\norder by\nvalue desc ;\n-- $ID$\n-- TPC-H/TPC-R Shipping Modes and Order Priority ",
    "indexes": "partsupp.ps_suppkey",
    "wo plan est": {
      "Node Type": "Sort",
      "Parallel Aware": false,
      "Async Capable": false,
      "Startup Cost": 517534.29,
      "Total Cost": 517800.95,
      "Plan Rows": 106664,
      "Plan Width": 36,
      "Sort Key": [
        "(sum((partsupp.ps_supplycost * (partsupp.ps_availqty)::numeric))) DESC"
      ],
      "Plans": [
        {
          "Node Type": "Aggregate",
          "Strategy": "Plain",
          "Partial Mode": "Finalize",
          "Parent Relationship": "InitPlan",
          "Subplan Name": "InitPlan 1 (returns $1)",
          "Parallel Aware": false,
          "Async Capable": false,
          "Startup Cost": 226081.91,
          "Total Cost": 226081.92,
          "Plan Rows": 1,
          "Plan Width": 32,
          "Plans": [
            {
              "Node Type": "Gather",
              "Parent Relationship": "Outer",
              "Parallel Aware": false,
              "Async Capable": false,
              "Startup Cost": 226081.68,
              "Total Cost": 226081.89,
              "Plan Rows": 2,
              "Plan Width": 32,
              "Workers Planned": 2,
              "Single Copy": false,
              "Plans": [
                {
                  "Node Type": "Aggregate",
                  "Strategy": "Plain",
                  "Partial Mode": "Partial",
                  "Parent Relationship": "Outer",
                  "Parallel Aware": false,
                  "Async Capable": false,
                  "Startup Cost": 225081.68,
                  "Total Cost": 225081.69,
                  "Plan Rows": 1,
                  "Plan Width": 32,
                  "Plans": [
                    {
                      "Node Type": "Hash Join",
                      "Parent Relationship": "Outer",
                      "Parallel Aware": true,
                      "Async Capable": false,
                      "Join Type": "Inner",
                      "Startup Cost": 3079.09,
                      "Total Cost": 224081.71,
                      "Plan Rows": 133330,
                      "Plan Width": 10,
                      "Inner Unique": false,
                      "Hash Cond": "(partsupp_1.ps_suppkey = supplier_1.s_suppkey)",
                      "Plans": [
                        {
                          "Node Type": "Seq Scan",
                          "Parent Relationship": "Outer",
                          "Parallel Aware": true,
                          "Async Capable": false,
                          "Relation Name": "partsupp",
                          "Alias": "partsupp_1",
                          "Startup Cost": 0.0,
                          "Total Cost": 207718.58,
                          "Plan Rows": 3333258,
                          "Plan Width": 14,
                          "parent": 4,
                          "ID": 5
                        },
                        {
                          "Node Type": "Hash",
                          "Parent Relationship": "Inner",
                          "Parallel Aware": true,
                          "Async Capable": false,
                          "Startup Cost": 3049.68,
                          "Total Cost": 3049.68,
                          "Plan Rows": 2353,
                          "Plan Width": 4,
                          "Plans": [
                            {
                              "Node Type": "Hash Join",
                              "Parent Relationship": "Outer",
                              "Parallel Aware": false,
                              "Async Capable": false,
                              "Join Type": "Inner",
                              "Startup Cost": 1.32,
                              "Total Cost": 3049.68,
                              "Plan Rows": 2353,
                              "Plan Width": 4,
                              "Inner Unique": false,
                              "Hash Cond": "(supplier_1.s_nationkey = nation_1.n_nationkey)",
                              "Plans": [
                                {
                                  "Node Type": "Seq Scan",
                                  "Parent Relationship": "Outer",
                                  "Parallel Aware": true,
                                  "Async Capable": false,
                                  "Relation Name": "supplier",
                                  "Alias": "supplier_1",
                                  "Startup Cost": 0.0,
                                  "Total Cost": 2804.24,
                                  "Plan Rows": 58824,
                                  "Plan Width": 8,
                                  "parent": 7,
                                  "ID": 8
                                },
                                {
                                  "Node Type": "Hash",
                                  "Parent Relationship": "Inner",
                                  "Parallel Aware": false,
                                  "Async Capable": false,
                                  "Startup Cost": 1.31,
                                  "Total Cost": 1.31,
                                  "Plan Rows": 1,
                                  "Plan Width": 4,
                                  "Plans": [
                                    {
                                      "Node Type": "Seq Scan",
                                      "Parent Relationship": "Outer",
                                      "Parallel Aware": false,
                                      "Async Capable": false,
                                      "Relation Name": "nation",
                                      "Alias": "nation_1",
                                      "Startup Cost": 0.0,
                                      "Total Cost": 1.31,
                                      "Plan Rows": 1,
                                      "Plan Width": 4,
                                      "Filter": "(n_name = 'CANADA'::bpchar)",
                                      "parent": 9,
                                      "ID": 10
                                    }
                                  ],
                                  "parent": 7,
                                  "ID": 9,
                                  "left": 10
                                }
                              ],
                              "parent": 6,
                              "ID": 7,
                              "left": 8,
                              "right": 9
                            }
                          ],
                          "parent": 4,
                          "ID": 6,
                          "left": 7
                        }
                      ],
                      "parent": 3,
                      "ID": 4,
                      "left": 5,
                      "right": 6
                    }
                  ],
                  "parent": 2,
                  "ID": 3,
                  "left": 4
                }
              ],
              "parent": 1,
              "ID": 2,
              "left": 3
            }
          ],
          "parent": 0,
          "ID": 1,
          "left": 2
        },
        {
          "Node Type": "Aggregate",
          "Strategy": "Sorted",
          "Partial Mode": "Finalize",
          "Parent Relationship": "Outer",
          "Parallel Aware": false,
          "Async Capable": false,
          "Startup Cost": 238713.21,
          "Total Cost": 279625.48,
          "Plan Rows": 106664,
          "Plan Width": 36,
          "Group Key": [
            "partsupp.ps_partkey"
          ],
          "Filter": "(sum((partsupp.ps_supplycost * (partsupp.ps_availqty)::numeric)) > $1)",
          "Plans": [
            {
              "Node Type": "Gather Merge",
              "Parent Relationship": "Outer",
              "Parallel Aware": false,
              "Async Capable": false,
              "Startup Cost": 238713.21,
              "Total Cost": 272825.64,
              "Plan Rows": 266660,
              "Plan Width": 36,
              "Workers Planned": 2,
              "Plans": [
                {
                  "Node Type": "Aggregate",
                  "Strategy": "Sorted",
                  "Partial Mode": "Partial",
                  "Parent Relationship": "Outer",
                  "Parallel Aware": false,
                  "Async Capable": false,
                  "Startup Cost": 237713.18,
                  "Total Cost": 241046.43,
                  "Plan Rows": 133330,
                  "Plan Width": 36,
                  "Group Key": [
                    "partsupp.ps_partkey"
                  ],
                  "Plans": [
                    {
                      "Node Type": "Sort",
                      "Parent Relationship": "Outer",
                      "Parallel Aware": false,
                      "Async Capable": false,
                      "Startup Cost": 237713.18,
                      "Total Cost": 238046.51,
                      "Plan Rows": 133330,
                      "Plan Width": 14,
                      "Sort Key": [
                        "partsupp.ps_partkey"
                      ],
                      "Plans": [
                        {
                          "Node Type": "Hash Join",
                          "Parent Relationship": "Outer",
                          "Parallel Aware": true,
                          "Async Capable": false,
                          "Join Type": "Inner",
                          "Startup Cost": 3079.09,
                          "Total Cost": 224081.71,
                          "Plan Rows": 133330,
                          "Plan Width": 14,
                          "Inner Unique": false,
                          "Hash Cond": "(partsupp.ps_suppkey = supplier.s_suppkey)",
                          "Plans": [
                            {
                              "Node Type": "Seq Scan",
                              "Parent Relationship": "Outer",
                              "Parallel Aware": true,
                              "Async Capable": false,
                              "Relation Name": "partsupp",
                              "Alias": "partsupp",
                              "Startup Cost": 0.0,
                              "Total Cost": 207718.58,
                              "Plan Rows": 3333258,
                              "Plan Width": 18,
                              "parent": 15,
                              "ID": 16
                            },
                            {
                              "Node Type": "Hash",
                              "Parent Relationship": "Inner",
                              "Parallel Aware": true,
                              "Async Capable": false,
                              "Startup Cost": 3049.68,
                              "Total Cost": 3049.68,
                              "Plan Rows": 2353,
                              "Plan Width": 4,
                              "Plans": [
                                {
                                  "Node Type": "Hash Join",
                                  "Parent Relationship": "Outer",
                                  "Parallel Aware": false,
                                  "Async Capable": false,
                                  "Join Type": "Inner",
                                  "Startup Cost": 1.32,
                                  "Total Cost": 3049.68,
                                  "Plan Rows": 2353,
                                  "Plan Width": 4,
                                  "Inner Unique": false,
                                  "Hash Cond": "(supplier.s_nationkey = nation.n_nationkey)",
                                  "Plans": [
                                    {
                                      "Node Type": "Seq Scan",
                                      "Parent Relationship": "Outer",
                                      "Parallel Aware": true,
                                      "Async Capable": false,
                                      "Relation Name": "supplier",
                                      "Alias": "supplier",
                                      "Startup Cost": 0.0,
                                      "Total Cost": 2804.24,
                                      "Plan Rows": 58824,
                                      "Plan Width": 8,
                                      "parent": 18,
                                      "ID": 19
                                    },
                                    {
                                      "Node Type": "Hash",
                                      "Parent Relationship": "Inner",
                                      "Parallel Aware": false,
                                      "Async Capable": false,
                                      "Startup Cost": 1.31,
                                      "Total Cost": 1.31,
                                      "Plan Rows": 1,
                                      "Plan Width": 4,
                                      "Plans": [
                                        {
                                          "Node Type": "Seq Scan",
                                          "Parent Relationship": "Outer",
                                          "Parallel Aware": false,
                                          "Async Capable": false,
                                          "Relation Name": "nation",
                                          "Alias": "nation",
                                          "Startup Cost": 0.0,
                                          "Total Cost": 1.31,
                                          "Plan Rows": 1,
                                          "Plan Width": 4,
                                          "Filter": "(n_name = 'CANADA'::bpchar)",
                                          "parent": 20,
                                          "ID": 21
                                        }
                                      ],
                                      "parent": 18,
                                      "ID": 20,
                                      "left": 21
                                    }
                                  ],
                                  "parent": 17,
                                  "ID": 18,
                                  "left": 19,
                                  "right": 20
                                }
                              ],
                              "parent": 15,
                              "ID": 17,
                              "left": 18
                            }
                          ],
                          "parent": 14,
                          "ID": 15,
                          "left": 16,
                          "right": 17
                        }
                      ],
                      "parent": 13,
                      "ID": 14,
                      "left": 15
                    }
                  ],
                  "parent": 12,
                  "ID": 13,
                  "left": 14
                }
              ],
              "parent": 11,
              "ID": 12,
              "left": 13
            }
          ],
          "parent": 0,
          "ID": 11,
          "left": 12
        }
      ],
      "parent": null,
      "ID": 0,
      "left": 1,
      "right": 11
    },
    "feat": {
      "utility": 5.038997343000708e-06,
      "query_shape": [
        [
          "Seq Scan",
          "Hash Join",
          "Aggregate",
          "Gather"
        ],
        [
          "Seq Scan",
          "Hash Join",
          "Hash",
          "Aggregate",
          "Gather"
        ],
        [
          "Seq Scan",
          "Hash",
          "Hash Join",
          "Aggregate",
          "Gather"
        ],
        [
          "Seq Scan",
          "Hash Join",
          "Sort",
          "Aggregate",
          "Gather Merge"
        ],
        [
          "Seq Scan",
          "Hash Join",
          "Hash",
          "Sort",
          "Aggregate",
          "Gather Merge"
        ],
        [
          "Seq Scan",
          "Hash",
          "Hash Join",
          "Sort",
          "Aggregate",
          "Gather Merge"
        ]
      ],
      "index_shape": [
        "join"
      ],
      "physical_operator": {
        "Hash Join": [
          0.004123049139983979,
          0.004123049139983979
        ]
      }
    }
  },
  {
    "query": "-- Functional Query Definition\n-- Approved February 1998\n\n\nselect\nps_partkey,\nsum(ps_supplycost * ps_availqty) as value\nfrom\npartsupp,\nsupplier,\nnation\nwhere\nps_suppkey = s_suppkey\nand s_nationkey = n_nationkey\nand n_name = 'CANADA'\ngroup by\nps_partkey having\nsum(ps_supplycost * ps_availqty) > (\nselect\nsum(ps_supplycost * ps_availqty) * 0.0000100000\nfrom\npartsupp,\nsupplier,\nnation\nwhere\nps_suppkey = s_suppkey\nand s_nationkey = n_nationkey\nand n_name = 'CANADA'\n)\norder by\nvalue desc ;\n-- $ID$\n-- TPC-H/TPC-R Shipping Modes and Order Priority ",
    "indexes": "partsupp.ps_availqty",
    "wo plan est": {
      "Node Type": "Sort",
      "Parallel Aware": false,
      "Async Capable": false,
      "Startup Cost": 517534.29,
      "Total Cost": 517800.95,
      "Plan Rows": 106664,
      "Plan Width": 36,
      "Sort Key": [
        "(sum((partsupp.ps_supplycost * (partsupp.ps_availqty)::numeric))) DESC"
      ],
      "Plans": [
        {
          "Node Type": "Aggregate",
          "Strategy": "Plain",
          "Partial Mode": "Finalize",
          "Parent Relationship": "InitPlan",
          "Subplan Name": "InitPlan 1 (returns $1)",
          "Parallel Aware": false,
          "Async Capable": false,
          "Startup Cost": 226081.91,
          "Total Cost": 226081.92,
          "Plan Rows": 1,
          "Plan Width": 32,
          "Plans": [
            {
              "Node Type": "Gather",
              "Parent Relationship": "Outer",
              "Parallel Aware": false,
              "Async Capable": false,
              "Startup Cost": 226081.68,
              "Total Cost": 226081.89,
              "Plan Rows": 2,
              "Plan Width": 32,
              "Workers Planned": 2,
              "Single Copy": false,
              "Plans": [
                {
                  "Node Type": "Aggregate",
                  "Strategy": "Plain",
                  "Partial Mode": "Partial",
                  "Parent Relationship": "Outer",
                  "Parallel Aware": false,
                  "Async Capable": false,
                  "Startup Cost": 225081.68,
                  "Total Cost": 225081.69,
                  "Plan Rows": 1,
                  "Plan Width": 32,
                  "Plans": [
                    {
                      "Node Type": "Hash Join",
                      "Parent Relationship": "Outer",
                      "Parallel Aware": true,
                      "Async Capable": false,
                      "Join Type": "Inner",
                      "Startup Cost": 3079.09,
                      "Total Cost": 224081.71,
                      "Plan Rows": 133330,
                      "Plan Width": 10,
                      "Inner Unique": false,
                      "Hash Cond": "(partsupp_1.ps_suppkey = supplier_1.s_suppkey)",
                      "Plans": [
                        {
                          "Node Type": "Seq Scan",
                          "Parent Relationship": "Outer",
                          "Parallel Aware": true,
                          "Async Capable": false,
                          "Relation Name": "partsupp",
                          "Alias": "partsupp_1",
                          "Startup Cost": 0.0,
                          "Total Cost": 207718.58,
                          "Plan Rows": 3333258,
                          "Plan Width": 14,
                          "parent": 4,
                          "ID": 5
                        },
                        {
                          "Node Type": "Hash",
                          "Parent Relationship": "Inner",
                          "Parallel Aware": true,
                          "Async Capable": false,
                          "Startup Cost": 3049.68,
                          "Total Cost": 3049.68,
                          "Plan Rows": 2353,
                          "Plan Width": 4,
                          "Plans": [
                            {
                              "Node Type": "Hash Join",
                              "Parent Relationship": "Outer",
                              "Parallel Aware": false,
                              "Async Capable": false,
                              "Join Type": "Inner",
                              "Startup Cost": 1.32,
                              "Total Cost": 3049.68,
                              "Plan Rows": 2353,
                              "Plan Width": 4,
                              "Inner Unique": false,
                              "Hash Cond": "(supplier_1.s_nationkey = nation_1.n_nationkey)",
                              "Plans": [
                                {
                                  "Node Type": "Seq Scan",
                                  "Parent Relationship": "Outer",
                                  "Parallel Aware": true,
                                  "Async Capable": false,
                                  "Relation Name": "supplier",
                                  "Alias": "supplier_1",
                                  "Startup Cost": 0.0,
                                  "Total Cost": 2804.24,
                                  "Plan Rows": 58824,
                                  "Plan Width": 8,
                                  "parent": 7,
                                  "ID": 8
                                },
                                {
                                  "Node Type": "Hash",
                                  "Parent Relationship": "Inner",
                                  "Parallel Aware": false,
                                  "Async Capable": false,
                                  "Startup Cost": 1.31,
                                  "Total Cost": 1.31,
                                  "Plan Rows": 1,
                                  "Plan Width": 4,
                                  "Plans": [
                                    {
                                      "Node Type": "Seq Scan",
                                      "Parent Relationship": "Outer",
                                      "Parallel Aware": false,
                                      "Async Capable": false,
                                      "Relation Name": "nation",
                                      "Alias": "nation_1",
                                      "Startup Cost": 0.0,
                                      "Total Cost": 1.31,
                                      "Plan Rows": 1,
                                      "Plan Width": 4,
                                      "Filter": "(n_name = 'CANADA'::bpchar)",
                                      "parent": 9,
                                      "ID": 10
                                    }
                                  ],
                                  "parent": 7,
                                  "ID": 9,
                                  "left": 10
                                }
                              ],
                              "parent": 6,
                              "ID": 7,
                              "left": 8,
                              "right": 9
                            }
                          ],
                          "parent": 4,
                          "ID": 6,
                          "left": 7
                        }
                      ],
                      "parent": 3,
                      "ID": 4,
                      "left": 5,
                      "right": 6
                    }
                  ],
                  "parent": 2,
                  "ID": 3,
                  "left": 4
                }
              ],
              "parent": 1,
              "ID": 2,
              "left": 3
            }
          ],
          "parent": 0,
          "ID": 1,
          "left": 2
        },
        {
          "Node Type": "Aggregate",
          "Strategy": "Sorted",
          "Partial Mode": "Finalize",
          "Parent Relationship": "Outer",
          "Parallel Aware": false,
          "Async Capable": false,
          "Startup Cost": 238713.21,
          "Total Cost": 279625.48,
          "Plan Rows": 106664,
          "Plan Width": 36,
          "Group Key": [
            "partsupp.ps_partkey"
          ],
          "Filter": "(sum((partsupp.ps_supplycost * (partsupp.ps_availqty)::numeric)) > $1)",
          "Plans": [
            {
              "Node Type": "Gather Merge",
              "Parent Relationship": "Outer",
              "Parallel Aware": false,
              "Async Capable": false,
              "Startup Cost": 238713.21,
              "Total Cost": 272825.64,
              "Plan Rows": 266660,
              "Plan Width": 36,
              "Workers Planned": 2,
              "Plans": [
                {
                  "Node Type": "Aggregate",
                  "Strategy": "Sorted",
                  "Partial Mode": "Partial",
                  "Parent Relationship": "Outer",
                  "Parallel Aware": false,
                  "Async Capable": false,
                  "Startup Cost": 237713.18,
                  "Total Cost": 241046.43,
                  "Plan Rows": 133330,
                  "Plan Width": 36,
                  "Group Key": [
                    "partsupp.ps_partkey"
                  ],
                  "Plans": [
                    {
                      "Node Type": "Sort",
                      "Parent Relationship": "Outer",
                      "Parallel Aware": false,
                      "Async Capable": false,
                      "Startup Cost": 237713.18,
                      "Total Cost": 238046.51,
                      "Plan Rows": 133330,
                      "Plan Width": 14,
                      "Sort Key": [
                        "partsupp.ps_partkey"
                      ],
                      "Plans": [
                        {
                          "Node Type": "Hash Join",
                          "Parent Relationship": "Outer",
                          "Parallel Aware": true,
                          "Async Capable": false,
                          "Join Type": "Inner",
                          "Startup Cost": 3079.09,
                          "Total Cost": 224081.71,
                          "Plan Rows": 133330,
                          "Plan Width": 14,
                          "Inner Unique": false,
                          "Hash Cond": "(partsupp.ps_suppkey = supplier.s_suppkey)",
                          "Plans": [
                            {
                              "Node Type": "Seq Scan",
                              "Parent Relationship": "Outer",
                              "Parallel Aware": true,
                              "Async Capable": false,
                              "Relation Name": "partsupp",
                              "Alias": "partsupp",
                              "Startup Cost": 0.0,
                              "Total Cost": 207718.58,
                              "Plan Rows": 3333258,
                              "Plan Width": 18,
                              "parent": 15,
                              "ID": 16
                            },
                            {
                              "Node Type": "Hash",
                              "Parent Relationship": "Inner",
                              "Parallel Aware": true,
                              "Async Capable": false,
                              "Startup Cost": 3049.68,
                              "Total Cost": 3049.68,
                              "Plan Rows": 2353,
                              "Plan Width": 4,
                              "Plans": [
                                {
                                  "Node Type": "Hash Join",
                                  "Parent Relationship": "Outer",
                                  "Parallel Aware": false,
                                  "Async Capable": false,
                                  "Join Type": "Inner",
                                  "Startup Cost": 1.32,
                                  "Total Cost": 3049.68,
                                  "Plan Rows": 2353,
                                  "Plan Width": 4,
                                  "Inner Unique": false,
                                  "Hash Cond": "(supplier.s_nationkey = nation.n_nationkey)",
                                  "Plans": [
                                    {
                                      "Node Type": "Seq Scan",
                                      "Parent Relationship": "Outer",
                                      "Parallel Aware": true,
                                      "Async Capable": false,
                                      "Relation Name": "supplier",
                                      "Alias": "supplier",
                                      "Startup Cost": 0.0,
                                      "Total Cost": 2804.24,
                                      "Plan Rows": 58824,
                                      "Plan Width": 8,
                                      "parent": 18,
                                      "ID": 19
                                    },
                                    {
                                      "Node Type": "Hash",
                                      "Parent Relationship": "Inner",
                                      "Parallel Aware": false,
                                      "Async Capable": false,
                                      "Startup Cost": 1.31,
                                      "Total Cost": 1.31,
                                      "Plan Rows": 1,
                                      "Plan Width": 4,
                                      "Plans": [
                                        {
                                          "Node Type": "Seq Scan",
                                          "Parent Relationship": "Outer",
                                          "Parallel Aware": false,
                                          "Async Capable": false,
                                          "Relation Name": "nation",
                                          "Alias": "nation",
                                          "Startup Cost": 0.0,
                                          "Total Cost": 1.31,
                                          "Plan Rows": 1,
                                          "Plan Width": 4,
                                          "Filter": "(n_name = 'CANADA'::bpchar)",
                                          "parent": 20,
                                          "ID": 21
                                        }
                                      ],
                                      "parent": 18,
                                      "ID": 20,
                                      "left": 21
                                    }
                                  ],
                                  "parent": 17,
                                  "ID": 18,
                                  "left": 19,
                                  "right": 20
                                }
                              ],
                              "parent": 15,
                              "ID": 17,
                              "left": 18
                            }
                          ],
                          "parent": 14,
                          "ID": 15,
                          "left": 16,
                          "right": 17
                        }
                      ],
                      "parent": 13,
                      "ID": 14,
                      "left": 15
                    }
                  ],
                  "parent": 12,
                  "ID": 13,
                  "left": 14
                }
              ],
              "parent": 11,
              "ID": 12,
              "left": 13
            }
          ],
          "parent": 0,
          "ID": 11,
          "left": 12
        }
      ],
      "parent": null,
      "ID": 0,
      "left": 1,
      "right": 11
    },
    "feat": {
      "utility": 0.0,
      "query_shape": [
        [
          "Seq Scan",
          "Hash Join",
          "Aggregate",
          "Gather"
        ],
        [
          "Seq Scan",
          "Hash Join",
          "Hash",
          "Aggregate",
          "Gather"
        ],
        [
          "Seq Scan",
          "Hash",
          "Hash Join",
          "Aggregate",
          "Gather"
        ],
        [
          "Seq Scan",
          "Hash Join",
          "Sort",
          "Aggregate",
          "Gather Merge"
        ],
        [
          "Seq Scan",
          "Hash Join",
          "Hash",
          "Sort",
          "Aggregate",
          "Gather Merge"
        ],
        [
          "Seq Scan",
          "Hash",
          "Hash Join",
          "Sort",
          "Aggregate",
          "Gather Merge"
        ]
      ],
      "index_shape": [
        "order-by"
      ],
      "physical_operator": {
        "Sort": [
          "[1.000e+00 2.000e+02 4.020e+02 6.020e+02 8.020e+02 1.004e+03 1.203e+03\n 1.402e+03 1.602e+03 1.802e+03 2.003e+03 2.203e+03 2.405e+03 2.608e+03\n 2.810e+03 3.011e+03 3.211e+03 3.409e+03 3.608e+03 3.807e+03 4.006e+03\n 4.206e+03 4.405e+03 4.605e+03 4.801e+03 5.003e+03 5.203e+03 5.402e+03\n 5.602e+03 5.803e+03 6.004e+03 6.204e+03 6.403e+03 6.603e+03 6.804e+03\n 7.001e+03 7.199e+03 7.398e+03 7.597e+03 7.798e+03 8.001e+03 8.201e+03\n 8.400e+03 8.601e+03 8.801e+03 9.005e+03 9.204e+03 9.403e+03 9.600e+03\n 9.799e+03 9.999e+03]"
        ],
        "Aggregate": [
          "[1.000e+00 2.000e+02 4.020e+02 6.020e+02 8.020e+02 1.004e+03 1.203e+03\n 1.402e+03 1.602e+03 1.802e+03 2.003e+03 2.203e+03 2.405e+03 2.608e+03\n 2.810e+03 3.011e+03 3.211e+03 3.409e+03 3.608e+03 3.807e+03 4.006e+03\n 4.206e+03 4.405e+03 4.605e+03 4.801e+03 5.003e+03 5.203e+03 5.402e+03\n 5.602e+03 5.803e+03 6.004e+03 6.204e+03 6.403e+03 6.603e+03 6.804e+03\n 7.001e+03 7.199e+03 7.398e+03 7.597e+03 7.798e+03 8.001e+03 8.201e+03\n 8.400e+03 8.601e+03 8.801e+03 9.005e+03 9.204e+03 9.403e+03 9.600e+03\n 9.799e+03 9.999e+03]"
        ]
      }
    }
  },
  {
    "query": "-- Functional Query Definition\n-- Approved February 1998\n\n\nselect\nps_partkey,\nsum(ps_supplycost * ps_availqty) as value\nfrom\npartsupp,\nsupplier,\nnation\nwhere\nps_suppkey = s_suppkey\nand s_nationkey = n_nationkey\nand n_name = 'CANADA'\ngroup by\nps_partkey having\nsum(ps_supplycost * ps_availqty) > (\nselect\nsum(ps_supplycost * ps_availqty) * 0.0000100000\nfrom\npartsupp,\nsupplier,\nnation\nwhere\nps_suppkey = s_suppkey\nand s_nationkey = n_nationkey\nand n_name = 'CANADA'\n)\norder by\nvalue desc ;\n-- $ID$\n-- TPC-H/TPC-R Shipping Modes and Order Priority ",
    "indexes": "partsupp.ps_supplycost",
    "wo plan est": {
      "Node Type": "Sort",
      "Parallel Aware": false,
      "Async Capable": false,
      "Startup Cost": 517534.29,
      "Total Cost": 517800.95,
      "Plan Rows": 106664,
      "Plan Width": 36,
      "Sort Key": [
        "(sum((partsupp.ps_supplycost * (partsupp.ps_availqty)::numeric))) DESC"
      ],
      "Plans": [
        {
          "Node Type": "Aggregate",
          "Strategy": "Plain",
          "Partial Mode": "Finalize",
          "Parent Relationship": "InitPlan",
          "Subplan Name": "InitPlan 1 (returns $1)",
          "Parallel Aware": false,
          "Async Capable": false,
          "Startup Cost": 226081.91,
          "Total Cost": 226081.92,
          "Plan Rows": 1,
          "Plan Width": 32,
          "Plans": [
            {
              "Node Type": "Gather",
              "Parent Relationship": "Outer",
              "Parallel Aware": false,
              "Async Capable": false,
              "Startup Cost": 226081.68,
              "Total Cost": 226081.89,
              "Plan Rows": 2,
              "Plan Width": 32,
              "Workers Planned": 2,
              "Single Copy": false,
              "Plans": [
                {
                  "Node Type": "Aggregate",
                  "Strategy": "Plain",
                  "Partial Mode": "Partial",
                  "Parent Relationship": "Outer",
                  "Parallel Aware": false,
                  "Async Capable": false,
                  "Startup Cost": 225081.68,
                  "Total Cost": 225081.69,
                  "Plan Rows": 1,
                  "Plan Width": 32,
                  "Plans": [
                    {
                      "Node Type": "Hash Join",
                      "Parent Relationship": "Outer",
                      "Parallel Aware": true,
                      "Async Capable": false,
                      "Join Type": "Inner",
                      "Startup Cost": 3079.09,
                      "Total Cost": 224081.71,
                      "Plan Rows": 133330,
                      "Plan Width": 10,
                      "Inner Unique": false,
                      "Hash Cond": "(partsupp_1.ps_suppkey = supplier_1.s_suppkey)",
                      "Plans": [
                        {
                          "Node Type": "Seq Scan",
                          "Parent Relationship": "Outer",
                          "Parallel Aware": true,
                          "Async Capable": false,
                          "Relation Name": "partsupp",
                          "Alias": "partsupp_1",
                          "Startup Cost": 0.0,
                          "Total Cost": 207718.58,
                          "Plan Rows": 3333258,
                          "Plan Width": 14,
                          "parent": 4,
                          "ID": 5
                        },
                        {
                          "Node Type": "Hash",
                          "Parent Relationship": "Inner",
                          "Parallel Aware": true,
                          "Async Capable": false,
                          "Startup Cost": 3049.68,
                          "Total Cost": 3049.68,
                          "Plan Rows": 2353,
                          "Plan Width": 4,
                          "Plans": [
                            {
                              "Node Type": "Hash Join",
                              "Parent Relationship": "Outer",
                              "Parallel Aware": false,
                              "Async Capable": false,
                              "Join Type": "Inner",
                              "Startup Cost": 1.32,
                              "Total Cost": 3049.68,
                              "Plan Rows": 2353,
                              "Plan Width": 4,
                              "Inner Unique": false,
                              "Hash Cond": "(supplier_1.s_nationkey = nation_1.n_nationkey)",
                              "Plans": [
                                {
                                  "Node Type": "Seq Scan",
                                  "Parent Relationship": "Outer",
                                  "Parallel Aware": true,
                                  "Async Capable": false,
                                  "Relation Name": "supplier",
                                  "Alias": "supplier_1",
                                  "Startup Cost": 0.0,
                                  "Total Cost": 2804.24,
                                  "Plan Rows": 58824,
                                  "Plan Width": 8,
                                  "parent": 7,
                                  "ID": 8
                                },
                                {
                                  "Node Type": "Hash",
                                  "Parent Relationship": "Inner",
                                  "Parallel Aware": false,
                                  "Async Capable": false,
                                  "Startup Cost": 1.31,
                                  "Total Cost": 1.31,
                                  "Plan Rows": 1,
                                  "Plan Width": 4,
                                  "Plans": [
                                    {
                                      "Node Type": "Seq Scan",
                                      "Parent Relationship": "Outer",
                                      "Parallel Aware": false,
                                      "Async Capable": false,
                                      "Relation Name": "nation",
                                      "Alias": "nation_1",
                                      "Startup Cost": 0.0,
                                      "Total Cost": 1.31,
                                      "Plan Rows": 1,
                                      "Plan Width": 4,
                                      "Filter": "(n_name = 'CANADA'::bpchar)",
                                      "parent": 9,
                                      "ID": 10
                                    }
                                  ],
                                  "parent": 7,
                                  "ID": 9,
                                  "left": 10
                                }
                              ],
                              "parent": 6,
                              "ID": 7,
                              "left": 8,
                              "right": 9
                            }
                          ],
                          "parent": 4,
                          "ID": 6,
                          "left": 7
                        }
                      ],
                      "parent": 3,
                      "ID": 4,
                      "left": 5,
                      "right": 6
                    }
                  ],
                  "parent": 2,
                  "ID": 3,
                  "left": 4
                }
              ],
              "parent": 1,
              "ID": 2,
              "left": 3
            }
          ],
          "parent": 0,
          "ID": 1,
          "left": 2
        },
        {
          "Node Type": "Aggregate",
          "Strategy": "Sorted",
          "Partial Mode": "Finalize",
          "Parent Relationship": "Outer",
          "Parallel Aware": false,
          "Async Capable": false,
          "Startup Cost": 238713.21,
          "Total Cost": 279625.48,
          "Plan Rows": 106664,
          "Plan Width": 36,
          "Group Key": [
            "partsupp.ps_partkey"
          ],
          "Filter": "(sum((partsupp.ps_supplycost * (partsupp.ps_availqty)::numeric)) > $1)",
          "Plans": [
            {
              "Node Type": "Gather Merge",
              "Parent Relationship": "Outer",
              "Parallel Aware": false,
              "Async Capable": false,
              "Startup Cost": 238713.21,
              "Total Cost": 272825.64,
              "Plan Rows": 266660,
              "Plan Width": 36,
              "Workers Planned": 2,
              "Plans": [
                {
                  "Node Type": "Aggregate",
                  "Strategy": "Sorted",
                  "Partial Mode": "Partial",
                  "Parent Relationship": "Outer",
                  "Parallel Aware": false,
                  "Async Capable": false,
                  "Startup Cost": 237713.18,
                  "Total Cost": 241046.43,
                  "Plan Rows": 133330,
                  "Plan Width": 36,
                  "Group Key": [
                    "partsupp.ps_partkey"
                  ],
                  "Plans": [
                    {
                      "Node Type": "Sort",
                      "Parent Relationship": "Outer",
                      "Parallel Aware": false,
                      "Async Capable": false,
                      "Startup Cost": 237713.18,
                      "Total Cost": 238046.51,
                      "Plan Rows": 133330,
                      "Plan Width": 14,
                      "Sort Key": [
                        "partsupp.ps_partkey"
                      ],
                      "Plans": [
                        {
                          "Node Type": "Hash Join",
                          "Parent Relationship": "Outer",
                          "Parallel Aware": true,
                          "Async Capable": false,
                          "Join Type": "Inner",
                          "Startup Cost": 3079.09,
                          "Total Cost": 224081.71,
                          "Plan Rows": 133330,
                          "Plan Width": 14,
                          "Inner Unique": false,
                          "Hash Cond": "(partsupp.ps_suppkey = supplier.s_suppkey)",
                          "Plans": [
                            {
                              "Node Type": "Seq Scan",
                              "Parent Relationship": "Outer",
                              "Parallel Aware": true,
                              "Async Capable": false,
                              "Relation Name": "partsupp",
                              "Alias": "partsupp",
                              "Startup Cost": 0.0,
                              "Total Cost": 207718.58,
                              "Plan Rows": 3333258,
                              "Plan Width": 18,
                              "parent": 15,
                              "ID": 16
                            },
                            {
                              "Node Type": "Hash",
                              "Parent Relationship": "Inner",
                              "Parallel Aware": true,
                              "Async Capable": false,
                              "Startup Cost": 3049.68,
                              "Total Cost": 3049.68,
                              "Plan Rows": 2353,
                              "Plan Width": 4,
                              "Plans": [
                                {
                                  "Node Type": "Hash Join",
                                  "Parent Relationship": "Outer",
                                  "Parallel Aware": false,
                                  "Async Capable": false,
                                  "Join Type": "Inner",
                                  "Startup Cost": 1.32,
                                  "Total Cost": 3049.68,
                                  "Plan Rows": 2353,
                                  "Plan Width": 4,
                                  "Inner Unique": false,
                                  "Hash Cond": "(supplier.s_nationkey = nation.n_nationkey)",
                                  "Plans": [
                                    {
                                      "Node Type": "Seq Scan",
                                      "Parent Relationship": "Outer",
                                      "Parallel Aware": true,
                                      "Async Capable": false,
                                      "Relation Name": "supplier",
                                      "Alias": "supplier",
                                      "Startup Cost": 0.0,
                                      "Total Cost": 2804.24,
                                      "Plan Rows": 58824,
                                      "Plan Width": 8,
                                      "parent": 18,
                                      "ID": 19
                                    },
                                    {
                                      "Node Type": "Hash",
                                      "Parent Relationship": "Inner",
                                      "Parallel Aware": false,
                                      "Async Capable": false,
                                      "Startup Cost": 1.31,
                                      "Total Cost": 1.31,
                                      "Plan Rows": 1,
                                      "Plan Width": 4,
                                      "Plans": [
                                        {
                                          "Node Type": "Seq Scan",
                                          "Parent Relationship": "Outer",
                                          "Parallel Aware": false,
                                          "Async Capable": false,
                                          "Relation Name": "nation",
                                          "Alias": "nation",
                                          "Startup Cost": 0.0,
                                          "Total Cost": 1.31,
                                          "Plan Rows": 1,
                                          "Plan Width": 4,
                                          "Filter": "(n_name = 'CANADA'::bpchar)",
                                          "parent": 20,
                                          "ID": 21
                                        }
                                      ],
                                      "parent": 18,
                                      "ID": 20,
                                      "left": 21
                                    }
                                  ],
                                  "parent": 17,
                                  "ID": 18,
                                  "left": 19,
                                  "right": 20
                                }
                              ],
                              "parent": 15,
                              "ID": 17,
                              "left": 18
                            }
                          ],
                          "parent": 14,
                          "ID": 15,
                          "left": 16,
                          "right": 17
                        }
                      ],
                      "parent": 13,
                      "ID": 14,
                      "left": 15
                    }
                  ],
                  "parent": 12,
                  "ID": 13,
                  "left": 14
                }
              ],
              "parent": 11,
              "ID": 12,
              "left": 13
            }
          ],
          "parent": 0,
          "ID": 11,
          "left": 12
        }
      ],
      "parent": null,
      "ID": 0,
      "left": 1,
      "right": 11
    },
    "feat": {
      "utility": 0.0,
      "query_shape": [
        [
          "Seq Scan",
          "Hash Join",
          "Aggregate",
          "Gather"
        ],
        [
          "Seq Scan",
          "Hash Join",
          "Hash",
          "Aggregate",
          "Gather"
        ],
        [
          "Seq Scan",
          "Hash",
          "Hash Join",
          "Aggregate",
          "Gather"
        ],
        [
          "Seq Scan",
          "Hash Join",
          "Sort",
          "Aggregate",
          "Gather Merge"
        ],
        [
          "Seq Scan",
          "Hash Join",
          "Hash",
          "Sort",
          "Aggregate",
          "Gather Merge"
        ],
        [
          "Seq Scan",
          "Hash",
          "Hash Join",
          "Sort",
          "Aggregate",
          "Gather Merge"
        ]
      ],
      "index_shape": [
        "order-by"
      ],
      "physical_operator": {
        "Sort": [
          "[   1.       21.2      41.36     61.36     81.36    101.28    121.22\n  141.43    161.31    181.35    201.27    221.06    240.93    260.84\n  280.97    300.97    321.08    340.9     360.75    380.85    400.74\n  420.8158  440.57    460.5454  480.61    500.41    520.43    540.14\n  560.08    580.1     600.      619.84    639.8936  659.94    679.92\n  700.14    720.35    740.22    760.1724  779.93    800.11    820.12\n  840.      859.83    879.71    899.891   919.9     939.94    959.82\n  979.83   1000.    ]"
        ],
        "Aggregate": [
          "[   1.       21.2      41.36     61.36     81.36    101.28    121.22\n  141.43    161.31    181.35    201.27    221.06    240.93    260.84\n  280.97    300.97    321.08    340.9     360.75    380.85    400.74\n  420.8158  440.57    460.5454  480.61    500.41    520.43    540.14\n  560.08    580.1     600.      619.84    639.8936  659.94    679.92\n  700.14    720.35    740.22    760.1724  779.93    800.11    820.12\n  840.      859.83    879.71    899.891   919.9     939.94    959.82\n  979.83   1000.    ]"
        ]
      }
    }
  },
  {
    "query": "-- Functional Query Definition\n-- Approved February 1998\n\n\nselect\nps_partkey,\nsum(ps_supplycost * ps_availqty) as value\nfrom\npartsupp,\nsupplier,\nnation\nwhere\nps_suppkey = s_suppkey\nand s_nationkey = n_nationkey\nand n_name = 'CANADA'\ngroup by\nps_partkey having\nsum(ps_supplycost * ps_availqty) > (\nselect\nsum(ps_supplycost * ps_availqty) * 0.0000100000\nfrom\npartsupp,\nsupplier,\nnation\nwhere\nps_suppkey = s_suppkey\nand s_nationkey = n_nationkey\nand n_name = 'CANADA'\n)\norder by\nvalue desc ;\n-- $ID$\n-- TPC-H/TPC-R Shipping Modes and Order Priority ",
    "indexes": "supplier.s_suppkey",
    "wo plan est": {
      "Node Type": "Sort",
      "Parallel Aware": false,
      "Async Capable": false,
      "Startup Cost": 517534.29,
      "Total Cost": 517800.95,
      "Plan Rows": 106664,
      "Plan Width": 36,
      "Sort Key": [
        "(sum((partsupp.ps_supplycost * (partsupp.ps_availqty)::numeric))) DESC"
      ],
      "Plans": [
        {
          "Node Type": "Aggregate",
          "Strategy": "Plain",
          "Partial Mode": "Finalize",
          "Parent Relationship": "InitPlan",
          "Subplan Name": "InitPlan 1 (returns $1)",
          "Parallel Aware": false,
          "Async Capable": false,
          "Startup Cost": 226081.91,
          "Total Cost": 226081.92,
          "Plan Rows": 1,
          "Plan Width": 32,
          "Plans": [
            {
              "Node Type": "Gather",
              "Parent Relationship": "Outer",
              "Parallel Aware": false,
              "Async Capable": false,
              "Startup Cost": 226081.68,
              "Total Cost": 226081.89,
              "Plan Rows": 2,
              "Plan Width": 32,
              "Workers Planned": 2,
              "Single Copy": false,
              "Plans": [
                {
                  "Node Type": "Aggregate",
                  "Strategy": "Plain",
                  "Partial Mode": "Partial",
                  "Parent Relationship": "Outer",
                  "Parallel Aware": false,
                  "Async Capable": false,
                  "Startup Cost": 225081.68,
                  "Total Cost": 225081.69,
                  "Plan Rows": 1,
                  "Plan Width": 32,
                  "Plans": [
                    {
                      "Node Type": "Hash Join",
                      "Parent Relationship": "Outer",
                      "Parallel Aware": true,
                      "Async Capable": false,
                      "Join Type": "Inner",
                      "Startup Cost": 3079.09,
                      "Total Cost": 224081.71,
                      "Plan Rows": 133330,
                      "Plan Width": 10,
                      "Inner Unique": false,
                      "Hash Cond": "(partsupp_1.ps_suppkey = supplier_1.s_suppkey)",
                      "Plans": [
                        {
                          "Node Type": "Seq Scan",
                          "Parent Relationship": "Outer",
                          "Parallel Aware": true,
                          "Async Capable": false,
                          "Relation Name": "partsupp",
                          "Alias": "partsupp_1",
                          "Startup Cost": 0.0,
                          "Total Cost": 207718.58,
                          "Plan Rows": 3333258,
                          "Plan Width": 14,
                          "parent": 4,
                          "ID": 5
                        },
                        {
                          "Node Type": "Hash",
                          "Parent Relationship": "Inner",
                          "Parallel Aware": true,
                          "Async Capable": false,
                          "Startup Cost": 3049.68,
                          "Total Cost": 3049.68,
                          "Plan Rows": 2353,
                          "Plan Width": 4,
                          "Plans": [
                            {
                              "Node Type": "Hash Join",
                              "Parent Relationship": "Outer",
                              "Parallel Aware": false,
                              "Async Capable": false,
                              "Join Type": "Inner",
                              "Startup Cost": 1.32,
                              "Total Cost": 3049.68,
                              "Plan Rows": 2353,
                              "Plan Width": 4,
                              "Inner Unique": false,
                              "Hash Cond": "(supplier_1.s_nationkey = nation_1.n_nationkey)",
                              "Plans": [
                                {
                                  "Node Type": "Seq Scan",
                                  "Parent Relationship": "Outer",
                                  "Parallel Aware": true,
                                  "Async Capable": false,
                                  "Relation Name": "supplier",
                                  "Alias": "supplier_1",
                                  "Startup Cost": 0.0,
                                  "Total Cost": 2804.24,
                                  "Plan Rows": 58824,
                                  "Plan Width": 8,
                                  "parent": 7,
                                  "ID": 8
                                },
                                {
                                  "Node Type": "Hash",
                                  "Parent Relationship": "Inner",
                                  "Parallel Aware": false,
                                  "Async Capable": false,
                                  "Startup Cost": 1.31,
                                  "Total Cost": 1.31,
                                  "Plan Rows": 1,
                                  "Plan Width": 4,
                                  "Plans": [
                                    {
                                      "Node Type": "Seq Scan",
                                      "Parent Relationship": "Outer",
                                      "Parallel Aware": false,
                                      "Async Capable": false,
                                      "Relation Name": "nation",
                                      "Alias": "nation_1",
                                      "Startup Cost": 0.0,
                                      "Total Cost": 1.31,
                                      "Plan Rows": 1,
                                      "Plan Width": 4,
                                      "Filter": "(n_name = 'CANADA'::bpchar)",
                                      "parent": 9,
                                      "ID": 10
                                    }
                                  ],
                                  "parent": 7,
                                  "ID": 9,
                                  "left": 10
                                }
                              ],
                              "parent": 6,
                              "ID": 7,
                              "left": 8,
                              "right": 9
                            }
                          ],
                          "parent": 4,
                          "ID": 6,
                          "left": 7
                        }
                      ],
                      "parent": 3,
                      "ID": 4,
                      "left": 5,
                      "right": 6
                    }
                  ],
                  "parent": 2,
                  "ID": 3,
                  "left": 4
                }
              ],
              "parent": 1,
              "ID": 2,
              "left": 3
            }
          ],
          "parent": 0,
          "ID": 1,
          "left": 2
        },
        {
          "Node Type": "Aggregate",
          "Strategy": "Sorted",
          "Partial Mode": "Finalize",
          "Parent Relationship": "Outer",
          "Parallel Aware": false,
          "Async Capable": false,
          "Startup Cost": 238713.21,
          "Total Cost": 279625.48,
          "Plan Rows": 106664,
          "Plan Width": 36,
          "Group Key": [
            "partsupp.ps_partkey"
          ],
          "Filter": "(sum((partsupp.ps_supplycost * (partsupp.ps_availqty)::numeric)) > $1)",
          "Plans": [
            {
              "Node Type": "Gather Merge",
              "Parent Relationship": "Outer",
              "Parallel Aware": false,
              "Async Capable": false,
              "Startup Cost": 238713.21,
              "Total Cost": 272825.64,
              "Plan Rows": 266660,
              "Plan Width": 36,
              "Workers Planned": 2,
              "Plans": [
                {
                  "Node Type": "Aggregate",
                  "Strategy": "Sorted",
                  "Partial Mode": "Partial",
                  "Parent Relationship": "Outer",
                  "Parallel Aware": false,
                  "Async Capable": false,
                  "Startup Cost": 237713.18,
                  "Total Cost": 241046.43,
                  "Plan Rows": 133330,
                  "Plan Width": 36,
                  "Group Key": [
                    "partsupp.ps_partkey"
                  ],
                  "Plans": [
                    {
                      "Node Type": "Sort",
                      "Parent Relationship": "Outer",
                      "Parallel Aware": false,
                      "Async Capable": false,
                      "Startup Cost": 237713.18,
                      "Total Cost": 238046.51,
                      "Plan Rows": 133330,
                      "Plan Width": 14,
                      "Sort Key": [
                        "partsupp.ps_partkey"
                      ],
                      "Plans": [
                        {
                          "Node Type": "Hash Join",
                          "Parent Relationship": "Outer",
                          "Parallel Aware": true,
                          "Async Capable": false,
                          "Join Type": "Inner",
                          "Startup Cost": 3079.09,
                          "Total Cost": 224081.71,
                          "Plan Rows": 133330,
                          "Plan Width": 14,
                          "Inner Unique": false,
                          "Hash Cond": "(partsupp.ps_suppkey = supplier.s_suppkey)",
                          "Plans": [
                            {
                              "Node Type": "Seq Scan",
                              "Parent Relationship": "Outer",
                              "Parallel Aware": true,
                              "Async Capable": false,
                              "Relation Name": "partsupp",
                              "Alias": "partsupp",
                              "Startup Cost": 0.0,
                              "Total Cost": 207718.58,
                              "Plan Rows": 3333258,
                              "Plan Width": 18,
                              "parent": 15,
                              "ID": 16
                            },
                            {
                              "Node Type": "Hash",
                              "Parent Relationship": "Inner",
                              "Parallel Aware": true,
                              "Async Capable": false,
                              "Startup Cost": 3049.68,
                              "Total Cost": 3049.68,
                              "Plan Rows": 2353,
                              "Plan Width": 4,
                              "Plans": [
                                {
                                  "Node Type": "Hash Join",
                                  "Parent Relationship": "Outer",
                                  "Parallel Aware": false,
                                  "Async Capable": false,
                                  "Join Type": "Inner",
                                  "Startup Cost": 1.32,
                                  "Total Cost": 3049.68,
                                  "Plan Rows": 2353,
                                  "Plan Width": 4,
                                  "Inner Unique": false,
                                  "Hash Cond": "(supplier.s_nationkey = nation.n_nationkey)",
                                  "Plans": [
                                    {
                                      "Node Type": "Seq Scan",
                                      "Parent Relationship": "Outer",
                                      "Parallel Aware": true,
                                      "Async Capable": false,
                                      "Relation Name": "supplier",
                                      "Alias": "supplier",
                                      "Startup Cost": 0.0,
                                      "Total Cost": 2804.24,
                                      "Plan Rows": 58824,
                                      "Plan Width": 8,
                                      "parent": 18,
                                      "ID": 19
                                    },
                                    {
                                      "Node Type": "Hash",
                                      "Parent Relationship": "Inner",
                                      "Parallel Aware": false,
                                      "Async Capable": false,
                                      "Startup Cost": 1.31,
                                      "Total Cost": 1.31,
                                      "Plan Rows": 1,
                                      "Plan Width": 4,
                                      "Plans": [
                                        {
                                          "Node Type": "Seq Scan",
                                          "Parent Relationship": "Outer",
                                          "Parallel Aware": false,
                                          "Async Capable": false,
                                          "Relation Name": "nation",
                                          "Alias": "nation",
                                          "Startup Cost": 0.0,
                                          "Total Cost": 1.31,
                                          "Plan Rows": 1,
                                          "Plan Width": 4,
                                          "Filter": "(n_name = 'CANADA'::bpchar)",
                                          "parent": 20,
                                          "ID": 21
                                        }
                                      ],
                                      "parent": 18,
                                      "ID": 20,
                                      "left": 21
                                    }
                                  ],
                                  "parent": 17,
                                  "ID": 18,
                                  "left": 19,
                                  "right": 20
                                }
                              ],
                              "parent": 15,
                              "ID": 17,
                              "left": 18
                            }
                          ],
                          "parent": 14,
                          "ID": 15,
                          "left": 16,
                          "right": 17
                        }
                      ],
                      "parent": 13,
                      "ID": 14,
                      "left": 15
                    }
                  ],
                  "parent": 12,
                  "ID": 13,
                  "left": 14
                }
              ],
              "parent": 11,
              "ID": 12,
              "left": 13
            }
          ],
          "parent": 0,
          "ID": 11,
          "left": 12
        }
      ],
      "parent": null,
      "ID": 0,
      "left": 1,
      "right": 11
    },
    "feat": {
      "utility": 5.038997343000708e-06,
      "query_shape": [
        [
          "Seq Scan",
          "Hash Join",
          "Aggregate",
          "Gather"
        ],
        [
          "Seq Scan",
          "Hash Join",
          "Hash",
          "Aggregate",
          "Gather"
        ],
        [
          "Seq Scan",
          "Hash",
          "Hash Join",
          "Aggregate",
          "Gather"
        ],
        [
          "Seq Scan",
          "Hash Join",
          "Sort",
          "Aggregate",
          "Gather Merge"
        ],
        [
          "Seq Scan",
          "Hash Join",
          "Hash",
          "Sort",
          "Aggregate",
          "Gather Merge"
        ],
        [
          "Seq Scan",
          "Hash",
          "Hash Join",
          "Sort",
          "Aggregate",
          "Gather Merge"
        ]
      ],
      "index_shape": [
        "join"
      ],
      "physical_operator": {
        "Hash Join": [
          0.004123049139983979,
          0.004123049139983979
        ]
      }
    }
  },
  {
    "query": "-- Functional Query Definition\n-- Approved February 1998\n\n\nselect\nps_partkey,\nsum(ps_supplycost * ps_availqty) as value\nfrom\npartsupp,\nsupplier,\nnation\nwhere\nps_suppkey = s_suppkey\nand s_nationkey = n_nationkey\nand n_name = 'CANADA'\ngroup by\nps_partkey having\nsum(ps_supplycost * ps_availqty) > (\nselect\nsum(ps_supplycost * ps_availqty) * 0.0000100000\nfrom\npartsupp,\nsupplier,\nnation\nwhere\nps_suppkey = s_suppkey\nand s_nationkey = n_nationkey\nand n_name = 'CANADA'\n)\norder by\nvalue desc ;\n-- $ID$\n-- TPC-H/TPC-R Shipping Modes and Order Priority ",
    "indexes": "supplier.s_nationkey",
    "wo plan est": {
      "Node Type": "Sort",
      "Parallel Aware": false,
      "Async Capable": false,
      "Startup Cost": 517534.29,
      "Total Cost": 517800.95,
      "Plan Rows": 106664,
      "Plan Width": 36,
      "Sort Key": [
        "(sum((partsupp.ps_supplycost * (partsupp.ps_availqty)::numeric))) DESC"
      ],
      "Plans": [
        {
          "Node Type": "Aggregate",
          "Strategy": "Plain",
          "Partial Mode": "Finalize",
          "Parent Relationship": "InitPlan",
          "Subplan Name": "InitPlan 1 (returns $1)",
          "Parallel Aware": false,
          "Async Capable": false,
          "Startup Cost": 226081.91,
          "Total Cost": 226081.92,
          "Plan Rows": 1,
          "Plan Width": 32,
          "Plans": [
            {
              "Node Type": "Gather",
              "Parent Relationship": "Outer",
              "Parallel Aware": false,
              "Async Capable": false,
              "Startup Cost": 226081.68,
              "Total Cost": 226081.89,
              "Plan Rows": 2,
              "Plan Width": 32,
              "Workers Planned": 2,
              "Single Copy": false,
              "Plans": [
                {
                  "Node Type": "Aggregate",
                  "Strategy": "Plain",
                  "Partial Mode": "Partial",
                  "Parent Relationship": "Outer",
                  "Parallel Aware": false,
                  "Async Capable": false,
                  "Startup Cost": 225081.68,
                  "Total Cost": 225081.69,
                  "Plan Rows": 1,
                  "Plan Width": 32,
                  "Plans": [
                    {
                      "Node Type": "Hash Join",
                      "Parent Relationship": "Outer",
                      "Parallel Aware": true,
                      "Async Capable": false,
                      "Join Type": "Inner",
                      "Startup Cost": 3079.09,
                      "Total Cost": 224081.71,
                      "Plan Rows": 133330,
                      "Plan Width": 10,
                      "Inner Unique": false,
                      "Hash Cond": "(partsupp_1.ps_suppkey = supplier_1.s_suppkey)",
                      "Plans": [
                        {
                          "Node Type": "Seq Scan",
                          "Parent Relationship": "Outer",
                          "Parallel Aware": true,
                          "Async Capable": false,
                          "Relation Name": "partsupp",
                          "Alias": "partsupp_1",
                          "Startup Cost": 0.0,
                          "Total Cost": 207718.58,
                          "Plan Rows": 3333258,
                          "Plan Width": 14,
                          "parent": 4,
                          "ID": 5
                        },
                        {
                          "Node Type": "Hash",
                          "Parent Relationship": "Inner",
                          "Parallel Aware": true,
                          "Async Capable": false,
                          "Startup Cost": 3049.68,
                          "Total Cost": 3049.68,
                          "Plan Rows": 2353,
                          "Plan Width": 4,
                          "Plans": [
                            {
                              "Node Type": "Hash Join",
                              "Parent Relationship": "Outer",
                              "Parallel Aware": false,
                              "Async Capable": false,
                              "Join Type": "Inner",
                              "Startup Cost": 1.32,
                              "Total Cost": 3049.68,
                              "Plan Rows": 2353,
                              "Plan Width": 4,
                              "Inner Unique": false,
                              "Hash Cond": "(supplier_1.s_nationkey = nation_1.n_nationkey)",
                              "Plans": [
                                {
                                  "Node Type": "Seq Scan",
                                  "Parent Relationship": "Outer",
                                  "Parallel Aware": true,
                                  "Async Capable": false,
                                  "Relation Name": "supplier",
                                  "Alias": "supplier_1",
                                  "Startup Cost": 0.0,
                                  "Total Cost": 2804.24,
                                  "Plan Rows": 58824,
                                  "Plan Width": 8,
                                  "parent": 7,
                                  "ID": 8
                                },
                                {
                                  "Node Type": "Hash",
                                  "Parent Relationship": "Inner",
                                  "Parallel Aware": false,
                                  "Async Capable": false,
                                  "Startup Cost": 1.31,
                                  "Total Cost": 1.31,
                                  "Plan Rows": 1,
                                  "Plan Width": 4,
                                  "Plans": [
                                    {
                                      "Node Type": "Seq Scan",
                                      "Parent Relationship": "Outer",
                                      "Parallel Aware": false,
                                      "Async Capable": false,
                                      "Relation Name": "nation",
                                      "Alias": "nation_1",
                                      "Startup Cost": 0.0,
                                      "Total Cost": 1.31,
                                      "Plan Rows": 1,
                                      "Plan Width": 4,
                                      "Filter": "(n_name = 'CANADA'::bpchar)",
                                      "parent": 9,
                                      "ID": 10
                                    }
                                  ],
                                  "parent": 7,
                                  "ID": 9,
                                  "left": 10
                                }
                              ],
                              "parent": 6,
                              "ID": 7,
                              "left": 8,
                              "right": 9
                            }
                          ],
                          "parent": 4,
                          "ID": 6,
                          "left": 7
                        }
                      ],
                      "parent": 3,
                      "ID": 4,
                      "left": 5,
                      "right": 6
                    }
                  ],
                  "parent": 2,
                  "ID": 3,
                  "left": 4
                }
              ],
              "parent": 1,
              "ID": 2,
              "left": 3
            }
          ],
          "parent": 0,
          "ID": 1,
          "left": 2
        },
        {
          "Node Type": "Aggregate",
          "Strategy": "Sorted",
          "Partial Mode": "Finalize",
          "Parent Relationship": "Outer",
          "Parallel Aware": false,
          "Async Capable": false,
          "Startup Cost": 238713.21,
          "Total Cost": 279625.48,
          "Plan Rows": 106664,
          "Plan Width": 36,
          "Group Key": [
            "partsupp.ps_partkey"
          ],
          "Filter": "(sum((partsupp.ps_supplycost * (partsupp.ps_availqty)::numeric)) > $1)",
          "Plans": [
            {
              "Node Type": "Gather Merge",
              "Parent Relationship": "Outer",
              "Parallel Aware": false,
              "Async Capable": false,
              "Startup Cost": 238713.21,
              "Total Cost": 272825.64,
              "Plan Rows": 266660,
              "Plan Width": 36,
              "Workers Planned": 2,
              "Plans": [
                {
                  "Node Type": "Aggregate",
                  "Strategy": "Sorted",
                  "Partial Mode": "Partial",
                  "Parent Relationship": "Outer",
                  "Parallel Aware": false,
                  "Async Capable": false,
                  "Startup Cost": 237713.18,
                  "Total Cost": 241046.43,
                  "Plan Rows": 133330,
                  "Plan Width": 36,
                  "Group Key": [
                    "partsupp.ps_partkey"
                  ],
                  "Plans": [
                    {
                      "Node Type": "Sort",
                      "Parent Relationship": "Outer",
                      "Parallel Aware": false,
                      "Async Capable": false,
                      "Startup Cost": 237713.18,
                      "Total Cost": 238046.51,
                      "Plan Rows": 133330,
                      "Plan Width": 14,
                      "Sort Key": [
                        "partsupp.ps_partkey"
                      ],
                      "Plans": [
                        {
                          "Node Type": "Hash Join",
                          "Parent Relationship": "Outer",
                          "Parallel Aware": true,
                          "Async Capable": false,
                          "Join Type": "Inner",
                          "Startup Cost": 3079.09,
                          "Total Cost": 224081.71,
                          "Plan Rows": 133330,
                          "Plan Width": 14,
                          "Inner Unique": false,
                          "Hash Cond": "(partsupp.ps_suppkey = supplier.s_suppkey)",
                          "Plans": [
                            {
                              "Node Type": "Seq Scan",
                              "Parent Relationship": "Outer",
                              "Parallel Aware": true,
                              "Async Capable": false,
                              "Relation Name": "partsupp",
                              "Alias": "partsupp",
                              "Startup Cost": 0.0,
                              "Total Cost": 207718.58,
                              "Plan Rows": 3333258,
                              "Plan Width": 18,
                              "parent": 15,
                              "ID": 16
                            },
                            {
                              "Node Type": "Hash",
                              "Parent Relationship": "Inner",
                              "Parallel Aware": true,
                              "Async Capable": false,
                              "Startup Cost": 3049.68,
                              "Total Cost": 3049.68,
                              "Plan Rows": 2353,
                              "Plan Width": 4,
                              "Plans": [
                                {
                                  "Node Type": "Hash Join",
                                  "Parent Relationship": "Outer",
                                  "Parallel Aware": false,
                                  "Async Capable": false,
                                  "Join Type": "Inner",
                                  "Startup Cost": 1.32,
                                  "Total Cost": 3049.68,
                                  "Plan Rows": 2353,
                                  "Plan Width": 4,
                                  "Inner Unique": false,
                                  "Hash Cond": "(supplier.s_nationkey = nation.n_nationkey)",
                                  "Plans": [
                                    {
                                      "Node Type": "Seq Scan",
                                      "Parent Relationship": "Outer",
                                      "Parallel Aware": true,
                                      "Async Capable": false,
                                      "Relation Name": "supplier",
                                      "Alias": "supplier",
                                      "Startup Cost": 0.0,
                                      "Total Cost": 2804.24,
                                      "Plan Rows": 58824,
                                      "Plan Width": 8,
                                      "parent": 18,
                                      "ID": 19
                                    },
                                    {
                                      "Node Type": "Hash",
                                      "Parent Relationship": "Inner",
                                      "Parallel Aware": false,
                                      "Async Capable": false,
                                      "Startup Cost": 1.31,
                                      "Total Cost": 1.31,
                                      "Plan Rows": 1,
                                      "Plan Width": 4,
                                      "Plans": [
                                        {
                                          "Node Type": "Seq Scan",
                                          "Parent Relationship": "Outer",
                                          "Parallel Aware": false,
                                          "Async Capable": false,
                                          "Relation Name": "nation",
                                          "Alias": "nation",
                                          "Startup Cost": 0.0,
                                          "Total Cost": 1.31,
                                          "Plan Rows": 1,
                                          "Plan Width": 4,
                                          "Filter": "(n_name = 'CANADA'::bpchar)",
                                          "parent": 20,
                                          "ID": 21
                                        }
                                      ],
                                      "parent": 18,
                                      "ID": 20,
                                      "left": 21
                                    }
                                  ],
                                  "parent": 17,
                                  "ID": 18,
                                  "left": 19,
                                  "right": 20
                                }
                              ],
                              "parent": 15,
                              "ID": 17,
                              "left": 18
                            }
                          ],
                          "parent": 14,
                          "ID": 15,
                          "left": 16,
                          "right": 17
                        }
                      ],
                      "parent": 13,
                      "ID": 14,
                      "left": 15
                    }
                  ],
                  "parent": 12,
                  "ID": 13,
                  "left": 14
                }
              ],
              "parent": 11,
              "ID": 12,
              "left": 13
            }
          ],
          "parent": 0,
          "ID": 11,
          "left": 12
        }
      ],
      "parent": null,
      "ID": 0,
      "left": 1,
      "right": 11
    },
    "feat": {
      "utility": 4.0478789118763895e-06,
      "query_shape": [
        [
          "Seq Scan",
          "Hash Join",
          "Aggregate",
          "Gather"
        ],
        [
          "Seq Scan",
          "Hash Join",
          "Hash",
          "Aggregate",
          "Gather"
        ],
        [
          "Seq Scan",
          "Hash",
          "Hash Join",
          "Aggregate",
          "Gather"
        ],
        [
          "Seq Scan",
          "Hash Join",
          "Sort",
          "Aggregate",
          "Gather Merge"
        ],
        [
          "Seq Scan",
          "Hash Join",
          "Hash",
          "Sort",
          "Aggregate",
          "Gather Merge"
        ],
        [
          "Seq Scan",
          "Hash",
          "Hash Join",
          "Sort",
          "Aggregate",
          "Gather Merge"
        ]
      ],
      "index_shape": [
        "join"
      ],
      "physical_operator": {
        "Hash Join": [
          0.20000169997917527,
          0.20000169997917527
        ]
      }
    }
  },
  {
    "query": "-- Functional Query Definition\n-- Approved February 1998\n\n\nselect\no_orderpriority,\ncount(*) as order_count\nfrom\norders\nwhere\no_orderdate >= date '1997-03-01'\nand o_orderdate < date '1997-03-01' + interval '3' month\nand exists (\nselect\n*\nfrom\nlineitem\nwhere\nl_orderkey = o_orderkey\nand l_commitdate < l_receiptdate\n)\ngroup by\no_orderpriority\norder by\no_orderpriority ;\n-- $ID$\n-- TPC-H/TPC-R Local Supplier Volume ",
    "indexes": "lineitem.l_orderkey",
    "wo plan est": {
      "Node Type": "Aggregate",
      "Strategy": "Sorted",
      "Partial Mode": "Finalize",
      "Parallel Aware": false,
      "Async Capable": false,
      "Startup Cost": 1965716.87,
      "Total Cost": 1965764.61,
      "Plan Rows": 5,
      "Plan Width": 24,
      "Group Key": [
        "orders.o_orderpriority"
      ],
      "Plans": [
        {
          "Node Type": "Gather Merge",
          "Parent Relationship": "Outer",
          "Parallel Aware": false,
          "Async Capable": false,
          "Startup Cost": 1965716.87,
          "Total Cost": 1965764.51,
          "Plan Rows": 10,
          "Plan Width": 24,
          "Workers Planned": 2,
          "Plans": [
            {
              "Node Type": "Aggregate",
              "Strategy": "Sorted",
              "Partial Mode": "Partial",
              "Parent Relationship": "Outer",
              "Parallel Aware": false,
              "Async Capable": false,
              "Startup Cost": 1964716.85,
              "Total Cost": 1964763.33,
              "Plan Rows": 5,
              "Plan Width": 24,
              "Group Key": [
                "orders.o_orderpriority"
              ],
              "Plans": [
                {
                  "Node Type": "Sort",
                  "Parent Relationship": "Outer",
                  "Parallel Aware": false,
                  "Async Capable": false,
                  "Startup Cost": 1964716.85,
                  "Total Cost": 1964732.33,
                  "Plan Rows": 6191,
                  "Plan Width": 16,
                  "Sort Key": [
                    "orders.o_orderpriority"
                  ],
                  "Plans": [
                    {
                      "Node Type": "Hash Join",
                      "Parent Relationship": "Outer",
                      "Parallel Aware": true,
                      "Async Capable": false,
                      "Join Type": "Semi",
                      "Startup Cost": 1573675.61,
                      "Total Cost": 1964326.94,
                      "Plan Rows": 6191,
                      "Plan Width": 16,
                      "Inner Unique": false,
                      "Hash Cond": "(orders.o_orderkey = lineitem.l_orderkey)",
                      "Plans": [
                        {
                          "Node Type": "Seq Scan",
                          "Parent Relationship": "Outer",
                          "Parallel Aware": true,
                          "Async Capable": false,
                          "Relation Name": "orders",
                          "Alias": "orders",
                          "Startup Cost": 0.0,
                          "Total Cost": 354655.56,
                          "Plan Rows": 235108,
                          "Plan Width": 20,
                          "Filter": "((o_orderdate >= '1997-03-01'::date) AND (o_orderdate < '1997-06-01 00:00:00'::timestamp without time zone))",
                          "parent": 4,
                          "ID": 5
                        },
                        {
                          "Node Type": "Hash",
                          "Parent Relationship": "Inner",
                          "Parallel Aware": true,
                          "Async Capable": false,
                          "Startup Cost": 1436982.71,
                          "Total Cost": 1436982.71,
                          "Plan Rows": 8331752,
                          "Plan Width": 4,
                          "Plans": [
                            {
                              "Node Type": "Seq Scan",
                              "Parent Relationship": "Outer",
                              "Parallel Aware": true,
                              "Async Capable": false,
                              "Relation Name": "lineitem",
                              "Alias": "lineitem",
                              "Startup Cost": 0.0,
                              "Total Cost": 1436982.71,
                              "Plan Rows": 8331752,
                              "Plan Width": 4,
                              "Filter": "(l_commitdate < l_receiptdate)",
                              "parent": 6,
                              "ID": 7
                            }
                          ],
                          "parent": 4,
                          "ID": 6,
                          "left": 7
                        }
                      ],
                      "parent": 3,
                      "ID": 4,
                      "left": 5,
                      "right": 6
                    }
                  ],
                  "parent": 2,
                  "ID": 3,
                  "left": 4
                }
              ],
              "parent": 1,
              "ID": 2,
              "left": 3
            }
          ],
          "parent": 0,
          "ID": 1,
          "left": 2
        }
      ],
      "parent": null,
      "ID": 0,
      "left": 1
    },
    "feat": {
      "utility": 0.7309633705949722,
      "query_shape": [
        [
          "Seq Scan",
          "Hash Join",
          "Sort",
          "Aggregate",
          "Gather Merge"
        ],
        [
          "Seq Scan",
          "Hash",
          "Hash Join",
          "Sort",
          "Aggregate",
          "Gather Merge"
        ]
      ],
      "index_shape": [
        "join"
      ],
      "physical_operator": {
        "Hash Join": [
          5.62184064754256e-05
        ]
      }
    }
  },
  {
    "query": "-- Functional Query Definition\n-- Approved February 1998\n\n\nselect\no_orderpriority,\ncount(*) as order_count\nfrom\norders\nwhere\no_orderdate >= date '1997-03-01'\nand o_orderdate < date '1997-03-01' + interval '3' month\nand exists (\nselect\n*\nfrom\nlineitem\nwhere\nl_orderkey = o_orderkey\nand l_commitdate < l_receiptdate\n)\ngroup by\no_orderpriority\norder by\no_orderpriority ;\n-- $ID$\n-- TPC-H/TPC-R Local Supplier Volume ",
    "indexes": "lineitem.l_commitdate",
    "wo plan est": {
      "Node Type": "Aggregate",
      "Strategy": "Sorted",
      "Partial Mode": "Finalize",
      "Parallel Aware": false,
      "Async Capable": false,
      "Startup Cost": 1965716.87,
      "Total Cost": 1965764.61,
      "Plan Rows": 5,
      "Plan Width": 24,
      "Group Key": [
        "orders.o_orderpriority"
      ],
      "Plans": [
        {
          "Node Type": "Gather Merge",
          "Parent Relationship": "Outer",
          "Parallel Aware": false,
          "Async Capable": false,
          "Startup Cost": 1965716.87,
          "Total Cost": 1965764.51,
          "Plan Rows": 10,
          "Plan Width": 24,
          "Workers Planned": 2,
          "Plans": [
            {
              "Node Type": "Aggregate",
              "Strategy": "Sorted",
              "Partial Mode": "Partial",
              "Parent Relationship": "Outer",
              "Parallel Aware": false,
              "Async Capable": false,
              "Startup Cost": 1964716.85,
              "Total Cost": 1964763.33,
              "Plan Rows": 5,
              "Plan Width": 24,
              "Group Key": [
                "orders.o_orderpriority"
              ],
              "Plans": [
                {
                  "Node Type": "Sort",
                  "Parent Relationship": "Outer",
                  "Parallel Aware": false,
                  "Async Capable": false,
                  "Startup Cost": 1964716.85,
                  "Total Cost": 1964732.33,
                  "Plan Rows": 6191,
                  "Plan Width": 16,
                  "Sort Key": [
                    "orders.o_orderpriority"
                  ],
                  "Plans": [
                    {
                      "Node Type": "Hash Join",
                      "Parent Relationship": "Outer",
                      "Parallel Aware": true,
                      "Async Capable": false,
                      "Join Type": "Semi",
                      "Startup Cost": 1573675.61,
                      "Total Cost": 1964326.94,
                      "Plan Rows": 6191,
                      "Plan Width": 16,
                      "Inner Unique": false,
                      "Hash Cond": "(orders.o_orderkey = lineitem.l_orderkey)",
                      "Plans": [
                        {
                          "Node Type": "Seq Scan",
                          "Parent Relationship": "Outer",
                          "Parallel Aware": true,
                          "Async Capable": false,
                          "Relation Name": "orders",
                          "Alias": "orders",
                          "Startup Cost": 0.0,
                          "Total Cost": 354655.56,
                          "Plan Rows": 235108,
                          "Plan Width": 20,
                          "Filter": "((o_orderdate >= '1997-03-01'::date) AND (o_orderdate < '1997-06-01 00:00:00'::timestamp without time zone))",
                          "parent": 4,
                          "ID": 5
                        },
                        {
                          "Node Type": "Hash",
                          "Parent Relationship": "Inner",
                          "Parallel Aware": true,
                          "Async Capable": false,
                          "Startup Cost": 1436982.71,
                          "Total Cost": 1436982.71,
                          "Plan Rows": 8331752,
                          "Plan Width": 4,
                          "Plans": [
                            {
                              "Node Type": "Seq Scan",
                              "Parent Relationship": "Outer",
                              "Parallel Aware": true,
                              "Async Capable": false,
                              "Relation Name": "lineitem",
                              "Alias": "lineitem",
                              "Startup Cost": 0.0,
                              "Total Cost": 1436982.71,
                              "Plan Rows": 8331752,
                              "Plan Width": 4,
                              "Filter": "(l_commitdate < l_receiptdate)",
                              "parent": 6,
                              "ID": 7
                            }
                          ],
                          "parent": 4,
                          "ID": 6,
                          "left": 7
                        }
                      ],
                      "parent": 3,
                      "ID": 4,
                      "left": 5,
                      "right": 6
                    }
                  ],
                  "parent": 2,
                  "ID": 3,
                  "left": 4
                }
              ],
              "parent": 1,
              "ID": 2,
              "left": 3
            }
          ],
          "parent": 0,
          "ID": 1,
          "left": 2
        }
      ],
      "parent": null,
      "ID": 0,
      "left": 1
    },
    "feat": {
      "utility": 0.6294953344048662,
      "query_shape": [
        [
          "Seq Scan",
          "Hash Join",
          "Sort",
          "Aggregate",
          "Gather Merge"
        ],
        [
          "Seq Scan",
          "Hash",
          "Hash Join",
          "Sort",
          "Aggregate",
          "Gather Merge"
        ]
      ],
      "index_shape": [
        "selection"
      ],
      "physical_operator": {
        "Seq Scan": [
          0.13886253333333332
        ]
      }
    }
  },
  {
    "query": "-- Functional Query Definition\n-- Approved February 1998\n\n\nselect\no_orderpriority,\ncount(*) as order_count\nfrom\norders\nwhere\no_orderdate >= date '1997-03-01'\nand o_orderdate < date '1997-03-01' + interval '3' month\nand exists (\nselect\n*\nfrom\nlineitem\nwhere\nl_orderkey = o_orderkey\nand l_commitdate < l_receiptdate\n)\ngroup by\no_orderpriority\norder by\no_orderpriority ;\n-- $ID$\n-- TPC-H/TPC-R Local Supplier Volume ",
    "indexes": "lineitem.l_receiptdate",
    "wo plan est": {
      "Node Type": "Aggregate",
      "Strategy": "Sorted",
      "Partial Mode": "Finalize",
      "Parallel Aware": false,
      "Async Capable": false,
      "Startup Cost": 1965716.87,
      "Total Cost": 1965764.61,
      "Plan Rows": 5,
      "Plan Width": 24,
      "Group Key": [
        "orders.o_orderpriority"
      ],
      "Plans": [
        {
          "Node Type": "Gather Merge",
          "Parent Relationship": "Outer",
          "Parallel Aware": false,
          "Async Capable": false,
          "Startup Cost": 1965716.87,
          "Total Cost": 1965764.51,
          "Plan Rows": 10,
          "Plan Width": 24,
          "Workers Planned": 2,
          "Plans": [
            {
              "Node Type": "Aggregate",
              "Strategy": "Sorted",
              "Partial Mode": "Partial",
              "Parent Relationship": "Outer",
              "Parallel Aware": false,
              "Async Capable": false,
              "Startup Cost": 1964716.85,
              "Total Cost": 1964763.33,
              "Plan Rows": 5,
              "Plan Width": 24,
              "Group Key": [
                "orders.o_orderpriority"
              ],
              "Plans": [
                {
                  "Node Type": "Sort",
                  "Parent Relationship": "Outer",
                  "Parallel Aware": false,
                  "Async Capable": false,
                  "Startup Cost": 1964716.85,
                  "Total Cost": 1964732.33,
                  "Plan Rows": 6191,
                  "Plan Width": 16,
                  "Sort Key": [
                    "orders.o_orderpriority"
                  ],
                  "Plans": [
                    {
                      "Node Type": "Hash Join",
                      "Parent Relationship": "Outer",
                      "Parallel Aware": true,
                      "Async Capable": false,
                      "Join Type": "Semi",
                      "Startup Cost": 1573675.61,
                      "Total Cost": 1964326.94,
                      "Plan Rows": 6191,
                      "Plan Width": 16,
                      "Inner Unique": false,
                      "Hash Cond": "(orders.o_orderkey = lineitem.l_orderkey)",
                      "Plans": [
                        {
                          "Node Type": "Seq Scan",
                          "Parent Relationship": "Outer",
                          "Parallel Aware": true,
                          "Async Capable": false,
                          "Relation Name": "orders",
                          "Alias": "orders",
                          "Startup Cost": 0.0,
                          "Total Cost": 354655.56,
                          "Plan Rows": 235108,
                          "Plan Width": 20,
                          "Filter": "((o_orderdate >= '1997-03-01'::date) AND (o_orderdate < '1997-06-01 00:00:00'::timestamp without time zone))",
                          "parent": 4,
                          "ID": 5
                        },
                        {
                          "Node Type": "Hash",
                          "Parent Relationship": "Inner",
                          "Parallel Aware": true,
                          "Async Capable": false,
                          "Startup Cost": 1436982.71,
                          "Total Cost": 1436982.71,
                          "Plan Rows": 8331752,
                          "Plan Width": 4,
                          "Plans": [
                            {
                              "Node Type": "Seq Scan",
                              "Parent Relationship": "Outer",
                              "Parallel Aware": true,
                              "Async Capable": false,
                              "Relation Name": "lineitem",
                              "Alias": "lineitem",
                              "Startup Cost": 0.0,
                              "Total Cost": 1436982.71,
                              "Plan Rows": 8331752,
                              "Plan Width": 4,
                              "Filter": "(l_commitdate < l_receiptdate)",
                              "parent": 6,
                              "ID": 7
                            }
                          ],
                          "parent": 4,
                          "ID": 6,
                          "left": 7
                        }
                      ],
                      "parent": 3,
                      "ID": 4,
                      "left": 5,
                      "right": 6
                    }
                  ],
                  "parent": 2,
                  "ID": 3,
                  "left": 4
                }
              ],
              "parent": 1,
              "ID": 2,
              "left": 3
            }
          ],
          "parent": 0,
          "ID": 1,
          "left": 2
        }
      ],
      "parent": null,
      "ID": 0,
      "left": 1
    },
    "feat": {
      "utility": 0.6294953344048662,
      "query_shape": [
        [
          "Seq Scan",
          "Hash Join",
          "Sort",
          "Aggregate",
          "Gather Merge"
        ],
        [
          "Seq Scan",
          "Hash",
          "Hash Join",
          "Sort",
          "Aggregate",
          "Gather Merge"
        ]
      ],
      "index_shape": [
        "selection"
      ],
      "physical_operator": {
        "Seq Scan": [
          0.13886253333333332
        ]
      }
    }
  },
  {
    "query": "-- Functional Query Definition\n-- Approved February 1998\n\n\nselect\no_orderpriority,\ncount(*) as order_count\nfrom\norders\nwhere\no_orderdate >= date '1997-03-01'\nand o_orderdate < date '1997-03-01' + interval '3' month\nand exists (\nselect\n*\nfrom\nlineitem\nwhere\nl_orderkey = o_orderkey\nand l_commitdate < l_receiptdate\n)\ngroup by\no_orderpriority\norder by\no_orderpriority ;\n-- $ID$\n-- TPC-H/TPC-R Local Supplier Volume ",
    "indexes": "orders.o_orderkey",
    "wo plan est": {
      "Node Type": "Aggregate",
      "Strategy": "Sorted",
      "Partial Mode": "Finalize",
      "Parallel Aware": false,
      "Async Capable": false,
      "Startup Cost": 1965716.87,
      "Total Cost": 1965764.61,
      "Plan Rows": 5,
      "Plan Width": 24,
      "Group Key": [
        "orders.o_orderpriority"
      ],
      "Plans": [
        {
          "Node Type": "Gather Merge",
          "Parent Relationship": "Outer",
          "Parallel Aware": false,
          "Async Capable": false,
          "Startup Cost": 1965716.87,
          "Total Cost": 1965764.51,
          "Plan Rows": 10,
          "Plan Width": 24,
          "Workers Planned": 2,
          "Plans": [
            {
              "Node Type": "Aggregate",
              "Strategy": "Sorted",
              "Partial Mode": "Partial",
              "Parent Relationship": "Outer",
              "Parallel Aware": false,
              "Async Capable": false,
              "Startup Cost": 1964716.85,
              "Total Cost": 1964763.33,
              "Plan Rows": 5,
              "Plan Width": 24,
              "Group Key": [
                "orders.o_orderpriority"
              ],
              "Plans": [
                {
                  "Node Type": "Sort",
                  "Parent Relationship": "Outer",
                  "Parallel Aware": false,
                  "Async Capable": false,
                  "Startup Cost": 1964716.85,
                  "Total Cost": 1964732.33,
                  "Plan Rows": 6191,
                  "Plan Width": 16,
                  "Sort Key": [
                    "orders.o_orderpriority"
                  ],
                  "Plans": [
                    {
                      "Node Type": "Hash Join",
                      "Parent Relationship": "Outer",
                      "Parallel Aware": true,
                      "Async Capable": false,
                      "Join Type": "Semi",
                      "Startup Cost": 1573675.61,
                      "Total Cost": 1964326.94,
                      "Plan Rows": 6191,
                      "Plan Width": 16,
                      "Inner Unique": false,
                      "Hash Cond": "(orders.o_orderkey = lineitem.l_orderkey)",
                      "Plans": [
                        {
                          "Node Type": "Seq Scan",
                          "Parent Relationship": "Outer",
                          "Parallel Aware": true,
                          "Async Capable": false,
                          "Relation Name": "orders",
                          "Alias": "orders",
                          "Startup Cost": 0.0,
                          "Total Cost": 354655.56,
                          "Plan Rows": 235108,
                          "Plan Width": 20,
                          "Filter": "((o_orderdate >= '1997-03-01'::date) AND (o_orderdate < '1997-06-01 00:00:00'::timestamp without time zone))",
                          "parent": 4,
                          "ID": 5
                        },
                        {
                          "Node Type": "Hash",
                          "Parent Relationship": "Inner",
                          "Parallel Aware": true,
                          "Async Capable": false,
                          "Startup Cost": 1436982.71,
                          "Total Cost": 1436982.71,
                          "Plan Rows": 8331752,
                          "Plan Width": 4,
                          "Plans": [
                            {
                              "Node Type": "Seq Scan",
                              "Parent Relationship": "Outer",
                              "Parallel Aware": true,
                              "Async Capable": false,
                              "Relation Name": "lineitem",
                              "Alias": "lineitem",
                              "Startup Cost": 0.0,
                              "Total Cost": 1436982.71,
                              "Plan Rows": 8331752,
                              "Plan Width": 4,
                              "Filter": "(l_commitdate < l_receiptdate)",
                              "parent": 6,
                              "ID": 7
                            }
                          ],
                          "parent": 4,
                          "ID": 6,
                          "left": 7
                        }
                      ],
                      "parent": 3,
                      "ID": 4,
                      "left": 5,
                      "right": 6
                    }
                  ],
                  "parent": 2,
                  "ID": 3,
                  "left": 4
                }
              ],
              "parent": 1,
              "ID": 2,
              "left": 3
            }
          ],
          "parent": 0,
          "ID": 1,
          "left": 2
        }
      ],
      "parent": null,
      "ID": 0,
      "left": 1
    },
    "feat": {
      "utility": 0.7309633705949722,
      "query_shape": [
        [
          "Seq Scan",
          "Hash Join",
          "Sort",
          "Aggregate",
          "Gather Merge"
        ],
        [
          "Seq Scan",
          "Hash",
          "Hash Join",
          "Sort",
          "Aggregate",
          "Gather Merge"
        ]
      ],
      "index_shape": [
        "join"
      ],
      "physical_operator": {
        "Hash Join": [
          5.62184064754256e-05
        ]
      }
    }
  },
  {
    "query": "-- Functional Query Definition\n-- Approved February 1998\n\n\nselect\no_orderpriority,\ncount(*) as order_count\nfrom\norders\nwhere\no_orderdate >= date '1997-03-01'\nand o_orderdate < date '1997-03-01' + interval '3' month\nand exists (\nselect\n*\nfrom\nlineitem\nwhere\nl_orderkey = o_orderkey\nand l_commitdate < l_receiptdate\n)\ngroup by\no_orderpriority\norder by\no_orderpriority ;\n-- $ID$\n-- TPC-H/TPC-R Local Supplier Volume ",
    "indexes": "orders.o_orderdate",
    "wo plan est": {
      "Node Type": "Aggregate",
      "Strategy": "Sorted",
      "Partial Mode": "Finalize",
      "Parallel Aware": false,
      "Async Capable": false,
      "Startup Cost": 1965716.87,
      "Total Cost": 1965764.61,
      "Plan Rows": 5,
      "Plan Width": 24,
      "Group Key": [
        "orders.o_orderpriority"
      ],
      "Plans": [
        {
          "Node Type": "Gather Merge",
          "Parent Relationship": "Outer",
          "Parallel Aware": false,
          "Async Capable": false,
          "Startup Cost": 1965716.87,
          "Total Cost": 1965764.51,
          "Plan Rows": 10,
          "Plan Width": 24,
          "Workers Planned": 2,
          "Plans": [
            {
              "Node Type": "Aggregate",
              "Strategy": "Sorted",
              "Partial Mode": "Partial",
              "Parent Relationship": "Outer",
              "Parallel Aware": false,
              "Async Capable": false,
              "Startup Cost": 1964716.85,
              "Total Cost": 1964763.33,
              "Plan Rows": 5,
              "Plan Width": 24,
              "Group Key": [
                "orders.o_orderpriority"
              ],
              "Plans": [
                {
                  "Node Type": "Sort",
                  "Parent Relationship": "Outer",
                  "Parallel Aware": false,
                  "Async Capable": false,
                  "Startup Cost": 1964716.85,
                  "Total Cost": 1964732.33,
                  "Plan Rows": 6191,
                  "Plan Width": 16,
                  "Sort Key": [
                    "orders.o_orderpriority"
                  ],
                  "Plans": [
                    {
                      "Node Type": "Hash Join",
                      "Parent Relationship": "Outer",
                      "Parallel Aware": true,
                      "Async Capable": false,
                      "Join Type": "Semi",
                      "Startup Cost": 1573675.61,
                      "Total Cost": 1964326.94,
                      "Plan Rows": 6191,
                      "Plan Width": 16,
                      "Inner Unique": false,
                      "Hash Cond": "(orders.o_orderkey = lineitem.l_orderkey)",
                      "Plans": [
                        {
                          "Node Type": "Seq Scan",
                          "Parent Relationship": "Outer",
                          "Parallel Aware": true,
                          "Async Capable": false,
                          "Relation Name": "orders",
                          "Alias": "orders",
                          "Startup Cost": 0.0,
                          "Total Cost": 354655.56,
                          "Plan Rows": 235108,
                          "Plan Width": 20,
                          "Filter": "((o_orderdate >= '1997-03-01'::date) AND (o_orderdate < '1997-06-01 00:00:00'::timestamp without time zone))",
                          "parent": 4,
                          "ID": 5
                        },
                        {
                          "Node Type": "Hash",
                          "Parent Relationship": "Inner",
                          "Parallel Aware": true,
                          "Async Capable": false,
                          "Startup Cost": 1436982.71,
                          "Total Cost": 1436982.71,
                          "Plan Rows": 8331752,
                          "Plan Width": 4,
                          "Plans": [
                            {
                              "Node Type": "Seq Scan",
                              "Parent Relationship": "Outer",
                              "Parallel Aware": true,
                              "Async Capable": false,
                              "Relation Name": "lineitem",
                              "Alias": "lineitem",
                              "Startup Cost": 0.0,
                              "Total Cost": 1436982.71,
                              "Plan Rows": 8331752,
                              "Plan Width": 4,
                              "Filter": "(l_commitdate < l_receiptdate)",
                              "parent": 6,
                              "ID": 7
                            }
                          ],
                          "parent": 4,
                          "ID": 6,
                          "left": 7
                        }
                      ],
                      "parent": 3,
                      "ID": 4,
                      "left": 5,
                      "right": 6
                    }
                  ],
                  "parent": 2,
                  "ID": 3,
                  "left": 4
                }
              ],
              "parent": 1,
              "ID": 2,
              "left": 3
            }
          ],
          "parent": 0,
          "ID": 1,
          "left": 2
        }
      ],
      "parent": null,
      "ID": 0,
      "left": 1
    },
    "feat": {
      "utility": 0.17970913313471037,
      "query_shape": [
        [
          "Seq Scan",
          "Hash Join",
          "Sort",
          "Aggregate",
          "Gather Merge"
        ],
        [
          "Seq Scan",
          "Hash",
          "Hash Join",
          "Sort",
          "Aggregate",
          "Gather Merge"
        ]
      ],
      "index_shape": [
        "selection"
      ],
      "physical_operator": {
        "Seq Scan": [
          0.00391846666666662
        ]
      }
    }
  },
  {
    "query": "-- Functional Query Definition\n-- Approved February 1998\n\n\nselect\no_orderpriority,\ncount(*) as order_count\nfrom\norders\nwhere\no_orderdate >= date '1997-03-01'\nand o_orderdate < date '1997-03-01' + interval '3' month\nand exists (\nselect\n*\nfrom\nlineitem\nwhere\nl_orderkey = o_orderkey\nand l_commitdate < l_receiptdate\n)\ngroup by\no_orderpriority\norder by\no_orderpriority ;\n-- $ID$\n-- TPC-H/TPC-R Local Supplier Volume ",
    "indexes": "orders.o_orderpriority",
    "wo plan est": {
      "Node Type": "Aggregate",
      "Strategy": "Sorted",
      "Partial Mode": "Finalize",
      "Parallel Aware": false,
      "Async Capable": false,
      "Startup Cost": 1965716.87,
      "Total Cost": 1965764.61,
      "Plan Rows": 5,
      "Plan Width": 24,
      "Group Key": [
        "orders.o_orderpriority"
      ],
      "Plans": [
        {
          "Node Type": "Gather Merge",
          "Parent Relationship": "Outer",
          "Parallel Aware": false,
          "Async Capable": false,
          "Startup Cost": 1965716.87,
          "Total Cost": 1965764.51,
          "Plan Rows": 10,
          "Plan Width": 24,
          "Workers Planned": 2,
          "Plans": [
            {
              "Node Type": "Aggregate",
              "Strategy": "Sorted",
              "Partial Mode": "Partial",
              "Parent Relationship": "Outer",
              "Parallel Aware": false,
              "Async Capable": false,
              "Startup Cost": 1964716.85,
              "Total Cost": 1964763.33,
              "Plan Rows": 5,
              "Plan Width": 24,
              "Group Key": [
                "orders.o_orderpriority"
              ],
              "Plans": [
                {
                  "Node Type": "Sort",
                  "Parent Relationship": "Outer",
                  "Parallel Aware": false,
                  "Async Capable": false,
                  "Startup Cost": 1964716.85,
                  "Total Cost": 1964732.33,
                  "Plan Rows": 6191,
                  "Plan Width": 16,
                  "Sort Key": [
                    "orders.o_orderpriority"
                  ],
                  "Plans": [
                    {
                      "Node Type": "Hash Join",
                      "Parent Relationship": "Outer",
                      "Parallel Aware": true,
                      "Async Capable": false,
                      "Join Type": "Semi",
                      "Startup Cost": 1573675.61,
                      "Total Cost": 1964326.94,
                      "Plan Rows": 6191,
                      "Plan Width": 16,
                      "Inner Unique": false,
                      "Hash Cond": "(orders.o_orderkey = lineitem.l_orderkey)",
                      "Plans": [
                        {
                          "Node Type": "Seq Scan",
                          "Parent Relationship": "Outer",
                          "Parallel Aware": true,
                          "Async Capable": false,
                          "Relation Name": "orders",
                          "Alias": "orders",
                          "Startup Cost": 0.0,
                          "Total Cost": 354655.56,
                          "Plan Rows": 235108,
                          "Plan Width": 20,
                          "Filter": "((o_orderdate >= '1997-03-01'::date) AND (o_orderdate < '1997-06-01 00:00:00'::timestamp without time zone))",
                          "parent": 4,
                          "ID": 5
                        },
                        {
                          "Node Type": "Hash",
                          "Parent Relationship": "Inner",
                          "Parallel Aware": true,
                          "Async Capable": false,
                          "Startup Cost": 1436982.71,
                          "Total Cost": 1436982.71,
                          "Plan Rows": 8331752,
                          "Plan Width": 4,
                          "Plans": [
                            {
                              "Node Type": "Seq Scan",
                              "Parent Relationship": "Outer",
                              "Parallel Aware": true,
                              "Async Capable": false,
                              "Relation Name": "lineitem",
                              "Alias": "lineitem",
                              "Startup Cost": 0.0,
                              "Total Cost": 1436982.71,
                              "Plan Rows": 8331752,
                              "Plan Width": 4,
                              "Filter": "(l_commitdate < l_receiptdate)",
                              "parent": 6,
                              "ID": 7
                            }
                          ],
                          "parent": 4,
                          "ID": 6,
                          "left": 7
                        }
                      ],
                      "parent": 3,
                      "ID": 4,
                      "left": 5,
                      "right": 6
                    }
                  ],
                  "parent": 2,
                  "ID": 3,
                  "left": 4
                }
              ],
              "parent": 1,
              "ID": 2,
              "left": 3
            }
          ],
          "parent": 0,
          "ID": 1,
          "left": 2
        }
      ],
      "parent": null,
      "ID": 0,
      "left": 1
    },
    "feat": {
      "utility": 0.0,
      "query_shape": [
        [
          "Seq Scan",
          "Hash Join",
          "Sort",
          "Aggregate",
          "Gather Merge"
        ],
        [
          "Seq Scan",
          "Hash",
          "Hash Join",
          "Sort",
          "Aggregate",
          "Gather Merge"
        ]
      ],
      "index_shape": [
        "order-by"
      ],
      "physical_operator": {
        "Sort": [
          "[0. 0. 0. 0. 0. 0. 0. 0. 0. 0. 0. 0. 0. 0. 0. 0. 0. 0. 0. 0. 0. 0. 0. 0.\n 0. 0. 0. 0. 0. 0. 0. 0. 0. 0. 0. 0. 0. 0. 0. 0. 0. 0. 0. 0. 0. 0. 0. 0.\n 0. 0. 0.]"
        ],
        "Aggregate": [
          "[0. 0. 0. 0. 0. 0. 0. 0. 0. 0. 0. 0. 0. 0. 0. 0. 0. 0. 0. 0. 0. 0. 0. 0.\n 0. 0. 0. 0. 0. 0. 0. 0. 0. 0. 0. 0. 0. 0. 0. 0. 0. 0. 0. 0. 0. 0. 0. 0.\n 0. 0. 0.]",
          "[0. 0. 0. 0. 0. 0. 0. 0. 0. 0. 0. 0. 0. 0. 0. 0. 0. 0. 0. 0. 0. 0. 0. 0.\n 0. 0. 0. 0. 0. 0. 0. 0. 0. 0. 0. 0. 0. 0. 0. 0. 0. 0. 0. 0. 0. 0. 0. 0.\n 0. 0. 0.]"
        ]
      }
    }
  },
  {
    "query": "-- Functional Query Definition\n-- Approved February 1998\n\n\nselect\nnation,\no_year,\nsum(amount) as sum_profit\nfrom\n(\nselect\nn_name as nation,\nextract(year from o_orderdate) as o_year,\nl_extendedprice * (1 - l_discount) - ps_supplycost * l_quantity as amount\nfrom\npart,\nsupplier,\nlineitem,\npartsupp,\norders,\nnation\nwhere\ns_suppkey = l_suppkey\nand ps_suppkey = l_suppkey\nand ps_partkey = l_partkey\nand p_partkey = l_partkey\nand o_orderkey = l_orderkey\nand s_nationkey = n_nationkey\nand p_name like '%lawn%'\n) as profit\ngroup by\nnation,\no_year\norder by\nnation,\no_year desc ;\n-- $ID$\n-- TPC-H/TPC-R Returned Item Reporting ",
    "indexes": "lineitem.l_orderkey",
    "wo plan est": {
      "Node Type": "Aggregate",
      "Strategy": "Sorted",
      "Partial Mode": "Finalize",
      "Parallel Aware": false,
      "Async Capable": false,
      "Startup Cost": 2178615.97,
      "Total Cost": 2178628.06,
      "Plan Rows": 113,
      "Plan Width": 90,
      "Group Key": [
        "nation.n_name",
        "(EXTRACT(year FROM orders.o_orderdate))"
      ],
      "Plans": [
        {
          "Node Type": "Gather Merge",
          "Parent Relationship": "Outer",
          "Parallel Aware": false,
          "Async Capable": false,
          "Startup Cost": 2178615.97,
          "Total Cost": 2178625.7,
          "Plan Rows": 66,
          "Plan Width": 90,
          "Workers Planned": 1,
          "Plans": [
            {
              "Node Type": "Aggregate",
              "Strategy": "Sorted",
              "Partial Mode": "Partial",
              "Parent Relationship": "Outer",
              "Parallel Aware": false,
              "Async Capable": false,
              "Startup Cost": 2177615.96,
              "Total Cost": 2177618.27,
              "Plan Rows": 66,
              "Plan Width": 90,
              "Group Key": [
                "nation.n_name",
                "(EXTRACT(year FROM orders.o_orderdate))"
              ],
              "Plans": [
                {
                  "Node Type": "Sort",
                  "Parent Relationship": "Outer",
                  "Parallel Aware": false,
                  "Async Capable": false,
                  "Startup Cost": 2177615.96,
                  "Total Cost": 2177616.12,
                  "Plan Rows": 66,
                  "Plan Width": 81,
                  "Sort Key": [
                    "nation.n_name",
                    "(EXTRACT(year FROM orders.o_orderdate)) DESC"
                  ],
                  "Plans": [
                    {
                      "Node Type": "Hash Join",
                      "Parent Relationship": "Outer",
                      "Parallel Aware": false,
                      "Async Capable": false,
                      "Join Type": "Inner",
                      "Startup Cost": 2174587.78,
                      "Total Cost": 2177613.96,
                      "Plan Rows": 66,
                      "Plan Width": 81,
                      "Inner Unique": false,
                      "Hash Cond": "(supplier.s_nationkey = nation.n_nationkey)",
                      "Plans": [
                        {
                          "Node Type": "Hash Join",
                          "Parent Relationship": "Outer",
                          "Parallel Aware": true,
                          "Async Capable": false,
                          "Join Type": "Inner",
                          "Startup Cost": 2174586.22,
                          "Total Cost": 2177611.33,
                          "Plan Rows": 66,
                          "Plan Width": 31,
                          "Inner Unique": false,
                          "Hash Cond": "(supplier.s_suppkey = lineitem.l_suppkey)",
                          "Plans": [
                            {
                              "Node Type": "Seq Scan",
                              "Parent Relationship": "Outer",
                              "Parallel Aware": true,
                              "Async Capable": false,
                              "Relation Name": "supplier",
                              "Alias": "supplier",
                              "Startup Cost": 0.0,
                              "Total Cost": 2804.24,
                              "Plan Rows": 58824,
                              "Plan Width": 8,
                              "parent": 5,
                              "ID": 6
                            },
                            {
                              "Node Type": "Hash",
                              "Parent Relationship": "Inner",
                              "Parallel Aware": true,
                              "Async Capable": false,
                              "Startup Cost": 2174585.63,
                              "Total Cost": 2174585.63,
                              "Plan Rows": 47,
                              "Plan Width": 35,
                              "Plans": [
                                {
                                  "Node Type": "Hash Join",
                                  "Parent Relationship": "Outer",
                                  "Parallel Aware": true,
                                  "Async Capable": false,
                                  "Join Type": "Inner",
                                  "Startup Cost": 1827741.83,
                                  "Total Cost": 2174585.63,
                                  "Plan Rows": 47,
                                  "Plan Width": 35,
                                  "Inner Unique": false,
                                  "Hash Cond": "(orders.o_orderkey = lineitem.l_orderkey)",
                                  "Plans": [
                                    {
                                      "Node Type": "Seq Scan",
                                      "Parent Relationship": "Outer",
                                      "Parallel Aware": true,
                                      "Async Capable": false,
                                      "Relation Name": "orders",
                                      "Alias": "orders",
                                      "Startup Cost": 0.0,
                                      "Total Cost": 323407.71,
                                      "Plan Rows": 6249571,
                                      "Plan Width": 8,
                                      "parent": 8,
                                      "ID": 9
                                    },
                                    {
                                      "Node Type": "Hash",
                                      "Parent Relationship": "Inner",
                                      "Parallel Aware": true,
                                      "Async Capable": false,
                                      "Startup Cost": 1827741.25,
                                      "Total Cost": 1827741.25,
                                      "Plan Rows": 47,
                                      "Plan Width": 35,
                                      "Plans": [
                                        {
                                          "Node Type": "Hash Join",
                                          "Parent Relationship": "Outer",
                                          "Parallel Aware": true,
                                          "Async Capable": false,
                                          "Join Type": "Inner",
                                          "Startup Cost": 1552963.04,
                                          "Total Cost": 1827741.25,
                                          "Plan Rows": 47,
                                          "Plan Width": 35,
                                          "Inner Unique": false,
                                          "Hash Cond": "((partsupp.ps_suppkey = lineitem.l_suppkey) AND (partsupp.ps_partkey = lineitem.l_partkey))",
                                          "Plans": [
                                            {
                                              "Node Type": "Seq Scan",
                                              "Parent Relationship": "Outer",
                                              "Parallel Aware": true,
                                              "Async Capable": false,
                                              "Relation Name": "partsupp",
                                              "Alias": "partsupp",
                                              "Startup Cost": 0.0,
                                              "Total Cost": 207718.58,
                                              "Plan Rows": 3333258,
                                              "Plan Width": 14,
                                              "parent": 11,
                                              "ID": 12
                                            },
                                            {
                                              "Node Type": "Hash",
                                              "Parent Relationship": "Inner",
                                              "Parallel Aware": true,
                                              "Async Capable": false,
                                              "Startup Cost": 1525201.57,
                                              "Total Cost": 1525201.57,
                                              "Plan Rows": 1216898,
                                              "Plan Width": 33,
                                              "Plans": [
                                                {
                                                  "Node Type": "Hash Join",
                                                  "Parent Relationship": "Outer",
                                                  "Parallel Aware": true,
                                                  "Async Capable": false,
                                                  "Join Type": "Inner",
                                                  "Startup Cost": 51904.36,
                                                  "Total Cost": 1525201.57,
                                                  "Plan Rows": 1216898,
                                                  "Plan Width": 33,
                                                  "Inner Unique": false,
                                                  "Hash Cond": "(lineitem.l_partkey = part.p_partkey)",
                                                  "Plans": [
                                                    {
                                                      "Node Type": "Seq Scan",
                                                      "Parent Relationship": "Outer",
                                                      "Parallel Aware": true,
                                                      "Async Capable": false,
                                                      "Relation Name": "lineitem",
                                                      "Alias": "lineitem",
                                                      "Startup Cost": 0.0,
                                                      "Total Cost": 1374494.57,
                                                      "Plan Rows": 24995257,
                                                      "Plan Width": 29,
                                                      "parent": 14,
                                                      "ID": 15
                                                    },
                                                    {
                                                      "Node Type": "Hash",
                                                      "Parent Relationship": "Inner",
                                                      "Parallel Aware": true,
                                                      "Async Capable": false,
                                                      "Startup Cost": 51378.28,
                                                      "Total Cost": 51378.28,
                                                      "Plan Rows": 42086,
                                                      "Plan Width": 4,
                                                      "Plans": [
                                                        {
                                                          "Node Type": "Seq Scan",
                                                          "Parent Relationship": "Outer",
                                                          "Parallel Aware": true,
                                                          "Async Capable": false,
                                                          "Relation Name": "part",
                                                          "Alias": "part",
                                                          "Startup Cost": 0.0,
                                                          "Total Cost": 51378.28,
                                                          "Plan Rows": 42086,
                                                          "Plan Width": 4,
                                                          "Filter": "((p_name)::text ~~ '%lawn%'::text)",
                                                          "parent": 16,
                                                          "ID": 17
                                                        }
                                                      ],
                                                      "parent": 14,
                                                      "ID": 16,
                                                      "left": 17
                                                    }
                                                  ],
                                                  "parent": 13,
                                                  "ID": 14,
                                                  "left": 15,
                                                  "right": 16
                                                }
                                              ],
                                              "parent": 11,
                                              "ID": 13,
                                              "left": 14
                                            }
                                          ],
                                          "parent": 10,
                                          "ID": 11,
                                          "left": 12,
                                          "right": 13
                                        }
                                      ],
                                      "parent": 8,
                                      "ID": 10,
                                      "left": 11
                                    }
                                  ],
                                  "parent": 7,
                                  "ID": 8,
                                  "left": 9,
                                  "right": 10
                                }
                              ],
                              "parent": 5,
                              "ID": 7,
                              "left": 8
                            }
                          ],
                          "parent": 4,
                          "ID": 5,
                          "left": 6,
                          "right": 7
                        },
                        {
                          "Node Type": "Hash",
                          "Parent Relationship": "Inner",
                          "Parallel Aware": false,
                          "Async Capable": false,
                          "Startup Cost": 1.25,
                          "Total Cost": 1.25,
                          "Plan Rows": 25,
                          "Plan Width": 30,
                          "Plans": [
                            {
                              "Node Type": "Seq Scan",
                              "Parent Relationship": "Outer",
                              "Parallel Aware": false,
                              "Async Capable": false,
                              "Relation Name": "nation",
                              "Alias": "nation",
                              "Startup Cost": 0.0,
                              "Total Cost": 1.25,
                              "Plan Rows": 25,
                              "Plan Width": 30,
                              "parent": 18,
                              "ID": 19
                            }
                          ],
                          "parent": 4,
                          "ID": 18,
                          "left": 19
                        }
                      ],
                      "parent": 3,
                      "ID": 4,
                      "left": 5,
                      "right": 18
                    }
                  ],
                  "parent": 2,
                  "ID": 3,
                  "left": 4
                }
              ],
              "parent": 1,
              "ID": 2,
              "left": 3
            }
          ],
          "parent": 0,
          "ID": 1,
          "left": 2
        }
      ],
      "parent": null,
      "ID": 0,
      "left": 1
    },
    "feat": {
      "utility": 5.735260670603482e-07,
      "query_shape": [
        [
          "Seq Scan",
          "Hash Join",
          "Sort",
          "Aggregate",
          "Gather Merge"
        ],
        [
          "Seq Scan",
          "Hash Join",
          "Hash",
          "Sort",
          "Aggregate",
          "Gather Merge"
        ],
        [
          "Seq Scan",
          "Hash Join",
          "Hash",
          "Sort",
          "Aggregate",
          "Gather Merge"
        ],
        [
          "Seq Scan",
          "Hash Join",
          "Hash",
          "Sort",
          "Aggregate",
          "Gather Merge"
        ],
        [
          "Seq Scan",
          "Hash",
          "Hash Join",
          "Sort",
          "Aggregate",
          "Gather Merge"
        ],
        [
          "Seq Scan",
          "Hash",
          "Hash Join",
          "Sort",
          "Aggregate",
          "Gather Merge"
        ]
      ],
      "index_shape": [
        "join"
      ],
      "physical_operator": {
        "Hash Join": [
          0.00040001372870675787
        ]
      }
    }
  },
  {
    "query": "-- Functional Query Definition\n-- Approved February 1998\n\n\nselect\nnation,\no_year,\nsum(amount) as sum_profit\nfrom\n(\nselect\nn_name as nation,\nextract(year from o_orderdate) as o_year,\nl_extendedprice * (1 - l_discount) - ps_supplycost * l_quantity as amount\nfrom\npart,\nsupplier,\nlineitem,\npartsupp,\norders,\nnation\nwhere\ns_suppkey = l_suppkey\nand ps_suppkey = l_suppkey\nand ps_partkey = l_partkey\nand p_partkey = l_partkey\nand o_orderkey = l_orderkey\nand s_nationkey = n_nationkey\nand p_name like '%lawn%'\n) as profit\ngroup by\nnation,\no_year\norder by\nnation,\no_year desc ;\n-- $ID$\n-- TPC-H/TPC-R Returned Item Reporting ",
    "indexes": "lineitem.l_partkey",
    "wo plan est": {
      "Node Type": "Aggregate",
      "Strategy": "Sorted",
      "Partial Mode": "Finalize",
      "Parallel Aware": false,
      "Async Capable": false,
      "Startup Cost": 2178615.97,
      "Total Cost": 2178628.06,
      "Plan Rows": 113,
      "Plan Width": 90,
      "Group Key": [
        "nation.n_name",
        "(EXTRACT(year FROM orders.o_orderdate))"
      ],
      "Plans": [
        {
          "Node Type": "Gather Merge",
          "Parent Relationship": "Outer",
          "Parallel Aware": false,
          "Async Capable": false,
          "Startup Cost": 2178615.97,
          "Total Cost": 2178625.7,
          "Plan Rows": 66,
          "Plan Width": 90,
          "Workers Planned": 1,
          "Plans": [
            {
              "Node Type": "Aggregate",
              "Strategy": "Sorted",
              "Partial Mode": "Partial",
              "Parent Relationship": "Outer",
              "Parallel Aware": false,
              "Async Capable": false,
              "Startup Cost": 2177615.96,
              "Total Cost": 2177618.27,
              "Plan Rows": 66,
              "Plan Width": 90,
              "Group Key": [
                "nation.n_name",
                "(EXTRACT(year FROM orders.o_orderdate))"
              ],
              "Plans": [
                {
                  "Node Type": "Sort",
                  "Parent Relationship": "Outer",
                  "Parallel Aware": false,
                  "Async Capable": false,
                  "Startup Cost": 2177615.96,
                  "Total Cost": 2177616.12,
                  "Plan Rows": 66,
                  "Plan Width": 81,
                  "Sort Key": [
                    "nation.n_name",
                    "(EXTRACT(year FROM orders.o_orderdate)) DESC"
                  ],
                  "Plans": [
                    {
                      "Node Type": "Hash Join",
                      "Parent Relationship": "Outer",
                      "Parallel Aware": false,
                      "Async Capable": false,
                      "Join Type": "Inner",
                      "Startup Cost": 2174587.78,
                      "Total Cost": 2177613.96,
                      "Plan Rows": 66,
                      "Plan Width": 81,
                      "Inner Unique": false,
                      "Hash Cond": "(supplier.s_nationkey = nation.n_nationkey)",
                      "Plans": [
                        {
                          "Node Type": "Hash Join",
                          "Parent Relationship": "Outer",
                          "Parallel Aware": true,
                          "Async Capable": false,
                          "Join Type": "Inner",
                          "Startup Cost": 2174586.22,
                          "Total Cost": 2177611.33,
                          "Plan Rows": 66,
                          "Plan Width": 31,
                          "Inner Unique": false,
                          "Hash Cond": "(supplier.s_suppkey = lineitem.l_suppkey)",
                          "Plans": [
                            {
                              "Node Type": "Seq Scan",
                              "Parent Relationship": "Outer",
                              "Parallel Aware": true,
                              "Async Capable": false,
                              "Relation Name": "supplier",
                              "Alias": "supplier",
                              "Startup Cost": 0.0,
                              "Total Cost": 2804.24,
                              "Plan Rows": 58824,
                              "Plan Width": 8,
                              "parent": 5,
                              "ID": 6
                            },
                            {
                              "Node Type": "Hash",
                              "Parent Relationship": "Inner",
                              "Parallel Aware": true,
                              "Async Capable": false,
                              "Startup Cost": 2174585.63,
                              "Total Cost": 2174585.63,
                              "Plan Rows": 47,
                              "Plan Width": 35,
                              "Plans": [
                                {
                                  "Node Type": "Hash Join",
                                  "Parent Relationship": "Outer",
                                  "Parallel Aware": true,
                                  "Async Capable": false,
                                  "Join Type": "Inner",
                                  "Startup Cost": 1827741.83,
                                  "Total Cost": 2174585.63,
                                  "Plan Rows": 47,
                                  "Plan Width": 35,
                                  "Inner Unique": false,
                                  "Hash Cond": "(orders.o_orderkey = lineitem.l_orderkey)",
                                  "Plans": [
                                    {
                                      "Node Type": "Seq Scan",
                                      "Parent Relationship": "Outer",
                                      "Parallel Aware": true,
                                      "Async Capable": false,
                                      "Relation Name": "orders",
                                      "Alias": "orders",
                                      "Startup Cost": 0.0,
                                      "Total Cost": 323407.71,
                                      "Plan Rows": 6249571,
                                      "Plan Width": 8,
                                      "parent": 8,
                                      "ID": 9
                                    },
                                    {
                                      "Node Type": "Hash",
                                      "Parent Relationship": "Inner",
                                      "Parallel Aware": true,
                                      "Async Capable": false,
                                      "Startup Cost": 1827741.25,
                                      "Total Cost": 1827741.25,
                                      "Plan Rows": 47,
                                      "Plan Width": 35,
                                      "Plans": [
                                        {
                                          "Node Type": "Hash Join",
                                          "Parent Relationship": "Outer",
                                          "Parallel Aware": true,
                                          "Async Capable": false,
                                          "Join Type": "Inner",
                                          "Startup Cost": 1552963.04,
                                          "Total Cost": 1827741.25,
                                          "Plan Rows": 47,
                                          "Plan Width": 35,
                                          "Inner Unique": false,
                                          "Hash Cond": "((partsupp.ps_suppkey = lineitem.l_suppkey) AND (partsupp.ps_partkey = lineitem.l_partkey))",
                                          "Plans": [
                                            {
                                              "Node Type": "Seq Scan",
                                              "Parent Relationship": "Outer",
                                              "Parallel Aware": true,
                                              "Async Capable": false,
                                              "Relation Name": "partsupp",
                                              "Alias": "partsupp",
                                              "Startup Cost": 0.0,
                                              "Total Cost": 207718.58,
                                              "Plan Rows": 3333258,
                                              "Plan Width": 14,
                                              "parent": 11,
                                              "ID": 12
                                            },
                                            {
                                              "Node Type": "Hash",
                                              "Parent Relationship": "Inner",
                                              "Parallel Aware": true,
                                              "Async Capable": false,
                                              "Startup Cost": 1525201.57,
                                              "Total Cost": 1525201.57,
                                              "Plan Rows": 1216898,
                                              "Plan Width": 33,
                                              "Plans": [
                                                {
                                                  "Node Type": "Hash Join",
                                                  "Parent Relationship": "Outer",
                                                  "Parallel Aware": true,
                                                  "Async Capable": false,
                                                  "Join Type": "Inner",
                                                  "Startup Cost": 51904.36,
                                                  "Total Cost": 1525201.57,
                                                  "Plan Rows": 1216898,
                                                  "Plan Width": 33,
                                                  "Inner Unique": false,
                                                  "Hash Cond": "(lineitem.l_partkey = part.p_partkey)",
                                                  "Plans": [
                                                    {
                                                      "Node Type": "Seq Scan",
                                                      "Parent Relationship": "Outer",
                                                      "Parallel Aware": true,
                                                      "Async Capable": false,
                                                      "Relation Name": "lineitem",
                                                      "Alias": "lineitem",
                                                      "Startup Cost": 0.0,
                                                      "Total Cost": 1374494.57,
                                                      "Plan Rows": 24995257,
                                                      "Plan Width": 29,
                                                      "parent": 14,
                                                      "ID": 15
                                                    },
                                                    {
                                                      "Node Type": "Hash",
                                                      "Parent Relationship": "Inner",
                                                      "Parallel Aware": true,
                                                      "Async Capable": false,
                                                      "Startup Cost": 51378.28,
                                                      "Total Cost": 51378.28,
                                                      "Plan Rows": 42086,
                                                      "Plan Width": 4,
                                                      "Plans": [
                                                        {
                                                          "Node Type": "Seq Scan",
                                                          "Parent Relationship": "Outer",
                                                          "Parallel Aware": true,
                                                          "Async Capable": false,
                                                          "Relation Name": "part",
                                                          "Alias": "part",
                                                          "Startup Cost": 0.0,
                                                          "Total Cost": 51378.28,
                                                          "Plan Rows": 42086,
                                                          "Plan Width": 4,
                                                          "Filter": "((p_name)::text ~~ '%lawn%'::text)",
                                                          "parent": 16,
                                                          "ID": 17
                                                        }
                                                      ],
                                                      "parent": 14,
                                                      "ID": 16,
                                                      "left": 17
                                                    }
                                                  ],
                                                  "parent": 13,
                                                  "ID": 14,
                                                  "left": 15,
                                                  "right": 16
                                                }
                                              ],
                                              "parent": 11,
                                              "ID": 13,
                                              "left": 14
                                            }
                                          ],
                                          "parent": 10,
                                          "ID": 11,
                                          "left": 12,
                                          "right": 13
                                        }
                                      ],
                                      "parent": 8,
                                      "ID": 10,
                                      "left": 11
                                    }
                                  ],
                                  "parent": 7,
                                  "ID": 8,
                                  "left": 9,
                                  "right": 10
                                }
                              ],
                              "parent": 5,
                              "ID": 7,
                              "left": 8
                            }
                          ],
                          "parent": 4,
                          "ID": 5,
                          "left": 6,
                          "right": 7
                        },
                        {
                          "Node Type": "Hash",
                          "Parent Relationship": "Inner",
                          "Parallel Aware": false,
                          "Async Capable": false,
                          "Startup Cost": 1.25,
                          "Total Cost": 1.25,
                          "Plan Rows": 25,
                          "Plan Width": 30,
                          "Plans": [
                            {
                              "Node Type": "Seq Scan",
                              "Parent Relationship": "Outer",
                              "Parallel Aware": false,
                              "Async Capable": false,
                              "Relation Name": "nation",
                              "Alias": "nation",
                              "Startup Cost": 0.0,
                              "Total Cost": 1.25,
                              "Plan Rows": 25,
                              "Plan Width": 30,
                              "parent": 18,
                              "ID": 19
                            }
                          ],
                          "parent": 4,
                          "ID": 18,
                          "left": 19
                        }
                      ],
                      "parent": 3,
                      "ID": 4,
                      "left": 5,
                      "right": 18
                    }
                  ],
                  "parent": 2,
                  "ID": 3,
                  "left": 4
                }
              ],
              "parent": 1,
              "ID": 2,
              "left": 3
            }
          ],
          "parent": 0,
          "ID": 1,
          "left": 2
        }
      ],
      "parent": null,
      "ID": 0,
      "left": 1
    },
    "feat": {
      "utility": 1.1468921000974765e-06,
      "query_shape": [
        [
          "Seq Scan",
          "Hash Join",
          "Sort",
          "Aggregate",
          "Gather Merge"
        ],
        [
          "Seq Scan",
          "Hash Join",
          "Hash",
          "Sort",
          "Aggregate",
          "Gather Merge"
        ],
        [
          "Seq Scan",
          "Hash Join",
          "Hash",
          "Sort",
          "Aggregate",
          "Gather Merge"
        ],
        [
          "Seq Scan",
          "Hash Join",
          "Hash",
          "Sort",
          "Aggregate",
          "Gather Merge"
        ],
        [
          "Seq Scan",
          "Hash",
          "Hash Join",
          "Sort",
          "Aggregate",
          "Gather Merge"
        ],
        [
          "Seq Scan",
          "Hash",
          "Hash Join",
          "Sort",
          "Aggregate",
          "Gather Merge"
        ]
      ],
      "index_shape": [
        "join"
      ],
      "physical_operator": {
        "Hash Join": [
          3.4039829432427795e-06,
          0.0010755471653035836
        ]
      }
    }
  },
  {
    "query": "-- Functional Query Definition\n-- Approved February 1998\n\n\nselect\nnation,\no_year,\nsum(amount) as sum_profit\nfrom\n(\nselect\nn_name as nation,\nextract(year from o_orderdate) as o_year,\nl_extendedprice * (1 - l_discount) - ps_supplycost * l_quantity as amount\nfrom\npart,\nsupplier,\nlineitem,\npartsupp,\norders,\nnation\nwhere\ns_suppkey = l_suppkey\nand ps_suppkey = l_suppkey\nand ps_partkey = l_partkey\nand p_partkey = l_partkey\nand o_orderkey = l_orderkey\nand s_nationkey = n_nationkey\nand p_name like '%lawn%'\n) as profit\ngroup by\nnation,\no_year\norder by\nnation,\no_year desc ;\n-- $ID$\n-- TPC-H/TPC-R Returned Item Reporting ",
    "indexes": "lineitem.l_suppkey",
    "wo plan est": {
      "Node Type": "Aggregate",
      "Strategy": "Sorted",
      "Partial Mode": "Finalize",
      "Parallel Aware": false,
      "Async Capable": false,
      "Startup Cost": 2178615.97,
      "Total Cost": 2178628.06,
      "Plan Rows": 113,
      "Plan Width": 90,
      "Group Key": [
        "nation.n_name",
        "(EXTRACT(year FROM orders.o_orderdate))"
      ],
      "Plans": [
        {
          "Node Type": "Gather Merge",
          "Parent Relationship": "Outer",
          "Parallel Aware": false,
          "Async Capable": false,
          "Startup Cost": 2178615.97,
          "Total Cost": 2178625.7,
          "Plan Rows": 66,
          "Plan Width": 90,
          "Workers Planned": 1,
          "Plans": [
            {
              "Node Type": "Aggregate",
              "Strategy": "Sorted",
              "Partial Mode": "Partial",
              "Parent Relationship": "Outer",
              "Parallel Aware": false,
              "Async Capable": false,
              "Startup Cost": 2177615.96,
              "Total Cost": 2177618.27,
              "Plan Rows": 66,
              "Plan Width": 90,
              "Group Key": [
                "nation.n_name",
                "(EXTRACT(year FROM orders.o_orderdate))"
              ],
              "Plans": [
                {
                  "Node Type": "Sort",
                  "Parent Relationship": "Outer",
                  "Parallel Aware": false,
                  "Async Capable": false,
                  "Startup Cost": 2177615.96,
                  "Total Cost": 2177616.12,
                  "Plan Rows": 66,
                  "Plan Width": 81,
                  "Sort Key": [
                    "nation.n_name",
                    "(EXTRACT(year FROM orders.o_orderdate)) DESC"
                  ],
                  "Plans": [
                    {
                      "Node Type": "Hash Join",
                      "Parent Relationship": "Outer",
                      "Parallel Aware": false,
                      "Async Capable": false,
                      "Join Type": "Inner",
                      "Startup Cost": 2174587.78,
                      "Total Cost": 2177613.96,
                      "Plan Rows": 66,
                      "Plan Width": 81,
                      "Inner Unique": false,
                      "Hash Cond": "(supplier.s_nationkey = nation.n_nationkey)",
                      "Plans": [
                        {
                          "Node Type": "Hash Join",
                          "Parent Relationship": "Outer",
                          "Parallel Aware": true,
                          "Async Capable": false,
                          "Join Type": "Inner",
                          "Startup Cost": 2174586.22,
                          "Total Cost": 2177611.33,
                          "Plan Rows": 66,
                          "Plan Width": 31,
                          "Inner Unique": false,
                          "Hash Cond": "(supplier.s_suppkey = lineitem.l_suppkey)",
                          "Plans": [
                            {
                              "Node Type": "Seq Scan",
                              "Parent Relationship": "Outer",
                              "Parallel Aware": true,
                              "Async Capable": false,
                              "Relation Name": "supplier",
                              "Alias": "supplier",
                              "Startup Cost": 0.0,
                              "Total Cost": 2804.24,
                              "Plan Rows": 58824,
                              "Plan Width": 8,
                              "parent": 5,
                              "ID": 6
                            },
                            {
                              "Node Type": "Hash",
                              "Parent Relationship": "Inner",
                              "Parallel Aware": true,
                              "Async Capable": false,
                              "Startup Cost": 2174585.63,
                              "Total Cost": 2174585.63,
                              "Plan Rows": 47,
                              "Plan Width": 35,
                              "Plans": [
                                {
                                  "Node Type": "Hash Join",
                                  "Parent Relationship": "Outer",
                                  "Parallel Aware": true,
                                  "Async Capable": false,
                                  "Join Type": "Inner",
                                  "Startup Cost": 1827741.83,
                                  "Total Cost": 2174585.63,
                                  "Plan Rows": 47,
                                  "Plan Width": 35,
                                  "Inner Unique": false,
                                  "Hash Cond": "(orders.o_orderkey = lineitem.l_orderkey)",
                                  "Plans": [
                                    {
                                      "Node Type": "Seq Scan",
                                      "Parent Relationship": "Outer",
                                      "Parallel Aware": true,
                                      "Async Capable": false,
                                      "Relation Name": "orders",
                                      "Alias": "orders",
                                      "Startup Cost": 0.0,
                                      "Total Cost": 323407.71,
                                      "Plan Rows": 6249571,
                                      "Plan Width": 8,
                                      "parent": 8,
                                      "ID": 9
                                    },
                                    {
                                      "Node Type": "Hash",
                                      "Parent Relationship": "Inner",
                                      "Parallel Aware": true,
                                      "Async Capable": false,
                                      "Startup Cost": 1827741.25,
                                      "Total Cost": 1827741.25,
                                      "Plan Rows": 47,
                                      "Plan Width": 35,
                                      "Plans": [
                                        {
                                          "Node Type": "Hash Join",
                                          "Parent Relationship": "Outer",
                                          "Parallel Aware": true,
                                          "Async Capable": false,
                                          "Join Type": "Inner",
                                          "Startup Cost": 1552963.04,
                                          "Total Cost": 1827741.25,
                                          "Plan Rows": 47,
                                          "Plan Width": 35,
                                          "Inner Unique": false,
                                          "Hash Cond": "((partsupp.ps_suppkey = lineitem.l_suppkey) AND (partsupp.ps_partkey = lineitem.l_partkey))",
                                          "Plans": [
                                            {
                                              "Node Type": "Seq Scan",
                                              "Parent Relationship": "Outer",
                                              "Parallel Aware": true,
                                              "Async Capable": false,
                                              "Relation Name": "partsupp",
                                              "Alias": "partsupp",
                                              "Startup Cost": 0.0,
                                              "Total Cost": 207718.58,
                                              "Plan Rows": 3333258,
                                              "Plan Width": 14,
                                              "parent": 11,
                                              "ID": 12
                                            },
                                            {
                                              "Node Type": "Hash",
                                              "Parent Relationship": "Inner",
                                              "Parallel Aware": true,
                                              "Async Capable": false,
                                              "Startup Cost": 1525201.57,
                                              "Total Cost": 1525201.57,
                                              "Plan Rows": 1216898,
                                              "Plan Width": 33,
                                              "Plans": [
                                                {
                                                  "Node Type": "Hash Join",
                                                  "Parent Relationship": "Outer",
                                                  "Parallel Aware": true,
                                                  "Async Capable": false,
                                                  "Join Type": "Inner",
                                                  "Startup Cost": 51904.36,
                                                  "Total Cost": 1525201.57,
                                                  "Plan Rows": 1216898,
                                                  "Plan Width": 33,
                                                  "Inner Unique": false,
                                                  "Hash Cond": "(lineitem.l_partkey = part.p_partkey)",
                                                  "Plans": [
                                                    {
                                                      "Node Type": "Seq Scan",
                                                      "Parent Relationship": "Outer",
                                                      "Parallel Aware": true,
                                                      "Async Capable": false,
                                                      "Relation Name": "lineitem",
                                                      "Alias": "lineitem",
                                                      "Startup Cost": 0.0,
                                                      "Total Cost": 1374494.57,
                                                      "Plan Rows": 24995257,
                                                      "Plan Width": 29,
                                                      "parent": 14,
                                                      "ID": 15
                                                    },
                                                    {
                                                      "Node Type": "Hash",
                                                      "Parent Relationship": "Inner",
                                                      "Parallel Aware": true,
                                                      "Async Capable": false,
                                                      "Startup Cost": 51378.28,
                                                      "Total Cost": 51378.28,
                                                      "Plan Rows": 42086,
                                                      "Plan Width": 4,
                                                      "Plans": [
                                                        {
                                                          "Node Type": "Seq Scan",
                                                          "Parent Relationship": "Outer",
                                                          "Parallel Aware": true,
                                                          "Async Capable": false,
                                                          "Relation Name": "part",
                                                          "Alias": "part",
                                                          "Startup Cost": 0.0,
                                                          "Total Cost": 51378.28,
                                                          "Plan Rows": 42086,
                                                          "Plan Width": 4,
                                                          "Filter": "((p_name)::text ~~ '%lawn%'::text)",
                                                          "parent": 16,
                                                          "ID": 17
                                                        }
                                                      ],
                                                      "parent": 14,
                                                      "ID": 16,
                                                      "left": 17
                                                    }
                                                  ],
                                                  "parent": 13,
                                                  "ID": 14,
                                                  "left": 15,
                                                  "right": 16
                                                }
                                              ],
                                              "parent": 11,
                                              "ID": 13,
                                              "left": 14
                                            }
                                          ],
                                          "parent": 10,
                                          "ID": 11,
                                          "left": 12,
                                          "right": 13
                                        }
                                      ],
                                      "parent": 8,
                                      "ID": 10,
                                      "left": 11
                                    }
                                  ],
                                  "parent": 7,
                                  "ID": 8,
                                  "left": 9,
                                  "right": 10
                                }
                              ],
                              "parent": 5,
                              "ID": 7,
                              "left": 8
                            }
                          ],
                          "parent": 4,
                          "ID": 5,
                          "left": 6,
                          "right": 7
                        },
                        {
                          "Node Type": "Hash",
                          "Parent Relationship": "Inner",
                          "Parallel Aware": false,
                          "Async Capable": false,
                          "Startup Cost": 1.25,
                          "Total Cost": 1.25,
                          "Plan Rows": 25,
                          "Plan Width": 30,
                          "Plans": [
                            {
                              "Node Type": "Seq Scan",
                              "Parent Relationship": "Outer",
                              "Parallel Aware": false,
                              "Async Capable": false,
                              "Relation Name": "nation",
                              "Alias": "nation",
                              "Startup Cost": 0.0,
                              "Total Cost": 1.25,
                              "Plan Rows": 25,
                              "Plan Width": 30,
                              "parent": 18,
                              "ID": 19
                            }
                          ],
                          "parent": 4,
                          "ID": 18,
                          "left": 19
                        }
                      ],
                      "parent": 3,
                      "ID": 4,
                      "left": 5,
                      "right": 18
                    }
                  ],
                  "parent": 2,
                  "ID": 3,
                  "left": 4
                }
              ],
              "parent": 1,
              "ID": 2,
              "left": 3
            }
          ],
          "parent": 0,
          "ID": 1,
          "left": 2
        }
      ],
      "parent": null,
      "ID": 0,
      "left": 1
    },
    "feat": {
      "utility": 1.1447058812371136e-06,
      "query_shape": [
        [
          "Seq Scan",
          "Hash Join",
          "Sort",
          "Aggregate",
          "Gather Merge"
        ],
        [
          "Seq Scan",
          "Hash Join",
          "Hash",
          "Sort",
          "Aggregate",
          "Gather Merge"
        ],
        [
          "Seq Scan",
          "Hash Join",
          "Hash",
          "Sort",
          "Aggregate",
          "Gather Merge"
        ],
        [
          "Seq Scan",
          "Hash Join",
          "Hash",
          "Sort",
          "Aggregate",
          "Gather Merge"
        ],
        [
          "Seq Scan",
          "Hash",
          "Hash Join",
          "Sort",
          "Aggregate",
          "Gather Merge"
        ],
        [
          "Seq Scan",
          "Hash",
          "Hash Join",
          "Sort",
          "Aggregate",
          "Gather Merge"
        ]
      ],
      "index_shape": [
        "join"
      ],
      "physical_operator": {
        "Hash Join": [
          0.004885913368893919,
          3.4039829432427795e-06
        ]
      }
    }
  },
  {
    "query": "-- Functional Query Definition\n-- Approved February 1998\n\n\nselect\nnation,\no_year,\nsum(amount) as sum_profit\nfrom\n(\nselect\nn_name as nation,\nextract(year from o_orderdate) as o_year,\nl_extendedprice * (1 - l_discount) - ps_supplycost * l_quantity as amount\nfrom\npart,\nsupplier,\nlineitem,\npartsupp,\norders,\nnation\nwhere\ns_suppkey = l_suppkey\nand ps_suppkey = l_suppkey\nand ps_partkey = l_partkey\nand p_partkey = l_partkey\nand o_orderkey = l_orderkey\nand s_nationkey = n_nationkey\nand p_name like '%lawn%'\n) as profit\ngroup by\nnation,\no_year\norder by\nnation,\no_year desc ;\n-- $ID$\n-- TPC-H/TPC-R Returned Item Reporting ",
    "indexes": "lineitem.l_quantity",
    "wo plan est": {
      "Node Type": "Aggregate",
      "Strategy": "Sorted",
      "Partial Mode": "Finalize",
      "Parallel Aware": false,
      "Async Capable": false,
      "Startup Cost": 2178615.97,
      "Total Cost": 2178628.06,
      "Plan Rows": 113,
      "Plan Width": 90,
      "Group Key": [
        "nation.n_name",
        "(EXTRACT(year FROM orders.o_orderdate))"
      ],
      "Plans": [
        {
          "Node Type": "Gather Merge",
          "Parent Relationship": "Outer",
          "Parallel Aware": false,
          "Async Capable": false,
          "Startup Cost": 2178615.97,
          "Total Cost": 2178625.7,
          "Plan Rows": 66,
          "Plan Width": 90,
          "Workers Planned": 1,
          "Plans": [
            {
              "Node Type": "Aggregate",
              "Strategy": "Sorted",
              "Partial Mode": "Partial",
              "Parent Relationship": "Outer",
              "Parallel Aware": false,
              "Async Capable": false,
              "Startup Cost": 2177615.96,
              "Total Cost": 2177618.27,
              "Plan Rows": 66,
              "Plan Width": 90,
              "Group Key": [
                "nation.n_name",
                "(EXTRACT(year FROM orders.o_orderdate))"
              ],
              "Plans": [
                {
                  "Node Type": "Sort",
                  "Parent Relationship": "Outer",
                  "Parallel Aware": false,
                  "Async Capable": false,
                  "Startup Cost": 2177615.96,
                  "Total Cost": 2177616.12,
                  "Plan Rows": 66,
                  "Plan Width": 81,
                  "Sort Key": [
                    "nation.n_name",
                    "(EXTRACT(year FROM orders.o_orderdate)) DESC"
                  ],
                  "Plans": [
                    {
                      "Node Type": "Hash Join",
                      "Parent Relationship": "Outer",
                      "Parallel Aware": false,
                      "Async Capable": false,
                      "Join Type": "Inner",
                      "Startup Cost": 2174587.78,
                      "Total Cost": 2177613.96,
                      "Plan Rows": 66,
                      "Plan Width": 81,
                      "Inner Unique": false,
                      "Hash Cond": "(supplier.s_nationkey = nation.n_nationkey)",
                      "Plans": [
                        {
                          "Node Type": "Hash Join",
                          "Parent Relationship": "Outer",
                          "Parallel Aware": true,
                          "Async Capable": false,
                          "Join Type": "Inner",
                          "Startup Cost": 2174586.22,
                          "Total Cost": 2177611.33,
                          "Plan Rows": 66,
                          "Plan Width": 31,
                          "Inner Unique": false,
                          "Hash Cond": "(supplier.s_suppkey = lineitem.l_suppkey)",
                          "Plans": [
                            {
                              "Node Type": "Seq Scan",
                              "Parent Relationship": "Outer",
                              "Parallel Aware": true,
                              "Async Capable": false,
                              "Relation Name": "supplier",
                              "Alias": "supplier",
                              "Startup Cost": 0.0,
                              "Total Cost": 2804.24,
                              "Plan Rows": 58824,
                              "Plan Width": 8,
                              "parent": 5,
                              "ID": 6
                            },
                            {
                              "Node Type": "Hash",
                              "Parent Relationship": "Inner",
                              "Parallel Aware": true,
                              "Async Capable": false,
                              "Startup Cost": 2174585.63,
                              "Total Cost": 2174585.63,
                              "Plan Rows": 47,
                              "Plan Width": 35,
                              "Plans": [
                                {
                                  "Node Type": "Hash Join",
                                  "Parent Relationship": "Outer",
                                  "Parallel Aware": true,
                                  "Async Capable": false,
                                  "Join Type": "Inner",
                                  "Startup Cost": 1827741.83,
                                  "Total Cost": 2174585.63,
                                  "Plan Rows": 47,
                                  "Plan Width": 35,
                                  "Inner Unique": false,
                                  "Hash Cond": "(orders.o_orderkey = lineitem.l_orderkey)",
                                  "Plans": [
                                    {
                                      "Node Type": "Seq Scan",
                                      "Parent Relationship": "Outer",
                                      "Parallel Aware": true,
                                      "Async Capable": false,
                                      "Relation Name": "orders",
                                      "Alias": "orders",
                                      "Startup Cost": 0.0,
                                      "Total Cost": 323407.71,
                                      "Plan Rows": 6249571,
                                      "Plan Width": 8,
                                      "parent": 8,
                                      "ID": 9
                                    },
                                    {
                                      "Node Type": "Hash",
                                      "Parent Relationship": "Inner",
                                      "Parallel Aware": true,
                                      "Async Capable": false,
                                      "Startup Cost": 1827741.25,
                                      "Total Cost": 1827741.25,
                                      "Plan Rows": 47,
                                      "Plan Width": 35,
                                      "Plans": [
                                        {
                                          "Node Type": "Hash Join",
                                          "Parent Relationship": "Outer",
                                          "Parallel Aware": true,
                                          "Async Capable": false,
                                          "Join Type": "Inner",
                                          "Startup Cost": 1552963.04,
                                          "Total Cost": 1827741.25,
                                          "Plan Rows": 47,
                                          "Plan Width": 35,
                                          "Inner Unique": false,
                                          "Hash Cond": "((partsupp.ps_suppkey = lineitem.l_suppkey) AND (partsupp.ps_partkey = lineitem.l_partkey))",
                                          "Plans": [
                                            {
                                              "Node Type": "Seq Scan",
                                              "Parent Relationship": "Outer",
                                              "Parallel Aware": true,
                                              "Async Capable": false,
                                              "Relation Name": "partsupp",
                                              "Alias": "partsupp",
                                              "Startup Cost": 0.0,
                                              "Total Cost": 207718.58,
                                              "Plan Rows": 3333258,
                                              "Plan Width": 14,
                                              "parent": 11,
                                              "ID": 12
                                            },
                                            {
                                              "Node Type": "Hash",
                                              "Parent Relationship": "Inner",
                                              "Parallel Aware": true,
                                              "Async Capable": false,
                                              "Startup Cost": 1525201.57,
                                              "Total Cost": 1525201.57,
                                              "Plan Rows": 1216898,
                                              "Plan Width": 33,
                                              "Plans": [
                                                {
                                                  "Node Type": "Hash Join",
                                                  "Parent Relationship": "Outer",
                                                  "Parallel Aware": true,
                                                  "Async Capable": false,
                                                  "Join Type": "Inner",
                                                  "Startup Cost": 51904.36,
                                                  "Total Cost": 1525201.57,
                                                  "Plan Rows": 1216898,
                                                  "Plan Width": 33,
                                                  "Inner Unique": false,
                                                  "Hash Cond": "(lineitem.l_partkey = part.p_partkey)",
                                                  "Plans": [
                                                    {
                                                      "Node Type": "Seq Scan",
                                                      "Parent Relationship": "Outer",
                                                      "Parallel Aware": true,
                                                      "Async Capable": false,
                                                      "Relation Name": "lineitem",
                                                      "Alias": "lineitem",
                                                      "Startup Cost": 0.0,
                                                      "Total Cost": 1374494.57,
                                                      "Plan Rows": 24995257,
                                                      "Plan Width": 29,
                                                      "parent": 14,
                                                      "ID": 15
                                                    },
                                                    {
                                                      "Node Type": "Hash",
                                                      "Parent Relationship": "Inner",
                                                      "Parallel Aware": true,
                                                      "Async Capable": false,
                                                      "Startup Cost": 51378.28,
                                                      "Total Cost": 51378.28,
                                                      "Plan Rows": 42086,
                                                      "Plan Width": 4,
                                                      "Plans": [
                                                        {
                                                          "Node Type": "Seq Scan",
                                                          "Parent Relationship": "Outer",
                                                          "Parallel Aware": true,
                                                          "Async Capable": false,
                                                          "Relation Name": "part",
                                                          "Alias": "part",
                                                          "Startup Cost": 0.0,
                                                          "Total Cost": 51378.28,
                                                          "Plan Rows": 42086,
                                                          "Plan Width": 4,
                                                          "Filter": "((p_name)::text ~~ '%lawn%'::text)",
                                                          "parent": 16,
                                                          "ID": 17
                                                        }
                                                      ],
                                                      "parent": 14,
                                                      "ID": 16,
                                                      "left": 17
                                                    }
                                                  ],
                                                  "parent": 13,
                                                  "ID": 14,
                                                  "left": 15,
                                                  "right": 16
                                                }
                                              ],
                                              "parent": 11,
                                              "ID": 13,
                                              "left": 14
                                            }
                                          ],
                                          "parent": 10,
                                          "ID": 11,
                                          "left": 12,
                                          "right": 13
                                        }
                                      ],
                                      "parent": 8,
                                      "ID": 10,
                                      "left": 11
                                    }
                                  ],
                                  "parent": 7,
                                  "ID": 8,
                                  "left": 9,
                                  "right": 10
                                }
                              ],
                              "parent": 5,
                              "ID": 7,
                              "left": 8
                            }
                          ],
                          "parent": 4,
                          "ID": 5,
                          "left": 6,
                          "right": 7
                        },
                        {
                          "Node Type": "Hash",
                          "Parent Relationship": "Inner",
                          "Parallel Aware": false,
                          "Async Capable": false,
                          "Startup Cost": 1.25,
                          "Total Cost": 1.25,
                          "Plan Rows": 25,
                          "Plan Width": 30,
                          "Plans": [
                            {
                              "Node Type": "Seq Scan",
                              "Parent Relationship": "Outer",
                              "Parallel Aware": false,
                              "Async Capable": false,
                              "Relation Name": "nation",
                              "Alias": "nation",
                              "Startup Cost": 0.0,
                              "Total Cost": 1.25,
                              "Plan Rows": 25,
                              "Plan Width": 30,
                              "parent": 18,
                              "ID": 19
                            }
                          ],
                          "parent": 4,
                          "ID": 18,
                          "left": 19
                        }
                      ],
                      "parent": 3,
                      "ID": 4,
                      "left": 5,
                      "right": 18
                    }
                  ],
                  "parent": 2,
                  "ID": 3,
                  "left": 4
                }
              ],
              "parent": 1,
              "ID": 2,
              "left": 3
            }
          ],
          "parent": 0,
          "ID": 1,
          "left": 2
        }
      ],
      "parent": null,
      "ID": 0,
      "left": 1
    },
    "feat": {
      "utility": 0.0,
      "query_shape": [
        [
          "Seq Scan",
          "Hash Join",
          "Sort",
          "Aggregate",
          "Gather Merge"
        ],
        [
          "Seq Scan",
          "Hash Join",
          "Hash",
          "Sort",
          "Aggregate",
          "Gather Merge"
        ],
        [
          "Seq Scan",
          "Hash Join",
          "Hash",
          "Sort",
          "Aggregate",
          "Gather Merge"
        ],
        [
          "Seq Scan",
          "Hash Join",
          "Hash",
          "Sort",
          "Aggregate",
          "Gather Merge"
        ],
        [
          "Seq Scan",
          "Hash",
          "Hash Join",
          "Sort",
          "Aggregate",
          "Gather Merge"
        ],
        [
          "Seq Scan",
          "Hash",
          "Hash Join",
          "Sort",
          "Aggregate",
          "Gather Merge"
        ]
      ],
      "index_shape": [],
      "physical_operator": {}
    }
  },
  {
    "query": "-- Functional Query Definition\n-- Approved February 1998\n\n\nselect\nnation,\no_year,\nsum(amount) as sum_profit\nfrom\n(\nselect\nn_name as nation,\nextract(year from o_orderdate) as o_year,\nl_extendedprice * (1 - l_discount) - ps_supplycost * l_quantity as amount\nfrom\npart,\nsupplier,\nlineitem,\npartsupp,\norders,\nnation\nwhere\ns_suppkey = l_suppkey\nand ps_suppkey = l_suppkey\nand ps_partkey = l_partkey\nand p_partkey = l_partkey\nand o_orderkey = l_orderkey\nand s_nationkey = n_nationkey\nand p_name like '%lawn%'\n) as profit\ngroup by\nnation,\no_year\norder by\nnation,\no_year desc ;\n-- $ID$\n-- TPC-H/TPC-R Returned Item Reporting ",
    "indexes": "lineitem.l_extendedprice",
    "wo plan est": {
      "Node Type": "Aggregate",
      "Strategy": "Sorted",
      "Partial Mode": "Finalize",
      "Parallel Aware": false,
      "Async Capable": false,
      "Startup Cost": 2178615.97,
      "Total Cost": 2178628.06,
      "Plan Rows": 113,
      "Plan Width": 90,
      "Group Key": [
        "nation.n_name",
        "(EXTRACT(year FROM orders.o_orderdate))"
      ],
      "Plans": [
        {
          "Node Type": "Gather Merge",
          "Parent Relationship": "Outer",
          "Parallel Aware": false,
          "Async Capable": false,
          "Startup Cost": 2178615.97,
          "Total Cost": 2178625.7,
          "Plan Rows": 66,
          "Plan Width": 90,
          "Workers Planned": 1,
          "Plans": [
            {
              "Node Type": "Aggregate",
              "Strategy": "Sorted",
              "Partial Mode": "Partial",
              "Parent Relationship": "Outer",
              "Parallel Aware": false,
              "Async Capable": false,
              "Startup Cost": 2177615.96,
              "Total Cost": 2177618.27,
              "Plan Rows": 66,
              "Plan Width": 90,
              "Group Key": [
                "nation.n_name",
                "(EXTRACT(year FROM orders.o_orderdate))"
              ],
              "Plans": [
                {
                  "Node Type": "Sort",
                  "Parent Relationship": "Outer",
                  "Parallel Aware": false,
                  "Async Capable": false,
                  "Startup Cost": 2177615.96,
                  "Total Cost": 2177616.12,
                  "Plan Rows": 66,
                  "Plan Width": 81,
                  "Sort Key": [
                    "nation.n_name",
                    "(EXTRACT(year FROM orders.o_orderdate)) DESC"
                  ],
                  "Plans": [
                    {
                      "Node Type": "Hash Join",
                      "Parent Relationship": "Outer",
                      "Parallel Aware": false,
                      "Async Capable": false,
                      "Join Type": "Inner",
                      "Startup Cost": 2174587.78,
                      "Total Cost": 2177613.96,
                      "Plan Rows": 66,
                      "Plan Width": 81,
                      "Inner Unique": false,
                      "Hash Cond": "(supplier.s_nationkey = nation.n_nationkey)",
                      "Plans": [
                        {
                          "Node Type": "Hash Join",
                          "Parent Relationship": "Outer",
                          "Parallel Aware": true,
                          "Async Capable": false,
                          "Join Type": "Inner",
                          "Startup Cost": 2174586.22,
                          "Total Cost": 2177611.33,
                          "Plan Rows": 66,
                          "Plan Width": 31,
                          "Inner Unique": false,
                          "Hash Cond": "(supplier.s_suppkey = lineitem.l_suppkey)",
                          "Plans": [
                            {
                              "Node Type": "Seq Scan",
                              "Parent Relationship": "Outer",
                              "Parallel Aware": true,
                              "Async Capable": false,
                              "Relation Name": "supplier",
                              "Alias": "supplier",
                              "Startup Cost": 0.0,
                              "Total Cost": 2804.24,
                              "Plan Rows": 58824,
                              "Plan Width": 8,
                              "parent": 5,
                              "ID": 6
                            },
                            {
                              "Node Type": "Hash",
                              "Parent Relationship": "Inner",
                              "Parallel Aware": true,
                              "Async Capable": false,
                              "Startup Cost": 2174585.63,
                              "Total Cost": 2174585.63,
                              "Plan Rows": 47,
                              "Plan Width": 35,
                              "Plans": [
                                {
                                  "Node Type": "Hash Join",
                                  "Parent Relationship": "Outer",
                                  "Parallel Aware": true,
                                  "Async Capable": false,
                                  "Join Type": "Inner",
                                  "Startup Cost": 1827741.83,
                                  "Total Cost": 2174585.63,
                                  "Plan Rows": 47,
                                  "Plan Width": 35,
                                  "Inner Unique": false,
                                  "Hash Cond": "(orders.o_orderkey = lineitem.l_orderkey)",
                                  "Plans": [
                                    {
                                      "Node Type": "Seq Scan",
                                      "Parent Relationship": "Outer",
                                      "Parallel Aware": true,
                                      "Async Capable": false,
                                      "Relation Name": "orders",
                                      "Alias": "orders",
                                      "Startup Cost": 0.0,
                                      "Total Cost": 323407.71,
                                      "Plan Rows": 6249571,
                                      "Plan Width": 8,
                                      "parent": 8,
                                      "ID": 9
                                    },
                                    {
                                      "Node Type": "Hash",
                                      "Parent Relationship": "Inner",
                                      "Parallel Aware": true,
                                      "Async Capable": false,
                                      "Startup Cost": 1827741.25,
                                      "Total Cost": 1827741.25,
                                      "Plan Rows": 47,
                                      "Plan Width": 35,
                                      "Plans": [
                                        {
                                          "Node Type": "Hash Join",
                                          "Parent Relationship": "Outer",
                                          "Parallel Aware": true,
                                          "Async Capable": false,
                                          "Join Type": "Inner",
                                          "Startup Cost": 1552963.04,
                                          "Total Cost": 1827741.25,
                                          "Plan Rows": 47,
                                          "Plan Width": 35,
                                          "Inner Unique": false,
                                          "Hash Cond": "((partsupp.ps_suppkey = lineitem.l_suppkey) AND (partsupp.ps_partkey = lineitem.l_partkey))",
                                          "Plans": [
                                            {
                                              "Node Type": "Seq Scan",
                                              "Parent Relationship": "Outer",
                                              "Parallel Aware": true,
                                              "Async Capable": false,
                                              "Relation Name": "partsupp",
                                              "Alias": "partsupp",
                                              "Startup Cost": 0.0,
                                              "Total Cost": 207718.58,
                                              "Plan Rows": 3333258,
                                              "Plan Width": 14,
                                              "parent": 11,
                                              "ID": 12
                                            },
                                            {
                                              "Node Type": "Hash",
                                              "Parent Relationship": "Inner",
                                              "Parallel Aware": true,
                                              "Async Capable": false,
                                              "Startup Cost": 1525201.57,
                                              "Total Cost": 1525201.57,
                                              "Plan Rows": 1216898,
                                              "Plan Width": 33,
                                              "Plans": [
                                                {
                                                  "Node Type": "Hash Join",
                                                  "Parent Relationship": "Outer",
                                                  "Parallel Aware": true,
                                                  "Async Capable": false,
                                                  "Join Type": "Inner",
                                                  "Startup Cost": 51904.36,
                                                  "Total Cost": 1525201.57,
                                                  "Plan Rows": 1216898,
                                                  "Plan Width": 33,
                                                  "Inner Unique": false,
                                                  "Hash Cond": "(lineitem.l_partkey = part.p_partkey)",
                                                  "Plans": [
                                                    {
                                                      "Node Type": "Seq Scan",
                                                      "Parent Relationship": "Outer",
                                                      "Parallel Aware": true,
                                                      "Async Capable": false,
                                                      "Relation Name": "lineitem",
                                                      "Alias": "lineitem",
                                                      "Startup Cost": 0.0,
                                                      "Total Cost": 1374494.57,
                                                      "Plan Rows": 24995257,
                                                      "Plan Width": 29,
                                                      "parent": 14,
                                                      "ID": 15
                                                    },
                                                    {
                                                      "Node Type": "Hash",
                                                      "Parent Relationship": "Inner",
                                                      "Parallel Aware": true,
                                                      "Async Capable": false,
                                                      "Startup Cost": 51378.28,
                                                      "Total Cost": 51378.28,
                                                      "Plan Rows": 42086,
                                                      "Plan Width": 4,
                                                      "Plans": [
                                                        {
                                                          "Node Type": "Seq Scan",
                                                          "Parent Relationship": "Outer",
                                                          "Parallel Aware": true,
                                                          "Async Capable": false,
                                                          "Relation Name": "part",
                                                          "Alias": "part",
                                                          "Startup Cost": 0.0,
                                                          "Total Cost": 51378.28,
                                                          "Plan Rows": 42086,
                                                          "Plan Width": 4,
                                                          "Filter": "((p_name)::text ~~ '%lawn%'::text)",
                                                          "parent": 16,
                                                          "ID": 17
                                                        }
                                                      ],
                                                      "parent": 14,
                                                      "ID": 16,
                                                      "left": 17
                                                    }
                                                  ],
                                                  "parent": 13,
                                                  "ID": 14,
                                                  "left": 15,
                                                  "right": 16
                                                }
                                              ],
                                              "parent": 11,
                                              "ID": 13,
                                              "left": 14
                                            }
                                          ],
                                          "parent": 10,
                                          "ID": 11,
                                          "left": 12,
                                          "right": 13
                                        }
                                      ],
                                      "parent": 8,
                                      "ID": 10,
                                      "left": 11
                                    }
                                  ],
                                  "parent": 7,
                                  "ID": 8,
                                  "left": 9,
                                  "right": 10
                                }
                              ],
                              "parent": 5,
                              "ID": 7,
                              "left": 8
                            }
                          ],
                          "parent": 4,
                          "ID": 5,
                          "left": 6,
                          "right": 7
                        },
                        {
                          "Node Type": "Hash",
                          "Parent Relationship": "Inner",
                          "Parallel Aware": false,
                          "Async Capable": false,
                          "Startup Cost": 1.25,
                          "Total Cost": 1.25,
                          "Plan Rows": 25,
                          "Plan Width": 30,
                          "Plans": [
                            {
                              "Node Type": "Seq Scan",
                              "Parent Relationship": "Outer",
                              "Parallel Aware": false,
                              "Async Capable": false,
                              "Relation Name": "nation",
                              "Alias": "nation",
                              "Startup Cost": 0.0,
                              "Total Cost": 1.25,
                              "Plan Rows": 25,
                              "Plan Width": 30,
                              "parent": 18,
                              "ID": 19
                            }
                          ],
                          "parent": 4,
                          "ID": 18,
                          "left": 19
                        }
                      ],
                      "parent": 3,
                      "ID": 4,
                      "left": 5,
                      "right": 18
                    }
                  ],
                  "parent": 2,
                  "ID": 3,
                  "left": 4
                }
              ],
              "parent": 1,
              "ID": 2,
              "left": 3
            }
          ],
          "parent": 0,
          "ID": 1,
          "left": 2
        }
      ],
      "parent": null,
      "ID": 0,
      "left": 1
    },
    "feat": {
      "utility": 0.0,
      "query_shape": [
        [
          "Seq Scan",
          "Hash Join",
          "Sort",
          "Aggregate",
          "Gather Merge"
        ],
        [
          "Seq Scan",
          "Hash Join",
          "Hash",
          "Sort",
          "Aggregate",
          "Gather Merge"
        ],
        [
          "Seq Scan",
          "Hash Join",
          "Hash",
          "Sort",
          "Aggregate",
          "Gather Merge"
        ],
        [
          "Seq Scan",
          "Hash Join",
          "Hash",
          "Sort",
          "Aggregate",
          "Gather Merge"
        ],
        [
          "Seq Scan",
          "Hash",
          "Hash Join",
          "Sort",
          "Aggregate",
          "Gather Merge"
        ],
        [
          "Seq Scan",
          "Hash",
          "Hash Join",
          "Sort",
          "Aggregate",
          "Gather Merge"
        ]
      ],
      "index_shape": [],
      "physical_operator": {}
    }
  },
  {
    "query": "-- Functional Query Definition\n-- Approved February 1998\n\n\nselect\nnation,\no_year,\nsum(amount) as sum_profit\nfrom\n(\nselect\nn_name as nation,\nextract(year from o_orderdate) as o_year,\nl_extendedprice * (1 - l_discount) - ps_supplycost * l_quantity as amount\nfrom\npart,\nsupplier,\nlineitem,\npartsupp,\norders,\nnation\nwhere\ns_suppkey = l_suppkey\nand ps_suppkey = l_suppkey\nand ps_partkey = l_partkey\nand p_partkey = l_partkey\nand o_orderkey = l_orderkey\nand s_nationkey = n_nationkey\nand p_name like '%lawn%'\n) as profit\ngroup by\nnation,\no_year\norder by\nnation,\no_year desc ;\n-- $ID$\n-- TPC-H/TPC-R Returned Item Reporting ",
    "indexes": "lineitem.l_discount",
    "wo plan est": {
      "Node Type": "Aggregate",
      "Strategy": "Sorted",
      "Partial Mode": "Finalize",
      "Parallel Aware": false,
      "Async Capable": false,
      "Startup Cost": 2178615.97,
      "Total Cost": 2178628.06,
      "Plan Rows": 113,
      "Plan Width": 90,
      "Group Key": [
        "nation.n_name",
        "(EXTRACT(year FROM orders.o_orderdate))"
      ],
      "Plans": [
        {
          "Node Type": "Gather Merge",
          "Parent Relationship": "Outer",
          "Parallel Aware": false,
          "Async Capable": false,
          "Startup Cost": 2178615.97,
          "Total Cost": 2178625.7,
          "Plan Rows": 66,
          "Plan Width": 90,
          "Workers Planned": 1,
          "Plans": [
            {
              "Node Type": "Aggregate",
              "Strategy": "Sorted",
              "Partial Mode": "Partial",
              "Parent Relationship": "Outer",
              "Parallel Aware": false,
              "Async Capable": false,
              "Startup Cost": 2177615.96,
              "Total Cost": 2177618.27,
              "Plan Rows": 66,
              "Plan Width": 90,
              "Group Key": [
                "nation.n_name",
                "(EXTRACT(year FROM orders.o_orderdate))"
              ],
              "Plans": [
                {
                  "Node Type": "Sort",
                  "Parent Relationship": "Outer",
                  "Parallel Aware": false,
                  "Async Capable": false,
                  "Startup Cost": 2177615.96,
                  "Total Cost": 2177616.12,
                  "Plan Rows": 66,
                  "Plan Width": 81,
                  "Sort Key": [
                    "nation.n_name",
                    "(EXTRACT(year FROM orders.o_orderdate)) DESC"
                  ],
                  "Plans": [
                    {
                      "Node Type": "Hash Join",
                      "Parent Relationship": "Outer",
                      "Parallel Aware": false,
                      "Async Capable": false,
                      "Join Type": "Inner",
                      "Startup Cost": 2174587.78,
                      "Total Cost": 2177613.96,
                      "Plan Rows": 66,
                      "Plan Width": 81,
                      "Inner Unique": false,
                      "Hash Cond": "(supplier.s_nationkey = nation.n_nationkey)",
                      "Plans": [
                        {
                          "Node Type": "Hash Join",
                          "Parent Relationship": "Outer",
                          "Parallel Aware": true,
                          "Async Capable": false,
                          "Join Type": "Inner",
                          "Startup Cost": 2174586.22,
                          "Total Cost": 2177611.33,
                          "Plan Rows": 66,
                          "Plan Width": 31,
                          "Inner Unique": false,
                          "Hash Cond": "(supplier.s_suppkey = lineitem.l_suppkey)",
                          "Plans": [
                            {
                              "Node Type": "Seq Scan",
                              "Parent Relationship": "Outer",
                              "Parallel Aware": true,
                              "Async Capable": false,
                              "Relation Name": "supplier",
                              "Alias": "supplier",
                              "Startup Cost": 0.0,
                              "Total Cost": 2804.24,
                              "Plan Rows": 58824,
                              "Plan Width": 8,
                              "parent": 5,
                              "ID": 6
                            },
                            {
                              "Node Type": "Hash",
                              "Parent Relationship": "Inner",
                              "Parallel Aware": true,
                              "Async Capable": false,
                              "Startup Cost": 2174585.63,
                              "Total Cost": 2174585.63,
                              "Plan Rows": 47,
                              "Plan Width": 35,
                              "Plans": [
                                {
                                  "Node Type": "Hash Join",
                                  "Parent Relationship": "Outer",
                                  "Parallel Aware": true,
                                  "Async Capable": false,
                                  "Join Type": "Inner",
                                  "Startup Cost": 1827741.83,
                                  "Total Cost": 2174585.63,
                                  "Plan Rows": 47,
                                  "Plan Width": 35,
                                  "Inner Unique": false,
                                  "Hash Cond": "(orders.o_orderkey = lineitem.l_orderkey)",
                                  "Plans": [
                                    {
                                      "Node Type": "Seq Scan",
                                      "Parent Relationship": "Outer",
                                      "Parallel Aware": true,
                                      "Async Capable": false,
                                      "Relation Name": "orders",
                                      "Alias": "orders",
                                      "Startup Cost": 0.0,
                                      "Total Cost": 323407.71,
                                      "Plan Rows": 6249571,
                                      "Plan Width": 8,
                                      "parent": 8,
                                      "ID": 9
                                    },
                                    {
                                      "Node Type": "Hash",
                                      "Parent Relationship": "Inner",
                                      "Parallel Aware": true,
                                      "Async Capable": false,
                                      "Startup Cost": 1827741.25,
                                      "Total Cost": 1827741.25,
                                      "Plan Rows": 47,
                                      "Plan Width": 35,
                                      "Plans": [
                                        {
                                          "Node Type": "Hash Join",
                                          "Parent Relationship": "Outer",
                                          "Parallel Aware": true,
                                          "Async Capable": false,
                                          "Join Type": "Inner",
                                          "Startup Cost": 1552963.04,
                                          "Total Cost": 1827741.25,
                                          "Plan Rows": 47,
                                          "Plan Width": 35,
                                          "Inner Unique": false,
                                          "Hash Cond": "((partsupp.ps_suppkey = lineitem.l_suppkey) AND (partsupp.ps_partkey = lineitem.l_partkey))",
                                          "Plans": [
                                            {
                                              "Node Type": "Seq Scan",
                                              "Parent Relationship": "Outer",
                                              "Parallel Aware": true,
                                              "Async Capable": false,
                                              "Relation Name": "partsupp",
                                              "Alias": "partsupp",
                                              "Startup Cost": 0.0,
                                              "Total Cost": 207718.58,
                                              "Plan Rows": 3333258,
                                              "Plan Width": 14,
                                              "parent": 11,
                                              "ID": 12
                                            },
                                            {
                                              "Node Type": "Hash",
                                              "Parent Relationship": "Inner",
                                              "Parallel Aware": true,
                                              "Async Capable": false,
                                              "Startup Cost": 1525201.57,
                                              "Total Cost": 1525201.57,
                                              "Plan Rows": 1216898,
                                              "Plan Width": 33,
                                              "Plans": [
                                                {
                                                  "Node Type": "Hash Join",
                                                  "Parent Relationship": "Outer",
                                                  "Parallel Aware": true,
                                                  "Async Capable": false,
                                                  "Join Type": "Inner",
                                                  "Startup Cost": 51904.36,
                                                  "Total Cost": 1525201.57,
                                                  "Plan Rows": 1216898,
                                                  "Plan Width": 33,
                                                  "Inner Unique": false,
                                                  "Hash Cond": "(lineitem.l_partkey = part.p_partkey)",
                                                  "Plans": [
                                                    {
                                                      "Node Type": "Seq Scan",
                                                      "Parent Relationship": "Outer",
                                                      "Parallel Aware": true,
                                                      "Async Capable": false,
                                                      "Relation Name": "lineitem",
                                                      "Alias": "lineitem",
                                                      "Startup Cost": 0.0,
                                                      "Total Cost": 1374494.57,
                                                      "Plan Rows": 24995257,
                                                      "Plan Width": 29,
                                                      "parent": 14,
                                                      "ID": 15
                                                    },
                                                    {
                                                      "Node Type": "Hash",
                                                      "Parent Relationship": "Inner",
                                                      "Parallel Aware": true,
                                                      "Async Capable": false,
                                                      "Startup Cost": 51378.28,
                                                      "Total Cost": 51378.28,
                                                      "Plan Rows": 42086,
                                                      "Plan Width": 4,
                                                      "Plans": [
                                                        {
                                                          "Node Type": "Seq Scan",
                                                          "Parent Relationship": "Outer",
                                                          "Parallel Aware": true,
                                                          "Async Capable": false,
                                                          "Relation Name": "part",
                                                          "Alias": "part",
                                                          "Startup Cost": 0.0,
                                                          "Total Cost": 51378.28,
                                                          "Plan Rows": 42086,
                                                          "Plan Width": 4,
                                                          "Filter": "((p_name)::text ~~ '%lawn%'::text)",
                                                          "parent": 16,
                                                          "ID": 17
                                                        }
                                                      ],
                                                      "parent": 14,
                                                      "ID": 16,
                                                      "left": 17
                                                    }
                                                  ],
                                                  "parent": 13,
                                                  "ID": 14,
                                                  "left": 15,
                                                  "right": 16
                                                }
                                              ],
                                              "parent": 11,
                                              "ID": 13,
                                              "left": 14
                                            }
                                          ],
                                          "parent": 10,
                                          "ID": 11,
                                          "left": 12,
                                          "right": 13
                                        }
                                      ],
                                      "parent": 8,
                                      "ID": 10,
                                      "left": 11
                                    }
                                  ],
                                  "parent": 7,
                                  "ID": 8,
                                  "left": 9,
                                  "right": 10
                                }
                              ],
                              "parent": 5,
                              "ID": 7,
                              "left": 8
                            }
                          ],
                          "parent": 4,
                          "ID": 5,
                          "left": 6,
                          "right": 7
                        },
                        {
                          "Node Type": "Hash",
                          "Parent Relationship": "Inner",
                          "Parallel Aware": false,
                          "Async Capable": false,
                          "Startup Cost": 1.25,
                          "Total Cost": 1.25,
                          "Plan Rows": 25,
                          "Plan Width": 30,
                          "Plans": [
                            {
                              "Node Type": "Seq Scan",
                              "Parent Relationship": "Outer",
                              "Parallel Aware": false,
                              "Async Capable": false,
                              "Relation Name": "nation",
                              "Alias": "nation",
                              "Startup Cost": 0.0,
                              "Total Cost": 1.25,
                              "Plan Rows": 25,
                              "Plan Width": 30,
                              "parent": 18,
                              "ID": 19
                            }
                          ],
                          "parent": 4,
                          "ID": 18,
                          "left": 19
                        }
                      ],
                      "parent": 3,
                      "ID": 4,
                      "left": 5,
                      "right": 18
                    }
                  ],
                  "parent": 2,
                  "ID": 3,
                  "left": 4
                }
              ],
              "parent": 1,
              "ID": 2,
              "left": 3
            }
          ],
          "parent": 0,
          "ID": 1,
          "left": 2
        }
      ],
      "parent": null,
      "ID": 0,
      "left": 1
    },
    "feat": {
      "utility": 0.0,
      "query_shape": [
        [
          "Seq Scan",
          "Hash Join",
          "Sort",
          "Aggregate",
          "Gather Merge"
        ],
        [
          "Seq Scan",
          "Hash Join",
          "Hash",
          "Sort",
          "Aggregate",
          "Gather Merge"
        ],
        [
          "Seq Scan",
          "Hash Join",
          "Hash",
          "Sort",
          "Aggregate",
          "Gather Merge"
        ],
        [
          "Seq Scan",
          "Hash Join",
          "Hash",
          "Sort",
          "Aggregate",
          "Gather Merge"
        ],
        [
          "Seq Scan",
          "Hash",
          "Hash Join",
          "Sort",
          "Aggregate",
          "Gather Merge"
        ],
        [
          "Seq Scan",
          "Hash",
          "Hash Join",
          "Sort",
          "Aggregate",
          "Gather Merge"
        ]
      ],
      "index_shape": [],
      "physical_operator": {}
    }
  },
  {
    "query": "-- Functional Query Definition\n-- Approved February 1998\n\n\nselect\nnation,\no_year,\nsum(amount) as sum_profit\nfrom\n(\nselect\nn_name as nation,\nextract(year from o_orderdate) as o_year,\nl_extendedprice * (1 - l_discount) - ps_supplycost * l_quantity as amount\nfrom\npart,\nsupplier,\nlineitem,\npartsupp,\norders,\nnation\nwhere\ns_suppkey = l_suppkey\nand ps_suppkey = l_suppkey\nand ps_partkey = l_partkey\nand p_partkey = l_partkey\nand o_orderkey = l_orderkey\nand s_nationkey = n_nationkey\nand p_name like '%lawn%'\n) as profit\ngroup by\nnation,\no_year\norder by\nnation,\no_year desc ;\n-- $ID$\n-- TPC-H/TPC-R Returned Item Reporting ",
    "indexes": "nation.n_nationkey",
    "wo plan est": {
      "Node Type": "Aggregate",
      "Strategy": "Sorted",
      "Partial Mode": "Finalize",
      "Parallel Aware": false,
      "Async Capable": false,
      "Startup Cost": 2178615.97,
      "Total Cost": 2178628.06,
      "Plan Rows": 113,
      "Plan Width": 90,
      "Group Key": [
        "nation.n_name",
        "(EXTRACT(year FROM orders.o_orderdate))"
      ],
      "Plans": [
        {
          "Node Type": "Gather Merge",
          "Parent Relationship": "Outer",
          "Parallel Aware": false,
          "Async Capable": false,
          "Startup Cost": 2178615.97,
          "Total Cost": 2178625.7,
          "Plan Rows": 66,
          "Plan Width": 90,
          "Workers Planned": 1,
          "Plans": [
            {
              "Node Type": "Aggregate",
              "Strategy": "Sorted",
              "Partial Mode": "Partial",
              "Parent Relationship": "Outer",
              "Parallel Aware": false,
              "Async Capable": false,
              "Startup Cost": 2177615.96,
              "Total Cost": 2177618.27,
              "Plan Rows": 66,
              "Plan Width": 90,
              "Group Key": [
                "nation.n_name",
                "(EXTRACT(year FROM orders.o_orderdate))"
              ],
              "Plans": [
                {
                  "Node Type": "Sort",
                  "Parent Relationship": "Outer",
                  "Parallel Aware": false,
                  "Async Capable": false,
                  "Startup Cost": 2177615.96,
                  "Total Cost": 2177616.12,
                  "Plan Rows": 66,
                  "Plan Width": 81,
                  "Sort Key": [
                    "nation.n_name",
                    "(EXTRACT(year FROM orders.o_orderdate)) DESC"
                  ],
                  "Plans": [
                    {
                      "Node Type": "Hash Join",
                      "Parent Relationship": "Outer",
                      "Parallel Aware": false,
                      "Async Capable": false,
                      "Join Type": "Inner",
                      "Startup Cost": 2174587.78,
                      "Total Cost": 2177613.96,
                      "Plan Rows": 66,
                      "Plan Width": 81,
                      "Inner Unique": false,
                      "Hash Cond": "(supplier.s_nationkey = nation.n_nationkey)",
                      "Plans": [
                        {
                          "Node Type": "Hash Join",
                          "Parent Relationship": "Outer",
                          "Parallel Aware": true,
                          "Async Capable": false,
                          "Join Type": "Inner",
                          "Startup Cost": 2174586.22,
                          "Total Cost": 2177611.33,
                          "Plan Rows": 66,
                          "Plan Width": 31,
                          "Inner Unique": false,
                          "Hash Cond": "(supplier.s_suppkey = lineitem.l_suppkey)",
                          "Plans": [
                            {
                              "Node Type": "Seq Scan",
                              "Parent Relationship": "Outer",
                              "Parallel Aware": true,
                              "Async Capable": false,
                              "Relation Name": "supplier",
                              "Alias": "supplier",
                              "Startup Cost": 0.0,
                              "Total Cost": 2804.24,
                              "Plan Rows": 58824,
                              "Plan Width": 8,
                              "parent": 5,
                              "ID": 6
                            },
                            {
                              "Node Type": "Hash",
                              "Parent Relationship": "Inner",
                              "Parallel Aware": true,
                              "Async Capable": false,
                              "Startup Cost": 2174585.63,
                              "Total Cost": 2174585.63,
                              "Plan Rows": 47,
                              "Plan Width": 35,
                              "Plans": [
                                {
                                  "Node Type": "Hash Join",
                                  "Parent Relationship": "Outer",
                                  "Parallel Aware": true,
                                  "Async Capable": false,
                                  "Join Type": "Inner",
                                  "Startup Cost": 1827741.83,
                                  "Total Cost": 2174585.63,
                                  "Plan Rows": 47,
                                  "Plan Width": 35,
                                  "Inner Unique": false,
                                  "Hash Cond": "(orders.o_orderkey = lineitem.l_orderkey)",
                                  "Plans": [
                                    {
                                      "Node Type": "Seq Scan",
                                      "Parent Relationship": "Outer",
                                      "Parallel Aware": true,
                                      "Async Capable": false,
                                      "Relation Name": "orders",
                                      "Alias": "orders",
                                      "Startup Cost": 0.0,
                                      "Total Cost": 323407.71,
                                      "Plan Rows": 6249571,
                                      "Plan Width": 8,
                                      "parent": 8,
                                      "ID": 9
                                    },
                                    {
                                      "Node Type": "Hash",
                                      "Parent Relationship": "Inner",
                                      "Parallel Aware": true,
                                      "Async Capable": false,
                                      "Startup Cost": 1827741.25,
                                      "Total Cost": 1827741.25,
                                      "Plan Rows": 47,
                                      "Plan Width": 35,
                                      "Plans": [
                                        {
                                          "Node Type": "Hash Join",
                                          "Parent Relationship": "Outer",
                                          "Parallel Aware": true,
                                          "Async Capable": false,
                                          "Join Type": "Inner",
                                          "Startup Cost": 1552963.04,
                                          "Total Cost": 1827741.25,
                                          "Plan Rows": 47,
                                          "Plan Width": 35,
                                          "Inner Unique": false,
                                          "Hash Cond": "((partsupp.ps_suppkey = lineitem.l_suppkey) AND (partsupp.ps_partkey = lineitem.l_partkey))",
                                          "Plans": [
                                            {
                                              "Node Type": "Seq Scan",
                                              "Parent Relationship": "Outer",
                                              "Parallel Aware": true,
                                              "Async Capable": false,
                                              "Relation Name": "partsupp",
                                              "Alias": "partsupp",
                                              "Startup Cost": 0.0,
                                              "Total Cost": 207718.58,
                                              "Plan Rows": 3333258,
                                              "Plan Width": 14,
                                              "parent": 11,
                                              "ID": 12
                                            },
                                            {
                                              "Node Type": "Hash",
                                              "Parent Relationship": "Inner",
                                              "Parallel Aware": true,
                                              "Async Capable": false,
                                              "Startup Cost": 1525201.57,
                                              "Total Cost": 1525201.57,
                                              "Plan Rows": 1216898,
                                              "Plan Width": 33,
                                              "Plans": [
                                                {
                                                  "Node Type": "Hash Join",
                                                  "Parent Relationship": "Outer",
                                                  "Parallel Aware": true,
                                                  "Async Capable": false,
                                                  "Join Type": "Inner",
                                                  "Startup Cost": 51904.36,
                                                  "Total Cost": 1525201.57,
                                                  "Plan Rows": 1216898,
                                                  "Plan Width": 33,
                                                  "Inner Unique": false,
                                                  "Hash Cond": "(lineitem.l_partkey = part.p_partkey)",
                                                  "Plans": [
                                                    {
                                                      "Node Type": "Seq Scan",
                                                      "Parent Relationship": "Outer",
                                                      "Parallel Aware": true,
                                                      "Async Capable": false,
                                                      "Relation Name": "lineitem",
                                                      "Alias": "lineitem",
                                                      "Startup Cost": 0.0,
                                                      "Total Cost": 1374494.57,
                                                      "Plan Rows": 24995257,
                                                      "Plan Width": 29,
                                                      "parent": 14,
                                                      "ID": 15
                                                    },
                                                    {
                                                      "Node Type": "Hash",
                                                      "Parent Relationship": "Inner",
                                                      "Parallel Aware": true,
                                                      "Async Capable": false,
                                                      "Startup Cost": 51378.28,
                                                      "Total Cost": 51378.28,
                                                      "Plan Rows": 42086,
                                                      "Plan Width": 4,
                                                      "Plans": [
                                                        {
                                                          "Node Type": "Seq Scan",
                                                          "Parent Relationship": "Outer",
                                                          "Parallel Aware": true,
                                                          "Async Capable": false,
                                                          "Relation Name": "part",
                                                          "Alias": "part",
                                                          "Startup Cost": 0.0,
                                                          "Total Cost": 51378.28,
                                                          "Plan Rows": 42086,
                                                          "Plan Width": 4,
                                                          "Filter": "((p_name)::text ~~ '%lawn%'::text)",
                                                          "parent": 16,
                                                          "ID": 17
                                                        }
                                                      ],
                                                      "parent": 14,
                                                      "ID": 16,
                                                      "left": 17
                                                    }
                                                  ],
                                                  "parent": 13,
                                                  "ID": 14,
                                                  "left": 15,
                                                  "right": 16
                                                }
                                              ],
                                              "parent": 11,
                                              "ID": 13,
                                              "left": 14
                                            }
                                          ],
                                          "parent": 10,
                                          "ID": 11,
                                          "left": 12,
                                          "right": 13
                                        }
                                      ],
                                      "parent": 8,
                                      "ID": 10,
                                      "left": 11
                                    }
                                  ],
                                  "parent": 7,
                                  "ID": 8,
                                  "left": 9,
                                  "right": 10
                                }
                              ],
                              "parent": 5,
                              "ID": 7,
                              "left": 8
                            }
                          ],
                          "parent": 4,
                          "ID": 5,
                          "left": 6,
                          "right": 7
                        },
                        {
                          "Node Type": "Hash",
                          "Parent Relationship": "Inner",
                          "Parallel Aware": false,
                          "Async Capable": false,
                          "Startup Cost": 1.25,
                          "Total Cost": 1.25,
                          "Plan Rows": 25,
                          "Plan Width": 30,
                          "Plans": [
                            {
                              "Node Type": "Seq Scan",
                              "Parent Relationship": "Outer",
                              "Parallel Aware": false,
                              "Async Capable": false,
                              "Relation Name": "nation",
                              "Alias": "nation",
                              "Startup Cost": 0.0,
                              "Total Cost": 1.25,
                              "Plan Rows": 25,
                              "Plan Width": 30,
                              "parent": 18,
                              "ID": 19
                            }
                          ],
                          "parent": 4,
                          "ID": 18,
                          "left": 19
                        }
                      ],
                      "parent": 3,
                      "ID": 4,
                      "left": 5,
                      "right": 18
                    }
                  ],
                  "parent": 2,
                  "ID": 3,
                  "left": 4
                }
              ],
              "parent": 1,
              "ID": 2,
              "left": 3
            }
          ],
          "parent": 0,
          "ID": 1,
          "left": 2
        }
      ],
      "parent": null,
      "ID": 0,
      "left": 1
    },
    "feat": {
      "utility": 4.590044617345101e-07,
      "query_shape": [
        [
          "Seq Scan",
          "Hash Join",
          "Sort",
          "Aggregate",
          "Gather Merge"
        ],
        [
          "Seq Scan",
          "Hash Join",
          "Hash",
          "Sort",
          "Aggregate",
          "Gather Merge"
        ],
        [
          "Seq Scan",
          "Hash Join",
          "Hash",
          "Sort",
          "Aggregate",
          "Gather Merge"
        ],
        [
          "Seq Scan",
          "Hash Join",
          "Hash",
          "Sort",
          "Aggregate",
          "Gather Merge"
        ],
        [
          "Seq Scan",
          "Hash",
          "Hash Join",
          "Sort",
          "Aggregate",
          "Gather Merge"
        ],
        [
          "Seq Scan",
          "Hash",
          "Hash Join",
          "Sort",
          "Aggregate",
          "Gather Merge"
        ]
      ],
      "index_shape": [
        "join"
      ],
      "physical_operator": {
        "Hash Join": [
          0.2
        ]
      }
    }
  },
  {
    "query": "-- Functional Query Definition\n-- Approved February 1998\n\n\nselect\nnation,\no_year,\nsum(amount) as sum_profit\nfrom\n(\nselect\nn_name as nation,\nextract(year from o_orderdate) as o_year,\nl_extendedprice * (1 - l_discount) - ps_supplycost * l_quantity as amount\nfrom\npart,\nsupplier,\nlineitem,\npartsupp,\norders,\nnation\nwhere\ns_suppkey = l_suppkey\nand ps_suppkey = l_suppkey\nand ps_partkey = l_partkey\nand p_partkey = l_partkey\nand o_orderkey = l_orderkey\nand s_nationkey = n_nationkey\nand p_name like '%lawn%'\n) as profit\ngroup by\nnation,\no_year\norder by\nnation,\no_year desc ;\n-- $ID$\n-- TPC-H/TPC-R Returned Item Reporting ",
    "indexes": "nation.n_name",
    "wo plan est": {
      "Node Type": "Aggregate",
      "Strategy": "Sorted",
      "Partial Mode": "Finalize",
      "Parallel Aware": false,
      "Async Capable": false,
      "Startup Cost": 2178615.97,
      "Total Cost": 2178628.06,
      "Plan Rows": 113,
      "Plan Width": 90,
      "Group Key": [
        "nation.n_name",
        "(EXTRACT(year FROM orders.o_orderdate))"
      ],
      "Plans": [
        {
          "Node Type": "Gather Merge",
          "Parent Relationship": "Outer",
          "Parallel Aware": false,
          "Async Capable": false,
          "Startup Cost": 2178615.97,
          "Total Cost": 2178625.7,
          "Plan Rows": 66,
          "Plan Width": 90,
          "Workers Planned": 1,
          "Plans": [
            {
              "Node Type": "Aggregate",
              "Strategy": "Sorted",
              "Partial Mode": "Partial",
              "Parent Relationship": "Outer",
              "Parallel Aware": false,
              "Async Capable": false,
              "Startup Cost": 2177615.96,
              "Total Cost": 2177618.27,
              "Plan Rows": 66,
              "Plan Width": 90,
              "Group Key": [
                "nation.n_name",
                "(EXTRACT(year FROM orders.o_orderdate))"
              ],
              "Plans": [
                {
                  "Node Type": "Sort",
                  "Parent Relationship": "Outer",
                  "Parallel Aware": false,
                  "Async Capable": false,
                  "Startup Cost": 2177615.96,
                  "Total Cost": 2177616.12,
                  "Plan Rows": 66,
                  "Plan Width": 81,
                  "Sort Key": [
                    "nation.n_name",
                    "(EXTRACT(year FROM orders.o_orderdate)) DESC"
                  ],
                  "Plans": [
                    {
                      "Node Type": "Hash Join",
                      "Parent Relationship": "Outer",
                      "Parallel Aware": false,
                      "Async Capable": false,
                      "Join Type": "Inner",
                      "Startup Cost": 2174587.78,
                      "Total Cost": 2177613.96,
                      "Plan Rows": 66,
                      "Plan Width": 81,
                      "Inner Unique": false,
                      "Hash Cond": "(supplier.s_nationkey = nation.n_nationkey)",
                      "Plans": [
                        {
                          "Node Type": "Hash Join",
                          "Parent Relationship": "Outer",
                          "Parallel Aware": true,
                          "Async Capable": false,
                          "Join Type": "Inner",
                          "Startup Cost": 2174586.22,
                          "Total Cost": 2177611.33,
                          "Plan Rows": 66,
                          "Plan Width": 31,
                          "Inner Unique": false,
                          "Hash Cond": "(supplier.s_suppkey = lineitem.l_suppkey)",
                          "Plans": [
                            {
                              "Node Type": "Seq Scan",
                              "Parent Relationship": "Outer",
                              "Parallel Aware": true,
                              "Async Capable": false,
                              "Relation Name": "supplier",
                              "Alias": "supplier",
                              "Startup Cost": 0.0,
                              "Total Cost": 2804.24,
                              "Plan Rows": 58824,
                              "Plan Width": 8,
                              "parent": 5,
                              "ID": 6
                            },
                            {
                              "Node Type": "Hash",
                              "Parent Relationship": "Inner",
                              "Parallel Aware": true,
                              "Async Capable": false,
                              "Startup Cost": 2174585.63,
                              "Total Cost": 2174585.63,
                              "Plan Rows": 47,
                              "Plan Width": 35,
                              "Plans": [
                                {
                                  "Node Type": "Hash Join",
                                  "Parent Relationship": "Outer",
                                  "Parallel Aware": true,
                                  "Async Capable": false,
                                  "Join Type": "Inner",
                                  "Startup Cost": 1827741.83,
                                  "Total Cost": 2174585.63,
                                  "Plan Rows": 47,
                                  "Plan Width": 35,
                                  "Inner Unique": false,
                                  "Hash Cond": "(orders.o_orderkey = lineitem.l_orderkey)",
                                  "Plans": [
                                    {
                                      "Node Type": "Seq Scan",
                                      "Parent Relationship": "Outer",
                                      "Parallel Aware": true,
                                      "Async Capable": false,
                                      "Relation Name": "orders",
                                      "Alias": "orders",
                                      "Startup Cost": 0.0,
                                      "Total Cost": 323407.71,
                                      "Plan Rows": 6249571,
                                      "Plan Width": 8,
                                      "parent": 8,
                                      "ID": 9
                                    },
                                    {
                                      "Node Type": "Hash",
                                      "Parent Relationship": "Inner",
                                      "Parallel Aware": true,
                                      "Async Capable": false,
                                      "Startup Cost": 1827741.25,
                                      "Total Cost": 1827741.25,
                                      "Plan Rows": 47,
                                      "Plan Width": 35,
                                      "Plans": [
                                        {
                                          "Node Type": "Hash Join",
                                          "Parent Relationship": "Outer",
                                          "Parallel Aware": true,
                                          "Async Capable": false,
                                          "Join Type": "Inner",
                                          "Startup Cost": 1552963.04,
                                          "Total Cost": 1827741.25,
                                          "Plan Rows": 47,
                                          "Plan Width": 35,
                                          "Inner Unique": false,
                                          "Hash Cond": "((partsupp.ps_suppkey = lineitem.l_suppkey) AND (partsupp.ps_partkey = lineitem.l_partkey))",
                                          "Plans": [
                                            {
                                              "Node Type": "Seq Scan",
                                              "Parent Relationship": "Outer",
                                              "Parallel Aware": true,
                                              "Async Capable": false,
                                              "Relation Name": "partsupp",
                                              "Alias": "partsupp",
                                              "Startup Cost": 0.0,
                                              "Total Cost": 207718.58,
                                              "Plan Rows": 3333258,
                                              "Plan Width": 14,
                                              "parent": 11,
                                              "ID": 12
                                            },
                                            {
                                              "Node Type": "Hash",
                                              "Parent Relationship": "Inner",
                                              "Parallel Aware": true,
                                              "Async Capable": false,
                                              "Startup Cost": 1525201.57,
                                              "Total Cost": 1525201.57,
                                              "Plan Rows": 1216898,
                                              "Plan Width": 33,
                                              "Plans": [
                                                {
                                                  "Node Type": "Hash Join",
                                                  "Parent Relationship": "Outer",
                                                  "Parallel Aware": true,
                                                  "Async Capable": false,
                                                  "Join Type": "Inner",
                                                  "Startup Cost": 51904.36,
                                                  "Total Cost": 1525201.57,
                                                  "Plan Rows": 1216898,
                                                  "Plan Width": 33,
                                                  "Inner Unique": false,
                                                  "Hash Cond": "(lineitem.l_partkey = part.p_partkey)",
                                                  "Plans": [
                                                    {
                                                      "Node Type": "Seq Scan",
                                                      "Parent Relationship": "Outer",
                                                      "Parallel Aware": true,
                                                      "Async Capable": false,
                                                      "Relation Name": "lineitem",
                                                      "Alias": "lineitem",
                                                      "Startup Cost": 0.0,
                                                      "Total Cost": 1374494.57,
                                                      "Plan Rows": 24995257,
                                                      "Plan Width": 29,
                                                      "parent": 14,
                                                      "ID": 15
                                                    },
                                                    {
                                                      "Node Type": "Hash",
                                                      "Parent Relationship": "Inner",
                                                      "Parallel Aware": true,
                                                      "Async Capable": false,
                                                      "Startup Cost": 51378.28,
                                                      "Total Cost": 51378.28,
                                                      "Plan Rows": 42086,
                                                      "Plan Width": 4,
                                                      "Plans": [
                                                        {
                                                          "Node Type": "Seq Scan",
                                                          "Parent Relationship": "Outer",
                                                          "Parallel Aware": true,
                                                          "Async Capable": false,
                                                          "Relation Name": "part",
                                                          "Alias": "part",
                                                          "Startup Cost": 0.0,
                                                          "Total Cost": 51378.28,
                                                          "Plan Rows": 42086,
                                                          "Plan Width": 4,
                                                          "Filter": "((p_name)::text ~~ '%lawn%'::text)",
                                                          "parent": 16,
                                                          "ID": 17
                                                        }
                                                      ],
                                                      "parent": 14,
                                                      "ID": 16,
                                                      "left": 17
                                                    }
                                                  ],
                                                  "parent": 13,
                                                  "ID": 14,
                                                  "left": 15,
                                                  "right": 16
                                                }
                                              ],
                                              "parent": 11,
                                              "ID": 13,
                                              "left": 14
                                            }
                                          ],
                                          "parent": 10,
                                          "ID": 11,
                                          "left": 12,
                                          "right": 13
                                        }
                                      ],
                                      "parent": 8,
                                      "ID": 10,
                                      "left": 11
                                    }
                                  ],
                                  "parent": 7,
                                  "ID": 8,
                                  "left": 9,
                                  "right": 10
                                }
                              ],
                              "parent": 5,
                              "ID": 7,
                              "left": 8
                            }
                          ],
                          "parent": 4,
                          "ID": 5,
                          "left": 6,
                          "right": 7
                        },
                        {
                          "Node Type": "Hash",
                          "Parent Relationship": "Inner",
                          "Parallel Aware": false,
                          "Async Capable": false,
                          "Startup Cost": 1.25,
                          "Total Cost": 1.25,
                          "Plan Rows": 25,
                          "Plan Width": 30,
                          "Plans": [
                            {
                              "Node Type": "Seq Scan",
                              "Parent Relationship": "Outer",
                              "Parallel Aware": false,
                              "Async Capable": false,
                              "Relation Name": "nation",
                              "Alias": "nation",
                              "Startup Cost": 0.0,
                              "Total Cost": 1.25,
                              "Plan Rows": 25,
                              "Plan Width": 30,
                              "parent": 18,
                              "ID": 19
                            }
                          ],
                          "parent": 4,
                          "ID": 18,
                          "left": 19
                        }
                      ],
                      "parent": 3,
                      "ID": 4,
                      "left": 5,
                      "right": 18
                    }
                  ],
                  "parent": 2,
                  "ID": 3,
                  "left": 4
                }
              ],
              "parent": 1,
              "ID": 2,
              "left": 3
            }
          ],
          "parent": 0,
          "ID": 1,
          "left": 2
        }
      ],
      "parent": null,
      "ID": 0,
      "left": 1
    },
    "feat": {
      "utility": 0.0,
      "query_shape": [
        [
          "Seq Scan",
          "Hash Join",
          "Sort",
          "Aggregate",
          "Gather Merge"
        ],
        [
          "Seq Scan",
          "Hash Join",
          "Hash",
          "Sort",
          "Aggregate",
          "Gather Merge"
        ],
        [
          "Seq Scan",
          "Hash Join",
          "Hash",
          "Sort",
          "Aggregate",
          "Gather Merge"
        ],
        [
          "Seq Scan",
          "Hash Join",
          "Hash",
          "Sort",
          "Aggregate",
          "Gather Merge"
        ],
        [
          "Seq Scan",
          "Hash",
          "Hash Join",
          "Sort",
          "Aggregate",
          "Gather Merge"
        ],
        [
          "Seq Scan",
          "Hash",
          "Hash Join",
          "Sort",
          "Aggregate",
          "Gather Merge"
        ]
      ],
      "index_shape": [
        "order-by"
      ],
      "physical_operator": {
        "Sort": [
          "[0. 0. 0. 0. 0. 0. 0. 0. 0. 0. 0. 0. 0. 0. 0. 0. 0. 0. 0. 0. 0. 0. 0. 0.\n 0. 0. 0. 0. 0. 0. 0. 0. 0. 0. 0. 0. 0. 0. 0. 0. 0. 0. 0. 0. 0. 0. 0. 0.\n 0. 0. 0.]"
        ],
        "Aggregate": [
          "[0. 0. 0. 0. 0. 0. 0. 0. 0. 0. 0. 0. 0. 0. 0. 0. 0. 0. 0. 0. 0. 0. 0. 0.\n 0. 0. 0. 0. 0. 0. 0. 0. 0. 0. 0. 0. 0. 0. 0. 0. 0. 0. 0. 0. 0. 0. 0. 0.\n 0. 0. 0.]",
          "[0. 0. 0. 0. 0. 0. 0. 0. 0. 0. 0. 0. 0. 0. 0. 0. 0. 0. 0. 0. 0. 0. 0. 0.\n 0. 0. 0. 0. 0. 0. 0. 0. 0. 0. 0. 0. 0. 0. 0. 0. 0. 0. 0. 0. 0. 0. 0. 0.\n 0. 0. 0.]"
        ]
      }
    }
  },
  {
    "query": "-- Functional Query Definition\n-- Approved February 1998\n\n\nselect\nnation,\no_year,\nsum(amount) as sum_profit\nfrom\n(\nselect\nn_name as nation,\nextract(year from o_orderdate) as o_year,\nl_extendedprice * (1 - l_discount) - ps_supplycost * l_quantity as amount\nfrom\npart,\nsupplier,\nlineitem,\npartsupp,\norders,\nnation\nwhere\ns_suppkey = l_suppkey\nand ps_suppkey = l_suppkey\nand ps_partkey = l_partkey\nand p_partkey = l_partkey\nand o_orderkey = l_orderkey\nand s_nationkey = n_nationkey\nand p_name like '%lawn%'\n) as profit\ngroup by\nnation,\no_year\norder by\nnation,\no_year desc ;\n-- $ID$\n-- TPC-H/TPC-R Returned Item Reporting ",
    "indexes": "orders.o_orderkey",
    "wo plan est": {
      "Node Type": "Aggregate",
      "Strategy": "Sorted",
      "Partial Mode": "Finalize",
      "Parallel Aware": false,
      "Async Capable": false,
      "Startup Cost": 2178615.97,
      "Total Cost": 2178628.06,
      "Plan Rows": 113,
      "Plan Width": 90,
      "Group Key": [
        "nation.n_name",
        "(EXTRACT(year FROM orders.o_orderdate))"
      ],
      "Plans": [
        {
          "Node Type": "Gather Merge",
          "Parent Relationship": "Outer",
          "Parallel Aware": false,
          "Async Capable": false,
          "Startup Cost": 2178615.97,
          "Total Cost": 2178625.7,
          "Plan Rows": 66,
          "Plan Width": 90,
          "Workers Planned": 1,
          "Plans": [
            {
              "Node Type": "Aggregate",
              "Strategy": "Sorted",
              "Partial Mode": "Partial",
              "Parent Relationship": "Outer",
              "Parallel Aware": false,
              "Async Capable": false,
              "Startup Cost": 2177615.96,
              "Total Cost": 2177618.27,
              "Plan Rows": 66,
              "Plan Width": 90,
              "Group Key": [
                "nation.n_name",
                "(EXTRACT(year FROM orders.o_orderdate))"
              ],
              "Plans": [
                {
                  "Node Type": "Sort",
                  "Parent Relationship": "Outer",
                  "Parallel Aware": false,
                  "Async Capable": false,
                  "Startup Cost": 2177615.96,
                  "Total Cost": 2177616.12,
                  "Plan Rows": 66,
                  "Plan Width": 81,
                  "Sort Key": [
                    "nation.n_name",
                    "(EXTRACT(year FROM orders.o_orderdate)) DESC"
                  ],
                  "Plans": [
                    {
                      "Node Type": "Hash Join",
                      "Parent Relationship": "Outer",
                      "Parallel Aware": false,
                      "Async Capable": false,
                      "Join Type": "Inner",
                      "Startup Cost": 2174587.78,
                      "Total Cost": 2177613.96,
                      "Plan Rows": 66,
                      "Plan Width": 81,
                      "Inner Unique": false,
                      "Hash Cond": "(supplier.s_nationkey = nation.n_nationkey)",
                      "Plans": [
                        {
                          "Node Type": "Hash Join",
                          "Parent Relationship": "Outer",
                          "Parallel Aware": true,
                          "Async Capable": false,
                          "Join Type": "Inner",
                          "Startup Cost": 2174586.22,
                          "Total Cost": 2177611.33,
                          "Plan Rows": 66,
                          "Plan Width": 31,
                          "Inner Unique": false,
                          "Hash Cond": "(supplier.s_suppkey = lineitem.l_suppkey)",
                          "Plans": [
                            {
                              "Node Type": "Seq Scan",
                              "Parent Relationship": "Outer",
                              "Parallel Aware": true,
                              "Async Capable": false,
                              "Relation Name": "supplier",
                              "Alias": "supplier",
                              "Startup Cost": 0.0,
                              "Total Cost": 2804.24,
                              "Plan Rows": 58824,
                              "Plan Width": 8,
                              "parent": 5,
                              "ID": 6
                            },
                            {
                              "Node Type": "Hash",
                              "Parent Relationship": "Inner",
                              "Parallel Aware": true,
                              "Async Capable": false,
                              "Startup Cost": 2174585.63,
                              "Total Cost": 2174585.63,
                              "Plan Rows": 47,
                              "Plan Width": 35,
                              "Plans": [
                                {
                                  "Node Type": "Hash Join",
                                  "Parent Relationship": "Outer",
                                  "Parallel Aware": true,
                                  "Async Capable": false,
                                  "Join Type": "Inner",
                                  "Startup Cost": 1827741.83,
                                  "Total Cost": 2174585.63,
                                  "Plan Rows": 47,
                                  "Plan Width": 35,
                                  "Inner Unique": false,
                                  "Hash Cond": "(orders.o_orderkey = lineitem.l_orderkey)",
                                  "Plans": [
                                    {
                                      "Node Type": "Seq Scan",
                                      "Parent Relationship": "Outer",
                                      "Parallel Aware": true,
                                      "Async Capable": false,
                                      "Relation Name": "orders",
                                      "Alias": "orders",
                                      "Startup Cost": 0.0,
                                      "Total Cost": 323407.71,
                                      "Plan Rows": 6249571,
                                      "Plan Width": 8,
                                      "parent": 8,
                                      "ID": 9
                                    },
                                    {
                                      "Node Type": "Hash",
                                      "Parent Relationship": "Inner",
                                      "Parallel Aware": true,
                                      "Async Capable": false,
                                      "Startup Cost": 1827741.25,
                                      "Total Cost": 1827741.25,
                                      "Plan Rows": 47,
                                      "Plan Width": 35,
                                      "Plans": [
                                        {
                                          "Node Type": "Hash Join",
                                          "Parent Relationship": "Outer",
                                          "Parallel Aware": true,
                                          "Async Capable": false,
                                          "Join Type": "Inner",
                                          "Startup Cost": 1552963.04,
                                          "Total Cost": 1827741.25,
                                          "Plan Rows": 47,
                                          "Plan Width": 35,
                                          "Inner Unique": false,
                                          "Hash Cond": "((partsupp.ps_suppkey = lineitem.l_suppkey) AND (partsupp.ps_partkey = lineitem.l_partkey))",
                                          "Plans": [
                                            {
                                              "Node Type": "Seq Scan",
                                              "Parent Relationship": "Outer",
                                              "Parallel Aware": true,
                                              "Async Capable": false,
                                              "Relation Name": "partsupp",
                                              "Alias": "partsupp",
                                              "Startup Cost": 0.0,
                                              "Total Cost": 207718.58,
                                              "Plan Rows": 3333258,
                                              "Plan Width": 14,
                                              "parent": 11,
                                              "ID": 12
                                            },
                                            {
                                              "Node Type": "Hash",
                                              "Parent Relationship": "Inner",
                                              "Parallel Aware": true,
                                              "Async Capable": false,
                                              "Startup Cost": 1525201.57,
                                              "Total Cost": 1525201.57,
                                              "Plan Rows": 1216898,
                                              "Plan Width": 33,
                                              "Plans": [
                                                {
                                                  "Node Type": "Hash Join",
                                                  "Parent Relationship": "Outer",
                                                  "Parallel Aware": true,
                                                  "Async Capable": false,
                                                  "Join Type": "Inner",
                                                  "Startup Cost": 51904.36,
                                                  "Total Cost": 1525201.57,
                                                  "Plan Rows": 1216898,
                                                  "Plan Width": 33,
                                                  "Inner Unique": false,
                                                  "Hash Cond": "(lineitem.l_partkey = part.p_partkey)",
                                                  "Plans": [
                                                    {
                                                      "Node Type": "Seq Scan",
                                                      "Parent Relationship": "Outer",
                                                      "Parallel Aware": true,
                                                      "Async Capable": false,
                                                      "Relation Name": "lineitem",
                                                      "Alias": "lineitem",
                                                      "Startup Cost": 0.0,
                                                      "Total Cost": 1374494.57,
                                                      "Plan Rows": 24995257,
                                                      "Plan Width": 29,
                                                      "parent": 14,
                                                      "ID": 15
                                                    },
                                                    {
                                                      "Node Type": "Hash",
                                                      "Parent Relationship": "Inner",
                                                      "Parallel Aware": true,
                                                      "Async Capable": false,
                                                      "Startup Cost": 51378.28,
                                                      "Total Cost": 51378.28,
                                                      "Plan Rows": 42086,
                                                      "Plan Width": 4,
                                                      "Plans": [
                                                        {
                                                          "Node Type": "Seq Scan",
                                                          "Parent Relationship": "Outer",
                                                          "Parallel Aware": true,
                                                          "Async Capable": false,
                                                          "Relation Name": "part",
                                                          "Alias": "part",
                                                          "Startup Cost": 0.0,
                                                          "Total Cost": 51378.28,
                                                          "Plan Rows": 42086,
                                                          "Plan Width": 4,
                                                          "Filter": "((p_name)::text ~~ '%lawn%'::text)",
                                                          "parent": 16,
                                                          "ID": 17
                                                        }
                                                      ],
                                                      "parent": 14,
                                                      "ID": 16,
                                                      "left": 17
                                                    }
                                                  ],
                                                  "parent": 13,
                                                  "ID": 14,
                                                  "left": 15,
                                                  "right": 16
                                                }
                                              ],
                                              "parent": 11,
                                              "ID": 13,
                                              "left": 14
                                            }
                                          ],
                                          "parent": 10,
                                          "ID": 11,
                                          "left": 12,
                                          "right": 13
                                        }
                                      ],
                                      "parent": 8,
                                      "ID": 10,
                                      "left": 11
                                    }
                                  ],
                                  "parent": 7,
                                  "ID": 8,
                                  "left": 9,
                                  "right": 10
                                }
                              ],
                              "parent": 5,
                              "ID": 7,
                              "left": 8
                            }
                          ],
                          "parent": 4,
                          "ID": 5,
                          "left": 6,
                          "right": 7
                        },
                        {
                          "Node Type": "Hash",
                          "Parent Relationship": "Inner",
                          "Parallel Aware": false,
                          "Async Capable": false,
                          "Startup Cost": 1.25,
                          "Total Cost": 1.25,
                          "Plan Rows": 25,
                          "Plan Width": 30,
                          "Plans": [
                            {
                              "Node Type": "Seq Scan",
                              "Parent Relationship": "Outer",
                              "Parallel Aware": false,
                              "Async Capable": false,
                              "Relation Name": "nation",
                              "Alias": "nation",
                              "Startup Cost": 0.0,
                              "Total Cost": 1.25,
                              "Plan Rows": 25,
                              "Plan Width": 30,
                              "parent": 18,
                              "ID": 19
                            }
                          ],
                          "parent": 4,
                          "ID": 18,
                          "left": 19
                        }
                      ],
                      "parent": 3,
                      "ID": 4,
                      "left": 5,
                      "right": 18
                    }
                  ],
                  "parent": 2,
                  "ID": 3,
                  "left": 4
                }
              ],
              "parent": 1,
              "ID": 2,
              "left": 3
            }
          ],
          "parent": 0,
          "ID": 1,
          "left": 2
        }
      ],
      "parent": null,
      "ID": 0,
      "left": 1
    },
    "feat": {
      "utility": 5.735260670603482e-07,
      "query_shape": [
        [
          "Seq Scan",
          "Hash Join",
          "Sort",
          "Aggregate",
          "Gather Merge"
        ],
        [
          "Seq Scan",
          "Hash Join",
          "Hash",
          "Sort",
          "Aggregate",
          "Gather Merge"
        ],
        [
          "Seq Scan",
          "Hash Join",
          "Hash",
          "Sort",
          "Aggregate",
          "Gather Merge"
        ],
        [
          "Seq Scan",
          "Hash Join",
          "Hash",
          "Sort",
          "Aggregate",
          "Gather Merge"
        ],
        [
          "Seq Scan",
          "Hash",
          "Hash Join",
          "Sort",
          "Aggregate",
          "Gather Merge"
        ],
        [
          "Seq Scan",
          "Hash",
          "Hash Join",
          "Sort",
          "Aggregate",
          "Gather Merge"
        ]
      ],
      "index_shape": [
        "join"
      ],
      "physical_operator": {
        "Hash Join": [
          0.00040001372870675787
        ]
      }
    }
  },
  {
    "query": "-- Functional Query Definition\n-- Approved February 1998\n\n\nselect\nnation,\no_year,\nsum(amount) as sum_profit\nfrom\n(\nselect\nn_name as nation,\nextract(year from o_orderdate) as o_year,\nl_extendedprice * (1 - l_discount) - ps_supplycost * l_quantity as amount\nfrom\npart,\nsupplier,\nlineitem,\npartsupp,\norders,\nnation\nwhere\ns_suppkey = l_suppkey\nand ps_suppkey = l_suppkey\nand ps_partkey = l_partkey\nand p_partkey = l_partkey\nand o_orderkey = l_orderkey\nand s_nationkey = n_nationkey\nand p_name like '%lawn%'\n) as profit\ngroup by\nnation,\no_year\norder by\nnation,\no_year desc ;\n-- $ID$\n-- TPC-H/TPC-R Returned Item Reporting ",
    "indexes": "orders.o_orderdate",
    "wo plan est": {
      "Node Type": "Aggregate",
      "Strategy": "Sorted",
      "Partial Mode": "Finalize",
      "Parallel Aware": false,
      "Async Capable": false,
      "Startup Cost": 2178615.97,
      "Total Cost": 2178628.06,
      "Plan Rows": 113,
      "Plan Width": 90,
      "Group Key": [
        "nation.n_name",
        "(EXTRACT(year FROM orders.o_orderdate))"
      ],
      "Plans": [
        {
          "Node Type": "Gather Merge",
          "Parent Relationship": "Outer",
          "Parallel Aware": false,
          "Async Capable": false,
          "Startup Cost": 2178615.97,
          "Total Cost": 2178625.7,
          "Plan Rows": 66,
          "Plan Width": 90,
          "Workers Planned": 1,
          "Plans": [
            {
              "Node Type": "Aggregate",
              "Strategy": "Sorted",
              "Partial Mode": "Partial",
              "Parent Relationship": "Outer",
              "Parallel Aware": false,
              "Async Capable": false,
              "Startup Cost": 2177615.96,
              "Total Cost": 2177618.27,
              "Plan Rows": 66,
              "Plan Width": 90,
              "Group Key": [
                "nation.n_name",
                "(EXTRACT(year FROM orders.o_orderdate))"
              ],
              "Plans": [
                {
                  "Node Type": "Sort",
                  "Parent Relationship": "Outer",
                  "Parallel Aware": false,
                  "Async Capable": false,
                  "Startup Cost": 2177615.96,
                  "Total Cost": 2177616.12,
                  "Plan Rows": 66,
                  "Plan Width": 81,
                  "Sort Key": [
                    "nation.n_name",
                    "(EXTRACT(year FROM orders.o_orderdate)) DESC"
                  ],
                  "Plans": [
                    {
                      "Node Type": "Hash Join",
                      "Parent Relationship": "Outer",
                      "Parallel Aware": false,
                      "Async Capable": false,
                      "Join Type": "Inner",
                      "Startup Cost": 2174587.78,
                      "Total Cost": 2177613.96,
                      "Plan Rows": 66,
                      "Plan Width": 81,
                      "Inner Unique": false,
                      "Hash Cond": "(supplier.s_nationkey = nation.n_nationkey)",
                      "Plans": [
                        {
                          "Node Type": "Hash Join",
                          "Parent Relationship": "Outer",
                          "Parallel Aware": true,
                          "Async Capable": false,
                          "Join Type": "Inner",
                          "Startup Cost": 2174586.22,
                          "Total Cost": 2177611.33,
                          "Plan Rows": 66,
                          "Plan Width": 31,
                          "Inner Unique": false,
                          "Hash Cond": "(supplier.s_suppkey = lineitem.l_suppkey)",
                          "Plans": [
                            {
                              "Node Type": "Seq Scan",
                              "Parent Relationship": "Outer",
                              "Parallel Aware": true,
                              "Async Capable": false,
                              "Relation Name": "supplier",
                              "Alias": "supplier",
                              "Startup Cost": 0.0,
                              "Total Cost": 2804.24,
                              "Plan Rows": 58824,
                              "Plan Width": 8,
                              "parent": 5,
                              "ID": 6
                            },
                            {
                              "Node Type": "Hash",
                              "Parent Relationship": "Inner",
                              "Parallel Aware": true,
                              "Async Capable": false,
                              "Startup Cost": 2174585.63,
                              "Total Cost": 2174585.63,
                              "Plan Rows": 47,
                              "Plan Width": 35,
                              "Plans": [
                                {
                                  "Node Type": "Hash Join",
                                  "Parent Relationship": "Outer",
                                  "Parallel Aware": true,
                                  "Async Capable": false,
                                  "Join Type": "Inner",
                                  "Startup Cost": 1827741.83,
                                  "Total Cost": 2174585.63,
                                  "Plan Rows": 47,
                                  "Plan Width": 35,
                                  "Inner Unique": false,
                                  "Hash Cond": "(orders.o_orderkey = lineitem.l_orderkey)",
                                  "Plans": [
                                    {
                                      "Node Type": "Seq Scan",
                                      "Parent Relationship": "Outer",
                                      "Parallel Aware": true,
                                      "Async Capable": false,
                                      "Relation Name": "orders",
                                      "Alias": "orders",
                                      "Startup Cost": 0.0,
                                      "Total Cost": 323407.71,
                                      "Plan Rows": 6249571,
                                      "Plan Width": 8,
                                      "parent": 8,
                                      "ID": 9
                                    },
                                    {
                                      "Node Type": "Hash",
                                      "Parent Relationship": "Inner",
                                      "Parallel Aware": true,
                                      "Async Capable": false,
                                      "Startup Cost": 1827741.25,
                                      "Total Cost": 1827741.25,
                                      "Plan Rows": 47,
                                      "Plan Width": 35,
                                      "Plans": [
                                        {
                                          "Node Type": "Hash Join",
                                          "Parent Relationship": "Outer",
                                          "Parallel Aware": true,
                                          "Async Capable": false,
                                          "Join Type": "Inner",
                                          "Startup Cost": 1552963.04,
                                          "Total Cost": 1827741.25,
                                          "Plan Rows": 47,
                                          "Plan Width": 35,
                                          "Inner Unique": false,
                                          "Hash Cond": "((partsupp.ps_suppkey = lineitem.l_suppkey) AND (partsupp.ps_partkey = lineitem.l_partkey))",
                                          "Plans": [
                                            {
                                              "Node Type": "Seq Scan",
                                              "Parent Relationship": "Outer",
                                              "Parallel Aware": true,
                                              "Async Capable": false,
                                              "Relation Name": "partsupp",
                                              "Alias": "partsupp",
                                              "Startup Cost": 0.0,
                                              "Total Cost": 207718.58,
                                              "Plan Rows": 3333258,
                                              "Plan Width": 14,
                                              "parent": 11,
                                              "ID": 12
                                            },
                                            {
                                              "Node Type": "Hash",
                                              "Parent Relationship": "Inner",
                                              "Parallel Aware": true,
                                              "Async Capable": false,
                                              "Startup Cost": 1525201.57,
                                              "Total Cost": 1525201.57,
                                              "Plan Rows": 1216898,
                                              "Plan Width": 33,
                                              "Plans": [
                                                {
                                                  "Node Type": "Hash Join",
                                                  "Parent Relationship": "Outer",
                                                  "Parallel Aware": true,
                                                  "Async Capable": false,
                                                  "Join Type": "Inner",
                                                  "Startup Cost": 51904.36,
                                                  "Total Cost": 1525201.57,
                                                  "Plan Rows": 1216898,
                                                  "Plan Width": 33,
                                                  "Inner Unique": false,
                                                  "Hash Cond": "(lineitem.l_partkey = part.p_partkey)",
                                                  "Plans": [
                                                    {
                                                      "Node Type": "Seq Scan",
                                                      "Parent Relationship": "Outer",
                                                      "Parallel Aware": true,
                                                      "Async Capable": false,
                                                      "Relation Name": "lineitem",
                                                      "Alias": "lineitem",
                                                      "Startup Cost": 0.0,
                                                      "Total Cost": 1374494.57,
                                                      "Plan Rows": 24995257,
                                                      "Plan Width": 29,
                                                      "parent": 14,
                                                      "ID": 15
                                                    },
                                                    {
                                                      "Node Type": "Hash",
                                                      "Parent Relationship": "Inner",
                                                      "Parallel Aware": true,
                                                      "Async Capable": false,
                                                      "Startup Cost": 51378.28,
                                                      "Total Cost": 51378.28,
                                                      "Plan Rows": 42086,
                                                      "Plan Width": 4,
                                                      "Plans": [
                                                        {
                                                          "Node Type": "Seq Scan",
                                                          "Parent Relationship": "Outer",
                                                          "Parallel Aware": true,
                                                          "Async Capable": false,
                                                          "Relation Name": "part",
                                                          "Alias": "part",
                                                          "Startup Cost": 0.0,
                                                          "Total Cost": 51378.28,
                                                          "Plan Rows": 42086,
                                                          "Plan Width": 4,
                                                          "Filter": "((p_name)::text ~~ '%lawn%'::text)",
                                                          "parent": 16,
                                                          "ID": 17
                                                        }
                                                      ],
                                                      "parent": 14,
                                                      "ID": 16,
                                                      "left": 17
                                                    }
                                                  ],
                                                  "parent": 13,
                                                  "ID": 14,
                                                  "left": 15,
                                                  "right": 16
                                                }
                                              ],
                                              "parent": 11,
                                              "ID": 13,
                                              "left": 14
                                            }
                                          ],
                                          "parent": 10,
                                          "ID": 11,
                                          "left": 12,
                                          "right": 13
                                        }
                                      ],
                                      "parent": 8,
                                      "ID": 10,
                                      "left": 11
                                    }
                                  ],
                                  "parent": 7,
                                  "ID": 8,
                                  "left": 9,
                                  "right": 10
                                }
                              ],
                              "parent": 5,
                              "ID": 7,
                              "left": 8
                            }
                          ],
                          "parent": 4,
                          "ID": 5,
                          "left": 6,
                          "right": 7
                        },
                        {
                          "Node Type": "Hash",
                          "Parent Relationship": "Inner",
                          "Parallel Aware": false,
                          "Async Capable": false,
                          "Startup Cost": 1.25,
                          "Total Cost": 1.25,
                          "Plan Rows": 25,
                          "Plan Width": 30,
                          "Plans": [
                            {
                              "Node Type": "Seq Scan",
                              "Parent Relationship": "Outer",
                              "Parallel Aware": false,
                              "Async Capable": false,
                              "Relation Name": "nation",
                              "Alias": "nation",
                              "Startup Cost": 0.0,
                              "Total Cost": 1.25,
                              "Plan Rows": 25,
                              "Plan Width": 30,
                              "parent": 18,
                              "ID": 19
                            }
                          ],
                          "parent": 4,
                          "ID": 18,
                          "left": 19
                        }
                      ],
                      "parent": 3,
                      "ID": 4,
                      "left": 5,
                      "right": 18
                    }
                  ],
                  "parent": 2,
                  "ID": 3,
                  "left": 4
                }
              ],
              "parent": 1,
              "ID": 2,
              "left": 3
            }
          ],
          "parent": 0,
          "ID": 1,
          "left": 2
        }
      ],
      "parent": null,
      "ID": 0,
      "left": 1
    },
    "feat": {
      "utility": 0.0,
      "query_shape": [
        [
          "Seq Scan",
          "Hash Join",
          "Sort",
          "Aggregate",
          "Gather Merge"
        ],
        [
          "Seq Scan",
          "Hash Join",
          "Hash",
          "Sort",
          "Aggregate",
          "Gather Merge"
        ],
        [
          "Seq Scan",
          "Hash Join",
          "Hash",
          "Sort",
          "Aggregate",
          "Gather Merge"
        ],
        [
          "Seq Scan",
          "Hash Join",
          "Hash",
          "Sort",
          "Aggregate",
          "Gather Merge"
        ],
        [
          "Seq Scan",
          "Hash",
          "Hash Join",
          "Sort",
          "Aggregate",
          "Gather Merge"
        ],
        [
          "Seq Scan",
          "Hash",
          "Hash Join",
          "Sort",
          "Aggregate",
          "Gather Merge"
        ]
      ],
      "index_shape": [
        "order-by"
      ],
      "physical_operator": {
        "Sort": [
          "[0. 0. 0. 0. 0. 0. 0. 0. 0. 0. 0. 0. 0. 0. 0. 0. 0. 0. 0. 0. 0. 0. 0. 0.\n 0. 0. 0. 0. 0. 0. 0. 0. 0. 0. 0. 0. 0. 0. 0. 0. 0. 0. 0. 0. 0. 0. 0. 0.\n 0. 0. 0.]"
        ],
        "Aggregate": [
          "[0. 0. 0. 0. 0. 0. 0. 0. 0. 0. 0. 0. 0. 0. 0. 0. 0. 0. 0. 0. 0. 0. 0. 0.\n 0. 0. 0. 0. 0. 0. 0. 0. 0. 0. 0. 0. 0. 0. 0. 0. 0. 0. 0. 0. 0. 0. 0. 0.\n 0. 0. 0.]",
          "[0. 0. 0. 0. 0. 0. 0. 0. 0. 0. 0. 0. 0. 0. 0. 0. 0. 0. 0. 0. 0. 0. 0. 0.\n 0. 0. 0. 0. 0. 0. 0. 0. 0. 0. 0. 0. 0. 0. 0. 0. 0. 0. 0. 0. 0. 0. 0. 0.\n 0. 0. 0.]"
        ]
      }
    }
  },
  {
    "query": "-- Functional Query Definition\n-- Approved February 1998\n\n\nselect\nnation,\no_year,\nsum(amount) as sum_profit\nfrom\n(\nselect\nn_name as nation,\nextract(year from o_orderdate) as o_year,\nl_extendedprice * (1 - l_discount) - ps_supplycost * l_quantity as amount\nfrom\npart,\nsupplier,\nlineitem,\npartsupp,\norders,\nnation\nwhere\ns_suppkey = l_suppkey\nand ps_suppkey = l_suppkey\nand ps_partkey = l_partkey\nand p_partkey = l_partkey\nand o_orderkey = l_orderkey\nand s_nationkey = n_nationkey\nand p_name like '%lawn%'\n) as profit\ngroup by\nnation,\no_year\norder by\nnation,\no_year desc ;\n-- $ID$\n-- TPC-H/TPC-R Returned Item Reporting ",
    "indexes": "part.p_partkey",
    "wo plan est": {
      "Node Type": "Aggregate",
      "Strategy": "Sorted",
      "Partial Mode": "Finalize",
      "Parallel Aware": false,
      "Async Capable": false,
      "Startup Cost": 2178615.97,
      "Total Cost": 2178628.06,
      "Plan Rows": 113,
      "Plan Width": 90,
      "Group Key": [
        "nation.n_name",
        "(EXTRACT(year FROM orders.o_orderdate))"
      ],
      "Plans": [
        {
          "Node Type": "Gather Merge",
          "Parent Relationship": "Outer",
          "Parallel Aware": false,
          "Async Capable": false,
          "Startup Cost": 2178615.97,
          "Total Cost": 2178625.7,
          "Plan Rows": 66,
          "Plan Width": 90,
          "Workers Planned": 1,
          "Plans": [
            {
              "Node Type": "Aggregate",
              "Strategy": "Sorted",
              "Partial Mode": "Partial",
              "Parent Relationship": "Outer",
              "Parallel Aware": false,
              "Async Capable": false,
              "Startup Cost": 2177615.96,
              "Total Cost": 2177618.27,
              "Plan Rows": 66,
              "Plan Width": 90,
              "Group Key": [
                "nation.n_name",
                "(EXTRACT(year FROM orders.o_orderdate))"
              ],
              "Plans": [
                {
                  "Node Type": "Sort",
                  "Parent Relationship": "Outer",
                  "Parallel Aware": false,
                  "Async Capable": false,
                  "Startup Cost": 2177615.96,
                  "Total Cost": 2177616.12,
                  "Plan Rows": 66,
                  "Plan Width": 81,
                  "Sort Key": [
                    "nation.n_name",
                    "(EXTRACT(year FROM orders.o_orderdate)) DESC"
                  ],
                  "Plans": [
                    {
                      "Node Type": "Hash Join",
                      "Parent Relationship": "Outer",
                      "Parallel Aware": false,
                      "Async Capable": false,
                      "Join Type": "Inner",
                      "Startup Cost": 2174587.78,
                      "Total Cost": 2177613.96,
                      "Plan Rows": 66,
                      "Plan Width": 81,
                      "Inner Unique": false,
                      "Hash Cond": "(supplier.s_nationkey = nation.n_nationkey)",
                      "Plans": [
                        {
                          "Node Type": "Hash Join",
                          "Parent Relationship": "Outer",
                          "Parallel Aware": true,
                          "Async Capable": false,
                          "Join Type": "Inner",
                          "Startup Cost": 2174586.22,
                          "Total Cost": 2177611.33,
                          "Plan Rows": 66,
                          "Plan Width": 31,
                          "Inner Unique": false,
                          "Hash Cond": "(supplier.s_suppkey = lineitem.l_suppkey)",
                          "Plans": [
                            {
                              "Node Type": "Seq Scan",
                              "Parent Relationship": "Outer",
                              "Parallel Aware": true,
                              "Async Capable": false,
                              "Relation Name": "supplier",
                              "Alias": "supplier",
                              "Startup Cost": 0.0,
                              "Total Cost": 2804.24,
                              "Plan Rows": 58824,
                              "Plan Width": 8,
                              "parent": 5,
                              "ID": 6
                            },
                            {
                              "Node Type": "Hash",
                              "Parent Relationship": "Inner",
                              "Parallel Aware": true,
                              "Async Capable": false,
                              "Startup Cost": 2174585.63,
                              "Total Cost": 2174585.63,
                              "Plan Rows": 47,
                              "Plan Width": 35,
                              "Plans": [
                                {
                                  "Node Type": "Hash Join",
                                  "Parent Relationship": "Outer",
                                  "Parallel Aware": true,
                                  "Async Capable": false,
                                  "Join Type": "Inner",
                                  "Startup Cost": 1827741.83,
                                  "Total Cost": 2174585.63,
                                  "Plan Rows": 47,
                                  "Plan Width": 35,
                                  "Inner Unique": false,
                                  "Hash Cond": "(orders.o_orderkey = lineitem.l_orderkey)",
                                  "Plans": [
                                    {
                                      "Node Type": "Seq Scan",
                                      "Parent Relationship": "Outer",
                                      "Parallel Aware": true,
                                      "Async Capable": false,
                                      "Relation Name": "orders",
                                      "Alias": "orders",
                                      "Startup Cost": 0.0,
                                      "Total Cost": 323407.71,
                                      "Plan Rows": 6249571,
                                      "Plan Width": 8,
                                      "parent": 8,
                                      "ID": 9
                                    },
                                    {
                                      "Node Type": "Hash",
                                      "Parent Relationship": "Inner",
                                      "Parallel Aware": true,
                                      "Async Capable": false,
                                      "Startup Cost": 1827741.25,
                                      "Total Cost": 1827741.25,
                                      "Plan Rows": 47,
                                      "Plan Width": 35,
                                      "Plans": [
                                        {
                                          "Node Type": "Hash Join",
                                          "Parent Relationship": "Outer",
                                          "Parallel Aware": true,
                                          "Async Capable": false,
                                          "Join Type": "Inner",
                                          "Startup Cost": 1552963.04,
                                          "Total Cost": 1827741.25,
                                          "Plan Rows": 47,
                                          "Plan Width": 35,
                                          "Inner Unique": false,
                                          "Hash Cond": "((partsupp.ps_suppkey = lineitem.l_suppkey) AND (partsupp.ps_partkey = lineitem.l_partkey))",
                                          "Plans": [
                                            {
                                              "Node Type": "Seq Scan",
                                              "Parent Relationship": "Outer",
                                              "Parallel Aware": true,
                                              "Async Capable": false,
                                              "Relation Name": "partsupp",
                                              "Alias": "partsupp",
                                              "Startup Cost": 0.0,
                                              "Total Cost": 207718.58,
                                              "Plan Rows": 3333258,
                                              "Plan Width": 14,
                                              "parent": 11,
                                              "ID": 12
                                            },
                                            {
                                              "Node Type": "Hash",
                                              "Parent Relationship": "Inner",
                                              "Parallel Aware": true,
                                              "Async Capable": false,
                                              "Startup Cost": 1525201.57,
                                              "Total Cost": 1525201.57,
                                              "Plan Rows": 1216898,
                                              "Plan Width": 33,
                                              "Plans": [
                                                {
                                                  "Node Type": "Hash Join",
                                                  "Parent Relationship": "Outer",
                                                  "Parallel Aware": true,
                                                  "Async Capable": false,
                                                  "Join Type": "Inner",
                                                  "Startup Cost": 51904.36,
                                                  "Total Cost": 1525201.57,
                                                  "Plan Rows": 1216898,
                                                  "Plan Width": 33,
                                                  "Inner Unique": false,
                                                  "Hash Cond": "(lineitem.l_partkey = part.p_partkey)",
                                                  "Plans": [
                                                    {
                                                      "Node Type": "Seq Scan",
                                                      "Parent Relationship": "Outer",
                                                      "Parallel Aware": true,
                                                      "Async Capable": false,
                                                      "Relation Name": "lineitem",
                                                      "Alias": "lineitem",
                                                      "Startup Cost": 0.0,
                                                      "Total Cost": 1374494.57,
                                                      "Plan Rows": 24995257,
                                                      "Plan Width": 29,
                                                      "parent": 14,
                                                      "ID": 15
                                                    },
                                                    {
                                                      "Node Type": "Hash",
                                                      "Parent Relationship": "Inner",
                                                      "Parallel Aware": true,
                                                      "Async Capable": false,
                                                      "Startup Cost": 51378.28,
                                                      "Total Cost": 51378.28,
                                                      "Plan Rows": 42086,
                                                      "Plan Width": 4,
                                                      "Plans": [
                                                        {
                                                          "Node Type": "Seq Scan",
                                                          "Parent Relationship": "Outer",
                                                          "Parallel Aware": true,
                                                          "Async Capable": false,
                                                          "Relation Name": "part",
                                                          "Alias": "part",
                                                          "Startup Cost": 0.0,
                                                          "Total Cost": 51378.28,
                                                          "Plan Rows": 42086,
                                                          "Plan Width": 4,
                                                          "Filter": "((p_name)::text ~~ '%lawn%'::text)",
                                                          "parent": 16,
                                                          "ID": 17
                                                        }
                                                      ],
                                                      "parent": 14,
                                                      "ID": 16,
                                                      "left": 17
                                                    }
                                                  ],
                                                  "parent": 13,
                                                  "ID": 14,
                                                  "left": 15,
                                                  "right": 16
                                                }
                                              ],
                                              "parent": 11,
                                              "ID": 13,
                                              "left": 14
                                            }
                                          ],
                                          "parent": 10,
                                          "ID": 11,
                                          "left": 12,
                                          "right": 13
                                        }
                                      ],
                                      "parent": 8,
                                      "ID": 10,
                                      "left": 11
                                    }
                                  ],
                                  "parent": 7,
                                  "ID": 8,
                                  "left": 9,
                                  "right": 10
                                }
                              ],
                              "parent": 5,
                              "ID": 7,
                              "left": 8
                            }
                          ],
                          "parent": 4,
                          "ID": 5,
                          "left": 6,
                          "right": 7
                        },
                        {
                          "Node Type": "Hash",
                          "Parent Relationship": "Inner",
                          "Parallel Aware": false,
                          "Async Capable": false,
                          "Startup Cost": 1.25,
                          "Total Cost": 1.25,
                          "Plan Rows": 25,
                          "Plan Width": 30,
                          "Plans": [
                            {
                              "Node Type": "Seq Scan",
                              "Parent Relationship": "Outer",
                              "Parallel Aware": false,
                              "Async Capable": false,
                              "Relation Name": "nation",
                              "Alias": "nation",
                              "Startup Cost": 0.0,
                              "Total Cost": 1.25,
                              "Plan Rows": 25,
                              "Plan Width": 30,
                              "parent": 18,
                              "ID": 19
                            }
                          ],
                          "parent": 4,
                          "ID": 18,
                          "left": 19
                        }
                      ],
                      "parent": 3,
                      "ID": 4,
                      "left": 5,
                      "right": 18
                    }
                  ],
                  "parent": 2,
                  "ID": 3,
                  "left": 4
                }
              ],
              "parent": 1,
              "ID": 2,
              "left": 3
            }
          ],
          "parent": 0,
          "ID": 1,
          "left": 2
        }
      ],
      "parent": null,
      "ID": 0,
      "left": 1
    },
    "feat": {
      "utility": 5.731384759835373e-07,
      "query_shape": [
        [
          "Seq Scan",
          "Hash Join",
          "Sort",
          "Aggregate",
          "Gather Merge"
        ],
        [
          "Seq Scan",
          "Hash Join",
          "Hash",
          "Sort",
          "Aggregate",
          "Gather Merge"
        ],
        [
          "Seq Scan",
          "Hash Join",
          "Hash",
          "Sort",
          "Aggregate",
          "Gather Merge"
        ],
        [
          "Seq Scan",
          "Hash Join",
          "Hash",
          "Sort",
          "Aggregate",
          "Gather Merge"
        ],
        [
          "Seq Scan",
          "Hash",
          "Hash Join",
          "Sort",
          "Aggregate",
          "Gather Merge"
        ],
        [
          "Seq Scan",
          "Hash",
          "Hash Join",
          "Sort",
          "Aggregate",
          "Gather Merge"
        ]
      ],
      "index_shape": [
        "join"
      ],
      "physical_operator": {
        "Hash Join": [
          0.0010755471653035836
        ]
      }
    }
  },
  {
    "query": "-- Functional Query Definition\n-- Approved February 1998\n\n\nselect\nnation,\no_year,\nsum(amount) as sum_profit\nfrom\n(\nselect\nn_name as nation,\nextract(year from o_orderdate) as o_year,\nl_extendedprice * (1 - l_discount) - ps_supplycost * l_quantity as amount\nfrom\npart,\nsupplier,\nlineitem,\npartsupp,\norders,\nnation\nwhere\ns_suppkey = l_suppkey\nand ps_suppkey = l_suppkey\nand ps_partkey = l_partkey\nand p_partkey = l_partkey\nand o_orderkey = l_orderkey\nand s_nationkey = n_nationkey\nand p_name like '%lawn%'\n) as profit\ngroup by\nnation,\no_year\norder by\nnation,\no_year desc ;\n-- $ID$\n-- TPC-H/TPC-R Returned Item Reporting ",
    "indexes": "part.p_name",
    "wo plan est": {
      "Node Type": "Aggregate",
      "Strategy": "Sorted",
      "Partial Mode": "Finalize",
      "Parallel Aware": false,
      "Async Capable": false,
      "Startup Cost": 2178615.97,
      "Total Cost": 2178628.06,
      "Plan Rows": 113,
      "Plan Width": 90,
      "Group Key": [
        "nation.n_name",
        "(EXTRACT(year FROM orders.o_orderdate))"
      ],
      "Plans": [
        {
          "Node Type": "Gather Merge",
          "Parent Relationship": "Outer",
          "Parallel Aware": false,
          "Async Capable": false,
          "Startup Cost": 2178615.97,
          "Total Cost": 2178625.7,
          "Plan Rows": 66,
          "Plan Width": 90,
          "Workers Planned": 1,
          "Plans": [
            {
              "Node Type": "Aggregate",
              "Strategy": "Sorted",
              "Partial Mode": "Partial",
              "Parent Relationship": "Outer",
              "Parallel Aware": false,
              "Async Capable": false,
              "Startup Cost": 2177615.96,
              "Total Cost": 2177618.27,
              "Plan Rows": 66,
              "Plan Width": 90,
              "Group Key": [
                "nation.n_name",
                "(EXTRACT(year FROM orders.o_orderdate))"
              ],
              "Plans": [
                {
                  "Node Type": "Sort",
                  "Parent Relationship": "Outer",
                  "Parallel Aware": false,
                  "Async Capable": false,
                  "Startup Cost": 2177615.96,
                  "Total Cost": 2177616.12,
                  "Plan Rows": 66,
                  "Plan Width": 81,
                  "Sort Key": [
                    "nation.n_name",
                    "(EXTRACT(year FROM orders.o_orderdate)) DESC"
                  ],
                  "Plans": [
                    {
                      "Node Type": "Hash Join",
                      "Parent Relationship": "Outer",
                      "Parallel Aware": false,
                      "Async Capable": false,
                      "Join Type": "Inner",
                      "Startup Cost": 2174587.78,
                      "Total Cost": 2177613.96,
                      "Plan Rows": 66,
                      "Plan Width": 81,
                      "Inner Unique": false,
                      "Hash Cond": "(supplier.s_nationkey = nation.n_nationkey)",
                      "Plans": [
                        {
                          "Node Type": "Hash Join",
                          "Parent Relationship": "Outer",
                          "Parallel Aware": true,
                          "Async Capable": false,
                          "Join Type": "Inner",
                          "Startup Cost": 2174586.22,
                          "Total Cost": 2177611.33,
                          "Plan Rows": 66,
                          "Plan Width": 31,
                          "Inner Unique": false,
                          "Hash Cond": "(supplier.s_suppkey = lineitem.l_suppkey)",
                          "Plans": [
                            {
                              "Node Type": "Seq Scan",
                              "Parent Relationship": "Outer",
                              "Parallel Aware": true,
                              "Async Capable": false,
                              "Relation Name": "supplier",
                              "Alias": "supplier",
                              "Startup Cost": 0.0,
                              "Total Cost": 2804.24,
                              "Plan Rows": 58824,
                              "Plan Width": 8,
                              "parent": 5,
                              "ID": 6
                            },
                            {
                              "Node Type": "Hash",
                              "Parent Relationship": "Inner",
                              "Parallel Aware": true,
                              "Async Capable": false,
                              "Startup Cost": 2174585.63,
                              "Total Cost": 2174585.63,
                              "Plan Rows": 47,
                              "Plan Width": 35,
                              "Plans": [
                                {
                                  "Node Type": "Hash Join",
                                  "Parent Relationship": "Outer",
                                  "Parallel Aware": true,
                                  "Async Capable": false,
                                  "Join Type": "Inner",
                                  "Startup Cost": 1827741.83,
                                  "Total Cost": 2174585.63,
                                  "Plan Rows": 47,
                                  "Plan Width": 35,
                                  "Inner Unique": false,
                                  "Hash Cond": "(orders.o_orderkey = lineitem.l_orderkey)",
                                  "Plans": [
                                    {
                                      "Node Type": "Seq Scan",
                                      "Parent Relationship": "Outer",
                                      "Parallel Aware": true,
                                      "Async Capable": false,
                                      "Relation Name": "orders",
                                      "Alias": "orders",
                                      "Startup Cost": 0.0,
                                      "Total Cost": 323407.71,
                                      "Plan Rows": 6249571,
                                      "Plan Width": 8,
                                      "parent": 8,
                                      "ID": 9
                                    },
                                    {
                                      "Node Type": "Hash",
                                      "Parent Relationship": "Inner",
                                      "Parallel Aware": true,
                                      "Async Capable": false,
                                      "Startup Cost": 1827741.25,
                                      "Total Cost": 1827741.25,
                                      "Plan Rows": 47,
                                      "Plan Width": 35,
                                      "Plans": [
                                        {
                                          "Node Type": "Hash Join",
                                          "Parent Relationship": "Outer",
                                          "Parallel Aware": true,
                                          "Async Capable": false,
                                          "Join Type": "Inner",
                                          "Startup Cost": 1552963.04,
                                          "Total Cost": 1827741.25,
                                          "Plan Rows": 47,
                                          "Plan Width": 35,
                                          "Inner Unique": false,
                                          "Hash Cond": "((partsupp.ps_suppkey = lineitem.l_suppkey) AND (partsupp.ps_partkey = lineitem.l_partkey))",
                                          "Plans": [
                                            {
                                              "Node Type": "Seq Scan",
                                              "Parent Relationship": "Outer",
                                              "Parallel Aware": true,
                                              "Async Capable": false,
                                              "Relation Name": "partsupp",
                                              "Alias": "partsupp",
                                              "Startup Cost": 0.0,
                                              "Total Cost": 207718.58,
                                              "Plan Rows": 3333258,
                                              "Plan Width": 14,
                                              "parent": 11,
                                              "ID": 12
                                            },
                                            {
                                              "Node Type": "Hash",
                                              "Parent Relationship": "Inner",
                                              "Parallel Aware": true,
                                              "Async Capable": false,
                                              "Startup Cost": 1525201.57,
                                              "Total Cost": 1525201.57,
                                              "Plan Rows": 1216898,
                                              "Plan Width": 33,
                                              "Plans": [
                                                {
                                                  "Node Type": "Hash Join",
                                                  "Parent Relationship": "Outer",
                                                  "Parallel Aware": true,
                                                  "Async Capable": false,
                                                  "Join Type": "Inner",
                                                  "Startup Cost": 51904.36,
                                                  "Total Cost": 1525201.57,
                                                  "Plan Rows": 1216898,
                                                  "Plan Width": 33,
                                                  "Inner Unique": false,
                                                  "Hash Cond": "(lineitem.l_partkey = part.p_partkey)",
                                                  "Plans": [
                                                    {
                                                      "Node Type": "Seq Scan",
                                                      "Parent Relationship": "Outer",
                                                      "Parallel Aware": true,
                                                      "Async Capable": false,
                                                      "Relation Name": "lineitem",
                                                      "Alias": "lineitem",
                                                      "Startup Cost": 0.0,
                                                      "Total Cost": 1374494.57,
                                                      "Plan Rows": 24995257,
                                                      "Plan Width": 29,
                                                      "parent": 14,
                                                      "ID": 15
                                                    },
                                                    {
                                                      "Node Type": "Hash",
                                                      "Parent Relationship": "Inner",
                                                      "Parallel Aware": true,
                                                      "Async Capable": false,
                                                      "Startup Cost": 51378.28,
                                                      "Total Cost": 51378.28,
                                                      "Plan Rows": 42086,
                                                      "Plan Width": 4,
                                                      "Plans": [
                                                        {
                                                          "Node Type": "Seq Scan",
                                                          "Parent Relationship": "Outer",
                                                          "Parallel Aware": true,
                                                          "Async Capable": false,
                                                          "Relation Name": "part",
                                                          "Alias": "part",
                                                          "Startup Cost": 0.0,
                                                          "Total Cost": 51378.28,
                                                          "Plan Rows": 42086,
                                                          "Plan Width": 4,
                                                          "Filter": "((p_name)::text ~~ '%lawn%'::text)",
                                                          "parent": 16,
                                                          "ID": 17
                                                        }
                                                      ],
                                                      "parent": 14,
                                                      "ID": 16,
                                                      "left": 17
                                                    }
                                                  ],
                                                  "parent": 13,
                                                  "ID": 14,
                                                  "left": 15,
                                                  "right": 16
                                                }
                                              ],
                                              "parent": 11,
                                              "ID": 13,
                                              "left": 14
                                            }
                                          ],
                                          "parent": 10,
                                          "ID": 11,
                                          "left": 12,
                                          "right": 13
                                        }
                                      ],
                                      "parent": 8,
                                      "ID": 10,
                                      "left": 11
                                    }
                                  ],
                                  "parent": 7,
                                  "ID": 8,
                                  "left": 9,
                                  "right": 10
                                }
                              ],
                              "parent": 5,
                              "ID": 7,
                              "left": 8
                            }
                          ],
                          "parent": 4,
                          "ID": 5,
                          "left": 6,
                          "right": 7
                        },
                        {
                          "Node Type": "Hash",
                          "Parent Relationship": "Inner",
                          "Parallel Aware": false,
                          "Async Capable": false,
                          "Startup Cost": 1.25,
                          "Total Cost": 1.25,
                          "Plan Rows": 25,
                          "Plan Width": 30,
                          "Plans": [
                            {
                              "Node Type": "Seq Scan",
                              "Parent Relationship": "Outer",
                              "Parallel Aware": false,
                              "Async Capable": false,
                              "Relation Name": "nation",
                              "Alias": "nation",
                              "Startup Cost": 0.0,
                              "Total Cost": 1.25,
                              "Plan Rows": 25,
                              "Plan Width": 30,
                              "parent": 18,
                              "ID": 19
                            }
                          ],
                          "parent": 4,
                          "ID": 18,
                          "left": 19
                        }
                      ],
                      "parent": 3,
                      "ID": 4,
                      "left": 5,
                      "right": 18
                    }
                  ],
                  "parent": 2,
                  "ID": 3,
                  "left": 4
                }
              ],
              "parent": 1,
              "ID": 2,
              "left": 3
            }
          ],
          "parent": 0,
          "ID": 1,
          "left": 2
        }
      ],
      "parent": null,
      "ID": 0,
      "left": 1
    },
    "feat": {
      "utility": 0.02308660563839428,
      "query_shape": [
        [
          "Seq Scan",
          "Hash Join",
          "Sort",
          "Aggregate",
          "Gather Merge"
        ],
        [
          "Seq Scan",
          "Hash Join",
          "Hash",
          "Sort",
          "Aggregate",
          "Gather Merge"
        ],
        [
          "Seq Scan",
          "Hash Join",
          "Hash",
          "Sort",
          "Aggregate",
          "Gather Merge"
        ],
        [
          "Seq Scan",
          "Hash Join",
          "Hash",
          "Sort",
          "Aggregate",
          "Gather Merge"
        ],
        [
          "Seq Scan",
          "Hash",
          "Hash Join",
          "Sort",
          "Aggregate",
          "Gather Merge"
        ],
        [
          "Seq Scan",
          "Hash",
          "Hash Join",
          "Sort",
          "Aggregate",
          "Gather Merge"
        ]
      ],
      "index_shape": [
        "selection"
      ],
      "physical_operator": {
        "Seq Scan": [
          0.021043000000000034
        ]
      }
    }
  },
  {
    "query": "-- Functional Query Definition\n-- Approved February 1998\n\n\nselect\nnation,\no_year,\nsum(amount) as sum_profit\nfrom\n(\nselect\nn_name as nation,\nextract(year from o_orderdate) as o_year,\nl_extendedprice * (1 - l_discount) - ps_supplycost * l_quantity as amount\nfrom\npart,\nsupplier,\nlineitem,\npartsupp,\norders,\nnation\nwhere\ns_suppkey = l_suppkey\nand ps_suppkey = l_suppkey\nand ps_partkey = l_partkey\nand p_partkey = l_partkey\nand o_orderkey = l_orderkey\nand s_nationkey = n_nationkey\nand p_name like '%lawn%'\n) as profit\ngroup by\nnation,\no_year\norder by\nnation,\no_year desc ;\n-- $ID$\n-- TPC-H/TPC-R Returned Item Reporting ",
    "indexes": "partsupp.ps_partkey",
    "wo plan est": {
      "Node Type": "Aggregate",
      "Strategy": "Sorted",
      "Partial Mode": "Finalize",
      "Parallel Aware": false,
      "Async Capable": false,
      "Startup Cost": 2178615.97,
      "Total Cost": 2178628.06,
      "Plan Rows": 113,
      "Plan Width": 90,
      "Group Key": [
        "nation.n_name",
        "(EXTRACT(year FROM orders.o_orderdate))"
      ],
      "Plans": [
        {
          "Node Type": "Gather Merge",
          "Parent Relationship": "Outer",
          "Parallel Aware": false,
          "Async Capable": false,
          "Startup Cost": 2178615.97,
          "Total Cost": 2178625.7,
          "Plan Rows": 66,
          "Plan Width": 90,
          "Workers Planned": 1,
          "Plans": [
            {
              "Node Type": "Aggregate",
              "Strategy": "Sorted",
              "Partial Mode": "Partial",
              "Parent Relationship": "Outer",
              "Parallel Aware": false,
              "Async Capable": false,
              "Startup Cost": 2177615.96,
              "Total Cost": 2177618.27,
              "Plan Rows": 66,
              "Plan Width": 90,
              "Group Key": [
                "nation.n_name",
                "(EXTRACT(year FROM orders.o_orderdate))"
              ],
              "Plans": [
                {
                  "Node Type": "Sort",
                  "Parent Relationship": "Outer",
                  "Parallel Aware": false,
                  "Async Capable": false,
                  "Startup Cost": 2177615.96,
                  "Total Cost": 2177616.12,
                  "Plan Rows": 66,
                  "Plan Width": 81,
                  "Sort Key": [
                    "nation.n_name",
                    "(EXTRACT(year FROM orders.o_orderdate)) DESC"
                  ],
                  "Plans": [
                    {
                      "Node Type": "Hash Join",
                      "Parent Relationship": "Outer",
                      "Parallel Aware": false,
                      "Async Capable": false,
                      "Join Type": "Inner",
                      "Startup Cost": 2174587.78,
                      "Total Cost": 2177613.96,
                      "Plan Rows": 66,
                      "Plan Width": 81,
                      "Inner Unique": false,
                      "Hash Cond": "(supplier.s_nationkey = nation.n_nationkey)",
                      "Plans": [
                        {
                          "Node Type": "Hash Join",
                          "Parent Relationship": "Outer",
                          "Parallel Aware": true,
                          "Async Capable": false,
                          "Join Type": "Inner",
                          "Startup Cost": 2174586.22,
                          "Total Cost": 2177611.33,
                          "Plan Rows": 66,
                          "Plan Width": 31,
                          "Inner Unique": false,
                          "Hash Cond": "(supplier.s_suppkey = lineitem.l_suppkey)",
                          "Plans": [
                            {
                              "Node Type": "Seq Scan",
                              "Parent Relationship": "Outer",
                              "Parallel Aware": true,
                              "Async Capable": false,
                              "Relation Name": "supplier",
                              "Alias": "supplier",
                              "Startup Cost": 0.0,
                              "Total Cost": 2804.24,
                              "Plan Rows": 58824,
                              "Plan Width": 8,
                              "parent": 5,
                              "ID": 6
                            },
                            {
                              "Node Type": "Hash",
                              "Parent Relationship": "Inner",
                              "Parallel Aware": true,
                              "Async Capable": false,
                              "Startup Cost": 2174585.63,
                              "Total Cost": 2174585.63,
                              "Plan Rows": 47,
                              "Plan Width": 35,
                              "Plans": [
                                {
                                  "Node Type": "Hash Join",
                                  "Parent Relationship": "Outer",
                                  "Parallel Aware": true,
                                  "Async Capable": false,
                                  "Join Type": "Inner",
                                  "Startup Cost": 1827741.83,
                                  "Total Cost": 2174585.63,
                                  "Plan Rows": 47,
                                  "Plan Width": 35,
                                  "Inner Unique": false,
                                  "Hash Cond": "(orders.o_orderkey = lineitem.l_orderkey)",
                                  "Plans": [
                                    {
                                      "Node Type": "Seq Scan",
                                      "Parent Relationship": "Outer",
                                      "Parallel Aware": true,
                                      "Async Capable": false,
                                      "Relation Name": "orders",
                                      "Alias": "orders",
                                      "Startup Cost": 0.0,
                                      "Total Cost": 323407.71,
                                      "Plan Rows": 6249571,
                                      "Plan Width": 8,
                                      "parent": 8,
                                      "ID": 9
                                    },
                                    {
                                      "Node Type": "Hash",
                                      "Parent Relationship": "Inner",
                                      "Parallel Aware": true,
                                      "Async Capable": false,
                                      "Startup Cost": 1827741.25,
                                      "Total Cost": 1827741.25,
                                      "Plan Rows": 47,
                                      "Plan Width": 35,
                                      "Plans": [
                                        {
                                          "Node Type": "Hash Join",
                                          "Parent Relationship": "Outer",
                                          "Parallel Aware": true,
                                          "Async Capable": false,
                                          "Join Type": "Inner",
                                          "Startup Cost": 1552963.04,
                                          "Total Cost": 1827741.25,
                                          "Plan Rows": 47,
                                          "Plan Width": 35,
                                          "Inner Unique": false,
                                          "Hash Cond": "((partsupp.ps_suppkey = lineitem.l_suppkey) AND (partsupp.ps_partkey = lineitem.l_partkey))",
                                          "Plans": [
                                            {
                                              "Node Type": "Seq Scan",
                                              "Parent Relationship": "Outer",
                                              "Parallel Aware": true,
                                              "Async Capable": false,
                                              "Relation Name": "partsupp",
                                              "Alias": "partsupp",
                                              "Startup Cost": 0.0,
                                              "Total Cost": 207718.58,
                                              "Plan Rows": 3333258,
                                              "Plan Width": 14,
                                              "parent": 11,
                                              "ID": 12
                                            },
                                            {
                                              "Node Type": "Hash",
                                              "Parent Relationship": "Inner",
                                              "Parallel Aware": true,
                                              "Async Capable": false,
                                              "Startup Cost": 1525201.57,
                                              "Total Cost": 1525201.57,
                                              "Plan Rows": 1216898,
                                              "Plan Width": 33,
                                              "Plans": [
                                                {
                                                  "Node Type": "Hash Join",
                                                  "Parent Relationship": "Outer",
                                                  "Parallel Aware": true,
                                                  "Async Capable": false,
                                                  "Join Type": "Inner",
                                                  "Startup Cost": 51904.36,
                                                  "Total Cost": 1525201.57,
                                                  "Plan Rows": 1216898,
                                                  "Plan Width": 33,
                                                  "Inner Unique": false,
                                                  "Hash Cond": "(lineitem.l_partkey = part.p_partkey)",
                                                  "Plans": [
                                                    {
                                                      "Node Type": "Seq Scan",
                                                      "Parent Relationship": "Outer",
                                                      "Parallel Aware": true,
                                                      "Async Capable": false,
                                                      "Relation Name": "lineitem",
                                                      "Alias": "lineitem",
                                                      "Startup Cost": 0.0,
                                                      "Total Cost": 1374494.57,
                                                      "Plan Rows": 24995257,
                                                      "Plan Width": 29,
                                                      "parent": 14,
                                                      "ID": 15
                                                    },
                                                    {
                                                      "Node Type": "Hash",
                                                      "Parent Relationship": "Inner",
                                                      "Parallel Aware": true,
                                                      "Async Capable": false,
                                                      "Startup Cost": 51378.28,
                                                      "Total Cost": 51378.28,
                                                      "Plan Rows": 42086,
                                                      "Plan Width": 4,
                                                      "Plans": [
                                                        {
                                                          "Node Type": "Seq Scan",
                                                          "Parent Relationship": "Outer",
                                                          "Parallel Aware": true,
                                                          "Async Capable": false,
                                                          "Relation Name": "part",
                                                          "Alias": "part",
                                                          "Startup Cost": 0.0,
                                                          "Total Cost": 51378.28,
                                                          "Plan Rows": 42086,
                                                          "Plan Width": 4,
                                                          "Filter": "((p_name)::text ~~ '%lawn%'::text)",
                                                          "parent": 16,
                                                          "ID": 17
                                                        }
                                                      ],
                                                      "parent": 14,
                                                      "ID": 16,
                                                      "left": 17
                                                    }
                                                  ],
                                                  "parent": 13,
                                                  "ID": 14,
                                                  "left": 15,
                                                  "right": 16
                                                }
                                              ],
                                              "parent": 11,
                                              "ID": 13,
                                              "left": 14
                                            }
                                          ],
                                          "parent": 10,
                                          "ID": 11,
                                          "left": 12,
                                          "right": 13
                                        }
                                      ],
                                      "parent": 8,
                                      "ID": 10,
                                      "left": 11
                                    }
                                  ],
                                  "parent": 7,
                                  "ID": 8,
                                  "left": 9,
                                  "right": 10
                                }
                              ],
                              "parent": 5,
                              "ID": 7,
                              "left": 8
                            }
                          ],
                          "parent": 4,
                          "ID": 5,
                          "left": 6,
                          "right": 7
                        },
                        {
                          "Node Type": "Hash",
                          "Parent Relationship": "Inner",
                          "Parallel Aware": false,
                          "Async Capable": false,
                          "Startup Cost": 1.25,
                          "Total Cost": 1.25,
                          "Plan Rows": 25,
                          "Plan Width": 30,
                          "Plans": [
                            {
                              "Node Type": "Seq Scan",
                              "Parent Relationship": "Outer",
                              "Parallel Aware": false,
                              "Async Capable": false,
                              "Relation Name": "nation",
                              "Alias": "nation",
                              "Startup Cost": 0.0,
                              "Total Cost": 1.25,
                              "Plan Rows": 25,
                              "Plan Width": 30,
                              "parent": 18,
                              "ID": 19
                            }
                          ],
                          "parent": 4,
                          "ID": 18,
                          "left": 19
                        }
                      ],
                      "parent": 3,
                      "ID": 4,
                      "left": 5,
                      "right": 18
                    }
                  ],
                  "parent": 2,
                  "ID": 3,
                  "left": 4
                }
              ],
              "parent": 1,
              "ID": 2,
              "left": 3
            }
          ],
          "parent": 0,
          "ID": 1,
          "left": 2
        }
      ],
      "parent": null,
      "ID": 0,
      "left": 1
    },
    "feat": {
      "utility": 5.737536241139393e-07,
      "query_shape": [
        [
          "Seq Scan",
          "Hash Join",
          "Sort",
          "Aggregate",
          "Gather Merge"
        ],
        [
          "Seq Scan",
          "Hash Join",
          "Hash",
          "Sort",
          "Aggregate",
          "Gather Merge"
        ],
        [
          "Seq Scan",
          "Hash Join",
          "Hash",
          "Sort",
          "Aggregate",
          "Gather Merge"
        ],
        [
          "Seq Scan",
          "Hash Join",
          "Hash",
          "Sort",
          "Aggregate",
          "Gather Merge"
        ],
        [
          "Seq Scan",
          "Hash",
          "Hash Join",
          "Sort",
          "Aggregate",
          "Gather Merge"
        ],
        [
          "Seq Scan",
          "Hash",
          "Hash Join",
          "Sort",
          "Aggregate",
          "Gather Merge"
        ]
      ],
      "index_shape": [
        "join"
      ],
      "physical_operator": {
        "Hash Join": [
          3.4039829432427795e-06
        ]
      }
    }
  },
  {
    "query": "-- Functional Query Definition\n-- Approved February 1998\n\n\nselect\nnation,\no_year,\nsum(amount) as sum_profit\nfrom\n(\nselect\nn_name as nation,\nextract(year from o_orderdate) as o_year,\nl_extendedprice * (1 - l_discount) - ps_supplycost * l_quantity as amount\nfrom\npart,\nsupplier,\nlineitem,\npartsupp,\norders,\nnation\nwhere\ns_suppkey = l_suppkey\nand ps_suppkey = l_suppkey\nand ps_partkey = l_partkey\nand p_partkey = l_partkey\nand o_orderkey = l_orderkey\nand s_nationkey = n_nationkey\nand p_name like '%lawn%'\n) as profit\ngroup by\nnation,\no_year\norder by\nnation,\no_year desc ;\n-- $ID$\n-- TPC-H/TPC-R Returned Item Reporting ",
    "indexes": "partsupp.ps_suppkey",
    "wo plan est": {
      "Node Type": "Aggregate",
      "Strategy": "Sorted",
      "Partial Mode": "Finalize",
      "Parallel Aware": false,
      "Async Capable": false,
      "Startup Cost": 2178615.97,
      "Total Cost": 2178628.06,
      "Plan Rows": 113,
      "Plan Width": 90,
      "Group Key": [
        "nation.n_name",
        "(EXTRACT(year FROM orders.o_orderdate))"
      ],
      "Plans": [
        {
          "Node Type": "Gather Merge",
          "Parent Relationship": "Outer",
          "Parallel Aware": false,
          "Async Capable": false,
          "Startup Cost": 2178615.97,
          "Total Cost": 2178625.7,
          "Plan Rows": 66,
          "Plan Width": 90,
          "Workers Planned": 1,
          "Plans": [
            {
              "Node Type": "Aggregate",
              "Strategy": "Sorted",
              "Partial Mode": "Partial",
              "Parent Relationship": "Outer",
              "Parallel Aware": false,
              "Async Capable": false,
              "Startup Cost": 2177615.96,
              "Total Cost": 2177618.27,
              "Plan Rows": 66,
              "Plan Width": 90,
              "Group Key": [
                "nation.n_name",
                "(EXTRACT(year FROM orders.o_orderdate))"
              ],
              "Plans": [
                {
                  "Node Type": "Sort",
                  "Parent Relationship": "Outer",
                  "Parallel Aware": false,
                  "Async Capable": false,
                  "Startup Cost": 2177615.96,
                  "Total Cost": 2177616.12,
                  "Plan Rows": 66,
                  "Plan Width": 81,
                  "Sort Key": [
                    "nation.n_name",
                    "(EXTRACT(year FROM orders.o_orderdate)) DESC"
                  ],
                  "Plans": [
                    {
                      "Node Type": "Hash Join",
                      "Parent Relationship": "Outer",
                      "Parallel Aware": false,
                      "Async Capable": false,
                      "Join Type": "Inner",
                      "Startup Cost": 2174587.78,
                      "Total Cost": 2177613.96,
                      "Plan Rows": 66,
                      "Plan Width": 81,
                      "Inner Unique": false,
                      "Hash Cond": "(supplier.s_nationkey = nation.n_nationkey)",
                      "Plans": [
                        {
                          "Node Type": "Hash Join",
                          "Parent Relationship": "Outer",
                          "Parallel Aware": true,
                          "Async Capable": false,
                          "Join Type": "Inner",
                          "Startup Cost": 2174586.22,
                          "Total Cost": 2177611.33,
                          "Plan Rows": 66,
                          "Plan Width": 31,
                          "Inner Unique": false,
                          "Hash Cond": "(supplier.s_suppkey = lineitem.l_suppkey)",
                          "Plans": [
                            {
                              "Node Type": "Seq Scan",
                              "Parent Relationship": "Outer",
                              "Parallel Aware": true,
                              "Async Capable": false,
                              "Relation Name": "supplier",
                              "Alias": "supplier",
                              "Startup Cost": 0.0,
                              "Total Cost": 2804.24,
                              "Plan Rows": 58824,
                              "Plan Width": 8,
                              "parent": 5,
                              "ID": 6
                            },
                            {
                              "Node Type": "Hash",
                              "Parent Relationship": "Inner",
                              "Parallel Aware": true,
                              "Async Capable": false,
                              "Startup Cost": 2174585.63,
                              "Total Cost": 2174585.63,
                              "Plan Rows": 47,
                              "Plan Width": 35,
                              "Plans": [
                                {
                                  "Node Type": "Hash Join",
                                  "Parent Relationship": "Outer",
                                  "Parallel Aware": true,
                                  "Async Capable": false,
                                  "Join Type": "Inner",
                                  "Startup Cost": 1827741.83,
                                  "Total Cost": 2174585.63,
                                  "Plan Rows": 47,
                                  "Plan Width": 35,
                                  "Inner Unique": false,
                                  "Hash Cond": "(orders.o_orderkey = lineitem.l_orderkey)",
                                  "Plans": [
                                    {
                                      "Node Type": "Seq Scan",
                                      "Parent Relationship": "Outer",
                                      "Parallel Aware": true,
                                      "Async Capable": false,
                                      "Relation Name": "orders",
                                      "Alias": "orders",
                                      "Startup Cost": 0.0,
                                      "Total Cost": 323407.71,
                                      "Plan Rows": 6249571,
                                      "Plan Width": 8,
                                      "parent": 8,
                                      "ID": 9
                                    },
                                    {
                                      "Node Type": "Hash",
                                      "Parent Relationship": "Inner",
                                      "Parallel Aware": true,
                                      "Async Capable": false,
                                      "Startup Cost": 1827741.25,
                                      "Total Cost": 1827741.25,
                                      "Plan Rows": 47,
                                      "Plan Width": 35,
                                      "Plans": [
                                        {
                                          "Node Type": "Hash Join",
                                          "Parent Relationship": "Outer",
                                          "Parallel Aware": true,
                                          "Async Capable": false,
                                          "Join Type": "Inner",
                                          "Startup Cost": 1552963.04,
                                          "Total Cost": 1827741.25,
                                          "Plan Rows": 47,
                                          "Plan Width": 35,
                                          "Inner Unique": false,
                                          "Hash Cond": "((partsupp.ps_suppkey = lineitem.l_suppkey) AND (partsupp.ps_partkey = lineitem.l_partkey))",
                                          "Plans": [
                                            {
                                              "Node Type": "Seq Scan",
                                              "Parent Relationship": "Outer",
                                              "Parallel Aware": true,
                                              "Async Capable": false,
                                              "Relation Name": "partsupp",
                                              "Alias": "partsupp",
                                              "Startup Cost": 0.0,
                                              "Total Cost": 207718.58,
                                              "Plan Rows": 3333258,
                                              "Plan Width": 14,
                                              "parent": 11,
                                              "ID": 12
                                            },
                                            {
                                              "Node Type": "Hash",
                                              "Parent Relationship": "Inner",
                                              "Parallel Aware": true,
                                              "Async Capable": false,
                                              "Startup Cost": 1525201.57,
                                              "Total Cost": 1525201.57,
                                              "Plan Rows": 1216898,
                                              "Plan Width": 33,
                                              "Plans": [
                                                {
                                                  "Node Type": "Hash Join",
                                                  "Parent Relationship": "Outer",
                                                  "Parallel Aware": true,
                                                  "Async Capable": false,
                                                  "Join Type": "Inner",
                                                  "Startup Cost": 51904.36,
                                                  "Total Cost": 1525201.57,
                                                  "Plan Rows": 1216898,
                                                  "Plan Width": 33,
                                                  "Inner Unique": false,
                                                  "Hash Cond": "(lineitem.l_partkey = part.p_partkey)",
                                                  "Plans": [
                                                    {
                                                      "Node Type": "Seq Scan",
                                                      "Parent Relationship": "Outer",
                                                      "Parallel Aware": true,
                                                      "Async Capable": false,
                                                      "Relation Name": "lineitem",
                                                      "Alias": "lineitem",
                                                      "Startup Cost": 0.0,
                                                      "Total Cost": 1374494.57,
                                                      "Plan Rows": 24995257,
                                                      "Plan Width": 29,
                                                      "parent": 14,
                                                      "ID": 15
                                                    },
                                                    {
                                                      "Node Type": "Hash",
                                                      "Parent Relationship": "Inner",
                                                      "Parallel Aware": true,
                                                      "Async Capable": false,
                                                      "Startup Cost": 51378.28,
                                                      "Total Cost": 51378.28,
                                                      "Plan Rows": 42086,
                                                      "Plan Width": 4,
                                                      "Plans": [
                                                        {
                                                          "Node Type": "Seq Scan",
                                                          "Parent Relationship": "Outer",
                                                          "Parallel Aware": true,
                                                          "Async Capable": false,
                                                          "Relation Name": "part",
                                                          "Alias": "part",
                                                          "Startup Cost": 0.0,
                                                          "Total Cost": 51378.28,
                                                          "Plan Rows": 42086,
                                                          "Plan Width": 4,
                                                          "Filter": "((p_name)::text ~~ '%lawn%'::text)",
                                                          "parent": 16,
                                                          "ID": 17
                                                        }
                                                      ],
                                                      "parent": 14,
                                                      "ID": 16,
                                                      "left": 17
                                                    }
                                                  ],
                                                  "parent": 13,
                                                  "ID": 14,
                                                  "left": 15,
                                                  "right": 16
                                                }
                                              ],
                                              "parent": 11,
                                              "ID": 13,
                                              "left": 14
                                            }
                                          ],
                                          "parent": 10,
                                          "ID": 11,
                                          "left": 12,
                                          "right": 13
                                        }
                                      ],
                                      "parent": 8,
                                      "ID": 10,
                                      "left": 11
                                    }
                                  ],
                                  "parent": 7,
                                  "ID": 8,
                                  "left": 9,
                                  "right": 10
                                }
                              ],
                              "parent": 5,
                              "ID": 7,
                              "left": 8
                            }
                          ],
                          "parent": 4,
                          "ID": 5,
                          "left": 6,
                          "right": 7
                        },
                        {
                          "Node Type": "Hash",
                          "Parent Relationship": "Inner",
                          "Parallel Aware": false,
                          "Async Capable": false,
                          "Startup Cost": 1.25,
                          "Total Cost": 1.25,
                          "Plan Rows": 25,
                          "Plan Width": 30,
                          "Plans": [
                            {
                              "Node Type": "Seq Scan",
                              "Parent Relationship": "Outer",
                              "Parallel Aware": false,
                              "Async Capable": false,
                              "Relation Name": "nation",
                              "Alias": "nation",
                              "Startup Cost": 0.0,
                              "Total Cost": 1.25,
                              "Plan Rows": 25,
                              "Plan Width": 30,
                              "parent": 18,
                              "ID": 19
                            }
                          ],
                          "parent": 4,
                          "ID": 18,
                          "left": 19
                        }
                      ],
                      "parent": 3,
                      "ID": 4,
                      "left": 5,
                      "right": 18
                    }
                  ],
                  "parent": 2,
                  "ID": 3,
                  "left": 4
                }
              ],
              "parent": 1,
              "ID": 2,
              "left": 3
            }
          ],
          "parent": 0,
          "ID": 1,
          "left": 2
        }
      ],
      "parent": null,
      "ID": 0,
      "left": 1
    },
    "feat": {
      "utility": 5.737536241139393e-07,
      "query_shape": [
        [
          "Seq Scan",
          "Hash Join",
          "Sort",
          "Aggregate",
          "Gather Merge"
        ],
        [
          "Seq Scan",
          "Hash Join",
          "Hash",
          "Sort",
          "Aggregate",
          "Gather Merge"
        ],
        [
          "Seq Scan",
          "Hash Join",
          "Hash",
          "Sort",
          "Aggregate",
          "Gather Merge"
        ],
        [
          "Seq Scan",
          "Hash Join",
          "Hash",
          "Sort",
          "Aggregate",
          "Gather Merge"
        ],
        [
          "Seq Scan",
          "Hash",
          "Hash Join",
          "Sort",
          "Aggregate",
          "Gather Merge"
        ],
        [
          "Seq Scan",
          "Hash",
          "Hash Join",
          "Sort",
          "Aggregate",
          "Gather Merge"
        ]
      ],
      "index_shape": [
        "join"
      ],
      "physical_operator": {
        "Hash Join": [
          3.4039829432427795e-06
        ]
      }
    }
  },
  {
    "query": "-- Functional Query Definition\n-- Approved February 1998\n\n\nselect\nnation,\no_year,\nsum(amount) as sum_profit\nfrom\n(\nselect\nn_name as nation,\nextract(year from o_orderdate) as o_year,\nl_extendedprice * (1 - l_discount) - ps_supplycost * l_quantity as amount\nfrom\npart,\nsupplier,\nlineitem,\npartsupp,\norders,\nnation\nwhere\ns_suppkey = l_suppkey\nand ps_suppkey = l_suppkey\nand ps_partkey = l_partkey\nand p_partkey = l_partkey\nand o_orderkey = l_orderkey\nand s_nationkey = n_nationkey\nand p_name like '%lawn%'\n) as profit\ngroup by\nnation,\no_year\norder by\nnation,\no_year desc ;\n-- $ID$\n-- TPC-H/TPC-R Returned Item Reporting ",
    "indexes": "partsupp.ps_supplycost",
    "wo plan est": {
      "Node Type": "Aggregate",
      "Strategy": "Sorted",
      "Partial Mode": "Finalize",
      "Parallel Aware": false,
      "Async Capable": false,
      "Startup Cost": 2178615.97,
      "Total Cost": 2178628.06,
      "Plan Rows": 113,
      "Plan Width": 90,
      "Group Key": [
        "nation.n_name",
        "(EXTRACT(year FROM orders.o_orderdate))"
      ],
      "Plans": [
        {
          "Node Type": "Gather Merge",
          "Parent Relationship": "Outer",
          "Parallel Aware": false,
          "Async Capable": false,
          "Startup Cost": 2178615.97,
          "Total Cost": 2178625.7,
          "Plan Rows": 66,
          "Plan Width": 90,
          "Workers Planned": 1,
          "Plans": [
            {
              "Node Type": "Aggregate",
              "Strategy": "Sorted",
              "Partial Mode": "Partial",
              "Parent Relationship": "Outer",
              "Parallel Aware": false,
              "Async Capable": false,
              "Startup Cost": 2177615.96,
              "Total Cost": 2177618.27,
              "Plan Rows": 66,
              "Plan Width": 90,
              "Group Key": [
                "nation.n_name",
                "(EXTRACT(year FROM orders.o_orderdate))"
              ],
              "Plans": [
                {
                  "Node Type": "Sort",
                  "Parent Relationship": "Outer",
                  "Parallel Aware": false,
                  "Async Capable": false,
                  "Startup Cost": 2177615.96,
                  "Total Cost": 2177616.12,
                  "Plan Rows": 66,
                  "Plan Width": 81,
                  "Sort Key": [
                    "nation.n_name",
                    "(EXTRACT(year FROM orders.o_orderdate)) DESC"
                  ],
                  "Plans": [
                    {
                      "Node Type": "Hash Join",
                      "Parent Relationship": "Outer",
                      "Parallel Aware": false,
                      "Async Capable": false,
                      "Join Type": "Inner",
                      "Startup Cost": 2174587.78,
                      "Total Cost": 2177613.96,
                      "Plan Rows": 66,
                      "Plan Width": 81,
                      "Inner Unique": false,
                      "Hash Cond": "(supplier.s_nationkey = nation.n_nationkey)",
                      "Plans": [
                        {
                          "Node Type": "Hash Join",
                          "Parent Relationship": "Outer",
                          "Parallel Aware": true,
                          "Async Capable": false,
                          "Join Type": "Inner",
                          "Startup Cost": 2174586.22,
                          "Total Cost": 2177611.33,
                          "Plan Rows": 66,
                          "Plan Width": 31,
                          "Inner Unique": false,
                          "Hash Cond": "(supplier.s_suppkey = lineitem.l_suppkey)",
                          "Plans": [
                            {
                              "Node Type": "Seq Scan",
                              "Parent Relationship": "Outer",
                              "Parallel Aware": true,
                              "Async Capable": false,
                              "Relation Name": "supplier",
                              "Alias": "supplier",
                              "Startup Cost": 0.0,
                              "Total Cost": 2804.24,
                              "Plan Rows": 58824,
                              "Plan Width": 8,
                              "parent": 5,
                              "ID": 6
                            },
                            {
                              "Node Type": "Hash",
                              "Parent Relationship": "Inner",
                              "Parallel Aware": true,
                              "Async Capable": false,
                              "Startup Cost": 2174585.63,
                              "Total Cost": 2174585.63,
                              "Plan Rows": 47,
                              "Plan Width": 35,
                              "Plans": [
                                {
                                  "Node Type": "Hash Join",
                                  "Parent Relationship": "Outer",
                                  "Parallel Aware": true,
                                  "Async Capable": false,
                                  "Join Type": "Inner",
                                  "Startup Cost": 1827741.83,
                                  "Total Cost": 2174585.63,
                                  "Plan Rows": 47,
                                  "Plan Width": 35,
                                  "Inner Unique": false,
                                  "Hash Cond": "(orders.o_orderkey = lineitem.l_orderkey)",
                                  "Plans": [
                                    {
                                      "Node Type": "Seq Scan",
                                      "Parent Relationship": "Outer",
                                      "Parallel Aware": true,
                                      "Async Capable": false,
                                      "Relation Name": "orders",
                                      "Alias": "orders",
                                      "Startup Cost": 0.0,
                                      "Total Cost": 323407.71,
                                      "Plan Rows": 6249571,
                                      "Plan Width": 8,
                                      "parent": 8,
                                      "ID": 9
                                    },
                                    {
                                      "Node Type": "Hash",
                                      "Parent Relationship": "Inner",
                                      "Parallel Aware": true,
                                      "Async Capable": false,
                                      "Startup Cost": 1827741.25,
                                      "Total Cost": 1827741.25,
                                      "Plan Rows": 47,
                                      "Plan Width": 35,
                                      "Plans": [
                                        {
                                          "Node Type": "Hash Join",
                                          "Parent Relationship": "Outer",
                                          "Parallel Aware": true,
                                          "Async Capable": false,
                                          "Join Type": "Inner",
                                          "Startup Cost": 1552963.04,
                                          "Total Cost": 1827741.25,
                                          "Plan Rows": 47,
                                          "Plan Width": 35,
                                          "Inner Unique": false,
                                          "Hash Cond": "((partsupp.ps_suppkey = lineitem.l_suppkey) AND (partsupp.ps_partkey = lineitem.l_partkey))",
                                          "Plans": [
                                            {
                                              "Node Type": "Seq Scan",
                                              "Parent Relationship": "Outer",
                                              "Parallel Aware": true,
                                              "Async Capable": false,
                                              "Relation Name": "partsupp",
                                              "Alias": "partsupp",
                                              "Startup Cost": 0.0,
                                              "Total Cost": 207718.58,
                                              "Plan Rows": 3333258,
                                              "Plan Width": 14,
                                              "parent": 11,
                                              "ID": 12
                                            },
                                            {
                                              "Node Type": "Hash",
                                              "Parent Relationship": "Inner",
                                              "Parallel Aware": true,
                                              "Async Capable": false,
                                              "Startup Cost": 1525201.57,
                                              "Total Cost": 1525201.57,
                                              "Plan Rows": 1216898,
                                              "Plan Width": 33,
                                              "Plans": [
                                                {
                                                  "Node Type": "Hash Join",
                                                  "Parent Relationship": "Outer",
                                                  "Parallel Aware": true,
                                                  "Async Capable": false,
                                                  "Join Type": "Inner",
                                                  "Startup Cost": 51904.36,
                                                  "Total Cost": 1525201.57,
                                                  "Plan Rows": 1216898,
                                                  "Plan Width": 33,
                                                  "Inner Unique": false,
                                                  "Hash Cond": "(lineitem.l_partkey = part.p_partkey)",
                                                  "Plans": [
                                                    {
                                                      "Node Type": "Seq Scan",
                                                      "Parent Relationship": "Outer",
                                                      "Parallel Aware": true,
                                                      "Async Capable": false,
                                                      "Relation Name": "lineitem",
                                                      "Alias": "lineitem",
                                                      "Startup Cost": 0.0,
                                                      "Total Cost": 1374494.57,
                                                      "Plan Rows": 24995257,
                                                      "Plan Width": 29,
                                                      "parent": 14,
                                                      "ID": 15
                                                    },
                                                    {
                                                      "Node Type": "Hash",
                                                      "Parent Relationship": "Inner",
                                                      "Parallel Aware": true,
                                                      "Async Capable": false,
                                                      "Startup Cost": 51378.28,
                                                      "Total Cost": 51378.28,
                                                      "Plan Rows": 42086,
                                                      "Plan Width": 4,
                                                      "Plans": [
                                                        {
                                                          "Node Type": "Seq Scan",
                                                          "Parent Relationship": "Outer",
                                                          "Parallel Aware": true,
                                                          "Async Capable": false,
                                                          "Relation Name": "part",
                                                          "Alias": "part",
                                                          "Startup Cost": 0.0,
                                                          "Total Cost": 51378.28,
                                                          "Plan Rows": 42086,
                                                          "Plan Width": 4,
                                                          "Filter": "((p_name)::text ~~ '%lawn%'::text)",
                                                          "parent": 16,
                                                          "ID": 17
                                                        }
                                                      ],
                                                      "parent": 14,
                                                      "ID": 16,
                                                      "left": 17
                                                    }
                                                  ],
                                                  "parent": 13,
                                                  "ID": 14,
                                                  "left": 15,
                                                  "right": 16
                                                }
                                              ],
                                              "parent": 11,
                                              "ID": 13,
                                              "left": 14
                                            }
                                          ],
                                          "parent": 10,
                                          "ID": 11,
                                          "left": 12,
                                          "right": 13
                                        }
                                      ],
                                      "parent": 8,
                                      "ID": 10,
                                      "left": 11
                                    }
                                  ],
                                  "parent": 7,
                                  "ID": 8,
                                  "left": 9,
                                  "right": 10
                                }
                              ],
                              "parent": 5,
                              "ID": 7,
                              "left": 8
                            }
                          ],
                          "parent": 4,
                          "ID": 5,
                          "left": 6,
                          "right": 7
                        },
                        {
                          "Node Type": "Hash",
                          "Parent Relationship": "Inner",
                          "Parallel Aware": false,
                          "Async Capable": false,
                          "Startup Cost": 1.25,
                          "Total Cost": 1.25,
                          "Plan Rows": 25,
                          "Plan Width": 30,
                          "Plans": [
                            {
                              "Node Type": "Seq Scan",
                              "Parent Relationship": "Outer",
                              "Parallel Aware": false,
                              "Async Capable": false,
                              "Relation Name": "nation",
                              "Alias": "nation",
                              "Startup Cost": 0.0,
                              "Total Cost": 1.25,
                              "Plan Rows": 25,
                              "Plan Width": 30,
                              "parent": 18,
                              "ID": 19
                            }
                          ],
                          "parent": 4,
                          "ID": 18,
                          "left": 19
                        }
                      ],
                      "parent": 3,
                      "ID": 4,
                      "left": 5,
                      "right": 18
                    }
                  ],
                  "parent": 2,
                  "ID": 3,
                  "left": 4
                }
              ],
              "parent": 1,
              "ID": 2,
              "left": 3
            }
          ],
          "parent": 0,
          "ID": 1,
          "left": 2
        }
      ],
      "parent": null,
      "ID": 0,
      "left": 1
    },
    "feat": {
      "utility": 0.0,
      "query_shape": [
        [
          "Seq Scan",
          "Hash Join",
          "Sort",
          "Aggregate",
          "Gather Merge"
        ],
        [
          "Seq Scan",
          "Hash Join",
          "Hash",
          "Sort",
          "Aggregate",
          "Gather Merge"
        ],
        [
          "Seq Scan",
          "Hash Join",
          "Hash",
          "Sort",
          "Aggregate",
          "Gather Merge"
        ],
        [
          "Seq Scan",
          "Hash Join",
          "Hash",
          "Sort",
          "Aggregate",
          "Gather Merge"
        ],
        [
          "Seq Scan",
          "Hash",
          "Hash Join",
          "Sort",
          "Aggregate",
          "Gather Merge"
        ],
        [
          "Seq Scan",
          "Hash",
          "Hash Join",
          "Sort",
          "Aggregate",
          "Gather Merge"
        ]
      ],
      "index_shape": [],
      "physical_operator": {}
    }
  },
  {
    "query": "-- Functional Query Definition\n-- Approved February 1998\n\n\nselect\nnation,\no_year,\nsum(amount) as sum_profit\nfrom\n(\nselect\nn_name as nation,\nextract(year from o_orderdate) as o_year,\nl_extendedprice * (1 - l_discount) - ps_supplycost * l_quantity as amount\nfrom\npart,\nsupplier,\nlineitem,\npartsupp,\norders,\nnation\nwhere\ns_suppkey = l_suppkey\nand ps_suppkey = l_suppkey\nand ps_partkey = l_partkey\nand p_partkey = l_partkey\nand o_orderkey = l_orderkey\nand s_nationkey = n_nationkey\nand p_name like '%lawn%'\n) as profit\ngroup by\nnation,\no_year\norder by\nnation,\no_year desc ;\n-- $ID$\n-- TPC-H/TPC-R Returned Item Reporting ",
    "indexes": "supplier.s_suppkey",
    "wo plan est": {
      "Node Type": "Aggregate",
      "Strategy": "Sorted",
      "Partial Mode": "Finalize",
      "Parallel Aware": false,
      "Async Capable": false,
      "Startup Cost": 2178615.97,
      "Total Cost": 2178628.06,
      "Plan Rows": 113,
      "Plan Width": 90,
      "Group Key": [
        "nation.n_name",
        "(EXTRACT(year FROM orders.o_orderdate))"
      ],
      "Plans": [
        {
          "Node Type": "Gather Merge",
          "Parent Relationship": "Outer",
          "Parallel Aware": false,
          "Async Capable": false,
          "Startup Cost": 2178615.97,
          "Total Cost": 2178625.7,
          "Plan Rows": 66,
          "Plan Width": 90,
          "Workers Planned": 1,
          "Plans": [
            {
              "Node Type": "Aggregate",
              "Strategy": "Sorted",
              "Partial Mode": "Partial",
              "Parent Relationship": "Outer",
              "Parallel Aware": false,
              "Async Capable": false,
              "Startup Cost": 2177615.96,
              "Total Cost": 2177618.27,
              "Plan Rows": 66,
              "Plan Width": 90,
              "Group Key": [
                "nation.n_name",
                "(EXTRACT(year FROM orders.o_orderdate))"
              ],
              "Plans": [
                {
                  "Node Type": "Sort",
                  "Parent Relationship": "Outer",
                  "Parallel Aware": false,
                  "Async Capable": false,
                  "Startup Cost": 2177615.96,
                  "Total Cost": 2177616.12,
                  "Plan Rows": 66,
                  "Plan Width": 81,
                  "Sort Key": [
                    "nation.n_name",
                    "(EXTRACT(year FROM orders.o_orderdate)) DESC"
                  ],
                  "Plans": [
                    {
                      "Node Type": "Hash Join",
                      "Parent Relationship": "Outer",
                      "Parallel Aware": false,
                      "Async Capable": false,
                      "Join Type": "Inner",
                      "Startup Cost": 2174587.78,
                      "Total Cost": 2177613.96,
                      "Plan Rows": 66,
                      "Plan Width": 81,
                      "Inner Unique": false,
                      "Hash Cond": "(supplier.s_nationkey = nation.n_nationkey)",
                      "Plans": [
                        {
                          "Node Type": "Hash Join",
                          "Parent Relationship": "Outer",
                          "Parallel Aware": true,
                          "Async Capable": false,
                          "Join Type": "Inner",
                          "Startup Cost": 2174586.22,
                          "Total Cost": 2177611.33,
                          "Plan Rows": 66,
                          "Plan Width": 31,
                          "Inner Unique": false,
                          "Hash Cond": "(supplier.s_suppkey = lineitem.l_suppkey)",
                          "Plans": [
                            {
                              "Node Type": "Seq Scan",
                              "Parent Relationship": "Outer",
                              "Parallel Aware": true,
                              "Async Capable": false,
                              "Relation Name": "supplier",
                              "Alias": "supplier",
                              "Startup Cost": 0.0,
                              "Total Cost": 2804.24,
                              "Plan Rows": 58824,
                              "Plan Width": 8,
                              "parent": 5,
                              "ID": 6
                            },
                            {
                              "Node Type": "Hash",
                              "Parent Relationship": "Inner",
                              "Parallel Aware": true,
                              "Async Capable": false,
                              "Startup Cost": 2174585.63,
                              "Total Cost": 2174585.63,
                              "Plan Rows": 47,
                              "Plan Width": 35,
                              "Plans": [
                                {
                                  "Node Type": "Hash Join",
                                  "Parent Relationship": "Outer",
                                  "Parallel Aware": true,
                                  "Async Capable": false,
                                  "Join Type": "Inner",
                                  "Startup Cost": 1827741.83,
                                  "Total Cost": 2174585.63,
                                  "Plan Rows": 47,
                                  "Plan Width": 35,
                                  "Inner Unique": false,
                                  "Hash Cond": "(orders.o_orderkey = lineitem.l_orderkey)",
                                  "Plans": [
                                    {
                                      "Node Type": "Seq Scan",
                                      "Parent Relationship": "Outer",
                                      "Parallel Aware": true,
                                      "Async Capable": false,
                                      "Relation Name": "orders",
                                      "Alias": "orders",
                                      "Startup Cost": 0.0,
                                      "Total Cost": 323407.71,
                                      "Plan Rows": 6249571,
                                      "Plan Width": 8,
                                      "parent": 8,
                                      "ID": 9
                                    },
                                    {
                                      "Node Type": "Hash",
                                      "Parent Relationship": "Inner",
                                      "Parallel Aware": true,
                                      "Async Capable": false,
                                      "Startup Cost": 1827741.25,
                                      "Total Cost": 1827741.25,
                                      "Plan Rows": 47,
                                      "Plan Width": 35,
                                      "Plans": [
                                        {
                                          "Node Type": "Hash Join",
                                          "Parent Relationship": "Outer",
                                          "Parallel Aware": true,
                                          "Async Capable": false,
                                          "Join Type": "Inner",
                                          "Startup Cost": 1552963.04,
                                          "Total Cost": 1827741.25,
                                          "Plan Rows": 47,
                                          "Plan Width": 35,
                                          "Inner Unique": false,
                                          "Hash Cond": "((partsupp.ps_suppkey = lineitem.l_suppkey) AND (partsupp.ps_partkey = lineitem.l_partkey))",
                                          "Plans": [
                                            {
                                              "Node Type": "Seq Scan",
                                              "Parent Relationship": "Outer",
                                              "Parallel Aware": true,
                                              "Async Capable": false,
                                              "Relation Name": "partsupp",
                                              "Alias": "partsupp",
                                              "Startup Cost": 0.0,
                                              "Total Cost": 207718.58,
                                              "Plan Rows": 3333258,
                                              "Plan Width": 14,
                                              "parent": 11,
                                              "ID": 12
                                            },
                                            {
                                              "Node Type": "Hash",
                                              "Parent Relationship": "Inner",
                                              "Parallel Aware": true,
                                              "Async Capable": false,
                                              "Startup Cost": 1525201.57,
                                              "Total Cost": 1525201.57,
                                              "Plan Rows": 1216898,
                                              "Plan Width": 33,
                                              "Plans": [
                                                {
                                                  "Node Type": "Hash Join",
                                                  "Parent Relationship": "Outer",
                                                  "Parallel Aware": true,
                                                  "Async Capable": false,
                                                  "Join Type": "Inner",
                                                  "Startup Cost": 51904.36,
                                                  "Total Cost": 1525201.57,
                                                  "Plan Rows": 1216898,
                                                  "Plan Width": 33,
                                                  "Inner Unique": false,
                                                  "Hash Cond": "(lineitem.l_partkey = part.p_partkey)",
                                                  "Plans": [
                                                    {
                                                      "Node Type": "Seq Scan",
                                                      "Parent Relationship": "Outer",
                                                      "Parallel Aware": true,
                                                      "Async Capable": false,
                                                      "Relation Name": "lineitem",
                                                      "Alias": "lineitem",
                                                      "Startup Cost": 0.0,
                                                      "Total Cost": 1374494.57,
                                                      "Plan Rows": 24995257,
                                                      "Plan Width": 29,
                                                      "parent": 14,
                                                      "ID": 15
                                                    },
                                                    {
                                                      "Node Type": "Hash",
                                                      "Parent Relationship": "Inner",
                                                      "Parallel Aware": true,
                                                      "Async Capable": false,
                                                      "Startup Cost": 51378.28,
                                                      "Total Cost": 51378.28,
                                                      "Plan Rows": 42086,
                                                      "Plan Width": 4,
                                                      "Plans": [
                                                        {
                                                          "Node Type": "Seq Scan",
                                                          "Parent Relationship": "Outer",
                                                          "Parallel Aware": true,
                                                          "Async Capable": false,
                                                          "Relation Name": "part",
                                                          "Alias": "part",
                                                          "Startup Cost": 0.0,
                                                          "Total Cost": 51378.28,
                                                          "Plan Rows": 42086,
                                                          "Plan Width": 4,
                                                          "Filter": "((p_name)::text ~~ '%lawn%'::text)",
                                                          "parent": 16,
                                                          "ID": 17
                                                        }
                                                      ],
                                                      "parent": 14,
                                                      "ID": 16,
                                                      "left": 17
                                                    }
                                                  ],
                                                  "parent": 13,
                                                  "ID": 14,
                                                  "left": 15,
                                                  "right": 16
                                                }
                                              ],
                                              "parent": 11,
                                              "ID": 13,
                                              "left": 14
                                            }
                                          ],
                                          "parent": 10,
                                          "ID": 11,
                                          "left": 12,
                                          "right": 13
                                        }
                                      ],
                                      "parent": 8,
                                      "ID": 10,
                                      "left": 11
                                    }
                                  ],
                                  "parent": 7,
                                  "ID": 8,
                                  "left": 9,
                                  "right": 10
                                }
                              ],
                              "parent": 5,
                              "ID": 7,
                              "left": 8
                            }
                          ],
                          "parent": 4,
                          "ID": 5,
                          "left": 6,
                          "right": 7
                        },
                        {
                          "Node Type": "Hash",
                          "Parent Relationship": "Inner",
                          "Parallel Aware": false,
                          "Async Capable": false,
                          "Startup Cost": 1.25,
                          "Total Cost": 1.25,
                          "Plan Rows": 25,
                          "Plan Width": 30,
                          "Plans": [
                            {
                              "Node Type": "Seq Scan",
                              "Parent Relationship": "Outer",
                              "Parallel Aware": false,
                              "Async Capable": false,
                              "Relation Name": "nation",
                              "Alias": "nation",
                              "Startup Cost": 0.0,
                              "Total Cost": 1.25,
                              "Plan Rows": 25,
                              "Plan Width": 30,
                              "parent": 18,
                              "ID": 19
                            }
                          ],
                          "parent": 4,
                          "ID": 18,
                          "left": 19
                        }
                      ],
                      "parent": 3,
                      "ID": 4,
                      "left": 5,
                      "right": 18
                    }
                  ],
                  "parent": 2,
                  "ID": 3,
                  "left": 4
                }
              ],
              "parent": 1,
              "ID": 2,
              "left": 3
            }
          ],
          "parent": 0,
          "ID": 1,
          "left": 2
        }
      ],
      "parent": null,
      "ID": 0,
      "left": 1
    },
    "feat": {
      "utility": 5.709522571231744e-07,
      "query_shape": [
        [
          "Seq Scan",
          "Hash Join",
          "Sort",
          "Aggregate",
          "Gather Merge"
        ],
        [
          "Seq Scan",
          "Hash Join",
          "Hash",
          "Sort",
          "Aggregate",
          "Gather Merge"
        ],
        [
          "Seq Scan",
          "Hash Join",
          "Hash",
          "Sort",
          "Aggregate",
          "Gather Merge"
        ],
        [
          "Seq Scan",
          "Hash Join",
          "Hash",
          "Sort",
          "Aggregate",
          "Gather Merge"
        ],
        [
          "Seq Scan",
          "Hash",
          "Hash Join",
          "Sort",
          "Aggregate",
          "Gather Merge"
        ],
        [
          "Seq Scan",
          "Hash",
          "Hash Join",
          "Sort",
          "Aggregate",
          "Gather Merge"
        ]
      ],
      "index_shape": [
        "join"
      ],
      "physical_operator": {
        "Hash Join": [
          0.004885913368893919
        ]
      }
    }
  },
  {
    "query": "-- Functional Query Definition\n-- Approved February 1998\n\n\nselect\nnation,\no_year,\nsum(amount) as sum_profit\nfrom\n(\nselect\nn_name as nation,\nextract(year from o_orderdate) as o_year,\nl_extendedprice * (1 - l_discount) - ps_supplycost * l_quantity as amount\nfrom\npart,\nsupplier,\nlineitem,\npartsupp,\norders,\nnation\nwhere\ns_suppkey = l_suppkey\nand ps_suppkey = l_suppkey\nand ps_partkey = l_partkey\nand p_partkey = l_partkey\nand o_orderkey = l_orderkey\nand s_nationkey = n_nationkey\nand p_name like '%lawn%'\n) as profit\ngroup by\nnation,\no_year\norder by\nnation,\no_year desc ;\n-- $ID$\n-- TPC-H/TPC-R Returned Item Reporting ",
    "indexes": "supplier.s_nationkey",
    "wo plan est": {
      "Node Type": "Aggregate",
      "Strategy": "Sorted",
      "Partial Mode": "Finalize",
      "Parallel Aware": false,
      "Async Capable": false,
      "Startup Cost": 2178615.97,
      "Total Cost": 2178628.06,
      "Plan Rows": 113,
      "Plan Width": 90,
      "Group Key": [
        "nation.n_name",
        "(EXTRACT(year FROM orders.o_orderdate))"
      ],
      "Plans": [
        {
          "Node Type": "Gather Merge",
          "Parent Relationship": "Outer",
          "Parallel Aware": false,
          "Async Capable": false,
          "Startup Cost": 2178615.97,
          "Total Cost": 2178625.7,
          "Plan Rows": 66,
          "Plan Width": 90,
          "Workers Planned": 1,
          "Plans": [
            {
              "Node Type": "Aggregate",
              "Strategy": "Sorted",
              "Partial Mode": "Partial",
              "Parent Relationship": "Outer",
              "Parallel Aware": false,
              "Async Capable": false,
              "Startup Cost": 2177615.96,
              "Total Cost": 2177618.27,
              "Plan Rows": 66,
              "Plan Width": 90,
              "Group Key": [
                "nation.n_name",
                "(EXTRACT(year FROM orders.o_orderdate))"
              ],
              "Plans": [
                {
                  "Node Type": "Sort",
                  "Parent Relationship": "Outer",
                  "Parallel Aware": false,
                  "Async Capable": false,
                  "Startup Cost": 2177615.96,
                  "Total Cost": 2177616.12,
                  "Plan Rows": 66,
                  "Plan Width": 81,
                  "Sort Key": [
                    "nation.n_name",
                    "(EXTRACT(year FROM orders.o_orderdate)) DESC"
                  ],
                  "Plans": [
                    {
                      "Node Type": "Hash Join",
                      "Parent Relationship": "Outer",
                      "Parallel Aware": false,
                      "Async Capable": false,
                      "Join Type": "Inner",
                      "Startup Cost": 2174587.78,
                      "Total Cost": 2177613.96,
                      "Plan Rows": 66,
                      "Plan Width": 81,
                      "Inner Unique": false,
                      "Hash Cond": "(supplier.s_nationkey = nation.n_nationkey)",
                      "Plans": [
                        {
                          "Node Type": "Hash Join",
                          "Parent Relationship": "Outer",
                          "Parallel Aware": true,
                          "Async Capable": false,
                          "Join Type": "Inner",
                          "Startup Cost": 2174586.22,
                          "Total Cost": 2177611.33,
                          "Plan Rows": 66,
                          "Plan Width": 31,
                          "Inner Unique": false,
                          "Hash Cond": "(supplier.s_suppkey = lineitem.l_suppkey)",
                          "Plans": [
                            {
                              "Node Type": "Seq Scan",
                              "Parent Relationship": "Outer",
                              "Parallel Aware": true,
                              "Async Capable": false,
                              "Relation Name": "supplier",
                              "Alias": "supplier",
                              "Startup Cost": 0.0,
                              "Total Cost": 2804.24,
                              "Plan Rows": 58824,
                              "Plan Width": 8,
                              "parent": 5,
                              "ID": 6
                            },
                            {
                              "Node Type": "Hash",
                              "Parent Relationship": "Inner",
                              "Parallel Aware": true,
                              "Async Capable": false,
                              "Startup Cost": 2174585.63,
                              "Total Cost": 2174585.63,
                              "Plan Rows": 47,
                              "Plan Width": 35,
                              "Plans": [
                                {
                                  "Node Type": "Hash Join",
                                  "Parent Relationship": "Outer",
                                  "Parallel Aware": true,
                                  "Async Capable": false,
                                  "Join Type": "Inner",
                                  "Startup Cost": 1827741.83,
                                  "Total Cost": 2174585.63,
                                  "Plan Rows": 47,
                                  "Plan Width": 35,
                                  "Inner Unique": false,
                                  "Hash Cond": "(orders.o_orderkey = lineitem.l_orderkey)",
                                  "Plans": [
                                    {
                                      "Node Type": "Seq Scan",
                                      "Parent Relationship": "Outer",
                                      "Parallel Aware": true,
                                      "Async Capable": false,
                                      "Relation Name": "orders",
                                      "Alias": "orders",
                                      "Startup Cost": 0.0,
                                      "Total Cost": 323407.71,
                                      "Plan Rows": 6249571,
                                      "Plan Width": 8,
                                      "parent": 8,
                                      "ID": 9
                                    },
                                    {
                                      "Node Type": "Hash",
                                      "Parent Relationship": "Inner",
                                      "Parallel Aware": true,
                                      "Async Capable": false,
                                      "Startup Cost": 1827741.25,
                                      "Total Cost": 1827741.25,
                                      "Plan Rows": 47,
                                      "Plan Width": 35,
                                      "Plans": [
                                        {
                                          "Node Type": "Hash Join",
                                          "Parent Relationship": "Outer",
                                          "Parallel Aware": true,
                                          "Async Capable": false,
                                          "Join Type": "Inner",
                                          "Startup Cost": 1552963.04,
                                          "Total Cost": 1827741.25,
                                          "Plan Rows": 47,
                                          "Plan Width": 35,
                                          "Inner Unique": false,
                                          "Hash Cond": "((partsupp.ps_suppkey = lineitem.l_suppkey) AND (partsupp.ps_partkey = lineitem.l_partkey))",
                                          "Plans": [
                                            {
                                              "Node Type": "Seq Scan",
                                              "Parent Relationship": "Outer",
                                              "Parallel Aware": true,
                                              "Async Capable": false,
                                              "Relation Name": "partsupp",
                                              "Alias": "partsupp",
                                              "Startup Cost": 0.0,
                                              "Total Cost": 207718.58,
                                              "Plan Rows": 3333258,
                                              "Plan Width": 14,
                                              "parent": 11,
                                              "ID": 12
                                            },
                                            {
                                              "Node Type": "Hash",
                                              "Parent Relationship": "Inner",
                                              "Parallel Aware": true,
                                              "Async Capable": false,
                                              "Startup Cost": 1525201.57,
                                              "Total Cost": 1525201.57,
                                              "Plan Rows": 1216898,
                                              "Plan Width": 33,
                                              "Plans": [
                                                {
                                                  "Node Type": "Hash Join",
                                                  "Parent Relationship": "Outer",
                                                  "Parallel Aware": true,
                                                  "Async Capable": false,
                                                  "Join Type": "Inner",
                                                  "Startup Cost": 51904.36,
                                                  "Total Cost": 1525201.57,
                                                  "Plan Rows": 1216898,
                                                  "Plan Width": 33,
                                                  "Inner Unique": false,
                                                  "Hash Cond": "(lineitem.l_partkey = part.p_partkey)",
                                                  "Plans": [
                                                    {
                                                      "Node Type": "Seq Scan",
                                                      "Parent Relationship": "Outer",
                                                      "Parallel Aware": true,
                                                      "Async Capable": false,
                                                      "Relation Name": "lineitem",
                                                      "Alias": "lineitem",
                                                      "Startup Cost": 0.0,
                                                      "Total Cost": 1374494.57,
                                                      "Plan Rows": 24995257,
                                                      "Plan Width": 29,
                                                      "parent": 14,
                                                      "ID": 15
                                                    },
                                                    {
                                                      "Node Type": "Hash",
                                                      "Parent Relationship": "Inner",
                                                      "Parallel Aware": true,
                                                      "Async Capable": false,
                                                      "Startup Cost": 51378.28,
                                                      "Total Cost": 51378.28,
                                                      "Plan Rows": 42086,
                                                      "Plan Width": 4,
                                                      "Plans": [
                                                        {
                                                          "Node Type": "Seq Scan",
                                                          "Parent Relationship": "Outer",
                                                          "Parallel Aware": true,
                                                          "Async Capable": false,
                                                          "Relation Name": "part",
                                                          "Alias": "part",
                                                          "Startup Cost": 0.0,
                                                          "Total Cost": 51378.28,
                                                          "Plan Rows": 42086,
                                                          "Plan Width": 4,
                                                          "Filter": "((p_name)::text ~~ '%lawn%'::text)",
                                                          "parent": 16,
                                                          "ID": 17
                                                        }
                                                      ],
                                                      "parent": 14,
                                                      "ID": 16,
                                                      "left": 17
                                                    }
                                                  ],
                                                  "parent": 13,
                                                  "ID": 14,
                                                  "left": 15,
                                                  "right": 16
                                                }
                                              ],
                                              "parent": 11,
                                              "ID": 13,
                                              "left": 14
                                            }
                                          ],
                                          "parent": 10,
                                          "ID": 11,
                                          "left": 12,
                                          "right": 13
                                        }
                                      ],
                                      "parent": 8,
                                      "ID": 10,
                                      "left": 11
                                    }
                                  ],
                                  "parent": 7,
                                  "ID": 8,
                                  "left": 9,
                                  "right": 10
                                }
                              ],
                              "parent": 5,
                              "ID": 7,
                              "left": 8
                            }
                          ],
                          "parent": 4,
                          "ID": 5,
                          "left": 6,
                          "right": 7
                        },
                        {
                          "Node Type": "Hash",
                          "Parent Relationship": "Inner",
                          "Parallel Aware": false,
                          "Async Capable": false,
                          "Startup Cost": 1.25,
                          "Total Cost": 1.25,
                          "Plan Rows": 25,
                          "Plan Width": 30,
                          "Plans": [
                            {
                              "Node Type": "Seq Scan",
                              "Parent Relationship": "Outer",
                              "Parallel Aware": false,
                              "Async Capable": false,
                              "Relation Name": "nation",
                              "Alias": "nation",
                              "Startup Cost": 0.0,
                              "Total Cost": 1.25,
                              "Plan Rows": 25,
                              "Plan Width": 30,
                              "parent": 18,
                              "ID": 19
                            }
                          ],
                          "parent": 4,
                          "ID": 18,
                          "left": 19
                        }
                      ],
                      "parent": 3,
                      "ID": 4,
                      "left": 5,
                      "right": 18
                    }
                  ],
                  "parent": 2,
                  "ID": 3,
                  "left": 4
                }
              ],
              "parent": 1,
              "ID": 2,
              "left": 3
            }
          ],
          "parent": 0,
          "ID": 1,
          "left": 2
        }
      ],
      "parent": null,
      "ID": 0,
      "left": 1
    },
    "feat": {
      "utility": 4.590044617345101e-07,
      "query_shape": [
        [
          "Seq Scan",
          "Hash Join",
          "Sort",
          "Aggregate",
          "Gather Merge"
        ],
        [
          "Seq Scan",
          "Hash Join",
          "Hash",
          "Sort",
          "Aggregate",
          "Gather Merge"
        ],
        [
          "Seq Scan",
          "Hash Join",
          "Hash",
          "Sort",
          "Aggregate",
          "Gather Merge"
        ],
        [
          "Seq Scan",
          "Hash Join",
          "Hash",
          "Sort",
          "Aggregate",
          "Gather Merge"
        ],
        [
          "Seq Scan",
          "Hash",
          "Hash Join",
          "Sort",
          "Aggregate",
          "Gather Merge"
        ],
        [
          "Seq Scan",
          "Hash",
          "Hash Join",
          "Sort",
          "Aggregate",
          "Gather Merge"
        ]
      ],
      "index_shape": [
        "join"
      ],
      "physical_operator": {
        "Hash Join": [
          0.2
        ]
      }
    }
  },
  {
    "query": "-- Functional Query Definition\n-- Approved February 1998\n\n\nselect\no_year,\nsum(case\nwhen nation = 'ALGERIA' then volume\nelse 0\nend) / sum(volume) as mkt_share\nfrom\n(\nselect\nextract(year from o_orderdate) as o_year,\nl_extendedprice * (1 - l_discount) as volume,\nn2.n_name as nation\nfrom\npart,\nsupplier,\nlineitem,\norders,\ncustomer,\nnation n1,\nnation n2,\nregion\nwhere\np_partkey = l_partkey\nand s_suppkey = l_suppkey\nand l_orderkey = o_orderkey\nand o_custkey = c_custkey\nand c_nationkey = n1.n_nationkey\nand n1.n_regionkey = r_regionkey\nand r_name = 'AFRICA'\nand s_nationkey = n2.n_nationkey\nand o_orderdate between date '1995-01-01' and date '1996-12-31'\nand p_type = 'STANDARD PLATED NICKEL'\n) as all_nations\ngroup by\no_year\norder by\no_year ;\n-- $ID$\n-- TPC-H/TPC-R Product Type Profit Measure ",
    "indexes": "customer.c_custkey",
    "wo plan est": {
      "Node Type": "Aggregate",
      "Strategy": "Sorted",
      "Partial Mode": "Finalize",
      "Parallel Aware": false,
      "Async Capable": false,
      "Startup Cost": 1955785.01,
      "Total Cost": 1956486.84,
      "Plan Rows": 2406,
      "Plan Width": 64,
      "Group Key": [
        "(EXTRACT(year FROM orders.o_orderdate))"
      ],
      "Plans": [
        {
          "Node Type": "Gather Merge",
          "Parent Relationship": "Outer",
          "Parallel Aware": false,
          "Async Capable": false,
          "Startup Cost": 1955785.01,
          "Total Cost": 1956408.65,
          "Plan Rows": 2406,
          "Plan Width": 96,
          "Workers Planned": 1,
          "Plans": [
            {
              "Node Type": "Aggregate",
              "Strategy": "Sorted",
              "Partial Mode": "Partial",
              "Parent Relationship": "Outer",
              "Parallel Aware": false,
              "Async Capable": false,
              "Startup Cost": 1954785.0,
              "Total Cost": 1955137.96,
              "Plan Rows": 2406,
              "Plan Width": 96,
              "Group Key": [
                "(EXTRACT(year FROM orders.o_orderdate))"
              ],
              "Plans": [
                {
                  "Node Type": "Sort",
                  "Parent Relationship": "Outer",
                  "Parallel Aware": false,
                  "Async Capable": false,
                  "Startup Cost": 1954785.0,
                  "Total Cost": 1954819.54,
                  "Plan Rows": 13816,
                  "Plan Width": 70,
                  "Sort Key": [
                    "(EXTRACT(year FROM orders.o_orderdate))"
                  ],
                  "Plans": [
                    {
                      "Node Type": "Hash Join",
                      "Parent Relationship": "Outer",
                      "Parallel Aware": false,
                      "Async Capable": false,
                      "Join Type": "Inner",
                      "Startup Cost": 1950527.96,
                      "Total Cost": 1953834.87,
                      "Plan Rows": 13816,
                      "Plan Width": 70,
                      "Inner Unique": false,
                      "Hash Cond": "(supplier.s_nationkey = n2.n_nationkey)",
                      "Plans": [
                        {
                          "Node Type": "Hash Join",
                          "Parent Relationship": "Outer",
                          "Parallel Aware": true,
                          "Async Capable": false,
                          "Join Type": "Inner",
                          "Startup Cost": 1950526.4,
                          "Total Cost": 1953608.79,
                          "Plan Rows": 13816,
                          "Plan Width": 20,
                          "Inner Unique": false,
                          "Hash Cond": "(supplier.s_suppkey = lineitem.l_suppkey)",
                          "Plans": [
                            {
                              "Node Type": "Seq Scan",
                              "Parent Relationship": "Outer",
                              "Parallel Aware": true,
                              "Async Capable": false,
                              "Relation Name": "supplier",
                              "Alias": "supplier",
                              "Startup Cost": 0.0,
                              "Total Cost": 2804.24,
                              "Plan Rows": 58824,
                              "Plan Width": 8,
                              "parent": 5,
                              "ID": 6
                            },
                            {
                              "Node Type": "Hash",
                              "Parent Relationship": "Inner",
                              "Parallel Aware": true,
                              "Async Capable": false,
                              "Startup Cost": 1950404.06,
                              "Total Cost": 1950404.06,
                              "Plan Rows": 9787,
                              "Plan Width": 20,
                              "Plans": [
                                {
                                  "Node Type": "Hash Join",
                                  "Parent Relationship": "Outer",
                                  "Parallel Aware": false,
                                  "Async Capable": false,
                                  "Join Type": "Inner",
                                  "Startup Cost": 1905498.74,
                                  "Total Cost": 1950404.06,
                                  "Plan Rows": 9787,
                                  "Plan Width": 20,
                                  "Inner Unique": false,
                                  "Hash Cond": "(customer.c_nationkey = n1.n_nationkey)",
                                  "Plans": [
                                    {
                                      "Node Type": "Hash Join",
                                      "Parent Relationship": "Outer",
                                      "Parallel Aware": true,
                                      "Async Capable": false,
                                      "Join Type": "Inner",
                                      "Startup Cost": 1905496.2,
                                      "Total Cost": 1950120.18,
                                      "Plan Rows": 48932,
                                      "Plan Width": 24,
                                      "Inner Unique": false,
                                      "Hash Cond": "(customer.c_custkey = orders.o_custkey)",
                                      "Plans": [
                                        {
                                          "Node Type": "Seq Scan",
                                          "Parent Relationship": "Outer",
                                          "Parallel Aware": true,
                                          "Async Capable": false,
                                          "Relation Name": "customer",
                                          "Alias": "customer",
                                          "Startup Cost": 0.0,
                                          "Total Cost": 42076.52,
                                          "Plan Rows": 624952,
                                          "Plan Width": 8,
                                          "parent": 9,
                                          "ID": 10
                                        },
                                        {
                                          "Node Type": "Hash",
                                          "Parent Relationship": "Inner",
                                          "Parallel Aware": true,
                                          "Async Capable": false,
                                          "Startup Cost": 1904884.55,
                                          "Total Cost": 1904884.55,
                                          "Plan Rows": 48932,
                                          "Plan Width": 24,
                                          "Plans": [
                                            {
                                              "Node Type": "Hash Join",
                                              "Parent Relationship": "Outer",
                                              "Parallel Aware": true,
                                              "Async Capable": false,
                                              "Join Type": "Inner",
                                              "Startup Cost": 1523283.11,
                                              "Total Cost": 1904884.55,
                                              "Plan Rows": 48932,
                                              "Plan Width": 24,
                                              "Inner Unique": false,
                                              "Hash Cond": "(orders.o_orderkey = lineitem.l_orderkey)",
                                              "Plans": [
                                                {
                                                  "Node Type": "Seq Scan",
                                                  "Parent Relationship": "Outer",
                                                  "Parallel Aware": true,
                                                  "Async Capable": false,
                                                  "Relation Name": "orders",
                                                  "Alias": "orders",
                                                  "Startup Cost": 0.0,
                                                  "Total Cost": 354655.56,
                                                  "Plan Rows": 1909064,
                                                  "Plan Width": 12,
                                                  "Filter": "((o_orderdate >= '1995-01-01'::date) AND (o_orderdate <= '1996-12-31'::date))",
                                                  "parent": 12,
                                                  "ID": 13
                                                },
                                                {
                                                  "Node Type": "Hash",
                                                  "Parent Relationship": "Inner",
                                                  "Parallel Aware": true,
                                                  "Async Capable": false,
                                                  "Startup Cost": 1520341.76,
                                                  "Total Cost": 1520341.76,
                                                  "Plan Rows": 160188,
                                                  "Plan Width": 20,
                                                  "Plans": [
                                                    {
                                                      "Node Type": "Hash Join",
                                                      "Parent Relationship": "Outer",
                                                      "Parallel Aware": true,
                                                      "Async Capable": false,
                                                      "Join Type": "Inner",
                                                      "Startup Cost": 51447.53,
                                                      "Total Cost": 1520341.76,
                                                      "Plan Rows": 160188,
                                                      "Plan Width": 20,
                                                      "Inner Unique": false,
                                                      "Hash Cond": "(lineitem.l_partkey = part.p_partkey)",
                                                      "Plans": [
                                                        {
                                                          "Node Type": "Seq Scan",
                                                          "Parent Relationship": "Outer",
                                                          "Parallel Aware": true,
                                                          "Async Capable": false,
                                                          "Relation Name": "lineitem",
                                                          "Alias": "lineitem",
                                                          "Startup Cost": 0.0,
                                                          "Total Cost": 1374494.57,
                                                          "Plan Rows": 24995257,
                                                          "Plan Width": 24,
                                                          "parent": 15,
                                                          "ID": 16
                                                        },
                                                        {
                                                          "Node Type": "Hash",
                                                          "Parent Relationship": "Inner",
                                                          "Parallel Aware": true,
                                                          "Async Capable": false,
                                                          "Startup Cost": 51378.28,
                                                          "Total Cost": 51378.28,
                                                          "Plan Rows": 5540,
                                                          "Plan Width": 4,
                                                          "Plans": [
                                                            {
                                                              "Node Type": "Seq Scan",
                                                              "Parent Relationship": "Outer",
                                                              "Parallel Aware": true,
                                                              "Async Capable": false,
                                                              "Relation Name": "part",
                                                              "Alias": "part",
                                                              "Startup Cost": 0.0,
                                                              "Total Cost": 51378.28,
                                                              "Plan Rows": 5540,
                                                              "Plan Width": 4,
                                                              "Filter": "((p_type)::text = 'STANDARD PLATED NICKEL'::text)",
                                                              "parent": 17,
                                                              "ID": 18
                                                            }
                                                          ],
                                                          "parent": 15,
                                                          "ID": 17,
                                                          "left": 18
                                                        }
                                                      ],
                                                      "parent": 14,
                                                      "ID": 15,
                                                      "left": 16,
                                                      "right": 17
                                                    }
                                                  ],
                                                  "parent": 12,
                                                  "ID": 14,
                                                  "left": 15
                                                }
                                              ],
                                              "parent": 11,
                                              "ID": 12,
                                              "left": 13,
                                              "right": 14
                                            }
                                          ],
                                          "parent": 9,
                                          "ID": 11,
                                          "left": 12
                                        }
                                      ],
                                      "parent": 8,
                                      "ID": 9,
                                      "left": 10,
                                      "right": 11
                                    },
                                    {
                                      "Node Type": "Hash",
                                      "Parent Relationship": "Inner",
                                      "Parallel Aware": false,
                                      "Async Capable": false,
                                      "Startup Cost": 2.47,
                                      "Total Cost": 2.47,
                                      "Plan Rows": 5,
                                      "Plan Width": 4,
                                      "Plans": [
                                        {
                                          "Node Type": "Hash Join",
                                          "Parent Relationship": "Outer",
                                          "Parallel Aware": false,
                                          "Async Capable": false,
                                          "Join Type": "Inner",
                                          "Startup Cost": 1.07,
                                          "Total Cost": 2.47,
                                          "Plan Rows": 5,
                                          "Plan Width": 4,
                                          "Inner Unique": false,
                                          "Hash Cond": "(n1.n_regionkey = region.r_regionkey)",
                                          "Plans": [
                                            {
                                              "Node Type": "Seq Scan",
                                              "Parent Relationship": "Outer",
                                              "Parallel Aware": false,
                                              "Async Capable": false,
                                              "Relation Name": "nation",
                                              "Alias": "n1",
                                              "Startup Cost": 0.0,
                                              "Total Cost": 1.25,
                                              "Plan Rows": 25,
                                              "Plan Width": 8,
                                              "parent": 20,
                                              "ID": 21
                                            },
                                            {
                                              "Node Type": "Hash",
                                              "Parent Relationship": "Inner",
                                              "Parallel Aware": false,
                                              "Async Capable": false,
                                              "Startup Cost": 1.06,
                                              "Total Cost": 1.06,
                                              "Plan Rows": 1,
                                              "Plan Width": 4,
                                              "Plans": [
                                                {
                                                  "Node Type": "Seq Scan",
                                                  "Parent Relationship": "Outer",
                                                  "Parallel Aware": false,
                                                  "Async Capable": false,
                                                  "Relation Name": "region",
                                                  "Alias": "region",
                                                  "Startup Cost": 0.0,
                                                  "Total Cost": 1.06,
                                                  "Plan Rows": 1,
                                                  "Plan Width": 4,
                                                  "Filter": "(r_name = 'AFRICA'::bpchar)",
                                                  "parent": 22,
                                                  "ID": 23
                                                }
                                              ],
                                              "parent": 20,
                                              "ID": 22,
                                              "left": 23
                                            }
                                          ],
                                          "parent": 19,
                                          "ID": 20,
                                          "left": 21,
                                          "right": 22
                                        }
                                      ],
                                      "parent": 8,
                                      "ID": 19,
                                      "left": 20
                                    }
                                  ],
                                  "parent": 7,
                                  "ID": 8,
                                  "left": 9,
                                  "right": 19
                                }
                              ],
                              "parent": 5,
                              "ID": 7,
                              "left": 8
                            }
                          ],
                          "parent": 4,
                          "ID": 5,
                          "left": 6,
                          "right": 7
                        },
                        {
                          "Node Type": "Hash",
                          "Parent Relationship": "Inner",
                          "Parallel Aware": false,
                          "Async Capable": false,
                          "Startup Cost": 1.25,
                          "Total Cost": 1.25,
                          "Plan Rows": 25,
                          "Plan Width": 30,
                          "Plans": [
                            {
                              "Node Type": "Seq Scan",
                              "Parent Relationship": "Outer",
                              "Parallel Aware": false,
                              "Async Capable": false,
                              "Relation Name": "nation",
                              "Alias": "n2",
                              "Startup Cost": 0.0,
                              "Total Cost": 1.25,
                              "Plan Rows": 25,
                              "Plan Width": 30,
                              "parent": 24,
                              "ID": 25
                            }
                          ],
                          "parent": 4,
                          "ID": 24,
                          "left": 25
                        }
                      ],
                      "parent": 3,
                      "ID": 4,
                      "left": 5,
                      "right": 24
                    }
                  ],
                  "parent": 2,
                  "ID": 3,
                  "left": 4
                }
              ],
              "parent": 1,
              "ID": 2,
              "left": 3
            }
          ],
          "parent": 0,
          "ID": 1,
          "left": 2
        }
      ],
      "parent": null,
      "ID": 0,
      "left": 1
    },
    "feat": {
      "utility": 6.380921020918737e-07,
      "query_shape": [
        [
          "Seq Scan",
          "Hash Join",
          "Sort",
          "Aggregate",
          "Gather Merge"
        ],
        [
          "Seq Scan",
          "Hash Join",
          "Hash",
          "Sort",
          "Aggregate",
          "Gather Merge"
        ],
        [
          "Seq Scan",
          "Hash Join",
          "Hash",
          "Sort",
          "Aggregate",
          "Gather Merge"
        ],
        [
          "Seq Scan",
          "Hash Join",
          "Hash",
          "Sort",
          "Aggregate",
          "Gather Merge"
        ],
        [
          "Seq Scan",
          "Hash",
          "Hash Join",
          "Sort",
          "Aggregate",
          "Gather Merge"
        ],
        [
          "Seq Scan",
          "Hash Join",
          "Hash",
          "Sort",
          "Aggregate",
          "Gather Merge"
        ],
        [
          "Seq Scan",
          "Hash",
          "Hash Join",
          "Sort",
          "Aggregate",
          "Gather Merge"
        ],
        [
          "Seq Scan",
          "Hash",
          "Hash Join",
          "Sort",
          "Aggregate",
          "Gather Merge"
        ]
      ],
      "index_shape": [
        "join"
      ],
      "physical_operator": {
        "Hash Join": [
          0.0012649596394501718
        ]
      }
    }
  },
  {
    "query": "-- Functional Query Definition\n-- Approved February 1998\n\n\nselect\no_year,\nsum(case\nwhen nation = 'ALGERIA' then volume\nelse 0\nend) / sum(volume) as mkt_share\nfrom\n(\nselect\nextract(year from o_orderdate) as o_year,\nl_extendedprice * (1 - l_discount) as volume,\nn2.n_name as nation\nfrom\npart,\nsupplier,\nlineitem,\norders,\ncustomer,\nnation n1,\nnation n2,\nregion\nwhere\np_partkey = l_partkey\nand s_suppkey = l_suppkey\nand l_orderkey = o_orderkey\nand o_custkey = c_custkey\nand c_nationkey = n1.n_nationkey\nand n1.n_regionkey = r_regionkey\nand r_name = 'AFRICA'\nand s_nationkey = n2.n_nationkey\nand o_orderdate between date '1995-01-01' and date '1996-12-31'\nand p_type = 'STANDARD PLATED NICKEL'\n) as all_nations\ngroup by\no_year\norder by\no_year ;\n-- $ID$\n-- TPC-H/TPC-R Product Type Profit Measure ",
    "indexes": "customer.c_nationkey",
    "wo plan est": {
      "Node Type": "Aggregate",
      "Strategy": "Sorted",
      "Partial Mode": "Finalize",
      "Parallel Aware": false,
      "Async Capable": false,
      "Startup Cost": 1955785.01,
      "Total Cost": 1956486.84,
      "Plan Rows": 2406,
      "Plan Width": 64,
      "Group Key": [
        "(EXTRACT(year FROM orders.o_orderdate))"
      ],
      "Plans": [
        {
          "Node Type": "Gather Merge",
          "Parent Relationship": "Outer",
          "Parallel Aware": false,
          "Async Capable": false,
          "Startup Cost": 1955785.01,
          "Total Cost": 1956408.65,
          "Plan Rows": 2406,
          "Plan Width": 96,
          "Workers Planned": 1,
          "Plans": [
            {
              "Node Type": "Aggregate",
              "Strategy": "Sorted",
              "Partial Mode": "Partial",
              "Parent Relationship": "Outer",
              "Parallel Aware": false,
              "Async Capable": false,
              "Startup Cost": 1954785.0,
              "Total Cost": 1955137.96,
              "Plan Rows": 2406,
              "Plan Width": 96,
              "Group Key": [
                "(EXTRACT(year FROM orders.o_orderdate))"
              ],
              "Plans": [
                {
                  "Node Type": "Sort",
                  "Parent Relationship": "Outer",
                  "Parallel Aware": false,
                  "Async Capable": false,
                  "Startup Cost": 1954785.0,
                  "Total Cost": 1954819.54,
                  "Plan Rows": 13816,
                  "Plan Width": 70,
                  "Sort Key": [
                    "(EXTRACT(year FROM orders.o_orderdate))"
                  ],
                  "Plans": [
                    {
                      "Node Type": "Hash Join",
                      "Parent Relationship": "Outer",
                      "Parallel Aware": false,
                      "Async Capable": false,
                      "Join Type": "Inner",
                      "Startup Cost": 1950527.96,
                      "Total Cost": 1953834.87,
                      "Plan Rows": 13816,
                      "Plan Width": 70,
                      "Inner Unique": false,
                      "Hash Cond": "(supplier.s_nationkey = n2.n_nationkey)",
                      "Plans": [
                        {
                          "Node Type": "Hash Join",
                          "Parent Relationship": "Outer",
                          "Parallel Aware": true,
                          "Async Capable": false,
                          "Join Type": "Inner",
                          "Startup Cost": 1950526.4,
                          "Total Cost": 1953608.79,
                          "Plan Rows": 13816,
                          "Plan Width": 20,
                          "Inner Unique": false,
                          "Hash Cond": "(supplier.s_suppkey = lineitem.l_suppkey)",
                          "Plans": [
                            {
                              "Node Type": "Seq Scan",
                              "Parent Relationship": "Outer",
                              "Parallel Aware": true,
                              "Async Capable": false,
                              "Relation Name": "supplier",
                              "Alias": "supplier",
                              "Startup Cost": 0.0,
                              "Total Cost": 2804.24,
                              "Plan Rows": 58824,
                              "Plan Width": 8,
                              "parent": 5,
                              "ID": 6
                            },
                            {
                              "Node Type": "Hash",
                              "Parent Relationship": "Inner",
                              "Parallel Aware": true,
                              "Async Capable": false,
                              "Startup Cost": 1950404.06,
                              "Total Cost": 1950404.06,
                              "Plan Rows": 9787,
                              "Plan Width": 20,
                              "Plans": [
                                {
                                  "Node Type": "Hash Join",
                                  "Parent Relationship": "Outer",
                                  "Parallel Aware": false,
                                  "Async Capable": false,
                                  "Join Type": "Inner",
                                  "Startup Cost": 1905498.74,
                                  "Total Cost": 1950404.06,
                                  "Plan Rows": 9787,
                                  "Plan Width": 20,
                                  "Inner Unique": false,
                                  "Hash Cond": "(customer.c_nationkey = n1.n_nationkey)",
                                  "Plans": [
                                    {
                                      "Node Type": "Hash Join",
                                      "Parent Relationship": "Outer",
                                      "Parallel Aware": true,
                                      "Async Capable": false,
                                      "Join Type": "Inner",
                                      "Startup Cost": 1905496.2,
                                      "Total Cost": 1950120.18,
                                      "Plan Rows": 48932,
                                      "Plan Width": 24,
                                      "Inner Unique": false,
                                      "Hash Cond": "(customer.c_custkey = orders.o_custkey)",
                                      "Plans": [
                                        {
                                          "Node Type": "Seq Scan",
                                          "Parent Relationship": "Outer",
                                          "Parallel Aware": true,
                                          "Async Capable": false,
                                          "Relation Name": "customer",
                                          "Alias": "customer",
                                          "Startup Cost": 0.0,
                                          "Total Cost": 42076.52,
                                          "Plan Rows": 624952,
                                          "Plan Width": 8,
                                          "parent": 9,
                                          "ID": 10
                                        },
                                        {
                                          "Node Type": "Hash",
                                          "Parent Relationship": "Inner",
                                          "Parallel Aware": true,
                                          "Async Capable": false,
                                          "Startup Cost": 1904884.55,
                                          "Total Cost": 1904884.55,
                                          "Plan Rows": 48932,
                                          "Plan Width": 24,
                                          "Plans": [
                                            {
                                              "Node Type": "Hash Join",
                                              "Parent Relationship": "Outer",
                                              "Parallel Aware": true,
                                              "Async Capable": false,
                                              "Join Type": "Inner",
                                              "Startup Cost": 1523283.11,
                                              "Total Cost": 1904884.55,
                                              "Plan Rows": 48932,
                                              "Plan Width": 24,
                                              "Inner Unique": false,
                                              "Hash Cond": "(orders.o_orderkey = lineitem.l_orderkey)",
                                              "Plans": [
                                                {
                                                  "Node Type": "Seq Scan",
                                                  "Parent Relationship": "Outer",
                                                  "Parallel Aware": true,
                                                  "Async Capable": false,
                                                  "Relation Name": "orders",
                                                  "Alias": "orders",
                                                  "Startup Cost": 0.0,
                                                  "Total Cost": 354655.56,
                                                  "Plan Rows": 1909064,
                                                  "Plan Width": 12,
                                                  "Filter": "((o_orderdate >= '1995-01-01'::date) AND (o_orderdate <= '1996-12-31'::date))",
                                                  "parent": 12,
                                                  "ID": 13
                                                },
                                                {
                                                  "Node Type": "Hash",
                                                  "Parent Relationship": "Inner",
                                                  "Parallel Aware": true,
                                                  "Async Capable": false,
                                                  "Startup Cost": 1520341.76,
                                                  "Total Cost": 1520341.76,
                                                  "Plan Rows": 160188,
                                                  "Plan Width": 20,
                                                  "Plans": [
                                                    {
                                                      "Node Type": "Hash Join",
                                                      "Parent Relationship": "Outer",
                                                      "Parallel Aware": true,
                                                      "Async Capable": false,
                                                      "Join Type": "Inner",
                                                      "Startup Cost": 51447.53,
                                                      "Total Cost": 1520341.76,
                                                      "Plan Rows": 160188,
                                                      "Plan Width": 20,
                                                      "Inner Unique": false,
                                                      "Hash Cond": "(lineitem.l_partkey = part.p_partkey)",
                                                      "Plans": [
                                                        {
                                                          "Node Type": "Seq Scan",
                                                          "Parent Relationship": "Outer",
                                                          "Parallel Aware": true,
                                                          "Async Capable": false,
                                                          "Relation Name": "lineitem",
                                                          "Alias": "lineitem",
                                                          "Startup Cost": 0.0,
                                                          "Total Cost": 1374494.57,
                                                          "Plan Rows": 24995257,
                                                          "Plan Width": 24,
                                                          "parent": 15,
                                                          "ID": 16
                                                        },
                                                        {
                                                          "Node Type": "Hash",
                                                          "Parent Relationship": "Inner",
                                                          "Parallel Aware": true,
                                                          "Async Capable": false,
                                                          "Startup Cost": 51378.28,
                                                          "Total Cost": 51378.28,
                                                          "Plan Rows": 5540,
                                                          "Plan Width": 4,
                                                          "Plans": [
                                                            {
                                                              "Node Type": "Seq Scan",
                                                              "Parent Relationship": "Outer",
                                                              "Parallel Aware": true,
                                                              "Async Capable": false,
                                                              "Relation Name": "part",
                                                              "Alias": "part",
                                                              "Startup Cost": 0.0,
                                                              "Total Cost": 51378.28,
                                                              "Plan Rows": 5540,
                                                              "Plan Width": 4,
                                                              "Filter": "((p_type)::text = 'STANDARD PLATED NICKEL'::text)",
                                                              "parent": 17,
                                                              "ID": 18
                                                            }
                                                          ],
                                                          "parent": 15,
                                                          "ID": 17,
                                                          "left": 18
                                                        }
                                                      ],
                                                      "parent": 14,
                                                      "ID": 15,
                                                      "left": 16,
                                                      "right": 17
                                                    }
                                                  ],
                                                  "parent": 12,
                                                  "ID": 14,
                                                  "left": 15
                                                }
                                              ],
                                              "parent": 11,
                                              "ID": 12,
                                              "left": 13,
                                              "right": 14
                                            }
                                          ],
                                          "parent": 9,
                                          "ID": 11,
                                          "left": 12
                                        }
                                      ],
                                      "parent": 8,
                                      "ID": 9,
                                      "left": 10,
                                      "right": 11
                                    },
                                    {
                                      "Node Type": "Hash",
                                      "Parent Relationship": "Inner",
                                      "Parallel Aware": false,
                                      "Async Capable": false,
                                      "Startup Cost": 2.47,
                                      "Total Cost": 2.47,
                                      "Plan Rows": 5,
                                      "Plan Width": 4,
                                      "Plans": [
                                        {
                                          "Node Type": "Hash Join",
                                          "Parent Relationship": "Outer",
                                          "Parallel Aware": false,
                                          "Async Capable": false,
                                          "Join Type": "Inner",
                                          "Startup Cost": 1.07,
                                          "Total Cost": 2.47,
                                          "Plan Rows": 5,
                                          "Plan Width": 4,
                                          "Inner Unique": false,
                                          "Hash Cond": "(n1.n_regionkey = region.r_regionkey)",
                                          "Plans": [
                                            {
                                              "Node Type": "Seq Scan",
                                              "Parent Relationship": "Outer",
                                              "Parallel Aware": false,
                                              "Async Capable": false,
                                              "Relation Name": "nation",
                                              "Alias": "n1",
                                              "Startup Cost": 0.0,
                                              "Total Cost": 1.25,
                                              "Plan Rows": 25,
                                              "Plan Width": 8,
                                              "parent": 20,
                                              "ID": 21
                                            },
                                            {
                                              "Node Type": "Hash",
                                              "Parent Relationship": "Inner",
                                              "Parallel Aware": false,
                                              "Async Capable": false,
                                              "Startup Cost": 1.06,
                                              "Total Cost": 1.06,
                                              "Plan Rows": 1,
                                              "Plan Width": 4,
                                              "Plans": [
                                                {
                                                  "Node Type": "Seq Scan",
                                                  "Parent Relationship": "Outer",
                                                  "Parallel Aware": false,
                                                  "Async Capable": false,
                                                  "Relation Name": "region",
                                                  "Alias": "region",
                                                  "Startup Cost": 0.0,
                                                  "Total Cost": 1.06,
                                                  "Plan Rows": 1,
                                                  "Plan Width": 4,
                                                  "Filter": "(r_name = 'AFRICA'::bpchar)",
                                                  "parent": 22,
                                                  "ID": 23
                                                }
                                              ],
                                              "parent": 20,
                                              "ID": 22,
                                              "left": 23
                                            }
                                          ],
                                          "parent": 19,
                                          "ID": 20,
                                          "left": 21,
                                          "right": 22
                                        }
                                      ],
                                      "parent": 8,
                                      "ID": 19,
                                      "left": 20
                                    }
                                  ],
                                  "parent": 7,
                                  "ID": 8,
                                  "left": 9,
                                  "right": 19
                                }
                              ],
                              "parent": 5,
                              "ID": 7,
                              "left": 8
                            }
                          ],
                          "parent": 4,
                          "ID": 5,
                          "left": 6,
                          "right": 7
                        },
                        {
                          "Node Type": "Hash",
                          "Parent Relationship": "Inner",
                          "Parallel Aware": false,
                          "Async Capable": false,
                          "Startup Cost": 1.25,
                          "Total Cost": 1.25,
                          "Plan Rows": 25,
                          "Plan Width": 30,
                          "Plans": [
                            {
                              "Node Type": "Seq Scan",
                              "Parent Relationship": "Outer",
                              "Parallel Aware": false,
                              "Async Capable": false,
                              "Relation Name": "nation",
                              "Alias": "n2",
                              "Startup Cost": 0.0,
                              "Total Cost": 1.25,
                              "Plan Rows": 25,
                              "Plan Width": 30,
                              "parent": 24,
                              "ID": 25
                            }
                          ],
                          "parent": 4,
                          "ID": 24,
                          "left": 25
                        }
                      ],
                      "parent": 3,
                      "ID": 4,
                      "left": 5,
                      "right": 24
                    }
                  ],
                  "parent": 2,
                  "ID": 3,
                  "left": 4
                }
              ],
              "parent": 1,
              "ID": 2,
              "left": 3
            }
          ],
          "parent": 0,
          "ID": 1,
          "left": 2
        }
      ],
      "parent": null,
      "ID": 0,
      "left": 1
    },
    "feat": {
      "utility": 5.11116311122697e-07,
      "query_shape": [
        [
          "Seq Scan",
          "Hash Join",
          "Sort",
          "Aggregate",
          "Gather Merge"
        ],
        [
          "Seq Scan",
          "Hash Join",
          "Hash",
          "Sort",
          "Aggregate",
          "Gather Merge"
        ],
        [
          "Seq Scan",
          "Hash Join",
          "Hash",
          "Sort",
          "Aggregate",
          "Gather Merge"
        ],
        [
          "Seq Scan",
          "Hash Join",
          "Hash",
          "Sort",
          "Aggregate",
          "Gather Merge"
        ],
        [
          "Seq Scan",
          "Hash",
          "Hash Join",
          "Sort",
          "Aggregate",
          "Gather Merge"
        ],
        [
          "Seq Scan",
          "Hash Join",
          "Hash",
          "Sort",
          "Aggregate",
          "Gather Merge"
        ],
        [
          "Seq Scan",
          "Hash",
          "Hash Join",
          "Sort",
          "Aggregate",
          "Gather Merge"
        ],
        [
          "Seq Scan",
          "Hash",
          "Hash Join",
          "Sort",
          "Aggregate",
          "Gather Merge"
        ]
      ],
      "index_shape": [
        "join"
      ],
      "physical_operator": {
        "Hash Join": [
          0.20000613086327806
        ]
      }
    }
  },
  {
    "query": "-- Functional Query Definition\n-- Approved February 1998\n\n\nselect\no_year,\nsum(case\nwhen nation = 'ALGERIA' then volume\nelse 0\nend) / sum(volume) as mkt_share\nfrom\n(\nselect\nextract(year from o_orderdate) as o_year,\nl_extendedprice * (1 - l_discount) as volume,\nn2.n_name as nation\nfrom\npart,\nsupplier,\nlineitem,\norders,\ncustomer,\nnation n1,\nnation n2,\nregion\nwhere\np_partkey = l_partkey\nand s_suppkey = l_suppkey\nand l_orderkey = o_orderkey\nand o_custkey = c_custkey\nand c_nationkey = n1.n_nationkey\nand n1.n_regionkey = r_regionkey\nand r_name = 'AFRICA'\nand s_nationkey = n2.n_nationkey\nand o_orderdate between date '1995-01-01' and date '1996-12-31'\nand p_type = 'STANDARD PLATED NICKEL'\n) as all_nations\ngroup by\no_year\norder by\no_year ;\n-- $ID$\n-- TPC-H/TPC-R Product Type Profit Measure ",
    "indexes": "lineitem.l_orderkey",
    "wo plan est": {
      "Node Type": "Aggregate",
      "Strategy": "Sorted",
      "Partial Mode": "Finalize",
      "Parallel Aware": false,
      "Async Capable": false,
      "Startup Cost": 1955785.01,
      "Total Cost": 1956486.84,
      "Plan Rows": 2406,
      "Plan Width": 64,
      "Group Key": [
        "(EXTRACT(year FROM orders.o_orderdate))"
      ],
      "Plans": [
        {
          "Node Type": "Gather Merge",
          "Parent Relationship": "Outer",
          "Parallel Aware": false,
          "Async Capable": false,
          "Startup Cost": 1955785.01,
          "Total Cost": 1956408.65,
          "Plan Rows": 2406,
          "Plan Width": 96,
          "Workers Planned": 1,
          "Plans": [
            {
              "Node Type": "Aggregate",
              "Strategy": "Sorted",
              "Partial Mode": "Partial",
              "Parent Relationship": "Outer",
              "Parallel Aware": false,
              "Async Capable": false,
              "Startup Cost": 1954785.0,
              "Total Cost": 1955137.96,
              "Plan Rows": 2406,
              "Plan Width": 96,
              "Group Key": [
                "(EXTRACT(year FROM orders.o_orderdate))"
              ],
              "Plans": [
                {
                  "Node Type": "Sort",
                  "Parent Relationship": "Outer",
                  "Parallel Aware": false,
                  "Async Capable": false,
                  "Startup Cost": 1954785.0,
                  "Total Cost": 1954819.54,
                  "Plan Rows": 13816,
                  "Plan Width": 70,
                  "Sort Key": [
                    "(EXTRACT(year FROM orders.o_orderdate))"
                  ],
                  "Plans": [
                    {
                      "Node Type": "Hash Join",
                      "Parent Relationship": "Outer",
                      "Parallel Aware": false,
                      "Async Capable": false,
                      "Join Type": "Inner",
                      "Startup Cost": 1950527.96,
                      "Total Cost": 1953834.87,
                      "Plan Rows": 13816,
                      "Plan Width": 70,
                      "Inner Unique": false,
                      "Hash Cond": "(supplier.s_nationkey = n2.n_nationkey)",
                      "Plans": [
                        {
                          "Node Type": "Hash Join",
                          "Parent Relationship": "Outer",
                          "Parallel Aware": true,
                          "Async Capable": false,
                          "Join Type": "Inner",
                          "Startup Cost": 1950526.4,
                          "Total Cost": 1953608.79,
                          "Plan Rows": 13816,
                          "Plan Width": 20,
                          "Inner Unique": false,
                          "Hash Cond": "(supplier.s_suppkey = lineitem.l_suppkey)",
                          "Plans": [
                            {
                              "Node Type": "Seq Scan",
                              "Parent Relationship": "Outer",
                              "Parallel Aware": true,
                              "Async Capable": false,
                              "Relation Name": "supplier",
                              "Alias": "supplier",
                              "Startup Cost": 0.0,
                              "Total Cost": 2804.24,
                              "Plan Rows": 58824,
                              "Plan Width": 8,
                              "parent": 5,
                              "ID": 6
                            },
                            {
                              "Node Type": "Hash",
                              "Parent Relationship": "Inner",
                              "Parallel Aware": true,
                              "Async Capable": false,
                              "Startup Cost": 1950404.06,
                              "Total Cost": 1950404.06,
                              "Plan Rows": 9787,
                              "Plan Width": 20,
                              "Plans": [
                                {
                                  "Node Type": "Hash Join",
                                  "Parent Relationship": "Outer",
                                  "Parallel Aware": false,
                                  "Async Capable": false,
                                  "Join Type": "Inner",
                                  "Startup Cost": 1905498.74,
                                  "Total Cost": 1950404.06,
                                  "Plan Rows": 9787,
                                  "Plan Width": 20,
                                  "Inner Unique": false,
                                  "Hash Cond": "(customer.c_nationkey = n1.n_nationkey)",
                                  "Plans": [
                                    {
                                      "Node Type": "Hash Join",
                                      "Parent Relationship": "Outer",
                                      "Parallel Aware": true,
                                      "Async Capable": false,
                                      "Join Type": "Inner",
                                      "Startup Cost": 1905496.2,
                                      "Total Cost": 1950120.18,
                                      "Plan Rows": 48932,
                                      "Plan Width": 24,
                                      "Inner Unique": false,
                                      "Hash Cond": "(customer.c_custkey = orders.o_custkey)",
                                      "Plans": [
                                        {
                                          "Node Type": "Seq Scan",
                                          "Parent Relationship": "Outer",
                                          "Parallel Aware": true,
                                          "Async Capable": false,
                                          "Relation Name": "customer",
                                          "Alias": "customer",
                                          "Startup Cost": 0.0,
                                          "Total Cost": 42076.52,
                                          "Plan Rows": 624952,
                                          "Plan Width": 8,
                                          "parent": 9,
                                          "ID": 10
                                        },
                                        {
                                          "Node Type": "Hash",
                                          "Parent Relationship": "Inner",
                                          "Parallel Aware": true,
                                          "Async Capable": false,
                                          "Startup Cost": 1904884.55,
                                          "Total Cost": 1904884.55,
                                          "Plan Rows": 48932,
                                          "Plan Width": 24,
                                          "Plans": [
                                            {
                                              "Node Type": "Hash Join",
                                              "Parent Relationship": "Outer",
                                              "Parallel Aware": true,
                                              "Async Capable": false,
                                              "Join Type": "Inner",
                                              "Startup Cost": 1523283.11,
                                              "Total Cost": 1904884.55,
                                              "Plan Rows": 48932,
                                              "Plan Width": 24,
                                              "Inner Unique": false,
                                              "Hash Cond": "(orders.o_orderkey = lineitem.l_orderkey)",
                                              "Plans": [
                                                {
                                                  "Node Type": "Seq Scan",
                                                  "Parent Relationship": "Outer",
                                                  "Parallel Aware": true,
                                                  "Async Capable": false,
                                                  "Relation Name": "orders",
                                                  "Alias": "orders",
                                                  "Startup Cost": 0.0,
                                                  "Total Cost": 354655.56,
                                                  "Plan Rows": 1909064,
                                                  "Plan Width": 12,
                                                  "Filter": "((o_orderdate >= '1995-01-01'::date) AND (o_orderdate <= '1996-12-31'::date))",
                                                  "parent": 12,
                                                  "ID": 13
                                                },
                                                {
                                                  "Node Type": "Hash",
                                                  "Parent Relationship": "Inner",
                                                  "Parallel Aware": true,
                                                  "Async Capable": false,
                                                  "Startup Cost": 1520341.76,
                                                  "Total Cost": 1520341.76,
                                                  "Plan Rows": 160188,
                                                  "Plan Width": 20,
                                                  "Plans": [
                                                    {
                                                      "Node Type": "Hash Join",
                                                      "Parent Relationship": "Outer",
                                                      "Parallel Aware": true,
                                                      "Async Capable": false,
                                                      "Join Type": "Inner",
                                                      "Startup Cost": 51447.53,
                                                      "Total Cost": 1520341.76,
                                                      "Plan Rows": 160188,
                                                      "Plan Width": 20,
                                                      "Inner Unique": false,
                                                      "Hash Cond": "(lineitem.l_partkey = part.p_partkey)",
                                                      "Plans": [
                                                        {
                                                          "Node Type": "Seq Scan",
                                                          "Parent Relationship": "Outer",
                                                          "Parallel Aware": true,
                                                          "Async Capable": false,
                                                          "Relation Name": "lineitem",
                                                          "Alias": "lineitem",
                                                          "Startup Cost": 0.0,
                                                          "Total Cost": 1374494.57,
                                                          "Plan Rows": 24995257,
                                                          "Plan Width": 24,
                                                          "parent": 15,
                                                          "ID": 16
                                                        },
                                                        {
                                                          "Node Type": "Hash",
                                                          "Parent Relationship": "Inner",
                                                          "Parallel Aware": true,
                                                          "Async Capable": false,
                                                          "Startup Cost": 51378.28,
                                                          "Total Cost": 51378.28,
                                                          "Plan Rows": 5540,
                                                          "Plan Width": 4,
                                                          "Plans": [
                                                            {
                                                              "Node Type": "Seq Scan",
                                                              "Parent Relationship": "Outer",
                                                              "Parallel Aware": true,
                                                              "Async Capable": false,
                                                              "Relation Name": "part",
                                                              "Alias": "part",
                                                              "Startup Cost": 0.0,
                                                              "Total Cost": 51378.28,
                                                              "Plan Rows": 5540,
                                                              "Plan Width": 4,
                                                              "Filter": "((p_type)::text = 'STANDARD PLATED NICKEL'::text)",
                                                              "parent": 17,
                                                              "ID": 18
                                                            }
                                                          ],
                                                          "parent": 15,
                                                          "ID": 17,
                                                          "left": 18
                                                        }
                                                      ],
                                                      "parent": 14,
                                                      "ID": 15,
                                                      "left": 16,
                                                      "right": 17
                                                    }
                                                  ],
                                                  "parent": 12,
                                                  "ID": 14,
                                                  "left": 15
                                                }
                                              ],
                                              "parent": 11,
                                              "ID": 12,
                                              "left": 13,
                                              "right": 14
                                            }
                                          ],
                                          "parent": 9,
                                          "ID": 11,
                                          "left": 12
                                        }
                                      ],
                                      "parent": 8,
                                      "ID": 9,
                                      "left": 10,
                                      "right": 11
                                    },
                                    {
                                      "Node Type": "Hash",
                                      "Parent Relationship": "Inner",
                                      "Parallel Aware": false,
                                      "Async Capable": false,
                                      "Startup Cost": 2.47,
                                      "Total Cost": 2.47,
                                      "Plan Rows": 5,
                                      "Plan Width": 4,
                                      "Plans": [
                                        {
                                          "Node Type": "Hash Join",
                                          "Parent Relationship": "Outer",
                                          "Parallel Aware": false,
                                          "Async Capable": false,
                                          "Join Type": "Inner",
                                          "Startup Cost": 1.07,
                                          "Total Cost": 2.47,
                                          "Plan Rows": 5,
                                          "Plan Width": 4,
                                          "Inner Unique": false,
                                          "Hash Cond": "(n1.n_regionkey = region.r_regionkey)",
                                          "Plans": [
                                            {
                                              "Node Type": "Seq Scan",
                                              "Parent Relationship": "Outer",
                                              "Parallel Aware": false,
                                              "Async Capable": false,
                                              "Relation Name": "nation",
                                              "Alias": "n1",
                                              "Startup Cost": 0.0,
                                              "Total Cost": 1.25,
                                              "Plan Rows": 25,
                                              "Plan Width": 8,
                                              "parent": 20,
                                              "ID": 21
                                            },
                                            {
                                              "Node Type": "Hash",
                                              "Parent Relationship": "Inner",
                                              "Parallel Aware": false,
                                              "Async Capable": false,
                                              "Startup Cost": 1.06,
                                              "Total Cost": 1.06,
                                              "Plan Rows": 1,
                                              "Plan Width": 4,
                                              "Plans": [
                                                {
                                                  "Node Type": "Seq Scan",
                                                  "Parent Relationship": "Outer",
                                                  "Parallel Aware": false,
                                                  "Async Capable": false,
                                                  "Relation Name": "region",
                                                  "Alias": "region",
                                                  "Startup Cost": 0.0,
                                                  "Total Cost": 1.06,
                                                  "Plan Rows": 1,
                                                  "Plan Width": 4,
                                                  "Filter": "(r_name = 'AFRICA'::bpchar)",
                                                  "parent": 22,
                                                  "ID": 23
                                                }
                                              ],
                                              "parent": 20,
                                              "ID": 22,
                                              "left": 23
                                            }
                                          ],
                                          "parent": 19,
                                          "ID": 20,
                                          "left": 21,
                                          "right": 22
                                        }
                                      ],
                                      "parent": 8,
                                      "ID": 19,
                                      "left": 20
                                    }
                                  ],
                                  "parent": 7,
                                  "ID": 8,
                                  "left": 9,
                                  "right": 19
                                }
                              ],
                              "parent": 5,
                              "ID": 7,
                              "left": 8
                            }
                          ],
                          "parent": 4,
                          "ID": 5,
                          "left": 6,
                          "right": 7
                        },
                        {
                          "Node Type": "Hash",
                          "Parent Relationship": "Inner",
                          "Parallel Aware": false,
                          "Async Capable": false,
                          "Startup Cost": 1.25,
                          "Total Cost": 1.25,
                          "Plan Rows": 25,
                          "Plan Width": 30,
                          "Plans": [
                            {
                              "Node Type": "Seq Scan",
                              "Parent Relationship": "Outer",
                              "Parallel Aware": false,
                              "Async Capable": false,
                              "Relation Name": "nation",
                              "Alias": "n2",
                              "Startup Cost": 0.0,
                              "Total Cost": 1.25,
                              "Plan Rows": 25,
                              "Plan Width": 30,
                              "parent": 24,
                              "ID": 25
                            }
                          ],
                          "parent": 4,
                          "ID": 24,
                          "left": 25
                        }
                      ],
                      "parent": 3,
                      "ID": 4,
                      "left": 5,
                      "right": 24
                    }
                  ],
                  "parent": 2,
                  "ID": 3,
                  "left": 4
                }
              ],
              "parent": 1,
              "ID": 2,
              "left": 3
            }
          ],
          "parent": 0,
          "ID": 1,
          "left": 2
        }
      ],
      "parent": null,
      "ID": 0,
      "left": 1
    },
    "feat": {
      "utility": 6.386447184269642e-07,
      "query_shape": [
        [
          "Seq Scan",
          "Hash Join",
          "Sort",
          "Aggregate",
          "Gather Merge"
        ],
        [
          "Seq Scan",
          "Hash Join",
          "Hash",
          "Sort",
          "Aggregate",
          "Gather Merge"
        ],
        [
          "Seq Scan",
          "Hash Join",
          "Hash",
          "Sort",
          "Aggregate",
          "Gather Merge"
        ],
        [
          "Seq Scan",
          "Hash Join",
          "Hash",
          "Sort",
          "Aggregate",
          "Gather Merge"
        ],
        [
          "Seq Scan",
          "Hash",
          "Hash Join",
          "Sort",
          "Aggregate",
          "Gather Merge"
        ],
        [
          "Seq Scan",
          "Hash Join",
          "Hash",
          "Sort",
          "Aggregate",
          "Gather Merge"
        ],
        [
          "Seq Scan",
          "Hash",
          "Hash Join",
          "Sort",
          "Aggregate",
          "Gather Merge"
        ],
        [
          "Seq Scan",
          "Hash",
          "Hash Join",
          "Sort",
          "Aggregate",
          "Gather Merge"
        ]
      ],
      "index_shape": [
        "join"
      ],
      "physical_operator": {
        "Hash Join": [
          0.00040001036971116453
        ]
      }
    }
  },
  {
    "query": "-- Functional Query Definition\n-- Approved February 1998\n\n\nselect\no_year,\nsum(case\nwhen nation = 'ALGERIA' then volume\nelse 0\nend) / sum(volume) as mkt_share\nfrom\n(\nselect\nextract(year from o_orderdate) as o_year,\nl_extendedprice * (1 - l_discount) as volume,\nn2.n_name as nation\nfrom\npart,\nsupplier,\nlineitem,\norders,\ncustomer,\nnation n1,\nnation n2,\nregion\nwhere\np_partkey = l_partkey\nand s_suppkey = l_suppkey\nand l_orderkey = o_orderkey\nand o_custkey = c_custkey\nand c_nationkey = n1.n_nationkey\nand n1.n_regionkey = r_regionkey\nand r_name = 'AFRICA'\nand s_nationkey = n2.n_nationkey\nand o_orderdate between date '1995-01-01' and date '1996-12-31'\nand p_type = 'STANDARD PLATED NICKEL'\n) as all_nations\ngroup by\no_year\norder by\no_year ;\n-- $ID$\n-- TPC-H/TPC-R Product Type Profit Measure ",
    "indexes": "lineitem.l_partkey",
    "wo plan est": {
      "Node Type": "Aggregate",
      "Strategy": "Sorted",
      "Partial Mode": "Finalize",
      "Parallel Aware": false,
      "Async Capable": false,
      "Startup Cost": 1955785.01,
      "Total Cost": 1956486.84,
      "Plan Rows": 2406,
      "Plan Width": 64,
      "Group Key": [
        "(EXTRACT(year FROM orders.o_orderdate))"
      ],
      "Plans": [
        {
          "Node Type": "Gather Merge",
          "Parent Relationship": "Outer",
          "Parallel Aware": false,
          "Async Capable": false,
          "Startup Cost": 1955785.01,
          "Total Cost": 1956408.65,
          "Plan Rows": 2406,
          "Plan Width": 96,
          "Workers Planned": 1,
          "Plans": [
            {
              "Node Type": "Aggregate",
              "Strategy": "Sorted",
              "Partial Mode": "Partial",
              "Parent Relationship": "Outer",
              "Parallel Aware": false,
              "Async Capable": false,
              "Startup Cost": 1954785.0,
              "Total Cost": 1955137.96,
              "Plan Rows": 2406,
              "Plan Width": 96,
              "Group Key": [
                "(EXTRACT(year FROM orders.o_orderdate))"
              ],
              "Plans": [
                {
                  "Node Type": "Sort",
                  "Parent Relationship": "Outer",
                  "Parallel Aware": false,
                  "Async Capable": false,
                  "Startup Cost": 1954785.0,
                  "Total Cost": 1954819.54,
                  "Plan Rows": 13816,
                  "Plan Width": 70,
                  "Sort Key": [
                    "(EXTRACT(year FROM orders.o_orderdate))"
                  ],
                  "Plans": [
                    {
                      "Node Type": "Hash Join",
                      "Parent Relationship": "Outer",
                      "Parallel Aware": false,
                      "Async Capable": false,
                      "Join Type": "Inner",
                      "Startup Cost": 1950527.96,
                      "Total Cost": 1953834.87,
                      "Plan Rows": 13816,
                      "Plan Width": 70,
                      "Inner Unique": false,
                      "Hash Cond": "(supplier.s_nationkey = n2.n_nationkey)",
                      "Plans": [
                        {
                          "Node Type": "Hash Join",
                          "Parent Relationship": "Outer",
                          "Parallel Aware": true,
                          "Async Capable": false,
                          "Join Type": "Inner",
                          "Startup Cost": 1950526.4,
                          "Total Cost": 1953608.79,
                          "Plan Rows": 13816,
                          "Plan Width": 20,
                          "Inner Unique": false,
                          "Hash Cond": "(supplier.s_suppkey = lineitem.l_suppkey)",
                          "Plans": [
                            {
                              "Node Type": "Seq Scan",
                              "Parent Relationship": "Outer",
                              "Parallel Aware": true,
                              "Async Capable": false,
                              "Relation Name": "supplier",
                              "Alias": "supplier",
                              "Startup Cost": 0.0,
                              "Total Cost": 2804.24,
                              "Plan Rows": 58824,
                              "Plan Width": 8,
                              "parent": 5,
                              "ID": 6
                            },
                            {
                              "Node Type": "Hash",
                              "Parent Relationship": "Inner",
                              "Parallel Aware": true,
                              "Async Capable": false,
                              "Startup Cost": 1950404.06,
                              "Total Cost": 1950404.06,
                              "Plan Rows": 9787,
                              "Plan Width": 20,
                              "Plans": [
                                {
                                  "Node Type": "Hash Join",
                                  "Parent Relationship": "Outer",
                                  "Parallel Aware": false,
                                  "Async Capable": false,
                                  "Join Type": "Inner",
                                  "Startup Cost": 1905498.74,
                                  "Total Cost": 1950404.06,
                                  "Plan Rows": 9787,
                                  "Plan Width": 20,
                                  "Inner Unique": false,
                                  "Hash Cond": "(customer.c_nationkey = n1.n_nationkey)",
                                  "Plans": [
                                    {
                                      "Node Type": "Hash Join",
                                      "Parent Relationship": "Outer",
                                      "Parallel Aware": true,
                                      "Async Capable": false,
                                      "Join Type": "Inner",
                                      "Startup Cost": 1905496.2,
                                      "Total Cost": 1950120.18,
                                      "Plan Rows": 48932,
                                      "Plan Width": 24,
                                      "Inner Unique": false,
                                      "Hash Cond": "(customer.c_custkey = orders.o_custkey)",
                                      "Plans": [
                                        {
                                          "Node Type": "Seq Scan",
                                          "Parent Relationship": "Outer",
                                          "Parallel Aware": true,
                                          "Async Capable": false,
                                          "Relation Name": "customer",
                                          "Alias": "customer",
                                          "Startup Cost": 0.0,
                                          "Total Cost": 42076.52,
                                          "Plan Rows": 624952,
                                          "Plan Width": 8,
                                          "parent": 9,
                                          "ID": 10
                                        },
                                        {
                                          "Node Type": "Hash",
                                          "Parent Relationship": "Inner",
                                          "Parallel Aware": true,
                                          "Async Capable": false,
                                          "Startup Cost": 1904884.55,
                                          "Total Cost": 1904884.55,
                                          "Plan Rows": 48932,
                                          "Plan Width": 24,
                                          "Plans": [
                                            {
                                              "Node Type": "Hash Join",
                                              "Parent Relationship": "Outer",
                                              "Parallel Aware": true,
                                              "Async Capable": false,
                                              "Join Type": "Inner",
                                              "Startup Cost": 1523283.11,
                                              "Total Cost": 1904884.55,
                                              "Plan Rows": 48932,
                                              "Plan Width": 24,
                                              "Inner Unique": false,
                                              "Hash Cond": "(orders.o_orderkey = lineitem.l_orderkey)",
                                              "Plans": [
                                                {
                                                  "Node Type": "Seq Scan",
                                                  "Parent Relationship": "Outer",
                                                  "Parallel Aware": true,
                                                  "Async Capable": false,
                                                  "Relation Name": "orders",
                                                  "Alias": "orders",
                                                  "Startup Cost": 0.0,
                                                  "Total Cost": 354655.56,
                                                  "Plan Rows": 1909064,
                                                  "Plan Width": 12,
                                                  "Filter": "((o_orderdate >= '1995-01-01'::date) AND (o_orderdate <= '1996-12-31'::date))",
                                                  "parent": 12,
                                                  "ID": 13
                                                },
                                                {
                                                  "Node Type": "Hash",
                                                  "Parent Relationship": "Inner",
                                                  "Parallel Aware": true,
                                                  "Async Capable": false,
                                                  "Startup Cost": 1520341.76,
                                                  "Total Cost": 1520341.76,
                                                  "Plan Rows": 160188,
                                                  "Plan Width": 20,
                                                  "Plans": [
                                                    {
                                                      "Node Type": "Hash Join",
                                                      "Parent Relationship": "Outer",
                                                      "Parallel Aware": true,
                                                      "Async Capable": false,
                                                      "Join Type": "Inner",
                                                      "Startup Cost": 51447.53,
                                                      "Total Cost": 1520341.76,
                                                      "Plan Rows": 160188,
                                                      "Plan Width": 20,
                                                      "Inner Unique": false,
                                                      "Hash Cond": "(lineitem.l_partkey = part.p_partkey)",
                                                      "Plans": [
                                                        {
                                                          "Node Type": "Seq Scan",
                                                          "Parent Relationship": "Outer",
                                                          "Parallel Aware": true,
                                                          "Async Capable": false,
                                                          "Relation Name": "lineitem",
                                                          "Alias": "lineitem",
                                                          "Startup Cost": 0.0,
                                                          "Total Cost": 1374494.57,
                                                          "Plan Rows": 24995257,
                                                          "Plan Width": 24,
                                                          "parent": 15,
                                                          "ID": 16
                                                        },
                                                        {
                                                          "Node Type": "Hash",
                                                          "Parent Relationship": "Inner",
                                                          "Parallel Aware": true,
                                                          "Async Capable": false,
                                                          "Startup Cost": 51378.28,
                                                          "Total Cost": 51378.28,
                                                          "Plan Rows": 5540,
                                                          "Plan Width": 4,
                                                          "Plans": [
                                                            {
                                                              "Node Type": "Seq Scan",
                                                              "Parent Relationship": "Outer",
                                                              "Parallel Aware": true,
                                                              "Async Capable": false,
                                                              "Relation Name": "part",
                                                              "Alias": "part",
                                                              "Startup Cost": 0.0,
                                                              "Total Cost": 51378.28,
                                                              "Plan Rows": 5540,
                                                              "Plan Width": 4,
                                                              "Filter": "((p_type)::text = 'STANDARD PLATED NICKEL'::text)",
                                                              "parent": 17,
                                                              "ID": 18
                                                            }
                                                          ],
                                                          "parent": 15,
                                                          "ID": 17,
                                                          "left": 18
                                                        }
                                                      ],
                                                      "parent": 14,
                                                      "ID": 15,
                                                      "left": 16,
                                                      "right": 17
                                                    }
                                                  ],
                                                  "parent": 12,
                                                  "ID": 14,
                                                  "left": 15
                                                }
                                              ],
                                              "parent": 11,
                                              "ID": 12,
                                              "left": 13,
                                              "right": 14
                                            }
                                          ],
                                          "parent": 9,
                                          "ID": 11,
                                          "left": 12
                                        }
                                      ],
                                      "parent": 8,
                                      "ID": 9,
                                      "left": 10,
                                      "right": 11
                                    },
                                    {
                                      "Node Type": "Hash",
                                      "Parent Relationship": "Inner",
                                      "Parallel Aware": false,
                                      "Async Capable": false,
                                      "Startup Cost": 2.47,
                                      "Total Cost": 2.47,
                                      "Plan Rows": 5,
                                      "Plan Width": 4,
                                      "Plans": [
                                        {
                                          "Node Type": "Hash Join",
                                          "Parent Relationship": "Outer",
                                          "Parallel Aware": false,
                                          "Async Capable": false,
                                          "Join Type": "Inner",
                                          "Startup Cost": 1.07,
                                          "Total Cost": 2.47,
                                          "Plan Rows": 5,
                                          "Plan Width": 4,
                                          "Inner Unique": false,
                                          "Hash Cond": "(n1.n_regionkey = region.r_regionkey)",
                                          "Plans": [
                                            {
                                              "Node Type": "Seq Scan",
                                              "Parent Relationship": "Outer",
                                              "Parallel Aware": false,
                                              "Async Capable": false,
                                              "Relation Name": "nation",
                                              "Alias": "n1",
                                              "Startup Cost": 0.0,
                                              "Total Cost": 1.25,
                                              "Plan Rows": 25,
                                              "Plan Width": 8,
                                              "parent": 20,
                                              "ID": 21
                                            },
                                            {
                                              "Node Type": "Hash",
                                              "Parent Relationship": "Inner",
                                              "Parallel Aware": false,
                                              "Async Capable": false,
                                              "Startup Cost": 1.06,
                                              "Total Cost": 1.06,
                                              "Plan Rows": 1,
                                              "Plan Width": 4,
                                              "Plans": [
                                                {
                                                  "Node Type": "Seq Scan",
                                                  "Parent Relationship": "Outer",
                                                  "Parallel Aware": false,
                                                  "Async Capable": false,
                                                  "Relation Name": "region",
                                                  "Alias": "region",
                                                  "Startup Cost": 0.0,
                                                  "Total Cost": 1.06,
                                                  "Plan Rows": 1,
                                                  "Plan Width": 4,
                                                  "Filter": "(r_name = 'AFRICA'::bpchar)",
                                                  "parent": 22,
                                                  "ID": 23
                                                }
                                              ],
                                              "parent": 20,
                                              "ID": 22,
                                              "left": 23
                                            }
                                          ],
                                          "parent": 19,
                                          "ID": 20,
                                          "left": 21,
                                          "right": 22
                                        }
                                      ],
                                      "parent": 8,
                                      "ID": 19,
                                      "left": 20
                                    }
                                  ],
                                  "parent": 7,
                                  "ID": 8,
                                  "left": 9,
                                  "right": 19
                                }
                              ],
                              "parent": 5,
                              "ID": 7,
                              "left": 8
                            }
                          ],
                          "parent": 4,
                          "ID": 5,
                          "left": 6,
                          "right": 7
                        },
                        {
                          "Node Type": "Hash",
                          "Parent Relationship": "Inner",
                          "Parallel Aware": false,
                          "Async Capable": false,
                          "Startup Cost": 1.25,
                          "Total Cost": 1.25,
                          "Plan Rows": 25,
                          "Plan Width": 30,
                          "Plans": [
                            {
                              "Node Type": "Seq Scan",
                              "Parent Relationship": "Outer",
                              "Parallel Aware": false,
                              "Async Capable": false,
                              "Relation Name": "nation",
                              "Alias": "n2",
                              "Startup Cost": 0.0,
                              "Total Cost": 1.25,
                              "Plan Rows": 25,
                              "Plan Width": 30,
                              "parent": 24,
                              "ID": 25
                            }
                          ],
                          "parent": 4,
                          "ID": 24,
                          "left": 25
                        }
                      ],
                      "parent": 3,
                      "ID": 4,
                      "left": 5,
                      "right": 24
                    }
                  ],
                  "parent": 2,
                  "ID": 3,
                  "left": 4
                }
              ],
              "parent": 1,
              "ID": 2,
              "left": 3
            }
          ],
          "parent": 0,
          "ID": 1,
          "left": 2
        }
      ],
      "parent": null,
      "ID": 0,
      "left": 1
    },
    "feat": {
      "utility": 6.382131148580048e-07,
      "query_shape": [
        [
          "Seq Scan",
          "Hash Join",
          "Sort",
          "Aggregate",
          "Gather Merge"
        ],
        [
          "Seq Scan",
          "Hash Join",
          "Hash",
          "Sort",
          "Aggregate",
          "Gather Merge"
        ],
        [
          "Seq Scan",
          "Hash Join",
          "Hash",
          "Sort",
          "Aggregate",
          "Gather Merge"
        ],
        [
          "Seq Scan",
          "Hash Join",
          "Hash",
          "Sort",
          "Aggregate",
          "Gather Merge"
        ],
        [
          "Seq Scan",
          "Hash",
          "Hash Join",
          "Sort",
          "Aggregate",
          "Gather Merge"
        ],
        [
          "Seq Scan",
          "Hash Join",
          "Hash",
          "Sort",
          "Aggregate",
          "Gather Merge"
        ],
        [
          "Seq Scan",
          "Hash",
          "Hash Join",
          "Sort",
          "Aggregate",
          "Gather Merge"
        ],
        [
          "Seq Scan",
          "Hash",
          "Hash Join",
          "Sort",
          "Aggregate",
          "Gather Merge"
        ]
      ],
      "index_shape": [
        "join"
      ],
      "physical_operator": {
        "Hash Join": [
          0.0010755517319240547
        ]
      }
    }
  },
  {
    "query": "-- Functional Query Definition\n-- Approved February 1998\n\n\nselect\no_year,\nsum(case\nwhen nation = 'ALGERIA' then volume\nelse 0\nend) / sum(volume) as mkt_share\nfrom\n(\nselect\nextract(year from o_orderdate) as o_year,\nl_extendedprice * (1 - l_discount) as volume,\nn2.n_name as nation\nfrom\npart,\nsupplier,\nlineitem,\norders,\ncustomer,\nnation n1,\nnation n2,\nregion\nwhere\np_partkey = l_partkey\nand s_suppkey = l_suppkey\nand l_orderkey = o_orderkey\nand o_custkey = c_custkey\nand c_nationkey = n1.n_nationkey\nand n1.n_regionkey = r_regionkey\nand r_name = 'AFRICA'\nand s_nationkey = n2.n_nationkey\nand o_orderdate between date '1995-01-01' and date '1996-12-31'\nand p_type = 'STANDARD PLATED NICKEL'\n) as all_nations\ngroup by\no_year\norder by\no_year ;\n-- $ID$\n-- TPC-H/TPC-R Product Type Profit Measure ",
    "indexes": "lineitem.l_suppkey",
    "wo plan est": {
      "Node Type": "Aggregate",
      "Strategy": "Sorted",
      "Partial Mode": "Finalize",
      "Parallel Aware": false,
      "Async Capable": false,
      "Startup Cost": 1955785.01,
      "Total Cost": 1956486.84,
      "Plan Rows": 2406,
      "Plan Width": 64,
      "Group Key": [
        "(EXTRACT(year FROM orders.o_orderdate))"
      ],
      "Plans": [
        {
          "Node Type": "Gather Merge",
          "Parent Relationship": "Outer",
          "Parallel Aware": false,
          "Async Capable": false,
          "Startup Cost": 1955785.01,
          "Total Cost": 1956408.65,
          "Plan Rows": 2406,
          "Plan Width": 96,
          "Workers Planned": 1,
          "Plans": [
            {
              "Node Type": "Aggregate",
              "Strategy": "Sorted",
              "Partial Mode": "Partial",
              "Parent Relationship": "Outer",
              "Parallel Aware": false,
              "Async Capable": false,
              "Startup Cost": 1954785.0,
              "Total Cost": 1955137.96,
              "Plan Rows": 2406,
              "Plan Width": 96,
              "Group Key": [
                "(EXTRACT(year FROM orders.o_orderdate))"
              ],
              "Plans": [
                {
                  "Node Type": "Sort",
                  "Parent Relationship": "Outer",
                  "Parallel Aware": false,
                  "Async Capable": false,
                  "Startup Cost": 1954785.0,
                  "Total Cost": 1954819.54,
                  "Plan Rows": 13816,
                  "Plan Width": 70,
                  "Sort Key": [
                    "(EXTRACT(year FROM orders.o_orderdate))"
                  ],
                  "Plans": [
                    {
                      "Node Type": "Hash Join",
                      "Parent Relationship": "Outer",
                      "Parallel Aware": false,
                      "Async Capable": false,
                      "Join Type": "Inner",
                      "Startup Cost": 1950527.96,
                      "Total Cost": 1953834.87,
                      "Plan Rows": 13816,
                      "Plan Width": 70,
                      "Inner Unique": false,
                      "Hash Cond": "(supplier.s_nationkey = n2.n_nationkey)",
                      "Plans": [
                        {
                          "Node Type": "Hash Join",
                          "Parent Relationship": "Outer",
                          "Parallel Aware": true,
                          "Async Capable": false,
                          "Join Type": "Inner",
                          "Startup Cost": 1950526.4,
                          "Total Cost": 1953608.79,
                          "Plan Rows": 13816,
                          "Plan Width": 20,
                          "Inner Unique": false,
                          "Hash Cond": "(supplier.s_suppkey = lineitem.l_suppkey)",
                          "Plans": [
                            {
                              "Node Type": "Seq Scan",
                              "Parent Relationship": "Outer",
                              "Parallel Aware": true,
                              "Async Capable": false,
                              "Relation Name": "supplier",
                              "Alias": "supplier",
                              "Startup Cost": 0.0,
                              "Total Cost": 2804.24,
                              "Plan Rows": 58824,
                              "Plan Width": 8,
                              "parent": 5,
                              "ID": 6
                            },
                            {
                              "Node Type": "Hash",
                              "Parent Relationship": "Inner",
                              "Parallel Aware": true,
                              "Async Capable": false,
                              "Startup Cost": 1950404.06,
                              "Total Cost": 1950404.06,
                              "Plan Rows": 9787,
                              "Plan Width": 20,
                              "Plans": [
                                {
                                  "Node Type": "Hash Join",
                                  "Parent Relationship": "Outer",
                                  "Parallel Aware": false,
                                  "Async Capable": false,
                                  "Join Type": "Inner",
                                  "Startup Cost": 1905498.74,
                                  "Total Cost": 1950404.06,
                                  "Plan Rows": 9787,
                                  "Plan Width": 20,
                                  "Inner Unique": false,
                                  "Hash Cond": "(customer.c_nationkey = n1.n_nationkey)",
                                  "Plans": [
                                    {
                                      "Node Type": "Hash Join",
                                      "Parent Relationship": "Outer",
                                      "Parallel Aware": true,
                                      "Async Capable": false,
                                      "Join Type": "Inner",
                                      "Startup Cost": 1905496.2,
                                      "Total Cost": 1950120.18,
                                      "Plan Rows": 48932,
                                      "Plan Width": 24,
                                      "Inner Unique": false,
                                      "Hash Cond": "(customer.c_custkey = orders.o_custkey)",
                                      "Plans": [
                                        {
                                          "Node Type": "Seq Scan",
                                          "Parent Relationship": "Outer",
                                          "Parallel Aware": true,
                                          "Async Capable": false,
                                          "Relation Name": "customer",
                                          "Alias": "customer",
                                          "Startup Cost": 0.0,
                                          "Total Cost": 42076.52,
                                          "Plan Rows": 624952,
                                          "Plan Width": 8,
                                          "parent": 9,
                                          "ID": 10
                                        },
                                        {
                                          "Node Type": "Hash",
                                          "Parent Relationship": "Inner",
                                          "Parallel Aware": true,
                                          "Async Capable": false,
                                          "Startup Cost": 1904884.55,
                                          "Total Cost": 1904884.55,
                                          "Plan Rows": 48932,
                                          "Plan Width": 24,
                                          "Plans": [
                                            {
                                              "Node Type": "Hash Join",
                                              "Parent Relationship": "Outer",
                                              "Parallel Aware": true,
                                              "Async Capable": false,
                                              "Join Type": "Inner",
                                              "Startup Cost": 1523283.11,
                                              "Total Cost": 1904884.55,
                                              "Plan Rows": 48932,
                                              "Plan Width": 24,
                                              "Inner Unique": false,
                                              "Hash Cond": "(orders.o_orderkey = lineitem.l_orderkey)",
                                              "Plans": [
                                                {
                                                  "Node Type": "Seq Scan",
                                                  "Parent Relationship": "Outer",
                                                  "Parallel Aware": true,
                                                  "Async Capable": false,
                                                  "Relation Name": "orders",
                                                  "Alias": "orders",
                                                  "Startup Cost": 0.0,
                                                  "Total Cost": 354655.56,
                                                  "Plan Rows": 1909064,
                                                  "Plan Width": 12,
                                                  "Filter": "((o_orderdate >= '1995-01-01'::date) AND (o_orderdate <= '1996-12-31'::date))",
                                                  "parent": 12,
                                                  "ID": 13
                                                },
                                                {
                                                  "Node Type": "Hash",
                                                  "Parent Relationship": "Inner",
                                                  "Parallel Aware": true,
                                                  "Async Capable": false,
                                                  "Startup Cost": 1520341.76,
                                                  "Total Cost": 1520341.76,
                                                  "Plan Rows": 160188,
                                                  "Plan Width": 20,
                                                  "Plans": [
                                                    {
                                                      "Node Type": "Hash Join",
                                                      "Parent Relationship": "Outer",
                                                      "Parallel Aware": true,
                                                      "Async Capable": false,
                                                      "Join Type": "Inner",
                                                      "Startup Cost": 51447.53,
                                                      "Total Cost": 1520341.76,
                                                      "Plan Rows": 160188,
                                                      "Plan Width": 20,
                                                      "Inner Unique": false,
                                                      "Hash Cond": "(lineitem.l_partkey = part.p_partkey)",
                                                      "Plans": [
                                                        {
                                                          "Node Type": "Seq Scan",
                                                          "Parent Relationship": "Outer",
                                                          "Parallel Aware": true,
                                                          "Async Capable": false,
                                                          "Relation Name": "lineitem",
                                                          "Alias": "lineitem",
                                                          "Startup Cost": 0.0,
                                                          "Total Cost": 1374494.57,
                                                          "Plan Rows": 24995257,
                                                          "Plan Width": 24,
                                                          "parent": 15,
                                                          "ID": 16
                                                        },
                                                        {
                                                          "Node Type": "Hash",
                                                          "Parent Relationship": "Inner",
                                                          "Parallel Aware": true,
                                                          "Async Capable": false,
                                                          "Startup Cost": 51378.28,
                                                          "Total Cost": 51378.28,
                                                          "Plan Rows": 5540,
                                                          "Plan Width": 4,
                                                          "Plans": [
                                                            {
                                                              "Node Type": "Seq Scan",
                                                              "Parent Relationship": "Outer",
                                                              "Parallel Aware": true,
                                                              "Async Capable": false,
                                                              "Relation Name": "part",
                                                              "Alias": "part",
                                                              "Startup Cost": 0.0,
                                                              "Total Cost": 51378.28,
                                                              "Plan Rows": 5540,
                                                              "Plan Width": 4,
                                                              "Filter": "((p_type)::text = 'STANDARD PLATED NICKEL'::text)",
                                                              "parent": 17,
                                                              "ID": 18
                                                            }
                                                          ],
                                                          "parent": 15,
                                                          "ID": 17,
                                                          "left": 18
                                                        }
                                                      ],
                                                      "parent": 14,
                                                      "ID": 15,
                                                      "left": 16,
                                                      "right": 17
                                                    }
                                                  ],
                                                  "parent": 12,
                                                  "ID": 14,
                                                  "left": 15
                                                }
                                              ],
                                              "parent": 11,
                                              "ID": 12,
                                              "left": 13,
                                              "right": 14
                                            }
                                          ],
                                          "parent": 9,
                                          "ID": 11,
                                          "left": 12
                                        }
                                      ],
                                      "parent": 8,
                                      "ID": 9,
                                      "left": 10,
                                      "right": 11
                                    },
                                    {
                                      "Node Type": "Hash",
                                      "Parent Relationship": "Inner",
                                      "Parallel Aware": false,
                                      "Async Capable": false,
                                      "Startup Cost": 2.47,
                                      "Total Cost": 2.47,
                                      "Plan Rows": 5,
                                      "Plan Width": 4,
                                      "Plans": [
                                        {
                                          "Node Type": "Hash Join",
                                          "Parent Relationship": "Outer",
                                          "Parallel Aware": false,
                                          "Async Capable": false,
                                          "Join Type": "Inner",
                                          "Startup Cost": 1.07,
                                          "Total Cost": 2.47,
                                          "Plan Rows": 5,
                                          "Plan Width": 4,
                                          "Inner Unique": false,
                                          "Hash Cond": "(n1.n_regionkey = region.r_regionkey)",
                                          "Plans": [
                                            {
                                              "Node Type": "Seq Scan",
                                              "Parent Relationship": "Outer",
                                              "Parallel Aware": false,
                                              "Async Capable": false,
                                              "Relation Name": "nation",
                                              "Alias": "n1",
                                              "Startup Cost": 0.0,
                                              "Total Cost": 1.25,
                                              "Plan Rows": 25,
                                              "Plan Width": 8,
                                              "parent": 20,
                                              "ID": 21
                                            },
                                            {
                                              "Node Type": "Hash",
                                              "Parent Relationship": "Inner",
                                              "Parallel Aware": false,
                                              "Async Capable": false,
                                              "Startup Cost": 1.06,
                                              "Total Cost": 1.06,
                                              "Plan Rows": 1,
                                              "Plan Width": 4,
                                              "Plans": [
                                                {
                                                  "Node Type": "Seq Scan",
                                                  "Parent Relationship": "Outer",
                                                  "Parallel Aware": false,
                                                  "Async Capable": false,
                                                  "Relation Name": "region",
                                                  "Alias": "region",
                                                  "Startup Cost": 0.0,
                                                  "Total Cost": 1.06,
                                                  "Plan Rows": 1,
                                                  "Plan Width": 4,
                                                  "Filter": "(r_name = 'AFRICA'::bpchar)",
                                                  "parent": 22,
                                                  "ID": 23
                                                }
                                              ],
                                              "parent": 20,
                                              "ID": 22,
                                              "left": 23
                                            }
                                          ],
                                          "parent": 19,
                                          "ID": 20,
                                          "left": 21,
                                          "right": 22
                                        }
                                      ],
                                      "parent": 8,
                                      "ID": 19,
                                      "left": 20
                                    }
                                  ],
                                  "parent": 7,
                                  "ID": 8,
                                  "left": 9,
                                  "right": 19
                                }
                              ],
                              "parent": 5,
                              "ID": 7,
                              "left": 8
                            }
                          ],
                          "parent": 4,
                          "ID": 5,
                          "left": 6,
                          "right": 7
                        },
                        {
                          "Node Type": "Hash",
                          "Parent Relationship": "Inner",
                          "Parallel Aware": false,
                          "Async Capable": false,
                          "Startup Cost": 1.25,
                          "Total Cost": 1.25,
                          "Plan Rows": 25,
                          "Plan Width": 30,
                          "Plans": [
                            {
                              "Node Type": "Seq Scan",
                              "Parent Relationship": "Outer",
                              "Parallel Aware": false,
                              "Async Capable": false,
                              "Relation Name": "nation",
                              "Alias": "n2",
                              "Startup Cost": 0.0,
                              "Total Cost": 1.25,
                              "Plan Rows": 25,
                              "Plan Width": 30,
                              "parent": 24,
                              "ID": 25
                            }
                          ],
                          "parent": 4,
                          "ID": 24,
                          "left": 25
                        }
                      ],
                      "parent": 3,
                      "ID": 4,
                      "left": 5,
                      "right": 24
                    }
                  ],
                  "parent": 2,
                  "ID": 3,
                  "left": 4
                }
              ],
              "parent": 1,
              "ID": 2,
              "left": 3
            }
          ],
          "parent": 0,
          "ID": 1,
          "left": 2
        }
      ],
      "parent": null,
      "ID": 0,
      "left": 1
    },
    "feat": {
      "utility": 6.35770444899657e-07,
      "query_shape": [
        [
          "Seq Scan",
          "Hash Join",
          "Sort",
          "Aggregate",
          "Gather Merge"
        ],
        [
          "Seq Scan",
          "Hash Join",
          "Hash",
          "Sort",
          "Aggregate",
          "Gather Merge"
        ],
        [
          "Seq Scan",
          "Hash Join",
          "Hash",
          "Sort",
          "Aggregate",
          "Gather Merge"
        ],
        [
          "Seq Scan",
          "Hash Join",
          "Hash",
          "Sort",
          "Aggregate",
          "Gather Merge"
        ],
        [
          "Seq Scan",
          "Hash",
          "Hash Join",
          "Sort",
          "Aggregate",
          "Gather Merge"
        ],
        [
          "Seq Scan",
          "Hash Join",
          "Hash",
          "Sort",
          "Aggregate",
          "Gather Merge"
        ],
        [
          "Seq Scan",
          "Hash",
          "Hash Join",
          "Sort",
          "Aggregate",
          "Gather Merge"
        ],
        [
          "Seq Scan",
          "Hash",
          "Hash Join",
          "Sort",
          "Aggregate",
          "Gather Merge"
        ]
      ],
      "index_shape": [
        "join"
      ],
      "physical_operator": {
        "Hash Join": [
          0.004898793034300612
        ]
      }
    }
  },
  {
    "query": "-- Functional Query Definition\n-- Approved February 1998\n\n\nselect\no_year,\nsum(case\nwhen nation = 'ALGERIA' then volume\nelse 0\nend) / sum(volume) as mkt_share\nfrom\n(\nselect\nextract(year from o_orderdate) as o_year,\nl_extendedprice * (1 - l_discount) as volume,\nn2.n_name as nation\nfrom\npart,\nsupplier,\nlineitem,\norders,\ncustomer,\nnation n1,\nnation n2,\nregion\nwhere\np_partkey = l_partkey\nand s_suppkey = l_suppkey\nand l_orderkey = o_orderkey\nand o_custkey = c_custkey\nand c_nationkey = n1.n_nationkey\nand n1.n_regionkey = r_regionkey\nand r_name = 'AFRICA'\nand s_nationkey = n2.n_nationkey\nand o_orderdate between date '1995-01-01' and date '1996-12-31'\nand p_type = 'STANDARD PLATED NICKEL'\n) as all_nations\ngroup by\no_year\norder by\no_year ;\n-- $ID$\n-- TPC-H/TPC-R Product Type Profit Measure ",
    "indexes": "lineitem.l_extendedprice",
    "wo plan est": {
      "Node Type": "Aggregate",
      "Strategy": "Sorted",
      "Partial Mode": "Finalize",
      "Parallel Aware": false,
      "Async Capable": false,
      "Startup Cost": 1955785.01,
      "Total Cost": 1956486.84,
      "Plan Rows": 2406,
      "Plan Width": 64,
      "Group Key": [
        "(EXTRACT(year FROM orders.o_orderdate))"
      ],
      "Plans": [
        {
          "Node Type": "Gather Merge",
          "Parent Relationship": "Outer",
          "Parallel Aware": false,
          "Async Capable": false,
          "Startup Cost": 1955785.01,
          "Total Cost": 1956408.65,
          "Plan Rows": 2406,
          "Plan Width": 96,
          "Workers Planned": 1,
          "Plans": [
            {
              "Node Type": "Aggregate",
              "Strategy": "Sorted",
              "Partial Mode": "Partial",
              "Parent Relationship": "Outer",
              "Parallel Aware": false,
              "Async Capable": false,
              "Startup Cost": 1954785.0,
              "Total Cost": 1955137.96,
              "Plan Rows": 2406,
              "Plan Width": 96,
              "Group Key": [
                "(EXTRACT(year FROM orders.o_orderdate))"
              ],
              "Plans": [
                {
                  "Node Type": "Sort",
                  "Parent Relationship": "Outer",
                  "Parallel Aware": false,
                  "Async Capable": false,
                  "Startup Cost": 1954785.0,
                  "Total Cost": 1954819.54,
                  "Plan Rows": 13816,
                  "Plan Width": 70,
                  "Sort Key": [
                    "(EXTRACT(year FROM orders.o_orderdate))"
                  ],
                  "Plans": [
                    {
                      "Node Type": "Hash Join",
                      "Parent Relationship": "Outer",
                      "Parallel Aware": false,
                      "Async Capable": false,
                      "Join Type": "Inner",
                      "Startup Cost": 1950527.96,
                      "Total Cost": 1953834.87,
                      "Plan Rows": 13816,
                      "Plan Width": 70,
                      "Inner Unique": false,
                      "Hash Cond": "(supplier.s_nationkey = n2.n_nationkey)",
                      "Plans": [
                        {
                          "Node Type": "Hash Join",
                          "Parent Relationship": "Outer",
                          "Parallel Aware": true,
                          "Async Capable": false,
                          "Join Type": "Inner",
                          "Startup Cost": 1950526.4,
                          "Total Cost": 1953608.79,
                          "Plan Rows": 13816,
                          "Plan Width": 20,
                          "Inner Unique": false,
                          "Hash Cond": "(supplier.s_suppkey = lineitem.l_suppkey)",
                          "Plans": [
                            {
                              "Node Type": "Seq Scan",
                              "Parent Relationship": "Outer",
                              "Parallel Aware": true,
                              "Async Capable": false,
                              "Relation Name": "supplier",
                              "Alias": "supplier",
                              "Startup Cost": 0.0,
                              "Total Cost": 2804.24,
                              "Plan Rows": 58824,
                              "Plan Width": 8,
                              "parent": 5,
                              "ID": 6
                            },
                            {
                              "Node Type": "Hash",
                              "Parent Relationship": "Inner",
                              "Parallel Aware": true,
                              "Async Capable": false,
                              "Startup Cost": 1950404.06,
                              "Total Cost": 1950404.06,
                              "Plan Rows": 9787,
                              "Plan Width": 20,
                              "Plans": [
                                {
                                  "Node Type": "Hash Join",
                                  "Parent Relationship": "Outer",
                                  "Parallel Aware": false,
                                  "Async Capable": false,
                                  "Join Type": "Inner",
                                  "Startup Cost": 1905498.74,
                                  "Total Cost": 1950404.06,
                                  "Plan Rows": 9787,
                                  "Plan Width": 20,
                                  "Inner Unique": false,
                                  "Hash Cond": "(customer.c_nationkey = n1.n_nationkey)",
                                  "Plans": [
                                    {
                                      "Node Type": "Hash Join",
                                      "Parent Relationship": "Outer",
                                      "Parallel Aware": true,
                                      "Async Capable": false,
                                      "Join Type": "Inner",
                                      "Startup Cost": 1905496.2,
                                      "Total Cost": 1950120.18,
                                      "Plan Rows": 48932,
                                      "Plan Width": 24,
                                      "Inner Unique": false,
                                      "Hash Cond": "(customer.c_custkey = orders.o_custkey)",
                                      "Plans": [
                                        {
                                          "Node Type": "Seq Scan",
                                          "Parent Relationship": "Outer",
                                          "Parallel Aware": true,
                                          "Async Capable": false,
                                          "Relation Name": "customer",
                                          "Alias": "customer",
                                          "Startup Cost": 0.0,
                                          "Total Cost": 42076.52,
                                          "Plan Rows": 624952,
                                          "Plan Width": 8,
                                          "parent": 9,
                                          "ID": 10
                                        },
                                        {
                                          "Node Type": "Hash",
                                          "Parent Relationship": "Inner",
                                          "Parallel Aware": true,
                                          "Async Capable": false,
                                          "Startup Cost": 1904884.55,
                                          "Total Cost": 1904884.55,
                                          "Plan Rows": 48932,
                                          "Plan Width": 24,
                                          "Plans": [
                                            {
                                              "Node Type": "Hash Join",
                                              "Parent Relationship": "Outer",
                                              "Parallel Aware": true,
                                              "Async Capable": false,
                                              "Join Type": "Inner",
                                              "Startup Cost": 1523283.11,
                                              "Total Cost": 1904884.55,
                                              "Plan Rows": 48932,
                                              "Plan Width": 24,
                                              "Inner Unique": false,
                                              "Hash Cond": "(orders.o_orderkey = lineitem.l_orderkey)",
                                              "Plans": [
                                                {
                                                  "Node Type": "Seq Scan",
                                                  "Parent Relationship": "Outer",
                                                  "Parallel Aware": true,
                                                  "Async Capable": false,
                                                  "Relation Name": "orders",
                                                  "Alias": "orders",
                                                  "Startup Cost": 0.0,
                                                  "Total Cost": 354655.56,
                                                  "Plan Rows": 1909064,
                                                  "Plan Width": 12,
                                                  "Filter": "((o_orderdate >= '1995-01-01'::date) AND (o_orderdate <= '1996-12-31'::date))",
                                                  "parent": 12,
                                                  "ID": 13
                                                },
                                                {
                                                  "Node Type": "Hash",
                                                  "Parent Relationship": "Inner",
                                                  "Parallel Aware": true,
                                                  "Async Capable": false,
                                                  "Startup Cost": 1520341.76,
                                                  "Total Cost": 1520341.76,
                                                  "Plan Rows": 160188,
                                                  "Plan Width": 20,
                                                  "Plans": [
                                                    {
                                                      "Node Type": "Hash Join",
                                                      "Parent Relationship": "Outer",
                                                      "Parallel Aware": true,
                                                      "Async Capable": false,
                                                      "Join Type": "Inner",
                                                      "Startup Cost": 51447.53,
                                                      "Total Cost": 1520341.76,
                                                      "Plan Rows": 160188,
                                                      "Plan Width": 20,
                                                      "Inner Unique": false,
                                                      "Hash Cond": "(lineitem.l_partkey = part.p_partkey)",
                                                      "Plans": [
                                                        {
                                                          "Node Type": "Seq Scan",
                                                          "Parent Relationship": "Outer",
                                                          "Parallel Aware": true,
                                                          "Async Capable": false,
                                                          "Relation Name": "lineitem",
                                                          "Alias": "lineitem",
                                                          "Startup Cost": 0.0,
                                                          "Total Cost": 1374494.57,
                                                          "Plan Rows": 24995257,
                                                          "Plan Width": 24,
                                                          "parent": 15,
                                                          "ID": 16
                                                        },
                                                        {
                                                          "Node Type": "Hash",
                                                          "Parent Relationship": "Inner",
                                                          "Parallel Aware": true,
                                                          "Async Capable": false,
                                                          "Startup Cost": 51378.28,
                                                          "Total Cost": 51378.28,
                                                          "Plan Rows": 5540,
                                                          "Plan Width": 4,
                                                          "Plans": [
                                                            {
                                                              "Node Type": "Seq Scan",
                                                              "Parent Relationship": "Outer",
                                                              "Parallel Aware": true,
                                                              "Async Capable": false,
                                                              "Relation Name": "part",
                                                              "Alias": "part",
                                                              "Startup Cost": 0.0,
                                                              "Total Cost": 51378.28,
                                                              "Plan Rows": 5540,
                                                              "Plan Width": 4,
                                                              "Filter": "((p_type)::text = 'STANDARD PLATED NICKEL'::text)",
                                                              "parent": 17,
                                                              "ID": 18
                                                            }
                                                          ],
                                                          "parent": 15,
                                                          "ID": 17,
                                                          "left": 18
                                                        }
                                                      ],
                                                      "parent": 14,
                                                      "ID": 15,
                                                      "left": 16,
                                                      "right": 17
                                                    }
                                                  ],
                                                  "parent": 12,
                                                  "ID": 14,
                                                  "left": 15
                                                }
                                              ],
                                              "parent": 11,
                                              "ID": 12,
                                              "left": 13,
                                              "right": 14
                                            }
                                          ],
                                          "parent": 9,
                                          "ID": 11,
                                          "left": 12
                                        }
                                      ],
                                      "parent": 8,
                                      "ID": 9,
                                      "left": 10,
                                      "right": 11
                                    },
                                    {
                                      "Node Type": "Hash",
                                      "Parent Relationship": "Inner",
                                      "Parallel Aware": false,
                                      "Async Capable": false,
                                      "Startup Cost": 2.47,
                                      "Total Cost": 2.47,
                                      "Plan Rows": 5,
                                      "Plan Width": 4,
                                      "Plans": [
                                        {
                                          "Node Type": "Hash Join",
                                          "Parent Relationship": "Outer",
                                          "Parallel Aware": false,
                                          "Async Capable": false,
                                          "Join Type": "Inner",
                                          "Startup Cost": 1.07,
                                          "Total Cost": 2.47,
                                          "Plan Rows": 5,
                                          "Plan Width": 4,
                                          "Inner Unique": false,
                                          "Hash Cond": "(n1.n_regionkey = region.r_regionkey)",
                                          "Plans": [
                                            {
                                              "Node Type": "Seq Scan",
                                              "Parent Relationship": "Outer",
                                              "Parallel Aware": false,
                                              "Async Capable": false,
                                              "Relation Name": "nation",
                                              "Alias": "n1",
                                              "Startup Cost": 0.0,
                                              "Total Cost": 1.25,
                                              "Plan Rows": 25,
                                              "Plan Width": 8,
                                              "parent": 20,
                                              "ID": 21
                                            },
                                            {
                                              "Node Type": "Hash",
                                              "Parent Relationship": "Inner",
                                              "Parallel Aware": false,
                                              "Async Capable": false,
                                              "Startup Cost": 1.06,
                                              "Total Cost": 1.06,
                                              "Plan Rows": 1,
                                              "Plan Width": 4,
                                              "Plans": [
                                                {
                                                  "Node Type": "Seq Scan",
                                                  "Parent Relationship": "Outer",
                                                  "Parallel Aware": false,
                                                  "Async Capable": false,
                                                  "Relation Name": "region",
                                                  "Alias": "region",
                                                  "Startup Cost": 0.0,
                                                  "Total Cost": 1.06,
                                                  "Plan Rows": 1,
                                                  "Plan Width": 4,
                                                  "Filter": "(r_name = 'AFRICA'::bpchar)",
                                                  "parent": 22,
                                                  "ID": 23
                                                }
                                              ],
                                              "parent": 20,
                                              "ID": 22,
                                              "left": 23
                                            }
                                          ],
                                          "parent": 19,
                                          "ID": 20,
                                          "left": 21,
                                          "right": 22
                                        }
                                      ],
                                      "parent": 8,
                                      "ID": 19,
                                      "left": 20
                                    }
                                  ],
                                  "parent": 7,
                                  "ID": 8,
                                  "left": 9,
                                  "right": 19
                                }
                              ],
                              "parent": 5,
                              "ID": 7,
                              "left": 8
                            }
                          ],
                          "parent": 4,
                          "ID": 5,
                          "left": 6,
                          "right": 7
                        },
                        {
                          "Node Type": "Hash",
                          "Parent Relationship": "Inner",
                          "Parallel Aware": false,
                          "Async Capable": false,
                          "Startup Cost": 1.25,
                          "Total Cost": 1.25,
                          "Plan Rows": 25,
                          "Plan Width": 30,
                          "Plans": [
                            {
                              "Node Type": "Seq Scan",
                              "Parent Relationship": "Outer",
                              "Parallel Aware": false,
                              "Async Capable": false,
                              "Relation Name": "nation",
                              "Alias": "n2",
                              "Startup Cost": 0.0,
                              "Total Cost": 1.25,
                              "Plan Rows": 25,
                              "Plan Width": 30,
                              "parent": 24,
                              "ID": 25
                            }
                          ],
                          "parent": 4,
                          "ID": 24,
                          "left": 25
                        }
                      ],
                      "parent": 3,
                      "ID": 4,
                      "left": 5,
                      "right": 24
                    }
                  ],
                  "parent": 2,
                  "ID": 3,
                  "left": 4
                }
              ],
              "parent": 1,
              "ID": 2,
              "left": 3
            }
          ],
          "parent": 0,
          "ID": 1,
          "left": 2
        }
      ],
      "parent": null,
      "ID": 0,
      "left": 1
    },
    "feat": {
      "utility": 0.0,
      "query_shape": [
        [
          "Seq Scan",
          "Hash Join",
          "Sort",
          "Aggregate",
          "Gather Merge"
        ],
        [
          "Seq Scan",
          "Hash Join",
          "Hash",
          "Sort",
          "Aggregate",
          "Gather Merge"
        ],
        [
          "Seq Scan",
          "Hash Join",
          "Hash",
          "Sort",
          "Aggregate",
          "Gather Merge"
        ],
        [
          "Seq Scan",
          "Hash Join",
          "Hash",
          "Sort",
          "Aggregate",
          "Gather Merge"
        ],
        [
          "Seq Scan",
          "Hash",
          "Hash Join",
          "Sort",
          "Aggregate",
          "Gather Merge"
        ],
        [
          "Seq Scan",
          "Hash Join",
          "Hash",
          "Sort",
          "Aggregate",
          "Gather Merge"
        ],
        [
          "Seq Scan",
          "Hash",
          "Hash Join",
          "Sort",
          "Aggregate",
          "Gather Merge"
        ],
        [
          "Seq Scan",
          "Hash",
          "Hash Join",
          "Sort",
          "Aggregate",
          "Gather Merge"
        ]
      ],
      "index_shape": [],
      "physical_operator": {}
    }
  },
  {
    "query": "-- Functional Query Definition\n-- Approved February 1998\n\n\nselect\no_year,\nsum(case\nwhen nation = 'ALGERIA' then volume\nelse 0\nend) / sum(volume) as mkt_share\nfrom\n(\nselect\nextract(year from o_orderdate) as o_year,\nl_extendedprice * (1 - l_discount) as volume,\nn2.n_name as nation\nfrom\npart,\nsupplier,\nlineitem,\norders,\ncustomer,\nnation n1,\nnation n2,\nregion\nwhere\np_partkey = l_partkey\nand s_suppkey = l_suppkey\nand l_orderkey = o_orderkey\nand o_custkey = c_custkey\nand c_nationkey = n1.n_nationkey\nand n1.n_regionkey = r_regionkey\nand r_name = 'AFRICA'\nand s_nationkey = n2.n_nationkey\nand o_orderdate between date '1995-01-01' and date '1996-12-31'\nand p_type = 'STANDARD PLATED NICKEL'\n) as all_nations\ngroup by\no_year\norder by\no_year ;\n-- $ID$\n-- TPC-H/TPC-R Product Type Profit Measure ",
    "indexes": "lineitem.l_discount",
    "wo plan est": {
      "Node Type": "Aggregate",
      "Strategy": "Sorted",
      "Partial Mode": "Finalize",
      "Parallel Aware": false,
      "Async Capable": false,
      "Startup Cost": 1955785.01,
      "Total Cost": 1956486.84,
      "Plan Rows": 2406,
      "Plan Width": 64,
      "Group Key": [
        "(EXTRACT(year FROM orders.o_orderdate))"
      ],
      "Plans": [
        {
          "Node Type": "Gather Merge",
          "Parent Relationship": "Outer",
          "Parallel Aware": false,
          "Async Capable": false,
          "Startup Cost": 1955785.01,
          "Total Cost": 1956408.65,
          "Plan Rows": 2406,
          "Plan Width": 96,
          "Workers Planned": 1,
          "Plans": [
            {
              "Node Type": "Aggregate",
              "Strategy": "Sorted",
              "Partial Mode": "Partial",
              "Parent Relationship": "Outer",
              "Parallel Aware": false,
              "Async Capable": false,
              "Startup Cost": 1954785.0,
              "Total Cost": 1955137.96,
              "Plan Rows": 2406,
              "Plan Width": 96,
              "Group Key": [
                "(EXTRACT(year FROM orders.o_orderdate))"
              ],
              "Plans": [
                {
                  "Node Type": "Sort",
                  "Parent Relationship": "Outer",
                  "Parallel Aware": false,
                  "Async Capable": false,
                  "Startup Cost": 1954785.0,
                  "Total Cost": 1954819.54,
                  "Plan Rows": 13816,
                  "Plan Width": 70,
                  "Sort Key": [
                    "(EXTRACT(year FROM orders.o_orderdate))"
                  ],
                  "Plans": [
                    {
                      "Node Type": "Hash Join",
                      "Parent Relationship": "Outer",
                      "Parallel Aware": false,
                      "Async Capable": false,
                      "Join Type": "Inner",
                      "Startup Cost": 1950527.96,
                      "Total Cost": 1953834.87,
                      "Plan Rows": 13816,
                      "Plan Width": 70,
                      "Inner Unique": false,
                      "Hash Cond": "(supplier.s_nationkey = n2.n_nationkey)",
                      "Plans": [
                        {
                          "Node Type": "Hash Join",
                          "Parent Relationship": "Outer",
                          "Parallel Aware": true,
                          "Async Capable": false,
                          "Join Type": "Inner",
                          "Startup Cost": 1950526.4,
                          "Total Cost": 1953608.79,
                          "Plan Rows": 13816,
                          "Plan Width": 20,
                          "Inner Unique": false,
                          "Hash Cond": "(supplier.s_suppkey = lineitem.l_suppkey)",
                          "Plans": [
                            {
                              "Node Type": "Seq Scan",
                              "Parent Relationship": "Outer",
                              "Parallel Aware": true,
                              "Async Capable": false,
                              "Relation Name": "supplier",
                              "Alias": "supplier",
                              "Startup Cost": 0.0,
                              "Total Cost": 2804.24,
                              "Plan Rows": 58824,
                              "Plan Width": 8,
                              "parent": 5,
                              "ID": 6
                            },
                            {
                              "Node Type": "Hash",
                              "Parent Relationship": "Inner",
                              "Parallel Aware": true,
                              "Async Capable": false,
                              "Startup Cost": 1950404.06,
                              "Total Cost": 1950404.06,
                              "Plan Rows": 9787,
                              "Plan Width": 20,
                              "Plans": [
                                {
                                  "Node Type": "Hash Join",
                                  "Parent Relationship": "Outer",
                                  "Parallel Aware": false,
                                  "Async Capable": false,
                                  "Join Type": "Inner",
                                  "Startup Cost": 1905498.74,
                                  "Total Cost": 1950404.06,
                                  "Plan Rows": 9787,
                                  "Plan Width": 20,
                                  "Inner Unique": false,
                                  "Hash Cond": "(customer.c_nationkey = n1.n_nationkey)",
                                  "Plans": [
                                    {
                                      "Node Type": "Hash Join",
                                      "Parent Relationship": "Outer",
                                      "Parallel Aware": true,
                                      "Async Capable": false,
                                      "Join Type": "Inner",
                                      "Startup Cost": 1905496.2,
                                      "Total Cost": 1950120.18,
                                      "Plan Rows": 48932,
                                      "Plan Width": 24,
                                      "Inner Unique": false,
                                      "Hash Cond": "(customer.c_custkey = orders.o_custkey)",
                                      "Plans": [
                                        {
                                          "Node Type": "Seq Scan",
                                          "Parent Relationship": "Outer",
                                          "Parallel Aware": true,
                                          "Async Capable": false,
                                          "Relation Name": "customer",
                                          "Alias": "customer",
                                          "Startup Cost": 0.0,
                                          "Total Cost": 42076.52,
                                          "Plan Rows": 624952,
                                          "Plan Width": 8,
                                          "parent": 9,
                                          "ID": 10
                                        },
                                        {
                                          "Node Type": "Hash",
                                          "Parent Relationship": "Inner",
                                          "Parallel Aware": true,
                                          "Async Capable": false,
                                          "Startup Cost": 1904884.55,
                                          "Total Cost": 1904884.55,
                                          "Plan Rows": 48932,
                                          "Plan Width": 24,
                                          "Plans": [
                                            {
                                              "Node Type": "Hash Join",
                                              "Parent Relationship": "Outer",
                                              "Parallel Aware": true,
                                              "Async Capable": false,
                                              "Join Type": "Inner",
                                              "Startup Cost": 1523283.11,
                                              "Total Cost": 1904884.55,
                                              "Plan Rows": 48932,
                                              "Plan Width": 24,
                                              "Inner Unique": false,
                                              "Hash Cond": "(orders.o_orderkey = lineitem.l_orderkey)",
                                              "Plans": [
                                                {
                                                  "Node Type": "Seq Scan",
                                                  "Parent Relationship": "Outer",
                                                  "Parallel Aware": true,
                                                  "Async Capable": false,
                                                  "Relation Name": "orders",
                                                  "Alias": "orders",
                                                  "Startup Cost": 0.0,
                                                  "Total Cost": 354655.56,
                                                  "Plan Rows": 1909064,
                                                  "Plan Width": 12,
                                                  "Filter": "((o_orderdate >= '1995-01-01'::date) AND (o_orderdate <= '1996-12-31'::date))",
                                                  "parent": 12,
                                                  "ID": 13
                                                },
                                                {
                                                  "Node Type": "Hash",
                                                  "Parent Relationship": "Inner",
                                                  "Parallel Aware": true,
                                                  "Async Capable": false,
                                                  "Startup Cost": 1520341.76,
                                                  "Total Cost": 1520341.76,
                                                  "Plan Rows": 160188,
                                                  "Plan Width": 20,
                                                  "Plans": [
                                                    {
                                                      "Node Type": "Hash Join",
                                                      "Parent Relationship": "Outer",
                                                      "Parallel Aware": true,
                                                      "Async Capable": false,
                                                      "Join Type": "Inner",
                                                      "Startup Cost": 51447.53,
                                                      "Total Cost": 1520341.76,
                                                      "Plan Rows": 160188,
                                                      "Plan Width": 20,
                                                      "Inner Unique": false,
                                                      "Hash Cond": "(lineitem.l_partkey = part.p_partkey)",
                                                      "Plans": [
                                                        {
                                                          "Node Type": "Seq Scan",
                                                          "Parent Relationship": "Outer",
                                                          "Parallel Aware": true,
                                                          "Async Capable": false,
                                                          "Relation Name": "lineitem",
                                                          "Alias": "lineitem",
                                                          "Startup Cost": 0.0,
                                                          "Total Cost": 1374494.57,
                                                          "Plan Rows": 24995257,
                                                          "Plan Width": 24,
                                                          "parent": 15,
                                                          "ID": 16
                                                        },
                                                        {
                                                          "Node Type": "Hash",
                                                          "Parent Relationship": "Inner",
                                                          "Parallel Aware": true,
                                                          "Async Capable": false,
                                                          "Startup Cost": 51378.28,
                                                          "Total Cost": 51378.28,
                                                          "Plan Rows": 5540,
                                                          "Plan Width": 4,
                                                          "Plans": [
                                                            {
                                                              "Node Type": "Seq Scan",
                                                              "Parent Relationship": "Outer",
                                                              "Parallel Aware": true,
                                                              "Async Capable": false,
                                                              "Relation Name": "part",
                                                              "Alias": "part",
                                                              "Startup Cost": 0.0,
                                                              "Total Cost": 51378.28,
                                                              "Plan Rows": 5540,
                                                              "Plan Width": 4,
                                                              "Filter": "((p_type)::text = 'STANDARD PLATED NICKEL'::text)",
                                                              "parent": 17,
                                                              "ID": 18
                                                            }
                                                          ],
                                                          "parent": 15,
                                                          "ID": 17,
                                                          "left": 18
                                                        }
                                                      ],
                                                      "parent": 14,
                                                      "ID": 15,
                                                      "left": 16,
                                                      "right": 17
                                                    }
                                                  ],
                                                  "parent": 12,
                                                  "ID": 14,
                                                  "left": 15
                                                }
                                              ],
                                              "parent": 11,
                                              "ID": 12,
                                              "left": 13,
                                              "right": 14
                                            }
                                          ],
                                          "parent": 9,
                                          "ID": 11,
                                          "left": 12
                                        }
                                      ],
                                      "parent": 8,
                                      "ID": 9,
                                      "left": 10,
                                      "right": 11
                                    },
                                    {
                                      "Node Type": "Hash",
                                      "Parent Relationship": "Inner",
                                      "Parallel Aware": false,
                                      "Async Capable": false,
                                      "Startup Cost": 2.47,
                                      "Total Cost": 2.47,
                                      "Plan Rows": 5,
                                      "Plan Width": 4,
                                      "Plans": [
                                        {
                                          "Node Type": "Hash Join",
                                          "Parent Relationship": "Outer",
                                          "Parallel Aware": false,
                                          "Async Capable": false,
                                          "Join Type": "Inner",
                                          "Startup Cost": 1.07,
                                          "Total Cost": 2.47,
                                          "Plan Rows": 5,
                                          "Plan Width": 4,
                                          "Inner Unique": false,
                                          "Hash Cond": "(n1.n_regionkey = region.r_regionkey)",
                                          "Plans": [
                                            {
                                              "Node Type": "Seq Scan",
                                              "Parent Relationship": "Outer",
                                              "Parallel Aware": false,
                                              "Async Capable": false,
                                              "Relation Name": "nation",
                                              "Alias": "n1",
                                              "Startup Cost": 0.0,
                                              "Total Cost": 1.25,
                                              "Plan Rows": 25,
                                              "Plan Width": 8,
                                              "parent": 20,
                                              "ID": 21
                                            },
                                            {
                                              "Node Type": "Hash",
                                              "Parent Relationship": "Inner",
                                              "Parallel Aware": false,
                                              "Async Capable": false,
                                              "Startup Cost": 1.06,
                                              "Total Cost": 1.06,
                                              "Plan Rows": 1,
                                              "Plan Width": 4,
                                              "Plans": [
                                                {
                                                  "Node Type": "Seq Scan",
                                                  "Parent Relationship": "Outer",
                                                  "Parallel Aware": false,
                                                  "Async Capable": false,
                                                  "Relation Name": "region",
                                                  "Alias": "region",
                                                  "Startup Cost": 0.0,
                                                  "Total Cost": 1.06,
                                                  "Plan Rows": 1,
                                                  "Plan Width": 4,
                                                  "Filter": "(r_name = 'AFRICA'::bpchar)",
                                                  "parent": 22,
                                                  "ID": 23
                                                }
                                              ],
                                              "parent": 20,
                                              "ID": 22,
                                              "left": 23
                                            }
                                          ],
                                          "parent": 19,
                                          "ID": 20,
                                          "left": 21,
                                          "right": 22
                                        }
                                      ],
                                      "parent": 8,
                                      "ID": 19,
                                      "left": 20
                                    }
                                  ],
                                  "parent": 7,
                                  "ID": 8,
                                  "left": 9,
                                  "right": 19
                                }
                              ],
                              "parent": 5,
                              "ID": 7,
                              "left": 8
                            }
                          ],
                          "parent": 4,
                          "ID": 5,
                          "left": 6,
                          "right": 7
                        },
                        {
                          "Node Type": "Hash",
                          "Parent Relationship": "Inner",
                          "Parallel Aware": false,
                          "Async Capable": false,
                          "Startup Cost": 1.25,
                          "Total Cost": 1.25,
                          "Plan Rows": 25,
                          "Plan Width": 30,
                          "Plans": [
                            {
                              "Node Type": "Seq Scan",
                              "Parent Relationship": "Outer",
                              "Parallel Aware": false,
                              "Async Capable": false,
                              "Relation Name": "nation",
                              "Alias": "n2",
                              "Startup Cost": 0.0,
                              "Total Cost": 1.25,
                              "Plan Rows": 25,
                              "Plan Width": 30,
                              "parent": 24,
                              "ID": 25
                            }
                          ],
                          "parent": 4,
                          "ID": 24,
                          "left": 25
                        }
                      ],
                      "parent": 3,
                      "ID": 4,
                      "left": 5,
                      "right": 24
                    }
                  ],
                  "parent": 2,
                  "ID": 3,
                  "left": 4
                }
              ],
              "parent": 1,
              "ID": 2,
              "left": 3
            }
          ],
          "parent": 0,
          "ID": 1,
          "left": 2
        }
      ],
      "parent": null,
      "ID": 0,
      "left": 1
    },
    "feat": {
      "utility": 0.0,
      "query_shape": [
        [
          "Seq Scan",
          "Hash Join",
          "Sort",
          "Aggregate",
          "Gather Merge"
        ],
        [
          "Seq Scan",
          "Hash Join",
          "Hash",
          "Sort",
          "Aggregate",
          "Gather Merge"
        ],
        [
          "Seq Scan",
          "Hash Join",
          "Hash",
          "Sort",
          "Aggregate",
          "Gather Merge"
        ],
        [
          "Seq Scan",
          "Hash Join",
          "Hash",
          "Sort",
          "Aggregate",
          "Gather Merge"
        ],
        [
          "Seq Scan",
          "Hash",
          "Hash Join",
          "Sort",
          "Aggregate",
          "Gather Merge"
        ],
        [
          "Seq Scan",
          "Hash Join",
          "Hash",
          "Sort",
          "Aggregate",
          "Gather Merge"
        ],
        [
          "Seq Scan",
          "Hash",
          "Hash Join",
          "Sort",
          "Aggregate",
          "Gather Merge"
        ],
        [
          "Seq Scan",
          "Hash",
          "Hash Join",
          "Sort",
          "Aggregate",
          "Gather Merge"
        ]
      ],
      "index_shape": [],
      "physical_operator": {}
    }
  },
  {
    "query": "-- Functional Query Definition\n-- Approved February 1998\n\n\nselect\no_year,\nsum(case\nwhen nation = 'ALGERIA' then volume\nelse 0\nend) / sum(volume) as mkt_share\nfrom\n(\nselect\nextract(year from o_orderdate) as o_year,\nl_extendedprice * (1 - l_discount) as volume,\nn2.n_name as nation\nfrom\npart,\nsupplier,\nlineitem,\norders,\ncustomer,\nnation n1,\nnation n2,\nregion\nwhere\np_partkey = l_partkey\nand s_suppkey = l_suppkey\nand l_orderkey = o_orderkey\nand o_custkey = c_custkey\nand c_nationkey = n1.n_nationkey\nand n1.n_regionkey = r_regionkey\nand r_name = 'AFRICA'\nand s_nationkey = n2.n_nationkey\nand o_orderdate between date '1995-01-01' and date '1996-12-31'\nand p_type = 'STANDARD PLATED NICKEL'\n) as all_nations\ngroup by\no_year\norder by\no_year ;\n-- $ID$\n-- TPC-H/TPC-R Product Type Profit Measure ",
    "indexes": "nation.n_nationkey",
    "wo plan est": {
      "Node Type": "Aggregate",
      "Strategy": "Sorted",
      "Partial Mode": "Finalize",
      "Parallel Aware": false,
      "Async Capable": false,
      "Startup Cost": 1955785.01,
      "Total Cost": 1956486.84,
      "Plan Rows": 2406,
      "Plan Width": 64,
      "Group Key": [
        "(EXTRACT(year FROM orders.o_orderdate))"
      ],
      "Plans": [
        {
          "Node Type": "Gather Merge",
          "Parent Relationship": "Outer",
          "Parallel Aware": false,
          "Async Capable": false,
          "Startup Cost": 1955785.01,
          "Total Cost": 1956408.65,
          "Plan Rows": 2406,
          "Plan Width": 96,
          "Workers Planned": 1,
          "Plans": [
            {
              "Node Type": "Aggregate",
              "Strategy": "Sorted",
              "Partial Mode": "Partial",
              "Parent Relationship": "Outer",
              "Parallel Aware": false,
              "Async Capable": false,
              "Startup Cost": 1954785.0,
              "Total Cost": 1955137.96,
              "Plan Rows": 2406,
              "Plan Width": 96,
              "Group Key": [
                "(EXTRACT(year FROM orders.o_orderdate))"
              ],
              "Plans": [
                {
                  "Node Type": "Sort",
                  "Parent Relationship": "Outer",
                  "Parallel Aware": false,
                  "Async Capable": false,
                  "Startup Cost": 1954785.0,
                  "Total Cost": 1954819.54,
                  "Plan Rows": 13816,
                  "Plan Width": 70,
                  "Sort Key": [
                    "(EXTRACT(year FROM orders.o_orderdate))"
                  ],
                  "Plans": [
                    {
                      "Node Type": "Hash Join",
                      "Parent Relationship": "Outer",
                      "Parallel Aware": false,
                      "Async Capable": false,
                      "Join Type": "Inner",
                      "Startup Cost": 1950527.96,
                      "Total Cost": 1953834.87,
                      "Plan Rows": 13816,
                      "Plan Width": 70,
                      "Inner Unique": false,
                      "Hash Cond": "(supplier.s_nationkey = n2.n_nationkey)",
                      "Plans": [
                        {
                          "Node Type": "Hash Join",
                          "Parent Relationship": "Outer",
                          "Parallel Aware": true,
                          "Async Capable": false,
                          "Join Type": "Inner",
                          "Startup Cost": 1950526.4,
                          "Total Cost": 1953608.79,
                          "Plan Rows": 13816,
                          "Plan Width": 20,
                          "Inner Unique": false,
                          "Hash Cond": "(supplier.s_suppkey = lineitem.l_suppkey)",
                          "Plans": [
                            {
                              "Node Type": "Seq Scan",
                              "Parent Relationship": "Outer",
                              "Parallel Aware": true,
                              "Async Capable": false,
                              "Relation Name": "supplier",
                              "Alias": "supplier",
                              "Startup Cost": 0.0,
                              "Total Cost": 2804.24,
                              "Plan Rows": 58824,
                              "Plan Width": 8,
                              "parent": 5,
                              "ID": 6
                            },
                            {
                              "Node Type": "Hash",
                              "Parent Relationship": "Inner",
                              "Parallel Aware": true,
                              "Async Capable": false,
                              "Startup Cost": 1950404.06,
                              "Total Cost": 1950404.06,
                              "Plan Rows": 9787,
                              "Plan Width": 20,
                              "Plans": [
                                {
                                  "Node Type": "Hash Join",
                                  "Parent Relationship": "Outer",
                                  "Parallel Aware": false,
                                  "Async Capable": false,
                                  "Join Type": "Inner",
                                  "Startup Cost": 1905498.74,
                                  "Total Cost": 1950404.06,
                                  "Plan Rows": 9787,
                                  "Plan Width": 20,
                                  "Inner Unique": false,
                                  "Hash Cond": "(customer.c_nationkey = n1.n_nationkey)",
                                  "Plans": [
                                    {
                                      "Node Type": "Hash Join",
                                      "Parent Relationship": "Outer",
                                      "Parallel Aware": true,
                                      "Async Capable": false,
                                      "Join Type": "Inner",
                                      "Startup Cost": 1905496.2,
                                      "Total Cost": 1950120.18,
                                      "Plan Rows": 48932,
                                      "Plan Width": 24,
                                      "Inner Unique": false,
                                      "Hash Cond": "(customer.c_custkey = orders.o_custkey)",
                                      "Plans": [
                                        {
                                          "Node Type": "Seq Scan",
                                          "Parent Relationship": "Outer",
                                          "Parallel Aware": true,
                                          "Async Capable": false,
                                          "Relation Name": "customer",
                                          "Alias": "customer",
                                          "Startup Cost": 0.0,
                                          "Total Cost": 42076.52,
                                          "Plan Rows": 624952,
                                          "Plan Width": 8,
                                          "parent": 9,
                                          "ID": 10
                                        },
                                        {
                                          "Node Type": "Hash",
                                          "Parent Relationship": "Inner",
                                          "Parallel Aware": true,
                                          "Async Capable": false,
                                          "Startup Cost": 1904884.55,
                                          "Total Cost": 1904884.55,
                                          "Plan Rows": 48932,
                                          "Plan Width": 24,
                                          "Plans": [
                                            {
                                              "Node Type": "Hash Join",
                                              "Parent Relationship": "Outer",
                                              "Parallel Aware": true,
                                              "Async Capable": false,
                                              "Join Type": "Inner",
                                              "Startup Cost": 1523283.11,
                                              "Total Cost": 1904884.55,
                                              "Plan Rows": 48932,
                                              "Plan Width": 24,
                                              "Inner Unique": false,
                                              "Hash Cond": "(orders.o_orderkey = lineitem.l_orderkey)",
                                              "Plans": [
                                                {
                                                  "Node Type": "Seq Scan",
                                                  "Parent Relationship": "Outer",
                                                  "Parallel Aware": true,
                                                  "Async Capable": false,
                                                  "Relation Name": "orders",
                                                  "Alias": "orders",
                                                  "Startup Cost": 0.0,
                                                  "Total Cost": 354655.56,
                                                  "Plan Rows": 1909064,
                                                  "Plan Width": 12,
                                                  "Filter": "((o_orderdate >= '1995-01-01'::date) AND (o_orderdate <= '1996-12-31'::date))",
                                                  "parent": 12,
                                                  "ID": 13
                                                },
                                                {
                                                  "Node Type": "Hash",
                                                  "Parent Relationship": "Inner",
                                                  "Parallel Aware": true,
                                                  "Async Capable": false,
                                                  "Startup Cost": 1520341.76,
                                                  "Total Cost": 1520341.76,
                                                  "Plan Rows": 160188,
                                                  "Plan Width": 20,
                                                  "Plans": [
                                                    {
                                                      "Node Type": "Hash Join",
                                                      "Parent Relationship": "Outer",
                                                      "Parallel Aware": true,
                                                      "Async Capable": false,
                                                      "Join Type": "Inner",
                                                      "Startup Cost": 51447.53,
                                                      "Total Cost": 1520341.76,
                                                      "Plan Rows": 160188,
                                                      "Plan Width": 20,
                                                      "Inner Unique": false,
                                                      "Hash Cond": "(lineitem.l_partkey = part.p_partkey)",
                                                      "Plans": [
                                                        {
                                                          "Node Type": "Seq Scan",
                                                          "Parent Relationship": "Outer",
                                                          "Parallel Aware": true,
                                                          "Async Capable": false,
                                                          "Relation Name": "lineitem",
                                                          "Alias": "lineitem",
                                                          "Startup Cost": 0.0,
                                                          "Total Cost": 1374494.57,
                                                          "Plan Rows": 24995257,
                                                          "Plan Width": 24,
                                                          "parent": 15,
                                                          "ID": 16
                                                        },
                                                        {
                                                          "Node Type": "Hash",
                                                          "Parent Relationship": "Inner",
                                                          "Parallel Aware": true,
                                                          "Async Capable": false,
                                                          "Startup Cost": 51378.28,
                                                          "Total Cost": 51378.28,
                                                          "Plan Rows": 5540,
                                                          "Plan Width": 4,
                                                          "Plans": [
                                                            {
                                                              "Node Type": "Seq Scan",
                                                              "Parent Relationship": "Outer",
                                                              "Parallel Aware": true,
                                                              "Async Capable": false,
                                                              "Relation Name": "part",
                                                              "Alias": "part",
                                                              "Startup Cost": 0.0,
                                                              "Total Cost": 51378.28,
                                                              "Plan Rows": 5540,
                                                              "Plan Width": 4,
                                                              "Filter": "((p_type)::text = 'STANDARD PLATED NICKEL'::text)",
                                                              "parent": 17,
                                                              "ID": 18
                                                            }
                                                          ],
                                                          "parent": 15,
                                                          "ID": 17,
                                                          "left": 18
                                                        }
                                                      ],
                                                      "parent": 14,
                                                      "ID": 15,
                                                      "left": 16,
                                                      "right": 17
                                                    }
                                                  ],
                                                  "parent": 12,
                                                  "ID": 14,
                                                  "left": 15
                                                }
                                              ],
                                              "parent": 11,
                                              "ID": 12,
                                              "left": 13,
                                              "right": 14
                                            }
                                          ],
                                          "parent": 9,
                                          "ID": 11,
                                          "left": 12
                                        }
                                      ],
                                      "parent": 8,
                                      "ID": 9,
                                      "left": 10,
                                      "right": 11
                                    },
                                    {
                                      "Node Type": "Hash",
                                      "Parent Relationship": "Inner",
                                      "Parallel Aware": false,
                                      "Async Capable": false,
                                      "Startup Cost": 2.47,
                                      "Total Cost": 2.47,
                                      "Plan Rows": 5,
                                      "Plan Width": 4,
                                      "Plans": [
                                        {
                                          "Node Type": "Hash Join",
                                          "Parent Relationship": "Outer",
                                          "Parallel Aware": false,
                                          "Async Capable": false,
                                          "Join Type": "Inner",
                                          "Startup Cost": 1.07,
                                          "Total Cost": 2.47,
                                          "Plan Rows": 5,
                                          "Plan Width": 4,
                                          "Inner Unique": false,
                                          "Hash Cond": "(n1.n_regionkey = region.r_regionkey)",
                                          "Plans": [
                                            {
                                              "Node Type": "Seq Scan",
                                              "Parent Relationship": "Outer",
                                              "Parallel Aware": false,
                                              "Async Capable": false,
                                              "Relation Name": "nation",
                                              "Alias": "n1",
                                              "Startup Cost": 0.0,
                                              "Total Cost": 1.25,
                                              "Plan Rows": 25,
                                              "Plan Width": 8,
                                              "parent": 20,
                                              "ID": 21
                                            },
                                            {
                                              "Node Type": "Hash",
                                              "Parent Relationship": "Inner",
                                              "Parallel Aware": false,
                                              "Async Capable": false,
                                              "Startup Cost": 1.06,
                                              "Total Cost": 1.06,
                                              "Plan Rows": 1,
                                              "Plan Width": 4,
                                              "Plans": [
                                                {
                                                  "Node Type": "Seq Scan",
                                                  "Parent Relationship": "Outer",
                                                  "Parallel Aware": false,
                                                  "Async Capable": false,
                                                  "Relation Name": "region",
                                                  "Alias": "region",
                                                  "Startup Cost": 0.0,
                                                  "Total Cost": 1.06,
                                                  "Plan Rows": 1,
                                                  "Plan Width": 4,
                                                  "Filter": "(r_name = 'AFRICA'::bpchar)",
                                                  "parent": 22,
                                                  "ID": 23
                                                }
                                              ],
                                              "parent": 20,
                                              "ID": 22,
                                              "left": 23
                                            }
                                          ],
                                          "parent": 19,
                                          "ID": 20,
                                          "left": 21,
                                          "right": 22
                                        }
                                      ],
                                      "parent": 8,
                                      "ID": 19,
                                      "left": 20
                                    }
                                  ],
                                  "parent": 7,
                                  "ID": 8,
                                  "left": 9,
                                  "right": 19
                                }
                              ],
                              "parent": 5,
                              "ID": 7,
                              "left": 8
                            }
                          ],
                          "parent": 4,
                          "ID": 5,
                          "left": 6,
                          "right": 7
                        },
                        {
                          "Node Type": "Hash",
                          "Parent Relationship": "Inner",
                          "Parallel Aware": false,
                          "Async Capable": false,
                          "Startup Cost": 1.25,
                          "Total Cost": 1.25,
                          "Plan Rows": 25,
                          "Plan Width": 30,
                          "Plans": [
                            {
                              "Node Type": "Seq Scan",
                              "Parent Relationship": "Outer",
                              "Parallel Aware": false,
                              "Async Capable": false,
                              "Relation Name": "nation",
                              "Alias": "n2",
                              "Startup Cost": 0.0,
                              "Total Cost": 1.25,
                              "Plan Rows": 25,
                              "Plan Width": 30,
                              "parent": 24,
                              "ID": 25
                            }
                          ],
                          "parent": 4,
                          "ID": 24,
                          "left": 25
                        }
                      ],
                      "parent": 3,
                      "ID": 4,
                      "left": 5,
                      "right": 24
                    }
                  ],
                  "parent": 2,
                  "ID": 3,
                  "left": 4
                }
              ],
              "parent": 1,
              "ID": 2,
              "left": 3
            }
          ],
          "parent": 0,
          "ID": 1,
          "left": 2
        }
      ],
      "parent": null,
      "ID": 0,
      "left": 1
    },
    "feat": {
      "utility": 1.0222365392556907e-06,
      "query_shape": [
        [
          "Seq Scan",
          "Hash Join",
          "Sort",
          "Aggregate",
          "Gather Merge"
        ],
        [
          "Seq Scan",
          "Hash Join",
          "Hash",
          "Sort",
          "Aggregate",
          "Gather Merge"
        ],
        [
          "Seq Scan",
          "Hash Join",
          "Hash",
          "Sort",
          "Aggregate",
          "Gather Merge"
        ],
        [
          "Seq Scan",
          "Hash Join",
          "Hash",
          "Sort",
          "Aggregate",
          "Gather Merge"
        ],
        [
          "Seq Scan",
          "Hash",
          "Hash Join",
          "Sort",
          "Aggregate",
          "Gather Merge"
        ],
        [
          "Seq Scan",
          "Hash Join",
          "Hash",
          "Sort",
          "Aggregate",
          "Gather Merge"
        ],
        [
          "Seq Scan",
          "Hash",
          "Hash Join",
          "Sort",
          "Aggregate",
          "Gather Merge"
        ],
        [
          "Seq Scan",
          "Hash",
          "Hash Join",
          "Sort",
          "Aggregate",
          "Gather Merge"
        ]
      ],
      "index_shape": [
        "join"
      ],
      "physical_operator": {
        "Hash Join": [
          0.2,
          0.20000613086327806
        ]
      }
    }
  },
  {
    "query": "-- Functional Query Definition\n-- Approved February 1998\n\n\nselect\no_year,\nsum(case\nwhen nation = 'ALGERIA' then volume\nelse 0\nend) / sum(volume) as mkt_share\nfrom\n(\nselect\nextract(year from o_orderdate) as o_year,\nl_extendedprice * (1 - l_discount) as volume,\nn2.n_name as nation\nfrom\npart,\nsupplier,\nlineitem,\norders,\ncustomer,\nnation n1,\nnation n2,\nregion\nwhere\np_partkey = l_partkey\nand s_suppkey = l_suppkey\nand l_orderkey = o_orderkey\nand o_custkey = c_custkey\nand c_nationkey = n1.n_nationkey\nand n1.n_regionkey = r_regionkey\nand r_name = 'AFRICA'\nand s_nationkey = n2.n_nationkey\nand o_orderdate between date '1995-01-01' and date '1996-12-31'\nand p_type = 'STANDARD PLATED NICKEL'\n) as all_nations\ngroup by\no_year\norder by\no_year ;\n-- $ID$\n-- TPC-H/TPC-R Product Type Profit Measure ",
    "indexes": "nation.n_name",
    "wo plan est": {
      "Node Type": "Aggregate",
      "Strategy": "Sorted",
      "Partial Mode": "Finalize",
      "Parallel Aware": false,
      "Async Capable": false,
      "Startup Cost": 1955785.01,
      "Total Cost": 1956486.84,
      "Plan Rows": 2406,
      "Plan Width": 64,
      "Group Key": [
        "(EXTRACT(year FROM orders.o_orderdate))"
      ],
      "Plans": [
        {
          "Node Type": "Gather Merge",
          "Parent Relationship": "Outer",
          "Parallel Aware": false,
          "Async Capable": false,
          "Startup Cost": 1955785.01,
          "Total Cost": 1956408.65,
          "Plan Rows": 2406,
          "Plan Width": 96,
          "Workers Planned": 1,
          "Plans": [
            {
              "Node Type": "Aggregate",
              "Strategy": "Sorted",
              "Partial Mode": "Partial",
              "Parent Relationship": "Outer",
              "Parallel Aware": false,
              "Async Capable": false,
              "Startup Cost": 1954785.0,
              "Total Cost": 1955137.96,
              "Plan Rows": 2406,
              "Plan Width": 96,
              "Group Key": [
                "(EXTRACT(year FROM orders.o_orderdate))"
              ],
              "Plans": [
                {
                  "Node Type": "Sort",
                  "Parent Relationship": "Outer",
                  "Parallel Aware": false,
                  "Async Capable": false,
                  "Startup Cost": 1954785.0,
                  "Total Cost": 1954819.54,
                  "Plan Rows": 13816,
                  "Plan Width": 70,
                  "Sort Key": [
                    "(EXTRACT(year FROM orders.o_orderdate))"
                  ],
                  "Plans": [
                    {
                      "Node Type": "Hash Join",
                      "Parent Relationship": "Outer",
                      "Parallel Aware": false,
                      "Async Capable": false,
                      "Join Type": "Inner",
                      "Startup Cost": 1950527.96,
                      "Total Cost": 1953834.87,
                      "Plan Rows": 13816,
                      "Plan Width": 70,
                      "Inner Unique": false,
                      "Hash Cond": "(supplier.s_nationkey = n2.n_nationkey)",
                      "Plans": [
                        {
                          "Node Type": "Hash Join",
                          "Parent Relationship": "Outer",
                          "Parallel Aware": true,
                          "Async Capable": false,
                          "Join Type": "Inner",
                          "Startup Cost": 1950526.4,
                          "Total Cost": 1953608.79,
                          "Plan Rows": 13816,
                          "Plan Width": 20,
                          "Inner Unique": false,
                          "Hash Cond": "(supplier.s_suppkey = lineitem.l_suppkey)",
                          "Plans": [
                            {
                              "Node Type": "Seq Scan",
                              "Parent Relationship": "Outer",
                              "Parallel Aware": true,
                              "Async Capable": false,
                              "Relation Name": "supplier",
                              "Alias": "supplier",
                              "Startup Cost": 0.0,
                              "Total Cost": 2804.24,
                              "Plan Rows": 58824,
                              "Plan Width": 8,
                              "parent": 5,
                              "ID": 6
                            },
                            {
                              "Node Type": "Hash",
                              "Parent Relationship": "Inner",
                              "Parallel Aware": true,
                              "Async Capable": false,
                              "Startup Cost": 1950404.06,
                              "Total Cost": 1950404.06,
                              "Plan Rows": 9787,
                              "Plan Width": 20,
                              "Plans": [
                                {
                                  "Node Type": "Hash Join",
                                  "Parent Relationship": "Outer",
                                  "Parallel Aware": false,
                                  "Async Capable": false,
                                  "Join Type": "Inner",
                                  "Startup Cost": 1905498.74,
                                  "Total Cost": 1950404.06,
                                  "Plan Rows": 9787,
                                  "Plan Width": 20,
                                  "Inner Unique": false,
                                  "Hash Cond": "(customer.c_nationkey = n1.n_nationkey)",
                                  "Plans": [
                                    {
                                      "Node Type": "Hash Join",
                                      "Parent Relationship": "Outer",
                                      "Parallel Aware": true,
                                      "Async Capable": false,
                                      "Join Type": "Inner",
                                      "Startup Cost": 1905496.2,
                                      "Total Cost": 1950120.18,
                                      "Plan Rows": 48932,
                                      "Plan Width": 24,
                                      "Inner Unique": false,
                                      "Hash Cond": "(customer.c_custkey = orders.o_custkey)",
                                      "Plans": [
                                        {
                                          "Node Type": "Seq Scan",
                                          "Parent Relationship": "Outer",
                                          "Parallel Aware": true,
                                          "Async Capable": false,
                                          "Relation Name": "customer",
                                          "Alias": "customer",
                                          "Startup Cost": 0.0,
                                          "Total Cost": 42076.52,
                                          "Plan Rows": 624952,
                                          "Plan Width": 8,
                                          "parent": 9,
                                          "ID": 10
                                        },
                                        {
                                          "Node Type": "Hash",
                                          "Parent Relationship": "Inner",
                                          "Parallel Aware": true,
                                          "Async Capable": false,
                                          "Startup Cost": 1904884.55,
                                          "Total Cost": 1904884.55,
                                          "Plan Rows": 48932,
                                          "Plan Width": 24,
                                          "Plans": [
                                            {
                                              "Node Type": "Hash Join",
                                              "Parent Relationship": "Outer",
                                              "Parallel Aware": true,
                                              "Async Capable": false,
                                              "Join Type": "Inner",
                                              "Startup Cost": 1523283.11,
                                              "Total Cost": 1904884.55,
                                              "Plan Rows": 48932,
                                              "Plan Width": 24,
                                              "Inner Unique": false,
                                              "Hash Cond": "(orders.o_orderkey = lineitem.l_orderkey)",
                                              "Plans": [
                                                {
                                                  "Node Type": "Seq Scan",
                                                  "Parent Relationship": "Outer",
                                                  "Parallel Aware": true,
                                                  "Async Capable": false,
                                                  "Relation Name": "orders",
                                                  "Alias": "orders",
                                                  "Startup Cost": 0.0,
                                                  "Total Cost": 354655.56,
                                                  "Plan Rows": 1909064,
                                                  "Plan Width": 12,
                                                  "Filter": "((o_orderdate >= '1995-01-01'::date) AND (o_orderdate <= '1996-12-31'::date))",
                                                  "parent": 12,
                                                  "ID": 13
                                                },
                                                {
                                                  "Node Type": "Hash",
                                                  "Parent Relationship": "Inner",
                                                  "Parallel Aware": true,
                                                  "Async Capable": false,
                                                  "Startup Cost": 1520341.76,
                                                  "Total Cost": 1520341.76,
                                                  "Plan Rows": 160188,
                                                  "Plan Width": 20,
                                                  "Plans": [
                                                    {
                                                      "Node Type": "Hash Join",
                                                      "Parent Relationship": "Outer",
                                                      "Parallel Aware": true,
                                                      "Async Capable": false,
                                                      "Join Type": "Inner",
                                                      "Startup Cost": 51447.53,
                                                      "Total Cost": 1520341.76,
                                                      "Plan Rows": 160188,
                                                      "Plan Width": 20,
                                                      "Inner Unique": false,
                                                      "Hash Cond": "(lineitem.l_partkey = part.p_partkey)",
                                                      "Plans": [
                                                        {
                                                          "Node Type": "Seq Scan",
                                                          "Parent Relationship": "Outer",
                                                          "Parallel Aware": true,
                                                          "Async Capable": false,
                                                          "Relation Name": "lineitem",
                                                          "Alias": "lineitem",
                                                          "Startup Cost": 0.0,
                                                          "Total Cost": 1374494.57,
                                                          "Plan Rows": 24995257,
                                                          "Plan Width": 24,
                                                          "parent": 15,
                                                          "ID": 16
                                                        },
                                                        {
                                                          "Node Type": "Hash",
                                                          "Parent Relationship": "Inner",
                                                          "Parallel Aware": true,
                                                          "Async Capable": false,
                                                          "Startup Cost": 51378.28,
                                                          "Total Cost": 51378.28,
                                                          "Plan Rows": 5540,
                                                          "Plan Width": 4,
                                                          "Plans": [
                                                            {
                                                              "Node Type": "Seq Scan",
                                                              "Parent Relationship": "Outer",
                                                              "Parallel Aware": true,
                                                              "Async Capable": false,
                                                              "Relation Name": "part",
                                                              "Alias": "part",
                                                              "Startup Cost": 0.0,
                                                              "Total Cost": 51378.28,
                                                              "Plan Rows": 5540,
                                                              "Plan Width": 4,
                                                              "Filter": "((p_type)::text = 'STANDARD PLATED NICKEL'::text)",
                                                              "parent": 17,
                                                              "ID": 18
                                                            }
                                                          ],
                                                          "parent": 15,
                                                          "ID": 17,
                                                          "left": 18
                                                        }
                                                      ],
                                                      "parent": 14,
                                                      "ID": 15,
                                                      "left": 16,
                                                      "right": 17
                                                    }
                                                  ],
                                                  "parent": 12,
                                                  "ID": 14,
                                                  "left": 15
                                                }
                                              ],
                                              "parent": 11,
                                              "ID": 12,
                                              "left": 13,
                                              "right": 14
                                            }
                                          ],
                                          "parent": 9,
                                          "ID": 11,
                                          "left": 12
                                        }
                                      ],
                                      "parent": 8,
                                      "ID": 9,
                                      "left": 10,
                                      "right": 11
                                    },
                                    {
                                      "Node Type": "Hash",
                                      "Parent Relationship": "Inner",
                                      "Parallel Aware": false,
                                      "Async Capable": false,
                                      "Startup Cost": 2.47,
                                      "Total Cost": 2.47,
                                      "Plan Rows": 5,
                                      "Plan Width": 4,
                                      "Plans": [
                                        {
                                          "Node Type": "Hash Join",
                                          "Parent Relationship": "Outer",
                                          "Parallel Aware": false,
                                          "Async Capable": false,
                                          "Join Type": "Inner",
                                          "Startup Cost": 1.07,
                                          "Total Cost": 2.47,
                                          "Plan Rows": 5,
                                          "Plan Width": 4,
                                          "Inner Unique": false,
                                          "Hash Cond": "(n1.n_regionkey = region.r_regionkey)",
                                          "Plans": [
                                            {
                                              "Node Type": "Seq Scan",
                                              "Parent Relationship": "Outer",
                                              "Parallel Aware": false,
                                              "Async Capable": false,
                                              "Relation Name": "nation",
                                              "Alias": "n1",
                                              "Startup Cost": 0.0,
                                              "Total Cost": 1.25,
                                              "Plan Rows": 25,
                                              "Plan Width": 8,
                                              "parent": 20,
                                              "ID": 21
                                            },
                                            {
                                              "Node Type": "Hash",
                                              "Parent Relationship": "Inner",
                                              "Parallel Aware": false,
                                              "Async Capable": false,
                                              "Startup Cost": 1.06,
                                              "Total Cost": 1.06,
                                              "Plan Rows": 1,
                                              "Plan Width": 4,
                                              "Plans": [
                                                {
                                                  "Node Type": "Seq Scan",
                                                  "Parent Relationship": "Outer",
                                                  "Parallel Aware": false,
                                                  "Async Capable": false,
                                                  "Relation Name": "region",
                                                  "Alias": "region",
                                                  "Startup Cost": 0.0,
                                                  "Total Cost": 1.06,
                                                  "Plan Rows": 1,
                                                  "Plan Width": 4,
                                                  "Filter": "(r_name = 'AFRICA'::bpchar)",
                                                  "parent": 22,
                                                  "ID": 23
                                                }
                                              ],
                                              "parent": 20,
                                              "ID": 22,
                                              "left": 23
                                            }
                                          ],
                                          "parent": 19,
                                          "ID": 20,
                                          "left": 21,
                                          "right": 22
                                        }
                                      ],
                                      "parent": 8,
                                      "ID": 19,
                                      "left": 20
                                    }
                                  ],
                                  "parent": 7,
                                  "ID": 8,
                                  "left": 9,
                                  "right": 19
                                }
                              ],
                              "parent": 5,
                              "ID": 7,
                              "left": 8
                            }
                          ],
                          "parent": 4,
                          "ID": 5,
                          "left": 6,
                          "right": 7
                        },
                        {
                          "Node Type": "Hash",
                          "Parent Relationship": "Inner",
                          "Parallel Aware": false,
                          "Async Capable": false,
                          "Startup Cost": 1.25,
                          "Total Cost": 1.25,
                          "Plan Rows": 25,
                          "Plan Width": 30,
                          "Plans": [
                            {
                              "Node Type": "Seq Scan",
                              "Parent Relationship": "Outer",
                              "Parallel Aware": false,
                              "Async Capable": false,
                              "Relation Name": "nation",
                              "Alias": "n2",
                              "Startup Cost": 0.0,
                              "Total Cost": 1.25,
                              "Plan Rows": 25,
                              "Plan Width": 30,
                              "parent": 24,
                              "ID": 25
                            }
                          ],
                          "parent": 4,
                          "ID": 24,
                          "left": 25
                        }
                      ],
                      "parent": 3,
                      "ID": 4,
                      "left": 5,
                      "right": 24
                    }
                  ],
                  "parent": 2,
                  "ID": 3,
                  "left": 4
                }
              ],
              "parent": 1,
              "ID": 2,
              "left": 3
            }
          ],
          "parent": 0,
          "ID": 1,
          "left": 2
        }
      ],
      "parent": null,
      "ID": 0,
      "left": 1
    },
    "feat": {
      "utility": 0.0,
      "query_shape": [
        [
          "Seq Scan",
          "Hash Join",
          "Sort",
          "Aggregate",
          "Gather Merge"
        ],
        [
          "Seq Scan",
          "Hash Join",
          "Hash",
          "Sort",
          "Aggregate",
          "Gather Merge"
        ],
        [
          "Seq Scan",
          "Hash Join",
          "Hash",
          "Sort",
          "Aggregate",
          "Gather Merge"
        ],
        [
          "Seq Scan",
          "Hash Join",
          "Hash",
          "Sort",
          "Aggregate",
          "Gather Merge"
        ],
        [
          "Seq Scan",
          "Hash",
          "Hash Join",
          "Sort",
          "Aggregate",
          "Gather Merge"
        ],
        [
          "Seq Scan",
          "Hash Join",
          "Hash",
          "Sort",
          "Aggregate",
          "Gather Merge"
        ],
        [
          "Seq Scan",
          "Hash",
          "Hash Join",
          "Sort",
          "Aggregate",
          "Gather Merge"
        ],
        [
          "Seq Scan",
          "Hash",
          "Hash Join",
          "Sort",
          "Aggregate",
          "Gather Merge"
        ]
      ],
      "index_shape": [],
      "physical_operator": {}
    }
  },
  {
    "query": "-- Functional Query Definition\n-- Approved February 1998\n\n\nselect\no_year,\nsum(case\nwhen nation = 'ALGERIA' then volume\nelse 0\nend) / sum(volume) as mkt_share\nfrom\n(\nselect\nextract(year from o_orderdate) as o_year,\nl_extendedprice * (1 - l_discount) as volume,\nn2.n_name as nation\nfrom\npart,\nsupplier,\nlineitem,\norders,\ncustomer,\nnation n1,\nnation n2,\nregion\nwhere\np_partkey = l_partkey\nand s_suppkey = l_suppkey\nand l_orderkey = o_orderkey\nand o_custkey = c_custkey\nand c_nationkey = n1.n_nationkey\nand n1.n_regionkey = r_regionkey\nand r_name = 'AFRICA'\nand s_nationkey = n2.n_nationkey\nand o_orderdate between date '1995-01-01' and date '1996-12-31'\nand p_type = 'STANDARD PLATED NICKEL'\n) as all_nations\ngroup by\no_year\norder by\no_year ;\n-- $ID$\n-- TPC-H/TPC-R Product Type Profit Measure ",
    "indexes": "nation.n_regionkey",
    "wo plan est": {
      "Node Type": "Aggregate",
      "Strategy": "Sorted",
      "Partial Mode": "Finalize",
      "Parallel Aware": false,
      "Async Capable": false,
      "Startup Cost": 1955785.01,
      "Total Cost": 1956486.84,
      "Plan Rows": 2406,
      "Plan Width": 64,
      "Group Key": [
        "(EXTRACT(year FROM orders.o_orderdate))"
      ],
      "Plans": [
        {
          "Node Type": "Gather Merge",
          "Parent Relationship": "Outer",
          "Parallel Aware": false,
          "Async Capable": false,
          "Startup Cost": 1955785.01,
          "Total Cost": 1956408.65,
          "Plan Rows": 2406,
          "Plan Width": 96,
          "Workers Planned": 1,
          "Plans": [
            {
              "Node Type": "Aggregate",
              "Strategy": "Sorted",
              "Partial Mode": "Partial",
              "Parent Relationship": "Outer",
              "Parallel Aware": false,
              "Async Capable": false,
              "Startup Cost": 1954785.0,
              "Total Cost": 1955137.96,
              "Plan Rows": 2406,
              "Plan Width": 96,
              "Group Key": [
                "(EXTRACT(year FROM orders.o_orderdate))"
              ],
              "Plans": [
                {
                  "Node Type": "Sort",
                  "Parent Relationship": "Outer",
                  "Parallel Aware": false,
                  "Async Capable": false,
                  "Startup Cost": 1954785.0,
                  "Total Cost": 1954819.54,
                  "Plan Rows": 13816,
                  "Plan Width": 70,
                  "Sort Key": [
                    "(EXTRACT(year FROM orders.o_orderdate))"
                  ],
                  "Plans": [
                    {
                      "Node Type": "Hash Join",
                      "Parent Relationship": "Outer",
                      "Parallel Aware": false,
                      "Async Capable": false,
                      "Join Type": "Inner",
                      "Startup Cost": 1950527.96,
                      "Total Cost": 1953834.87,
                      "Plan Rows": 13816,
                      "Plan Width": 70,
                      "Inner Unique": false,
                      "Hash Cond": "(supplier.s_nationkey = n2.n_nationkey)",
                      "Plans": [
                        {
                          "Node Type": "Hash Join",
                          "Parent Relationship": "Outer",
                          "Parallel Aware": true,
                          "Async Capable": false,
                          "Join Type": "Inner",
                          "Startup Cost": 1950526.4,
                          "Total Cost": 1953608.79,
                          "Plan Rows": 13816,
                          "Plan Width": 20,
                          "Inner Unique": false,
                          "Hash Cond": "(supplier.s_suppkey = lineitem.l_suppkey)",
                          "Plans": [
                            {
                              "Node Type": "Seq Scan",
                              "Parent Relationship": "Outer",
                              "Parallel Aware": true,
                              "Async Capable": false,
                              "Relation Name": "supplier",
                              "Alias": "supplier",
                              "Startup Cost": 0.0,
                              "Total Cost": 2804.24,
                              "Plan Rows": 58824,
                              "Plan Width": 8,
                              "parent": 5,
                              "ID": 6
                            },
                            {
                              "Node Type": "Hash",
                              "Parent Relationship": "Inner",
                              "Parallel Aware": true,
                              "Async Capable": false,
                              "Startup Cost": 1950404.06,
                              "Total Cost": 1950404.06,
                              "Plan Rows": 9787,
                              "Plan Width": 20,
                              "Plans": [
                                {
                                  "Node Type": "Hash Join",
                                  "Parent Relationship": "Outer",
                                  "Parallel Aware": false,
                                  "Async Capable": false,
                                  "Join Type": "Inner",
                                  "Startup Cost": 1905498.74,
                                  "Total Cost": 1950404.06,
                                  "Plan Rows": 9787,
                                  "Plan Width": 20,
                                  "Inner Unique": false,
                                  "Hash Cond": "(customer.c_nationkey = n1.n_nationkey)",
                                  "Plans": [
                                    {
                                      "Node Type": "Hash Join",
                                      "Parent Relationship": "Outer",
                                      "Parallel Aware": true,
                                      "Async Capable": false,
                                      "Join Type": "Inner",
                                      "Startup Cost": 1905496.2,
                                      "Total Cost": 1950120.18,
                                      "Plan Rows": 48932,
                                      "Plan Width": 24,
                                      "Inner Unique": false,
                                      "Hash Cond": "(customer.c_custkey = orders.o_custkey)",
                                      "Plans": [
                                        {
                                          "Node Type": "Seq Scan",
                                          "Parent Relationship": "Outer",
                                          "Parallel Aware": true,
                                          "Async Capable": false,
                                          "Relation Name": "customer",
                                          "Alias": "customer",
                                          "Startup Cost": 0.0,
                                          "Total Cost": 42076.52,
                                          "Plan Rows": 624952,
                                          "Plan Width": 8,
                                          "parent": 9,
                                          "ID": 10
                                        },
                                        {
                                          "Node Type": "Hash",
                                          "Parent Relationship": "Inner",
                                          "Parallel Aware": true,
                                          "Async Capable": false,
                                          "Startup Cost": 1904884.55,
                                          "Total Cost": 1904884.55,
                                          "Plan Rows": 48932,
                                          "Plan Width": 24,
                                          "Plans": [
                                            {
                                              "Node Type": "Hash Join",
                                              "Parent Relationship": "Outer",
                                              "Parallel Aware": true,
                                              "Async Capable": false,
                                              "Join Type": "Inner",
                                              "Startup Cost": 1523283.11,
                                              "Total Cost": 1904884.55,
                                              "Plan Rows": 48932,
                                              "Plan Width": 24,
                                              "Inner Unique": false,
                                              "Hash Cond": "(orders.o_orderkey = lineitem.l_orderkey)",
                                              "Plans": [
                                                {
                                                  "Node Type": "Seq Scan",
                                                  "Parent Relationship": "Outer",
                                                  "Parallel Aware": true,
                                                  "Async Capable": false,
                                                  "Relation Name": "orders",
                                                  "Alias": "orders",
                                                  "Startup Cost": 0.0,
                                                  "Total Cost": 354655.56,
                                                  "Plan Rows": 1909064,
                                                  "Plan Width": 12,
                                                  "Filter": "((o_orderdate >= '1995-01-01'::date) AND (o_orderdate <= '1996-12-31'::date))",
                                                  "parent": 12,
                                                  "ID": 13
                                                },
                                                {
                                                  "Node Type": "Hash",
                                                  "Parent Relationship": "Inner",
                                                  "Parallel Aware": true,
                                                  "Async Capable": false,
                                                  "Startup Cost": 1520341.76,
                                                  "Total Cost": 1520341.76,
                                                  "Plan Rows": 160188,
                                                  "Plan Width": 20,
                                                  "Plans": [
                                                    {
                                                      "Node Type": "Hash Join",
                                                      "Parent Relationship": "Outer",
                                                      "Parallel Aware": true,
                                                      "Async Capable": false,
                                                      "Join Type": "Inner",
                                                      "Startup Cost": 51447.53,
                                                      "Total Cost": 1520341.76,
                                                      "Plan Rows": 160188,
                                                      "Plan Width": 20,
                                                      "Inner Unique": false,
                                                      "Hash Cond": "(lineitem.l_partkey = part.p_partkey)",
                                                      "Plans": [
                                                        {
                                                          "Node Type": "Seq Scan",
                                                          "Parent Relationship": "Outer",
                                                          "Parallel Aware": true,
                                                          "Async Capable": false,
                                                          "Relation Name": "lineitem",
                                                          "Alias": "lineitem",
                                                          "Startup Cost": 0.0,
                                                          "Total Cost": 1374494.57,
                                                          "Plan Rows": 24995257,
                                                          "Plan Width": 24,
                                                          "parent": 15,
                                                          "ID": 16
                                                        },
                                                        {
                                                          "Node Type": "Hash",
                                                          "Parent Relationship": "Inner",
                                                          "Parallel Aware": true,
                                                          "Async Capable": false,
                                                          "Startup Cost": 51378.28,
                                                          "Total Cost": 51378.28,
                                                          "Plan Rows": 5540,
                                                          "Plan Width": 4,
                                                          "Plans": [
                                                            {
                                                              "Node Type": "Seq Scan",
                                                              "Parent Relationship": "Outer",
                                                              "Parallel Aware": true,
                                                              "Async Capable": false,
                                                              "Relation Name": "part",
                                                              "Alias": "part",
                                                              "Startup Cost": 0.0,
                                                              "Total Cost": 51378.28,
                                                              "Plan Rows": 5540,
                                                              "Plan Width": 4,
                                                              "Filter": "((p_type)::text = 'STANDARD PLATED NICKEL'::text)",
                                                              "parent": 17,
                                                              "ID": 18
                                                            }
                                                          ],
                                                          "parent": 15,
                                                          "ID": 17,
                                                          "left": 18
                                                        }
                                                      ],
                                                      "parent": 14,
                                                      "ID": 15,
                                                      "left": 16,
                                                      "right": 17
                                                    }
                                                  ],
                                                  "parent": 12,
                                                  "ID": 14,
                                                  "left": 15
                                                }
                                              ],
                                              "parent": 11,
                                              "ID": 12,
                                              "left": 13,
                                              "right": 14
                                            }
                                          ],
                                          "parent": 9,
                                          "ID": 11,
                                          "left": 12
                                        }
                                      ],
                                      "parent": 8,
                                      "ID": 9,
                                      "left": 10,
                                      "right": 11
                                    },
                                    {
                                      "Node Type": "Hash",
                                      "Parent Relationship": "Inner",
                                      "Parallel Aware": false,
                                      "Async Capable": false,
                                      "Startup Cost": 2.47,
                                      "Total Cost": 2.47,
                                      "Plan Rows": 5,
                                      "Plan Width": 4,
                                      "Plans": [
                                        {
                                          "Node Type": "Hash Join",
                                          "Parent Relationship": "Outer",
                                          "Parallel Aware": false,
                                          "Async Capable": false,
                                          "Join Type": "Inner",
                                          "Startup Cost": 1.07,
                                          "Total Cost": 2.47,
                                          "Plan Rows": 5,
                                          "Plan Width": 4,
                                          "Inner Unique": false,
                                          "Hash Cond": "(n1.n_regionkey = region.r_regionkey)",
                                          "Plans": [
                                            {
                                              "Node Type": "Seq Scan",
                                              "Parent Relationship": "Outer",
                                              "Parallel Aware": false,
                                              "Async Capable": false,
                                              "Relation Name": "nation",
                                              "Alias": "n1",
                                              "Startup Cost": 0.0,
                                              "Total Cost": 1.25,
                                              "Plan Rows": 25,
                                              "Plan Width": 8,
                                              "parent": 20,
                                              "ID": 21
                                            },
                                            {
                                              "Node Type": "Hash",
                                              "Parent Relationship": "Inner",
                                              "Parallel Aware": false,
                                              "Async Capable": false,
                                              "Startup Cost": 1.06,
                                              "Total Cost": 1.06,
                                              "Plan Rows": 1,
                                              "Plan Width": 4,
                                              "Plans": [
                                                {
                                                  "Node Type": "Seq Scan",
                                                  "Parent Relationship": "Outer",
                                                  "Parallel Aware": false,
                                                  "Async Capable": false,
                                                  "Relation Name": "region",
                                                  "Alias": "region",
                                                  "Startup Cost": 0.0,
                                                  "Total Cost": 1.06,
                                                  "Plan Rows": 1,
                                                  "Plan Width": 4,
                                                  "Filter": "(r_name = 'AFRICA'::bpchar)",
                                                  "parent": 22,
                                                  "ID": 23
                                                }
                                              ],
                                              "parent": 20,
                                              "ID": 22,
                                              "left": 23
                                            }
                                          ],
                                          "parent": 19,
                                          "ID": 20,
                                          "left": 21,
                                          "right": 22
                                        }
                                      ],
                                      "parent": 8,
                                      "ID": 19,
                                      "left": 20
                                    }
                                  ],
                                  "parent": 7,
                                  "ID": 8,
                                  "left": 9,
                                  "right": 19
                                }
                              ],
                              "parent": 5,
                              "ID": 7,
                              "left": 8
                            }
                          ],
                          "parent": 4,
                          "ID": 5,
                          "left": 6,
                          "right": 7
                        },
                        {
                          "Node Type": "Hash",
                          "Parent Relationship": "Inner",
                          "Parallel Aware": false,
                          "Async Capable": false,
                          "Startup Cost": 1.25,
                          "Total Cost": 1.25,
                          "Plan Rows": 25,
                          "Plan Width": 30,
                          "Plans": [
                            {
                              "Node Type": "Seq Scan",
                              "Parent Relationship": "Outer",
                              "Parallel Aware": false,
                              "Async Capable": false,
                              "Relation Name": "nation",
                              "Alias": "n2",
                              "Startup Cost": 0.0,
                              "Total Cost": 1.25,
                              "Plan Rows": 25,
                              "Plan Width": 30,
                              "parent": 24,
                              "ID": 25
                            }
                          ],
                          "parent": 4,
                          "ID": 24,
                          "left": 25
                        }
                      ],
                      "parent": 3,
                      "ID": 4,
                      "left": 5,
                      "right": 24
                    }
                  ],
                  "parent": 2,
                  "ID": 3,
                  "left": 4
                }
              ],
              "parent": 1,
              "ID": 2,
              "left": 3
            }
          ],
          "parent": 0,
          "ID": 1,
          "left": 2
        }
      ],
      "parent": null,
      "ID": 0,
      "left": 1
    },
    "feat": {
      "utility": 0.0,
      "query_shape": [
        [
          "Seq Scan",
          "Hash Join",
          "Sort",
          "Aggregate",
          "Gather Merge"
        ],
        [
          "Seq Scan",
          "Hash Join",
          "Hash",
          "Sort",
          "Aggregate",
          "Gather Merge"
        ],
        [
          "Seq Scan",
          "Hash Join",
          "Hash",
          "Sort",
          "Aggregate",
          "Gather Merge"
        ],
        [
          "Seq Scan",
          "Hash Join",
          "Hash",
          "Sort",
          "Aggregate",
          "Gather Merge"
        ],
        [
          "Seq Scan",
          "Hash",
          "Hash Join",
          "Sort",
          "Aggregate",
          "Gather Merge"
        ],
        [
          "Seq Scan",
          "Hash Join",
          "Hash",
          "Sort",
          "Aggregate",
          "Gather Merge"
        ],
        [
          "Seq Scan",
          "Hash",
          "Hash Join",
          "Sort",
          "Aggregate",
          "Gather Merge"
        ],
        [
          "Seq Scan",
          "Hash",
          "Hash Join",
          "Sort",
          "Aggregate",
          "Gather Merge"
        ]
      ],
      "index_shape": [
        "join"
      ],
      "physical_operator": {}
    }
  },
  {
    "query": "-- Functional Query Definition\n-- Approved February 1998\n\n\nselect\no_year,\nsum(case\nwhen nation = 'ALGERIA' then volume\nelse 0\nend) / sum(volume) as mkt_share\nfrom\n(\nselect\nextract(year from o_orderdate) as o_year,\nl_extendedprice * (1 - l_discount) as volume,\nn2.n_name as nation\nfrom\npart,\nsupplier,\nlineitem,\norders,\ncustomer,\nnation n1,\nnation n2,\nregion\nwhere\np_partkey = l_partkey\nand s_suppkey = l_suppkey\nand l_orderkey = o_orderkey\nand o_custkey = c_custkey\nand c_nationkey = n1.n_nationkey\nand n1.n_regionkey = r_regionkey\nand r_name = 'AFRICA'\nand s_nationkey = n2.n_nationkey\nand o_orderdate between date '1995-01-01' and date '1996-12-31'\nand p_type = 'STANDARD PLATED NICKEL'\n) as all_nations\ngroup by\no_year\norder by\no_year ;\n-- $ID$\n-- TPC-H/TPC-R Product Type Profit Measure ",
    "indexes": "orders.o_orderkey",
    "wo plan est": {
      "Node Type": "Aggregate",
      "Strategy": "Sorted",
      "Partial Mode": "Finalize",
      "Parallel Aware": false,
      "Async Capable": false,
      "Startup Cost": 1955785.01,
      "Total Cost": 1956486.84,
      "Plan Rows": 2406,
      "Plan Width": 64,
      "Group Key": [
        "(EXTRACT(year FROM orders.o_orderdate))"
      ],
      "Plans": [
        {
          "Node Type": "Gather Merge",
          "Parent Relationship": "Outer",
          "Parallel Aware": false,
          "Async Capable": false,
          "Startup Cost": 1955785.01,
          "Total Cost": 1956408.65,
          "Plan Rows": 2406,
          "Plan Width": 96,
          "Workers Planned": 1,
          "Plans": [
            {
              "Node Type": "Aggregate",
              "Strategy": "Sorted",
              "Partial Mode": "Partial",
              "Parent Relationship": "Outer",
              "Parallel Aware": false,
              "Async Capable": false,
              "Startup Cost": 1954785.0,
              "Total Cost": 1955137.96,
              "Plan Rows": 2406,
              "Plan Width": 96,
              "Group Key": [
                "(EXTRACT(year FROM orders.o_orderdate))"
              ],
              "Plans": [
                {
                  "Node Type": "Sort",
                  "Parent Relationship": "Outer",
                  "Parallel Aware": false,
                  "Async Capable": false,
                  "Startup Cost": 1954785.0,
                  "Total Cost": 1954819.54,
                  "Plan Rows": 13816,
                  "Plan Width": 70,
                  "Sort Key": [
                    "(EXTRACT(year FROM orders.o_orderdate))"
                  ],
                  "Plans": [
                    {
                      "Node Type": "Hash Join",
                      "Parent Relationship": "Outer",
                      "Parallel Aware": false,
                      "Async Capable": false,
                      "Join Type": "Inner",
                      "Startup Cost": 1950527.96,
                      "Total Cost": 1953834.87,
                      "Plan Rows": 13816,
                      "Plan Width": 70,
                      "Inner Unique": false,
                      "Hash Cond": "(supplier.s_nationkey = n2.n_nationkey)",
                      "Plans": [
                        {
                          "Node Type": "Hash Join",
                          "Parent Relationship": "Outer",
                          "Parallel Aware": true,
                          "Async Capable": false,
                          "Join Type": "Inner",
                          "Startup Cost": 1950526.4,
                          "Total Cost": 1953608.79,
                          "Plan Rows": 13816,
                          "Plan Width": 20,
                          "Inner Unique": false,
                          "Hash Cond": "(supplier.s_suppkey = lineitem.l_suppkey)",
                          "Plans": [
                            {
                              "Node Type": "Seq Scan",
                              "Parent Relationship": "Outer",
                              "Parallel Aware": true,
                              "Async Capable": false,
                              "Relation Name": "supplier",
                              "Alias": "supplier",
                              "Startup Cost": 0.0,
                              "Total Cost": 2804.24,
                              "Plan Rows": 58824,
                              "Plan Width": 8,
                              "parent": 5,
                              "ID": 6
                            },
                            {
                              "Node Type": "Hash",
                              "Parent Relationship": "Inner",
                              "Parallel Aware": true,
                              "Async Capable": false,
                              "Startup Cost": 1950404.06,
                              "Total Cost": 1950404.06,
                              "Plan Rows": 9787,
                              "Plan Width": 20,
                              "Plans": [
                                {
                                  "Node Type": "Hash Join",
                                  "Parent Relationship": "Outer",
                                  "Parallel Aware": false,
                                  "Async Capable": false,
                                  "Join Type": "Inner",
                                  "Startup Cost": 1905498.74,
                                  "Total Cost": 1950404.06,
                                  "Plan Rows": 9787,
                                  "Plan Width": 20,
                                  "Inner Unique": false,
                                  "Hash Cond": "(customer.c_nationkey = n1.n_nationkey)",
                                  "Plans": [
                                    {
                                      "Node Type": "Hash Join",
                                      "Parent Relationship": "Outer",
                                      "Parallel Aware": true,
                                      "Async Capable": false,
                                      "Join Type": "Inner",
                                      "Startup Cost": 1905496.2,
                                      "Total Cost": 1950120.18,
                                      "Plan Rows": 48932,
                                      "Plan Width": 24,
                                      "Inner Unique": false,
                                      "Hash Cond": "(customer.c_custkey = orders.o_custkey)",
                                      "Plans": [
                                        {
                                          "Node Type": "Seq Scan",
                                          "Parent Relationship": "Outer",
                                          "Parallel Aware": true,
                                          "Async Capable": false,
                                          "Relation Name": "customer",
                                          "Alias": "customer",
                                          "Startup Cost": 0.0,
                                          "Total Cost": 42076.52,
                                          "Plan Rows": 624952,
                                          "Plan Width": 8,
                                          "parent": 9,
                                          "ID": 10
                                        },
                                        {
                                          "Node Type": "Hash",
                                          "Parent Relationship": "Inner",
                                          "Parallel Aware": true,
                                          "Async Capable": false,
                                          "Startup Cost": 1904884.55,
                                          "Total Cost": 1904884.55,
                                          "Plan Rows": 48932,
                                          "Plan Width": 24,
                                          "Plans": [
                                            {
                                              "Node Type": "Hash Join",
                                              "Parent Relationship": "Outer",
                                              "Parallel Aware": true,
                                              "Async Capable": false,
                                              "Join Type": "Inner",
                                              "Startup Cost": 1523283.11,
                                              "Total Cost": 1904884.55,
                                              "Plan Rows": 48932,
                                              "Plan Width": 24,
                                              "Inner Unique": false,
                                              "Hash Cond": "(orders.o_orderkey = lineitem.l_orderkey)",
                                              "Plans": [
                                                {
                                                  "Node Type": "Seq Scan",
                                                  "Parent Relationship": "Outer",
                                                  "Parallel Aware": true,
                                                  "Async Capable": false,
                                                  "Relation Name": "orders",
                                                  "Alias": "orders",
                                                  "Startup Cost": 0.0,
                                                  "Total Cost": 354655.56,
                                                  "Plan Rows": 1909064,
                                                  "Plan Width": 12,
                                                  "Filter": "((o_orderdate >= '1995-01-01'::date) AND (o_orderdate <= '1996-12-31'::date))",
                                                  "parent": 12,
                                                  "ID": 13
                                                },
                                                {
                                                  "Node Type": "Hash",
                                                  "Parent Relationship": "Inner",
                                                  "Parallel Aware": true,
                                                  "Async Capable": false,
                                                  "Startup Cost": 1520341.76,
                                                  "Total Cost": 1520341.76,
                                                  "Plan Rows": 160188,
                                                  "Plan Width": 20,
                                                  "Plans": [
                                                    {
                                                      "Node Type": "Hash Join",
                                                      "Parent Relationship": "Outer",
                                                      "Parallel Aware": true,
                                                      "Async Capable": false,
                                                      "Join Type": "Inner",
                                                      "Startup Cost": 51447.53,
                                                      "Total Cost": 1520341.76,
                                                      "Plan Rows": 160188,
                                                      "Plan Width": 20,
                                                      "Inner Unique": false,
                                                      "Hash Cond": "(lineitem.l_partkey = part.p_partkey)",
                                                      "Plans": [
                                                        {
                                                          "Node Type": "Seq Scan",
                                                          "Parent Relationship": "Outer",
                                                          "Parallel Aware": true,
                                                          "Async Capable": false,
                                                          "Relation Name": "lineitem",
                                                          "Alias": "lineitem",
                                                          "Startup Cost": 0.0,
                                                          "Total Cost": 1374494.57,
                                                          "Plan Rows": 24995257,
                                                          "Plan Width": 24,
                                                          "parent": 15,
                                                          "ID": 16
                                                        },
                                                        {
                                                          "Node Type": "Hash",
                                                          "Parent Relationship": "Inner",
                                                          "Parallel Aware": true,
                                                          "Async Capable": false,
                                                          "Startup Cost": 51378.28,
                                                          "Total Cost": 51378.28,
                                                          "Plan Rows": 5540,
                                                          "Plan Width": 4,
                                                          "Plans": [
                                                            {
                                                              "Node Type": "Seq Scan",
                                                              "Parent Relationship": "Outer",
                                                              "Parallel Aware": true,
                                                              "Async Capable": false,
                                                              "Relation Name": "part",
                                                              "Alias": "part",
                                                              "Startup Cost": 0.0,
                                                              "Total Cost": 51378.28,
                                                              "Plan Rows": 5540,
                                                              "Plan Width": 4,
                                                              "Filter": "((p_type)::text = 'STANDARD PLATED NICKEL'::text)",
                                                              "parent": 17,
                                                              "ID": 18
                                                            }
                                                          ],
                                                          "parent": 15,
                                                          "ID": 17,
                                                          "left": 18
                                                        }
                                                      ],
                                                      "parent": 14,
                                                      "ID": 15,
                                                      "left": 16,
                                                      "right": 17
                                                    }
                                                  ],
                                                  "parent": 12,
                                                  "ID": 14,
                                                  "left": 15
                                                }
                                              ],
                                              "parent": 11,
                                              "ID": 12,
                                              "left": 13,
                                              "right": 14
                                            }
                                          ],
                                          "parent": 9,
                                          "ID": 11,
                                          "left": 12
                                        }
                                      ],
                                      "parent": 8,
                                      "ID": 9,
                                      "left": 10,
                                      "right": 11
                                    },
                                    {
                                      "Node Type": "Hash",
                                      "Parent Relationship": "Inner",
                                      "Parallel Aware": false,
                                      "Async Capable": false,
                                      "Startup Cost": 2.47,
                                      "Total Cost": 2.47,
                                      "Plan Rows": 5,
                                      "Plan Width": 4,
                                      "Plans": [
                                        {
                                          "Node Type": "Hash Join",
                                          "Parent Relationship": "Outer",
                                          "Parallel Aware": false,
                                          "Async Capable": false,
                                          "Join Type": "Inner",
                                          "Startup Cost": 1.07,
                                          "Total Cost": 2.47,
                                          "Plan Rows": 5,
                                          "Plan Width": 4,
                                          "Inner Unique": false,
                                          "Hash Cond": "(n1.n_regionkey = region.r_regionkey)",
                                          "Plans": [
                                            {
                                              "Node Type": "Seq Scan",
                                              "Parent Relationship": "Outer",
                                              "Parallel Aware": false,
                                              "Async Capable": false,
                                              "Relation Name": "nation",
                                              "Alias": "n1",
                                              "Startup Cost": 0.0,
                                              "Total Cost": 1.25,
                                              "Plan Rows": 25,
                                              "Plan Width": 8,
                                              "parent": 20,
                                              "ID": 21
                                            },
                                            {
                                              "Node Type": "Hash",
                                              "Parent Relationship": "Inner",
                                              "Parallel Aware": false,
                                              "Async Capable": false,
                                              "Startup Cost": 1.06,
                                              "Total Cost": 1.06,
                                              "Plan Rows": 1,
                                              "Plan Width": 4,
                                              "Plans": [
                                                {
                                                  "Node Type": "Seq Scan",
                                                  "Parent Relationship": "Outer",
                                                  "Parallel Aware": false,
                                                  "Async Capable": false,
                                                  "Relation Name": "region",
                                                  "Alias": "region",
                                                  "Startup Cost": 0.0,
                                                  "Total Cost": 1.06,
                                                  "Plan Rows": 1,
                                                  "Plan Width": 4,
                                                  "Filter": "(r_name = 'AFRICA'::bpchar)",
                                                  "parent": 22,
                                                  "ID": 23
                                                }
                                              ],
                                              "parent": 20,
                                              "ID": 22,
                                              "left": 23
                                            }
                                          ],
                                          "parent": 19,
                                          "ID": 20,
                                          "left": 21,
                                          "right": 22
                                        }
                                      ],
                                      "parent": 8,
                                      "ID": 19,
                                      "left": 20
                                    }
                                  ],
                                  "parent": 7,
                                  "ID": 8,
                                  "left": 9,
                                  "right": 19
                                }
                              ],
                              "parent": 5,
                              "ID": 7,
                              "left": 8
                            }
                          ],
                          "parent": 4,
                          "ID": 5,
                          "left": 6,
                          "right": 7
                        },
                        {
                          "Node Type": "Hash",
                          "Parent Relationship": "Inner",
                          "Parallel Aware": false,
                          "Async Capable": false,
                          "Startup Cost": 1.25,
                          "Total Cost": 1.25,
                          "Plan Rows": 25,
                          "Plan Width": 30,
                          "Plans": [
                            {
                              "Node Type": "Seq Scan",
                              "Parent Relationship": "Outer",
                              "Parallel Aware": false,
                              "Async Capable": false,
                              "Relation Name": "nation",
                              "Alias": "n2",
                              "Startup Cost": 0.0,
                              "Total Cost": 1.25,
                              "Plan Rows": 25,
                              "Plan Width": 30,
                              "parent": 24,
                              "ID": 25
                            }
                          ],
                          "parent": 4,
                          "ID": 24,
                          "left": 25
                        }
                      ],
                      "parent": 3,
                      "ID": 4,
                      "left": 5,
                      "right": 24
                    }
                  ],
                  "parent": 2,
                  "ID": 3,
                  "left": 4
                }
              ],
              "parent": 1,
              "ID": 2,
              "left": 3
            }
          ],
          "parent": 0,
          "ID": 1,
          "left": 2
        }
      ],
      "parent": null,
      "ID": 0,
      "left": 1
    },
    "feat": {
      "utility": 6.386447184269642e-07,
      "query_shape": [
        [
          "Seq Scan",
          "Hash Join",
          "Sort",
          "Aggregate",
          "Gather Merge"
        ],
        [
          "Seq Scan",
          "Hash Join",
          "Hash",
          "Sort",
          "Aggregate",
          "Gather Merge"
        ],
        [
          "Seq Scan",
          "Hash Join",
          "Hash",
          "Sort",
          "Aggregate",
          "Gather Merge"
        ],
        [
          "Seq Scan",
          "Hash Join",
          "Hash",
          "Sort",
          "Aggregate",
          "Gather Merge"
        ],
        [
          "Seq Scan",
          "Hash",
          "Hash Join",
          "Sort",
          "Aggregate",
          "Gather Merge"
        ],
        [
          "Seq Scan",
          "Hash Join",
          "Hash",
          "Sort",
          "Aggregate",
          "Gather Merge"
        ],
        [
          "Seq Scan",
          "Hash",
          "Hash Join",
          "Sort",
          "Aggregate",
          "Gather Merge"
        ],
        [
          "Seq Scan",
          "Hash",
          "Hash Join",
          "Sort",
          "Aggregate",
          "Gather Merge"
        ]
      ],
      "index_shape": [
        "join"
      ],
      "physical_operator": {
        "Hash Join": [
          0.00040001036971116453
        ]
      }
    }
  },
  {
    "query": "-- Functional Query Definition\n-- Approved February 1998\n\n\nselect\no_year,\nsum(case\nwhen nation = 'ALGERIA' then volume\nelse 0\nend) / sum(volume) as mkt_share\nfrom\n(\nselect\nextract(year from o_orderdate) as o_year,\nl_extendedprice * (1 - l_discount) as volume,\nn2.n_name as nation\nfrom\npart,\nsupplier,\nlineitem,\norders,\ncustomer,\nnation n1,\nnation n2,\nregion\nwhere\np_partkey = l_partkey\nand s_suppkey = l_suppkey\nand l_orderkey = o_orderkey\nand o_custkey = c_custkey\nand c_nationkey = n1.n_nationkey\nand n1.n_regionkey = r_regionkey\nand r_name = 'AFRICA'\nand s_nationkey = n2.n_nationkey\nand o_orderdate between date '1995-01-01' and date '1996-12-31'\nand p_type = 'STANDARD PLATED NICKEL'\n) as all_nations\ngroup by\no_year\norder by\no_year ;\n-- $ID$\n-- TPC-H/TPC-R Product Type Profit Measure ",
    "indexes": "orders.o_custkey",
    "wo plan est": {
      "Node Type": "Aggregate",
      "Strategy": "Sorted",
      "Partial Mode": "Finalize",
      "Parallel Aware": false,
      "Async Capable": false,
      "Startup Cost": 1955785.01,
      "Total Cost": 1956486.84,
      "Plan Rows": 2406,
      "Plan Width": 64,
      "Group Key": [
        "(EXTRACT(year FROM orders.o_orderdate))"
      ],
      "Plans": [
        {
          "Node Type": "Gather Merge",
          "Parent Relationship": "Outer",
          "Parallel Aware": false,
          "Async Capable": false,
          "Startup Cost": 1955785.01,
          "Total Cost": 1956408.65,
          "Plan Rows": 2406,
          "Plan Width": 96,
          "Workers Planned": 1,
          "Plans": [
            {
              "Node Type": "Aggregate",
              "Strategy": "Sorted",
              "Partial Mode": "Partial",
              "Parent Relationship": "Outer",
              "Parallel Aware": false,
              "Async Capable": false,
              "Startup Cost": 1954785.0,
              "Total Cost": 1955137.96,
              "Plan Rows": 2406,
              "Plan Width": 96,
              "Group Key": [
                "(EXTRACT(year FROM orders.o_orderdate))"
              ],
              "Plans": [
                {
                  "Node Type": "Sort",
                  "Parent Relationship": "Outer",
                  "Parallel Aware": false,
                  "Async Capable": false,
                  "Startup Cost": 1954785.0,
                  "Total Cost": 1954819.54,
                  "Plan Rows": 13816,
                  "Plan Width": 70,
                  "Sort Key": [
                    "(EXTRACT(year FROM orders.o_orderdate))"
                  ],
                  "Plans": [
                    {
                      "Node Type": "Hash Join",
                      "Parent Relationship": "Outer",
                      "Parallel Aware": false,
                      "Async Capable": false,
                      "Join Type": "Inner",
                      "Startup Cost": 1950527.96,
                      "Total Cost": 1953834.87,
                      "Plan Rows": 13816,
                      "Plan Width": 70,
                      "Inner Unique": false,
                      "Hash Cond": "(supplier.s_nationkey = n2.n_nationkey)",
                      "Plans": [
                        {
                          "Node Type": "Hash Join",
                          "Parent Relationship": "Outer",
                          "Parallel Aware": true,
                          "Async Capable": false,
                          "Join Type": "Inner",
                          "Startup Cost": 1950526.4,
                          "Total Cost": 1953608.79,
                          "Plan Rows": 13816,
                          "Plan Width": 20,
                          "Inner Unique": false,
                          "Hash Cond": "(supplier.s_suppkey = lineitem.l_suppkey)",
                          "Plans": [
                            {
                              "Node Type": "Seq Scan",
                              "Parent Relationship": "Outer",
                              "Parallel Aware": true,
                              "Async Capable": false,
                              "Relation Name": "supplier",
                              "Alias": "supplier",
                              "Startup Cost": 0.0,
                              "Total Cost": 2804.24,
                              "Plan Rows": 58824,
                              "Plan Width": 8,
                              "parent": 5,
                              "ID": 6
                            },
                            {
                              "Node Type": "Hash",
                              "Parent Relationship": "Inner",
                              "Parallel Aware": true,
                              "Async Capable": false,
                              "Startup Cost": 1950404.06,
                              "Total Cost": 1950404.06,
                              "Plan Rows": 9787,
                              "Plan Width": 20,
                              "Plans": [
                                {
                                  "Node Type": "Hash Join",
                                  "Parent Relationship": "Outer",
                                  "Parallel Aware": false,
                                  "Async Capable": false,
                                  "Join Type": "Inner",
                                  "Startup Cost": 1905498.74,
                                  "Total Cost": 1950404.06,
                                  "Plan Rows": 9787,
                                  "Plan Width": 20,
                                  "Inner Unique": false,
                                  "Hash Cond": "(customer.c_nationkey = n1.n_nationkey)",
                                  "Plans": [
                                    {
                                      "Node Type": "Hash Join",
                                      "Parent Relationship": "Outer",
                                      "Parallel Aware": true,
                                      "Async Capable": false,
                                      "Join Type": "Inner",
                                      "Startup Cost": 1905496.2,
                                      "Total Cost": 1950120.18,
                                      "Plan Rows": 48932,
                                      "Plan Width": 24,
                                      "Inner Unique": false,
                                      "Hash Cond": "(customer.c_custkey = orders.o_custkey)",
                                      "Plans": [
                                        {
                                          "Node Type": "Seq Scan",
                                          "Parent Relationship": "Outer",
                                          "Parallel Aware": true,
                                          "Async Capable": false,
                                          "Relation Name": "customer",
                                          "Alias": "customer",
                                          "Startup Cost": 0.0,
                                          "Total Cost": 42076.52,
                                          "Plan Rows": 624952,
                                          "Plan Width": 8,
                                          "parent": 9,
                                          "ID": 10
                                        },
                                        {
                                          "Node Type": "Hash",
                                          "Parent Relationship": "Inner",
                                          "Parallel Aware": true,
                                          "Async Capable": false,
                                          "Startup Cost": 1904884.55,
                                          "Total Cost": 1904884.55,
                                          "Plan Rows": 48932,
                                          "Plan Width": 24,
                                          "Plans": [
                                            {
                                              "Node Type": "Hash Join",
                                              "Parent Relationship": "Outer",
                                              "Parallel Aware": true,
                                              "Async Capable": false,
                                              "Join Type": "Inner",
                                              "Startup Cost": 1523283.11,
                                              "Total Cost": 1904884.55,
                                              "Plan Rows": 48932,
                                              "Plan Width": 24,
                                              "Inner Unique": false,
                                              "Hash Cond": "(orders.o_orderkey = lineitem.l_orderkey)",
                                              "Plans": [
                                                {
                                                  "Node Type": "Seq Scan",
                                                  "Parent Relationship": "Outer",
                                                  "Parallel Aware": true,
                                                  "Async Capable": false,
                                                  "Relation Name": "orders",
                                                  "Alias": "orders",
                                                  "Startup Cost": 0.0,
                                                  "Total Cost": 354655.56,
                                                  "Plan Rows": 1909064,
                                                  "Plan Width": 12,
                                                  "Filter": "((o_orderdate >= '1995-01-01'::date) AND (o_orderdate <= '1996-12-31'::date))",
                                                  "parent": 12,
                                                  "ID": 13
                                                },
                                                {
                                                  "Node Type": "Hash",
                                                  "Parent Relationship": "Inner",
                                                  "Parallel Aware": true,
                                                  "Async Capable": false,
                                                  "Startup Cost": 1520341.76,
                                                  "Total Cost": 1520341.76,
                                                  "Plan Rows": 160188,
                                                  "Plan Width": 20,
                                                  "Plans": [
                                                    {
                                                      "Node Type": "Hash Join",
                                                      "Parent Relationship": "Outer",
                                                      "Parallel Aware": true,
                                                      "Async Capable": false,
                                                      "Join Type": "Inner",
                                                      "Startup Cost": 51447.53,
                                                      "Total Cost": 1520341.76,
                                                      "Plan Rows": 160188,
                                                      "Plan Width": 20,
                                                      "Inner Unique": false,
                                                      "Hash Cond": "(lineitem.l_partkey = part.p_partkey)",
                                                      "Plans": [
                                                        {
                                                          "Node Type": "Seq Scan",
                                                          "Parent Relationship": "Outer",
                                                          "Parallel Aware": true,
                                                          "Async Capable": false,
                                                          "Relation Name": "lineitem",
                                                          "Alias": "lineitem",
                                                          "Startup Cost": 0.0,
                                                          "Total Cost": 1374494.57,
                                                          "Plan Rows": 24995257,
                                                          "Plan Width": 24,
                                                          "parent": 15,
                                                          "ID": 16
                                                        },
                                                        {
                                                          "Node Type": "Hash",
                                                          "Parent Relationship": "Inner",
                                                          "Parallel Aware": true,
                                                          "Async Capable": false,
                                                          "Startup Cost": 51378.28,
                                                          "Total Cost": 51378.28,
                                                          "Plan Rows": 5540,
                                                          "Plan Width": 4,
                                                          "Plans": [
                                                            {
                                                              "Node Type": "Seq Scan",
                                                              "Parent Relationship": "Outer",
                                                              "Parallel Aware": true,
                                                              "Async Capable": false,
                                                              "Relation Name": "part",
                                                              "Alias": "part",
                                                              "Startup Cost": 0.0,
                                                              "Total Cost": 51378.28,
                                                              "Plan Rows": 5540,
                                                              "Plan Width": 4,
                                                              "Filter": "((p_type)::text = 'STANDARD PLATED NICKEL'::text)",
                                                              "parent": 17,
                                                              "ID": 18
                                                            }
                                                          ],
                                                          "parent": 15,
                                                          "ID": 17,
                                                          "left": 18
                                                        }
                                                      ],
                                                      "parent": 14,
                                                      "ID": 15,
                                                      "left": 16,
                                                      "right": 17
                                                    }
                                                  ],
                                                  "parent": 12,
                                                  "ID": 14,
                                                  "left": 15
                                                }
                                              ],
                                              "parent": 11,
                                              "ID": 12,
                                              "left": 13,
                                              "right": 14
                                            }
                                          ],
                                          "parent": 9,
                                          "ID": 11,
                                          "left": 12
                                        }
                                      ],
                                      "parent": 8,
                                      "ID": 9,
                                      "left": 10,
                                      "right": 11
                                    },
                                    {
                                      "Node Type": "Hash",
                                      "Parent Relationship": "Inner",
                                      "Parallel Aware": false,
                                      "Async Capable": false,
                                      "Startup Cost": 2.47,
                                      "Total Cost": 2.47,
                                      "Plan Rows": 5,
                                      "Plan Width": 4,
                                      "Plans": [
                                        {
                                          "Node Type": "Hash Join",
                                          "Parent Relationship": "Outer",
                                          "Parallel Aware": false,
                                          "Async Capable": false,
                                          "Join Type": "Inner",
                                          "Startup Cost": 1.07,
                                          "Total Cost": 2.47,
                                          "Plan Rows": 5,
                                          "Plan Width": 4,
                                          "Inner Unique": false,
                                          "Hash Cond": "(n1.n_regionkey = region.r_regionkey)",
                                          "Plans": [
                                            {
                                              "Node Type": "Seq Scan",
                                              "Parent Relationship": "Outer",
                                              "Parallel Aware": false,
                                              "Async Capable": false,
                                              "Relation Name": "nation",
                                              "Alias": "n1",
                                              "Startup Cost": 0.0,
                                              "Total Cost": 1.25,
                                              "Plan Rows": 25,
                                              "Plan Width": 8,
                                              "parent": 20,
                                              "ID": 21
                                            },
                                            {
                                              "Node Type": "Hash",
                                              "Parent Relationship": "Inner",
                                              "Parallel Aware": false,
                                              "Async Capable": false,
                                              "Startup Cost": 1.06,
                                              "Total Cost": 1.06,
                                              "Plan Rows": 1,
                                              "Plan Width": 4,
                                              "Plans": [
                                                {
                                                  "Node Type": "Seq Scan",
                                                  "Parent Relationship": "Outer",
                                                  "Parallel Aware": false,
                                                  "Async Capable": false,
                                                  "Relation Name": "region",
                                                  "Alias": "region",
                                                  "Startup Cost": 0.0,
                                                  "Total Cost": 1.06,
                                                  "Plan Rows": 1,
                                                  "Plan Width": 4,
                                                  "Filter": "(r_name = 'AFRICA'::bpchar)",
                                                  "parent": 22,
                                                  "ID": 23
                                                }
                                              ],
                                              "parent": 20,
                                              "ID": 22,
                                              "left": 23
                                            }
                                          ],
                                          "parent": 19,
                                          "ID": 20,
                                          "left": 21,
                                          "right": 22
                                        }
                                      ],
                                      "parent": 8,
                                      "ID": 19,
                                      "left": 20
                                    }
                                  ],
                                  "parent": 7,
                                  "ID": 8,
                                  "left": 9,
                                  "right": 19
                                }
                              ],
                              "parent": 5,
                              "ID": 7,
                              "left": 8
                            }
                          ],
                          "parent": 4,
                          "ID": 5,
                          "left": 6,
                          "right": 7
                        },
                        {
                          "Node Type": "Hash",
                          "Parent Relationship": "Inner",
                          "Parallel Aware": false,
                          "Async Capable": false,
                          "Startup Cost": 1.25,
                          "Total Cost": 1.25,
                          "Plan Rows": 25,
                          "Plan Width": 30,
                          "Plans": [
                            {
                              "Node Type": "Seq Scan",
                              "Parent Relationship": "Outer",
                              "Parallel Aware": false,
                              "Async Capable": false,
                              "Relation Name": "nation",
                              "Alias": "n2",
                              "Startup Cost": 0.0,
                              "Total Cost": 1.25,
                              "Plan Rows": 25,
                              "Plan Width": 30,
                              "parent": 24,
                              "ID": 25
                            }
                          ],
                          "parent": 4,
                          "ID": 24,
                          "left": 25
                        }
                      ],
                      "parent": 3,
                      "ID": 4,
                      "left": 5,
                      "right": 24
                    }
                  ],
                  "parent": 2,
                  "ID": 3,
                  "left": 4
                }
              ],
              "parent": 1,
              "ID": 2,
              "left": 3
            }
          ],
          "parent": 0,
          "ID": 1,
          "left": 2
        }
      ],
      "parent": null,
      "ID": 0,
      "left": 1
    },
    "feat": {
      "utility": 6.380921020918737e-07,
      "query_shape": [
        [
          "Seq Scan",
          "Hash Join",
          "Sort",
          "Aggregate",
          "Gather Merge"
        ],
        [
          "Seq Scan",
          "Hash Join",
          "Hash",
          "Sort",
          "Aggregate",
          "Gather Merge"
        ],
        [
          "Seq Scan",
          "Hash Join",
          "Hash",
          "Sort",
          "Aggregate",
          "Gather Merge"
        ],
        [
          "Seq Scan",
          "Hash Join",
          "Hash",
          "Sort",
          "Aggregate",
          "Gather Merge"
        ],
        [
          "Seq Scan",
          "Hash",
          "Hash Join",
          "Sort",
          "Aggregate",
          "Gather Merge"
        ],
        [
          "Seq Scan",
          "Hash Join",
          "Hash",
          "Sort",
          "Aggregate",
          "Gather Merge"
        ],
        [
          "Seq Scan",
          "Hash",
          "Hash Join",
          "Sort",
          "Aggregate",
          "Gather Merge"
        ],
        [
          "Seq Scan",
          "Hash",
          "Hash Join",
          "Sort",
          "Aggregate",
          "Gather Merge"
        ]
      ],
      "index_shape": [
        "join"
      ],
      "physical_operator": {
        "Hash Join": [
          0.0012649596394501718
        ]
      }
    }
  },
  {
    "query": "-- Functional Query Definition\n-- Approved February 1998\n\n\nselect\no_year,\nsum(case\nwhen nation = 'ALGERIA' then volume\nelse 0\nend) / sum(volume) as mkt_share\nfrom\n(\nselect\nextract(year from o_orderdate) as o_year,\nl_extendedprice * (1 - l_discount) as volume,\nn2.n_name as nation\nfrom\npart,\nsupplier,\nlineitem,\norders,\ncustomer,\nnation n1,\nnation n2,\nregion\nwhere\np_partkey = l_partkey\nand s_suppkey = l_suppkey\nand l_orderkey = o_orderkey\nand o_custkey = c_custkey\nand c_nationkey = n1.n_nationkey\nand n1.n_regionkey = r_regionkey\nand r_name = 'AFRICA'\nand s_nationkey = n2.n_nationkey\nand o_orderdate between date '1995-01-01' and date '1996-12-31'\nand p_type = 'STANDARD PLATED NICKEL'\n) as all_nations\ngroup by\no_year\norder by\no_year ;\n-- $ID$\n-- TPC-H/TPC-R Product Type Profit Measure ",
    "indexes": "orders.o_orderdate",
    "wo plan est": {
      "Node Type": "Aggregate",
      "Strategy": "Sorted",
      "Partial Mode": "Finalize",
      "Parallel Aware": false,
      "Async Capable": false,
      "Startup Cost": 1955785.01,
      "Total Cost": 1956486.84,
      "Plan Rows": 2406,
      "Plan Width": 64,
      "Group Key": [
        "(EXTRACT(year FROM orders.o_orderdate))"
      ],
      "Plans": [
        {
          "Node Type": "Gather Merge",
          "Parent Relationship": "Outer",
          "Parallel Aware": false,
          "Async Capable": false,
          "Startup Cost": 1955785.01,
          "Total Cost": 1956408.65,
          "Plan Rows": 2406,
          "Plan Width": 96,
          "Workers Planned": 1,
          "Plans": [
            {
              "Node Type": "Aggregate",
              "Strategy": "Sorted",
              "Partial Mode": "Partial",
              "Parent Relationship": "Outer",
              "Parallel Aware": false,
              "Async Capable": false,
              "Startup Cost": 1954785.0,
              "Total Cost": 1955137.96,
              "Plan Rows": 2406,
              "Plan Width": 96,
              "Group Key": [
                "(EXTRACT(year FROM orders.o_orderdate))"
              ],
              "Plans": [
                {
                  "Node Type": "Sort",
                  "Parent Relationship": "Outer",
                  "Parallel Aware": false,
                  "Async Capable": false,
                  "Startup Cost": 1954785.0,
                  "Total Cost": 1954819.54,
                  "Plan Rows": 13816,
                  "Plan Width": 70,
                  "Sort Key": [
                    "(EXTRACT(year FROM orders.o_orderdate))"
                  ],
                  "Plans": [
                    {
                      "Node Type": "Hash Join",
                      "Parent Relationship": "Outer",
                      "Parallel Aware": false,
                      "Async Capable": false,
                      "Join Type": "Inner",
                      "Startup Cost": 1950527.96,
                      "Total Cost": 1953834.87,
                      "Plan Rows": 13816,
                      "Plan Width": 70,
                      "Inner Unique": false,
                      "Hash Cond": "(supplier.s_nationkey = n2.n_nationkey)",
                      "Plans": [
                        {
                          "Node Type": "Hash Join",
                          "Parent Relationship": "Outer",
                          "Parallel Aware": true,
                          "Async Capable": false,
                          "Join Type": "Inner",
                          "Startup Cost": 1950526.4,
                          "Total Cost": 1953608.79,
                          "Plan Rows": 13816,
                          "Plan Width": 20,
                          "Inner Unique": false,
                          "Hash Cond": "(supplier.s_suppkey = lineitem.l_suppkey)",
                          "Plans": [
                            {
                              "Node Type": "Seq Scan",
                              "Parent Relationship": "Outer",
                              "Parallel Aware": true,
                              "Async Capable": false,
                              "Relation Name": "supplier",
                              "Alias": "supplier",
                              "Startup Cost": 0.0,
                              "Total Cost": 2804.24,
                              "Plan Rows": 58824,
                              "Plan Width": 8,
                              "parent": 5,
                              "ID": 6
                            },
                            {
                              "Node Type": "Hash",
                              "Parent Relationship": "Inner",
                              "Parallel Aware": true,
                              "Async Capable": false,
                              "Startup Cost": 1950404.06,
                              "Total Cost": 1950404.06,
                              "Plan Rows": 9787,
                              "Plan Width": 20,
                              "Plans": [
                                {
                                  "Node Type": "Hash Join",
                                  "Parent Relationship": "Outer",
                                  "Parallel Aware": false,
                                  "Async Capable": false,
                                  "Join Type": "Inner",
                                  "Startup Cost": 1905498.74,
                                  "Total Cost": 1950404.06,
                                  "Plan Rows": 9787,
                                  "Plan Width": 20,
                                  "Inner Unique": false,
                                  "Hash Cond": "(customer.c_nationkey = n1.n_nationkey)",
                                  "Plans": [
                                    {
                                      "Node Type": "Hash Join",
                                      "Parent Relationship": "Outer",
                                      "Parallel Aware": true,
                                      "Async Capable": false,
                                      "Join Type": "Inner",
                                      "Startup Cost": 1905496.2,
                                      "Total Cost": 1950120.18,
                                      "Plan Rows": 48932,
                                      "Plan Width": 24,
                                      "Inner Unique": false,
                                      "Hash Cond": "(customer.c_custkey = orders.o_custkey)",
                                      "Plans": [
                                        {
                                          "Node Type": "Seq Scan",
                                          "Parent Relationship": "Outer",
                                          "Parallel Aware": true,
                                          "Async Capable": false,
                                          "Relation Name": "customer",
                                          "Alias": "customer",
                                          "Startup Cost": 0.0,
                                          "Total Cost": 42076.52,
                                          "Plan Rows": 624952,
                                          "Plan Width": 8,
                                          "parent": 9,
                                          "ID": 10
                                        },
                                        {
                                          "Node Type": "Hash",
                                          "Parent Relationship": "Inner",
                                          "Parallel Aware": true,
                                          "Async Capable": false,
                                          "Startup Cost": 1904884.55,
                                          "Total Cost": 1904884.55,
                                          "Plan Rows": 48932,
                                          "Plan Width": 24,
                                          "Plans": [
                                            {
                                              "Node Type": "Hash Join",
                                              "Parent Relationship": "Outer",
                                              "Parallel Aware": true,
                                              "Async Capable": false,
                                              "Join Type": "Inner",
                                              "Startup Cost": 1523283.11,
                                              "Total Cost": 1904884.55,
                                              "Plan Rows": 48932,
                                              "Plan Width": 24,
                                              "Inner Unique": false,
                                              "Hash Cond": "(orders.o_orderkey = lineitem.l_orderkey)",
                                              "Plans": [
                                                {
                                                  "Node Type": "Seq Scan",
                                                  "Parent Relationship": "Outer",
                                                  "Parallel Aware": true,
                                                  "Async Capable": false,
                                                  "Relation Name": "orders",
                                                  "Alias": "orders",
                                                  "Startup Cost": 0.0,
                                                  "Total Cost": 354655.56,
                                                  "Plan Rows": 1909064,
                                                  "Plan Width": 12,
                                                  "Filter": "((o_orderdate >= '1995-01-01'::date) AND (o_orderdate <= '1996-12-31'::date))",
                                                  "parent": 12,
                                                  "ID": 13
                                                },
                                                {
                                                  "Node Type": "Hash",
                                                  "Parent Relationship": "Inner",
                                                  "Parallel Aware": true,
                                                  "Async Capable": false,
                                                  "Startup Cost": 1520341.76,
                                                  "Total Cost": 1520341.76,
                                                  "Plan Rows": 160188,
                                                  "Plan Width": 20,
                                                  "Plans": [
                                                    {
                                                      "Node Type": "Hash Join",
                                                      "Parent Relationship": "Outer",
                                                      "Parallel Aware": true,
                                                      "Async Capable": false,
                                                      "Join Type": "Inner",
                                                      "Startup Cost": 51447.53,
                                                      "Total Cost": 1520341.76,
                                                      "Plan Rows": 160188,
                                                      "Plan Width": 20,
                                                      "Inner Unique": false,
                                                      "Hash Cond": "(lineitem.l_partkey = part.p_partkey)",
                                                      "Plans": [
                                                        {
                                                          "Node Type": "Seq Scan",
                                                          "Parent Relationship": "Outer",
                                                          "Parallel Aware": true,
                                                          "Async Capable": false,
                                                          "Relation Name": "lineitem",
                                                          "Alias": "lineitem",
                                                          "Startup Cost": 0.0,
                                                          "Total Cost": 1374494.57,
                                                          "Plan Rows": 24995257,
                                                          "Plan Width": 24,
                                                          "parent": 15,
                                                          "ID": 16
                                                        },
                                                        {
                                                          "Node Type": "Hash",
                                                          "Parent Relationship": "Inner",
                                                          "Parallel Aware": true,
                                                          "Async Capable": false,
                                                          "Startup Cost": 51378.28,
                                                          "Total Cost": 51378.28,
                                                          "Plan Rows": 5540,
                                                          "Plan Width": 4,
                                                          "Plans": [
                                                            {
                                                              "Node Type": "Seq Scan",
                                                              "Parent Relationship": "Outer",
                                                              "Parallel Aware": true,
                                                              "Async Capable": false,
                                                              "Relation Name": "part",
                                                              "Alias": "part",
                                                              "Startup Cost": 0.0,
                                                              "Total Cost": 51378.28,
                                                              "Plan Rows": 5540,
                                                              "Plan Width": 4,
                                                              "Filter": "((p_type)::text = 'STANDARD PLATED NICKEL'::text)",
                                                              "parent": 17,
                                                              "ID": 18
                                                            }
                                                          ],
                                                          "parent": 15,
                                                          "ID": 17,
                                                          "left": 18
                                                        }
                                                      ],
                                                      "parent": 14,
                                                      "ID": 15,
                                                      "left": 16,
                                                      "right": 17
                                                    }
                                                  ],
                                                  "parent": 12,
                                                  "ID": 14,
                                                  "left": 15
                                                }
                                              ],
                                              "parent": 11,
                                              "ID": 12,
                                              "left": 13,
                                              "right": 14
                                            }
                                          ],
                                          "parent": 9,
                                          "ID": 11,
                                          "left": 12
                                        }
                                      ],
                                      "parent": 8,
                                      "ID": 9,
                                      "left": 10,
                                      "right": 11
                                    },
                                    {
                                      "Node Type": "Hash",
                                      "Parent Relationship": "Inner",
                                      "Parallel Aware": false,
                                      "Async Capable": false,
                                      "Startup Cost": 2.47,
                                      "Total Cost": 2.47,
                                      "Plan Rows": 5,
                                      "Plan Width": 4,
                                      "Plans": [
                                        {
                                          "Node Type": "Hash Join",
                                          "Parent Relationship": "Outer",
                                          "Parallel Aware": false,
                                          "Async Capable": false,
                                          "Join Type": "Inner",
                                          "Startup Cost": 1.07,
                                          "Total Cost": 2.47,
                                          "Plan Rows": 5,
                                          "Plan Width": 4,
                                          "Inner Unique": false,
                                          "Hash Cond": "(n1.n_regionkey = region.r_regionkey)",
                                          "Plans": [
                                            {
                                              "Node Type": "Seq Scan",
                                              "Parent Relationship": "Outer",
                                              "Parallel Aware": false,
                                              "Async Capable": false,
                                              "Relation Name": "nation",
                                              "Alias": "n1",
                                              "Startup Cost": 0.0,
                                              "Total Cost": 1.25,
                                              "Plan Rows": 25,
                                              "Plan Width": 8,
                                              "parent": 20,
                                              "ID": 21
                                            },
                                            {
                                              "Node Type": "Hash",
                                              "Parent Relationship": "Inner",
                                              "Parallel Aware": false,
                                              "Async Capable": false,
                                              "Startup Cost": 1.06,
                                              "Total Cost": 1.06,
                                              "Plan Rows": 1,
                                              "Plan Width": 4,
                                              "Plans": [
                                                {
                                                  "Node Type": "Seq Scan",
                                                  "Parent Relationship": "Outer",
                                                  "Parallel Aware": false,
                                                  "Async Capable": false,
                                                  "Relation Name": "region",
                                                  "Alias": "region",
                                                  "Startup Cost": 0.0,
                                                  "Total Cost": 1.06,
                                                  "Plan Rows": 1,
                                                  "Plan Width": 4,
                                                  "Filter": "(r_name = 'AFRICA'::bpchar)",
                                                  "parent": 22,
                                                  "ID": 23
                                                }
                                              ],
                                              "parent": 20,
                                              "ID": 22,
                                              "left": 23
                                            }
                                          ],
                                          "parent": 19,
                                          "ID": 20,
                                          "left": 21,
                                          "right": 22
                                        }
                                      ],
                                      "parent": 8,
                                      "ID": 19,
                                      "left": 20
                                    }
                                  ],
                                  "parent": 7,
                                  "ID": 8,
                                  "left": 9,
                                  "right": 19
                                }
                              ],
                              "parent": 5,
                              "ID": 7,
                              "left": 8
                            }
                          ],
                          "parent": 4,
                          "ID": 5,
                          "left": 6,
                          "right": 7
                        },
                        {
                          "Node Type": "Hash",
                          "Parent Relationship": "Inner",
                          "Parallel Aware": false,
                          "Async Capable": false,
                          "Startup Cost": 1.25,
                          "Total Cost": 1.25,
                          "Plan Rows": 25,
                          "Plan Width": 30,
                          "Plans": [
                            {
                              "Node Type": "Seq Scan",
                              "Parent Relationship": "Outer",
                              "Parallel Aware": false,
                              "Async Capable": false,
                              "Relation Name": "nation",
                              "Alias": "n2",
                              "Startup Cost": 0.0,
                              "Total Cost": 1.25,
                              "Plan Rows": 25,
                              "Plan Width": 30,
                              "parent": 24,
                              "ID": 25
                            }
                          ],
                          "parent": 4,
                          "ID": 24,
                          "left": 25
                        }
                      ],
                      "parent": 3,
                      "ID": 4,
                      "left": 5,
                      "right": 24
                    }
                  ],
                  "parent": 2,
                  "ID": 3,
                  "left": 4
                }
              ],
              "parent": 1,
              "ID": 2,
              "left": 3
            }
          ],
          "parent": 0,
          "ID": 1,
          "left": 2
        }
      ],
      "parent": null,
      "ID": 0,
      "left": 1
    },
    "feat": {
      "utility": 0.17550397832818337,
      "query_shape": [
        [
          "Seq Scan",
          "Hash Join",
          "Sort",
          "Aggregate",
          "Gather Merge"
        ],
        [
          "Seq Scan",
          "Hash Join",
          "Hash",
          "Sort",
          "Aggregate",
          "Gather Merge"
        ],
        [
          "Seq Scan",
          "Hash Join",
          "Hash",
          "Sort",
          "Aggregate",
          "Gather Merge"
        ],
        [
          "Seq Scan",
          "Hash Join",
          "Hash",
          "Sort",
          "Aggregate",
          "Gather Merge"
        ],
        [
          "Seq Scan",
          "Hash",
          "Hash Join",
          "Sort",
          "Aggregate",
          "Gather Merge"
        ],
        [
          "Seq Scan",
          "Hash Join",
          "Hash",
          "Sort",
          "Aggregate",
          "Gather Merge"
        ],
        [
          "Seq Scan",
          "Hash",
          "Hash Join",
          "Sort",
          "Aggregate",
          "Gather Merge"
        ],
        [
          "Seq Scan",
          "Hash",
          "Hash Join",
          "Sort",
          "Aggregate",
          "Gather Merge"
        ]
      ],
      "index_shape": [
        "selection"
      ],
      "physical_operator": {
        "Seq Scan": [
          0.031817733333333376
        ],
        "Sort": [
          "[0. 0. 0. 0. 0. 0. 0. 0. 0. 0. 0. 0. 0. 0. 0. 0. 0. 0. 0. 0. 0. 0. 0. 0.\n 0. 0. 0. 0. 0. 0. 0. 0. 0. 0. 0. 0. 0. 0. 0. 0. 0. 0. 0. 0. 0. 0. 0. 0.\n 0. 0. 0.]"
        ],
        "Aggregate": [
          "[0. 0. 0. 0. 0. 0. 0. 0. 0. 0. 0. 0. 0. 0. 0. 0. 0. 0. 0. 0. 0. 0. 0. 0.\n 0. 0. 0. 0. 0. 0. 0. 0. 0. 0. 0. 0. 0. 0. 0. 0. 0. 0. 0. 0. 0. 0. 0. 0.\n 0. 0. 0.]",
          "[0. 0. 0. 0. 0. 0. 0. 0. 0. 0. 0. 0. 0. 0. 0. 0. 0. 0. 0. 0. 0. 0. 0. 0.\n 0. 0. 0. 0. 0. 0. 0. 0. 0. 0. 0. 0. 0. 0. 0. 0. 0. 0. 0. 0. 0. 0. 0. 0.\n 0. 0. 0.]"
        ]
      }
    }
  },
  {
    "query": "-- Functional Query Definition\n-- Approved February 1998\n\n\nselect\no_year,\nsum(case\nwhen nation = 'ALGERIA' then volume\nelse 0\nend) / sum(volume) as mkt_share\nfrom\n(\nselect\nextract(year from o_orderdate) as o_year,\nl_extendedprice * (1 - l_discount) as volume,\nn2.n_name as nation\nfrom\npart,\nsupplier,\nlineitem,\norders,\ncustomer,\nnation n1,\nnation n2,\nregion\nwhere\np_partkey = l_partkey\nand s_suppkey = l_suppkey\nand l_orderkey = o_orderkey\nand o_custkey = c_custkey\nand c_nationkey = n1.n_nationkey\nand n1.n_regionkey = r_regionkey\nand r_name = 'AFRICA'\nand s_nationkey = n2.n_nationkey\nand o_orderdate between date '1995-01-01' and date '1996-12-31'\nand p_type = 'STANDARD PLATED NICKEL'\n) as all_nations\ngroup by\no_year\norder by\no_year ;\n-- $ID$\n-- TPC-H/TPC-R Product Type Profit Measure ",
    "indexes": "part.p_partkey",
    "wo plan est": {
      "Node Type": "Aggregate",
      "Strategy": "Sorted",
      "Partial Mode": "Finalize",
      "Parallel Aware": false,
      "Async Capable": false,
      "Startup Cost": 1955785.01,
      "Total Cost": 1956486.84,
      "Plan Rows": 2406,
      "Plan Width": 64,
      "Group Key": [
        "(EXTRACT(year FROM orders.o_orderdate))"
      ],
      "Plans": [
        {
          "Node Type": "Gather Merge",
          "Parent Relationship": "Outer",
          "Parallel Aware": false,
          "Async Capable": false,
          "Startup Cost": 1955785.01,
          "Total Cost": 1956408.65,
          "Plan Rows": 2406,
          "Plan Width": 96,
          "Workers Planned": 1,
          "Plans": [
            {
              "Node Type": "Aggregate",
              "Strategy": "Sorted",
              "Partial Mode": "Partial",
              "Parent Relationship": "Outer",
              "Parallel Aware": false,
              "Async Capable": false,
              "Startup Cost": 1954785.0,
              "Total Cost": 1955137.96,
              "Plan Rows": 2406,
              "Plan Width": 96,
              "Group Key": [
                "(EXTRACT(year FROM orders.o_orderdate))"
              ],
              "Plans": [
                {
                  "Node Type": "Sort",
                  "Parent Relationship": "Outer",
                  "Parallel Aware": false,
                  "Async Capable": false,
                  "Startup Cost": 1954785.0,
                  "Total Cost": 1954819.54,
                  "Plan Rows": 13816,
                  "Plan Width": 70,
                  "Sort Key": [
                    "(EXTRACT(year FROM orders.o_orderdate))"
                  ],
                  "Plans": [
                    {
                      "Node Type": "Hash Join",
                      "Parent Relationship": "Outer",
                      "Parallel Aware": false,
                      "Async Capable": false,
                      "Join Type": "Inner",
                      "Startup Cost": 1950527.96,
                      "Total Cost": 1953834.87,
                      "Plan Rows": 13816,
                      "Plan Width": 70,
                      "Inner Unique": false,
                      "Hash Cond": "(supplier.s_nationkey = n2.n_nationkey)",
                      "Plans": [
                        {
                          "Node Type": "Hash Join",
                          "Parent Relationship": "Outer",
                          "Parallel Aware": true,
                          "Async Capable": false,
                          "Join Type": "Inner",
                          "Startup Cost": 1950526.4,
                          "Total Cost": 1953608.79,
                          "Plan Rows": 13816,
                          "Plan Width": 20,
                          "Inner Unique": false,
                          "Hash Cond": "(supplier.s_suppkey = lineitem.l_suppkey)",
                          "Plans": [
                            {
                              "Node Type": "Seq Scan",
                              "Parent Relationship": "Outer",
                              "Parallel Aware": true,
                              "Async Capable": false,
                              "Relation Name": "supplier",
                              "Alias": "supplier",
                              "Startup Cost": 0.0,
                              "Total Cost": 2804.24,
                              "Plan Rows": 58824,
                              "Plan Width": 8,
                              "parent": 5,
                              "ID": 6
                            },
                            {
                              "Node Type": "Hash",
                              "Parent Relationship": "Inner",
                              "Parallel Aware": true,
                              "Async Capable": false,
                              "Startup Cost": 1950404.06,
                              "Total Cost": 1950404.06,
                              "Plan Rows": 9787,
                              "Plan Width": 20,
                              "Plans": [
                                {
                                  "Node Type": "Hash Join",
                                  "Parent Relationship": "Outer",
                                  "Parallel Aware": false,
                                  "Async Capable": false,
                                  "Join Type": "Inner",
                                  "Startup Cost": 1905498.74,
                                  "Total Cost": 1950404.06,
                                  "Plan Rows": 9787,
                                  "Plan Width": 20,
                                  "Inner Unique": false,
                                  "Hash Cond": "(customer.c_nationkey = n1.n_nationkey)",
                                  "Plans": [
                                    {
                                      "Node Type": "Hash Join",
                                      "Parent Relationship": "Outer",
                                      "Parallel Aware": true,
                                      "Async Capable": false,
                                      "Join Type": "Inner",
                                      "Startup Cost": 1905496.2,
                                      "Total Cost": 1950120.18,
                                      "Plan Rows": 48932,
                                      "Plan Width": 24,
                                      "Inner Unique": false,
                                      "Hash Cond": "(customer.c_custkey = orders.o_custkey)",
                                      "Plans": [
                                        {
                                          "Node Type": "Seq Scan",
                                          "Parent Relationship": "Outer",
                                          "Parallel Aware": true,
                                          "Async Capable": false,
                                          "Relation Name": "customer",
                                          "Alias": "customer",
                                          "Startup Cost": 0.0,
                                          "Total Cost": 42076.52,
                                          "Plan Rows": 624952,
                                          "Plan Width": 8,
                                          "parent": 9,
                                          "ID": 10
                                        },
                                        {
                                          "Node Type": "Hash",
                                          "Parent Relationship": "Inner",
                                          "Parallel Aware": true,
                                          "Async Capable": false,
                                          "Startup Cost": 1904884.55,
                                          "Total Cost": 1904884.55,
                                          "Plan Rows": 48932,
                                          "Plan Width": 24,
                                          "Plans": [
                                            {
                                              "Node Type": "Hash Join",
                                              "Parent Relationship": "Outer",
                                              "Parallel Aware": true,
                                              "Async Capable": false,
                                              "Join Type": "Inner",
                                              "Startup Cost": 1523283.11,
                                              "Total Cost": 1904884.55,
                                              "Plan Rows": 48932,
                                              "Plan Width": 24,
                                              "Inner Unique": false,
                                              "Hash Cond": "(orders.o_orderkey = lineitem.l_orderkey)",
                                              "Plans": [
                                                {
                                                  "Node Type": "Seq Scan",
                                                  "Parent Relationship": "Outer",
                                                  "Parallel Aware": true,
                                                  "Async Capable": false,
                                                  "Relation Name": "orders",
                                                  "Alias": "orders",
                                                  "Startup Cost": 0.0,
                                                  "Total Cost": 354655.56,
                                                  "Plan Rows": 1909064,
                                                  "Plan Width": 12,
                                                  "Filter": "((o_orderdate >= '1995-01-01'::date) AND (o_orderdate <= '1996-12-31'::date))",
                                                  "parent": 12,
                                                  "ID": 13
                                                },
                                                {
                                                  "Node Type": "Hash",
                                                  "Parent Relationship": "Inner",
                                                  "Parallel Aware": true,
                                                  "Async Capable": false,
                                                  "Startup Cost": 1520341.76,
                                                  "Total Cost": 1520341.76,
                                                  "Plan Rows": 160188,
                                                  "Plan Width": 20,
                                                  "Plans": [
                                                    {
                                                      "Node Type": "Hash Join",
                                                      "Parent Relationship": "Outer",
                                                      "Parallel Aware": true,
                                                      "Async Capable": false,
                                                      "Join Type": "Inner",
                                                      "Startup Cost": 51447.53,
                                                      "Total Cost": 1520341.76,
                                                      "Plan Rows": 160188,
                                                      "Plan Width": 20,
                                                      "Inner Unique": false,
                                                      "Hash Cond": "(lineitem.l_partkey = part.p_partkey)",
                                                      "Plans": [
                                                        {
                                                          "Node Type": "Seq Scan",
                                                          "Parent Relationship": "Outer",
                                                          "Parallel Aware": true,
                                                          "Async Capable": false,
                                                          "Relation Name": "lineitem",
                                                          "Alias": "lineitem",
                                                          "Startup Cost": 0.0,
                                                          "Total Cost": 1374494.57,
                                                          "Plan Rows": 24995257,
                                                          "Plan Width": 24,
                                                          "parent": 15,
                                                          "ID": 16
                                                        },
                                                        {
                                                          "Node Type": "Hash",
                                                          "Parent Relationship": "Inner",
                                                          "Parallel Aware": true,
                                                          "Async Capable": false,
                                                          "Startup Cost": 51378.28,
                                                          "Total Cost": 51378.28,
                                                          "Plan Rows": 5540,
                                                          "Plan Width": 4,
                                                          "Plans": [
                                                            {
                                                              "Node Type": "Seq Scan",
                                                              "Parent Relationship": "Outer",
                                                              "Parallel Aware": true,
                                                              "Async Capable": false,
                                                              "Relation Name": "part",
                                                              "Alias": "part",
                                                              "Startup Cost": 0.0,
                                                              "Total Cost": 51378.28,
                                                              "Plan Rows": 5540,
                                                              "Plan Width": 4,
                                                              "Filter": "((p_type)::text = 'STANDARD PLATED NICKEL'::text)",
                                                              "parent": 17,
                                                              "ID": 18
                                                            }
                                                          ],
                                                          "parent": 15,
                                                          "ID": 17,
                                                          "left": 18
                                                        }
                                                      ],
                                                      "parent": 14,
                                                      "ID": 15,
                                                      "left": 16,
                                                      "right": 17
                                                    }
                                                  ],
                                                  "parent": 12,
                                                  "ID": 14,
                                                  "left": 15
                                                }
                                              ],
                                              "parent": 11,
                                              "ID": 12,
                                              "left": 13,
                                              "right": 14
                                            }
                                          ],
                                          "parent": 9,
                                          "ID": 11,
                                          "left": 12
                                        }
                                      ],
                                      "parent": 8,
                                      "ID": 9,
                                      "left": 10,
                                      "right": 11
                                    },
                                    {
                                      "Node Type": "Hash",
                                      "Parent Relationship": "Inner",
                                      "Parallel Aware": false,
                                      "Async Capable": false,
                                      "Startup Cost": 2.47,
                                      "Total Cost": 2.47,
                                      "Plan Rows": 5,
                                      "Plan Width": 4,
                                      "Plans": [
                                        {
                                          "Node Type": "Hash Join",
                                          "Parent Relationship": "Outer",
                                          "Parallel Aware": false,
                                          "Async Capable": false,
                                          "Join Type": "Inner",
                                          "Startup Cost": 1.07,
                                          "Total Cost": 2.47,
                                          "Plan Rows": 5,
                                          "Plan Width": 4,
                                          "Inner Unique": false,
                                          "Hash Cond": "(n1.n_regionkey = region.r_regionkey)",
                                          "Plans": [
                                            {
                                              "Node Type": "Seq Scan",
                                              "Parent Relationship": "Outer",
                                              "Parallel Aware": false,
                                              "Async Capable": false,
                                              "Relation Name": "nation",
                                              "Alias": "n1",
                                              "Startup Cost": 0.0,
                                              "Total Cost": 1.25,
                                              "Plan Rows": 25,
                                              "Plan Width": 8,
                                              "parent": 20,
                                              "ID": 21
                                            },
                                            {
                                              "Node Type": "Hash",
                                              "Parent Relationship": "Inner",
                                              "Parallel Aware": false,
                                              "Async Capable": false,
                                              "Startup Cost": 1.06,
                                              "Total Cost": 1.06,
                                              "Plan Rows": 1,
                                              "Plan Width": 4,
                                              "Plans": [
                                                {
                                                  "Node Type": "Seq Scan",
                                                  "Parent Relationship": "Outer",
                                                  "Parallel Aware": false,
                                                  "Async Capable": false,
                                                  "Relation Name": "region",
                                                  "Alias": "region",
                                                  "Startup Cost": 0.0,
                                                  "Total Cost": 1.06,
                                                  "Plan Rows": 1,
                                                  "Plan Width": 4,
                                                  "Filter": "(r_name = 'AFRICA'::bpchar)",
                                                  "parent": 22,
                                                  "ID": 23
                                                }
                                              ],
                                              "parent": 20,
                                              "ID": 22,
                                              "left": 23
                                            }
                                          ],
                                          "parent": 19,
                                          "ID": 20,
                                          "left": 21,
                                          "right": 22
                                        }
                                      ],
                                      "parent": 8,
                                      "ID": 19,
                                      "left": 20
                                    }
                                  ],
                                  "parent": 7,
                                  "ID": 8,
                                  "left": 9,
                                  "right": 19
                                }
                              ],
                              "parent": 5,
                              "ID": 7,
                              "left": 8
                            }
                          ],
                          "parent": 4,
                          "ID": 5,
                          "left": 6,
                          "right": 7
                        },
                        {
                          "Node Type": "Hash",
                          "Parent Relationship": "Inner",
                          "Parallel Aware": false,
                          "Async Capable": false,
                          "Startup Cost": 1.25,
                          "Total Cost": 1.25,
                          "Plan Rows": 25,
                          "Plan Width": 30,
                          "Plans": [
                            {
                              "Node Type": "Seq Scan",
                              "Parent Relationship": "Outer",
                              "Parallel Aware": false,
                              "Async Capable": false,
                              "Relation Name": "nation",
                              "Alias": "n2",
                              "Startup Cost": 0.0,
                              "Total Cost": 1.25,
                              "Plan Rows": 25,
                              "Plan Width": 30,
                              "parent": 24,
                              "ID": 25
                            }
                          ],
                          "parent": 4,
                          "ID": 24,
                          "left": 25
                        }
                      ],
                      "parent": 3,
                      "ID": 4,
                      "left": 5,
                      "right": 24
                    }
                  ],
                  "parent": 2,
                  "ID": 3,
                  "left": 4
                }
              ],
              "parent": 1,
              "ID": 2,
              "left": 3
            }
          ],
          "parent": 0,
          "ID": 1,
          "left": 2
        }
      ],
      "parent": null,
      "ID": 0,
      "left": 1
    },
    "feat": {
      "utility": 6.382131148580048e-07,
      "query_shape": [
        [
          "Seq Scan",
          "Hash Join",
          "Sort",
          "Aggregate",
          "Gather Merge"
        ],
        [
          "Seq Scan",
          "Hash Join",
          "Hash",
          "Sort",
          "Aggregate",
          "Gather Merge"
        ],
        [
          "Seq Scan",
          "Hash Join",
          "Hash",
          "Sort",
          "Aggregate",
          "Gather Merge"
        ],
        [
          "Seq Scan",
          "Hash Join",
          "Hash",
          "Sort",
          "Aggregate",
          "Gather Merge"
        ],
        [
          "Seq Scan",
          "Hash",
          "Hash Join",
          "Sort",
          "Aggregate",
          "Gather Merge"
        ],
        [
          "Seq Scan",
          "Hash Join",
          "Hash",
          "Sort",
          "Aggregate",
          "Gather Merge"
        ],
        [
          "Seq Scan",
          "Hash",
          "Hash Join",
          "Sort",
          "Aggregate",
          "Gather Merge"
        ],
        [
          "Seq Scan",
          "Hash",
          "Hash Join",
          "Sort",
          "Aggregate",
          "Gather Merge"
        ]
      ],
      "index_shape": [
        "join"
      ],
      "physical_operator": {
        "Hash Join": [
          0.0010755517319240547
        ]
      }
    }
  },
  {
    "query": "-- Functional Query Definition\n-- Approved February 1998\n\n\nselect\no_year,\nsum(case\nwhen nation = 'ALGERIA' then volume\nelse 0\nend) / sum(volume) as mkt_share\nfrom\n(\nselect\nextract(year from o_orderdate) as o_year,\nl_extendedprice * (1 - l_discount) as volume,\nn2.n_name as nation\nfrom\npart,\nsupplier,\nlineitem,\norders,\ncustomer,\nnation n1,\nnation n2,\nregion\nwhere\np_partkey = l_partkey\nand s_suppkey = l_suppkey\nand l_orderkey = o_orderkey\nand o_custkey = c_custkey\nand c_nationkey = n1.n_nationkey\nand n1.n_regionkey = r_regionkey\nand r_name = 'AFRICA'\nand s_nationkey = n2.n_nationkey\nand o_orderdate between date '1995-01-01' and date '1996-12-31'\nand p_type = 'STANDARD PLATED NICKEL'\n) as all_nations\ngroup by\no_year\norder by\no_year ;\n-- $ID$\n-- TPC-H/TPC-R Product Type Profit Measure ",
    "indexes": "part.p_type",
    "wo plan est": {
      "Node Type": "Aggregate",
      "Strategy": "Sorted",
      "Partial Mode": "Finalize",
      "Parallel Aware": false,
      "Async Capable": false,
      "Startup Cost": 1955785.01,
      "Total Cost": 1956486.84,
      "Plan Rows": 2406,
      "Plan Width": 64,
      "Group Key": [
        "(EXTRACT(year FROM orders.o_orderdate))"
      ],
      "Plans": [
        {
          "Node Type": "Gather Merge",
          "Parent Relationship": "Outer",
          "Parallel Aware": false,
          "Async Capable": false,
          "Startup Cost": 1955785.01,
          "Total Cost": 1956408.65,
          "Plan Rows": 2406,
          "Plan Width": 96,
          "Workers Planned": 1,
          "Plans": [
            {
              "Node Type": "Aggregate",
              "Strategy": "Sorted",
              "Partial Mode": "Partial",
              "Parent Relationship": "Outer",
              "Parallel Aware": false,
              "Async Capable": false,
              "Startup Cost": 1954785.0,
              "Total Cost": 1955137.96,
              "Plan Rows": 2406,
              "Plan Width": 96,
              "Group Key": [
                "(EXTRACT(year FROM orders.o_orderdate))"
              ],
              "Plans": [
                {
                  "Node Type": "Sort",
                  "Parent Relationship": "Outer",
                  "Parallel Aware": false,
                  "Async Capable": false,
                  "Startup Cost": 1954785.0,
                  "Total Cost": 1954819.54,
                  "Plan Rows": 13816,
                  "Plan Width": 70,
                  "Sort Key": [
                    "(EXTRACT(year FROM orders.o_orderdate))"
                  ],
                  "Plans": [
                    {
                      "Node Type": "Hash Join",
                      "Parent Relationship": "Outer",
                      "Parallel Aware": false,
                      "Async Capable": false,
                      "Join Type": "Inner",
                      "Startup Cost": 1950527.96,
                      "Total Cost": 1953834.87,
                      "Plan Rows": 13816,
                      "Plan Width": 70,
                      "Inner Unique": false,
                      "Hash Cond": "(supplier.s_nationkey = n2.n_nationkey)",
                      "Plans": [
                        {
                          "Node Type": "Hash Join",
                          "Parent Relationship": "Outer",
                          "Parallel Aware": true,
                          "Async Capable": false,
                          "Join Type": "Inner",
                          "Startup Cost": 1950526.4,
                          "Total Cost": 1953608.79,
                          "Plan Rows": 13816,
                          "Plan Width": 20,
                          "Inner Unique": false,
                          "Hash Cond": "(supplier.s_suppkey = lineitem.l_suppkey)",
                          "Plans": [
                            {
                              "Node Type": "Seq Scan",
                              "Parent Relationship": "Outer",
                              "Parallel Aware": true,
                              "Async Capable": false,
                              "Relation Name": "supplier",
                              "Alias": "supplier",
                              "Startup Cost": 0.0,
                              "Total Cost": 2804.24,
                              "Plan Rows": 58824,
                              "Plan Width": 8,
                              "parent": 5,
                              "ID": 6
                            },
                            {
                              "Node Type": "Hash",
                              "Parent Relationship": "Inner",
                              "Parallel Aware": true,
                              "Async Capable": false,
                              "Startup Cost": 1950404.06,
                              "Total Cost": 1950404.06,
                              "Plan Rows": 9787,
                              "Plan Width": 20,
                              "Plans": [
                                {
                                  "Node Type": "Hash Join",
                                  "Parent Relationship": "Outer",
                                  "Parallel Aware": false,
                                  "Async Capable": false,
                                  "Join Type": "Inner",
                                  "Startup Cost": 1905498.74,
                                  "Total Cost": 1950404.06,
                                  "Plan Rows": 9787,
                                  "Plan Width": 20,
                                  "Inner Unique": false,
                                  "Hash Cond": "(customer.c_nationkey = n1.n_nationkey)",
                                  "Plans": [
                                    {
                                      "Node Type": "Hash Join",
                                      "Parent Relationship": "Outer",
                                      "Parallel Aware": true,
                                      "Async Capable": false,
                                      "Join Type": "Inner",
                                      "Startup Cost": 1905496.2,
                                      "Total Cost": 1950120.18,
                                      "Plan Rows": 48932,
                                      "Plan Width": 24,
                                      "Inner Unique": false,
                                      "Hash Cond": "(customer.c_custkey = orders.o_custkey)",
                                      "Plans": [
                                        {
                                          "Node Type": "Seq Scan",
                                          "Parent Relationship": "Outer",
                                          "Parallel Aware": true,
                                          "Async Capable": false,
                                          "Relation Name": "customer",
                                          "Alias": "customer",
                                          "Startup Cost": 0.0,
                                          "Total Cost": 42076.52,
                                          "Plan Rows": 624952,
                                          "Plan Width": 8,
                                          "parent": 9,
                                          "ID": 10
                                        },
                                        {
                                          "Node Type": "Hash",
                                          "Parent Relationship": "Inner",
                                          "Parallel Aware": true,
                                          "Async Capable": false,
                                          "Startup Cost": 1904884.55,
                                          "Total Cost": 1904884.55,
                                          "Plan Rows": 48932,
                                          "Plan Width": 24,
                                          "Plans": [
                                            {
                                              "Node Type": "Hash Join",
                                              "Parent Relationship": "Outer",
                                              "Parallel Aware": true,
                                              "Async Capable": false,
                                              "Join Type": "Inner",
                                              "Startup Cost": 1523283.11,
                                              "Total Cost": 1904884.55,
                                              "Plan Rows": 48932,
                                              "Plan Width": 24,
                                              "Inner Unique": false,
                                              "Hash Cond": "(orders.o_orderkey = lineitem.l_orderkey)",
                                              "Plans": [
                                                {
                                                  "Node Type": "Seq Scan",
                                                  "Parent Relationship": "Outer",
                                                  "Parallel Aware": true,
                                                  "Async Capable": false,
                                                  "Relation Name": "orders",
                                                  "Alias": "orders",
                                                  "Startup Cost": 0.0,
                                                  "Total Cost": 354655.56,
                                                  "Plan Rows": 1909064,
                                                  "Plan Width": 12,
                                                  "Filter": "((o_orderdate >= '1995-01-01'::date) AND (o_orderdate <= '1996-12-31'::date))",
                                                  "parent": 12,
                                                  "ID": 13
                                                },
                                                {
                                                  "Node Type": "Hash",
                                                  "Parent Relationship": "Inner",
                                                  "Parallel Aware": true,
                                                  "Async Capable": false,
                                                  "Startup Cost": 1520341.76,
                                                  "Total Cost": 1520341.76,
                                                  "Plan Rows": 160188,
                                                  "Plan Width": 20,
                                                  "Plans": [
                                                    {
                                                      "Node Type": "Hash Join",
                                                      "Parent Relationship": "Outer",
                                                      "Parallel Aware": true,
                                                      "Async Capable": false,
                                                      "Join Type": "Inner",
                                                      "Startup Cost": 51447.53,
                                                      "Total Cost": 1520341.76,
                                                      "Plan Rows": 160188,
                                                      "Plan Width": 20,
                                                      "Inner Unique": false,
                                                      "Hash Cond": "(lineitem.l_partkey = part.p_partkey)",
                                                      "Plans": [
                                                        {
                                                          "Node Type": "Seq Scan",
                                                          "Parent Relationship": "Outer",
                                                          "Parallel Aware": true,
                                                          "Async Capable": false,
                                                          "Relation Name": "lineitem",
                                                          "Alias": "lineitem",
                                                          "Startup Cost": 0.0,
                                                          "Total Cost": 1374494.57,
                                                          "Plan Rows": 24995257,
                                                          "Plan Width": 24,
                                                          "parent": 15,
                                                          "ID": 16
                                                        },
                                                        {
                                                          "Node Type": "Hash",
                                                          "Parent Relationship": "Inner",
                                                          "Parallel Aware": true,
                                                          "Async Capable": false,
                                                          "Startup Cost": 51378.28,
                                                          "Total Cost": 51378.28,
                                                          "Plan Rows": 5540,
                                                          "Plan Width": 4,
                                                          "Plans": [
                                                            {
                                                              "Node Type": "Seq Scan",
                                                              "Parent Relationship": "Outer",
                                                              "Parallel Aware": true,
                                                              "Async Capable": false,
                                                              "Relation Name": "part",
                                                              "Alias": "part",
                                                              "Startup Cost": 0.0,
                                                              "Total Cost": 51378.28,
                                                              "Plan Rows": 5540,
                                                              "Plan Width": 4,
                                                              "Filter": "((p_type)::text = 'STANDARD PLATED NICKEL'::text)",
                                                              "parent": 17,
                                                              "ID": 18
                                                            }
                                                          ],
                                                          "parent": 15,
                                                          "ID": 17,
                                                          "left": 18
                                                        }
                                                      ],
                                                      "parent": 14,
                                                      "ID": 15,
                                                      "left": 16,
                                                      "right": 17
                                                    }
                                                  ],
                                                  "parent": 12,
                                                  "ID": 14,
                                                  "left": 15
                                                }
                                              ],
                                              "parent": 11,
                                              "ID": 12,
                                              "left": 13,
                                              "right": 14
                                            }
                                          ],
                                          "parent": 9,
                                          "ID": 11,
                                          "left": 12
                                        }
                                      ],
                                      "parent": 8,
                                      "ID": 9,
                                      "left": 10,
                                      "right": 11
                                    },
                                    {
                                      "Node Type": "Hash",
                                      "Parent Relationship": "Inner",
                                      "Parallel Aware": false,
                                      "Async Capable": false,
                                      "Startup Cost": 2.47,
                                      "Total Cost": 2.47,
                                      "Plan Rows": 5,
                                      "Plan Width": 4,
                                      "Plans": [
                                        {
                                          "Node Type": "Hash Join",
                                          "Parent Relationship": "Outer",
                                          "Parallel Aware": false,
                                          "Async Capable": false,
                                          "Join Type": "Inner",
                                          "Startup Cost": 1.07,
                                          "Total Cost": 2.47,
                                          "Plan Rows": 5,
                                          "Plan Width": 4,
                                          "Inner Unique": false,
                                          "Hash Cond": "(n1.n_regionkey = region.r_regionkey)",
                                          "Plans": [
                                            {
                                              "Node Type": "Seq Scan",
                                              "Parent Relationship": "Outer",
                                              "Parallel Aware": false,
                                              "Async Capable": false,
                                              "Relation Name": "nation",
                                              "Alias": "n1",
                                              "Startup Cost": 0.0,
                                              "Total Cost": 1.25,
                                              "Plan Rows": 25,
                                              "Plan Width": 8,
                                              "parent": 20,
                                              "ID": 21
                                            },
                                            {
                                              "Node Type": "Hash",
                                              "Parent Relationship": "Inner",
                                              "Parallel Aware": false,
                                              "Async Capable": false,
                                              "Startup Cost": 1.06,
                                              "Total Cost": 1.06,
                                              "Plan Rows": 1,
                                              "Plan Width": 4,
                                              "Plans": [
                                                {
                                                  "Node Type": "Seq Scan",
                                                  "Parent Relationship": "Outer",
                                                  "Parallel Aware": false,
                                                  "Async Capable": false,
                                                  "Relation Name": "region",
                                                  "Alias": "region",
                                                  "Startup Cost": 0.0,
                                                  "Total Cost": 1.06,
                                                  "Plan Rows": 1,
                                                  "Plan Width": 4,
                                                  "Filter": "(r_name = 'AFRICA'::bpchar)",
                                                  "parent": 22,
                                                  "ID": 23
                                                }
                                              ],
                                              "parent": 20,
                                              "ID": 22,
                                              "left": 23
                                            }
                                          ],
                                          "parent": 19,
                                          "ID": 20,
                                          "left": 21,
                                          "right": 22
                                        }
                                      ],
                                      "parent": 8,
                                      "ID": 19,
                                      "left": 20
                                    }
                                  ],
                                  "parent": 7,
                                  "ID": 8,
                                  "left": 9,
                                  "right": 19
                                }
                              ],
                              "parent": 5,
                              "ID": 7,
                              "left": 8
                            }
                          ],
                          "parent": 4,
                          "ID": 5,
                          "left": 6,
                          "right": 7
                        },
                        {
                          "Node Type": "Hash",
                          "Parent Relationship": "Inner",
                          "Parallel Aware": false,
                          "Async Capable": false,
                          "Startup Cost": 1.25,
                          "Total Cost": 1.25,
                          "Plan Rows": 25,
                          "Plan Width": 30,
                          "Plans": [
                            {
                              "Node Type": "Seq Scan",
                              "Parent Relationship": "Outer",
                              "Parallel Aware": false,
                              "Async Capable": false,
                              "Relation Name": "nation",
                              "Alias": "n2",
                              "Startup Cost": 0.0,
                              "Total Cost": 1.25,
                              "Plan Rows": 25,
                              "Plan Width": 30,
                              "parent": 24,
                              "ID": 25
                            }
                          ],
                          "parent": 4,
                          "ID": 24,
                          "left": 25
                        }
                      ],
                      "parent": 3,
                      "ID": 4,
                      "left": 5,
                      "right": 24
                    }
                  ],
                  "parent": 2,
                  "ID": 3,
                  "left": 4
                }
              ],
              "parent": 1,
              "ID": 2,
              "left": 3
            }
          ],
          "parent": 0,
          "ID": 1,
          "left": 2
        }
      ],
      "parent": null,
      "ID": 0,
      "left": 1
    },
    "feat": {
      "utility": 0.026187736670081563,
      "query_shape": [
        [
          "Seq Scan",
          "Hash Join",
          "Sort",
          "Aggregate",
          "Gather Merge"
        ],
        [
          "Seq Scan",
          "Hash Join",
          "Hash",
          "Sort",
          "Aggregate",
          "Gather Merge"
        ],
        [
          "Seq Scan",
          "Hash Join",
          "Hash",
          "Sort",
          "Aggregate",
          "Gather Merge"
        ],
        [
          "Seq Scan",
          "Hash Join",
          "Hash",
          "Sort",
          "Aggregate",
          "Gather Merge"
        ],
        [
          "Seq Scan",
          "Hash",
          "Hash Join",
          "Sort",
          "Aggregate",
          "Gather Merge"
        ],
        [
          "Seq Scan",
          "Hash Join",
          "Hash",
          "Sort",
          "Aggregate",
          "Gather Merge"
        ],
        [
          "Seq Scan",
          "Hash",
          "Hash Join",
          "Sort",
          "Aggregate",
          "Gather Merge"
        ],
        [
          "Seq Scan",
          "Hash",
          "Hash Join",
          "Sort",
          "Aggregate",
          "Gather Merge"
        ]
      ],
      "index_shape": [
        "selection"
      ],
      "physical_operator": {
        "Seq Scan": [
          0.00277000000000005
        ]
      }
    }
  },
  {
    "query": "-- Functional Query Definition\n-- Approved February 1998\n\n\nselect\no_year,\nsum(case\nwhen nation = 'ALGERIA' then volume\nelse 0\nend) / sum(volume) as mkt_share\nfrom\n(\nselect\nextract(year from o_orderdate) as o_year,\nl_extendedprice * (1 - l_discount) as volume,\nn2.n_name as nation\nfrom\npart,\nsupplier,\nlineitem,\norders,\ncustomer,\nnation n1,\nnation n2,\nregion\nwhere\np_partkey = l_partkey\nand s_suppkey = l_suppkey\nand l_orderkey = o_orderkey\nand o_custkey = c_custkey\nand c_nationkey = n1.n_nationkey\nand n1.n_regionkey = r_regionkey\nand r_name = 'AFRICA'\nand s_nationkey = n2.n_nationkey\nand o_orderdate between date '1995-01-01' and date '1996-12-31'\nand p_type = 'STANDARD PLATED NICKEL'\n) as all_nations\ngroup by\no_year\norder by\no_year ;\n-- $ID$\n-- TPC-H/TPC-R Product Type Profit Measure ",
    "indexes": "region.r_regionkey",
    "wo plan est": {
      "Node Type": "Aggregate",
      "Strategy": "Sorted",
      "Partial Mode": "Finalize",
      "Parallel Aware": false,
      "Async Capable": false,
      "Startup Cost": 1955785.01,
      "Total Cost": 1956486.84,
      "Plan Rows": 2406,
      "Plan Width": 64,
      "Group Key": [
        "(EXTRACT(year FROM orders.o_orderdate))"
      ],
      "Plans": [
        {
          "Node Type": "Gather Merge",
          "Parent Relationship": "Outer",
          "Parallel Aware": false,
          "Async Capable": false,
          "Startup Cost": 1955785.01,
          "Total Cost": 1956408.65,
          "Plan Rows": 2406,
          "Plan Width": 96,
          "Workers Planned": 1,
          "Plans": [
            {
              "Node Type": "Aggregate",
              "Strategy": "Sorted",
              "Partial Mode": "Partial",
              "Parent Relationship": "Outer",
              "Parallel Aware": false,
              "Async Capable": false,
              "Startup Cost": 1954785.0,
              "Total Cost": 1955137.96,
              "Plan Rows": 2406,
              "Plan Width": 96,
              "Group Key": [
                "(EXTRACT(year FROM orders.o_orderdate))"
              ],
              "Plans": [
                {
                  "Node Type": "Sort",
                  "Parent Relationship": "Outer",
                  "Parallel Aware": false,
                  "Async Capable": false,
                  "Startup Cost": 1954785.0,
                  "Total Cost": 1954819.54,
                  "Plan Rows": 13816,
                  "Plan Width": 70,
                  "Sort Key": [
                    "(EXTRACT(year FROM orders.o_orderdate))"
                  ],
                  "Plans": [
                    {
                      "Node Type": "Hash Join",
                      "Parent Relationship": "Outer",
                      "Parallel Aware": false,
                      "Async Capable": false,
                      "Join Type": "Inner",
                      "Startup Cost": 1950527.96,
                      "Total Cost": 1953834.87,
                      "Plan Rows": 13816,
                      "Plan Width": 70,
                      "Inner Unique": false,
                      "Hash Cond": "(supplier.s_nationkey = n2.n_nationkey)",
                      "Plans": [
                        {
                          "Node Type": "Hash Join",
                          "Parent Relationship": "Outer",
                          "Parallel Aware": true,
                          "Async Capable": false,
                          "Join Type": "Inner",
                          "Startup Cost": 1950526.4,
                          "Total Cost": 1953608.79,
                          "Plan Rows": 13816,
                          "Plan Width": 20,
                          "Inner Unique": false,
                          "Hash Cond": "(supplier.s_suppkey = lineitem.l_suppkey)",
                          "Plans": [
                            {
                              "Node Type": "Seq Scan",
                              "Parent Relationship": "Outer",
                              "Parallel Aware": true,
                              "Async Capable": false,
                              "Relation Name": "supplier",
                              "Alias": "supplier",
                              "Startup Cost": 0.0,
                              "Total Cost": 2804.24,
                              "Plan Rows": 58824,
                              "Plan Width": 8,
                              "parent": 5,
                              "ID": 6
                            },
                            {
                              "Node Type": "Hash",
                              "Parent Relationship": "Inner",
                              "Parallel Aware": true,
                              "Async Capable": false,
                              "Startup Cost": 1950404.06,
                              "Total Cost": 1950404.06,
                              "Plan Rows": 9787,
                              "Plan Width": 20,
                              "Plans": [
                                {
                                  "Node Type": "Hash Join",
                                  "Parent Relationship": "Outer",
                                  "Parallel Aware": false,
                                  "Async Capable": false,
                                  "Join Type": "Inner",
                                  "Startup Cost": 1905498.74,
                                  "Total Cost": 1950404.06,
                                  "Plan Rows": 9787,
                                  "Plan Width": 20,
                                  "Inner Unique": false,
                                  "Hash Cond": "(customer.c_nationkey = n1.n_nationkey)",
                                  "Plans": [
                                    {
                                      "Node Type": "Hash Join",
                                      "Parent Relationship": "Outer",
                                      "Parallel Aware": true,
                                      "Async Capable": false,
                                      "Join Type": "Inner",
                                      "Startup Cost": 1905496.2,
                                      "Total Cost": 1950120.18,
                                      "Plan Rows": 48932,
                                      "Plan Width": 24,
                                      "Inner Unique": false,
                                      "Hash Cond": "(customer.c_custkey = orders.o_custkey)",
                                      "Plans": [
                                        {
                                          "Node Type": "Seq Scan",
                                          "Parent Relationship": "Outer",
                                          "Parallel Aware": true,
                                          "Async Capable": false,
                                          "Relation Name": "customer",
                                          "Alias": "customer",
                                          "Startup Cost": 0.0,
                                          "Total Cost": 42076.52,
                                          "Plan Rows": 624952,
                                          "Plan Width": 8,
                                          "parent": 9,
                                          "ID": 10
                                        },
                                        {
                                          "Node Type": "Hash",
                                          "Parent Relationship": "Inner",
                                          "Parallel Aware": true,
                                          "Async Capable": false,
                                          "Startup Cost": 1904884.55,
                                          "Total Cost": 1904884.55,
                                          "Plan Rows": 48932,
                                          "Plan Width": 24,
                                          "Plans": [
                                            {
                                              "Node Type": "Hash Join",
                                              "Parent Relationship": "Outer",
                                              "Parallel Aware": true,
                                              "Async Capable": false,
                                              "Join Type": "Inner",
                                              "Startup Cost": 1523283.11,
                                              "Total Cost": 1904884.55,
                                              "Plan Rows": 48932,
                                              "Plan Width": 24,
                                              "Inner Unique": false,
                                              "Hash Cond": "(orders.o_orderkey = lineitem.l_orderkey)",
                                              "Plans": [
                                                {
                                                  "Node Type": "Seq Scan",
                                                  "Parent Relationship": "Outer",
                                                  "Parallel Aware": true,
                                                  "Async Capable": false,
                                                  "Relation Name": "orders",
                                                  "Alias": "orders",
                                                  "Startup Cost": 0.0,
                                                  "Total Cost": 354655.56,
                                                  "Plan Rows": 1909064,
                                                  "Plan Width": 12,
                                                  "Filter": "((o_orderdate >= '1995-01-01'::date) AND (o_orderdate <= '1996-12-31'::date))",
                                                  "parent": 12,
                                                  "ID": 13
                                                },
                                                {
                                                  "Node Type": "Hash",
                                                  "Parent Relationship": "Inner",
                                                  "Parallel Aware": true,
                                                  "Async Capable": false,
                                                  "Startup Cost": 1520341.76,
                                                  "Total Cost": 1520341.76,
                                                  "Plan Rows": 160188,
                                                  "Plan Width": 20,
                                                  "Plans": [
                                                    {
                                                      "Node Type": "Hash Join",
                                                      "Parent Relationship": "Outer",
                                                      "Parallel Aware": true,
                                                      "Async Capable": false,
                                                      "Join Type": "Inner",
                                                      "Startup Cost": 51447.53,
                                                      "Total Cost": 1520341.76,
                                                      "Plan Rows": 160188,
                                                      "Plan Width": 20,
                                                      "Inner Unique": false,
                                                      "Hash Cond": "(lineitem.l_partkey = part.p_partkey)",
                                                      "Plans": [
                                                        {
                                                          "Node Type": "Seq Scan",
                                                          "Parent Relationship": "Outer",
                                                          "Parallel Aware": true,
                                                          "Async Capable": false,
                                                          "Relation Name": "lineitem",
                                                          "Alias": "lineitem",
                                                          "Startup Cost": 0.0,
                                                          "Total Cost": 1374494.57,
                                                          "Plan Rows": 24995257,
                                                          "Plan Width": 24,
                                                          "parent": 15,
                                                          "ID": 16
                                                        },
                                                        {
                                                          "Node Type": "Hash",
                                                          "Parent Relationship": "Inner",
                                                          "Parallel Aware": true,
                                                          "Async Capable": false,
                                                          "Startup Cost": 51378.28,
                                                          "Total Cost": 51378.28,
                                                          "Plan Rows": 5540,
                                                          "Plan Width": 4,
                                                          "Plans": [
                                                            {
                                                              "Node Type": "Seq Scan",
                                                              "Parent Relationship": "Outer",
                                                              "Parallel Aware": true,
                                                              "Async Capable": false,
                                                              "Relation Name": "part",
                                                              "Alias": "part",
                                                              "Startup Cost": 0.0,
                                                              "Total Cost": 51378.28,
                                                              "Plan Rows": 5540,
                                                              "Plan Width": 4,
                                                              "Filter": "((p_type)::text = 'STANDARD PLATED NICKEL'::text)",
                                                              "parent": 17,
                                                              "ID": 18
                                                            }
                                                          ],
                                                          "parent": 15,
                                                          "ID": 17,
                                                          "left": 18
                                                        }
                                                      ],
                                                      "parent": 14,
                                                      "ID": 15,
                                                      "left": 16,
                                                      "right": 17
                                                    }
                                                  ],
                                                  "parent": 12,
                                                  "ID": 14,
                                                  "left": 15
                                                }
                                              ],
                                              "parent": 11,
                                              "ID": 12,
                                              "left": 13,
                                              "right": 14
                                            }
                                          ],
                                          "parent": 9,
                                          "ID": 11,
                                          "left": 12
                                        }
                                      ],
                                      "parent": 8,
                                      "ID": 9,
                                      "left": 10,
                                      "right": 11
                                    },
                                    {
                                      "Node Type": "Hash",
                                      "Parent Relationship": "Inner",
                                      "Parallel Aware": false,
                                      "Async Capable": false,
                                      "Startup Cost": 2.47,
                                      "Total Cost": 2.47,
                                      "Plan Rows": 5,
                                      "Plan Width": 4,
                                      "Plans": [
                                        {
                                          "Node Type": "Hash Join",
                                          "Parent Relationship": "Outer",
                                          "Parallel Aware": false,
                                          "Async Capable": false,
                                          "Join Type": "Inner",
                                          "Startup Cost": 1.07,
                                          "Total Cost": 2.47,
                                          "Plan Rows": 5,
                                          "Plan Width": 4,
                                          "Inner Unique": false,
                                          "Hash Cond": "(n1.n_regionkey = region.r_regionkey)",
                                          "Plans": [
                                            {
                                              "Node Type": "Seq Scan",
                                              "Parent Relationship": "Outer",
                                              "Parallel Aware": false,
                                              "Async Capable": false,
                                              "Relation Name": "nation",
                                              "Alias": "n1",
                                              "Startup Cost": 0.0,
                                              "Total Cost": 1.25,
                                              "Plan Rows": 25,
                                              "Plan Width": 8,
                                              "parent": 20,
                                              "ID": 21
                                            },
                                            {
                                              "Node Type": "Hash",
                                              "Parent Relationship": "Inner",
                                              "Parallel Aware": false,
                                              "Async Capable": false,
                                              "Startup Cost": 1.06,
                                              "Total Cost": 1.06,
                                              "Plan Rows": 1,
                                              "Plan Width": 4,
                                              "Plans": [
                                                {
                                                  "Node Type": "Seq Scan",
                                                  "Parent Relationship": "Outer",
                                                  "Parallel Aware": false,
                                                  "Async Capable": false,
                                                  "Relation Name": "region",
                                                  "Alias": "region",
                                                  "Startup Cost": 0.0,
                                                  "Total Cost": 1.06,
                                                  "Plan Rows": 1,
                                                  "Plan Width": 4,
                                                  "Filter": "(r_name = 'AFRICA'::bpchar)",
                                                  "parent": 22,
                                                  "ID": 23
                                                }
                                              ],
                                              "parent": 20,
                                              "ID": 22,
                                              "left": 23
                                            }
                                          ],
                                          "parent": 19,
                                          "ID": 20,
                                          "left": 21,
                                          "right": 22
                                        }
                                      ],
                                      "parent": 8,
                                      "ID": 19,
                                      "left": 20
                                    }
                                  ],
                                  "parent": 7,
                                  "ID": 8,
                                  "left": 9,
                                  "right": 19
                                }
                              ],
                              "parent": 5,
                              "ID": 7,
                              "left": 8
                            }
                          ],
                          "parent": 4,
                          "ID": 5,
                          "left": 6,
                          "right": 7
                        },
                        {
                          "Node Type": "Hash",
                          "Parent Relationship": "Inner",
                          "Parallel Aware": false,
                          "Async Capable": false,
                          "Startup Cost": 1.25,
                          "Total Cost": 1.25,
                          "Plan Rows": 25,
                          "Plan Width": 30,
                          "Plans": [
                            {
                              "Node Type": "Seq Scan",
                              "Parent Relationship": "Outer",
                              "Parallel Aware": false,
                              "Async Capable": false,
                              "Relation Name": "nation",
                              "Alias": "n2",
                              "Startup Cost": 0.0,
                              "Total Cost": 1.25,
                              "Plan Rows": 25,
                              "Plan Width": 30,
                              "parent": 24,
                              "ID": 25
                            }
                          ],
                          "parent": 4,
                          "ID": 24,
                          "left": 25
                        }
                      ],
                      "parent": 3,
                      "ID": 4,
                      "left": 5,
                      "right": 24
                    }
                  ],
                  "parent": 2,
                  "ID": 3,
                  "left": 4
                }
              ],
              "parent": 1,
              "ID": 2,
              "left": 3
            }
          ],
          "parent": 0,
          "ID": 1,
          "left": 2
        }
      ],
      "parent": null,
      "ID": 0,
      "left": 1
    },
    "feat": {
      "utility": 3.531753914710986e-07,
      "query_shape": [
        [
          "Seq Scan",
          "Hash Join",
          "Sort",
          "Aggregate",
          "Gather Merge"
        ],
        [
          "Seq Scan",
          "Hash Join",
          "Hash",
          "Sort",
          "Aggregate",
          "Gather Merge"
        ],
        [
          "Seq Scan",
          "Hash Join",
          "Hash",
          "Sort",
          "Aggregate",
          "Gather Merge"
        ],
        [
          "Seq Scan",
          "Hash Join",
          "Hash",
          "Sort",
          "Aggregate",
          "Gather Merge"
        ],
        [
          "Seq Scan",
          "Hash",
          "Hash Join",
          "Sort",
          "Aggregate",
          "Gather Merge"
        ],
        [
          "Seq Scan",
          "Hash Join",
          "Hash",
          "Sort",
          "Aggregate",
          "Gather Merge"
        ],
        [
          "Seq Scan",
          "Hash",
          "Hash Join",
          "Sort",
          "Aggregate",
          "Gather Merge"
        ],
        [
          "Seq Scan",
          "Hash",
          "Hash Join",
          "Sort",
          "Aggregate",
          "Gather Merge"
        ]
      ],
      "index_shape": [
        "join"
      ],
      "physical_operator": {
        "Hash Join": [
          0.4472135954999579
        ]
      }
    }
  },
  {
    "query": "-- Functional Query Definition\n-- Approved February 1998\n\n\nselect\no_year,\nsum(case\nwhen nation = 'ALGERIA' then volume\nelse 0\nend) / sum(volume) as mkt_share\nfrom\n(\nselect\nextract(year from o_orderdate) as o_year,\nl_extendedprice * (1 - l_discount) as volume,\nn2.n_name as nation\nfrom\npart,\nsupplier,\nlineitem,\norders,\ncustomer,\nnation n1,\nnation n2,\nregion\nwhere\np_partkey = l_partkey\nand s_suppkey = l_suppkey\nand l_orderkey = o_orderkey\nand o_custkey = c_custkey\nand c_nationkey = n1.n_nationkey\nand n1.n_regionkey = r_regionkey\nand r_name = 'AFRICA'\nand s_nationkey = n2.n_nationkey\nand o_orderdate between date '1995-01-01' and date '1996-12-31'\nand p_type = 'STANDARD PLATED NICKEL'\n) as all_nations\ngroup by\no_year\norder by\no_year ;\n-- $ID$\n-- TPC-H/TPC-R Product Type Profit Measure ",
    "indexes": "region.r_name",
    "wo plan est": {
      "Node Type": "Aggregate",
      "Strategy": "Sorted",
      "Partial Mode": "Finalize",
      "Parallel Aware": false,
      "Async Capable": false,
      "Startup Cost": 1955785.01,
      "Total Cost": 1956486.84,
      "Plan Rows": 2406,
      "Plan Width": 64,
      "Group Key": [
        "(EXTRACT(year FROM orders.o_orderdate))"
      ],
      "Plans": [
        {
          "Node Type": "Gather Merge",
          "Parent Relationship": "Outer",
          "Parallel Aware": false,
          "Async Capable": false,
          "Startup Cost": 1955785.01,
          "Total Cost": 1956408.65,
          "Plan Rows": 2406,
          "Plan Width": 96,
          "Workers Planned": 1,
          "Plans": [
            {
              "Node Type": "Aggregate",
              "Strategy": "Sorted",
              "Partial Mode": "Partial",
              "Parent Relationship": "Outer",
              "Parallel Aware": false,
              "Async Capable": false,
              "Startup Cost": 1954785.0,
              "Total Cost": 1955137.96,
              "Plan Rows": 2406,
              "Plan Width": 96,
              "Group Key": [
                "(EXTRACT(year FROM orders.o_orderdate))"
              ],
              "Plans": [
                {
                  "Node Type": "Sort",
                  "Parent Relationship": "Outer",
                  "Parallel Aware": false,
                  "Async Capable": false,
                  "Startup Cost": 1954785.0,
                  "Total Cost": 1954819.54,
                  "Plan Rows": 13816,
                  "Plan Width": 70,
                  "Sort Key": [
                    "(EXTRACT(year FROM orders.o_orderdate))"
                  ],
                  "Plans": [
                    {
                      "Node Type": "Hash Join",
                      "Parent Relationship": "Outer",
                      "Parallel Aware": false,
                      "Async Capable": false,
                      "Join Type": "Inner",
                      "Startup Cost": 1950527.96,
                      "Total Cost": 1953834.87,
                      "Plan Rows": 13816,
                      "Plan Width": 70,
                      "Inner Unique": false,
                      "Hash Cond": "(supplier.s_nationkey = n2.n_nationkey)",
                      "Plans": [
                        {
                          "Node Type": "Hash Join",
                          "Parent Relationship": "Outer",
                          "Parallel Aware": true,
                          "Async Capable": false,
                          "Join Type": "Inner",
                          "Startup Cost": 1950526.4,
                          "Total Cost": 1953608.79,
                          "Plan Rows": 13816,
                          "Plan Width": 20,
                          "Inner Unique": false,
                          "Hash Cond": "(supplier.s_suppkey = lineitem.l_suppkey)",
                          "Plans": [
                            {
                              "Node Type": "Seq Scan",
                              "Parent Relationship": "Outer",
                              "Parallel Aware": true,
                              "Async Capable": false,
                              "Relation Name": "supplier",
                              "Alias": "supplier",
                              "Startup Cost": 0.0,
                              "Total Cost": 2804.24,
                              "Plan Rows": 58824,
                              "Plan Width": 8,
                              "parent": 5,
                              "ID": 6
                            },
                            {
                              "Node Type": "Hash",
                              "Parent Relationship": "Inner",
                              "Parallel Aware": true,
                              "Async Capable": false,
                              "Startup Cost": 1950404.06,
                              "Total Cost": 1950404.06,
                              "Plan Rows": 9787,
                              "Plan Width": 20,
                              "Plans": [
                                {
                                  "Node Type": "Hash Join",
                                  "Parent Relationship": "Outer",
                                  "Parallel Aware": false,
                                  "Async Capable": false,
                                  "Join Type": "Inner",
                                  "Startup Cost": 1905498.74,
                                  "Total Cost": 1950404.06,
                                  "Plan Rows": 9787,
                                  "Plan Width": 20,
                                  "Inner Unique": false,
                                  "Hash Cond": "(customer.c_nationkey = n1.n_nationkey)",
                                  "Plans": [
                                    {
                                      "Node Type": "Hash Join",
                                      "Parent Relationship": "Outer",
                                      "Parallel Aware": true,
                                      "Async Capable": false,
                                      "Join Type": "Inner",
                                      "Startup Cost": 1905496.2,
                                      "Total Cost": 1950120.18,
                                      "Plan Rows": 48932,
                                      "Plan Width": 24,
                                      "Inner Unique": false,
                                      "Hash Cond": "(customer.c_custkey = orders.o_custkey)",
                                      "Plans": [
                                        {
                                          "Node Type": "Seq Scan",
                                          "Parent Relationship": "Outer",
                                          "Parallel Aware": true,
                                          "Async Capable": false,
                                          "Relation Name": "customer",
                                          "Alias": "customer",
                                          "Startup Cost": 0.0,
                                          "Total Cost": 42076.52,
                                          "Plan Rows": 624952,
                                          "Plan Width": 8,
                                          "parent": 9,
                                          "ID": 10
                                        },
                                        {
                                          "Node Type": "Hash",
                                          "Parent Relationship": "Inner",
                                          "Parallel Aware": true,
                                          "Async Capable": false,
                                          "Startup Cost": 1904884.55,
                                          "Total Cost": 1904884.55,
                                          "Plan Rows": 48932,
                                          "Plan Width": 24,
                                          "Plans": [
                                            {
                                              "Node Type": "Hash Join",
                                              "Parent Relationship": "Outer",
                                              "Parallel Aware": true,
                                              "Async Capable": false,
                                              "Join Type": "Inner",
                                              "Startup Cost": 1523283.11,
                                              "Total Cost": 1904884.55,
                                              "Plan Rows": 48932,
                                              "Plan Width": 24,
                                              "Inner Unique": false,
                                              "Hash Cond": "(orders.o_orderkey = lineitem.l_orderkey)",
                                              "Plans": [
                                                {
                                                  "Node Type": "Seq Scan",
                                                  "Parent Relationship": "Outer",
                                                  "Parallel Aware": true,
                                                  "Async Capable": false,
                                                  "Relation Name": "orders",
                                                  "Alias": "orders",
                                                  "Startup Cost": 0.0,
                                                  "Total Cost": 354655.56,
                                                  "Plan Rows": 1909064,
                                                  "Plan Width": 12,
                                                  "Filter": "((o_orderdate >= '1995-01-01'::date) AND (o_orderdate <= '1996-12-31'::date))",
                                                  "parent": 12,
                                                  "ID": 13
                                                },
                                                {
                                                  "Node Type": "Hash",
                                                  "Parent Relationship": "Inner",
                                                  "Parallel Aware": true,
                                                  "Async Capable": false,
                                                  "Startup Cost": 1520341.76,
                                                  "Total Cost": 1520341.76,
                                                  "Plan Rows": 160188,
                                                  "Plan Width": 20,
                                                  "Plans": [
                                                    {
                                                      "Node Type": "Hash Join",
                                                      "Parent Relationship": "Outer",
                                                      "Parallel Aware": true,
                                                      "Async Capable": false,
                                                      "Join Type": "Inner",
                                                      "Startup Cost": 51447.53,
                                                      "Total Cost": 1520341.76,
                                                      "Plan Rows": 160188,
                                                      "Plan Width": 20,
                                                      "Inner Unique": false,
                                                      "Hash Cond": "(lineitem.l_partkey = part.p_partkey)",
                                                      "Plans": [
                                                        {
                                                          "Node Type": "Seq Scan",
                                                          "Parent Relationship": "Outer",
                                                          "Parallel Aware": true,
                                                          "Async Capable": false,
                                                          "Relation Name": "lineitem",
                                                          "Alias": "lineitem",
                                                          "Startup Cost": 0.0,
                                                          "Total Cost": 1374494.57,
                                                          "Plan Rows": 24995257,
                                                          "Plan Width": 24,
                                                          "parent": 15,
                                                          "ID": 16
                                                        },
                                                        {
                                                          "Node Type": "Hash",
                                                          "Parent Relationship": "Inner",
                                                          "Parallel Aware": true,
                                                          "Async Capable": false,
                                                          "Startup Cost": 51378.28,
                                                          "Total Cost": 51378.28,
                                                          "Plan Rows": 5540,
                                                          "Plan Width": 4,
                                                          "Plans": [
                                                            {
                                                              "Node Type": "Seq Scan",
                                                              "Parent Relationship": "Outer",
                                                              "Parallel Aware": true,
                                                              "Async Capable": false,
                                                              "Relation Name": "part",
                                                              "Alias": "part",
                                                              "Startup Cost": 0.0,
                                                              "Total Cost": 51378.28,
                                                              "Plan Rows": 5540,
                                                              "Plan Width": 4,
                                                              "Filter": "((p_type)::text = 'STANDARD PLATED NICKEL'::text)",
                                                              "parent": 17,
                                                              "ID": 18
                                                            }
                                                          ],
                                                          "parent": 15,
                                                          "ID": 17,
                                                          "left": 18
                                                        }
                                                      ],
                                                      "parent": 14,
                                                      "ID": 15,
                                                      "left": 16,
                                                      "right": 17
                                                    }
                                                  ],
                                                  "parent": 12,
                                                  "ID": 14,
                                                  "left": 15
                                                }
                                              ],
                                              "parent": 11,
                                              "ID": 12,
                                              "left": 13,
                                              "right": 14
                                            }
                                          ],
                                          "parent": 9,
                                          "ID": 11,
                                          "left": 12
                                        }
                                      ],
                                      "parent": 8,
                                      "ID": 9,
                                      "left": 10,
                                      "right": 11
                                    },
                                    {
                                      "Node Type": "Hash",
                                      "Parent Relationship": "Inner",
                                      "Parallel Aware": false,
                                      "Async Capable": false,
                                      "Startup Cost": 2.47,
                                      "Total Cost": 2.47,
                                      "Plan Rows": 5,
                                      "Plan Width": 4,
                                      "Plans": [
                                        {
                                          "Node Type": "Hash Join",
                                          "Parent Relationship": "Outer",
                                          "Parallel Aware": false,
                                          "Async Capable": false,
                                          "Join Type": "Inner",
                                          "Startup Cost": 1.07,
                                          "Total Cost": 2.47,
                                          "Plan Rows": 5,
                                          "Plan Width": 4,
                                          "Inner Unique": false,
                                          "Hash Cond": "(n1.n_regionkey = region.r_regionkey)",
                                          "Plans": [
                                            {
                                              "Node Type": "Seq Scan",
                                              "Parent Relationship": "Outer",
                                              "Parallel Aware": false,
                                              "Async Capable": false,
                                              "Relation Name": "nation",
                                              "Alias": "n1",
                                              "Startup Cost": 0.0,
                                              "Total Cost": 1.25,
                                              "Plan Rows": 25,
                                              "Plan Width": 8,
                                              "parent": 20,
                                              "ID": 21
                                            },
                                            {
                                              "Node Type": "Hash",
                                              "Parent Relationship": "Inner",
                                              "Parallel Aware": false,
                                              "Async Capable": false,
                                              "Startup Cost": 1.06,
                                              "Total Cost": 1.06,
                                              "Plan Rows": 1,
                                              "Plan Width": 4,
                                              "Plans": [
                                                {
                                                  "Node Type": "Seq Scan",
                                                  "Parent Relationship": "Outer",
                                                  "Parallel Aware": false,
                                                  "Async Capable": false,
                                                  "Relation Name": "region",
                                                  "Alias": "region",
                                                  "Startup Cost": 0.0,
                                                  "Total Cost": 1.06,
                                                  "Plan Rows": 1,
                                                  "Plan Width": 4,
                                                  "Filter": "(r_name = 'AFRICA'::bpchar)",
                                                  "parent": 22,
                                                  "ID": 23
                                                }
                                              ],
                                              "parent": 20,
                                              "ID": 22,
                                              "left": 23
                                            }
                                          ],
                                          "parent": 19,
                                          "ID": 20,
                                          "left": 21,
                                          "right": 22
                                        }
                                      ],
                                      "parent": 8,
                                      "ID": 19,
                                      "left": 20
                                    }
                                  ],
                                  "parent": 7,
                                  "ID": 8,
                                  "left": 9,
                                  "right": 19
                                }
                              ],
                              "parent": 5,
                              "ID": 7,
                              "left": 8
                            }
                          ],
                          "parent": 4,
                          "ID": 5,
                          "left": 6,
                          "right": 7
                        },
                        {
                          "Node Type": "Hash",
                          "Parent Relationship": "Inner",
                          "Parallel Aware": false,
                          "Async Capable": false,
                          "Startup Cost": 1.25,
                          "Total Cost": 1.25,
                          "Plan Rows": 25,
                          "Plan Width": 30,
                          "Plans": [
                            {
                              "Node Type": "Seq Scan",
                              "Parent Relationship": "Outer",
                              "Parallel Aware": false,
                              "Async Capable": false,
                              "Relation Name": "nation",
                              "Alias": "n2",
                              "Startup Cost": 0.0,
                              "Total Cost": 1.25,
                              "Plan Rows": 25,
                              "Plan Width": 30,
                              "parent": 24,
                              "ID": 25
                            }
                          ],
                          "parent": 4,
                          "ID": 24,
                          "left": 25
                        }
                      ],
                      "parent": 3,
                      "ID": 4,
                      "left": 5,
                      "right": 24
                    }
                  ],
                  "parent": 2,
                  "ID": 3,
                  "left": 4
                }
              ],
              "parent": 1,
              "ID": 2,
              "left": 3
            }
          ],
          "parent": 0,
          "ID": 1,
          "left": 2
        }
      ],
      "parent": null,
      "ID": 0,
      "left": 1
    },
    "feat": {
      "utility": 4.334299534567787e-07,
      "query_shape": [
        [
          "Seq Scan",
          "Hash Join",
          "Sort",
          "Aggregate",
          "Gather Merge"
        ],
        [
          "Seq Scan",
          "Hash Join",
          "Hash",
          "Sort",
          "Aggregate",
          "Gather Merge"
        ],
        [
          "Seq Scan",
          "Hash Join",
          "Hash",
          "Sort",
          "Aggregate",
          "Gather Merge"
        ],
        [
          "Seq Scan",
          "Hash Join",
          "Hash",
          "Sort",
          "Aggregate",
          "Gather Merge"
        ],
        [
          "Seq Scan",
          "Hash",
          "Hash Join",
          "Sort",
          "Aggregate",
          "Gather Merge"
        ],
        [
          "Seq Scan",
          "Hash Join",
          "Hash",
          "Sort",
          "Aggregate",
          "Gather Merge"
        ],
        [
          "Seq Scan",
          "Hash",
          "Hash Join",
          "Sort",
          "Aggregate",
          "Gather Merge"
        ],
        [
          "Seq Scan",
          "Hash",
          "Hash Join",
          "Sort",
          "Aggregate",
          "Gather Merge"
        ]
      ],
      "index_shape": [
        "selection"
      ],
      "physical_operator": {
        "Seq Scan": [
          0.19999999999999996
        ]
      }
    }
  },
  {
    "query": "-- Functional Query Definition\n-- Approved February 1998\n\n\nselect\no_year,\nsum(case\nwhen nation = 'ALGERIA' then volume\nelse 0\nend) / sum(volume) as mkt_share\nfrom\n(\nselect\nextract(year from o_orderdate) as o_year,\nl_extendedprice * (1 - l_discount) as volume,\nn2.n_name as nation\nfrom\npart,\nsupplier,\nlineitem,\norders,\ncustomer,\nnation n1,\nnation n2,\nregion\nwhere\np_partkey = l_partkey\nand s_suppkey = l_suppkey\nand l_orderkey = o_orderkey\nand o_custkey = c_custkey\nand c_nationkey = n1.n_nationkey\nand n1.n_regionkey = r_regionkey\nand r_name = 'AFRICA'\nand s_nationkey = n2.n_nationkey\nand o_orderdate between date '1995-01-01' and date '1996-12-31'\nand p_type = 'STANDARD PLATED NICKEL'\n) as all_nations\ngroup by\no_year\norder by\no_year ;\n-- $ID$\n-- TPC-H/TPC-R Product Type Profit Measure ",
    "indexes": "supplier.s_suppkey",
    "wo plan est": {
      "Node Type": "Aggregate",
      "Strategy": "Sorted",
      "Partial Mode": "Finalize",
      "Parallel Aware": false,
      "Async Capable": false,
      "Startup Cost": 1955785.01,
      "Total Cost": 1956486.84,
      "Plan Rows": 2406,
      "Plan Width": 64,
      "Group Key": [
        "(EXTRACT(year FROM orders.o_orderdate))"
      ],
      "Plans": [
        {
          "Node Type": "Gather Merge",
          "Parent Relationship": "Outer",
          "Parallel Aware": false,
          "Async Capable": false,
          "Startup Cost": 1955785.01,
          "Total Cost": 1956408.65,
          "Plan Rows": 2406,
          "Plan Width": 96,
          "Workers Planned": 1,
          "Plans": [
            {
              "Node Type": "Aggregate",
              "Strategy": "Sorted",
              "Partial Mode": "Partial",
              "Parent Relationship": "Outer",
              "Parallel Aware": false,
              "Async Capable": false,
              "Startup Cost": 1954785.0,
              "Total Cost": 1955137.96,
              "Plan Rows": 2406,
              "Plan Width": 96,
              "Group Key": [
                "(EXTRACT(year FROM orders.o_orderdate))"
              ],
              "Plans": [
                {
                  "Node Type": "Sort",
                  "Parent Relationship": "Outer",
                  "Parallel Aware": false,
                  "Async Capable": false,
                  "Startup Cost": 1954785.0,
                  "Total Cost": 1954819.54,
                  "Plan Rows": 13816,
                  "Plan Width": 70,
                  "Sort Key": [
                    "(EXTRACT(year FROM orders.o_orderdate))"
                  ],
                  "Plans": [
                    {
                      "Node Type": "Hash Join",
                      "Parent Relationship": "Outer",
                      "Parallel Aware": false,
                      "Async Capable": false,
                      "Join Type": "Inner",
                      "Startup Cost": 1950527.96,
                      "Total Cost": 1953834.87,
                      "Plan Rows": 13816,
                      "Plan Width": 70,
                      "Inner Unique": false,
                      "Hash Cond": "(supplier.s_nationkey = n2.n_nationkey)",
                      "Plans": [
                        {
                          "Node Type": "Hash Join",
                          "Parent Relationship": "Outer",
                          "Parallel Aware": true,
                          "Async Capable": false,
                          "Join Type": "Inner",
                          "Startup Cost": 1950526.4,
                          "Total Cost": 1953608.79,
                          "Plan Rows": 13816,
                          "Plan Width": 20,
                          "Inner Unique": false,
                          "Hash Cond": "(supplier.s_suppkey = lineitem.l_suppkey)",
                          "Plans": [
                            {
                              "Node Type": "Seq Scan",
                              "Parent Relationship": "Outer",
                              "Parallel Aware": true,
                              "Async Capable": false,
                              "Relation Name": "supplier",
                              "Alias": "supplier",
                              "Startup Cost": 0.0,
                              "Total Cost": 2804.24,
                              "Plan Rows": 58824,
                              "Plan Width": 8,
                              "parent": 5,
                              "ID": 6
                            },
                            {
                              "Node Type": "Hash",
                              "Parent Relationship": "Inner",
                              "Parallel Aware": true,
                              "Async Capable": false,
                              "Startup Cost": 1950404.06,
                              "Total Cost": 1950404.06,
                              "Plan Rows": 9787,
                              "Plan Width": 20,
                              "Plans": [
                                {
                                  "Node Type": "Hash Join",
                                  "Parent Relationship": "Outer",
                                  "Parallel Aware": false,
                                  "Async Capable": false,
                                  "Join Type": "Inner",
                                  "Startup Cost": 1905498.74,
                                  "Total Cost": 1950404.06,
                                  "Plan Rows": 9787,
                                  "Plan Width": 20,
                                  "Inner Unique": false,
                                  "Hash Cond": "(customer.c_nationkey = n1.n_nationkey)",
                                  "Plans": [
                                    {
                                      "Node Type": "Hash Join",
                                      "Parent Relationship": "Outer",
                                      "Parallel Aware": true,
                                      "Async Capable": false,
                                      "Join Type": "Inner",
                                      "Startup Cost": 1905496.2,
                                      "Total Cost": 1950120.18,
                                      "Plan Rows": 48932,
                                      "Plan Width": 24,
                                      "Inner Unique": false,
                                      "Hash Cond": "(customer.c_custkey = orders.o_custkey)",
                                      "Plans": [
                                        {
                                          "Node Type": "Seq Scan",
                                          "Parent Relationship": "Outer",
                                          "Parallel Aware": true,
                                          "Async Capable": false,
                                          "Relation Name": "customer",
                                          "Alias": "customer",
                                          "Startup Cost": 0.0,
                                          "Total Cost": 42076.52,
                                          "Plan Rows": 624952,
                                          "Plan Width": 8,
                                          "parent": 9,
                                          "ID": 10
                                        },
                                        {
                                          "Node Type": "Hash",
                                          "Parent Relationship": "Inner",
                                          "Parallel Aware": true,
                                          "Async Capable": false,
                                          "Startup Cost": 1904884.55,
                                          "Total Cost": 1904884.55,
                                          "Plan Rows": 48932,
                                          "Plan Width": 24,
                                          "Plans": [
                                            {
                                              "Node Type": "Hash Join",
                                              "Parent Relationship": "Outer",
                                              "Parallel Aware": true,
                                              "Async Capable": false,
                                              "Join Type": "Inner",
                                              "Startup Cost": 1523283.11,
                                              "Total Cost": 1904884.55,
                                              "Plan Rows": 48932,
                                              "Plan Width": 24,
                                              "Inner Unique": false,
                                              "Hash Cond": "(orders.o_orderkey = lineitem.l_orderkey)",
                                              "Plans": [
                                                {
                                                  "Node Type": "Seq Scan",
                                                  "Parent Relationship": "Outer",
                                                  "Parallel Aware": true,
                                                  "Async Capable": false,
                                                  "Relation Name": "orders",
                                                  "Alias": "orders",
                                                  "Startup Cost": 0.0,
                                                  "Total Cost": 354655.56,
                                                  "Plan Rows": 1909064,
                                                  "Plan Width": 12,
                                                  "Filter": "((o_orderdate >= '1995-01-01'::date) AND (o_orderdate <= '1996-12-31'::date))",
                                                  "parent": 12,
                                                  "ID": 13
                                                },
                                                {
                                                  "Node Type": "Hash",
                                                  "Parent Relationship": "Inner",
                                                  "Parallel Aware": true,
                                                  "Async Capable": false,
                                                  "Startup Cost": 1520341.76,
                                                  "Total Cost": 1520341.76,
                                                  "Plan Rows": 160188,
                                                  "Plan Width": 20,
                                                  "Plans": [
                                                    {
                                                      "Node Type": "Hash Join",
                                                      "Parent Relationship": "Outer",
                                                      "Parallel Aware": true,
                                                      "Async Capable": false,
                                                      "Join Type": "Inner",
                                                      "Startup Cost": 51447.53,
                                                      "Total Cost": 1520341.76,
                                                      "Plan Rows": 160188,
                                                      "Plan Width": 20,
                                                      "Inner Unique": false,
                                                      "Hash Cond": "(lineitem.l_partkey = part.p_partkey)",
                                                      "Plans": [
                                                        {
                                                          "Node Type": "Seq Scan",
                                                          "Parent Relationship": "Outer",
                                                          "Parallel Aware": true,
                                                          "Async Capable": false,
                                                          "Relation Name": "lineitem",
                                                          "Alias": "lineitem",
                                                          "Startup Cost": 0.0,
                                                          "Total Cost": 1374494.57,
                                                          "Plan Rows": 24995257,
                                                          "Plan Width": 24,
                                                          "parent": 15,
                                                          "ID": 16
                                                        },
                                                        {
                                                          "Node Type": "Hash",
                                                          "Parent Relationship": "Inner",
                                                          "Parallel Aware": true,
                                                          "Async Capable": false,
                                                          "Startup Cost": 51378.28,
                                                          "Total Cost": 51378.28,
                                                          "Plan Rows": 5540,
                                                          "Plan Width": 4,
                                                          "Plans": [
                                                            {
                                                              "Node Type": "Seq Scan",
                                                              "Parent Relationship": "Outer",
                                                              "Parallel Aware": true,
                                                              "Async Capable": false,
                                                              "Relation Name": "part",
                                                              "Alias": "part",
                                                              "Startup Cost": 0.0,
                                                              "Total Cost": 51378.28,
                                                              "Plan Rows": 5540,
                                                              "Plan Width": 4,
                                                              "Filter": "((p_type)::text = 'STANDARD PLATED NICKEL'::text)",
                                                              "parent": 17,
                                                              "ID": 18
                                                            }
                                                          ],
                                                          "parent": 15,
                                                          "ID": 17,
                                                          "left": 18
                                                        }
                                                      ],
                                                      "parent": 14,
                                                      "ID": 15,
                                                      "left": 16,
                                                      "right": 17
                                                    }
                                                  ],
                                                  "parent": 12,
                                                  "ID": 14,
                                                  "left": 15
                                                }
                                              ],
                                              "parent": 11,
                                              "ID": 12,
                                              "left": 13,
                                              "right": 14
                                            }
                                          ],
                                          "parent": 9,
                                          "ID": 11,
                                          "left": 12
                                        }
                                      ],
                                      "parent": 8,
                                      "ID": 9,
                                      "left": 10,
                                      "right": 11
                                    },
                                    {
                                      "Node Type": "Hash",
                                      "Parent Relationship": "Inner",
                                      "Parallel Aware": false,
                                      "Async Capable": false,
                                      "Startup Cost": 2.47,
                                      "Total Cost": 2.47,
                                      "Plan Rows": 5,
                                      "Plan Width": 4,
                                      "Plans": [
                                        {
                                          "Node Type": "Hash Join",
                                          "Parent Relationship": "Outer",
                                          "Parallel Aware": false,
                                          "Async Capable": false,
                                          "Join Type": "Inner",
                                          "Startup Cost": 1.07,
                                          "Total Cost": 2.47,
                                          "Plan Rows": 5,
                                          "Plan Width": 4,
                                          "Inner Unique": false,
                                          "Hash Cond": "(n1.n_regionkey = region.r_regionkey)",
                                          "Plans": [
                                            {
                                              "Node Type": "Seq Scan",
                                              "Parent Relationship": "Outer",
                                              "Parallel Aware": false,
                                              "Async Capable": false,
                                              "Relation Name": "nation",
                                              "Alias": "n1",
                                              "Startup Cost": 0.0,
                                              "Total Cost": 1.25,
                                              "Plan Rows": 25,
                                              "Plan Width": 8,
                                              "parent": 20,
                                              "ID": 21
                                            },
                                            {
                                              "Node Type": "Hash",
                                              "Parent Relationship": "Inner",
                                              "Parallel Aware": false,
                                              "Async Capable": false,
                                              "Startup Cost": 1.06,
                                              "Total Cost": 1.06,
                                              "Plan Rows": 1,
                                              "Plan Width": 4,
                                              "Plans": [
                                                {
                                                  "Node Type": "Seq Scan",
                                                  "Parent Relationship": "Outer",
                                                  "Parallel Aware": false,
                                                  "Async Capable": false,
                                                  "Relation Name": "region",
                                                  "Alias": "region",
                                                  "Startup Cost": 0.0,
                                                  "Total Cost": 1.06,
                                                  "Plan Rows": 1,
                                                  "Plan Width": 4,
                                                  "Filter": "(r_name = 'AFRICA'::bpchar)",
                                                  "parent": 22,
                                                  "ID": 23
                                                }
                                              ],
                                              "parent": 20,
                                              "ID": 22,
                                              "left": 23
                                            }
                                          ],
                                          "parent": 19,
                                          "ID": 20,
                                          "left": 21,
                                          "right": 22
                                        }
                                      ],
                                      "parent": 8,
                                      "ID": 19,
                                      "left": 20
                                    }
                                  ],
                                  "parent": 7,
                                  "ID": 8,
                                  "left": 9,
                                  "right": 19
                                }
                              ],
                              "parent": 5,
                              "ID": 7,
                              "left": 8
                            }
                          ],
                          "parent": 4,
                          "ID": 5,
                          "left": 6,
                          "right": 7
                        },
                        {
                          "Node Type": "Hash",
                          "Parent Relationship": "Inner",
                          "Parallel Aware": false,
                          "Async Capable": false,
                          "Startup Cost": 1.25,
                          "Total Cost": 1.25,
                          "Plan Rows": 25,
                          "Plan Width": 30,
                          "Plans": [
                            {
                              "Node Type": "Seq Scan",
                              "Parent Relationship": "Outer",
                              "Parallel Aware": false,
                              "Async Capable": false,
                              "Relation Name": "nation",
                              "Alias": "n2",
                              "Startup Cost": 0.0,
                              "Total Cost": 1.25,
                              "Plan Rows": 25,
                              "Plan Width": 30,
                              "parent": 24,
                              "ID": 25
                            }
                          ],
                          "parent": 4,
                          "ID": 24,
                          "left": 25
                        }
                      ],
                      "parent": 3,
                      "ID": 4,
                      "left": 5,
                      "right": 24
                    }
                  ],
                  "parent": 2,
                  "ID": 3,
                  "left": 4
                }
              ],
              "parent": 1,
              "ID": 2,
              "left": 3
            }
          ],
          "parent": 0,
          "ID": 1,
          "left": 2
        }
      ],
      "parent": null,
      "ID": 0,
      "left": 1
    },
    "feat": {
      "utility": 6.35770444899657e-07,
      "query_shape": [
        [
          "Seq Scan",
          "Hash Join",
          "Sort",
          "Aggregate",
          "Gather Merge"
        ],
        [
          "Seq Scan",
          "Hash Join",
          "Hash",
          "Sort",
          "Aggregate",
          "Gather Merge"
        ],
        [
          "Seq Scan",
          "Hash Join",
          "Hash",
          "Sort",
          "Aggregate",
          "Gather Merge"
        ],
        [
          "Seq Scan",
          "Hash Join",
          "Hash",
          "Sort",
          "Aggregate",
          "Gather Merge"
        ],
        [
          "Seq Scan",
          "Hash",
          "Hash Join",
          "Sort",
          "Aggregate",
          "Gather Merge"
        ],
        [
          "Seq Scan",
          "Hash Join",
          "Hash",
          "Sort",
          "Aggregate",
          "Gather Merge"
        ],
        [
          "Seq Scan",
          "Hash",
          "Hash Join",
          "Sort",
          "Aggregate",
          "Gather Merge"
        ],
        [
          "Seq Scan",
          "Hash",
          "Hash Join",
          "Sort",
          "Aggregate",
          "Gather Merge"
        ]
      ],
      "index_shape": [
        "join"
      ],
      "physical_operator": {
        "Hash Join": [
          0.004898793034300612
        ]
      }
    }
  },
  {
    "query": "-- Functional Query Definition\n-- Approved February 1998\n\n\nselect\no_year,\nsum(case\nwhen nation = 'ALGERIA' then volume\nelse 0\nend) / sum(volume) as mkt_share\nfrom\n(\nselect\nextract(year from o_orderdate) as o_year,\nl_extendedprice * (1 - l_discount) as volume,\nn2.n_name as nation\nfrom\npart,\nsupplier,\nlineitem,\norders,\ncustomer,\nnation n1,\nnation n2,\nregion\nwhere\np_partkey = l_partkey\nand s_suppkey = l_suppkey\nand l_orderkey = o_orderkey\nand o_custkey = c_custkey\nand c_nationkey = n1.n_nationkey\nand n1.n_regionkey = r_regionkey\nand r_name = 'AFRICA'\nand s_nationkey = n2.n_nationkey\nand o_orderdate between date '1995-01-01' and date '1996-12-31'\nand p_type = 'STANDARD PLATED NICKEL'\n) as all_nations\ngroup by\no_year\norder by\no_year ;\n-- $ID$\n-- TPC-H/TPC-R Product Type Profit Measure ",
    "indexes": "supplier.s_nationkey",
    "wo plan est": {
      "Node Type": "Aggregate",
      "Strategy": "Sorted",
      "Partial Mode": "Finalize",
      "Parallel Aware": false,
      "Async Capable": false,
      "Startup Cost": 1955785.01,
      "Total Cost": 1956486.84,
      "Plan Rows": 2406,
      "Plan Width": 64,
      "Group Key": [
        "(EXTRACT(year FROM orders.o_orderdate))"
      ],
      "Plans": [
        {
          "Node Type": "Gather Merge",
          "Parent Relationship": "Outer",
          "Parallel Aware": false,
          "Async Capable": false,
          "Startup Cost": 1955785.01,
          "Total Cost": 1956408.65,
          "Plan Rows": 2406,
          "Plan Width": 96,
          "Workers Planned": 1,
          "Plans": [
            {
              "Node Type": "Aggregate",
              "Strategy": "Sorted",
              "Partial Mode": "Partial",
              "Parent Relationship": "Outer",
              "Parallel Aware": false,
              "Async Capable": false,
              "Startup Cost": 1954785.0,
              "Total Cost": 1955137.96,
              "Plan Rows": 2406,
              "Plan Width": 96,
              "Group Key": [
                "(EXTRACT(year FROM orders.o_orderdate))"
              ],
              "Plans": [
                {
                  "Node Type": "Sort",
                  "Parent Relationship": "Outer",
                  "Parallel Aware": false,
                  "Async Capable": false,
                  "Startup Cost": 1954785.0,
                  "Total Cost": 1954819.54,
                  "Plan Rows": 13816,
                  "Plan Width": 70,
                  "Sort Key": [
                    "(EXTRACT(year FROM orders.o_orderdate))"
                  ],
                  "Plans": [
                    {
                      "Node Type": "Hash Join",
                      "Parent Relationship": "Outer",
                      "Parallel Aware": false,
                      "Async Capable": false,
                      "Join Type": "Inner",
                      "Startup Cost": 1950527.96,
                      "Total Cost": 1953834.87,
                      "Plan Rows": 13816,
                      "Plan Width": 70,
                      "Inner Unique": false,
                      "Hash Cond": "(supplier.s_nationkey = n2.n_nationkey)",
                      "Plans": [
                        {
                          "Node Type": "Hash Join",
                          "Parent Relationship": "Outer",
                          "Parallel Aware": true,
                          "Async Capable": false,
                          "Join Type": "Inner",
                          "Startup Cost": 1950526.4,
                          "Total Cost": 1953608.79,
                          "Plan Rows": 13816,
                          "Plan Width": 20,
                          "Inner Unique": false,
                          "Hash Cond": "(supplier.s_suppkey = lineitem.l_suppkey)",
                          "Plans": [
                            {
                              "Node Type": "Seq Scan",
                              "Parent Relationship": "Outer",
                              "Parallel Aware": true,
                              "Async Capable": false,
                              "Relation Name": "supplier",
                              "Alias": "supplier",
                              "Startup Cost": 0.0,
                              "Total Cost": 2804.24,
                              "Plan Rows": 58824,
                              "Plan Width": 8,
                              "parent": 5,
                              "ID": 6
                            },
                            {
                              "Node Type": "Hash",
                              "Parent Relationship": "Inner",
                              "Parallel Aware": true,
                              "Async Capable": false,
                              "Startup Cost": 1950404.06,
                              "Total Cost": 1950404.06,
                              "Plan Rows": 9787,
                              "Plan Width": 20,
                              "Plans": [
                                {
                                  "Node Type": "Hash Join",
                                  "Parent Relationship": "Outer",
                                  "Parallel Aware": false,
                                  "Async Capable": false,
                                  "Join Type": "Inner",
                                  "Startup Cost": 1905498.74,
                                  "Total Cost": 1950404.06,
                                  "Plan Rows": 9787,
                                  "Plan Width": 20,
                                  "Inner Unique": false,
                                  "Hash Cond": "(customer.c_nationkey = n1.n_nationkey)",
                                  "Plans": [
                                    {
                                      "Node Type": "Hash Join",
                                      "Parent Relationship": "Outer",
                                      "Parallel Aware": true,
                                      "Async Capable": false,
                                      "Join Type": "Inner",
                                      "Startup Cost": 1905496.2,
                                      "Total Cost": 1950120.18,
                                      "Plan Rows": 48932,
                                      "Plan Width": 24,
                                      "Inner Unique": false,
                                      "Hash Cond": "(customer.c_custkey = orders.o_custkey)",
                                      "Plans": [
                                        {
                                          "Node Type": "Seq Scan",
                                          "Parent Relationship": "Outer",
                                          "Parallel Aware": true,
                                          "Async Capable": false,
                                          "Relation Name": "customer",
                                          "Alias": "customer",
                                          "Startup Cost": 0.0,
                                          "Total Cost": 42076.52,
                                          "Plan Rows": 624952,
                                          "Plan Width": 8,
                                          "parent": 9,
                                          "ID": 10
                                        },
                                        {
                                          "Node Type": "Hash",
                                          "Parent Relationship": "Inner",
                                          "Parallel Aware": true,
                                          "Async Capable": false,
                                          "Startup Cost": 1904884.55,
                                          "Total Cost": 1904884.55,
                                          "Plan Rows": 48932,
                                          "Plan Width": 24,
                                          "Plans": [
                                            {
                                              "Node Type": "Hash Join",
                                              "Parent Relationship": "Outer",
                                              "Parallel Aware": true,
                                              "Async Capable": false,
                                              "Join Type": "Inner",
                                              "Startup Cost": 1523283.11,
                                              "Total Cost": 1904884.55,
                                              "Plan Rows": 48932,
                                              "Plan Width": 24,
                                              "Inner Unique": false,
                                              "Hash Cond": "(orders.o_orderkey = lineitem.l_orderkey)",
                                              "Plans": [
                                                {
                                                  "Node Type": "Seq Scan",
                                                  "Parent Relationship": "Outer",
                                                  "Parallel Aware": true,
                                                  "Async Capable": false,
                                                  "Relation Name": "orders",
                                                  "Alias": "orders",
                                                  "Startup Cost": 0.0,
                                                  "Total Cost": 354655.56,
                                                  "Plan Rows": 1909064,
                                                  "Plan Width": 12,
                                                  "Filter": "((o_orderdate >= '1995-01-01'::date) AND (o_orderdate <= '1996-12-31'::date))",
                                                  "parent": 12,
                                                  "ID": 13
                                                },
                                                {
                                                  "Node Type": "Hash",
                                                  "Parent Relationship": "Inner",
                                                  "Parallel Aware": true,
                                                  "Async Capable": false,
                                                  "Startup Cost": 1520341.76,
                                                  "Total Cost": 1520341.76,
                                                  "Plan Rows": 160188,
                                                  "Plan Width": 20,
                                                  "Plans": [
                                                    {
                                                      "Node Type": "Hash Join",
                                                      "Parent Relationship": "Outer",
                                                      "Parallel Aware": true,
                                                      "Async Capable": false,
                                                      "Join Type": "Inner",
                                                      "Startup Cost": 51447.53,
                                                      "Total Cost": 1520341.76,
                                                      "Plan Rows": 160188,
                                                      "Plan Width": 20,
                                                      "Inner Unique": false,
                                                      "Hash Cond": "(lineitem.l_partkey = part.p_partkey)",
                                                      "Plans": [
                                                        {
                                                          "Node Type": "Seq Scan",
                                                          "Parent Relationship": "Outer",
                                                          "Parallel Aware": true,
                                                          "Async Capable": false,
                                                          "Relation Name": "lineitem",
                                                          "Alias": "lineitem",
                                                          "Startup Cost": 0.0,
                                                          "Total Cost": 1374494.57,
                                                          "Plan Rows": 24995257,
                                                          "Plan Width": 24,
                                                          "parent": 15,
                                                          "ID": 16
                                                        },
                                                        {
                                                          "Node Type": "Hash",
                                                          "Parent Relationship": "Inner",
                                                          "Parallel Aware": true,
                                                          "Async Capable": false,
                                                          "Startup Cost": 51378.28,
                                                          "Total Cost": 51378.28,
                                                          "Plan Rows": 5540,
                                                          "Plan Width": 4,
                                                          "Plans": [
                                                            {
                                                              "Node Type": "Seq Scan",
                                                              "Parent Relationship": "Outer",
                                                              "Parallel Aware": true,
                                                              "Async Capable": false,
                                                              "Relation Name": "part",
                                                              "Alias": "part",
                                                              "Startup Cost": 0.0,
                                                              "Total Cost": 51378.28,
                                                              "Plan Rows": 5540,
                                                              "Plan Width": 4,
                                                              "Filter": "((p_type)::text = 'STANDARD PLATED NICKEL'::text)",
                                                              "parent": 17,
                                                              "ID": 18
                                                            }
                                                          ],
                                                          "parent": 15,
                                                          "ID": 17,
                                                          "left": 18
                                                        }
                                                      ],
                                                      "parent": 14,
                                                      "ID": 15,
                                                      "left": 16,
                                                      "right": 17
                                                    }
                                                  ],
                                                  "parent": 12,
                                                  "ID": 14,
                                                  "left": 15
                                                }
                                              ],
                                              "parent": 11,
                                              "ID": 12,
                                              "left": 13,
                                              "right": 14
                                            }
                                          ],
                                          "parent": 9,
                                          "ID": 11,
                                          "left": 12
                                        }
                                      ],
                                      "parent": 8,
                                      "ID": 9,
                                      "left": 10,
                                      "right": 11
                                    },
                                    {
                                      "Node Type": "Hash",
                                      "Parent Relationship": "Inner",
                                      "Parallel Aware": false,
                                      "Async Capable": false,
                                      "Startup Cost": 2.47,
                                      "Total Cost": 2.47,
                                      "Plan Rows": 5,
                                      "Plan Width": 4,
                                      "Plans": [
                                        {
                                          "Node Type": "Hash Join",
                                          "Parent Relationship": "Outer",
                                          "Parallel Aware": false,
                                          "Async Capable": false,
                                          "Join Type": "Inner",
                                          "Startup Cost": 1.07,
                                          "Total Cost": 2.47,
                                          "Plan Rows": 5,
                                          "Plan Width": 4,
                                          "Inner Unique": false,
                                          "Hash Cond": "(n1.n_regionkey = region.r_regionkey)",
                                          "Plans": [
                                            {
                                              "Node Type": "Seq Scan",
                                              "Parent Relationship": "Outer",
                                              "Parallel Aware": false,
                                              "Async Capable": false,
                                              "Relation Name": "nation",
                                              "Alias": "n1",
                                              "Startup Cost": 0.0,
                                              "Total Cost": 1.25,
                                              "Plan Rows": 25,
                                              "Plan Width": 8,
                                              "parent": 20,
                                              "ID": 21
                                            },
                                            {
                                              "Node Type": "Hash",
                                              "Parent Relationship": "Inner",
                                              "Parallel Aware": false,
                                              "Async Capable": false,
                                              "Startup Cost": 1.06,
                                              "Total Cost": 1.06,
                                              "Plan Rows": 1,
                                              "Plan Width": 4,
                                              "Plans": [
                                                {
                                                  "Node Type": "Seq Scan",
                                                  "Parent Relationship": "Outer",
                                                  "Parallel Aware": false,
                                                  "Async Capable": false,
                                                  "Relation Name": "region",
                                                  "Alias": "region",
                                                  "Startup Cost": 0.0,
                                                  "Total Cost": 1.06,
                                                  "Plan Rows": 1,
                                                  "Plan Width": 4,
                                                  "Filter": "(r_name = 'AFRICA'::bpchar)",
                                                  "parent": 22,
                                                  "ID": 23
                                                }
                                              ],
                                              "parent": 20,
                                              "ID": 22,
                                              "left": 23
                                            }
                                          ],
                                          "parent": 19,
                                          "ID": 20,
                                          "left": 21,
                                          "right": 22
                                        }
                                      ],
                                      "parent": 8,
                                      "ID": 19,
                                      "left": 20
                                    }
                                  ],
                                  "parent": 7,
                                  "ID": 8,
                                  "left": 9,
                                  "right": 19
                                }
                              ],
                              "parent": 5,
                              "ID": 7,
                              "left": 8
                            }
                          ],
                          "parent": 4,
                          "ID": 5,
                          "left": 6,
                          "right": 7
                        },
                        {
                          "Node Type": "Hash",
                          "Parent Relationship": "Inner",
                          "Parallel Aware": false,
                          "Async Capable": false,
                          "Startup Cost": 1.25,
                          "Total Cost": 1.25,
                          "Plan Rows": 25,
                          "Plan Width": 30,
                          "Plans": [
                            {
                              "Node Type": "Seq Scan",
                              "Parent Relationship": "Outer",
                              "Parallel Aware": false,
                              "Async Capable": false,
                              "Relation Name": "nation",
                              "Alias": "n2",
                              "Startup Cost": 0.0,
                              "Total Cost": 1.25,
                              "Plan Rows": 25,
                              "Plan Width": 30,
                              "parent": 24,
                              "ID": 25
                            }
                          ],
                          "parent": 4,
                          "ID": 24,
                          "left": 25
                        }
                      ],
                      "parent": 3,
                      "ID": 4,
                      "left": 5,
                      "right": 24
                    }
                  ],
                  "parent": 2,
                  "ID": 3,
                  "left": 4
                }
              ],
              "parent": 1,
              "ID": 2,
              "left": 3
            }
          ],
          "parent": 0,
          "ID": 1,
          "left": 2
        }
      ],
      "parent": null,
      "ID": 0,
      "left": 1
    },
    "feat": {
      "utility": 5.111202281329937e-07,
      "query_shape": [
        [
          "Seq Scan",
          "Hash Join",
          "Sort",
          "Aggregate",
          "Gather Merge"
        ],
        [
          "Seq Scan",
          "Hash Join",
          "Hash",
          "Sort",
          "Aggregate",
          "Gather Merge"
        ],
        [
          "Seq Scan",
          "Hash Join",
          "Hash",
          "Sort",
          "Aggregate",
          "Gather Merge"
        ],
        [
          "Seq Scan",
          "Hash Join",
          "Hash",
          "Sort",
          "Aggregate",
          "Gather Merge"
        ],
        [
          "Seq Scan",
          "Hash",
          "Hash Join",
          "Sort",
          "Aggregate",
          "Gather Merge"
        ],
        [
          "Seq Scan",
          "Hash Join",
          "Hash",
          "Sort",
          "Aggregate",
          "Gather Merge"
        ],
        [
          "Seq Scan",
          "Hash",
          "Hash Join",
          "Sort",
          "Aggregate",
          "Gather Merge"
        ],
        [
          "Seq Scan",
          "Hash",
          "Hash Join",
          "Sort",
          "Aggregate",
          "Gather Merge"
        ]
      ],
      "index_shape": [
        "join"
      ],
      "physical_operator": {
        "Hash Join": [
          0.2
        ]
      }
    }
  }
]