[
  {
    "query": "-- Functional Query Definition\n-- Approved February 1998\n\n\nselect\nnation,\no_year,\nsum(amount) as sum_profit\nfrom\n(\nselect\nn_name as nation,\nextract(year from o_orderdate) as o_year,\nl_extendedprice * (1 - l_discount) - ps_supplycost * l_quantity as amount\nfrom\npart,\nsupplier,\nlineitem,\npartsupp,\norders,\nnation\nwhere\ns_suppkey = l_suppkey\nand ps_suppkey = l_suppkey\nand ps_partkey = l_partkey\nand p_partkey = l_partkey\nand o_orderkey = l_orderkey\nand s_nationkey = n_nationkey\nand p_name like '%blush%'\n) as profit\ngroup by\nnation,\no_year\norder by\nnation,\no_year desc ;\n-- $ID$\n-- TPC-H/TPC-R Returned Item Reporting ",
    "indexes": "lineitem.l_orderkey",
    "wo plan est": {
      "Node Type": "Aggregate",
      "Strategy": "Sorted",
      "Partial Mode": "Finalize",
      "Parallel Aware": false,
      "Async Capable": false,
      "Startup Cost": 2170040.99,
      "Total Cost": 2170050.68,
      "Plan Rows": 90,
      "Plan Width": 90,
      "Group Key": [
        "nation.n_name",
        "(EXTRACT(year FROM orders.o_orderdate))"
      ],
      "Plans": [
        {
          "Node Type": "Gather Merge",
          "Parent Relationship": "Outer",
          "Parallel Aware": false,
          "Async Capable": false,
          "Startup Cost": 2170040.99,
          "Total Cost": 2170048.8,
          "Plan Rows": 53,
          "Plan Width": 90,
          "Workers Planned": 1,
          "Plans": [
            {
              "Node Type": "Aggregate",
              "Strategy": "Sorted",
              "Partial Mode": "Partial",
              "Parent Relationship": "Outer",
              "Parallel Aware": false,
              "Async Capable": false,
              "Startup Cost": 2169040.98,
              "Total Cost": 2169042.83,
              "Plan Rows": 53,
              "Plan Width": 90,
              "Group Key": [
                "nation.n_name",
                "(EXTRACT(year FROM orders.o_orderdate))"
              ],
              "Plans": [
                {
                  "Node Type": "Sort",
                  "Parent Relationship": "Outer",
                  "Parallel Aware": false,
                  "Async Capable": false,
                  "Startup Cost": 2169040.98,
                  "Total Cost": 2169041.11,
                  "Plan Rows": 53,
                  "Plan Width": 81,
                  "Sort Key": [
                    "nation.n_name",
                    "(EXTRACT(year FROM orders.o_orderdate)) DESC"
                  ],
                  "Plans": [
                    {
                      "Node Type": "Hash Join",
                      "Parent Relationship": "Outer",
                      "Parallel Aware": false,
                      "Async Capable": false,
                      "Join Type": "Inner",
                      "Startup Cost": 2166013.55,
                      "Total Cost": 2169039.46,
                      "Plan Rows": 53,
                      "Plan Width": 81,
                      "Inner Unique": false,
                      "Hash Cond": "(supplier.s_nationkey = nation.n_nationkey)",
                      "Plans": [
                        {
                          "Node Type": "Hash Join",
                          "Parent Relationship": "Outer",
                          "Parallel Aware": true,
                          "Async Capable": false,
                          "Join Type": "Inner",
                          "Startup Cost": 2166011.99,
                          "Total Cost": 2169037.03,
                          "Plan Rows": 53,
                          "Plan Width": 31,
                          "Inner Unique": false,
                          "Hash Cond": "(supplier.s_suppkey = lineitem.l_suppkey)",
                          "Plans": [
                            {
                              "Node Type": "Seq Scan",
                              "Parent Relationship": "Outer",
                              "Parallel Aware": true,
                              "Async Capable": false,
                              "Relation Name": "supplier",
                              "Alias": "supplier",
                              "Startup Cost": 0.0,
                              "Total Cost": 2804.24,
                              "Plan Rows": 58824,
                              "Plan Width": 8,
                              "parent": 5,
                              "ID": 6
                            },
                            {
                              "Node Type": "Hash",
                              "Parent Relationship": "Inner",
                              "Parallel Aware": true,
                              "Async Capable": false,
                              "Startup Cost": 2166011.51,
                              "Total Cost": 2166011.51,
                              "Plan Rows": 38,
                              "Plan Width": 35,
                              "Plans": [
                                {
                                  "Node Type": "Hash Join",
                                  "Parent Relationship": "Outer",
                                  "Parallel Aware": true,
                                  "Async Capable": false,
                                  "Join Type": "Inner",
                                  "Startup Cost": 1819167.75,
                                  "Total Cost": 2166011.51,
                                  "Plan Rows": 38,
                                  "Plan Width": 35,
                                  "Inner Unique": false,
                                  "Hash Cond": "(orders.o_orderkey = lineitem.l_orderkey)",
                                  "Plans": [
                                    {
                                      "Node Type": "Seq Scan",
                                      "Parent Relationship": "Outer",
                                      "Parallel Aware": true,
                                      "Async Capable": false,
                                      "Relation Name": "orders",
                                      "Alias": "orders",
                                      "Startup Cost": 0.0,
                                      "Total Cost": 323407.71,
                                      "Plan Rows": 6249571,
                                      "Plan Width": 8,
                                      "parent": 8,
                                      "ID": 9
                                    },
                                    {
                                      "Node Type": "Hash",
                                      "Parent Relationship": "Inner",
                                      "Parallel Aware": true,
                                      "Async Capable": false,
                                      "Startup Cost": 1819167.28,
                                      "Total Cost": 1819167.28,
                                      "Plan Rows": 38,
                                      "Plan Width": 35,
                                      "Plans": [
                                        {
                                          "Node Type": "Hash Join",
                                          "Parent Relationship": "Outer",
                                          "Parallel Aware": true,
                                          "Async Capable": false,
                                          "Join Type": "Inner",
                                          "Startup Cost": 1546291.11,
                                          "Total Cost": 1819167.28,
                                          "Plan Rows": 38,
                                          "Plan Width": 35,
                                          "Inner Unique": false,
                                          "Hash Cond": "((partsupp.ps_suppkey = lineitem.l_suppkey) AND (partsupp.ps_partkey = lineitem.l_partkey))",
                                          "Plans": [
                                            {
                                              "Node Type": "Seq Scan",
                                              "Parent Relationship": "Outer",
                                              "Parallel Aware": true,
                                              "Async Capable": false,
                                              "Relation Name": "partsupp",
                                              "Alias": "partsupp",
                                              "Startup Cost": 0.0,
                                              "Total Cost": 207718.58,
                                              "Plan Rows": 3333258,
                                              "Plan Width": 14,
                                              "parent": 11,
                                              "ID": 12
                                            },
                                            {
                                              "Node Type": "Hash",
                                              "Parent Relationship": "Inner",
                                              "Parallel Aware": true,
                                              "Async Capable": false,
                                              "Startup Cost": 1524082.29,
                                              "Total Cost": 1524082.29,
                                              "Plan Rows": 973521,
                                              "Plan Width": 33,
                                              "Plans": [
                                                {
                                                  "Node Type": "Hash Join",
                                                  "Parent Relationship": "Outer",
                                                  "Parallel Aware": true,
                                                  "Async Capable": false,
                                                  "Join Type": "Inner",
                                                  "Startup Cost": 51799.14,
                                                  "Total Cost": 1524082.29,
                                                  "Plan Rows": 973521,
                                                  "Plan Width": 33,
                                                  "Inner Unique": false,
                                                  "Hash Cond": "(lineitem.l_partkey = part.p_partkey)",
                                                  "Plans": [
                                                    {
                                                      "Node Type": "Seq Scan",
                                                      "Parent Relationship": "Outer",
                                                      "Parallel Aware": true,
                                                      "Async Capable": false,
                                                      "Relation Name": "lineitem",
                                                      "Alias": "lineitem",
                                                      "Startup Cost": 0.0,
                                                      "Total Cost": 1374494.57,
                                                      "Plan Rows": 24995257,
                                                      "Plan Width": 29,
                                                      "parent": 14,
                                                      "ID": 15
                                                    },
                                                    {
                                                      "Node Type": "Hash",
                                                      "Parent Relationship": "Inner",
                                                      "Parallel Aware": true,
                                                      "Async Capable": false,
                                                      "Startup Cost": 51378.28,
                                                      "Total Cost": 51378.28,
                                                      "Plan Rows": 33669,
                                                      "Plan Width": 4,
                                                      "Plans": [
                                                        {
                                                          "Node Type": "Seq Scan",
                                                          "Parent Relationship": "Outer",
                                                          "Parallel Aware": true,
                                                          "Async Capable": false,
                                                          "Relation Name": "part",
                                                          "Alias": "part",
                                                          "Startup Cost": 0.0,
                                                          "Total Cost": 51378.28,
                                                          "Plan Rows": 33669,
                                                          "Plan Width": 4,
                                                          "Filter": "((p_name)::text ~~ '%blush%'::text)",
                                                          "parent": 16,
                                                          "ID": 17
                                                        }
                                                      ],
                                                      "parent": 14,
                                                      "ID": 16,
                                                      "left": 17
                                                    }
                                                  ],
                                                  "parent": 13,
                                                  "ID": 14,
                                                  "left": 15,
                                                  "right": 16
                                                }
                                              ],
                                              "parent": 11,
                                              "ID": 13,
                                              "left": 14
                                            }
                                          ],
                                          "parent": 10,
                                          "ID": 11,
                                          "left": 12,
                                          "right": 13
                                        }
                                      ],
                                      "parent": 8,
                                      "ID": 10,
                                      "left": 11
                                    }
                                  ],
                                  "parent": 7,
                                  "ID": 8,
                                  "left": 9,
                                  "right": 10
                                }
                              ],
                              "parent": 5,
                              "ID": 7,
                              "left": 8
                            }
                          ],
                          "parent": 4,
                          "ID": 5,
                          "left": 6,
                          "right": 7
                        },
                        {
                          "Node Type": "Hash",
                          "Parent Relationship": "Inner",
                          "Parallel Aware": false,
                          "Async Capable": false,
                          "Startup Cost": 1.25,
                          "Total Cost": 1.25,
                          "Plan Rows": 25,
                          "Plan Width": 30,
                          "Plans": [
                            {
                              "Node Type": "Seq Scan",
                              "Parent Relationship": "Outer",
                              "Parallel Aware": false,
                              "Async Capable": false,
                              "Relation Name": "nation",
                              "Alias": "nation",
                              "Startup Cost": 0.0,
                              "Total Cost": 1.25,
                              "Plan Rows": 25,
                              "Plan Width": 30,
                              "parent": 18,
                              "ID": 19
                            }
                          ],
                          "parent": 4,
                          "ID": 18,
                          "left": 19
                        }
                      ],
                      "parent": 3,
                      "ID": 4,
                      "left": 5,
                      "right": 18
                    }
                  ],
                  "parent": 2,
                  "ID": 3,
                  "left": 4
                }
              ],
              "parent": 1,
              "ID": 2,
              "left": 3
            }
          ],
          "parent": 0,
          "ID": 1,
          "left": 2
        }
      ],
      "parent": null,
      "ID": 0,
      "left": 1
    },
    "feat": {
      "utility": 5.757929961521066e-07,
      "query_shape": [
        [
          "Seq Scan",
          "Hash Join",
          "Sort",
          "Aggregate",
          "Gather Merge"
        ],
        [
          "Seq Scan",
          "Hash Join",
          "Hash",
          "Sort",
          "Aggregate",
          "Gather Merge"
        ],
        [
          "Seq Scan",
          "Hash Join",
          "Hash",
          "Sort",
          "Aggregate",
          "Gather Merge"
        ],
        [
          "Seq Scan",
          "Hash Join",
          "Hash",
          "Sort",
          "Aggregate",
          "Gather Merge"
        ],
        [
          "Seq Scan",
          "Hash",
          "Hash Join",
          "Sort",
          "Aggregate",
          "Gather Merge"
        ],
        [
          "Seq Scan",
          "Hash",
          "Hash Join",
          "Sort",
          "Aggregate",
          "Gather Merge"
        ]
      ],
      "index_shape": [
        "join"
      ],
      "physical_operator": {
        "Hash Join": [
          0.00040001372870675787
        ]
      }
    }
  },
  {
    "query": "-- Functional Query Definition\n-- Approved February 1998\n\n\nselect\nnation,\no_year,\nsum(amount) as sum_profit\nfrom\n(\nselect\nn_name as nation,\nextract(year from o_orderdate) as o_year,\nl_extendedprice * (1 - l_discount) - ps_supplycost * l_quantity as amount\nfrom\npart,\nsupplier,\nlineitem,\npartsupp,\norders,\nnation\nwhere\ns_suppkey = l_suppkey\nand ps_suppkey = l_suppkey\nand ps_partkey = l_partkey\nand p_partkey = l_partkey\nand o_orderkey = l_orderkey\nand s_nationkey = n_nationkey\nand p_name like '%blush%'\n) as profit\ngroup by\nnation,\no_year\norder by\nnation,\no_year desc ;\n-- $ID$\n-- TPC-H/TPC-R Returned Item Reporting ",
    "indexes": "lineitem.l_partkey",
    "wo plan est": {
      "Node Type": "Aggregate",
      "Strategy": "Sorted",
      "Partial Mode": "Finalize",
      "Parallel Aware": false,
      "Async Capable": false,
      "Startup Cost": 2170040.99,
      "Total Cost": 2170050.68,
      "Plan Rows": 90,
      "Plan Width": 90,
      "Group Key": [
        "nation.n_name",
        "(EXTRACT(year FROM orders.o_orderdate))"
      ],
      "Plans": [
        {
          "Node Type": "Gather Merge",
          "Parent Relationship": "Outer",
          "Parallel Aware": false,
          "Async Capable": false,
          "Startup Cost": 2170040.99,
          "Total Cost": 2170048.8,
          "Plan Rows": 53,
          "Plan Width": 90,
          "Workers Planned": 1,
          "Plans": [
            {
              "Node Type": "Aggregate",
              "Strategy": "Sorted",
              "Partial Mode": "Partial",
              "Parent Relationship": "Outer",
              "Parallel Aware": false,
              "Async Capable": false,
              "Startup Cost": 2169040.98,
              "Total Cost": 2169042.83,
              "Plan Rows": 53,
              "Plan Width": 90,
              "Group Key": [
                "nation.n_name",
                "(EXTRACT(year FROM orders.o_orderdate))"
              ],
              "Plans": [
                {
                  "Node Type": "Sort",
                  "Parent Relationship": "Outer",
                  "Parallel Aware": false,
                  "Async Capable": false,
                  "Startup Cost": 2169040.98,
                  "Total Cost": 2169041.11,
                  "Plan Rows": 53,
                  "Plan Width": 81,
                  "Sort Key": [
                    "nation.n_name",
                    "(EXTRACT(year FROM orders.o_orderdate)) DESC"
                  ],
                  "Plans": [
                    {
                      "Node Type": "Hash Join",
                      "Parent Relationship": "Outer",
                      "Parallel Aware": false,
                      "Async Capable": false,
                      "Join Type": "Inner",
                      "Startup Cost": 2166013.55,
                      "Total Cost": 2169039.46,
                      "Plan Rows": 53,
                      "Plan Width": 81,
                      "Inner Unique": false,
                      "Hash Cond": "(supplier.s_nationkey = nation.n_nationkey)",
                      "Plans": [
                        {
                          "Node Type": "Hash Join",
                          "Parent Relationship": "Outer",
                          "Parallel Aware": true,
                          "Async Capable": false,
                          "Join Type": "Inner",
                          "Startup Cost": 2166011.99,
                          "Total Cost": 2169037.03,
                          "Plan Rows": 53,
                          "Plan Width": 31,
                          "Inner Unique": false,
                          "Hash Cond": "(supplier.s_suppkey = lineitem.l_suppkey)",
                          "Plans": [
                            {
                              "Node Type": "Seq Scan",
                              "Parent Relationship": "Outer",
                              "Parallel Aware": true,
                              "Async Capable": false,
                              "Relation Name": "supplier",
                              "Alias": "supplier",
                              "Startup Cost": 0.0,
                              "Total Cost": 2804.24,
                              "Plan Rows": 58824,
                              "Plan Width": 8,
                              "parent": 5,
                              "ID": 6
                            },
                            {
                              "Node Type": "Hash",
                              "Parent Relationship": "Inner",
                              "Parallel Aware": true,
                              "Async Capable": false,
                              "Startup Cost": 2166011.51,
                              "Total Cost": 2166011.51,
                              "Plan Rows": 38,
                              "Plan Width": 35,
                              "Plans": [
                                {
                                  "Node Type": "Hash Join",
                                  "Parent Relationship": "Outer",
                                  "Parallel Aware": true,
                                  "Async Capable": false,
                                  "Join Type": "Inner",
                                  "Startup Cost": 1819167.75,
                                  "Total Cost": 2166011.51,
                                  "Plan Rows": 38,
                                  "Plan Width": 35,
                                  "Inner Unique": false,
                                  "Hash Cond": "(orders.o_orderkey = lineitem.l_orderkey)",
                                  "Plans": [
                                    {
                                      "Node Type": "Seq Scan",
                                      "Parent Relationship": "Outer",
                                      "Parallel Aware": true,
                                      "Async Capable": false,
                                      "Relation Name": "orders",
                                      "Alias": "orders",
                                      "Startup Cost": 0.0,
                                      "Total Cost": 323407.71,
                                      "Plan Rows": 6249571,
                                      "Plan Width": 8,
                                      "parent": 8,
                                      "ID": 9
                                    },
                                    {
                                      "Node Type": "Hash",
                                      "Parent Relationship": "Inner",
                                      "Parallel Aware": true,
                                      "Async Capable": false,
                                      "Startup Cost": 1819167.28,
                                      "Total Cost": 1819167.28,
                                      "Plan Rows": 38,
                                      "Plan Width": 35,
                                      "Plans": [
                                        {
                                          "Node Type": "Hash Join",
                                          "Parent Relationship": "Outer",
                                          "Parallel Aware": true,
                                          "Async Capable": false,
                                          "Join Type": "Inner",
                                          "Startup Cost": 1546291.11,
                                          "Total Cost": 1819167.28,
                                          "Plan Rows": 38,
                                          "Plan Width": 35,
                                          "Inner Unique": false,
                                          "Hash Cond": "((partsupp.ps_suppkey = lineitem.l_suppkey) AND (partsupp.ps_partkey = lineitem.l_partkey))",
                                          "Plans": [
                                            {
                                              "Node Type": "Seq Scan",
                                              "Parent Relationship": "Outer",
                                              "Parallel Aware": true,
                                              "Async Capable": false,
                                              "Relation Name": "partsupp",
                                              "Alias": "partsupp",
                                              "Startup Cost": 0.0,
                                              "Total Cost": 207718.58,
                                              "Plan Rows": 3333258,
                                              "Plan Width": 14,
                                              "parent": 11,
                                              "ID": 12
                                            },
                                            {
                                              "Node Type": "Hash",
                                              "Parent Relationship": "Inner",
                                              "Parallel Aware": true,
                                              "Async Capable": false,
                                              "Startup Cost": 1524082.29,
                                              "Total Cost": 1524082.29,
                                              "Plan Rows": 973521,
                                              "Plan Width": 33,
                                              "Plans": [
                                                {
                                                  "Node Type": "Hash Join",
                                                  "Parent Relationship": "Outer",
                                                  "Parallel Aware": true,
                                                  "Async Capable": false,
                                                  "Join Type": "Inner",
                                                  "Startup Cost": 51799.14,
                                                  "Total Cost": 1524082.29,
                                                  "Plan Rows": 973521,
                                                  "Plan Width": 33,
                                                  "Inner Unique": false,
                                                  "Hash Cond": "(lineitem.l_partkey = part.p_partkey)",
                                                  "Plans": [
                                                    {
                                                      "Node Type": "Seq Scan",
                                                      "Parent Relationship": "Outer",
                                                      "Parallel Aware": true,
                                                      "Async Capable": false,
                                                      "Relation Name": "lineitem",
                                                      "Alias": "lineitem",
                                                      "Startup Cost": 0.0,
                                                      "Total Cost": 1374494.57,
                                                      "Plan Rows": 24995257,
                                                      "Plan Width": 29,
                                                      "parent": 14,
                                                      "ID": 15
                                                    },
                                                    {
                                                      "Node Type": "Hash",
                                                      "Parent Relationship": "Inner",
                                                      "Parallel Aware": true,
                                                      "Async Capable": false,
                                                      "Startup Cost": 51378.28,
                                                      "Total Cost": 51378.28,
                                                      "Plan Rows": 33669,
                                                      "Plan Width": 4,
                                                      "Plans": [
                                                        {
                                                          "Node Type": "Seq Scan",
                                                          "Parent Relationship": "Outer",
                                                          "Parallel Aware": true,
                                                          "Async Capable": false,
                                                          "Relation Name": "part",
                                                          "Alias": "part",
                                                          "Startup Cost": 0.0,
                                                          "Total Cost": 51378.28,
                                                          "Plan Rows": 33669,
                                                          "Plan Width": 4,
                                                          "Filter": "((p_name)::text ~~ '%blush%'::text)",
                                                          "parent": 16,
                                                          "ID": 17
                                                        }
                                                      ],
                                                      "parent": 14,
                                                      "ID": 16,
                                                      "left": 17
                                                    }
                                                  ],
                                                  "parent": 13,
                                                  "ID": 14,
                                                  "left": 15,
                                                  "right": 16
                                                }
                                              ],
                                              "parent": 11,
                                              "ID": 13,
                                              "left": 14
                                            }
                                          ],
                                          "parent": 10,
                                          "ID": 11,
                                          "left": 12,
                                          "right": 13
                                        }
                                      ],
                                      "parent": 8,
                                      "ID": 10,
                                      "left": 11
                                    }
                                  ],
                                  "parent": 7,
                                  "ID": 8,
                                  "left": 9,
                                  "right": 10
                                }
                              ],
                              "parent": 5,
                              "ID": 7,
                              "left": 8
                            }
                          ],
                          "parent": 4,
                          "ID": 5,
                          "left": 6,
                          "right": 7
                        },
                        {
                          "Node Type": "Hash",
                          "Parent Relationship": "Inner",
                          "Parallel Aware": false,
                          "Async Capable": false,
                          "Startup Cost": 1.25,
                          "Total Cost": 1.25,
                          "Plan Rows": 25,
                          "Plan Width": 30,
                          "Plans": [
                            {
                              "Node Type": "Seq Scan",
                              "Parent Relationship": "Outer",
                              "Parallel Aware": false,
                              "Async Capable": false,
                              "Relation Name": "nation",
                              "Alias": "nation",
                              "Startup Cost": 0.0,
                              "Total Cost": 1.25,
                              "Plan Rows": 25,
                              "Plan Width": 30,
                              "parent": 18,
                              "ID": 19
                            }
                          ],
                          "parent": 4,
                          "ID": 18,
                          "left": 19
                        }
                      ],
                      "parent": 3,
                      "ID": 4,
                      "left": 5,
                      "right": 18
                    }
                  ],
                  "parent": 2,
                  "ID": 3,
                  "left": 4
                }
              ],
              "parent": 1,
              "ID": 2,
              "left": 3
            }
          ],
          "parent": 0,
          "ID": 1,
          "left": 2
        }
      ],
      "parent": null,
      "ID": 0,
      "left": 1
    },
    "feat": {
      "utility": 1.1514253163410962e-06,
      "query_shape": [
        [
          "Seq Scan",
          "Hash Join",
          "Sort",
          "Aggregate",
          "Gather Merge"
        ],
        [
          "Seq Scan",
          "Hash Join",
          "Hash",
          "Sort",
          "Aggregate",
          "Gather Merge"
        ],
        [
          "Seq Scan",
          "Hash Join",
          "Hash",
          "Sort",
          "Aggregate",
          "Gather Merge"
        ],
        [
          "Seq Scan",
          "Hash Join",
          "Hash",
          "Sort",
          "Aggregate",
          "Gather Merge"
        ],
        [
          "Seq Scan",
          "Hash",
          "Hash Join",
          "Sort",
          "Aggregate",
          "Gather Merge"
        ],
        [
          "Seq Scan",
          "Hash",
          "Hash Join",
          "Sort",
          "Aggregate",
          "Gather Merge"
        ]
      ],
      "index_shape": [
        "join"
      ],
      "physical_operator": {
        "Hash Join": [
          3.4220367652581323e-06,
          0.0010755454070658543
        ]
      }
    }
  },
  {
    "query": "-- Functional Query Definition\n-- Approved February 1998\n\n\nselect\nnation,\no_year,\nsum(amount) as sum_profit\nfrom\n(\nselect\nn_name as nation,\nextract(year from o_orderdate) as o_year,\nl_extendedprice * (1 - l_discount) - ps_supplycost * l_quantity as amount\nfrom\npart,\nsupplier,\nlineitem,\npartsupp,\norders,\nnation\nwhere\ns_suppkey = l_suppkey\nand ps_suppkey = l_suppkey\nand ps_partkey = l_partkey\nand p_partkey = l_partkey\nand o_orderkey = l_orderkey\nand s_nationkey = n_nationkey\nand p_name like '%blush%'\n) as profit\ngroup by\nnation,\no_year\norder by\nnation,\no_year desc ;\n-- $ID$\n-- TPC-H/TPC-R Returned Item Reporting ",
    "indexes": "lineitem.l_suppkey",
    "wo plan est": {
      "Node Type": "Aggregate",
      "Strategy": "Sorted",
      "Partial Mode": "Finalize",
      "Parallel Aware": false,
      "Async Capable": false,
      "Startup Cost": 2170040.99,
      "Total Cost": 2170050.68,
      "Plan Rows": 90,
      "Plan Width": 90,
      "Group Key": [
        "nation.n_name",
        "(EXTRACT(year FROM orders.o_orderdate))"
      ],
      "Plans": [
        {
          "Node Type": "Gather Merge",
          "Parent Relationship": "Outer",
          "Parallel Aware": false,
          "Async Capable": false,
          "Startup Cost": 2170040.99,
          "Total Cost": 2170048.8,
          "Plan Rows": 53,
          "Plan Width": 90,
          "Workers Planned": 1,
          "Plans": [
            {
              "Node Type": "Aggregate",
              "Strategy": "Sorted",
              "Partial Mode": "Partial",
              "Parent Relationship": "Outer",
              "Parallel Aware": false,
              "Async Capable": false,
              "Startup Cost": 2169040.98,
              "Total Cost": 2169042.83,
              "Plan Rows": 53,
              "Plan Width": 90,
              "Group Key": [
                "nation.n_name",
                "(EXTRACT(year FROM orders.o_orderdate))"
              ],
              "Plans": [
                {
                  "Node Type": "Sort",
                  "Parent Relationship": "Outer",
                  "Parallel Aware": false,
                  "Async Capable": false,
                  "Startup Cost": 2169040.98,
                  "Total Cost": 2169041.11,
                  "Plan Rows": 53,
                  "Plan Width": 81,
                  "Sort Key": [
                    "nation.n_name",
                    "(EXTRACT(year FROM orders.o_orderdate)) DESC"
                  ],
                  "Plans": [
                    {
                      "Node Type": "Hash Join",
                      "Parent Relationship": "Outer",
                      "Parallel Aware": false,
                      "Async Capable": false,
                      "Join Type": "Inner",
                      "Startup Cost": 2166013.55,
                      "Total Cost": 2169039.46,
                      "Plan Rows": 53,
                      "Plan Width": 81,
                      "Inner Unique": false,
                      "Hash Cond": "(supplier.s_nationkey = nation.n_nationkey)",
                      "Plans": [
                        {
                          "Node Type": "Hash Join",
                          "Parent Relationship": "Outer",
                          "Parallel Aware": true,
                          "Async Capable": false,
                          "Join Type": "Inner",
                          "Startup Cost": 2166011.99,
                          "Total Cost": 2169037.03,
                          "Plan Rows": 53,
                          "Plan Width": 31,
                          "Inner Unique": false,
                          "Hash Cond": "(supplier.s_suppkey = lineitem.l_suppkey)",
                          "Plans": [
                            {
                              "Node Type": "Seq Scan",
                              "Parent Relationship": "Outer",
                              "Parallel Aware": true,
                              "Async Capable": false,
                              "Relation Name": "supplier",
                              "Alias": "supplier",
                              "Startup Cost": 0.0,
                              "Total Cost": 2804.24,
                              "Plan Rows": 58824,
                              "Plan Width": 8,
                              "parent": 5,
                              "ID": 6
                            },
                            {
                              "Node Type": "Hash",
                              "Parent Relationship": "Inner",
                              "Parallel Aware": true,
                              "Async Capable": false,
                              "Startup Cost": 2166011.51,
                              "Total Cost": 2166011.51,
                              "Plan Rows": 38,
                              "Plan Width": 35,
                              "Plans": [
                                {
                                  "Node Type": "Hash Join",
                                  "Parent Relationship": "Outer",
                                  "Parallel Aware": true,
                                  "Async Capable": false,
                                  "Join Type": "Inner",
                                  "Startup Cost": 1819167.75,
                                  "Total Cost": 2166011.51,
                                  "Plan Rows": 38,
                                  "Plan Width": 35,
                                  "Inner Unique": false,
                                  "Hash Cond": "(orders.o_orderkey = lineitem.l_orderkey)",
                                  "Plans": [
                                    {
                                      "Node Type": "Seq Scan",
                                      "Parent Relationship": "Outer",
                                      "Parallel Aware": true,
                                      "Async Capable": false,
                                      "Relation Name": "orders",
                                      "Alias": "orders",
                                      "Startup Cost": 0.0,
                                      "Total Cost": 323407.71,
                                      "Plan Rows": 6249571,
                                      "Plan Width": 8,
                                      "parent": 8,
                                      "ID": 9
                                    },
                                    {
                                      "Node Type": "Hash",
                                      "Parent Relationship": "Inner",
                                      "Parallel Aware": true,
                                      "Async Capable": false,
                                      "Startup Cost": 1819167.28,
                                      "Total Cost": 1819167.28,
                                      "Plan Rows": 38,
                                      "Plan Width": 35,
                                      "Plans": [
                                        {
                                          "Node Type": "Hash Join",
                                          "Parent Relationship": "Outer",
                                          "Parallel Aware": true,
                                          "Async Capable": false,
                                          "Join Type": "Inner",
                                          "Startup Cost": 1546291.11,
                                          "Total Cost": 1819167.28,
                                          "Plan Rows": 38,
                                          "Plan Width": 35,
                                          "Inner Unique": false,
                                          "Hash Cond": "((partsupp.ps_suppkey = lineitem.l_suppkey) AND (partsupp.ps_partkey = lineitem.l_partkey))",
                                          "Plans": [
                                            {
                                              "Node Type": "Seq Scan",
                                              "Parent Relationship": "Outer",
                                              "Parallel Aware": true,
                                              "Async Capable": false,
                                              "Relation Name": "partsupp",
                                              "Alias": "partsupp",
                                              "Startup Cost": 0.0,
                                              "Total Cost": 207718.58,
                                              "Plan Rows": 3333258,
                                              "Plan Width": 14,
                                              "parent": 11,
                                              "ID": 12
                                            },
                                            {
                                              "Node Type": "Hash",
                                              "Parent Relationship": "Inner",
                                              "Parallel Aware": true,
                                              "Async Capable": false,
                                              "Startup Cost": 1524082.29,
                                              "Total Cost": 1524082.29,
                                              "Plan Rows": 973521,
                                              "Plan Width": 33,
                                              "Plans": [
                                                {
                                                  "Node Type": "Hash Join",
                                                  "Parent Relationship": "Outer",
                                                  "Parallel Aware": true,
                                                  "Async Capable": false,
                                                  "Join Type": "Inner",
                                                  "Startup Cost": 51799.14,
                                                  "Total Cost": 1524082.29,
                                                  "Plan Rows": 973521,
                                                  "Plan Width": 33,
                                                  "Inner Unique": false,
                                                  "Hash Cond": "(lineitem.l_partkey = part.p_partkey)",
                                                  "Plans": [
                                                    {
                                                      "Node Type": "Seq Scan",
                                                      "Parent Relationship": "Outer",
                                                      "Parallel Aware": true,
                                                      "Async Capable": false,
                                                      "Relation Name": "lineitem",
                                                      "Alias": "lineitem",
                                                      "Startup Cost": 0.0,
                                                      "Total Cost": 1374494.57,
                                                      "Plan Rows": 24995257,
                                                      "Plan Width": 29,
                                                      "parent": 14,
                                                      "ID": 15
                                                    },
                                                    {
                                                      "Node Type": "Hash",
                                                      "Parent Relationship": "Inner",
                                                      "Parallel Aware": true,
                                                      "Async Capable": false,
                                                      "Startup Cost": 51378.28,
                                                      "Total Cost": 51378.28,
                                                      "Plan Rows": 33669,
                                                      "Plan Width": 4,
                                                      "Plans": [
                                                        {
                                                          "Node Type": "Seq Scan",
                                                          "Parent Relationship": "Outer",
                                                          "Parallel Aware": true,
                                                          "Async Capable": false,
                                                          "Relation Name": "part",
                                                          "Alias": "part",
                                                          "Startup Cost": 0.0,
                                                          "Total Cost": 51378.28,
                                                          "Plan Rows": 33669,
                                                          "Plan Width": 4,
                                                          "Filter": "((p_name)::text ~~ '%blush%'::text)",
                                                          "parent": 16,
                                                          "ID": 17
                                                        }
                                                      ],
                                                      "parent": 14,
                                                      "ID": 16,
                                                      "left": 17
                                                    }
                                                  ],
                                                  "parent": 13,
                                                  "ID": 14,
                                                  "left": 15,
                                                  "right": 16
                                                }
                                              ],
                                              "parent": 11,
                                              "ID": 13,
                                              "left": 14
                                            }
                                          ],
                                          "parent": 10,
                                          "ID": 11,
                                          "left": 12,
                                          "right": 13
                                        }
                                      ],
                                      "parent": 8,
                                      "ID": 10,
                                      "left": 11
                                    }
                                  ],
                                  "parent": 7,
                                  "ID": 8,
                                  "left": 9,
                                  "right": 10
                                }
                              ],
                              "parent": 5,
                              "ID": 7,
                              "left": 8
                            }
                          ],
                          "parent": 4,
                          "ID": 5,
                          "left": 6,
                          "right": 7
                        },
                        {
                          "Node Type": "Hash",
                          "Parent Relationship": "Inner",
                          "Parallel Aware": false,
                          "Async Capable": false,
                          "Startup Cost": 1.25,
                          "Total Cost": 1.25,
                          "Plan Rows": 25,
                          "Plan Width": 30,
                          "Plans": [
                            {
                              "Node Type": "Seq Scan",
                              "Parent Relationship": "Outer",
                              "Parallel Aware": false,
                              "Async Capable": false,
                              "Relation Name": "nation",
                              "Alias": "nation",
                              "Startup Cost": 0.0,
                              "Total Cost": 1.25,
                              "Plan Rows": 25,
                              "Plan Width": 30,
                              "parent": 18,
                              "ID": 19
                            }
                          ],
                          "parent": 4,
                          "ID": 18,
                          "left": 19
                        }
                      ],
                      "parent": 3,
                      "ID": 4,
                      "left": 5,
                      "right": 18
                    }
                  ],
                  "parent": 2,
                  "ID": 3,
                  "left": 4
                }
              ],
              "parent": 1,
              "ID": 2,
              "left": 3
            }
          ],
          "parent": 0,
          "ID": 1,
          "left": 2
        }
      ],
      "parent": null,
      "ID": 0,
      "left": 1
    },
    "feat": {
      "utility": 1.1492400098386373e-06,
      "query_shape": [
        [
          "Seq Scan",
          "Hash Join",
          "Sort",
          "Aggregate",
          "Gather Merge"
        ],
        [
          "Seq Scan",
          "Hash Join",
          "Hash",
          "Sort",
          "Aggregate",
          "Gather Merge"
        ],
        [
          "Seq Scan",
          "Hash Join",
          "Hash",
          "Sort",
          "Aggregate",
          "Gather Merge"
        ],
        [
          "Seq Scan",
          "Hash Join",
          "Hash",
          "Sort",
          "Aggregate",
          "Gather Merge"
        ],
        [
          "Seq Scan",
          "Hash",
          "Hash Join",
          "Sort",
          "Aggregate",
          "Gather Merge"
        ],
        [
          "Seq Scan",
          "Hash",
          "Hash Join",
          "Sort",
          "Aggregate",
          "Gather Merge"
        ]
      ],
      "index_shape": [
        "join"
      ],
      "physical_operator": {
        "Hash Join": [
          0.004869326096401473,
          3.4220367652581323e-06
        ]
      }
    }
  },
  {
    "query": "-- Functional Query Definition\n-- Approved February 1998\n\n\nselect\nnation,\no_year,\nsum(amount) as sum_profit\nfrom\n(\nselect\nn_name as nation,\nextract(year from o_orderdate) as o_year,\nl_extendedprice * (1 - l_discount) - ps_supplycost * l_quantity as amount\nfrom\npart,\nsupplier,\nlineitem,\npartsupp,\norders,\nnation\nwhere\ns_suppkey = l_suppkey\nand ps_suppkey = l_suppkey\nand ps_partkey = l_partkey\nand p_partkey = l_partkey\nand o_orderkey = l_orderkey\nand s_nationkey = n_nationkey\nand p_name like '%blush%'\n) as profit\ngroup by\nnation,\no_year\norder by\nnation,\no_year desc ;\n-- $ID$\n-- TPC-H/TPC-R Returned Item Reporting ",
    "indexes": "lineitem.l_quantity",
    "wo plan est": {
      "Node Type": "Aggregate",
      "Strategy": "Sorted",
      "Partial Mode": "Finalize",
      "Parallel Aware": false,
      "Async Capable": false,
      "Startup Cost": 2170040.99,
      "Total Cost": 2170050.68,
      "Plan Rows": 90,
      "Plan Width": 90,
      "Group Key": [
        "nation.n_name",
        "(EXTRACT(year FROM orders.o_orderdate))"
      ],
      "Plans": [
        {
          "Node Type": "Gather Merge",
          "Parent Relationship": "Outer",
          "Parallel Aware": false,
          "Async Capable": false,
          "Startup Cost": 2170040.99,
          "Total Cost": 2170048.8,
          "Plan Rows": 53,
          "Plan Width": 90,
          "Workers Planned": 1,
          "Plans": [
            {
              "Node Type": "Aggregate",
              "Strategy": "Sorted",
              "Partial Mode": "Partial",
              "Parent Relationship": "Outer",
              "Parallel Aware": false,
              "Async Capable": false,
              "Startup Cost": 2169040.98,
              "Total Cost": 2169042.83,
              "Plan Rows": 53,
              "Plan Width": 90,
              "Group Key": [
                "nation.n_name",
                "(EXTRACT(year FROM orders.o_orderdate))"
              ],
              "Plans": [
                {
                  "Node Type": "Sort",
                  "Parent Relationship": "Outer",
                  "Parallel Aware": false,
                  "Async Capable": false,
                  "Startup Cost": 2169040.98,
                  "Total Cost": 2169041.11,
                  "Plan Rows": 53,
                  "Plan Width": 81,
                  "Sort Key": [
                    "nation.n_name",
                    "(EXTRACT(year FROM orders.o_orderdate)) DESC"
                  ],
                  "Plans": [
                    {
                      "Node Type": "Hash Join",
                      "Parent Relationship": "Outer",
                      "Parallel Aware": false,
                      "Async Capable": false,
                      "Join Type": "Inner",
                      "Startup Cost": 2166013.55,
                      "Total Cost": 2169039.46,
                      "Plan Rows": 53,
                      "Plan Width": 81,
                      "Inner Unique": false,
                      "Hash Cond": "(supplier.s_nationkey = nation.n_nationkey)",
                      "Plans": [
                        {
                          "Node Type": "Hash Join",
                          "Parent Relationship": "Outer",
                          "Parallel Aware": true,
                          "Async Capable": false,
                          "Join Type": "Inner",
                          "Startup Cost": 2166011.99,
                          "Total Cost": 2169037.03,
                          "Plan Rows": 53,
                          "Plan Width": 31,
                          "Inner Unique": false,
                          "Hash Cond": "(supplier.s_suppkey = lineitem.l_suppkey)",
                          "Plans": [
                            {
                              "Node Type": "Seq Scan",
                              "Parent Relationship": "Outer",
                              "Parallel Aware": true,
                              "Async Capable": false,
                              "Relation Name": "supplier",
                              "Alias": "supplier",
                              "Startup Cost": 0.0,
                              "Total Cost": 2804.24,
                              "Plan Rows": 58824,
                              "Plan Width": 8,
                              "parent": 5,
                              "ID": 6
                            },
                            {
                              "Node Type": "Hash",
                              "Parent Relationship": "Inner",
                              "Parallel Aware": true,
                              "Async Capable": false,
                              "Startup Cost": 2166011.51,
                              "Total Cost": 2166011.51,
                              "Plan Rows": 38,
                              "Plan Width": 35,
                              "Plans": [
                                {
                                  "Node Type": "Hash Join",
                                  "Parent Relationship": "Outer",
                                  "Parallel Aware": true,
                                  "Async Capable": false,
                                  "Join Type": "Inner",
                                  "Startup Cost": 1819167.75,
                                  "Total Cost": 2166011.51,
                                  "Plan Rows": 38,
                                  "Plan Width": 35,
                                  "Inner Unique": false,
                                  "Hash Cond": "(orders.o_orderkey = lineitem.l_orderkey)",
                                  "Plans": [
                                    {
                                      "Node Type": "Seq Scan",
                                      "Parent Relationship": "Outer",
                                      "Parallel Aware": true,
                                      "Async Capable": false,
                                      "Relation Name": "orders",
                                      "Alias": "orders",
                                      "Startup Cost": 0.0,
                                      "Total Cost": 323407.71,
                                      "Plan Rows": 6249571,
                                      "Plan Width": 8,
                                      "parent": 8,
                                      "ID": 9
                                    },
                                    {
                                      "Node Type": "Hash",
                                      "Parent Relationship": "Inner",
                                      "Parallel Aware": true,
                                      "Async Capable": false,
                                      "Startup Cost": 1819167.28,
                                      "Total Cost": 1819167.28,
                                      "Plan Rows": 38,
                                      "Plan Width": 35,
                                      "Plans": [
                                        {
                                          "Node Type": "Hash Join",
                                          "Parent Relationship": "Outer",
                                          "Parallel Aware": true,
                                          "Async Capable": false,
                                          "Join Type": "Inner",
                                          "Startup Cost": 1546291.11,
                                          "Total Cost": 1819167.28,
                                          "Plan Rows": 38,
                                          "Plan Width": 35,
                                          "Inner Unique": false,
                                          "Hash Cond": "((partsupp.ps_suppkey = lineitem.l_suppkey) AND (partsupp.ps_partkey = lineitem.l_partkey))",
                                          "Plans": [
                                            {
                                              "Node Type": "Seq Scan",
                                              "Parent Relationship": "Outer",
                                              "Parallel Aware": true,
                                              "Async Capable": false,
                                              "Relation Name": "partsupp",
                                              "Alias": "partsupp",
                                              "Startup Cost": 0.0,
                                              "Total Cost": 207718.58,
                                              "Plan Rows": 3333258,
                                              "Plan Width": 14,
                                              "parent": 11,
                                              "ID": 12
                                            },
                                            {
                                              "Node Type": "Hash",
                                              "Parent Relationship": "Inner",
                                              "Parallel Aware": true,
                                              "Async Capable": false,
                                              "Startup Cost": 1524082.29,
                                              "Total Cost": 1524082.29,
                                              "Plan Rows": 973521,
                                              "Plan Width": 33,
                                              "Plans": [
                                                {
                                                  "Node Type": "Hash Join",
                                                  "Parent Relationship": "Outer",
                                                  "Parallel Aware": true,
                                                  "Async Capable": false,
                                                  "Join Type": "Inner",
                                                  "Startup Cost": 51799.14,
                                                  "Total Cost": 1524082.29,
                                                  "Plan Rows": 973521,
                                                  "Plan Width": 33,
                                                  "Inner Unique": false,
                                                  "Hash Cond": "(lineitem.l_partkey = part.p_partkey)",
                                                  "Plans": [
                                                    {
                                                      "Node Type": "Seq Scan",
                                                      "Parent Relationship": "Outer",
                                                      "Parallel Aware": true,
                                                      "Async Capable": false,
                                                      "Relation Name": "lineitem",
                                                      "Alias": "lineitem",
                                                      "Startup Cost": 0.0,
                                                      "Total Cost": 1374494.57,
                                                      "Plan Rows": 24995257,
                                                      "Plan Width": 29,
                                                      "parent": 14,
                                                      "ID": 15
                                                    },
                                                    {
                                                      "Node Type": "Hash",
                                                      "Parent Relationship": "Inner",
                                                      "Parallel Aware": true,
                                                      "Async Capable": false,
                                                      "Startup Cost": 51378.28,
                                                      "Total Cost": 51378.28,
                                                      "Plan Rows": 33669,
                                                      "Plan Width": 4,
                                                      "Plans": [
                                                        {
                                                          "Node Type": "Seq Scan",
                                                          "Parent Relationship": "Outer",
                                                          "Parallel Aware": true,
                                                          "Async Capable": false,
                                                          "Relation Name": "part",
                                                          "Alias": "part",
                                                          "Startup Cost": 0.0,
                                                          "Total Cost": 51378.28,
                                                          "Plan Rows": 33669,
                                                          "Plan Width": 4,
                                                          "Filter": "((p_name)::text ~~ '%blush%'::text)",
                                                          "parent": 16,
                                                          "ID": 17
                                                        }
                                                      ],
                                                      "parent": 14,
                                                      "ID": 16,
                                                      "left": 17
                                                    }
                                                  ],
                                                  "parent": 13,
                                                  "ID": 14,
                                                  "left": 15,
                                                  "right": 16
                                                }
                                              ],
                                              "parent": 11,
                                              "ID": 13,
                                              "left": 14
                                            }
                                          ],
                                          "parent": 10,
                                          "ID": 11,
                                          "left": 12,
                                          "right": 13
                                        }
                                      ],
                                      "parent": 8,
                                      "ID": 10,
                                      "left": 11
                                    }
                                  ],
                                  "parent": 7,
                                  "ID": 8,
                                  "left": 9,
                                  "right": 10
                                }
                              ],
                              "parent": 5,
                              "ID": 7,
                              "left": 8
                            }
                          ],
                          "parent": 4,
                          "ID": 5,
                          "left": 6,
                          "right": 7
                        },
                        {
                          "Node Type": "Hash",
                          "Parent Relationship": "Inner",
                          "Parallel Aware": false,
                          "Async Capable": false,
                          "Startup Cost": 1.25,
                          "Total Cost": 1.25,
                          "Plan Rows": 25,
                          "Plan Width": 30,
                          "Plans": [
                            {
                              "Node Type": "Seq Scan",
                              "Parent Relationship": "Outer",
                              "Parallel Aware": false,
                              "Async Capable": false,
                              "Relation Name": "nation",
                              "Alias": "nation",
                              "Startup Cost": 0.0,
                              "Total Cost": 1.25,
                              "Plan Rows": 25,
                              "Plan Width": 30,
                              "parent": 18,
                              "ID": 19
                            }
                          ],
                          "parent": 4,
                          "ID": 18,
                          "left": 19
                        }
                      ],
                      "parent": 3,
                      "ID": 4,
                      "left": 5,
                      "right": 18
                    }
                  ],
                  "parent": 2,
                  "ID": 3,
                  "left": 4
                }
              ],
              "parent": 1,
              "ID": 2,
              "left": 3
            }
          ],
          "parent": 0,
          "ID": 1,
          "left": 2
        }
      ],
      "parent": null,
      "ID": 0,
      "left": 1
    },
    "feat": {
      "utility": 0.0,
      "query_shape": [
        [
          "Seq Scan",
          "Hash Join",
          "Sort",
          "Aggregate",
          "Gather Merge"
        ],
        [
          "Seq Scan",
          "Hash Join",
          "Hash",
          "Sort",
          "Aggregate",
          "Gather Merge"
        ],
        [
          "Seq Scan",
          "Hash Join",
          "Hash",
          "Sort",
          "Aggregate",
          "Gather Merge"
        ],
        [
          "Seq Scan",
          "Hash Join",
          "Hash",
          "Sort",
          "Aggregate",
          "Gather Merge"
        ],
        [
          "Seq Scan",
          "Hash",
          "Hash Join",
          "Sort",
          "Aggregate",
          "Gather Merge"
        ],
        [
          "Seq Scan",
          "Hash",
          "Hash Join",
          "Sort",
          "Aggregate",
          "Gather Merge"
        ]
      ],
      "index_shape": [],
      "physical_operator": {}
    }
  },
  {
    "query": "-- Functional Query Definition\n-- Approved February 1998\n\n\nselect\nnation,\no_year,\nsum(amount) as sum_profit\nfrom\n(\nselect\nn_name as nation,\nextract(year from o_orderdate) as o_year,\nl_extendedprice * (1 - l_discount) - ps_supplycost * l_quantity as amount\nfrom\npart,\nsupplier,\nlineitem,\npartsupp,\norders,\nnation\nwhere\ns_suppkey = l_suppkey\nand ps_suppkey = l_suppkey\nand ps_partkey = l_partkey\nand p_partkey = l_partkey\nand o_orderkey = l_orderkey\nand s_nationkey = n_nationkey\nand p_name like '%blush%'\n) as profit\ngroup by\nnation,\no_year\norder by\nnation,\no_year desc ;\n-- $ID$\n-- TPC-H/TPC-R Returned Item Reporting ",
    "indexes": "lineitem.l_extendedprice",
    "wo plan est": {
      "Node Type": "Aggregate",
      "Strategy": "Sorted",
      "Partial Mode": "Finalize",
      "Parallel Aware": false,
      "Async Capable": false,
      "Startup Cost": 2170040.99,
      "Total Cost": 2170050.68,
      "Plan Rows": 90,
      "Plan Width": 90,
      "Group Key": [
        "nation.n_name",
        "(EXTRACT(year FROM orders.o_orderdate))"
      ],
      "Plans": [
        {
          "Node Type": "Gather Merge",
          "Parent Relationship": "Outer",
          "Parallel Aware": false,
          "Async Capable": false,
          "Startup Cost": 2170040.99,
          "Total Cost": 2170048.8,
          "Plan Rows": 53,
          "Plan Width": 90,
          "Workers Planned": 1,
          "Plans": [
            {
              "Node Type": "Aggregate",
              "Strategy": "Sorted",
              "Partial Mode": "Partial",
              "Parent Relationship": "Outer",
              "Parallel Aware": false,
              "Async Capable": false,
              "Startup Cost": 2169040.98,
              "Total Cost": 2169042.83,
              "Plan Rows": 53,
              "Plan Width": 90,
              "Group Key": [
                "nation.n_name",
                "(EXTRACT(year FROM orders.o_orderdate))"
              ],
              "Plans": [
                {
                  "Node Type": "Sort",
                  "Parent Relationship": "Outer",
                  "Parallel Aware": false,
                  "Async Capable": false,
                  "Startup Cost": 2169040.98,
                  "Total Cost": 2169041.11,
                  "Plan Rows": 53,
                  "Plan Width": 81,
                  "Sort Key": [
                    "nation.n_name",
                    "(EXTRACT(year FROM orders.o_orderdate)) DESC"
                  ],
                  "Plans": [
                    {
                      "Node Type": "Hash Join",
                      "Parent Relationship": "Outer",
                      "Parallel Aware": false,
                      "Async Capable": false,
                      "Join Type": "Inner",
                      "Startup Cost": 2166013.55,
                      "Total Cost": 2169039.46,
                      "Plan Rows": 53,
                      "Plan Width": 81,
                      "Inner Unique": false,
                      "Hash Cond": "(supplier.s_nationkey = nation.n_nationkey)",
                      "Plans": [
                        {
                          "Node Type": "Hash Join",
                          "Parent Relationship": "Outer",
                          "Parallel Aware": true,
                          "Async Capable": false,
                          "Join Type": "Inner",
                          "Startup Cost": 2166011.99,
                          "Total Cost": 2169037.03,
                          "Plan Rows": 53,
                          "Plan Width": 31,
                          "Inner Unique": false,
                          "Hash Cond": "(supplier.s_suppkey = lineitem.l_suppkey)",
                          "Plans": [
                            {
                              "Node Type": "Seq Scan",
                              "Parent Relationship": "Outer",
                              "Parallel Aware": true,
                              "Async Capable": false,
                              "Relation Name": "supplier",
                              "Alias": "supplier",
                              "Startup Cost": 0.0,
                              "Total Cost": 2804.24,
                              "Plan Rows": 58824,
                              "Plan Width": 8,
                              "parent": 5,
                              "ID": 6
                            },
                            {
                              "Node Type": "Hash",
                              "Parent Relationship": "Inner",
                              "Parallel Aware": true,
                              "Async Capable": false,
                              "Startup Cost": 2166011.51,
                              "Total Cost": 2166011.51,
                              "Plan Rows": 38,
                              "Plan Width": 35,
                              "Plans": [
                                {
                                  "Node Type": "Hash Join",
                                  "Parent Relationship": "Outer",
                                  "Parallel Aware": true,
                                  "Async Capable": false,
                                  "Join Type": "Inner",
                                  "Startup Cost": 1819167.75,
                                  "Total Cost": 2166011.51,
                                  "Plan Rows": 38,
                                  "Plan Width": 35,
                                  "Inner Unique": false,
                                  "Hash Cond": "(orders.o_orderkey = lineitem.l_orderkey)",
                                  "Plans": [
                                    {
                                      "Node Type": "Seq Scan",
                                      "Parent Relationship": "Outer",
                                      "Parallel Aware": true,
                                      "Async Capable": false,
                                      "Relation Name": "orders",
                                      "Alias": "orders",
                                      "Startup Cost": 0.0,
                                      "Total Cost": 323407.71,
                                      "Plan Rows": 6249571,
                                      "Plan Width": 8,
                                      "parent": 8,
                                      "ID": 9
                                    },
                                    {
                                      "Node Type": "Hash",
                                      "Parent Relationship": "Inner",
                                      "Parallel Aware": true,
                                      "Async Capable": false,
                                      "Startup Cost": 1819167.28,
                                      "Total Cost": 1819167.28,
                                      "Plan Rows": 38,
                                      "Plan Width": 35,
                                      "Plans": [
                                        {
                                          "Node Type": "Hash Join",
                                          "Parent Relationship": "Outer",
                                          "Parallel Aware": true,
                                          "Async Capable": false,
                                          "Join Type": "Inner",
                                          "Startup Cost": 1546291.11,
                                          "Total Cost": 1819167.28,
                                          "Plan Rows": 38,
                                          "Plan Width": 35,
                                          "Inner Unique": false,
                                          "Hash Cond": "((partsupp.ps_suppkey = lineitem.l_suppkey) AND (partsupp.ps_partkey = lineitem.l_partkey))",
                                          "Plans": [
                                            {
                                              "Node Type": "Seq Scan",
                                              "Parent Relationship": "Outer",
                                              "Parallel Aware": true,
                                              "Async Capable": false,
                                              "Relation Name": "partsupp",
                                              "Alias": "partsupp",
                                              "Startup Cost": 0.0,
                                              "Total Cost": 207718.58,
                                              "Plan Rows": 3333258,
                                              "Plan Width": 14,
                                              "parent": 11,
                                              "ID": 12
                                            },
                                            {
                                              "Node Type": "Hash",
                                              "Parent Relationship": "Inner",
                                              "Parallel Aware": true,
                                              "Async Capable": false,
                                              "Startup Cost": 1524082.29,
                                              "Total Cost": 1524082.29,
                                              "Plan Rows": 973521,
                                              "Plan Width": 33,
                                              "Plans": [
                                                {
                                                  "Node Type": "Hash Join",
                                                  "Parent Relationship": "Outer",
                                                  "Parallel Aware": true,
                                                  "Async Capable": false,
                                                  "Join Type": "Inner",
                                                  "Startup Cost": 51799.14,
                                                  "Total Cost": 1524082.29,
                                                  "Plan Rows": 973521,
                                                  "Plan Width": 33,
                                                  "Inner Unique": false,
                                                  "Hash Cond": "(lineitem.l_partkey = part.p_partkey)",
                                                  "Plans": [
                                                    {
                                                      "Node Type": "Seq Scan",
                                                      "Parent Relationship": "Outer",
                                                      "Parallel Aware": true,
                                                      "Async Capable": false,
                                                      "Relation Name": "lineitem",
                                                      "Alias": "lineitem",
                                                      "Startup Cost": 0.0,
                                                      "Total Cost": 1374494.57,
                                                      "Plan Rows": 24995257,
                                                      "Plan Width": 29,
                                                      "parent": 14,
                                                      "ID": 15
                                                    },
                                                    {
                                                      "Node Type": "Hash",
                                                      "Parent Relationship": "Inner",
                                                      "Parallel Aware": true,
                                                      "Async Capable": false,
                                                      "Startup Cost": 51378.28,
                                                      "Total Cost": 51378.28,
                                                      "Plan Rows": 33669,
                                                      "Plan Width": 4,
                                                      "Plans": [
                                                        {
                                                          "Node Type": "Seq Scan",
                                                          "Parent Relationship": "Outer",
                                                          "Parallel Aware": true,
                                                          "Async Capable": false,
                                                          "Relation Name": "part",
                                                          "Alias": "part",
                                                          "Startup Cost": 0.0,
                                                          "Total Cost": 51378.28,
                                                          "Plan Rows": 33669,
                                                          "Plan Width": 4,
                                                          "Filter": "((p_name)::text ~~ '%blush%'::text)",
                                                          "parent": 16,
                                                          "ID": 17
                                                        }
                                                      ],
                                                      "parent": 14,
                                                      "ID": 16,
                                                      "left": 17
                                                    }
                                                  ],
                                                  "parent": 13,
                                                  "ID": 14,
                                                  "left": 15,
                                                  "right": 16
                                                }
                                              ],
                                              "parent": 11,
                                              "ID": 13,
                                              "left": 14
                                            }
                                          ],
                                          "parent": 10,
                                          "ID": 11,
                                          "left": 12,
                                          "right": 13
                                        }
                                      ],
                                      "parent": 8,
                                      "ID": 10,
                                      "left": 11
                                    }
                                  ],
                                  "parent": 7,
                                  "ID": 8,
                                  "left": 9,
                                  "right": 10
                                }
                              ],
                              "parent": 5,
                              "ID": 7,
                              "left": 8
                            }
                          ],
                          "parent": 4,
                          "ID": 5,
                          "left": 6,
                          "right": 7
                        },
                        {
                          "Node Type": "Hash",
                          "Parent Relationship": "Inner",
                          "Parallel Aware": false,
                          "Async Capable": false,
                          "Startup Cost": 1.25,
                          "Total Cost": 1.25,
                          "Plan Rows": 25,
                          "Plan Width": 30,
                          "Plans": [
                            {
                              "Node Type": "Seq Scan",
                              "Parent Relationship": "Outer",
                              "Parallel Aware": false,
                              "Async Capable": false,
                              "Relation Name": "nation",
                              "Alias": "nation",
                              "Startup Cost": 0.0,
                              "Total Cost": 1.25,
                              "Plan Rows": 25,
                              "Plan Width": 30,
                              "parent": 18,
                              "ID": 19
                            }
                          ],
                          "parent": 4,
                          "ID": 18,
                          "left": 19
                        }
                      ],
                      "parent": 3,
                      "ID": 4,
                      "left": 5,
                      "right": 18
                    }
                  ],
                  "parent": 2,
                  "ID": 3,
                  "left": 4
                }
              ],
              "parent": 1,
              "ID": 2,
              "left": 3
            }
          ],
          "parent": 0,
          "ID": 1,
          "left": 2
        }
      ],
      "parent": null,
      "ID": 0,
      "left": 1
    },
    "feat": {
      "utility": 0.0,
      "query_shape": [
        [
          "Seq Scan",
          "Hash Join",
          "Sort",
          "Aggregate",
          "Gather Merge"
        ],
        [
          "Seq Scan",
          "Hash Join",
          "Hash",
          "Sort",
          "Aggregate",
          "Gather Merge"
        ],
        [
          "Seq Scan",
          "Hash Join",
          "Hash",
          "Sort",
          "Aggregate",
          "Gather Merge"
        ],
        [
          "Seq Scan",
          "Hash Join",
          "Hash",
          "Sort",
          "Aggregate",
          "Gather Merge"
        ],
        [
          "Seq Scan",
          "Hash",
          "Hash Join",
          "Sort",
          "Aggregate",
          "Gather Merge"
        ],
        [
          "Seq Scan",
          "Hash",
          "Hash Join",
          "Sort",
          "Aggregate",
          "Gather Merge"
        ]
      ],
      "index_shape": [],
      "physical_operator": {}
    }
  },
  {
    "query": "-- Functional Query Definition\n-- Approved February 1998\n\n\nselect\nnation,\no_year,\nsum(amount) as sum_profit\nfrom\n(\nselect\nn_name as nation,\nextract(year from o_orderdate) as o_year,\nl_extendedprice * (1 - l_discount) - ps_supplycost * l_quantity as amount\nfrom\npart,\nsupplier,\nlineitem,\npartsupp,\norders,\nnation\nwhere\ns_suppkey = l_suppkey\nand ps_suppkey = l_suppkey\nand ps_partkey = l_partkey\nand p_partkey = l_partkey\nand o_orderkey = l_orderkey\nand s_nationkey = n_nationkey\nand p_name like '%blush%'\n) as profit\ngroup by\nnation,\no_year\norder by\nnation,\no_year desc ;\n-- $ID$\n-- TPC-H/TPC-R Returned Item Reporting ",
    "indexes": "lineitem.l_discount",
    "wo plan est": {
      "Node Type": "Aggregate",
      "Strategy": "Sorted",
      "Partial Mode": "Finalize",
      "Parallel Aware": false,
      "Async Capable": false,
      "Startup Cost": 2170040.99,
      "Total Cost": 2170050.68,
      "Plan Rows": 90,
      "Plan Width": 90,
      "Group Key": [
        "nation.n_name",
        "(EXTRACT(year FROM orders.o_orderdate))"
      ],
      "Plans": [
        {
          "Node Type": "Gather Merge",
          "Parent Relationship": "Outer",
          "Parallel Aware": false,
          "Async Capable": false,
          "Startup Cost": 2170040.99,
          "Total Cost": 2170048.8,
          "Plan Rows": 53,
          "Plan Width": 90,
          "Workers Planned": 1,
          "Plans": [
            {
              "Node Type": "Aggregate",
              "Strategy": "Sorted",
              "Partial Mode": "Partial",
              "Parent Relationship": "Outer",
              "Parallel Aware": false,
              "Async Capable": false,
              "Startup Cost": 2169040.98,
              "Total Cost": 2169042.83,
              "Plan Rows": 53,
              "Plan Width": 90,
              "Group Key": [
                "nation.n_name",
                "(EXTRACT(year FROM orders.o_orderdate))"
              ],
              "Plans": [
                {
                  "Node Type": "Sort",
                  "Parent Relationship": "Outer",
                  "Parallel Aware": false,
                  "Async Capable": false,
                  "Startup Cost": 2169040.98,
                  "Total Cost": 2169041.11,
                  "Plan Rows": 53,
                  "Plan Width": 81,
                  "Sort Key": [
                    "nation.n_name",
                    "(EXTRACT(year FROM orders.o_orderdate)) DESC"
                  ],
                  "Plans": [
                    {
                      "Node Type": "Hash Join",
                      "Parent Relationship": "Outer",
                      "Parallel Aware": false,
                      "Async Capable": false,
                      "Join Type": "Inner",
                      "Startup Cost": 2166013.55,
                      "Total Cost": 2169039.46,
                      "Plan Rows": 53,
                      "Plan Width": 81,
                      "Inner Unique": false,
                      "Hash Cond": "(supplier.s_nationkey = nation.n_nationkey)",
                      "Plans": [
                        {
                          "Node Type": "Hash Join",
                          "Parent Relationship": "Outer",
                          "Parallel Aware": true,
                          "Async Capable": false,
                          "Join Type": "Inner",
                          "Startup Cost": 2166011.99,
                          "Total Cost": 2169037.03,
                          "Plan Rows": 53,
                          "Plan Width": 31,
                          "Inner Unique": false,
                          "Hash Cond": "(supplier.s_suppkey = lineitem.l_suppkey)",
                          "Plans": [
                            {
                              "Node Type": "Seq Scan",
                              "Parent Relationship": "Outer",
                              "Parallel Aware": true,
                              "Async Capable": false,
                              "Relation Name": "supplier",
                              "Alias": "supplier",
                              "Startup Cost": 0.0,
                              "Total Cost": 2804.24,
                              "Plan Rows": 58824,
                              "Plan Width": 8,
                              "parent": 5,
                              "ID": 6
                            },
                            {
                              "Node Type": "Hash",
                              "Parent Relationship": "Inner",
                              "Parallel Aware": true,
                              "Async Capable": false,
                              "Startup Cost": 2166011.51,
                              "Total Cost": 2166011.51,
                              "Plan Rows": 38,
                              "Plan Width": 35,
                              "Plans": [
                                {
                                  "Node Type": "Hash Join",
                                  "Parent Relationship": "Outer",
                                  "Parallel Aware": true,
                                  "Async Capable": false,
                                  "Join Type": "Inner",
                                  "Startup Cost": 1819167.75,
                                  "Total Cost": 2166011.51,
                                  "Plan Rows": 38,
                                  "Plan Width": 35,
                                  "Inner Unique": false,
                                  "Hash Cond": "(orders.o_orderkey = lineitem.l_orderkey)",
                                  "Plans": [
                                    {
                                      "Node Type": "Seq Scan",
                                      "Parent Relationship": "Outer",
                                      "Parallel Aware": true,
                                      "Async Capable": false,
                                      "Relation Name": "orders",
                                      "Alias": "orders",
                                      "Startup Cost": 0.0,
                                      "Total Cost": 323407.71,
                                      "Plan Rows": 6249571,
                                      "Plan Width": 8,
                                      "parent": 8,
                                      "ID": 9
                                    },
                                    {
                                      "Node Type": "Hash",
                                      "Parent Relationship": "Inner",
                                      "Parallel Aware": true,
                                      "Async Capable": false,
                                      "Startup Cost": 1819167.28,
                                      "Total Cost": 1819167.28,
                                      "Plan Rows": 38,
                                      "Plan Width": 35,
                                      "Plans": [
                                        {
                                          "Node Type": "Hash Join",
                                          "Parent Relationship": "Outer",
                                          "Parallel Aware": true,
                                          "Async Capable": false,
                                          "Join Type": "Inner",
                                          "Startup Cost": 1546291.11,
                                          "Total Cost": 1819167.28,
                                          "Plan Rows": 38,
                                          "Plan Width": 35,
                                          "Inner Unique": false,
                                          "Hash Cond": "((partsupp.ps_suppkey = lineitem.l_suppkey) AND (partsupp.ps_partkey = lineitem.l_partkey))",
                                          "Plans": [
                                            {
                                              "Node Type": "Seq Scan",
                                              "Parent Relationship": "Outer",
                                              "Parallel Aware": true,
                                              "Async Capable": false,
                                              "Relation Name": "partsupp",
                                              "Alias": "partsupp",
                                              "Startup Cost": 0.0,
                                              "Total Cost": 207718.58,
                                              "Plan Rows": 3333258,
                                              "Plan Width": 14,
                                              "parent": 11,
                                              "ID": 12
                                            },
                                            {
                                              "Node Type": "Hash",
                                              "Parent Relationship": "Inner",
                                              "Parallel Aware": true,
                                              "Async Capable": false,
                                              "Startup Cost": 1524082.29,
                                              "Total Cost": 1524082.29,
                                              "Plan Rows": 973521,
                                              "Plan Width": 33,
                                              "Plans": [
                                                {
                                                  "Node Type": "Hash Join",
                                                  "Parent Relationship": "Outer",
                                                  "Parallel Aware": true,
                                                  "Async Capable": false,
                                                  "Join Type": "Inner",
                                                  "Startup Cost": 51799.14,
                                                  "Total Cost": 1524082.29,
                                                  "Plan Rows": 973521,
                                                  "Plan Width": 33,
                                                  "Inner Unique": false,
                                                  "Hash Cond": "(lineitem.l_partkey = part.p_partkey)",
                                                  "Plans": [
                                                    {
                                                      "Node Type": "Seq Scan",
                                                      "Parent Relationship": "Outer",
                                                      "Parallel Aware": true,
                                                      "Async Capable": false,
                                                      "Relation Name": "lineitem",
                                                      "Alias": "lineitem",
                                                      "Startup Cost": 0.0,
                                                      "Total Cost": 1374494.57,
                                                      "Plan Rows": 24995257,
                                                      "Plan Width": 29,
                                                      "parent": 14,
                                                      "ID": 15
                                                    },
                                                    {
                                                      "Node Type": "Hash",
                                                      "Parent Relationship": "Inner",
                                                      "Parallel Aware": true,
                                                      "Async Capable": false,
                                                      "Startup Cost": 51378.28,
                                                      "Total Cost": 51378.28,
                                                      "Plan Rows": 33669,
                                                      "Plan Width": 4,
                                                      "Plans": [
                                                        {
                                                          "Node Type": "Seq Scan",
                                                          "Parent Relationship": "Outer",
                                                          "Parallel Aware": true,
                                                          "Async Capable": false,
                                                          "Relation Name": "part",
                                                          "Alias": "part",
                                                          "Startup Cost": 0.0,
                                                          "Total Cost": 51378.28,
                                                          "Plan Rows": 33669,
                                                          "Plan Width": 4,
                                                          "Filter": "((p_name)::text ~~ '%blush%'::text)",
                                                          "parent": 16,
                                                          "ID": 17
                                                        }
                                                      ],
                                                      "parent": 14,
                                                      "ID": 16,
                                                      "left": 17
                                                    }
                                                  ],
                                                  "parent": 13,
                                                  "ID": 14,
                                                  "left": 15,
                                                  "right": 16
                                                }
                                              ],
                                              "parent": 11,
                                              "ID": 13,
                                              "left": 14
                                            }
                                          ],
                                          "parent": 10,
                                          "ID": 11,
                                          "left": 12,
                                          "right": 13
                                        }
                                      ],
                                      "parent": 8,
                                      "ID": 10,
                                      "left": 11
                                    }
                                  ],
                                  "parent": 7,
                                  "ID": 8,
                                  "left": 9,
                                  "right": 10
                                }
                              ],
                              "parent": 5,
                              "ID": 7,
                              "left": 8
                            }
                          ],
                          "parent": 4,
                          "ID": 5,
                          "left": 6,
                          "right": 7
                        },
                        {
                          "Node Type": "Hash",
                          "Parent Relationship": "Inner",
                          "Parallel Aware": false,
                          "Async Capable": false,
                          "Startup Cost": 1.25,
                          "Total Cost": 1.25,
                          "Plan Rows": 25,
                          "Plan Width": 30,
                          "Plans": [
                            {
                              "Node Type": "Seq Scan",
                              "Parent Relationship": "Outer",
                              "Parallel Aware": false,
                              "Async Capable": false,
                              "Relation Name": "nation",
                              "Alias": "nation",
                              "Startup Cost": 0.0,
                              "Total Cost": 1.25,
                              "Plan Rows": 25,
                              "Plan Width": 30,
                              "parent": 18,
                              "ID": 19
                            }
                          ],
                          "parent": 4,
                          "ID": 18,
                          "left": 19
                        }
                      ],
                      "parent": 3,
                      "ID": 4,
                      "left": 5,
                      "right": 18
                    }
                  ],
                  "parent": 2,
                  "ID": 3,
                  "left": 4
                }
              ],
              "parent": 1,
              "ID": 2,
              "left": 3
            }
          ],
          "parent": 0,
          "ID": 1,
          "left": 2
        }
      ],
      "parent": null,
      "ID": 0,
      "left": 1
    },
    "feat": {
      "utility": 0.0,
      "query_shape": [
        [
          "Seq Scan",
          "Hash Join",
          "Sort",
          "Aggregate",
          "Gather Merge"
        ],
        [
          "Seq Scan",
          "Hash Join",
          "Hash",
          "Sort",
          "Aggregate",
          "Gather Merge"
        ],
        [
          "Seq Scan",
          "Hash Join",
          "Hash",
          "Sort",
          "Aggregate",
          "Gather Merge"
        ],
        [
          "Seq Scan",
          "Hash Join",
          "Hash",
          "Sort",
          "Aggregate",
          "Gather Merge"
        ],
        [
          "Seq Scan",
          "Hash",
          "Hash Join",
          "Sort",
          "Aggregate",
          "Gather Merge"
        ],
        [
          "Seq Scan",
          "Hash",
          "Hash Join",
          "Sort",
          "Aggregate",
          "Gather Merge"
        ]
      ],
      "index_shape": [],
      "physical_operator": {}
    }
  },
  {
    "query": "-- Functional Query Definition\n-- Approved February 1998\n\n\nselect\nnation,\no_year,\nsum(amount) as sum_profit\nfrom\n(\nselect\nn_name as nation,\nextract(year from o_orderdate) as o_year,\nl_extendedprice * (1 - l_discount) - ps_supplycost * l_quantity as amount\nfrom\npart,\nsupplier,\nlineitem,\npartsupp,\norders,\nnation\nwhere\ns_suppkey = l_suppkey\nand ps_suppkey = l_suppkey\nand ps_partkey = l_partkey\nand p_partkey = l_partkey\nand o_orderkey = l_orderkey\nand s_nationkey = n_nationkey\nand p_name like '%blush%'\n) as profit\ngroup by\nnation,\no_year\norder by\nnation,\no_year desc ;\n-- $ID$\n-- TPC-H/TPC-R Returned Item Reporting ",
    "indexes": "nation.n_nationkey",
    "wo plan est": {
      "Node Type": "Aggregate",
      "Strategy": "Sorted",
      "Partial Mode": "Finalize",
      "Parallel Aware": false,
      "Async Capable": false,
      "Startup Cost": 2170040.99,
      "Total Cost": 2170050.68,
      "Plan Rows": 90,
      "Plan Width": 90,
      "Group Key": [
        "nation.n_name",
        "(EXTRACT(year FROM orders.o_orderdate))"
      ],
      "Plans": [
        {
          "Node Type": "Gather Merge",
          "Parent Relationship": "Outer",
          "Parallel Aware": false,
          "Async Capable": false,
          "Startup Cost": 2170040.99,
          "Total Cost": 2170048.8,
          "Plan Rows": 53,
          "Plan Width": 90,
          "Workers Planned": 1,
          "Plans": [
            {
              "Node Type": "Aggregate",
              "Strategy": "Sorted",
              "Partial Mode": "Partial",
              "Parent Relationship": "Outer",
              "Parallel Aware": false,
              "Async Capable": false,
              "Startup Cost": 2169040.98,
              "Total Cost": 2169042.83,
              "Plan Rows": 53,
              "Plan Width": 90,
              "Group Key": [
                "nation.n_name",
                "(EXTRACT(year FROM orders.o_orderdate))"
              ],
              "Plans": [
                {
                  "Node Type": "Sort",
                  "Parent Relationship": "Outer",
                  "Parallel Aware": false,
                  "Async Capable": false,
                  "Startup Cost": 2169040.98,
                  "Total Cost": 2169041.11,
                  "Plan Rows": 53,
                  "Plan Width": 81,
                  "Sort Key": [
                    "nation.n_name",
                    "(EXTRACT(year FROM orders.o_orderdate)) DESC"
                  ],
                  "Plans": [
                    {
                      "Node Type": "Hash Join",
                      "Parent Relationship": "Outer",
                      "Parallel Aware": false,
                      "Async Capable": false,
                      "Join Type": "Inner",
                      "Startup Cost": 2166013.55,
                      "Total Cost": 2169039.46,
                      "Plan Rows": 53,
                      "Plan Width": 81,
                      "Inner Unique": false,
                      "Hash Cond": "(supplier.s_nationkey = nation.n_nationkey)",
                      "Plans": [
                        {
                          "Node Type": "Hash Join",
                          "Parent Relationship": "Outer",
                          "Parallel Aware": true,
                          "Async Capable": false,
                          "Join Type": "Inner",
                          "Startup Cost": 2166011.99,
                          "Total Cost": 2169037.03,
                          "Plan Rows": 53,
                          "Plan Width": 31,
                          "Inner Unique": false,
                          "Hash Cond": "(supplier.s_suppkey = lineitem.l_suppkey)",
                          "Plans": [
                            {
                              "Node Type": "Seq Scan",
                              "Parent Relationship": "Outer",
                              "Parallel Aware": true,
                              "Async Capable": false,
                              "Relation Name": "supplier",
                              "Alias": "supplier",
                              "Startup Cost": 0.0,
                              "Total Cost": 2804.24,
                              "Plan Rows": 58824,
                              "Plan Width": 8,
                              "parent": 5,
                              "ID": 6
                            },
                            {
                              "Node Type": "Hash",
                              "Parent Relationship": "Inner",
                              "Parallel Aware": true,
                              "Async Capable": false,
                              "Startup Cost": 2166011.51,
                              "Total Cost": 2166011.51,
                              "Plan Rows": 38,
                              "Plan Width": 35,
                              "Plans": [
                                {
                                  "Node Type": "Hash Join",
                                  "Parent Relationship": "Outer",
                                  "Parallel Aware": true,
                                  "Async Capable": false,
                                  "Join Type": "Inner",
                                  "Startup Cost": 1819167.75,
                                  "Total Cost": 2166011.51,
                                  "Plan Rows": 38,
                                  "Plan Width": 35,
                                  "Inner Unique": false,
                                  "Hash Cond": "(orders.o_orderkey = lineitem.l_orderkey)",
                                  "Plans": [
                                    {
                                      "Node Type": "Seq Scan",
                                      "Parent Relationship": "Outer",
                                      "Parallel Aware": true,
                                      "Async Capable": false,
                                      "Relation Name": "orders",
                                      "Alias": "orders",
                                      "Startup Cost": 0.0,
                                      "Total Cost": 323407.71,
                                      "Plan Rows": 6249571,
                                      "Plan Width": 8,
                                      "parent": 8,
                                      "ID": 9
                                    },
                                    {
                                      "Node Type": "Hash",
                                      "Parent Relationship": "Inner",
                                      "Parallel Aware": true,
                                      "Async Capable": false,
                                      "Startup Cost": 1819167.28,
                                      "Total Cost": 1819167.28,
                                      "Plan Rows": 38,
                                      "Plan Width": 35,
                                      "Plans": [
                                        {
                                          "Node Type": "Hash Join",
                                          "Parent Relationship": "Outer",
                                          "Parallel Aware": true,
                                          "Async Capable": false,
                                          "Join Type": "Inner",
                                          "Startup Cost": 1546291.11,
                                          "Total Cost": 1819167.28,
                                          "Plan Rows": 38,
                                          "Plan Width": 35,
                                          "Inner Unique": false,
                                          "Hash Cond": "((partsupp.ps_suppkey = lineitem.l_suppkey) AND (partsupp.ps_partkey = lineitem.l_partkey))",
                                          "Plans": [
                                            {
                                              "Node Type": "Seq Scan",
                                              "Parent Relationship": "Outer",
                                              "Parallel Aware": true,
                                              "Async Capable": false,
                                              "Relation Name": "partsupp",
                                              "Alias": "partsupp",
                                              "Startup Cost": 0.0,
                                              "Total Cost": 207718.58,
                                              "Plan Rows": 3333258,
                                              "Plan Width": 14,
                                              "parent": 11,
                                              "ID": 12
                                            },
                                            {
                                              "Node Type": "Hash",
                                              "Parent Relationship": "Inner",
                                              "Parallel Aware": true,
                                              "Async Capable": false,
                                              "Startup Cost": 1524082.29,
                                              "Total Cost": 1524082.29,
                                              "Plan Rows": 973521,
                                              "Plan Width": 33,
                                              "Plans": [
                                                {
                                                  "Node Type": "Hash Join",
                                                  "Parent Relationship": "Outer",
                                                  "Parallel Aware": true,
                                                  "Async Capable": false,
                                                  "Join Type": "Inner",
                                                  "Startup Cost": 51799.14,
                                                  "Total Cost": 1524082.29,
                                                  "Plan Rows": 973521,
                                                  "Plan Width": 33,
                                                  "Inner Unique": false,
                                                  "Hash Cond": "(lineitem.l_partkey = part.p_partkey)",
                                                  "Plans": [
                                                    {
                                                      "Node Type": "Seq Scan",
                                                      "Parent Relationship": "Outer",
                                                      "Parallel Aware": true,
                                                      "Async Capable": false,
                                                      "Relation Name": "lineitem",
                                                      "Alias": "lineitem",
                                                      "Startup Cost": 0.0,
                                                      "Total Cost": 1374494.57,
                                                      "Plan Rows": 24995257,
                                                      "Plan Width": 29,
                                                      "parent": 14,
                                                      "ID": 15
                                                    },
                                                    {
                                                      "Node Type": "Hash",
                                                      "Parent Relationship": "Inner",
                                                      "Parallel Aware": true,
                                                      "Async Capable": false,
                                                      "Startup Cost": 51378.28,
                                                      "Total Cost": 51378.28,
                                                      "Plan Rows": 33669,
                                                      "Plan Width": 4,
                                                      "Plans": [
                                                        {
                                                          "Node Type": "Seq Scan",
                                                          "Parent Relationship": "Outer",
                                                          "Parallel Aware": true,
                                                          "Async Capable": false,
                                                          "Relation Name": "part",
                                                          "Alias": "part",
                                                          "Startup Cost": 0.0,
                                                          "Total Cost": 51378.28,
                                                          "Plan Rows": 33669,
                                                          "Plan Width": 4,
                                                          "Filter": "((p_name)::text ~~ '%blush%'::text)",
                                                          "parent": 16,
                                                          "ID": 17
                                                        }
                                                      ],
                                                      "parent": 14,
                                                      "ID": 16,
                                                      "left": 17
                                                    }
                                                  ],
                                                  "parent": 13,
                                                  "ID": 14,
                                                  "left": 15,
                                                  "right": 16
                                                }
                                              ],
                                              "parent": 11,
                                              "ID": 13,
                                              "left": 14
                                            }
                                          ],
                                          "parent": 10,
                                          "ID": 11,
                                          "left": 12,
                                          "right": 13
                                        }
                                      ],
                                      "parent": 8,
                                      "ID": 10,
                                      "left": 11
                                    }
                                  ],
                                  "parent": 7,
                                  "ID": 8,
                                  "left": 9,
                                  "right": 10
                                }
                              ],
                              "parent": 5,
                              "ID": 7,
                              "left": 8
                            }
                          ],
                          "parent": 4,
                          "ID": 5,
                          "left": 6,
                          "right": 7
                        },
                        {
                          "Node Type": "Hash",
                          "Parent Relationship": "Inner",
                          "Parallel Aware": false,
                          "Async Capable": false,
                          "Startup Cost": 1.25,
                          "Total Cost": 1.25,
                          "Plan Rows": 25,
                          "Plan Width": 30,
                          "Plans": [
                            {
                              "Node Type": "Seq Scan",
                              "Parent Relationship": "Outer",
                              "Parallel Aware": false,
                              "Async Capable": false,
                              "Relation Name": "nation",
                              "Alias": "nation",
                              "Startup Cost": 0.0,
                              "Total Cost": 1.25,
                              "Plan Rows": 25,
                              "Plan Width": 30,
                              "parent": 18,
                              "ID": 19
                            }
                          ],
                          "parent": 4,
                          "ID": 18,
                          "left": 19
                        }
                      ],
                      "parent": 3,
                      "ID": 4,
                      "left": 5,
                      "right": 18
                    }
                  ],
                  "parent": 2,
                  "ID": 3,
                  "left": 4
                }
              ],
              "parent": 1,
              "ID": 2,
              "left": 3
            }
          ],
          "parent": 0,
          "ID": 1,
          "left": 2
        }
      ],
      "parent": null,
      "ID": 0,
      "left": 1
    },
    "feat": {
      "utility": 4.608187307404267e-07,
      "query_shape": [
        [
          "Seq Scan",
          "Hash Join",
          "Sort",
          "Aggregate",
          "Gather Merge"
        ],
        [
          "Seq Scan",
          "Hash Join",
          "Hash",
          "Sort",
          "Aggregate",
          "Gather Merge"
        ],
        [
          "Seq Scan",
          "Hash Join",
          "Hash",
          "Sort",
          "Aggregate",
          "Gather Merge"
        ],
        [
          "Seq Scan",
          "Hash Join",
          "Hash",
          "Sort",
          "Aggregate",
          "Gather Merge"
        ],
        [
          "Seq Scan",
          "Hash",
          "Hash Join",
          "Sort",
          "Aggregate",
          "Gather Merge"
        ],
        [
          "Seq Scan",
          "Hash",
          "Hash Join",
          "Sort",
          "Aggregate",
          "Gather Merge"
        ]
      ],
      "index_shape": [
        "join"
      ],
      "physical_operator": {
        "Hash Join": [
          0.2
        ]
      }
    }
  },
  {
    "query": "-- Functional Query Definition\n-- Approved February 1998\n\n\nselect\nnation,\no_year,\nsum(amount) as sum_profit\nfrom\n(\nselect\nn_name as nation,\nextract(year from o_orderdate) as o_year,\nl_extendedprice * (1 - l_discount) - ps_supplycost * l_quantity as amount\nfrom\npart,\nsupplier,\nlineitem,\npartsupp,\norders,\nnation\nwhere\ns_suppkey = l_suppkey\nand ps_suppkey = l_suppkey\nand ps_partkey = l_partkey\nand p_partkey = l_partkey\nand o_orderkey = l_orderkey\nand s_nationkey = n_nationkey\nand p_name like '%blush%'\n) as profit\ngroup by\nnation,\no_year\norder by\nnation,\no_year desc ;\n-- $ID$\n-- TPC-H/TPC-R Returned Item Reporting ",
    "indexes": "nation.n_name",
    "wo plan est": {
      "Node Type": "Aggregate",
      "Strategy": "Sorted",
      "Partial Mode": "Finalize",
      "Parallel Aware": false,
      "Async Capable": false,
      "Startup Cost": 2170040.99,
      "Total Cost": 2170050.68,
      "Plan Rows": 90,
      "Plan Width": 90,
      "Group Key": [
        "nation.n_name",
        "(EXTRACT(year FROM orders.o_orderdate))"
      ],
      "Plans": [
        {
          "Node Type": "Gather Merge",
          "Parent Relationship": "Outer",
          "Parallel Aware": false,
          "Async Capable": false,
          "Startup Cost": 2170040.99,
          "Total Cost": 2170048.8,
          "Plan Rows": 53,
          "Plan Width": 90,
          "Workers Planned": 1,
          "Plans": [
            {
              "Node Type": "Aggregate",
              "Strategy": "Sorted",
              "Partial Mode": "Partial",
              "Parent Relationship": "Outer",
              "Parallel Aware": false,
              "Async Capable": false,
              "Startup Cost": 2169040.98,
              "Total Cost": 2169042.83,
              "Plan Rows": 53,
              "Plan Width": 90,
              "Group Key": [
                "nation.n_name",
                "(EXTRACT(year FROM orders.o_orderdate))"
              ],
              "Plans": [
                {
                  "Node Type": "Sort",
                  "Parent Relationship": "Outer",
                  "Parallel Aware": false,
                  "Async Capable": false,
                  "Startup Cost": 2169040.98,
                  "Total Cost": 2169041.11,
                  "Plan Rows": 53,
                  "Plan Width": 81,
                  "Sort Key": [
                    "nation.n_name",
                    "(EXTRACT(year FROM orders.o_orderdate)) DESC"
                  ],
                  "Plans": [
                    {
                      "Node Type": "Hash Join",
                      "Parent Relationship": "Outer",
                      "Parallel Aware": false,
                      "Async Capable": false,
                      "Join Type": "Inner",
                      "Startup Cost": 2166013.55,
                      "Total Cost": 2169039.46,
                      "Plan Rows": 53,
                      "Plan Width": 81,
                      "Inner Unique": false,
                      "Hash Cond": "(supplier.s_nationkey = nation.n_nationkey)",
                      "Plans": [
                        {
                          "Node Type": "Hash Join",
                          "Parent Relationship": "Outer",
                          "Parallel Aware": true,
                          "Async Capable": false,
                          "Join Type": "Inner",
                          "Startup Cost": 2166011.99,
                          "Total Cost": 2169037.03,
                          "Plan Rows": 53,
                          "Plan Width": 31,
                          "Inner Unique": false,
                          "Hash Cond": "(supplier.s_suppkey = lineitem.l_suppkey)",
                          "Plans": [
                            {
                              "Node Type": "Seq Scan",
                              "Parent Relationship": "Outer",
                              "Parallel Aware": true,
                              "Async Capable": false,
                              "Relation Name": "supplier",
                              "Alias": "supplier",
                              "Startup Cost": 0.0,
                              "Total Cost": 2804.24,
                              "Plan Rows": 58824,
                              "Plan Width": 8,
                              "parent": 5,
                              "ID": 6
                            },
                            {
                              "Node Type": "Hash",
                              "Parent Relationship": "Inner",
                              "Parallel Aware": true,
                              "Async Capable": false,
                              "Startup Cost": 2166011.51,
                              "Total Cost": 2166011.51,
                              "Plan Rows": 38,
                              "Plan Width": 35,
                              "Plans": [
                                {
                                  "Node Type": "Hash Join",
                                  "Parent Relationship": "Outer",
                                  "Parallel Aware": true,
                                  "Async Capable": false,
                                  "Join Type": "Inner",
                                  "Startup Cost": 1819167.75,
                                  "Total Cost": 2166011.51,
                                  "Plan Rows": 38,
                                  "Plan Width": 35,
                                  "Inner Unique": false,
                                  "Hash Cond": "(orders.o_orderkey = lineitem.l_orderkey)",
                                  "Plans": [
                                    {
                                      "Node Type": "Seq Scan",
                                      "Parent Relationship": "Outer",
                                      "Parallel Aware": true,
                                      "Async Capable": false,
                                      "Relation Name": "orders",
                                      "Alias": "orders",
                                      "Startup Cost": 0.0,
                                      "Total Cost": 323407.71,
                                      "Plan Rows": 6249571,
                                      "Plan Width": 8,
                                      "parent": 8,
                                      "ID": 9
                                    },
                                    {
                                      "Node Type": "Hash",
                                      "Parent Relationship": "Inner",
                                      "Parallel Aware": true,
                                      "Async Capable": false,
                                      "Startup Cost": 1819167.28,
                                      "Total Cost": 1819167.28,
                                      "Plan Rows": 38,
                                      "Plan Width": 35,
                                      "Plans": [
                                        {
                                          "Node Type": "Hash Join",
                                          "Parent Relationship": "Outer",
                                          "Parallel Aware": true,
                                          "Async Capable": false,
                                          "Join Type": "Inner",
                                          "Startup Cost": 1546291.11,
                                          "Total Cost": 1819167.28,
                                          "Plan Rows": 38,
                                          "Plan Width": 35,
                                          "Inner Unique": false,
                                          "Hash Cond": "((partsupp.ps_suppkey = lineitem.l_suppkey) AND (partsupp.ps_partkey = lineitem.l_partkey))",
                                          "Plans": [
                                            {
                                              "Node Type": "Seq Scan",
                                              "Parent Relationship": "Outer",
                                              "Parallel Aware": true,
                                              "Async Capable": false,
                                              "Relation Name": "partsupp",
                                              "Alias": "partsupp",
                                              "Startup Cost": 0.0,
                                              "Total Cost": 207718.58,
                                              "Plan Rows": 3333258,
                                              "Plan Width": 14,
                                              "parent": 11,
                                              "ID": 12
                                            },
                                            {
                                              "Node Type": "Hash",
                                              "Parent Relationship": "Inner",
                                              "Parallel Aware": true,
                                              "Async Capable": false,
                                              "Startup Cost": 1524082.29,
                                              "Total Cost": 1524082.29,
                                              "Plan Rows": 973521,
                                              "Plan Width": 33,
                                              "Plans": [
                                                {
                                                  "Node Type": "Hash Join",
                                                  "Parent Relationship": "Outer",
                                                  "Parallel Aware": true,
                                                  "Async Capable": false,
                                                  "Join Type": "Inner",
                                                  "Startup Cost": 51799.14,
                                                  "Total Cost": 1524082.29,
                                                  "Plan Rows": 973521,
                                                  "Plan Width": 33,
                                                  "Inner Unique": false,
                                                  "Hash Cond": "(lineitem.l_partkey = part.p_partkey)",
                                                  "Plans": [
                                                    {
                                                      "Node Type": "Seq Scan",
                                                      "Parent Relationship": "Outer",
                                                      "Parallel Aware": true,
                                                      "Async Capable": false,
                                                      "Relation Name": "lineitem",
                                                      "Alias": "lineitem",
                                                      "Startup Cost": 0.0,
                                                      "Total Cost": 1374494.57,
                                                      "Plan Rows": 24995257,
                                                      "Plan Width": 29,
                                                      "parent": 14,
                                                      "ID": 15
                                                    },
                                                    {
                                                      "Node Type": "Hash",
                                                      "Parent Relationship": "Inner",
                                                      "Parallel Aware": true,
                                                      "Async Capable": false,
                                                      "Startup Cost": 51378.28,
                                                      "Total Cost": 51378.28,
                                                      "Plan Rows": 33669,
                                                      "Plan Width": 4,
                                                      "Plans": [
                                                        {
                                                          "Node Type": "Seq Scan",
                                                          "Parent Relationship": "Outer",
                                                          "Parallel Aware": true,
                                                          "Async Capable": false,
                                                          "Relation Name": "part",
                                                          "Alias": "part",
                                                          "Startup Cost": 0.0,
                                                          "Total Cost": 51378.28,
                                                          "Plan Rows": 33669,
                                                          "Plan Width": 4,
                                                          "Filter": "((p_name)::text ~~ '%blush%'::text)",
                                                          "parent": 16,
                                                          "ID": 17
                                                        }
                                                      ],
                                                      "parent": 14,
                                                      "ID": 16,
                                                      "left": 17
                                                    }
                                                  ],
                                                  "parent": 13,
                                                  "ID": 14,
                                                  "left": 15,
                                                  "right": 16
                                                }
                                              ],
                                              "parent": 11,
                                              "ID": 13,
                                              "left": 14
                                            }
                                          ],
                                          "parent": 10,
                                          "ID": 11,
                                          "left": 12,
                                          "right": 13
                                        }
                                      ],
                                      "parent": 8,
                                      "ID": 10,
                                      "left": 11
                                    }
                                  ],
                                  "parent": 7,
                                  "ID": 8,
                                  "left": 9,
                                  "right": 10
                                }
                              ],
                              "parent": 5,
                              "ID": 7,
                              "left": 8
                            }
                          ],
                          "parent": 4,
                          "ID": 5,
                          "left": 6,
                          "right": 7
                        },
                        {
                          "Node Type": "Hash",
                          "Parent Relationship": "Inner",
                          "Parallel Aware": false,
                          "Async Capable": false,
                          "Startup Cost": 1.25,
                          "Total Cost": 1.25,
                          "Plan Rows": 25,
                          "Plan Width": 30,
                          "Plans": [
                            {
                              "Node Type": "Seq Scan",
                              "Parent Relationship": "Outer",
                              "Parallel Aware": false,
                              "Async Capable": false,
                              "Relation Name": "nation",
                              "Alias": "nation",
                              "Startup Cost": 0.0,
                              "Total Cost": 1.25,
                              "Plan Rows": 25,
                              "Plan Width": 30,
                              "parent": 18,
                              "ID": 19
                            }
                          ],
                          "parent": 4,
                          "ID": 18,
                          "left": 19
                        }
                      ],
                      "parent": 3,
                      "ID": 4,
                      "left": 5,
                      "right": 18
                    }
                  ],
                  "parent": 2,
                  "ID": 3,
                  "left": 4
                }
              ],
              "parent": 1,
              "ID": 2,
              "left": 3
            }
          ],
          "parent": 0,
          "ID": 1,
          "left": 2
        }
      ],
      "parent": null,
      "ID": 0,
      "left": 1
    },
    "feat": {
      "utility": 0.0,
      "query_shape": [
        [
          "Seq Scan",
          "Hash Join",
          "Sort",
          "Aggregate",
          "Gather Merge"
        ],
        [
          "Seq Scan",
          "Hash Join",
          "Hash",
          "Sort",
          "Aggregate",
          "Gather Merge"
        ],
        [
          "Seq Scan",
          "Hash Join",
          "Hash",
          "Sort",
          "Aggregate",
          "Gather Merge"
        ],
        [
          "Seq Scan",
          "Hash Join",
          "Hash",
          "Sort",
          "Aggregate",
          "Gather Merge"
        ],
        [
          "Seq Scan",
          "Hash",
          "Hash Join",
          "Sort",
          "Aggregate",
          "Gather Merge"
        ],
        [
          "Seq Scan",
          "Hash",
          "Hash Join",
          "Sort",
          "Aggregate",
          "Gather Merge"
        ]
      ],
      "index_shape": [
        "order-by"
      ],
      "physical_operator": {
        "Sort": [
          "[0. 0. 0. 0. 0. 0. 0. 0. 0. 0. 0. 0. 0. 0. 0. 0. 0. 0. 0. 0. 0. 0. 0. 0.\n 0. 0. 0. 0. 0. 0. 0. 0. 0. 0. 0. 0. 0. 0. 0. 0. 0. 0. 0. 0. 0. 0. 0. 0.\n 0. 0. 0.]"
        ],
        "Aggregate": [
          "[0. 0. 0. 0. 0. 0. 0. 0. 0. 0. 0. 0. 0. 0. 0. 0. 0. 0. 0. 0. 0. 0. 0. 0.\n 0. 0. 0. 0. 0. 0. 0. 0. 0. 0. 0. 0. 0. 0. 0. 0. 0. 0. 0. 0. 0. 0. 0. 0.\n 0. 0. 0.]",
          "[0. 0. 0. 0. 0. 0. 0. 0. 0. 0. 0. 0. 0. 0. 0. 0. 0. 0. 0. 0. 0. 0. 0. 0.\n 0. 0. 0. 0. 0. 0. 0. 0. 0. 0. 0. 0. 0. 0. 0. 0. 0. 0. 0. 0. 0. 0. 0. 0.\n 0. 0. 0.]"
        ]
      }
    }
  },
  {
    "query": "-- Functional Query Definition\n-- Approved February 1998\n\n\nselect\nnation,\no_year,\nsum(amount) as sum_profit\nfrom\n(\nselect\nn_name as nation,\nextract(year from o_orderdate) as o_year,\nl_extendedprice * (1 - l_discount) - ps_supplycost * l_quantity as amount\nfrom\npart,\nsupplier,\nlineitem,\npartsupp,\norders,\nnation\nwhere\ns_suppkey = l_suppkey\nand ps_suppkey = l_suppkey\nand ps_partkey = l_partkey\nand p_partkey = l_partkey\nand o_orderkey = l_orderkey\nand s_nationkey = n_nationkey\nand p_name like '%blush%'\n) as profit\ngroup by\nnation,\no_year\norder by\nnation,\no_year desc ;\n-- $ID$\n-- TPC-H/TPC-R Returned Item Reporting ",
    "indexes": "orders.o_orderkey",
    "wo plan est": {
      "Node Type": "Aggregate",
      "Strategy": "Sorted",
      "Partial Mode": "Finalize",
      "Parallel Aware": false,
      "Async Capable": false,
      "Startup Cost": 2170040.99,
      "Total Cost": 2170050.68,
      "Plan Rows": 90,
      "Plan Width": 90,
      "Group Key": [
        "nation.n_name",
        "(EXTRACT(year FROM orders.o_orderdate))"
      ],
      "Plans": [
        {
          "Node Type": "Gather Merge",
          "Parent Relationship": "Outer",
          "Parallel Aware": false,
          "Async Capable": false,
          "Startup Cost": 2170040.99,
          "Total Cost": 2170048.8,
          "Plan Rows": 53,
          "Plan Width": 90,
          "Workers Planned": 1,
          "Plans": [
            {
              "Node Type": "Aggregate",
              "Strategy": "Sorted",
              "Partial Mode": "Partial",
              "Parent Relationship": "Outer",
              "Parallel Aware": false,
              "Async Capable": false,
              "Startup Cost": 2169040.98,
              "Total Cost": 2169042.83,
              "Plan Rows": 53,
              "Plan Width": 90,
              "Group Key": [
                "nation.n_name",
                "(EXTRACT(year FROM orders.o_orderdate))"
              ],
              "Plans": [
                {
                  "Node Type": "Sort",
                  "Parent Relationship": "Outer",
                  "Parallel Aware": false,
                  "Async Capable": false,
                  "Startup Cost": 2169040.98,
                  "Total Cost": 2169041.11,
                  "Plan Rows": 53,
                  "Plan Width": 81,
                  "Sort Key": [
                    "nation.n_name",
                    "(EXTRACT(year FROM orders.o_orderdate)) DESC"
                  ],
                  "Plans": [
                    {
                      "Node Type": "Hash Join",
                      "Parent Relationship": "Outer",
                      "Parallel Aware": false,
                      "Async Capable": false,
                      "Join Type": "Inner",
                      "Startup Cost": 2166013.55,
                      "Total Cost": 2169039.46,
                      "Plan Rows": 53,
                      "Plan Width": 81,
                      "Inner Unique": false,
                      "Hash Cond": "(supplier.s_nationkey = nation.n_nationkey)",
                      "Plans": [
                        {
                          "Node Type": "Hash Join",
                          "Parent Relationship": "Outer",
                          "Parallel Aware": true,
                          "Async Capable": false,
                          "Join Type": "Inner",
                          "Startup Cost": 2166011.99,
                          "Total Cost": 2169037.03,
                          "Plan Rows": 53,
                          "Plan Width": 31,
                          "Inner Unique": false,
                          "Hash Cond": "(supplier.s_suppkey = lineitem.l_suppkey)",
                          "Plans": [
                            {
                              "Node Type": "Seq Scan",
                              "Parent Relationship": "Outer",
                              "Parallel Aware": true,
                              "Async Capable": false,
                              "Relation Name": "supplier",
                              "Alias": "supplier",
                              "Startup Cost": 0.0,
                              "Total Cost": 2804.24,
                              "Plan Rows": 58824,
                              "Plan Width": 8,
                              "parent": 5,
                              "ID": 6
                            },
                            {
                              "Node Type": "Hash",
                              "Parent Relationship": "Inner",
                              "Parallel Aware": true,
                              "Async Capable": false,
                              "Startup Cost": 2166011.51,
                              "Total Cost": 2166011.51,
                              "Plan Rows": 38,
                              "Plan Width": 35,
                              "Plans": [
                                {
                                  "Node Type": "Hash Join",
                                  "Parent Relationship": "Outer",
                                  "Parallel Aware": true,
                                  "Async Capable": false,
                                  "Join Type": "Inner",
                                  "Startup Cost": 1819167.75,
                                  "Total Cost": 2166011.51,
                                  "Plan Rows": 38,
                                  "Plan Width": 35,
                                  "Inner Unique": false,
                                  "Hash Cond": "(orders.o_orderkey = lineitem.l_orderkey)",
                                  "Plans": [
                                    {
                                      "Node Type": "Seq Scan",
                                      "Parent Relationship": "Outer",
                                      "Parallel Aware": true,
                                      "Async Capable": false,
                                      "Relation Name": "orders",
                                      "Alias": "orders",
                                      "Startup Cost": 0.0,
                                      "Total Cost": 323407.71,
                                      "Plan Rows": 6249571,
                                      "Plan Width": 8,
                                      "parent": 8,
                                      "ID": 9
                                    },
                                    {
                                      "Node Type": "Hash",
                                      "Parent Relationship": "Inner",
                                      "Parallel Aware": true,
                                      "Async Capable": false,
                                      "Startup Cost": 1819167.28,
                                      "Total Cost": 1819167.28,
                                      "Plan Rows": 38,
                                      "Plan Width": 35,
                                      "Plans": [
                                        {
                                          "Node Type": "Hash Join",
                                          "Parent Relationship": "Outer",
                                          "Parallel Aware": true,
                                          "Async Capable": false,
                                          "Join Type": "Inner",
                                          "Startup Cost": 1546291.11,
                                          "Total Cost": 1819167.28,
                                          "Plan Rows": 38,
                                          "Plan Width": 35,
                                          "Inner Unique": false,
                                          "Hash Cond": "((partsupp.ps_suppkey = lineitem.l_suppkey) AND (partsupp.ps_partkey = lineitem.l_partkey))",
                                          "Plans": [
                                            {
                                              "Node Type": "Seq Scan",
                                              "Parent Relationship": "Outer",
                                              "Parallel Aware": true,
                                              "Async Capable": false,
                                              "Relation Name": "partsupp",
                                              "Alias": "partsupp",
                                              "Startup Cost": 0.0,
                                              "Total Cost": 207718.58,
                                              "Plan Rows": 3333258,
                                              "Plan Width": 14,
                                              "parent": 11,
                                              "ID": 12
                                            },
                                            {
                                              "Node Type": "Hash",
                                              "Parent Relationship": "Inner",
                                              "Parallel Aware": true,
                                              "Async Capable": false,
                                              "Startup Cost": 1524082.29,
                                              "Total Cost": 1524082.29,
                                              "Plan Rows": 973521,
                                              "Plan Width": 33,
                                              "Plans": [
                                                {
                                                  "Node Type": "Hash Join",
                                                  "Parent Relationship": "Outer",
                                                  "Parallel Aware": true,
                                                  "Async Capable": false,
                                                  "Join Type": "Inner",
                                                  "Startup Cost": 51799.14,
                                                  "Total Cost": 1524082.29,
                                                  "Plan Rows": 973521,
                                                  "Plan Width": 33,
                                                  "Inner Unique": false,
                                                  "Hash Cond": "(lineitem.l_partkey = part.p_partkey)",
                                                  "Plans": [
                                                    {
                                                      "Node Type": "Seq Scan",
                                                      "Parent Relationship": "Outer",
                                                      "Parallel Aware": true,
                                                      "Async Capable": false,
                                                      "Relation Name": "lineitem",
                                                      "Alias": "lineitem",
                                                      "Startup Cost": 0.0,
                                                      "Total Cost": 1374494.57,
                                                      "Plan Rows": 24995257,
                                                      "Plan Width": 29,
                                                      "parent": 14,
                                                      "ID": 15
                                                    },
                                                    {
                                                      "Node Type": "Hash",
                                                      "Parent Relationship": "Inner",
                                                      "Parallel Aware": true,
                                                      "Async Capable": false,
                                                      "Startup Cost": 51378.28,
                                                      "Total Cost": 51378.28,
                                                      "Plan Rows": 33669,
                                                      "Plan Width": 4,
                                                      "Plans": [
                                                        {
                                                          "Node Type": "Seq Scan",
                                                          "Parent Relationship": "Outer",
                                                          "Parallel Aware": true,
                                                          "Async Capable": false,
                                                          "Relation Name": "part",
                                                          "Alias": "part",
                                                          "Startup Cost": 0.0,
                                                          "Total Cost": 51378.28,
                                                          "Plan Rows": 33669,
                                                          "Plan Width": 4,
                                                          "Filter": "((p_name)::text ~~ '%blush%'::text)",
                                                          "parent": 16,
                                                          "ID": 17
                                                        }
                                                      ],
                                                      "parent": 14,
                                                      "ID": 16,
                                                      "left": 17
                                                    }
                                                  ],
                                                  "parent": 13,
                                                  "ID": 14,
                                                  "left": 15,
                                                  "right": 16
                                                }
                                              ],
                                              "parent": 11,
                                              "ID": 13,
                                              "left": 14
                                            }
                                          ],
                                          "parent": 10,
                                          "ID": 11,
                                          "left": 12,
                                          "right": 13
                                        }
                                      ],
                                      "parent": 8,
                                      "ID": 10,
                                      "left": 11
                                    }
                                  ],
                                  "parent": 7,
                                  "ID": 8,
                                  "left": 9,
                                  "right": 10
                                }
                              ],
                              "parent": 5,
                              "ID": 7,
                              "left": 8
                            }
                          ],
                          "parent": 4,
                          "ID": 5,
                          "left": 6,
                          "right": 7
                        },
                        {
                          "Node Type": "Hash",
                          "Parent Relationship": "Inner",
                          "Parallel Aware": false,
                          "Async Capable": false,
                          "Startup Cost": 1.25,
                          "Total Cost": 1.25,
                          "Plan Rows": 25,
                          "Plan Width": 30,
                          "Plans": [
                            {
                              "Node Type": "Seq Scan",
                              "Parent Relationship": "Outer",
                              "Parallel Aware": false,
                              "Async Capable": false,
                              "Relation Name": "nation",
                              "Alias": "nation",
                              "Startup Cost": 0.0,
                              "Total Cost": 1.25,
                              "Plan Rows": 25,
                              "Plan Width": 30,
                              "parent": 18,
                              "ID": 19
                            }
                          ],
                          "parent": 4,
                          "ID": 18,
                          "left": 19
                        }
                      ],
                      "parent": 3,
                      "ID": 4,
                      "left": 5,
                      "right": 18
                    }
                  ],
                  "parent": 2,
                  "ID": 3,
                  "left": 4
                }
              ],
              "parent": 1,
              "ID": 2,
              "left": 3
            }
          ],
          "parent": 0,
          "ID": 1,
          "left": 2
        }
      ],
      "parent": null,
      "ID": 0,
      "left": 1
    },
    "feat": {
      "utility": 5.757929961521066e-07,
      "query_shape": [
        [
          "Seq Scan",
          "Hash Join",
          "Sort",
          "Aggregate",
          "Gather Merge"
        ],
        [
          "Seq Scan",
          "Hash Join",
          "Hash",
          "Sort",
          "Aggregate",
          "Gather Merge"
        ],
        [
          "Seq Scan",
          "Hash Join",
          "Hash",
          "Sort",
          "Aggregate",
          "Gather Merge"
        ],
        [
          "Seq Scan",
          "Hash Join",
          "Hash",
          "Sort",
          "Aggregate",
          "Gather Merge"
        ],
        [
          "Seq Scan",
          "Hash",
          "Hash Join",
          "Sort",
          "Aggregate",
          "Gather Merge"
        ],
        [
          "Seq Scan",
          "Hash",
          "Hash Join",
          "Sort",
          "Aggregate",
          "Gather Merge"
        ]
      ],
      "index_shape": [
        "join"
      ],
      "physical_operator": {
        "Hash Join": [
          0.00040001372870675787
        ]
      }
    }
  },
  {
    "query": "-- Functional Query Definition\n-- Approved February 1998\n\n\nselect\nnation,\no_year,\nsum(amount) as sum_profit\nfrom\n(\nselect\nn_name as nation,\nextract(year from o_orderdate) as o_year,\nl_extendedprice * (1 - l_discount) - ps_supplycost * l_quantity as amount\nfrom\npart,\nsupplier,\nlineitem,\npartsupp,\norders,\nnation\nwhere\ns_suppkey = l_suppkey\nand ps_suppkey = l_suppkey\nand ps_partkey = l_partkey\nand p_partkey = l_partkey\nand o_orderkey = l_orderkey\nand s_nationkey = n_nationkey\nand p_name like '%blush%'\n) as profit\ngroup by\nnation,\no_year\norder by\nnation,\no_year desc ;\n-- $ID$\n-- TPC-H/TPC-R Returned Item Reporting ",
    "indexes": "orders.o_orderdate",
    "wo plan est": {
      "Node Type": "Aggregate",
      "Strategy": "Sorted",
      "Partial Mode": "Finalize",
      "Parallel Aware": false,
      "Async Capable": false,
      "Startup Cost": 2170040.99,
      "Total Cost": 2170050.68,
      "Plan Rows": 90,
      "Plan Width": 90,
      "Group Key": [
        "nation.n_name",
        "(EXTRACT(year FROM orders.o_orderdate))"
      ],
      "Plans": [
        {
          "Node Type": "Gather Merge",
          "Parent Relationship": "Outer",
          "Parallel Aware": false,
          "Async Capable": false,
          "Startup Cost": 2170040.99,
          "Total Cost": 2170048.8,
          "Plan Rows": 53,
          "Plan Width": 90,
          "Workers Planned": 1,
          "Plans": [
            {
              "Node Type": "Aggregate",
              "Strategy": "Sorted",
              "Partial Mode": "Partial",
              "Parent Relationship": "Outer",
              "Parallel Aware": false,
              "Async Capable": false,
              "Startup Cost": 2169040.98,
              "Total Cost": 2169042.83,
              "Plan Rows": 53,
              "Plan Width": 90,
              "Group Key": [
                "nation.n_name",
                "(EXTRACT(year FROM orders.o_orderdate))"
              ],
              "Plans": [
                {
                  "Node Type": "Sort",
                  "Parent Relationship": "Outer",
                  "Parallel Aware": false,
                  "Async Capable": false,
                  "Startup Cost": 2169040.98,
                  "Total Cost": 2169041.11,
                  "Plan Rows": 53,
                  "Plan Width": 81,
                  "Sort Key": [
                    "nation.n_name",
                    "(EXTRACT(year FROM orders.o_orderdate)) DESC"
                  ],
                  "Plans": [
                    {
                      "Node Type": "Hash Join",
                      "Parent Relationship": "Outer",
                      "Parallel Aware": false,
                      "Async Capable": false,
                      "Join Type": "Inner",
                      "Startup Cost": 2166013.55,
                      "Total Cost": 2169039.46,
                      "Plan Rows": 53,
                      "Plan Width": 81,
                      "Inner Unique": false,
                      "Hash Cond": "(supplier.s_nationkey = nation.n_nationkey)",
                      "Plans": [
                        {
                          "Node Type": "Hash Join",
                          "Parent Relationship": "Outer",
                          "Parallel Aware": true,
                          "Async Capable": false,
                          "Join Type": "Inner",
                          "Startup Cost": 2166011.99,
                          "Total Cost": 2169037.03,
                          "Plan Rows": 53,
                          "Plan Width": 31,
                          "Inner Unique": false,
                          "Hash Cond": "(supplier.s_suppkey = lineitem.l_suppkey)",
                          "Plans": [
                            {
                              "Node Type": "Seq Scan",
                              "Parent Relationship": "Outer",
                              "Parallel Aware": true,
                              "Async Capable": false,
                              "Relation Name": "supplier",
                              "Alias": "supplier",
                              "Startup Cost": 0.0,
                              "Total Cost": 2804.24,
                              "Plan Rows": 58824,
                              "Plan Width": 8,
                              "parent": 5,
                              "ID": 6
                            },
                            {
                              "Node Type": "Hash",
                              "Parent Relationship": "Inner",
                              "Parallel Aware": true,
                              "Async Capable": false,
                              "Startup Cost": 2166011.51,
                              "Total Cost": 2166011.51,
                              "Plan Rows": 38,
                              "Plan Width": 35,
                              "Plans": [
                                {
                                  "Node Type": "Hash Join",
                                  "Parent Relationship": "Outer",
                                  "Parallel Aware": true,
                                  "Async Capable": false,
                                  "Join Type": "Inner",
                                  "Startup Cost": 1819167.75,
                                  "Total Cost": 2166011.51,
                                  "Plan Rows": 38,
                                  "Plan Width": 35,
                                  "Inner Unique": false,
                                  "Hash Cond": "(orders.o_orderkey = lineitem.l_orderkey)",
                                  "Plans": [
                                    {
                                      "Node Type": "Seq Scan",
                                      "Parent Relationship": "Outer",
                                      "Parallel Aware": true,
                                      "Async Capable": false,
                                      "Relation Name": "orders",
                                      "Alias": "orders",
                                      "Startup Cost": 0.0,
                                      "Total Cost": 323407.71,
                                      "Plan Rows": 6249571,
                                      "Plan Width": 8,
                                      "parent": 8,
                                      "ID": 9
                                    },
                                    {
                                      "Node Type": "Hash",
                                      "Parent Relationship": "Inner",
                                      "Parallel Aware": true,
                                      "Async Capable": false,
                                      "Startup Cost": 1819167.28,
                                      "Total Cost": 1819167.28,
                                      "Plan Rows": 38,
                                      "Plan Width": 35,
                                      "Plans": [
                                        {
                                          "Node Type": "Hash Join",
                                          "Parent Relationship": "Outer",
                                          "Parallel Aware": true,
                                          "Async Capable": false,
                                          "Join Type": "Inner",
                                          "Startup Cost": 1546291.11,
                                          "Total Cost": 1819167.28,
                                          "Plan Rows": 38,
                                          "Plan Width": 35,
                                          "Inner Unique": false,
                                          "Hash Cond": "((partsupp.ps_suppkey = lineitem.l_suppkey) AND (partsupp.ps_partkey = lineitem.l_partkey))",
                                          "Plans": [
                                            {
                                              "Node Type": "Seq Scan",
                                              "Parent Relationship": "Outer",
                                              "Parallel Aware": true,
                                              "Async Capable": false,
                                              "Relation Name": "partsupp",
                                              "Alias": "partsupp",
                                              "Startup Cost": 0.0,
                                              "Total Cost": 207718.58,
                                              "Plan Rows": 3333258,
                                              "Plan Width": 14,
                                              "parent": 11,
                                              "ID": 12
                                            },
                                            {
                                              "Node Type": "Hash",
                                              "Parent Relationship": "Inner",
                                              "Parallel Aware": true,
                                              "Async Capable": false,
                                              "Startup Cost": 1524082.29,
                                              "Total Cost": 1524082.29,
                                              "Plan Rows": 973521,
                                              "Plan Width": 33,
                                              "Plans": [
                                                {
                                                  "Node Type": "Hash Join",
                                                  "Parent Relationship": "Outer",
                                                  "Parallel Aware": true,
                                                  "Async Capable": false,
                                                  "Join Type": "Inner",
                                                  "Startup Cost": 51799.14,
                                                  "Total Cost": 1524082.29,
                                                  "Plan Rows": 973521,
                                                  "Plan Width": 33,
                                                  "Inner Unique": false,
                                                  "Hash Cond": "(lineitem.l_partkey = part.p_partkey)",
                                                  "Plans": [
                                                    {
                                                      "Node Type": "Seq Scan",
                                                      "Parent Relationship": "Outer",
                                                      "Parallel Aware": true,
                                                      "Async Capable": false,
                                                      "Relation Name": "lineitem",
                                                      "Alias": "lineitem",
                                                      "Startup Cost": 0.0,
                                                      "Total Cost": 1374494.57,
                                                      "Plan Rows": 24995257,
                                                      "Plan Width": 29,
                                                      "parent": 14,
                                                      "ID": 15
                                                    },
                                                    {
                                                      "Node Type": "Hash",
                                                      "Parent Relationship": "Inner",
                                                      "Parallel Aware": true,
                                                      "Async Capable": false,
                                                      "Startup Cost": 51378.28,
                                                      "Total Cost": 51378.28,
                                                      "Plan Rows": 33669,
                                                      "Plan Width": 4,
                                                      "Plans": [
                                                        {
                                                          "Node Type": "Seq Scan",
                                                          "Parent Relationship": "Outer",
                                                          "Parallel Aware": true,
                                                          "Async Capable": false,
                                                          "Relation Name": "part",
                                                          "Alias": "part",
                                                          "Startup Cost": 0.0,
                                                          "Total Cost": 51378.28,
                                                          "Plan Rows": 33669,
                                                          "Plan Width": 4,
                                                          "Filter": "((p_name)::text ~~ '%blush%'::text)",
                                                          "parent": 16,
                                                          "ID": 17
                                                        }
                                                      ],
                                                      "parent": 14,
                                                      "ID": 16,
                                                      "left": 17
                                                    }
                                                  ],
                                                  "parent": 13,
                                                  "ID": 14,
                                                  "left": 15,
                                                  "right": 16
                                                }
                                              ],
                                              "parent": 11,
                                              "ID": 13,
                                              "left": 14
                                            }
                                          ],
                                          "parent": 10,
                                          "ID": 11,
                                          "left": 12,
                                          "right": 13
                                        }
                                      ],
                                      "parent": 8,
                                      "ID": 10,
                                      "left": 11
                                    }
                                  ],
                                  "parent": 7,
                                  "ID": 8,
                                  "left": 9,
                                  "right": 10
                                }
                              ],
                              "parent": 5,
                              "ID": 7,
                              "left": 8
                            }
                          ],
                          "parent": 4,
                          "ID": 5,
                          "left": 6,
                          "right": 7
                        },
                        {
                          "Node Type": "Hash",
                          "Parent Relationship": "Inner",
                          "Parallel Aware": false,
                          "Async Capable": false,
                          "Startup Cost": 1.25,
                          "Total Cost": 1.25,
                          "Plan Rows": 25,
                          "Plan Width": 30,
                          "Plans": [
                            {
                              "Node Type": "Seq Scan",
                              "Parent Relationship": "Outer",
                              "Parallel Aware": false,
                              "Async Capable": false,
                              "Relation Name": "nation",
                              "Alias": "nation",
                              "Startup Cost": 0.0,
                              "Total Cost": 1.25,
                              "Plan Rows": 25,
                              "Plan Width": 30,
                              "parent": 18,
                              "ID": 19
                            }
                          ],
                          "parent": 4,
                          "ID": 18,
                          "left": 19
                        }
                      ],
                      "parent": 3,
                      "ID": 4,
                      "left": 5,
                      "right": 18
                    }
                  ],
                  "parent": 2,
                  "ID": 3,
                  "left": 4
                }
              ],
              "parent": 1,
              "ID": 2,
              "left": 3
            }
          ],
          "parent": 0,
          "ID": 1,
          "left": 2
        }
      ],
      "parent": null,
      "ID": 0,
      "left": 1
    },
    "feat": {
      "utility": 0.0,
      "query_shape": [
        [
          "Seq Scan",
          "Hash Join",
          "Sort",
          "Aggregate",
          "Gather Merge"
        ],
        [
          "Seq Scan",
          "Hash Join",
          "Hash",
          "Sort",
          "Aggregate",
          "Gather Merge"
        ],
        [
          "Seq Scan",
          "Hash Join",
          "Hash",
          "Sort",
          "Aggregate",
          "Gather Merge"
        ],
        [
          "Seq Scan",
          "Hash Join",
          "Hash",
          "Sort",
          "Aggregate",
          "Gather Merge"
        ],
        [
          "Seq Scan",
          "Hash",
          "Hash Join",
          "Sort",
          "Aggregate",
          "Gather Merge"
        ],
        [
          "Seq Scan",
          "Hash",
          "Hash Join",
          "Sort",
          "Aggregate",
          "Gather Merge"
        ]
      ],
      "index_shape": [
        "order-by"
      ],
      "physical_operator": {
        "Sort": [
          "[0. 0. 0. 0. 0. 0. 0. 0. 0. 0. 0. 0. 0. 0. 0. 0. 0. 0. 0. 0. 0. 0. 0. 0.\n 0. 0. 0. 0. 0. 0. 0. 0. 0. 0. 0. 0. 0. 0. 0. 0. 0. 0. 0. 0. 0. 0. 0. 0.\n 0. 0. 0.]"
        ],
        "Aggregate": [
          "[0. 0. 0. 0. 0. 0. 0. 0. 0. 0. 0. 0. 0. 0. 0. 0. 0. 0. 0. 0. 0. 0. 0. 0.\n 0. 0. 0. 0. 0. 0. 0. 0. 0. 0. 0. 0. 0. 0. 0. 0. 0. 0. 0. 0. 0. 0. 0. 0.\n 0. 0. 0.]",
          "[0. 0. 0. 0. 0. 0. 0. 0. 0. 0. 0. 0. 0. 0. 0. 0. 0. 0. 0. 0. 0. 0. 0. 0.\n 0. 0. 0. 0. 0. 0. 0. 0. 0. 0. 0. 0. 0. 0. 0. 0. 0. 0. 0. 0. 0. 0. 0. 0.\n 0. 0. 0.]"
        ]
      }
    }
  },
  {
    "query": "-- Functional Query Definition\n-- Approved February 1998\n\n\nselect\nnation,\no_year,\nsum(amount) as sum_profit\nfrom\n(\nselect\nn_name as nation,\nextract(year from o_orderdate) as o_year,\nl_extendedprice * (1 - l_discount) - ps_supplycost * l_quantity as amount\nfrom\npart,\nsupplier,\nlineitem,\npartsupp,\norders,\nnation\nwhere\ns_suppkey = l_suppkey\nand ps_suppkey = l_suppkey\nand ps_partkey = l_partkey\nand p_partkey = l_partkey\nand o_orderkey = l_orderkey\nand s_nationkey = n_nationkey\nand p_name like '%blush%'\n) as profit\ngroup by\nnation,\no_year\norder by\nnation,\no_year desc ;\n-- $ID$\n-- TPC-H/TPC-R Returned Item Reporting ",
    "indexes": "part.p_partkey",
    "wo plan est": {
      "Node Type": "Aggregate",
      "Strategy": "Sorted",
      "Partial Mode": "Finalize",
      "Parallel Aware": false,
      "Async Capable": false,
      "Startup Cost": 2170040.99,
      "Total Cost": 2170050.68,
      "Plan Rows": 90,
      "Plan Width": 90,
      "Group Key": [
        "nation.n_name",
        "(EXTRACT(year FROM orders.o_orderdate))"
      ],
      "Plans": [
        {
          "Node Type": "Gather Merge",
          "Parent Relationship": "Outer",
          "Parallel Aware": false,
          "Async Capable": false,
          "Startup Cost": 2170040.99,
          "Total Cost": 2170048.8,
          "Plan Rows": 53,
          "Plan Width": 90,
          "Workers Planned": 1,
          "Plans": [
            {
              "Node Type": "Aggregate",
              "Strategy": "Sorted",
              "Partial Mode": "Partial",
              "Parent Relationship": "Outer",
              "Parallel Aware": false,
              "Async Capable": false,
              "Startup Cost": 2169040.98,
              "Total Cost": 2169042.83,
              "Plan Rows": 53,
              "Plan Width": 90,
              "Group Key": [
                "nation.n_name",
                "(EXTRACT(year FROM orders.o_orderdate))"
              ],
              "Plans": [
                {
                  "Node Type": "Sort",
                  "Parent Relationship": "Outer",
                  "Parallel Aware": false,
                  "Async Capable": false,
                  "Startup Cost": 2169040.98,
                  "Total Cost": 2169041.11,
                  "Plan Rows": 53,
                  "Plan Width": 81,
                  "Sort Key": [
                    "nation.n_name",
                    "(EXTRACT(year FROM orders.o_orderdate)) DESC"
                  ],
                  "Plans": [
                    {
                      "Node Type": "Hash Join",
                      "Parent Relationship": "Outer",
                      "Parallel Aware": false,
                      "Async Capable": false,
                      "Join Type": "Inner",
                      "Startup Cost": 2166013.55,
                      "Total Cost": 2169039.46,
                      "Plan Rows": 53,
                      "Plan Width": 81,
                      "Inner Unique": false,
                      "Hash Cond": "(supplier.s_nationkey = nation.n_nationkey)",
                      "Plans": [
                        {
                          "Node Type": "Hash Join",
                          "Parent Relationship": "Outer",
                          "Parallel Aware": true,
                          "Async Capable": false,
                          "Join Type": "Inner",
                          "Startup Cost": 2166011.99,
                          "Total Cost": 2169037.03,
                          "Plan Rows": 53,
                          "Plan Width": 31,
                          "Inner Unique": false,
                          "Hash Cond": "(supplier.s_suppkey = lineitem.l_suppkey)",
                          "Plans": [
                            {
                              "Node Type": "Seq Scan",
                              "Parent Relationship": "Outer",
                              "Parallel Aware": true,
                              "Async Capable": false,
                              "Relation Name": "supplier",
                              "Alias": "supplier",
                              "Startup Cost": 0.0,
                              "Total Cost": 2804.24,
                              "Plan Rows": 58824,
                              "Plan Width": 8,
                              "parent": 5,
                              "ID": 6
                            },
                            {
                              "Node Type": "Hash",
                              "Parent Relationship": "Inner",
                              "Parallel Aware": true,
                              "Async Capable": false,
                              "Startup Cost": 2166011.51,
                              "Total Cost": 2166011.51,
                              "Plan Rows": 38,
                              "Plan Width": 35,
                              "Plans": [
                                {
                                  "Node Type": "Hash Join",
                                  "Parent Relationship": "Outer",
                                  "Parallel Aware": true,
                                  "Async Capable": false,
                                  "Join Type": "Inner",
                                  "Startup Cost": 1819167.75,
                                  "Total Cost": 2166011.51,
                                  "Plan Rows": 38,
                                  "Plan Width": 35,
                                  "Inner Unique": false,
                                  "Hash Cond": "(orders.o_orderkey = lineitem.l_orderkey)",
                                  "Plans": [
                                    {
                                      "Node Type": "Seq Scan",
                                      "Parent Relationship": "Outer",
                                      "Parallel Aware": true,
                                      "Async Capable": false,
                                      "Relation Name": "orders",
                                      "Alias": "orders",
                                      "Startup Cost": 0.0,
                                      "Total Cost": 323407.71,
                                      "Plan Rows": 6249571,
                                      "Plan Width": 8,
                                      "parent": 8,
                                      "ID": 9
                                    },
                                    {
                                      "Node Type": "Hash",
                                      "Parent Relationship": "Inner",
                                      "Parallel Aware": true,
                                      "Async Capable": false,
                                      "Startup Cost": 1819167.28,
                                      "Total Cost": 1819167.28,
                                      "Plan Rows": 38,
                                      "Plan Width": 35,
                                      "Plans": [
                                        {
                                          "Node Type": "Hash Join",
                                          "Parent Relationship": "Outer",
                                          "Parallel Aware": true,
                                          "Async Capable": false,
                                          "Join Type": "Inner",
                                          "Startup Cost": 1546291.11,
                                          "Total Cost": 1819167.28,
                                          "Plan Rows": 38,
                                          "Plan Width": 35,
                                          "Inner Unique": false,
                                          "Hash Cond": "((partsupp.ps_suppkey = lineitem.l_suppkey) AND (partsupp.ps_partkey = lineitem.l_partkey))",
                                          "Plans": [
                                            {
                                              "Node Type": "Seq Scan",
                                              "Parent Relationship": "Outer",
                                              "Parallel Aware": true,
                                              "Async Capable": false,
                                              "Relation Name": "partsupp",
                                              "Alias": "partsupp",
                                              "Startup Cost": 0.0,
                                              "Total Cost": 207718.58,
                                              "Plan Rows": 3333258,
                                              "Plan Width": 14,
                                              "parent": 11,
                                              "ID": 12
                                            },
                                            {
                                              "Node Type": "Hash",
                                              "Parent Relationship": "Inner",
                                              "Parallel Aware": true,
                                              "Async Capable": false,
                                              "Startup Cost": 1524082.29,
                                              "Total Cost": 1524082.29,
                                              "Plan Rows": 973521,
                                              "Plan Width": 33,
                                              "Plans": [
                                                {
                                                  "Node Type": "Hash Join",
                                                  "Parent Relationship": "Outer",
                                                  "Parallel Aware": true,
                                                  "Async Capable": false,
                                                  "Join Type": "Inner",
                                                  "Startup Cost": 51799.14,
                                                  "Total Cost": 1524082.29,
                                                  "Plan Rows": 973521,
                                                  "Plan Width": 33,
                                                  "Inner Unique": false,
                                                  "Hash Cond": "(lineitem.l_partkey = part.p_partkey)",
                                                  "Plans": [
                                                    {
                                                      "Node Type": "Seq Scan",
                                                      "Parent Relationship": "Outer",
                                                      "Parallel Aware": true,
                                                      "Async Capable": false,
                                                      "Relation Name": "lineitem",
                                                      "Alias": "lineitem",
                                                      "Startup Cost": 0.0,
                                                      "Total Cost": 1374494.57,
                                                      "Plan Rows": 24995257,
                                                      "Plan Width": 29,
                                                      "parent": 14,
                                                      "ID": 15
                                                    },
                                                    {
                                                      "Node Type": "Hash",
                                                      "Parent Relationship": "Inner",
                                                      "Parallel Aware": true,
                                                      "Async Capable": false,
                                                      "Startup Cost": 51378.28,
                                                      "Total Cost": 51378.28,
                                                      "Plan Rows": 33669,
                                                      "Plan Width": 4,
                                                      "Plans": [
                                                        {
                                                          "Node Type": "Seq Scan",
                                                          "Parent Relationship": "Outer",
                                                          "Parallel Aware": true,
                                                          "Async Capable": false,
                                                          "Relation Name": "part",
                                                          "Alias": "part",
                                                          "Startup Cost": 0.0,
                                                          "Total Cost": 51378.28,
                                                          "Plan Rows": 33669,
                                                          "Plan Width": 4,
                                                          "Filter": "((p_name)::text ~~ '%blush%'::text)",
                                                          "parent": 16,
                                                          "ID": 17
                                                        }
                                                      ],
                                                      "parent": 14,
                                                      "ID": 16,
                                                      "left": 17
                                                    }
                                                  ],
                                                  "parent": 13,
                                                  "ID": 14,
                                                  "left": 15,
                                                  "right": 16
                                                }
                                              ],
                                              "parent": 11,
                                              "ID": 13,
                                              "left": 14
                                            }
                                          ],
                                          "parent": 10,
                                          "ID": 11,
                                          "left": 12,
                                          "right": 13
                                        }
                                      ],
                                      "parent": 8,
                                      "ID": 10,
                                      "left": 11
                                    }
                                  ],
                                  "parent": 7,
                                  "ID": 8,
                                  "left": 9,
                                  "right": 10
                                }
                              ],
                              "parent": 5,
                              "ID": 7,
                              "left": 8
                            }
                          ],
                          "parent": 4,
                          "ID": 5,
                          "left": 6,
                          "right": 7
                        },
                        {
                          "Node Type": "Hash",
                          "Parent Relationship": "Inner",
                          "Parallel Aware": false,
                          "Async Capable": false,
                          "Startup Cost": 1.25,
                          "Total Cost": 1.25,
                          "Plan Rows": 25,
                          "Plan Width": 30,
                          "Plans": [
                            {
                              "Node Type": "Seq Scan",
                              "Parent Relationship": "Outer",
                              "Parallel Aware": false,
                              "Async Capable": false,
                              "Relation Name": "nation",
                              "Alias": "nation",
                              "Startup Cost": 0.0,
                              "Total Cost": 1.25,
                              "Plan Rows": 25,
                              "Plan Width": 30,
                              "parent": 18,
                              "ID": 19
                            }
                          ],
                          "parent": 4,
                          "ID": 18,
                          "left": 19
                        }
                      ],
                      "parent": 3,
                      "ID": 4,
                      "left": 5,
                      "right": 18
                    }
                  ],
                  "parent": 2,
                  "ID": 3,
                  "left": 4
                }
              ],
              "parent": 1,
              "ID": 2,
              "left": 3
            }
          ],
          "parent": 0,
          "ID": 1,
          "left": 2
        }
      ],
      "parent": null,
      "ID": 0,
      "left": 1
    },
    "feat": {
      "utility": 5.754038740888612e-07,
      "query_shape": [
        [
          "Seq Scan",
          "Hash Join",
          "Sort",
          "Aggregate",
          "Gather Merge"
        ],
        [
          "Seq Scan",
          "Hash Join",
          "Hash",
          "Sort",
          "Aggregate",
          "Gather Merge"
        ],
        [
          "Seq Scan",
          "Hash Join",
          "Hash",
          "Sort",
          "Aggregate",
          "Gather Merge"
        ],
        [
          "Seq Scan",
          "Hash Join",
          "Hash",
          "Sort",
          "Aggregate",
          "Gather Merge"
        ],
        [
          "Seq Scan",
          "Hash",
          "Hash Join",
          "Sort",
          "Aggregate",
          "Gather Merge"
        ],
        [
          "Seq Scan",
          "Hash",
          "Hash Join",
          "Sort",
          "Aggregate",
          "Gather Merge"
        ]
      ],
      "index_shape": [
        "join"
      ],
      "physical_operator": {
        "Hash Join": [
          0.0010755454070658543
        ]
      }
    }
  },
  {
    "query": "-- Functional Query Definition\n-- Approved February 1998\n\n\nselect\nnation,\no_year,\nsum(amount) as sum_profit\nfrom\n(\nselect\nn_name as nation,\nextract(year from o_orderdate) as o_year,\nl_extendedprice * (1 - l_discount) - ps_supplycost * l_quantity as amount\nfrom\npart,\nsupplier,\nlineitem,\npartsupp,\norders,\nnation\nwhere\ns_suppkey = l_suppkey\nand ps_suppkey = l_suppkey\nand ps_partkey = l_partkey\nand p_partkey = l_partkey\nand o_orderkey = l_orderkey\nand s_nationkey = n_nationkey\nand p_name like '%blush%'\n) as profit\ngroup by\nnation,\no_year\norder by\nnation,\no_year desc ;\n-- $ID$\n-- TPC-H/TPC-R Returned Item Reporting ",
    "indexes": "part.p_name",
    "wo plan est": {
      "Node Type": "Aggregate",
      "Strategy": "Sorted",
      "Partial Mode": "Finalize",
      "Parallel Aware": false,
      "Async Capable": false,
      "Startup Cost": 2170040.99,
      "Total Cost": 2170050.68,
      "Plan Rows": 90,
      "Plan Width": 90,
      "Group Key": [
        "nation.n_name",
        "(EXTRACT(year FROM orders.o_orderdate))"
      ],
      "Plans": [
        {
          "Node Type": "Gather Merge",
          "Parent Relationship": "Outer",
          "Parallel Aware": false,
          "Async Capable": false,
          "Startup Cost": 2170040.99,
          "Total Cost": 2170048.8,
          "Plan Rows": 53,
          "Plan Width": 90,
          "Workers Planned": 1,
          "Plans": [
            {
              "Node Type": "Aggregate",
              "Strategy": "Sorted",
              "Partial Mode": "Partial",
              "Parent Relationship": "Outer",
              "Parallel Aware": false,
              "Async Capable": false,
              "Startup Cost": 2169040.98,
              "Total Cost": 2169042.83,
              "Plan Rows": 53,
              "Plan Width": 90,
              "Group Key": [
                "nation.n_name",
                "(EXTRACT(year FROM orders.o_orderdate))"
              ],
              "Plans": [
                {
                  "Node Type": "Sort",
                  "Parent Relationship": "Outer",
                  "Parallel Aware": false,
                  "Async Capable": false,
                  "Startup Cost": 2169040.98,
                  "Total Cost": 2169041.11,
                  "Plan Rows": 53,
                  "Plan Width": 81,
                  "Sort Key": [
                    "nation.n_name",
                    "(EXTRACT(year FROM orders.o_orderdate)) DESC"
                  ],
                  "Plans": [
                    {
                      "Node Type": "Hash Join",
                      "Parent Relationship": "Outer",
                      "Parallel Aware": false,
                      "Async Capable": false,
                      "Join Type": "Inner",
                      "Startup Cost": 2166013.55,
                      "Total Cost": 2169039.46,
                      "Plan Rows": 53,
                      "Plan Width": 81,
                      "Inner Unique": false,
                      "Hash Cond": "(supplier.s_nationkey = nation.n_nationkey)",
                      "Plans": [
                        {
                          "Node Type": "Hash Join",
                          "Parent Relationship": "Outer",
                          "Parallel Aware": true,
                          "Async Capable": false,
                          "Join Type": "Inner",
                          "Startup Cost": 2166011.99,
                          "Total Cost": 2169037.03,
                          "Plan Rows": 53,
                          "Plan Width": 31,
                          "Inner Unique": false,
                          "Hash Cond": "(supplier.s_suppkey = lineitem.l_suppkey)",
                          "Plans": [
                            {
                              "Node Type": "Seq Scan",
                              "Parent Relationship": "Outer",
                              "Parallel Aware": true,
                              "Async Capable": false,
                              "Relation Name": "supplier",
                              "Alias": "supplier",
                              "Startup Cost": 0.0,
                              "Total Cost": 2804.24,
                              "Plan Rows": 58824,
                              "Plan Width": 8,
                              "parent": 5,
                              "ID": 6
                            },
                            {
                              "Node Type": "Hash",
                              "Parent Relationship": "Inner",
                              "Parallel Aware": true,
                              "Async Capable": false,
                              "Startup Cost": 2166011.51,
                              "Total Cost": 2166011.51,
                              "Plan Rows": 38,
                              "Plan Width": 35,
                              "Plans": [
                                {
                                  "Node Type": "Hash Join",
                                  "Parent Relationship": "Outer",
                                  "Parallel Aware": true,
                                  "Async Capable": false,
                                  "Join Type": "Inner",
                                  "Startup Cost": 1819167.75,
                                  "Total Cost": 2166011.51,
                                  "Plan Rows": 38,
                                  "Plan Width": 35,
                                  "Inner Unique": false,
                                  "Hash Cond": "(orders.o_orderkey = lineitem.l_orderkey)",
                                  "Plans": [
                                    {
                                      "Node Type": "Seq Scan",
                                      "Parent Relationship": "Outer",
                                      "Parallel Aware": true,
                                      "Async Capable": false,
                                      "Relation Name": "orders",
                                      "Alias": "orders",
                                      "Startup Cost": 0.0,
                                      "Total Cost": 323407.71,
                                      "Plan Rows": 6249571,
                                      "Plan Width": 8,
                                      "parent": 8,
                                      "ID": 9
                                    },
                                    {
                                      "Node Type": "Hash",
                                      "Parent Relationship": "Inner",
                                      "Parallel Aware": true,
                                      "Async Capable": false,
                                      "Startup Cost": 1819167.28,
                                      "Total Cost": 1819167.28,
                                      "Plan Rows": 38,
                                      "Plan Width": 35,
                                      "Plans": [
                                        {
                                          "Node Type": "Hash Join",
                                          "Parent Relationship": "Outer",
                                          "Parallel Aware": true,
                                          "Async Capable": false,
                                          "Join Type": "Inner",
                                          "Startup Cost": 1546291.11,
                                          "Total Cost": 1819167.28,
                                          "Plan Rows": 38,
                                          "Plan Width": 35,
                                          "Inner Unique": false,
                                          "Hash Cond": "((partsupp.ps_suppkey = lineitem.l_suppkey) AND (partsupp.ps_partkey = lineitem.l_partkey))",
                                          "Plans": [
                                            {
                                              "Node Type": "Seq Scan",
                                              "Parent Relationship": "Outer",
                                              "Parallel Aware": true,
                                              "Async Capable": false,
                                              "Relation Name": "partsupp",
                                              "Alias": "partsupp",
                                              "Startup Cost": 0.0,
                                              "Total Cost": 207718.58,
                                              "Plan Rows": 3333258,
                                              "Plan Width": 14,
                                              "parent": 11,
                                              "ID": 12
                                            },
                                            {
                                              "Node Type": "Hash",
                                              "Parent Relationship": "Inner",
                                              "Parallel Aware": true,
                                              "Async Capable": false,
                                              "Startup Cost": 1524082.29,
                                              "Total Cost": 1524082.29,
                                              "Plan Rows": 973521,
                                              "Plan Width": 33,
                                              "Plans": [
                                                {
                                                  "Node Type": "Hash Join",
                                                  "Parent Relationship": "Outer",
                                                  "Parallel Aware": true,
                                                  "Async Capable": false,
                                                  "Join Type": "Inner",
                                                  "Startup Cost": 51799.14,
                                                  "Total Cost": 1524082.29,
                                                  "Plan Rows": 973521,
                                                  "Plan Width": 33,
                                                  "Inner Unique": false,
                                                  "Hash Cond": "(lineitem.l_partkey = part.p_partkey)",
                                                  "Plans": [
                                                    {
                                                      "Node Type": "Seq Scan",
                                                      "Parent Relationship": "Outer",
                                                      "Parallel Aware": true,
                                                      "Async Capable": false,
                                                      "Relation Name": "lineitem",
                                                      "Alias": "lineitem",
                                                      "Startup Cost": 0.0,
                                                      "Total Cost": 1374494.57,
                                                      "Plan Rows": 24995257,
                                                      "Plan Width": 29,
                                                      "parent": 14,
                                                      "ID": 15
                                                    },
                                                    {
                                                      "Node Type": "Hash",
                                                      "Parent Relationship": "Inner",
                                                      "Parallel Aware": true,
                                                      "Async Capable": false,
                                                      "Startup Cost": 51378.28,
                                                      "Total Cost": 51378.28,
                                                      "Plan Rows": 33669,
                                                      "Plan Width": 4,
                                                      "Plans": [
                                                        {
                                                          "Node Type": "Seq Scan",
                                                          "Parent Relationship": "Outer",
                                                          "Parallel Aware": true,
                                                          "Async Capable": false,
                                                          "Relation Name": "part",
                                                          "Alias": "part",
                                                          "Startup Cost": 0.0,
                                                          "Total Cost": 51378.28,
                                                          "Plan Rows": 33669,
                                                          "Plan Width": 4,
                                                          "Filter": "((p_name)::text ~~ '%blush%'::text)",
                                                          "parent": 16,
                                                          "ID": 17
                                                        }
                                                      ],
                                                      "parent": 14,
                                                      "ID": 16,
                                                      "left": 17
                                                    }
                                                  ],
                                                  "parent": 13,
                                                  "ID": 14,
                                                  "left": 15,
                                                  "right": 16
                                                }
                                              ],
                                              "parent": 11,
                                              "ID": 13,
                                              "left": 14
                                            }
                                          ],
                                          "parent": 10,
                                          "ID": 11,
                                          "left": 12,
                                          "right": 13
                                        }
                                      ],
                                      "parent": 8,
                                      "ID": 10,
                                      "left": 11
                                    }
                                  ],
                                  "parent": 7,
                                  "ID": 8,
                                  "left": 9,
                                  "right": 10
                                }
                              ],
                              "parent": 5,
                              "ID": 7,
                              "left": 8
                            }
                          ],
                          "parent": 4,
                          "ID": 5,
                          "left": 6,
                          "right": 7
                        },
                        {
                          "Node Type": "Hash",
                          "Parent Relationship": "Inner",
                          "Parallel Aware": false,
                          "Async Capable": false,
                          "Startup Cost": 1.25,
                          "Total Cost": 1.25,
                          "Plan Rows": 25,
                          "Plan Width": 30,
                          "Plans": [
                            {
                              "Node Type": "Seq Scan",
                              "Parent Relationship": "Outer",
                              "Parallel Aware": false,
                              "Async Capable": false,
                              "Relation Name": "nation",
                              "Alias": "nation",
                              "Startup Cost": 0.0,
                              "Total Cost": 1.25,
                              "Plan Rows": 25,
                              "Plan Width": 30,
                              "parent": 18,
                              "ID": 19
                            }
                          ],
                          "parent": 4,
                          "ID": 18,
                          "left": 19
                        }
                      ],
                      "parent": 3,
                      "ID": 4,
                      "left": 5,
                      "right": 18
                    }
                  ],
                  "parent": 2,
                  "ID": 3,
                  "left": 4
                }
              ],
              "parent": 1,
              "ID": 2,
              "left": 3
            }
          ],
          "parent": 0,
          "ID": 1,
          "left": 2
        }
      ],
      "parent": null,
      "ID": 0,
      "left": 1
    },
    "feat": {
      "utility": 0.023277498913223536,
      "query_shape": [
        [
          "Seq Scan",
          "Hash Join",
          "Sort",
          "Aggregate",
          "Gather Merge"
        ],
        [
          "Seq Scan",
          "Hash Join",
          "Hash",
          "Sort",
          "Aggregate",
          "Gather Merge"
        ],
        [
          "Seq Scan",
          "Hash Join",
          "Hash",
          "Sort",
          "Aggregate",
          "Gather Merge"
        ],
        [
          "Seq Scan",
          "Hash Join",
          "Hash",
          "Sort",
          "Aggregate",
          "Gather Merge"
        ],
        [
          "Seq Scan",
          "Hash",
          "Hash Join",
          "Sort",
          "Aggregate",
          "Gather Merge"
        ],
        [
          "Seq Scan",
          "Hash",
          "Hash Join",
          "Sort",
          "Aggregate",
          "Gather Merge"
        ]
      ],
      "index_shape": [
        "selection"
      ],
      "physical_operator": {
        "Seq Scan": [
          0.016834499999999974
        ]
      }
    }
  },
  {
    "query": "-- Functional Query Definition\n-- Approved February 1998\n\n\nselect\nnation,\no_year,\nsum(amount) as sum_profit\nfrom\n(\nselect\nn_name as nation,\nextract(year from o_orderdate) as o_year,\nl_extendedprice * (1 - l_discount) - ps_supplycost * l_quantity as amount\nfrom\npart,\nsupplier,\nlineitem,\npartsupp,\norders,\nnation\nwhere\ns_suppkey = l_suppkey\nand ps_suppkey = l_suppkey\nand ps_partkey = l_partkey\nand p_partkey = l_partkey\nand o_orderkey = l_orderkey\nand s_nationkey = n_nationkey\nand p_name like '%blush%'\n) as profit\ngroup by\nnation,\no_year\norder by\nnation,\no_year desc ;\n-- $ID$\n-- TPC-H/TPC-R Returned Item Reporting ",
    "indexes": "partsupp.ps_partkey",
    "wo plan est": {
      "Node Type": "Aggregate",
      "Strategy": "Sorted",
      "Partial Mode": "Finalize",
      "Parallel Aware": false,
      "Async Capable": false,
      "Startup Cost": 2170040.99,
      "Total Cost": 2170050.68,
      "Plan Rows": 90,
      "Plan Width": 90,
      "Group Key": [
        "nation.n_name",
        "(EXTRACT(year FROM orders.o_orderdate))"
      ],
      "Plans": [
        {
          "Node Type": "Gather Merge",
          "Parent Relationship": "Outer",
          "Parallel Aware": false,
          "Async Capable": false,
          "Startup Cost": 2170040.99,
          "Total Cost": 2170048.8,
          "Plan Rows": 53,
          "Plan Width": 90,
          "Workers Planned": 1,
          "Plans": [
            {
              "Node Type": "Aggregate",
              "Strategy": "Sorted",
              "Partial Mode": "Partial",
              "Parent Relationship": "Outer",
              "Parallel Aware": false,
              "Async Capable": false,
              "Startup Cost": 2169040.98,
              "Total Cost": 2169042.83,
              "Plan Rows": 53,
              "Plan Width": 90,
              "Group Key": [
                "nation.n_name",
                "(EXTRACT(year FROM orders.o_orderdate))"
              ],
              "Plans": [
                {
                  "Node Type": "Sort",
                  "Parent Relationship": "Outer",
                  "Parallel Aware": false,
                  "Async Capable": false,
                  "Startup Cost": 2169040.98,
                  "Total Cost": 2169041.11,
                  "Plan Rows": 53,
                  "Plan Width": 81,
                  "Sort Key": [
                    "nation.n_name",
                    "(EXTRACT(year FROM orders.o_orderdate)) DESC"
                  ],
                  "Plans": [
                    {
                      "Node Type": "Hash Join",
                      "Parent Relationship": "Outer",
                      "Parallel Aware": false,
                      "Async Capable": false,
                      "Join Type": "Inner",
                      "Startup Cost": 2166013.55,
                      "Total Cost": 2169039.46,
                      "Plan Rows": 53,
                      "Plan Width": 81,
                      "Inner Unique": false,
                      "Hash Cond": "(supplier.s_nationkey = nation.n_nationkey)",
                      "Plans": [
                        {
                          "Node Type": "Hash Join",
                          "Parent Relationship": "Outer",
                          "Parallel Aware": true,
                          "Async Capable": false,
                          "Join Type": "Inner",
                          "Startup Cost": 2166011.99,
                          "Total Cost": 2169037.03,
                          "Plan Rows": 53,
                          "Plan Width": 31,
                          "Inner Unique": false,
                          "Hash Cond": "(supplier.s_suppkey = lineitem.l_suppkey)",
                          "Plans": [
                            {
                              "Node Type": "Seq Scan",
                              "Parent Relationship": "Outer",
                              "Parallel Aware": true,
                              "Async Capable": false,
                              "Relation Name": "supplier",
                              "Alias": "supplier",
                              "Startup Cost": 0.0,
                              "Total Cost": 2804.24,
                              "Plan Rows": 58824,
                              "Plan Width": 8,
                              "parent": 5,
                              "ID": 6
                            },
                            {
                              "Node Type": "Hash",
                              "Parent Relationship": "Inner",
                              "Parallel Aware": true,
                              "Async Capable": false,
                              "Startup Cost": 2166011.51,
                              "Total Cost": 2166011.51,
                              "Plan Rows": 38,
                              "Plan Width": 35,
                              "Plans": [
                                {
                                  "Node Type": "Hash Join",
                                  "Parent Relationship": "Outer",
                                  "Parallel Aware": true,
                                  "Async Capable": false,
                                  "Join Type": "Inner",
                                  "Startup Cost": 1819167.75,
                                  "Total Cost": 2166011.51,
                                  "Plan Rows": 38,
                                  "Plan Width": 35,
                                  "Inner Unique": false,
                                  "Hash Cond": "(orders.o_orderkey = lineitem.l_orderkey)",
                                  "Plans": [
                                    {
                                      "Node Type": "Seq Scan",
                                      "Parent Relationship": "Outer",
                                      "Parallel Aware": true,
                                      "Async Capable": false,
                                      "Relation Name": "orders",
                                      "Alias": "orders",
                                      "Startup Cost": 0.0,
                                      "Total Cost": 323407.71,
                                      "Plan Rows": 6249571,
                                      "Plan Width": 8,
                                      "parent": 8,
                                      "ID": 9
                                    },
                                    {
                                      "Node Type": "Hash",
                                      "Parent Relationship": "Inner",
                                      "Parallel Aware": true,
                                      "Async Capable": false,
                                      "Startup Cost": 1819167.28,
                                      "Total Cost": 1819167.28,
                                      "Plan Rows": 38,
                                      "Plan Width": 35,
                                      "Plans": [
                                        {
                                          "Node Type": "Hash Join",
                                          "Parent Relationship": "Outer",
                                          "Parallel Aware": true,
                                          "Async Capable": false,
                                          "Join Type": "Inner",
                                          "Startup Cost": 1546291.11,
                                          "Total Cost": 1819167.28,
                                          "Plan Rows": 38,
                                          "Plan Width": 35,
                                          "Inner Unique": false,
                                          "Hash Cond": "((partsupp.ps_suppkey = lineitem.l_suppkey) AND (partsupp.ps_partkey = lineitem.l_partkey))",
                                          "Plans": [
                                            {
                                              "Node Type": "Seq Scan",
                                              "Parent Relationship": "Outer",
                                              "Parallel Aware": true,
                                              "Async Capable": false,
                                              "Relation Name": "partsupp",
                                              "Alias": "partsupp",
                                              "Startup Cost": 0.0,
                                              "Total Cost": 207718.58,
                                              "Plan Rows": 3333258,
                                              "Plan Width": 14,
                                              "parent": 11,
                                              "ID": 12
                                            },
                                            {
                                              "Node Type": "Hash",
                                              "Parent Relationship": "Inner",
                                              "Parallel Aware": true,
                                              "Async Capable": false,
                                              "Startup Cost": 1524082.29,
                                              "Total Cost": 1524082.29,
                                              "Plan Rows": 973521,
                                              "Plan Width": 33,
                                              "Plans": [
                                                {
                                                  "Node Type": "Hash Join",
                                                  "Parent Relationship": "Outer",
                                                  "Parallel Aware": true,
                                                  "Async Capable": false,
                                                  "Join Type": "Inner",
                                                  "Startup Cost": 51799.14,
                                                  "Total Cost": 1524082.29,
                                                  "Plan Rows": 973521,
                                                  "Plan Width": 33,
                                                  "Inner Unique": false,
                                                  "Hash Cond": "(lineitem.l_partkey = part.p_partkey)",
                                                  "Plans": [
                                                    {
                                                      "Node Type": "Seq Scan",
                                                      "Parent Relationship": "Outer",
                                                      "Parallel Aware": true,
                                                      "Async Capable": false,
                                                      "Relation Name": "lineitem",
                                                      "Alias": "lineitem",
                                                      "Startup Cost": 0.0,
                                                      "Total Cost": 1374494.57,
                                                      "Plan Rows": 24995257,
                                                      "Plan Width": 29,
                                                      "parent": 14,
                                                      "ID": 15
                                                    },
                                                    {
                                                      "Node Type": "Hash",
                                                      "Parent Relationship": "Inner",
                                                      "Parallel Aware": true,
                                                      "Async Capable": false,
                                                      "Startup Cost": 51378.28,
                                                      "Total Cost": 51378.28,
                                                      "Plan Rows": 33669,
                                                      "Plan Width": 4,
                                                      "Plans": [
                                                        {
                                                          "Node Type": "Seq Scan",
                                                          "Parent Relationship": "Outer",
                                                          "Parallel Aware": true,
                                                          "Async Capable": false,
                                                          "Relation Name": "part",
                                                          "Alias": "part",
                                                          "Startup Cost": 0.0,
                                                          "Total Cost": 51378.28,
                                                          "Plan Rows": 33669,
                                                          "Plan Width": 4,
                                                          "Filter": "((p_name)::text ~~ '%blush%'::text)",
                                                          "parent": 16,
                                                          "ID": 17
                                                        }
                                                      ],
                                                      "parent": 14,
                                                      "ID": 16,
                                                      "left": 17
                                                    }
                                                  ],
                                                  "parent": 13,
                                                  "ID": 14,
                                                  "left": 15,
                                                  "right": 16
                                                }
                                              ],
                                              "parent": 11,
                                              "ID": 13,
                                              "left": 14
                                            }
                                          ],
                                          "parent": 10,
                                          "ID": 11,
                                          "left": 12,
                                          "right": 13
                                        }
                                      ],
                                      "parent": 8,
                                      "ID": 10,
                                      "left": 11
                                    }
                                  ],
                                  "parent": 7,
                                  "ID": 8,
                                  "left": 9,
                                  "right": 10
                                }
                              ],
                              "parent": 5,
                              "ID": 7,
                              "left": 8
                            }
                          ],
                          "parent": 4,
                          "ID": 5,
                          "left": 6,
                          "right": 7
                        },
                        {
                          "Node Type": "Hash",
                          "Parent Relationship": "Inner",
                          "Parallel Aware": false,
                          "Async Capable": false,
                          "Startup Cost": 1.25,
                          "Total Cost": 1.25,
                          "Plan Rows": 25,
                          "Plan Width": 30,
                          "Plans": [
                            {
                              "Node Type": "Seq Scan",
                              "Parent Relationship": "Outer",
                              "Parallel Aware": false,
                              "Async Capable": false,
                              "Relation Name": "nation",
                              "Alias": "nation",
                              "Startup Cost": 0.0,
                              "Total Cost": 1.25,
                              "Plan Rows": 25,
                              "Plan Width": 30,
                              "parent": 18,
                              "ID": 19
                            }
                          ],
                          "parent": 4,
                          "ID": 18,
                          "left": 19
                        }
                      ],
                      "parent": 3,
                      "ID": 4,
                      "left": 5,
                      "right": 18
                    }
                  ],
                  "parent": 2,
                  "ID": 3,
                  "left": 4
                }
              ],
              "parent": 1,
              "ID": 2,
              "left": 3
            }
          ],
          "parent": 0,
          "ID": 1,
          "left": 2
        }
      ],
      "parent": null,
      "ID": 0,
      "left": 1
    },
    "feat": {
      "utility": 5.76021442252235e-07,
      "query_shape": [
        [
          "Seq Scan",
          "Hash Join",
          "Sort",
          "Aggregate",
          "Gather Merge"
        ],
        [
          "Seq Scan",
          "Hash Join",
          "Hash",
          "Sort",
          "Aggregate",
          "Gather Merge"
        ],
        [
          "Seq Scan",
          "Hash Join",
          "Hash",
          "Sort",
          "Aggregate",
          "Gather Merge"
        ],
        [
          "Seq Scan",
          "Hash Join",
          "Hash",
          "Sort",
          "Aggregate",
          "Gather Merge"
        ],
        [
          "Seq Scan",
          "Hash",
          "Hash Join",
          "Sort",
          "Aggregate",
          "Gather Merge"
        ],
        [
          "Seq Scan",
          "Hash",
          "Hash Join",
          "Sort",
          "Aggregate",
          "Gather Merge"
        ]
      ],
      "index_shape": [
        "join"
      ],
      "physical_operator": {
        "Hash Join": [
          3.4220367652581323e-06
        ]
      }
    }
  },
  {
    "query": "-- Functional Query Definition\n-- Approved February 1998\n\n\nselect\nnation,\no_year,\nsum(amount) as sum_profit\nfrom\n(\nselect\nn_name as nation,\nextract(year from o_orderdate) as o_year,\nl_extendedprice * (1 - l_discount) - ps_supplycost * l_quantity as amount\nfrom\npart,\nsupplier,\nlineitem,\npartsupp,\norders,\nnation\nwhere\ns_suppkey = l_suppkey\nand ps_suppkey = l_suppkey\nand ps_partkey = l_partkey\nand p_partkey = l_partkey\nand o_orderkey = l_orderkey\nand s_nationkey = n_nationkey\nand p_name like '%blush%'\n) as profit\ngroup by\nnation,\no_year\norder by\nnation,\no_year desc ;\n-- $ID$\n-- TPC-H/TPC-R Returned Item Reporting ",
    "indexes": "partsupp.ps_suppkey",
    "wo plan est": {
      "Node Type": "Aggregate",
      "Strategy": "Sorted",
      "Partial Mode": "Finalize",
      "Parallel Aware": false,
      "Async Capable": false,
      "Startup Cost": 2170040.99,
      "Total Cost": 2170050.68,
      "Plan Rows": 90,
      "Plan Width": 90,
      "Group Key": [
        "nation.n_name",
        "(EXTRACT(year FROM orders.o_orderdate))"
      ],
      "Plans": [
        {
          "Node Type": "Gather Merge",
          "Parent Relationship": "Outer",
          "Parallel Aware": false,
          "Async Capable": false,
          "Startup Cost": 2170040.99,
          "Total Cost": 2170048.8,
          "Plan Rows": 53,
          "Plan Width": 90,
          "Workers Planned": 1,
          "Plans": [
            {
              "Node Type": "Aggregate",
              "Strategy": "Sorted",
              "Partial Mode": "Partial",
              "Parent Relationship": "Outer",
              "Parallel Aware": false,
              "Async Capable": false,
              "Startup Cost": 2169040.98,
              "Total Cost": 2169042.83,
              "Plan Rows": 53,
              "Plan Width": 90,
              "Group Key": [
                "nation.n_name",
                "(EXTRACT(year FROM orders.o_orderdate))"
              ],
              "Plans": [
                {
                  "Node Type": "Sort",
                  "Parent Relationship": "Outer",
                  "Parallel Aware": false,
                  "Async Capable": false,
                  "Startup Cost": 2169040.98,
                  "Total Cost": 2169041.11,
                  "Plan Rows": 53,
                  "Plan Width": 81,
                  "Sort Key": [
                    "nation.n_name",
                    "(EXTRACT(year FROM orders.o_orderdate)) DESC"
                  ],
                  "Plans": [
                    {
                      "Node Type": "Hash Join",
                      "Parent Relationship": "Outer",
                      "Parallel Aware": false,
                      "Async Capable": false,
                      "Join Type": "Inner",
                      "Startup Cost": 2166013.55,
                      "Total Cost": 2169039.46,
                      "Plan Rows": 53,
                      "Plan Width": 81,
                      "Inner Unique": false,
                      "Hash Cond": "(supplier.s_nationkey = nation.n_nationkey)",
                      "Plans": [
                        {
                          "Node Type": "Hash Join",
                          "Parent Relationship": "Outer",
                          "Parallel Aware": true,
                          "Async Capable": false,
                          "Join Type": "Inner",
                          "Startup Cost": 2166011.99,
                          "Total Cost": 2169037.03,
                          "Plan Rows": 53,
                          "Plan Width": 31,
                          "Inner Unique": false,
                          "Hash Cond": "(supplier.s_suppkey = lineitem.l_suppkey)",
                          "Plans": [
                            {
                              "Node Type": "Seq Scan",
                              "Parent Relationship": "Outer",
                              "Parallel Aware": true,
                              "Async Capable": false,
                              "Relation Name": "supplier",
                              "Alias": "supplier",
                              "Startup Cost": 0.0,
                              "Total Cost": 2804.24,
                              "Plan Rows": 58824,
                              "Plan Width": 8,
                              "parent": 5,
                              "ID": 6
                            },
                            {
                              "Node Type": "Hash",
                              "Parent Relationship": "Inner",
                              "Parallel Aware": true,
                              "Async Capable": false,
                              "Startup Cost": 2166011.51,
                              "Total Cost": 2166011.51,
                              "Plan Rows": 38,
                              "Plan Width": 35,
                              "Plans": [
                                {
                                  "Node Type": "Hash Join",
                                  "Parent Relationship": "Outer",
                                  "Parallel Aware": true,
                                  "Async Capable": false,
                                  "Join Type": "Inner",
                                  "Startup Cost": 1819167.75,
                                  "Total Cost": 2166011.51,
                                  "Plan Rows": 38,
                                  "Plan Width": 35,
                                  "Inner Unique": false,
                                  "Hash Cond": "(orders.o_orderkey = lineitem.l_orderkey)",
                                  "Plans": [
                                    {
                                      "Node Type": "Seq Scan",
                                      "Parent Relationship": "Outer",
                                      "Parallel Aware": true,
                                      "Async Capable": false,
                                      "Relation Name": "orders",
                                      "Alias": "orders",
                                      "Startup Cost": 0.0,
                                      "Total Cost": 323407.71,
                                      "Plan Rows": 6249571,
                                      "Plan Width": 8,
                                      "parent": 8,
                                      "ID": 9
                                    },
                                    {
                                      "Node Type": "Hash",
                                      "Parent Relationship": "Inner",
                                      "Parallel Aware": true,
                                      "Async Capable": false,
                                      "Startup Cost": 1819167.28,
                                      "Total Cost": 1819167.28,
                                      "Plan Rows": 38,
                                      "Plan Width": 35,
                                      "Plans": [
                                        {
                                          "Node Type": "Hash Join",
                                          "Parent Relationship": "Outer",
                                          "Parallel Aware": true,
                                          "Async Capable": false,
                                          "Join Type": "Inner",
                                          "Startup Cost": 1546291.11,
                                          "Total Cost": 1819167.28,
                                          "Plan Rows": 38,
                                          "Plan Width": 35,
                                          "Inner Unique": false,
                                          "Hash Cond": "((partsupp.ps_suppkey = lineitem.l_suppkey) AND (partsupp.ps_partkey = lineitem.l_partkey))",
                                          "Plans": [
                                            {
                                              "Node Type": "Seq Scan",
                                              "Parent Relationship": "Outer",
                                              "Parallel Aware": true,
                                              "Async Capable": false,
                                              "Relation Name": "partsupp",
                                              "Alias": "partsupp",
                                              "Startup Cost": 0.0,
                                              "Total Cost": 207718.58,
                                              "Plan Rows": 3333258,
                                              "Plan Width": 14,
                                              "parent": 11,
                                              "ID": 12
                                            },
                                            {
                                              "Node Type": "Hash",
                                              "Parent Relationship": "Inner",
                                              "Parallel Aware": true,
                                              "Async Capable": false,
                                              "Startup Cost": 1524082.29,
                                              "Total Cost": 1524082.29,
                                              "Plan Rows": 973521,
                                              "Plan Width": 33,
                                              "Plans": [
                                                {
                                                  "Node Type": "Hash Join",
                                                  "Parent Relationship": "Outer",
                                                  "Parallel Aware": true,
                                                  "Async Capable": false,
                                                  "Join Type": "Inner",
                                                  "Startup Cost": 51799.14,
                                                  "Total Cost": 1524082.29,
                                                  "Plan Rows": 973521,
                                                  "Plan Width": 33,
                                                  "Inner Unique": false,
                                                  "Hash Cond": "(lineitem.l_partkey = part.p_partkey)",
                                                  "Plans": [
                                                    {
                                                      "Node Type": "Seq Scan",
                                                      "Parent Relationship": "Outer",
                                                      "Parallel Aware": true,
                                                      "Async Capable": false,
                                                      "Relation Name": "lineitem",
                                                      "Alias": "lineitem",
                                                      "Startup Cost": 0.0,
                                                      "Total Cost": 1374494.57,
                                                      "Plan Rows": 24995257,
                                                      "Plan Width": 29,
                                                      "parent": 14,
                                                      "ID": 15
                                                    },
                                                    {
                                                      "Node Type": "Hash",
                                                      "Parent Relationship": "Inner",
                                                      "Parallel Aware": true,
                                                      "Async Capable": false,
                                                      "Startup Cost": 51378.28,
                                                      "Total Cost": 51378.28,
                                                      "Plan Rows": 33669,
                                                      "Plan Width": 4,
                                                      "Plans": [
                                                        {
                                                          "Node Type": "Seq Scan",
                                                          "Parent Relationship": "Outer",
                                                          "Parallel Aware": true,
                                                          "Async Capable": false,
                                                          "Relation Name": "part",
                                                          "Alias": "part",
                                                          "Startup Cost": 0.0,
                                                          "Total Cost": 51378.28,
                                                          "Plan Rows": 33669,
                                                          "Plan Width": 4,
                                                          "Filter": "((p_name)::text ~~ '%blush%'::text)",
                                                          "parent": 16,
                                                          "ID": 17
                                                        }
                                                      ],
                                                      "parent": 14,
                                                      "ID": 16,
                                                      "left": 17
                                                    }
                                                  ],
                                                  "parent": 13,
                                                  "ID": 14,
                                                  "left": 15,
                                                  "right": 16
                                                }
                                              ],
                                              "parent": 11,
                                              "ID": 13,
                                              "left": 14
                                            }
                                          ],
                                          "parent": 10,
                                          "ID": 11,
                                          "left": 12,
                                          "right": 13
                                        }
                                      ],
                                      "parent": 8,
                                      "ID": 10,
                                      "left": 11
                                    }
                                  ],
                                  "parent": 7,
                                  "ID": 8,
                                  "left": 9,
                                  "right": 10
                                }
                              ],
                              "parent": 5,
                              "ID": 7,
                              "left": 8
                            }
                          ],
                          "parent": 4,
                          "ID": 5,
                          "left": 6,
                          "right": 7
                        },
                        {
                          "Node Type": "Hash",
                          "Parent Relationship": "Inner",
                          "Parallel Aware": false,
                          "Async Capable": false,
                          "Startup Cost": 1.25,
                          "Total Cost": 1.25,
                          "Plan Rows": 25,
                          "Plan Width": 30,
                          "Plans": [
                            {
                              "Node Type": "Seq Scan",
                              "Parent Relationship": "Outer",
                              "Parallel Aware": false,
                              "Async Capable": false,
                              "Relation Name": "nation",
                              "Alias": "nation",
                              "Startup Cost": 0.0,
                              "Total Cost": 1.25,
                              "Plan Rows": 25,
                              "Plan Width": 30,
                              "parent": 18,
                              "ID": 19
                            }
                          ],
                          "parent": 4,
                          "ID": 18,
                          "left": 19
                        }
                      ],
                      "parent": 3,
                      "ID": 4,
                      "left": 5,
                      "right": 18
                    }
                  ],
                  "parent": 2,
                  "ID": 3,
                  "left": 4
                }
              ],
              "parent": 1,
              "ID": 2,
              "left": 3
            }
          ],
          "parent": 0,
          "ID": 1,
          "left": 2
        }
      ],
      "parent": null,
      "ID": 0,
      "left": 1
    },
    "feat": {
      "utility": 5.76021442252235e-07,
      "query_shape": [
        [
          "Seq Scan",
          "Hash Join",
          "Sort",
          "Aggregate",
          "Gather Merge"
        ],
        [
          "Seq Scan",
          "Hash Join",
          "Hash",
          "Sort",
          "Aggregate",
          "Gather Merge"
        ],
        [
          "Seq Scan",
          "Hash Join",
          "Hash",
          "Sort",
          "Aggregate",
          "Gather Merge"
        ],
        [
          "Seq Scan",
          "Hash Join",
          "Hash",
          "Sort",
          "Aggregate",
          "Gather Merge"
        ],
        [
          "Seq Scan",
          "Hash",
          "Hash Join",
          "Sort",
          "Aggregate",
          "Gather Merge"
        ],
        [
          "Seq Scan",
          "Hash",
          "Hash Join",
          "Sort",
          "Aggregate",
          "Gather Merge"
        ]
      ],
      "index_shape": [
        "join"
      ],
      "physical_operator": {
        "Hash Join": [
          3.4220367652581323e-06
        ]
      }
    }
  },
  {
    "query": "-- Functional Query Definition\n-- Approved February 1998\n\n\nselect\nnation,\no_year,\nsum(amount) as sum_profit\nfrom\n(\nselect\nn_name as nation,\nextract(year from o_orderdate) as o_year,\nl_extendedprice * (1 - l_discount) - ps_supplycost * l_quantity as amount\nfrom\npart,\nsupplier,\nlineitem,\npartsupp,\norders,\nnation\nwhere\ns_suppkey = l_suppkey\nand ps_suppkey = l_suppkey\nand ps_partkey = l_partkey\nand p_partkey = l_partkey\nand o_orderkey = l_orderkey\nand s_nationkey = n_nationkey\nand p_name like '%blush%'\n) as profit\ngroup by\nnation,\no_year\norder by\nnation,\no_year desc ;\n-- $ID$\n-- TPC-H/TPC-R Returned Item Reporting ",
    "indexes": "partsupp.ps_supplycost",
    "wo plan est": {
      "Node Type": "Aggregate",
      "Strategy": "Sorted",
      "Partial Mode": "Finalize",
      "Parallel Aware": false,
      "Async Capable": false,
      "Startup Cost": 2170040.99,
      "Total Cost": 2170050.68,
      "Plan Rows": 90,
      "Plan Width": 90,
      "Group Key": [
        "nation.n_name",
        "(EXTRACT(year FROM orders.o_orderdate))"
      ],
      "Plans": [
        {
          "Node Type": "Gather Merge",
          "Parent Relationship": "Outer",
          "Parallel Aware": false,
          "Async Capable": false,
          "Startup Cost": 2170040.99,
          "Total Cost": 2170048.8,
          "Plan Rows": 53,
          "Plan Width": 90,
          "Workers Planned": 1,
          "Plans": [
            {
              "Node Type": "Aggregate",
              "Strategy": "Sorted",
              "Partial Mode": "Partial",
              "Parent Relationship": "Outer",
              "Parallel Aware": false,
              "Async Capable": false,
              "Startup Cost": 2169040.98,
              "Total Cost": 2169042.83,
              "Plan Rows": 53,
              "Plan Width": 90,
              "Group Key": [
                "nation.n_name",
                "(EXTRACT(year FROM orders.o_orderdate))"
              ],
              "Plans": [
                {
                  "Node Type": "Sort",
                  "Parent Relationship": "Outer",
                  "Parallel Aware": false,
                  "Async Capable": false,
                  "Startup Cost": 2169040.98,
                  "Total Cost": 2169041.11,
                  "Plan Rows": 53,
                  "Plan Width": 81,
                  "Sort Key": [
                    "nation.n_name",
                    "(EXTRACT(year FROM orders.o_orderdate)) DESC"
                  ],
                  "Plans": [
                    {
                      "Node Type": "Hash Join",
                      "Parent Relationship": "Outer",
                      "Parallel Aware": false,
                      "Async Capable": false,
                      "Join Type": "Inner",
                      "Startup Cost": 2166013.55,
                      "Total Cost": 2169039.46,
                      "Plan Rows": 53,
                      "Plan Width": 81,
                      "Inner Unique": false,
                      "Hash Cond": "(supplier.s_nationkey = nation.n_nationkey)",
                      "Plans": [
                        {
                          "Node Type": "Hash Join",
                          "Parent Relationship": "Outer",
                          "Parallel Aware": true,
                          "Async Capable": false,
                          "Join Type": "Inner",
                          "Startup Cost": 2166011.99,
                          "Total Cost": 2169037.03,
                          "Plan Rows": 53,
                          "Plan Width": 31,
                          "Inner Unique": false,
                          "Hash Cond": "(supplier.s_suppkey = lineitem.l_suppkey)",
                          "Plans": [
                            {
                              "Node Type": "Seq Scan",
                              "Parent Relationship": "Outer",
                              "Parallel Aware": true,
                              "Async Capable": false,
                              "Relation Name": "supplier",
                              "Alias": "supplier",
                              "Startup Cost": 0.0,
                              "Total Cost": 2804.24,
                              "Plan Rows": 58824,
                              "Plan Width": 8,
                              "parent": 5,
                              "ID": 6
                            },
                            {
                              "Node Type": "Hash",
                              "Parent Relationship": "Inner",
                              "Parallel Aware": true,
                              "Async Capable": false,
                              "Startup Cost": 2166011.51,
                              "Total Cost": 2166011.51,
                              "Plan Rows": 38,
                              "Plan Width": 35,
                              "Plans": [
                                {
                                  "Node Type": "Hash Join",
                                  "Parent Relationship": "Outer",
                                  "Parallel Aware": true,
                                  "Async Capable": false,
                                  "Join Type": "Inner",
                                  "Startup Cost": 1819167.75,
                                  "Total Cost": 2166011.51,
                                  "Plan Rows": 38,
                                  "Plan Width": 35,
                                  "Inner Unique": false,
                                  "Hash Cond": "(orders.o_orderkey = lineitem.l_orderkey)",
                                  "Plans": [
                                    {
                                      "Node Type": "Seq Scan",
                                      "Parent Relationship": "Outer",
                                      "Parallel Aware": true,
                                      "Async Capable": false,
                                      "Relation Name": "orders",
                                      "Alias": "orders",
                                      "Startup Cost": 0.0,
                                      "Total Cost": 323407.71,
                                      "Plan Rows": 6249571,
                                      "Plan Width": 8,
                                      "parent": 8,
                                      "ID": 9
                                    },
                                    {
                                      "Node Type": "Hash",
                                      "Parent Relationship": "Inner",
                                      "Parallel Aware": true,
                                      "Async Capable": false,
                                      "Startup Cost": 1819167.28,
                                      "Total Cost": 1819167.28,
                                      "Plan Rows": 38,
                                      "Plan Width": 35,
                                      "Plans": [
                                        {
                                          "Node Type": "Hash Join",
                                          "Parent Relationship": "Outer",
                                          "Parallel Aware": true,
                                          "Async Capable": false,
                                          "Join Type": "Inner",
                                          "Startup Cost": 1546291.11,
                                          "Total Cost": 1819167.28,
                                          "Plan Rows": 38,
                                          "Plan Width": 35,
                                          "Inner Unique": false,
                                          "Hash Cond": "((partsupp.ps_suppkey = lineitem.l_suppkey) AND (partsupp.ps_partkey = lineitem.l_partkey))",
                                          "Plans": [
                                            {
                                              "Node Type": "Seq Scan",
                                              "Parent Relationship": "Outer",
                                              "Parallel Aware": true,
                                              "Async Capable": false,
                                              "Relation Name": "partsupp",
                                              "Alias": "partsupp",
                                              "Startup Cost": 0.0,
                                              "Total Cost": 207718.58,
                                              "Plan Rows": 3333258,
                                              "Plan Width": 14,
                                              "parent": 11,
                                              "ID": 12
                                            },
                                            {
                                              "Node Type": "Hash",
                                              "Parent Relationship": "Inner",
                                              "Parallel Aware": true,
                                              "Async Capable": false,
                                              "Startup Cost": 1524082.29,
                                              "Total Cost": 1524082.29,
                                              "Plan Rows": 973521,
                                              "Plan Width": 33,
                                              "Plans": [
                                                {
                                                  "Node Type": "Hash Join",
                                                  "Parent Relationship": "Outer",
                                                  "Parallel Aware": true,
                                                  "Async Capable": false,
                                                  "Join Type": "Inner",
                                                  "Startup Cost": 51799.14,
                                                  "Total Cost": 1524082.29,
                                                  "Plan Rows": 973521,
                                                  "Plan Width": 33,
                                                  "Inner Unique": false,
                                                  "Hash Cond": "(lineitem.l_partkey = part.p_partkey)",
                                                  "Plans": [
                                                    {
                                                      "Node Type": "Seq Scan",
                                                      "Parent Relationship": "Outer",
                                                      "Parallel Aware": true,
                                                      "Async Capable": false,
                                                      "Relation Name": "lineitem",
                                                      "Alias": "lineitem",
                                                      "Startup Cost": 0.0,
                                                      "Total Cost": 1374494.57,
                                                      "Plan Rows": 24995257,
                                                      "Plan Width": 29,
                                                      "parent": 14,
                                                      "ID": 15
                                                    },
                                                    {
                                                      "Node Type": "Hash",
                                                      "Parent Relationship": "Inner",
                                                      "Parallel Aware": true,
                                                      "Async Capable": false,
                                                      "Startup Cost": 51378.28,
                                                      "Total Cost": 51378.28,
                                                      "Plan Rows": 33669,
                                                      "Plan Width": 4,
                                                      "Plans": [
                                                        {
                                                          "Node Type": "Seq Scan",
                                                          "Parent Relationship": "Outer",
                                                          "Parallel Aware": true,
                                                          "Async Capable": false,
                                                          "Relation Name": "part",
                                                          "Alias": "part",
                                                          "Startup Cost": 0.0,
                                                          "Total Cost": 51378.28,
                                                          "Plan Rows": 33669,
                                                          "Plan Width": 4,
                                                          "Filter": "((p_name)::text ~~ '%blush%'::text)",
                                                          "parent": 16,
                                                          "ID": 17
                                                        }
                                                      ],
                                                      "parent": 14,
                                                      "ID": 16,
                                                      "left": 17
                                                    }
                                                  ],
                                                  "parent": 13,
                                                  "ID": 14,
                                                  "left": 15,
                                                  "right": 16
                                                }
                                              ],
                                              "parent": 11,
                                              "ID": 13,
                                              "left": 14
                                            }
                                          ],
                                          "parent": 10,
                                          "ID": 11,
                                          "left": 12,
                                          "right": 13
                                        }
                                      ],
                                      "parent": 8,
                                      "ID": 10,
                                      "left": 11
                                    }
                                  ],
                                  "parent": 7,
                                  "ID": 8,
                                  "left": 9,
                                  "right": 10
                                }
                              ],
                              "parent": 5,
                              "ID": 7,
                              "left": 8
                            }
                          ],
                          "parent": 4,
                          "ID": 5,
                          "left": 6,
                          "right": 7
                        },
                        {
                          "Node Type": "Hash",
                          "Parent Relationship": "Inner",
                          "Parallel Aware": false,
                          "Async Capable": false,
                          "Startup Cost": 1.25,
                          "Total Cost": 1.25,
                          "Plan Rows": 25,
                          "Plan Width": 30,
                          "Plans": [
                            {
                              "Node Type": "Seq Scan",
                              "Parent Relationship": "Outer",
                              "Parallel Aware": false,
                              "Async Capable": false,
                              "Relation Name": "nation",
                              "Alias": "nation",
                              "Startup Cost": 0.0,
                              "Total Cost": 1.25,
                              "Plan Rows": 25,
                              "Plan Width": 30,
                              "parent": 18,
                              "ID": 19
                            }
                          ],
                          "parent": 4,
                          "ID": 18,
                          "left": 19
                        }
                      ],
                      "parent": 3,
                      "ID": 4,
                      "left": 5,
                      "right": 18
                    }
                  ],
                  "parent": 2,
                  "ID": 3,
                  "left": 4
                }
              ],
              "parent": 1,
              "ID": 2,
              "left": 3
            }
          ],
          "parent": 0,
          "ID": 1,
          "left": 2
        }
      ],
      "parent": null,
      "ID": 0,
      "left": 1
    },
    "feat": {
      "utility": 0.0,
      "query_shape": [
        [
          "Seq Scan",
          "Hash Join",
          "Sort",
          "Aggregate",
          "Gather Merge"
        ],
        [
          "Seq Scan",
          "Hash Join",
          "Hash",
          "Sort",
          "Aggregate",
          "Gather Merge"
        ],
        [
          "Seq Scan",
          "Hash Join",
          "Hash",
          "Sort",
          "Aggregate",
          "Gather Merge"
        ],
        [
          "Seq Scan",
          "Hash Join",
          "Hash",
          "Sort",
          "Aggregate",
          "Gather Merge"
        ],
        [
          "Seq Scan",
          "Hash",
          "Hash Join",
          "Sort",
          "Aggregate",
          "Gather Merge"
        ],
        [
          "Seq Scan",
          "Hash",
          "Hash Join",
          "Sort",
          "Aggregate",
          "Gather Merge"
        ]
      ],
      "index_shape": [],
      "physical_operator": {}
    }
  },
  {
    "query": "-- Functional Query Definition\n-- Approved February 1998\n\n\nselect\nnation,\no_year,\nsum(amount) as sum_profit\nfrom\n(\nselect\nn_name as nation,\nextract(year from o_orderdate) as o_year,\nl_extendedprice * (1 - l_discount) - ps_supplycost * l_quantity as amount\nfrom\npart,\nsupplier,\nlineitem,\npartsupp,\norders,\nnation\nwhere\ns_suppkey = l_suppkey\nand ps_suppkey = l_suppkey\nand ps_partkey = l_partkey\nand p_partkey = l_partkey\nand o_orderkey = l_orderkey\nand s_nationkey = n_nationkey\nand p_name like '%blush%'\n) as profit\ngroup by\nnation,\no_year\norder by\nnation,\no_year desc ;\n-- $ID$\n-- TPC-H/TPC-R Returned Item Reporting ",
    "indexes": "supplier.s_suppkey",
    "wo plan est": {
      "Node Type": "Aggregate",
      "Strategy": "Sorted",
      "Partial Mode": "Finalize",
      "Parallel Aware": false,
      "Async Capable": false,
      "Startup Cost": 2170040.99,
      "Total Cost": 2170050.68,
      "Plan Rows": 90,
      "Plan Width": 90,
      "Group Key": [
        "nation.n_name",
        "(EXTRACT(year FROM orders.o_orderdate))"
      ],
      "Plans": [
        {
          "Node Type": "Gather Merge",
          "Parent Relationship": "Outer",
          "Parallel Aware": false,
          "Async Capable": false,
          "Startup Cost": 2170040.99,
          "Total Cost": 2170048.8,
          "Plan Rows": 53,
          "Plan Width": 90,
          "Workers Planned": 1,
          "Plans": [
            {
              "Node Type": "Aggregate",
              "Strategy": "Sorted",
              "Partial Mode": "Partial",
              "Parent Relationship": "Outer",
              "Parallel Aware": false,
              "Async Capable": false,
              "Startup Cost": 2169040.98,
              "Total Cost": 2169042.83,
              "Plan Rows": 53,
              "Plan Width": 90,
              "Group Key": [
                "nation.n_name",
                "(EXTRACT(year FROM orders.o_orderdate))"
              ],
              "Plans": [
                {
                  "Node Type": "Sort",
                  "Parent Relationship": "Outer",
                  "Parallel Aware": false,
                  "Async Capable": false,
                  "Startup Cost": 2169040.98,
                  "Total Cost": 2169041.11,
                  "Plan Rows": 53,
                  "Plan Width": 81,
                  "Sort Key": [
                    "nation.n_name",
                    "(EXTRACT(year FROM orders.o_orderdate)) DESC"
                  ],
                  "Plans": [
                    {
                      "Node Type": "Hash Join",
                      "Parent Relationship": "Outer",
                      "Parallel Aware": false,
                      "Async Capable": false,
                      "Join Type": "Inner",
                      "Startup Cost": 2166013.55,
                      "Total Cost": 2169039.46,
                      "Plan Rows": 53,
                      "Plan Width": 81,
                      "Inner Unique": false,
                      "Hash Cond": "(supplier.s_nationkey = nation.n_nationkey)",
                      "Plans": [
                        {
                          "Node Type": "Hash Join",
                          "Parent Relationship": "Outer",
                          "Parallel Aware": true,
                          "Async Capable": false,
                          "Join Type": "Inner",
                          "Startup Cost": 2166011.99,
                          "Total Cost": 2169037.03,
                          "Plan Rows": 53,
                          "Plan Width": 31,
                          "Inner Unique": false,
                          "Hash Cond": "(supplier.s_suppkey = lineitem.l_suppkey)",
                          "Plans": [
                            {
                              "Node Type": "Seq Scan",
                              "Parent Relationship": "Outer",
                              "Parallel Aware": true,
                              "Async Capable": false,
                              "Relation Name": "supplier",
                              "Alias": "supplier",
                              "Startup Cost": 0.0,
                              "Total Cost": 2804.24,
                              "Plan Rows": 58824,
                              "Plan Width": 8,
                              "parent": 5,
                              "ID": 6
                            },
                            {
                              "Node Type": "Hash",
                              "Parent Relationship": "Inner",
                              "Parallel Aware": true,
                              "Async Capable": false,
                              "Startup Cost": 2166011.51,
                              "Total Cost": 2166011.51,
                              "Plan Rows": 38,
                              "Plan Width": 35,
                              "Plans": [
                                {
                                  "Node Type": "Hash Join",
                                  "Parent Relationship": "Outer",
                                  "Parallel Aware": true,
                                  "Async Capable": false,
                                  "Join Type": "Inner",
                                  "Startup Cost": 1819167.75,
                                  "Total Cost": 2166011.51,
                                  "Plan Rows": 38,
                                  "Plan Width": 35,
                                  "Inner Unique": false,
                                  "Hash Cond": "(orders.o_orderkey = lineitem.l_orderkey)",
                                  "Plans": [
                                    {
                                      "Node Type": "Seq Scan",
                                      "Parent Relationship": "Outer",
                                      "Parallel Aware": true,
                                      "Async Capable": false,
                                      "Relation Name": "orders",
                                      "Alias": "orders",
                                      "Startup Cost": 0.0,
                                      "Total Cost": 323407.71,
                                      "Plan Rows": 6249571,
                                      "Plan Width": 8,
                                      "parent": 8,
                                      "ID": 9
                                    },
                                    {
                                      "Node Type": "Hash",
                                      "Parent Relationship": "Inner",
                                      "Parallel Aware": true,
                                      "Async Capable": false,
                                      "Startup Cost": 1819167.28,
                                      "Total Cost": 1819167.28,
                                      "Plan Rows": 38,
                                      "Plan Width": 35,
                                      "Plans": [
                                        {
                                          "Node Type": "Hash Join",
                                          "Parent Relationship": "Outer",
                                          "Parallel Aware": true,
                                          "Async Capable": false,
                                          "Join Type": "Inner",
                                          "Startup Cost": 1546291.11,
                                          "Total Cost": 1819167.28,
                                          "Plan Rows": 38,
                                          "Plan Width": 35,
                                          "Inner Unique": false,
                                          "Hash Cond": "((partsupp.ps_suppkey = lineitem.l_suppkey) AND (partsupp.ps_partkey = lineitem.l_partkey))",
                                          "Plans": [
                                            {
                                              "Node Type": "Seq Scan",
                                              "Parent Relationship": "Outer",
                                              "Parallel Aware": true,
                                              "Async Capable": false,
                                              "Relation Name": "partsupp",
                                              "Alias": "partsupp",
                                              "Startup Cost": 0.0,
                                              "Total Cost": 207718.58,
                                              "Plan Rows": 3333258,
                                              "Plan Width": 14,
                                              "parent": 11,
                                              "ID": 12
                                            },
                                            {
                                              "Node Type": "Hash",
                                              "Parent Relationship": "Inner",
                                              "Parallel Aware": true,
                                              "Async Capable": false,
                                              "Startup Cost": 1524082.29,
                                              "Total Cost": 1524082.29,
                                              "Plan Rows": 973521,
                                              "Plan Width": 33,
                                              "Plans": [
                                                {
                                                  "Node Type": "Hash Join",
                                                  "Parent Relationship": "Outer",
                                                  "Parallel Aware": true,
                                                  "Async Capable": false,
                                                  "Join Type": "Inner",
                                                  "Startup Cost": 51799.14,
                                                  "Total Cost": 1524082.29,
                                                  "Plan Rows": 973521,
                                                  "Plan Width": 33,
                                                  "Inner Unique": false,
                                                  "Hash Cond": "(lineitem.l_partkey = part.p_partkey)",
                                                  "Plans": [
                                                    {
                                                      "Node Type": "Seq Scan",
                                                      "Parent Relationship": "Outer",
                                                      "Parallel Aware": true,
                                                      "Async Capable": false,
                                                      "Relation Name": "lineitem",
                                                      "Alias": "lineitem",
                                                      "Startup Cost": 0.0,
                                                      "Total Cost": 1374494.57,
                                                      "Plan Rows": 24995257,
                                                      "Plan Width": 29,
                                                      "parent": 14,
                                                      "ID": 15
                                                    },
                                                    {
                                                      "Node Type": "Hash",
                                                      "Parent Relationship": "Inner",
                                                      "Parallel Aware": true,
                                                      "Async Capable": false,
                                                      "Startup Cost": 51378.28,
                                                      "Total Cost": 51378.28,
                                                      "Plan Rows": 33669,
                                                      "Plan Width": 4,
                                                      "Plans": [
                                                        {
                                                          "Node Type": "Seq Scan",
                                                          "Parent Relationship": "Outer",
                                                          "Parallel Aware": true,
                                                          "Async Capable": false,
                                                          "Relation Name": "part",
                                                          "Alias": "part",
                                                          "Startup Cost": 0.0,
                                                          "Total Cost": 51378.28,
                                                          "Plan Rows": 33669,
                                                          "Plan Width": 4,
                                                          "Filter": "((p_name)::text ~~ '%blush%'::text)",
                                                          "parent": 16,
                                                          "ID": 17
                                                        }
                                                      ],
                                                      "parent": 14,
                                                      "ID": 16,
                                                      "left": 17
                                                    }
                                                  ],
                                                  "parent": 13,
                                                  "ID": 14,
                                                  "left": 15,
                                                  "right": 16
                                                }
                                              ],
                                              "parent": 11,
                                              "ID": 13,
                                              "left": 14
                                            }
                                          ],
                                          "parent": 10,
                                          "ID": 11,
                                          "left": 12,
                                          "right": 13
                                        }
                                      ],
                                      "parent": 8,
                                      "ID": 10,
                                      "left": 11
                                    }
                                  ],
                                  "parent": 7,
                                  "ID": 8,
                                  "left": 9,
                                  "right": 10
                                }
                              ],
                              "parent": 5,
                              "ID": 7,
                              "left": 8
                            }
                          ],
                          "parent": 4,
                          "ID": 5,
                          "left": 6,
                          "right": 7
                        },
                        {
                          "Node Type": "Hash",
                          "Parent Relationship": "Inner",
                          "Parallel Aware": false,
                          "Async Capable": false,
                          "Startup Cost": 1.25,
                          "Total Cost": 1.25,
                          "Plan Rows": 25,
                          "Plan Width": 30,
                          "Plans": [
                            {
                              "Node Type": "Seq Scan",
                              "Parent Relationship": "Outer",
                              "Parallel Aware": false,
                              "Async Capable": false,
                              "Relation Name": "nation",
                              "Alias": "nation",
                              "Startup Cost": 0.0,
                              "Total Cost": 1.25,
                              "Plan Rows": 25,
                              "Plan Width": 30,
                              "parent": 18,
                              "ID": 19
                            }
                          ],
                          "parent": 4,
                          "ID": 18,
                          "left": 19
                        }
                      ],
                      "parent": 3,
                      "ID": 4,
                      "left": 5,
                      "right": 18
                    }
                  ],
                  "parent": 2,
                  "ID": 3,
                  "left": 4
                }
              ],
              "parent": 1,
              "ID": 2,
              "left": 3
            }
          ],
          "parent": 0,
          "ID": 1,
          "left": 2
        }
      ],
      "parent": null,
      "ID": 0,
      "left": 1
    },
    "feat": {
      "utility": 5.732185675864022e-07,
      "query_shape": [
        [
          "Seq Scan",
          "Hash Join",
          "Sort",
          "Aggregate",
          "Gather Merge"
        ],
        [
          "Seq Scan",
          "Hash Join",
          "Hash",
          "Sort",
          "Aggregate",
          "Gather Merge"
        ],
        [
          "Seq Scan",
          "Hash Join",
          "Hash",
          "Sort",
          "Aggregate",
          "Gather Merge"
        ],
        [
          "Seq Scan",
          "Hash Join",
          "Hash",
          "Sort",
          "Aggregate",
          "Gather Merge"
        ],
        [
          "Seq Scan",
          "Hash",
          "Hash Join",
          "Sort",
          "Aggregate",
          "Gather Merge"
        ],
        [
          "Seq Scan",
          "Hash",
          "Hash Join",
          "Sort",
          "Aggregate",
          "Gather Merge"
        ]
      ],
      "index_shape": [
        "join"
      ],
      "physical_operator": {
        "Hash Join": [
          0.004869326096401473
        ]
      }
    }
  },
  {
    "query": "-- Functional Query Definition\n-- Approved February 1998\n\n\nselect\nnation,\no_year,\nsum(amount) as sum_profit\nfrom\n(\nselect\nn_name as nation,\nextract(year from o_orderdate) as o_year,\nl_extendedprice * (1 - l_discount) - ps_supplycost * l_quantity as amount\nfrom\npart,\nsupplier,\nlineitem,\npartsupp,\norders,\nnation\nwhere\ns_suppkey = l_suppkey\nand ps_suppkey = l_suppkey\nand ps_partkey = l_partkey\nand p_partkey = l_partkey\nand o_orderkey = l_orderkey\nand s_nationkey = n_nationkey\nand p_name like '%blush%'\n) as profit\ngroup by\nnation,\no_year\norder by\nnation,\no_year desc ;\n-- $ID$\n-- TPC-H/TPC-R Returned Item Reporting ",
    "indexes": "supplier.s_nationkey",
    "wo plan est": {
      "Node Type": "Aggregate",
      "Strategy": "Sorted",
      "Partial Mode": "Finalize",
      "Parallel Aware": false,
      "Async Capable": false,
      "Startup Cost": 2170040.99,
      "Total Cost": 2170050.68,
      "Plan Rows": 90,
      "Plan Width": 90,
      "Group Key": [
        "nation.n_name",
        "(EXTRACT(year FROM orders.o_orderdate))"
      ],
      "Plans": [
        {
          "Node Type": "Gather Merge",
          "Parent Relationship": "Outer",
          "Parallel Aware": false,
          "Async Capable": false,
          "Startup Cost": 2170040.99,
          "Total Cost": 2170048.8,
          "Plan Rows": 53,
          "Plan Width": 90,
          "Workers Planned": 1,
          "Plans": [
            {
              "Node Type": "Aggregate",
              "Strategy": "Sorted",
              "Partial Mode": "Partial",
              "Parent Relationship": "Outer",
              "Parallel Aware": false,
              "Async Capable": false,
              "Startup Cost": 2169040.98,
              "Total Cost": 2169042.83,
              "Plan Rows": 53,
              "Plan Width": 90,
              "Group Key": [
                "nation.n_name",
                "(EXTRACT(year FROM orders.o_orderdate))"
              ],
              "Plans": [
                {
                  "Node Type": "Sort",
                  "Parent Relationship": "Outer",
                  "Parallel Aware": false,
                  "Async Capable": false,
                  "Startup Cost": 2169040.98,
                  "Total Cost": 2169041.11,
                  "Plan Rows": 53,
                  "Plan Width": 81,
                  "Sort Key": [
                    "nation.n_name",
                    "(EXTRACT(year FROM orders.o_orderdate)) DESC"
                  ],
                  "Plans": [
                    {
                      "Node Type": "Hash Join",
                      "Parent Relationship": "Outer",
                      "Parallel Aware": false,
                      "Async Capable": false,
                      "Join Type": "Inner",
                      "Startup Cost": 2166013.55,
                      "Total Cost": 2169039.46,
                      "Plan Rows": 53,
                      "Plan Width": 81,
                      "Inner Unique": false,
                      "Hash Cond": "(supplier.s_nationkey = nation.n_nationkey)",
                      "Plans": [
                        {
                          "Node Type": "Hash Join",
                          "Parent Relationship": "Outer",
                          "Parallel Aware": true,
                          "Async Capable": false,
                          "Join Type": "Inner",
                          "Startup Cost": 2166011.99,
                          "Total Cost": 2169037.03,
                          "Plan Rows": 53,
                          "Plan Width": 31,
                          "Inner Unique": false,
                          "Hash Cond": "(supplier.s_suppkey = lineitem.l_suppkey)",
                          "Plans": [
                            {
                              "Node Type": "Seq Scan",
                              "Parent Relationship": "Outer",
                              "Parallel Aware": true,
                              "Async Capable": false,
                              "Relation Name": "supplier",
                              "Alias": "supplier",
                              "Startup Cost": 0.0,
                              "Total Cost": 2804.24,
                              "Plan Rows": 58824,
                              "Plan Width": 8,
                              "parent": 5,
                              "ID": 6
                            },
                            {
                              "Node Type": "Hash",
                              "Parent Relationship": "Inner",
                              "Parallel Aware": true,
                              "Async Capable": false,
                              "Startup Cost": 2166011.51,
                              "Total Cost": 2166011.51,
                              "Plan Rows": 38,
                              "Plan Width": 35,
                              "Plans": [
                                {
                                  "Node Type": "Hash Join",
                                  "Parent Relationship": "Outer",
                                  "Parallel Aware": true,
                                  "Async Capable": false,
                                  "Join Type": "Inner",
                                  "Startup Cost": 1819167.75,
                                  "Total Cost": 2166011.51,
                                  "Plan Rows": 38,
                                  "Plan Width": 35,
                                  "Inner Unique": false,
                                  "Hash Cond": "(orders.o_orderkey = lineitem.l_orderkey)",
                                  "Plans": [
                                    {
                                      "Node Type": "Seq Scan",
                                      "Parent Relationship": "Outer",
                                      "Parallel Aware": true,
                                      "Async Capable": false,
                                      "Relation Name": "orders",
                                      "Alias": "orders",
                                      "Startup Cost": 0.0,
                                      "Total Cost": 323407.71,
                                      "Plan Rows": 6249571,
                                      "Plan Width": 8,
                                      "parent": 8,
                                      "ID": 9
                                    },
                                    {
                                      "Node Type": "Hash",
                                      "Parent Relationship": "Inner",
                                      "Parallel Aware": true,
                                      "Async Capable": false,
                                      "Startup Cost": 1819167.28,
                                      "Total Cost": 1819167.28,
                                      "Plan Rows": 38,
                                      "Plan Width": 35,
                                      "Plans": [
                                        {
                                          "Node Type": "Hash Join",
                                          "Parent Relationship": "Outer",
                                          "Parallel Aware": true,
                                          "Async Capable": false,
                                          "Join Type": "Inner",
                                          "Startup Cost": 1546291.11,
                                          "Total Cost": 1819167.28,
                                          "Plan Rows": 38,
                                          "Plan Width": 35,
                                          "Inner Unique": false,
                                          "Hash Cond": "((partsupp.ps_suppkey = lineitem.l_suppkey) AND (partsupp.ps_partkey = lineitem.l_partkey))",
                                          "Plans": [
                                            {
                                              "Node Type": "Seq Scan",
                                              "Parent Relationship": "Outer",
                                              "Parallel Aware": true,
                                              "Async Capable": false,
                                              "Relation Name": "partsupp",
                                              "Alias": "partsupp",
                                              "Startup Cost": 0.0,
                                              "Total Cost": 207718.58,
                                              "Plan Rows": 3333258,
                                              "Plan Width": 14,
                                              "parent": 11,
                                              "ID": 12
                                            },
                                            {
                                              "Node Type": "Hash",
                                              "Parent Relationship": "Inner",
                                              "Parallel Aware": true,
                                              "Async Capable": false,
                                              "Startup Cost": 1524082.29,
                                              "Total Cost": 1524082.29,
                                              "Plan Rows": 973521,
                                              "Plan Width": 33,
                                              "Plans": [
                                                {
                                                  "Node Type": "Hash Join",
                                                  "Parent Relationship": "Outer",
                                                  "Parallel Aware": true,
                                                  "Async Capable": false,
                                                  "Join Type": "Inner",
                                                  "Startup Cost": 51799.14,
                                                  "Total Cost": 1524082.29,
                                                  "Plan Rows": 973521,
                                                  "Plan Width": 33,
                                                  "Inner Unique": false,
                                                  "Hash Cond": "(lineitem.l_partkey = part.p_partkey)",
                                                  "Plans": [
                                                    {
                                                      "Node Type": "Seq Scan",
                                                      "Parent Relationship": "Outer",
                                                      "Parallel Aware": true,
                                                      "Async Capable": false,
                                                      "Relation Name": "lineitem",
                                                      "Alias": "lineitem",
                                                      "Startup Cost": 0.0,
                                                      "Total Cost": 1374494.57,
                                                      "Plan Rows": 24995257,
                                                      "Plan Width": 29,
                                                      "parent": 14,
                                                      "ID": 15
                                                    },
                                                    {
                                                      "Node Type": "Hash",
                                                      "Parent Relationship": "Inner",
                                                      "Parallel Aware": true,
                                                      "Async Capable": false,
                                                      "Startup Cost": 51378.28,
                                                      "Total Cost": 51378.28,
                                                      "Plan Rows": 33669,
                                                      "Plan Width": 4,
                                                      "Plans": [
                                                        {
                                                          "Node Type": "Seq Scan",
                                                          "Parent Relationship": "Outer",
                                                          "Parallel Aware": true,
                                                          "Async Capable": false,
                                                          "Relation Name": "part",
                                                          "Alias": "part",
                                                          "Startup Cost": 0.0,
                                                          "Total Cost": 51378.28,
                                                          "Plan Rows": 33669,
                                                          "Plan Width": 4,
                                                          "Filter": "((p_name)::text ~~ '%blush%'::text)",
                                                          "parent": 16,
                                                          "ID": 17
                                                        }
                                                      ],
                                                      "parent": 14,
                                                      "ID": 16,
                                                      "left": 17
                                                    }
                                                  ],
                                                  "parent": 13,
                                                  "ID": 14,
                                                  "left": 15,
                                                  "right": 16
                                                }
                                              ],
                                              "parent": 11,
                                              "ID": 13,
                                              "left": 14
                                            }
                                          ],
                                          "parent": 10,
                                          "ID": 11,
                                          "left": 12,
                                          "right": 13
                                        }
                                      ],
                                      "parent": 8,
                                      "ID": 10,
                                      "left": 11
                                    }
                                  ],
                                  "parent": 7,
                                  "ID": 8,
                                  "left": 9,
                                  "right": 10
                                }
                              ],
                              "parent": 5,
                              "ID": 7,
                              "left": 8
                            }
                          ],
                          "parent": 4,
                          "ID": 5,
                          "left": 6,
                          "right": 7
                        },
                        {
                          "Node Type": "Hash",
                          "Parent Relationship": "Inner",
                          "Parallel Aware": false,
                          "Async Capable": false,
                          "Startup Cost": 1.25,
                          "Total Cost": 1.25,
                          "Plan Rows": 25,
                          "Plan Width": 30,
                          "Plans": [
                            {
                              "Node Type": "Seq Scan",
                              "Parent Relationship": "Outer",
                              "Parallel Aware": false,
                              "Async Capable": false,
                              "Relation Name": "nation",
                              "Alias": "nation",
                              "Startup Cost": 0.0,
                              "Total Cost": 1.25,
                              "Plan Rows": 25,
                              "Plan Width": 30,
                              "parent": 18,
                              "ID": 19
                            }
                          ],
                          "parent": 4,
                          "ID": 18,
                          "left": 19
                        }
                      ],
                      "parent": 3,
                      "ID": 4,
                      "left": 5,
                      "right": 18
                    }
                  ],
                  "parent": 2,
                  "ID": 3,
                  "left": 4
                }
              ],
              "parent": 1,
              "ID": 2,
              "left": 3
            }
          ],
          "parent": 0,
          "ID": 1,
          "left": 2
        }
      ],
      "parent": null,
      "ID": 0,
      "left": 1
    },
    "feat": {
      "utility": 4.608187307404267e-07,
      "query_shape": [
        [
          "Seq Scan",
          "Hash Join",
          "Sort",
          "Aggregate",
          "Gather Merge"
        ],
        [
          "Seq Scan",
          "Hash Join",
          "Hash",
          "Sort",
          "Aggregate",
          "Gather Merge"
        ],
        [
          "Seq Scan",
          "Hash Join",
          "Hash",
          "Sort",
          "Aggregate",
          "Gather Merge"
        ],
        [
          "Seq Scan",
          "Hash Join",
          "Hash",
          "Sort",
          "Aggregate",
          "Gather Merge"
        ],
        [
          "Seq Scan",
          "Hash",
          "Hash Join",
          "Sort",
          "Aggregate",
          "Gather Merge"
        ],
        [
          "Seq Scan",
          "Hash",
          "Hash Join",
          "Sort",
          "Aggregate",
          "Gather Merge"
        ]
      ],
      "index_shape": [
        "join"
      ],
      "physical_operator": {
        "Hash Join": [
          0.2
        ]
      }
    }
  },
  {
    "query": "-- Functional Query Definition\n-- Approved February 1998\n\n\nselect\nps_partkey,\nsum(ps_supplycost * ps_availqty) as value\nfrom\npartsupp,\nsupplier,\nnation\nwhere\nps_suppkey = s_suppkey\nand s_nationkey = n_nationkey\nand n_name = 'ETHIOPIA'\ngroup by\nps_partkey having\nsum(ps_supplycost * ps_availqty) > (\nselect\nsum(ps_supplycost * ps_availqty) * 0.0000100000\nfrom\npartsupp,\nsupplier,\nnation\nwhere\nps_suppkey = s_suppkey\nand s_nationkey = n_nationkey\nand n_name = 'ETHIOPIA'\n)\norder by\nvalue desc ;\n-- $ID$\n-- TPC-H/TPC-R Shipping Modes and Order Priority ",
    "indexes": "nation.n_nationkey",
    "wo plan est": {
      "Node Type": "Sort",
      "Parallel Aware": false,
      "Async Capable": false,
      "Startup Cost": 517534.29,
      "Total Cost": 517800.95,
      "Plan Rows": 106664,
      "Plan Width": 36,
      "Sort Key": [
        "(sum((partsupp.ps_supplycost * (partsupp.ps_availqty)::numeric))) DESC"
      ],
      "Plans": [
        {
          "Node Type": "Aggregate",
          "Strategy": "Plain",
          "Partial Mode": "Finalize",
          "Parent Relationship": "InitPlan",
          "Subplan Name": "InitPlan 1 (returns $1)",
          "Parallel Aware": false,
          "Async Capable": false,
          "Startup Cost": 226081.91,
          "Total Cost": 226081.92,
          "Plan Rows": 1,
          "Plan Width": 32,
          "Plans": [
            {
              "Node Type": "Gather",
              "Parent Relationship": "Outer",
              "Parallel Aware": false,
              "Async Capable": false,
              "Startup Cost": 226081.68,
              "Total Cost": 226081.89,
              "Plan Rows": 2,
              "Plan Width": 32,
              "Workers Planned": 2,
              "Single Copy": false,
              "Plans": [
                {
                  "Node Type": "Aggregate",
                  "Strategy": "Plain",
                  "Partial Mode": "Partial",
                  "Parent Relationship": "Outer",
                  "Parallel Aware": false,
                  "Async Capable": false,
                  "Startup Cost": 225081.68,
                  "Total Cost": 225081.69,
                  "Plan Rows": 1,
                  "Plan Width": 32,
                  "Plans": [
                    {
                      "Node Type": "Hash Join",
                      "Parent Relationship": "Outer",
                      "Parallel Aware": true,
                      "Async Capable": false,
                      "Join Type": "Inner",
                      "Startup Cost": 3079.09,
                      "Total Cost": 224081.71,
                      "Plan Rows": 133330,
                      "Plan Width": 10,
                      "Inner Unique": false,
                      "Hash Cond": "(partsupp_1.ps_suppkey = supplier_1.s_suppkey)",
                      "Plans": [
                        {
                          "Node Type": "Seq Scan",
                          "Parent Relationship": "Outer",
                          "Parallel Aware": true,
                          "Async Capable": false,
                          "Relation Name": "partsupp",
                          "Alias": "partsupp_1",
                          "Startup Cost": 0.0,
                          "Total Cost": 207718.58,
                          "Plan Rows": 3333258,
                          "Plan Width": 14,
                          "parent": 4,
                          "ID": 5
                        },
                        {
                          "Node Type": "Hash",
                          "Parent Relationship": "Inner",
                          "Parallel Aware": true,
                          "Async Capable": false,
                          "Startup Cost": 3049.68,
                          "Total Cost": 3049.68,
                          "Plan Rows": 2353,
                          "Plan Width": 4,
                          "Plans": [
                            {
                              "Node Type": "Hash Join",
                              "Parent Relationship": "Outer",
                              "Parallel Aware": false,
                              "Async Capable": false,
                              "Join Type": "Inner",
                              "Startup Cost": 1.32,
                              "Total Cost": 3049.68,
                              "Plan Rows": 2353,
                              "Plan Width": 4,
                              "Inner Unique": false,
                              "Hash Cond": "(supplier_1.s_nationkey = nation_1.n_nationkey)",
                              "Plans": [
                                {
                                  "Node Type": "Seq Scan",
                                  "Parent Relationship": "Outer",
                                  "Parallel Aware": true,
                                  "Async Capable": false,
                                  "Relation Name": "supplier",
                                  "Alias": "supplier_1",
                                  "Startup Cost": 0.0,
                                  "Total Cost": 2804.24,
                                  "Plan Rows": 58824,
                                  "Plan Width": 8,
                                  "parent": 7,
                                  "ID": 8
                                },
                                {
                                  "Node Type": "Hash",
                                  "Parent Relationship": "Inner",
                                  "Parallel Aware": false,
                                  "Async Capable": false,
                                  "Startup Cost": 1.31,
                                  "Total Cost": 1.31,
                                  "Plan Rows": 1,
                                  "Plan Width": 4,
                                  "Plans": [
                                    {
                                      "Node Type": "Seq Scan",
                                      "Parent Relationship": "Outer",
                                      "Parallel Aware": false,
                                      "Async Capable": false,
                                      "Relation Name": "nation",
                                      "Alias": "nation_1",
                                      "Startup Cost": 0.0,
                                      "Total Cost": 1.31,
                                      "Plan Rows": 1,
                                      "Plan Width": 4,
                                      "Filter": "(n_name = 'ETHIOPIA'::bpchar)",
                                      "parent": 9,
                                      "ID": 10
                                    }
                                  ],
                                  "parent": 7,
                                  "ID": 9,
                                  "left": 10
                                }
                              ],
                              "parent": 6,
                              "ID": 7,
                              "left": 8,
                              "right": 9
                            }
                          ],
                          "parent": 4,
                          "ID": 6,
                          "left": 7
                        }
                      ],
                      "parent": 3,
                      "ID": 4,
                      "left": 5,
                      "right": 6
                    }
                  ],
                  "parent": 2,
                  "ID": 3,
                  "left": 4
                }
              ],
              "parent": 1,
              "ID": 2,
              "left": 3
            }
          ],
          "parent": 0,
          "ID": 1,
          "left": 2
        },
        {
          "Node Type": "Aggregate",
          "Strategy": "Sorted",
          "Partial Mode": "Finalize",
          "Parent Relationship": "Outer",
          "Parallel Aware": false,
          "Async Capable": false,
          "Startup Cost": 238713.21,
          "Total Cost": 279625.48,
          "Plan Rows": 106664,
          "Plan Width": 36,
          "Group Key": [
            "partsupp.ps_partkey"
          ],
          "Filter": "(sum((partsupp.ps_supplycost * (partsupp.ps_availqty)::numeric)) > $1)",
          "Plans": [
            {
              "Node Type": "Gather Merge",
              "Parent Relationship": "Outer",
              "Parallel Aware": false,
              "Async Capable": false,
              "Startup Cost": 238713.21,
              "Total Cost": 272825.64,
              "Plan Rows": 266660,
              "Plan Width": 36,
              "Workers Planned": 2,
              "Plans": [
                {
                  "Node Type": "Aggregate",
                  "Strategy": "Sorted",
                  "Partial Mode": "Partial",
                  "Parent Relationship": "Outer",
                  "Parallel Aware": false,
                  "Async Capable": false,
                  "Startup Cost": 237713.18,
                  "Total Cost": 241046.43,
                  "Plan Rows": 133330,
                  "Plan Width": 36,
                  "Group Key": [
                    "partsupp.ps_partkey"
                  ],
                  "Plans": [
                    {
                      "Node Type": "Sort",
                      "Parent Relationship": "Outer",
                      "Parallel Aware": false,
                      "Async Capable": false,
                      "Startup Cost": 237713.18,
                      "Total Cost": 238046.51,
                      "Plan Rows": 133330,
                      "Plan Width": 14,
                      "Sort Key": [
                        "partsupp.ps_partkey"
                      ],
                      "Plans": [
                        {
                          "Node Type": "Hash Join",
                          "Parent Relationship": "Outer",
                          "Parallel Aware": true,
                          "Async Capable": false,
                          "Join Type": "Inner",
                          "Startup Cost": 3079.09,
                          "Total Cost": 224081.71,
                          "Plan Rows": 133330,
                          "Plan Width": 14,
                          "Inner Unique": false,
                          "Hash Cond": "(partsupp.ps_suppkey = supplier.s_suppkey)",
                          "Plans": [
                            {
                              "Node Type": "Seq Scan",
                              "Parent Relationship": "Outer",
                              "Parallel Aware": true,
                              "Async Capable": false,
                              "Relation Name": "partsupp",
                              "Alias": "partsupp",
                              "Startup Cost": 0.0,
                              "Total Cost": 207718.58,
                              "Plan Rows": 3333258,
                              "Plan Width": 18,
                              "parent": 15,
                              "ID": 16
                            },
                            {
                              "Node Type": "Hash",
                              "Parent Relationship": "Inner",
                              "Parallel Aware": true,
                              "Async Capable": false,
                              "Startup Cost": 3049.68,
                              "Total Cost": 3049.68,
                              "Plan Rows": 2353,
                              "Plan Width": 4,
                              "Plans": [
                                {
                                  "Node Type": "Hash Join",
                                  "Parent Relationship": "Outer",
                                  "Parallel Aware": false,
                                  "Async Capable": false,
                                  "Join Type": "Inner",
                                  "Startup Cost": 1.32,
                                  "Total Cost": 3049.68,
                                  "Plan Rows": 2353,
                                  "Plan Width": 4,
                                  "Inner Unique": false,
                                  "Hash Cond": "(supplier.s_nationkey = nation.n_nationkey)",
                                  "Plans": [
                                    {
                                      "Node Type": "Seq Scan",
                                      "Parent Relationship": "Outer",
                                      "Parallel Aware": true,
                                      "Async Capable": false,
                                      "Relation Name": "supplier",
                                      "Alias": "supplier",
                                      "Startup Cost": 0.0,
                                      "Total Cost": 2804.24,
                                      "Plan Rows": 58824,
                                      "Plan Width": 8,
                                      "parent": 18,
                                      "ID": 19
                                    },
                                    {
                                      "Node Type": "Hash",
                                      "Parent Relationship": "Inner",
                                      "Parallel Aware": false,
                                      "Async Capable": false,
                                      "Startup Cost": 1.31,
                                      "Total Cost": 1.31,
                                      "Plan Rows": 1,
                                      "Plan Width": 4,
                                      "Plans": [
                                        {
                                          "Node Type": "Seq Scan",
                                          "Parent Relationship": "Outer",
                                          "Parallel Aware": false,
                                          "Async Capable": false,
                                          "Relation Name": "nation",
                                          "Alias": "nation",
                                          "Startup Cost": 0.0,
                                          "Total Cost": 1.31,
                                          "Plan Rows": 1,
                                          "Plan Width": 4,
                                          "Filter": "(n_name = 'ETHIOPIA'::bpchar)",
                                          "parent": 20,
                                          "ID": 21
                                        }
                                      ],
                                      "parent": 18,
                                      "ID": 20,
                                      "left": 21
                                    }
                                  ],
                                  "parent": 17,
                                  "ID": 18,
                                  "left": 19,
                                  "right": 20
                                }
                              ],
                              "parent": 15,
                              "ID": 17,
                              "left": 18
                            }
                          ],
                          "parent": 14,
                          "ID": 15,
                          "left": 16,
                          "right": 17
                        }
                      ],
                      "parent": 13,
                      "ID": 14,
                      "left": 15
                    }
                  ],
                  "parent": 12,
                  "ID": 13,
                  "left": 14
                }
              ],
              "parent": 11,
              "ID": 12,
              "left": 13
            }
          ],
          "parent": 0,
          "ID": 11,
          "left": 12
        }
      ],
      "parent": null,
      "ID": 0,
      "left": 1,
      "right": 11
    },
    "feat": {
      "utility": 4.0478789118763895e-06,
      "query_shape": [
        [
          "Seq Scan",
          "Hash Join",
          "Aggregate",
          "Gather"
        ],
        [
          "Seq Scan",
          "Hash Join",
          "Hash",
          "Aggregate",
          "Gather"
        ],
        [
          "Seq Scan",
          "Hash",
          "Hash Join",
          "Aggregate",
          "Gather"
        ],
        [
          "Seq Scan",
          "Hash Join",
          "Sort",
          "Aggregate",
          "Gather Merge"
        ],
        [
          "Seq Scan",
          "Hash Join",
          "Hash",
          "Sort",
          "Aggregate",
          "Gather Merge"
        ],
        [
          "Seq Scan",
          "Hash",
          "Hash Join",
          "Sort",
          "Aggregate",
          "Gather Merge"
        ]
      ],
      "index_shape": [
        "join"
      ],
      "physical_operator": {
        "Hash Join": [
          0.20000169997917527,
          0.20000169997917527
        ]
      }
    }
  },
  {
    "query": "-- Functional Query Definition\n-- Approved February 1998\n\n\nselect\nps_partkey,\nsum(ps_supplycost * ps_availqty) as value\nfrom\npartsupp,\nsupplier,\nnation\nwhere\nps_suppkey = s_suppkey\nand s_nationkey = n_nationkey\nand n_name = 'ETHIOPIA'\ngroup by\nps_partkey having\nsum(ps_supplycost * ps_availqty) > (\nselect\nsum(ps_supplycost * ps_availqty) * 0.0000100000\nfrom\npartsupp,\nsupplier,\nnation\nwhere\nps_suppkey = s_suppkey\nand s_nationkey = n_nationkey\nand n_name = 'ETHIOPIA'\n)\norder by\nvalue desc ;\n-- $ID$\n-- TPC-H/TPC-R Shipping Modes and Order Priority ",
    "indexes": "nation.n_name",
    "wo plan est": {
      "Node Type": "Sort",
      "Parallel Aware": false,
      "Async Capable": false,
      "Startup Cost": 517534.29,
      "Total Cost": 517800.95,
      "Plan Rows": 106664,
      "Plan Width": 36,
      "Sort Key": [
        "(sum((partsupp.ps_supplycost * (partsupp.ps_availqty)::numeric))) DESC"
      ],
      "Plans": [
        {
          "Node Type": "Aggregate",
          "Strategy": "Plain",
          "Partial Mode": "Finalize",
          "Parent Relationship": "InitPlan",
          "Subplan Name": "InitPlan 1 (returns $1)",
          "Parallel Aware": false,
          "Async Capable": false,
          "Startup Cost": 226081.91,
          "Total Cost": 226081.92,
          "Plan Rows": 1,
          "Plan Width": 32,
          "Plans": [
            {
              "Node Type": "Gather",
              "Parent Relationship": "Outer",
              "Parallel Aware": false,
              "Async Capable": false,
              "Startup Cost": 226081.68,
              "Total Cost": 226081.89,
              "Plan Rows": 2,
              "Plan Width": 32,
              "Workers Planned": 2,
              "Single Copy": false,
              "Plans": [
                {
                  "Node Type": "Aggregate",
                  "Strategy": "Plain",
                  "Partial Mode": "Partial",
                  "Parent Relationship": "Outer",
                  "Parallel Aware": false,
                  "Async Capable": false,
                  "Startup Cost": 225081.68,
                  "Total Cost": 225081.69,
                  "Plan Rows": 1,
                  "Plan Width": 32,
                  "Plans": [
                    {
                      "Node Type": "Hash Join",
                      "Parent Relationship": "Outer",
                      "Parallel Aware": true,
                      "Async Capable": false,
                      "Join Type": "Inner",
                      "Startup Cost": 3079.09,
                      "Total Cost": 224081.71,
                      "Plan Rows": 133330,
                      "Plan Width": 10,
                      "Inner Unique": false,
                      "Hash Cond": "(partsupp_1.ps_suppkey = supplier_1.s_suppkey)",
                      "Plans": [
                        {
                          "Node Type": "Seq Scan",
                          "Parent Relationship": "Outer",
                          "Parallel Aware": true,
                          "Async Capable": false,
                          "Relation Name": "partsupp",
                          "Alias": "partsupp_1",
                          "Startup Cost": 0.0,
                          "Total Cost": 207718.58,
                          "Plan Rows": 3333258,
                          "Plan Width": 14,
                          "parent": 4,
                          "ID": 5
                        },
                        {
                          "Node Type": "Hash",
                          "Parent Relationship": "Inner",
                          "Parallel Aware": true,
                          "Async Capable": false,
                          "Startup Cost": 3049.68,
                          "Total Cost": 3049.68,
                          "Plan Rows": 2353,
                          "Plan Width": 4,
                          "Plans": [
                            {
                              "Node Type": "Hash Join",
                              "Parent Relationship": "Outer",
                              "Parallel Aware": false,
                              "Async Capable": false,
                              "Join Type": "Inner",
                              "Startup Cost": 1.32,
                              "Total Cost": 3049.68,
                              "Plan Rows": 2353,
                              "Plan Width": 4,
                              "Inner Unique": false,
                              "Hash Cond": "(supplier_1.s_nationkey = nation_1.n_nationkey)",
                              "Plans": [
                                {
                                  "Node Type": "Seq Scan",
                                  "Parent Relationship": "Outer",
                                  "Parallel Aware": true,
                                  "Async Capable": false,
                                  "Relation Name": "supplier",
                                  "Alias": "supplier_1",
                                  "Startup Cost": 0.0,
                                  "Total Cost": 2804.24,
                                  "Plan Rows": 58824,
                                  "Plan Width": 8,
                                  "parent": 7,
                                  "ID": 8
                                },
                                {
                                  "Node Type": "Hash",
                                  "Parent Relationship": "Inner",
                                  "Parallel Aware": false,
                                  "Async Capable": false,
                                  "Startup Cost": 1.31,
                                  "Total Cost": 1.31,
                                  "Plan Rows": 1,
                                  "Plan Width": 4,
                                  "Plans": [
                                    {
                                      "Node Type": "Seq Scan",
                                      "Parent Relationship": "Outer",
                                      "Parallel Aware": false,
                                      "Async Capable": false,
                                      "Relation Name": "nation",
                                      "Alias": "nation_1",
                                      "Startup Cost": 0.0,
                                      "Total Cost": 1.31,
                                      "Plan Rows": 1,
                                      "Plan Width": 4,
                                      "Filter": "(n_name = 'ETHIOPIA'::bpchar)",
                                      "parent": 9,
                                      "ID": 10
                                    }
                                  ],
                                  "parent": 7,
                                  "ID": 9,
                                  "left": 10
                                }
                              ],
                              "parent": 6,
                              "ID": 7,
                              "left": 8,
                              "right": 9
                            }
                          ],
                          "parent": 4,
                          "ID": 6,
                          "left": 7
                        }
                      ],
                      "parent": 3,
                      "ID": 4,
                      "left": 5,
                      "right": 6
                    }
                  ],
                  "parent": 2,
                  "ID": 3,
                  "left": 4
                }
              ],
              "parent": 1,
              "ID": 2,
              "left": 3
            }
          ],
          "parent": 0,
          "ID": 1,
          "left": 2
        },
        {
          "Node Type": "Aggregate",
          "Strategy": "Sorted",
          "Partial Mode": "Finalize",
          "Parent Relationship": "Outer",
          "Parallel Aware": false,
          "Async Capable": false,
          "Startup Cost": 238713.21,
          "Total Cost": 279625.48,
          "Plan Rows": 106664,
          "Plan Width": 36,
          "Group Key": [
            "partsupp.ps_partkey"
          ],
          "Filter": "(sum((partsupp.ps_supplycost * (partsupp.ps_availqty)::numeric)) > $1)",
          "Plans": [
            {
              "Node Type": "Gather Merge",
              "Parent Relationship": "Outer",
              "Parallel Aware": false,
              "Async Capable": false,
              "Startup Cost": 238713.21,
              "Total Cost": 272825.64,
              "Plan Rows": 266660,
              "Plan Width": 36,
              "Workers Planned": 2,
              "Plans": [
                {
                  "Node Type": "Aggregate",
                  "Strategy": "Sorted",
                  "Partial Mode": "Partial",
                  "Parent Relationship": "Outer",
                  "Parallel Aware": false,
                  "Async Capable": false,
                  "Startup Cost": 237713.18,
                  "Total Cost": 241046.43,
                  "Plan Rows": 133330,
                  "Plan Width": 36,
                  "Group Key": [
                    "partsupp.ps_partkey"
                  ],
                  "Plans": [
                    {
                      "Node Type": "Sort",
                      "Parent Relationship": "Outer",
                      "Parallel Aware": false,
                      "Async Capable": false,
                      "Startup Cost": 237713.18,
                      "Total Cost": 238046.51,
                      "Plan Rows": 133330,
                      "Plan Width": 14,
                      "Sort Key": [
                        "partsupp.ps_partkey"
                      ],
                      "Plans": [
                        {
                          "Node Type": "Hash Join",
                          "Parent Relationship": "Outer",
                          "Parallel Aware": true,
                          "Async Capable": false,
                          "Join Type": "Inner",
                          "Startup Cost": 3079.09,
                          "Total Cost": 224081.71,
                          "Plan Rows": 133330,
                          "Plan Width": 14,
                          "Inner Unique": false,
                          "Hash Cond": "(partsupp.ps_suppkey = supplier.s_suppkey)",
                          "Plans": [
                            {
                              "Node Type": "Seq Scan",
                              "Parent Relationship": "Outer",
                              "Parallel Aware": true,
                              "Async Capable": false,
                              "Relation Name": "partsupp",
                              "Alias": "partsupp",
                              "Startup Cost": 0.0,
                              "Total Cost": 207718.58,
                              "Plan Rows": 3333258,
                              "Plan Width": 18,
                              "parent": 15,
                              "ID": 16
                            },
                            {
                              "Node Type": "Hash",
                              "Parent Relationship": "Inner",
                              "Parallel Aware": true,
                              "Async Capable": false,
                              "Startup Cost": 3049.68,
                              "Total Cost": 3049.68,
                              "Plan Rows": 2353,
                              "Plan Width": 4,
                              "Plans": [
                                {
                                  "Node Type": "Hash Join",
                                  "Parent Relationship": "Outer",
                                  "Parallel Aware": false,
                                  "Async Capable": false,
                                  "Join Type": "Inner",
                                  "Startup Cost": 1.32,
                                  "Total Cost": 3049.68,
                                  "Plan Rows": 2353,
                                  "Plan Width": 4,
                                  "Inner Unique": false,
                                  "Hash Cond": "(supplier.s_nationkey = nation.n_nationkey)",
                                  "Plans": [
                                    {
                                      "Node Type": "Seq Scan",
                                      "Parent Relationship": "Outer",
                                      "Parallel Aware": true,
                                      "Async Capable": false,
                                      "Relation Name": "supplier",
                                      "Alias": "supplier",
                                      "Startup Cost": 0.0,
                                      "Total Cost": 2804.24,
                                      "Plan Rows": 58824,
                                      "Plan Width": 8,
                                      "parent": 18,
                                      "ID": 19
                                    },
                                    {
                                      "Node Type": "Hash",
                                      "Parent Relationship": "Inner",
                                      "Parallel Aware": false,
                                      "Async Capable": false,
                                      "Startup Cost": 1.31,
                                      "Total Cost": 1.31,
                                      "Plan Rows": 1,
                                      "Plan Width": 4,
                                      "Plans": [
                                        {
                                          "Node Type": "Seq Scan",
                                          "Parent Relationship": "Outer",
                                          "Parallel Aware": false,
                                          "Async Capable": false,
                                          "Relation Name": "nation",
                                          "Alias": "nation",
                                          "Startup Cost": 0.0,
                                          "Total Cost": 1.31,
                                          "Plan Rows": 1,
                                          "Plan Width": 4,
                                          "Filter": "(n_name = 'ETHIOPIA'::bpchar)",
                                          "parent": 20,
                                          "ID": 21
                                        }
                                      ],
                                      "parent": 18,
                                      "ID": 20,
                                      "left": 21
                                    }
                                  ],
                                  "parent": 17,
                                  "ID": 18,
                                  "left": 19,
                                  "right": 20
                                }
                              ],
                              "parent": 15,
                              "ID": 17,
                              "left": 18
                            }
                          ],
                          "parent": 14,
                          "ID": 15,
                          "left": 16,
                          "right": 17
                        }
                      ],
                      "parent": 13,
                      "ID": 14,
                      "left": 15
                    }
                  ],
                  "parent": 12,
                  "ID": 13,
                  "left": 14
                }
              ],
              "parent": 11,
              "ID": 12,
              "left": 13
            }
          ],
          "parent": 0,
          "ID": 11,
          "left": 12
        }
      ],
      "parent": null,
      "ID": 0,
      "left": 1,
      "right": 11
    },
    "feat": {
      "utility": 4.857465016238383e-06,
      "query_shape": [
        [
          "Seq Scan",
          "Hash Join",
          "Aggregate",
          "Gather"
        ],
        [
          "Seq Scan",
          "Hash Join",
          "Hash",
          "Aggregate",
          "Gather"
        ],
        [
          "Seq Scan",
          "Hash",
          "Hash Join",
          "Aggregate",
          "Gather"
        ],
        [
          "Seq Scan",
          "Hash Join",
          "Sort",
          "Aggregate",
          "Gather Merge"
        ],
        [
          "Seq Scan",
          "Hash Join",
          "Hash",
          "Sort",
          "Aggregate",
          "Gather Merge"
        ],
        [
          "Seq Scan",
          "Hash",
          "Hash Join",
          "Sort",
          "Aggregate",
          "Gather Merge"
        ]
      ],
      "index_shape": [
        "selection"
      ],
      "physical_operator": {
        "Seq Scan": [
          0.040000000000000036,
          0.040000000000000036
        ]
      }
    }
  },
  {
    "query": "-- Functional Query Definition\n-- Approved February 1998\n\n\nselect\nps_partkey,\nsum(ps_supplycost * ps_availqty) as value\nfrom\npartsupp,\nsupplier,\nnation\nwhere\nps_suppkey = s_suppkey\nand s_nationkey = n_nationkey\nand n_name = 'ETHIOPIA'\ngroup by\nps_partkey having\nsum(ps_supplycost * ps_availqty) > (\nselect\nsum(ps_supplycost * ps_availqty) * 0.0000100000\nfrom\npartsupp,\nsupplier,\nnation\nwhere\nps_suppkey = s_suppkey\nand s_nationkey = n_nationkey\nand n_name = 'ETHIOPIA'\n)\norder by\nvalue desc ;\n-- $ID$\n-- TPC-H/TPC-R Shipping Modes and Order Priority ",
    "indexes": "partsupp.ps_partkey",
    "wo plan est": {
      "Node Type": "Sort",
      "Parallel Aware": false,
      "Async Capable": false,
      "Startup Cost": 517534.29,
      "Total Cost": 517800.95,
      "Plan Rows": 106664,
      "Plan Width": 36,
      "Sort Key": [
        "(sum((partsupp.ps_supplycost * (partsupp.ps_availqty)::numeric))) DESC"
      ],
      "Plans": [
        {
          "Node Type": "Aggregate",
          "Strategy": "Plain",
          "Partial Mode": "Finalize",
          "Parent Relationship": "InitPlan",
          "Subplan Name": "InitPlan 1 (returns $1)",
          "Parallel Aware": false,
          "Async Capable": false,
          "Startup Cost": 226081.91,
          "Total Cost": 226081.92,
          "Plan Rows": 1,
          "Plan Width": 32,
          "Plans": [
            {
              "Node Type": "Gather",
              "Parent Relationship": "Outer",
              "Parallel Aware": false,
              "Async Capable": false,
              "Startup Cost": 226081.68,
              "Total Cost": 226081.89,
              "Plan Rows": 2,
              "Plan Width": 32,
              "Workers Planned": 2,
              "Single Copy": false,
              "Plans": [
                {
                  "Node Type": "Aggregate",
                  "Strategy": "Plain",
                  "Partial Mode": "Partial",
                  "Parent Relationship": "Outer",
                  "Parallel Aware": false,
                  "Async Capable": false,
                  "Startup Cost": 225081.68,
                  "Total Cost": 225081.69,
                  "Plan Rows": 1,
                  "Plan Width": 32,
                  "Plans": [
                    {
                      "Node Type": "Hash Join",
                      "Parent Relationship": "Outer",
                      "Parallel Aware": true,
                      "Async Capable": false,
                      "Join Type": "Inner",
                      "Startup Cost": 3079.09,
                      "Total Cost": 224081.71,
                      "Plan Rows": 133330,
                      "Plan Width": 10,
                      "Inner Unique": false,
                      "Hash Cond": "(partsupp_1.ps_suppkey = supplier_1.s_suppkey)",
                      "Plans": [
                        {
                          "Node Type": "Seq Scan",
                          "Parent Relationship": "Outer",
                          "Parallel Aware": true,
                          "Async Capable": false,
                          "Relation Name": "partsupp",
                          "Alias": "partsupp_1",
                          "Startup Cost": 0.0,
                          "Total Cost": 207718.58,
                          "Plan Rows": 3333258,
                          "Plan Width": 14,
                          "parent": 4,
                          "ID": 5
                        },
                        {
                          "Node Type": "Hash",
                          "Parent Relationship": "Inner",
                          "Parallel Aware": true,
                          "Async Capable": false,
                          "Startup Cost": 3049.68,
                          "Total Cost": 3049.68,
                          "Plan Rows": 2353,
                          "Plan Width": 4,
                          "Plans": [
                            {
                              "Node Type": "Hash Join",
                              "Parent Relationship": "Outer",
                              "Parallel Aware": false,
                              "Async Capable": false,
                              "Join Type": "Inner",
                              "Startup Cost": 1.32,
                              "Total Cost": 3049.68,
                              "Plan Rows": 2353,
                              "Plan Width": 4,
                              "Inner Unique": false,
                              "Hash Cond": "(supplier_1.s_nationkey = nation_1.n_nationkey)",
                              "Plans": [
                                {
                                  "Node Type": "Seq Scan",
                                  "Parent Relationship": "Outer",
                                  "Parallel Aware": true,
                                  "Async Capable": false,
                                  "Relation Name": "supplier",
                                  "Alias": "supplier_1",
                                  "Startup Cost": 0.0,
                                  "Total Cost": 2804.24,
                                  "Plan Rows": 58824,
                                  "Plan Width": 8,
                                  "parent": 7,
                                  "ID": 8
                                },
                                {
                                  "Node Type": "Hash",
                                  "Parent Relationship": "Inner",
                                  "Parallel Aware": false,
                                  "Async Capable": false,
                                  "Startup Cost": 1.31,
                                  "Total Cost": 1.31,
                                  "Plan Rows": 1,
                                  "Plan Width": 4,
                                  "Plans": [
                                    {
                                      "Node Type": "Seq Scan",
                                      "Parent Relationship": "Outer",
                                      "Parallel Aware": false,
                                      "Async Capable": false,
                                      "Relation Name": "nation",
                                      "Alias": "nation_1",
                                      "Startup Cost": 0.0,
                                      "Total Cost": 1.31,
                                      "Plan Rows": 1,
                                      "Plan Width": 4,
                                      "Filter": "(n_name = 'ETHIOPIA'::bpchar)",
                                      "parent": 9,
                                      "ID": 10
                                    }
                                  ],
                                  "parent": 7,
                                  "ID": 9,
                                  "left": 10
                                }
                              ],
                              "parent": 6,
                              "ID": 7,
                              "left": 8,
                              "right": 9
                            }
                          ],
                          "parent": 4,
                          "ID": 6,
                          "left": 7
                        }
                      ],
                      "parent": 3,
                      "ID": 4,
                      "left": 5,
                      "right": 6
                    }
                  ],
                  "parent": 2,
                  "ID": 3,
                  "left": 4
                }
              ],
              "parent": 1,
              "ID": 2,
              "left": 3
            }
          ],
          "parent": 0,
          "ID": 1,
          "left": 2
        },
        {
          "Node Type": "Aggregate",
          "Strategy": "Sorted",
          "Partial Mode": "Finalize",
          "Parent Relationship": "Outer",
          "Parallel Aware": false,
          "Async Capable": false,
          "Startup Cost": 238713.21,
          "Total Cost": 279625.48,
          "Plan Rows": 106664,
          "Plan Width": 36,
          "Group Key": [
            "partsupp.ps_partkey"
          ],
          "Filter": "(sum((partsupp.ps_supplycost * (partsupp.ps_availqty)::numeric)) > $1)",
          "Plans": [
            {
              "Node Type": "Gather Merge",
              "Parent Relationship": "Outer",
              "Parallel Aware": false,
              "Async Capable": false,
              "Startup Cost": 238713.21,
              "Total Cost": 272825.64,
              "Plan Rows": 266660,
              "Plan Width": 36,
              "Workers Planned": 2,
              "Plans": [
                {
                  "Node Type": "Aggregate",
                  "Strategy": "Sorted",
                  "Partial Mode": "Partial",
                  "Parent Relationship": "Outer",
                  "Parallel Aware": false,
                  "Async Capable": false,
                  "Startup Cost": 237713.18,
                  "Total Cost": 241046.43,
                  "Plan Rows": 133330,
                  "Plan Width": 36,
                  "Group Key": [
                    "partsupp.ps_partkey"
                  ],
                  "Plans": [
                    {
                      "Node Type": "Sort",
                      "Parent Relationship": "Outer",
                      "Parallel Aware": false,
                      "Async Capable": false,
                      "Startup Cost": 237713.18,
                      "Total Cost": 238046.51,
                      "Plan Rows": 133330,
                      "Plan Width": 14,
                      "Sort Key": [
                        "partsupp.ps_partkey"
                      ],
                      "Plans": [
                        {
                          "Node Type": "Hash Join",
                          "Parent Relationship": "Outer",
                          "Parallel Aware": true,
                          "Async Capable": false,
                          "Join Type": "Inner",
                          "Startup Cost": 3079.09,
                          "Total Cost": 224081.71,
                          "Plan Rows": 133330,
                          "Plan Width": 14,
                          "Inner Unique": false,
                          "Hash Cond": "(partsupp.ps_suppkey = supplier.s_suppkey)",
                          "Plans": [
                            {
                              "Node Type": "Seq Scan",
                              "Parent Relationship": "Outer",
                              "Parallel Aware": true,
                              "Async Capable": false,
                              "Relation Name": "partsupp",
                              "Alias": "partsupp",
                              "Startup Cost": 0.0,
                              "Total Cost": 207718.58,
                              "Plan Rows": 3333258,
                              "Plan Width": 18,
                              "parent": 15,
                              "ID": 16
                            },
                            {
                              "Node Type": "Hash",
                              "Parent Relationship": "Inner",
                              "Parallel Aware": true,
                              "Async Capable": false,
                              "Startup Cost": 3049.68,
                              "Total Cost": 3049.68,
                              "Plan Rows": 2353,
                              "Plan Width": 4,
                              "Plans": [
                                {
                                  "Node Type": "Hash Join",
                                  "Parent Relationship": "Outer",
                                  "Parallel Aware": false,
                                  "Async Capable": false,
                                  "Join Type": "Inner",
                                  "Startup Cost": 1.32,
                                  "Total Cost": 3049.68,
                                  "Plan Rows": 2353,
                                  "Plan Width": 4,
                                  "Inner Unique": false,
                                  "Hash Cond": "(supplier.s_nationkey = nation.n_nationkey)",
                                  "Plans": [
                                    {
                                      "Node Type": "Seq Scan",
                                      "Parent Relationship": "Outer",
                                      "Parallel Aware": true,
                                      "Async Capable": false,
                                      "Relation Name": "supplier",
                                      "Alias": "supplier",
                                      "Startup Cost": 0.0,
                                      "Total Cost": 2804.24,
                                      "Plan Rows": 58824,
                                      "Plan Width": 8,
                                      "parent": 18,
                                      "ID": 19
                                    },
                                    {
                                      "Node Type": "Hash",
                                      "Parent Relationship": "Inner",
                                      "Parallel Aware": false,
                                      "Async Capable": false,
                                      "Startup Cost": 1.31,
                                      "Total Cost": 1.31,
                                      "Plan Rows": 1,
                                      "Plan Width": 4,
                                      "Plans": [
                                        {
                                          "Node Type": "Seq Scan",
                                          "Parent Relationship": "Outer",
                                          "Parallel Aware": false,
                                          "Async Capable": false,
                                          "Relation Name": "nation",
                                          "Alias": "nation",
                                          "Startup Cost": 0.0,
                                          "Total Cost": 1.31,
                                          "Plan Rows": 1,
                                          "Plan Width": 4,
                                          "Filter": "(n_name = 'ETHIOPIA'::bpchar)",
                                          "parent": 20,
                                          "ID": 21
                                        }
                                      ],
                                      "parent": 18,
                                      "ID": 20,
                                      "left": 21
                                    }
                                  ],
                                  "parent": 17,
                                  "ID": 18,
                                  "left": 19,
                                  "right": 20
                                }
                              ],
                              "parent": 15,
                              "ID": 17,
                              "left": 18
                            }
                          ],
                          "parent": 14,
                          "ID": 15,
                          "left": 16,
                          "right": 17
                        }
                      ],
                      "parent": 13,
                      "ID": 14,
                      "left": 15
                    }
                  ],
                  "parent": 12,
                  "ID": 13,
                  "left": 14
                }
              ],
              "parent": 11,
              "ID": 12,
              "left": 13
            }
          ],
          "parent": 0,
          "ID": 11,
          "left": 12
        }
      ],
      "parent": null,
      "ID": 0,
      "left": 1,
      "right": 11
    },
    "feat": {
      "utility": 0.0,
      "query_shape": [
        [
          "Seq Scan",
          "Hash Join",
          "Aggregate",
          "Gather"
        ],
        [
          "Seq Scan",
          "Hash Join",
          "Hash",
          "Aggregate",
          "Gather"
        ],
        [
          "Seq Scan",
          "Hash",
          "Hash Join",
          "Aggregate",
          "Gather"
        ],
        [
          "Seq Scan",
          "Hash Join",
          "Sort",
          "Aggregate",
          "Gather Merge"
        ],
        [
          "Seq Scan",
          "Hash Join",
          "Hash",
          "Sort",
          "Aggregate",
          "Gather Merge"
        ],
        [
          "Seq Scan",
          "Hash",
          "Hash Join",
          "Sort",
          "Aggregate",
          "Gather Merge"
        ]
      ],
      "index_shape": [
        "order-by"
      ],
      "physical_operator": {
        "Sort": [
          "[1.0000000e+00 4.0009800e+03 8.0009600e+03 1.2000940e+04 1.6000920e+04\n 2.0000900e+04 2.4000880e+04 2.8000860e+04 3.2000840e+04 3.6000820e+04\n 4.0000800e+04 4.4000780e+04 4.8000760e+04 5.2000740e+04 5.6000720e+04\n 6.0000700e+04 6.4000680e+04 6.8000660e+04 7.2000640e+04 7.6000620e+04\n 8.0000600e+04 8.4000580e+04 8.8000560e+04 9.2000540e+04 9.6000520e+04\n 1.0000050e+05 1.0400048e+05 1.0800046e+05 1.1200044e+05 1.1600042e+05\n 1.2000040e+05 1.2400038e+05 1.2800036e+05 1.3200034e+05 1.3600032e+05\n 1.4000030e+05 1.4400028e+05 1.4800026e+05 1.5200024e+05 1.5600022e+05\n 1.6000020e+05 1.6400018e+05 1.6800016e+05 1.7200014e+05 1.7600012e+05\n 1.8000010e+05 1.8400008e+05 1.8800006e+05 1.9200004e+05 1.9600002e+05\n 2.0000000e+05]"
        ],
        "Aggregate": [
          "[1.0000000e+00 4.0009800e+03 8.0009600e+03 1.2000940e+04 1.6000920e+04\n 2.0000900e+04 2.4000880e+04 2.8000860e+04 3.2000840e+04 3.6000820e+04\n 4.0000800e+04 4.4000780e+04 4.8000760e+04 5.2000740e+04 5.6000720e+04\n 6.0000700e+04 6.4000680e+04 6.8000660e+04 7.2000640e+04 7.6000620e+04\n 8.0000600e+04 8.4000580e+04 8.8000560e+04 9.2000540e+04 9.6000520e+04\n 1.0000050e+05 1.0400048e+05 1.0800046e+05 1.1200044e+05 1.1600042e+05\n 1.2000040e+05 1.2400038e+05 1.2800036e+05 1.3200034e+05 1.3600032e+05\n 1.4000030e+05 1.4400028e+05 1.4800026e+05 1.5200024e+05 1.5600022e+05\n 1.6000020e+05 1.6400018e+05 1.6800016e+05 1.7200014e+05 1.7600012e+05\n 1.8000010e+05 1.8400008e+05 1.8800006e+05 1.9200004e+05 1.9600002e+05\n 2.0000000e+05]",
          "[1.0000000e+00 4.0009800e+03 8.0009600e+03 1.2000940e+04 1.6000920e+04\n 2.0000900e+04 2.4000880e+04 2.8000860e+04 3.2000840e+04 3.6000820e+04\n 4.0000800e+04 4.4000780e+04 4.8000760e+04 5.2000740e+04 5.6000720e+04\n 6.0000700e+04 6.4000680e+04 6.8000660e+04 7.2000640e+04 7.6000620e+04\n 8.0000600e+04 8.4000580e+04 8.8000560e+04 9.2000540e+04 9.6000520e+04\n 1.0000050e+05 1.0400048e+05 1.0800046e+05 1.1200044e+05 1.1600042e+05\n 1.2000040e+05 1.2400038e+05 1.2800036e+05 1.3200034e+05 1.3600032e+05\n 1.4000030e+05 1.4400028e+05 1.4800026e+05 1.5200024e+05 1.5600022e+05\n 1.6000020e+05 1.6400018e+05 1.6800016e+05 1.7200014e+05 1.7600012e+05\n 1.8000010e+05 1.8400008e+05 1.8800006e+05 1.9200004e+05 1.9600002e+05\n 2.0000000e+05]"
        ]
      }
    }
  },
  {
    "query": "-- Functional Query Definition\n-- Approved February 1998\n\n\nselect\nps_partkey,\nsum(ps_supplycost * ps_availqty) as value\nfrom\npartsupp,\nsupplier,\nnation\nwhere\nps_suppkey = s_suppkey\nand s_nationkey = n_nationkey\nand n_name = 'ETHIOPIA'\ngroup by\nps_partkey having\nsum(ps_supplycost * ps_availqty) > (\nselect\nsum(ps_supplycost * ps_availqty) * 0.0000100000\nfrom\npartsupp,\nsupplier,\nnation\nwhere\nps_suppkey = s_suppkey\nand s_nationkey = n_nationkey\nand n_name = 'ETHIOPIA'\n)\norder by\nvalue desc ;\n-- $ID$\n-- TPC-H/TPC-R Shipping Modes and Order Priority ",
    "indexes": "partsupp.ps_suppkey",
    "wo plan est": {
      "Node Type": "Sort",
      "Parallel Aware": false,
      "Async Capable": false,
      "Startup Cost": 517534.29,
      "Total Cost": 517800.95,
      "Plan Rows": 106664,
      "Plan Width": 36,
      "Sort Key": [
        "(sum((partsupp.ps_supplycost * (partsupp.ps_availqty)::numeric))) DESC"
      ],
      "Plans": [
        {
          "Node Type": "Aggregate",
          "Strategy": "Plain",
          "Partial Mode": "Finalize",
          "Parent Relationship": "InitPlan",
          "Subplan Name": "InitPlan 1 (returns $1)",
          "Parallel Aware": false,
          "Async Capable": false,
          "Startup Cost": 226081.91,
          "Total Cost": 226081.92,
          "Plan Rows": 1,
          "Plan Width": 32,
          "Plans": [
            {
              "Node Type": "Gather",
              "Parent Relationship": "Outer",
              "Parallel Aware": false,
              "Async Capable": false,
              "Startup Cost": 226081.68,
              "Total Cost": 226081.89,
              "Plan Rows": 2,
              "Plan Width": 32,
              "Workers Planned": 2,
              "Single Copy": false,
              "Plans": [
                {
                  "Node Type": "Aggregate",
                  "Strategy": "Plain",
                  "Partial Mode": "Partial",
                  "Parent Relationship": "Outer",
                  "Parallel Aware": false,
                  "Async Capable": false,
                  "Startup Cost": 225081.68,
                  "Total Cost": 225081.69,
                  "Plan Rows": 1,
                  "Plan Width": 32,
                  "Plans": [
                    {
                      "Node Type": "Hash Join",
                      "Parent Relationship": "Outer",
                      "Parallel Aware": true,
                      "Async Capable": false,
                      "Join Type": "Inner",
                      "Startup Cost": 3079.09,
                      "Total Cost": 224081.71,
                      "Plan Rows": 133330,
                      "Plan Width": 10,
                      "Inner Unique": false,
                      "Hash Cond": "(partsupp_1.ps_suppkey = supplier_1.s_suppkey)",
                      "Plans": [
                        {
                          "Node Type": "Seq Scan",
                          "Parent Relationship": "Outer",
                          "Parallel Aware": true,
                          "Async Capable": false,
                          "Relation Name": "partsupp",
                          "Alias": "partsupp_1",
                          "Startup Cost": 0.0,
                          "Total Cost": 207718.58,
                          "Plan Rows": 3333258,
                          "Plan Width": 14,
                          "parent": 4,
                          "ID": 5
                        },
                        {
                          "Node Type": "Hash",
                          "Parent Relationship": "Inner",
                          "Parallel Aware": true,
                          "Async Capable": false,
                          "Startup Cost": 3049.68,
                          "Total Cost": 3049.68,
                          "Plan Rows": 2353,
                          "Plan Width": 4,
                          "Plans": [
                            {
                              "Node Type": "Hash Join",
                              "Parent Relationship": "Outer",
                              "Parallel Aware": false,
                              "Async Capable": false,
                              "Join Type": "Inner",
                              "Startup Cost": 1.32,
                              "Total Cost": 3049.68,
                              "Plan Rows": 2353,
                              "Plan Width": 4,
                              "Inner Unique": false,
                              "Hash Cond": "(supplier_1.s_nationkey = nation_1.n_nationkey)",
                              "Plans": [
                                {
                                  "Node Type": "Seq Scan",
                                  "Parent Relationship": "Outer",
                                  "Parallel Aware": true,
                                  "Async Capable": false,
                                  "Relation Name": "supplier",
                                  "Alias": "supplier_1",
                                  "Startup Cost": 0.0,
                                  "Total Cost": 2804.24,
                                  "Plan Rows": 58824,
                                  "Plan Width": 8,
                                  "parent": 7,
                                  "ID": 8
                                },
                                {
                                  "Node Type": "Hash",
                                  "Parent Relationship": "Inner",
                                  "Parallel Aware": false,
                                  "Async Capable": false,
                                  "Startup Cost": 1.31,
                                  "Total Cost": 1.31,
                                  "Plan Rows": 1,
                                  "Plan Width": 4,
                                  "Plans": [
                                    {
                                      "Node Type": "Seq Scan",
                                      "Parent Relationship": "Outer",
                                      "Parallel Aware": false,
                                      "Async Capable": false,
                                      "Relation Name": "nation",
                                      "Alias": "nation_1",
                                      "Startup Cost": 0.0,
                                      "Total Cost": 1.31,
                                      "Plan Rows": 1,
                                      "Plan Width": 4,
                                      "Filter": "(n_name = 'ETHIOPIA'::bpchar)",
                                      "parent": 9,
                                      "ID": 10
                                    }
                                  ],
                                  "parent": 7,
                                  "ID": 9,
                                  "left": 10
                                }
                              ],
                              "parent": 6,
                              "ID": 7,
                              "left": 8,
                              "right": 9
                            }
                          ],
                          "parent": 4,
                          "ID": 6,
                          "left": 7
                        }
                      ],
                      "parent": 3,
                      "ID": 4,
                      "left": 5,
                      "right": 6
                    }
                  ],
                  "parent": 2,
                  "ID": 3,
                  "left": 4
                }
              ],
              "parent": 1,
              "ID": 2,
              "left": 3
            }
          ],
          "parent": 0,
          "ID": 1,
          "left": 2
        },
        {
          "Node Type": "Aggregate",
          "Strategy": "Sorted",
          "Partial Mode": "Finalize",
          "Parent Relationship": "Outer",
          "Parallel Aware": false,
          "Async Capable": false,
          "Startup Cost": 238713.21,
          "Total Cost": 279625.48,
          "Plan Rows": 106664,
          "Plan Width": 36,
          "Group Key": [
            "partsupp.ps_partkey"
          ],
          "Filter": "(sum((partsupp.ps_supplycost * (partsupp.ps_availqty)::numeric)) > $1)",
          "Plans": [
            {
              "Node Type": "Gather Merge",
              "Parent Relationship": "Outer",
              "Parallel Aware": false,
              "Async Capable": false,
              "Startup Cost": 238713.21,
              "Total Cost": 272825.64,
              "Plan Rows": 266660,
              "Plan Width": 36,
              "Workers Planned": 2,
              "Plans": [
                {
                  "Node Type": "Aggregate",
                  "Strategy": "Sorted",
                  "Partial Mode": "Partial",
                  "Parent Relationship": "Outer",
                  "Parallel Aware": false,
                  "Async Capable": false,
                  "Startup Cost": 237713.18,
                  "Total Cost": 241046.43,
                  "Plan Rows": 133330,
                  "Plan Width": 36,
                  "Group Key": [
                    "partsupp.ps_partkey"
                  ],
                  "Plans": [
                    {
                      "Node Type": "Sort",
                      "Parent Relationship": "Outer",
                      "Parallel Aware": false,
                      "Async Capable": false,
                      "Startup Cost": 237713.18,
                      "Total Cost": 238046.51,
                      "Plan Rows": 133330,
                      "Plan Width": 14,
                      "Sort Key": [
                        "partsupp.ps_partkey"
                      ],
                      "Plans": [
                        {
                          "Node Type": "Hash Join",
                          "Parent Relationship": "Outer",
                          "Parallel Aware": true,
                          "Async Capable": false,
                          "Join Type": "Inner",
                          "Startup Cost": 3079.09,
                          "Total Cost": 224081.71,
                          "Plan Rows": 133330,
                          "Plan Width": 14,
                          "Inner Unique": false,
                          "Hash Cond": "(partsupp.ps_suppkey = supplier.s_suppkey)",
                          "Plans": [
                            {
                              "Node Type": "Seq Scan",
                              "Parent Relationship": "Outer",
                              "Parallel Aware": true,
                              "Async Capable": false,
                              "Relation Name": "partsupp",
                              "Alias": "partsupp",
                              "Startup Cost": 0.0,
                              "Total Cost": 207718.58,
                              "Plan Rows": 3333258,
                              "Plan Width": 18,
                              "parent": 15,
                              "ID": 16
                            },
                            {
                              "Node Type": "Hash",
                              "Parent Relationship": "Inner",
                              "Parallel Aware": true,
                              "Async Capable": false,
                              "Startup Cost": 3049.68,
                              "Total Cost": 3049.68,
                              "Plan Rows": 2353,
                              "Plan Width": 4,
                              "Plans": [
                                {
                                  "Node Type": "Hash Join",
                                  "Parent Relationship": "Outer",
                                  "Parallel Aware": false,
                                  "Async Capable": false,
                                  "Join Type": "Inner",
                                  "Startup Cost": 1.32,
                                  "Total Cost": 3049.68,
                                  "Plan Rows": 2353,
                                  "Plan Width": 4,
                                  "Inner Unique": false,
                                  "Hash Cond": "(supplier.s_nationkey = nation.n_nationkey)",
                                  "Plans": [
                                    {
                                      "Node Type": "Seq Scan",
                                      "Parent Relationship": "Outer",
                                      "Parallel Aware": true,
                                      "Async Capable": false,
                                      "Relation Name": "supplier",
                                      "Alias": "supplier",
                                      "Startup Cost": 0.0,
                                      "Total Cost": 2804.24,
                                      "Plan Rows": 58824,
                                      "Plan Width": 8,
                                      "parent": 18,
                                      "ID": 19
                                    },
                                    {
                                      "Node Type": "Hash",
                                      "Parent Relationship": "Inner",
                                      "Parallel Aware": false,
                                      "Async Capable": false,
                                      "Startup Cost": 1.31,
                                      "Total Cost": 1.31,
                                      "Plan Rows": 1,
                                      "Plan Width": 4,
                                      "Plans": [
                                        {
                                          "Node Type": "Seq Scan",
                                          "Parent Relationship": "Outer",
                                          "Parallel Aware": false,
                                          "Async Capable": false,
                                          "Relation Name": "nation",
                                          "Alias": "nation",
                                          "Startup Cost": 0.0,
                                          "Total Cost": 1.31,
                                          "Plan Rows": 1,
                                          "Plan Width": 4,
                                          "Filter": "(n_name = 'ETHIOPIA'::bpchar)",
                                          "parent": 20,
                                          "ID": 21
                                        }
                                      ],
                                      "parent": 18,
                                      "ID": 20,
                                      "left": 21
                                    }
                                  ],
                                  "parent": 17,
                                  "ID": 18,
                                  "left": 19,
                                  "right": 20
                                }
                              ],
                              "parent": 15,
                              "ID": 17,
                              "left": 18
                            }
                          ],
                          "parent": 14,
                          "ID": 15,
                          "left": 16,
                          "right": 17
                        }
                      ],
                      "parent": 13,
                      "ID": 14,
                      "left": 15
                    }
                  ],
                  "parent": 12,
                  "ID": 13,
                  "left": 14
                }
              ],
              "parent": 11,
              "ID": 12,
              "left": 13
            }
          ],
          "parent": 0,
          "ID": 11,
          "left": 12
        }
      ],
      "parent": null,
      "ID": 0,
      "left": 1,
      "right": 11
    },
    "feat": {
      "utility": 5.038997343000708e-06,
      "query_shape": [
        [
          "Seq Scan",
          "Hash Join",
          "Aggregate",
          "Gather"
        ],
        [
          "Seq Scan",
          "Hash Join",
          "Hash",
          "Aggregate",
          "Gather"
        ],
        [
          "Seq Scan",
          "Hash",
          "Hash Join",
          "Aggregate",
          "Gather"
        ],
        [
          "Seq Scan",
          "Hash Join",
          "Sort",
          "Aggregate",
          "Gather Merge"
        ],
        [
          "Seq Scan",
          "Hash Join",
          "Hash",
          "Sort",
          "Aggregate",
          "Gather Merge"
        ],
        [
          "Seq Scan",
          "Hash",
          "Hash Join",
          "Sort",
          "Aggregate",
          "Gather Merge"
        ]
      ],
      "index_shape": [
        "join"
      ],
      "physical_operator": {
        "Hash Join": [
          0.004123049139983979,
          0.004123049139983979
        ]
      }
    }
  },
  {
    "query": "-- Functional Query Definition\n-- Approved February 1998\n\n\nselect\nps_partkey,\nsum(ps_supplycost * ps_availqty) as value\nfrom\npartsupp,\nsupplier,\nnation\nwhere\nps_suppkey = s_suppkey\nand s_nationkey = n_nationkey\nand n_name = 'ETHIOPIA'\ngroup by\nps_partkey having\nsum(ps_supplycost * ps_availqty) > (\nselect\nsum(ps_supplycost * ps_availqty) * 0.0000100000\nfrom\npartsupp,\nsupplier,\nnation\nwhere\nps_suppkey = s_suppkey\nand s_nationkey = n_nationkey\nand n_name = 'ETHIOPIA'\n)\norder by\nvalue desc ;\n-- $ID$\n-- TPC-H/TPC-R Shipping Modes and Order Priority ",
    "indexes": "partsupp.ps_availqty",
    "wo plan est": {
      "Node Type": "Sort",
      "Parallel Aware": false,
      "Async Capable": false,
      "Startup Cost": 517534.29,
      "Total Cost": 517800.95,
      "Plan Rows": 106664,
      "Plan Width": 36,
      "Sort Key": [
        "(sum((partsupp.ps_supplycost * (partsupp.ps_availqty)::numeric))) DESC"
      ],
      "Plans": [
        {
          "Node Type": "Aggregate",
          "Strategy": "Plain",
          "Partial Mode": "Finalize",
          "Parent Relationship": "InitPlan",
          "Subplan Name": "InitPlan 1 (returns $1)",
          "Parallel Aware": false,
          "Async Capable": false,
          "Startup Cost": 226081.91,
          "Total Cost": 226081.92,
          "Plan Rows": 1,
          "Plan Width": 32,
          "Plans": [
            {
              "Node Type": "Gather",
              "Parent Relationship": "Outer",
              "Parallel Aware": false,
              "Async Capable": false,
              "Startup Cost": 226081.68,
              "Total Cost": 226081.89,
              "Plan Rows": 2,
              "Plan Width": 32,
              "Workers Planned": 2,
              "Single Copy": false,
              "Plans": [
                {
                  "Node Type": "Aggregate",
                  "Strategy": "Plain",
                  "Partial Mode": "Partial",
                  "Parent Relationship": "Outer",
                  "Parallel Aware": false,
                  "Async Capable": false,
                  "Startup Cost": 225081.68,
                  "Total Cost": 225081.69,
                  "Plan Rows": 1,
                  "Plan Width": 32,
                  "Plans": [
                    {
                      "Node Type": "Hash Join",
                      "Parent Relationship": "Outer",
                      "Parallel Aware": true,
                      "Async Capable": false,
                      "Join Type": "Inner",
                      "Startup Cost": 3079.09,
                      "Total Cost": 224081.71,
                      "Plan Rows": 133330,
                      "Plan Width": 10,
                      "Inner Unique": false,
                      "Hash Cond": "(partsupp_1.ps_suppkey = supplier_1.s_suppkey)",
                      "Plans": [
                        {
                          "Node Type": "Seq Scan",
                          "Parent Relationship": "Outer",
                          "Parallel Aware": true,
                          "Async Capable": false,
                          "Relation Name": "partsupp",
                          "Alias": "partsupp_1",
                          "Startup Cost": 0.0,
                          "Total Cost": 207718.58,
                          "Plan Rows": 3333258,
                          "Plan Width": 14,
                          "parent": 4,
                          "ID": 5
                        },
                        {
                          "Node Type": "Hash",
                          "Parent Relationship": "Inner",
                          "Parallel Aware": true,
                          "Async Capable": false,
                          "Startup Cost": 3049.68,
                          "Total Cost": 3049.68,
                          "Plan Rows": 2353,
                          "Plan Width": 4,
                          "Plans": [
                            {
                              "Node Type": "Hash Join",
                              "Parent Relationship": "Outer",
                              "Parallel Aware": false,
                              "Async Capable": false,
                              "Join Type": "Inner",
                              "Startup Cost": 1.32,
                              "Total Cost": 3049.68,
                              "Plan Rows": 2353,
                              "Plan Width": 4,
                              "Inner Unique": false,
                              "Hash Cond": "(supplier_1.s_nationkey = nation_1.n_nationkey)",
                              "Plans": [
                                {
                                  "Node Type": "Seq Scan",
                                  "Parent Relationship": "Outer",
                                  "Parallel Aware": true,
                                  "Async Capable": false,
                                  "Relation Name": "supplier",
                                  "Alias": "supplier_1",
                                  "Startup Cost": 0.0,
                                  "Total Cost": 2804.24,
                                  "Plan Rows": 58824,
                                  "Plan Width": 8,
                                  "parent": 7,
                                  "ID": 8
                                },
                                {
                                  "Node Type": "Hash",
                                  "Parent Relationship": "Inner",
                                  "Parallel Aware": false,
                                  "Async Capable": false,
                                  "Startup Cost": 1.31,
                                  "Total Cost": 1.31,
                                  "Plan Rows": 1,
                                  "Plan Width": 4,
                                  "Plans": [
                                    {
                                      "Node Type": "Seq Scan",
                                      "Parent Relationship": "Outer",
                                      "Parallel Aware": false,
                                      "Async Capable": false,
                                      "Relation Name": "nation",
                                      "Alias": "nation_1",
                                      "Startup Cost": 0.0,
                                      "Total Cost": 1.31,
                                      "Plan Rows": 1,
                                      "Plan Width": 4,
                                      "Filter": "(n_name = 'ETHIOPIA'::bpchar)",
                                      "parent": 9,
                                      "ID": 10
                                    }
                                  ],
                                  "parent": 7,
                                  "ID": 9,
                                  "left": 10
                                }
                              ],
                              "parent": 6,
                              "ID": 7,
                              "left": 8,
                              "right": 9
                            }
                          ],
                          "parent": 4,
                          "ID": 6,
                          "left": 7
                        }
                      ],
                      "parent": 3,
                      "ID": 4,
                      "left": 5,
                      "right": 6
                    }
                  ],
                  "parent": 2,
                  "ID": 3,
                  "left": 4
                }
              ],
              "parent": 1,
              "ID": 2,
              "left": 3
            }
          ],
          "parent": 0,
          "ID": 1,
          "left": 2
        },
        {
          "Node Type": "Aggregate",
          "Strategy": "Sorted",
          "Partial Mode": "Finalize",
          "Parent Relationship": "Outer",
          "Parallel Aware": false,
          "Async Capable": false,
          "Startup Cost": 238713.21,
          "Total Cost": 279625.48,
          "Plan Rows": 106664,
          "Plan Width": 36,
          "Group Key": [
            "partsupp.ps_partkey"
          ],
          "Filter": "(sum((partsupp.ps_supplycost * (partsupp.ps_availqty)::numeric)) > $1)",
          "Plans": [
            {
              "Node Type": "Gather Merge",
              "Parent Relationship": "Outer",
              "Parallel Aware": false,
              "Async Capable": false,
              "Startup Cost": 238713.21,
              "Total Cost": 272825.64,
              "Plan Rows": 266660,
              "Plan Width": 36,
              "Workers Planned": 2,
              "Plans": [
                {
                  "Node Type": "Aggregate",
                  "Strategy": "Sorted",
                  "Partial Mode": "Partial",
                  "Parent Relationship": "Outer",
                  "Parallel Aware": false,
                  "Async Capable": false,
                  "Startup Cost": 237713.18,
                  "Total Cost": 241046.43,
                  "Plan Rows": 133330,
                  "Plan Width": 36,
                  "Group Key": [
                    "partsupp.ps_partkey"
                  ],
                  "Plans": [
                    {
                      "Node Type": "Sort",
                      "Parent Relationship": "Outer",
                      "Parallel Aware": false,
                      "Async Capable": false,
                      "Startup Cost": 237713.18,
                      "Total Cost": 238046.51,
                      "Plan Rows": 133330,
                      "Plan Width": 14,
                      "Sort Key": [
                        "partsupp.ps_partkey"
                      ],
                      "Plans": [
                        {
                          "Node Type": "Hash Join",
                          "Parent Relationship": "Outer",
                          "Parallel Aware": true,
                          "Async Capable": false,
                          "Join Type": "Inner",
                          "Startup Cost": 3079.09,
                          "Total Cost": 224081.71,
                          "Plan Rows": 133330,
                          "Plan Width": 14,
                          "Inner Unique": false,
                          "Hash Cond": "(partsupp.ps_suppkey = supplier.s_suppkey)",
                          "Plans": [
                            {
                              "Node Type": "Seq Scan",
                              "Parent Relationship": "Outer",
                              "Parallel Aware": true,
                              "Async Capable": false,
                              "Relation Name": "partsupp",
                              "Alias": "partsupp",
                              "Startup Cost": 0.0,
                              "Total Cost": 207718.58,
                              "Plan Rows": 3333258,
                              "Plan Width": 18,
                              "parent": 15,
                              "ID": 16
                            },
                            {
                              "Node Type": "Hash",
                              "Parent Relationship": "Inner",
                              "Parallel Aware": true,
                              "Async Capable": false,
                              "Startup Cost": 3049.68,
                              "Total Cost": 3049.68,
                              "Plan Rows": 2353,
                              "Plan Width": 4,
                              "Plans": [
                                {
                                  "Node Type": "Hash Join",
                                  "Parent Relationship": "Outer",
                                  "Parallel Aware": false,
                                  "Async Capable": false,
                                  "Join Type": "Inner",
                                  "Startup Cost": 1.32,
                                  "Total Cost": 3049.68,
                                  "Plan Rows": 2353,
                                  "Plan Width": 4,
                                  "Inner Unique": false,
                                  "Hash Cond": "(supplier.s_nationkey = nation.n_nationkey)",
                                  "Plans": [
                                    {
                                      "Node Type": "Seq Scan",
                                      "Parent Relationship": "Outer",
                                      "Parallel Aware": true,
                                      "Async Capable": false,
                                      "Relation Name": "supplier",
                                      "Alias": "supplier",
                                      "Startup Cost": 0.0,
                                      "Total Cost": 2804.24,
                                      "Plan Rows": 58824,
                                      "Plan Width": 8,
                                      "parent": 18,
                                      "ID": 19
                                    },
                                    {
                                      "Node Type": "Hash",
                                      "Parent Relationship": "Inner",
                                      "Parallel Aware": false,
                                      "Async Capable": false,
                                      "Startup Cost": 1.31,
                                      "Total Cost": 1.31,
                                      "Plan Rows": 1,
                                      "Plan Width": 4,
                                      "Plans": [
                                        {
                                          "Node Type": "Seq Scan",
                                          "Parent Relationship": "Outer",
                                          "Parallel Aware": false,
                                          "Async Capable": false,
                                          "Relation Name": "nation",
                                          "Alias": "nation",
                                          "Startup Cost": 0.0,
                                          "Total Cost": 1.31,
                                          "Plan Rows": 1,
                                          "Plan Width": 4,
                                          "Filter": "(n_name = 'ETHIOPIA'::bpchar)",
                                          "parent": 20,
                                          "ID": 21
                                        }
                                      ],
                                      "parent": 18,
                                      "ID": 20,
                                      "left": 21
                                    }
                                  ],
                                  "parent": 17,
                                  "ID": 18,
                                  "left": 19,
                                  "right": 20
                                }
                              ],
                              "parent": 15,
                              "ID": 17,
                              "left": 18
                            }
                          ],
                          "parent": 14,
                          "ID": 15,
                          "left": 16,
                          "right": 17
                        }
                      ],
                      "parent": 13,
                      "ID": 14,
                      "left": 15
                    }
                  ],
                  "parent": 12,
                  "ID": 13,
                  "left": 14
                }
              ],
              "parent": 11,
              "ID": 12,
              "left": 13
            }
          ],
          "parent": 0,
          "ID": 11,
          "left": 12
        }
      ],
      "parent": null,
      "ID": 0,
      "left": 1,
      "right": 11
    },
    "feat": {
      "utility": 0.0,
      "query_shape": [
        [
          "Seq Scan",
          "Hash Join",
          "Aggregate",
          "Gather"
        ],
        [
          "Seq Scan",
          "Hash Join",
          "Hash",
          "Aggregate",
          "Gather"
        ],
        [
          "Seq Scan",
          "Hash",
          "Hash Join",
          "Aggregate",
          "Gather"
        ],
        [
          "Seq Scan",
          "Hash Join",
          "Sort",
          "Aggregate",
          "Gather Merge"
        ],
        [
          "Seq Scan",
          "Hash Join",
          "Hash",
          "Sort",
          "Aggregate",
          "Gather Merge"
        ],
        [
          "Seq Scan",
          "Hash",
          "Hash Join",
          "Sort",
          "Aggregate",
          "Gather Merge"
        ]
      ],
      "index_shape": [
        "order-by"
      ],
      "physical_operator": {
        "Sort": [
          "[1.000e+00 2.000e+02 4.020e+02 6.020e+02 8.020e+02 1.004e+03 1.203e+03\n 1.402e+03 1.602e+03 1.802e+03 2.003e+03 2.203e+03 2.405e+03 2.608e+03\n 2.810e+03 3.011e+03 3.211e+03 3.409e+03 3.608e+03 3.807e+03 4.006e+03\n 4.206e+03 4.405e+03 4.605e+03 4.801e+03 5.003e+03 5.203e+03 5.402e+03\n 5.602e+03 5.803e+03 6.004e+03 6.204e+03 6.403e+03 6.603e+03 6.804e+03\n 7.001e+03 7.199e+03 7.398e+03 7.597e+03 7.798e+03 8.001e+03 8.201e+03\n 8.400e+03 8.601e+03 8.801e+03 9.005e+03 9.204e+03 9.403e+03 9.600e+03\n 9.799e+03 9.999e+03]"
        ],
        "Aggregate": [
          "[1.000e+00 2.000e+02 4.020e+02 6.020e+02 8.020e+02 1.004e+03 1.203e+03\n 1.402e+03 1.602e+03 1.802e+03 2.003e+03 2.203e+03 2.405e+03 2.608e+03\n 2.810e+03 3.011e+03 3.211e+03 3.409e+03 3.608e+03 3.807e+03 4.006e+03\n 4.206e+03 4.405e+03 4.605e+03 4.801e+03 5.003e+03 5.203e+03 5.402e+03\n 5.602e+03 5.803e+03 6.004e+03 6.204e+03 6.403e+03 6.603e+03 6.804e+03\n 7.001e+03 7.199e+03 7.398e+03 7.597e+03 7.798e+03 8.001e+03 8.201e+03\n 8.400e+03 8.601e+03 8.801e+03 9.005e+03 9.204e+03 9.403e+03 9.600e+03\n 9.799e+03 9.999e+03]"
        ]
      }
    }
  },
  {
    "query": "-- Functional Query Definition\n-- Approved February 1998\n\n\nselect\nps_partkey,\nsum(ps_supplycost * ps_availqty) as value\nfrom\npartsupp,\nsupplier,\nnation\nwhere\nps_suppkey = s_suppkey\nand s_nationkey = n_nationkey\nand n_name = 'ETHIOPIA'\ngroup by\nps_partkey having\nsum(ps_supplycost * ps_availqty) > (\nselect\nsum(ps_supplycost * ps_availqty) * 0.0000100000\nfrom\npartsupp,\nsupplier,\nnation\nwhere\nps_suppkey = s_suppkey\nand s_nationkey = n_nationkey\nand n_name = 'ETHIOPIA'\n)\norder by\nvalue desc ;\n-- $ID$\n-- TPC-H/TPC-R Shipping Modes and Order Priority ",
    "indexes": "partsupp.ps_supplycost",
    "wo plan est": {
      "Node Type": "Sort",
      "Parallel Aware": false,
      "Async Capable": false,
      "Startup Cost": 517534.29,
      "Total Cost": 517800.95,
      "Plan Rows": 106664,
      "Plan Width": 36,
      "Sort Key": [
        "(sum((partsupp.ps_supplycost * (partsupp.ps_availqty)::numeric))) DESC"
      ],
      "Plans": [
        {
          "Node Type": "Aggregate",
          "Strategy": "Plain",
          "Partial Mode": "Finalize",
          "Parent Relationship": "InitPlan",
          "Subplan Name": "InitPlan 1 (returns $1)",
          "Parallel Aware": false,
          "Async Capable": false,
          "Startup Cost": 226081.91,
          "Total Cost": 226081.92,
          "Plan Rows": 1,
          "Plan Width": 32,
          "Plans": [
            {
              "Node Type": "Gather",
              "Parent Relationship": "Outer",
              "Parallel Aware": false,
              "Async Capable": false,
              "Startup Cost": 226081.68,
              "Total Cost": 226081.89,
              "Plan Rows": 2,
              "Plan Width": 32,
              "Workers Planned": 2,
              "Single Copy": false,
              "Plans": [
                {
                  "Node Type": "Aggregate",
                  "Strategy": "Plain",
                  "Partial Mode": "Partial",
                  "Parent Relationship": "Outer",
                  "Parallel Aware": false,
                  "Async Capable": false,
                  "Startup Cost": 225081.68,
                  "Total Cost": 225081.69,
                  "Plan Rows": 1,
                  "Plan Width": 32,
                  "Plans": [
                    {
                      "Node Type": "Hash Join",
                      "Parent Relationship": "Outer",
                      "Parallel Aware": true,
                      "Async Capable": false,
                      "Join Type": "Inner",
                      "Startup Cost": 3079.09,
                      "Total Cost": 224081.71,
                      "Plan Rows": 133330,
                      "Plan Width": 10,
                      "Inner Unique": false,
                      "Hash Cond": "(partsupp_1.ps_suppkey = supplier_1.s_suppkey)",
                      "Plans": [
                        {
                          "Node Type": "Seq Scan",
                          "Parent Relationship": "Outer",
                          "Parallel Aware": true,
                          "Async Capable": false,
                          "Relation Name": "partsupp",
                          "Alias": "partsupp_1",
                          "Startup Cost": 0.0,
                          "Total Cost": 207718.58,
                          "Plan Rows": 3333258,
                          "Plan Width": 14,
                          "parent": 4,
                          "ID": 5
                        },
                        {
                          "Node Type": "Hash",
                          "Parent Relationship": "Inner",
                          "Parallel Aware": true,
                          "Async Capable": false,
                          "Startup Cost": 3049.68,
                          "Total Cost": 3049.68,
                          "Plan Rows": 2353,
                          "Plan Width": 4,
                          "Plans": [
                            {
                              "Node Type": "Hash Join",
                              "Parent Relationship": "Outer",
                              "Parallel Aware": false,
                              "Async Capable": false,
                              "Join Type": "Inner",
                              "Startup Cost": 1.32,
                              "Total Cost": 3049.68,
                              "Plan Rows": 2353,
                              "Plan Width": 4,
                              "Inner Unique": false,
                              "Hash Cond": "(supplier_1.s_nationkey = nation_1.n_nationkey)",
                              "Plans": [
                                {
                                  "Node Type": "Seq Scan",
                                  "Parent Relationship": "Outer",
                                  "Parallel Aware": true,
                                  "Async Capable": false,
                                  "Relation Name": "supplier",
                                  "Alias": "supplier_1",
                                  "Startup Cost": 0.0,
                                  "Total Cost": 2804.24,
                                  "Plan Rows": 58824,
                                  "Plan Width": 8,
                                  "parent": 7,
                                  "ID": 8
                                },
                                {
                                  "Node Type": "Hash",
                                  "Parent Relationship": "Inner",
                                  "Parallel Aware": false,
                                  "Async Capable": false,
                                  "Startup Cost": 1.31,
                                  "Total Cost": 1.31,
                                  "Plan Rows": 1,
                                  "Plan Width": 4,
                                  "Plans": [
                                    {
                                      "Node Type": "Seq Scan",
                                      "Parent Relationship": "Outer",
                                      "Parallel Aware": false,
                                      "Async Capable": false,
                                      "Relation Name": "nation",
                                      "Alias": "nation_1",
                                      "Startup Cost": 0.0,
                                      "Total Cost": 1.31,
                                      "Plan Rows": 1,
                                      "Plan Width": 4,
                                      "Filter": "(n_name = 'ETHIOPIA'::bpchar)",
                                      "parent": 9,
                                      "ID": 10
                                    }
                                  ],
                                  "parent": 7,
                                  "ID": 9,
                                  "left": 10
                                }
                              ],
                              "parent": 6,
                              "ID": 7,
                              "left": 8,
                              "right": 9
                            }
                          ],
                          "parent": 4,
                          "ID": 6,
                          "left": 7
                        }
                      ],
                      "parent": 3,
                      "ID": 4,
                      "left": 5,
                      "right": 6
                    }
                  ],
                  "parent": 2,
                  "ID": 3,
                  "left": 4
                }
              ],
              "parent": 1,
              "ID": 2,
              "left": 3
            }
          ],
          "parent": 0,
          "ID": 1,
          "left": 2
        },
        {
          "Node Type": "Aggregate",
          "Strategy": "Sorted",
          "Partial Mode": "Finalize",
          "Parent Relationship": "Outer",
          "Parallel Aware": false,
          "Async Capable": false,
          "Startup Cost": 238713.21,
          "Total Cost": 279625.48,
          "Plan Rows": 106664,
          "Plan Width": 36,
          "Group Key": [
            "partsupp.ps_partkey"
          ],
          "Filter": "(sum((partsupp.ps_supplycost * (partsupp.ps_availqty)::numeric)) > $1)",
          "Plans": [
            {
              "Node Type": "Gather Merge",
              "Parent Relationship": "Outer",
              "Parallel Aware": false,
              "Async Capable": false,
              "Startup Cost": 238713.21,
              "Total Cost": 272825.64,
              "Plan Rows": 266660,
              "Plan Width": 36,
              "Workers Planned": 2,
              "Plans": [
                {
                  "Node Type": "Aggregate",
                  "Strategy": "Sorted",
                  "Partial Mode": "Partial",
                  "Parent Relationship": "Outer",
                  "Parallel Aware": false,
                  "Async Capable": false,
                  "Startup Cost": 237713.18,
                  "Total Cost": 241046.43,
                  "Plan Rows": 133330,
                  "Plan Width": 36,
                  "Group Key": [
                    "partsupp.ps_partkey"
                  ],
                  "Plans": [
                    {
                      "Node Type": "Sort",
                      "Parent Relationship": "Outer",
                      "Parallel Aware": false,
                      "Async Capable": false,
                      "Startup Cost": 237713.18,
                      "Total Cost": 238046.51,
                      "Plan Rows": 133330,
                      "Plan Width": 14,
                      "Sort Key": [
                        "partsupp.ps_partkey"
                      ],
                      "Plans": [
                        {
                          "Node Type": "Hash Join",
                          "Parent Relationship": "Outer",
                          "Parallel Aware": true,
                          "Async Capable": false,
                          "Join Type": "Inner",
                          "Startup Cost": 3079.09,
                          "Total Cost": 224081.71,
                          "Plan Rows": 133330,
                          "Plan Width": 14,
                          "Inner Unique": false,
                          "Hash Cond": "(partsupp.ps_suppkey = supplier.s_suppkey)",
                          "Plans": [
                            {
                              "Node Type": "Seq Scan",
                              "Parent Relationship": "Outer",
                              "Parallel Aware": true,
                              "Async Capable": false,
                              "Relation Name": "partsupp",
                              "Alias": "partsupp",
                              "Startup Cost": 0.0,
                              "Total Cost": 207718.58,
                              "Plan Rows": 3333258,
                              "Plan Width": 18,
                              "parent": 15,
                              "ID": 16
                            },
                            {
                              "Node Type": "Hash",
                              "Parent Relationship": "Inner",
                              "Parallel Aware": true,
                              "Async Capable": false,
                              "Startup Cost": 3049.68,
                              "Total Cost": 3049.68,
                              "Plan Rows": 2353,
                              "Plan Width": 4,
                              "Plans": [
                                {
                                  "Node Type": "Hash Join",
                                  "Parent Relationship": "Outer",
                                  "Parallel Aware": false,
                                  "Async Capable": false,
                                  "Join Type": "Inner",
                                  "Startup Cost": 1.32,
                                  "Total Cost": 3049.68,
                                  "Plan Rows": 2353,
                                  "Plan Width": 4,
                                  "Inner Unique": false,
                                  "Hash Cond": "(supplier.s_nationkey = nation.n_nationkey)",
                                  "Plans": [
                                    {
                                      "Node Type": "Seq Scan",
                                      "Parent Relationship": "Outer",
                                      "Parallel Aware": true,
                                      "Async Capable": false,
                                      "Relation Name": "supplier",
                                      "Alias": "supplier",
                                      "Startup Cost": 0.0,
                                      "Total Cost": 2804.24,
                                      "Plan Rows": 58824,
                                      "Plan Width": 8,
                                      "parent": 18,
                                      "ID": 19
                                    },
                                    {
                                      "Node Type": "Hash",
                                      "Parent Relationship": "Inner",
                                      "Parallel Aware": false,
                                      "Async Capable": false,
                                      "Startup Cost": 1.31,
                                      "Total Cost": 1.31,
                                      "Plan Rows": 1,
                                      "Plan Width": 4,
                                      "Plans": [
                                        {
                                          "Node Type": "Seq Scan",
                                          "Parent Relationship": "Outer",
                                          "Parallel Aware": false,
                                          "Async Capable": false,
                                          "Relation Name": "nation",
                                          "Alias": "nation",
                                          "Startup Cost": 0.0,
                                          "Total Cost": 1.31,
                                          "Plan Rows": 1,
                                          "Plan Width": 4,
                                          "Filter": "(n_name = 'ETHIOPIA'::bpchar)",
                                          "parent": 20,
                                          "ID": 21
                                        }
                                      ],
                                      "parent": 18,
                                      "ID": 20,
                                      "left": 21
                                    }
                                  ],
                                  "parent": 17,
                                  "ID": 18,
                                  "left": 19,
                                  "right": 20
                                }
                              ],
                              "parent": 15,
                              "ID": 17,
                              "left": 18
                            }
                          ],
                          "parent": 14,
                          "ID": 15,
                          "left": 16,
                          "right": 17
                        }
                      ],
                      "parent": 13,
                      "ID": 14,
                      "left": 15
                    }
                  ],
                  "parent": 12,
                  "ID": 13,
                  "left": 14
                }
              ],
              "parent": 11,
              "ID": 12,
              "left": 13
            }
          ],
          "parent": 0,
          "ID": 11,
          "left": 12
        }
      ],
      "parent": null,
      "ID": 0,
      "left": 1,
      "right": 11
    },
    "feat": {
      "utility": 0.0,
      "query_shape": [
        [
          "Seq Scan",
          "Hash Join",
          "Aggregate",
          "Gather"
        ],
        [
          "Seq Scan",
          "Hash Join",
          "Hash",
          "Aggregate",
          "Gather"
        ],
        [
          "Seq Scan",
          "Hash",
          "Hash Join",
          "Aggregate",
          "Gather"
        ],
        [
          "Seq Scan",
          "Hash Join",
          "Sort",
          "Aggregate",
          "Gather Merge"
        ],
        [
          "Seq Scan",
          "Hash Join",
          "Hash",
          "Sort",
          "Aggregate",
          "Gather Merge"
        ],
        [
          "Seq Scan",
          "Hash",
          "Hash Join",
          "Sort",
          "Aggregate",
          "Gather Merge"
        ]
      ],
      "index_shape": [
        "order-by"
      ],
      "physical_operator": {
        "Sort": [
          "[   1.       21.2      41.36     61.36     81.36    101.28    121.22\n  141.43    161.31    181.35    201.27    221.06    240.93    260.84\n  280.97    300.97    321.08    340.9     360.75    380.85    400.74\n  420.8158  440.57    460.5454  480.61    500.41    520.43    540.14\n  560.08    580.1     600.      619.84    639.8936  659.94    679.92\n  700.14    720.35    740.22    760.1724  779.93    800.11    820.12\n  840.      859.83    879.71    899.891   919.9     939.94    959.82\n  979.83   1000.    ]"
        ],
        "Aggregate": [
          "[   1.       21.2      41.36     61.36     81.36    101.28    121.22\n  141.43    161.31    181.35    201.27    221.06    240.93    260.84\n  280.97    300.97    321.08    340.9     360.75    380.85    400.74\n  420.8158  440.57    460.5454  480.61    500.41    520.43    540.14\n  560.08    580.1     600.      619.84    639.8936  659.94    679.92\n  700.14    720.35    740.22    760.1724  779.93    800.11    820.12\n  840.      859.83    879.71    899.891   919.9     939.94    959.82\n  979.83   1000.    ]"
        ]
      }
    }
  },
  {
    "query": "-- Functional Query Definition\n-- Approved February 1998\n\n\nselect\nps_partkey,\nsum(ps_supplycost * ps_availqty) as value\nfrom\npartsupp,\nsupplier,\nnation\nwhere\nps_suppkey = s_suppkey\nand s_nationkey = n_nationkey\nand n_name = 'ETHIOPIA'\ngroup by\nps_partkey having\nsum(ps_supplycost * ps_availqty) > (\nselect\nsum(ps_supplycost * ps_availqty) * 0.0000100000\nfrom\npartsupp,\nsupplier,\nnation\nwhere\nps_suppkey = s_suppkey\nand s_nationkey = n_nationkey\nand n_name = 'ETHIOPIA'\n)\norder by\nvalue desc ;\n-- $ID$\n-- TPC-H/TPC-R Shipping Modes and Order Priority ",
    "indexes": "supplier.s_suppkey",
    "wo plan est": {
      "Node Type": "Sort",
      "Parallel Aware": false,
      "Async Capable": false,
      "Startup Cost": 517534.29,
      "Total Cost": 517800.95,
      "Plan Rows": 106664,
      "Plan Width": 36,
      "Sort Key": [
        "(sum((partsupp.ps_supplycost * (partsupp.ps_availqty)::numeric))) DESC"
      ],
      "Plans": [
        {
          "Node Type": "Aggregate",
          "Strategy": "Plain",
          "Partial Mode": "Finalize",
          "Parent Relationship": "InitPlan",
          "Subplan Name": "InitPlan 1 (returns $1)",
          "Parallel Aware": false,
          "Async Capable": false,
          "Startup Cost": 226081.91,
          "Total Cost": 226081.92,
          "Plan Rows": 1,
          "Plan Width": 32,
          "Plans": [
            {
              "Node Type": "Gather",
              "Parent Relationship": "Outer",
              "Parallel Aware": false,
              "Async Capable": false,
              "Startup Cost": 226081.68,
              "Total Cost": 226081.89,
              "Plan Rows": 2,
              "Plan Width": 32,
              "Workers Planned": 2,
              "Single Copy": false,
              "Plans": [
                {
                  "Node Type": "Aggregate",
                  "Strategy": "Plain",
                  "Partial Mode": "Partial",
                  "Parent Relationship": "Outer",
                  "Parallel Aware": false,
                  "Async Capable": false,
                  "Startup Cost": 225081.68,
                  "Total Cost": 225081.69,
                  "Plan Rows": 1,
                  "Plan Width": 32,
                  "Plans": [
                    {
                      "Node Type": "Hash Join",
                      "Parent Relationship": "Outer",
                      "Parallel Aware": true,
                      "Async Capable": false,
                      "Join Type": "Inner",
                      "Startup Cost": 3079.09,
                      "Total Cost": 224081.71,
                      "Plan Rows": 133330,
                      "Plan Width": 10,
                      "Inner Unique": false,
                      "Hash Cond": "(partsupp_1.ps_suppkey = supplier_1.s_suppkey)",
                      "Plans": [
                        {
                          "Node Type": "Seq Scan",
                          "Parent Relationship": "Outer",
                          "Parallel Aware": true,
                          "Async Capable": false,
                          "Relation Name": "partsupp",
                          "Alias": "partsupp_1",
                          "Startup Cost": 0.0,
                          "Total Cost": 207718.58,
                          "Plan Rows": 3333258,
                          "Plan Width": 14,
                          "parent": 4,
                          "ID": 5
                        },
                        {
                          "Node Type": "Hash",
                          "Parent Relationship": "Inner",
                          "Parallel Aware": true,
                          "Async Capable": false,
                          "Startup Cost": 3049.68,
                          "Total Cost": 3049.68,
                          "Plan Rows": 2353,
                          "Plan Width": 4,
                          "Plans": [
                            {
                              "Node Type": "Hash Join",
                              "Parent Relationship": "Outer",
                              "Parallel Aware": false,
                              "Async Capable": false,
                              "Join Type": "Inner",
                              "Startup Cost": 1.32,
                              "Total Cost": 3049.68,
                              "Plan Rows": 2353,
                              "Plan Width": 4,
                              "Inner Unique": false,
                              "Hash Cond": "(supplier_1.s_nationkey = nation_1.n_nationkey)",
                              "Plans": [
                                {
                                  "Node Type": "Seq Scan",
                                  "Parent Relationship": "Outer",
                                  "Parallel Aware": true,
                                  "Async Capable": false,
                                  "Relation Name": "supplier",
                                  "Alias": "supplier_1",
                                  "Startup Cost": 0.0,
                                  "Total Cost": 2804.24,
                                  "Plan Rows": 58824,
                                  "Plan Width": 8,
                                  "parent": 7,
                                  "ID": 8
                                },
                                {
                                  "Node Type": "Hash",
                                  "Parent Relationship": "Inner",
                                  "Parallel Aware": false,
                                  "Async Capable": false,
                                  "Startup Cost": 1.31,
                                  "Total Cost": 1.31,
                                  "Plan Rows": 1,
                                  "Plan Width": 4,
                                  "Plans": [
                                    {
                                      "Node Type": "Seq Scan",
                                      "Parent Relationship": "Outer",
                                      "Parallel Aware": false,
                                      "Async Capable": false,
                                      "Relation Name": "nation",
                                      "Alias": "nation_1",
                                      "Startup Cost": 0.0,
                                      "Total Cost": 1.31,
                                      "Plan Rows": 1,
                                      "Plan Width": 4,
                                      "Filter": "(n_name = 'ETHIOPIA'::bpchar)",
                                      "parent": 9,
                                      "ID": 10
                                    }
                                  ],
                                  "parent": 7,
                                  "ID": 9,
                                  "left": 10
                                }
                              ],
                              "parent": 6,
                              "ID": 7,
                              "left": 8,
                              "right": 9
                            }
                          ],
                          "parent": 4,
                          "ID": 6,
                          "left": 7
                        }
                      ],
                      "parent": 3,
                      "ID": 4,
                      "left": 5,
                      "right": 6
                    }
                  ],
                  "parent": 2,
                  "ID": 3,
                  "left": 4
                }
              ],
              "parent": 1,
              "ID": 2,
              "left": 3
            }
          ],
          "parent": 0,
          "ID": 1,
          "left": 2
        },
        {
          "Node Type": "Aggregate",
          "Strategy": "Sorted",
          "Partial Mode": "Finalize",
          "Parent Relationship": "Outer",
          "Parallel Aware": false,
          "Async Capable": false,
          "Startup Cost": 238713.21,
          "Total Cost": 279625.48,
          "Plan Rows": 106664,
          "Plan Width": 36,
          "Group Key": [
            "partsupp.ps_partkey"
          ],
          "Filter": "(sum((partsupp.ps_supplycost * (partsupp.ps_availqty)::numeric)) > $1)",
          "Plans": [
            {
              "Node Type": "Gather Merge",
              "Parent Relationship": "Outer",
              "Parallel Aware": false,
              "Async Capable": false,
              "Startup Cost": 238713.21,
              "Total Cost": 272825.64,
              "Plan Rows": 266660,
              "Plan Width": 36,
              "Workers Planned": 2,
              "Plans": [
                {
                  "Node Type": "Aggregate",
                  "Strategy": "Sorted",
                  "Partial Mode": "Partial",
                  "Parent Relationship": "Outer",
                  "Parallel Aware": false,
                  "Async Capable": false,
                  "Startup Cost": 237713.18,
                  "Total Cost": 241046.43,
                  "Plan Rows": 133330,
                  "Plan Width": 36,
                  "Group Key": [
                    "partsupp.ps_partkey"
                  ],
                  "Plans": [
                    {
                      "Node Type": "Sort",
                      "Parent Relationship": "Outer",
                      "Parallel Aware": false,
                      "Async Capable": false,
                      "Startup Cost": 237713.18,
                      "Total Cost": 238046.51,
                      "Plan Rows": 133330,
                      "Plan Width": 14,
                      "Sort Key": [
                        "partsupp.ps_partkey"
                      ],
                      "Plans": [
                        {
                          "Node Type": "Hash Join",
                          "Parent Relationship": "Outer",
                          "Parallel Aware": true,
                          "Async Capable": false,
                          "Join Type": "Inner",
                          "Startup Cost": 3079.09,
                          "Total Cost": 224081.71,
                          "Plan Rows": 133330,
                          "Plan Width": 14,
                          "Inner Unique": false,
                          "Hash Cond": "(partsupp.ps_suppkey = supplier.s_suppkey)",
                          "Plans": [
                            {
                              "Node Type": "Seq Scan",
                              "Parent Relationship": "Outer",
                              "Parallel Aware": true,
                              "Async Capable": false,
                              "Relation Name": "partsupp",
                              "Alias": "partsupp",
                              "Startup Cost": 0.0,
                              "Total Cost": 207718.58,
                              "Plan Rows": 3333258,
                              "Plan Width": 18,
                              "parent": 15,
                              "ID": 16
                            },
                            {
                              "Node Type": "Hash",
                              "Parent Relationship": "Inner",
                              "Parallel Aware": true,
                              "Async Capable": false,
                              "Startup Cost": 3049.68,
                              "Total Cost": 3049.68,
                              "Plan Rows": 2353,
                              "Plan Width": 4,
                              "Plans": [
                                {
                                  "Node Type": "Hash Join",
                                  "Parent Relationship": "Outer",
                                  "Parallel Aware": false,
                                  "Async Capable": false,
                                  "Join Type": "Inner",
                                  "Startup Cost": 1.32,
                                  "Total Cost": 3049.68,
                                  "Plan Rows": 2353,
                                  "Plan Width": 4,
                                  "Inner Unique": false,
                                  "Hash Cond": "(supplier.s_nationkey = nation.n_nationkey)",
                                  "Plans": [
                                    {
                                      "Node Type": "Seq Scan",
                                      "Parent Relationship": "Outer",
                                      "Parallel Aware": true,
                                      "Async Capable": false,
                                      "Relation Name": "supplier",
                                      "Alias": "supplier",
                                      "Startup Cost": 0.0,
                                      "Total Cost": 2804.24,
                                      "Plan Rows": 58824,
                                      "Plan Width": 8,
                                      "parent": 18,
                                      "ID": 19
                                    },
                                    {
                                      "Node Type": "Hash",
                                      "Parent Relationship": "Inner",
                                      "Parallel Aware": false,
                                      "Async Capable": false,
                                      "Startup Cost": 1.31,
                                      "Total Cost": 1.31,
                                      "Plan Rows": 1,
                                      "Plan Width": 4,
                                      "Plans": [
                                        {
                                          "Node Type": "Seq Scan",
                                          "Parent Relationship": "Outer",
                                          "Parallel Aware": false,
                                          "Async Capable": false,
                                          "Relation Name": "nation",
                                          "Alias": "nation",
                                          "Startup Cost": 0.0,
                                          "Total Cost": 1.31,
                                          "Plan Rows": 1,
                                          "Plan Width": 4,
                                          "Filter": "(n_name = 'ETHIOPIA'::bpchar)",
                                          "parent": 20,
                                          "ID": 21
                                        }
                                      ],
                                      "parent": 18,
                                      "ID": 20,
                                      "left": 21
                                    }
                                  ],
                                  "parent": 17,
                                  "ID": 18,
                                  "left": 19,
                                  "right": 20
                                }
                              ],
                              "parent": 15,
                              "ID": 17,
                              "left": 18
                            }
                          ],
                          "parent": 14,
                          "ID": 15,
                          "left": 16,
                          "right": 17
                        }
                      ],
                      "parent": 13,
                      "ID": 14,
                      "left": 15
                    }
                  ],
                  "parent": 12,
                  "ID": 13,
                  "left": 14
                }
              ],
              "parent": 11,
              "ID": 12,
              "left": 13
            }
          ],
          "parent": 0,
          "ID": 11,
          "left": 12
        }
      ],
      "parent": null,
      "ID": 0,
      "left": 1,
      "right": 11
    },
    "feat": {
      "utility": 5.038997343000708e-06,
      "query_shape": [
        [
          "Seq Scan",
          "Hash Join",
          "Aggregate",
          "Gather"
        ],
        [
          "Seq Scan",
          "Hash Join",
          "Hash",
          "Aggregate",
          "Gather"
        ],
        [
          "Seq Scan",
          "Hash",
          "Hash Join",
          "Aggregate",
          "Gather"
        ],
        [
          "Seq Scan",
          "Hash Join",
          "Sort",
          "Aggregate",
          "Gather Merge"
        ],
        [
          "Seq Scan",
          "Hash Join",
          "Hash",
          "Sort",
          "Aggregate",
          "Gather Merge"
        ],
        [
          "Seq Scan",
          "Hash",
          "Hash Join",
          "Sort",
          "Aggregate",
          "Gather Merge"
        ]
      ],
      "index_shape": [
        "join"
      ],
      "physical_operator": {
        "Hash Join": [
          0.004123049139983979,
          0.004123049139983979
        ]
      }
    }
  },
  {
    "query": "-- Functional Query Definition\n-- Approved February 1998\n\n\nselect\nps_partkey,\nsum(ps_supplycost * ps_availqty) as value\nfrom\npartsupp,\nsupplier,\nnation\nwhere\nps_suppkey = s_suppkey\nand s_nationkey = n_nationkey\nand n_name = 'ETHIOPIA'\ngroup by\nps_partkey having\nsum(ps_supplycost * ps_availqty) > (\nselect\nsum(ps_supplycost * ps_availqty) * 0.0000100000\nfrom\npartsupp,\nsupplier,\nnation\nwhere\nps_suppkey = s_suppkey\nand s_nationkey = n_nationkey\nand n_name = 'ETHIOPIA'\n)\norder by\nvalue desc ;\n-- $ID$\n-- TPC-H/TPC-R Shipping Modes and Order Priority ",
    "indexes": "supplier.s_nationkey",
    "wo plan est": {
      "Node Type": "Sort",
      "Parallel Aware": false,
      "Async Capable": false,
      "Startup Cost": 517534.29,
      "Total Cost": 517800.95,
      "Plan Rows": 106664,
      "Plan Width": 36,
      "Sort Key": [
        "(sum((partsupp.ps_supplycost * (partsupp.ps_availqty)::numeric))) DESC"
      ],
      "Plans": [
        {
          "Node Type": "Aggregate",
          "Strategy": "Plain",
          "Partial Mode": "Finalize",
          "Parent Relationship": "InitPlan",
          "Subplan Name": "InitPlan 1 (returns $1)",
          "Parallel Aware": false,
          "Async Capable": false,
          "Startup Cost": 226081.91,
          "Total Cost": 226081.92,
          "Plan Rows": 1,
          "Plan Width": 32,
          "Plans": [
            {
              "Node Type": "Gather",
              "Parent Relationship": "Outer",
              "Parallel Aware": false,
              "Async Capable": false,
              "Startup Cost": 226081.68,
              "Total Cost": 226081.89,
              "Plan Rows": 2,
              "Plan Width": 32,
              "Workers Planned": 2,
              "Single Copy": false,
              "Plans": [
                {
                  "Node Type": "Aggregate",
                  "Strategy": "Plain",
                  "Partial Mode": "Partial",
                  "Parent Relationship": "Outer",
                  "Parallel Aware": false,
                  "Async Capable": false,
                  "Startup Cost": 225081.68,
                  "Total Cost": 225081.69,
                  "Plan Rows": 1,
                  "Plan Width": 32,
                  "Plans": [
                    {
                      "Node Type": "Hash Join",
                      "Parent Relationship": "Outer",
                      "Parallel Aware": true,
                      "Async Capable": false,
                      "Join Type": "Inner",
                      "Startup Cost": 3079.09,
                      "Total Cost": 224081.71,
                      "Plan Rows": 133330,
                      "Plan Width": 10,
                      "Inner Unique": false,
                      "Hash Cond": "(partsupp_1.ps_suppkey = supplier_1.s_suppkey)",
                      "Plans": [
                        {
                          "Node Type": "Seq Scan",
                          "Parent Relationship": "Outer",
                          "Parallel Aware": true,
                          "Async Capable": false,
                          "Relation Name": "partsupp",
                          "Alias": "partsupp_1",
                          "Startup Cost": 0.0,
                          "Total Cost": 207718.58,
                          "Plan Rows": 3333258,
                          "Plan Width": 14,
                          "parent": 4,
                          "ID": 5
                        },
                        {
                          "Node Type": "Hash",
                          "Parent Relationship": "Inner",
                          "Parallel Aware": true,
                          "Async Capable": false,
                          "Startup Cost": 3049.68,
                          "Total Cost": 3049.68,
                          "Plan Rows": 2353,
                          "Plan Width": 4,
                          "Plans": [
                            {
                              "Node Type": "Hash Join",
                              "Parent Relationship": "Outer",
                              "Parallel Aware": false,
                              "Async Capable": false,
                              "Join Type": "Inner",
                              "Startup Cost": 1.32,
                              "Total Cost": 3049.68,
                              "Plan Rows": 2353,
                              "Plan Width": 4,
                              "Inner Unique": false,
                              "Hash Cond": "(supplier_1.s_nationkey = nation_1.n_nationkey)",
                              "Plans": [
                                {
                                  "Node Type": "Seq Scan",
                                  "Parent Relationship": "Outer",
                                  "Parallel Aware": true,
                                  "Async Capable": false,
                                  "Relation Name": "supplier",
                                  "Alias": "supplier_1",
                                  "Startup Cost": 0.0,
                                  "Total Cost": 2804.24,
                                  "Plan Rows": 58824,
                                  "Plan Width": 8,
                                  "parent": 7,
                                  "ID": 8
                                },
                                {
                                  "Node Type": "Hash",
                                  "Parent Relationship": "Inner",
                                  "Parallel Aware": false,
                                  "Async Capable": false,
                                  "Startup Cost": 1.31,
                                  "Total Cost": 1.31,
                                  "Plan Rows": 1,
                                  "Plan Width": 4,
                                  "Plans": [
                                    {
                                      "Node Type": "Seq Scan",
                                      "Parent Relationship": "Outer",
                                      "Parallel Aware": false,
                                      "Async Capable": false,
                                      "Relation Name": "nation",
                                      "Alias": "nation_1",
                                      "Startup Cost": 0.0,
                                      "Total Cost": 1.31,
                                      "Plan Rows": 1,
                                      "Plan Width": 4,
                                      "Filter": "(n_name = 'ETHIOPIA'::bpchar)",
                                      "parent": 9,
                                      "ID": 10
                                    }
                                  ],
                                  "parent": 7,
                                  "ID": 9,
                                  "left": 10
                                }
                              ],
                              "parent": 6,
                              "ID": 7,
                              "left": 8,
                              "right": 9
                            }
                          ],
                          "parent": 4,
                          "ID": 6,
                          "left": 7
                        }
                      ],
                      "parent": 3,
                      "ID": 4,
                      "left": 5,
                      "right": 6
                    }
                  ],
                  "parent": 2,
                  "ID": 3,
                  "left": 4
                }
              ],
              "parent": 1,
              "ID": 2,
              "left": 3
            }
          ],
          "parent": 0,
          "ID": 1,
          "left": 2
        },
        {
          "Node Type": "Aggregate",
          "Strategy": "Sorted",
          "Partial Mode": "Finalize",
          "Parent Relationship": "Outer",
          "Parallel Aware": false,
          "Async Capable": false,
          "Startup Cost": 238713.21,
          "Total Cost": 279625.48,
          "Plan Rows": 106664,
          "Plan Width": 36,
          "Group Key": [
            "partsupp.ps_partkey"
          ],
          "Filter": "(sum((partsupp.ps_supplycost * (partsupp.ps_availqty)::numeric)) > $1)",
          "Plans": [
            {
              "Node Type": "Gather Merge",
              "Parent Relationship": "Outer",
              "Parallel Aware": false,
              "Async Capable": false,
              "Startup Cost": 238713.21,
              "Total Cost": 272825.64,
              "Plan Rows": 266660,
              "Plan Width": 36,
              "Workers Planned": 2,
              "Plans": [
                {
                  "Node Type": "Aggregate",
                  "Strategy": "Sorted",
                  "Partial Mode": "Partial",
                  "Parent Relationship": "Outer",
                  "Parallel Aware": false,
                  "Async Capable": false,
                  "Startup Cost": 237713.18,
                  "Total Cost": 241046.43,
                  "Plan Rows": 133330,
                  "Plan Width": 36,
                  "Group Key": [
                    "partsupp.ps_partkey"
                  ],
                  "Plans": [
                    {
                      "Node Type": "Sort",
                      "Parent Relationship": "Outer",
                      "Parallel Aware": false,
                      "Async Capable": false,
                      "Startup Cost": 237713.18,
                      "Total Cost": 238046.51,
                      "Plan Rows": 133330,
                      "Plan Width": 14,
                      "Sort Key": [
                        "partsupp.ps_partkey"
                      ],
                      "Plans": [
                        {
                          "Node Type": "Hash Join",
                          "Parent Relationship": "Outer",
                          "Parallel Aware": true,
                          "Async Capable": false,
                          "Join Type": "Inner",
                          "Startup Cost": 3079.09,
                          "Total Cost": 224081.71,
                          "Plan Rows": 133330,
                          "Plan Width": 14,
                          "Inner Unique": false,
                          "Hash Cond": "(partsupp.ps_suppkey = supplier.s_suppkey)",
                          "Plans": [
                            {
                              "Node Type": "Seq Scan",
                              "Parent Relationship": "Outer",
                              "Parallel Aware": true,
                              "Async Capable": false,
                              "Relation Name": "partsupp",
                              "Alias": "partsupp",
                              "Startup Cost": 0.0,
                              "Total Cost": 207718.58,
                              "Plan Rows": 3333258,
                              "Plan Width": 18,
                              "parent": 15,
                              "ID": 16
                            },
                            {
                              "Node Type": "Hash",
                              "Parent Relationship": "Inner",
                              "Parallel Aware": true,
                              "Async Capable": false,
                              "Startup Cost": 3049.68,
                              "Total Cost": 3049.68,
                              "Plan Rows": 2353,
                              "Plan Width": 4,
                              "Plans": [
                                {
                                  "Node Type": "Hash Join",
                                  "Parent Relationship": "Outer",
                                  "Parallel Aware": false,
                                  "Async Capable": false,
                                  "Join Type": "Inner",
                                  "Startup Cost": 1.32,
                                  "Total Cost": 3049.68,
                                  "Plan Rows": 2353,
                                  "Plan Width": 4,
                                  "Inner Unique": false,
                                  "Hash Cond": "(supplier.s_nationkey = nation.n_nationkey)",
                                  "Plans": [
                                    {
                                      "Node Type": "Seq Scan",
                                      "Parent Relationship": "Outer",
                                      "Parallel Aware": true,
                                      "Async Capable": false,
                                      "Relation Name": "supplier",
                                      "Alias": "supplier",
                                      "Startup Cost": 0.0,
                                      "Total Cost": 2804.24,
                                      "Plan Rows": 58824,
                                      "Plan Width": 8,
                                      "parent": 18,
                                      "ID": 19
                                    },
                                    {
                                      "Node Type": "Hash",
                                      "Parent Relationship": "Inner",
                                      "Parallel Aware": false,
                                      "Async Capable": false,
                                      "Startup Cost": 1.31,
                                      "Total Cost": 1.31,
                                      "Plan Rows": 1,
                                      "Plan Width": 4,
                                      "Plans": [
                                        {
                                          "Node Type": "Seq Scan",
                                          "Parent Relationship": "Outer",
                                          "Parallel Aware": false,
                                          "Async Capable": false,
                                          "Relation Name": "nation",
                                          "Alias": "nation",
                                          "Startup Cost": 0.0,
                                          "Total Cost": 1.31,
                                          "Plan Rows": 1,
                                          "Plan Width": 4,
                                          "Filter": "(n_name = 'ETHIOPIA'::bpchar)",
                                          "parent": 20,
                                          "ID": 21
                                        }
                                      ],
                                      "parent": 18,
                                      "ID": 20,
                                      "left": 21
                                    }
                                  ],
                                  "parent": 17,
                                  "ID": 18,
                                  "left": 19,
                                  "right": 20
                                }
                              ],
                              "parent": 15,
                              "ID": 17,
                              "left": 18
                            }
                          ],
                          "parent": 14,
                          "ID": 15,
                          "left": 16,
                          "right": 17
                        }
                      ],
                      "parent": 13,
                      "ID": 14,
                      "left": 15
                    }
                  ],
                  "parent": 12,
                  "ID": 13,
                  "left": 14
                }
              ],
              "parent": 11,
              "ID": 12,
              "left": 13
            }
          ],
          "parent": 0,
          "ID": 11,
          "left": 12
        }
      ],
      "parent": null,
      "ID": 0,
      "left": 1,
      "right": 11
    },
    "feat": {
      "utility": 4.0478789118763895e-06,
      "query_shape": [
        [
          "Seq Scan",
          "Hash Join",
          "Aggregate",
          "Gather"
        ],
        [
          "Seq Scan",
          "Hash Join",
          "Hash",
          "Aggregate",
          "Gather"
        ],
        [
          "Seq Scan",
          "Hash",
          "Hash Join",
          "Aggregate",
          "Gather"
        ],
        [
          "Seq Scan",
          "Hash Join",
          "Sort",
          "Aggregate",
          "Gather Merge"
        ],
        [
          "Seq Scan",
          "Hash Join",
          "Hash",
          "Sort",
          "Aggregate",
          "Gather Merge"
        ],
        [
          "Seq Scan",
          "Hash",
          "Hash Join",
          "Sort",
          "Aggregate",
          "Gather Merge"
        ]
      ],
      "index_shape": [
        "join"
      ],
      "physical_operator": {
        "Hash Join": [
          0.20000169997917527,
          0.20000169997917527
        ]
      }
    }
  },
  {
    "query": "-- Functional Query Definition\n-- Approved February 1998\n\n\nselect\no_year,\nsum(case\nwhen nation = 'ROMANIA' then volume\nelse 0\nend) / sum(volume) as mkt_share\nfrom\n(\nselect\nextract(year from o_orderdate) as o_year,\nl_extendedprice * (1 - l_discount) as volume,\nn2.n_name as nation\nfrom\npart,\nsupplier,\nlineitem,\norders,\ncustomer,\nnation n1,\nnation n2,\nregion\nwhere\np_partkey = l_partkey\nand s_suppkey = l_suppkey\nand l_orderkey = o_orderkey\nand o_custkey = c_custkey\nand c_nationkey = n1.n_nationkey\nand n1.n_regionkey = r_regionkey\nand r_name = 'EUROPE'\nand s_nationkey = n2.n_nationkey\nand o_orderdate between date '1995-01-01' and date '1996-12-31'\nand p_type = 'ECONOMY POLISHED STEEL'\n) as all_nations\ngroup by\no_year\norder by\no_year ;\n-- $ID$\n-- TPC-H/TPC-R Product Type Profit Measure ",
    "indexes": "customer.c_custkey",
    "wo plan est": {
      "Node Type": "Aggregate",
      "Strategy": "Sorted",
      "Partial Mode": "Finalize",
      "Parallel Aware": false,
      "Async Capable": false,
      "Startup Cost": 1955785.01,
      "Total Cost": 1956486.84,
      "Plan Rows": 2406,
      "Plan Width": 64,
      "Group Key": [
        "(EXTRACT(year FROM orders.o_orderdate))"
      ],
      "Plans": [
        {
          "Node Type": "Gather Merge",
          "Parent Relationship": "Outer",
          "Parallel Aware": false,
          "Async Capable": false,
          "Startup Cost": 1955785.01,
          "Total Cost": 1956408.65,
          "Plan Rows": 2406,
          "Plan Width": 96,
          "Workers Planned": 1,
          "Plans": [
            {
              "Node Type": "Aggregate",
              "Strategy": "Sorted",
              "Partial Mode": "Partial",
              "Parent Relationship": "Outer",
              "Parallel Aware": false,
              "Async Capable": false,
              "Startup Cost": 1954785.0,
              "Total Cost": 1955137.96,
              "Plan Rows": 2406,
              "Plan Width": 96,
              "Group Key": [
                "(EXTRACT(year FROM orders.o_orderdate))"
              ],
              "Plans": [
                {
                  "Node Type": "Sort",
                  "Parent Relationship": "Outer",
                  "Parallel Aware": false,
                  "Async Capable": false,
                  "Startup Cost": 1954785.0,
                  "Total Cost": 1954819.54,
                  "Plan Rows": 13816,
                  "Plan Width": 70,
                  "Sort Key": [
                    "(EXTRACT(year FROM orders.o_orderdate))"
                  ],
                  "Plans": [
                    {
                      "Node Type": "Hash Join",
                      "Parent Relationship": "Outer",
                      "Parallel Aware": false,
                      "Async Capable": false,
                      "Join Type": "Inner",
                      "Startup Cost": 1950527.96,
                      "Total Cost": 1953834.87,
                      "Plan Rows": 13816,
                      "Plan Width": 70,
                      "Inner Unique": false,
                      "Hash Cond": "(supplier.s_nationkey = n2.n_nationkey)",
                      "Plans": [
                        {
                          "Node Type": "Hash Join",
                          "Parent Relationship": "Outer",
                          "Parallel Aware": true,
                          "Async Capable": false,
                          "Join Type": "Inner",
                          "Startup Cost": 1950526.4,
                          "Total Cost": 1953608.79,
                          "Plan Rows": 13816,
                          "Plan Width": 20,
                          "Inner Unique": false,
                          "Hash Cond": "(supplier.s_suppkey = lineitem.l_suppkey)",
                          "Plans": [
                            {
                              "Node Type": "Seq Scan",
                              "Parent Relationship": "Outer",
                              "Parallel Aware": true,
                              "Async Capable": false,
                              "Relation Name": "supplier",
                              "Alias": "supplier",
                              "Startup Cost": 0.0,
                              "Total Cost": 2804.24,
                              "Plan Rows": 58824,
                              "Plan Width": 8,
                              "parent": 5,
                              "ID": 6
                            },
                            {
                              "Node Type": "Hash",
                              "Parent Relationship": "Inner",
                              "Parallel Aware": true,
                              "Async Capable": false,
                              "Startup Cost": 1950404.06,
                              "Total Cost": 1950404.06,
                              "Plan Rows": 9787,
                              "Plan Width": 20,
                              "Plans": [
                                {
                                  "Node Type": "Hash Join",
                                  "Parent Relationship": "Outer",
                                  "Parallel Aware": false,
                                  "Async Capable": false,
                                  "Join Type": "Inner",
                                  "Startup Cost": 1905498.74,
                                  "Total Cost": 1950404.06,
                                  "Plan Rows": 9787,
                                  "Plan Width": 20,
                                  "Inner Unique": false,
                                  "Hash Cond": "(customer.c_nationkey = n1.n_nationkey)",
                                  "Plans": [
                                    {
                                      "Node Type": "Hash Join",
                                      "Parent Relationship": "Outer",
                                      "Parallel Aware": true,
                                      "Async Capable": false,
                                      "Join Type": "Inner",
                                      "Startup Cost": 1905496.2,
                                      "Total Cost": 1950120.18,
                                      "Plan Rows": 48932,
                                      "Plan Width": 24,
                                      "Inner Unique": false,
                                      "Hash Cond": "(customer.c_custkey = orders.o_custkey)",
                                      "Plans": [
                                        {
                                          "Node Type": "Seq Scan",
                                          "Parent Relationship": "Outer",
                                          "Parallel Aware": true,
                                          "Async Capable": false,
                                          "Relation Name": "customer",
                                          "Alias": "customer",
                                          "Startup Cost": 0.0,
                                          "Total Cost": 42076.52,
                                          "Plan Rows": 624952,
                                          "Plan Width": 8,
                                          "parent": 9,
                                          "ID": 10
                                        },
                                        {
                                          "Node Type": "Hash",
                                          "Parent Relationship": "Inner",
                                          "Parallel Aware": true,
                                          "Async Capable": false,
                                          "Startup Cost": 1904884.55,
                                          "Total Cost": 1904884.55,
                                          "Plan Rows": 48932,
                                          "Plan Width": 24,
                                          "Plans": [
                                            {
                                              "Node Type": "Hash Join",
                                              "Parent Relationship": "Outer",
                                              "Parallel Aware": true,
                                              "Async Capable": false,
                                              "Join Type": "Inner",
                                              "Startup Cost": 1523283.11,
                                              "Total Cost": 1904884.55,
                                              "Plan Rows": 48932,
                                              "Plan Width": 24,
                                              "Inner Unique": false,
                                              "Hash Cond": "(orders.o_orderkey = lineitem.l_orderkey)",
                                              "Plans": [
                                                {
                                                  "Node Type": "Seq Scan",
                                                  "Parent Relationship": "Outer",
                                                  "Parallel Aware": true,
                                                  "Async Capable": false,
                                                  "Relation Name": "orders",
                                                  "Alias": "orders",
                                                  "Startup Cost": 0.0,
                                                  "Total Cost": 354655.56,
                                                  "Plan Rows": 1909064,
                                                  "Plan Width": 12,
                                                  "Filter": "((o_orderdate >= '1995-01-01'::date) AND (o_orderdate <= '1996-12-31'::date))",
                                                  "parent": 12,
                                                  "ID": 13
                                                },
                                                {
                                                  "Node Type": "Hash",
                                                  "Parent Relationship": "Inner",
                                                  "Parallel Aware": true,
                                                  "Async Capable": false,
                                                  "Startup Cost": 1520341.76,
                                                  "Total Cost": 1520341.76,
                                                  "Plan Rows": 160188,
                                                  "Plan Width": 20,
                                                  "Plans": [
                                                    {
                                                      "Node Type": "Hash Join",
                                                      "Parent Relationship": "Outer",
                                                      "Parallel Aware": true,
                                                      "Async Capable": false,
                                                      "Join Type": "Inner",
                                                      "Startup Cost": 51447.53,
                                                      "Total Cost": 1520341.76,
                                                      "Plan Rows": 160188,
                                                      "Plan Width": 20,
                                                      "Inner Unique": false,
                                                      "Hash Cond": "(lineitem.l_partkey = part.p_partkey)",
                                                      "Plans": [
                                                        {
                                                          "Node Type": "Seq Scan",
                                                          "Parent Relationship": "Outer",
                                                          "Parallel Aware": true,
                                                          "Async Capable": false,
                                                          "Relation Name": "lineitem",
                                                          "Alias": "lineitem",
                                                          "Startup Cost": 0.0,
                                                          "Total Cost": 1374494.57,
                                                          "Plan Rows": 24995257,
                                                          "Plan Width": 24,
                                                          "parent": 15,
                                                          "ID": 16
                                                        },
                                                        {
                                                          "Node Type": "Hash",
                                                          "Parent Relationship": "Inner",
                                                          "Parallel Aware": true,
                                                          "Async Capable": false,
                                                          "Startup Cost": 51378.28,
                                                          "Total Cost": 51378.28,
                                                          "Plan Rows": 5540,
                                                          "Plan Width": 4,
                                                          "Plans": [
                                                            {
                                                              "Node Type": "Seq Scan",
                                                              "Parent Relationship": "Outer",
                                                              "Parallel Aware": true,
                                                              "Async Capable": false,
                                                              "Relation Name": "part",
                                                              "Alias": "part",
                                                              "Startup Cost": 0.0,
                                                              "Total Cost": 51378.28,
                                                              "Plan Rows": 5540,
                                                              "Plan Width": 4,
                                                              "Filter": "((p_type)::text = 'ECONOMY POLISHED STEEL'::text)",
                                                              "parent": 17,
                                                              "ID": 18
                                                            }
                                                          ],
                                                          "parent": 15,
                                                          "ID": 17,
                                                          "left": 18
                                                        }
                                                      ],
                                                      "parent": 14,
                                                      "ID": 15,
                                                      "left": 16,
                                                      "right": 17
                                                    }
                                                  ],
                                                  "parent": 12,
                                                  "ID": 14,
                                                  "left": 15
                                                }
                                              ],
                                              "parent": 11,
                                              "ID": 12,
                                              "left": 13,
                                              "right": 14
                                            }
                                          ],
                                          "parent": 9,
                                          "ID": 11,
                                          "left": 12
                                        }
                                      ],
                                      "parent": 8,
                                      "ID": 9,
                                      "left": 10,
                                      "right": 11
                                    },
                                    {
                                      "Node Type": "Hash",
                                      "Parent Relationship": "Inner",
                                      "Parallel Aware": false,
                                      "Async Capable": false,
                                      "Startup Cost": 2.47,
                                      "Total Cost": 2.47,
                                      "Plan Rows": 5,
                                      "Plan Width": 4,
                                      "Plans": [
                                        {
                                          "Node Type": "Hash Join",
                                          "Parent Relationship": "Outer",
                                          "Parallel Aware": false,
                                          "Async Capable": false,
                                          "Join Type": "Inner",
                                          "Startup Cost": 1.07,
                                          "Total Cost": 2.47,
                                          "Plan Rows": 5,
                                          "Plan Width": 4,
                                          "Inner Unique": false,
                                          "Hash Cond": "(n1.n_regionkey = region.r_regionkey)",
                                          "Plans": [
                                            {
                                              "Node Type": "Seq Scan",
                                              "Parent Relationship": "Outer",
                                              "Parallel Aware": false,
                                              "Async Capable": false,
                                              "Relation Name": "nation",
                                              "Alias": "n1",
                                              "Startup Cost": 0.0,
                                              "Total Cost": 1.25,
                                              "Plan Rows": 25,
                                              "Plan Width": 8,
                                              "parent": 20,
                                              "ID": 21
                                            },
                                            {
                                              "Node Type": "Hash",
                                              "Parent Relationship": "Inner",
                                              "Parallel Aware": false,
                                              "Async Capable": false,
                                              "Startup Cost": 1.06,
                                              "Total Cost": 1.06,
                                              "Plan Rows": 1,
                                              "Plan Width": 4,
                                              "Plans": [
                                                {
                                                  "Node Type": "Seq Scan",
                                                  "Parent Relationship": "Outer",
                                                  "Parallel Aware": false,
                                                  "Async Capable": false,
                                                  "Relation Name": "region",
                                                  "Alias": "region",
                                                  "Startup Cost": 0.0,
                                                  "Total Cost": 1.06,
                                                  "Plan Rows": 1,
                                                  "Plan Width": 4,
                                                  "Filter": "(r_name = 'EUROPE'::bpchar)",
                                                  "parent": 22,
                                                  "ID": 23
                                                }
                                              ],
                                              "parent": 20,
                                              "ID": 22,
                                              "left": 23
                                            }
                                          ],
                                          "parent": 19,
                                          "ID": 20,
                                          "left": 21,
                                          "right": 22
                                        }
                                      ],
                                      "parent": 8,
                                      "ID": 19,
                                      "left": 20
                                    }
                                  ],
                                  "parent": 7,
                                  "ID": 8,
                                  "left": 9,
                                  "right": 19
                                }
                              ],
                              "parent": 5,
                              "ID": 7,
                              "left": 8
                            }
                          ],
                          "parent": 4,
                          "ID": 5,
                          "left": 6,
                          "right": 7
                        },
                        {
                          "Node Type": "Hash",
                          "Parent Relationship": "Inner",
                          "Parallel Aware": false,
                          "Async Capable": false,
                          "Startup Cost": 1.25,
                          "Total Cost": 1.25,
                          "Plan Rows": 25,
                          "Plan Width": 30,
                          "Plans": [
                            {
                              "Node Type": "Seq Scan",
                              "Parent Relationship": "Outer",
                              "Parallel Aware": false,
                              "Async Capable": false,
                              "Relation Name": "nation",
                              "Alias": "n2",
                              "Startup Cost": 0.0,
                              "Total Cost": 1.25,
                              "Plan Rows": 25,
                              "Plan Width": 30,
                              "parent": 24,
                              "ID": 25
                            }
                          ],
                          "parent": 4,
                          "ID": 24,
                          "left": 25
                        }
                      ],
                      "parent": 3,
                      "ID": 4,
                      "left": 5,
                      "right": 24
                    }
                  ],
                  "parent": 2,
                  "ID": 3,
                  "left": 4
                }
              ],
              "parent": 1,
              "ID": 2,
              "left": 3
            }
          ],
          "parent": 0,
          "ID": 1,
          "left": 2
        }
      ],
      "parent": null,
      "ID": 0,
      "left": 1
    },
    "feat": {
      "utility": 6.380921020918737e-07,
      "query_shape": [
        [
          "Seq Scan",
          "Hash Join",
          "Sort",
          "Aggregate",
          "Gather Merge"
        ],
        [
          "Seq Scan",
          "Hash Join",
          "Hash",
          "Sort",
          "Aggregate",
          "Gather Merge"
        ],
        [
          "Seq Scan",
          "Hash Join",
          "Hash",
          "Sort",
          "Aggregate",
          "Gather Merge"
        ],
        [
          "Seq Scan",
          "Hash Join",
          "Hash",
          "Sort",
          "Aggregate",
          "Gather Merge"
        ],
        [
          "Seq Scan",
          "Hash",
          "Hash Join",
          "Sort",
          "Aggregate",
          "Gather Merge"
        ],
        [
          "Seq Scan",
          "Hash Join",
          "Hash",
          "Sort",
          "Aggregate",
          "Gather Merge"
        ],
        [
          "Seq Scan",
          "Hash",
          "Hash Join",
          "Sort",
          "Aggregate",
          "Gather Merge"
        ],
        [
          "Seq Scan",
          "Hash",
          "Hash Join",
          "Sort",
          "Aggregate",
          "Gather Merge"
        ]
      ],
      "index_shape": [
        "join"
      ],
      "physical_operator": {
        "Hash Join": [
          0.0012649596394501718
        ]
      }
    }
  },
  {
    "query": "-- Functional Query Definition\n-- Approved February 1998\n\n\nselect\no_year,\nsum(case\nwhen nation = 'ROMANIA' then volume\nelse 0\nend) / sum(volume) as mkt_share\nfrom\n(\nselect\nextract(year from o_orderdate) as o_year,\nl_extendedprice * (1 - l_discount) as volume,\nn2.n_name as nation\nfrom\npart,\nsupplier,\nlineitem,\norders,\ncustomer,\nnation n1,\nnation n2,\nregion\nwhere\np_partkey = l_partkey\nand s_suppkey = l_suppkey\nand l_orderkey = o_orderkey\nand o_custkey = c_custkey\nand c_nationkey = n1.n_nationkey\nand n1.n_regionkey = r_regionkey\nand r_name = 'EUROPE'\nand s_nationkey = n2.n_nationkey\nand o_orderdate between date '1995-01-01' and date '1996-12-31'\nand p_type = 'ECONOMY POLISHED STEEL'\n) as all_nations\ngroup by\no_year\norder by\no_year ;\n-- $ID$\n-- TPC-H/TPC-R Product Type Profit Measure ",
    "indexes": "customer.c_nationkey",
    "wo plan est": {
      "Node Type": "Aggregate",
      "Strategy": "Sorted",
      "Partial Mode": "Finalize",
      "Parallel Aware": false,
      "Async Capable": false,
      "Startup Cost": 1955785.01,
      "Total Cost": 1956486.84,
      "Plan Rows": 2406,
      "Plan Width": 64,
      "Group Key": [
        "(EXTRACT(year FROM orders.o_orderdate))"
      ],
      "Plans": [
        {
          "Node Type": "Gather Merge",
          "Parent Relationship": "Outer",
          "Parallel Aware": false,
          "Async Capable": false,
          "Startup Cost": 1955785.01,
          "Total Cost": 1956408.65,
          "Plan Rows": 2406,
          "Plan Width": 96,
          "Workers Planned": 1,
          "Plans": [
            {
              "Node Type": "Aggregate",
              "Strategy": "Sorted",
              "Partial Mode": "Partial",
              "Parent Relationship": "Outer",
              "Parallel Aware": false,
              "Async Capable": false,
              "Startup Cost": 1954785.0,
              "Total Cost": 1955137.96,
              "Plan Rows": 2406,
              "Plan Width": 96,
              "Group Key": [
                "(EXTRACT(year FROM orders.o_orderdate))"
              ],
              "Plans": [
                {
                  "Node Type": "Sort",
                  "Parent Relationship": "Outer",
                  "Parallel Aware": false,
                  "Async Capable": false,
                  "Startup Cost": 1954785.0,
                  "Total Cost": 1954819.54,
                  "Plan Rows": 13816,
                  "Plan Width": 70,
                  "Sort Key": [
                    "(EXTRACT(year FROM orders.o_orderdate))"
                  ],
                  "Plans": [
                    {
                      "Node Type": "Hash Join",
                      "Parent Relationship": "Outer",
                      "Parallel Aware": false,
                      "Async Capable": false,
                      "Join Type": "Inner",
                      "Startup Cost": 1950527.96,
                      "Total Cost": 1953834.87,
                      "Plan Rows": 13816,
                      "Plan Width": 70,
                      "Inner Unique": false,
                      "Hash Cond": "(supplier.s_nationkey = n2.n_nationkey)",
                      "Plans": [
                        {
                          "Node Type": "Hash Join",
                          "Parent Relationship": "Outer",
                          "Parallel Aware": true,
                          "Async Capable": false,
                          "Join Type": "Inner",
                          "Startup Cost": 1950526.4,
                          "Total Cost": 1953608.79,
                          "Plan Rows": 13816,
                          "Plan Width": 20,
                          "Inner Unique": false,
                          "Hash Cond": "(supplier.s_suppkey = lineitem.l_suppkey)",
                          "Plans": [
                            {
                              "Node Type": "Seq Scan",
                              "Parent Relationship": "Outer",
                              "Parallel Aware": true,
                              "Async Capable": false,
                              "Relation Name": "supplier",
                              "Alias": "supplier",
                              "Startup Cost": 0.0,
                              "Total Cost": 2804.24,
                              "Plan Rows": 58824,
                              "Plan Width": 8,
                              "parent": 5,
                              "ID": 6
                            },
                            {
                              "Node Type": "Hash",
                              "Parent Relationship": "Inner",
                              "Parallel Aware": true,
                              "Async Capable": false,
                              "Startup Cost": 1950404.06,
                              "Total Cost": 1950404.06,
                              "Plan Rows": 9787,
                              "Plan Width": 20,
                              "Plans": [
                                {
                                  "Node Type": "Hash Join",
                                  "Parent Relationship": "Outer",
                                  "Parallel Aware": false,
                                  "Async Capable": false,
                                  "Join Type": "Inner",
                                  "Startup Cost": 1905498.74,
                                  "Total Cost": 1950404.06,
                                  "Plan Rows": 9787,
                                  "Plan Width": 20,
                                  "Inner Unique": false,
                                  "Hash Cond": "(customer.c_nationkey = n1.n_nationkey)",
                                  "Plans": [
                                    {
                                      "Node Type": "Hash Join",
                                      "Parent Relationship": "Outer",
                                      "Parallel Aware": true,
                                      "Async Capable": false,
                                      "Join Type": "Inner",
                                      "Startup Cost": 1905496.2,
                                      "Total Cost": 1950120.18,
                                      "Plan Rows": 48932,
                                      "Plan Width": 24,
                                      "Inner Unique": false,
                                      "Hash Cond": "(customer.c_custkey = orders.o_custkey)",
                                      "Plans": [
                                        {
                                          "Node Type": "Seq Scan",
                                          "Parent Relationship": "Outer",
                                          "Parallel Aware": true,
                                          "Async Capable": false,
                                          "Relation Name": "customer",
                                          "Alias": "customer",
                                          "Startup Cost": 0.0,
                                          "Total Cost": 42076.52,
                                          "Plan Rows": 624952,
                                          "Plan Width": 8,
                                          "parent": 9,
                                          "ID": 10
                                        },
                                        {
                                          "Node Type": "Hash",
                                          "Parent Relationship": "Inner",
                                          "Parallel Aware": true,
                                          "Async Capable": false,
                                          "Startup Cost": 1904884.55,
                                          "Total Cost": 1904884.55,
                                          "Plan Rows": 48932,
                                          "Plan Width": 24,
                                          "Plans": [
                                            {
                                              "Node Type": "Hash Join",
                                              "Parent Relationship": "Outer",
                                              "Parallel Aware": true,
                                              "Async Capable": false,
                                              "Join Type": "Inner",
                                              "Startup Cost": 1523283.11,
                                              "Total Cost": 1904884.55,
                                              "Plan Rows": 48932,
                                              "Plan Width": 24,
                                              "Inner Unique": false,
                                              "Hash Cond": "(orders.o_orderkey = lineitem.l_orderkey)",
                                              "Plans": [
                                                {
                                                  "Node Type": "Seq Scan",
                                                  "Parent Relationship": "Outer",
                                                  "Parallel Aware": true,
                                                  "Async Capable": false,
                                                  "Relation Name": "orders",
                                                  "Alias": "orders",
                                                  "Startup Cost": 0.0,
                                                  "Total Cost": 354655.56,
                                                  "Plan Rows": 1909064,
                                                  "Plan Width": 12,
                                                  "Filter": "((o_orderdate >= '1995-01-01'::date) AND (o_orderdate <= '1996-12-31'::date))",
                                                  "parent": 12,
                                                  "ID": 13
                                                },
                                                {
                                                  "Node Type": "Hash",
                                                  "Parent Relationship": "Inner",
                                                  "Parallel Aware": true,
                                                  "Async Capable": false,
                                                  "Startup Cost": 1520341.76,
                                                  "Total Cost": 1520341.76,
                                                  "Plan Rows": 160188,
                                                  "Plan Width": 20,
                                                  "Plans": [
                                                    {
                                                      "Node Type": "Hash Join",
                                                      "Parent Relationship": "Outer",
                                                      "Parallel Aware": true,
                                                      "Async Capable": false,
                                                      "Join Type": "Inner",
                                                      "Startup Cost": 51447.53,
                                                      "Total Cost": 1520341.76,
                                                      "Plan Rows": 160188,
                                                      "Plan Width": 20,
                                                      "Inner Unique": false,
                                                      "Hash Cond": "(lineitem.l_partkey = part.p_partkey)",
                                                      "Plans": [
                                                        {
                                                          "Node Type": "Seq Scan",
                                                          "Parent Relationship": "Outer",
                                                          "Parallel Aware": true,
                                                          "Async Capable": false,
                                                          "Relation Name": "lineitem",
                                                          "Alias": "lineitem",
                                                          "Startup Cost": 0.0,
                                                          "Total Cost": 1374494.57,
                                                          "Plan Rows": 24995257,
                                                          "Plan Width": 24,
                                                          "parent": 15,
                                                          "ID": 16
                                                        },
                                                        {
                                                          "Node Type": "Hash",
                                                          "Parent Relationship": "Inner",
                                                          "Parallel Aware": true,
                                                          "Async Capable": false,
                                                          "Startup Cost": 51378.28,
                                                          "Total Cost": 51378.28,
                                                          "Plan Rows": 5540,
                                                          "Plan Width": 4,
                                                          "Plans": [
                                                            {
                                                              "Node Type": "Seq Scan",
                                                              "Parent Relationship": "Outer",
                                                              "Parallel Aware": true,
                                                              "Async Capable": false,
                                                              "Relation Name": "part",
                                                              "Alias": "part",
                                                              "Startup Cost": 0.0,
                                                              "Total Cost": 51378.28,
                                                              "Plan Rows": 5540,
                                                              "Plan Width": 4,
                                                              "Filter": "((p_type)::text = 'ECONOMY POLISHED STEEL'::text)",
                                                              "parent": 17,
                                                              "ID": 18
                                                            }
                                                          ],
                                                          "parent": 15,
                                                          "ID": 17,
                                                          "left": 18
                                                        }
                                                      ],
                                                      "parent": 14,
                                                      "ID": 15,
                                                      "left": 16,
                                                      "right": 17
                                                    }
                                                  ],
                                                  "parent": 12,
                                                  "ID": 14,
                                                  "left": 15
                                                }
                                              ],
                                              "parent": 11,
                                              "ID": 12,
                                              "left": 13,
                                              "right": 14
                                            }
                                          ],
                                          "parent": 9,
                                          "ID": 11,
                                          "left": 12
                                        }
                                      ],
                                      "parent": 8,
                                      "ID": 9,
                                      "left": 10,
                                      "right": 11
                                    },
                                    {
                                      "Node Type": "Hash",
                                      "Parent Relationship": "Inner",
                                      "Parallel Aware": false,
                                      "Async Capable": false,
                                      "Startup Cost": 2.47,
                                      "Total Cost": 2.47,
                                      "Plan Rows": 5,
                                      "Plan Width": 4,
                                      "Plans": [
                                        {
                                          "Node Type": "Hash Join",
                                          "Parent Relationship": "Outer",
                                          "Parallel Aware": false,
                                          "Async Capable": false,
                                          "Join Type": "Inner",
                                          "Startup Cost": 1.07,
                                          "Total Cost": 2.47,
                                          "Plan Rows": 5,
                                          "Plan Width": 4,
                                          "Inner Unique": false,
                                          "Hash Cond": "(n1.n_regionkey = region.r_regionkey)",
                                          "Plans": [
                                            {
                                              "Node Type": "Seq Scan",
                                              "Parent Relationship": "Outer",
                                              "Parallel Aware": false,
                                              "Async Capable": false,
                                              "Relation Name": "nation",
                                              "Alias": "n1",
                                              "Startup Cost": 0.0,
                                              "Total Cost": 1.25,
                                              "Plan Rows": 25,
                                              "Plan Width": 8,
                                              "parent": 20,
                                              "ID": 21
                                            },
                                            {
                                              "Node Type": "Hash",
                                              "Parent Relationship": "Inner",
                                              "Parallel Aware": false,
                                              "Async Capable": false,
                                              "Startup Cost": 1.06,
                                              "Total Cost": 1.06,
                                              "Plan Rows": 1,
                                              "Plan Width": 4,
                                              "Plans": [
                                                {
                                                  "Node Type": "Seq Scan",
                                                  "Parent Relationship": "Outer",
                                                  "Parallel Aware": false,
                                                  "Async Capable": false,
                                                  "Relation Name": "region",
                                                  "Alias": "region",
                                                  "Startup Cost": 0.0,
                                                  "Total Cost": 1.06,
                                                  "Plan Rows": 1,
                                                  "Plan Width": 4,
                                                  "Filter": "(r_name = 'EUROPE'::bpchar)",
                                                  "parent": 22,
                                                  "ID": 23
                                                }
                                              ],
                                              "parent": 20,
                                              "ID": 22,
                                              "left": 23
                                            }
                                          ],
                                          "parent": 19,
                                          "ID": 20,
                                          "left": 21,
                                          "right": 22
                                        }
                                      ],
                                      "parent": 8,
                                      "ID": 19,
                                      "left": 20
                                    }
                                  ],
                                  "parent": 7,
                                  "ID": 8,
                                  "left": 9,
                                  "right": 19
                                }
                              ],
                              "parent": 5,
                              "ID": 7,
                              "left": 8
                            }
                          ],
                          "parent": 4,
                          "ID": 5,
                          "left": 6,
                          "right": 7
                        },
                        {
                          "Node Type": "Hash",
                          "Parent Relationship": "Inner",
                          "Parallel Aware": false,
                          "Async Capable": false,
                          "Startup Cost": 1.25,
                          "Total Cost": 1.25,
                          "Plan Rows": 25,
                          "Plan Width": 30,
                          "Plans": [
                            {
                              "Node Type": "Seq Scan",
                              "Parent Relationship": "Outer",
                              "Parallel Aware": false,
                              "Async Capable": false,
                              "Relation Name": "nation",
                              "Alias": "n2",
                              "Startup Cost": 0.0,
                              "Total Cost": 1.25,
                              "Plan Rows": 25,
                              "Plan Width": 30,
                              "parent": 24,
                              "ID": 25
                            }
                          ],
                          "parent": 4,
                          "ID": 24,
                          "left": 25
                        }
                      ],
                      "parent": 3,
                      "ID": 4,
                      "left": 5,
                      "right": 24
                    }
                  ],
                  "parent": 2,
                  "ID": 3,
                  "left": 4
                }
              ],
              "parent": 1,
              "ID": 2,
              "left": 3
            }
          ],
          "parent": 0,
          "ID": 1,
          "left": 2
        }
      ],
      "parent": null,
      "ID": 0,
      "left": 1
    },
    "feat": {
      "utility": 5.11116311122697e-07,
      "query_shape": [
        [
          "Seq Scan",
          "Hash Join",
          "Sort",
          "Aggregate",
          "Gather Merge"
        ],
        [
          "Seq Scan",
          "Hash Join",
          "Hash",
          "Sort",
          "Aggregate",
          "Gather Merge"
        ],
        [
          "Seq Scan",
          "Hash Join",
          "Hash",
          "Sort",
          "Aggregate",
          "Gather Merge"
        ],
        [
          "Seq Scan",
          "Hash Join",
          "Hash",
          "Sort",
          "Aggregate",
          "Gather Merge"
        ],
        [
          "Seq Scan",
          "Hash",
          "Hash Join",
          "Sort",
          "Aggregate",
          "Gather Merge"
        ],
        [
          "Seq Scan",
          "Hash Join",
          "Hash",
          "Sort",
          "Aggregate",
          "Gather Merge"
        ],
        [
          "Seq Scan",
          "Hash",
          "Hash Join",
          "Sort",
          "Aggregate",
          "Gather Merge"
        ],
        [
          "Seq Scan",
          "Hash",
          "Hash Join",
          "Sort",
          "Aggregate",
          "Gather Merge"
        ]
      ],
      "index_shape": [
        "join"
      ],
      "physical_operator": {
        "Hash Join": [
          0.20000613086327806
        ]
      }
    }
  },
  {
    "query": "-- Functional Query Definition\n-- Approved February 1998\n\n\nselect\no_year,\nsum(case\nwhen nation = 'ROMANIA' then volume\nelse 0\nend) / sum(volume) as mkt_share\nfrom\n(\nselect\nextract(year from o_orderdate) as o_year,\nl_extendedprice * (1 - l_discount) as volume,\nn2.n_name as nation\nfrom\npart,\nsupplier,\nlineitem,\norders,\ncustomer,\nnation n1,\nnation n2,\nregion\nwhere\np_partkey = l_partkey\nand s_suppkey = l_suppkey\nand l_orderkey = o_orderkey\nand o_custkey = c_custkey\nand c_nationkey = n1.n_nationkey\nand n1.n_regionkey = r_regionkey\nand r_name = 'EUROPE'\nand s_nationkey = n2.n_nationkey\nand o_orderdate between date '1995-01-01' and date '1996-12-31'\nand p_type = 'ECONOMY POLISHED STEEL'\n) as all_nations\ngroup by\no_year\norder by\no_year ;\n-- $ID$\n-- TPC-H/TPC-R Product Type Profit Measure ",
    "indexes": "lineitem.l_orderkey",
    "wo plan est": {
      "Node Type": "Aggregate",
      "Strategy": "Sorted",
      "Partial Mode": "Finalize",
      "Parallel Aware": false,
      "Async Capable": false,
      "Startup Cost": 1955785.01,
      "Total Cost": 1956486.84,
      "Plan Rows": 2406,
      "Plan Width": 64,
      "Group Key": [
        "(EXTRACT(year FROM orders.o_orderdate))"
      ],
      "Plans": [
        {
          "Node Type": "Gather Merge",
          "Parent Relationship": "Outer",
          "Parallel Aware": false,
          "Async Capable": false,
          "Startup Cost": 1955785.01,
          "Total Cost": 1956408.65,
          "Plan Rows": 2406,
          "Plan Width": 96,
          "Workers Planned": 1,
          "Plans": [
            {
              "Node Type": "Aggregate",
              "Strategy": "Sorted",
              "Partial Mode": "Partial",
              "Parent Relationship": "Outer",
              "Parallel Aware": false,
              "Async Capable": false,
              "Startup Cost": 1954785.0,
              "Total Cost": 1955137.96,
              "Plan Rows": 2406,
              "Plan Width": 96,
              "Group Key": [
                "(EXTRACT(year FROM orders.o_orderdate))"
              ],
              "Plans": [
                {
                  "Node Type": "Sort",
                  "Parent Relationship": "Outer",
                  "Parallel Aware": false,
                  "Async Capable": false,
                  "Startup Cost": 1954785.0,
                  "Total Cost": 1954819.54,
                  "Plan Rows": 13816,
                  "Plan Width": 70,
                  "Sort Key": [
                    "(EXTRACT(year FROM orders.o_orderdate))"
                  ],
                  "Plans": [
                    {
                      "Node Type": "Hash Join",
                      "Parent Relationship": "Outer",
                      "Parallel Aware": false,
                      "Async Capable": false,
                      "Join Type": "Inner",
                      "Startup Cost": 1950527.96,
                      "Total Cost": 1953834.87,
                      "Plan Rows": 13816,
                      "Plan Width": 70,
                      "Inner Unique": false,
                      "Hash Cond": "(supplier.s_nationkey = n2.n_nationkey)",
                      "Plans": [
                        {
                          "Node Type": "Hash Join",
                          "Parent Relationship": "Outer",
                          "Parallel Aware": true,
                          "Async Capable": false,
                          "Join Type": "Inner",
                          "Startup Cost": 1950526.4,
                          "Total Cost": 1953608.79,
                          "Plan Rows": 13816,
                          "Plan Width": 20,
                          "Inner Unique": false,
                          "Hash Cond": "(supplier.s_suppkey = lineitem.l_suppkey)",
                          "Plans": [
                            {
                              "Node Type": "Seq Scan",
                              "Parent Relationship": "Outer",
                              "Parallel Aware": true,
                              "Async Capable": false,
                              "Relation Name": "supplier",
                              "Alias": "supplier",
                              "Startup Cost": 0.0,
                              "Total Cost": 2804.24,
                              "Plan Rows": 58824,
                              "Plan Width": 8,
                              "parent": 5,
                              "ID": 6
                            },
                            {
                              "Node Type": "Hash",
                              "Parent Relationship": "Inner",
                              "Parallel Aware": true,
                              "Async Capable": false,
                              "Startup Cost": 1950404.06,
                              "Total Cost": 1950404.06,
                              "Plan Rows": 9787,
                              "Plan Width": 20,
                              "Plans": [
                                {
                                  "Node Type": "Hash Join",
                                  "Parent Relationship": "Outer",
                                  "Parallel Aware": false,
                                  "Async Capable": false,
                                  "Join Type": "Inner",
                                  "Startup Cost": 1905498.74,
                                  "Total Cost": 1950404.06,
                                  "Plan Rows": 9787,
                                  "Plan Width": 20,
                                  "Inner Unique": false,
                                  "Hash Cond": "(customer.c_nationkey = n1.n_nationkey)",
                                  "Plans": [
                                    {
                                      "Node Type": "Hash Join",
                                      "Parent Relationship": "Outer",
                                      "Parallel Aware": true,
                                      "Async Capable": false,
                                      "Join Type": "Inner",
                                      "Startup Cost": 1905496.2,
                                      "Total Cost": 1950120.18,
                                      "Plan Rows": 48932,
                                      "Plan Width": 24,
                                      "Inner Unique": false,
                                      "Hash Cond": "(customer.c_custkey = orders.o_custkey)",
                                      "Plans": [
                                        {
                                          "Node Type": "Seq Scan",
                                          "Parent Relationship": "Outer",
                                          "Parallel Aware": true,
                                          "Async Capable": false,
                                          "Relation Name": "customer",
                                          "Alias": "customer",
                                          "Startup Cost": 0.0,
                                          "Total Cost": 42076.52,
                                          "Plan Rows": 624952,
                                          "Plan Width": 8,
                                          "parent": 9,
                                          "ID": 10
                                        },
                                        {
                                          "Node Type": "Hash",
                                          "Parent Relationship": "Inner",
                                          "Parallel Aware": true,
                                          "Async Capable": false,
                                          "Startup Cost": 1904884.55,
                                          "Total Cost": 1904884.55,
                                          "Plan Rows": 48932,
                                          "Plan Width": 24,
                                          "Plans": [
                                            {
                                              "Node Type": "Hash Join",
                                              "Parent Relationship": "Outer",
                                              "Parallel Aware": true,
                                              "Async Capable": false,
                                              "Join Type": "Inner",
                                              "Startup Cost": 1523283.11,
                                              "Total Cost": 1904884.55,
                                              "Plan Rows": 48932,
                                              "Plan Width": 24,
                                              "Inner Unique": false,
                                              "Hash Cond": "(orders.o_orderkey = lineitem.l_orderkey)",
                                              "Plans": [
                                                {
                                                  "Node Type": "Seq Scan",
                                                  "Parent Relationship": "Outer",
                                                  "Parallel Aware": true,
                                                  "Async Capable": false,
                                                  "Relation Name": "orders",
                                                  "Alias": "orders",
                                                  "Startup Cost": 0.0,
                                                  "Total Cost": 354655.56,
                                                  "Plan Rows": 1909064,
                                                  "Plan Width": 12,
                                                  "Filter": "((o_orderdate >= '1995-01-01'::date) AND (o_orderdate <= '1996-12-31'::date))",
                                                  "parent": 12,
                                                  "ID": 13
                                                },
                                                {
                                                  "Node Type": "Hash",
                                                  "Parent Relationship": "Inner",
                                                  "Parallel Aware": true,
                                                  "Async Capable": false,
                                                  "Startup Cost": 1520341.76,
                                                  "Total Cost": 1520341.76,
                                                  "Plan Rows": 160188,
                                                  "Plan Width": 20,
                                                  "Plans": [
                                                    {
                                                      "Node Type": "Hash Join",
                                                      "Parent Relationship": "Outer",
                                                      "Parallel Aware": true,
                                                      "Async Capable": false,
                                                      "Join Type": "Inner",
                                                      "Startup Cost": 51447.53,
                                                      "Total Cost": 1520341.76,
                                                      "Plan Rows": 160188,
                                                      "Plan Width": 20,
                                                      "Inner Unique": false,
                                                      "Hash Cond": "(lineitem.l_partkey = part.p_partkey)",
                                                      "Plans": [
                                                        {
                                                          "Node Type": "Seq Scan",
                                                          "Parent Relationship": "Outer",
                                                          "Parallel Aware": true,
                                                          "Async Capable": false,
                                                          "Relation Name": "lineitem",
                                                          "Alias": "lineitem",
                                                          "Startup Cost": 0.0,
                                                          "Total Cost": 1374494.57,
                                                          "Plan Rows": 24995257,
                                                          "Plan Width": 24,
                                                          "parent": 15,
                                                          "ID": 16
                                                        },
                                                        {
                                                          "Node Type": "Hash",
                                                          "Parent Relationship": "Inner",
                                                          "Parallel Aware": true,
                                                          "Async Capable": false,
                                                          "Startup Cost": 51378.28,
                                                          "Total Cost": 51378.28,
                                                          "Plan Rows": 5540,
                                                          "Plan Width": 4,
                                                          "Plans": [
                                                            {
                                                              "Node Type": "Seq Scan",
                                                              "Parent Relationship": "Outer",
                                                              "Parallel Aware": true,
                                                              "Async Capable": false,
                                                              "Relation Name": "part",
                                                              "Alias": "part",
                                                              "Startup Cost": 0.0,
                                                              "Total Cost": 51378.28,
                                                              "Plan Rows": 5540,
                                                              "Plan Width": 4,
                                                              "Filter": "((p_type)::text = 'ECONOMY POLISHED STEEL'::text)",
                                                              "parent": 17,
                                                              "ID": 18
                                                            }
                                                          ],
                                                          "parent": 15,
                                                          "ID": 17,
                                                          "left": 18
                                                        }
                                                      ],
                                                      "parent": 14,
                                                      "ID": 15,
                                                      "left": 16,
                                                      "right": 17
                                                    }
                                                  ],
                                                  "parent": 12,
                                                  "ID": 14,
                                                  "left": 15
                                                }
                                              ],
                                              "parent": 11,
                                              "ID": 12,
                                              "left": 13,
                                              "right": 14
                                            }
                                          ],
                                          "parent": 9,
                                          "ID": 11,
                                          "left": 12
                                        }
                                      ],
                                      "parent": 8,
                                      "ID": 9,
                                      "left": 10,
                                      "right": 11
                                    },
                                    {
                                      "Node Type": "Hash",
                                      "Parent Relationship": "Inner",
                                      "Parallel Aware": false,
                                      "Async Capable": false,
                                      "Startup Cost": 2.47,
                                      "Total Cost": 2.47,
                                      "Plan Rows": 5,
                                      "Plan Width": 4,
                                      "Plans": [
                                        {
                                          "Node Type": "Hash Join",
                                          "Parent Relationship": "Outer",
                                          "Parallel Aware": false,
                                          "Async Capable": false,
                                          "Join Type": "Inner",
                                          "Startup Cost": 1.07,
                                          "Total Cost": 2.47,
                                          "Plan Rows": 5,
                                          "Plan Width": 4,
                                          "Inner Unique": false,
                                          "Hash Cond": "(n1.n_regionkey = region.r_regionkey)",
                                          "Plans": [
                                            {
                                              "Node Type": "Seq Scan",
                                              "Parent Relationship": "Outer",
                                              "Parallel Aware": false,
                                              "Async Capable": false,
                                              "Relation Name": "nation",
                                              "Alias": "n1",
                                              "Startup Cost": 0.0,
                                              "Total Cost": 1.25,
                                              "Plan Rows": 25,
                                              "Plan Width": 8,
                                              "parent": 20,
                                              "ID": 21
                                            },
                                            {
                                              "Node Type": "Hash",
                                              "Parent Relationship": "Inner",
                                              "Parallel Aware": false,
                                              "Async Capable": false,
                                              "Startup Cost": 1.06,
                                              "Total Cost": 1.06,
                                              "Plan Rows": 1,
                                              "Plan Width": 4,
                                              "Plans": [
                                                {
                                                  "Node Type": "Seq Scan",
                                                  "Parent Relationship": "Outer",
                                                  "Parallel Aware": false,
                                                  "Async Capable": false,
                                                  "Relation Name": "region",
                                                  "Alias": "region",
                                                  "Startup Cost": 0.0,
                                                  "Total Cost": 1.06,
                                                  "Plan Rows": 1,
                                                  "Plan Width": 4,
                                                  "Filter": "(r_name = 'EUROPE'::bpchar)",
                                                  "parent": 22,
                                                  "ID": 23
                                                }
                                              ],
                                              "parent": 20,
                                              "ID": 22,
                                              "left": 23
                                            }
                                          ],
                                          "parent": 19,
                                          "ID": 20,
                                          "left": 21,
                                          "right": 22
                                        }
                                      ],
                                      "parent": 8,
                                      "ID": 19,
                                      "left": 20
                                    }
                                  ],
                                  "parent": 7,
                                  "ID": 8,
                                  "left": 9,
                                  "right": 19
                                }
                              ],
                              "parent": 5,
                              "ID": 7,
                              "left": 8
                            }
                          ],
                          "parent": 4,
                          "ID": 5,
                          "left": 6,
                          "right": 7
                        },
                        {
                          "Node Type": "Hash",
                          "Parent Relationship": "Inner",
                          "Parallel Aware": false,
                          "Async Capable": false,
                          "Startup Cost": 1.25,
                          "Total Cost": 1.25,
                          "Plan Rows": 25,
                          "Plan Width": 30,
                          "Plans": [
                            {
                              "Node Type": "Seq Scan",
                              "Parent Relationship": "Outer",
                              "Parallel Aware": false,
                              "Async Capable": false,
                              "Relation Name": "nation",
                              "Alias": "n2",
                              "Startup Cost": 0.0,
                              "Total Cost": 1.25,
                              "Plan Rows": 25,
                              "Plan Width": 30,
                              "parent": 24,
                              "ID": 25
                            }
                          ],
                          "parent": 4,
                          "ID": 24,
                          "left": 25
                        }
                      ],
                      "parent": 3,
                      "ID": 4,
                      "left": 5,
                      "right": 24
                    }
                  ],
                  "parent": 2,
                  "ID": 3,
                  "left": 4
                }
              ],
              "parent": 1,
              "ID": 2,
              "left": 3
            }
          ],
          "parent": 0,
          "ID": 1,
          "left": 2
        }
      ],
      "parent": null,
      "ID": 0,
      "left": 1
    },
    "feat": {
      "utility": 6.386447184269642e-07,
      "query_shape": [
        [
          "Seq Scan",
          "Hash Join",
          "Sort",
          "Aggregate",
          "Gather Merge"
        ],
        [
          "Seq Scan",
          "Hash Join",
          "Hash",
          "Sort",
          "Aggregate",
          "Gather Merge"
        ],
        [
          "Seq Scan",
          "Hash Join",
          "Hash",
          "Sort",
          "Aggregate",
          "Gather Merge"
        ],
        [
          "Seq Scan",
          "Hash Join",
          "Hash",
          "Sort",
          "Aggregate",
          "Gather Merge"
        ],
        [
          "Seq Scan",
          "Hash",
          "Hash Join",
          "Sort",
          "Aggregate",
          "Gather Merge"
        ],
        [
          "Seq Scan",
          "Hash Join",
          "Hash",
          "Sort",
          "Aggregate",
          "Gather Merge"
        ],
        [
          "Seq Scan",
          "Hash",
          "Hash Join",
          "Sort",
          "Aggregate",
          "Gather Merge"
        ],
        [
          "Seq Scan",
          "Hash",
          "Hash Join",
          "Sort",
          "Aggregate",
          "Gather Merge"
        ]
      ],
      "index_shape": [
        "join"
      ],
      "physical_operator": {
        "Hash Join": [
          0.00040001036971116453
        ]
      }
    }
  },
  {
    "query": "-- Functional Query Definition\n-- Approved February 1998\n\n\nselect\no_year,\nsum(case\nwhen nation = 'ROMANIA' then volume\nelse 0\nend) / sum(volume) as mkt_share\nfrom\n(\nselect\nextract(year from o_orderdate) as o_year,\nl_extendedprice * (1 - l_discount) as volume,\nn2.n_name as nation\nfrom\npart,\nsupplier,\nlineitem,\norders,\ncustomer,\nnation n1,\nnation n2,\nregion\nwhere\np_partkey = l_partkey\nand s_suppkey = l_suppkey\nand l_orderkey = o_orderkey\nand o_custkey = c_custkey\nand c_nationkey = n1.n_nationkey\nand n1.n_regionkey = r_regionkey\nand r_name = 'EUROPE'\nand s_nationkey = n2.n_nationkey\nand o_orderdate between date '1995-01-01' and date '1996-12-31'\nand p_type = 'ECONOMY POLISHED STEEL'\n) as all_nations\ngroup by\no_year\norder by\no_year ;\n-- $ID$\n-- TPC-H/TPC-R Product Type Profit Measure ",
    "indexes": "lineitem.l_partkey",
    "wo plan est": {
      "Node Type": "Aggregate",
      "Strategy": "Sorted",
      "Partial Mode": "Finalize",
      "Parallel Aware": false,
      "Async Capable": false,
      "Startup Cost": 1955785.01,
      "Total Cost": 1956486.84,
      "Plan Rows": 2406,
      "Plan Width": 64,
      "Group Key": [
        "(EXTRACT(year FROM orders.o_orderdate))"
      ],
      "Plans": [
        {
          "Node Type": "Gather Merge",
          "Parent Relationship": "Outer",
          "Parallel Aware": false,
          "Async Capable": false,
          "Startup Cost": 1955785.01,
          "Total Cost": 1956408.65,
          "Plan Rows": 2406,
          "Plan Width": 96,
          "Workers Planned": 1,
          "Plans": [
            {
              "Node Type": "Aggregate",
              "Strategy": "Sorted",
              "Partial Mode": "Partial",
              "Parent Relationship": "Outer",
              "Parallel Aware": false,
              "Async Capable": false,
              "Startup Cost": 1954785.0,
              "Total Cost": 1955137.96,
              "Plan Rows": 2406,
              "Plan Width": 96,
              "Group Key": [
                "(EXTRACT(year FROM orders.o_orderdate))"
              ],
              "Plans": [
                {
                  "Node Type": "Sort",
                  "Parent Relationship": "Outer",
                  "Parallel Aware": false,
                  "Async Capable": false,
                  "Startup Cost": 1954785.0,
                  "Total Cost": 1954819.54,
                  "Plan Rows": 13816,
                  "Plan Width": 70,
                  "Sort Key": [
                    "(EXTRACT(year FROM orders.o_orderdate))"
                  ],
                  "Plans": [
                    {
                      "Node Type": "Hash Join",
                      "Parent Relationship": "Outer",
                      "Parallel Aware": false,
                      "Async Capable": false,
                      "Join Type": "Inner",
                      "Startup Cost": 1950527.96,
                      "Total Cost": 1953834.87,
                      "Plan Rows": 13816,
                      "Plan Width": 70,
                      "Inner Unique": false,
                      "Hash Cond": "(supplier.s_nationkey = n2.n_nationkey)",
                      "Plans": [
                        {
                          "Node Type": "Hash Join",
                          "Parent Relationship": "Outer",
                          "Parallel Aware": true,
                          "Async Capable": false,
                          "Join Type": "Inner",
                          "Startup Cost": 1950526.4,
                          "Total Cost": 1953608.79,
                          "Plan Rows": 13816,
                          "Plan Width": 20,
                          "Inner Unique": false,
                          "Hash Cond": "(supplier.s_suppkey = lineitem.l_suppkey)",
                          "Plans": [
                            {
                              "Node Type": "Seq Scan",
                              "Parent Relationship": "Outer",
                              "Parallel Aware": true,
                              "Async Capable": false,
                              "Relation Name": "supplier",
                              "Alias": "supplier",
                              "Startup Cost": 0.0,
                              "Total Cost": 2804.24,
                              "Plan Rows": 58824,
                              "Plan Width": 8,
                              "parent": 5,
                              "ID": 6
                            },
                            {
                              "Node Type": "Hash",
                              "Parent Relationship": "Inner",
                              "Parallel Aware": true,
                              "Async Capable": false,
                              "Startup Cost": 1950404.06,
                              "Total Cost": 1950404.06,
                              "Plan Rows": 9787,
                              "Plan Width": 20,
                              "Plans": [
                                {
                                  "Node Type": "Hash Join",
                                  "Parent Relationship": "Outer",
                                  "Parallel Aware": false,
                                  "Async Capable": false,
                                  "Join Type": "Inner",
                                  "Startup Cost": 1905498.74,
                                  "Total Cost": 1950404.06,
                                  "Plan Rows": 9787,
                                  "Plan Width": 20,
                                  "Inner Unique": false,
                                  "Hash Cond": "(customer.c_nationkey = n1.n_nationkey)",
                                  "Plans": [
                                    {
                                      "Node Type": "Hash Join",
                                      "Parent Relationship": "Outer",
                                      "Parallel Aware": true,
                                      "Async Capable": false,
                                      "Join Type": "Inner",
                                      "Startup Cost": 1905496.2,
                                      "Total Cost": 1950120.18,
                                      "Plan Rows": 48932,
                                      "Plan Width": 24,
                                      "Inner Unique": false,
                                      "Hash Cond": "(customer.c_custkey = orders.o_custkey)",
                                      "Plans": [
                                        {
                                          "Node Type": "Seq Scan",
                                          "Parent Relationship": "Outer",
                                          "Parallel Aware": true,
                                          "Async Capable": false,
                                          "Relation Name": "customer",
                                          "Alias": "customer",
                                          "Startup Cost": 0.0,
                                          "Total Cost": 42076.52,
                                          "Plan Rows": 624952,
                                          "Plan Width": 8,
                                          "parent": 9,
                                          "ID": 10
                                        },
                                        {
                                          "Node Type": "Hash",
                                          "Parent Relationship": "Inner",
                                          "Parallel Aware": true,
                                          "Async Capable": false,
                                          "Startup Cost": 1904884.55,
                                          "Total Cost": 1904884.55,
                                          "Plan Rows": 48932,
                                          "Plan Width": 24,
                                          "Plans": [
                                            {
                                              "Node Type": "Hash Join",
                                              "Parent Relationship": "Outer",
                                              "Parallel Aware": true,
                                              "Async Capable": false,
                                              "Join Type": "Inner",
                                              "Startup Cost": 1523283.11,
                                              "Total Cost": 1904884.55,
                                              "Plan Rows": 48932,
                                              "Plan Width": 24,
                                              "Inner Unique": false,
                                              "Hash Cond": "(orders.o_orderkey = lineitem.l_orderkey)",
                                              "Plans": [
                                                {
                                                  "Node Type": "Seq Scan",
                                                  "Parent Relationship": "Outer",
                                                  "Parallel Aware": true,
                                                  "Async Capable": false,
                                                  "Relation Name": "orders",
                                                  "Alias": "orders",
                                                  "Startup Cost": 0.0,
                                                  "Total Cost": 354655.56,
                                                  "Plan Rows": 1909064,
                                                  "Plan Width": 12,
                                                  "Filter": "((o_orderdate >= '1995-01-01'::date) AND (o_orderdate <= '1996-12-31'::date))",
                                                  "parent": 12,
                                                  "ID": 13
                                                },
                                                {
                                                  "Node Type": "Hash",
                                                  "Parent Relationship": "Inner",
                                                  "Parallel Aware": true,
                                                  "Async Capable": false,
                                                  "Startup Cost": 1520341.76,
                                                  "Total Cost": 1520341.76,
                                                  "Plan Rows": 160188,
                                                  "Plan Width": 20,
                                                  "Plans": [
                                                    {
                                                      "Node Type": "Hash Join",
                                                      "Parent Relationship": "Outer",
                                                      "Parallel Aware": true,
                                                      "Async Capable": false,
                                                      "Join Type": "Inner",
                                                      "Startup Cost": 51447.53,
                                                      "Total Cost": 1520341.76,
                                                      "Plan Rows": 160188,
                                                      "Plan Width": 20,
                                                      "Inner Unique": false,
                                                      "Hash Cond": "(lineitem.l_partkey = part.p_partkey)",
                                                      "Plans": [
                                                        {
                                                          "Node Type": "Seq Scan",
                                                          "Parent Relationship": "Outer",
                                                          "Parallel Aware": true,
                                                          "Async Capable": false,
                                                          "Relation Name": "lineitem",
                                                          "Alias": "lineitem",
                                                          "Startup Cost": 0.0,
                                                          "Total Cost": 1374494.57,
                                                          "Plan Rows": 24995257,
                                                          "Plan Width": 24,
                                                          "parent": 15,
                                                          "ID": 16
                                                        },
                                                        {
                                                          "Node Type": "Hash",
                                                          "Parent Relationship": "Inner",
                                                          "Parallel Aware": true,
                                                          "Async Capable": false,
                                                          "Startup Cost": 51378.28,
                                                          "Total Cost": 51378.28,
                                                          "Plan Rows": 5540,
                                                          "Plan Width": 4,
                                                          "Plans": [
                                                            {
                                                              "Node Type": "Seq Scan",
                                                              "Parent Relationship": "Outer",
                                                              "Parallel Aware": true,
                                                              "Async Capable": false,
                                                              "Relation Name": "part",
                                                              "Alias": "part",
                                                              "Startup Cost": 0.0,
                                                              "Total Cost": 51378.28,
                                                              "Plan Rows": 5540,
                                                              "Plan Width": 4,
                                                              "Filter": "((p_type)::text = 'ECONOMY POLISHED STEEL'::text)",
                                                              "parent": 17,
                                                              "ID": 18
                                                            }
                                                          ],
                                                          "parent": 15,
                                                          "ID": 17,
                                                          "left": 18
                                                        }
                                                      ],
                                                      "parent": 14,
                                                      "ID": 15,
                                                      "left": 16,
                                                      "right": 17
                                                    }
                                                  ],
                                                  "parent": 12,
                                                  "ID": 14,
                                                  "left": 15
                                                }
                                              ],
                                              "parent": 11,
                                              "ID": 12,
                                              "left": 13,
                                              "right": 14
                                            }
                                          ],
                                          "parent": 9,
                                          "ID": 11,
                                          "left": 12
                                        }
                                      ],
                                      "parent": 8,
                                      "ID": 9,
                                      "left": 10,
                                      "right": 11
                                    },
                                    {
                                      "Node Type": "Hash",
                                      "Parent Relationship": "Inner",
                                      "Parallel Aware": false,
                                      "Async Capable": false,
                                      "Startup Cost": 2.47,
                                      "Total Cost": 2.47,
                                      "Plan Rows": 5,
                                      "Plan Width": 4,
                                      "Plans": [
                                        {
                                          "Node Type": "Hash Join",
                                          "Parent Relationship": "Outer",
                                          "Parallel Aware": false,
                                          "Async Capable": false,
                                          "Join Type": "Inner",
                                          "Startup Cost": 1.07,
                                          "Total Cost": 2.47,
                                          "Plan Rows": 5,
                                          "Plan Width": 4,
                                          "Inner Unique": false,
                                          "Hash Cond": "(n1.n_regionkey = region.r_regionkey)",
                                          "Plans": [
                                            {
                                              "Node Type": "Seq Scan",
                                              "Parent Relationship": "Outer",
                                              "Parallel Aware": false,
                                              "Async Capable": false,
                                              "Relation Name": "nation",
                                              "Alias": "n1",
                                              "Startup Cost": 0.0,
                                              "Total Cost": 1.25,
                                              "Plan Rows": 25,
                                              "Plan Width": 8,
                                              "parent": 20,
                                              "ID": 21
                                            },
                                            {
                                              "Node Type": "Hash",
                                              "Parent Relationship": "Inner",
                                              "Parallel Aware": false,
                                              "Async Capable": false,
                                              "Startup Cost": 1.06,
                                              "Total Cost": 1.06,
                                              "Plan Rows": 1,
                                              "Plan Width": 4,
                                              "Plans": [
                                                {
                                                  "Node Type": "Seq Scan",
                                                  "Parent Relationship": "Outer",
                                                  "Parallel Aware": false,
                                                  "Async Capable": false,
                                                  "Relation Name": "region",
                                                  "Alias": "region",
                                                  "Startup Cost": 0.0,
                                                  "Total Cost": 1.06,
                                                  "Plan Rows": 1,
                                                  "Plan Width": 4,
                                                  "Filter": "(r_name = 'EUROPE'::bpchar)",
                                                  "parent": 22,
                                                  "ID": 23
                                                }
                                              ],
                                              "parent": 20,
                                              "ID": 22,
                                              "left": 23
                                            }
                                          ],
                                          "parent": 19,
                                          "ID": 20,
                                          "left": 21,
                                          "right": 22
                                        }
                                      ],
                                      "parent": 8,
                                      "ID": 19,
                                      "left": 20
                                    }
                                  ],
                                  "parent": 7,
                                  "ID": 8,
                                  "left": 9,
                                  "right": 19
                                }
                              ],
                              "parent": 5,
                              "ID": 7,
                              "left": 8
                            }
                          ],
                          "parent": 4,
                          "ID": 5,
                          "left": 6,
                          "right": 7
                        },
                        {
                          "Node Type": "Hash",
                          "Parent Relationship": "Inner",
                          "Parallel Aware": false,
                          "Async Capable": false,
                          "Startup Cost": 1.25,
                          "Total Cost": 1.25,
                          "Plan Rows": 25,
                          "Plan Width": 30,
                          "Plans": [
                            {
                              "Node Type": "Seq Scan",
                              "Parent Relationship": "Outer",
                              "Parallel Aware": false,
                              "Async Capable": false,
                              "Relation Name": "nation",
                              "Alias": "n2",
                              "Startup Cost": 0.0,
                              "Total Cost": 1.25,
                              "Plan Rows": 25,
                              "Plan Width": 30,
                              "parent": 24,
                              "ID": 25
                            }
                          ],
                          "parent": 4,
                          "ID": 24,
                          "left": 25
                        }
                      ],
                      "parent": 3,
                      "ID": 4,
                      "left": 5,
                      "right": 24
                    }
                  ],
                  "parent": 2,
                  "ID": 3,
                  "left": 4
                }
              ],
              "parent": 1,
              "ID": 2,
              "left": 3
            }
          ],
          "parent": 0,
          "ID": 1,
          "left": 2
        }
      ],
      "parent": null,
      "ID": 0,
      "left": 1
    },
    "feat": {
      "utility": 6.382131148580048e-07,
      "query_shape": [
        [
          "Seq Scan",
          "Hash Join",
          "Sort",
          "Aggregate",
          "Gather Merge"
        ],
        [
          "Seq Scan",
          "Hash Join",
          "Hash",
          "Sort",
          "Aggregate",
          "Gather Merge"
        ],
        [
          "Seq Scan",
          "Hash Join",
          "Hash",
          "Sort",
          "Aggregate",
          "Gather Merge"
        ],
        [
          "Seq Scan",
          "Hash Join",
          "Hash",
          "Sort",
          "Aggregate",
          "Gather Merge"
        ],
        [
          "Seq Scan",
          "Hash",
          "Hash Join",
          "Sort",
          "Aggregate",
          "Gather Merge"
        ],
        [
          "Seq Scan",
          "Hash Join",
          "Hash",
          "Sort",
          "Aggregate",
          "Gather Merge"
        ],
        [
          "Seq Scan",
          "Hash",
          "Hash Join",
          "Sort",
          "Aggregate",
          "Gather Merge"
        ],
        [
          "Seq Scan",
          "Hash",
          "Hash Join",
          "Sort",
          "Aggregate",
          "Gather Merge"
        ]
      ],
      "index_shape": [
        "join"
      ],
      "physical_operator": {
        "Hash Join": [
          0.0010755517319240547
        ]
      }
    }
  },
  {
    "query": "-- Functional Query Definition\n-- Approved February 1998\n\n\nselect\no_year,\nsum(case\nwhen nation = 'ROMANIA' then volume\nelse 0\nend) / sum(volume) as mkt_share\nfrom\n(\nselect\nextract(year from o_orderdate) as o_year,\nl_extendedprice * (1 - l_discount) as volume,\nn2.n_name as nation\nfrom\npart,\nsupplier,\nlineitem,\norders,\ncustomer,\nnation n1,\nnation n2,\nregion\nwhere\np_partkey = l_partkey\nand s_suppkey = l_suppkey\nand l_orderkey = o_orderkey\nand o_custkey = c_custkey\nand c_nationkey = n1.n_nationkey\nand n1.n_regionkey = r_regionkey\nand r_name = 'EUROPE'\nand s_nationkey = n2.n_nationkey\nand o_orderdate between date '1995-01-01' and date '1996-12-31'\nand p_type = 'ECONOMY POLISHED STEEL'\n) as all_nations\ngroup by\no_year\norder by\no_year ;\n-- $ID$\n-- TPC-H/TPC-R Product Type Profit Measure ",
    "indexes": "lineitem.l_suppkey",
    "wo plan est": {
      "Node Type": "Aggregate",
      "Strategy": "Sorted",
      "Partial Mode": "Finalize",
      "Parallel Aware": false,
      "Async Capable": false,
      "Startup Cost": 1955785.01,
      "Total Cost": 1956486.84,
      "Plan Rows": 2406,
      "Plan Width": 64,
      "Group Key": [
        "(EXTRACT(year FROM orders.o_orderdate))"
      ],
      "Plans": [
        {
          "Node Type": "Gather Merge",
          "Parent Relationship": "Outer",
          "Parallel Aware": false,
          "Async Capable": false,
          "Startup Cost": 1955785.01,
          "Total Cost": 1956408.65,
          "Plan Rows": 2406,
          "Plan Width": 96,
          "Workers Planned": 1,
          "Plans": [
            {
              "Node Type": "Aggregate",
              "Strategy": "Sorted",
              "Partial Mode": "Partial",
              "Parent Relationship": "Outer",
              "Parallel Aware": false,
              "Async Capable": false,
              "Startup Cost": 1954785.0,
              "Total Cost": 1955137.96,
              "Plan Rows": 2406,
              "Plan Width": 96,
              "Group Key": [
                "(EXTRACT(year FROM orders.o_orderdate))"
              ],
              "Plans": [
                {
                  "Node Type": "Sort",
                  "Parent Relationship": "Outer",
                  "Parallel Aware": false,
                  "Async Capable": false,
                  "Startup Cost": 1954785.0,
                  "Total Cost": 1954819.54,
                  "Plan Rows": 13816,
                  "Plan Width": 70,
                  "Sort Key": [
                    "(EXTRACT(year FROM orders.o_orderdate))"
                  ],
                  "Plans": [
                    {
                      "Node Type": "Hash Join",
                      "Parent Relationship": "Outer",
                      "Parallel Aware": false,
                      "Async Capable": false,
                      "Join Type": "Inner",
                      "Startup Cost": 1950527.96,
                      "Total Cost": 1953834.87,
                      "Plan Rows": 13816,
                      "Plan Width": 70,
                      "Inner Unique": false,
                      "Hash Cond": "(supplier.s_nationkey = n2.n_nationkey)",
                      "Plans": [
                        {
                          "Node Type": "Hash Join",
                          "Parent Relationship": "Outer",
                          "Parallel Aware": true,
                          "Async Capable": false,
                          "Join Type": "Inner",
                          "Startup Cost": 1950526.4,
                          "Total Cost": 1953608.79,
                          "Plan Rows": 13816,
                          "Plan Width": 20,
                          "Inner Unique": false,
                          "Hash Cond": "(supplier.s_suppkey = lineitem.l_suppkey)",
                          "Plans": [
                            {
                              "Node Type": "Seq Scan",
                              "Parent Relationship": "Outer",
                              "Parallel Aware": true,
                              "Async Capable": false,
                              "Relation Name": "supplier",
                              "Alias": "supplier",
                              "Startup Cost": 0.0,
                              "Total Cost": 2804.24,
                              "Plan Rows": 58824,
                              "Plan Width": 8,
                              "parent": 5,
                              "ID": 6
                            },
                            {
                              "Node Type": "Hash",
                              "Parent Relationship": "Inner",
                              "Parallel Aware": true,
                              "Async Capable": false,
                              "Startup Cost": 1950404.06,
                              "Total Cost": 1950404.06,
                              "Plan Rows": 9787,
                              "Plan Width": 20,
                              "Plans": [
                                {
                                  "Node Type": "Hash Join",
                                  "Parent Relationship": "Outer",
                                  "Parallel Aware": false,
                                  "Async Capable": false,
                                  "Join Type": "Inner",
                                  "Startup Cost": 1905498.74,
                                  "Total Cost": 1950404.06,
                                  "Plan Rows": 9787,
                                  "Plan Width": 20,
                                  "Inner Unique": false,
                                  "Hash Cond": "(customer.c_nationkey = n1.n_nationkey)",
                                  "Plans": [
                                    {
                                      "Node Type": "Hash Join",
                                      "Parent Relationship": "Outer",
                                      "Parallel Aware": true,
                                      "Async Capable": false,
                                      "Join Type": "Inner",
                                      "Startup Cost": 1905496.2,
                                      "Total Cost": 1950120.18,
                                      "Plan Rows": 48932,
                                      "Plan Width": 24,
                                      "Inner Unique": false,
                                      "Hash Cond": "(customer.c_custkey = orders.o_custkey)",
                                      "Plans": [
                                        {
                                          "Node Type": "Seq Scan",
                                          "Parent Relationship": "Outer",
                                          "Parallel Aware": true,
                                          "Async Capable": false,
                                          "Relation Name": "customer",
                                          "Alias": "customer",
                                          "Startup Cost": 0.0,
                                          "Total Cost": 42076.52,
                                          "Plan Rows": 624952,
                                          "Plan Width": 8,
                                          "parent": 9,
                                          "ID": 10
                                        },
                                        {
                                          "Node Type": "Hash",
                                          "Parent Relationship": "Inner",
                                          "Parallel Aware": true,
                                          "Async Capable": false,
                                          "Startup Cost": 1904884.55,
                                          "Total Cost": 1904884.55,
                                          "Plan Rows": 48932,
                                          "Plan Width": 24,
                                          "Plans": [
                                            {
                                              "Node Type": "Hash Join",
                                              "Parent Relationship": "Outer",
                                              "Parallel Aware": true,
                                              "Async Capable": false,
                                              "Join Type": "Inner",
                                              "Startup Cost": 1523283.11,
                                              "Total Cost": 1904884.55,
                                              "Plan Rows": 48932,
                                              "Plan Width": 24,
                                              "Inner Unique": false,
                                              "Hash Cond": "(orders.o_orderkey = lineitem.l_orderkey)",
                                              "Plans": [
                                                {
                                                  "Node Type": "Seq Scan",
                                                  "Parent Relationship": "Outer",
                                                  "Parallel Aware": true,
                                                  "Async Capable": false,
                                                  "Relation Name": "orders",
                                                  "Alias": "orders",
                                                  "Startup Cost": 0.0,
                                                  "Total Cost": 354655.56,
                                                  "Plan Rows": 1909064,
                                                  "Plan Width": 12,
                                                  "Filter": "((o_orderdate >= '1995-01-01'::date) AND (o_orderdate <= '1996-12-31'::date))",
                                                  "parent": 12,
                                                  "ID": 13
                                                },
                                                {
                                                  "Node Type": "Hash",
                                                  "Parent Relationship": "Inner",
                                                  "Parallel Aware": true,
                                                  "Async Capable": false,
                                                  "Startup Cost": 1520341.76,
                                                  "Total Cost": 1520341.76,
                                                  "Plan Rows": 160188,
                                                  "Plan Width": 20,
                                                  "Plans": [
                                                    {
                                                      "Node Type": "Hash Join",
                                                      "Parent Relationship": "Outer",
                                                      "Parallel Aware": true,
                                                      "Async Capable": false,
                                                      "Join Type": "Inner",
                                                      "Startup Cost": 51447.53,
                                                      "Total Cost": 1520341.76,
                                                      "Plan Rows": 160188,
                                                      "Plan Width": 20,
                                                      "Inner Unique": false,
                                                      "Hash Cond": "(lineitem.l_partkey = part.p_partkey)",
                                                      "Plans": [
                                                        {
                                                          "Node Type": "Seq Scan",
                                                          "Parent Relationship": "Outer",
                                                          "Parallel Aware": true,
                                                          "Async Capable": false,
                                                          "Relation Name": "lineitem",
                                                          "Alias": "lineitem",
                                                          "Startup Cost": 0.0,
                                                          "Total Cost": 1374494.57,
                                                          "Plan Rows": 24995257,
                                                          "Plan Width": 24,
                                                          "parent": 15,
                                                          "ID": 16
                                                        },
                                                        {
                                                          "Node Type": "Hash",
                                                          "Parent Relationship": "Inner",
                                                          "Parallel Aware": true,
                                                          "Async Capable": false,
                                                          "Startup Cost": 51378.28,
                                                          "Total Cost": 51378.28,
                                                          "Plan Rows": 5540,
                                                          "Plan Width": 4,
                                                          "Plans": [
                                                            {
                                                              "Node Type": "Seq Scan",
                                                              "Parent Relationship": "Outer",
                                                              "Parallel Aware": true,
                                                              "Async Capable": false,
                                                              "Relation Name": "part",
                                                              "Alias": "part",
                                                              "Startup Cost": 0.0,
                                                              "Total Cost": 51378.28,
                                                              "Plan Rows": 5540,
                                                              "Plan Width": 4,
                                                              "Filter": "((p_type)::text = 'ECONOMY POLISHED STEEL'::text)",
                                                              "parent": 17,
                                                              "ID": 18
                                                            }
                                                          ],
                                                          "parent": 15,
                                                          "ID": 17,
                                                          "left": 18
                                                        }
                                                      ],
                                                      "parent": 14,
                                                      "ID": 15,
                                                      "left": 16,
                                                      "right": 17
                                                    }
                                                  ],
                                                  "parent": 12,
                                                  "ID": 14,
                                                  "left": 15
                                                }
                                              ],
                                              "parent": 11,
                                              "ID": 12,
                                              "left": 13,
                                              "right": 14
                                            }
                                          ],
                                          "parent": 9,
                                          "ID": 11,
                                          "left": 12
                                        }
                                      ],
                                      "parent": 8,
                                      "ID": 9,
                                      "left": 10,
                                      "right": 11
                                    },
                                    {
                                      "Node Type": "Hash",
                                      "Parent Relationship": "Inner",
                                      "Parallel Aware": false,
                                      "Async Capable": false,
                                      "Startup Cost": 2.47,
                                      "Total Cost": 2.47,
                                      "Plan Rows": 5,
                                      "Plan Width": 4,
                                      "Plans": [
                                        {
                                          "Node Type": "Hash Join",
                                          "Parent Relationship": "Outer",
                                          "Parallel Aware": false,
                                          "Async Capable": false,
                                          "Join Type": "Inner",
                                          "Startup Cost": 1.07,
                                          "Total Cost": 2.47,
                                          "Plan Rows": 5,
                                          "Plan Width": 4,
                                          "Inner Unique": false,
                                          "Hash Cond": "(n1.n_regionkey = region.r_regionkey)",
                                          "Plans": [
                                            {
                                              "Node Type": "Seq Scan",
                                              "Parent Relationship": "Outer",
                                              "Parallel Aware": false,
                                              "Async Capable": false,
                                              "Relation Name": "nation",
                                              "Alias": "n1",
                                              "Startup Cost": 0.0,
                                              "Total Cost": 1.25,
                                              "Plan Rows": 25,
                                              "Plan Width": 8,
                                              "parent": 20,
                                              "ID": 21
                                            },
                                            {
                                              "Node Type": "Hash",
                                              "Parent Relationship": "Inner",
                                              "Parallel Aware": false,
                                              "Async Capable": false,
                                              "Startup Cost": 1.06,
                                              "Total Cost": 1.06,
                                              "Plan Rows": 1,
                                              "Plan Width": 4,
                                              "Plans": [
                                                {
                                                  "Node Type": "Seq Scan",
                                                  "Parent Relationship": "Outer",
                                                  "Parallel Aware": false,
                                                  "Async Capable": false,
                                                  "Relation Name": "region",
                                                  "Alias": "region",
                                                  "Startup Cost": 0.0,
                                                  "Total Cost": 1.06,
                                                  "Plan Rows": 1,
                                                  "Plan Width": 4,
                                                  "Filter": "(r_name = 'EUROPE'::bpchar)",
                                                  "parent": 22,
                                                  "ID": 23
                                                }
                                              ],
                                              "parent": 20,
                                              "ID": 22,
                                              "left": 23
                                            }
                                          ],
                                          "parent": 19,
                                          "ID": 20,
                                          "left": 21,
                                          "right": 22
                                        }
                                      ],
                                      "parent": 8,
                                      "ID": 19,
                                      "left": 20
                                    }
                                  ],
                                  "parent": 7,
                                  "ID": 8,
                                  "left": 9,
                                  "right": 19
                                }
                              ],
                              "parent": 5,
                              "ID": 7,
                              "left": 8
                            }
                          ],
                          "parent": 4,
                          "ID": 5,
                          "left": 6,
                          "right": 7
                        },
                        {
                          "Node Type": "Hash",
                          "Parent Relationship": "Inner",
                          "Parallel Aware": false,
                          "Async Capable": false,
                          "Startup Cost": 1.25,
                          "Total Cost": 1.25,
                          "Plan Rows": 25,
                          "Plan Width": 30,
                          "Plans": [
                            {
                              "Node Type": "Seq Scan",
                              "Parent Relationship": "Outer",
                              "Parallel Aware": false,
                              "Async Capable": false,
                              "Relation Name": "nation",
                              "Alias": "n2",
                              "Startup Cost": 0.0,
                              "Total Cost": 1.25,
                              "Plan Rows": 25,
                              "Plan Width": 30,
                              "parent": 24,
                              "ID": 25
                            }
                          ],
                          "parent": 4,
                          "ID": 24,
                          "left": 25
                        }
                      ],
                      "parent": 3,
                      "ID": 4,
                      "left": 5,
                      "right": 24
                    }
                  ],
                  "parent": 2,
                  "ID": 3,
                  "left": 4
                }
              ],
              "parent": 1,
              "ID": 2,
              "left": 3
            }
          ],
          "parent": 0,
          "ID": 1,
          "left": 2
        }
      ],
      "parent": null,
      "ID": 0,
      "left": 1
    },
    "feat": {
      "utility": 6.35770444899657e-07,
      "query_shape": [
        [
          "Seq Scan",
          "Hash Join",
          "Sort",
          "Aggregate",
          "Gather Merge"
        ],
        [
          "Seq Scan",
          "Hash Join",
          "Hash",
          "Sort",
          "Aggregate",
          "Gather Merge"
        ],
        [
          "Seq Scan",
          "Hash Join",
          "Hash",
          "Sort",
          "Aggregate",
          "Gather Merge"
        ],
        [
          "Seq Scan",
          "Hash Join",
          "Hash",
          "Sort",
          "Aggregate",
          "Gather Merge"
        ],
        [
          "Seq Scan",
          "Hash",
          "Hash Join",
          "Sort",
          "Aggregate",
          "Gather Merge"
        ],
        [
          "Seq Scan",
          "Hash Join",
          "Hash",
          "Sort",
          "Aggregate",
          "Gather Merge"
        ],
        [
          "Seq Scan",
          "Hash",
          "Hash Join",
          "Sort",
          "Aggregate",
          "Gather Merge"
        ],
        [
          "Seq Scan",
          "Hash",
          "Hash Join",
          "Sort",
          "Aggregate",
          "Gather Merge"
        ]
      ],
      "index_shape": [
        "join"
      ],
      "physical_operator": {
        "Hash Join": [
          0.004898793034300612
        ]
      }
    }
  },
  {
    "query": "-- Functional Query Definition\n-- Approved February 1998\n\n\nselect\no_year,\nsum(case\nwhen nation = 'ROMANIA' then volume\nelse 0\nend) / sum(volume) as mkt_share\nfrom\n(\nselect\nextract(year from o_orderdate) as o_year,\nl_extendedprice * (1 - l_discount) as volume,\nn2.n_name as nation\nfrom\npart,\nsupplier,\nlineitem,\norders,\ncustomer,\nnation n1,\nnation n2,\nregion\nwhere\np_partkey = l_partkey\nand s_suppkey = l_suppkey\nand l_orderkey = o_orderkey\nand o_custkey = c_custkey\nand c_nationkey = n1.n_nationkey\nand n1.n_regionkey = r_regionkey\nand r_name = 'EUROPE'\nand s_nationkey = n2.n_nationkey\nand o_orderdate between date '1995-01-01' and date '1996-12-31'\nand p_type = 'ECONOMY POLISHED STEEL'\n) as all_nations\ngroup by\no_year\norder by\no_year ;\n-- $ID$\n-- TPC-H/TPC-R Product Type Profit Measure ",
    "indexes": "lineitem.l_extendedprice",
    "wo plan est": {
      "Node Type": "Aggregate",
      "Strategy": "Sorted",
      "Partial Mode": "Finalize",
      "Parallel Aware": false,
      "Async Capable": false,
      "Startup Cost": 1955785.01,
      "Total Cost": 1956486.84,
      "Plan Rows": 2406,
      "Plan Width": 64,
      "Group Key": [
        "(EXTRACT(year FROM orders.o_orderdate))"
      ],
      "Plans": [
        {
          "Node Type": "Gather Merge",
          "Parent Relationship": "Outer",
          "Parallel Aware": false,
          "Async Capable": false,
          "Startup Cost": 1955785.01,
          "Total Cost": 1956408.65,
          "Plan Rows": 2406,
          "Plan Width": 96,
          "Workers Planned": 1,
          "Plans": [
            {
              "Node Type": "Aggregate",
              "Strategy": "Sorted",
              "Partial Mode": "Partial",
              "Parent Relationship": "Outer",
              "Parallel Aware": false,
              "Async Capable": false,
              "Startup Cost": 1954785.0,
              "Total Cost": 1955137.96,
              "Plan Rows": 2406,
              "Plan Width": 96,
              "Group Key": [
                "(EXTRACT(year FROM orders.o_orderdate))"
              ],
              "Plans": [
                {
                  "Node Type": "Sort",
                  "Parent Relationship": "Outer",
                  "Parallel Aware": false,
                  "Async Capable": false,
                  "Startup Cost": 1954785.0,
                  "Total Cost": 1954819.54,
                  "Plan Rows": 13816,
                  "Plan Width": 70,
                  "Sort Key": [
                    "(EXTRACT(year FROM orders.o_orderdate))"
                  ],
                  "Plans": [
                    {
                      "Node Type": "Hash Join",
                      "Parent Relationship": "Outer",
                      "Parallel Aware": false,
                      "Async Capable": false,
                      "Join Type": "Inner",
                      "Startup Cost": 1950527.96,
                      "Total Cost": 1953834.87,
                      "Plan Rows": 13816,
                      "Plan Width": 70,
                      "Inner Unique": false,
                      "Hash Cond": "(supplier.s_nationkey = n2.n_nationkey)",
                      "Plans": [
                        {
                          "Node Type": "Hash Join",
                          "Parent Relationship": "Outer",
                          "Parallel Aware": true,
                          "Async Capable": false,
                          "Join Type": "Inner",
                          "Startup Cost": 1950526.4,
                          "Total Cost": 1953608.79,
                          "Plan Rows": 13816,
                          "Plan Width": 20,
                          "Inner Unique": false,
                          "Hash Cond": "(supplier.s_suppkey = lineitem.l_suppkey)",
                          "Plans": [
                            {
                              "Node Type": "Seq Scan",
                              "Parent Relationship": "Outer",
                              "Parallel Aware": true,
                              "Async Capable": false,
                              "Relation Name": "supplier",
                              "Alias": "supplier",
                              "Startup Cost": 0.0,
                              "Total Cost": 2804.24,
                              "Plan Rows": 58824,
                              "Plan Width": 8,
                              "parent": 5,
                              "ID": 6
                            },
                            {
                              "Node Type": "Hash",
                              "Parent Relationship": "Inner",
                              "Parallel Aware": true,
                              "Async Capable": false,
                              "Startup Cost": 1950404.06,
                              "Total Cost": 1950404.06,
                              "Plan Rows": 9787,
                              "Plan Width": 20,
                              "Plans": [
                                {
                                  "Node Type": "Hash Join",
                                  "Parent Relationship": "Outer",
                                  "Parallel Aware": false,
                                  "Async Capable": false,
                                  "Join Type": "Inner",
                                  "Startup Cost": 1905498.74,
                                  "Total Cost": 1950404.06,
                                  "Plan Rows": 9787,
                                  "Plan Width": 20,
                                  "Inner Unique": false,
                                  "Hash Cond": "(customer.c_nationkey = n1.n_nationkey)",
                                  "Plans": [
                                    {
                                      "Node Type": "Hash Join",
                                      "Parent Relationship": "Outer",
                                      "Parallel Aware": true,
                                      "Async Capable": false,
                                      "Join Type": "Inner",
                                      "Startup Cost": 1905496.2,
                                      "Total Cost": 1950120.18,
                                      "Plan Rows": 48932,
                                      "Plan Width": 24,
                                      "Inner Unique": false,
                                      "Hash Cond": "(customer.c_custkey = orders.o_custkey)",
                                      "Plans": [
                                        {
                                          "Node Type": "Seq Scan",
                                          "Parent Relationship": "Outer",
                                          "Parallel Aware": true,
                                          "Async Capable": false,
                                          "Relation Name": "customer",
                                          "Alias": "customer",
                                          "Startup Cost": 0.0,
                                          "Total Cost": 42076.52,
                                          "Plan Rows": 624952,
                                          "Plan Width": 8,
                                          "parent": 9,
                                          "ID": 10
                                        },
                                        {
                                          "Node Type": "Hash",
                                          "Parent Relationship": "Inner",
                                          "Parallel Aware": true,
                                          "Async Capable": false,
                                          "Startup Cost": 1904884.55,
                                          "Total Cost": 1904884.55,
                                          "Plan Rows": 48932,
                                          "Plan Width": 24,
                                          "Plans": [
                                            {
                                              "Node Type": "Hash Join",
                                              "Parent Relationship": "Outer",
                                              "Parallel Aware": true,
                                              "Async Capable": false,
                                              "Join Type": "Inner",
                                              "Startup Cost": 1523283.11,
                                              "Total Cost": 1904884.55,
                                              "Plan Rows": 48932,
                                              "Plan Width": 24,
                                              "Inner Unique": false,
                                              "Hash Cond": "(orders.o_orderkey = lineitem.l_orderkey)",
                                              "Plans": [
                                                {
                                                  "Node Type": "Seq Scan",
                                                  "Parent Relationship": "Outer",
                                                  "Parallel Aware": true,
                                                  "Async Capable": false,
                                                  "Relation Name": "orders",
                                                  "Alias": "orders",
                                                  "Startup Cost": 0.0,
                                                  "Total Cost": 354655.56,
                                                  "Plan Rows": 1909064,
                                                  "Plan Width": 12,
                                                  "Filter": "((o_orderdate >= '1995-01-01'::date) AND (o_orderdate <= '1996-12-31'::date))",
                                                  "parent": 12,
                                                  "ID": 13
                                                },
                                                {
                                                  "Node Type": "Hash",
                                                  "Parent Relationship": "Inner",
                                                  "Parallel Aware": true,
                                                  "Async Capable": false,
                                                  "Startup Cost": 1520341.76,
                                                  "Total Cost": 1520341.76,
                                                  "Plan Rows": 160188,
                                                  "Plan Width": 20,
                                                  "Plans": [
                                                    {
                                                      "Node Type": "Hash Join",
                                                      "Parent Relationship": "Outer",
                                                      "Parallel Aware": true,
                                                      "Async Capable": false,
                                                      "Join Type": "Inner",
                                                      "Startup Cost": 51447.53,
                                                      "Total Cost": 1520341.76,
                                                      "Plan Rows": 160188,
                                                      "Plan Width": 20,
                                                      "Inner Unique": false,
                                                      "Hash Cond": "(lineitem.l_partkey = part.p_partkey)",
                                                      "Plans": [
                                                        {
                                                          "Node Type": "Seq Scan",
                                                          "Parent Relationship": "Outer",
                                                          "Parallel Aware": true,
                                                          "Async Capable": false,
                                                          "Relation Name": "lineitem",
                                                          "Alias": "lineitem",
                                                          "Startup Cost": 0.0,
                                                          "Total Cost": 1374494.57,
                                                          "Plan Rows": 24995257,
                                                          "Plan Width": 24,
                                                          "parent": 15,
                                                          "ID": 16
                                                        },
                                                        {
                                                          "Node Type": "Hash",
                                                          "Parent Relationship": "Inner",
                                                          "Parallel Aware": true,
                                                          "Async Capable": false,
                                                          "Startup Cost": 51378.28,
                                                          "Total Cost": 51378.28,
                                                          "Plan Rows": 5540,
                                                          "Plan Width": 4,
                                                          "Plans": [
                                                            {
                                                              "Node Type": "Seq Scan",
                                                              "Parent Relationship": "Outer",
                                                              "Parallel Aware": true,
                                                              "Async Capable": false,
                                                              "Relation Name": "part",
                                                              "Alias": "part",
                                                              "Startup Cost": 0.0,
                                                              "Total Cost": 51378.28,
                                                              "Plan Rows": 5540,
                                                              "Plan Width": 4,
                                                              "Filter": "((p_type)::text = 'ECONOMY POLISHED STEEL'::text)",
                                                              "parent": 17,
                                                              "ID": 18
                                                            }
                                                          ],
                                                          "parent": 15,
                                                          "ID": 17,
                                                          "left": 18
                                                        }
                                                      ],
                                                      "parent": 14,
                                                      "ID": 15,
                                                      "left": 16,
                                                      "right": 17
                                                    }
                                                  ],
                                                  "parent": 12,
                                                  "ID": 14,
                                                  "left": 15
                                                }
                                              ],
                                              "parent": 11,
                                              "ID": 12,
                                              "left": 13,
                                              "right": 14
                                            }
                                          ],
                                          "parent": 9,
                                          "ID": 11,
                                          "left": 12
                                        }
                                      ],
                                      "parent": 8,
                                      "ID": 9,
                                      "left": 10,
                                      "right": 11
                                    },
                                    {
                                      "Node Type": "Hash",
                                      "Parent Relationship": "Inner",
                                      "Parallel Aware": false,
                                      "Async Capable": false,
                                      "Startup Cost": 2.47,
                                      "Total Cost": 2.47,
                                      "Plan Rows": 5,
                                      "Plan Width": 4,
                                      "Plans": [
                                        {
                                          "Node Type": "Hash Join",
                                          "Parent Relationship": "Outer",
                                          "Parallel Aware": false,
                                          "Async Capable": false,
                                          "Join Type": "Inner",
                                          "Startup Cost": 1.07,
                                          "Total Cost": 2.47,
                                          "Plan Rows": 5,
                                          "Plan Width": 4,
                                          "Inner Unique": false,
                                          "Hash Cond": "(n1.n_regionkey = region.r_regionkey)",
                                          "Plans": [
                                            {
                                              "Node Type": "Seq Scan",
                                              "Parent Relationship": "Outer",
                                              "Parallel Aware": false,
                                              "Async Capable": false,
                                              "Relation Name": "nation",
                                              "Alias": "n1",
                                              "Startup Cost": 0.0,
                                              "Total Cost": 1.25,
                                              "Plan Rows": 25,
                                              "Plan Width": 8,
                                              "parent": 20,
                                              "ID": 21
                                            },
                                            {
                                              "Node Type": "Hash",
                                              "Parent Relationship": "Inner",
                                              "Parallel Aware": false,
                                              "Async Capable": false,
                                              "Startup Cost": 1.06,
                                              "Total Cost": 1.06,
                                              "Plan Rows": 1,
                                              "Plan Width": 4,
                                              "Plans": [
                                                {
                                                  "Node Type": "Seq Scan",
                                                  "Parent Relationship": "Outer",
                                                  "Parallel Aware": false,
                                                  "Async Capable": false,
                                                  "Relation Name": "region",
                                                  "Alias": "region",
                                                  "Startup Cost": 0.0,
                                                  "Total Cost": 1.06,
                                                  "Plan Rows": 1,
                                                  "Plan Width": 4,
                                                  "Filter": "(r_name = 'EUROPE'::bpchar)",
                                                  "parent": 22,
                                                  "ID": 23
                                                }
                                              ],
                                              "parent": 20,
                                              "ID": 22,
                                              "left": 23
                                            }
                                          ],
                                          "parent": 19,
                                          "ID": 20,
                                          "left": 21,
                                          "right": 22
                                        }
                                      ],
                                      "parent": 8,
                                      "ID": 19,
                                      "left": 20
                                    }
                                  ],
                                  "parent": 7,
                                  "ID": 8,
                                  "left": 9,
                                  "right": 19
                                }
                              ],
                              "parent": 5,
                              "ID": 7,
                              "left": 8
                            }
                          ],
                          "parent": 4,
                          "ID": 5,
                          "left": 6,
                          "right": 7
                        },
                        {
                          "Node Type": "Hash",
                          "Parent Relationship": "Inner",
                          "Parallel Aware": false,
                          "Async Capable": false,
                          "Startup Cost": 1.25,
                          "Total Cost": 1.25,
                          "Plan Rows": 25,
                          "Plan Width": 30,
                          "Plans": [
                            {
                              "Node Type": "Seq Scan",
                              "Parent Relationship": "Outer",
                              "Parallel Aware": false,
                              "Async Capable": false,
                              "Relation Name": "nation",
                              "Alias": "n2",
                              "Startup Cost": 0.0,
                              "Total Cost": 1.25,
                              "Plan Rows": 25,
                              "Plan Width": 30,
                              "parent": 24,
                              "ID": 25
                            }
                          ],
                          "parent": 4,
                          "ID": 24,
                          "left": 25
                        }
                      ],
                      "parent": 3,
                      "ID": 4,
                      "left": 5,
                      "right": 24
                    }
                  ],
                  "parent": 2,
                  "ID": 3,
                  "left": 4
                }
              ],
              "parent": 1,
              "ID": 2,
              "left": 3
            }
          ],
          "parent": 0,
          "ID": 1,
          "left": 2
        }
      ],
      "parent": null,
      "ID": 0,
      "left": 1
    },
    "feat": {
      "utility": 0.0,
      "query_shape": [
        [
          "Seq Scan",
          "Hash Join",
          "Sort",
          "Aggregate",
          "Gather Merge"
        ],
        [
          "Seq Scan",
          "Hash Join",
          "Hash",
          "Sort",
          "Aggregate",
          "Gather Merge"
        ],
        [
          "Seq Scan",
          "Hash Join",
          "Hash",
          "Sort",
          "Aggregate",
          "Gather Merge"
        ],
        [
          "Seq Scan",
          "Hash Join",
          "Hash",
          "Sort",
          "Aggregate",
          "Gather Merge"
        ],
        [
          "Seq Scan",
          "Hash",
          "Hash Join",
          "Sort",
          "Aggregate",
          "Gather Merge"
        ],
        [
          "Seq Scan",
          "Hash Join",
          "Hash",
          "Sort",
          "Aggregate",
          "Gather Merge"
        ],
        [
          "Seq Scan",
          "Hash",
          "Hash Join",
          "Sort",
          "Aggregate",
          "Gather Merge"
        ],
        [
          "Seq Scan",
          "Hash",
          "Hash Join",
          "Sort",
          "Aggregate",
          "Gather Merge"
        ]
      ],
      "index_shape": [],
      "physical_operator": {}
    }
  },
  {
    "query": "-- Functional Query Definition\n-- Approved February 1998\n\n\nselect\no_year,\nsum(case\nwhen nation = 'ROMANIA' then volume\nelse 0\nend) / sum(volume) as mkt_share\nfrom\n(\nselect\nextract(year from o_orderdate) as o_year,\nl_extendedprice * (1 - l_discount) as volume,\nn2.n_name as nation\nfrom\npart,\nsupplier,\nlineitem,\norders,\ncustomer,\nnation n1,\nnation n2,\nregion\nwhere\np_partkey = l_partkey\nand s_suppkey = l_suppkey\nand l_orderkey = o_orderkey\nand o_custkey = c_custkey\nand c_nationkey = n1.n_nationkey\nand n1.n_regionkey = r_regionkey\nand r_name = 'EUROPE'\nand s_nationkey = n2.n_nationkey\nand o_orderdate between date '1995-01-01' and date '1996-12-31'\nand p_type = 'ECONOMY POLISHED STEEL'\n) as all_nations\ngroup by\no_year\norder by\no_year ;\n-- $ID$\n-- TPC-H/TPC-R Product Type Profit Measure ",
    "indexes": "lineitem.l_discount",
    "wo plan est": {
      "Node Type": "Aggregate",
      "Strategy": "Sorted",
      "Partial Mode": "Finalize",
      "Parallel Aware": false,
      "Async Capable": false,
      "Startup Cost": 1955785.01,
      "Total Cost": 1956486.84,
      "Plan Rows": 2406,
      "Plan Width": 64,
      "Group Key": [
        "(EXTRACT(year FROM orders.o_orderdate))"
      ],
      "Plans": [
        {
          "Node Type": "Gather Merge",
          "Parent Relationship": "Outer",
          "Parallel Aware": false,
          "Async Capable": false,
          "Startup Cost": 1955785.01,
          "Total Cost": 1956408.65,
          "Plan Rows": 2406,
          "Plan Width": 96,
          "Workers Planned": 1,
          "Plans": [
            {
              "Node Type": "Aggregate",
              "Strategy": "Sorted",
              "Partial Mode": "Partial",
              "Parent Relationship": "Outer",
              "Parallel Aware": false,
              "Async Capable": false,
              "Startup Cost": 1954785.0,
              "Total Cost": 1955137.96,
              "Plan Rows": 2406,
              "Plan Width": 96,
              "Group Key": [
                "(EXTRACT(year FROM orders.o_orderdate))"
              ],
              "Plans": [
                {
                  "Node Type": "Sort",
                  "Parent Relationship": "Outer",
                  "Parallel Aware": false,
                  "Async Capable": false,
                  "Startup Cost": 1954785.0,
                  "Total Cost": 1954819.54,
                  "Plan Rows": 13816,
                  "Plan Width": 70,
                  "Sort Key": [
                    "(EXTRACT(year FROM orders.o_orderdate))"
                  ],
                  "Plans": [
                    {
                      "Node Type": "Hash Join",
                      "Parent Relationship": "Outer",
                      "Parallel Aware": false,
                      "Async Capable": false,
                      "Join Type": "Inner",
                      "Startup Cost": 1950527.96,
                      "Total Cost": 1953834.87,
                      "Plan Rows": 13816,
                      "Plan Width": 70,
                      "Inner Unique": false,
                      "Hash Cond": "(supplier.s_nationkey = n2.n_nationkey)",
                      "Plans": [
                        {
                          "Node Type": "Hash Join",
                          "Parent Relationship": "Outer",
                          "Parallel Aware": true,
                          "Async Capable": false,
                          "Join Type": "Inner",
                          "Startup Cost": 1950526.4,
                          "Total Cost": 1953608.79,
                          "Plan Rows": 13816,
                          "Plan Width": 20,
                          "Inner Unique": false,
                          "Hash Cond": "(supplier.s_suppkey = lineitem.l_suppkey)",
                          "Plans": [
                            {
                              "Node Type": "Seq Scan",
                              "Parent Relationship": "Outer",
                              "Parallel Aware": true,
                              "Async Capable": false,
                              "Relation Name": "supplier",
                              "Alias": "supplier",
                              "Startup Cost": 0.0,
                              "Total Cost": 2804.24,
                              "Plan Rows": 58824,
                              "Plan Width": 8,
                              "parent": 5,
                              "ID": 6
                            },
                            {
                              "Node Type": "Hash",
                              "Parent Relationship": "Inner",
                              "Parallel Aware": true,
                              "Async Capable": false,
                              "Startup Cost": 1950404.06,
                              "Total Cost": 1950404.06,
                              "Plan Rows": 9787,
                              "Plan Width": 20,
                              "Plans": [
                                {
                                  "Node Type": "Hash Join",
                                  "Parent Relationship": "Outer",
                                  "Parallel Aware": false,
                                  "Async Capable": false,
                                  "Join Type": "Inner",
                                  "Startup Cost": 1905498.74,
                                  "Total Cost": 1950404.06,
                                  "Plan Rows": 9787,
                                  "Plan Width": 20,
                                  "Inner Unique": false,
                                  "Hash Cond": "(customer.c_nationkey = n1.n_nationkey)",
                                  "Plans": [
                                    {
                                      "Node Type": "Hash Join",
                                      "Parent Relationship": "Outer",
                                      "Parallel Aware": true,
                                      "Async Capable": false,
                                      "Join Type": "Inner",
                                      "Startup Cost": 1905496.2,
                                      "Total Cost": 1950120.18,
                                      "Plan Rows": 48932,
                                      "Plan Width": 24,
                                      "Inner Unique": false,
                                      "Hash Cond": "(customer.c_custkey = orders.o_custkey)",
                                      "Plans": [
                                        {
                                          "Node Type": "Seq Scan",
                                          "Parent Relationship": "Outer",
                                          "Parallel Aware": true,
                                          "Async Capable": false,
                                          "Relation Name": "customer",
                                          "Alias": "customer",
                                          "Startup Cost": 0.0,
                                          "Total Cost": 42076.52,
                                          "Plan Rows": 624952,
                                          "Plan Width": 8,
                                          "parent": 9,
                                          "ID": 10
                                        },
                                        {
                                          "Node Type": "Hash",
                                          "Parent Relationship": "Inner",
                                          "Parallel Aware": true,
                                          "Async Capable": false,
                                          "Startup Cost": 1904884.55,
                                          "Total Cost": 1904884.55,
                                          "Plan Rows": 48932,
                                          "Plan Width": 24,
                                          "Plans": [
                                            {
                                              "Node Type": "Hash Join",
                                              "Parent Relationship": "Outer",
                                              "Parallel Aware": true,
                                              "Async Capable": false,
                                              "Join Type": "Inner",
                                              "Startup Cost": 1523283.11,
                                              "Total Cost": 1904884.55,
                                              "Plan Rows": 48932,
                                              "Plan Width": 24,
                                              "Inner Unique": false,
                                              "Hash Cond": "(orders.o_orderkey = lineitem.l_orderkey)",
                                              "Plans": [
                                                {
                                                  "Node Type": "Seq Scan",
                                                  "Parent Relationship": "Outer",
                                                  "Parallel Aware": true,
                                                  "Async Capable": false,
                                                  "Relation Name": "orders",
                                                  "Alias": "orders",
                                                  "Startup Cost": 0.0,
                                                  "Total Cost": 354655.56,
                                                  "Plan Rows": 1909064,
                                                  "Plan Width": 12,
                                                  "Filter": "((o_orderdate >= '1995-01-01'::date) AND (o_orderdate <= '1996-12-31'::date))",
                                                  "parent": 12,
                                                  "ID": 13
                                                },
                                                {
                                                  "Node Type": "Hash",
                                                  "Parent Relationship": "Inner",
                                                  "Parallel Aware": true,
                                                  "Async Capable": false,
                                                  "Startup Cost": 1520341.76,
                                                  "Total Cost": 1520341.76,
                                                  "Plan Rows": 160188,
                                                  "Plan Width": 20,
                                                  "Plans": [
                                                    {
                                                      "Node Type": "Hash Join",
                                                      "Parent Relationship": "Outer",
                                                      "Parallel Aware": true,
                                                      "Async Capable": false,
                                                      "Join Type": "Inner",
                                                      "Startup Cost": 51447.53,
                                                      "Total Cost": 1520341.76,
                                                      "Plan Rows": 160188,
                                                      "Plan Width": 20,
                                                      "Inner Unique": false,
                                                      "Hash Cond": "(lineitem.l_partkey = part.p_partkey)",
                                                      "Plans": [
                                                        {
                                                          "Node Type": "Seq Scan",
                                                          "Parent Relationship": "Outer",
                                                          "Parallel Aware": true,
                                                          "Async Capable": false,
                                                          "Relation Name": "lineitem",
                                                          "Alias": "lineitem",
                                                          "Startup Cost": 0.0,
                                                          "Total Cost": 1374494.57,
                                                          "Plan Rows": 24995257,
                                                          "Plan Width": 24,
                                                          "parent": 15,
                                                          "ID": 16
                                                        },
                                                        {
                                                          "Node Type": "Hash",
                                                          "Parent Relationship": "Inner",
                                                          "Parallel Aware": true,
                                                          "Async Capable": false,
                                                          "Startup Cost": 51378.28,
                                                          "Total Cost": 51378.28,
                                                          "Plan Rows": 5540,
                                                          "Plan Width": 4,
                                                          "Plans": [
                                                            {
                                                              "Node Type": "Seq Scan",
                                                              "Parent Relationship": "Outer",
                                                              "Parallel Aware": true,
                                                              "Async Capable": false,
                                                              "Relation Name": "part",
                                                              "Alias": "part",
                                                              "Startup Cost": 0.0,
                                                              "Total Cost": 51378.28,
                                                              "Plan Rows": 5540,
                                                              "Plan Width": 4,
                                                              "Filter": "((p_type)::text = 'ECONOMY POLISHED STEEL'::text)",
                                                              "parent": 17,
                                                              "ID": 18
                                                            }
                                                          ],
                                                          "parent": 15,
                                                          "ID": 17,
                                                          "left": 18
                                                        }
                                                      ],
                                                      "parent": 14,
                                                      "ID": 15,
                                                      "left": 16,
                                                      "right": 17
                                                    }
                                                  ],
                                                  "parent": 12,
                                                  "ID": 14,
                                                  "left": 15
                                                }
                                              ],
                                              "parent": 11,
                                              "ID": 12,
                                              "left": 13,
                                              "right": 14
                                            }
                                          ],
                                          "parent": 9,
                                          "ID": 11,
                                          "left": 12
                                        }
                                      ],
                                      "parent": 8,
                                      "ID": 9,
                                      "left": 10,
                                      "right": 11
                                    },
                                    {
                                      "Node Type": "Hash",
                                      "Parent Relationship": "Inner",
                                      "Parallel Aware": false,
                                      "Async Capable": false,
                                      "Startup Cost": 2.47,
                                      "Total Cost": 2.47,
                                      "Plan Rows": 5,
                                      "Plan Width": 4,
                                      "Plans": [
                                        {
                                          "Node Type": "Hash Join",
                                          "Parent Relationship": "Outer",
                                          "Parallel Aware": false,
                                          "Async Capable": false,
                                          "Join Type": "Inner",
                                          "Startup Cost": 1.07,
                                          "Total Cost": 2.47,
                                          "Plan Rows": 5,
                                          "Plan Width": 4,
                                          "Inner Unique": false,
                                          "Hash Cond": "(n1.n_regionkey = region.r_regionkey)",
                                          "Plans": [
                                            {
                                              "Node Type": "Seq Scan",
                                              "Parent Relationship": "Outer",
                                              "Parallel Aware": false,
                                              "Async Capable": false,
                                              "Relation Name": "nation",
                                              "Alias": "n1",
                                              "Startup Cost": 0.0,
                                              "Total Cost": 1.25,
                                              "Plan Rows": 25,
                                              "Plan Width": 8,
                                              "parent": 20,
                                              "ID": 21
                                            },
                                            {
                                              "Node Type": "Hash",
                                              "Parent Relationship": "Inner",
                                              "Parallel Aware": false,
                                              "Async Capable": false,
                                              "Startup Cost": 1.06,
                                              "Total Cost": 1.06,
                                              "Plan Rows": 1,
                                              "Plan Width": 4,
                                              "Plans": [
                                                {
                                                  "Node Type": "Seq Scan",
                                                  "Parent Relationship": "Outer",
                                                  "Parallel Aware": false,
                                                  "Async Capable": false,
                                                  "Relation Name": "region",
                                                  "Alias": "region",
                                                  "Startup Cost": 0.0,
                                                  "Total Cost": 1.06,
                                                  "Plan Rows": 1,
                                                  "Plan Width": 4,
                                                  "Filter": "(r_name = 'EUROPE'::bpchar)",
                                                  "parent": 22,
                                                  "ID": 23
                                                }
                                              ],
                                              "parent": 20,
                                              "ID": 22,
                                              "left": 23
                                            }
                                          ],
                                          "parent": 19,
                                          "ID": 20,
                                          "left": 21,
                                          "right": 22
                                        }
                                      ],
                                      "parent": 8,
                                      "ID": 19,
                                      "left": 20
                                    }
                                  ],
                                  "parent": 7,
                                  "ID": 8,
                                  "left": 9,
                                  "right": 19
                                }
                              ],
                              "parent": 5,
                              "ID": 7,
                              "left": 8
                            }
                          ],
                          "parent": 4,
                          "ID": 5,
                          "left": 6,
                          "right": 7
                        },
                        {
                          "Node Type": "Hash",
                          "Parent Relationship": "Inner",
                          "Parallel Aware": false,
                          "Async Capable": false,
                          "Startup Cost": 1.25,
                          "Total Cost": 1.25,
                          "Plan Rows": 25,
                          "Plan Width": 30,
                          "Plans": [
                            {
                              "Node Type": "Seq Scan",
                              "Parent Relationship": "Outer",
                              "Parallel Aware": false,
                              "Async Capable": false,
                              "Relation Name": "nation",
                              "Alias": "n2",
                              "Startup Cost": 0.0,
                              "Total Cost": 1.25,
                              "Plan Rows": 25,
                              "Plan Width": 30,
                              "parent": 24,
                              "ID": 25
                            }
                          ],
                          "parent": 4,
                          "ID": 24,
                          "left": 25
                        }
                      ],
                      "parent": 3,
                      "ID": 4,
                      "left": 5,
                      "right": 24
                    }
                  ],
                  "parent": 2,
                  "ID": 3,
                  "left": 4
                }
              ],
              "parent": 1,
              "ID": 2,
              "left": 3
            }
          ],
          "parent": 0,
          "ID": 1,
          "left": 2
        }
      ],
      "parent": null,
      "ID": 0,
      "left": 1
    },
    "feat": {
      "utility": 0.0,
      "query_shape": [
        [
          "Seq Scan",
          "Hash Join",
          "Sort",
          "Aggregate",
          "Gather Merge"
        ],
        [
          "Seq Scan",
          "Hash Join",
          "Hash",
          "Sort",
          "Aggregate",
          "Gather Merge"
        ],
        [
          "Seq Scan",
          "Hash Join",
          "Hash",
          "Sort",
          "Aggregate",
          "Gather Merge"
        ],
        [
          "Seq Scan",
          "Hash Join",
          "Hash",
          "Sort",
          "Aggregate",
          "Gather Merge"
        ],
        [
          "Seq Scan",
          "Hash",
          "Hash Join",
          "Sort",
          "Aggregate",
          "Gather Merge"
        ],
        [
          "Seq Scan",
          "Hash Join",
          "Hash",
          "Sort",
          "Aggregate",
          "Gather Merge"
        ],
        [
          "Seq Scan",
          "Hash",
          "Hash Join",
          "Sort",
          "Aggregate",
          "Gather Merge"
        ],
        [
          "Seq Scan",
          "Hash",
          "Hash Join",
          "Sort",
          "Aggregate",
          "Gather Merge"
        ]
      ],
      "index_shape": [],
      "physical_operator": {}
    }
  },
  {
    "query": "-- Functional Query Definition\n-- Approved February 1998\n\n\nselect\no_year,\nsum(case\nwhen nation = 'ROMANIA' then volume\nelse 0\nend) / sum(volume) as mkt_share\nfrom\n(\nselect\nextract(year from o_orderdate) as o_year,\nl_extendedprice * (1 - l_discount) as volume,\nn2.n_name as nation\nfrom\npart,\nsupplier,\nlineitem,\norders,\ncustomer,\nnation n1,\nnation n2,\nregion\nwhere\np_partkey = l_partkey\nand s_suppkey = l_suppkey\nand l_orderkey = o_orderkey\nand o_custkey = c_custkey\nand c_nationkey = n1.n_nationkey\nand n1.n_regionkey = r_regionkey\nand r_name = 'EUROPE'\nand s_nationkey = n2.n_nationkey\nand o_orderdate between date '1995-01-01' and date '1996-12-31'\nand p_type = 'ECONOMY POLISHED STEEL'\n) as all_nations\ngroup by\no_year\norder by\no_year ;\n-- $ID$\n-- TPC-H/TPC-R Product Type Profit Measure ",
    "indexes": "nation.n_nationkey",
    "wo plan est": {
      "Node Type": "Aggregate",
      "Strategy": "Sorted",
      "Partial Mode": "Finalize",
      "Parallel Aware": false,
      "Async Capable": false,
      "Startup Cost": 1955785.01,
      "Total Cost": 1956486.84,
      "Plan Rows": 2406,
      "Plan Width": 64,
      "Group Key": [
        "(EXTRACT(year FROM orders.o_orderdate))"
      ],
      "Plans": [
        {
          "Node Type": "Gather Merge",
          "Parent Relationship": "Outer",
          "Parallel Aware": false,
          "Async Capable": false,
          "Startup Cost": 1955785.01,
          "Total Cost": 1956408.65,
          "Plan Rows": 2406,
          "Plan Width": 96,
          "Workers Planned": 1,
          "Plans": [
            {
              "Node Type": "Aggregate",
              "Strategy": "Sorted",
              "Partial Mode": "Partial",
              "Parent Relationship": "Outer",
              "Parallel Aware": false,
              "Async Capable": false,
              "Startup Cost": 1954785.0,
              "Total Cost": 1955137.96,
              "Plan Rows": 2406,
              "Plan Width": 96,
              "Group Key": [
                "(EXTRACT(year FROM orders.o_orderdate))"
              ],
              "Plans": [
                {
                  "Node Type": "Sort",
                  "Parent Relationship": "Outer",
                  "Parallel Aware": false,
                  "Async Capable": false,
                  "Startup Cost": 1954785.0,
                  "Total Cost": 1954819.54,
                  "Plan Rows": 13816,
                  "Plan Width": 70,
                  "Sort Key": [
                    "(EXTRACT(year FROM orders.o_orderdate))"
                  ],
                  "Plans": [
                    {
                      "Node Type": "Hash Join",
                      "Parent Relationship": "Outer",
                      "Parallel Aware": false,
                      "Async Capable": false,
                      "Join Type": "Inner",
                      "Startup Cost": 1950527.96,
                      "Total Cost": 1953834.87,
                      "Plan Rows": 13816,
                      "Plan Width": 70,
                      "Inner Unique": false,
                      "Hash Cond": "(supplier.s_nationkey = n2.n_nationkey)",
                      "Plans": [
                        {
                          "Node Type": "Hash Join",
                          "Parent Relationship": "Outer",
                          "Parallel Aware": true,
                          "Async Capable": false,
                          "Join Type": "Inner",
                          "Startup Cost": 1950526.4,
                          "Total Cost": 1953608.79,
                          "Plan Rows": 13816,
                          "Plan Width": 20,
                          "Inner Unique": false,
                          "Hash Cond": "(supplier.s_suppkey = lineitem.l_suppkey)",
                          "Plans": [
                            {
                              "Node Type": "Seq Scan",
                              "Parent Relationship": "Outer",
                              "Parallel Aware": true,
                              "Async Capable": false,
                              "Relation Name": "supplier",
                              "Alias": "supplier",
                              "Startup Cost": 0.0,
                              "Total Cost": 2804.24,
                              "Plan Rows": 58824,
                              "Plan Width": 8,
                              "parent": 5,
                              "ID": 6
                            },
                            {
                              "Node Type": "Hash",
                              "Parent Relationship": "Inner",
                              "Parallel Aware": true,
                              "Async Capable": false,
                              "Startup Cost": 1950404.06,
                              "Total Cost": 1950404.06,
                              "Plan Rows": 9787,
                              "Plan Width": 20,
                              "Plans": [
                                {
                                  "Node Type": "Hash Join",
                                  "Parent Relationship": "Outer",
                                  "Parallel Aware": false,
                                  "Async Capable": false,
                                  "Join Type": "Inner",
                                  "Startup Cost": 1905498.74,
                                  "Total Cost": 1950404.06,
                                  "Plan Rows": 9787,
                                  "Plan Width": 20,
                                  "Inner Unique": false,
                                  "Hash Cond": "(customer.c_nationkey = n1.n_nationkey)",
                                  "Plans": [
                                    {
                                      "Node Type": "Hash Join",
                                      "Parent Relationship": "Outer",
                                      "Parallel Aware": true,
                                      "Async Capable": false,
                                      "Join Type": "Inner",
                                      "Startup Cost": 1905496.2,
                                      "Total Cost": 1950120.18,
                                      "Plan Rows": 48932,
                                      "Plan Width": 24,
                                      "Inner Unique": false,
                                      "Hash Cond": "(customer.c_custkey = orders.o_custkey)",
                                      "Plans": [
                                        {
                                          "Node Type": "Seq Scan",
                                          "Parent Relationship": "Outer",
                                          "Parallel Aware": true,
                                          "Async Capable": false,
                                          "Relation Name": "customer",
                                          "Alias": "customer",
                                          "Startup Cost": 0.0,
                                          "Total Cost": 42076.52,
                                          "Plan Rows": 624952,
                                          "Plan Width": 8,
                                          "parent": 9,
                                          "ID": 10
                                        },
                                        {
                                          "Node Type": "Hash",
                                          "Parent Relationship": "Inner",
                                          "Parallel Aware": true,
                                          "Async Capable": false,
                                          "Startup Cost": 1904884.55,
                                          "Total Cost": 1904884.55,
                                          "Plan Rows": 48932,
                                          "Plan Width": 24,
                                          "Plans": [
                                            {
                                              "Node Type": "Hash Join",
                                              "Parent Relationship": "Outer",
                                              "Parallel Aware": true,
                                              "Async Capable": false,
                                              "Join Type": "Inner",
                                              "Startup Cost": 1523283.11,
                                              "Total Cost": 1904884.55,
                                              "Plan Rows": 48932,
                                              "Plan Width": 24,
                                              "Inner Unique": false,
                                              "Hash Cond": "(orders.o_orderkey = lineitem.l_orderkey)",
                                              "Plans": [
                                                {
                                                  "Node Type": "Seq Scan",
                                                  "Parent Relationship": "Outer",
                                                  "Parallel Aware": true,
                                                  "Async Capable": false,
                                                  "Relation Name": "orders",
                                                  "Alias": "orders",
                                                  "Startup Cost": 0.0,
                                                  "Total Cost": 354655.56,
                                                  "Plan Rows": 1909064,
                                                  "Plan Width": 12,
                                                  "Filter": "((o_orderdate >= '1995-01-01'::date) AND (o_orderdate <= '1996-12-31'::date))",
                                                  "parent": 12,
                                                  "ID": 13
                                                },
                                                {
                                                  "Node Type": "Hash",
                                                  "Parent Relationship": "Inner",
                                                  "Parallel Aware": true,
                                                  "Async Capable": false,
                                                  "Startup Cost": 1520341.76,
                                                  "Total Cost": 1520341.76,
                                                  "Plan Rows": 160188,
                                                  "Plan Width": 20,
                                                  "Plans": [
                                                    {
                                                      "Node Type": "Hash Join",
                                                      "Parent Relationship": "Outer",
                                                      "Parallel Aware": true,
                                                      "Async Capable": false,
                                                      "Join Type": "Inner",
                                                      "Startup Cost": 51447.53,
                                                      "Total Cost": 1520341.76,
                                                      "Plan Rows": 160188,
                                                      "Plan Width": 20,
                                                      "Inner Unique": false,
                                                      "Hash Cond": "(lineitem.l_partkey = part.p_partkey)",
                                                      "Plans": [
                                                        {
                                                          "Node Type": "Seq Scan",
                                                          "Parent Relationship": "Outer",
                                                          "Parallel Aware": true,
                                                          "Async Capable": false,
                                                          "Relation Name": "lineitem",
                                                          "Alias": "lineitem",
                                                          "Startup Cost": 0.0,
                                                          "Total Cost": 1374494.57,
                                                          "Plan Rows": 24995257,
                                                          "Plan Width": 24,
                                                          "parent": 15,
                                                          "ID": 16
                                                        },
                                                        {
                                                          "Node Type": "Hash",
                                                          "Parent Relationship": "Inner",
                                                          "Parallel Aware": true,
                                                          "Async Capable": false,
                                                          "Startup Cost": 51378.28,
                                                          "Total Cost": 51378.28,
                                                          "Plan Rows": 5540,
                                                          "Plan Width": 4,
                                                          "Plans": [
                                                            {
                                                              "Node Type": "Seq Scan",
                                                              "Parent Relationship": "Outer",
                                                              "Parallel Aware": true,
                                                              "Async Capable": false,
                                                              "Relation Name": "part",
                                                              "Alias": "part",
                                                              "Startup Cost": 0.0,
                                                              "Total Cost": 51378.28,
                                                              "Plan Rows": 5540,
                                                              "Plan Width": 4,
                                                              "Filter": "((p_type)::text = 'ECONOMY POLISHED STEEL'::text)",
                                                              "parent": 17,
                                                              "ID": 18
                                                            }
                                                          ],
                                                          "parent": 15,
                                                          "ID": 17,
                                                          "left": 18
                                                        }
                                                      ],
                                                      "parent": 14,
                                                      "ID": 15,
                                                      "left": 16,
                                                      "right": 17
                                                    }
                                                  ],
                                                  "parent": 12,
                                                  "ID": 14,
                                                  "left": 15
                                                }
                                              ],
                                              "parent": 11,
                                              "ID": 12,
                                              "left": 13,
                                              "right": 14
                                            }
                                          ],
                                          "parent": 9,
                                          "ID": 11,
                                          "left": 12
                                        }
                                      ],
                                      "parent": 8,
                                      "ID": 9,
                                      "left": 10,
                                      "right": 11
                                    },
                                    {
                                      "Node Type": "Hash",
                                      "Parent Relationship": "Inner",
                                      "Parallel Aware": false,
                                      "Async Capable": false,
                                      "Startup Cost": 2.47,
                                      "Total Cost": 2.47,
                                      "Plan Rows": 5,
                                      "Plan Width": 4,
                                      "Plans": [
                                        {
                                          "Node Type": "Hash Join",
                                          "Parent Relationship": "Outer",
                                          "Parallel Aware": false,
                                          "Async Capable": false,
                                          "Join Type": "Inner",
                                          "Startup Cost": 1.07,
                                          "Total Cost": 2.47,
                                          "Plan Rows": 5,
                                          "Plan Width": 4,
                                          "Inner Unique": false,
                                          "Hash Cond": "(n1.n_regionkey = region.r_regionkey)",
                                          "Plans": [
                                            {
                                              "Node Type": "Seq Scan",
                                              "Parent Relationship": "Outer",
                                              "Parallel Aware": false,
                                              "Async Capable": false,
                                              "Relation Name": "nation",
                                              "Alias": "n1",
                                              "Startup Cost": 0.0,
                                              "Total Cost": 1.25,
                                              "Plan Rows": 25,
                                              "Plan Width": 8,
                                              "parent": 20,
                                              "ID": 21
                                            },
                                            {
                                              "Node Type": "Hash",
                                              "Parent Relationship": "Inner",
                                              "Parallel Aware": false,
                                              "Async Capable": false,
                                              "Startup Cost": 1.06,
                                              "Total Cost": 1.06,
                                              "Plan Rows": 1,
                                              "Plan Width": 4,
                                              "Plans": [
                                                {
                                                  "Node Type": "Seq Scan",
                                                  "Parent Relationship": "Outer",
                                                  "Parallel Aware": false,
                                                  "Async Capable": false,
                                                  "Relation Name": "region",
                                                  "Alias": "region",
                                                  "Startup Cost": 0.0,
                                                  "Total Cost": 1.06,
                                                  "Plan Rows": 1,
                                                  "Plan Width": 4,
                                                  "Filter": "(r_name = 'EUROPE'::bpchar)",
                                                  "parent": 22,
                                                  "ID": 23
                                                }
                                              ],
                                              "parent": 20,
                                              "ID": 22,
                                              "left": 23
                                            }
                                          ],
                                          "parent": 19,
                                          "ID": 20,
                                          "left": 21,
                                          "right": 22
                                        }
                                      ],
                                      "parent": 8,
                                      "ID": 19,
                                      "left": 20
                                    }
                                  ],
                                  "parent": 7,
                                  "ID": 8,
                                  "left": 9,
                                  "right": 19
                                }
                              ],
                              "parent": 5,
                              "ID": 7,
                              "left": 8
                            }
                          ],
                          "parent": 4,
                          "ID": 5,
                          "left": 6,
                          "right": 7
                        },
                        {
                          "Node Type": "Hash",
                          "Parent Relationship": "Inner",
                          "Parallel Aware": false,
                          "Async Capable": false,
                          "Startup Cost": 1.25,
                          "Total Cost": 1.25,
                          "Plan Rows": 25,
                          "Plan Width": 30,
                          "Plans": [
                            {
                              "Node Type": "Seq Scan",
                              "Parent Relationship": "Outer",
                              "Parallel Aware": false,
                              "Async Capable": false,
                              "Relation Name": "nation",
                              "Alias": "n2",
                              "Startup Cost": 0.0,
                              "Total Cost": 1.25,
                              "Plan Rows": 25,
                              "Plan Width": 30,
                              "parent": 24,
                              "ID": 25
                            }
                          ],
                          "parent": 4,
                          "ID": 24,
                          "left": 25
                        }
                      ],
                      "parent": 3,
                      "ID": 4,
                      "left": 5,
                      "right": 24
                    }
                  ],
                  "parent": 2,
                  "ID": 3,
                  "left": 4
                }
              ],
              "parent": 1,
              "ID": 2,
              "left": 3
            }
          ],
          "parent": 0,
          "ID": 1,
          "left": 2
        }
      ],
      "parent": null,
      "ID": 0,
      "left": 1
    },
    "feat": {
      "utility": 1.0222365392556907e-06,
      "query_shape": [
        [
          "Seq Scan",
          "Hash Join",
          "Sort",
          "Aggregate",
          "Gather Merge"
        ],
        [
          "Seq Scan",
          "Hash Join",
          "Hash",
          "Sort",
          "Aggregate",
          "Gather Merge"
        ],
        [
          "Seq Scan",
          "Hash Join",
          "Hash",
          "Sort",
          "Aggregate",
          "Gather Merge"
        ],
        [
          "Seq Scan",
          "Hash Join",
          "Hash",
          "Sort",
          "Aggregate",
          "Gather Merge"
        ],
        [
          "Seq Scan",
          "Hash",
          "Hash Join",
          "Sort",
          "Aggregate",
          "Gather Merge"
        ],
        [
          "Seq Scan",
          "Hash Join",
          "Hash",
          "Sort",
          "Aggregate",
          "Gather Merge"
        ],
        [
          "Seq Scan",
          "Hash",
          "Hash Join",
          "Sort",
          "Aggregate",
          "Gather Merge"
        ],
        [
          "Seq Scan",
          "Hash",
          "Hash Join",
          "Sort",
          "Aggregate",
          "Gather Merge"
        ]
      ],
      "index_shape": [
        "join"
      ],
      "physical_operator": {
        "Hash Join": [
          0.2,
          0.20000613086327806
        ]
      }
    }
  },
  {
    "query": "-- Functional Query Definition\n-- Approved February 1998\n\n\nselect\no_year,\nsum(case\nwhen nation = 'ROMANIA' then volume\nelse 0\nend) / sum(volume) as mkt_share\nfrom\n(\nselect\nextract(year from o_orderdate) as o_year,\nl_extendedprice * (1 - l_discount) as volume,\nn2.n_name as nation\nfrom\npart,\nsupplier,\nlineitem,\norders,\ncustomer,\nnation n1,\nnation n2,\nregion\nwhere\np_partkey = l_partkey\nand s_suppkey = l_suppkey\nand l_orderkey = o_orderkey\nand o_custkey = c_custkey\nand c_nationkey = n1.n_nationkey\nand n1.n_regionkey = r_regionkey\nand r_name = 'EUROPE'\nand s_nationkey = n2.n_nationkey\nand o_orderdate between date '1995-01-01' and date '1996-12-31'\nand p_type = 'ECONOMY POLISHED STEEL'\n) as all_nations\ngroup by\no_year\norder by\no_year ;\n-- $ID$\n-- TPC-H/TPC-R Product Type Profit Measure ",
    "indexes": "nation.n_name",
    "wo plan est": {
      "Node Type": "Aggregate",
      "Strategy": "Sorted",
      "Partial Mode": "Finalize",
      "Parallel Aware": false,
      "Async Capable": false,
      "Startup Cost": 1955785.01,
      "Total Cost": 1956486.84,
      "Plan Rows": 2406,
      "Plan Width": 64,
      "Group Key": [
        "(EXTRACT(year FROM orders.o_orderdate))"
      ],
      "Plans": [
        {
          "Node Type": "Gather Merge",
          "Parent Relationship": "Outer",
          "Parallel Aware": false,
          "Async Capable": false,
          "Startup Cost": 1955785.01,
          "Total Cost": 1956408.65,
          "Plan Rows": 2406,
          "Plan Width": 96,
          "Workers Planned": 1,
          "Plans": [
            {
              "Node Type": "Aggregate",
              "Strategy": "Sorted",
              "Partial Mode": "Partial",
              "Parent Relationship": "Outer",
              "Parallel Aware": false,
              "Async Capable": false,
              "Startup Cost": 1954785.0,
              "Total Cost": 1955137.96,
              "Plan Rows": 2406,
              "Plan Width": 96,
              "Group Key": [
                "(EXTRACT(year FROM orders.o_orderdate))"
              ],
              "Plans": [
                {
                  "Node Type": "Sort",
                  "Parent Relationship": "Outer",
                  "Parallel Aware": false,
                  "Async Capable": false,
                  "Startup Cost": 1954785.0,
                  "Total Cost": 1954819.54,
                  "Plan Rows": 13816,
                  "Plan Width": 70,
                  "Sort Key": [
                    "(EXTRACT(year FROM orders.o_orderdate))"
                  ],
                  "Plans": [
                    {
                      "Node Type": "Hash Join",
                      "Parent Relationship": "Outer",
                      "Parallel Aware": false,
                      "Async Capable": false,
                      "Join Type": "Inner",
                      "Startup Cost": 1950527.96,
                      "Total Cost": 1953834.87,
                      "Plan Rows": 13816,
                      "Plan Width": 70,
                      "Inner Unique": false,
                      "Hash Cond": "(supplier.s_nationkey = n2.n_nationkey)",
                      "Plans": [
                        {
                          "Node Type": "Hash Join",
                          "Parent Relationship": "Outer",
                          "Parallel Aware": true,
                          "Async Capable": false,
                          "Join Type": "Inner",
                          "Startup Cost": 1950526.4,
                          "Total Cost": 1953608.79,
                          "Plan Rows": 13816,
                          "Plan Width": 20,
                          "Inner Unique": false,
                          "Hash Cond": "(supplier.s_suppkey = lineitem.l_suppkey)",
                          "Plans": [
                            {
                              "Node Type": "Seq Scan",
                              "Parent Relationship": "Outer",
                              "Parallel Aware": true,
                              "Async Capable": false,
                              "Relation Name": "supplier",
                              "Alias": "supplier",
                              "Startup Cost": 0.0,
                              "Total Cost": 2804.24,
                              "Plan Rows": 58824,
                              "Plan Width": 8,
                              "parent": 5,
                              "ID": 6
                            },
                            {
                              "Node Type": "Hash",
                              "Parent Relationship": "Inner",
                              "Parallel Aware": true,
                              "Async Capable": false,
                              "Startup Cost": 1950404.06,
                              "Total Cost": 1950404.06,
                              "Plan Rows": 9787,
                              "Plan Width": 20,
                              "Plans": [
                                {
                                  "Node Type": "Hash Join",
                                  "Parent Relationship": "Outer",
                                  "Parallel Aware": false,
                                  "Async Capable": false,
                                  "Join Type": "Inner",
                                  "Startup Cost": 1905498.74,
                                  "Total Cost": 1950404.06,
                                  "Plan Rows": 9787,
                                  "Plan Width": 20,
                                  "Inner Unique": false,
                                  "Hash Cond": "(customer.c_nationkey = n1.n_nationkey)",
                                  "Plans": [
                                    {
                                      "Node Type": "Hash Join",
                                      "Parent Relationship": "Outer",
                                      "Parallel Aware": true,
                                      "Async Capable": false,
                                      "Join Type": "Inner",
                                      "Startup Cost": 1905496.2,
                                      "Total Cost": 1950120.18,
                                      "Plan Rows": 48932,
                                      "Plan Width": 24,
                                      "Inner Unique": false,
                                      "Hash Cond": "(customer.c_custkey = orders.o_custkey)",
                                      "Plans": [
                                        {
                                          "Node Type": "Seq Scan",
                                          "Parent Relationship": "Outer",
                                          "Parallel Aware": true,
                                          "Async Capable": false,
                                          "Relation Name": "customer",
                                          "Alias": "customer",
                                          "Startup Cost": 0.0,
                                          "Total Cost": 42076.52,
                                          "Plan Rows": 624952,
                                          "Plan Width": 8,
                                          "parent": 9,
                                          "ID": 10
                                        },
                                        {
                                          "Node Type": "Hash",
                                          "Parent Relationship": "Inner",
                                          "Parallel Aware": true,
                                          "Async Capable": false,
                                          "Startup Cost": 1904884.55,
                                          "Total Cost": 1904884.55,
                                          "Plan Rows": 48932,
                                          "Plan Width": 24,
                                          "Plans": [
                                            {
                                              "Node Type": "Hash Join",
                                              "Parent Relationship": "Outer",
                                              "Parallel Aware": true,
                                              "Async Capable": false,
                                              "Join Type": "Inner",
                                              "Startup Cost": 1523283.11,
                                              "Total Cost": 1904884.55,
                                              "Plan Rows": 48932,
                                              "Plan Width": 24,
                                              "Inner Unique": false,
                                              "Hash Cond": "(orders.o_orderkey = lineitem.l_orderkey)",
                                              "Plans": [
                                                {
                                                  "Node Type": "Seq Scan",
                                                  "Parent Relationship": "Outer",
                                                  "Parallel Aware": true,
                                                  "Async Capable": false,
                                                  "Relation Name": "orders",
                                                  "Alias": "orders",
                                                  "Startup Cost": 0.0,
                                                  "Total Cost": 354655.56,
                                                  "Plan Rows": 1909064,
                                                  "Plan Width": 12,
                                                  "Filter": "((o_orderdate >= '1995-01-01'::date) AND (o_orderdate <= '1996-12-31'::date))",
                                                  "parent": 12,
                                                  "ID": 13
                                                },
                                                {
                                                  "Node Type": "Hash",
                                                  "Parent Relationship": "Inner",
                                                  "Parallel Aware": true,
                                                  "Async Capable": false,
                                                  "Startup Cost": 1520341.76,
                                                  "Total Cost": 1520341.76,
                                                  "Plan Rows": 160188,
                                                  "Plan Width": 20,
                                                  "Plans": [
                                                    {
                                                      "Node Type": "Hash Join",
                                                      "Parent Relationship": "Outer",
                                                      "Parallel Aware": true,
                                                      "Async Capable": false,
                                                      "Join Type": "Inner",
                                                      "Startup Cost": 51447.53,
                                                      "Total Cost": 1520341.76,
                                                      "Plan Rows": 160188,
                                                      "Plan Width": 20,
                                                      "Inner Unique": false,
                                                      "Hash Cond": "(lineitem.l_partkey = part.p_partkey)",
                                                      "Plans": [
                                                        {
                                                          "Node Type": "Seq Scan",
                                                          "Parent Relationship": "Outer",
                                                          "Parallel Aware": true,
                                                          "Async Capable": false,
                                                          "Relation Name": "lineitem",
                                                          "Alias": "lineitem",
                                                          "Startup Cost": 0.0,
                                                          "Total Cost": 1374494.57,
                                                          "Plan Rows": 24995257,
                                                          "Plan Width": 24,
                                                          "parent": 15,
                                                          "ID": 16
                                                        },
                                                        {
                                                          "Node Type": "Hash",
                                                          "Parent Relationship": "Inner",
                                                          "Parallel Aware": true,
                                                          "Async Capable": false,
                                                          "Startup Cost": 51378.28,
                                                          "Total Cost": 51378.28,
                                                          "Plan Rows": 5540,
                                                          "Plan Width": 4,
                                                          "Plans": [
                                                            {
                                                              "Node Type": "Seq Scan",
                                                              "Parent Relationship": "Outer",
                                                              "Parallel Aware": true,
                                                              "Async Capable": false,
                                                              "Relation Name": "part",
                                                              "Alias": "part",
                                                              "Startup Cost": 0.0,
                                                              "Total Cost": 51378.28,
                                                              "Plan Rows": 5540,
                                                              "Plan Width": 4,
                                                              "Filter": "((p_type)::text = 'ECONOMY POLISHED STEEL'::text)",
                                                              "parent": 17,
                                                              "ID": 18
                                                            }
                                                          ],
                                                          "parent": 15,
                                                          "ID": 17,
                                                          "left": 18
                                                        }
                                                      ],
                                                      "parent": 14,
                                                      "ID": 15,
                                                      "left": 16,
                                                      "right": 17
                                                    }
                                                  ],
                                                  "parent": 12,
                                                  "ID": 14,
                                                  "left": 15
                                                }
                                              ],
                                              "parent": 11,
                                              "ID": 12,
                                              "left": 13,
                                              "right": 14
                                            }
                                          ],
                                          "parent": 9,
                                          "ID": 11,
                                          "left": 12
                                        }
                                      ],
                                      "parent": 8,
                                      "ID": 9,
                                      "left": 10,
                                      "right": 11
                                    },
                                    {
                                      "Node Type": "Hash",
                                      "Parent Relationship": "Inner",
                                      "Parallel Aware": false,
                                      "Async Capable": false,
                                      "Startup Cost": 2.47,
                                      "Total Cost": 2.47,
                                      "Plan Rows": 5,
                                      "Plan Width": 4,
                                      "Plans": [
                                        {
                                          "Node Type": "Hash Join",
                                          "Parent Relationship": "Outer",
                                          "Parallel Aware": false,
                                          "Async Capable": false,
                                          "Join Type": "Inner",
                                          "Startup Cost": 1.07,
                                          "Total Cost": 2.47,
                                          "Plan Rows": 5,
                                          "Plan Width": 4,
                                          "Inner Unique": false,
                                          "Hash Cond": "(n1.n_regionkey = region.r_regionkey)",
                                          "Plans": [
                                            {
                                              "Node Type": "Seq Scan",
                                              "Parent Relationship": "Outer",
                                              "Parallel Aware": false,
                                              "Async Capable": false,
                                              "Relation Name": "nation",
                                              "Alias": "n1",
                                              "Startup Cost": 0.0,
                                              "Total Cost": 1.25,
                                              "Plan Rows": 25,
                                              "Plan Width": 8,
                                              "parent": 20,
                                              "ID": 21
                                            },
                                            {
                                              "Node Type": "Hash",
                                              "Parent Relationship": "Inner",
                                              "Parallel Aware": false,
                                              "Async Capable": false,
                                              "Startup Cost": 1.06,
                                              "Total Cost": 1.06,
                                              "Plan Rows": 1,
                                              "Plan Width": 4,
                                              "Plans": [
                                                {
                                                  "Node Type": "Seq Scan",
                                                  "Parent Relationship": "Outer",
                                                  "Parallel Aware": false,
                                                  "Async Capable": false,
                                                  "Relation Name": "region",
                                                  "Alias": "region",
                                                  "Startup Cost": 0.0,
                                                  "Total Cost": 1.06,
                                                  "Plan Rows": 1,
                                                  "Plan Width": 4,
                                                  "Filter": "(r_name = 'EUROPE'::bpchar)",
                                                  "parent": 22,
                                                  "ID": 23
                                                }
                                              ],
                                              "parent": 20,
                                              "ID": 22,
                                              "left": 23
                                            }
                                          ],
                                          "parent": 19,
                                          "ID": 20,
                                          "left": 21,
                                          "right": 22
                                        }
                                      ],
                                      "parent": 8,
                                      "ID": 19,
                                      "left": 20
                                    }
                                  ],
                                  "parent": 7,
                                  "ID": 8,
                                  "left": 9,
                                  "right": 19
                                }
                              ],
                              "parent": 5,
                              "ID": 7,
                              "left": 8
                            }
                          ],
                          "parent": 4,
                          "ID": 5,
                          "left": 6,
                          "right": 7
                        },
                        {
                          "Node Type": "Hash",
                          "Parent Relationship": "Inner",
                          "Parallel Aware": false,
                          "Async Capable": false,
                          "Startup Cost": 1.25,
                          "Total Cost": 1.25,
                          "Plan Rows": 25,
                          "Plan Width": 30,
                          "Plans": [
                            {
                              "Node Type": "Seq Scan",
                              "Parent Relationship": "Outer",
                              "Parallel Aware": false,
                              "Async Capable": false,
                              "Relation Name": "nation",
                              "Alias": "n2",
                              "Startup Cost": 0.0,
                              "Total Cost": 1.25,
                              "Plan Rows": 25,
                              "Plan Width": 30,
                              "parent": 24,
                              "ID": 25
                            }
                          ],
                          "parent": 4,
                          "ID": 24,
                          "left": 25
                        }
                      ],
                      "parent": 3,
                      "ID": 4,
                      "left": 5,
                      "right": 24
                    }
                  ],
                  "parent": 2,
                  "ID": 3,
                  "left": 4
                }
              ],
              "parent": 1,
              "ID": 2,
              "left": 3
            }
          ],
          "parent": 0,
          "ID": 1,
          "left": 2
        }
      ],
      "parent": null,
      "ID": 0,
      "left": 1
    },
    "feat": {
      "utility": 0.0,
      "query_shape": [
        [
          "Seq Scan",
          "Hash Join",
          "Sort",
          "Aggregate",
          "Gather Merge"
        ],
        [
          "Seq Scan",
          "Hash Join",
          "Hash",
          "Sort",
          "Aggregate",
          "Gather Merge"
        ],
        [
          "Seq Scan",
          "Hash Join",
          "Hash",
          "Sort",
          "Aggregate",
          "Gather Merge"
        ],
        [
          "Seq Scan",
          "Hash Join",
          "Hash",
          "Sort",
          "Aggregate",
          "Gather Merge"
        ],
        [
          "Seq Scan",
          "Hash",
          "Hash Join",
          "Sort",
          "Aggregate",
          "Gather Merge"
        ],
        [
          "Seq Scan",
          "Hash Join",
          "Hash",
          "Sort",
          "Aggregate",
          "Gather Merge"
        ],
        [
          "Seq Scan",
          "Hash",
          "Hash Join",
          "Sort",
          "Aggregate",
          "Gather Merge"
        ],
        [
          "Seq Scan",
          "Hash",
          "Hash Join",
          "Sort",
          "Aggregate",
          "Gather Merge"
        ]
      ],
      "index_shape": [],
      "physical_operator": {}
    }
  },
  {
    "query": "-- Functional Query Definition\n-- Approved February 1998\n\n\nselect\no_year,\nsum(case\nwhen nation = 'ROMANIA' then volume\nelse 0\nend) / sum(volume) as mkt_share\nfrom\n(\nselect\nextract(year from o_orderdate) as o_year,\nl_extendedprice * (1 - l_discount) as volume,\nn2.n_name as nation\nfrom\npart,\nsupplier,\nlineitem,\norders,\ncustomer,\nnation n1,\nnation n2,\nregion\nwhere\np_partkey = l_partkey\nand s_suppkey = l_suppkey\nand l_orderkey = o_orderkey\nand o_custkey = c_custkey\nand c_nationkey = n1.n_nationkey\nand n1.n_regionkey = r_regionkey\nand r_name = 'EUROPE'\nand s_nationkey = n2.n_nationkey\nand o_orderdate between date '1995-01-01' and date '1996-12-31'\nand p_type = 'ECONOMY POLISHED STEEL'\n) as all_nations\ngroup by\no_year\norder by\no_year ;\n-- $ID$\n-- TPC-H/TPC-R Product Type Profit Measure ",
    "indexes": "nation.n_regionkey",
    "wo plan est": {
      "Node Type": "Aggregate",
      "Strategy": "Sorted",
      "Partial Mode": "Finalize",
      "Parallel Aware": false,
      "Async Capable": false,
      "Startup Cost": 1955785.01,
      "Total Cost": 1956486.84,
      "Plan Rows": 2406,
      "Plan Width": 64,
      "Group Key": [
        "(EXTRACT(year FROM orders.o_orderdate))"
      ],
      "Plans": [
        {
          "Node Type": "Gather Merge",
          "Parent Relationship": "Outer",
          "Parallel Aware": false,
          "Async Capable": false,
          "Startup Cost": 1955785.01,
          "Total Cost": 1956408.65,
          "Plan Rows": 2406,
          "Plan Width": 96,
          "Workers Planned": 1,
          "Plans": [
            {
              "Node Type": "Aggregate",
              "Strategy": "Sorted",
              "Partial Mode": "Partial",
              "Parent Relationship": "Outer",
              "Parallel Aware": false,
              "Async Capable": false,
              "Startup Cost": 1954785.0,
              "Total Cost": 1955137.96,
              "Plan Rows": 2406,
              "Plan Width": 96,
              "Group Key": [
                "(EXTRACT(year FROM orders.o_orderdate))"
              ],
              "Plans": [
                {
                  "Node Type": "Sort",
                  "Parent Relationship": "Outer",
                  "Parallel Aware": false,
                  "Async Capable": false,
                  "Startup Cost": 1954785.0,
                  "Total Cost": 1954819.54,
                  "Plan Rows": 13816,
                  "Plan Width": 70,
                  "Sort Key": [
                    "(EXTRACT(year FROM orders.o_orderdate))"
                  ],
                  "Plans": [
                    {
                      "Node Type": "Hash Join",
                      "Parent Relationship": "Outer",
                      "Parallel Aware": false,
                      "Async Capable": false,
                      "Join Type": "Inner",
                      "Startup Cost": 1950527.96,
                      "Total Cost": 1953834.87,
                      "Plan Rows": 13816,
                      "Plan Width": 70,
                      "Inner Unique": false,
                      "Hash Cond": "(supplier.s_nationkey = n2.n_nationkey)",
                      "Plans": [
                        {
                          "Node Type": "Hash Join",
                          "Parent Relationship": "Outer",
                          "Parallel Aware": true,
                          "Async Capable": false,
                          "Join Type": "Inner",
                          "Startup Cost": 1950526.4,
                          "Total Cost": 1953608.79,
                          "Plan Rows": 13816,
                          "Plan Width": 20,
                          "Inner Unique": false,
                          "Hash Cond": "(supplier.s_suppkey = lineitem.l_suppkey)",
                          "Plans": [
                            {
                              "Node Type": "Seq Scan",
                              "Parent Relationship": "Outer",
                              "Parallel Aware": true,
                              "Async Capable": false,
                              "Relation Name": "supplier",
                              "Alias": "supplier",
                              "Startup Cost": 0.0,
                              "Total Cost": 2804.24,
                              "Plan Rows": 58824,
                              "Plan Width": 8,
                              "parent": 5,
                              "ID": 6
                            },
                            {
                              "Node Type": "Hash",
                              "Parent Relationship": "Inner",
                              "Parallel Aware": true,
                              "Async Capable": false,
                              "Startup Cost": 1950404.06,
                              "Total Cost": 1950404.06,
                              "Plan Rows": 9787,
                              "Plan Width": 20,
                              "Plans": [
                                {
                                  "Node Type": "Hash Join",
                                  "Parent Relationship": "Outer",
                                  "Parallel Aware": false,
                                  "Async Capable": false,
                                  "Join Type": "Inner",
                                  "Startup Cost": 1905498.74,
                                  "Total Cost": 1950404.06,
                                  "Plan Rows": 9787,
                                  "Plan Width": 20,
                                  "Inner Unique": false,
                                  "Hash Cond": "(customer.c_nationkey = n1.n_nationkey)",
                                  "Plans": [
                                    {
                                      "Node Type": "Hash Join",
                                      "Parent Relationship": "Outer",
                                      "Parallel Aware": true,
                                      "Async Capable": false,
                                      "Join Type": "Inner",
                                      "Startup Cost": 1905496.2,
                                      "Total Cost": 1950120.18,
                                      "Plan Rows": 48932,
                                      "Plan Width": 24,
                                      "Inner Unique": false,
                                      "Hash Cond": "(customer.c_custkey = orders.o_custkey)",
                                      "Plans": [
                                        {
                                          "Node Type": "Seq Scan",
                                          "Parent Relationship": "Outer",
                                          "Parallel Aware": true,
                                          "Async Capable": false,
                                          "Relation Name": "customer",
                                          "Alias": "customer",
                                          "Startup Cost": 0.0,
                                          "Total Cost": 42076.52,
                                          "Plan Rows": 624952,
                                          "Plan Width": 8,
                                          "parent": 9,
                                          "ID": 10
                                        },
                                        {
                                          "Node Type": "Hash",
                                          "Parent Relationship": "Inner",
                                          "Parallel Aware": true,
                                          "Async Capable": false,
                                          "Startup Cost": 1904884.55,
                                          "Total Cost": 1904884.55,
                                          "Plan Rows": 48932,
                                          "Plan Width": 24,
                                          "Plans": [
                                            {
                                              "Node Type": "Hash Join",
                                              "Parent Relationship": "Outer",
                                              "Parallel Aware": true,
                                              "Async Capable": false,
                                              "Join Type": "Inner",
                                              "Startup Cost": 1523283.11,
                                              "Total Cost": 1904884.55,
                                              "Plan Rows": 48932,
                                              "Plan Width": 24,
                                              "Inner Unique": false,
                                              "Hash Cond": "(orders.o_orderkey = lineitem.l_orderkey)",
                                              "Plans": [
                                                {
                                                  "Node Type": "Seq Scan",
                                                  "Parent Relationship": "Outer",
                                                  "Parallel Aware": true,
                                                  "Async Capable": false,
                                                  "Relation Name": "orders",
                                                  "Alias": "orders",
                                                  "Startup Cost": 0.0,
                                                  "Total Cost": 354655.56,
                                                  "Plan Rows": 1909064,
                                                  "Plan Width": 12,
                                                  "Filter": "((o_orderdate >= '1995-01-01'::date) AND (o_orderdate <= '1996-12-31'::date))",
                                                  "parent": 12,
                                                  "ID": 13
                                                },
                                                {
                                                  "Node Type": "Hash",
                                                  "Parent Relationship": "Inner",
                                                  "Parallel Aware": true,
                                                  "Async Capable": false,
                                                  "Startup Cost": 1520341.76,
                                                  "Total Cost": 1520341.76,
                                                  "Plan Rows": 160188,
                                                  "Plan Width": 20,
                                                  "Plans": [
                                                    {
                                                      "Node Type": "Hash Join",
                                                      "Parent Relationship": "Outer",
                                                      "Parallel Aware": true,
                                                      "Async Capable": false,
                                                      "Join Type": "Inner",
                                                      "Startup Cost": 51447.53,
                                                      "Total Cost": 1520341.76,
                                                      "Plan Rows": 160188,
                                                      "Plan Width": 20,
                                                      "Inner Unique": false,
                                                      "Hash Cond": "(lineitem.l_partkey = part.p_partkey)",
                                                      "Plans": [
                                                        {
                                                          "Node Type": "Seq Scan",
                                                          "Parent Relationship": "Outer",
                                                          "Parallel Aware": true,
                                                          "Async Capable": false,
                                                          "Relation Name": "lineitem",
                                                          "Alias": "lineitem",
                                                          "Startup Cost": 0.0,
                                                          "Total Cost": 1374494.57,
                                                          "Plan Rows": 24995257,
                                                          "Plan Width": 24,
                                                          "parent": 15,
                                                          "ID": 16
                                                        },
                                                        {
                                                          "Node Type": "Hash",
                                                          "Parent Relationship": "Inner",
                                                          "Parallel Aware": true,
                                                          "Async Capable": false,
                                                          "Startup Cost": 51378.28,
                                                          "Total Cost": 51378.28,
                                                          "Plan Rows": 5540,
                                                          "Plan Width": 4,
                                                          "Plans": [
                                                            {
                                                              "Node Type": "Seq Scan",
                                                              "Parent Relationship": "Outer",
                                                              "Parallel Aware": true,
                                                              "Async Capable": false,
                                                              "Relation Name": "part",
                                                              "Alias": "part",
                                                              "Startup Cost": 0.0,
                                                              "Total Cost": 51378.28,
                                                              "Plan Rows": 5540,
                                                              "Plan Width": 4,
                                                              "Filter": "((p_type)::text = 'ECONOMY POLISHED STEEL'::text)",
                                                              "parent": 17,
                                                              "ID": 18
                                                            }
                                                          ],
                                                          "parent": 15,
                                                          "ID": 17,
                                                          "left": 18
                                                        }
                                                      ],
                                                      "parent": 14,
                                                      "ID": 15,
                                                      "left": 16,
                                                      "right": 17
                                                    }
                                                  ],
                                                  "parent": 12,
                                                  "ID": 14,
                                                  "left": 15
                                                }
                                              ],
                                              "parent": 11,
                                              "ID": 12,
                                              "left": 13,
                                              "right": 14
                                            }
                                          ],
                                          "parent": 9,
                                          "ID": 11,
                                          "left": 12
                                        }
                                      ],
                                      "parent": 8,
                                      "ID": 9,
                                      "left": 10,
                                      "right": 11
                                    },
                                    {
                                      "Node Type": "Hash",
                                      "Parent Relationship": "Inner",
                                      "Parallel Aware": false,
                                      "Async Capable": false,
                                      "Startup Cost": 2.47,
                                      "Total Cost": 2.47,
                                      "Plan Rows": 5,
                                      "Plan Width": 4,
                                      "Plans": [
                                        {
                                          "Node Type": "Hash Join",
                                          "Parent Relationship": "Outer",
                                          "Parallel Aware": false,
                                          "Async Capable": false,
                                          "Join Type": "Inner",
                                          "Startup Cost": 1.07,
                                          "Total Cost": 2.47,
                                          "Plan Rows": 5,
                                          "Plan Width": 4,
                                          "Inner Unique": false,
                                          "Hash Cond": "(n1.n_regionkey = region.r_regionkey)",
                                          "Plans": [
                                            {
                                              "Node Type": "Seq Scan",
                                              "Parent Relationship": "Outer",
                                              "Parallel Aware": false,
                                              "Async Capable": false,
                                              "Relation Name": "nation",
                                              "Alias": "n1",
                                              "Startup Cost": 0.0,
                                              "Total Cost": 1.25,
                                              "Plan Rows": 25,
                                              "Plan Width": 8,
                                              "parent": 20,
                                              "ID": 21
                                            },
                                            {
                                              "Node Type": "Hash",
                                              "Parent Relationship": "Inner",
                                              "Parallel Aware": false,
                                              "Async Capable": false,
                                              "Startup Cost": 1.06,
                                              "Total Cost": 1.06,
                                              "Plan Rows": 1,
                                              "Plan Width": 4,
                                              "Plans": [
                                                {
                                                  "Node Type": "Seq Scan",
                                                  "Parent Relationship": "Outer",
                                                  "Parallel Aware": false,
                                                  "Async Capable": false,
                                                  "Relation Name": "region",
                                                  "Alias": "region",
                                                  "Startup Cost": 0.0,
                                                  "Total Cost": 1.06,
                                                  "Plan Rows": 1,
                                                  "Plan Width": 4,
                                                  "Filter": "(r_name = 'EUROPE'::bpchar)",
                                                  "parent": 22,
                                                  "ID": 23
                                                }
                                              ],
                                              "parent": 20,
                                              "ID": 22,
                                              "left": 23
                                            }
                                          ],
                                          "parent": 19,
                                          "ID": 20,
                                          "left": 21,
                                          "right": 22
                                        }
                                      ],
                                      "parent": 8,
                                      "ID": 19,
                                      "left": 20
                                    }
                                  ],
                                  "parent": 7,
                                  "ID": 8,
                                  "left": 9,
                                  "right": 19
                                }
                              ],
                              "parent": 5,
                              "ID": 7,
                              "left": 8
                            }
                          ],
                          "parent": 4,
                          "ID": 5,
                          "left": 6,
                          "right": 7
                        },
                        {
                          "Node Type": "Hash",
                          "Parent Relationship": "Inner",
                          "Parallel Aware": false,
                          "Async Capable": false,
                          "Startup Cost": 1.25,
                          "Total Cost": 1.25,
                          "Plan Rows": 25,
                          "Plan Width": 30,
                          "Plans": [
                            {
                              "Node Type": "Seq Scan",
                              "Parent Relationship": "Outer",
                              "Parallel Aware": false,
                              "Async Capable": false,
                              "Relation Name": "nation",
                              "Alias": "n2",
                              "Startup Cost": 0.0,
                              "Total Cost": 1.25,
                              "Plan Rows": 25,
                              "Plan Width": 30,
                              "parent": 24,
                              "ID": 25
                            }
                          ],
                          "parent": 4,
                          "ID": 24,
                          "left": 25
                        }
                      ],
                      "parent": 3,
                      "ID": 4,
                      "left": 5,
                      "right": 24
                    }
                  ],
                  "parent": 2,
                  "ID": 3,
                  "left": 4
                }
              ],
              "parent": 1,
              "ID": 2,
              "left": 3
            }
          ],
          "parent": 0,
          "ID": 1,
          "left": 2
        }
      ],
      "parent": null,
      "ID": 0,
      "left": 1
    },
    "feat": {
      "utility": 0.0,
      "query_shape": [
        [
          "Seq Scan",
          "Hash Join",
          "Sort",
          "Aggregate",
          "Gather Merge"
        ],
        [
          "Seq Scan",
          "Hash Join",
          "Hash",
          "Sort",
          "Aggregate",
          "Gather Merge"
        ],
        [
          "Seq Scan",
          "Hash Join",
          "Hash",
          "Sort",
          "Aggregate",
          "Gather Merge"
        ],
        [
          "Seq Scan",
          "Hash Join",
          "Hash",
          "Sort",
          "Aggregate",
          "Gather Merge"
        ],
        [
          "Seq Scan",
          "Hash",
          "Hash Join",
          "Sort",
          "Aggregate",
          "Gather Merge"
        ],
        [
          "Seq Scan",
          "Hash Join",
          "Hash",
          "Sort",
          "Aggregate",
          "Gather Merge"
        ],
        [
          "Seq Scan",
          "Hash",
          "Hash Join",
          "Sort",
          "Aggregate",
          "Gather Merge"
        ],
        [
          "Seq Scan",
          "Hash",
          "Hash Join",
          "Sort",
          "Aggregate",
          "Gather Merge"
        ]
      ],
      "index_shape": [
        "join"
      ],
      "physical_operator": {}
    }
  },
  {
    "query": "-- Functional Query Definition\n-- Approved February 1998\n\n\nselect\no_year,\nsum(case\nwhen nation = 'ROMANIA' then volume\nelse 0\nend) / sum(volume) as mkt_share\nfrom\n(\nselect\nextract(year from o_orderdate) as o_year,\nl_extendedprice * (1 - l_discount) as volume,\nn2.n_name as nation\nfrom\npart,\nsupplier,\nlineitem,\norders,\ncustomer,\nnation n1,\nnation n2,\nregion\nwhere\np_partkey = l_partkey\nand s_suppkey = l_suppkey\nand l_orderkey = o_orderkey\nand o_custkey = c_custkey\nand c_nationkey = n1.n_nationkey\nand n1.n_regionkey = r_regionkey\nand r_name = 'EUROPE'\nand s_nationkey = n2.n_nationkey\nand o_orderdate between date '1995-01-01' and date '1996-12-31'\nand p_type = 'ECONOMY POLISHED STEEL'\n) as all_nations\ngroup by\no_year\norder by\no_year ;\n-- $ID$\n-- TPC-H/TPC-R Product Type Profit Measure ",
    "indexes": "orders.o_orderkey",
    "wo plan est": {
      "Node Type": "Aggregate",
      "Strategy": "Sorted",
      "Partial Mode": "Finalize",
      "Parallel Aware": false,
      "Async Capable": false,
      "Startup Cost": 1955785.01,
      "Total Cost": 1956486.84,
      "Plan Rows": 2406,
      "Plan Width": 64,
      "Group Key": [
        "(EXTRACT(year FROM orders.o_orderdate))"
      ],
      "Plans": [
        {
          "Node Type": "Gather Merge",
          "Parent Relationship": "Outer",
          "Parallel Aware": false,
          "Async Capable": false,
          "Startup Cost": 1955785.01,
          "Total Cost": 1956408.65,
          "Plan Rows": 2406,
          "Plan Width": 96,
          "Workers Planned": 1,
          "Plans": [
            {
              "Node Type": "Aggregate",
              "Strategy": "Sorted",
              "Partial Mode": "Partial",
              "Parent Relationship": "Outer",
              "Parallel Aware": false,
              "Async Capable": false,
              "Startup Cost": 1954785.0,
              "Total Cost": 1955137.96,
              "Plan Rows": 2406,
              "Plan Width": 96,
              "Group Key": [
                "(EXTRACT(year FROM orders.o_orderdate))"
              ],
              "Plans": [
                {
                  "Node Type": "Sort",
                  "Parent Relationship": "Outer",
                  "Parallel Aware": false,
                  "Async Capable": false,
                  "Startup Cost": 1954785.0,
                  "Total Cost": 1954819.54,
                  "Plan Rows": 13816,
                  "Plan Width": 70,
                  "Sort Key": [
                    "(EXTRACT(year FROM orders.o_orderdate))"
                  ],
                  "Plans": [
                    {
                      "Node Type": "Hash Join",
                      "Parent Relationship": "Outer",
                      "Parallel Aware": false,
                      "Async Capable": false,
                      "Join Type": "Inner",
                      "Startup Cost": 1950527.96,
                      "Total Cost": 1953834.87,
                      "Plan Rows": 13816,
                      "Plan Width": 70,
                      "Inner Unique": false,
                      "Hash Cond": "(supplier.s_nationkey = n2.n_nationkey)",
                      "Plans": [
                        {
                          "Node Type": "Hash Join",
                          "Parent Relationship": "Outer",
                          "Parallel Aware": true,
                          "Async Capable": false,
                          "Join Type": "Inner",
                          "Startup Cost": 1950526.4,
                          "Total Cost": 1953608.79,
                          "Plan Rows": 13816,
                          "Plan Width": 20,
                          "Inner Unique": false,
                          "Hash Cond": "(supplier.s_suppkey = lineitem.l_suppkey)",
                          "Plans": [
                            {
                              "Node Type": "Seq Scan",
                              "Parent Relationship": "Outer",
                              "Parallel Aware": true,
                              "Async Capable": false,
                              "Relation Name": "supplier",
                              "Alias": "supplier",
                              "Startup Cost": 0.0,
                              "Total Cost": 2804.24,
                              "Plan Rows": 58824,
                              "Plan Width": 8,
                              "parent": 5,
                              "ID": 6
                            },
                            {
                              "Node Type": "Hash",
                              "Parent Relationship": "Inner",
                              "Parallel Aware": true,
                              "Async Capable": false,
                              "Startup Cost": 1950404.06,
                              "Total Cost": 1950404.06,
                              "Plan Rows": 9787,
                              "Plan Width": 20,
                              "Plans": [
                                {
                                  "Node Type": "Hash Join",
                                  "Parent Relationship": "Outer",
                                  "Parallel Aware": false,
                                  "Async Capable": false,
                                  "Join Type": "Inner",
                                  "Startup Cost": 1905498.74,
                                  "Total Cost": 1950404.06,
                                  "Plan Rows": 9787,
                                  "Plan Width": 20,
                                  "Inner Unique": false,
                                  "Hash Cond": "(customer.c_nationkey = n1.n_nationkey)",
                                  "Plans": [
                                    {
                                      "Node Type": "Hash Join",
                                      "Parent Relationship": "Outer",
                                      "Parallel Aware": true,
                                      "Async Capable": false,
                                      "Join Type": "Inner",
                                      "Startup Cost": 1905496.2,
                                      "Total Cost": 1950120.18,
                                      "Plan Rows": 48932,
                                      "Plan Width": 24,
                                      "Inner Unique": false,
                                      "Hash Cond": "(customer.c_custkey = orders.o_custkey)",
                                      "Plans": [
                                        {
                                          "Node Type": "Seq Scan",
                                          "Parent Relationship": "Outer",
                                          "Parallel Aware": true,
                                          "Async Capable": false,
                                          "Relation Name": "customer",
                                          "Alias": "customer",
                                          "Startup Cost": 0.0,
                                          "Total Cost": 42076.52,
                                          "Plan Rows": 624952,
                                          "Plan Width": 8,
                                          "parent": 9,
                                          "ID": 10
                                        },
                                        {
                                          "Node Type": "Hash",
                                          "Parent Relationship": "Inner",
                                          "Parallel Aware": true,
                                          "Async Capable": false,
                                          "Startup Cost": 1904884.55,
                                          "Total Cost": 1904884.55,
                                          "Plan Rows": 48932,
                                          "Plan Width": 24,
                                          "Plans": [
                                            {
                                              "Node Type": "Hash Join",
                                              "Parent Relationship": "Outer",
                                              "Parallel Aware": true,
                                              "Async Capable": false,
                                              "Join Type": "Inner",
                                              "Startup Cost": 1523283.11,
                                              "Total Cost": 1904884.55,
                                              "Plan Rows": 48932,
                                              "Plan Width": 24,
                                              "Inner Unique": false,
                                              "Hash Cond": "(orders.o_orderkey = lineitem.l_orderkey)",
                                              "Plans": [
                                                {
                                                  "Node Type": "Seq Scan",
                                                  "Parent Relationship": "Outer",
                                                  "Parallel Aware": true,
                                                  "Async Capable": false,
                                                  "Relation Name": "orders",
                                                  "Alias": "orders",
                                                  "Startup Cost": 0.0,
                                                  "Total Cost": 354655.56,
                                                  "Plan Rows": 1909064,
                                                  "Plan Width": 12,
                                                  "Filter": "((o_orderdate >= '1995-01-01'::date) AND (o_orderdate <= '1996-12-31'::date))",
                                                  "parent": 12,
                                                  "ID": 13
                                                },
                                                {
                                                  "Node Type": "Hash",
                                                  "Parent Relationship": "Inner",
                                                  "Parallel Aware": true,
                                                  "Async Capable": false,
                                                  "Startup Cost": 1520341.76,
                                                  "Total Cost": 1520341.76,
                                                  "Plan Rows": 160188,
                                                  "Plan Width": 20,
                                                  "Plans": [
                                                    {
                                                      "Node Type": "Hash Join",
                                                      "Parent Relationship": "Outer",
                                                      "Parallel Aware": true,
                                                      "Async Capable": false,
                                                      "Join Type": "Inner",
                                                      "Startup Cost": 51447.53,
                                                      "Total Cost": 1520341.76,
                                                      "Plan Rows": 160188,
                                                      "Plan Width": 20,
                                                      "Inner Unique": false,
                                                      "Hash Cond": "(lineitem.l_partkey = part.p_partkey)",
                                                      "Plans": [
                                                        {
                                                          "Node Type": "Seq Scan",
                                                          "Parent Relationship": "Outer",
                                                          "Parallel Aware": true,
                                                          "Async Capable": false,
                                                          "Relation Name": "lineitem",
                                                          "Alias": "lineitem",
                                                          "Startup Cost": 0.0,
                                                          "Total Cost": 1374494.57,
                                                          "Plan Rows": 24995257,
                                                          "Plan Width": 24,
                                                          "parent": 15,
                                                          "ID": 16
                                                        },
                                                        {
                                                          "Node Type": "Hash",
                                                          "Parent Relationship": "Inner",
                                                          "Parallel Aware": true,
                                                          "Async Capable": false,
                                                          "Startup Cost": 51378.28,
                                                          "Total Cost": 51378.28,
                                                          "Plan Rows": 5540,
                                                          "Plan Width": 4,
                                                          "Plans": [
                                                            {
                                                              "Node Type": "Seq Scan",
                                                              "Parent Relationship": "Outer",
                                                              "Parallel Aware": true,
                                                              "Async Capable": false,
                                                              "Relation Name": "part",
                                                              "Alias": "part",
                                                              "Startup Cost": 0.0,
                                                              "Total Cost": 51378.28,
                                                              "Plan Rows": 5540,
                                                              "Plan Width": 4,
                                                              "Filter": "((p_type)::text = 'ECONOMY POLISHED STEEL'::text)",
                                                              "parent": 17,
                                                              "ID": 18
                                                            }
                                                          ],
                                                          "parent": 15,
                                                          "ID": 17,
                                                          "left": 18
                                                        }
                                                      ],
                                                      "parent": 14,
                                                      "ID": 15,
                                                      "left": 16,
                                                      "right": 17
                                                    }
                                                  ],
                                                  "parent": 12,
                                                  "ID": 14,
                                                  "left": 15
                                                }
                                              ],
                                              "parent": 11,
                                              "ID": 12,
                                              "left": 13,
                                              "right": 14
                                            }
                                          ],
                                          "parent": 9,
                                          "ID": 11,
                                          "left": 12
                                        }
                                      ],
                                      "parent": 8,
                                      "ID": 9,
                                      "left": 10,
                                      "right": 11
                                    },
                                    {
                                      "Node Type": "Hash",
                                      "Parent Relationship": "Inner",
                                      "Parallel Aware": false,
                                      "Async Capable": false,
                                      "Startup Cost": 2.47,
                                      "Total Cost": 2.47,
                                      "Plan Rows": 5,
                                      "Plan Width": 4,
                                      "Plans": [
                                        {
                                          "Node Type": "Hash Join",
                                          "Parent Relationship": "Outer",
                                          "Parallel Aware": false,
                                          "Async Capable": false,
                                          "Join Type": "Inner",
                                          "Startup Cost": 1.07,
                                          "Total Cost": 2.47,
                                          "Plan Rows": 5,
                                          "Plan Width": 4,
                                          "Inner Unique": false,
                                          "Hash Cond": "(n1.n_regionkey = region.r_regionkey)",
                                          "Plans": [
                                            {
                                              "Node Type": "Seq Scan",
                                              "Parent Relationship": "Outer",
                                              "Parallel Aware": false,
                                              "Async Capable": false,
                                              "Relation Name": "nation",
                                              "Alias": "n1",
                                              "Startup Cost": 0.0,
                                              "Total Cost": 1.25,
                                              "Plan Rows": 25,
                                              "Plan Width": 8,
                                              "parent": 20,
                                              "ID": 21
                                            },
                                            {
                                              "Node Type": "Hash",
                                              "Parent Relationship": "Inner",
                                              "Parallel Aware": false,
                                              "Async Capable": false,
                                              "Startup Cost": 1.06,
                                              "Total Cost": 1.06,
                                              "Plan Rows": 1,
                                              "Plan Width": 4,
                                              "Plans": [
                                                {
                                                  "Node Type": "Seq Scan",
                                                  "Parent Relationship": "Outer",
                                                  "Parallel Aware": false,
                                                  "Async Capable": false,
                                                  "Relation Name": "region",
                                                  "Alias": "region",
                                                  "Startup Cost": 0.0,
                                                  "Total Cost": 1.06,
                                                  "Plan Rows": 1,
                                                  "Plan Width": 4,
                                                  "Filter": "(r_name = 'EUROPE'::bpchar)",
                                                  "parent": 22,
                                                  "ID": 23
                                                }
                                              ],
                                              "parent": 20,
                                              "ID": 22,
                                              "left": 23
                                            }
                                          ],
                                          "parent": 19,
                                          "ID": 20,
                                          "left": 21,
                                          "right": 22
                                        }
                                      ],
                                      "parent": 8,
                                      "ID": 19,
                                      "left": 20
                                    }
                                  ],
                                  "parent": 7,
                                  "ID": 8,
                                  "left": 9,
                                  "right": 19
                                }
                              ],
                              "parent": 5,
                              "ID": 7,
                              "left": 8
                            }
                          ],
                          "parent": 4,
                          "ID": 5,
                          "left": 6,
                          "right": 7
                        },
                        {
                          "Node Type": "Hash",
                          "Parent Relationship": "Inner",
                          "Parallel Aware": false,
                          "Async Capable": false,
                          "Startup Cost": 1.25,
                          "Total Cost": 1.25,
                          "Plan Rows": 25,
                          "Plan Width": 30,
                          "Plans": [
                            {
                              "Node Type": "Seq Scan",
                              "Parent Relationship": "Outer",
                              "Parallel Aware": false,
                              "Async Capable": false,
                              "Relation Name": "nation",
                              "Alias": "n2",
                              "Startup Cost": 0.0,
                              "Total Cost": 1.25,
                              "Plan Rows": 25,
                              "Plan Width": 30,
                              "parent": 24,
                              "ID": 25
                            }
                          ],
                          "parent": 4,
                          "ID": 24,
                          "left": 25
                        }
                      ],
                      "parent": 3,
                      "ID": 4,
                      "left": 5,
                      "right": 24
                    }
                  ],
                  "parent": 2,
                  "ID": 3,
                  "left": 4
                }
              ],
              "parent": 1,
              "ID": 2,
              "left": 3
            }
          ],
          "parent": 0,
          "ID": 1,
          "left": 2
        }
      ],
      "parent": null,
      "ID": 0,
      "left": 1
    },
    "feat": {
      "utility": 6.386447184269642e-07,
      "query_shape": [
        [
          "Seq Scan",
          "Hash Join",
          "Sort",
          "Aggregate",
          "Gather Merge"
        ],
        [
          "Seq Scan",
          "Hash Join",
          "Hash",
          "Sort",
          "Aggregate",
          "Gather Merge"
        ],
        [
          "Seq Scan",
          "Hash Join",
          "Hash",
          "Sort",
          "Aggregate",
          "Gather Merge"
        ],
        [
          "Seq Scan",
          "Hash Join",
          "Hash",
          "Sort",
          "Aggregate",
          "Gather Merge"
        ],
        [
          "Seq Scan",
          "Hash",
          "Hash Join",
          "Sort",
          "Aggregate",
          "Gather Merge"
        ],
        [
          "Seq Scan",
          "Hash Join",
          "Hash",
          "Sort",
          "Aggregate",
          "Gather Merge"
        ],
        [
          "Seq Scan",
          "Hash",
          "Hash Join",
          "Sort",
          "Aggregate",
          "Gather Merge"
        ],
        [
          "Seq Scan",
          "Hash",
          "Hash Join",
          "Sort",
          "Aggregate",
          "Gather Merge"
        ]
      ],
      "index_shape": [
        "join"
      ],
      "physical_operator": {
        "Hash Join": [
          0.00040001036971116453
        ]
      }
    }
  },
  {
    "query": "-- Functional Query Definition\n-- Approved February 1998\n\n\nselect\no_year,\nsum(case\nwhen nation = 'ROMANIA' then volume\nelse 0\nend) / sum(volume) as mkt_share\nfrom\n(\nselect\nextract(year from o_orderdate) as o_year,\nl_extendedprice * (1 - l_discount) as volume,\nn2.n_name as nation\nfrom\npart,\nsupplier,\nlineitem,\norders,\ncustomer,\nnation n1,\nnation n2,\nregion\nwhere\np_partkey = l_partkey\nand s_suppkey = l_suppkey\nand l_orderkey = o_orderkey\nand o_custkey = c_custkey\nand c_nationkey = n1.n_nationkey\nand n1.n_regionkey = r_regionkey\nand r_name = 'EUROPE'\nand s_nationkey = n2.n_nationkey\nand o_orderdate between date '1995-01-01' and date '1996-12-31'\nand p_type = 'ECONOMY POLISHED STEEL'\n) as all_nations\ngroup by\no_year\norder by\no_year ;\n-- $ID$\n-- TPC-H/TPC-R Product Type Profit Measure ",
    "indexes": "orders.o_custkey",
    "wo plan est": {
      "Node Type": "Aggregate",
      "Strategy": "Sorted",
      "Partial Mode": "Finalize",
      "Parallel Aware": false,
      "Async Capable": false,
      "Startup Cost": 1955785.01,
      "Total Cost": 1956486.84,
      "Plan Rows": 2406,
      "Plan Width": 64,
      "Group Key": [
        "(EXTRACT(year FROM orders.o_orderdate))"
      ],
      "Plans": [
        {
          "Node Type": "Gather Merge",
          "Parent Relationship": "Outer",
          "Parallel Aware": false,
          "Async Capable": false,
          "Startup Cost": 1955785.01,
          "Total Cost": 1956408.65,
          "Plan Rows": 2406,
          "Plan Width": 96,
          "Workers Planned": 1,
          "Plans": [
            {
              "Node Type": "Aggregate",
              "Strategy": "Sorted",
              "Partial Mode": "Partial",
              "Parent Relationship": "Outer",
              "Parallel Aware": false,
              "Async Capable": false,
              "Startup Cost": 1954785.0,
              "Total Cost": 1955137.96,
              "Plan Rows": 2406,
              "Plan Width": 96,
              "Group Key": [
                "(EXTRACT(year FROM orders.o_orderdate))"
              ],
              "Plans": [
                {
                  "Node Type": "Sort",
                  "Parent Relationship": "Outer",
                  "Parallel Aware": false,
                  "Async Capable": false,
                  "Startup Cost": 1954785.0,
                  "Total Cost": 1954819.54,
                  "Plan Rows": 13816,
                  "Plan Width": 70,
                  "Sort Key": [
                    "(EXTRACT(year FROM orders.o_orderdate))"
                  ],
                  "Plans": [
                    {
                      "Node Type": "Hash Join",
                      "Parent Relationship": "Outer",
                      "Parallel Aware": false,
                      "Async Capable": false,
                      "Join Type": "Inner",
                      "Startup Cost": 1950527.96,
                      "Total Cost": 1953834.87,
                      "Plan Rows": 13816,
                      "Plan Width": 70,
                      "Inner Unique": false,
                      "Hash Cond": "(supplier.s_nationkey = n2.n_nationkey)",
                      "Plans": [
                        {
                          "Node Type": "Hash Join",
                          "Parent Relationship": "Outer",
                          "Parallel Aware": true,
                          "Async Capable": false,
                          "Join Type": "Inner",
                          "Startup Cost": 1950526.4,
                          "Total Cost": 1953608.79,
                          "Plan Rows": 13816,
                          "Plan Width": 20,
                          "Inner Unique": false,
                          "Hash Cond": "(supplier.s_suppkey = lineitem.l_suppkey)",
                          "Plans": [
                            {
                              "Node Type": "Seq Scan",
                              "Parent Relationship": "Outer",
                              "Parallel Aware": true,
                              "Async Capable": false,
                              "Relation Name": "supplier",
                              "Alias": "supplier",
                              "Startup Cost": 0.0,
                              "Total Cost": 2804.24,
                              "Plan Rows": 58824,
                              "Plan Width": 8,
                              "parent": 5,
                              "ID": 6
                            },
                            {
                              "Node Type": "Hash",
                              "Parent Relationship": "Inner",
                              "Parallel Aware": true,
                              "Async Capable": false,
                              "Startup Cost": 1950404.06,
                              "Total Cost": 1950404.06,
                              "Plan Rows": 9787,
                              "Plan Width": 20,
                              "Plans": [
                                {
                                  "Node Type": "Hash Join",
                                  "Parent Relationship": "Outer",
                                  "Parallel Aware": false,
                                  "Async Capable": false,
                                  "Join Type": "Inner",
                                  "Startup Cost": 1905498.74,
                                  "Total Cost": 1950404.06,
                                  "Plan Rows": 9787,
                                  "Plan Width": 20,
                                  "Inner Unique": false,
                                  "Hash Cond": "(customer.c_nationkey = n1.n_nationkey)",
                                  "Plans": [
                                    {
                                      "Node Type": "Hash Join",
                                      "Parent Relationship": "Outer",
                                      "Parallel Aware": true,
                                      "Async Capable": false,
                                      "Join Type": "Inner",
                                      "Startup Cost": 1905496.2,
                                      "Total Cost": 1950120.18,
                                      "Plan Rows": 48932,
                                      "Plan Width": 24,
                                      "Inner Unique": false,
                                      "Hash Cond": "(customer.c_custkey = orders.o_custkey)",
                                      "Plans": [
                                        {
                                          "Node Type": "Seq Scan",
                                          "Parent Relationship": "Outer",
                                          "Parallel Aware": true,
                                          "Async Capable": false,
                                          "Relation Name": "customer",
                                          "Alias": "customer",
                                          "Startup Cost": 0.0,
                                          "Total Cost": 42076.52,
                                          "Plan Rows": 624952,
                                          "Plan Width": 8,
                                          "parent": 9,
                                          "ID": 10
                                        },
                                        {
                                          "Node Type": "Hash",
                                          "Parent Relationship": "Inner",
                                          "Parallel Aware": true,
                                          "Async Capable": false,
                                          "Startup Cost": 1904884.55,
                                          "Total Cost": 1904884.55,
                                          "Plan Rows": 48932,
                                          "Plan Width": 24,
                                          "Plans": [
                                            {
                                              "Node Type": "Hash Join",
                                              "Parent Relationship": "Outer",
                                              "Parallel Aware": true,
                                              "Async Capable": false,
                                              "Join Type": "Inner",
                                              "Startup Cost": 1523283.11,
                                              "Total Cost": 1904884.55,
                                              "Plan Rows": 48932,
                                              "Plan Width": 24,
                                              "Inner Unique": false,
                                              "Hash Cond": "(orders.o_orderkey = lineitem.l_orderkey)",
                                              "Plans": [
                                                {
                                                  "Node Type": "Seq Scan",
                                                  "Parent Relationship": "Outer",
                                                  "Parallel Aware": true,
                                                  "Async Capable": false,
                                                  "Relation Name": "orders",
                                                  "Alias": "orders",
                                                  "Startup Cost": 0.0,
                                                  "Total Cost": 354655.56,
                                                  "Plan Rows": 1909064,
                                                  "Plan Width": 12,
                                                  "Filter": "((o_orderdate >= '1995-01-01'::date) AND (o_orderdate <= '1996-12-31'::date))",
                                                  "parent": 12,
                                                  "ID": 13
                                                },
                                                {
                                                  "Node Type": "Hash",
                                                  "Parent Relationship": "Inner",
                                                  "Parallel Aware": true,
                                                  "Async Capable": false,
                                                  "Startup Cost": 1520341.76,
                                                  "Total Cost": 1520341.76,
                                                  "Plan Rows": 160188,
                                                  "Plan Width": 20,
                                                  "Plans": [
                                                    {
                                                      "Node Type": "Hash Join",
                                                      "Parent Relationship": "Outer",
                                                      "Parallel Aware": true,
                                                      "Async Capable": false,
                                                      "Join Type": "Inner",
                                                      "Startup Cost": 51447.53,
                                                      "Total Cost": 1520341.76,
                                                      "Plan Rows": 160188,
                                                      "Plan Width": 20,
                                                      "Inner Unique": false,
                                                      "Hash Cond": "(lineitem.l_partkey = part.p_partkey)",
                                                      "Plans": [
                                                        {
                                                          "Node Type": "Seq Scan",
                                                          "Parent Relationship": "Outer",
                                                          "Parallel Aware": true,
                                                          "Async Capable": false,
                                                          "Relation Name": "lineitem",
                                                          "Alias": "lineitem",
                                                          "Startup Cost": 0.0,
                                                          "Total Cost": 1374494.57,
                                                          "Plan Rows": 24995257,
                                                          "Plan Width": 24,
                                                          "parent": 15,
                                                          "ID": 16
                                                        },
                                                        {
                                                          "Node Type": "Hash",
                                                          "Parent Relationship": "Inner",
                                                          "Parallel Aware": true,
                                                          "Async Capable": false,
                                                          "Startup Cost": 51378.28,
                                                          "Total Cost": 51378.28,
                                                          "Plan Rows": 5540,
                                                          "Plan Width": 4,
                                                          "Plans": [
                                                            {
                                                              "Node Type": "Seq Scan",
                                                              "Parent Relationship": "Outer",
                                                              "Parallel Aware": true,
                                                              "Async Capable": false,
                                                              "Relation Name": "part",
                                                              "Alias": "part",
                                                              "Startup Cost": 0.0,
                                                              "Total Cost": 51378.28,
                                                              "Plan Rows": 5540,
                                                              "Plan Width": 4,
                                                              "Filter": "((p_type)::text = 'ECONOMY POLISHED STEEL'::text)",
                                                              "parent": 17,
                                                              "ID": 18
                                                            }
                                                          ],
                                                          "parent": 15,
                                                          "ID": 17,
                                                          "left": 18
                                                        }
                                                      ],
                                                      "parent": 14,
                                                      "ID": 15,
                                                      "left": 16,
                                                      "right": 17
                                                    }
                                                  ],
                                                  "parent": 12,
                                                  "ID": 14,
                                                  "left": 15
                                                }
                                              ],
                                              "parent": 11,
                                              "ID": 12,
                                              "left": 13,
                                              "right": 14
                                            }
                                          ],
                                          "parent": 9,
                                          "ID": 11,
                                          "left": 12
                                        }
                                      ],
                                      "parent": 8,
                                      "ID": 9,
                                      "left": 10,
                                      "right": 11
                                    },
                                    {
                                      "Node Type": "Hash",
                                      "Parent Relationship": "Inner",
                                      "Parallel Aware": false,
                                      "Async Capable": false,
                                      "Startup Cost": 2.47,
                                      "Total Cost": 2.47,
                                      "Plan Rows": 5,
                                      "Plan Width": 4,
                                      "Plans": [
                                        {
                                          "Node Type": "Hash Join",
                                          "Parent Relationship": "Outer",
                                          "Parallel Aware": false,
                                          "Async Capable": false,
                                          "Join Type": "Inner",
                                          "Startup Cost": 1.07,
                                          "Total Cost": 2.47,
                                          "Plan Rows": 5,
                                          "Plan Width": 4,
                                          "Inner Unique": false,
                                          "Hash Cond": "(n1.n_regionkey = region.r_regionkey)",
                                          "Plans": [
                                            {
                                              "Node Type": "Seq Scan",
                                              "Parent Relationship": "Outer",
                                              "Parallel Aware": false,
                                              "Async Capable": false,
                                              "Relation Name": "nation",
                                              "Alias": "n1",
                                              "Startup Cost": 0.0,
                                              "Total Cost": 1.25,
                                              "Plan Rows": 25,
                                              "Plan Width": 8,
                                              "parent": 20,
                                              "ID": 21
                                            },
                                            {
                                              "Node Type": "Hash",
                                              "Parent Relationship": "Inner",
                                              "Parallel Aware": false,
                                              "Async Capable": false,
                                              "Startup Cost": 1.06,
                                              "Total Cost": 1.06,
                                              "Plan Rows": 1,
                                              "Plan Width": 4,
                                              "Plans": [
                                                {
                                                  "Node Type": "Seq Scan",
                                                  "Parent Relationship": "Outer",
                                                  "Parallel Aware": false,
                                                  "Async Capable": false,
                                                  "Relation Name": "region",
                                                  "Alias": "region",
                                                  "Startup Cost": 0.0,
                                                  "Total Cost": 1.06,
                                                  "Plan Rows": 1,
                                                  "Plan Width": 4,
                                                  "Filter": "(r_name = 'EUROPE'::bpchar)",
                                                  "parent": 22,
                                                  "ID": 23
                                                }
                                              ],
                                              "parent": 20,
                                              "ID": 22,
                                              "left": 23
                                            }
                                          ],
                                          "parent": 19,
                                          "ID": 20,
                                          "left": 21,
                                          "right": 22
                                        }
                                      ],
                                      "parent": 8,
                                      "ID": 19,
                                      "left": 20
                                    }
                                  ],
                                  "parent": 7,
                                  "ID": 8,
                                  "left": 9,
                                  "right": 19
                                }
                              ],
                              "parent": 5,
                              "ID": 7,
                              "left": 8
                            }
                          ],
                          "parent": 4,
                          "ID": 5,
                          "left": 6,
                          "right": 7
                        },
                        {
                          "Node Type": "Hash",
                          "Parent Relationship": "Inner",
                          "Parallel Aware": false,
                          "Async Capable": false,
                          "Startup Cost": 1.25,
                          "Total Cost": 1.25,
                          "Plan Rows": 25,
                          "Plan Width": 30,
                          "Plans": [
                            {
                              "Node Type": "Seq Scan",
                              "Parent Relationship": "Outer",
                              "Parallel Aware": false,
                              "Async Capable": false,
                              "Relation Name": "nation",
                              "Alias": "n2",
                              "Startup Cost": 0.0,
                              "Total Cost": 1.25,
                              "Plan Rows": 25,
                              "Plan Width": 30,
                              "parent": 24,
                              "ID": 25
                            }
                          ],
                          "parent": 4,
                          "ID": 24,
                          "left": 25
                        }
                      ],
                      "parent": 3,
                      "ID": 4,
                      "left": 5,
                      "right": 24
                    }
                  ],
                  "parent": 2,
                  "ID": 3,
                  "left": 4
                }
              ],
              "parent": 1,
              "ID": 2,
              "left": 3
            }
          ],
          "parent": 0,
          "ID": 1,
          "left": 2
        }
      ],
      "parent": null,
      "ID": 0,
      "left": 1
    },
    "feat": {
      "utility": 6.380921020918737e-07,
      "query_shape": [
        [
          "Seq Scan",
          "Hash Join",
          "Sort",
          "Aggregate",
          "Gather Merge"
        ],
        [
          "Seq Scan",
          "Hash Join",
          "Hash",
          "Sort",
          "Aggregate",
          "Gather Merge"
        ],
        [
          "Seq Scan",
          "Hash Join",
          "Hash",
          "Sort",
          "Aggregate",
          "Gather Merge"
        ],
        [
          "Seq Scan",
          "Hash Join",
          "Hash",
          "Sort",
          "Aggregate",
          "Gather Merge"
        ],
        [
          "Seq Scan",
          "Hash",
          "Hash Join",
          "Sort",
          "Aggregate",
          "Gather Merge"
        ],
        [
          "Seq Scan",
          "Hash Join",
          "Hash",
          "Sort",
          "Aggregate",
          "Gather Merge"
        ],
        [
          "Seq Scan",
          "Hash",
          "Hash Join",
          "Sort",
          "Aggregate",
          "Gather Merge"
        ],
        [
          "Seq Scan",
          "Hash",
          "Hash Join",
          "Sort",
          "Aggregate",
          "Gather Merge"
        ]
      ],
      "index_shape": [
        "join"
      ],
      "physical_operator": {
        "Hash Join": [
          0.0012649596394501718
        ]
      }
    }
  },
  {
    "query": "-- Functional Query Definition\n-- Approved February 1998\n\n\nselect\no_year,\nsum(case\nwhen nation = 'ROMANIA' then volume\nelse 0\nend) / sum(volume) as mkt_share\nfrom\n(\nselect\nextract(year from o_orderdate) as o_year,\nl_extendedprice * (1 - l_discount) as volume,\nn2.n_name as nation\nfrom\npart,\nsupplier,\nlineitem,\norders,\ncustomer,\nnation n1,\nnation n2,\nregion\nwhere\np_partkey = l_partkey\nand s_suppkey = l_suppkey\nand l_orderkey = o_orderkey\nand o_custkey = c_custkey\nand c_nationkey = n1.n_nationkey\nand n1.n_regionkey = r_regionkey\nand r_name = 'EUROPE'\nand s_nationkey = n2.n_nationkey\nand o_orderdate between date '1995-01-01' and date '1996-12-31'\nand p_type = 'ECONOMY POLISHED STEEL'\n) as all_nations\ngroup by\no_year\norder by\no_year ;\n-- $ID$\n-- TPC-H/TPC-R Product Type Profit Measure ",
    "indexes": "orders.o_orderdate",
    "wo plan est": {
      "Node Type": "Aggregate",
      "Strategy": "Sorted",
      "Partial Mode": "Finalize",
      "Parallel Aware": false,
      "Async Capable": false,
      "Startup Cost": 1955785.01,
      "Total Cost": 1956486.84,
      "Plan Rows": 2406,
      "Plan Width": 64,
      "Group Key": [
        "(EXTRACT(year FROM orders.o_orderdate))"
      ],
      "Plans": [
        {
          "Node Type": "Gather Merge",
          "Parent Relationship": "Outer",
          "Parallel Aware": false,
          "Async Capable": false,
          "Startup Cost": 1955785.01,
          "Total Cost": 1956408.65,
          "Plan Rows": 2406,
          "Plan Width": 96,
          "Workers Planned": 1,
          "Plans": [
            {
              "Node Type": "Aggregate",
              "Strategy": "Sorted",
              "Partial Mode": "Partial",
              "Parent Relationship": "Outer",
              "Parallel Aware": false,
              "Async Capable": false,
              "Startup Cost": 1954785.0,
              "Total Cost": 1955137.96,
              "Plan Rows": 2406,
              "Plan Width": 96,
              "Group Key": [
                "(EXTRACT(year FROM orders.o_orderdate))"
              ],
              "Plans": [
                {
                  "Node Type": "Sort",
                  "Parent Relationship": "Outer",
                  "Parallel Aware": false,
                  "Async Capable": false,
                  "Startup Cost": 1954785.0,
                  "Total Cost": 1954819.54,
                  "Plan Rows": 13816,
                  "Plan Width": 70,
                  "Sort Key": [
                    "(EXTRACT(year FROM orders.o_orderdate))"
                  ],
                  "Plans": [
                    {
                      "Node Type": "Hash Join",
                      "Parent Relationship": "Outer",
                      "Parallel Aware": false,
                      "Async Capable": false,
                      "Join Type": "Inner",
                      "Startup Cost": 1950527.96,
                      "Total Cost": 1953834.87,
                      "Plan Rows": 13816,
                      "Plan Width": 70,
                      "Inner Unique": false,
                      "Hash Cond": "(supplier.s_nationkey = n2.n_nationkey)",
                      "Plans": [
                        {
                          "Node Type": "Hash Join",
                          "Parent Relationship": "Outer",
                          "Parallel Aware": true,
                          "Async Capable": false,
                          "Join Type": "Inner",
                          "Startup Cost": 1950526.4,
                          "Total Cost": 1953608.79,
                          "Plan Rows": 13816,
                          "Plan Width": 20,
                          "Inner Unique": false,
                          "Hash Cond": "(supplier.s_suppkey = lineitem.l_suppkey)",
                          "Plans": [
                            {
                              "Node Type": "Seq Scan",
                              "Parent Relationship": "Outer",
                              "Parallel Aware": true,
                              "Async Capable": false,
                              "Relation Name": "supplier",
                              "Alias": "supplier",
                              "Startup Cost": 0.0,
                              "Total Cost": 2804.24,
                              "Plan Rows": 58824,
                              "Plan Width": 8,
                              "parent": 5,
                              "ID": 6
                            },
                            {
                              "Node Type": "Hash",
                              "Parent Relationship": "Inner",
                              "Parallel Aware": true,
                              "Async Capable": false,
                              "Startup Cost": 1950404.06,
                              "Total Cost": 1950404.06,
                              "Plan Rows": 9787,
                              "Plan Width": 20,
                              "Plans": [
                                {
                                  "Node Type": "Hash Join",
                                  "Parent Relationship": "Outer",
                                  "Parallel Aware": false,
                                  "Async Capable": false,
                                  "Join Type": "Inner",
                                  "Startup Cost": 1905498.74,
                                  "Total Cost": 1950404.06,
                                  "Plan Rows": 9787,
                                  "Plan Width": 20,
                                  "Inner Unique": false,
                                  "Hash Cond": "(customer.c_nationkey = n1.n_nationkey)",
                                  "Plans": [
                                    {
                                      "Node Type": "Hash Join",
                                      "Parent Relationship": "Outer",
                                      "Parallel Aware": true,
                                      "Async Capable": false,
                                      "Join Type": "Inner",
                                      "Startup Cost": 1905496.2,
                                      "Total Cost": 1950120.18,
                                      "Plan Rows": 48932,
                                      "Plan Width": 24,
                                      "Inner Unique": false,
                                      "Hash Cond": "(customer.c_custkey = orders.o_custkey)",
                                      "Plans": [
                                        {
                                          "Node Type": "Seq Scan",
                                          "Parent Relationship": "Outer",
                                          "Parallel Aware": true,
                                          "Async Capable": false,
                                          "Relation Name": "customer",
                                          "Alias": "customer",
                                          "Startup Cost": 0.0,
                                          "Total Cost": 42076.52,
                                          "Plan Rows": 624952,
                                          "Plan Width": 8,
                                          "parent": 9,
                                          "ID": 10
                                        },
                                        {
                                          "Node Type": "Hash",
                                          "Parent Relationship": "Inner",
                                          "Parallel Aware": true,
                                          "Async Capable": false,
                                          "Startup Cost": 1904884.55,
                                          "Total Cost": 1904884.55,
                                          "Plan Rows": 48932,
                                          "Plan Width": 24,
                                          "Plans": [
                                            {
                                              "Node Type": "Hash Join",
                                              "Parent Relationship": "Outer",
                                              "Parallel Aware": true,
                                              "Async Capable": false,
                                              "Join Type": "Inner",
                                              "Startup Cost": 1523283.11,
                                              "Total Cost": 1904884.55,
                                              "Plan Rows": 48932,
                                              "Plan Width": 24,
                                              "Inner Unique": false,
                                              "Hash Cond": "(orders.o_orderkey = lineitem.l_orderkey)",
                                              "Plans": [
                                                {
                                                  "Node Type": "Seq Scan",
                                                  "Parent Relationship": "Outer",
                                                  "Parallel Aware": true,
                                                  "Async Capable": false,
                                                  "Relation Name": "orders",
                                                  "Alias": "orders",
                                                  "Startup Cost": 0.0,
                                                  "Total Cost": 354655.56,
                                                  "Plan Rows": 1909064,
                                                  "Plan Width": 12,
                                                  "Filter": "((o_orderdate >= '1995-01-01'::date) AND (o_orderdate <= '1996-12-31'::date))",
                                                  "parent": 12,
                                                  "ID": 13
                                                },
                                                {
                                                  "Node Type": "Hash",
                                                  "Parent Relationship": "Inner",
                                                  "Parallel Aware": true,
                                                  "Async Capable": false,
                                                  "Startup Cost": 1520341.76,
                                                  "Total Cost": 1520341.76,
                                                  "Plan Rows": 160188,
                                                  "Plan Width": 20,
                                                  "Plans": [
                                                    {
                                                      "Node Type": "Hash Join",
                                                      "Parent Relationship": "Outer",
                                                      "Parallel Aware": true,
                                                      "Async Capable": false,
                                                      "Join Type": "Inner",
                                                      "Startup Cost": 51447.53,
                                                      "Total Cost": 1520341.76,
                                                      "Plan Rows": 160188,
                                                      "Plan Width": 20,
                                                      "Inner Unique": false,
                                                      "Hash Cond": "(lineitem.l_partkey = part.p_partkey)",
                                                      "Plans": [
                                                        {
                                                          "Node Type": "Seq Scan",
                                                          "Parent Relationship": "Outer",
                                                          "Parallel Aware": true,
                                                          "Async Capable": false,
                                                          "Relation Name": "lineitem",
                                                          "Alias": "lineitem",
                                                          "Startup Cost": 0.0,
                                                          "Total Cost": 1374494.57,
                                                          "Plan Rows": 24995257,
                                                          "Plan Width": 24,
                                                          "parent": 15,
                                                          "ID": 16
                                                        },
                                                        {
                                                          "Node Type": "Hash",
                                                          "Parent Relationship": "Inner",
                                                          "Parallel Aware": true,
                                                          "Async Capable": false,
                                                          "Startup Cost": 51378.28,
                                                          "Total Cost": 51378.28,
                                                          "Plan Rows": 5540,
                                                          "Plan Width": 4,
                                                          "Plans": [
                                                            {
                                                              "Node Type": "Seq Scan",
                                                              "Parent Relationship": "Outer",
                                                              "Parallel Aware": true,
                                                              "Async Capable": false,
                                                              "Relation Name": "part",
                                                              "Alias": "part",
                                                              "Startup Cost": 0.0,
                                                              "Total Cost": 51378.28,
                                                              "Plan Rows": 5540,
                                                              "Plan Width": 4,
                                                              "Filter": "((p_type)::text = 'ECONOMY POLISHED STEEL'::text)",
                                                              "parent": 17,
                                                              "ID": 18
                                                            }
                                                          ],
                                                          "parent": 15,
                                                          "ID": 17,
                                                          "left": 18
                                                        }
                                                      ],
                                                      "parent": 14,
                                                      "ID": 15,
                                                      "left": 16,
                                                      "right": 17
                                                    }
                                                  ],
                                                  "parent": 12,
                                                  "ID": 14,
                                                  "left": 15
                                                }
                                              ],
                                              "parent": 11,
                                              "ID": 12,
                                              "left": 13,
                                              "right": 14
                                            }
                                          ],
                                          "parent": 9,
                                          "ID": 11,
                                          "left": 12
                                        }
                                      ],
                                      "parent": 8,
                                      "ID": 9,
                                      "left": 10,
                                      "right": 11
                                    },
                                    {
                                      "Node Type": "Hash",
                                      "Parent Relationship": "Inner",
                                      "Parallel Aware": false,
                                      "Async Capable": false,
                                      "Startup Cost": 2.47,
                                      "Total Cost": 2.47,
                                      "Plan Rows": 5,
                                      "Plan Width": 4,
                                      "Plans": [
                                        {
                                          "Node Type": "Hash Join",
                                          "Parent Relationship": "Outer",
                                          "Parallel Aware": false,
                                          "Async Capable": false,
                                          "Join Type": "Inner",
                                          "Startup Cost": 1.07,
                                          "Total Cost": 2.47,
                                          "Plan Rows": 5,
                                          "Plan Width": 4,
                                          "Inner Unique": false,
                                          "Hash Cond": "(n1.n_regionkey = region.r_regionkey)",
                                          "Plans": [
                                            {
                                              "Node Type": "Seq Scan",
                                              "Parent Relationship": "Outer",
                                              "Parallel Aware": false,
                                              "Async Capable": false,
                                              "Relation Name": "nation",
                                              "Alias": "n1",
                                              "Startup Cost": 0.0,
                                              "Total Cost": 1.25,
                                              "Plan Rows": 25,
                                              "Plan Width": 8,
                                              "parent": 20,
                                              "ID": 21
                                            },
                                            {
                                              "Node Type": "Hash",
                                              "Parent Relationship": "Inner",
                                              "Parallel Aware": false,
                                              "Async Capable": false,
                                              "Startup Cost": 1.06,
                                              "Total Cost": 1.06,
                                              "Plan Rows": 1,
                                              "Plan Width": 4,
                                              "Plans": [
                                                {
                                                  "Node Type": "Seq Scan",
                                                  "Parent Relationship": "Outer",
                                                  "Parallel Aware": false,
                                                  "Async Capable": false,
                                                  "Relation Name": "region",
                                                  "Alias": "region",
                                                  "Startup Cost": 0.0,
                                                  "Total Cost": 1.06,
                                                  "Plan Rows": 1,
                                                  "Plan Width": 4,
                                                  "Filter": "(r_name = 'EUROPE'::bpchar)",
                                                  "parent": 22,
                                                  "ID": 23
                                                }
                                              ],
                                              "parent": 20,
                                              "ID": 22,
                                              "left": 23
                                            }
                                          ],
                                          "parent": 19,
                                          "ID": 20,
                                          "left": 21,
                                          "right": 22
                                        }
                                      ],
                                      "parent": 8,
                                      "ID": 19,
                                      "left": 20
                                    }
                                  ],
                                  "parent": 7,
                                  "ID": 8,
                                  "left": 9,
                                  "right": 19
                                }
                              ],
                              "parent": 5,
                              "ID": 7,
                              "left": 8
                            }
                          ],
                          "parent": 4,
                          "ID": 5,
                          "left": 6,
                          "right": 7
                        },
                        {
                          "Node Type": "Hash",
                          "Parent Relationship": "Inner",
                          "Parallel Aware": false,
                          "Async Capable": false,
                          "Startup Cost": 1.25,
                          "Total Cost": 1.25,
                          "Plan Rows": 25,
                          "Plan Width": 30,
                          "Plans": [
                            {
                              "Node Type": "Seq Scan",
                              "Parent Relationship": "Outer",
                              "Parallel Aware": false,
                              "Async Capable": false,
                              "Relation Name": "nation",
                              "Alias": "n2",
                              "Startup Cost": 0.0,
                              "Total Cost": 1.25,
                              "Plan Rows": 25,
                              "Plan Width": 30,
                              "parent": 24,
                              "ID": 25
                            }
                          ],
                          "parent": 4,
                          "ID": 24,
                          "left": 25
                        }
                      ],
                      "parent": 3,
                      "ID": 4,
                      "left": 5,
                      "right": 24
                    }
                  ],
                  "parent": 2,
                  "ID": 3,
                  "left": 4
                }
              ],
              "parent": 1,
              "ID": 2,
              "left": 3
            }
          ],
          "parent": 0,
          "ID": 1,
          "left": 2
        }
      ],
      "parent": null,
      "ID": 0,
      "left": 1
    },
    "feat": {
      "utility": 0.17550397832818337,
      "query_shape": [
        [
          "Seq Scan",
          "Hash Join",
          "Sort",
          "Aggregate",
          "Gather Merge"
        ],
        [
          "Seq Scan",
          "Hash Join",
          "Hash",
          "Sort",
          "Aggregate",
          "Gather Merge"
        ],
        [
          "Seq Scan",
          "Hash Join",
          "Hash",
          "Sort",
          "Aggregate",
          "Gather Merge"
        ],
        [
          "Seq Scan",
          "Hash Join",
          "Hash",
          "Sort",
          "Aggregate",
          "Gather Merge"
        ],
        [
          "Seq Scan",
          "Hash",
          "Hash Join",
          "Sort",
          "Aggregate",
          "Gather Merge"
        ],
        [
          "Seq Scan",
          "Hash Join",
          "Hash",
          "Sort",
          "Aggregate",
          "Gather Merge"
        ],
        [
          "Seq Scan",
          "Hash",
          "Hash Join",
          "Sort",
          "Aggregate",
          "Gather Merge"
        ],
        [
          "Seq Scan",
          "Hash",
          "Hash Join",
          "Sort",
          "Aggregate",
          "Gather Merge"
        ]
      ],
      "index_shape": [
        "selection"
      ],
      "physical_operator": {
        "Seq Scan": [
          0.031817733333333376
        ],
        "Sort": [
          "[0. 0. 0. 0. 0. 0. 0. 0. 0. 0. 0. 0. 0. 0. 0. 0. 0. 0. 0. 0. 0. 0. 0. 0.\n 0. 0. 0. 0. 0. 0. 0. 0. 0. 0. 0. 0. 0. 0. 0. 0. 0. 0. 0. 0. 0. 0. 0. 0.\n 0. 0. 0.]"
        ],
        "Aggregate": [
          "[0. 0. 0. 0. 0. 0. 0. 0. 0. 0. 0. 0. 0. 0. 0. 0. 0. 0. 0. 0. 0. 0. 0. 0.\n 0. 0. 0. 0. 0. 0. 0. 0. 0. 0. 0. 0. 0. 0. 0. 0. 0. 0. 0. 0. 0. 0. 0. 0.\n 0. 0. 0.]",
          "[0. 0. 0. 0. 0. 0. 0. 0. 0. 0. 0. 0. 0. 0. 0. 0. 0. 0. 0. 0. 0. 0. 0. 0.\n 0. 0. 0. 0. 0. 0. 0. 0. 0. 0. 0. 0. 0. 0. 0. 0. 0. 0. 0. 0. 0. 0. 0. 0.\n 0. 0. 0.]"
        ]
      }
    }
  },
  {
    "query": "-- Functional Query Definition\n-- Approved February 1998\n\n\nselect\no_year,\nsum(case\nwhen nation = 'ROMANIA' then volume\nelse 0\nend) / sum(volume) as mkt_share\nfrom\n(\nselect\nextract(year from o_orderdate) as o_year,\nl_extendedprice * (1 - l_discount) as volume,\nn2.n_name as nation\nfrom\npart,\nsupplier,\nlineitem,\norders,\ncustomer,\nnation n1,\nnation n2,\nregion\nwhere\np_partkey = l_partkey\nand s_suppkey = l_suppkey\nand l_orderkey = o_orderkey\nand o_custkey = c_custkey\nand c_nationkey = n1.n_nationkey\nand n1.n_regionkey = r_regionkey\nand r_name = 'EUROPE'\nand s_nationkey = n2.n_nationkey\nand o_orderdate between date '1995-01-01' and date '1996-12-31'\nand p_type = 'ECONOMY POLISHED STEEL'\n) as all_nations\ngroup by\no_year\norder by\no_year ;\n-- $ID$\n-- TPC-H/TPC-R Product Type Profit Measure ",
    "indexes": "part.p_partkey",
    "wo plan est": {
      "Node Type": "Aggregate",
      "Strategy": "Sorted",
      "Partial Mode": "Finalize",
      "Parallel Aware": false,
      "Async Capable": false,
      "Startup Cost": 1955785.01,
      "Total Cost": 1956486.84,
      "Plan Rows": 2406,
      "Plan Width": 64,
      "Group Key": [
        "(EXTRACT(year FROM orders.o_orderdate))"
      ],
      "Plans": [
        {
          "Node Type": "Gather Merge",
          "Parent Relationship": "Outer",
          "Parallel Aware": false,
          "Async Capable": false,
          "Startup Cost": 1955785.01,
          "Total Cost": 1956408.65,
          "Plan Rows": 2406,
          "Plan Width": 96,
          "Workers Planned": 1,
          "Plans": [
            {
              "Node Type": "Aggregate",
              "Strategy": "Sorted",
              "Partial Mode": "Partial",
              "Parent Relationship": "Outer",
              "Parallel Aware": false,
              "Async Capable": false,
              "Startup Cost": 1954785.0,
              "Total Cost": 1955137.96,
              "Plan Rows": 2406,
              "Plan Width": 96,
              "Group Key": [
                "(EXTRACT(year FROM orders.o_orderdate))"
              ],
              "Plans": [
                {
                  "Node Type": "Sort",
                  "Parent Relationship": "Outer",
                  "Parallel Aware": false,
                  "Async Capable": false,
                  "Startup Cost": 1954785.0,
                  "Total Cost": 1954819.54,
                  "Plan Rows": 13816,
                  "Plan Width": 70,
                  "Sort Key": [
                    "(EXTRACT(year FROM orders.o_orderdate))"
                  ],
                  "Plans": [
                    {
                      "Node Type": "Hash Join",
                      "Parent Relationship": "Outer",
                      "Parallel Aware": false,
                      "Async Capable": false,
                      "Join Type": "Inner",
                      "Startup Cost": 1950527.96,
                      "Total Cost": 1953834.87,
                      "Plan Rows": 13816,
                      "Plan Width": 70,
                      "Inner Unique": false,
                      "Hash Cond": "(supplier.s_nationkey = n2.n_nationkey)",
                      "Plans": [
                        {
                          "Node Type": "Hash Join",
                          "Parent Relationship": "Outer",
                          "Parallel Aware": true,
                          "Async Capable": false,
                          "Join Type": "Inner",
                          "Startup Cost": 1950526.4,
                          "Total Cost": 1953608.79,
                          "Plan Rows": 13816,
                          "Plan Width": 20,
                          "Inner Unique": false,
                          "Hash Cond": "(supplier.s_suppkey = lineitem.l_suppkey)",
                          "Plans": [
                            {
                              "Node Type": "Seq Scan",
                              "Parent Relationship": "Outer",
                              "Parallel Aware": true,
                              "Async Capable": false,
                              "Relation Name": "supplier",
                              "Alias": "supplier",
                              "Startup Cost": 0.0,
                              "Total Cost": 2804.24,
                              "Plan Rows": 58824,
                              "Plan Width": 8,
                              "parent": 5,
                              "ID": 6
                            },
                            {
                              "Node Type": "Hash",
                              "Parent Relationship": "Inner",
                              "Parallel Aware": true,
                              "Async Capable": false,
                              "Startup Cost": 1950404.06,
                              "Total Cost": 1950404.06,
                              "Plan Rows": 9787,
                              "Plan Width": 20,
                              "Plans": [
                                {
                                  "Node Type": "Hash Join",
                                  "Parent Relationship": "Outer",
                                  "Parallel Aware": false,
                                  "Async Capable": false,
                                  "Join Type": "Inner",
                                  "Startup Cost": 1905498.74,
                                  "Total Cost": 1950404.06,
                                  "Plan Rows": 9787,
                                  "Plan Width": 20,
                                  "Inner Unique": false,
                                  "Hash Cond": "(customer.c_nationkey = n1.n_nationkey)",
                                  "Plans": [
                                    {
                                      "Node Type": "Hash Join",
                                      "Parent Relationship": "Outer",
                                      "Parallel Aware": true,
                                      "Async Capable": false,
                                      "Join Type": "Inner",
                                      "Startup Cost": 1905496.2,
                                      "Total Cost": 1950120.18,
                                      "Plan Rows": 48932,
                                      "Plan Width": 24,
                                      "Inner Unique": false,
                                      "Hash Cond": "(customer.c_custkey = orders.o_custkey)",
                                      "Plans": [
                                        {
                                          "Node Type": "Seq Scan",
                                          "Parent Relationship": "Outer",
                                          "Parallel Aware": true,
                                          "Async Capable": false,
                                          "Relation Name": "customer",
                                          "Alias": "customer",
                                          "Startup Cost": 0.0,
                                          "Total Cost": 42076.52,
                                          "Plan Rows": 624952,
                                          "Plan Width": 8,
                                          "parent": 9,
                                          "ID": 10
                                        },
                                        {
                                          "Node Type": "Hash",
                                          "Parent Relationship": "Inner",
                                          "Parallel Aware": true,
                                          "Async Capable": false,
                                          "Startup Cost": 1904884.55,
                                          "Total Cost": 1904884.55,
                                          "Plan Rows": 48932,
                                          "Plan Width": 24,
                                          "Plans": [
                                            {
                                              "Node Type": "Hash Join",
                                              "Parent Relationship": "Outer",
                                              "Parallel Aware": true,
                                              "Async Capable": false,
                                              "Join Type": "Inner",
                                              "Startup Cost": 1523283.11,
                                              "Total Cost": 1904884.55,
                                              "Plan Rows": 48932,
                                              "Plan Width": 24,
                                              "Inner Unique": false,
                                              "Hash Cond": "(orders.o_orderkey = lineitem.l_orderkey)",
                                              "Plans": [
                                                {
                                                  "Node Type": "Seq Scan",
                                                  "Parent Relationship": "Outer",
                                                  "Parallel Aware": true,
                                                  "Async Capable": false,
                                                  "Relation Name": "orders",
                                                  "Alias": "orders",
                                                  "Startup Cost": 0.0,
                                                  "Total Cost": 354655.56,
                                                  "Plan Rows": 1909064,
                                                  "Plan Width": 12,
                                                  "Filter": "((o_orderdate >= '1995-01-01'::date) AND (o_orderdate <= '1996-12-31'::date))",
                                                  "parent": 12,
                                                  "ID": 13
                                                },
                                                {
                                                  "Node Type": "Hash",
                                                  "Parent Relationship": "Inner",
                                                  "Parallel Aware": true,
                                                  "Async Capable": false,
                                                  "Startup Cost": 1520341.76,
                                                  "Total Cost": 1520341.76,
                                                  "Plan Rows": 160188,
                                                  "Plan Width": 20,
                                                  "Plans": [
                                                    {
                                                      "Node Type": "Hash Join",
                                                      "Parent Relationship": "Outer",
                                                      "Parallel Aware": true,
                                                      "Async Capable": false,
                                                      "Join Type": "Inner",
                                                      "Startup Cost": 51447.53,
                                                      "Total Cost": 1520341.76,
                                                      "Plan Rows": 160188,
                                                      "Plan Width": 20,
                                                      "Inner Unique": false,
                                                      "Hash Cond": "(lineitem.l_partkey = part.p_partkey)",
                                                      "Plans": [
                                                        {
                                                          "Node Type": "Seq Scan",
                                                          "Parent Relationship": "Outer",
                                                          "Parallel Aware": true,
                                                          "Async Capable": false,
                                                          "Relation Name": "lineitem",
                                                          "Alias": "lineitem",
                                                          "Startup Cost": 0.0,
                                                          "Total Cost": 1374494.57,
                                                          "Plan Rows": 24995257,
                                                          "Plan Width": 24,
                                                          "parent": 15,
                                                          "ID": 16
                                                        },
                                                        {
                                                          "Node Type": "Hash",
                                                          "Parent Relationship": "Inner",
                                                          "Parallel Aware": true,
                                                          "Async Capable": false,
                                                          "Startup Cost": 51378.28,
                                                          "Total Cost": 51378.28,
                                                          "Plan Rows": 5540,
                                                          "Plan Width": 4,
                                                          "Plans": [
                                                            {
                                                              "Node Type": "Seq Scan",
                                                              "Parent Relationship": "Outer",
                                                              "Parallel Aware": true,
                                                              "Async Capable": false,
                                                              "Relation Name": "part",
                                                              "Alias": "part",
                                                              "Startup Cost": 0.0,
                                                              "Total Cost": 51378.28,
                                                              "Plan Rows": 5540,
                                                              "Plan Width": 4,
                                                              "Filter": "((p_type)::text = 'ECONOMY POLISHED STEEL'::text)",
                                                              "parent": 17,
                                                              "ID": 18
                                                            }
                                                          ],
                                                          "parent": 15,
                                                          "ID": 17,
                                                          "left": 18
                                                        }
                                                      ],
                                                      "parent": 14,
                                                      "ID": 15,
                                                      "left": 16,
                                                      "right": 17
                                                    }
                                                  ],
                                                  "parent": 12,
                                                  "ID": 14,
                                                  "left": 15
                                                }
                                              ],
                                              "parent": 11,
                                              "ID": 12,
                                              "left": 13,
                                              "right": 14
                                            }
                                          ],
                                          "parent": 9,
                                          "ID": 11,
                                          "left": 12
                                        }
                                      ],
                                      "parent": 8,
                                      "ID": 9,
                                      "left": 10,
                                      "right": 11
                                    },
                                    {
                                      "Node Type": "Hash",
                                      "Parent Relationship": "Inner",
                                      "Parallel Aware": false,
                                      "Async Capable": false,
                                      "Startup Cost": 2.47,
                                      "Total Cost": 2.47,
                                      "Plan Rows": 5,
                                      "Plan Width": 4,
                                      "Plans": [
                                        {
                                          "Node Type": "Hash Join",
                                          "Parent Relationship": "Outer",
                                          "Parallel Aware": false,
                                          "Async Capable": false,
                                          "Join Type": "Inner",
                                          "Startup Cost": 1.07,
                                          "Total Cost": 2.47,
                                          "Plan Rows": 5,
                                          "Plan Width": 4,
                                          "Inner Unique": false,
                                          "Hash Cond": "(n1.n_regionkey = region.r_regionkey)",
                                          "Plans": [
                                            {
                                              "Node Type": "Seq Scan",
                                              "Parent Relationship": "Outer",
                                              "Parallel Aware": false,
                                              "Async Capable": false,
                                              "Relation Name": "nation",
                                              "Alias": "n1",
                                              "Startup Cost": 0.0,
                                              "Total Cost": 1.25,
                                              "Plan Rows": 25,
                                              "Plan Width": 8,
                                              "parent": 20,
                                              "ID": 21
                                            },
                                            {
                                              "Node Type": "Hash",
                                              "Parent Relationship": "Inner",
                                              "Parallel Aware": false,
                                              "Async Capable": false,
                                              "Startup Cost": 1.06,
                                              "Total Cost": 1.06,
                                              "Plan Rows": 1,
                                              "Plan Width": 4,
                                              "Plans": [
                                                {
                                                  "Node Type": "Seq Scan",
                                                  "Parent Relationship": "Outer",
                                                  "Parallel Aware": false,
                                                  "Async Capable": false,
                                                  "Relation Name": "region",
                                                  "Alias": "region",
                                                  "Startup Cost": 0.0,
                                                  "Total Cost": 1.06,
                                                  "Plan Rows": 1,
                                                  "Plan Width": 4,
                                                  "Filter": "(r_name = 'EUROPE'::bpchar)",
                                                  "parent": 22,
                                                  "ID": 23
                                                }
                                              ],
                                              "parent": 20,
                                              "ID": 22,
                                              "left": 23
                                            }
                                          ],
                                          "parent": 19,
                                          "ID": 20,
                                          "left": 21,
                                          "right": 22
                                        }
                                      ],
                                      "parent": 8,
                                      "ID": 19,
                                      "left": 20
                                    }
                                  ],
                                  "parent": 7,
                                  "ID": 8,
                                  "left": 9,
                                  "right": 19
                                }
                              ],
                              "parent": 5,
                              "ID": 7,
                              "left": 8
                            }
                          ],
                          "parent": 4,
                          "ID": 5,
                          "left": 6,
                          "right": 7
                        },
                        {
                          "Node Type": "Hash",
                          "Parent Relationship": "Inner",
                          "Parallel Aware": false,
                          "Async Capable": false,
                          "Startup Cost": 1.25,
                          "Total Cost": 1.25,
                          "Plan Rows": 25,
                          "Plan Width": 30,
                          "Plans": [
                            {
                              "Node Type": "Seq Scan",
                              "Parent Relationship": "Outer",
                              "Parallel Aware": false,
                              "Async Capable": false,
                              "Relation Name": "nation",
                              "Alias": "n2",
                              "Startup Cost": 0.0,
                              "Total Cost": 1.25,
                              "Plan Rows": 25,
                              "Plan Width": 30,
                              "parent": 24,
                              "ID": 25
                            }
                          ],
                          "parent": 4,
                          "ID": 24,
                          "left": 25
                        }
                      ],
                      "parent": 3,
                      "ID": 4,
                      "left": 5,
                      "right": 24
                    }
                  ],
                  "parent": 2,
                  "ID": 3,
                  "left": 4
                }
              ],
              "parent": 1,
              "ID": 2,
              "left": 3
            }
          ],
          "parent": 0,
          "ID": 1,
          "left": 2
        }
      ],
      "parent": null,
      "ID": 0,
      "left": 1
    },
    "feat": {
      "utility": 6.382131148580048e-07,
      "query_shape": [
        [
          "Seq Scan",
          "Hash Join",
          "Sort",
          "Aggregate",
          "Gather Merge"
        ],
        [
          "Seq Scan",
          "Hash Join",
          "Hash",
          "Sort",
          "Aggregate",
          "Gather Merge"
        ],
        [
          "Seq Scan",
          "Hash Join",
          "Hash",
          "Sort",
          "Aggregate",
          "Gather Merge"
        ],
        [
          "Seq Scan",
          "Hash Join",
          "Hash",
          "Sort",
          "Aggregate",
          "Gather Merge"
        ],
        [
          "Seq Scan",
          "Hash",
          "Hash Join",
          "Sort",
          "Aggregate",
          "Gather Merge"
        ],
        [
          "Seq Scan",
          "Hash Join",
          "Hash",
          "Sort",
          "Aggregate",
          "Gather Merge"
        ],
        [
          "Seq Scan",
          "Hash",
          "Hash Join",
          "Sort",
          "Aggregate",
          "Gather Merge"
        ],
        [
          "Seq Scan",
          "Hash",
          "Hash Join",
          "Sort",
          "Aggregate",
          "Gather Merge"
        ]
      ],
      "index_shape": [
        "join"
      ],
      "physical_operator": {
        "Hash Join": [
          0.0010755517319240547
        ]
      }
    }
  },
  {
    "query": "-- Functional Query Definition\n-- Approved February 1998\n\n\nselect\no_year,\nsum(case\nwhen nation = 'ROMANIA' then volume\nelse 0\nend) / sum(volume) as mkt_share\nfrom\n(\nselect\nextract(year from o_orderdate) as o_year,\nl_extendedprice * (1 - l_discount) as volume,\nn2.n_name as nation\nfrom\npart,\nsupplier,\nlineitem,\norders,\ncustomer,\nnation n1,\nnation n2,\nregion\nwhere\np_partkey = l_partkey\nand s_suppkey = l_suppkey\nand l_orderkey = o_orderkey\nand o_custkey = c_custkey\nand c_nationkey = n1.n_nationkey\nand n1.n_regionkey = r_regionkey\nand r_name = 'EUROPE'\nand s_nationkey = n2.n_nationkey\nand o_orderdate between date '1995-01-01' and date '1996-12-31'\nand p_type = 'ECONOMY POLISHED STEEL'\n) as all_nations\ngroup by\no_year\norder by\no_year ;\n-- $ID$\n-- TPC-H/TPC-R Product Type Profit Measure ",
    "indexes": "part.p_type",
    "wo plan est": {
      "Node Type": "Aggregate",
      "Strategy": "Sorted",
      "Partial Mode": "Finalize",
      "Parallel Aware": false,
      "Async Capable": false,
      "Startup Cost": 1955785.01,
      "Total Cost": 1956486.84,
      "Plan Rows": 2406,
      "Plan Width": 64,
      "Group Key": [
        "(EXTRACT(year FROM orders.o_orderdate))"
      ],
      "Plans": [
        {
          "Node Type": "Gather Merge",
          "Parent Relationship": "Outer",
          "Parallel Aware": false,
          "Async Capable": false,
          "Startup Cost": 1955785.01,
          "Total Cost": 1956408.65,
          "Plan Rows": 2406,
          "Plan Width": 96,
          "Workers Planned": 1,
          "Plans": [
            {
              "Node Type": "Aggregate",
              "Strategy": "Sorted",
              "Partial Mode": "Partial",
              "Parent Relationship": "Outer",
              "Parallel Aware": false,
              "Async Capable": false,
              "Startup Cost": 1954785.0,
              "Total Cost": 1955137.96,
              "Plan Rows": 2406,
              "Plan Width": 96,
              "Group Key": [
                "(EXTRACT(year FROM orders.o_orderdate))"
              ],
              "Plans": [
                {
                  "Node Type": "Sort",
                  "Parent Relationship": "Outer",
                  "Parallel Aware": false,
                  "Async Capable": false,
                  "Startup Cost": 1954785.0,
                  "Total Cost": 1954819.54,
                  "Plan Rows": 13816,
                  "Plan Width": 70,
                  "Sort Key": [
                    "(EXTRACT(year FROM orders.o_orderdate))"
                  ],
                  "Plans": [
                    {
                      "Node Type": "Hash Join",
                      "Parent Relationship": "Outer",
                      "Parallel Aware": false,
                      "Async Capable": false,
                      "Join Type": "Inner",
                      "Startup Cost": 1950527.96,
                      "Total Cost": 1953834.87,
                      "Plan Rows": 13816,
                      "Plan Width": 70,
                      "Inner Unique": false,
                      "Hash Cond": "(supplier.s_nationkey = n2.n_nationkey)",
                      "Plans": [
                        {
                          "Node Type": "Hash Join",
                          "Parent Relationship": "Outer",
                          "Parallel Aware": true,
                          "Async Capable": false,
                          "Join Type": "Inner",
                          "Startup Cost": 1950526.4,
                          "Total Cost": 1953608.79,
                          "Plan Rows": 13816,
                          "Plan Width": 20,
                          "Inner Unique": false,
                          "Hash Cond": "(supplier.s_suppkey = lineitem.l_suppkey)",
                          "Plans": [
                            {
                              "Node Type": "Seq Scan",
                              "Parent Relationship": "Outer",
                              "Parallel Aware": true,
                              "Async Capable": false,
                              "Relation Name": "supplier",
                              "Alias": "supplier",
                              "Startup Cost": 0.0,
                              "Total Cost": 2804.24,
                              "Plan Rows": 58824,
                              "Plan Width": 8,
                              "parent": 5,
                              "ID": 6
                            },
                            {
                              "Node Type": "Hash",
                              "Parent Relationship": "Inner",
                              "Parallel Aware": true,
                              "Async Capable": false,
                              "Startup Cost": 1950404.06,
                              "Total Cost": 1950404.06,
                              "Plan Rows": 9787,
                              "Plan Width": 20,
                              "Plans": [
                                {
                                  "Node Type": "Hash Join",
                                  "Parent Relationship": "Outer",
                                  "Parallel Aware": false,
                                  "Async Capable": false,
                                  "Join Type": "Inner",
                                  "Startup Cost": 1905498.74,
                                  "Total Cost": 1950404.06,
                                  "Plan Rows": 9787,
                                  "Plan Width": 20,
                                  "Inner Unique": false,
                                  "Hash Cond": "(customer.c_nationkey = n1.n_nationkey)",
                                  "Plans": [
                                    {
                                      "Node Type": "Hash Join",
                                      "Parent Relationship": "Outer",
                                      "Parallel Aware": true,
                                      "Async Capable": false,
                                      "Join Type": "Inner",
                                      "Startup Cost": 1905496.2,
                                      "Total Cost": 1950120.18,
                                      "Plan Rows": 48932,
                                      "Plan Width": 24,
                                      "Inner Unique": false,
                                      "Hash Cond": "(customer.c_custkey = orders.o_custkey)",
                                      "Plans": [
                                        {
                                          "Node Type": "Seq Scan",
                                          "Parent Relationship": "Outer",
                                          "Parallel Aware": true,
                                          "Async Capable": false,
                                          "Relation Name": "customer",
                                          "Alias": "customer",
                                          "Startup Cost": 0.0,
                                          "Total Cost": 42076.52,
                                          "Plan Rows": 624952,
                                          "Plan Width": 8,
                                          "parent": 9,
                                          "ID": 10
                                        },
                                        {
                                          "Node Type": "Hash",
                                          "Parent Relationship": "Inner",
                                          "Parallel Aware": true,
                                          "Async Capable": false,
                                          "Startup Cost": 1904884.55,
                                          "Total Cost": 1904884.55,
                                          "Plan Rows": 48932,
                                          "Plan Width": 24,
                                          "Plans": [
                                            {
                                              "Node Type": "Hash Join",
                                              "Parent Relationship": "Outer",
                                              "Parallel Aware": true,
                                              "Async Capable": false,
                                              "Join Type": "Inner",
                                              "Startup Cost": 1523283.11,
                                              "Total Cost": 1904884.55,
                                              "Plan Rows": 48932,
                                              "Plan Width": 24,
                                              "Inner Unique": false,
                                              "Hash Cond": "(orders.o_orderkey = lineitem.l_orderkey)",
                                              "Plans": [
                                                {
                                                  "Node Type": "Seq Scan",
                                                  "Parent Relationship": "Outer",
                                                  "Parallel Aware": true,
                                                  "Async Capable": false,
                                                  "Relation Name": "orders",
                                                  "Alias": "orders",
                                                  "Startup Cost": 0.0,
                                                  "Total Cost": 354655.56,
                                                  "Plan Rows": 1909064,
                                                  "Plan Width": 12,
                                                  "Filter": "((o_orderdate >= '1995-01-01'::date) AND (o_orderdate <= '1996-12-31'::date))",
                                                  "parent": 12,
                                                  "ID": 13
                                                },
                                                {
                                                  "Node Type": "Hash",
                                                  "Parent Relationship": "Inner",
                                                  "Parallel Aware": true,
                                                  "Async Capable": false,
                                                  "Startup Cost": 1520341.76,
                                                  "Total Cost": 1520341.76,
                                                  "Plan Rows": 160188,
                                                  "Plan Width": 20,
                                                  "Plans": [
                                                    {
                                                      "Node Type": "Hash Join",
                                                      "Parent Relationship": "Outer",
                                                      "Parallel Aware": true,
                                                      "Async Capable": false,
                                                      "Join Type": "Inner",
                                                      "Startup Cost": 51447.53,
                                                      "Total Cost": 1520341.76,
                                                      "Plan Rows": 160188,
                                                      "Plan Width": 20,
                                                      "Inner Unique": false,
                                                      "Hash Cond": "(lineitem.l_partkey = part.p_partkey)",
                                                      "Plans": [
                                                        {
                                                          "Node Type": "Seq Scan",
                                                          "Parent Relationship": "Outer",
                                                          "Parallel Aware": true,
                                                          "Async Capable": false,
                                                          "Relation Name": "lineitem",
                                                          "Alias": "lineitem",
                                                          "Startup Cost": 0.0,
                                                          "Total Cost": 1374494.57,
                                                          "Plan Rows": 24995257,
                                                          "Plan Width": 24,
                                                          "parent": 15,
                                                          "ID": 16
                                                        },
                                                        {
                                                          "Node Type": "Hash",
                                                          "Parent Relationship": "Inner",
                                                          "Parallel Aware": true,
                                                          "Async Capable": false,
                                                          "Startup Cost": 51378.28,
                                                          "Total Cost": 51378.28,
                                                          "Plan Rows": 5540,
                                                          "Plan Width": 4,
                                                          "Plans": [
                                                            {
                                                              "Node Type": "Seq Scan",
                                                              "Parent Relationship": "Outer",
                                                              "Parallel Aware": true,
                                                              "Async Capable": false,
                                                              "Relation Name": "part",
                                                              "Alias": "part",
                                                              "Startup Cost": 0.0,
                                                              "Total Cost": 51378.28,
                                                              "Plan Rows": 5540,
                                                              "Plan Width": 4,
                                                              "Filter": "((p_type)::text = 'ECONOMY POLISHED STEEL'::text)",
                                                              "parent": 17,
                                                              "ID": 18
                                                            }
                                                          ],
                                                          "parent": 15,
                                                          "ID": 17,
                                                          "left": 18
                                                        }
                                                      ],
                                                      "parent": 14,
                                                      "ID": 15,
                                                      "left": 16,
                                                      "right": 17
                                                    }
                                                  ],
                                                  "parent": 12,
                                                  "ID": 14,
                                                  "left": 15
                                                }
                                              ],
                                              "parent": 11,
                                              "ID": 12,
                                              "left": 13,
                                              "right": 14
                                            }
                                          ],
                                          "parent": 9,
                                          "ID": 11,
                                          "left": 12
                                        }
                                      ],
                                      "parent": 8,
                                      "ID": 9,
                                      "left": 10,
                                      "right": 11
                                    },
                                    {
                                      "Node Type": "Hash",
                                      "Parent Relationship": "Inner",
                                      "Parallel Aware": false,
                                      "Async Capable": false,
                                      "Startup Cost": 2.47,
                                      "Total Cost": 2.47,
                                      "Plan Rows": 5,
                                      "Plan Width": 4,
                                      "Plans": [
                                        {
                                          "Node Type": "Hash Join",
                                          "Parent Relationship": "Outer",
                                          "Parallel Aware": false,
                                          "Async Capable": false,
                                          "Join Type": "Inner",
                                          "Startup Cost": 1.07,
                                          "Total Cost": 2.47,
                                          "Plan Rows": 5,
                                          "Plan Width": 4,
                                          "Inner Unique": false,
                                          "Hash Cond": "(n1.n_regionkey = region.r_regionkey)",
                                          "Plans": [
                                            {
                                              "Node Type": "Seq Scan",
                                              "Parent Relationship": "Outer",
                                              "Parallel Aware": false,
                                              "Async Capable": false,
                                              "Relation Name": "nation",
                                              "Alias": "n1",
                                              "Startup Cost": 0.0,
                                              "Total Cost": 1.25,
                                              "Plan Rows": 25,
                                              "Plan Width": 8,
                                              "parent": 20,
                                              "ID": 21
                                            },
                                            {
                                              "Node Type": "Hash",
                                              "Parent Relationship": "Inner",
                                              "Parallel Aware": false,
                                              "Async Capable": false,
                                              "Startup Cost": 1.06,
                                              "Total Cost": 1.06,
                                              "Plan Rows": 1,
                                              "Plan Width": 4,
                                              "Plans": [
                                                {
                                                  "Node Type": "Seq Scan",
                                                  "Parent Relationship": "Outer",
                                                  "Parallel Aware": false,
                                                  "Async Capable": false,
                                                  "Relation Name": "region",
                                                  "Alias": "region",
                                                  "Startup Cost": 0.0,
                                                  "Total Cost": 1.06,
                                                  "Plan Rows": 1,
                                                  "Plan Width": 4,
                                                  "Filter": "(r_name = 'EUROPE'::bpchar)",
                                                  "parent": 22,
                                                  "ID": 23
                                                }
                                              ],
                                              "parent": 20,
                                              "ID": 22,
                                              "left": 23
                                            }
                                          ],
                                          "parent": 19,
                                          "ID": 20,
                                          "left": 21,
                                          "right": 22
                                        }
                                      ],
                                      "parent": 8,
                                      "ID": 19,
                                      "left": 20
                                    }
                                  ],
                                  "parent": 7,
                                  "ID": 8,
                                  "left": 9,
                                  "right": 19
                                }
                              ],
                              "parent": 5,
                              "ID": 7,
                              "left": 8
                            }
                          ],
                          "parent": 4,
                          "ID": 5,
                          "left": 6,
                          "right": 7
                        },
                        {
                          "Node Type": "Hash",
                          "Parent Relationship": "Inner",
                          "Parallel Aware": false,
                          "Async Capable": false,
                          "Startup Cost": 1.25,
                          "Total Cost": 1.25,
                          "Plan Rows": 25,
                          "Plan Width": 30,
                          "Plans": [
                            {
                              "Node Type": "Seq Scan",
                              "Parent Relationship": "Outer",
                              "Parallel Aware": false,
                              "Async Capable": false,
                              "Relation Name": "nation",
                              "Alias": "n2",
                              "Startup Cost": 0.0,
                              "Total Cost": 1.25,
                              "Plan Rows": 25,
                              "Plan Width": 30,
                              "parent": 24,
                              "ID": 25
                            }
                          ],
                          "parent": 4,
                          "ID": 24,
                          "left": 25
                        }
                      ],
                      "parent": 3,
                      "ID": 4,
                      "left": 5,
                      "right": 24
                    }
                  ],
                  "parent": 2,
                  "ID": 3,
                  "left": 4
                }
              ],
              "parent": 1,
              "ID": 2,
              "left": 3
            }
          ],
          "parent": 0,
          "ID": 1,
          "left": 2
        }
      ],
      "parent": null,
      "ID": 0,
      "left": 1
    },
    "feat": {
      "utility": 0.026187736670081563,
      "query_shape": [
        [
          "Seq Scan",
          "Hash Join",
          "Sort",
          "Aggregate",
          "Gather Merge"
        ],
        [
          "Seq Scan",
          "Hash Join",
          "Hash",
          "Sort",
          "Aggregate",
          "Gather Merge"
        ],
        [
          "Seq Scan",
          "Hash Join",
          "Hash",
          "Sort",
          "Aggregate",
          "Gather Merge"
        ],
        [
          "Seq Scan",
          "Hash Join",
          "Hash",
          "Sort",
          "Aggregate",
          "Gather Merge"
        ],
        [
          "Seq Scan",
          "Hash",
          "Hash Join",
          "Sort",
          "Aggregate",
          "Gather Merge"
        ],
        [
          "Seq Scan",
          "Hash Join",
          "Hash",
          "Sort",
          "Aggregate",
          "Gather Merge"
        ],
        [
          "Seq Scan",
          "Hash",
          "Hash Join",
          "Sort",
          "Aggregate",
          "Gather Merge"
        ],
        [
          "Seq Scan",
          "Hash",
          "Hash Join",
          "Sort",
          "Aggregate",
          "Gather Merge"
        ]
      ],
      "index_shape": [
        "selection"
      ],
      "physical_operator": {
        "Seq Scan": [
          0.00277000000000005
        ]
      }
    }
  },
  {
    "query": "-- Functional Query Definition\n-- Approved February 1998\n\n\nselect\no_year,\nsum(case\nwhen nation = 'ROMANIA' then volume\nelse 0\nend) / sum(volume) as mkt_share\nfrom\n(\nselect\nextract(year from o_orderdate) as o_year,\nl_extendedprice * (1 - l_discount) as volume,\nn2.n_name as nation\nfrom\npart,\nsupplier,\nlineitem,\norders,\ncustomer,\nnation n1,\nnation n2,\nregion\nwhere\np_partkey = l_partkey\nand s_suppkey = l_suppkey\nand l_orderkey = o_orderkey\nand o_custkey = c_custkey\nand c_nationkey = n1.n_nationkey\nand n1.n_regionkey = r_regionkey\nand r_name = 'EUROPE'\nand s_nationkey = n2.n_nationkey\nand o_orderdate between date '1995-01-01' and date '1996-12-31'\nand p_type = 'ECONOMY POLISHED STEEL'\n) as all_nations\ngroup by\no_year\norder by\no_year ;\n-- $ID$\n-- TPC-H/TPC-R Product Type Profit Measure ",
    "indexes": "region.r_regionkey",
    "wo plan est": {
      "Node Type": "Aggregate",
      "Strategy": "Sorted",
      "Partial Mode": "Finalize",
      "Parallel Aware": false,
      "Async Capable": false,
      "Startup Cost": 1955785.01,
      "Total Cost": 1956486.84,
      "Plan Rows": 2406,
      "Plan Width": 64,
      "Group Key": [
        "(EXTRACT(year FROM orders.o_orderdate))"
      ],
      "Plans": [
        {
          "Node Type": "Gather Merge",
          "Parent Relationship": "Outer",
          "Parallel Aware": false,
          "Async Capable": false,
          "Startup Cost": 1955785.01,
          "Total Cost": 1956408.65,
          "Plan Rows": 2406,
          "Plan Width": 96,
          "Workers Planned": 1,
          "Plans": [
            {
              "Node Type": "Aggregate",
              "Strategy": "Sorted",
              "Partial Mode": "Partial",
              "Parent Relationship": "Outer",
              "Parallel Aware": false,
              "Async Capable": false,
              "Startup Cost": 1954785.0,
              "Total Cost": 1955137.96,
              "Plan Rows": 2406,
              "Plan Width": 96,
              "Group Key": [
                "(EXTRACT(year FROM orders.o_orderdate))"
              ],
              "Plans": [
                {
                  "Node Type": "Sort",
                  "Parent Relationship": "Outer",
                  "Parallel Aware": false,
                  "Async Capable": false,
                  "Startup Cost": 1954785.0,
                  "Total Cost": 1954819.54,
                  "Plan Rows": 13816,
                  "Plan Width": 70,
                  "Sort Key": [
                    "(EXTRACT(year FROM orders.o_orderdate))"
                  ],
                  "Plans": [
                    {
                      "Node Type": "Hash Join",
                      "Parent Relationship": "Outer",
                      "Parallel Aware": false,
                      "Async Capable": false,
                      "Join Type": "Inner",
                      "Startup Cost": 1950527.96,
                      "Total Cost": 1953834.87,
                      "Plan Rows": 13816,
                      "Plan Width": 70,
                      "Inner Unique": false,
                      "Hash Cond": "(supplier.s_nationkey = n2.n_nationkey)",
                      "Plans": [
                        {
                          "Node Type": "Hash Join",
                          "Parent Relationship": "Outer",
                          "Parallel Aware": true,
                          "Async Capable": false,
                          "Join Type": "Inner",
                          "Startup Cost": 1950526.4,
                          "Total Cost": 1953608.79,
                          "Plan Rows": 13816,
                          "Plan Width": 20,
                          "Inner Unique": false,
                          "Hash Cond": "(supplier.s_suppkey = lineitem.l_suppkey)",
                          "Plans": [
                            {
                              "Node Type": "Seq Scan",
                              "Parent Relationship": "Outer",
                              "Parallel Aware": true,
                              "Async Capable": false,
                              "Relation Name": "supplier",
                              "Alias": "supplier",
                              "Startup Cost": 0.0,
                              "Total Cost": 2804.24,
                              "Plan Rows": 58824,
                              "Plan Width": 8,
                              "parent": 5,
                              "ID": 6
                            },
                            {
                              "Node Type": "Hash",
                              "Parent Relationship": "Inner",
                              "Parallel Aware": true,
                              "Async Capable": false,
                              "Startup Cost": 1950404.06,
                              "Total Cost": 1950404.06,
                              "Plan Rows": 9787,
                              "Plan Width": 20,
                              "Plans": [
                                {
                                  "Node Type": "Hash Join",
                                  "Parent Relationship": "Outer",
                                  "Parallel Aware": false,
                                  "Async Capable": false,
                                  "Join Type": "Inner",
                                  "Startup Cost": 1905498.74,
                                  "Total Cost": 1950404.06,
                                  "Plan Rows": 9787,
                                  "Plan Width": 20,
                                  "Inner Unique": false,
                                  "Hash Cond": "(customer.c_nationkey = n1.n_nationkey)",
                                  "Plans": [
                                    {
                                      "Node Type": "Hash Join",
                                      "Parent Relationship": "Outer",
                                      "Parallel Aware": true,
                                      "Async Capable": false,
                                      "Join Type": "Inner",
                                      "Startup Cost": 1905496.2,
                                      "Total Cost": 1950120.18,
                                      "Plan Rows": 48932,
                                      "Plan Width": 24,
                                      "Inner Unique": false,
                                      "Hash Cond": "(customer.c_custkey = orders.o_custkey)",
                                      "Plans": [
                                        {
                                          "Node Type": "Seq Scan",
                                          "Parent Relationship": "Outer",
                                          "Parallel Aware": true,
                                          "Async Capable": false,
                                          "Relation Name": "customer",
                                          "Alias": "customer",
                                          "Startup Cost": 0.0,
                                          "Total Cost": 42076.52,
                                          "Plan Rows": 624952,
                                          "Plan Width": 8,
                                          "parent": 9,
                                          "ID": 10
                                        },
                                        {
                                          "Node Type": "Hash",
                                          "Parent Relationship": "Inner",
                                          "Parallel Aware": true,
                                          "Async Capable": false,
                                          "Startup Cost": 1904884.55,
                                          "Total Cost": 1904884.55,
                                          "Plan Rows": 48932,
                                          "Plan Width": 24,
                                          "Plans": [
                                            {
                                              "Node Type": "Hash Join",
                                              "Parent Relationship": "Outer",
                                              "Parallel Aware": true,
                                              "Async Capable": false,
                                              "Join Type": "Inner",
                                              "Startup Cost": 1523283.11,
                                              "Total Cost": 1904884.55,
                                              "Plan Rows": 48932,
                                              "Plan Width": 24,
                                              "Inner Unique": false,
                                              "Hash Cond": "(orders.o_orderkey = lineitem.l_orderkey)",
                                              "Plans": [
                                                {
                                                  "Node Type": "Seq Scan",
                                                  "Parent Relationship": "Outer",
                                                  "Parallel Aware": true,
                                                  "Async Capable": false,
                                                  "Relation Name": "orders",
                                                  "Alias": "orders",
                                                  "Startup Cost": 0.0,
                                                  "Total Cost": 354655.56,
                                                  "Plan Rows": 1909064,
                                                  "Plan Width": 12,
                                                  "Filter": "((o_orderdate >= '1995-01-01'::date) AND (o_orderdate <= '1996-12-31'::date))",
                                                  "parent": 12,
                                                  "ID": 13
                                                },
                                                {
                                                  "Node Type": "Hash",
                                                  "Parent Relationship": "Inner",
                                                  "Parallel Aware": true,
                                                  "Async Capable": false,
                                                  "Startup Cost": 1520341.76,
                                                  "Total Cost": 1520341.76,
                                                  "Plan Rows": 160188,
                                                  "Plan Width": 20,
                                                  "Plans": [
                                                    {
                                                      "Node Type": "Hash Join",
                                                      "Parent Relationship": "Outer",
                                                      "Parallel Aware": true,
                                                      "Async Capable": false,
                                                      "Join Type": "Inner",
                                                      "Startup Cost": 51447.53,
                                                      "Total Cost": 1520341.76,
                                                      "Plan Rows": 160188,
                                                      "Plan Width": 20,
                                                      "Inner Unique": false,
                                                      "Hash Cond": "(lineitem.l_partkey = part.p_partkey)",
                                                      "Plans": [
                                                        {
                                                          "Node Type": "Seq Scan",
                                                          "Parent Relationship": "Outer",
                                                          "Parallel Aware": true,
                                                          "Async Capable": false,
                                                          "Relation Name": "lineitem",
                                                          "Alias": "lineitem",
                                                          "Startup Cost": 0.0,
                                                          "Total Cost": 1374494.57,
                                                          "Plan Rows": 24995257,
                                                          "Plan Width": 24,
                                                          "parent": 15,
                                                          "ID": 16
                                                        },
                                                        {
                                                          "Node Type": "Hash",
                                                          "Parent Relationship": "Inner",
                                                          "Parallel Aware": true,
                                                          "Async Capable": false,
                                                          "Startup Cost": 51378.28,
                                                          "Total Cost": 51378.28,
                                                          "Plan Rows": 5540,
                                                          "Plan Width": 4,
                                                          "Plans": [
                                                            {
                                                              "Node Type": "Seq Scan",
                                                              "Parent Relationship": "Outer",
                                                              "Parallel Aware": true,
                                                              "Async Capable": false,
                                                              "Relation Name": "part",
                                                              "Alias": "part",
                                                              "Startup Cost": 0.0,
                                                              "Total Cost": 51378.28,
                                                              "Plan Rows": 5540,
                                                              "Plan Width": 4,
                                                              "Filter": "((p_type)::text = 'ECONOMY POLISHED STEEL'::text)",
                                                              "parent": 17,
                                                              "ID": 18
                                                            }
                                                          ],
                                                          "parent": 15,
                                                          "ID": 17,
                                                          "left": 18
                                                        }
                                                      ],
                                                      "parent": 14,
                                                      "ID": 15,
                                                      "left": 16,
                                                      "right": 17
                                                    }
                                                  ],
                                                  "parent": 12,
                                                  "ID": 14,
                                                  "left": 15
                                                }
                                              ],
                                              "parent": 11,
                                              "ID": 12,
                                              "left": 13,
                                              "right": 14
                                            }
                                          ],
                                          "parent": 9,
                                          "ID": 11,
                                          "left": 12
                                        }
                                      ],
                                      "parent": 8,
                                      "ID": 9,
                                      "left": 10,
                                      "right": 11
                                    },
                                    {
                                      "Node Type": "Hash",
                                      "Parent Relationship": "Inner",
                                      "Parallel Aware": false,
                                      "Async Capable": false,
                                      "Startup Cost": 2.47,
                                      "Total Cost": 2.47,
                                      "Plan Rows": 5,
                                      "Plan Width": 4,
                                      "Plans": [
                                        {
                                          "Node Type": "Hash Join",
                                          "Parent Relationship": "Outer",
                                          "Parallel Aware": false,
                                          "Async Capable": false,
                                          "Join Type": "Inner",
                                          "Startup Cost": 1.07,
                                          "Total Cost": 2.47,
                                          "Plan Rows": 5,
                                          "Plan Width": 4,
                                          "Inner Unique": false,
                                          "Hash Cond": "(n1.n_regionkey = region.r_regionkey)",
                                          "Plans": [
                                            {
                                              "Node Type": "Seq Scan",
                                              "Parent Relationship": "Outer",
                                              "Parallel Aware": false,
                                              "Async Capable": false,
                                              "Relation Name": "nation",
                                              "Alias": "n1",
                                              "Startup Cost": 0.0,
                                              "Total Cost": 1.25,
                                              "Plan Rows": 25,
                                              "Plan Width": 8,
                                              "parent": 20,
                                              "ID": 21
                                            },
                                            {
                                              "Node Type": "Hash",
                                              "Parent Relationship": "Inner",
                                              "Parallel Aware": false,
                                              "Async Capable": false,
                                              "Startup Cost": 1.06,
                                              "Total Cost": 1.06,
                                              "Plan Rows": 1,
                                              "Plan Width": 4,
                                              "Plans": [
                                                {
                                                  "Node Type": "Seq Scan",
                                                  "Parent Relationship": "Outer",
                                                  "Parallel Aware": false,
                                                  "Async Capable": false,
                                                  "Relation Name": "region",
                                                  "Alias": "region",
                                                  "Startup Cost": 0.0,
                                                  "Total Cost": 1.06,
                                                  "Plan Rows": 1,
                                                  "Plan Width": 4,
                                                  "Filter": "(r_name = 'EUROPE'::bpchar)",
                                                  "parent": 22,
                                                  "ID": 23
                                                }
                                              ],
                                              "parent": 20,
                                              "ID": 22,
                                              "left": 23
                                            }
                                          ],
                                          "parent": 19,
                                          "ID": 20,
                                          "left": 21,
                                          "right": 22
                                        }
                                      ],
                                      "parent": 8,
                                      "ID": 19,
                                      "left": 20
                                    }
                                  ],
                                  "parent": 7,
                                  "ID": 8,
                                  "left": 9,
                                  "right": 19
                                }
                              ],
                              "parent": 5,
                              "ID": 7,
                              "left": 8
                            }
                          ],
                          "parent": 4,
                          "ID": 5,
                          "left": 6,
                          "right": 7
                        },
                        {
                          "Node Type": "Hash",
                          "Parent Relationship": "Inner",
                          "Parallel Aware": false,
                          "Async Capable": false,
                          "Startup Cost": 1.25,
                          "Total Cost": 1.25,
                          "Plan Rows": 25,
                          "Plan Width": 30,
                          "Plans": [
                            {
                              "Node Type": "Seq Scan",
                              "Parent Relationship": "Outer",
                              "Parallel Aware": false,
                              "Async Capable": false,
                              "Relation Name": "nation",
                              "Alias": "n2",
                              "Startup Cost": 0.0,
                              "Total Cost": 1.25,
                              "Plan Rows": 25,
                              "Plan Width": 30,
                              "parent": 24,
                              "ID": 25
                            }
                          ],
                          "parent": 4,
                          "ID": 24,
                          "left": 25
                        }
                      ],
                      "parent": 3,
                      "ID": 4,
                      "left": 5,
                      "right": 24
                    }
                  ],
                  "parent": 2,
                  "ID": 3,
                  "left": 4
                }
              ],
              "parent": 1,
              "ID": 2,
              "left": 3
            }
          ],
          "parent": 0,
          "ID": 1,
          "left": 2
        }
      ],
      "parent": null,
      "ID": 0,
      "left": 1
    },
    "feat": {
      "utility": 3.531753914710986e-07,
      "query_shape": [
        [
          "Seq Scan",
          "Hash Join",
          "Sort",
          "Aggregate",
          "Gather Merge"
        ],
        [
          "Seq Scan",
          "Hash Join",
          "Hash",
          "Sort",
          "Aggregate",
          "Gather Merge"
        ],
        [
          "Seq Scan",
          "Hash Join",
          "Hash",
          "Sort",
          "Aggregate",
          "Gather Merge"
        ],
        [
          "Seq Scan",
          "Hash Join",
          "Hash",
          "Sort",
          "Aggregate",
          "Gather Merge"
        ],
        [
          "Seq Scan",
          "Hash",
          "Hash Join",
          "Sort",
          "Aggregate",
          "Gather Merge"
        ],
        [
          "Seq Scan",
          "Hash Join",
          "Hash",
          "Sort",
          "Aggregate",
          "Gather Merge"
        ],
        [
          "Seq Scan",
          "Hash",
          "Hash Join",
          "Sort",
          "Aggregate",
          "Gather Merge"
        ],
        [
          "Seq Scan",
          "Hash",
          "Hash Join",
          "Sort",
          "Aggregate",
          "Gather Merge"
        ]
      ],
      "index_shape": [
        "join"
      ],
      "physical_operator": {
        "Hash Join": [
          0.4472135954999579
        ]
      }
    }
  },
  {
    "query": "-- Functional Query Definition\n-- Approved February 1998\n\n\nselect\no_year,\nsum(case\nwhen nation = 'ROMANIA' then volume\nelse 0\nend) / sum(volume) as mkt_share\nfrom\n(\nselect\nextract(year from o_orderdate) as o_year,\nl_extendedprice * (1 - l_discount) as volume,\nn2.n_name as nation\nfrom\npart,\nsupplier,\nlineitem,\norders,\ncustomer,\nnation n1,\nnation n2,\nregion\nwhere\np_partkey = l_partkey\nand s_suppkey = l_suppkey\nand l_orderkey = o_orderkey\nand o_custkey = c_custkey\nand c_nationkey = n1.n_nationkey\nand n1.n_regionkey = r_regionkey\nand r_name = 'EUROPE'\nand s_nationkey = n2.n_nationkey\nand o_orderdate between date '1995-01-01' and date '1996-12-31'\nand p_type = 'ECONOMY POLISHED STEEL'\n) as all_nations\ngroup by\no_year\norder by\no_year ;\n-- $ID$\n-- TPC-H/TPC-R Product Type Profit Measure ",
    "indexes": "region.r_name",
    "wo plan est": {
      "Node Type": "Aggregate",
      "Strategy": "Sorted",
      "Partial Mode": "Finalize",
      "Parallel Aware": false,
      "Async Capable": false,
      "Startup Cost": 1955785.01,
      "Total Cost": 1956486.84,
      "Plan Rows": 2406,
      "Plan Width": 64,
      "Group Key": [
        "(EXTRACT(year FROM orders.o_orderdate))"
      ],
      "Plans": [
        {
          "Node Type": "Gather Merge",
          "Parent Relationship": "Outer",
          "Parallel Aware": false,
          "Async Capable": false,
          "Startup Cost": 1955785.01,
          "Total Cost": 1956408.65,
          "Plan Rows": 2406,
          "Plan Width": 96,
          "Workers Planned": 1,
          "Plans": [
            {
              "Node Type": "Aggregate",
              "Strategy": "Sorted",
              "Partial Mode": "Partial",
              "Parent Relationship": "Outer",
              "Parallel Aware": false,
              "Async Capable": false,
              "Startup Cost": 1954785.0,
              "Total Cost": 1955137.96,
              "Plan Rows": 2406,
              "Plan Width": 96,
              "Group Key": [
                "(EXTRACT(year FROM orders.o_orderdate))"
              ],
              "Plans": [
                {
                  "Node Type": "Sort",
                  "Parent Relationship": "Outer",
                  "Parallel Aware": false,
                  "Async Capable": false,
                  "Startup Cost": 1954785.0,
                  "Total Cost": 1954819.54,
                  "Plan Rows": 13816,
                  "Plan Width": 70,
                  "Sort Key": [
                    "(EXTRACT(year FROM orders.o_orderdate))"
                  ],
                  "Plans": [
                    {
                      "Node Type": "Hash Join",
                      "Parent Relationship": "Outer",
                      "Parallel Aware": false,
                      "Async Capable": false,
                      "Join Type": "Inner",
                      "Startup Cost": 1950527.96,
                      "Total Cost": 1953834.87,
                      "Plan Rows": 13816,
                      "Plan Width": 70,
                      "Inner Unique": false,
                      "Hash Cond": "(supplier.s_nationkey = n2.n_nationkey)",
                      "Plans": [
                        {
                          "Node Type": "Hash Join",
                          "Parent Relationship": "Outer",
                          "Parallel Aware": true,
                          "Async Capable": false,
                          "Join Type": "Inner",
                          "Startup Cost": 1950526.4,
                          "Total Cost": 1953608.79,
                          "Plan Rows": 13816,
                          "Plan Width": 20,
                          "Inner Unique": false,
                          "Hash Cond": "(supplier.s_suppkey = lineitem.l_suppkey)",
                          "Plans": [
                            {
                              "Node Type": "Seq Scan",
                              "Parent Relationship": "Outer",
                              "Parallel Aware": true,
                              "Async Capable": false,
                              "Relation Name": "supplier",
                              "Alias": "supplier",
                              "Startup Cost": 0.0,
                              "Total Cost": 2804.24,
                              "Plan Rows": 58824,
                              "Plan Width": 8,
                              "parent": 5,
                              "ID": 6
                            },
                            {
                              "Node Type": "Hash",
                              "Parent Relationship": "Inner",
                              "Parallel Aware": true,
                              "Async Capable": false,
                              "Startup Cost": 1950404.06,
                              "Total Cost": 1950404.06,
                              "Plan Rows": 9787,
                              "Plan Width": 20,
                              "Plans": [
                                {
                                  "Node Type": "Hash Join",
                                  "Parent Relationship": "Outer",
                                  "Parallel Aware": false,
                                  "Async Capable": false,
                                  "Join Type": "Inner",
                                  "Startup Cost": 1905498.74,
                                  "Total Cost": 1950404.06,
                                  "Plan Rows": 9787,
                                  "Plan Width": 20,
                                  "Inner Unique": false,
                                  "Hash Cond": "(customer.c_nationkey = n1.n_nationkey)",
                                  "Plans": [
                                    {
                                      "Node Type": "Hash Join",
                                      "Parent Relationship": "Outer",
                                      "Parallel Aware": true,
                                      "Async Capable": false,
                                      "Join Type": "Inner",
                                      "Startup Cost": 1905496.2,
                                      "Total Cost": 1950120.18,
                                      "Plan Rows": 48932,
                                      "Plan Width": 24,
                                      "Inner Unique": false,
                                      "Hash Cond": "(customer.c_custkey = orders.o_custkey)",
                                      "Plans": [
                                        {
                                          "Node Type": "Seq Scan",
                                          "Parent Relationship": "Outer",
                                          "Parallel Aware": true,
                                          "Async Capable": false,
                                          "Relation Name": "customer",
                                          "Alias": "customer",
                                          "Startup Cost": 0.0,
                                          "Total Cost": 42076.52,
                                          "Plan Rows": 624952,
                                          "Plan Width": 8,
                                          "parent": 9,
                                          "ID": 10
                                        },
                                        {
                                          "Node Type": "Hash",
                                          "Parent Relationship": "Inner",
                                          "Parallel Aware": true,
                                          "Async Capable": false,
                                          "Startup Cost": 1904884.55,
                                          "Total Cost": 1904884.55,
                                          "Plan Rows": 48932,
                                          "Plan Width": 24,
                                          "Plans": [
                                            {
                                              "Node Type": "Hash Join",
                                              "Parent Relationship": "Outer",
                                              "Parallel Aware": true,
                                              "Async Capable": false,
                                              "Join Type": "Inner",
                                              "Startup Cost": 1523283.11,
                                              "Total Cost": 1904884.55,
                                              "Plan Rows": 48932,
                                              "Plan Width": 24,
                                              "Inner Unique": false,
                                              "Hash Cond": "(orders.o_orderkey = lineitem.l_orderkey)",
                                              "Plans": [
                                                {
                                                  "Node Type": "Seq Scan",
                                                  "Parent Relationship": "Outer",
                                                  "Parallel Aware": true,
                                                  "Async Capable": false,
                                                  "Relation Name": "orders",
                                                  "Alias": "orders",
                                                  "Startup Cost": 0.0,
                                                  "Total Cost": 354655.56,
                                                  "Plan Rows": 1909064,
                                                  "Plan Width": 12,
                                                  "Filter": "((o_orderdate >= '1995-01-01'::date) AND (o_orderdate <= '1996-12-31'::date))",
                                                  "parent": 12,
                                                  "ID": 13
                                                },
                                                {
                                                  "Node Type": "Hash",
                                                  "Parent Relationship": "Inner",
                                                  "Parallel Aware": true,
                                                  "Async Capable": false,
                                                  "Startup Cost": 1520341.76,
                                                  "Total Cost": 1520341.76,
                                                  "Plan Rows": 160188,
                                                  "Plan Width": 20,
                                                  "Plans": [
                                                    {
                                                      "Node Type": "Hash Join",
                                                      "Parent Relationship": "Outer",
                                                      "Parallel Aware": true,
                                                      "Async Capable": false,
                                                      "Join Type": "Inner",
                                                      "Startup Cost": 51447.53,
                                                      "Total Cost": 1520341.76,
                                                      "Plan Rows": 160188,
                                                      "Plan Width": 20,
                                                      "Inner Unique": false,
                                                      "Hash Cond": "(lineitem.l_partkey = part.p_partkey)",
                                                      "Plans": [
                                                        {
                                                          "Node Type": "Seq Scan",
                                                          "Parent Relationship": "Outer",
                                                          "Parallel Aware": true,
                                                          "Async Capable": false,
                                                          "Relation Name": "lineitem",
                                                          "Alias": "lineitem",
                                                          "Startup Cost": 0.0,
                                                          "Total Cost": 1374494.57,
                                                          "Plan Rows": 24995257,
                                                          "Plan Width": 24,
                                                          "parent": 15,
                                                          "ID": 16
                                                        },
                                                        {
                                                          "Node Type": "Hash",
                                                          "Parent Relationship": "Inner",
                                                          "Parallel Aware": true,
                                                          "Async Capable": false,
                                                          "Startup Cost": 51378.28,
                                                          "Total Cost": 51378.28,
                                                          "Plan Rows": 5540,
                                                          "Plan Width": 4,
                                                          "Plans": [
                                                            {
                                                              "Node Type": "Seq Scan",
                                                              "Parent Relationship": "Outer",
                                                              "Parallel Aware": true,
                                                              "Async Capable": false,
                                                              "Relation Name": "part",
                                                              "Alias": "part",
                                                              "Startup Cost": 0.0,
                                                              "Total Cost": 51378.28,
                                                              "Plan Rows": 5540,
                                                              "Plan Width": 4,
                                                              "Filter": "((p_type)::text = 'ECONOMY POLISHED STEEL'::text)",
                                                              "parent": 17,
                                                              "ID": 18
                                                            }
                                                          ],
                                                          "parent": 15,
                                                          "ID": 17,
                                                          "left": 18
                                                        }
                                                      ],
                                                      "parent": 14,
                                                      "ID": 15,
                                                      "left": 16,
                                                      "right": 17
                                                    }
                                                  ],
                                                  "parent": 12,
                                                  "ID": 14,
                                                  "left": 15
                                                }
                                              ],
                                              "parent": 11,
                                              "ID": 12,
                                              "left": 13,
                                              "right": 14
                                            }
                                          ],
                                          "parent": 9,
                                          "ID": 11,
                                          "left": 12
                                        }
                                      ],
                                      "parent": 8,
                                      "ID": 9,
                                      "left": 10,
                                      "right": 11
                                    },
                                    {
                                      "Node Type": "Hash",
                                      "Parent Relationship": "Inner",
                                      "Parallel Aware": false,
                                      "Async Capable": false,
                                      "Startup Cost": 2.47,
                                      "Total Cost": 2.47,
                                      "Plan Rows": 5,
                                      "Plan Width": 4,
                                      "Plans": [
                                        {
                                          "Node Type": "Hash Join",
                                          "Parent Relationship": "Outer",
                                          "Parallel Aware": false,
                                          "Async Capable": false,
                                          "Join Type": "Inner",
                                          "Startup Cost": 1.07,
                                          "Total Cost": 2.47,
                                          "Plan Rows": 5,
                                          "Plan Width": 4,
                                          "Inner Unique": false,
                                          "Hash Cond": "(n1.n_regionkey = region.r_regionkey)",
                                          "Plans": [
                                            {
                                              "Node Type": "Seq Scan",
                                              "Parent Relationship": "Outer",
                                              "Parallel Aware": false,
                                              "Async Capable": false,
                                              "Relation Name": "nation",
                                              "Alias": "n1",
                                              "Startup Cost": 0.0,
                                              "Total Cost": 1.25,
                                              "Plan Rows": 25,
                                              "Plan Width": 8,
                                              "parent": 20,
                                              "ID": 21
                                            },
                                            {
                                              "Node Type": "Hash",
                                              "Parent Relationship": "Inner",
                                              "Parallel Aware": false,
                                              "Async Capable": false,
                                              "Startup Cost": 1.06,
                                              "Total Cost": 1.06,
                                              "Plan Rows": 1,
                                              "Plan Width": 4,
                                              "Plans": [
                                                {
                                                  "Node Type": "Seq Scan",
                                                  "Parent Relationship": "Outer",
                                                  "Parallel Aware": false,
                                                  "Async Capable": false,
                                                  "Relation Name": "region",
                                                  "Alias": "region",
                                                  "Startup Cost": 0.0,
                                                  "Total Cost": 1.06,
                                                  "Plan Rows": 1,
                                                  "Plan Width": 4,
                                                  "Filter": "(r_name = 'EUROPE'::bpchar)",
                                                  "parent": 22,
                                                  "ID": 23
                                                }
                                              ],
                                              "parent": 20,
                                              "ID": 22,
                                              "left": 23
                                            }
                                          ],
                                          "parent": 19,
                                          "ID": 20,
                                          "left": 21,
                                          "right": 22
                                        }
                                      ],
                                      "parent": 8,
                                      "ID": 19,
                                      "left": 20
                                    }
                                  ],
                                  "parent": 7,
                                  "ID": 8,
                                  "left": 9,
                                  "right": 19
                                }
                              ],
                              "parent": 5,
                              "ID": 7,
                              "left": 8
                            }
                          ],
                          "parent": 4,
                          "ID": 5,
                          "left": 6,
                          "right": 7
                        },
                        {
                          "Node Type": "Hash",
                          "Parent Relationship": "Inner",
                          "Parallel Aware": false,
                          "Async Capable": false,
                          "Startup Cost": 1.25,
                          "Total Cost": 1.25,
                          "Plan Rows": 25,
                          "Plan Width": 30,
                          "Plans": [
                            {
                              "Node Type": "Seq Scan",
                              "Parent Relationship": "Outer",
                              "Parallel Aware": false,
                              "Async Capable": false,
                              "Relation Name": "nation",
                              "Alias": "n2",
                              "Startup Cost": 0.0,
                              "Total Cost": 1.25,
                              "Plan Rows": 25,
                              "Plan Width": 30,
                              "parent": 24,
                              "ID": 25
                            }
                          ],
                          "parent": 4,
                          "ID": 24,
                          "left": 25
                        }
                      ],
                      "parent": 3,
                      "ID": 4,
                      "left": 5,
                      "right": 24
                    }
                  ],
                  "parent": 2,
                  "ID": 3,
                  "left": 4
                }
              ],
              "parent": 1,
              "ID": 2,
              "left": 3
            }
          ],
          "parent": 0,
          "ID": 1,
          "left": 2
        }
      ],
      "parent": null,
      "ID": 0,
      "left": 1
    },
    "feat": {
      "utility": 4.334299534567787e-07,
      "query_shape": [
        [
          "Seq Scan",
          "Hash Join",
          "Sort",
          "Aggregate",
          "Gather Merge"
        ],
        [
          "Seq Scan",
          "Hash Join",
          "Hash",
          "Sort",
          "Aggregate",
          "Gather Merge"
        ],
        [
          "Seq Scan",
          "Hash Join",
          "Hash",
          "Sort",
          "Aggregate",
          "Gather Merge"
        ],
        [
          "Seq Scan",
          "Hash Join",
          "Hash",
          "Sort",
          "Aggregate",
          "Gather Merge"
        ],
        [
          "Seq Scan",
          "Hash",
          "Hash Join",
          "Sort",
          "Aggregate",
          "Gather Merge"
        ],
        [
          "Seq Scan",
          "Hash Join",
          "Hash",
          "Sort",
          "Aggregate",
          "Gather Merge"
        ],
        [
          "Seq Scan",
          "Hash",
          "Hash Join",
          "Sort",
          "Aggregate",
          "Gather Merge"
        ],
        [
          "Seq Scan",
          "Hash",
          "Hash Join",
          "Sort",
          "Aggregate",
          "Gather Merge"
        ]
      ],
      "index_shape": [
        "selection"
      ],
      "physical_operator": {
        "Seq Scan": [
          0.19999999999999996
        ]
      }
    }
  },
  {
    "query": "-- Functional Query Definition\n-- Approved February 1998\n\n\nselect\no_year,\nsum(case\nwhen nation = 'ROMANIA' then volume\nelse 0\nend) / sum(volume) as mkt_share\nfrom\n(\nselect\nextract(year from o_orderdate) as o_year,\nl_extendedprice * (1 - l_discount) as volume,\nn2.n_name as nation\nfrom\npart,\nsupplier,\nlineitem,\norders,\ncustomer,\nnation n1,\nnation n2,\nregion\nwhere\np_partkey = l_partkey\nand s_suppkey = l_suppkey\nand l_orderkey = o_orderkey\nand o_custkey = c_custkey\nand c_nationkey = n1.n_nationkey\nand n1.n_regionkey = r_regionkey\nand r_name = 'EUROPE'\nand s_nationkey = n2.n_nationkey\nand o_orderdate between date '1995-01-01' and date '1996-12-31'\nand p_type = 'ECONOMY POLISHED STEEL'\n) as all_nations\ngroup by\no_year\norder by\no_year ;\n-- $ID$\n-- TPC-H/TPC-R Product Type Profit Measure ",
    "indexes": "supplier.s_suppkey",
    "wo plan est": {
      "Node Type": "Aggregate",
      "Strategy": "Sorted",
      "Partial Mode": "Finalize",
      "Parallel Aware": false,
      "Async Capable": false,
      "Startup Cost": 1955785.01,
      "Total Cost": 1956486.84,
      "Plan Rows": 2406,
      "Plan Width": 64,
      "Group Key": [
        "(EXTRACT(year FROM orders.o_orderdate))"
      ],
      "Plans": [
        {
          "Node Type": "Gather Merge",
          "Parent Relationship": "Outer",
          "Parallel Aware": false,
          "Async Capable": false,
          "Startup Cost": 1955785.01,
          "Total Cost": 1956408.65,
          "Plan Rows": 2406,
          "Plan Width": 96,
          "Workers Planned": 1,
          "Plans": [
            {
              "Node Type": "Aggregate",
              "Strategy": "Sorted",
              "Partial Mode": "Partial",
              "Parent Relationship": "Outer",
              "Parallel Aware": false,
              "Async Capable": false,
              "Startup Cost": 1954785.0,
              "Total Cost": 1955137.96,
              "Plan Rows": 2406,
              "Plan Width": 96,
              "Group Key": [
                "(EXTRACT(year FROM orders.o_orderdate))"
              ],
              "Plans": [
                {
                  "Node Type": "Sort",
                  "Parent Relationship": "Outer",
                  "Parallel Aware": false,
                  "Async Capable": false,
                  "Startup Cost": 1954785.0,
                  "Total Cost": 1954819.54,
                  "Plan Rows": 13816,
                  "Plan Width": 70,
                  "Sort Key": [
                    "(EXTRACT(year FROM orders.o_orderdate))"
                  ],
                  "Plans": [
                    {
                      "Node Type": "Hash Join",
                      "Parent Relationship": "Outer",
                      "Parallel Aware": false,
                      "Async Capable": false,
                      "Join Type": "Inner",
                      "Startup Cost": 1950527.96,
                      "Total Cost": 1953834.87,
                      "Plan Rows": 13816,
                      "Plan Width": 70,
                      "Inner Unique": false,
                      "Hash Cond": "(supplier.s_nationkey = n2.n_nationkey)",
                      "Plans": [
                        {
                          "Node Type": "Hash Join",
                          "Parent Relationship": "Outer",
                          "Parallel Aware": true,
                          "Async Capable": false,
                          "Join Type": "Inner",
                          "Startup Cost": 1950526.4,
                          "Total Cost": 1953608.79,
                          "Plan Rows": 13816,
                          "Plan Width": 20,
                          "Inner Unique": false,
                          "Hash Cond": "(supplier.s_suppkey = lineitem.l_suppkey)",
                          "Plans": [
                            {
                              "Node Type": "Seq Scan",
                              "Parent Relationship": "Outer",
                              "Parallel Aware": true,
                              "Async Capable": false,
                              "Relation Name": "supplier",
                              "Alias": "supplier",
                              "Startup Cost": 0.0,
                              "Total Cost": 2804.24,
                              "Plan Rows": 58824,
                              "Plan Width": 8,
                              "parent": 5,
                              "ID": 6
                            },
                            {
                              "Node Type": "Hash",
                              "Parent Relationship": "Inner",
                              "Parallel Aware": true,
                              "Async Capable": false,
                              "Startup Cost": 1950404.06,
                              "Total Cost": 1950404.06,
                              "Plan Rows": 9787,
                              "Plan Width": 20,
                              "Plans": [
                                {
                                  "Node Type": "Hash Join",
                                  "Parent Relationship": "Outer",
                                  "Parallel Aware": false,
                                  "Async Capable": false,
                                  "Join Type": "Inner",
                                  "Startup Cost": 1905498.74,
                                  "Total Cost": 1950404.06,
                                  "Plan Rows": 9787,
                                  "Plan Width": 20,
                                  "Inner Unique": false,
                                  "Hash Cond": "(customer.c_nationkey = n1.n_nationkey)",
                                  "Plans": [
                                    {
                                      "Node Type": "Hash Join",
                                      "Parent Relationship": "Outer",
                                      "Parallel Aware": true,
                                      "Async Capable": false,
                                      "Join Type": "Inner",
                                      "Startup Cost": 1905496.2,
                                      "Total Cost": 1950120.18,
                                      "Plan Rows": 48932,
                                      "Plan Width": 24,
                                      "Inner Unique": false,
                                      "Hash Cond": "(customer.c_custkey = orders.o_custkey)",
                                      "Plans": [
                                        {
                                          "Node Type": "Seq Scan",
                                          "Parent Relationship": "Outer",
                                          "Parallel Aware": true,
                                          "Async Capable": false,
                                          "Relation Name": "customer",
                                          "Alias": "customer",
                                          "Startup Cost": 0.0,
                                          "Total Cost": 42076.52,
                                          "Plan Rows": 624952,
                                          "Plan Width": 8,
                                          "parent": 9,
                                          "ID": 10
                                        },
                                        {
                                          "Node Type": "Hash",
                                          "Parent Relationship": "Inner",
                                          "Parallel Aware": true,
                                          "Async Capable": false,
                                          "Startup Cost": 1904884.55,
                                          "Total Cost": 1904884.55,
                                          "Plan Rows": 48932,
                                          "Plan Width": 24,
                                          "Plans": [
                                            {
                                              "Node Type": "Hash Join",
                                              "Parent Relationship": "Outer",
                                              "Parallel Aware": true,
                                              "Async Capable": false,
                                              "Join Type": "Inner",
                                              "Startup Cost": 1523283.11,
                                              "Total Cost": 1904884.55,
                                              "Plan Rows": 48932,
                                              "Plan Width": 24,
                                              "Inner Unique": false,
                                              "Hash Cond": "(orders.o_orderkey = lineitem.l_orderkey)",
                                              "Plans": [
                                                {
                                                  "Node Type": "Seq Scan",
                                                  "Parent Relationship": "Outer",
                                                  "Parallel Aware": true,
                                                  "Async Capable": false,
                                                  "Relation Name": "orders",
                                                  "Alias": "orders",
                                                  "Startup Cost": 0.0,
                                                  "Total Cost": 354655.56,
                                                  "Plan Rows": 1909064,
                                                  "Plan Width": 12,
                                                  "Filter": "((o_orderdate >= '1995-01-01'::date) AND (o_orderdate <= '1996-12-31'::date))",
                                                  "parent": 12,
                                                  "ID": 13
                                                },
                                                {
                                                  "Node Type": "Hash",
                                                  "Parent Relationship": "Inner",
                                                  "Parallel Aware": true,
                                                  "Async Capable": false,
                                                  "Startup Cost": 1520341.76,
                                                  "Total Cost": 1520341.76,
                                                  "Plan Rows": 160188,
                                                  "Plan Width": 20,
                                                  "Plans": [
                                                    {
                                                      "Node Type": "Hash Join",
                                                      "Parent Relationship": "Outer",
                                                      "Parallel Aware": true,
                                                      "Async Capable": false,
                                                      "Join Type": "Inner",
                                                      "Startup Cost": 51447.53,
                                                      "Total Cost": 1520341.76,
                                                      "Plan Rows": 160188,
                                                      "Plan Width": 20,
                                                      "Inner Unique": false,
                                                      "Hash Cond": "(lineitem.l_partkey = part.p_partkey)",
                                                      "Plans": [
                                                        {
                                                          "Node Type": "Seq Scan",
                                                          "Parent Relationship": "Outer",
                                                          "Parallel Aware": true,
                                                          "Async Capable": false,
                                                          "Relation Name": "lineitem",
                                                          "Alias": "lineitem",
                                                          "Startup Cost": 0.0,
                                                          "Total Cost": 1374494.57,
                                                          "Plan Rows": 24995257,
                                                          "Plan Width": 24,
                                                          "parent": 15,
                                                          "ID": 16
                                                        },
                                                        {
                                                          "Node Type": "Hash",
                                                          "Parent Relationship": "Inner",
                                                          "Parallel Aware": true,
                                                          "Async Capable": false,
                                                          "Startup Cost": 51378.28,
                                                          "Total Cost": 51378.28,
                                                          "Plan Rows": 5540,
                                                          "Plan Width": 4,
                                                          "Plans": [
                                                            {
                                                              "Node Type": "Seq Scan",
                                                              "Parent Relationship": "Outer",
                                                              "Parallel Aware": true,
                                                              "Async Capable": false,
                                                              "Relation Name": "part",
                                                              "Alias": "part",
                                                              "Startup Cost": 0.0,
                                                              "Total Cost": 51378.28,
                                                              "Plan Rows": 5540,
                                                              "Plan Width": 4,
                                                              "Filter": "((p_type)::text = 'ECONOMY POLISHED STEEL'::text)",
                                                              "parent": 17,
                                                              "ID": 18
                                                            }
                                                          ],
                                                          "parent": 15,
                                                          "ID": 17,
                                                          "left": 18
                                                        }
                                                      ],
                                                      "parent": 14,
                                                      "ID": 15,
                                                      "left": 16,
                                                      "right": 17
                                                    }
                                                  ],
                                                  "parent": 12,
                                                  "ID": 14,
                                                  "left": 15
                                                }
                                              ],
                                              "parent": 11,
                                              "ID": 12,
                                              "left": 13,
                                              "right": 14
                                            }
                                          ],
                                          "parent": 9,
                                          "ID": 11,
                                          "left": 12
                                        }
                                      ],
                                      "parent": 8,
                                      "ID": 9,
                                      "left": 10,
                                      "right": 11
                                    },
                                    {
                                      "Node Type": "Hash",
                                      "Parent Relationship": "Inner",
                                      "Parallel Aware": false,
                                      "Async Capable": false,
                                      "Startup Cost": 2.47,
                                      "Total Cost": 2.47,
                                      "Plan Rows": 5,
                                      "Plan Width": 4,
                                      "Plans": [
                                        {
                                          "Node Type": "Hash Join",
                                          "Parent Relationship": "Outer",
                                          "Parallel Aware": false,
                                          "Async Capable": false,
                                          "Join Type": "Inner",
                                          "Startup Cost": 1.07,
                                          "Total Cost": 2.47,
                                          "Plan Rows": 5,
                                          "Plan Width": 4,
                                          "Inner Unique": false,
                                          "Hash Cond": "(n1.n_regionkey = region.r_regionkey)",
                                          "Plans": [
                                            {
                                              "Node Type": "Seq Scan",
                                              "Parent Relationship": "Outer",
                                              "Parallel Aware": false,
                                              "Async Capable": false,
                                              "Relation Name": "nation",
                                              "Alias": "n1",
                                              "Startup Cost": 0.0,
                                              "Total Cost": 1.25,
                                              "Plan Rows": 25,
                                              "Plan Width": 8,
                                              "parent": 20,
                                              "ID": 21
                                            },
                                            {
                                              "Node Type": "Hash",
                                              "Parent Relationship": "Inner",
                                              "Parallel Aware": false,
                                              "Async Capable": false,
                                              "Startup Cost": 1.06,
                                              "Total Cost": 1.06,
                                              "Plan Rows": 1,
                                              "Plan Width": 4,
                                              "Plans": [
                                                {
                                                  "Node Type": "Seq Scan",
                                                  "Parent Relationship": "Outer",
                                                  "Parallel Aware": false,
                                                  "Async Capable": false,
                                                  "Relation Name": "region",
                                                  "Alias": "region",
                                                  "Startup Cost": 0.0,
                                                  "Total Cost": 1.06,
                                                  "Plan Rows": 1,
                                                  "Plan Width": 4,
                                                  "Filter": "(r_name = 'EUROPE'::bpchar)",
                                                  "parent": 22,
                                                  "ID": 23
                                                }
                                              ],
                                              "parent": 20,
                                              "ID": 22,
                                              "left": 23
                                            }
                                          ],
                                          "parent": 19,
                                          "ID": 20,
                                          "left": 21,
                                          "right": 22
                                        }
                                      ],
                                      "parent": 8,
                                      "ID": 19,
                                      "left": 20
                                    }
                                  ],
                                  "parent": 7,
                                  "ID": 8,
                                  "left": 9,
                                  "right": 19
                                }
                              ],
                              "parent": 5,
                              "ID": 7,
                              "left": 8
                            }
                          ],
                          "parent": 4,
                          "ID": 5,
                          "left": 6,
                          "right": 7
                        },
                        {
                          "Node Type": "Hash",
                          "Parent Relationship": "Inner",
                          "Parallel Aware": false,
                          "Async Capable": false,
                          "Startup Cost": 1.25,
                          "Total Cost": 1.25,
                          "Plan Rows": 25,
                          "Plan Width": 30,
                          "Plans": [
                            {
                              "Node Type": "Seq Scan",
                              "Parent Relationship": "Outer",
                              "Parallel Aware": false,
                              "Async Capable": false,
                              "Relation Name": "nation",
                              "Alias": "n2",
                              "Startup Cost": 0.0,
                              "Total Cost": 1.25,
                              "Plan Rows": 25,
                              "Plan Width": 30,
                              "parent": 24,
                              "ID": 25
                            }
                          ],
                          "parent": 4,
                          "ID": 24,
                          "left": 25
                        }
                      ],
                      "parent": 3,
                      "ID": 4,
                      "left": 5,
                      "right": 24
                    }
                  ],
                  "parent": 2,
                  "ID": 3,
                  "left": 4
                }
              ],
              "parent": 1,
              "ID": 2,
              "left": 3
            }
          ],
          "parent": 0,
          "ID": 1,
          "left": 2
        }
      ],
      "parent": null,
      "ID": 0,
      "left": 1
    },
    "feat": {
      "utility": 6.35770444899657e-07,
      "query_shape": [
        [
          "Seq Scan",
          "Hash Join",
          "Sort",
          "Aggregate",
          "Gather Merge"
        ],
        [
          "Seq Scan",
          "Hash Join",
          "Hash",
          "Sort",
          "Aggregate",
          "Gather Merge"
        ],
        [
          "Seq Scan",
          "Hash Join",
          "Hash",
          "Sort",
          "Aggregate",
          "Gather Merge"
        ],
        [
          "Seq Scan",
          "Hash Join",
          "Hash",
          "Sort",
          "Aggregate",
          "Gather Merge"
        ],
        [
          "Seq Scan",
          "Hash",
          "Hash Join",
          "Sort",
          "Aggregate",
          "Gather Merge"
        ],
        [
          "Seq Scan",
          "Hash Join",
          "Hash",
          "Sort",
          "Aggregate",
          "Gather Merge"
        ],
        [
          "Seq Scan",
          "Hash",
          "Hash Join",
          "Sort",
          "Aggregate",
          "Gather Merge"
        ],
        [
          "Seq Scan",
          "Hash",
          "Hash Join",
          "Sort",
          "Aggregate",
          "Gather Merge"
        ]
      ],
      "index_shape": [
        "join"
      ],
      "physical_operator": {
        "Hash Join": [
          0.004898793034300612
        ]
      }
    }
  },
  {
    "query": "-- Functional Query Definition\n-- Approved February 1998\n\n\nselect\no_year,\nsum(case\nwhen nation = 'ROMANIA' then volume\nelse 0\nend) / sum(volume) as mkt_share\nfrom\n(\nselect\nextract(year from o_orderdate) as o_year,\nl_extendedprice * (1 - l_discount) as volume,\nn2.n_name as nation\nfrom\npart,\nsupplier,\nlineitem,\norders,\ncustomer,\nnation n1,\nnation n2,\nregion\nwhere\np_partkey = l_partkey\nand s_suppkey = l_suppkey\nand l_orderkey = o_orderkey\nand o_custkey = c_custkey\nand c_nationkey = n1.n_nationkey\nand n1.n_regionkey = r_regionkey\nand r_name = 'EUROPE'\nand s_nationkey = n2.n_nationkey\nand o_orderdate between date '1995-01-01' and date '1996-12-31'\nand p_type = 'ECONOMY POLISHED STEEL'\n) as all_nations\ngroup by\no_year\norder by\no_year ;\n-- $ID$\n-- TPC-H/TPC-R Product Type Profit Measure ",
    "indexes": "supplier.s_nationkey",
    "wo plan est": {
      "Node Type": "Aggregate",
      "Strategy": "Sorted",
      "Partial Mode": "Finalize",
      "Parallel Aware": false,
      "Async Capable": false,
      "Startup Cost": 1955785.01,
      "Total Cost": 1956486.84,
      "Plan Rows": 2406,
      "Plan Width": 64,
      "Group Key": [
        "(EXTRACT(year FROM orders.o_orderdate))"
      ],
      "Plans": [
        {
          "Node Type": "Gather Merge",
          "Parent Relationship": "Outer",
          "Parallel Aware": false,
          "Async Capable": false,
          "Startup Cost": 1955785.01,
          "Total Cost": 1956408.65,
          "Plan Rows": 2406,
          "Plan Width": 96,
          "Workers Planned": 1,
          "Plans": [
            {
              "Node Type": "Aggregate",
              "Strategy": "Sorted",
              "Partial Mode": "Partial",
              "Parent Relationship": "Outer",
              "Parallel Aware": false,
              "Async Capable": false,
              "Startup Cost": 1954785.0,
              "Total Cost": 1955137.96,
              "Plan Rows": 2406,
              "Plan Width": 96,
              "Group Key": [
                "(EXTRACT(year FROM orders.o_orderdate))"
              ],
              "Plans": [
                {
                  "Node Type": "Sort",
                  "Parent Relationship": "Outer",
                  "Parallel Aware": false,
                  "Async Capable": false,
                  "Startup Cost": 1954785.0,
                  "Total Cost": 1954819.54,
                  "Plan Rows": 13816,
                  "Plan Width": 70,
                  "Sort Key": [
                    "(EXTRACT(year FROM orders.o_orderdate))"
                  ],
                  "Plans": [
                    {
                      "Node Type": "Hash Join",
                      "Parent Relationship": "Outer",
                      "Parallel Aware": false,
                      "Async Capable": false,
                      "Join Type": "Inner",
                      "Startup Cost": 1950527.96,
                      "Total Cost": 1953834.87,
                      "Plan Rows": 13816,
                      "Plan Width": 70,
                      "Inner Unique": false,
                      "Hash Cond": "(supplier.s_nationkey = n2.n_nationkey)",
                      "Plans": [
                        {
                          "Node Type": "Hash Join",
                          "Parent Relationship": "Outer",
                          "Parallel Aware": true,
                          "Async Capable": false,
                          "Join Type": "Inner",
                          "Startup Cost": 1950526.4,
                          "Total Cost": 1953608.79,
                          "Plan Rows": 13816,
                          "Plan Width": 20,
                          "Inner Unique": false,
                          "Hash Cond": "(supplier.s_suppkey = lineitem.l_suppkey)",
                          "Plans": [
                            {
                              "Node Type": "Seq Scan",
                              "Parent Relationship": "Outer",
                              "Parallel Aware": true,
                              "Async Capable": false,
                              "Relation Name": "supplier",
                              "Alias": "supplier",
                              "Startup Cost": 0.0,
                              "Total Cost": 2804.24,
                              "Plan Rows": 58824,
                              "Plan Width": 8,
                              "parent": 5,
                              "ID": 6
                            },
                            {
                              "Node Type": "Hash",
                              "Parent Relationship": "Inner",
                              "Parallel Aware": true,
                              "Async Capable": false,
                              "Startup Cost": 1950404.06,
                              "Total Cost": 1950404.06,
                              "Plan Rows": 9787,
                              "Plan Width": 20,
                              "Plans": [
                                {
                                  "Node Type": "Hash Join",
                                  "Parent Relationship": "Outer",
                                  "Parallel Aware": false,
                                  "Async Capable": false,
                                  "Join Type": "Inner",
                                  "Startup Cost": 1905498.74,
                                  "Total Cost": 1950404.06,
                                  "Plan Rows": 9787,
                                  "Plan Width": 20,
                                  "Inner Unique": false,
                                  "Hash Cond": "(customer.c_nationkey = n1.n_nationkey)",
                                  "Plans": [
                                    {
                                      "Node Type": "Hash Join",
                                      "Parent Relationship": "Outer",
                                      "Parallel Aware": true,
                                      "Async Capable": false,
                                      "Join Type": "Inner",
                                      "Startup Cost": 1905496.2,
                                      "Total Cost": 1950120.18,
                                      "Plan Rows": 48932,
                                      "Plan Width": 24,
                                      "Inner Unique": false,
                                      "Hash Cond": "(customer.c_custkey = orders.o_custkey)",
                                      "Plans": [
                                        {
                                          "Node Type": "Seq Scan",
                                          "Parent Relationship": "Outer",
                                          "Parallel Aware": true,
                                          "Async Capable": false,
                                          "Relation Name": "customer",
                                          "Alias": "customer",
                                          "Startup Cost": 0.0,
                                          "Total Cost": 42076.52,
                                          "Plan Rows": 624952,
                                          "Plan Width": 8,
                                          "parent": 9,
                                          "ID": 10
                                        },
                                        {
                                          "Node Type": "Hash",
                                          "Parent Relationship": "Inner",
                                          "Parallel Aware": true,
                                          "Async Capable": false,
                                          "Startup Cost": 1904884.55,
                                          "Total Cost": 1904884.55,
                                          "Plan Rows": 48932,
                                          "Plan Width": 24,
                                          "Plans": [
                                            {
                                              "Node Type": "Hash Join",
                                              "Parent Relationship": "Outer",
                                              "Parallel Aware": true,
                                              "Async Capable": false,
                                              "Join Type": "Inner",
                                              "Startup Cost": 1523283.11,
                                              "Total Cost": 1904884.55,
                                              "Plan Rows": 48932,
                                              "Plan Width": 24,
                                              "Inner Unique": false,
                                              "Hash Cond": "(orders.o_orderkey = lineitem.l_orderkey)",
                                              "Plans": [
                                                {
                                                  "Node Type": "Seq Scan",
                                                  "Parent Relationship": "Outer",
                                                  "Parallel Aware": true,
                                                  "Async Capable": false,
                                                  "Relation Name": "orders",
                                                  "Alias": "orders",
                                                  "Startup Cost": 0.0,
                                                  "Total Cost": 354655.56,
                                                  "Plan Rows": 1909064,
                                                  "Plan Width": 12,
                                                  "Filter": "((o_orderdate >= '1995-01-01'::date) AND (o_orderdate <= '1996-12-31'::date))",
                                                  "parent": 12,
                                                  "ID": 13
                                                },
                                                {
                                                  "Node Type": "Hash",
                                                  "Parent Relationship": "Inner",
                                                  "Parallel Aware": true,
                                                  "Async Capable": false,
                                                  "Startup Cost": 1520341.76,
                                                  "Total Cost": 1520341.76,
                                                  "Plan Rows": 160188,
                                                  "Plan Width": 20,
                                                  "Plans": [
                                                    {
                                                      "Node Type": "Hash Join",
                                                      "Parent Relationship": "Outer",
                                                      "Parallel Aware": true,
                                                      "Async Capable": false,
                                                      "Join Type": "Inner",
                                                      "Startup Cost": 51447.53,
                                                      "Total Cost": 1520341.76,
                                                      "Plan Rows": 160188,
                                                      "Plan Width": 20,
                                                      "Inner Unique": false,
                                                      "Hash Cond": "(lineitem.l_partkey = part.p_partkey)",
                                                      "Plans": [
                                                        {
                                                          "Node Type": "Seq Scan",
                                                          "Parent Relationship": "Outer",
                                                          "Parallel Aware": true,
                                                          "Async Capable": false,
                                                          "Relation Name": "lineitem",
                                                          "Alias": "lineitem",
                                                          "Startup Cost": 0.0,
                                                          "Total Cost": 1374494.57,
                                                          "Plan Rows": 24995257,
                                                          "Plan Width": 24,
                                                          "parent": 15,
                                                          "ID": 16
                                                        },
                                                        {
                                                          "Node Type": "Hash",
                                                          "Parent Relationship": "Inner",
                                                          "Parallel Aware": true,
                                                          "Async Capable": false,
                                                          "Startup Cost": 51378.28,
                                                          "Total Cost": 51378.28,
                                                          "Plan Rows": 5540,
                                                          "Plan Width": 4,
                                                          "Plans": [
                                                            {
                                                              "Node Type": "Seq Scan",
                                                              "Parent Relationship": "Outer",
                                                              "Parallel Aware": true,
                                                              "Async Capable": false,
                                                              "Relation Name": "part",
                                                              "Alias": "part",
                                                              "Startup Cost": 0.0,
                                                              "Total Cost": 51378.28,
                                                              "Plan Rows": 5540,
                                                              "Plan Width": 4,
                                                              "Filter": "((p_type)::text = 'ECONOMY POLISHED STEEL'::text)",
                                                              "parent": 17,
                                                              "ID": 18
                                                            }
                                                          ],
                                                          "parent": 15,
                                                          "ID": 17,
                                                          "left": 18
                                                        }
                                                      ],
                                                      "parent": 14,
                                                      "ID": 15,
                                                      "left": 16,
                                                      "right": 17
                                                    }
                                                  ],
                                                  "parent": 12,
                                                  "ID": 14,
                                                  "left": 15
                                                }
                                              ],
                                              "parent": 11,
                                              "ID": 12,
                                              "left": 13,
                                              "right": 14
                                            }
                                          ],
                                          "parent": 9,
                                          "ID": 11,
                                          "left": 12
                                        }
                                      ],
                                      "parent": 8,
                                      "ID": 9,
                                      "left": 10,
                                      "right": 11
                                    },
                                    {
                                      "Node Type": "Hash",
                                      "Parent Relationship": "Inner",
                                      "Parallel Aware": false,
                                      "Async Capable": false,
                                      "Startup Cost": 2.47,
                                      "Total Cost": 2.47,
                                      "Plan Rows": 5,
                                      "Plan Width": 4,
                                      "Plans": [
                                        {
                                          "Node Type": "Hash Join",
                                          "Parent Relationship": "Outer",
                                          "Parallel Aware": false,
                                          "Async Capable": false,
                                          "Join Type": "Inner",
                                          "Startup Cost": 1.07,
                                          "Total Cost": 2.47,
                                          "Plan Rows": 5,
                                          "Plan Width": 4,
                                          "Inner Unique": false,
                                          "Hash Cond": "(n1.n_regionkey = region.r_regionkey)",
                                          "Plans": [
                                            {
                                              "Node Type": "Seq Scan",
                                              "Parent Relationship": "Outer",
                                              "Parallel Aware": false,
                                              "Async Capable": false,
                                              "Relation Name": "nation",
                                              "Alias": "n1",
                                              "Startup Cost": 0.0,
                                              "Total Cost": 1.25,
                                              "Plan Rows": 25,
                                              "Plan Width": 8,
                                              "parent": 20,
                                              "ID": 21
                                            },
                                            {
                                              "Node Type": "Hash",
                                              "Parent Relationship": "Inner",
                                              "Parallel Aware": false,
                                              "Async Capable": false,
                                              "Startup Cost": 1.06,
                                              "Total Cost": 1.06,
                                              "Plan Rows": 1,
                                              "Plan Width": 4,
                                              "Plans": [
                                                {
                                                  "Node Type": "Seq Scan",
                                                  "Parent Relationship": "Outer",
                                                  "Parallel Aware": false,
                                                  "Async Capable": false,
                                                  "Relation Name": "region",
                                                  "Alias": "region",
                                                  "Startup Cost": 0.0,
                                                  "Total Cost": 1.06,
                                                  "Plan Rows": 1,
                                                  "Plan Width": 4,
                                                  "Filter": "(r_name = 'EUROPE'::bpchar)",
                                                  "parent": 22,
                                                  "ID": 23
                                                }
                                              ],
                                              "parent": 20,
                                              "ID": 22,
                                              "left": 23
                                            }
                                          ],
                                          "parent": 19,
                                          "ID": 20,
                                          "left": 21,
                                          "right": 22
                                        }
                                      ],
                                      "parent": 8,
                                      "ID": 19,
                                      "left": 20
                                    }
                                  ],
                                  "parent": 7,
                                  "ID": 8,
                                  "left": 9,
                                  "right": 19
                                }
                              ],
                              "parent": 5,
                              "ID": 7,
                              "left": 8
                            }
                          ],
                          "parent": 4,
                          "ID": 5,
                          "left": 6,
                          "right": 7
                        },
                        {
                          "Node Type": "Hash",
                          "Parent Relationship": "Inner",
                          "Parallel Aware": false,
                          "Async Capable": false,
                          "Startup Cost": 1.25,
                          "Total Cost": 1.25,
                          "Plan Rows": 25,
                          "Plan Width": 30,
                          "Plans": [
                            {
                              "Node Type": "Seq Scan",
                              "Parent Relationship": "Outer",
                              "Parallel Aware": false,
                              "Async Capable": false,
                              "Relation Name": "nation",
                              "Alias": "n2",
                              "Startup Cost": 0.0,
                              "Total Cost": 1.25,
                              "Plan Rows": 25,
                              "Plan Width": 30,
                              "parent": 24,
                              "ID": 25
                            }
                          ],
                          "parent": 4,
                          "ID": 24,
                          "left": 25
                        }
                      ],
                      "parent": 3,
                      "ID": 4,
                      "left": 5,
                      "right": 24
                    }
                  ],
                  "parent": 2,
                  "ID": 3,
                  "left": 4
                }
              ],
              "parent": 1,
              "ID": 2,
              "left": 3
            }
          ],
          "parent": 0,
          "ID": 1,
          "left": 2
        }
      ],
      "parent": null,
      "ID": 0,
      "left": 1
    },
    "feat": {
      "utility": 5.111202281329937e-07,
      "query_shape": [
        [
          "Seq Scan",
          "Hash Join",
          "Sort",
          "Aggregate",
          "Gather Merge"
        ],
        [
          "Seq Scan",
          "Hash Join",
          "Hash",
          "Sort",
          "Aggregate",
          "Gather Merge"
        ],
        [
          "Seq Scan",
          "Hash Join",
          "Hash",
          "Sort",
          "Aggregate",
          "Gather Merge"
        ],
        [
          "Seq Scan",
          "Hash Join",
          "Hash",
          "Sort",
          "Aggregate",
          "Gather Merge"
        ],
        [
          "Seq Scan",
          "Hash",
          "Hash Join",
          "Sort",
          "Aggregate",
          "Gather Merge"
        ],
        [
          "Seq Scan",
          "Hash Join",
          "Hash",
          "Sort",
          "Aggregate",
          "Gather Merge"
        ],
        [
          "Seq Scan",
          "Hash",
          "Hash Join",
          "Sort",
          "Aggregate",
          "Gather Merge"
        ],
        [
          "Seq Scan",
          "Hash",
          "Hash Join",
          "Sort",
          "Aggregate",
          "Gather Merge"
        ]
      ],
      "index_shape": [
        "join"
      ],
      "physical_operator": {
        "Hash Join": [
          0.2
        ]
      }
    }
  },
  {
    "query": "-- Functional Query Definition\n-- Approved February 1998\n\n\nselect\nnation,\no_year,\nsum(amount) as sum_profit\nfrom\n(\nselect\nn_name as nation,\nextract(year from o_orderdate) as o_year,\nl_extendedprice * (1 - l_discount) - ps_supplycost * l_quantity as amount\nfrom\npart,\nsupplier,\nlineitem,\npartsupp,\norders,\nnation\nwhere\ns_suppkey = l_suppkey\nand ps_suppkey = l_suppkey\nand ps_partkey = l_partkey\nand p_partkey = l_partkey\nand o_orderkey = l_orderkey\nand s_nationkey = n_nationkey\nand p_name like '%tan%'\n) as profit\ngroup by\nnation,\no_year\norder by\nnation,\no_year desc ;\n-- $ID$\n-- TPC-H/TPC-R Returned Item Reporting ",
    "indexes": "lineitem.l_orderkey",
    "wo plan est": {
      "Node Type": "Aggregate",
      "Strategy": "Sorted",
      "Partial Mode": "Finalize",
      "Parallel Aware": false,
      "Async Capable": false,
      "Startup Cost": 2187189.13,
      "Total Cost": 2187203.6,
      "Plan Rows": 135,
      "Plan Width": 90,
      "Group Key": [
        "nation.n_name",
        "(EXTRACT(year FROM orders.o_orderdate))"
      ],
      "Plans": [
        {
          "Node Type": "Gather Merge",
          "Parent Relationship": "Outer",
          "Parallel Aware": false,
          "Async Capable": false,
          "Startup Cost": 2187189.13,
          "Total Cost": 2187200.78,
          "Plan Rows": 79,
          "Plan Width": 90,
          "Workers Planned": 1,
          "Plans": [
            {
              "Node Type": "Aggregate",
              "Strategy": "Sorted",
              "Partial Mode": "Partial",
              "Parent Relationship": "Outer",
              "Parallel Aware": false,
              "Async Capable": false,
              "Startup Cost": 2186189.12,
              "Total Cost": 2186191.89,
              "Plan Rows": 79,
              "Plan Width": 90,
              "Group Key": [
                "nation.n_name",
                "(EXTRACT(year FROM orders.o_orderdate))"
              ],
              "Plans": [
                {
                  "Node Type": "Sort",
                  "Parent Relationship": "Outer",
                  "Parallel Aware": false,
                  "Async Capable": false,
                  "Startup Cost": 2186189.12,
                  "Total Cost": 2186189.32,
                  "Plan Rows": 79,
                  "Plan Width": 81,
                  "Sort Key": [
                    "nation.n_name",
                    "(EXTRACT(year FROM orders.o_orderdate)) DESC"
                  ],
                  "Plans": [
                    {
                      "Node Type": "Hash Join",
                      "Parent Relationship": "Outer",
                      "Parallel Aware": false,
                      "Async Capable": false,
                      "Join Type": "Inner",
                      "Startup Cost": 2183160.19,
                      "Total Cost": 2186186.63,
                      "Plan Rows": 79,
                      "Plan Width": 81,
                      "Inner Unique": false,
                      "Hash Cond": "(supplier.s_nationkey = nation.n_nationkey)",
                      "Plans": [
                        {
                          "Node Type": "Hash Join",
                          "Parent Relationship": "Outer",
                          "Parallel Aware": true,
                          "Async Capable": false,
                          "Join Type": "Inner",
                          "Startup Cost": 2183158.63,
                          "Total Cost": 2186183.78,
                          "Plan Rows": 79,
                          "Plan Width": 31,
                          "Inner Unique": false,
                          "Hash Cond": "(supplier.s_suppkey = lineitem.l_suppkey)",
                          "Plans": [
                            {
                              "Node Type": "Seq Scan",
                              "Parent Relationship": "Outer",
                              "Parallel Aware": true,
                              "Async Capable": false,
                              "Relation Name": "supplier",
                              "Alias": "supplier",
                              "Startup Cost": 0.0,
                              "Total Cost": 2804.24,
                              "Plan Rows": 58824,
                              "Plan Width": 8,
                              "parent": 5,
                              "ID": 6
                            },
                            {
                              "Node Type": "Hash",
                              "Parent Relationship": "Inner",
                              "Parallel Aware": true,
                              "Async Capable": false,
                              "Startup Cost": 2183157.93,
                              "Total Cost": 2183157.93,
                              "Plan Rows": 56,
                              "Plan Width": 35,
                              "Plans": [
                                {
                                  "Node Type": "Hash Join",
                                  "Parent Relationship": "Outer",
                                  "Parallel Aware": true,
                                  "Async Capable": false,
                                  "Join Type": "Inner",
                                  "Startup Cost": 1836314.1,
                                  "Total Cost": 2183157.93,
                                  "Plan Rows": 56,
                                  "Plan Width": 35,
                                  "Inner Unique": false,
                                  "Hash Cond": "(orders.o_orderkey = lineitem.l_orderkey)",
                                  "Plans": [
                                    {
                                      "Node Type": "Seq Scan",
                                      "Parent Relationship": "Outer",
                                      "Parallel Aware": true,
                                      "Async Capable": false,
                                      "Relation Name": "orders",
                                      "Alias": "orders",
                                      "Startup Cost": 0.0,
                                      "Total Cost": 323407.71,
                                      "Plan Rows": 6249571,
                                      "Plan Width": 8,
                                      "parent": 8,
                                      "ID": 9
                                    },
                                    {
                                      "Node Type": "Hash",
                                      "Parent Relationship": "Inner",
                                      "Parallel Aware": true,
                                      "Async Capable": false,
                                      "Startup Cost": 1836313.4,
                                      "Total Cost": 1836313.4,
                                      "Plan Rows": 56,
                                      "Plan Width": 35,
                                      "Plans": [
                                        {
                                          "Node Type": "Hash Join",
                                          "Parent Relationship": "Outer",
                                          "Parallel Aware": true,
                                          "Async Capable": false,
                                          "Join Type": "Inner",
                                          "Startup Cost": 1559634.16,
                                          "Total Cost": 1836313.4,
                                          "Plan Rows": 56,
                                          "Plan Width": 35,
                                          "Inner Unique": false,
                                          "Hash Cond": "((partsupp.ps_suppkey = lineitem.l_suppkey) AND (partsupp.ps_partkey = lineitem.l_partkey))",
                                          "Plans": [
                                            {
                                              "Node Type": "Seq Scan",
                                              "Parent Relationship": "Outer",
                                              "Parallel Aware": true,
                                              "Async Capable": false,
                                              "Relation Name": "partsupp",
                                              "Alias": "partsupp",
                                              "Startup Cost": 0.0,
                                              "Total Cost": 207718.58,
                                              "Plan Rows": 3333258,
                                              "Plan Width": 14,
                                              "parent": 11,
                                              "ID": 12
                                            },
                                            {
                                              "Node Type": "Hash",
                                              "Parent Relationship": "Inner",
                                              "Parallel Aware": true,
                                              "Async Capable": false,
                                              "Startup Cost": 1526320.84,
                                              "Total Cost": 1526320.84,
                                              "Plan Rows": 1460288,
                                              "Plan Width": 33,
                                              "Plans": [
                                                {
                                                  "Node Type": "Hash Join",
                                                  "Parent Relationship": "Outer",
                                                  "Parallel Aware": true,
                                                  "Async Capable": false,
                                                  "Join Type": "Inner",
                                                  "Startup Cost": 52009.57,
                                                  "Total Cost": 1526320.84,
                                                  "Plan Rows": 1460288,
                                                  "Plan Width": 33,
                                                  "Inner Unique": false,
                                                  "Hash Cond": "(lineitem.l_partkey = part.p_partkey)",
                                                  "Plans": [
                                                    {
                                                      "Node Type": "Seq Scan",
                                                      "Parent Relationship": "Outer",
                                                      "Parallel Aware": true,
                                                      "Async Capable": false,
                                                      "Relation Name": "lineitem",
                                                      "Alias": "lineitem",
                                                      "Startup Cost": 0.0,
                                                      "Total Cost": 1374494.57,
                                                      "Plan Rows": 24995257,
                                                      "Plan Width": 29,
                                                      "parent": 14,
                                                      "ID": 15
                                                    },
                                                    {
                                                      "Node Type": "Hash",
                                                      "Parent Relationship": "Inner",
                                                      "Parallel Aware": true,
                                                      "Async Capable": false,
                                                      "Startup Cost": 51378.28,
                                                      "Total Cost": 51378.28,
                                                      "Plan Rows": 50503,
                                                      "Plan Width": 4,
                                                      "Plans": [
                                                        {
                                                          "Node Type": "Seq Scan",
                                                          "Parent Relationship": "Outer",
                                                          "Parallel Aware": true,
                                                          "Async Capable": false,
                                                          "Relation Name": "part",
                                                          "Alias": "part",
                                                          "Startup Cost": 0.0,
                                                          "Total Cost": 51378.28,
                                                          "Plan Rows": 50503,
                                                          "Plan Width": 4,
                                                          "Filter": "((p_name)::text ~~ '%tan%'::text)",
                                                          "parent": 16,
                                                          "ID": 17
                                                        }
                                                      ],
                                                      "parent": 14,
                                                      "ID": 16,
                                                      "left": 17
                                                    }
                                                  ],
                                                  "parent": 13,
                                                  "ID": 14,
                                                  "left": 15,
                                                  "right": 16
                                                }
                                              ],
                                              "parent": 11,
                                              "ID": 13,
                                              "left": 14
                                            }
                                          ],
                                          "parent": 10,
                                          "ID": 11,
                                          "left": 12,
                                          "right": 13
                                        }
                                      ],
                                      "parent": 8,
                                      "ID": 10,
                                      "left": 11
                                    }
                                  ],
                                  "parent": 7,
                                  "ID": 8,
                                  "left": 9,
                                  "right": 10
                                }
                              ],
                              "parent": 5,
                              "ID": 7,
                              "left": 8
                            }
                          ],
                          "parent": 4,
                          "ID": 5,
                          "left": 6,
                          "right": 7
                        },
                        {
                          "Node Type": "Hash",
                          "Parent Relationship": "Inner",
                          "Parallel Aware": false,
                          "Async Capable": false,
                          "Startup Cost": 1.25,
                          "Total Cost": 1.25,
                          "Plan Rows": 25,
                          "Plan Width": 30,
                          "Plans": [
                            {
                              "Node Type": "Seq Scan",
                              "Parent Relationship": "Outer",
                              "Parallel Aware": false,
                              "Async Capable": false,
                              "Relation Name": "nation",
                              "Alias": "nation",
                              "Startup Cost": 0.0,
                              "Total Cost": 1.25,
                              "Plan Rows": 25,
                              "Plan Width": 30,
                              "parent": 18,
                              "ID": 19
                            }
                          ],
                          "parent": 4,
                          "ID": 18,
                          "left": 19
                        }
                      ],
                      "parent": 3,
                      "ID": 4,
                      "left": 5,
                      "right": 18
                    }
                  ],
                  "parent": 2,
                  "ID": 3,
                  "left": 4
                }
              ],
              "parent": 1,
              "ID": 2,
              "left": 3
            }
          ],
          "parent": 0,
          "ID": 1,
          "left": 2
        }
      ],
      "parent": null,
      "ID": 0,
      "left": 1
    },
    "feat": {
      "utility": 5.712773986103152e-07,
      "query_shape": [
        [
          "Seq Scan",
          "Hash Join",
          "Sort",
          "Aggregate",
          "Gather Merge"
        ],
        [
          "Seq Scan",
          "Hash Join",
          "Hash",
          "Sort",
          "Aggregate",
          "Gather Merge"
        ],
        [
          "Seq Scan",
          "Hash Join",
          "Hash",
          "Sort",
          "Aggregate",
          "Gather Merge"
        ],
        [
          "Seq Scan",
          "Hash Join",
          "Hash",
          "Sort",
          "Aggregate",
          "Gather Merge"
        ],
        [
          "Seq Scan",
          "Hash",
          "Hash Join",
          "Sort",
          "Aggregate",
          "Gather Merge"
        ],
        [
          "Seq Scan",
          "Hash",
          "Hash Join",
          "Sort",
          "Aggregate",
          "Gather Merge"
        ]
      ],
      "index_shape": [
        "join"
      ],
      "physical_operator": {
        "Hash Join": [
          0.00040001372870675787
        ]
      }
    }
  },
  {
    "query": "-- Functional Query Definition\n-- Approved February 1998\n\n\nselect\nnation,\no_year,\nsum(amount) as sum_profit\nfrom\n(\nselect\nn_name as nation,\nextract(year from o_orderdate) as o_year,\nl_extendedprice * (1 - l_discount) - ps_supplycost * l_quantity as amount\nfrom\npart,\nsupplier,\nlineitem,\npartsupp,\norders,\nnation\nwhere\ns_suppkey = l_suppkey\nand ps_suppkey = l_suppkey\nand ps_partkey = l_partkey\nand p_partkey = l_partkey\nand o_orderkey = l_orderkey\nand s_nationkey = n_nationkey\nand p_name like '%tan%'\n) as profit\ngroup by\nnation,\no_year\norder by\nnation,\no_year desc ;\n-- $ID$\n-- TPC-H/TPC-R Returned Item Reporting ",
    "indexes": "lineitem.l_partkey",
    "wo plan est": {
      "Node Type": "Aggregate",
      "Strategy": "Sorted",
      "Partial Mode": "Finalize",
      "Parallel Aware": false,
      "Async Capable": false,
      "Startup Cost": 2187189.13,
      "Total Cost": 2187203.6,
      "Plan Rows": 135,
      "Plan Width": 90,
      "Group Key": [
        "nation.n_name",
        "(EXTRACT(year FROM orders.o_orderdate))"
      ],
      "Plans": [
        {
          "Node Type": "Gather Merge",
          "Parent Relationship": "Outer",
          "Parallel Aware": false,
          "Async Capable": false,
          "Startup Cost": 2187189.13,
          "Total Cost": 2187200.78,
          "Plan Rows": 79,
          "Plan Width": 90,
          "Workers Planned": 1,
          "Plans": [
            {
              "Node Type": "Aggregate",
              "Strategy": "Sorted",
              "Partial Mode": "Partial",
              "Parent Relationship": "Outer",
              "Parallel Aware": false,
              "Async Capable": false,
              "Startup Cost": 2186189.12,
              "Total Cost": 2186191.89,
              "Plan Rows": 79,
              "Plan Width": 90,
              "Group Key": [
                "nation.n_name",
                "(EXTRACT(year FROM orders.o_orderdate))"
              ],
              "Plans": [
                {
                  "Node Type": "Sort",
                  "Parent Relationship": "Outer",
                  "Parallel Aware": false,
                  "Async Capable": false,
                  "Startup Cost": 2186189.12,
                  "Total Cost": 2186189.32,
                  "Plan Rows": 79,
                  "Plan Width": 81,
                  "Sort Key": [
                    "nation.n_name",
                    "(EXTRACT(year FROM orders.o_orderdate)) DESC"
                  ],
                  "Plans": [
                    {
                      "Node Type": "Hash Join",
                      "Parent Relationship": "Outer",
                      "Parallel Aware": false,
                      "Async Capable": false,
                      "Join Type": "Inner",
                      "Startup Cost": 2183160.19,
                      "Total Cost": 2186186.63,
                      "Plan Rows": 79,
                      "Plan Width": 81,
                      "Inner Unique": false,
                      "Hash Cond": "(supplier.s_nationkey = nation.n_nationkey)",
                      "Plans": [
                        {
                          "Node Type": "Hash Join",
                          "Parent Relationship": "Outer",
                          "Parallel Aware": true,
                          "Async Capable": false,
                          "Join Type": "Inner",
                          "Startup Cost": 2183158.63,
                          "Total Cost": 2186183.78,
                          "Plan Rows": 79,
                          "Plan Width": 31,
                          "Inner Unique": false,
                          "Hash Cond": "(supplier.s_suppkey = lineitem.l_suppkey)",
                          "Plans": [
                            {
                              "Node Type": "Seq Scan",
                              "Parent Relationship": "Outer",
                              "Parallel Aware": true,
                              "Async Capable": false,
                              "Relation Name": "supplier",
                              "Alias": "supplier",
                              "Startup Cost": 0.0,
                              "Total Cost": 2804.24,
                              "Plan Rows": 58824,
                              "Plan Width": 8,
                              "parent": 5,
                              "ID": 6
                            },
                            {
                              "Node Type": "Hash",
                              "Parent Relationship": "Inner",
                              "Parallel Aware": true,
                              "Async Capable": false,
                              "Startup Cost": 2183157.93,
                              "Total Cost": 2183157.93,
                              "Plan Rows": 56,
                              "Plan Width": 35,
                              "Plans": [
                                {
                                  "Node Type": "Hash Join",
                                  "Parent Relationship": "Outer",
                                  "Parallel Aware": true,
                                  "Async Capable": false,
                                  "Join Type": "Inner",
                                  "Startup Cost": 1836314.1,
                                  "Total Cost": 2183157.93,
                                  "Plan Rows": 56,
                                  "Plan Width": 35,
                                  "Inner Unique": false,
                                  "Hash Cond": "(orders.o_orderkey = lineitem.l_orderkey)",
                                  "Plans": [
                                    {
                                      "Node Type": "Seq Scan",
                                      "Parent Relationship": "Outer",
                                      "Parallel Aware": true,
                                      "Async Capable": false,
                                      "Relation Name": "orders",
                                      "Alias": "orders",
                                      "Startup Cost": 0.0,
                                      "Total Cost": 323407.71,
                                      "Plan Rows": 6249571,
                                      "Plan Width": 8,
                                      "parent": 8,
                                      "ID": 9
                                    },
                                    {
                                      "Node Type": "Hash",
                                      "Parent Relationship": "Inner",
                                      "Parallel Aware": true,
                                      "Async Capable": false,
                                      "Startup Cost": 1836313.4,
                                      "Total Cost": 1836313.4,
                                      "Plan Rows": 56,
                                      "Plan Width": 35,
                                      "Plans": [
                                        {
                                          "Node Type": "Hash Join",
                                          "Parent Relationship": "Outer",
                                          "Parallel Aware": true,
                                          "Async Capable": false,
                                          "Join Type": "Inner",
                                          "Startup Cost": 1559634.16,
                                          "Total Cost": 1836313.4,
                                          "Plan Rows": 56,
                                          "Plan Width": 35,
                                          "Inner Unique": false,
                                          "Hash Cond": "((partsupp.ps_suppkey = lineitem.l_suppkey) AND (partsupp.ps_partkey = lineitem.l_partkey))",
                                          "Plans": [
                                            {
                                              "Node Type": "Seq Scan",
                                              "Parent Relationship": "Outer",
                                              "Parallel Aware": true,
                                              "Async Capable": false,
                                              "Relation Name": "partsupp",
                                              "Alias": "partsupp",
                                              "Startup Cost": 0.0,
                                              "Total Cost": 207718.58,
                                              "Plan Rows": 3333258,
                                              "Plan Width": 14,
                                              "parent": 11,
                                              "ID": 12
                                            },
                                            {
                                              "Node Type": "Hash",
                                              "Parent Relationship": "Inner",
                                              "Parallel Aware": true,
                                              "Async Capable": false,
                                              "Startup Cost": 1526320.84,
                                              "Total Cost": 1526320.84,
                                              "Plan Rows": 1460288,
                                              "Plan Width": 33,
                                              "Plans": [
                                                {
                                                  "Node Type": "Hash Join",
                                                  "Parent Relationship": "Outer",
                                                  "Parallel Aware": true,
                                                  "Async Capable": false,
                                                  "Join Type": "Inner",
                                                  "Startup Cost": 52009.57,
                                                  "Total Cost": 1526320.84,
                                                  "Plan Rows": 1460288,
                                                  "Plan Width": 33,
                                                  "Inner Unique": false,
                                                  "Hash Cond": "(lineitem.l_partkey = part.p_partkey)",
                                                  "Plans": [
                                                    {
                                                      "Node Type": "Seq Scan",
                                                      "Parent Relationship": "Outer",
                                                      "Parallel Aware": true,
                                                      "Async Capable": false,
                                                      "Relation Name": "lineitem",
                                                      "Alias": "lineitem",
                                                      "Startup Cost": 0.0,
                                                      "Total Cost": 1374494.57,
                                                      "Plan Rows": 24995257,
                                                      "Plan Width": 29,
                                                      "parent": 14,
                                                      "ID": 15
                                                    },
                                                    {
                                                      "Node Type": "Hash",
                                                      "Parent Relationship": "Inner",
                                                      "Parallel Aware": true,
                                                      "Async Capable": false,
                                                      "Startup Cost": 51378.28,
                                                      "Total Cost": 51378.28,
                                                      "Plan Rows": 50503,
                                                      "Plan Width": 4,
                                                      "Plans": [
                                                        {
                                                          "Node Type": "Seq Scan",
                                                          "Parent Relationship": "Outer",
                                                          "Parallel Aware": true,
                                                          "Async Capable": false,
                                                          "Relation Name": "part",
                                                          "Alias": "part",
                                                          "Startup Cost": 0.0,
                                                          "Total Cost": 51378.28,
                                                          "Plan Rows": 50503,
                                                          "Plan Width": 4,
                                                          "Filter": "((p_name)::text ~~ '%tan%'::text)",
                                                          "parent": 16,
                                                          "ID": 17
                                                        }
                                                      ],
                                                      "parent": 14,
                                                      "ID": 16,
                                                      "left": 17
                                                    }
                                                  ],
                                                  "parent": 13,
                                                  "ID": 14,
                                                  "left": 15,
                                                  "right": 16
                                                }
                                              ],
                                              "parent": 11,
                                              "ID": 13,
                                              "left": 14
                                            }
                                          ],
                                          "parent": 10,
                                          "ID": 11,
                                          "left": 12,
                                          "right": 13
                                        }
                                      ],
                                      "parent": 8,
                                      "ID": 10,
                                      "left": 11
                                    }
                                  ],
                                  "parent": 7,
                                  "ID": 8,
                                  "left": 9,
                                  "right": 10
                                }
                              ],
                              "parent": 5,
                              "ID": 7,
                              "left": 8
                            }
                          ],
                          "parent": 4,
                          "ID": 5,
                          "left": 6,
                          "right": 7
                        },
                        {
                          "Node Type": "Hash",
                          "Parent Relationship": "Inner",
                          "Parallel Aware": false,
                          "Async Capable": false,
                          "Startup Cost": 1.25,
                          "Total Cost": 1.25,
                          "Plan Rows": 25,
                          "Plan Width": 30,
                          "Plans": [
                            {
                              "Node Type": "Seq Scan",
                              "Parent Relationship": "Outer",
                              "Parallel Aware": false,
                              "Async Capable": false,
                              "Relation Name": "nation",
                              "Alias": "nation",
                              "Startup Cost": 0.0,
                              "Total Cost": 1.25,
                              "Plan Rows": 25,
                              "Plan Width": 30,
                              "parent": 18,
                              "ID": 19
                            }
                          ],
                          "parent": 4,
                          "ID": 18,
                          "left": 19
                        }
                      ],
                      "parent": 3,
                      "ID": 4,
                      "left": 5,
                      "right": 18
                    }
                  ],
                  "parent": 2,
                  "ID": 3,
                  "left": 4
                }
              ],
              "parent": 1,
              "ID": 2,
              "left": 3
            }
          ],
          "parent": 0,
          "ID": 1,
          "left": 2
        }
      ],
      "parent": null,
      "ID": 0,
      "left": 1
    },
    "feat": {
      "utility": 1.1423953941670744e-06,
      "query_shape": [
        [
          "Seq Scan",
          "Hash Join",
          "Sort",
          "Aggregate",
          "Gather Merge"
        ],
        [
          "Seq Scan",
          "Hash Join",
          "Hash",
          "Sort",
          "Aggregate",
          "Gather Merge"
        ],
        [
          "Seq Scan",
          "Hash Join",
          "Hash",
          "Sort",
          "Aggregate",
          "Gather Merge"
        ],
        [
          "Seq Scan",
          "Hash Join",
          "Hash",
          "Sort",
          "Aggregate",
          "Gather Merge"
        ],
        [
          "Seq Scan",
          "Hash",
          "Hash Join",
          "Sort",
          "Aggregate",
          "Gather Merge"
        ],
        [
          "Seq Scan",
          "Hash",
          "Hash Join",
          "Sort",
          "Aggregate",
          "Gather Merge"
        ]
      ],
      "index_shape": [
        "join"
      ],
      "physical_operator": {
        "Hash Join": [
          3.391878524927478e-06,
          0.0010755531249598002
        ]
      }
    }
  },
  {
    "query": "-- Functional Query Definition\n-- Approved February 1998\n\n\nselect\nnation,\no_year,\nsum(amount) as sum_profit\nfrom\n(\nselect\nn_name as nation,\nextract(year from o_orderdate) as o_year,\nl_extendedprice * (1 - l_discount) - ps_supplycost * l_quantity as amount\nfrom\npart,\nsupplier,\nlineitem,\npartsupp,\norders,\nnation\nwhere\ns_suppkey = l_suppkey\nand ps_suppkey = l_suppkey\nand ps_partkey = l_partkey\nand p_partkey = l_partkey\nand o_orderkey = l_orderkey\nand s_nationkey = n_nationkey\nand p_name like '%tan%'\n) as profit\ngroup by\nnation,\no_year\norder by\nnation,\no_year desc ;\n-- $ID$\n-- TPC-H/TPC-R Returned Item Reporting ",
    "indexes": "lineitem.l_suppkey",
    "wo plan est": {
      "Node Type": "Aggregate",
      "Strategy": "Sorted",
      "Partial Mode": "Finalize",
      "Parallel Aware": false,
      "Async Capable": false,
      "Startup Cost": 2187189.13,
      "Total Cost": 2187203.6,
      "Plan Rows": 135,
      "Plan Width": 90,
      "Group Key": [
        "nation.n_name",
        "(EXTRACT(year FROM orders.o_orderdate))"
      ],
      "Plans": [
        {
          "Node Type": "Gather Merge",
          "Parent Relationship": "Outer",
          "Parallel Aware": false,
          "Async Capable": false,
          "Startup Cost": 2187189.13,
          "Total Cost": 2187200.78,
          "Plan Rows": 79,
          "Plan Width": 90,
          "Workers Planned": 1,
          "Plans": [
            {
              "Node Type": "Aggregate",
              "Strategy": "Sorted",
              "Partial Mode": "Partial",
              "Parent Relationship": "Outer",
              "Parallel Aware": false,
              "Async Capable": false,
              "Startup Cost": 2186189.12,
              "Total Cost": 2186191.89,
              "Plan Rows": 79,
              "Plan Width": 90,
              "Group Key": [
                "nation.n_name",
                "(EXTRACT(year FROM orders.o_orderdate))"
              ],
              "Plans": [
                {
                  "Node Type": "Sort",
                  "Parent Relationship": "Outer",
                  "Parallel Aware": false,
                  "Async Capable": false,
                  "Startup Cost": 2186189.12,
                  "Total Cost": 2186189.32,
                  "Plan Rows": 79,
                  "Plan Width": 81,
                  "Sort Key": [
                    "nation.n_name",
                    "(EXTRACT(year FROM orders.o_orderdate)) DESC"
                  ],
                  "Plans": [
                    {
                      "Node Type": "Hash Join",
                      "Parent Relationship": "Outer",
                      "Parallel Aware": false,
                      "Async Capable": false,
                      "Join Type": "Inner",
                      "Startup Cost": 2183160.19,
                      "Total Cost": 2186186.63,
                      "Plan Rows": 79,
                      "Plan Width": 81,
                      "Inner Unique": false,
                      "Hash Cond": "(supplier.s_nationkey = nation.n_nationkey)",
                      "Plans": [
                        {
                          "Node Type": "Hash Join",
                          "Parent Relationship": "Outer",
                          "Parallel Aware": true,
                          "Async Capable": false,
                          "Join Type": "Inner",
                          "Startup Cost": 2183158.63,
                          "Total Cost": 2186183.78,
                          "Plan Rows": 79,
                          "Plan Width": 31,
                          "Inner Unique": false,
                          "Hash Cond": "(supplier.s_suppkey = lineitem.l_suppkey)",
                          "Plans": [
                            {
                              "Node Type": "Seq Scan",
                              "Parent Relationship": "Outer",
                              "Parallel Aware": true,
                              "Async Capable": false,
                              "Relation Name": "supplier",
                              "Alias": "supplier",
                              "Startup Cost": 0.0,
                              "Total Cost": 2804.24,
                              "Plan Rows": 58824,
                              "Plan Width": 8,
                              "parent": 5,
                              "ID": 6
                            },
                            {
                              "Node Type": "Hash",
                              "Parent Relationship": "Inner",
                              "Parallel Aware": true,
                              "Async Capable": false,
                              "Startup Cost": 2183157.93,
                              "Total Cost": 2183157.93,
                              "Plan Rows": 56,
                              "Plan Width": 35,
                              "Plans": [
                                {
                                  "Node Type": "Hash Join",
                                  "Parent Relationship": "Outer",
                                  "Parallel Aware": true,
                                  "Async Capable": false,
                                  "Join Type": "Inner",
                                  "Startup Cost": 1836314.1,
                                  "Total Cost": 2183157.93,
                                  "Plan Rows": 56,
                                  "Plan Width": 35,
                                  "Inner Unique": false,
                                  "Hash Cond": "(orders.o_orderkey = lineitem.l_orderkey)",
                                  "Plans": [
                                    {
                                      "Node Type": "Seq Scan",
                                      "Parent Relationship": "Outer",
                                      "Parallel Aware": true,
                                      "Async Capable": false,
                                      "Relation Name": "orders",
                                      "Alias": "orders",
                                      "Startup Cost": 0.0,
                                      "Total Cost": 323407.71,
                                      "Plan Rows": 6249571,
                                      "Plan Width": 8,
                                      "parent": 8,
                                      "ID": 9
                                    },
                                    {
                                      "Node Type": "Hash",
                                      "Parent Relationship": "Inner",
                                      "Parallel Aware": true,
                                      "Async Capable": false,
                                      "Startup Cost": 1836313.4,
                                      "Total Cost": 1836313.4,
                                      "Plan Rows": 56,
                                      "Plan Width": 35,
                                      "Plans": [
                                        {
                                          "Node Type": "Hash Join",
                                          "Parent Relationship": "Outer",
                                          "Parallel Aware": true,
                                          "Async Capable": false,
                                          "Join Type": "Inner",
                                          "Startup Cost": 1559634.16,
                                          "Total Cost": 1836313.4,
                                          "Plan Rows": 56,
                                          "Plan Width": 35,
                                          "Inner Unique": false,
                                          "Hash Cond": "((partsupp.ps_suppkey = lineitem.l_suppkey) AND (partsupp.ps_partkey = lineitem.l_partkey))",
                                          "Plans": [
                                            {
                                              "Node Type": "Seq Scan",
                                              "Parent Relationship": "Outer",
                                              "Parallel Aware": true,
                                              "Async Capable": false,
                                              "Relation Name": "partsupp",
                                              "Alias": "partsupp",
                                              "Startup Cost": 0.0,
                                              "Total Cost": 207718.58,
                                              "Plan Rows": 3333258,
                                              "Plan Width": 14,
                                              "parent": 11,
                                              "ID": 12
                                            },
                                            {
                                              "Node Type": "Hash",
                                              "Parent Relationship": "Inner",
                                              "Parallel Aware": true,
                                              "Async Capable": false,
                                              "Startup Cost": 1526320.84,
                                              "Total Cost": 1526320.84,
                                              "Plan Rows": 1460288,
                                              "Plan Width": 33,
                                              "Plans": [
                                                {
                                                  "Node Type": "Hash Join",
                                                  "Parent Relationship": "Outer",
                                                  "Parallel Aware": true,
                                                  "Async Capable": false,
                                                  "Join Type": "Inner",
                                                  "Startup Cost": 52009.57,
                                                  "Total Cost": 1526320.84,
                                                  "Plan Rows": 1460288,
                                                  "Plan Width": 33,
                                                  "Inner Unique": false,
                                                  "Hash Cond": "(lineitem.l_partkey = part.p_partkey)",
                                                  "Plans": [
                                                    {
                                                      "Node Type": "Seq Scan",
                                                      "Parent Relationship": "Outer",
                                                      "Parallel Aware": true,
                                                      "Async Capable": false,
                                                      "Relation Name": "lineitem",
                                                      "Alias": "lineitem",
                                                      "Startup Cost": 0.0,
                                                      "Total Cost": 1374494.57,
                                                      "Plan Rows": 24995257,
                                                      "Plan Width": 29,
                                                      "parent": 14,
                                                      "ID": 15
                                                    },
                                                    {
                                                      "Node Type": "Hash",
                                                      "Parent Relationship": "Inner",
                                                      "Parallel Aware": true,
                                                      "Async Capable": false,
                                                      "Startup Cost": 51378.28,
                                                      "Total Cost": 51378.28,
                                                      "Plan Rows": 50503,
                                                      "Plan Width": 4,
                                                      "Plans": [
                                                        {
                                                          "Node Type": "Seq Scan",
                                                          "Parent Relationship": "Outer",
                                                          "Parallel Aware": true,
                                                          "Async Capable": false,
                                                          "Relation Name": "part",
                                                          "Alias": "part",
                                                          "Startup Cost": 0.0,
                                                          "Total Cost": 51378.28,
                                                          "Plan Rows": 50503,
                                                          "Plan Width": 4,
                                                          "Filter": "((p_name)::text ~~ '%tan%'::text)",
                                                          "parent": 16,
                                                          "ID": 17
                                                        }
                                                      ],
                                                      "parent": 14,
                                                      "ID": 16,
                                                      "left": 17
                                                    }
                                                  ],
                                                  "parent": 13,
                                                  "ID": 14,
                                                  "left": 15,
                                                  "right": 16
                                                }
                                              ],
                                              "parent": 11,
                                              "ID": 13,
                                              "left": 14
                                            }
                                          ],
                                          "parent": 10,
                                          "ID": 11,
                                          "left": 12,
                                          "right": 13
                                        }
                                      ],
                                      "parent": 8,
                                      "ID": 10,
                                      "left": 11
                                    }
                                  ],
                                  "parent": 7,
                                  "ID": 8,
                                  "left": 9,
                                  "right": 10
                                }
                              ],
                              "parent": 5,
                              "ID": 7,
                              "left": 8
                            }
                          ],
                          "parent": 4,
                          "ID": 5,
                          "left": 6,
                          "right": 7
                        },
                        {
                          "Node Type": "Hash",
                          "Parent Relationship": "Inner",
                          "Parallel Aware": false,
                          "Async Capable": false,
                          "Startup Cost": 1.25,
                          "Total Cost": 1.25,
                          "Plan Rows": 25,
                          "Plan Width": 30,
                          "Plans": [
                            {
                              "Node Type": "Seq Scan",
                              "Parent Relationship": "Outer",
                              "Parallel Aware": false,
                              "Async Capable": false,
                              "Relation Name": "nation",
                              "Alias": "nation",
                              "Startup Cost": 0.0,
                              "Total Cost": 1.25,
                              "Plan Rows": 25,
                              "Plan Width": 30,
                              "parent": 18,
                              "ID": 19
                            }
                          ],
                          "parent": 4,
                          "ID": 18,
                          "left": 19
                        }
                      ],
                      "parent": 3,
                      "ID": 4,
                      "left": 5,
                      "right": 18
                    }
                  ],
                  "parent": 2,
                  "ID": 3,
                  "left": 4
                }
              ],
              "parent": 1,
              "ID": 2,
              "left": 3
            }
          ],
          "parent": 0,
          "ID": 1,
          "left": 2
        }
      ],
      "parent": null,
      "ID": 0,
      "left": 1
    },
    "feat": {
      "utility": 1.1402113360071785e-06,
      "query_shape": [
        [
          "Seq Scan",
          "Hash Join",
          "Sort",
          "Aggregate",
          "Gather Merge"
        ],
        [
          "Seq Scan",
          "Hash Join",
          "Hash",
          "Sort",
          "Aggregate",
          "Gather Merge"
        ],
        [
          "Seq Scan",
          "Hash Join",
          "Hash",
          "Sort",
          "Aggregate",
          "Gather Merge"
        ],
        [
          "Seq Scan",
          "Hash Join",
          "Hash",
          "Sort",
          "Aggregate",
          "Gather Merge"
        ],
        [
          "Seq Scan",
          "Hash",
          "Hash Join",
          "Sort",
          "Aggregate",
          "Gather Merge"
        ],
        [
          "Seq Scan",
          "Hash",
          "Hash Join",
          "Sort",
          "Aggregate",
          "Gather Merge"
        ]
      ],
      "index_shape": [
        "join"
      ],
      "physical_operator": {
        "Hash Join": [
          0.00489713702090669,
          3.391878524927478e-06
        ]
      }
    }
  },
  {
    "query": "-- Functional Query Definition\n-- Approved February 1998\n\n\nselect\nnation,\no_year,\nsum(amount) as sum_profit\nfrom\n(\nselect\nn_name as nation,\nextract(year from o_orderdate) as o_year,\nl_extendedprice * (1 - l_discount) - ps_supplycost * l_quantity as amount\nfrom\npart,\nsupplier,\nlineitem,\npartsupp,\norders,\nnation\nwhere\ns_suppkey = l_suppkey\nand ps_suppkey = l_suppkey\nand ps_partkey = l_partkey\nand p_partkey = l_partkey\nand o_orderkey = l_orderkey\nand s_nationkey = n_nationkey\nand p_name like '%tan%'\n) as profit\ngroup by\nnation,\no_year\norder by\nnation,\no_year desc ;\n-- $ID$\n-- TPC-H/TPC-R Returned Item Reporting ",
    "indexes": "lineitem.l_quantity",
    "wo plan est": {
      "Node Type": "Aggregate",
      "Strategy": "Sorted",
      "Partial Mode": "Finalize",
      "Parallel Aware": false,
      "Async Capable": false,
      "Startup Cost": 2187189.13,
      "Total Cost": 2187203.6,
      "Plan Rows": 135,
      "Plan Width": 90,
      "Group Key": [
        "nation.n_name",
        "(EXTRACT(year FROM orders.o_orderdate))"
      ],
      "Plans": [
        {
          "Node Type": "Gather Merge",
          "Parent Relationship": "Outer",
          "Parallel Aware": false,
          "Async Capable": false,
          "Startup Cost": 2187189.13,
          "Total Cost": 2187200.78,
          "Plan Rows": 79,
          "Plan Width": 90,
          "Workers Planned": 1,
          "Plans": [
            {
              "Node Type": "Aggregate",
              "Strategy": "Sorted",
              "Partial Mode": "Partial",
              "Parent Relationship": "Outer",
              "Parallel Aware": false,
              "Async Capable": false,
              "Startup Cost": 2186189.12,
              "Total Cost": 2186191.89,
              "Plan Rows": 79,
              "Plan Width": 90,
              "Group Key": [
                "nation.n_name",
                "(EXTRACT(year FROM orders.o_orderdate))"
              ],
              "Plans": [
                {
                  "Node Type": "Sort",
                  "Parent Relationship": "Outer",
                  "Parallel Aware": false,
                  "Async Capable": false,
                  "Startup Cost": 2186189.12,
                  "Total Cost": 2186189.32,
                  "Plan Rows": 79,
                  "Plan Width": 81,
                  "Sort Key": [
                    "nation.n_name",
                    "(EXTRACT(year FROM orders.o_orderdate)) DESC"
                  ],
                  "Plans": [
                    {
                      "Node Type": "Hash Join",
                      "Parent Relationship": "Outer",
                      "Parallel Aware": false,
                      "Async Capable": false,
                      "Join Type": "Inner",
                      "Startup Cost": 2183160.19,
                      "Total Cost": 2186186.63,
                      "Plan Rows": 79,
                      "Plan Width": 81,
                      "Inner Unique": false,
                      "Hash Cond": "(supplier.s_nationkey = nation.n_nationkey)",
                      "Plans": [
                        {
                          "Node Type": "Hash Join",
                          "Parent Relationship": "Outer",
                          "Parallel Aware": true,
                          "Async Capable": false,
                          "Join Type": "Inner",
                          "Startup Cost": 2183158.63,
                          "Total Cost": 2186183.78,
                          "Plan Rows": 79,
                          "Plan Width": 31,
                          "Inner Unique": false,
                          "Hash Cond": "(supplier.s_suppkey = lineitem.l_suppkey)",
                          "Plans": [
                            {
                              "Node Type": "Seq Scan",
                              "Parent Relationship": "Outer",
                              "Parallel Aware": true,
                              "Async Capable": false,
                              "Relation Name": "supplier",
                              "Alias": "supplier",
                              "Startup Cost": 0.0,
                              "Total Cost": 2804.24,
                              "Plan Rows": 58824,
                              "Plan Width": 8,
                              "parent": 5,
                              "ID": 6
                            },
                            {
                              "Node Type": "Hash",
                              "Parent Relationship": "Inner",
                              "Parallel Aware": true,
                              "Async Capable": false,
                              "Startup Cost": 2183157.93,
                              "Total Cost": 2183157.93,
                              "Plan Rows": 56,
                              "Plan Width": 35,
                              "Plans": [
                                {
                                  "Node Type": "Hash Join",
                                  "Parent Relationship": "Outer",
                                  "Parallel Aware": true,
                                  "Async Capable": false,
                                  "Join Type": "Inner",
                                  "Startup Cost": 1836314.1,
                                  "Total Cost": 2183157.93,
                                  "Plan Rows": 56,
                                  "Plan Width": 35,
                                  "Inner Unique": false,
                                  "Hash Cond": "(orders.o_orderkey = lineitem.l_orderkey)",
                                  "Plans": [
                                    {
                                      "Node Type": "Seq Scan",
                                      "Parent Relationship": "Outer",
                                      "Parallel Aware": true,
                                      "Async Capable": false,
                                      "Relation Name": "orders",
                                      "Alias": "orders",
                                      "Startup Cost": 0.0,
                                      "Total Cost": 323407.71,
                                      "Plan Rows": 6249571,
                                      "Plan Width": 8,
                                      "parent": 8,
                                      "ID": 9
                                    },
                                    {
                                      "Node Type": "Hash",
                                      "Parent Relationship": "Inner",
                                      "Parallel Aware": true,
                                      "Async Capable": false,
                                      "Startup Cost": 1836313.4,
                                      "Total Cost": 1836313.4,
                                      "Plan Rows": 56,
                                      "Plan Width": 35,
                                      "Plans": [
                                        {
                                          "Node Type": "Hash Join",
                                          "Parent Relationship": "Outer",
                                          "Parallel Aware": true,
                                          "Async Capable": false,
                                          "Join Type": "Inner",
                                          "Startup Cost": 1559634.16,
                                          "Total Cost": 1836313.4,
                                          "Plan Rows": 56,
                                          "Plan Width": 35,
                                          "Inner Unique": false,
                                          "Hash Cond": "((partsupp.ps_suppkey = lineitem.l_suppkey) AND (partsupp.ps_partkey = lineitem.l_partkey))",
                                          "Plans": [
                                            {
                                              "Node Type": "Seq Scan",
                                              "Parent Relationship": "Outer",
                                              "Parallel Aware": true,
                                              "Async Capable": false,
                                              "Relation Name": "partsupp",
                                              "Alias": "partsupp",
                                              "Startup Cost": 0.0,
                                              "Total Cost": 207718.58,
                                              "Plan Rows": 3333258,
                                              "Plan Width": 14,
                                              "parent": 11,
                                              "ID": 12
                                            },
                                            {
                                              "Node Type": "Hash",
                                              "Parent Relationship": "Inner",
                                              "Parallel Aware": true,
                                              "Async Capable": false,
                                              "Startup Cost": 1526320.84,
                                              "Total Cost": 1526320.84,
                                              "Plan Rows": 1460288,
                                              "Plan Width": 33,
                                              "Plans": [
                                                {
                                                  "Node Type": "Hash Join",
                                                  "Parent Relationship": "Outer",
                                                  "Parallel Aware": true,
                                                  "Async Capable": false,
                                                  "Join Type": "Inner",
                                                  "Startup Cost": 52009.57,
                                                  "Total Cost": 1526320.84,
                                                  "Plan Rows": 1460288,
                                                  "Plan Width": 33,
                                                  "Inner Unique": false,
                                                  "Hash Cond": "(lineitem.l_partkey = part.p_partkey)",
                                                  "Plans": [
                                                    {
                                                      "Node Type": "Seq Scan",
                                                      "Parent Relationship": "Outer",
                                                      "Parallel Aware": true,
                                                      "Async Capable": false,
                                                      "Relation Name": "lineitem",
                                                      "Alias": "lineitem",
                                                      "Startup Cost": 0.0,
                                                      "Total Cost": 1374494.57,
                                                      "Plan Rows": 24995257,
                                                      "Plan Width": 29,
                                                      "parent": 14,
                                                      "ID": 15
                                                    },
                                                    {
                                                      "Node Type": "Hash",
                                                      "Parent Relationship": "Inner",
                                                      "Parallel Aware": true,
                                                      "Async Capable": false,
                                                      "Startup Cost": 51378.28,
                                                      "Total Cost": 51378.28,
                                                      "Plan Rows": 50503,
                                                      "Plan Width": 4,
                                                      "Plans": [
                                                        {
                                                          "Node Type": "Seq Scan",
                                                          "Parent Relationship": "Outer",
                                                          "Parallel Aware": true,
                                                          "Async Capable": false,
                                                          "Relation Name": "part",
                                                          "Alias": "part",
                                                          "Startup Cost": 0.0,
                                                          "Total Cost": 51378.28,
                                                          "Plan Rows": 50503,
                                                          "Plan Width": 4,
                                                          "Filter": "((p_name)::text ~~ '%tan%'::text)",
                                                          "parent": 16,
                                                          "ID": 17
                                                        }
                                                      ],
                                                      "parent": 14,
                                                      "ID": 16,
                                                      "left": 17
                                                    }
                                                  ],
                                                  "parent": 13,
                                                  "ID": 14,
                                                  "left": 15,
                                                  "right": 16
                                                }
                                              ],
                                              "parent": 11,
                                              "ID": 13,
                                              "left": 14
                                            }
                                          ],
                                          "parent": 10,
                                          "ID": 11,
                                          "left": 12,
                                          "right": 13
                                        }
                                      ],
                                      "parent": 8,
                                      "ID": 10,
                                      "left": 11
                                    }
                                  ],
                                  "parent": 7,
                                  "ID": 8,
                                  "left": 9,
                                  "right": 10
                                }
                              ],
                              "parent": 5,
                              "ID": 7,
                              "left": 8
                            }
                          ],
                          "parent": 4,
                          "ID": 5,
                          "left": 6,
                          "right": 7
                        },
                        {
                          "Node Type": "Hash",
                          "Parent Relationship": "Inner",
                          "Parallel Aware": false,
                          "Async Capable": false,
                          "Startup Cost": 1.25,
                          "Total Cost": 1.25,
                          "Plan Rows": 25,
                          "Plan Width": 30,
                          "Plans": [
                            {
                              "Node Type": "Seq Scan",
                              "Parent Relationship": "Outer",
                              "Parallel Aware": false,
                              "Async Capable": false,
                              "Relation Name": "nation",
                              "Alias": "nation",
                              "Startup Cost": 0.0,
                              "Total Cost": 1.25,
                              "Plan Rows": 25,
                              "Plan Width": 30,
                              "parent": 18,
                              "ID": 19
                            }
                          ],
                          "parent": 4,
                          "ID": 18,
                          "left": 19
                        }
                      ],
                      "parent": 3,
                      "ID": 4,
                      "left": 5,
                      "right": 18
                    }
                  ],
                  "parent": 2,
                  "ID": 3,
                  "left": 4
                }
              ],
              "parent": 1,
              "ID": 2,
              "left": 3
            }
          ],
          "parent": 0,
          "ID": 1,
          "left": 2
        }
      ],
      "parent": null,
      "ID": 0,
      "left": 1
    },
    "feat": {
      "utility": 0.0,
      "query_shape": [
        [
          "Seq Scan",
          "Hash Join",
          "Sort",
          "Aggregate",
          "Gather Merge"
        ],
        [
          "Seq Scan",
          "Hash Join",
          "Hash",
          "Sort",
          "Aggregate",
          "Gather Merge"
        ],
        [
          "Seq Scan",
          "Hash Join",
          "Hash",
          "Sort",
          "Aggregate",
          "Gather Merge"
        ],
        [
          "Seq Scan",
          "Hash Join",
          "Hash",
          "Sort",
          "Aggregate",
          "Gather Merge"
        ],
        [
          "Seq Scan",
          "Hash",
          "Hash Join",
          "Sort",
          "Aggregate",
          "Gather Merge"
        ],
        [
          "Seq Scan",
          "Hash",
          "Hash Join",
          "Sort",
          "Aggregate",
          "Gather Merge"
        ]
      ],
      "index_shape": [],
      "physical_operator": {}
    }
  },
  {
    "query": "-- Functional Query Definition\n-- Approved February 1998\n\n\nselect\nnation,\no_year,\nsum(amount) as sum_profit\nfrom\n(\nselect\nn_name as nation,\nextract(year from o_orderdate) as o_year,\nl_extendedprice * (1 - l_discount) - ps_supplycost * l_quantity as amount\nfrom\npart,\nsupplier,\nlineitem,\npartsupp,\norders,\nnation\nwhere\ns_suppkey = l_suppkey\nand ps_suppkey = l_suppkey\nand ps_partkey = l_partkey\nand p_partkey = l_partkey\nand o_orderkey = l_orderkey\nand s_nationkey = n_nationkey\nand p_name like '%tan%'\n) as profit\ngroup by\nnation,\no_year\norder by\nnation,\no_year desc ;\n-- $ID$\n-- TPC-H/TPC-R Returned Item Reporting ",
    "indexes": "lineitem.l_extendedprice",
    "wo plan est": {
      "Node Type": "Aggregate",
      "Strategy": "Sorted",
      "Partial Mode": "Finalize",
      "Parallel Aware": false,
      "Async Capable": false,
      "Startup Cost": 2187189.13,
      "Total Cost": 2187203.6,
      "Plan Rows": 135,
      "Plan Width": 90,
      "Group Key": [
        "nation.n_name",
        "(EXTRACT(year FROM orders.o_orderdate))"
      ],
      "Plans": [
        {
          "Node Type": "Gather Merge",
          "Parent Relationship": "Outer",
          "Parallel Aware": false,
          "Async Capable": false,
          "Startup Cost": 2187189.13,
          "Total Cost": 2187200.78,
          "Plan Rows": 79,
          "Plan Width": 90,
          "Workers Planned": 1,
          "Plans": [
            {
              "Node Type": "Aggregate",
              "Strategy": "Sorted",
              "Partial Mode": "Partial",
              "Parent Relationship": "Outer",
              "Parallel Aware": false,
              "Async Capable": false,
              "Startup Cost": 2186189.12,
              "Total Cost": 2186191.89,
              "Plan Rows": 79,
              "Plan Width": 90,
              "Group Key": [
                "nation.n_name",
                "(EXTRACT(year FROM orders.o_orderdate))"
              ],
              "Plans": [
                {
                  "Node Type": "Sort",
                  "Parent Relationship": "Outer",
                  "Parallel Aware": false,
                  "Async Capable": false,
                  "Startup Cost": 2186189.12,
                  "Total Cost": 2186189.32,
                  "Plan Rows": 79,
                  "Plan Width": 81,
                  "Sort Key": [
                    "nation.n_name",
                    "(EXTRACT(year FROM orders.o_orderdate)) DESC"
                  ],
                  "Plans": [
                    {
                      "Node Type": "Hash Join",
                      "Parent Relationship": "Outer",
                      "Parallel Aware": false,
                      "Async Capable": false,
                      "Join Type": "Inner",
                      "Startup Cost": 2183160.19,
                      "Total Cost": 2186186.63,
                      "Plan Rows": 79,
                      "Plan Width": 81,
                      "Inner Unique": false,
                      "Hash Cond": "(supplier.s_nationkey = nation.n_nationkey)",
                      "Plans": [
                        {
                          "Node Type": "Hash Join",
                          "Parent Relationship": "Outer",
                          "Parallel Aware": true,
                          "Async Capable": false,
                          "Join Type": "Inner",
                          "Startup Cost": 2183158.63,
                          "Total Cost": 2186183.78,
                          "Plan Rows": 79,
                          "Plan Width": 31,
                          "Inner Unique": false,
                          "Hash Cond": "(supplier.s_suppkey = lineitem.l_suppkey)",
                          "Plans": [
                            {
                              "Node Type": "Seq Scan",
                              "Parent Relationship": "Outer",
                              "Parallel Aware": true,
                              "Async Capable": false,
                              "Relation Name": "supplier",
                              "Alias": "supplier",
                              "Startup Cost": 0.0,
                              "Total Cost": 2804.24,
                              "Plan Rows": 58824,
                              "Plan Width": 8,
                              "parent": 5,
                              "ID": 6
                            },
                            {
                              "Node Type": "Hash",
                              "Parent Relationship": "Inner",
                              "Parallel Aware": true,
                              "Async Capable": false,
                              "Startup Cost": 2183157.93,
                              "Total Cost": 2183157.93,
                              "Plan Rows": 56,
                              "Plan Width": 35,
                              "Plans": [
                                {
                                  "Node Type": "Hash Join",
                                  "Parent Relationship": "Outer",
                                  "Parallel Aware": true,
                                  "Async Capable": false,
                                  "Join Type": "Inner",
                                  "Startup Cost": 1836314.1,
                                  "Total Cost": 2183157.93,
                                  "Plan Rows": 56,
                                  "Plan Width": 35,
                                  "Inner Unique": false,
                                  "Hash Cond": "(orders.o_orderkey = lineitem.l_orderkey)",
                                  "Plans": [
                                    {
                                      "Node Type": "Seq Scan",
                                      "Parent Relationship": "Outer",
                                      "Parallel Aware": true,
                                      "Async Capable": false,
                                      "Relation Name": "orders",
                                      "Alias": "orders",
                                      "Startup Cost": 0.0,
                                      "Total Cost": 323407.71,
                                      "Plan Rows": 6249571,
                                      "Plan Width": 8,
                                      "parent": 8,
                                      "ID": 9
                                    },
                                    {
                                      "Node Type": "Hash",
                                      "Parent Relationship": "Inner",
                                      "Parallel Aware": true,
                                      "Async Capable": false,
                                      "Startup Cost": 1836313.4,
                                      "Total Cost": 1836313.4,
                                      "Plan Rows": 56,
                                      "Plan Width": 35,
                                      "Plans": [
                                        {
                                          "Node Type": "Hash Join",
                                          "Parent Relationship": "Outer",
                                          "Parallel Aware": true,
                                          "Async Capable": false,
                                          "Join Type": "Inner",
                                          "Startup Cost": 1559634.16,
                                          "Total Cost": 1836313.4,
                                          "Plan Rows": 56,
                                          "Plan Width": 35,
                                          "Inner Unique": false,
                                          "Hash Cond": "((partsupp.ps_suppkey = lineitem.l_suppkey) AND (partsupp.ps_partkey = lineitem.l_partkey))",
                                          "Plans": [
                                            {
                                              "Node Type": "Seq Scan",
                                              "Parent Relationship": "Outer",
                                              "Parallel Aware": true,
                                              "Async Capable": false,
                                              "Relation Name": "partsupp",
                                              "Alias": "partsupp",
                                              "Startup Cost": 0.0,
                                              "Total Cost": 207718.58,
                                              "Plan Rows": 3333258,
                                              "Plan Width": 14,
                                              "parent": 11,
                                              "ID": 12
                                            },
                                            {
                                              "Node Type": "Hash",
                                              "Parent Relationship": "Inner",
                                              "Parallel Aware": true,
                                              "Async Capable": false,
                                              "Startup Cost": 1526320.84,
                                              "Total Cost": 1526320.84,
                                              "Plan Rows": 1460288,
                                              "Plan Width": 33,
                                              "Plans": [
                                                {
                                                  "Node Type": "Hash Join",
                                                  "Parent Relationship": "Outer",
                                                  "Parallel Aware": true,
                                                  "Async Capable": false,
                                                  "Join Type": "Inner",
                                                  "Startup Cost": 52009.57,
                                                  "Total Cost": 1526320.84,
                                                  "Plan Rows": 1460288,
                                                  "Plan Width": 33,
                                                  "Inner Unique": false,
                                                  "Hash Cond": "(lineitem.l_partkey = part.p_partkey)",
                                                  "Plans": [
                                                    {
                                                      "Node Type": "Seq Scan",
                                                      "Parent Relationship": "Outer",
                                                      "Parallel Aware": true,
                                                      "Async Capable": false,
                                                      "Relation Name": "lineitem",
                                                      "Alias": "lineitem",
                                                      "Startup Cost": 0.0,
                                                      "Total Cost": 1374494.57,
                                                      "Plan Rows": 24995257,
                                                      "Plan Width": 29,
                                                      "parent": 14,
                                                      "ID": 15
                                                    },
                                                    {
                                                      "Node Type": "Hash",
                                                      "Parent Relationship": "Inner",
                                                      "Parallel Aware": true,
                                                      "Async Capable": false,
                                                      "Startup Cost": 51378.28,
                                                      "Total Cost": 51378.28,
                                                      "Plan Rows": 50503,
                                                      "Plan Width": 4,
                                                      "Plans": [
                                                        {
                                                          "Node Type": "Seq Scan",
                                                          "Parent Relationship": "Outer",
                                                          "Parallel Aware": true,
                                                          "Async Capable": false,
                                                          "Relation Name": "part",
                                                          "Alias": "part",
                                                          "Startup Cost": 0.0,
                                                          "Total Cost": 51378.28,
                                                          "Plan Rows": 50503,
                                                          "Plan Width": 4,
                                                          "Filter": "((p_name)::text ~~ '%tan%'::text)",
                                                          "parent": 16,
                                                          "ID": 17
                                                        }
                                                      ],
                                                      "parent": 14,
                                                      "ID": 16,
                                                      "left": 17
                                                    }
                                                  ],
                                                  "parent": 13,
                                                  "ID": 14,
                                                  "left": 15,
                                                  "right": 16
                                                }
                                              ],
                                              "parent": 11,
                                              "ID": 13,
                                              "left": 14
                                            }
                                          ],
                                          "parent": 10,
                                          "ID": 11,
                                          "left": 12,
                                          "right": 13
                                        }
                                      ],
                                      "parent": 8,
                                      "ID": 10,
                                      "left": 11
                                    }
                                  ],
                                  "parent": 7,
                                  "ID": 8,
                                  "left": 9,
                                  "right": 10
                                }
                              ],
                              "parent": 5,
                              "ID": 7,
                              "left": 8
                            }
                          ],
                          "parent": 4,
                          "ID": 5,
                          "left": 6,
                          "right": 7
                        },
                        {
                          "Node Type": "Hash",
                          "Parent Relationship": "Inner",
                          "Parallel Aware": false,
                          "Async Capable": false,
                          "Startup Cost": 1.25,
                          "Total Cost": 1.25,
                          "Plan Rows": 25,
                          "Plan Width": 30,
                          "Plans": [
                            {
                              "Node Type": "Seq Scan",
                              "Parent Relationship": "Outer",
                              "Parallel Aware": false,
                              "Async Capable": false,
                              "Relation Name": "nation",
                              "Alias": "nation",
                              "Startup Cost": 0.0,
                              "Total Cost": 1.25,
                              "Plan Rows": 25,
                              "Plan Width": 30,
                              "parent": 18,
                              "ID": 19
                            }
                          ],
                          "parent": 4,
                          "ID": 18,
                          "left": 19
                        }
                      ],
                      "parent": 3,
                      "ID": 4,
                      "left": 5,
                      "right": 18
                    }
                  ],
                  "parent": 2,
                  "ID": 3,
                  "left": 4
                }
              ],
              "parent": 1,
              "ID": 2,
              "left": 3
            }
          ],
          "parent": 0,
          "ID": 1,
          "left": 2
        }
      ],
      "parent": null,
      "ID": 0,
      "left": 1
    },
    "feat": {
      "utility": 0.0,
      "query_shape": [
        [
          "Seq Scan",
          "Hash Join",
          "Sort",
          "Aggregate",
          "Gather Merge"
        ],
        [
          "Seq Scan",
          "Hash Join",
          "Hash",
          "Sort",
          "Aggregate",
          "Gather Merge"
        ],
        [
          "Seq Scan",
          "Hash Join",
          "Hash",
          "Sort",
          "Aggregate",
          "Gather Merge"
        ],
        [
          "Seq Scan",
          "Hash Join",
          "Hash",
          "Sort",
          "Aggregate",
          "Gather Merge"
        ],
        [
          "Seq Scan",
          "Hash",
          "Hash Join",
          "Sort",
          "Aggregate",
          "Gather Merge"
        ],
        [
          "Seq Scan",
          "Hash",
          "Hash Join",
          "Sort",
          "Aggregate",
          "Gather Merge"
        ]
      ],
      "index_shape": [],
      "physical_operator": {}
    }
  },
  {
    "query": "-- Functional Query Definition\n-- Approved February 1998\n\n\nselect\nnation,\no_year,\nsum(amount) as sum_profit\nfrom\n(\nselect\nn_name as nation,\nextract(year from o_orderdate) as o_year,\nl_extendedprice * (1 - l_discount) - ps_supplycost * l_quantity as amount\nfrom\npart,\nsupplier,\nlineitem,\npartsupp,\norders,\nnation\nwhere\ns_suppkey = l_suppkey\nand ps_suppkey = l_suppkey\nand ps_partkey = l_partkey\nand p_partkey = l_partkey\nand o_orderkey = l_orderkey\nand s_nationkey = n_nationkey\nand p_name like '%tan%'\n) as profit\ngroup by\nnation,\no_year\norder by\nnation,\no_year desc ;\n-- $ID$\n-- TPC-H/TPC-R Returned Item Reporting ",
    "indexes": "lineitem.l_discount",
    "wo plan est": {
      "Node Type": "Aggregate",
      "Strategy": "Sorted",
      "Partial Mode": "Finalize",
      "Parallel Aware": false,
      "Async Capable": false,
      "Startup Cost": 2187189.13,
      "Total Cost": 2187203.6,
      "Plan Rows": 135,
      "Plan Width": 90,
      "Group Key": [
        "nation.n_name",
        "(EXTRACT(year FROM orders.o_orderdate))"
      ],
      "Plans": [
        {
          "Node Type": "Gather Merge",
          "Parent Relationship": "Outer",
          "Parallel Aware": false,
          "Async Capable": false,
          "Startup Cost": 2187189.13,
          "Total Cost": 2187200.78,
          "Plan Rows": 79,
          "Plan Width": 90,
          "Workers Planned": 1,
          "Plans": [
            {
              "Node Type": "Aggregate",
              "Strategy": "Sorted",
              "Partial Mode": "Partial",
              "Parent Relationship": "Outer",
              "Parallel Aware": false,
              "Async Capable": false,
              "Startup Cost": 2186189.12,
              "Total Cost": 2186191.89,
              "Plan Rows": 79,
              "Plan Width": 90,
              "Group Key": [
                "nation.n_name",
                "(EXTRACT(year FROM orders.o_orderdate))"
              ],
              "Plans": [
                {
                  "Node Type": "Sort",
                  "Parent Relationship": "Outer",
                  "Parallel Aware": false,
                  "Async Capable": false,
                  "Startup Cost": 2186189.12,
                  "Total Cost": 2186189.32,
                  "Plan Rows": 79,
                  "Plan Width": 81,
                  "Sort Key": [
                    "nation.n_name",
                    "(EXTRACT(year FROM orders.o_orderdate)) DESC"
                  ],
                  "Plans": [
                    {
                      "Node Type": "Hash Join",
                      "Parent Relationship": "Outer",
                      "Parallel Aware": false,
                      "Async Capable": false,
                      "Join Type": "Inner",
                      "Startup Cost": 2183160.19,
                      "Total Cost": 2186186.63,
                      "Plan Rows": 79,
                      "Plan Width": 81,
                      "Inner Unique": false,
                      "Hash Cond": "(supplier.s_nationkey = nation.n_nationkey)",
                      "Plans": [
                        {
                          "Node Type": "Hash Join",
                          "Parent Relationship": "Outer",
                          "Parallel Aware": true,
                          "Async Capable": false,
                          "Join Type": "Inner",
                          "Startup Cost": 2183158.63,
                          "Total Cost": 2186183.78,
                          "Plan Rows": 79,
                          "Plan Width": 31,
                          "Inner Unique": false,
                          "Hash Cond": "(supplier.s_suppkey = lineitem.l_suppkey)",
                          "Plans": [
                            {
                              "Node Type": "Seq Scan",
                              "Parent Relationship": "Outer",
                              "Parallel Aware": true,
                              "Async Capable": false,
                              "Relation Name": "supplier",
                              "Alias": "supplier",
                              "Startup Cost": 0.0,
                              "Total Cost": 2804.24,
                              "Plan Rows": 58824,
                              "Plan Width": 8,
                              "parent": 5,
                              "ID": 6
                            },
                            {
                              "Node Type": "Hash",
                              "Parent Relationship": "Inner",
                              "Parallel Aware": true,
                              "Async Capable": false,
                              "Startup Cost": 2183157.93,
                              "Total Cost": 2183157.93,
                              "Plan Rows": 56,
                              "Plan Width": 35,
                              "Plans": [
                                {
                                  "Node Type": "Hash Join",
                                  "Parent Relationship": "Outer",
                                  "Parallel Aware": true,
                                  "Async Capable": false,
                                  "Join Type": "Inner",
                                  "Startup Cost": 1836314.1,
                                  "Total Cost": 2183157.93,
                                  "Plan Rows": 56,
                                  "Plan Width": 35,
                                  "Inner Unique": false,
                                  "Hash Cond": "(orders.o_orderkey = lineitem.l_orderkey)",
                                  "Plans": [
                                    {
                                      "Node Type": "Seq Scan",
                                      "Parent Relationship": "Outer",
                                      "Parallel Aware": true,
                                      "Async Capable": false,
                                      "Relation Name": "orders",
                                      "Alias": "orders",
                                      "Startup Cost": 0.0,
                                      "Total Cost": 323407.71,
                                      "Plan Rows": 6249571,
                                      "Plan Width": 8,
                                      "parent": 8,
                                      "ID": 9
                                    },
                                    {
                                      "Node Type": "Hash",
                                      "Parent Relationship": "Inner",
                                      "Parallel Aware": true,
                                      "Async Capable": false,
                                      "Startup Cost": 1836313.4,
                                      "Total Cost": 1836313.4,
                                      "Plan Rows": 56,
                                      "Plan Width": 35,
                                      "Plans": [
                                        {
                                          "Node Type": "Hash Join",
                                          "Parent Relationship": "Outer",
                                          "Parallel Aware": true,
                                          "Async Capable": false,
                                          "Join Type": "Inner",
                                          "Startup Cost": 1559634.16,
                                          "Total Cost": 1836313.4,
                                          "Plan Rows": 56,
                                          "Plan Width": 35,
                                          "Inner Unique": false,
                                          "Hash Cond": "((partsupp.ps_suppkey = lineitem.l_suppkey) AND (partsupp.ps_partkey = lineitem.l_partkey))",
                                          "Plans": [
                                            {
                                              "Node Type": "Seq Scan",
                                              "Parent Relationship": "Outer",
                                              "Parallel Aware": true,
                                              "Async Capable": false,
                                              "Relation Name": "partsupp",
                                              "Alias": "partsupp",
                                              "Startup Cost": 0.0,
                                              "Total Cost": 207718.58,
                                              "Plan Rows": 3333258,
                                              "Plan Width": 14,
                                              "parent": 11,
                                              "ID": 12
                                            },
                                            {
                                              "Node Type": "Hash",
                                              "Parent Relationship": "Inner",
                                              "Parallel Aware": true,
                                              "Async Capable": false,
                                              "Startup Cost": 1526320.84,
                                              "Total Cost": 1526320.84,
                                              "Plan Rows": 1460288,
                                              "Plan Width": 33,
                                              "Plans": [
                                                {
                                                  "Node Type": "Hash Join",
                                                  "Parent Relationship": "Outer",
                                                  "Parallel Aware": true,
                                                  "Async Capable": false,
                                                  "Join Type": "Inner",
                                                  "Startup Cost": 52009.57,
                                                  "Total Cost": 1526320.84,
                                                  "Plan Rows": 1460288,
                                                  "Plan Width": 33,
                                                  "Inner Unique": false,
                                                  "Hash Cond": "(lineitem.l_partkey = part.p_partkey)",
                                                  "Plans": [
                                                    {
                                                      "Node Type": "Seq Scan",
                                                      "Parent Relationship": "Outer",
                                                      "Parallel Aware": true,
                                                      "Async Capable": false,
                                                      "Relation Name": "lineitem",
                                                      "Alias": "lineitem",
                                                      "Startup Cost": 0.0,
                                                      "Total Cost": 1374494.57,
                                                      "Plan Rows": 24995257,
                                                      "Plan Width": 29,
                                                      "parent": 14,
                                                      "ID": 15
                                                    },
                                                    {
                                                      "Node Type": "Hash",
                                                      "Parent Relationship": "Inner",
                                                      "Parallel Aware": true,
                                                      "Async Capable": false,
                                                      "Startup Cost": 51378.28,
                                                      "Total Cost": 51378.28,
                                                      "Plan Rows": 50503,
                                                      "Plan Width": 4,
                                                      "Plans": [
                                                        {
                                                          "Node Type": "Seq Scan",
                                                          "Parent Relationship": "Outer",
                                                          "Parallel Aware": true,
                                                          "Async Capable": false,
                                                          "Relation Name": "part",
                                                          "Alias": "part",
                                                          "Startup Cost": 0.0,
                                                          "Total Cost": 51378.28,
                                                          "Plan Rows": 50503,
                                                          "Plan Width": 4,
                                                          "Filter": "((p_name)::text ~~ '%tan%'::text)",
                                                          "parent": 16,
                                                          "ID": 17
                                                        }
                                                      ],
                                                      "parent": 14,
                                                      "ID": 16,
                                                      "left": 17
                                                    }
                                                  ],
                                                  "parent": 13,
                                                  "ID": 14,
                                                  "left": 15,
                                                  "right": 16
                                                }
                                              ],
                                              "parent": 11,
                                              "ID": 13,
                                              "left": 14
                                            }
                                          ],
                                          "parent": 10,
                                          "ID": 11,
                                          "left": 12,
                                          "right": 13
                                        }
                                      ],
                                      "parent": 8,
                                      "ID": 10,
                                      "left": 11
                                    }
                                  ],
                                  "parent": 7,
                                  "ID": 8,
                                  "left": 9,
                                  "right": 10
                                }
                              ],
                              "parent": 5,
                              "ID": 7,
                              "left": 8
                            }
                          ],
                          "parent": 4,
                          "ID": 5,
                          "left": 6,
                          "right": 7
                        },
                        {
                          "Node Type": "Hash",
                          "Parent Relationship": "Inner",
                          "Parallel Aware": false,
                          "Async Capable": false,
                          "Startup Cost": 1.25,
                          "Total Cost": 1.25,
                          "Plan Rows": 25,
                          "Plan Width": 30,
                          "Plans": [
                            {
                              "Node Type": "Seq Scan",
                              "Parent Relationship": "Outer",
                              "Parallel Aware": false,
                              "Async Capable": false,
                              "Relation Name": "nation",
                              "Alias": "nation",
                              "Startup Cost": 0.0,
                              "Total Cost": 1.25,
                              "Plan Rows": 25,
                              "Plan Width": 30,
                              "parent": 18,
                              "ID": 19
                            }
                          ],
                          "parent": 4,
                          "ID": 18,
                          "left": 19
                        }
                      ],
                      "parent": 3,
                      "ID": 4,
                      "left": 5,
                      "right": 18
                    }
                  ],
                  "parent": 2,
                  "ID": 3,
                  "left": 4
                }
              ],
              "parent": 1,
              "ID": 2,
              "left": 3
            }
          ],
          "parent": 0,
          "ID": 1,
          "left": 2
        }
      ],
      "parent": null,
      "ID": 0,
      "left": 1
    },
    "feat": {
      "utility": 0.0,
      "query_shape": [
        [
          "Seq Scan",
          "Hash Join",
          "Sort",
          "Aggregate",
          "Gather Merge"
        ],
        [
          "Seq Scan",
          "Hash Join",
          "Hash",
          "Sort",
          "Aggregate",
          "Gather Merge"
        ],
        [
          "Seq Scan",
          "Hash Join",
          "Hash",
          "Sort",
          "Aggregate",
          "Gather Merge"
        ],
        [
          "Seq Scan",
          "Hash Join",
          "Hash",
          "Sort",
          "Aggregate",
          "Gather Merge"
        ],
        [
          "Seq Scan",
          "Hash",
          "Hash Join",
          "Sort",
          "Aggregate",
          "Gather Merge"
        ],
        [
          "Seq Scan",
          "Hash",
          "Hash Join",
          "Sort",
          "Aggregate",
          "Gather Merge"
        ]
      ],
      "index_shape": [],
      "physical_operator": {}
    }
  },
  {
    "query": "-- Functional Query Definition\n-- Approved February 1998\n\n\nselect\nnation,\no_year,\nsum(amount) as sum_profit\nfrom\n(\nselect\nn_name as nation,\nextract(year from o_orderdate) as o_year,\nl_extendedprice * (1 - l_discount) - ps_supplycost * l_quantity as amount\nfrom\npart,\nsupplier,\nlineitem,\npartsupp,\norders,\nnation\nwhere\ns_suppkey = l_suppkey\nand ps_suppkey = l_suppkey\nand ps_partkey = l_partkey\nand p_partkey = l_partkey\nand o_orderkey = l_orderkey\nand s_nationkey = n_nationkey\nand p_name like '%tan%'\n) as profit\ngroup by\nnation,\no_year\norder by\nnation,\no_year desc ;\n-- $ID$\n-- TPC-H/TPC-R Returned Item Reporting ",
    "indexes": "nation.n_nationkey",
    "wo plan est": {
      "Node Type": "Aggregate",
      "Strategy": "Sorted",
      "Partial Mode": "Finalize",
      "Parallel Aware": false,
      "Async Capable": false,
      "Startup Cost": 2187189.13,
      "Total Cost": 2187203.6,
      "Plan Rows": 135,
      "Plan Width": 90,
      "Group Key": [
        "nation.n_name",
        "(EXTRACT(year FROM orders.o_orderdate))"
      ],
      "Plans": [
        {
          "Node Type": "Gather Merge",
          "Parent Relationship": "Outer",
          "Parallel Aware": false,
          "Async Capable": false,
          "Startup Cost": 2187189.13,
          "Total Cost": 2187200.78,
          "Plan Rows": 79,
          "Plan Width": 90,
          "Workers Planned": 1,
          "Plans": [
            {
              "Node Type": "Aggregate",
              "Strategy": "Sorted",
              "Partial Mode": "Partial",
              "Parent Relationship": "Outer",
              "Parallel Aware": false,
              "Async Capable": false,
              "Startup Cost": 2186189.12,
              "Total Cost": 2186191.89,
              "Plan Rows": 79,
              "Plan Width": 90,
              "Group Key": [
                "nation.n_name",
                "(EXTRACT(year FROM orders.o_orderdate))"
              ],
              "Plans": [
                {
                  "Node Type": "Sort",
                  "Parent Relationship": "Outer",
                  "Parallel Aware": false,
                  "Async Capable": false,
                  "Startup Cost": 2186189.12,
                  "Total Cost": 2186189.32,
                  "Plan Rows": 79,
                  "Plan Width": 81,
                  "Sort Key": [
                    "nation.n_name",
                    "(EXTRACT(year FROM orders.o_orderdate)) DESC"
                  ],
                  "Plans": [
                    {
                      "Node Type": "Hash Join",
                      "Parent Relationship": "Outer",
                      "Parallel Aware": false,
                      "Async Capable": false,
                      "Join Type": "Inner",
                      "Startup Cost": 2183160.19,
                      "Total Cost": 2186186.63,
                      "Plan Rows": 79,
                      "Plan Width": 81,
                      "Inner Unique": false,
                      "Hash Cond": "(supplier.s_nationkey = nation.n_nationkey)",
                      "Plans": [
                        {
                          "Node Type": "Hash Join",
                          "Parent Relationship": "Outer",
                          "Parallel Aware": true,
                          "Async Capable": false,
                          "Join Type": "Inner",
                          "Startup Cost": 2183158.63,
                          "Total Cost": 2186183.78,
                          "Plan Rows": 79,
                          "Plan Width": 31,
                          "Inner Unique": false,
                          "Hash Cond": "(supplier.s_suppkey = lineitem.l_suppkey)",
                          "Plans": [
                            {
                              "Node Type": "Seq Scan",
                              "Parent Relationship": "Outer",
                              "Parallel Aware": true,
                              "Async Capable": false,
                              "Relation Name": "supplier",
                              "Alias": "supplier",
                              "Startup Cost": 0.0,
                              "Total Cost": 2804.24,
                              "Plan Rows": 58824,
                              "Plan Width": 8,
                              "parent": 5,
                              "ID": 6
                            },
                            {
                              "Node Type": "Hash",
                              "Parent Relationship": "Inner",
                              "Parallel Aware": true,
                              "Async Capable": false,
                              "Startup Cost": 2183157.93,
                              "Total Cost": 2183157.93,
                              "Plan Rows": 56,
                              "Plan Width": 35,
                              "Plans": [
                                {
                                  "Node Type": "Hash Join",
                                  "Parent Relationship": "Outer",
                                  "Parallel Aware": true,
                                  "Async Capable": false,
                                  "Join Type": "Inner",
                                  "Startup Cost": 1836314.1,
                                  "Total Cost": 2183157.93,
                                  "Plan Rows": 56,
                                  "Plan Width": 35,
                                  "Inner Unique": false,
                                  "Hash Cond": "(orders.o_orderkey = lineitem.l_orderkey)",
                                  "Plans": [
                                    {
                                      "Node Type": "Seq Scan",
                                      "Parent Relationship": "Outer",
                                      "Parallel Aware": true,
                                      "Async Capable": false,
                                      "Relation Name": "orders",
                                      "Alias": "orders",
                                      "Startup Cost": 0.0,
                                      "Total Cost": 323407.71,
                                      "Plan Rows": 6249571,
                                      "Plan Width": 8,
                                      "parent": 8,
                                      "ID": 9
                                    },
                                    {
                                      "Node Type": "Hash",
                                      "Parent Relationship": "Inner",
                                      "Parallel Aware": true,
                                      "Async Capable": false,
                                      "Startup Cost": 1836313.4,
                                      "Total Cost": 1836313.4,
                                      "Plan Rows": 56,
                                      "Plan Width": 35,
                                      "Plans": [
                                        {
                                          "Node Type": "Hash Join",
                                          "Parent Relationship": "Outer",
                                          "Parallel Aware": true,
                                          "Async Capable": false,
                                          "Join Type": "Inner",
                                          "Startup Cost": 1559634.16,
                                          "Total Cost": 1836313.4,
                                          "Plan Rows": 56,
                                          "Plan Width": 35,
                                          "Inner Unique": false,
                                          "Hash Cond": "((partsupp.ps_suppkey = lineitem.l_suppkey) AND (partsupp.ps_partkey = lineitem.l_partkey))",
                                          "Plans": [
                                            {
                                              "Node Type": "Seq Scan",
                                              "Parent Relationship": "Outer",
                                              "Parallel Aware": true,
                                              "Async Capable": false,
                                              "Relation Name": "partsupp",
                                              "Alias": "partsupp",
                                              "Startup Cost": 0.0,
                                              "Total Cost": 207718.58,
                                              "Plan Rows": 3333258,
                                              "Plan Width": 14,
                                              "parent": 11,
                                              "ID": 12
                                            },
                                            {
                                              "Node Type": "Hash",
                                              "Parent Relationship": "Inner",
                                              "Parallel Aware": true,
                                              "Async Capable": false,
                                              "Startup Cost": 1526320.84,
                                              "Total Cost": 1526320.84,
                                              "Plan Rows": 1460288,
                                              "Plan Width": 33,
                                              "Plans": [
                                                {
                                                  "Node Type": "Hash Join",
                                                  "Parent Relationship": "Outer",
                                                  "Parallel Aware": true,
                                                  "Async Capable": false,
                                                  "Join Type": "Inner",
                                                  "Startup Cost": 52009.57,
                                                  "Total Cost": 1526320.84,
                                                  "Plan Rows": 1460288,
                                                  "Plan Width": 33,
                                                  "Inner Unique": false,
                                                  "Hash Cond": "(lineitem.l_partkey = part.p_partkey)",
                                                  "Plans": [
                                                    {
                                                      "Node Type": "Seq Scan",
                                                      "Parent Relationship": "Outer",
                                                      "Parallel Aware": true,
                                                      "Async Capable": false,
                                                      "Relation Name": "lineitem",
                                                      "Alias": "lineitem",
                                                      "Startup Cost": 0.0,
                                                      "Total Cost": 1374494.57,
                                                      "Plan Rows": 24995257,
                                                      "Plan Width": 29,
                                                      "parent": 14,
                                                      "ID": 15
                                                    },
                                                    {
                                                      "Node Type": "Hash",
                                                      "Parent Relationship": "Inner",
                                                      "Parallel Aware": true,
                                                      "Async Capable": false,
                                                      "Startup Cost": 51378.28,
                                                      "Total Cost": 51378.28,
                                                      "Plan Rows": 50503,
                                                      "Plan Width": 4,
                                                      "Plans": [
                                                        {
                                                          "Node Type": "Seq Scan",
                                                          "Parent Relationship": "Outer",
                                                          "Parallel Aware": true,
                                                          "Async Capable": false,
                                                          "Relation Name": "part",
                                                          "Alias": "part",
                                                          "Startup Cost": 0.0,
                                                          "Total Cost": 51378.28,
                                                          "Plan Rows": 50503,
                                                          "Plan Width": 4,
                                                          "Filter": "((p_name)::text ~~ '%tan%'::text)",
                                                          "parent": 16,
                                                          "ID": 17
                                                        }
                                                      ],
                                                      "parent": 14,
                                                      "ID": 16,
                                                      "left": 17
                                                    }
                                                  ],
                                                  "parent": 13,
                                                  "ID": 14,
                                                  "left": 15,
                                                  "right": 16
                                                }
                                              ],
                                              "parent": 11,
                                              "ID": 13,
                                              "left": 14
                                            }
                                          ],
                                          "parent": 10,
                                          "ID": 11,
                                          "left": 12,
                                          "right": 13
                                        }
                                      ],
                                      "parent": 8,
                                      "ID": 10,
                                      "left": 11
                                    }
                                  ],
                                  "parent": 7,
                                  "ID": 8,
                                  "left": 9,
                                  "right": 10
                                }
                              ],
                              "parent": 5,
                              "ID": 7,
                              "left": 8
                            }
                          ],
                          "parent": 4,
                          "ID": 5,
                          "left": 6,
                          "right": 7
                        },
                        {
                          "Node Type": "Hash",
                          "Parent Relationship": "Inner",
                          "Parallel Aware": false,
                          "Async Capable": false,
                          "Startup Cost": 1.25,
                          "Total Cost": 1.25,
                          "Plan Rows": 25,
                          "Plan Width": 30,
                          "Plans": [
                            {
                              "Node Type": "Seq Scan",
                              "Parent Relationship": "Outer",
                              "Parallel Aware": false,
                              "Async Capable": false,
                              "Relation Name": "nation",
                              "Alias": "nation",
                              "Startup Cost": 0.0,
                              "Total Cost": 1.25,
                              "Plan Rows": 25,
                              "Plan Width": 30,
                              "parent": 18,
                              "ID": 19
                            }
                          ],
                          "parent": 4,
                          "ID": 18,
                          "left": 19
                        }
                      ],
                      "parent": 3,
                      "ID": 4,
                      "left": 5,
                      "right": 18
                    }
                  ],
                  "parent": 2,
                  "ID": 3,
                  "left": 4
                }
              ],
              "parent": 1,
              "ID": 2,
              "left": 3
            }
          ],
          "parent": 0,
          "ID": 1,
          "left": 2
        }
      ],
      "parent": null,
      "ID": 0,
      "left": 1
    },
    "feat": {
      "utility": 4.572048070879181e-07,
      "query_shape": [
        [
          "Seq Scan",
          "Hash Join",
          "Sort",
          "Aggregate",
          "Gather Merge"
        ],
        [
          "Seq Scan",
          "Hash Join",
          "Hash",
          "Sort",
          "Aggregate",
          "Gather Merge"
        ],
        [
          "Seq Scan",
          "Hash Join",
          "Hash",
          "Sort",
          "Aggregate",
          "Gather Merge"
        ],
        [
          "Seq Scan",
          "Hash Join",
          "Hash",
          "Sort",
          "Aggregate",
          "Gather Merge"
        ],
        [
          "Seq Scan",
          "Hash",
          "Hash Join",
          "Sort",
          "Aggregate",
          "Gather Merge"
        ],
        [
          "Seq Scan",
          "Hash",
          "Hash Join",
          "Sort",
          "Aggregate",
          "Gather Merge"
        ]
      ],
      "index_shape": [
        "join"
      ],
      "physical_operator": {
        "Hash Join": [
          0.2
        ]
      }
    }
  },
  {
    "query": "-- Functional Query Definition\n-- Approved February 1998\n\n\nselect\nnation,\no_year,\nsum(amount) as sum_profit\nfrom\n(\nselect\nn_name as nation,\nextract(year from o_orderdate) as o_year,\nl_extendedprice * (1 - l_discount) - ps_supplycost * l_quantity as amount\nfrom\npart,\nsupplier,\nlineitem,\npartsupp,\norders,\nnation\nwhere\ns_suppkey = l_suppkey\nand ps_suppkey = l_suppkey\nand ps_partkey = l_partkey\nand p_partkey = l_partkey\nand o_orderkey = l_orderkey\nand s_nationkey = n_nationkey\nand p_name like '%tan%'\n) as profit\ngroup by\nnation,\no_year\norder by\nnation,\no_year desc ;\n-- $ID$\n-- TPC-H/TPC-R Returned Item Reporting ",
    "indexes": "nation.n_name",
    "wo plan est": {
      "Node Type": "Aggregate",
      "Strategy": "Sorted",
      "Partial Mode": "Finalize",
      "Parallel Aware": false,
      "Async Capable": false,
      "Startup Cost": 2187189.13,
      "Total Cost": 2187203.6,
      "Plan Rows": 135,
      "Plan Width": 90,
      "Group Key": [
        "nation.n_name",
        "(EXTRACT(year FROM orders.o_orderdate))"
      ],
      "Plans": [
        {
          "Node Type": "Gather Merge",
          "Parent Relationship": "Outer",
          "Parallel Aware": false,
          "Async Capable": false,
          "Startup Cost": 2187189.13,
          "Total Cost": 2187200.78,
          "Plan Rows": 79,
          "Plan Width": 90,
          "Workers Planned": 1,
          "Plans": [
            {
              "Node Type": "Aggregate",
              "Strategy": "Sorted",
              "Partial Mode": "Partial",
              "Parent Relationship": "Outer",
              "Parallel Aware": false,
              "Async Capable": false,
              "Startup Cost": 2186189.12,
              "Total Cost": 2186191.89,
              "Plan Rows": 79,
              "Plan Width": 90,
              "Group Key": [
                "nation.n_name",
                "(EXTRACT(year FROM orders.o_orderdate))"
              ],
              "Plans": [
                {
                  "Node Type": "Sort",
                  "Parent Relationship": "Outer",
                  "Parallel Aware": false,
                  "Async Capable": false,
                  "Startup Cost": 2186189.12,
                  "Total Cost": 2186189.32,
                  "Plan Rows": 79,
                  "Plan Width": 81,
                  "Sort Key": [
                    "nation.n_name",
                    "(EXTRACT(year FROM orders.o_orderdate)) DESC"
                  ],
                  "Plans": [
                    {
                      "Node Type": "Hash Join",
                      "Parent Relationship": "Outer",
                      "Parallel Aware": false,
                      "Async Capable": false,
                      "Join Type": "Inner",
                      "Startup Cost": 2183160.19,
                      "Total Cost": 2186186.63,
                      "Plan Rows": 79,
                      "Plan Width": 81,
                      "Inner Unique": false,
                      "Hash Cond": "(supplier.s_nationkey = nation.n_nationkey)",
                      "Plans": [
                        {
                          "Node Type": "Hash Join",
                          "Parent Relationship": "Outer",
                          "Parallel Aware": true,
                          "Async Capable": false,
                          "Join Type": "Inner",
                          "Startup Cost": 2183158.63,
                          "Total Cost": 2186183.78,
                          "Plan Rows": 79,
                          "Plan Width": 31,
                          "Inner Unique": false,
                          "Hash Cond": "(supplier.s_suppkey = lineitem.l_suppkey)",
                          "Plans": [
                            {
                              "Node Type": "Seq Scan",
                              "Parent Relationship": "Outer",
                              "Parallel Aware": true,
                              "Async Capable": false,
                              "Relation Name": "supplier",
                              "Alias": "supplier",
                              "Startup Cost": 0.0,
                              "Total Cost": 2804.24,
                              "Plan Rows": 58824,
                              "Plan Width": 8,
                              "parent": 5,
                              "ID": 6
                            },
                            {
                              "Node Type": "Hash",
                              "Parent Relationship": "Inner",
                              "Parallel Aware": true,
                              "Async Capable": false,
                              "Startup Cost": 2183157.93,
                              "Total Cost": 2183157.93,
                              "Plan Rows": 56,
                              "Plan Width": 35,
                              "Plans": [
                                {
                                  "Node Type": "Hash Join",
                                  "Parent Relationship": "Outer",
                                  "Parallel Aware": true,
                                  "Async Capable": false,
                                  "Join Type": "Inner",
                                  "Startup Cost": 1836314.1,
                                  "Total Cost": 2183157.93,
                                  "Plan Rows": 56,
                                  "Plan Width": 35,
                                  "Inner Unique": false,
                                  "Hash Cond": "(orders.o_orderkey = lineitem.l_orderkey)",
                                  "Plans": [
                                    {
                                      "Node Type": "Seq Scan",
                                      "Parent Relationship": "Outer",
                                      "Parallel Aware": true,
                                      "Async Capable": false,
                                      "Relation Name": "orders",
                                      "Alias": "orders",
                                      "Startup Cost": 0.0,
                                      "Total Cost": 323407.71,
                                      "Plan Rows": 6249571,
                                      "Plan Width": 8,
                                      "parent": 8,
                                      "ID": 9
                                    },
                                    {
                                      "Node Type": "Hash",
                                      "Parent Relationship": "Inner",
                                      "Parallel Aware": true,
                                      "Async Capable": false,
                                      "Startup Cost": 1836313.4,
                                      "Total Cost": 1836313.4,
                                      "Plan Rows": 56,
                                      "Plan Width": 35,
                                      "Plans": [
                                        {
                                          "Node Type": "Hash Join",
                                          "Parent Relationship": "Outer",
                                          "Parallel Aware": true,
                                          "Async Capable": false,
                                          "Join Type": "Inner",
                                          "Startup Cost": 1559634.16,
                                          "Total Cost": 1836313.4,
                                          "Plan Rows": 56,
                                          "Plan Width": 35,
                                          "Inner Unique": false,
                                          "Hash Cond": "((partsupp.ps_suppkey = lineitem.l_suppkey) AND (partsupp.ps_partkey = lineitem.l_partkey))",
                                          "Plans": [
                                            {
                                              "Node Type": "Seq Scan",
                                              "Parent Relationship": "Outer",
                                              "Parallel Aware": true,
                                              "Async Capable": false,
                                              "Relation Name": "partsupp",
                                              "Alias": "partsupp",
                                              "Startup Cost": 0.0,
                                              "Total Cost": 207718.58,
                                              "Plan Rows": 3333258,
                                              "Plan Width": 14,
                                              "parent": 11,
                                              "ID": 12
                                            },
                                            {
                                              "Node Type": "Hash",
                                              "Parent Relationship": "Inner",
                                              "Parallel Aware": true,
                                              "Async Capable": false,
                                              "Startup Cost": 1526320.84,
                                              "Total Cost": 1526320.84,
                                              "Plan Rows": 1460288,
                                              "Plan Width": 33,
                                              "Plans": [
                                                {
                                                  "Node Type": "Hash Join",
                                                  "Parent Relationship": "Outer",
                                                  "Parallel Aware": true,
                                                  "Async Capable": false,
                                                  "Join Type": "Inner",
                                                  "Startup Cost": 52009.57,
                                                  "Total Cost": 1526320.84,
                                                  "Plan Rows": 1460288,
                                                  "Plan Width": 33,
                                                  "Inner Unique": false,
                                                  "Hash Cond": "(lineitem.l_partkey = part.p_partkey)",
                                                  "Plans": [
                                                    {
                                                      "Node Type": "Seq Scan",
                                                      "Parent Relationship": "Outer",
                                                      "Parallel Aware": true,
                                                      "Async Capable": false,
                                                      "Relation Name": "lineitem",
                                                      "Alias": "lineitem",
                                                      "Startup Cost": 0.0,
                                                      "Total Cost": 1374494.57,
                                                      "Plan Rows": 24995257,
                                                      "Plan Width": 29,
                                                      "parent": 14,
                                                      "ID": 15
                                                    },
                                                    {
                                                      "Node Type": "Hash",
                                                      "Parent Relationship": "Inner",
                                                      "Parallel Aware": true,
                                                      "Async Capable": false,
                                                      "Startup Cost": 51378.28,
                                                      "Total Cost": 51378.28,
                                                      "Plan Rows": 50503,
                                                      "Plan Width": 4,
                                                      "Plans": [
                                                        {
                                                          "Node Type": "Seq Scan",
                                                          "Parent Relationship": "Outer",
                                                          "Parallel Aware": true,
                                                          "Async Capable": false,
                                                          "Relation Name": "part",
                                                          "Alias": "part",
                                                          "Startup Cost": 0.0,
                                                          "Total Cost": 51378.28,
                                                          "Plan Rows": 50503,
                                                          "Plan Width": 4,
                                                          "Filter": "((p_name)::text ~~ '%tan%'::text)",
                                                          "parent": 16,
                                                          "ID": 17
                                                        }
                                                      ],
                                                      "parent": 14,
                                                      "ID": 16,
                                                      "left": 17
                                                    }
                                                  ],
                                                  "parent": 13,
                                                  "ID": 14,
                                                  "left": 15,
                                                  "right": 16
                                                }
                                              ],
                                              "parent": 11,
                                              "ID": 13,
                                              "left": 14
                                            }
                                          ],
                                          "parent": 10,
                                          "ID": 11,
                                          "left": 12,
                                          "right": 13
                                        }
                                      ],
                                      "parent": 8,
                                      "ID": 10,
                                      "left": 11
                                    }
                                  ],
                                  "parent": 7,
                                  "ID": 8,
                                  "left": 9,
                                  "right": 10
                                }
                              ],
                              "parent": 5,
                              "ID": 7,
                              "left": 8
                            }
                          ],
                          "parent": 4,
                          "ID": 5,
                          "left": 6,
                          "right": 7
                        },
                        {
                          "Node Type": "Hash",
                          "Parent Relationship": "Inner",
                          "Parallel Aware": false,
                          "Async Capable": false,
                          "Startup Cost": 1.25,
                          "Total Cost": 1.25,
                          "Plan Rows": 25,
                          "Plan Width": 30,
                          "Plans": [
                            {
                              "Node Type": "Seq Scan",
                              "Parent Relationship": "Outer",
                              "Parallel Aware": false,
                              "Async Capable": false,
                              "Relation Name": "nation",
                              "Alias": "nation",
                              "Startup Cost": 0.0,
                              "Total Cost": 1.25,
                              "Plan Rows": 25,
                              "Plan Width": 30,
                              "parent": 18,
                              "ID": 19
                            }
                          ],
                          "parent": 4,
                          "ID": 18,
                          "left": 19
                        }
                      ],
                      "parent": 3,
                      "ID": 4,
                      "left": 5,
                      "right": 18
                    }
                  ],
                  "parent": 2,
                  "ID": 3,
                  "left": 4
                }
              ],
              "parent": 1,
              "ID": 2,
              "left": 3
            }
          ],
          "parent": 0,
          "ID": 1,
          "left": 2
        }
      ],
      "parent": null,
      "ID": 0,
      "left": 1
    },
    "feat": {
      "utility": 0.0,
      "query_shape": [
        [
          "Seq Scan",
          "Hash Join",
          "Sort",
          "Aggregate",
          "Gather Merge"
        ],
        [
          "Seq Scan",
          "Hash Join",
          "Hash",
          "Sort",
          "Aggregate",
          "Gather Merge"
        ],
        [
          "Seq Scan",
          "Hash Join",
          "Hash",
          "Sort",
          "Aggregate",
          "Gather Merge"
        ],
        [
          "Seq Scan",
          "Hash Join",
          "Hash",
          "Sort",
          "Aggregate",
          "Gather Merge"
        ],
        [
          "Seq Scan",
          "Hash",
          "Hash Join",
          "Sort",
          "Aggregate",
          "Gather Merge"
        ],
        [
          "Seq Scan",
          "Hash",
          "Hash Join",
          "Sort",
          "Aggregate",
          "Gather Merge"
        ]
      ],
      "index_shape": [
        "order-by"
      ],
      "physical_operator": {
        "Sort": [
          "[0. 0. 0. 0. 0. 0. 0. 0. 0. 0. 0. 0. 0. 0. 0. 0. 0. 0. 0. 0. 0. 0. 0. 0.\n 0. 0. 0. 0. 0. 0. 0. 0. 0. 0. 0. 0. 0. 0. 0. 0. 0. 0. 0. 0. 0. 0. 0. 0.\n 0. 0. 0.]"
        ],
        "Aggregate": [
          "[0. 0. 0. 0. 0. 0. 0. 0. 0. 0. 0. 0. 0. 0. 0. 0. 0. 0. 0. 0. 0. 0. 0. 0.\n 0. 0. 0. 0. 0. 0. 0. 0. 0. 0. 0. 0. 0. 0. 0. 0. 0. 0. 0. 0. 0. 0. 0. 0.\n 0. 0. 0.]",
          "[0. 0. 0. 0. 0. 0. 0. 0. 0. 0. 0. 0. 0. 0. 0. 0. 0. 0. 0. 0. 0. 0. 0. 0.\n 0. 0. 0. 0. 0. 0. 0. 0. 0. 0. 0. 0. 0. 0. 0. 0. 0. 0. 0. 0. 0. 0. 0. 0.\n 0. 0. 0.]"
        ]
      }
    }
  },
  {
    "query": "-- Functional Query Definition\n-- Approved February 1998\n\n\nselect\nnation,\no_year,\nsum(amount) as sum_profit\nfrom\n(\nselect\nn_name as nation,\nextract(year from o_orderdate) as o_year,\nl_extendedprice * (1 - l_discount) - ps_supplycost * l_quantity as amount\nfrom\npart,\nsupplier,\nlineitem,\npartsupp,\norders,\nnation\nwhere\ns_suppkey = l_suppkey\nand ps_suppkey = l_suppkey\nand ps_partkey = l_partkey\nand p_partkey = l_partkey\nand o_orderkey = l_orderkey\nand s_nationkey = n_nationkey\nand p_name like '%tan%'\n) as profit\ngroup by\nnation,\no_year\norder by\nnation,\no_year desc ;\n-- $ID$\n-- TPC-H/TPC-R Returned Item Reporting ",
    "indexes": "orders.o_orderkey",
    "wo plan est": {
      "Node Type": "Aggregate",
      "Strategy": "Sorted",
      "Partial Mode": "Finalize",
      "Parallel Aware": false,
      "Async Capable": false,
      "Startup Cost": 2187189.13,
      "Total Cost": 2187203.6,
      "Plan Rows": 135,
      "Plan Width": 90,
      "Group Key": [
        "nation.n_name",
        "(EXTRACT(year FROM orders.o_orderdate))"
      ],
      "Plans": [
        {
          "Node Type": "Gather Merge",
          "Parent Relationship": "Outer",
          "Parallel Aware": false,
          "Async Capable": false,
          "Startup Cost": 2187189.13,
          "Total Cost": 2187200.78,
          "Plan Rows": 79,
          "Plan Width": 90,
          "Workers Planned": 1,
          "Plans": [
            {
              "Node Type": "Aggregate",
              "Strategy": "Sorted",
              "Partial Mode": "Partial",
              "Parent Relationship": "Outer",
              "Parallel Aware": false,
              "Async Capable": false,
              "Startup Cost": 2186189.12,
              "Total Cost": 2186191.89,
              "Plan Rows": 79,
              "Plan Width": 90,
              "Group Key": [
                "nation.n_name",
                "(EXTRACT(year FROM orders.o_orderdate))"
              ],
              "Plans": [
                {
                  "Node Type": "Sort",
                  "Parent Relationship": "Outer",
                  "Parallel Aware": false,
                  "Async Capable": false,
                  "Startup Cost": 2186189.12,
                  "Total Cost": 2186189.32,
                  "Plan Rows": 79,
                  "Plan Width": 81,
                  "Sort Key": [
                    "nation.n_name",
                    "(EXTRACT(year FROM orders.o_orderdate)) DESC"
                  ],
                  "Plans": [
                    {
                      "Node Type": "Hash Join",
                      "Parent Relationship": "Outer",
                      "Parallel Aware": false,
                      "Async Capable": false,
                      "Join Type": "Inner",
                      "Startup Cost": 2183160.19,
                      "Total Cost": 2186186.63,
                      "Plan Rows": 79,
                      "Plan Width": 81,
                      "Inner Unique": false,
                      "Hash Cond": "(supplier.s_nationkey = nation.n_nationkey)",
                      "Plans": [
                        {
                          "Node Type": "Hash Join",
                          "Parent Relationship": "Outer",
                          "Parallel Aware": true,
                          "Async Capable": false,
                          "Join Type": "Inner",
                          "Startup Cost": 2183158.63,
                          "Total Cost": 2186183.78,
                          "Plan Rows": 79,
                          "Plan Width": 31,
                          "Inner Unique": false,
                          "Hash Cond": "(supplier.s_suppkey = lineitem.l_suppkey)",
                          "Plans": [
                            {
                              "Node Type": "Seq Scan",
                              "Parent Relationship": "Outer",
                              "Parallel Aware": true,
                              "Async Capable": false,
                              "Relation Name": "supplier",
                              "Alias": "supplier",
                              "Startup Cost": 0.0,
                              "Total Cost": 2804.24,
                              "Plan Rows": 58824,
                              "Plan Width": 8,
                              "parent": 5,
                              "ID": 6
                            },
                            {
                              "Node Type": "Hash",
                              "Parent Relationship": "Inner",
                              "Parallel Aware": true,
                              "Async Capable": false,
                              "Startup Cost": 2183157.93,
                              "Total Cost": 2183157.93,
                              "Plan Rows": 56,
                              "Plan Width": 35,
                              "Plans": [
                                {
                                  "Node Type": "Hash Join",
                                  "Parent Relationship": "Outer",
                                  "Parallel Aware": true,
                                  "Async Capable": false,
                                  "Join Type": "Inner",
                                  "Startup Cost": 1836314.1,
                                  "Total Cost": 2183157.93,
                                  "Plan Rows": 56,
                                  "Plan Width": 35,
                                  "Inner Unique": false,
                                  "Hash Cond": "(orders.o_orderkey = lineitem.l_orderkey)",
                                  "Plans": [
                                    {
                                      "Node Type": "Seq Scan",
                                      "Parent Relationship": "Outer",
                                      "Parallel Aware": true,
                                      "Async Capable": false,
                                      "Relation Name": "orders",
                                      "Alias": "orders",
                                      "Startup Cost": 0.0,
                                      "Total Cost": 323407.71,
                                      "Plan Rows": 6249571,
                                      "Plan Width": 8,
                                      "parent": 8,
                                      "ID": 9
                                    },
                                    {
                                      "Node Type": "Hash",
                                      "Parent Relationship": "Inner",
                                      "Parallel Aware": true,
                                      "Async Capable": false,
                                      "Startup Cost": 1836313.4,
                                      "Total Cost": 1836313.4,
                                      "Plan Rows": 56,
                                      "Plan Width": 35,
                                      "Plans": [
                                        {
                                          "Node Type": "Hash Join",
                                          "Parent Relationship": "Outer",
                                          "Parallel Aware": true,
                                          "Async Capable": false,
                                          "Join Type": "Inner",
                                          "Startup Cost": 1559634.16,
                                          "Total Cost": 1836313.4,
                                          "Plan Rows": 56,
                                          "Plan Width": 35,
                                          "Inner Unique": false,
                                          "Hash Cond": "((partsupp.ps_suppkey = lineitem.l_suppkey) AND (partsupp.ps_partkey = lineitem.l_partkey))",
                                          "Plans": [
                                            {
                                              "Node Type": "Seq Scan",
                                              "Parent Relationship": "Outer",
                                              "Parallel Aware": true,
                                              "Async Capable": false,
                                              "Relation Name": "partsupp",
                                              "Alias": "partsupp",
                                              "Startup Cost": 0.0,
                                              "Total Cost": 207718.58,
                                              "Plan Rows": 3333258,
                                              "Plan Width": 14,
                                              "parent": 11,
                                              "ID": 12
                                            },
                                            {
                                              "Node Type": "Hash",
                                              "Parent Relationship": "Inner",
                                              "Parallel Aware": true,
                                              "Async Capable": false,
                                              "Startup Cost": 1526320.84,
                                              "Total Cost": 1526320.84,
                                              "Plan Rows": 1460288,
                                              "Plan Width": 33,
                                              "Plans": [
                                                {
                                                  "Node Type": "Hash Join",
                                                  "Parent Relationship": "Outer",
                                                  "Parallel Aware": true,
                                                  "Async Capable": false,
                                                  "Join Type": "Inner",
                                                  "Startup Cost": 52009.57,
                                                  "Total Cost": 1526320.84,
                                                  "Plan Rows": 1460288,
                                                  "Plan Width": 33,
                                                  "Inner Unique": false,
                                                  "Hash Cond": "(lineitem.l_partkey = part.p_partkey)",
                                                  "Plans": [
                                                    {
                                                      "Node Type": "Seq Scan",
                                                      "Parent Relationship": "Outer",
                                                      "Parallel Aware": true,
                                                      "Async Capable": false,
                                                      "Relation Name": "lineitem",
                                                      "Alias": "lineitem",
                                                      "Startup Cost": 0.0,
                                                      "Total Cost": 1374494.57,
                                                      "Plan Rows": 24995257,
                                                      "Plan Width": 29,
                                                      "parent": 14,
                                                      "ID": 15
                                                    },
                                                    {
                                                      "Node Type": "Hash",
                                                      "Parent Relationship": "Inner",
                                                      "Parallel Aware": true,
                                                      "Async Capable": false,
                                                      "Startup Cost": 51378.28,
                                                      "Total Cost": 51378.28,
                                                      "Plan Rows": 50503,
                                                      "Plan Width": 4,
                                                      "Plans": [
                                                        {
                                                          "Node Type": "Seq Scan",
                                                          "Parent Relationship": "Outer",
                                                          "Parallel Aware": true,
                                                          "Async Capable": false,
                                                          "Relation Name": "part",
                                                          "Alias": "part",
                                                          "Startup Cost": 0.0,
                                                          "Total Cost": 51378.28,
                                                          "Plan Rows": 50503,
                                                          "Plan Width": 4,
                                                          "Filter": "((p_name)::text ~~ '%tan%'::text)",
                                                          "parent": 16,
                                                          "ID": 17
                                                        }
                                                      ],
                                                      "parent": 14,
                                                      "ID": 16,
                                                      "left": 17
                                                    }
                                                  ],
                                                  "parent": 13,
                                                  "ID": 14,
                                                  "left": 15,
                                                  "right": 16
                                                }
                                              ],
                                              "parent": 11,
                                              "ID": 13,
                                              "left": 14
                                            }
                                          ],
                                          "parent": 10,
                                          "ID": 11,
                                          "left": 12,
                                          "right": 13
                                        }
                                      ],
                                      "parent": 8,
                                      "ID": 10,
                                      "left": 11
                                    }
                                  ],
                                  "parent": 7,
                                  "ID": 8,
                                  "left": 9,
                                  "right": 10
                                }
                              ],
                              "parent": 5,
                              "ID": 7,
                              "left": 8
                            }
                          ],
                          "parent": 4,
                          "ID": 5,
                          "left": 6,
                          "right": 7
                        },
                        {
                          "Node Type": "Hash",
                          "Parent Relationship": "Inner",
                          "Parallel Aware": false,
                          "Async Capable": false,
                          "Startup Cost": 1.25,
                          "Total Cost": 1.25,
                          "Plan Rows": 25,
                          "Plan Width": 30,
                          "Plans": [
                            {
                              "Node Type": "Seq Scan",
                              "Parent Relationship": "Outer",
                              "Parallel Aware": false,
                              "Async Capable": false,
                              "Relation Name": "nation",
                              "Alias": "nation",
                              "Startup Cost": 0.0,
                              "Total Cost": 1.25,
                              "Plan Rows": 25,
                              "Plan Width": 30,
                              "parent": 18,
                              "ID": 19
                            }
                          ],
                          "parent": 4,
                          "ID": 18,
                          "left": 19
                        }
                      ],
                      "parent": 3,
                      "ID": 4,
                      "left": 5,
                      "right": 18
                    }
                  ],
                  "parent": 2,
                  "ID": 3,
                  "left": 4
                }
              ],
              "parent": 1,
              "ID": 2,
              "left": 3
            }
          ],
          "parent": 0,
          "ID": 1,
          "left": 2
        }
      ],
      "parent": null,
      "ID": 0,
      "left": 1
    },
    "feat": {
      "utility": 5.712773986103152e-07,
      "query_shape": [
        [
          "Seq Scan",
          "Hash Join",
          "Sort",
          "Aggregate",
          "Gather Merge"
        ],
        [
          "Seq Scan",
          "Hash Join",
          "Hash",
          "Sort",
          "Aggregate",
          "Gather Merge"
        ],
        [
          "Seq Scan",
          "Hash Join",
          "Hash",
          "Sort",
          "Aggregate",
          "Gather Merge"
        ],
        [
          "Seq Scan",
          "Hash Join",
          "Hash",
          "Sort",
          "Aggregate",
          "Gather Merge"
        ],
        [
          "Seq Scan",
          "Hash",
          "Hash Join",
          "Sort",
          "Aggregate",
          "Gather Merge"
        ],
        [
          "Seq Scan",
          "Hash",
          "Hash Join",
          "Sort",
          "Aggregate",
          "Gather Merge"
        ]
      ],
      "index_shape": [
        "join"
      ],
      "physical_operator": {
        "Hash Join": [
          0.00040001372870675787
        ]
      }
    }
  },
  {
    "query": "-- Functional Query Definition\n-- Approved February 1998\n\n\nselect\nnation,\no_year,\nsum(amount) as sum_profit\nfrom\n(\nselect\nn_name as nation,\nextract(year from o_orderdate) as o_year,\nl_extendedprice * (1 - l_discount) - ps_supplycost * l_quantity as amount\nfrom\npart,\nsupplier,\nlineitem,\npartsupp,\norders,\nnation\nwhere\ns_suppkey = l_suppkey\nand ps_suppkey = l_suppkey\nand ps_partkey = l_partkey\nand p_partkey = l_partkey\nand o_orderkey = l_orderkey\nand s_nationkey = n_nationkey\nand p_name like '%tan%'\n) as profit\ngroup by\nnation,\no_year\norder by\nnation,\no_year desc ;\n-- $ID$\n-- TPC-H/TPC-R Returned Item Reporting ",
    "indexes": "orders.o_orderdate",
    "wo plan est": {
      "Node Type": "Aggregate",
      "Strategy": "Sorted",
      "Partial Mode": "Finalize",
      "Parallel Aware": false,
      "Async Capable": false,
      "Startup Cost": 2187189.13,
      "Total Cost": 2187203.6,
      "Plan Rows": 135,
      "Plan Width": 90,
      "Group Key": [
        "nation.n_name",
        "(EXTRACT(year FROM orders.o_orderdate))"
      ],
      "Plans": [
        {
          "Node Type": "Gather Merge",
          "Parent Relationship": "Outer",
          "Parallel Aware": false,
          "Async Capable": false,
          "Startup Cost": 2187189.13,
          "Total Cost": 2187200.78,
          "Plan Rows": 79,
          "Plan Width": 90,
          "Workers Planned": 1,
          "Plans": [
            {
              "Node Type": "Aggregate",
              "Strategy": "Sorted",
              "Partial Mode": "Partial",
              "Parent Relationship": "Outer",
              "Parallel Aware": false,
              "Async Capable": false,
              "Startup Cost": 2186189.12,
              "Total Cost": 2186191.89,
              "Plan Rows": 79,
              "Plan Width": 90,
              "Group Key": [
                "nation.n_name",
                "(EXTRACT(year FROM orders.o_orderdate))"
              ],
              "Plans": [
                {
                  "Node Type": "Sort",
                  "Parent Relationship": "Outer",
                  "Parallel Aware": false,
                  "Async Capable": false,
                  "Startup Cost": 2186189.12,
                  "Total Cost": 2186189.32,
                  "Plan Rows": 79,
                  "Plan Width": 81,
                  "Sort Key": [
                    "nation.n_name",
                    "(EXTRACT(year FROM orders.o_orderdate)) DESC"
                  ],
                  "Plans": [
                    {
                      "Node Type": "Hash Join",
                      "Parent Relationship": "Outer",
                      "Parallel Aware": false,
                      "Async Capable": false,
                      "Join Type": "Inner",
                      "Startup Cost": 2183160.19,
                      "Total Cost": 2186186.63,
                      "Plan Rows": 79,
                      "Plan Width": 81,
                      "Inner Unique": false,
                      "Hash Cond": "(supplier.s_nationkey = nation.n_nationkey)",
                      "Plans": [
                        {
                          "Node Type": "Hash Join",
                          "Parent Relationship": "Outer",
                          "Parallel Aware": true,
                          "Async Capable": false,
                          "Join Type": "Inner",
                          "Startup Cost": 2183158.63,
                          "Total Cost": 2186183.78,
                          "Plan Rows": 79,
                          "Plan Width": 31,
                          "Inner Unique": false,
                          "Hash Cond": "(supplier.s_suppkey = lineitem.l_suppkey)",
                          "Plans": [
                            {
                              "Node Type": "Seq Scan",
                              "Parent Relationship": "Outer",
                              "Parallel Aware": true,
                              "Async Capable": false,
                              "Relation Name": "supplier",
                              "Alias": "supplier",
                              "Startup Cost": 0.0,
                              "Total Cost": 2804.24,
                              "Plan Rows": 58824,
                              "Plan Width": 8,
                              "parent": 5,
                              "ID": 6
                            },
                            {
                              "Node Type": "Hash",
                              "Parent Relationship": "Inner",
                              "Parallel Aware": true,
                              "Async Capable": false,
                              "Startup Cost": 2183157.93,
                              "Total Cost": 2183157.93,
                              "Plan Rows": 56,
                              "Plan Width": 35,
                              "Plans": [
                                {
                                  "Node Type": "Hash Join",
                                  "Parent Relationship": "Outer",
                                  "Parallel Aware": true,
                                  "Async Capable": false,
                                  "Join Type": "Inner",
                                  "Startup Cost": 1836314.1,
                                  "Total Cost": 2183157.93,
                                  "Plan Rows": 56,
                                  "Plan Width": 35,
                                  "Inner Unique": false,
                                  "Hash Cond": "(orders.o_orderkey = lineitem.l_orderkey)",
                                  "Plans": [
                                    {
                                      "Node Type": "Seq Scan",
                                      "Parent Relationship": "Outer",
                                      "Parallel Aware": true,
                                      "Async Capable": false,
                                      "Relation Name": "orders",
                                      "Alias": "orders",
                                      "Startup Cost": 0.0,
                                      "Total Cost": 323407.71,
                                      "Plan Rows": 6249571,
                                      "Plan Width": 8,
                                      "parent": 8,
                                      "ID": 9
                                    },
                                    {
                                      "Node Type": "Hash",
                                      "Parent Relationship": "Inner",
                                      "Parallel Aware": true,
                                      "Async Capable": false,
                                      "Startup Cost": 1836313.4,
                                      "Total Cost": 1836313.4,
                                      "Plan Rows": 56,
                                      "Plan Width": 35,
                                      "Plans": [
                                        {
                                          "Node Type": "Hash Join",
                                          "Parent Relationship": "Outer",
                                          "Parallel Aware": true,
                                          "Async Capable": false,
                                          "Join Type": "Inner",
                                          "Startup Cost": 1559634.16,
                                          "Total Cost": 1836313.4,
                                          "Plan Rows": 56,
                                          "Plan Width": 35,
                                          "Inner Unique": false,
                                          "Hash Cond": "((partsupp.ps_suppkey = lineitem.l_suppkey) AND (partsupp.ps_partkey = lineitem.l_partkey))",
                                          "Plans": [
                                            {
                                              "Node Type": "Seq Scan",
                                              "Parent Relationship": "Outer",
                                              "Parallel Aware": true,
                                              "Async Capable": false,
                                              "Relation Name": "partsupp",
                                              "Alias": "partsupp",
                                              "Startup Cost": 0.0,
                                              "Total Cost": 207718.58,
                                              "Plan Rows": 3333258,
                                              "Plan Width": 14,
                                              "parent": 11,
                                              "ID": 12
                                            },
                                            {
                                              "Node Type": "Hash",
                                              "Parent Relationship": "Inner",
                                              "Parallel Aware": true,
                                              "Async Capable": false,
                                              "Startup Cost": 1526320.84,
                                              "Total Cost": 1526320.84,
                                              "Plan Rows": 1460288,
                                              "Plan Width": 33,
                                              "Plans": [
                                                {
                                                  "Node Type": "Hash Join",
                                                  "Parent Relationship": "Outer",
                                                  "Parallel Aware": true,
                                                  "Async Capable": false,
                                                  "Join Type": "Inner",
                                                  "Startup Cost": 52009.57,
                                                  "Total Cost": 1526320.84,
                                                  "Plan Rows": 1460288,
                                                  "Plan Width": 33,
                                                  "Inner Unique": false,
                                                  "Hash Cond": "(lineitem.l_partkey = part.p_partkey)",
                                                  "Plans": [
                                                    {
                                                      "Node Type": "Seq Scan",
                                                      "Parent Relationship": "Outer",
                                                      "Parallel Aware": true,
                                                      "Async Capable": false,
                                                      "Relation Name": "lineitem",
                                                      "Alias": "lineitem",
                                                      "Startup Cost": 0.0,
                                                      "Total Cost": 1374494.57,
                                                      "Plan Rows": 24995257,
                                                      "Plan Width": 29,
                                                      "parent": 14,
                                                      "ID": 15
                                                    },
                                                    {
                                                      "Node Type": "Hash",
                                                      "Parent Relationship": "Inner",
                                                      "Parallel Aware": true,
                                                      "Async Capable": false,
                                                      "Startup Cost": 51378.28,
                                                      "Total Cost": 51378.28,
                                                      "Plan Rows": 50503,
                                                      "Plan Width": 4,
                                                      "Plans": [
                                                        {
                                                          "Node Type": "Seq Scan",
                                                          "Parent Relationship": "Outer",
                                                          "Parallel Aware": true,
                                                          "Async Capable": false,
                                                          "Relation Name": "part",
                                                          "Alias": "part",
                                                          "Startup Cost": 0.0,
                                                          "Total Cost": 51378.28,
                                                          "Plan Rows": 50503,
                                                          "Plan Width": 4,
                                                          "Filter": "((p_name)::text ~~ '%tan%'::text)",
                                                          "parent": 16,
                                                          "ID": 17
                                                        }
                                                      ],
                                                      "parent": 14,
                                                      "ID": 16,
                                                      "left": 17
                                                    }
                                                  ],
                                                  "parent": 13,
                                                  "ID": 14,
                                                  "left": 15,
                                                  "right": 16
                                                }
                                              ],
                                              "parent": 11,
                                              "ID": 13,
                                              "left": 14
                                            }
                                          ],
                                          "parent": 10,
                                          "ID": 11,
                                          "left": 12,
                                          "right": 13
                                        }
                                      ],
                                      "parent": 8,
                                      "ID": 10,
                                      "left": 11
                                    }
                                  ],
                                  "parent": 7,
                                  "ID": 8,
                                  "left": 9,
                                  "right": 10
                                }
                              ],
                              "parent": 5,
                              "ID": 7,
                              "left": 8
                            }
                          ],
                          "parent": 4,
                          "ID": 5,
                          "left": 6,
                          "right": 7
                        },
                        {
                          "Node Type": "Hash",
                          "Parent Relationship": "Inner",
                          "Parallel Aware": false,
                          "Async Capable": false,
                          "Startup Cost": 1.25,
                          "Total Cost": 1.25,
                          "Plan Rows": 25,
                          "Plan Width": 30,
                          "Plans": [
                            {
                              "Node Type": "Seq Scan",
                              "Parent Relationship": "Outer",
                              "Parallel Aware": false,
                              "Async Capable": false,
                              "Relation Name": "nation",
                              "Alias": "nation",
                              "Startup Cost": 0.0,
                              "Total Cost": 1.25,
                              "Plan Rows": 25,
                              "Plan Width": 30,
                              "parent": 18,
                              "ID": 19
                            }
                          ],
                          "parent": 4,
                          "ID": 18,
                          "left": 19
                        }
                      ],
                      "parent": 3,
                      "ID": 4,
                      "left": 5,
                      "right": 18
                    }
                  ],
                  "parent": 2,
                  "ID": 3,
                  "left": 4
                }
              ],
              "parent": 1,
              "ID": 2,
              "left": 3
            }
          ],
          "parent": 0,
          "ID": 1,
          "left": 2
        }
      ],
      "parent": null,
      "ID": 0,
      "left": 1
    },
    "feat": {
      "utility": 0.0,
      "query_shape": [
        [
          "Seq Scan",
          "Hash Join",
          "Sort",
          "Aggregate",
          "Gather Merge"
        ],
        [
          "Seq Scan",
          "Hash Join",
          "Hash",
          "Sort",
          "Aggregate",
          "Gather Merge"
        ],
        [
          "Seq Scan",
          "Hash Join",
          "Hash",
          "Sort",
          "Aggregate",
          "Gather Merge"
        ],
        [
          "Seq Scan",
          "Hash Join",
          "Hash",
          "Sort",
          "Aggregate",
          "Gather Merge"
        ],
        [
          "Seq Scan",
          "Hash",
          "Hash Join",
          "Sort",
          "Aggregate",
          "Gather Merge"
        ],
        [
          "Seq Scan",
          "Hash",
          "Hash Join",
          "Sort",
          "Aggregate",
          "Gather Merge"
        ]
      ],
      "index_shape": [
        "order-by"
      ],
      "physical_operator": {
        "Sort": [
          "[0. 0. 0. 0. 0. 0. 0. 0. 0. 0. 0. 0. 0. 0. 0. 0. 0. 0. 0. 0. 0. 0. 0. 0.\n 0. 0. 0. 0. 0. 0. 0. 0. 0. 0. 0. 0. 0. 0. 0. 0. 0. 0. 0. 0. 0. 0. 0. 0.\n 0. 0. 0.]"
        ],
        "Aggregate": [
          "[0. 0. 0. 0. 0. 0. 0. 0. 0. 0. 0. 0. 0. 0. 0. 0. 0. 0. 0. 0. 0. 0. 0. 0.\n 0. 0. 0. 0. 0. 0. 0. 0. 0. 0. 0. 0. 0. 0. 0. 0. 0. 0. 0. 0. 0. 0. 0. 0.\n 0. 0. 0.]",
          "[0. 0. 0. 0. 0. 0. 0. 0. 0. 0. 0. 0. 0. 0. 0. 0. 0. 0. 0. 0. 0. 0. 0. 0.\n 0. 0. 0. 0. 0. 0. 0. 0. 0. 0. 0. 0. 0. 0. 0. 0. 0. 0. 0. 0. 0. 0. 0. 0.\n 0. 0. 0.]"
        ]
      }
    }
  },
  {
    "query": "-- Functional Query Definition\n-- Approved February 1998\n\n\nselect\nnation,\no_year,\nsum(amount) as sum_profit\nfrom\n(\nselect\nn_name as nation,\nextract(year from o_orderdate) as o_year,\nl_extendedprice * (1 - l_discount) - ps_supplycost * l_quantity as amount\nfrom\npart,\nsupplier,\nlineitem,\npartsupp,\norders,\nnation\nwhere\ns_suppkey = l_suppkey\nand ps_suppkey = l_suppkey\nand ps_partkey = l_partkey\nand p_partkey = l_partkey\nand o_orderkey = l_orderkey\nand s_nationkey = n_nationkey\nand p_name like '%tan%'\n) as profit\ngroup by\nnation,\no_year\norder by\nnation,\no_year desc ;\n-- $ID$\n-- TPC-H/TPC-R Returned Item Reporting ",
    "indexes": "part.p_partkey",
    "wo plan est": {
      "Node Type": "Aggregate",
      "Strategy": "Sorted",
      "Partial Mode": "Finalize",
      "Parallel Aware": false,
      "Async Capable": false,
      "Startup Cost": 2187189.13,
      "Total Cost": 2187203.6,
      "Plan Rows": 135,
      "Plan Width": 90,
      "Group Key": [
        "nation.n_name",
        "(EXTRACT(year FROM orders.o_orderdate))"
      ],
      "Plans": [
        {
          "Node Type": "Gather Merge",
          "Parent Relationship": "Outer",
          "Parallel Aware": false,
          "Async Capable": false,
          "Startup Cost": 2187189.13,
          "Total Cost": 2187200.78,
          "Plan Rows": 79,
          "Plan Width": 90,
          "Workers Planned": 1,
          "Plans": [
            {
              "Node Type": "Aggregate",
              "Strategy": "Sorted",
              "Partial Mode": "Partial",
              "Parent Relationship": "Outer",
              "Parallel Aware": false,
              "Async Capable": false,
              "Startup Cost": 2186189.12,
              "Total Cost": 2186191.89,
              "Plan Rows": 79,
              "Plan Width": 90,
              "Group Key": [
                "nation.n_name",
                "(EXTRACT(year FROM orders.o_orderdate))"
              ],
              "Plans": [
                {
                  "Node Type": "Sort",
                  "Parent Relationship": "Outer",
                  "Parallel Aware": false,
                  "Async Capable": false,
                  "Startup Cost": 2186189.12,
                  "Total Cost": 2186189.32,
                  "Plan Rows": 79,
                  "Plan Width": 81,
                  "Sort Key": [
                    "nation.n_name",
                    "(EXTRACT(year FROM orders.o_orderdate)) DESC"
                  ],
                  "Plans": [
                    {
                      "Node Type": "Hash Join",
                      "Parent Relationship": "Outer",
                      "Parallel Aware": false,
                      "Async Capable": false,
                      "Join Type": "Inner",
                      "Startup Cost": 2183160.19,
                      "Total Cost": 2186186.63,
                      "Plan Rows": 79,
                      "Plan Width": 81,
                      "Inner Unique": false,
                      "Hash Cond": "(supplier.s_nationkey = nation.n_nationkey)",
                      "Plans": [
                        {
                          "Node Type": "Hash Join",
                          "Parent Relationship": "Outer",
                          "Parallel Aware": true,
                          "Async Capable": false,
                          "Join Type": "Inner",
                          "Startup Cost": 2183158.63,
                          "Total Cost": 2186183.78,
                          "Plan Rows": 79,
                          "Plan Width": 31,
                          "Inner Unique": false,
                          "Hash Cond": "(supplier.s_suppkey = lineitem.l_suppkey)",
                          "Plans": [
                            {
                              "Node Type": "Seq Scan",
                              "Parent Relationship": "Outer",
                              "Parallel Aware": true,
                              "Async Capable": false,
                              "Relation Name": "supplier",
                              "Alias": "supplier",
                              "Startup Cost": 0.0,
                              "Total Cost": 2804.24,
                              "Plan Rows": 58824,
                              "Plan Width": 8,
                              "parent": 5,
                              "ID": 6
                            },
                            {
                              "Node Type": "Hash",
                              "Parent Relationship": "Inner",
                              "Parallel Aware": true,
                              "Async Capable": false,
                              "Startup Cost": 2183157.93,
                              "Total Cost": 2183157.93,
                              "Plan Rows": 56,
                              "Plan Width": 35,
                              "Plans": [
                                {
                                  "Node Type": "Hash Join",
                                  "Parent Relationship": "Outer",
                                  "Parallel Aware": true,
                                  "Async Capable": false,
                                  "Join Type": "Inner",
                                  "Startup Cost": 1836314.1,
                                  "Total Cost": 2183157.93,
                                  "Plan Rows": 56,
                                  "Plan Width": 35,
                                  "Inner Unique": false,
                                  "Hash Cond": "(orders.o_orderkey = lineitem.l_orderkey)",
                                  "Plans": [
                                    {
                                      "Node Type": "Seq Scan",
                                      "Parent Relationship": "Outer",
                                      "Parallel Aware": true,
                                      "Async Capable": false,
                                      "Relation Name": "orders",
                                      "Alias": "orders",
                                      "Startup Cost": 0.0,
                                      "Total Cost": 323407.71,
                                      "Plan Rows": 6249571,
                                      "Plan Width": 8,
                                      "parent": 8,
                                      "ID": 9
                                    },
                                    {
                                      "Node Type": "Hash",
                                      "Parent Relationship": "Inner",
                                      "Parallel Aware": true,
                                      "Async Capable": false,
                                      "Startup Cost": 1836313.4,
                                      "Total Cost": 1836313.4,
                                      "Plan Rows": 56,
                                      "Plan Width": 35,
                                      "Plans": [
                                        {
                                          "Node Type": "Hash Join",
                                          "Parent Relationship": "Outer",
                                          "Parallel Aware": true,
                                          "Async Capable": false,
                                          "Join Type": "Inner",
                                          "Startup Cost": 1559634.16,
                                          "Total Cost": 1836313.4,
                                          "Plan Rows": 56,
                                          "Plan Width": 35,
                                          "Inner Unique": false,
                                          "Hash Cond": "((partsupp.ps_suppkey = lineitem.l_suppkey) AND (partsupp.ps_partkey = lineitem.l_partkey))",
                                          "Plans": [
                                            {
                                              "Node Type": "Seq Scan",
                                              "Parent Relationship": "Outer",
                                              "Parallel Aware": true,
                                              "Async Capable": false,
                                              "Relation Name": "partsupp",
                                              "Alias": "partsupp",
                                              "Startup Cost": 0.0,
                                              "Total Cost": 207718.58,
                                              "Plan Rows": 3333258,
                                              "Plan Width": 14,
                                              "parent": 11,
                                              "ID": 12
                                            },
                                            {
                                              "Node Type": "Hash",
                                              "Parent Relationship": "Inner",
                                              "Parallel Aware": true,
                                              "Async Capable": false,
                                              "Startup Cost": 1526320.84,
                                              "Total Cost": 1526320.84,
                                              "Plan Rows": 1460288,
                                              "Plan Width": 33,
                                              "Plans": [
                                                {
                                                  "Node Type": "Hash Join",
                                                  "Parent Relationship": "Outer",
                                                  "Parallel Aware": true,
                                                  "Async Capable": false,
                                                  "Join Type": "Inner",
                                                  "Startup Cost": 52009.57,
                                                  "Total Cost": 1526320.84,
                                                  "Plan Rows": 1460288,
                                                  "Plan Width": 33,
                                                  "Inner Unique": false,
                                                  "Hash Cond": "(lineitem.l_partkey = part.p_partkey)",
                                                  "Plans": [
                                                    {
                                                      "Node Type": "Seq Scan",
                                                      "Parent Relationship": "Outer",
                                                      "Parallel Aware": true,
                                                      "Async Capable": false,
                                                      "Relation Name": "lineitem",
                                                      "Alias": "lineitem",
                                                      "Startup Cost": 0.0,
                                                      "Total Cost": 1374494.57,
                                                      "Plan Rows": 24995257,
                                                      "Plan Width": 29,
                                                      "parent": 14,
                                                      "ID": 15
                                                    },
                                                    {
                                                      "Node Type": "Hash",
                                                      "Parent Relationship": "Inner",
                                                      "Parallel Aware": true,
                                                      "Async Capable": false,
                                                      "Startup Cost": 51378.28,
                                                      "Total Cost": 51378.28,
                                                      "Plan Rows": 50503,
                                                      "Plan Width": 4,
                                                      "Plans": [
                                                        {
                                                          "Node Type": "Seq Scan",
                                                          "Parent Relationship": "Outer",
                                                          "Parallel Aware": true,
                                                          "Async Capable": false,
                                                          "Relation Name": "part",
                                                          "Alias": "part",
                                                          "Startup Cost": 0.0,
                                                          "Total Cost": 51378.28,
                                                          "Plan Rows": 50503,
                                                          "Plan Width": 4,
                                                          "Filter": "((p_name)::text ~~ '%tan%'::text)",
                                                          "parent": 16,
                                                          "ID": 17
                                                        }
                                                      ],
                                                      "parent": 14,
                                                      "ID": 16,
                                                      "left": 17
                                                    }
                                                  ],
                                                  "parent": 13,
                                                  "ID": 14,
                                                  "left": 15,
                                                  "right": 16
                                                }
                                              ],
                                              "parent": 11,
                                              "ID": 13,
                                              "left": 14
                                            }
                                          ],
                                          "parent": 10,
                                          "ID": 11,
                                          "left": 12,
                                          "right": 13
                                        }
                                      ],
                                      "parent": 8,
                                      "ID": 10,
                                      "left": 11
                                    }
                                  ],
                                  "parent": 7,
                                  "ID": 8,
                                  "left": 9,
                                  "right": 10
                                }
                              ],
                              "parent": 5,
                              "ID": 7,
                              "left": 8
                            }
                          ],
                          "parent": 4,
                          "ID": 5,
                          "left": 6,
                          "right": 7
                        },
                        {
                          "Node Type": "Hash",
                          "Parent Relationship": "Inner",
                          "Parallel Aware": false,
                          "Async Capable": false,
                          "Startup Cost": 1.25,
                          "Total Cost": 1.25,
                          "Plan Rows": 25,
                          "Plan Width": 30,
                          "Plans": [
                            {
                              "Node Type": "Seq Scan",
                              "Parent Relationship": "Outer",
                              "Parallel Aware": false,
                              "Async Capable": false,
                              "Relation Name": "nation",
                              "Alias": "nation",
                              "Startup Cost": 0.0,
                              "Total Cost": 1.25,
                              "Plan Rows": 25,
                              "Plan Width": 30,
                              "parent": 18,
                              "ID": 19
                            }
                          ],
                          "parent": 4,
                          "ID": 18,
                          "left": 19
                        }
                      ],
                      "parent": 3,
                      "ID": 4,
                      "left": 5,
                      "right": 18
                    }
                  ],
                  "parent": 2,
                  "ID": 3,
                  "left": 4
                }
              ],
              "parent": 1,
              "ID": 2,
              "left": 3
            }
          ],
          "parent": 0,
          "ID": 1,
          "left": 2
        }
      ],
      "parent": null,
      "ID": 0,
      "left": 1
    },
    "feat": {
      "utility": 5.708913237861351e-07,
      "query_shape": [
        [
          "Seq Scan",
          "Hash Join",
          "Sort",
          "Aggregate",
          "Gather Merge"
        ],
        [
          "Seq Scan",
          "Hash Join",
          "Hash",
          "Sort",
          "Aggregate",
          "Gather Merge"
        ],
        [
          "Seq Scan",
          "Hash Join",
          "Hash",
          "Sort",
          "Aggregate",
          "Gather Merge"
        ],
        [
          "Seq Scan",
          "Hash Join",
          "Hash",
          "Sort",
          "Aggregate",
          "Gather Merge"
        ],
        [
          "Seq Scan",
          "Hash",
          "Hash Join",
          "Sort",
          "Aggregate",
          "Gather Merge"
        ],
        [
          "Seq Scan",
          "Hash",
          "Hash Join",
          "Sort",
          "Aggregate",
          "Gather Merge"
        ]
      ],
      "index_shape": [
        "join"
      ],
      "physical_operator": {
        "Hash Join": [
          0.0010755531249598002
        ]
      }
    }
  },
  {
    "query": "-- Functional Query Definition\n-- Approved February 1998\n\n\nselect\nnation,\no_year,\nsum(amount) as sum_profit\nfrom\n(\nselect\nn_name as nation,\nextract(year from o_orderdate) as o_year,\nl_extendedprice * (1 - l_discount) - ps_supplycost * l_quantity as amount\nfrom\npart,\nsupplier,\nlineitem,\npartsupp,\norders,\nnation\nwhere\ns_suppkey = l_suppkey\nand ps_suppkey = l_suppkey\nand ps_partkey = l_partkey\nand p_partkey = l_partkey\nand o_orderkey = l_orderkey\nand s_nationkey = n_nationkey\nand p_name like '%tan%'\n) as profit\ngroup by\nnation,\no_year\norder by\nnation,\no_year desc ;\n-- $ID$\n-- TPC-H/TPC-R Returned Item Reporting ",
    "indexes": "part.p_name",
    "wo plan est": {
      "Node Type": "Aggregate",
      "Strategy": "Sorted",
      "Partial Mode": "Finalize",
      "Parallel Aware": false,
      "Async Capable": false,
      "Startup Cost": 2187189.13,
      "Total Cost": 2187203.6,
      "Plan Rows": 135,
      "Plan Width": 90,
      "Group Key": [
        "nation.n_name",
        "(EXTRACT(year FROM orders.o_orderdate))"
      ],
      "Plans": [
        {
          "Node Type": "Gather Merge",
          "Parent Relationship": "Outer",
          "Parallel Aware": false,
          "Async Capable": false,
          "Startup Cost": 2187189.13,
          "Total Cost": 2187200.78,
          "Plan Rows": 79,
          "Plan Width": 90,
          "Workers Planned": 1,
          "Plans": [
            {
              "Node Type": "Aggregate",
              "Strategy": "Sorted",
              "Partial Mode": "Partial",
              "Parent Relationship": "Outer",
              "Parallel Aware": false,
              "Async Capable": false,
              "Startup Cost": 2186189.12,
              "Total Cost": 2186191.89,
              "Plan Rows": 79,
              "Plan Width": 90,
              "Group Key": [
                "nation.n_name",
                "(EXTRACT(year FROM orders.o_orderdate))"
              ],
              "Plans": [
                {
                  "Node Type": "Sort",
                  "Parent Relationship": "Outer",
                  "Parallel Aware": false,
                  "Async Capable": false,
                  "Startup Cost": 2186189.12,
                  "Total Cost": 2186189.32,
                  "Plan Rows": 79,
                  "Plan Width": 81,
                  "Sort Key": [
                    "nation.n_name",
                    "(EXTRACT(year FROM orders.o_orderdate)) DESC"
                  ],
                  "Plans": [
                    {
                      "Node Type": "Hash Join",
                      "Parent Relationship": "Outer",
                      "Parallel Aware": false,
                      "Async Capable": false,
                      "Join Type": "Inner",
                      "Startup Cost": 2183160.19,
                      "Total Cost": 2186186.63,
                      "Plan Rows": 79,
                      "Plan Width": 81,
                      "Inner Unique": false,
                      "Hash Cond": "(supplier.s_nationkey = nation.n_nationkey)",
                      "Plans": [
                        {
                          "Node Type": "Hash Join",
                          "Parent Relationship": "Outer",
                          "Parallel Aware": true,
                          "Async Capable": false,
                          "Join Type": "Inner",
                          "Startup Cost": 2183158.63,
                          "Total Cost": 2186183.78,
                          "Plan Rows": 79,
                          "Plan Width": 31,
                          "Inner Unique": false,
                          "Hash Cond": "(supplier.s_suppkey = lineitem.l_suppkey)",
                          "Plans": [
                            {
                              "Node Type": "Seq Scan",
                              "Parent Relationship": "Outer",
                              "Parallel Aware": true,
                              "Async Capable": false,
                              "Relation Name": "supplier",
                              "Alias": "supplier",
                              "Startup Cost": 0.0,
                              "Total Cost": 2804.24,
                              "Plan Rows": 58824,
                              "Plan Width": 8,
                              "parent": 5,
                              "ID": 6
                            },
                            {
                              "Node Type": "Hash",
                              "Parent Relationship": "Inner",
                              "Parallel Aware": true,
                              "Async Capable": false,
                              "Startup Cost": 2183157.93,
                              "Total Cost": 2183157.93,
                              "Plan Rows": 56,
                              "Plan Width": 35,
                              "Plans": [
                                {
                                  "Node Type": "Hash Join",
                                  "Parent Relationship": "Outer",
                                  "Parallel Aware": true,
                                  "Async Capable": false,
                                  "Join Type": "Inner",
                                  "Startup Cost": 1836314.1,
                                  "Total Cost": 2183157.93,
                                  "Plan Rows": 56,
                                  "Plan Width": 35,
                                  "Inner Unique": false,
                                  "Hash Cond": "(orders.o_orderkey = lineitem.l_orderkey)",
                                  "Plans": [
                                    {
                                      "Node Type": "Seq Scan",
                                      "Parent Relationship": "Outer",
                                      "Parallel Aware": true,
                                      "Async Capable": false,
                                      "Relation Name": "orders",
                                      "Alias": "orders",
                                      "Startup Cost": 0.0,
                                      "Total Cost": 323407.71,
                                      "Plan Rows": 6249571,
                                      "Plan Width": 8,
                                      "parent": 8,
                                      "ID": 9
                                    },
                                    {
                                      "Node Type": "Hash",
                                      "Parent Relationship": "Inner",
                                      "Parallel Aware": true,
                                      "Async Capable": false,
                                      "Startup Cost": 1836313.4,
                                      "Total Cost": 1836313.4,
                                      "Plan Rows": 56,
                                      "Plan Width": 35,
                                      "Plans": [
                                        {
                                          "Node Type": "Hash Join",
                                          "Parent Relationship": "Outer",
                                          "Parallel Aware": true,
                                          "Async Capable": false,
                                          "Join Type": "Inner",
                                          "Startup Cost": 1559634.16,
                                          "Total Cost": 1836313.4,
                                          "Plan Rows": 56,
                                          "Plan Width": 35,
                                          "Inner Unique": false,
                                          "Hash Cond": "((partsupp.ps_suppkey = lineitem.l_suppkey) AND (partsupp.ps_partkey = lineitem.l_partkey))",
                                          "Plans": [
                                            {
                                              "Node Type": "Seq Scan",
                                              "Parent Relationship": "Outer",
                                              "Parallel Aware": true,
                                              "Async Capable": false,
                                              "Relation Name": "partsupp",
                                              "Alias": "partsupp",
                                              "Startup Cost": 0.0,
                                              "Total Cost": 207718.58,
                                              "Plan Rows": 3333258,
                                              "Plan Width": 14,
                                              "parent": 11,
                                              "ID": 12
                                            },
                                            {
                                              "Node Type": "Hash",
                                              "Parent Relationship": "Inner",
                                              "Parallel Aware": true,
                                              "Async Capable": false,
                                              "Startup Cost": 1526320.84,
                                              "Total Cost": 1526320.84,
                                              "Plan Rows": 1460288,
                                              "Plan Width": 33,
                                              "Plans": [
                                                {
                                                  "Node Type": "Hash Join",
                                                  "Parent Relationship": "Outer",
                                                  "Parallel Aware": true,
                                                  "Async Capable": false,
                                                  "Join Type": "Inner",
                                                  "Startup Cost": 52009.57,
                                                  "Total Cost": 1526320.84,
                                                  "Plan Rows": 1460288,
                                                  "Plan Width": 33,
                                                  "Inner Unique": false,
                                                  "Hash Cond": "(lineitem.l_partkey = part.p_partkey)",
                                                  "Plans": [
                                                    {
                                                      "Node Type": "Seq Scan",
                                                      "Parent Relationship": "Outer",
                                                      "Parallel Aware": true,
                                                      "Async Capable": false,
                                                      "Relation Name": "lineitem",
                                                      "Alias": "lineitem",
                                                      "Startup Cost": 0.0,
                                                      "Total Cost": 1374494.57,
                                                      "Plan Rows": 24995257,
                                                      "Plan Width": 29,
                                                      "parent": 14,
                                                      "ID": 15
                                                    },
                                                    {
                                                      "Node Type": "Hash",
                                                      "Parent Relationship": "Inner",
                                                      "Parallel Aware": true,
                                                      "Async Capable": false,
                                                      "Startup Cost": 51378.28,
                                                      "Total Cost": 51378.28,
                                                      "Plan Rows": 50503,
                                                      "Plan Width": 4,
                                                      "Plans": [
                                                        {
                                                          "Node Type": "Seq Scan",
                                                          "Parent Relationship": "Outer",
                                                          "Parallel Aware": true,
                                                          "Async Capable": false,
                                                          "Relation Name": "part",
                                                          "Alias": "part",
                                                          "Startup Cost": 0.0,
                                                          "Total Cost": 51378.28,
                                                          "Plan Rows": 50503,
                                                          "Plan Width": 4,
                                                          "Filter": "((p_name)::text ~~ '%tan%'::text)",
                                                          "parent": 16,
                                                          "ID": 17
                                                        }
                                                      ],
                                                      "parent": 14,
                                                      "ID": 16,
                                                      "left": 17
                                                    }
                                                  ],
                                                  "parent": 13,
                                                  "ID": 14,
                                                  "left": 15,
                                                  "right": 16
                                                }
                                              ],
                                              "parent": 11,
                                              "ID": 13,
                                              "left": 14
                                            }
                                          ],
                                          "parent": 10,
                                          "ID": 11,
                                          "left": 12,
                                          "right": 13
                                        }
                                      ],
                                      "parent": 8,
                                      "ID": 10,
                                      "left": 11
                                    }
                                  ],
                                  "parent": 7,
                                  "ID": 8,
                                  "left": 9,
                                  "right": 10
                                }
                              ],
                              "parent": 5,
                              "ID": 7,
                              "left": 8
                            }
                          ],
                          "parent": 4,
                          "ID": 5,
                          "left": 6,
                          "right": 7
                        },
                        {
                          "Node Type": "Hash",
                          "Parent Relationship": "Inner",
                          "Parallel Aware": false,
                          "Async Capable": false,
                          "Startup Cost": 1.25,
                          "Total Cost": 1.25,
                          "Plan Rows": 25,
                          "Plan Width": 30,
                          "Plans": [
                            {
                              "Node Type": "Seq Scan",
                              "Parent Relationship": "Outer",
                              "Parallel Aware": false,
                              "Async Capable": false,
                              "Relation Name": "nation",
                              "Alias": "nation",
                              "Startup Cost": 0.0,
                              "Total Cost": 1.25,
                              "Plan Rows": 25,
                              "Plan Width": 30,
                              "parent": 18,
                              "ID": 19
                            }
                          ],
                          "parent": 4,
                          "ID": 18,
                          "left": 19
                        }
                      ],
                      "parent": 3,
                      "ID": 4,
                      "left": 5,
                      "right": 18
                    }
                  ],
                  "parent": 2,
                  "ID": 3,
                  "left": 4
                }
              ],
              "parent": 1,
              "ID": 2,
              "left": 3
            }
          ],
          "parent": 0,
          "ID": 1,
          "left": 2
        }
      ],
      "parent": null,
      "ID": 0,
      "left": 1
    },
    "feat": {
      "utility": 0.022897228846267444,
      "query_shape": [
        [
          "Seq Scan",
          "Hash Join",
          "Sort",
          "Aggregate",
          "Gather Merge"
        ],
        [
          "Seq Scan",
          "Hash Join",
          "Hash",
          "Sort",
          "Aggregate",
          "Gather Merge"
        ],
        [
          "Seq Scan",
          "Hash Join",
          "Hash",
          "Sort",
          "Aggregate",
          "Gather Merge"
        ],
        [
          "Seq Scan",
          "Hash Join",
          "Hash",
          "Sort",
          "Aggregate",
          "Gather Merge"
        ],
        [
          "Seq Scan",
          "Hash",
          "Hash Join",
          "Sort",
          "Aggregate",
          "Gather Merge"
        ],
        [
          "Seq Scan",
          "Hash",
          "Hash Join",
          "Sort",
          "Aggregate",
          "Gather Merge"
        ]
      ],
      "index_shape": [
        "selection"
      ],
      "physical_operator": {
        "Seq Scan": [
          0.025251499999999982
        ]
      }
    }
  },
  {
    "query": "-- Functional Query Definition\n-- Approved February 1998\n\n\nselect\nnation,\no_year,\nsum(amount) as sum_profit\nfrom\n(\nselect\nn_name as nation,\nextract(year from o_orderdate) as o_year,\nl_extendedprice * (1 - l_discount) - ps_supplycost * l_quantity as amount\nfrom\npart,\nsupplier,\nlineitem,\npartsupp,\norders,\nnation\nwhere\ns_suppkey = l_suppkey\nand ps_suppkey = l_suppkey\nand ps_partkey = l_partkey\nand p_partkey = l_partkey\nand o_orderkey = l_orderkey\nand s_nationkey = n_nationkey\nand p_name like '%tan%'\n) as profit\ngroup by\nnation,\no_year\norder by\nnation,\no_year desc ;\n-- $ID$\n-- TPC-H/TPC-R Returned Item Reporting ",
    "indexes": "partsupp.ps_partkey",
    "wo plan est": {
      "Node Type": "Aggregate",
      "Strategy": "Sorted",
      "Partial Mode": "Finalize",
      "Parallel Aware": false,
      "Async Capable": false,
      "Startup Cost": 2187189.13,
      "Total Cost": 2187203.6,
      "Plan Rows": 135,
      "Plan Width": 90,
      "Group Key": [
        "nation.n_name",
        "(EXTRACT(year FROM orders.o_orderdate))"
      ],
      "Plans": [
        {
          "Node Type": "Gather Merge",
          "Parent Relationship": "Outer",
          "Parallel Aware": false,
          "Async Capable": false,
          "Startup Cost": 2187189.13,
          "Total Cost": 2187200.78,
          "Plan Rows": 79,
          "Plan Width": 90,
          "Workers Planned": 1,
          "Plans": [
            {
              "Node Type": "Aggregate",
              "Strategy": "Sorted",
              "Partial Mode": "Partial",
              "Parent Relationship": "Outer",
              "Parallel Aware": false,
              "Async Capable": false,
              "Startup Cost": 2186189.12,
              "Total Cost": 2186191.89,
              "Plan Rows": 79,
              "Plan Width": 90,
              "Group Key": [
                "nation.n_name",
                "(EXTRACT(year FROM orders.o_orderdate))"
              ],
              "Plans": [
                {
                  "Node Type": "Sort",
                  "Parent Relationship": "Outer",
                  "Parallel Aware": false,
                  "Async Capable": false,
                  "Startup Cost": 2186189.12,
                  "Total Cost": 2186189.32,
                  "Plan Rows": 79,
                  "Plan Width": 81,
                  "Sort Key": [
                    "nation.n_name",
                    "(EXTRACT(year FROM orders.o_orderdate)) DESC"
                  ],
                  "Plans": [
                    {
                      "Node Type": "Hash Join",
                      "Parent Relationship": "Outer",
                      "Parallel Aware": false,
                      "Async Capable": false,
                      "Join Type": "Inner",
                      "Startup Cost": 2183160.19,
                      "Total Cost": 2186186.63,
                      "Plan Rows": 79,
                      "Plan Width": 81,
                      "Inner Unique": false,
                      "Hash Cond": "(supplier.s_nationkey = nation.n_nationkey)",
                      "Plans": [
                        {
                          "Node Type": "Hash Join",
                          "Parent Relationship": "Outer",
                          "Parallel Aware": true,
                          "Async Capable": false,
                          "Join Type": "Inner",
                          "Startup Cost": 2183158.63,
                          "Total Cost": 2186183.78,
                          "Plan Rows": 79,
                          "Plan Width": 31,
                          "Inner Unique": false,
                          "Hash Cond": "(supplier.s_suppkey = lineitem.l_suppkey)",
                          "Plans": [
                            {
                              "Node Type": "Seq Scan",
                              "Parent Relationship": "Outer",
                              "Parallel Aware": true,
                              "Async Capable": false,
                              "Relation Name": "supplier",
                              "Alias": "supplier",
                              "Startup Cost": 0.0,
                              "Total Cost": 2804.24,
                              "Plan Rows": 58824,
                              "Plan Width": 8,
                              "parent": 5,
                              "ID": 6
                            },
                            {
                              "Node Type": "Hash",
                              "Parent Relationship": "Inner",
                              "Parallel Aware": true,
                              "Async Capable": false,
                              "Startup Cost": 2183157.93,
                              "Total Cost": 2183157.93,
                              "Plan Rows": 56,
                              "Plan Width": 35,
                              "Plans": [
                                {
                                  "Node Type": "Hash Join",
                                  "Parent Relationship": "Outer",
                                  "Parallel Aware": true,
                                  "Async Capable": false,
                                  "Join Type": "Inner",
                                  "Startup Cost": 1836314.1,
                                  "Total Cost": 2183157.93,
                                  "Plan Rows": 56,
                                  "Plan Width": 35,
                                  "Inner Unique": false,
                                  "Hash Cond": "(orders.o_orderkey = lineitem.l_orderkey)",
                                  "Plans": [
                                    {
                                      "Node Type": "Seq Scan",
                                      "Parent Relationship": "Outer",
                                      "Parallel Aware": true,
                                      "Async Capable": false,
                                      "Relation Name": "orders",
                                      "Alias": "orders",
                                      "Startup Cost": 0.0,
                                      "Total Cost": 323407.71,
                                      "Plan Rows": 6249571,
                                      "Plan Width": 8,
                                      "parent": 8,
                                      "ID": 9
                                    },
                                    {
                                      "Node Type": "Hash",
                                      "Parent Relationship": "Inner",
                                      "Parallel Aware": true,
                                      "Async Capable": false,
                                      "Startup Cost": 1836313.4,
                                      "Total Cost": 1836313.4,
                                      "Plan Rows": 56,
                                      "Plan Width": 35,
                                      "Plans": [
                                        {
                                          "Node Type": "Hash Join",
                                          "Parent Relationship": "Outer",
                                          "Parallel Aware": true,
                                          "Async Capable": false,
                                          "Join Type": "Inner",
                                          "Startup Cost": 1559634.16,
                                          "Total Cost": 1836313.4,
                                          "Plan Rows": 56,
                                          "Plan Width": 35,
                                          "Inner Unique": false,
                                          "Hash Cond": "((partsupp.ps_suppkey = lineitem.l_suppkey) AND (partsupp.ps_partkey = lineitem.l_partkey))",
                                          "Plans": [
                                            {
                                              "Node Type": "Seq Scan",
                                              "Parent Relationship": "Outer",
                                              "Parallel Aware": true,
                                              "Async Capable": false,
                                              "Relation Name": "partsupp",
                                              "Alias": "partsupp",
                                              "Startup Cost": 0.0,
                                              "Total Cost": 207718.58,
                                              "Plan Rows": 3333258,
                                              "Plan Width": 14,
                                              "parent": 11,
                                              "ID": 12
                                            },
                                            {
                                              "Node Type": "Hash",
                                              "Parent Relationship": "Inner",
                                              "Parallel Aware": true,
                                              "Async Capable": false,
                                              "Startup Cost": 1526320.84,
                                              "Total Cost": 1526320.84,
                                              "Plan Rows": 1460288,
                                              "Plan Width": 33,
                                              "Plans": [
                                                {
                                                  "Node Type": "Hash Join",
                                                  "Parent Relationship": "Outer",
                                                  "Parallel Aware": true,
                                                  "Async Capable": false,
                                                  "Join Type": "Inner",
                                                  "Startup Cost": 52009.57,
                                                  "Total Cost": 1526320.84,
                                                  "Plan Rows": 1460288,
                                                  "Plan Width": 33,
                                                  "Inner Unique": false,
                                                  "Hash Cond": "(lineitem.l_partkey = part.p_partkey)",
                                                  "Plans": [
                                                    {
                                                      "Node Type": "Seq Scan",
                                                      "Parent Relationship": "Outer",
                                                      "Parallel Aware": true,
                                                      "Async Capable": false,
                                                      "Relation Name": "lineitem",
                                                      "Alias": "lineitem",
                                                      "Startup Cost": 0.0,
                                                      "Total Cost": 1374494.57,
                                                      "Plan Rows": 24995257,
                                                      "Plan Width": 29,
                                                      "parent": 14,
                                                      "ID": 15
                                                    },
                                                    {
                                                      "Node Type": "Hash",
                                                      "Parent Relationship": "Inner",
                                                      "Parallel Aware": true,
                                                      "Async Capable": false,
                                                      "Startup Cost": 51378.28,
                                                      "Total Cost": 51378.28,
                                                      "Plan Rows": 50503,
                                                      "Plan Width": 4,
                                                      "Plans": [
                                                        {
                                                          "Node Type": "Seq Scan",
                                                          "Parent Relationship": "Outer",
                                                          "Parallel Aware": true,
                                                          "Async Capable": false,
                                                          "Relation Name": "part",
                                                          "Alias": "part",
                                                          "Startup Cost": 0.0,
                                                          "Total Cost": 51378.28,
                                                          "Plan Rows": 50503,
                                                          "Plan Width": 4,
                                                          "Filter": "((p_name)::text ~~ '%tan%'::text)",
                                                          "parent": 16,
                                                          "ID": 17
                                                        }
                                                      ],
                                                      "parent": 14,
                                                      "ID": 16,
                                                      "left": 17
                                                    }
                                                  ],
                                                  "parent": 13,
                                                  "ID": 14,
                                                  "left": 15,
                                                  "right": 16
                                                }
                                              ],
                                              "parent": 11,
                                              "ID": 13,
                                              "left": 14
                                            }
                                          ],
                                          "parent": 10,
                                          "ID": 11,
                                          "left": 12,
                                          "right": 13
                                        }
                                      ],
                                      "parent": 8,
                                      "ID": 10,
                                      "left": 11
                                    }
                                  ],
                                  "parent": 7,
                                  "ID": 8,
                                  "left": 9,
                                  "right": 10
                                }
                              ],
                              "parent": 5,
                              "ID": 7,
                              "left": 8
                            }
                          ],
                          "parent": 4,
                          "ID": 5,
                          "left": 6,
                          "right": 7
                        },
                        {
                          "Node Type": "Hash",
                          "Parent Relationship": "Inner",
                          "Parallel Aware": false,
                          "Async Capable": false,
                          "Startup Cost": 1.25,
                          "Total Cost": 1.25,
                          "Plan Rows": 25,
                          "Plan Width": 30,
                          "Plans": [
                            {
                              "Node Type": "Seq Scan",
                              "Parent Relationship": "Outer",
                              "Parallel Aware": false,
                              "Async Capable": false,
                              "Relation Name": "nation",
                              "Alias": "nation",
                              "Startup Cost": 0.0,
                              "Total Cost": 1.25,
                              "Plan Rows": 25,
                              "Plan Width": 30,
                              "parent": 18,
                              "ID": 19
                            }
                          ],
                          "parent": 4,
                          "ID": 18,
                          "left": 19
                        }
                      ],
                      "parent": 3,
                      "ID": 4,
                      "left": 5,
                      "right": 18
                    }
                  ],
                  "parent": 2,
                  "ID": 3,
                  "left": 4
                }
              ],
              "parent": 1,
              "ID": 2,
              "left": 3
            }
          ],
          "parent": 0,
          "ID": 1,
          "left": 2
        }
      ],
      "parent": null,
      "ID": 0,
      "left": 1
    },
    "feat": {
      "utility": 5.715040703809393e-07,
      "query_shape": [
        [
          "Seq Scan",
          "Hash Join",
          "Sort",
          "Aggregate",
          "Gather Merge"
        ],
        [
          "Seq Scan",
          "Hash Join",
          "Hash",
          "Sort",
          "Aggregate",
          "Gather Merge"
        ],
        [
          "Seq Scan",
          "Hash Join",
          "Hash",
          "Sort",
          "Aggregate",
          "Gather Merge"
        ],
        [
          "Seq Scan",
          "Hash Join",
          "Hash",
          "Sort",
          "Aggregate",
          "Gather Merge"
        ],
        [
          "Seq Scan",
          "Hash",
          "Hash Join",
          "Sort",
          "Aggregate",
          "Gather Merge"
        ],
        [
          "Seq Scan",
          "Hash",
          "Hash Join",
          "Sort",
          "Aggregate",
          "Gather Merge"
        ]
      ],
      "index_shape": [
        "join"
      ],
      "physical_operator": {
        "Hash Join": [
          3.391878524927478e-06
        ]
      }
    }
  },
  {
    "query": "-- Functional Query Definition\n-- Approved February 1998\n\n\nselect\nnation,\no_year,\nsum(amount) as sum_profit\nfrom\n(\nselect\nn_name as nation,\nextract(year from o_orderdate) as o_year,\nl_extendedprice * (1 - l_discount) - ps_supplycost * l_quantity as amount\nfrom\npart,\nsupplier,\nlineitem,\npartsupp,\norders,\nnation\nwhere\ns_suppkey = l_suppkey\nand ps_suppkey = l_suppkey\nand ps_partkey = l_partkey\nand p_partkey = l_partkey\nand o_orderkey = l_orderkey\nand s_nationkey = n_nationkey\nand p_name like '%tan%'\n) as profit\ngroup by\nnation,\no_year\norder by\nnation,\no_year desc ;\n-- $ID$\n-- TPC-H/TPC-R Returned Item Reporting ",
    "indexes": "partsupp.ps_suppkey",
    "wo plan est": {
      "Node Type": "Aggregate",
      "Strategy": "Sorted",
      "Partial Mode": "Finalize",
      "Parallel Aware": false,
      "Async Capable": false,
      "Startup Cost": 2187189.13,
      "Total Cost": 2187203.6,
      "Plan Rows": 135,
      "Plan Width": 90,
      "Group Key": [
        "nation.n_name",
        "(EXTRACT(year FROM orders.o_orderdate))"
      ],
      "Plans": [
        {
          "Node Type": "Gather Merge",
          "Parent Relationship": "Outer",
          "Parallel Aware": false,
          "Async Capable": false,
          "Startup Cost": 2187189.13,
          "Total Cost": 2187200.78,
          "Plan Rows": 79,
          "Plan Width": 90,
          "Workers Planned": 1,
          "Plans": [
            {
              "Node Type": "Aggregate",
              "Strategy": "Sorted",
              "Partial Mode": "Partial",
              "Parent Relationship": "Outer",
              "Parallel Aware": false,
              "Async Capable": false,
              "Startup Cost": 2186189.12,
              "Total Cost": 2186191.89,
              "Plan Rows": 79,
              "Plan Width": 90,
              "Group Key": [
                "nation.n_name",
                "(EXTRACT(year FROM orders.o_orderdate))"
              ],
              "Plans": [
                {
                  "Node Type": "Sort",
                  "Parent Relationship": "Outer",
                  "Parallel Aware": false,
                  "Async Capable": false,
                  "Startup Cost": 2186189.12,
                  "Total Cost": 2186189.32,
                  "Plan Rows": 79,
                  "Plan Width": 81,
                  "Sort Key": [
                    "nation.n_name",
                    "(EXTRACT(year FROM orders.o_orderdate)) DESC"
                  ],
                  "Plans": [
                    {
                      "Node Type": "Hash Join",
                      "Parent Relationship": "Outer",
                      "Parallel Aware": false,
                      "Async Capable": false,
                      "Join Type": "Inner",
                      "Startup Cost": 2183160.19,
                      "Total Cost": 2186186.63,
                      "Plan Rows": 79,
                      "Plan Width": 81,
                      "Inner Unique": false,
                      "Hash Cond": "(supplier.s_nationkey = nation.n_nationkey)",
                      "Plans": [
                        {
                          "Node Type": "Hash Join",
                          "Parent Relationship": "Outer",
                          "Parallel Aware": true,
                          "Async Capable": false,
                          "Join Type": "Inner",
                          "Startup Cost": 2183158.63,
                          "Total Cost": 2186183.78,
                          "Plan Rows": 79,
                          "Plan Width": 31,
                          "Inner Unique": false,
                          "Hash Cond": "(supplier.s_suppkey = lineitem.l_suppkey)",
                          "Plans": [
                            {
                              "Node Type": "Seq Scan",
                              "Parent Relationship": "Outer",
                              "Parallel Aware": true,
                              "Async Capable": false,
                              "Relation Name": "supplier",
                              "Alias": "supplier",
                              "Startup Cost": 0.0,
                              "Total Cost": 2804.24,
                              "Plan Rows": 58824,
                              "Plan Width": 8,
                              "parent": 5,
                              "ID": 6
                            },
                            {
                              "Node Type": "Hash",
                              "Parent Relationship": "Inner",
                              "Parallel Aware": true,
                              "Async Capable": false,
                              "Startup Cost": 2183157.93,
                              "Total Cost": 2183157.93,
                              "Plan Rows": 56,
                              "Plan Width": 35,
                              "Plans": [
                                {
                                  "Node Type": "Hash Join",
                                  "Parent Relationship": "Outer",
                                  "Parallel Aware": true,
                                  "Async Capable": false,
                                  "Join Type": "Inner",
                                  "Startup Cost": 1836314.1,
                                  "Total Cost": 2183157.93,
                                  "Plan Rows": 56,
                                  "Plan Width": 35,
                                  "Inner Unique": false,
                                  "Hash Cond": "(orders.o_orderkey = lineitem.l_orderkey)",
                                  "Plans": [
                                    {
                                      "Node Type": "Seq Scan",
                                      "Parent Relationship": "Outer",
                                      "Parallel Aware": true,
                                      "Async Capable": false,
                                      "Relation Name": "orders",
                                      "Alias": "orders",
                                      "Startup Cost": 0.0,
                                      "Total Cost": 323407.71,
                                      "Plan Rows": 6249571,
                                      "Plan Width": 8,
                                      "parent": 8,
                                      "ID": 9
                                    },
                                    {
                                      "Node Type": "Hash",
                                      "Parent Relationship": "Inner",
                                      "Parallel Aware": true,
                                      "Async Capable": false,
                                      "Startup Cost": 1836313.4,
                                      "Total Cost": 1836313.4,
                                      "Plan Rows": 56,
                                      "Plan Width": 35,
                                      "Plans": [
                                        {
                                          "Node Type": "Hash Join",
                                          "Parent Relationship": "Outer",
                                          "Parallel Aware": true,
                                          "Async Capable": false,
                                          "Join Type": "Inner",
                                          "Startup Cost": 1559634.16,
                                          "Total Cost": 1836313.4,
                                          "Plan Rows": 56,
                                          "Plan Width": 35,
                                          "Inner Unique": false,
                                          "Hash Cond": "((partsupp.ps_suppkey = lineitem.l_suppkey) AND (partsupp.ps_partkey = lineitem.l_partkey))",
                                          "Plans": [
                                            {
                                              "Node Type": "Seq Scan",
                                              "Parent Relationship": "Outer",
                                              "Parallel Aware": true,
                                              "Async Capable": false,
                                              "Relation Name": "partsupp",
                                              "Alias": "partsupp",
                                              "Startup Cost": 0.0,
                                              "Total Cost": 207718.58,
                                              "Plan Rows": 3333258,
                                              "Plan Width": 14,
                                              "parent": 11,
                                              "ID": 12
                                            },
                                            {
                                              "Node Type": "Hash",
                                              "Parent Relationship": "Inner",
                                              "Parallel Aware": true,
                                              "Async Capable": false,
                                              "Startup Cost": 1526320.84,
                                              "Total Cost": 1526320.84,
                                              "Plan Rows": 1460288,
                                              "Plan Width": 33,
                                              "Plans": [
                                                {
                                                  "Node Type": "Hash Join",
                                                  "Parent Relationship": "Outer",
                                                  "Parallel Aware": true,
                                                  "Async Capable": false,
                                                  "Join Type": "Inner",
                                                  "Startup Cost": 52009.57,
                                                  "Total Cost": 1526320.84,
                                                  "Plan Rows": 1460288,
                                                  "Plan Width": 33,
                                                  "Inner Unique": false,
                                                  "Hash Cond": "(lineitem.l_partkey = part.p_partkey)",
                                                  "Plans": [
                                                    {
                                                      "Node Type": "Seq Scan",
                                                      "Parent Relationship": "Outer",
                                                      "Parallel Aware": true,
                                                      "Async Capable": false,
                                                      "Relation Name": "lineitem",
                                                      "Alias": "lineitem",
                                                      "Startup Cost": 0.0,
                                                      "Total Cost": 1374494.57,
                                                      "Plan Rows": 24995257,
                                                      "Plan Width": 29,
                                                      "parent": 14,
                                                      "ID": 15
                                                    },
                                                    {
                                                      "Node Type": "Hash",
                                                      "Parent Relationship": "Inner",
                                                      "Parallel Aware": true,
                                                      "Async Capable": false,
                                                      "Startup Cost": 51378.28,
                                                      "Total Cost": 51378.28,
                                                      "Plan Rows": 50503,
                                                      "Plan Width": 4,
                                                      "Plans": [
                                                        {
                                                          "Node Type": "Seq Scan",
                                                          "Parent Relationship": "Outer",
                                                          "Parallel Aware": true,
                                                          "Async Capable": false,
                                                          "Relation Name": "part",
                                                          "Alias": "part",
                                                          "Startup Cost": 0.0,
                                                          "Total Cost": 51378.28,
                                                          "Plan Rows": 50503,
                                                          "Plan Width": 4,
                                                          "Filter": "((p_name)::text ~~ '%tan%'::text)",
                                                          "parent": 16,
                                                          "ID": 17
                                                        }
                                                      ],
                                                      "parent": 14,
                                                      "ID": 16,
                                                      "left": 17
                                                    }
                                                  ],
                                                  "parent": 13,
                                                  "ID": 14,
                                                  "left": 15,
                                                  "right": 16
                                                }
                                              ],
                                              "parent": 11,
                                              "ID": 13,
                                              "left": 14
                                            }
                                          ],
                                          "parent": 10,
                                          "ID": 11,
                                          "left": 12,
                                          "right": 13
                                        }
                                      ],
                                      "parent": 8,
                                      "ID": 10,
                                      "left": 11
                                    }
                                  ],
                                  "parent": 7,
                                  "ID": 8,
                                  "left": 9,
                                  "right": 10
                                }
                              ],
                              "parent": 5,
                              "ID": 7,
                              "left": 8
                            }
                          ],
                          "parent": 4,
                          "ID": 5,
                          "left": 6,
                          "right": 7
                        },
                        {
                          "Node Type": "Hash",
                          "Parent Relationship": "Inner",
                          "Parallel Aware": false,
                          "Async Capable": false,
                          "Startup Cost": 1.25,
                          "Total Cost": 1.25,
                          "Plan Rows": 25,
                          "Plan Width": 30,
                          "Plans": [
                            {
                              "Node Type": "Seq Scan",
                              "Parent Relationship": "Outer",
                              "Parallel Aware": false,
                              "Async Capable": false,
                              "Relation Name": "nation",
                              "Alias": "nation",
                              "Startup Cost": 0.0,
                              "Total Cost": 1.25,
                              "Plan Rows": 25,
                              "Plan Width": 30,
                              "parent": 18,
                              "ID": 19
                            }
                          ],
                          "parent": 4,
                          "ID": 18,
                          "left": 19
                        }
                      ],
                      "parent": 3,
                      "ID": 4,
                      "left": 5,
                      "right": 18
                    }
                  ],
                  "parent": 2,
                  "ID": 3,
                  "left": 4
                }
              ],
              "parent": 1,
              "ID": 2,
              "left": 3
            }
          ],
          "parent": 0,
          "ID": 1,
          "left": 2
        }
      ],
      "parent": null,
      "ID": 0,
      "left": 1
    },
    "feat": {
      "utility": 5.715040703809393e-07,
      "query_shape": [
        [
          "Seq Scan",
          "Hash Join",
          "Sort",
          "Aggregate",
          "Gather Merge"
        ],
        [
          "Seq Scan",
          "Hash Join",
          "Hash",
          "Sort",
          "Aggregate",
          "Gather Merge"
        ],
        [
          "Seq Scan",
          "Hash Join",
          "Hash",
          "Sort",
          "Aggregate",
          "Gather Merge"
        ],
        [
          "Seq Scan",
          "Hash Join",
          "Hash",
          "Sort",
          "Aggregate",
          "Gather Merge"
        ],
        [
          "Seq Scan",
          "Hash",
          "Hash Join",
          "Sort",
          "Aggregate",
          "Gather Merge"
        ],
        [
          "Seq Scan",
          "Hash",
          "Hash Join",
          "Sort",
          "Aggregate",
          "Gather Merge"
        ]
      ],
      "index_shape": [
        "join"
      ],
      "physical_operator": {
        "Hash Join": [
          3.391878524927478e-06
        ]
      }
    }
  },
  {
    "query": "-- Functional Query Definition\n-- Approved February 1998\n\n\nselect\nnation,\no_year,\nsum(amount) as sum_profit\nfrom\n(\nselect\nn_name as nation,\nextract(year from o_orderdate) as o_year,\nl_extendedprice * (1 - l_discount) - ps_supplycost * l_quantity as amount\nfrom\npart,\nsupplier,\nlineitem,\npartsupp,\norders,\nnation\nwhere\ns_suppkey = l_suppkey\nand ps_suppkey = l_suppkey\nand ps_partkey = l_partkey\nand p_partkey = l_partkey\nand o_orderkey = l_orderkey\nand s_nationkey = n_nationkey\nand p_name like '%tan%'\n) as profit\ngroup by\nnation,\no_year\norder by\nnation,\no_year desc ;\n-- $ID$\n-- TPC-H/TPC-R Returned Item Reporting ",
    "indexes": "partsupp.ps_supplycost",
    "wo plan est": {
      "Node Type": "Aggregate",
      "Strategy": "Sorted",
      "Partial Mode": "Finalize",
      "Parallel Aware": false,
      "Async Capable": false,
      "Startup Cost": 2187189.13,
      "Total Cost": 2187203.6,
      "Plan Rows": 135,
      "Plan Width": 90,
      "Group Key": [
        "nation.n_name",
        "(EXTRACT(year FROM orders.o_orderdate))"
      ],
      "Plans": [
        {
          "Node Type": "Gather Merge",
          "Parent Relationship": "Outer",
          "Parallel Aware": false,
          "Async Capable": false,
          "Startup Cost": 2187189.13,
          "Total Cost": 2187200.78,
          "Plan Rows": 79,
          "Plan Width": 90,
          "Workers Planned": 1,
          "Plans": [
            {
              "Node Type": "Aggregate",
              "Strategy": "Sorted",
              "Partial Mode": "Partial",
              "Parent Relationship": "Outer",
              "Parallel Aware": false,
              "Async Capable": false,
              "Startup Cost": 2186189.12,
              "Total Cost": 2186191.89,
              "Plan Rows": 79,
              "Plan Width": 90,
              "Group Key": [
                "nation.n_name",
                "(EXTRACT(year FROM orders.o_orderdate))"
              ],
              "Plans": [
                {
                  "Node Type": "Sort",
                  "Parent Relationship": "Outer",
                  "Parallel Aware": false,
                  "Async Capable": false,
                  "Startup Cost": 2186189.12,
                  "Total Cost": 2186189.32,
                  "Plan Rows": 79,
                  "Plan Width": 81,
                  "Sort Key": [
                    "nation.n_name",
                    "(EXTRACT(year FROM orders.o_orderdate)) DESC"
                  ],
                  "Plans": [
                    {
                      "Node Type": "Hash Join",
                      "Parent Relationship": "Outer",
                      "Parallel Aware": false,
                      "Async Capable": false,
                      "Join Type": "Inner",
                      "Startup Cost": 2183160.19,
                      "Total Cost": 2186186.63,
                      "Plan Rows": 79,
                      "Plan Width": 81,
                      "Inner Unique": false,
                      "Hash Cond": "(supplier.s_nationkey = nation.n_nationkey)",
                      "Plans": [
                        {
                          "Node Type": "Hash Join",
                          "Parent Relationship": "Outer",
                          "Parallel Aware": true,
                          "Async Capable": false,
                          "Join Type": "Inner",
                          "Startup Cost": 2183158.63,
                          "Total Cost": 2186183.78,
                          "Plan Rows": 79,
                          "Plan Width": 31,
                          "Inner Unique": false,
                          "Hash Cond": "(supplier.s_suppkey = lineitem.l_suppkey)",
                          "Plans": [
                            {
                              "Node Type": "Seq Scan",
                              "Parent Relationship": "Outer",
                              "Parallel Aware": true,
                              "Async Capable": false,
                              "Relation Name": "supplier",
                              "Alias": "supplier",
                              "Startup Cost": 0.0,
                              "Total Cost": 2804.24,
                              "Plan Rows": 58824,
                              "Plan Width": 8,
                              "parent": 5,
                              "ID": 6
                            },
                            {
                              "Node Type": "Hash",
                              "Parent Relationship": "Inner",
                              "Parallel Aware": true,
                              "Async Capable": false,
                              "Startup Cost": 2183157.93,
                              "Total Cost": 2183157.93,
                              "Plan Rows": 56,
                              "Plan Width": 35,
                              "Plans": [
                                {
                                  "Node Type": "Hash Join",
                                  "Parent Relationship": "Outer",
                                  "Parallel Aware": true,
                                  "Async Capable": false,
                                  "Join Type": "Inner",
                                  "Startup Cost": 1836314.1,
                                  "Total Cost": 2183157.93,
                                  "Plan Rows": 56,
                                  "Plan Width": 35,
                                  "Inner Unique": false,
                                  "Hash Cond": "(orders.o_orderkey = lineitem.l_orderkey)",
                                  "Plans": [
                                    {
                                      "Node Type": "Seq Scan",
                                      "Parent Relationship": "Outer",
                                      "Parallel Aware": true,
                                      "Async Capable": false,
                                      "Relation Name": "orders",
                                      "Alias": "orders",
                                      "Startup Cost": 0.0,
                                      "Total Cost": 323407.71,
                                      "Plan Rows": 6249571,
                                      "Plan Width": 8,
                                      "parent": 8,
                                      "ID": 9
                                    },
                                    {
                                      "Node Type": "Hash",
                                      "Parent Relationship": "Inner",
                                      "Parallel Aware": true,
                                      "Async Capable": false,
                                      "Startup Cost": 1836313.4,
                                      "Total Cost": 1836313.4,
                                      "Plan Rows": 56,
                                      "Plan Width": 35,
                                      "Plans": [
                                        {
                                          "Node Type": "Hash Join",
                                          "Parent Relationship": "Outer",
                                          "Parallel Aware": true,
                                          "Async Capable": false,
                                          "Join Type": "Inner",
                                          "Startup Cost": 1559634.16,
                                          "Total Cost": 1836313.4,
                                          "Plan Rows": 56,
                                          "Plan Width": 35,
                                          "Inner Unique": false,
                                          "Hash Cond": "((partsupp.ps_suppkey = lineitem.l_suppkey) AND (partsupp.ps_partkey = lineitem.l_partkey))",
                                          "Plans": [
                                            {
                                              "Node Type": "Seq Scan",
                                              "Parent Relationship": "Outer",
                                              "Parallel Aware": true,
                                              "Async Capable": false,
                                              "Relation Name": "partsupp",
                                              "Alias": "partsupp",
                                              "Startup Cost": 0.0,
                                              "Total Cost": 207718.58,
                                              "Plan Rows": 3333258,
                                              "Plan Width": 14,
                                              "parent": 11,
                                              "ID": 12
                                            },
                                            {
                                              "Node Type": "Hash",
                                              "Parent Relationship": "Inner",
                                              "Parallel Aware": true,
                                              "Async Capable": false,
                                              "Startup Cost": 1526320.84,
                                              "Total Cost": 1526320.84,
                                              "Plan Rows": 1460288,
                                              "Plan Width": 33,
                                              "Plans": [
                                                {
                                                  "Node Type": "Hash Join",
                                                  "Parent Relationship": "Outer",
                                                  "Parallel Aware": true,
                                                  "Async Capable": false,
                                                  "Join Type": "Inner",
                                                  "Startup Cost": 52009.57,
                                                  "Total Cost": 1526320.84,
                                                  "Plan Rows": 1460288,
                                                  "Plan Width": 33,
                                                  "Inner Unique": false,
                                                  "Hash Cond": "(lineitem.l_partkey = part.p_partkey)",
                                                  "Plans": [
                                                    {
                                                      "Node Type": "Seq Scan",
                                                      "Parent Relationship": "Outer",
                                                      "Parallel Aware": true,
                                                      "Async Capable": false,
                                                      "Relation Name": "lineitem",
                                                      "Alias": "lineitem",
                                                      "Startup Cost": 0.0,
                                                      "Total Cost": 1374494.57,
                                                      "Plan Rows": 24995257,
                                                      "Plan Width": 29,
                                                      "parent": 14,
                                                      "ID": 15
                                                    },
                                                    {
                                                      "Node Type": "Hash",
                                                      "Parent Relationship": "Inner",
                                                      "Parallel Aware": true,
                                                      "Async Capable": false,
                                                      "Startup Cost": 51378.28,
                                                      "Total Cost": 51378.28,
                                                      "Plan Rows": 50503,
                                                      "Plan Width": 4,
                                                      "Plans": [
                                                        {
                                                          "Node Type": "Seq Scan",
                                                          "Parent Relationship": "Outer",
                                                          "Parallel Aware": true,
                                                          "Async Capable": false,
                                                          "Relation Name": "part",
                                                          "Alias": "part",
                                                          "Startup Cost": 0.0,
                                                          "Total Cost": 51378.28,
                                                          "Plan Rows": 50503,
                                                          "Plan Width": 4,
                                                          "Filter": "((p_name)::text ~~ '%tan%'::text)",
                                                          "parent": 16,
                                                          "ID": 17
                                                        }
                                                      ],
                                                      "parent": 14,
                                                      "ID": 16,
                                                      "left": 17
                                                    }
                                                  ],
                                                  "parent": 13,
                                                  "ID": 14,
                                                  "left": 15,
                                                  "right": 16
                                                }
                                              ],
                                              "parent": 11,
                                              "ID": 13,
                                              "left": 14
                                            }
                                          ],
                                          "parent": 10,
                                          "ID": 11,
                                          "left": 12,
                                          "right": 13
                                        }
                                      ],
                                      "parent": 8,
                                      "ID": 10,
                                      "left": 11
                                    }
                                  ],
                                  "parent": 7,
                                  "ID": 8,
                                  "left": 9,
                                  "right": 10
                                }
                              ],
                              "parent": 5,
                              "ID": 7,
                              "left": 8
                            }
                          ],
                          "parent": 4,
                          "ID": 5,
                          "left": 6,
                          "right": 7
                        },
                        {
                          "Node Type": "Hash",
                          "Parent Relationship": "Inner",
                          "Parallel Aware": false,
                          "Async Capable": false,
                          "Startup Cost": 1.25,
                          "Total Cost": 1.25,
                          "Plan Rows": 25,
                          "Plan Width": 30,
                          "Plans": [
                            {
                              "Node Type": "Seq Scan",
                              "Parent Relationship": "Outer",
                              "Parallel Aware": false,
                              "Async Capable": false,
                              "Relation Name": "nation",
                              "Alias": "nation",
                              "Startup Cost": 0.0,
                              "Total Cost": 1.25,
                              "Plan Rows": 25,
                              "Plan Width": 30,
                              "parent": 18,
                              "ID": 19
                            }
                          ],
                          "parent": 4,
                          "ID": 18,
                          "left": 19
                        }
                      ],
                      "parent": 3,
                      "ID": 4,
                      "left": 5,
                      "right": 18
                    }
                  ],
                  "parent": 2,
                  "ID": 3,
                  "left": 4
                }
              ],
              "parent": 1,
              "ID": 2,
              "left": 3
            }
          ],
          "parent": 0,
          "ID": 1,
          "left": 2
        }
      ],
      "parent": null,
      "ID": 0,
      "left": 1
    },
    "feat": {
      "utility": 0.0,
      "query_shape": [
        [
          "Seq Scan",
          "Hash Join",
          "Sort",
          "Aggregate",
          "Gather Merge"
        ],
        [
          "Seq Scan",
          "Hash Join",
          "Hash",
          "Sort",
          "Aggregate",
          "Gather Merge"
        ],
        [
          "Seq Scan",
          "Hash Join",
          "Hash",
          "Sort",
          "Aggregate",
          "Gather Merge"
        ],
        [
          "Seq Scan",
          "Hash Join",
          "Hash",
          "Sort",
          "Aggregate",
          "Gather Merge"
        ],
        [
          "Seq Scan",
          "Hash",
          "Hash Join",
          "Sort",
          "Aggregate",
          "Gather Merge"
        ],
        [
          "Seq Scan",
          "Hash",
          "Hash Join",
          "Sort",
          "Aggregate",
          "Gather Merge"
        ]
      ],
      "index_shape": [],
      "physical_operator": {}
    }
  },
  {
    "query": "-- Functional Query Definition\n-- Approved February 1998\n\n\nselect\nnation,\no_year,\nsum(amount) as sum_profit\nfrom\n(\nselect\nn_name as nation,\nextract(year from o_orderdate) as o_year,\nl_extendedprice * (1 - l_discount) - ps_supplycost * l_quantity as amount\nfrom\npart,\nsupplier,\nlineitem,\npartsupp,\norders,\nnation\nwhere\ns_suppkey = l_suppkey\nand ps_suppkey = l_suppkey\nand ps_partkey = l_partkey\nand p_partkey = l_partkey\nand o_orderkey = l_orderkey\nand s_nationkey = n_nationkey\nand p_name like '%tan%'\n) as profit\ngroup by\nnation,\no_year\norder by\nnation,\no_year desc ;\n-- $ID$\n-- TPC-H/TPC-R Returned Item Reporting ",
    "indexes": "supplier.s_suppkey",
    "wo plan est": {
      "Node Type": "Aggregate",
      "Strategy": "Sorted",
      "Partial Mode": "Finalize",
      "Parallel Aware": false,
      "Async Capable": false,
      "Startup Cost": 2187189.13,
      "Total Cost": 2187203.6,
      "Plan Rows": 135,
      "Plan Width": 90,
      "Group Key": [
        "nation.n_name",
        "(EXTRACT(year FROM orders.o_orderdate))"
      ],
      "Plans": [
        {
          "Node Type": "Gather Merge",
          "Parent Relationship": "Outer",
          "Parallel Aware": false,
          "Async Capable": false,
          "Startup Cost": 2187189.13,
          "Total Cost": 2187200.78,
          "Plan Rows": 79,
          "Plan Width": 90,
          "Workers Planned": 1,
          "Plans": [
            {
              "Node Type": "Aggregate",
              "Strategy": "Sorted",
              "Partial Mode": "Partial",
              "Parent Relationship": "Outer",
              "Parallel Aware": false,
              "Async Capable": false,
              "Startup Cost": 2186189.12,
              "Total Cost": 2186191.89,
              "Plan Rows": 79,
              "Plan Width": 90,
              "Group Key": [
                "nation.n_name",
                "(EXTRACT(year FROM orders.o_orderdate))"
              ],
              "Plans": [
                {
                  "Node Type": "Sort",
                  "Parent Relationship": "Outer",
                  "Parallel Aware": false,
                  "Async Capable": false,
                  "Startup Cost": 2186189.12,
                  "Total Cost": 2186189.32,
                  "Plan Rows": 79,
                  "Plan Width": 81,
                  "Sort Key": [
                    "nation.n_name",
                    "(EXTRACT(year FROM orders.o_orderdate)) DESC"
                  ],
                  "Plans": [
                    {
                      "Node Type": "Hash Join",
                      "Parent Relationship": "Outer",
                      "Parallel Aware": false,
                      "Async Capable": false,
                      "Join Type": "Inner",
                      "Startup Cost": 2183160.19,
                      "Total Cost": 2186186.63,
                      "Plan Rows": 79,
                      "Plan Width": 81,
                      "Inner Unique": false,
                      "Hash Cond": "(supplier.s_nationkey = nation.n_nationkey)",
                      "Plans": [
                        {
                          "Node Type": "Hash Join",
                          "Parent Relationship": "Outer",
                          "Parallel Aware": true,
                          "Async Capable": false,
                          "Join Type": "Inner",
                          "Startup Cost": 2183158.63,
                          "Total Cost": 2186183.78,
                          "Plan Rows": 79,
                          "Plan Width": 31,
                          "Inner Unique": false,
                          "Hash Cond": "(supplier.s_suppkey = lineitem.l_suppkey)",
                          "Plans": [
                            {
                              "Node Type": "Seq Scan",
                              "Parent Relationship": "Outer",
                              "Parallel Aware": true,
                              "Async Capable": false,
                              "Relation Name": "supplier",
                              "Alias": "supplier",
                              "Startup Cost": 0.0,
                              "Total Cost": 2804.24,
                              "Plan Rows": 58824,
                              "Plan Width": 8,
                              "parent": 5,
                              "ID": 6
                            },
                            {
                              "Node Type": "Hash",
                              "Parent Relationship": "Inner",
                              "Parallel Aware": true,
                              "Async Capable": false,
                              "Startup Cost": 2183157.93,
                              "Total Cost": 2183157.93,
                              "Plan Rows": 56,
                              "Plan Width": 35,
                              "Plans": [
                                {
                                  "Node Type": "Hash Join",
                                  "Parent Relationship": "Outer",
                                  "Parallel Aware": true,
                                  "Async Capable": false,
                                  "Join Type": "Inner",
                                  "Startup Cost": 1836314.1,
                                  "Total Cost": 2183157.93,
                                  "Plan Rows": 56,
                                  "Plan Width": 35,
                                  "Inner Unique": false,
                                  "Hash Cond": "(orders.o_orderkey = lineitem.l_orderkey)",
                                  "Plans": [
                                    {
                                      "Node Type": "Seq Scan",
                                      "Parent Relationship": "Outer",
                                      "Parallel Aware": true,
                                      "Async Capable": false,
                                      "Relation Name": "orders",
                                      "Alias": "orders",
                                      "Startup Cost": 0.0,
                                      "Total Cost": 323407.71,
                                      "Plan Rows": 6249571,
                                      "Plan Width": 8,
                                      "parent": 8,
                                      "ID": 9
                                    },
                                    {
                                      "Node Type": "Hash",
                                      "Parent Relationship": "Inner",
                                      "Parallel Aware": true,
                                      "Async Capable": false,
                                      "Startup Cost": 1836313.4,
                                      "Total Cost": 1836313.4,
                                      "Plan Rows": 56,
                                      "Plan Width": 35,
                                      "Plans": [
                                        {
                                          "Node Type": "Hash Join",
                                          "Parent Relationship": "Outer",
                                          "Parallel Aware": true,
                                          "Async Capable": false,
                                          "Join Type": "Inner",
                                          "Startup Cost": 1559634.16,
                                          "Total Cost": 1836313.4,
                                          "Plan Rows": 56,
                                          "Plan Width": 35,
                                          "Inner Unique": false,
                                          "Hash Cond": "((partsupp.ps_suppkey = lineitem.l_suppkey) AND (partsupp.ps_partkey = lineitem.l_partkey))",
                                          "Plans": [
                                            {
                                              "Node Type": "Seq Scan",
                                              "Parent Relationship": "Outer",
                                              "Parallel Aware": true,
                                              "Async Capable": false,
                                              "Relation Name": "partsupp",
                                              "Alias": "partsupp",
                                              "Startup Cost": 0.0,
                                              "Total Cost": 207718.58,
                                              "Plan Rows": 3333258,
                                              "Plan Width": 14,
                                              "parent": 11,
                                              "ID": 12
                                            },
                                            {
                                              "Node Type": "Hash",
                                              "Parent Relationship": "Inner",
                                              "Parallel Aware": true,
                                              "Async Capable": false,
                                              "Startup Cost": 1526320.84,
                                              "Total Cost": 1526320.84,
                                              "Plan Rows": 1460288,
                                              "Plan Width": 33,
                                              "Plans": [
                                                {
                                                  "Node Type": "Hash Join",
                                                  "Parent Relationship": "Outer",
                                                  "Parallel Aware": true,
                                                  "Async Capable": false,
                                                  "Join Type": "Inner",
                                                  "Startup Cost": 52009.57,
                                                  "Total Cost": 1526320.84,
                                                  "Plan Rows": 1460288,
                                                  "Plan Width": 33,
                                                  "Inner Unique": false,
                                                  "Hash Cond": "(lineitem.l_partkey = part.p_partkey)",
                                                  "Plans": [
                                                    {
                                                      "Node Type": "Seq Scan",
                                                      "Parent Relationship": "Outer",
                                                      "Parallel Aware": true,
                                                      "Async Capable": false,
                                                      "Relation Name": "lineitem",
                                                      "Alias": "lineitem",
                                                      "Startup Cost": 0.0,
                                                      "Total Cost": 1374494.57,
                                                      "Plan Rows": 24995257,
                                                      "Plan Width": 29,
                                                      "parent": 14,
                                                      "ID": 15
                                                    },
                                                    {
                                                      "Node Type": "Hash",
                                                      "Parent Relationship": "Inner",
                                                      "Parallel Aware": true,
                                                      "Async Capable": false,
                                                      "Startup Cost": 51378.28,
                                                      "Total Cost": 51378.28,
                                                      "Plan Rows": 50503,
                                                      "Plan Width": 4,
                                                      "Plans": [
                                                        {
                                                          "Node Type": "Seq Scan",
                                                          "Parent Relationship": "Outer",
                                                          "Parallel Aware": true,
                                                          "Async Capable": false,
                                                          "Relation Name": "part",
                                                          "Alias": "part",
                                                          "Startup Cost": 0.0,
                                                          "Total Cost": 51378.28,
                                                          "Plan Rows": 50503,
                                                          "Plan Width": 4,
                                                          "Filter": "((p_name)::text ~~ '%tan%'::text)",
                                                          "parent": 16,
                                                          "ID": 17
                                                        }
                                                      ],
                                                      "parent": 14,
                                                      "ID": 16,
                                                      "left": 17
                                                    }
                                                  ],
                                                  "parent": 13,
                                                  "ID": 14,
                                                  "left": 15,
                                                  "right": 16
                                                }
                                              ],
                                              "parent": 11,
                                              "ID": 13,
                                              "left": 14
                                            }
                                          ],
                                          "parent": 10,
                                          "ID": 11,
                                          "left": 12,
                                          "right": 13
                                        }
                                      ],
                                      "parent": 8,
                                      "ID": 10,
                                      "left": 11
                                    }
                                  ],
                                  "parent": 7,
                                  "ID": 8,
                                  "left": 9,
                                  "right": 10
                                }
                              ],
                              "parent": 5,
                              "ID": 7,
                              "left": 8
                            }
                          ],
                          "parent": 4,
                          "ID": 5,
                          "left": 6,
                          "right": 7
                        },
                        {
                          "Node Type": "Hash",
                          "Parent Relationship": "Inner",
                          "Parallel Aware": false,
                          "Async Capable": false,
                          "Startup Cost": 1.25,
                          "Total Cost": 1.25,
                          "Plan Rows": 25,
                          "Plan Width": 30,
                          "Plans": [
                            {
                              "Node Type": "Seq Scan",
                              "Parent Relationship": "Outer",
                              "Parallel Aware": false,
                              "Async Capable": false,
                              "Relation Name": "nation",
                              "Alias": "nation",
                              "Startup Cost": 0.0,
                              "Total Cost": 1.25,
                              "Plan Rows": 25,
                              "Plan Width": 30,
                              "parent": 18,
                              "ID": 19
                            }
                          ],
                          "parent": 4,
                          "ID": 18,
                          "left": 19
                        }
                      ],
                      "parent": 3,
                      "ID": 4,
                      "left": 5,
                      "right": 18
                    }
                  ],
                  "parent": 2,
                  "ID": 3,
                  "left": 4
                }
              ],
              "parent": 1,
              "ID": 2,
              "left": 3
            }
          ],
          "parent": 0,
          "ID": 1,
          "left": 2
        }
      ],
      "parent": null,
      "ID": 0,
      "left": 1
    },
    "feat": {
      "utility": 5.687072656262391e-07,
      "query_shape": [
        [
          "Seq Scan",
          "Hash Join",
          "Sort",
          "Aggregate",
          "Gather Merge"
        ],
        [
          "Seq Scan",
          "Hash Join",
          "Hash",
          "Sort",
          "Aggregate",
          "Gather Merge"
        ],
        [
          "Seq Scan",
          "Hash Join",
          "Hash",
          "Sort",
          "Aggregate",
          "Gather Merge"
        ],
        [
          "Seq Scan",
          "Hash Join",
          "Hash",
          "Sort",
          "Aggregate",
          "Gather Merge"
        ],
        [
          "Seq Scan",
          "Hash",
          "Hash Join",
          "Sort",
          "Aggregate",
          "Gather Merge"
        ],
        [
          "Seq Scan",
          "Hash",
          "Hash Join",
          "Sort",
          "Aggregate",
          "Gather Merge"
        ]
      ],
      "index_shape": [
        "join"
      ],
      "physical_operator": {
        "Hash Join": [
          0.00489713702090669
        ]
      }
    }
  },
  {
    "query": "-- Functional Query Definition\n-- Approved February 1998\n\n\nselect\nnation,\no_year,\nsum(amount) as sum_profit\nfrom\n(\nselect\nn_name as nation,\nextract(year from o_orderdate) as o_year,\nl_extendedprice * (1 - l_discount) - ps_supplycost * l_quantity as amount\nfrom\npart,\nsupplier,\nlineitem,\npartsupp,\norders,\nnation\nwhere\ns_suppkey = l_suppkey\nand ps_suppkey = l_suppkey\nand ps_partkey = l_partkey\nand p_partkey = l_partkey\nand o_orderkey = l_orderkey\nand s_nationkey = n_nationkey\nand p_name like '%tan%'\n) as profit\ngroup by\nnation,\no_year\norder by\nnation,\no_year desc ;\n-- $ID$\n-- TPC-H/TPC-R Returned Item Reporting ",
    "indexes": "supplier.s_nationkey",
    "wo plan est": {
      "Node Type": "Aggregate",
      "Strategy": "Sorted",
      "Partial Mode": "Finalize",
      "Parallel Aware": false,
      "Async Capable": false,
      "Startup Cost": 2187189.13,
      "Total Cost": 2187203.6,
      "Plan Rows": 135,
      "Plan Width": 90,
      "Group Key": [
        "nation.n_name",
        "(EXTRACT(year FROM orders.o_orderdate))"
      ],
      "Plans": [
        {
          "Node Type": "Gather Merge",
          "Parent Relationship": "Outer",
          "Parallel Aware": false,
          "Async Capable": false,
          "Startup Cost": 2187189.13,
          "Total Cost": 2187200.78,
          "Plan Rows": 79,
          "Plan Width": 90,
          "Workers Planned": 1,
          "Plans": [
            {
              "Node Type": "Aggregate",
              "Strategy": "Sorted",
              "Partial Mode": "Partial",
              "Parent Relationship": "Outer",
              "Parallel Aware": false,
              "Async Capable": false,
              "Startup Cost": 2186189.12,
              "Total Cost": 2186191.89,
              "Plan Rows": 79,
              "Plan Width": 90,
              "Group Key": [
                "nation.n_name",
                "(EXTRACT(year FROM orders.o_orderdate))"
              ],
              "Plans": [
                {
                  "Node Type": "Sort",
                  "Parent Relationship": "Outer",
                  "Parallel Aware": false,
                  "Async Capable": false,
                  "Startup Cost": 2186189.12,
                  "Total Cost": 2186189.32,
                  "Plan Rows": 79,
                  "Plan Width": 81,
                  "Sort Key": [
                    "nation.n_name",
                    "(EXTRACT(year FROM orders.o_orderdate)) DESC"
                  ],
                  "Plans": [
                    {
                      "Node Type": "Hash Join",
                      "Parent Relationship": "Outer",
                      "Parallel Aware": false,
                      "Async Capable": false,
                      "Join Type": "Inner",
                      "Startup Cost": 2183160.19,
                      "Total Cost": 2186186.63,
                      "Plan Rows": 79,
                      "Plan Width": 81,
                      "Inner Unique": false,
                      "Hash Cond": "(supplier.s_nationkey = nation.n_nationkey)",
                      "Plans": [
                        {
                          "Node Type": "Hash Join",
                          "Parent Relationship": "Outer",
                          "Parallel Aware": true,
                          "Async Capable": false,
                          "Join Type": "Inner",
                          "Startup Cost": 2183158.63,
                          "Total Cost": 2186183.78,
                          "Plan Rows": 79,
                          "Plan Width": 31,
                          "Inner Unique": false,
                          "Hash Cond": "(supplier.s_suppkey = lineitem.l_suppkey)",
                          "Plans": [
                            {
                              "Node Type": "Seq Scan",
                              "Parent Relationship": "Outer",
                              "Parallel Aware": true,
                              "Async Capable": false,
                              "Relation Name": "supplier",
                              "Alias": "supplier",
                              "Startup Cost": 0.0,
                              "Total Cost": 2804.24,
                              "Plan Rows": 58824,
                              "Plan Width": 8,
                              "parent": 5,
                              "ID": 6
                            },
                            {
                              "Node Type": "Hash",
                              "Parent Relationship": "Inner",
                              "Parallel Aware": true,
                              "Async Capable": false,
                              "Startup Cost": 2183157.93,
                              "Total Cost": 2183157.93,
                              "Plan Rows": 56,
                              "Plan Width": 35,
                              "Plans": [
                                {
                                  "Node Type": "Hash Join",
                                  "Parent Relationship": "Outer",
                                  "Parallel Aware": true,
                                  "Async Capable": false,
                                  "Join Type": "Inner",
                                  "Startup Cost": 1836314.1,
                                  "Total Cost": 2183157.93,
                                  "Plan Rows": 56,
                                  "Plan Width": 35,
                                  "Inner Unique": false,
                                  "Hash Cond": "(orders.o_orderkey = lineitem.l_orderkey)",
                                  "Plans": [
                                    {
                                      "Node Type": "Seq Scan",
                                      "Parent Relationship": "Outer",
                                      "Parallel Aware": true,
                                      "Async Capable": false,
                                      "Relation Name": "orders",
                                      "Alias": "orders",
                                      "Startup Cost": 0.0,
                                      "Total Cost": 323407.71,
                                      "Plan Rows": 6249571,
                                      "Plan Width": 8,
                                      "parent": 8,
                                      "ID": 9
                                    },
                                    {
                                      "Node Type": "Hash",
                                      "Parent Relationship": "Inner",
                                      "Parallel Aware": true,
                                      "Async Capable": false,
                                      "Startup Cost": 1836313.4,
                                      "Total Cost": 1836313.4,
                                      "Plan Rows": 56,
                                      "Plan Width": 35,
                                      "Plans": [
                                        {
                                          "Node Type": "Hash Join",
                                          "Parent Relationship": "Outer",
                                          "Parallel Aware": true,
                                          "Async Capable": false,
                                          "Join Type": "Inner",
                                          "Startup Cost": 1559634.16,
                                          "Total Cost": 1836313.4,
                                          "Plan Rows": 56,
                                          "Plan Width": 35,
                                          "Inner Unique": false,
                                          "Hash Cond": "((partsupp.ps_suppkey = lineitem.l_suppkey) AND (partsupp.ps_partkey = lineitem.l_partkey))",
                                          "Plans": [
                                            {
                                              "Node Type": "Seq Scan",
                                              "Parent Relationship": "Outer",
                                              "Parallel Aware": true,
                                              "Async Capable": false,
                                              "Relation Name": "partsupp",
                                              "Alias": "partsupp",
                                              "Startup Cost": 0.0,
                                              "Total Cost": 207718.58,
                                              "Plan Rows": 3333258,
                                              "Plan Width": 14,
                                              "parent": 11,
                                              "ID": 12
                                            },
                                            {
                                              "Node Type": "Hash",
                                              "Parent Relationship": "Inner",
                                              "Parallel Aware": true,
                                              "Async Capable": false,
                                              "Startup Cost": 1526320.84,
                                              "Total Cost": 1526320.84,
                                              "Plan Rows": 1460288,
                                              "Plan Width": 33,
                                              "Plans": [
                                                {
                                                  "Node Type": "Hash Join",
                                                  "Parent Relationship": "Outer",
                                                  "Parallel Aware": true,
                                                  "Async Capable": false,
                                                  "Join Type": "Inner",
                                                  "Startup Cost": 52009.57,
                                                  "Total Cost": 1526320.84,
                                                  "Plan Rows": 1460288,
                                                  "Plan Width": 33,
                                                  "Inner Unique": false,
                                                  "Hash Cond": "(lineitem.l_partkey = part.p_partkey)",
                                                  "Plans": [
                                                    {
                                                      "Node Type": "Seq Scan",
                                                      "Parent Relationship": "Outer",
                                                      "Parallel Aware": true,
                                                      "Async Capable": false,
                                                      "Relation Name": "lineitem",
                                                      "Alias": "lineitem",
                                                      "Startup Cost": 0.0,
                                                      "Total Cost": 1374494.57,
                                                      "Plan Rows": 24995257,
                                                      "Plan Width": 29,
                                                      "parent": 14,
                                                      "ID": 15
                                                    },
                                                    {
                                                      "Node Type": "Hash",
                                                      "Parent Relationship": "Inner",
                                                      "Parallel Aware": true,
                                                      "Async Capable": false,
                                                      "Startup Cost": 51378.28,
                                                      "Total Cost": 51378.28,
                                                      "Plan Rows": 50503,
                                                      "Plan Width": 4,
                                                      "Plans": [
                                                        {
                                                          "Node Type": "Seq Scan",
                                                          "Parent Relationship": "Outer",
                                                          "Parallel Aware": true,
                                                          "Async Capable": false,
                                                          "Relation Name": "part",
                                                          "Alias": "part",
                                                          "Startup Cost": 0.0,
                                                          "Total Cost": 51378.28,
                                                          "Plan Rows": 50503,
                                                          "Plan Width": 4,
                                                          "Filter": "((p_name)::text ~~ '%tan%'::text)",
                                                          "parent": 16,
                                                          "ID": 17
                                                        }
                                                      ],
                                                      "parent": 14,
                                                      "ID": 16,
                                                      "left": 17
                                                    }
                                                  ],
                                                  "parent": 13,
                                                  "ID": 14,
                                                  "left": 15,
                                                  "right": 16
                                                }
                                              ],
                                              "parent": 11,
                                              "ID": 13,
                                              "left": 14
                                            }
                                          ],
                                          "parent": 10,
                                          "ID": 11,
                                          "left": 12,
                                          "right": 13
                                        }
                                      ],
                                      "parent": 8,
                                      "ID": 10,
                                      "left": 11
                                    }
                                  ],
                                  "parent": 7,
                                  "ID": 8,
                                  "left": 9,
                                  "right": 10
                                }
                              ],
                              "parent": 5,
                              "ID": 7,
                              "left": 8
                            }
                          ],
                          "parent": 4,
                          "ID": 5,
                          "left": 6,
                          "right": 7
                        },
                        {
                          "Node Type": "Hash",
                          "Parent Relationship": "Inner",
                          "Parallel Aware": false,
                          "Async Capable": false,
                          "Startup Cost": 1.25,
                          "Total Cost": 1.25,
                          "Plan Rows": 25,
                          "Plan Width": 30,
                          "Plans": [
                            {
                              "Node Type": "Seq Scan",
                              "Parent Relationship": "Outer",
                              "Parallel Aware": false,
                              "Async Capable": false,
                              "Relation Name": "nation",
                              "Alias": "nation",
                              "Startup Cost": 0.0,
                              "Total Cost": 1.25,
                              "Plan Rows": 25,
                              "Plan Width": 30,
                              "parent": 18,
                              "ID": 19
                            }
                          ],
                          "parent": 4,
                          "ID": 18,
                          "left": 19
                        }
                      ],
                      "parent": 3,
                      "ID": 4,
                      "left": 5,
                      "right": 18
                    }
                  ],
                  "parent": 2,
                  "ID": 3,
                  "left": 4
                }
              ],
              "parent": 1,
              "ID": 2,
              "left": 3
            }
          ],
          "parent": 0,
          "ID": 1,
          "left": 2
        }
      ],
      "parent": null,
      "ID": 0,
      "left": 1
    },
    "feat": {
      "utility": 4.572048070879181e-07,
      "query_shape": [
        [
          "Seq Scan",
          "Hash Join",
          "Sort",
          "Aggregate",
          "Gather Merge"
        ],
        [
          "Seq Scan",
          "Hash Join",
          "Hash",
          "Sort",
          "Aggregate",
          "Gather Merge"
        ],
        [
          "Seq Scan",
          "Hash Join",
          "Hash",
          "Sort",
          "Aggregate",
          "Gather Merge"
        ],
        [
          "Seq Scan",
          "Hash Join",
          "Hash",
          "Sort",
          "Aggregate",
          "Gather Merge"
        ],
        [
          "Seq Scan",
          "Hash",
          "Hash Join",
          "Sort",
          "Aggregate",
          "Gather Merge"
        ],
        [
          "Seq Scan",
          "Hash",
          "Hash Join",
          "Sort",
          "Aggregate",
          "Gather Merge"
        ]
      ],
      "index_shape": [
        "join"
      ],
      "physical_operator": {
        "Hash Join": [
          0.2
        ]
      }
    }
  },
  {
    "query": "-- Functional Query Definition\n-- Approved February 1998\n\n\nselect\nsum(l_extendedprice* (1 - l_discount)) as revenue\nfrom\nlineitem,\npart\nwhere\n(\np_partkey = l_partkey\nand p_brand = 'Brand#41'\nand p_container in ('SM CASE', 'SM BOX', 'SM PACK', 'SM PKG')\nand l_quantity >= 9 and l_quantity <= 9 + 10\nand p_size between 1 and 5\nand l_shipmode in ('AIR', 'AIR REG')\nand l_shipinstruct = 'DELIVER IN PERSON'\n)\nor\n(\np_partkey = l_partkey\nand p_brand = 'Brand#55'\nand p_container in ('MED BAG', 'MED BOX', 'MED PKG', 'MED PACK')\nand l_quantity >= 12 and l_quantity <= 12 + 10\nand p_size between 1 and 10\nand l_shipmode in ('AIR', 'AIR REG')\nand l_shipinstruct = 'DELIVER IN PERSON'\n)\nor\n(\np_partkey = l_partkey\nand p_brand = 'Brand#55'\nand p_container in ('LG CASE', 'LG BOX', 'LG PACK', 'LG PKG')\nand l_quantity >= 21 and l_quantity <= 21 + 10\nand p_size between 1 and 15\nand l_shipmode in ('AIR', 'AIR REG')\nand l_shipinstruct = 'DELIVER IN PERSON'\n) ;\n-- $ID$\n-- TPC-H/TPC-R Potential Part Promotion ",
    "indexes": "lineitem.l_partkey",
    "wo plan est": {
      "Node Type": "Aggregate",
      "Strategy": "Plain",
      "Partial Mode": "Finalize",
      "Parallel Aware": false,
      "Async Capable": false,
      "Startup Cost": 1953622.16,
      "Total Cost": 1953622.17,
      "Plan Rows": 1,
      "Plan Width": 32,
      "Plans": [
        {
          "Node Type": "Gather",
          "Parent Relationship": "Outer",
          "Parallel Aware": false,
          "Async Capable": false,
          "Startup Cost": 1953621.94,
          "Total Cost": 1953622.15,
          "Plan Rows": 2,
          "Plan Width": 32,
          "Workers Planned": 2,
          "Single Copy": false,
          "Plans": [
            {
              "Node Type": "Aggregate",
              "Strategy": "Plain",
              "Partial Mode": "Partial",
              "Parent Relationship": "Outer",
              "Parallel Aware": false,
              "Async Capable": false,
              "Startup Cost": 1952621.94,
              "Total Cost": 1952621.95,
              "Plan Rows": 1,
              "Plan Width": 32,
              "Plans": [
                {
                  "Node Type": "Hash Join",
                  "Parent Relationship": "Outer",
                  "Parallel Aware": true,
                  "Async Capable": false,
                  "Join Type": "Inner",
                  "Startup Cost": 76402.18,
                  "Total Cost": 1952618.49,
                  "Plan Rows": 460,
                  "Plan Width": 12,
                  "Inner Unique": false,
                  "Hash Cond": "(lineitem.l_partkey = part.p_partkey)",
                  "Join Filter": "(((part.p_brand = 'Brand#41'::bpchar) AND (part.p_container = ANY ('{\"SM CASE\",\"SM BOX\",\"SM PACK\",\"SM PKG\"}'::bpchar[])) AND (lineitem.l_quantity >= '9'::numeric) AND (lineitem.l_quantity <= '19'::numeric) AND (part.p_size <= 5)) OR ((part.p_brand = 'Brand#55'::bpchar) AND (part.p_container = ANY ('{\"MED BAG\",\"MED BOX\",\"MED PKG\",\"MED PACK\"}'::bpchar[])) AND (lineitem.l_quantity >= '12'::numeric) AND (lineitem.l_quantity <= '22'::numeric) AND (part.p_size <= 10)) OR ((part.p_brand = 'Brand#55'::bpchar) AND (part.p_container = ANY ('{\"LG CASE\",\"LG BOX\",\"LG PACK\",\"LG PKG\"}'::bpchar[])) AND (lineitem.l_quantity >= '21'::numeric) AND (lineitem.l_quantity <= '31'::numeric) AND (part.p_size <= 15)))",
                  "Plans": [
                    {
                      "Node Type": "Seq Scan",
                      "Parent Relationship": "Outer",
                      "Parallel Aware": true,
                      "Async Capable": false,
                      "Relation Name": "lineitem",
                      "Alias": "lineitem",
                      "Startup Cost": 0.0,
                      "Total Cost": 1874399.7,
                      "Plan Rows": 477725,
                      "Plan Width": 21,
                      "Filter": "((l_shipmode = ANY ('{AIR,\"AIR REG\"}'::bpchar[])) AND (l_shipinstruct = 'DELIVER IN PERSON'::bpchar) AND (((l_quantity >= '9'::numeric) AND (l_quantity <= '19'::numeric)) OR ((l_quantity >= '12'::numeric) AND (l_quantity <= '22'::numeric)) OR ((l_quantity >= '21'::numeric) AND (l_quantity <= '31'::numeric))))",
                      "parent": 3,
                      "ID": 4
                    },
                    {
                      "Node Type": "Hash",
                      "Parent Relationship": "Inner",
                      "Parallel Aware": true,
                      "Async Capable": false,
                      "Startup Cost": 76377.36,
                      "Total Cost": 76377.36,
                      "Plan Rows": 1986,
                      "Plan Width": 30,
                      "Plans": [
                        {
                          "Node Type": "Seq Scan",
                          "Parent Relationship": "Outer",
                          "Parallel Aware": true,
                          "Async Capable": false,
                          "Relation Name": "part",
                          "Alias": "part",
                          "Startup Cost": 0.0,
                          "Total Cost": 76377.36,
                          "Plan Rows": 1986,
                          "Plan Width": 30,
                          "Filter": "((p_size >= 1) AND (((p_brand = 'Brand#41'::bpchar) AND (p_container = ANY ('{\"SM CASE\",\"SM BOX\",\"SM PACK\",\"SM PKG\"}'::bpchar[])) AND (p_size <= 5)) OR ((p_brand = 'Brand#55'::bpchar) AND (p_container = ANY ('{\"MED BAG\",\"MED BOX\",\"MED PKG\",\"MED PACK\"}'::bpchar[])) AND (p_size <= 10)) OR ((p_brand = 'Brand#55'::bpchar) AND (p_container = ANY ('{\"LG CASE\",\"LG BOX\",\"LG PACK\",\"LG PKG\"}'::bpchar[])) AND (p_size <= 15))))",
                          "parent": 5,
                          "ID": 6
                        }
                      ],
                      "parent": 3,
                      "ID": 5,
                      "left": 6
                    }
                  ],
                  "parent": 2,
                  "ID": 3,
                  "left": 4,
                  "right": 5
                }
              ],
              "parent": 1,
              "ID": 2,
              "left": 3
            }
          ],
          "parent": 0,
          "ID": 1,
          "left": 2
        }
      ],
      "parent": null,
      "ID": 0,
      "left": 1
    },
    "feat": {
      "utility": 0.039068034309283246,
      "query_shape": [
        [
          "Seq Scan",
          "Hash Join",
          "Aggregate",
          "Gather"
        ],
        [
          "Seq Scan",
          "Hash",
          "Hash Join",
          "Aggregate",
          "Gather"
        ]
      ],
      "index_shape": [
        "join"
      ],
      "physical_operator": {
        "Hash Join": [
          0.0006963062753623969
        ]
      }
    }
  },
  {
    "query": "-- Functional Query Definition\n-- Approved February 1998\n\n\nselect\nsum(l_extendedprice* (1 - l_discount)) as revenue\nfrom\nlineitem,\npart\nwhere\n(\np_partkey = l_partkey\nand p_brand = 'Brand#41'\nand p_container in ('SM CASE', 'SM BOX', 'SM PACK', 'SM PKG')\nand l_quantity >= 9 and l_quantity <= 9 + 10\nand p_size between 1 and 5\nand l_shipmode in ('AIR', 'AIR REG')\nand l_shipinstruct = 'DELIVER IN PERSON'\n)\nor\n(\np_partkey = l_partkey\nand p_brand = 'Brand#55'\nand p_container in ('MED BAG', 'MED BOX', 'MED PKG', 'MED PACK')\nand l_quantity >= 12 and l_quantity <= 12 + 10\nand p_size between 1 and 10\nand l_shipmode in ('AIR', 'AIR REG')\nand l_shipinstruct = 'DELIVER IN PERSON'\n)\nor\n(\np_partkey = l_partkey\nand p_brand = 'Brand#55'\nand p_container in ('LG CASE', 'LG BOX', 'LG PACK', 'LG PKG')\nand l_quantity >= 21 and l_quantity <= 21 + 10\nand p_size between 1 and 15\nand l_shipmode in ('AIR', 'AIR REG')\nand l_shipinstruct = 'DELIVER IN PERSON'\n) ;\n-- $ID$\n-- TPC-H/TPC-R Potential Part Promotion ",
    "indexes": "lineitem.l_quantity",
    "wo plan est": {
      "Node Type": "Aggregate",
      "Strategy": "Plain",
      "Partial Mode": "Finalize",
      "Parallel Aware": false,
      "Async Capable": false,
      "Startup Cost": 1953622.16,
      "Total Cost": 1953622.17,
      "Plan Rows": 1,
      "Plan Width": 32,
      "Plans": [
        {
          "Node Type": "Gather",
          "Parent Relationship": "Outer",
          "Parallel Aware": false,
          "Async Capable": false,
          "Startup Cost": 1953621.94,
          "Total Cost": 1953622.15,
          "Plan Rows": 2,
          "Plan Width": 32,
          "Workers Planned": 2,
          "Single Copy": false,
          "Plans": [
            {
              "Node Type": "Aggregate",
              "Strategy": "Plain",
              "Partial Mode": "Partial",
              "Parent Relationship": "Outer",
              "Parallel Aware": false,
              "Async Capable": false,
              "Startup Cost": 1952621.94,
              "Total Cost": 1952621.95,
              "Plan Rows": 1,
              "Plan Width": 32,
              "Plans": [
                {
                  "Node Type": "Hash Join",
                  "Parent Relationship": "Outer",
                  "Parallel Aware": true,
                  "Async Capable": false,
                  "Join Type": "Inner",
                  "Startup Cost": 76402.18,
                  "Total Cost": 1952618.49,
                  "Plan Rows": 460,
                  "Plan Width": 12,
                  "Inner Unique": false,
                  "Hash Cond": "(lineitem.l_partkey = part.p_partkey)",
                  "Join Filter": "(((part.p_brand = 'Brand#41'::bpchar) AND (part.p_container = ANY ('{\"SM CASE\",\"SM BOX\",\"SM PACK\",\"SM PKG\"}'::bpchar[])) AND (lineitem.l_quantity >= '9'::numeric) AND (lineitem.l_quantity <= '19'::numeric) AND (part.p_size <= 5)) OR ((part.p_brand = 'Brand#55'::bpchar) AND (part.p_container = ANY ('{\"MED BAG\",\"MED BOX\",\"MED PKG\",\"MED PACK\"}'::bpchar[])) AND (lineitem.l_quantity >= '12'::numeric) AND (lineitem.l_quantity <= '22'::numeric) AND (part.p_size <= 10)) OR ((part.p_brand = 'Brand#55'::bpchar) AND (part.p_container = ANY ('{\"LG CASE\",\"LG BOX\",\"LG PACK\",\"LG PKG\"}'::bpchar[])) AND (lineitem.l_quantity >= '21'::numeric) AND (lineitem.l_quantity <= '31'::numeric) AND (part.p_size <= 15)))",
                  "Plans": [
                    {
                      "Node Type": "Seq Scan",
                      "Parent Relationship": "Outer",
                      "Parallel Aware": true,
                      "Async Capable": false,
                      "Relation Name": "lineitem",
                      "Alias": "lineitem",
                      "Startup Cost": 0.0,
                      "Total Cost": 1874399.7,
                      "Plan Rows": 477725,
                      "Plan Width": 21,
                      "Filter": "((l_shipmode = ANY ('{AIR,\"AIR REG\"}'::bpchar[])) AND (l_shipinstruct = 'DELIVER IN PERSON'::bpchar) AND (((l_quantity >= '9'::numeric) AND (l_quantity <= '19'::numeric)) OR ((l_quantity >= '12'::numeric) AND (l_quantity <= '22'::numeric)) OR ((l_quantity >= '21'::numeric) AND (l_quantity <= '31'::numeric))))",
                      "parent": 3,
                      "ID": 4
                    },
                    {
                      "Node Type": "Hash",
                      "Parent Relationship": "Inner",
                      "Parallel Aware": true,
                      "Async Capable": false,
                      "Startup Cost": 76377.36,
                      "Total Cost": 76377.36,
                      "Plan Rows": 1986,
                      "Plan Width": 30,
                      "Plans": [
                        {
                          "Node Type": "Seq Scan",
                          "Parent Relationship": "Outer",
                          "Parallel Aware": true,
                          "Async Capable": false,
                          "Relation Name": "part",
                          "Alias": "part",
                          "Startup Cost": 0.0,
                          "Total Cost": 76377.36,
                          "Plan Rows": 1986,
                          "Plan Width": 30,
                          "Filter": "((p_size >= 1) AND (((p_brand = 'Brand#41'::bpchar) AND (p_container = ANY ('{\"SM CASE\",\"SM BOX\",\"SM PACK\",\"SM PKG\"}'::bpchar[])) AND (p_size <= 5)) OR ((p_brand = 'Brand#55'::bpchar) AND (p_container = ANY ('{\"MED BAG\",\"MED BOX\",\"MED PKG\",\"MED PACK\"}'::bpchar[])) AND (p_size <= 10)) OR ((p_brand = 'Brand#55'::bpchar) AND (p_container = ANY ('{\"LG CASE\",\"LG BOX\",\"LG PACK\",\"LG PKG\"}'::bpchar[])) AND (p_size <= 15))))",
                          "parent": 5,
                          "ID": 6
                        }
                      ],
                      "parent": 3,
                      "ID": 5,
                      "left": 6
                    }
                  ],
                  "parent": 2,
                  "ID": 3,
                  "left": 4,
                  "right": 5
                }
              ],
              "parent": 1,
              "ID": 2,
              "left": 3
            }
          ],
          "parent": 0,
          "ID": 1,
          "left": 2
        }
      ],
      "parent": null,
      "ID": 0,
      "left": 1
    },
    "feat": {
      "utility": 0.9908772438600866,
      "query_shape": [
        [
          "Seq Scan",
          "Hash Join",
          "Aggregate",
          "Gather"
        ],
        [
          "Seq Scan",
          "Hash",
          "Hash Join",
          "Aggregate",
          "Gather"
        ]
      ],
      "index_shape": [
        "join"
      ],
      "physical_operator": {
        "Seq Scan": [
          0.00796208333333337
        ],
        "Hash Join": [
          0.0006963062753623969
        ]
      }
    }
  },
  {
    "query": "-- Functional Query Definition\n-- Approved February 1998\n\n\nselect\nsum(l_extendedprice* (1 - l_discount)) as revenue\nfrom\nlineitem,\npart\nwhere\n(\np_partkey = l_partkey\nand p_brand = 'Brand#41'\nand p_container in ('SM CASE', 'SM BOX', 'SM PACK', 'SM PKG')\nand l_quantity >= 9 and l_quantity <= 9 + 10\nand p_size between 1 and 5\nand l_shipmode in ('AIR', 'AIR REG')\nand l_shipinstruct = 'DELIVER IN PERSON'\n)\nor\n(\np_partkey = l_partkey\nand p_brand = 'Brand#55'\nand p_container in ('MED BAG', 'MED BOX', 'MED PKG', 'MED PACK')\nand l_quantity >= 12 and l_quantity <= 12 + 10\nand p_size between 1 and 10\nand l_shipmode in ('AIR', 'AIR REG')\nand l_shipinstruct = 'DELIVER IN PERSON'\n)\nor\n(\np_partkey = l_partkey\nand p_brand = 'Brand#55'\nand p_container in ('LG CASE', 'LG BOX', 'LG PACK', 'LG PKG')\nand l_quantity >= 21 and l_quantity <= 21 + 10\nand p_size between 1 and 15\nand l_shipmode in ('AIR', 'AIR REG')\nand l_shipinstruct = 'DELIVER IN PERSON'\n) ;\n-- $ID$\n-- TPC-H/TPC-R Potential Part Promotion ",
    "indexes": "lineitem.l_extendedprice",
    "wo plan est": {
      "Node Type": "Aggregate",
      "Strategy": "Plain",
      "Partial Mode": "Finalize",
      "Parallel Aware": false,
      "Async Capable": false,
      "Startup Cost": 1953622.16,
      "Total Cost": 1953622.17,
      "Plan Rows": 1,
      "Plan Width": 32,
      "Plans": [
        {
          "Node Type": "Gather",
          "Parent Relationship": "Outer",
          "Parallel Aware": false,
          "Async Capable": false,
          "Startup Cost": 1953621.94,
          "Total Cost": 1953622.15,
          "Plan Rows": 2,
          "Plan Width": 32,
          "Workers Planned": 2,
          "Single Copy": false,
          "Plans": [
            {
              "Node Type": "Aggregate",
              "Strategy": "Plain",
              "Partial Mode": "Partial",
              "Parent Relationship": "Outer",
              "Parallel Aware": false,
              "Async Capable": false,
              "Startup Cost": 1952621.94,
              "Total Cost": 1952621.95,
              "Plan Rows": 1,
              "Plan Width": 32,
              "Plans": [
                {
                  "Node Type": "Hash Join",
                  "Parent Relationship": "Outer",
                  "Parallel Aware": true,
                  "Async Capable": false,
                  "Join Type": "Inner",
                  "Startup Cost": 76402.18,
                  "Total Cost": 1952618.49,
                  "Plan Rows": 460,
                  "Plan Width": 12,
                  "Inner Unique": false,
                  "Hash Cond": "(lineitem.l_partkey = part.p_partkey)",
                  "Join Filter": "(((part.p_brand = 'Brand#41'::bpchar) AND (part.p_container = ANY ('{\"SM CASE\",\"SM BOX\",\"SM PACK\",\"SM PKG\"}'::bpchar[])) AND (lineitem.l_quantity >= '9'::numeric) AND (lineitem.l_quantity <= '19'::numeric) AND (part.p_size <= 5)) OR ((part.p_brand = 'Brand#55'::bpchar) AND (part.p_container = ANY ('{\"MED BAG\",\"MED BOX\",\"MED PKG\",\"MED PACK\"}'::bpchar[])) AND (lineitem.l_quantity >= '12'::numeric) AND (lineitem.l_quantity <= '22'::numeric) AND (part.p_size <= 10)) OR ((part.p_brand = 'Brand#55'::bpchar) AND (part.p_container = ANY ('{\"LG CASE\",\"LG BOX\",\"LG PACK\",\"LG PKG\"}'::bpchar[])) AND (lineitem.l_quantity >= '21'::numeric) AND (lineitem.l_quantity <= '31'::numeric) AND (part.p_size <= 15)))",
                  "Plans": [
                    {
                      "Node Type": "Seq Scan",
                      "Parent Relationship": "Outer",
                      "Parallel Aware": true,
                      "Async Capable": false,
                      "Relation Name": "lineitem",
                      "Alias": "lineitem",
                      "Startup Cost": 0.0,
                      "Total Cost": 1874399.7,
                      "Plan Rows": 477725,
                      "Plan Width": 21,
                      "Filter": "((l_shipmode = ANY ('{AIR,\"AIR REG\"}'::bpchar[])) AND (l_shipinstruct = 'DELIVER IN PERSON'::bpchar) AND (((l_quantity >= '9'::numeric) AND (l_quantity <= '19'::numeric)) OR ((l_quantity >= '12'::numeric) AND (l_quantity <= '22'::numeric)) OR ((l_quantity >= '21'::numeric) AND (l_quantity <= '31'::numeric))))",
                      "parent": 3,
                      "ID": 4
                    },
                    {
                      "Node Type": "Hash",
                      "Parent Relationship": "Inner",
                      "Parallel Aware": true,
                      "Async Capable": false,
                      "Startup Cost": 76377.36,
                      "Total Cost": 76377.36,
                      "Plan Rows": 1986,
                      "Plan Width": 30,
                      "Plans": [
                        {
                          "Node Type": "Seq Scan",
                          "Parent Relationship": "Outer",
                          "Parallel Aware": true,
                          "Async Capable": false,
                          "Relation Name": "part",
                          "Alias": "part",
                          "Startup Cost": 0.0,
                          "Total Cost": 76377.36,
                          "Plan Rows": 1986,
                          "Plan Width": 30,
                          "Filter": "((p_size >= 1) AND (((p_brand = 'Brand#41'::bpchar) AND (p_container = ANY ('{\"SM CASE\",\"SM BOX\",\"SM PACK\",\"SM PKG\"}'::bpchar[])) AND (p_size <= 5)) OR ((p_brand = 'Brand#55'::bpchar) AND (p_container = ANY ('{\"MED BAG\",\"MED BOX\",\"MED PKG\",\"MED PACK\"}'::bpchar[])) AND (p_size <= 10)) OR ((p_brand = 'Brand#55'::bpchar) AND (p_container = ANY ('{\"LG CASE\",\"LG BOX\",\"LG PACK\",\"LG PKG\"}'::bpchar[])) AND (p_size <= 15))))",
                          "parent": 5,
                          "ID": 6
                        }
                      ],
                      "parent": 3,
                      "ID": 5,
                      "left": 6
                    }
                  ],
                  "parent": 2,
                  "ID": 3,
                  "left": 4,
                  "right": 5
                }
              ],
              "parent": 1,
              "ID": 2,
              "left": 3
            }
          ],
          "parent": 0,
          "ID": 1,
          "left": 2
        }
      ],
      "parent": null,
      "ID": 0,
      "left": 1
    },
    "feat": {
      "utility": 0.0,
      "query_shape": [
        [
          "Seq Scan",
          "Hash Join",
          "Aggregate",
          "Gather"
        ],
        [
          "Seq Scan",
          "Hash",
          "Hash Join",
          "Aggregate",
          "Gather"
        ]
      ],
      "index_shape": [],
      "physical_operator": {}
    }
  },
  {
    "query": "-- Functional Query Definition\n-- Approved February 1998\n\n\nselect\nsum(l_extendedprice* (1 - l_discount)) as revenue\nfrom\nlineitem,\npart\nwhere\n(\np_partkey = l_partkey\nand p_brand = 'Brand#41'\nand p_container in ('SM CASE', 'SM BOX', 'SM PACK', 'SM PKG')\nand l_quantity >= 9 and l_quantity <= 9 + 10\nand p_size between 1 and 5\nand l_shipmode in ('AIR', 'AIR REG')\nand l_shipinstruct = 'DELIVER IN PERSON'\n)\nor\n(\np_partkey = l_partkey\nand p_brand = 'Brand#55'\nand p_container in ('MED BAG', 'MED BOX', 'MED PKG', 'MED PACK')\nand l_quantity >= 12 and l_quantity <= 12 + 10\nand p_size between 1 and 10\nand l_shipmode in ('AIR', 'AIR REG')\nand l_shipinstruct = 'DELIVER IN PERSON'\n)\nor\n(\np_partkey = l_partkey\nand p_brand = 'Brand#55'\nand p_container in ('LG CASE', 'LG BOX', 'LG PACK', 'LG PKG')\nand l_quantity >= 21 and l_quantity <= 21 + 10\nand p_size between 1 and 15\nand l_shipmode in ('AIR', 'AIR REG')\nand l_shipinstruct = 'DELIVER IN PERSON'\n) ;\n-- $ID$\n-- TPC-H/TPC-R Potential Part Promotion ",
    "indexes": "lineitem.l_discount",
    "wo plan est": {
      "Node Type": "Aggregate",
      "Strategy": "Plain",
      "Partial Mode": "Finalize",
      "Parallel Aware": false,
      "Async Capable": false,
      "Startup Cost": 1953622.16,
      "Total Cost": 1953622.17,
      "Plan Rows": 1,
      "Plan Width": 32,
      "Plans": [
        {
          "Node Type": "Gather",
          "Parent Relationship": "Outer",
          "Parallel Aware": false,
          "Async Capable": false,
          "Startup Cost": 1953621.94,
          "Total Cost": 1953622.15,
          "Plan Rows": 2,
          "Plan Width": 32,
          "Workers Planned": 2,
          "Single Copy": false,
          "Plans": [
            {
              "Node Type": "Aggregate",
              "Strategy": "Plain",
              "Partial Mode": "Partial",
              "Parent Relationship": "Outer",
              "Parallel Aware": false,
              "Async Capable": false,
              "Startup Cost": 1952621.94,
              "Total Cost": 1952621.95,
              "Plan Rows": 1,
              "Plan Width": 32,
              "Plans": [
                {
                  "Node Type": "Hash Join",
                  "Parent Relationship": "Outer",
                  "Parallel Aware": true,
                  "Async Capable": false,
                  "Join Type": "Inner",
                  "Startup Cost": 76402.18,
                  "Total Cost": 1952618.49,
                  "Plan Rows": 460,
                  "Plan Width": 12,
                  "Inner Unique": false,
                  "Hash Cond": "(lineitem.l_partkey = part.p_partkey)",
                  "Join Filter": "(((part.p_brand = 'Brand#41'::bpchar) AND (part.p_container = ANY ('{\"SM CASE\",\"SM BOX\",\"SM PACK\",\"SM PKG\"}'::bpchar[])) AND (lineitem.l_quantity >= '9'::numeric) AND (lineitem.l_quantity <= '19'::numeric) AND (part.p_size <= 5)) OR ((part.p_brand = 'Brand#55'::bpchar) AND (part.p_container = ANY ('{\"MED BAG\",\"MED BOX\",\"MED PKG\",\"MED PACK\"}'::bpchar[])) AND (lineitem.l_quantity >= '12'::numeric) AND (lineitem.l_quantity <= '22'::numeric) AND (part.p_size <= 10)) OR ((part.p_brand = 'Brand#55'::bpchar) AND (part.p_container = ANY ('{\"LG CASE\",\"LG BOX\",\"LG PACK\",\"LG PKG\"}'::bpchar[])) AND (lineitem.l_quantity >= '21'::numeric) AND (lineitem.l_quantity <= '31'::numeric) AND (part.p_size <= 15)))",
                  "Plans": [
                    {
                      "Node Type": "Seq Scan",
                      "Parent Relationship": "Outer",
                      "Parallel Aware": true,
                      "Async Capable": false,
                      "Relation Name": "lineitem",
                      "Alias": "lineitem",
                      "Startup Cost": 0.0,
                      "Total Cost": 1874399.7,
                      "Plan Rows": 477725,
                      "Plan Width": 21,
                      "Filter": "((l_shipmode = ANY ('{AIR,\"AIR REG\"}'::bpchar[])) AND (l_shipinstruct = 'DELIVER IN PERSON'::bpchar) AND (((l_quantity >= '9'::numeric) AND (l_quantity <= '19'::numeric)) OR ((l_quantity >= '12'::numeric) AND (l_quantity <= '22'::numeric)) OR ((l_quantity >= '21'::numeric) AND (l_quantity <= '31'::numeric))))",
                      "parent": 3,
                      "ID": 4
                    },
                    {
                      "Node Type": "Hash",
                      "Parent Relationship": "Inner",
                      "Parallel Aware": true,
                      "Async Capable": false,
                      "Startup Cost": 76377.36,
                      "Total Cost": 76377.36,
                      "Plan Rows": 1986,
                      "Plan Width": 30,
                      "Plans": [
                        {
                          "Node Type": "Seq Scan",
                          "Parent Relationship": "Outer",
                          "Parallel Aware": true,
                          "Async Capable": false,
                          "Relation Name": "part",
                          "Alias": "part",
                          "Startup Cost": 0.0,
                          "Total Cost": 76377.36,
                          "Plan Rows": 1986,
                          "Plan Width": 30,
                          "Filter": "((p_size >= 1) AND (((p_brand = 'Brand#41'::bpchar) AND (p_container = ANY ('{\"SM CASE\",\"SM BOX\",\"SM PACK\",\"SM PKG\"}'::bpchar[])) AND (p_size <= 5)) OR ((p_brand = 'Brand#55'::bpchar) AND (p_container = ANY ('{\"MED BAG\",\"MED BOX\",\"MED PKG\",\"MED PACK\"}'::bpchar[])) AND (p_size <= 10)) OR ((p_brand = 'Brand#55'::bpchar) AND (p_container = ANY ('{\"LG CASE\",\"LG BOX\",\"LG PACK\",\"LG PKG\"}'::bpchar[])) AND (p_size <= 15))))",
                          "parent": 5,
                          "ID": 6
                        }
                      ],
                      "parent": 3,
                      "ID": 5,
                      "left": 6
                    }
                  ],
                  "parent": 2,
                  "ID": 3,
                  "left": 4,
                  "right": 5
                }
              ],
              "parent": 1,
              "ID": 2,
              "left": 3
            }
          ],
          "parent": 0,
          "ID": 1,
          "left": 2
        }
      ],
      "parent": null,
      "ID": 0,
      "left": 1
    },
    "feat": {
      "utility": 0.0,
      "query_shape": [
        [
          "Seq Scan",
          "Hash Join",
          "Aggregate",
          "Gather"
        ],
        [
          "Seq Scan",
          "Hash",
          "Hash Join",
          "Aggregate",
          "Gather"
        ]
      ],
      "index_shape": [],
      "physical_operator": {}
    }
  },
  {
    "query": "-- Functional Query Definition\n-- Approved February 1998\n\n\nselect\nsum(l_extendedprice* (1 - l_discount)) as revenue\nfrom\nlineitem,\npart\nwhere\n(\np_partkey = l_partkey\nand p_brand = 'Brand#41'\nand p_container in ('SM CASE', 'SM BOX', 'SM PACK', 'SM PKG')\nand l_quantity >= 9 and l_quantity <= 9 + 10\nand p_size between 1 and 5\nand l_shipmode in ('AIR', 'AIR REG')\nand l_shipinstruct = 'DELIVER IN PERSON'\n)\nor\n(\np_partkey = l_partkey\nand p_brand = 'Brand#55'\nand p_container in ('MED BAG', 'MED BOX', 'MED PKG', 'MED PACK')\nand l_quantity >= 12 and l_quantity <= 12 + 10\nand p_size between 1 and 10\nand l_shipmode in ('AIR', 'AIR REG')\nand l_shipinstruct = 'DELIVER IN PERSON'\n)\nor\n(\np_partkey = l_partkey\nand p_brand = 'Brand#55'\nand p_container in ('LG CASE', 'LG BOX', 'LG PACK', 'LG PKG')\nand l_quantity >= 21 and l_quantity <= 21 + 10\nand p_size between 1 and 15\nand l_shipmode in ('AIR', 'AIR REG')\nand l_shipinstruct = 'DELIVER IN PERSON'\n) ;\n-- $ID$\n-- TPC-H/TPC-R Potential Part Promotion ",
    "indexes": "lineitem.l_shipinstruct",
    "wo plan est": {
      "Node Type": "Aggregate",
      "Strategy": "Plain",
      "Partial Mode": "Finalize",
      "Parallel Aware": false,
      "Async Capable": false,
      "Startup Cost": 1953622.16,
      "Total Cost": 1953622.17,
      "Plan Rows": 1,
      "Plan Width": 32,
      "Plans": [
        {
          "Node Type": "Gather",
          "Parent Relationship": "Outer",
          "Parallel Aware": false,
          "Async Capable": false,
          "Startup Cost": 1953621.94,
          "Total Cost": 1953622.15,
          "Plan Rows": 2,
          "Plan Width": 32,
          "Workers Planned": 2,
          "Single Copy": false,
          "Plans": [
            {
              "Node Type": "Aggregate",
              "Strategy": "Plain",
              "Partial Mode": "Partial",
              "Parent Relationship": "Outer",
              "Parallel Aware": false,
              "Async Capable": false,
              "Startup Cost": 1952621.94,
              "Total Cost": 1952621.95,
              "Plan Rows": 1,
              "Plan Width": 32,
              "Plans": [
                {
                  "Node Type": "Hash Join",
                  "Parent Relationship": "Outer",
                  "Parallel Aware": true,
                  "Async Capable": false,
                  "Join Type": "Inner",
                  "Startup Cost": 76402.18,
                  "Total Cost": 1952618.49,
                  "Plan Rows": 460,
                  "Plan Width": 12,
                  "Inner Unique": false,
                  "Hash Cond": "(lineitem.l_partkey = part.p_partkey)",
                  "Join Filter": "(((part.p_brand = 'Brand#41'::bpchar) AND (part.p_container = ANY ('{\"SM CASE\",\"SM BOX\",\"SM PACK\",\"SM PKG\"}'::bpchar[])) AND (lineitem.l_quantity >= '9'::numeric) AND (lineitem.l_quantity <= '19'::numeric) AND (part.p_size <= 5)) OR ((part.p_brand = 'Brand#55'::bpchar) AND (part.p_container = ANY ('{\"MED BAG\",\"MED BOX\",\"MED PKG\",\"MED PACK\"}'::bpchar[])) AND (lineitem.l_quantity >= '12'::numeric) AND (lineitem.l_quantity <= '22'::numeric) AND (part.p_size <= 10)) OR ((part.p_brand = 'Brand#55'::bpchar) AND (part.p_container = ANY ('{\"LG CASE\",\"LG BOX\",\"LG PACK\",\"LG PKG\"}'::bpchar[])) AND (lineitem.l_quantity >= '21'::numeric) AND (lineitem.l_quantity <= '31'::numeric) AND (part.p_size <= 15)))",
                  "Plans": [
                    {
                      "Node Type": "Seq Scan",
                      "Parent Relationship": "Outer",
                      "Parallel Aware": true,
                      "Async Capable": false,
                      "Relation Name": "lineitem",
                      "Alias": "lineitem",
                      "Startup Cost": 0.0,
                      "Total Cost": 1874399.7,
                      "Plan Rows": 477725,
                      "Plan Width": 21,
                      "Filter": "((l_shipmode = ANY ('{AIR,\"AIR REG\"}'::bpchar[])) AND (l_shipinstruct = 'DELIVER IN PERSON'::bpchar) AND (((l_quantity >= '9'::numeric) AND (l_quantity <= '19'::numeric)) OR ((l_quantity >= '12'::numeric) AND (l_quantity <= '22'::numeric)) OR ((l_quantity >= '21'::numeric) AND (l_quantity <= '31'::numeric))))",
                      "parent": 3,
                      "ID": 4
                    },
                    {
                      "Node Type": "Hash",
                      "Parent Relationship": "Inner",
                      "Parallel Aware": true,
                      "Async Capable": false,
                      "Startup Cost": 76377.36,
                      "Total Cost": 76377.36,
                      "Plan Rows": 1986,
                      "Plan Width": 30,
                      "Plans": [
                        {
                          "Node Type": "Seq Scan",
                          "Parent Relationship": "Outer",
                          "Parallel Aware": true,
                          "Async Capable": false,
                          "Relation Name": "part",
                          "Alias": "part",
                          "Startup Cost": 0.0,
                          "Total Cost": 76377.36,
                          "Plan Rows": 1986,
                          "Plan Width": 30,
                          "Filter": "((p_size >= 1) AND (((p_brand = 'Brand#41'::bpchar) AND (p_container = ANY ('{\"SM CASE\",\"SM BOX\",\"SM PACK\",\"SM PKG\"}'::bpchar[])) AND (p_size <= 5)) OR ((p_brand = 'Brand#55'::bpchar) AND (p_container = ANY ('{\"MED BAG\",\"MED BOX\",\"MED PKG\",\"MED PACK\"}'::bpchar[])) AND (p_size <= 10)) OR ((p_brand = 'Brand#55'::bpchar) AND (p_container = ANY ('{\"LG CASE\",\"LG BOX\",\"LG PACK\",\"LG PKG\"}'::bpchar[])) AND (p_size <= 15))))",
                          "parent": 5,
                          "ID": 6
                        }
                      ],
                      "parent": 3,
                      "ID": 5,
                      "left": 6
                    }
                  ],
                  "parent": 2,
                  "ID": 3,
                  "left": 4,
                  "right": 5
                }
              ],
              "parent": 1,
              "ID": 2,
              "left": 3
            }
          ],
          "parent": 0,
          "ID": 1,
          "left": 2
        }
      ],
      "parent": null,
      "ID": 0,
      "left": 1
    },
    "feat": {
      "utility": 0.9518092095508033,
      "query_shape": [
        [
          "Seq Scan",
          "Hash Join",
          "Aggregate",
          "Gather"
        ],
        [
          "Seq Scan",
          "Hash",
          "Hash Join",
          "Aggregate",
          "Gather"
        ]
      ],
      "index_shape": [
        "selection"
      ],
      "physical_operator": {
        "Seq Scan": [
          0.00796208333333337
        ]
      }
    }
  },
  {
    "query": "-- Functional Query Definition\n-- Approved February 1998\n\n\nselect\nsum(l_extendedprice* (1 - l_discount)) as revenue\nfrom\nlineitem,\npart\nwhere\n(\np_partkey = l_partkey\nand p_brand = 'Brand#41'\nand p_container in ('SM CASE', 'SM BOX', 'SM PACK', 'SM PKG')\nand l_quantity >= 9 and l_quantity <= 9 + 10\nand p_size between 1 and 5\nand l_shipmode in ('AIR', 'AIR REG')\nand l_shipinstruct = 'DELIVER IN PERSON'\n)\nor\n(\np_partkey = l_partkey\nand p_brand = 'Brand#55'\nand p_container in ('MED BAG', 'MED BOX', 'MED PKG', 'MED PACK')\nand l_quantity >= 12 and l_quantity <= 12 + 10\nand p_size between 1 and 10\nand l_shipmode in ('AIR', 'AIR REG')\nand l_shipinstruct = 'DELIVER IN PERSON'\n)\nor\n(\np_partkey = l_partkey\nand p_brand = 'Brand#55'\nand p_container in ('LG CASE', 'LG BOX', 'LG PACK', 'LG PKG')\nand l_quantity >= 21 and l_quantity <= 21 + 10\nand p_size between 1 and 15\nand l_shipmode in ('AIR', 'AIR REG')\nand l_shipinstruct = 'DELIVER IN PERSON'\n) ;\n-- $ID$\n-- TPC-H/TPC-R Potential Part Promotion ",
    "indexes": "lineitem.l_shipmode",
    "wo plan est": {
      "Node Type": "Aggregate",
      "Strategy": "Plain",
      "Partial Mode": "Finalize",
      "Parallel Aware": false,
      "Async Capable": false,
      "Startup Cost": 1953622.16,
      "Total Cost": 1953622.17,
      "Plan Rows": 1,
      "Plan Width": 32,
      "Plans": [
        {
          "Node Type": "Gather",
          "Parent Relationship": "Outer",
          "Parallel Aware": false,
          "Async Capable": false,
          "Startup Cost": 1953621.94,
          "Total Cost": 1953622.15,
          "Plan Rows": 2,
          "Plan Width": 32,
          "Workers Planned": 2,
          "Single Copy": false,
          "Plans": [
            {
              "Node Type": "Aggregate",
              "Strategy": "Plain",
              "Partial Mode": "Partial",
              "Parent Relationship": "Outer",
              "Parallel Aware": false,
              "Async Capable": false,
              "Startup Cost": 1952621.94,
              "Total Cost": 1952621.95,
              "Plan Rows": 1,
              "Plan Width": 32,
              "Plans": [
                {
                  "Node Type": "Hash Join",
                  "Parent Relationship": "Outer",
                  "Parallel Aware": true,
                  "Async Capable": false,
                  "Join Type": "Inner",
                  "Startup Cost": 76402.18,
                  "Total Cost": 1952618.49,
                  "Plan Rows": 460,
                  "Plan Width": 12,
                  "Inner Unique": false,
                  "Hash Cond": "(lineitem.l_partkey = part.p_partkey)",
                  "Join Filter": "(((part.p_brand = 'Brand#41'::bpchar) AND (part.p_container = ANY ('{\"SM CASE\",\"SM BOX\",\"SM PACK\",\"SM PKG\"}'::bpchar[])) AND (lineitem.l_quantity >= '9'::numeric) AND (lineitem.l_quantity <= '19'::numeric) AND (part.p_size <= 5)) OR ((part.p_brand = 'Brand#55'::bpchar) AND (part.p_container = ANY ('{\"MED BAG\",\"MED BOX\",\"MED PKG\",\"MED PACK\"}'::bpchar[])) AND (lineitem.l_quantity >= '12'::numeric) AND (lineitem.l_quantity <= '22'::numeric) AND (part.p_size <= 10)) OR ((part.p_brand = 'Brand#55'::bpchar) AND (part.p_container = ANY ('{\"LG CASE\",\"LG BOX\",\"LG PACK\",\"LG PKG\"}'::bpchar[])) AND (lineitem.l_quantity >= '21'::numeric) AND (lineitem.l_quantity <= '31'::numeric) AND (part.p_size <= 15)))",
                  "Plans": [
                    {
                      "Node Type": "Seq Scan",
                      "Parent Relationship": "Outer",
                      "Parallel Aware": true,
                      "Async Capable": false,
                      "Relation Name": "lineitem",
                      "Alias": "lineitem",
                      "Startup Cost": 0.0,
                      "Total Cost": 1874399.7,
                      "Plan Rows": 477725,
                      "Plan Width": 21,
                      "Filter": "((l_shipmode = ANY ('{AIR,\"AIR REG\"}'::bpchar[])) AND (l_shipinstruct = 'DELIVER IN PERSON'::bpchar) AND (((l_quantity >= '9'::numeric) AND (l_quantity <= '19'::numeric)) OR ((l_quantity >= '12'::numeric) AND (l_quantity <= '22'::numeric)) OR ((l_quantity >= '21'::numeric) AND (l_quantity <= '31'::numeric))))",
                      "parent": 3,
                      "ID": 4
                    },
                    {
                      "Node Type": "Hash",
                      "Parent Relationship": "Inner",
                      "Parallel Aware": true,
                      "Async Capable": false,
                      "Startup Cost": 76377.36,
                      "Total Cost": 76377.36,
                      "Plan Rows": 1986,
                      "Plan Width": 30,
                      "Plans": [
                        {
                          "Node Type": "Seq Scan",
                          "Parent Relationship": "Outer",
                          "Parallel Aware": true,
                          "Async Capable": false,
                          "Relation Name": "part",
                          "Alias": "part",
                          "Startup Cost": 0.0,
                          "Total Cost": 76377.36,
                          "Plan Rows": 1986,
                          "Plan Width": 30,
                          "Filter": "((p_size >= 1) AND (((p_brand = 'Brand#41'::bpchar) AND (p_container = ANY ('{\"SM CASE\",\"SM BOX\",\"SM PACK\",\"SM PKG\"}'::bpchar[])) AND (p_size <= 5)) OR ((p_brand = 'Brand#55'::bpchar) AND (p_container = ANY ('{\"MED BAG\",\"MED BOX\",\"MED PKG\",\"MED PACK\"}'::bpchar[])) AND (p_size <= 10)) OR ((p_brand = 'Brand#55'::bpchar) AND (p_container = ANY ('{\"LG CASE\",\"LG BOX\",\"LG PACK\",\"LG PKG\"}'::bpchar[])) AND (p_size <= 15))))",
                          "parent": 5,
                          "ID": 6
                        }
                      ],
                      "parent": 3,
                      "ID": 5,
                      "left": 6
                    }
                  ],
                  "parent": 2,
                  "ID": 3,
                  "left": 4,
                  "right": 5
                }
              ],
              "parent": 1,
              "ID": 2,
              "left": 3
            }
          ],
          "parent": 0,
          "ID": 1,
          "left": 2
        }
      ],
      "parent": null,
      "ID": 0,
      "left": 1
    },
    "feat": {
      "utility": 0.9518092095508033,
      "query_shape": [
        [
          "Seq Scan",
          "Hash Join",
          "Aggregate",
          "Gather"
        ],
        [
          "Seq Scan",
          "Hash",
          "Hash Join",
          "Aggregate",
          "Gather"
        ]
      ],
      "index_shape": [
        "selection"
      ],
      "physical_operator": {
        "Seq Scan": [
          0.00796208333333337
        ]
      }
    }
  },
  {
    "query": "-- Functional Query Definition\n-- Approved February 1998\n\n\nselect\nsum(l_extendedprice* (1 - l_discount)) as revenue\nfrom\nlineitem,\npart\nwhere\n(\np_partkey = l_partkey\nand p_brand = 'Brand#41'\nand p_container in ('SM CASE', 'SM BOX', 'SM PACK', 'SM PKG')\nand l_quantity >= 9 and l_quantity <= 9 + 10\nand p_size between 1 and 5\nand l_shipmode in ('AIR', 'AIR REG')\nand l_shipinstruct = 'DELIVER IN PERSON'\n)\nor\n(\np_partkey = l_partkey\nand p_brand = 'Brand#55'\nand p_container in ('MED BAG', 'MED BOX', 'MED PKG', 'MED PACK')\nand l_quantity >= 12 and l_quantity <= 12 + 10\nand p_size between 1 and 10\nand l_shipmode in ('AIR', 'AIR REG')\nand l_shipinstruct = 'DELIVER IN PERSON'\n)\nor\n(\np_partkey = l_partkey\nand p_brand = 'Brand#55'\nand p_container in ('LG CASE', 'LG BOX', 'LG PACK', 'LG PKG')\nand l_quantity >= 21 and l_quantity <= 21 + 10\nand p_size between 1 and 15\nand l_shipmode in ('AIR', 'AIR REG')\nand l_shipinstruct = 'DELIVER IN PERSON'\n) ;\n-- $ID$\n-- TPC-H/TPC-R Potential Part Promotion ",
    "indexes": "part.p_partkey",
    "wo plan est": {
      "Node Type": "Aggregate",
      "Strategy": "Plain",
      "Partial Mode": "Finalize",
      "Parallel Aware": false,
      "Async Capable": false,
      "Startup Cost": 1953622.16,
      "Total Cost": 1953622.17,
      "Plan Rows": 1,
      "Plan Width": 32,
      "Plans": [
        {
          "Node Type": "Gather",
          "Parent Relationship": "Outer",
          "Parallel Aware": false,
          "Async Capable": false,
          "Startup Cost": 1953621.94,
          "Total Cost": 1953622.15,
          "Plan Rows": 2,
          "Plan Width": 32,
          "Workers Planned": 2,
          "Single Copy": false,
          "Plans": [
            {
              "Node Type": "Aggregate",
              "Strategy": "Plain",
              "Partial Mode": "Partial",
              "Parent Relationship": "Outer",
              "Parallel Aware": false,
              "Async Capable": false,
              "Startup Cost": 1952621.94,
              "Total Cost": 1952621.95,
              "Plan Rows": 1,
              "Plan Width": 32,
              "Plans": [
                {
                  "Node Type": "Hash Join",
                  "Parent Relationship": "Outer",
                  "Parallel Aware": true,
                  "Async Capable": false,
                  "Join Type": "Inner",
                  "Startup Cost": 76402.18,
                  "Total Cost": 1952618.49,
                  "Plan Rows": 460,
                  "Plan Width": 12,
                  "Inner Unique": false,
                  "Hash Cond": "(lineitem.l_partkey = part.p_partkey)",
                  "Join Filter": "(((part.p_brand = 'Brand#41'::bpchar) AND (part.p_container = ANY ('{\"SM CASE\",\"SM BOX\",\"SM PACK\",\"SM PKG\"}'::bpchar[])) AND (lineitem.l_quantity >= '9'::numeric) AND (lineitem.l_quantity <= '19'::numeric) AND (part.p_size <= 5)) OR ((part.p_brand = 'Brand#55'::bpchar) AND (part.p_container = ANY ('{\"MED BAG\",\"MED BOX\",\"MED PKG\",\"MED PACK\"}'::bpchar[])) AND (lineitem.l_quantity >= '12'::numeric) AND (lineitem.l_quantity <= '22'::numeric) AND (part.p_size <= 10)) OR ((part.p_brand = 'Brand#55'::bpchar) AND (part.p_container = ANY ('{\"LG CASE\",\"LG BOX\",\"LG PACK\",\"LG PKG\"}'::bpchar[])) AND (lineitem.l_quantity >= '21'::numeric) AND (lineitem.l_quantity <= '31'::numeric) AND (part.p_size <= 15)))",
                  "Plans": [
                    {
                      "Node Type": "Seq Scan",
                      "Parent Relationship": "Outer",
                      "Parallel Aware": true,
                      "Async Capable": false,
                      "Relation Name": "lineitem",
                      "Alias": "lineitem",
                      "Startup Cost": 0.0,
                      "Total Cost": 1874399.7,
                      "Plan Rows": 477725,
                      "Plan Width": 21,
                      "Filter": "((l_shipmode = ANY ('{AIR,\"AIR REG\"}'::bpchar[])) AND (l_shipinstruct = 'DELIVER IN PERSON'::bpchar) AND (((l_quantity >= '9'::numeric) AND (l_quantity <= '19'::numeric)) OR ((l_quantity >= '12'::numeric) AND (l_quantity <= '22'::numeric)) OR ((l_quantity >= '21'::numeric) AND (l_quantity <= '31'::numeric))))",
                      "parent": 3,
                      "ID": 4
                    },
                    {
                      "Node Type": "Hash",
                      "Parent Relationship": "Inner",
                      "Parallel Aware": true,
                      "Async Capable": false,
                      "Startup Cost": 76377.36,
                      "Total Cost": 76377.36,
                      "Plan Rows": 1986,
                      "Plan Width": 30,
                      "Plans": [
                        {
                          "Node Type": "Seq Scan",
                          "Parent Relationship": "Outer",
                          "Parallel Aware": true,
                          "Async Capable": false,
                          "Relation Name": "part",
                          "Alias": "part",
                          "Startup Cost": 0.0,
                          "Total Cost": 76377.36,
                          "Plan Rows": 1986,
                          "Plan Width": 30,
                          "Filter": "((p_size >= 1) AND (((p_brand = 'Brand#41'::bpchar) AND (p_container = ANY ('{\"SM CASE\",\"SM BOX\",\"SM PACK\",\"SM PKG\"}'::bpchar[])) AND (p_size <= 5)) OR ((p_brand = 'Brand#55'::bpchar) AND (p_container = ANY ('{\"MED BAG\",\"MED BOX\",\"MED PKG\",\"MED PACK\"}'::bpchar[])) AND (p_size <= 10)) OR ((p_brand = 'Brand#55'::bpchar) AND (p_container = ANY ('{\"LG CASE\",\"LG BOX\",\"LG PACK\",\"LG PKG\"}'::bpchar[])) AND (p_size <= 15))))",
                          "parent": 5,
                          "ID": 6
                        }
                      ],
                      "parent": 3,
                      "ID": 5,
                      "left": 6
                    }
                  ],
                  "parent": 2,
                  "ID": 3,
                  "left": 4,
                  "right": 5
                }
              ],
              "parent": 1,
              "ID": 2,
              "left": 3
            }
          ],
          "parent": 0,
          "ID": 1,
          "left": 2
        }
      ],
      "parent": null,
      "ID": 0,
      "left": 1
    },
    "feat": {
      "utility": 0.039068034309283246,
      "query_shape": [
        [
          "Seq Scan",
          "Hash Join",
          "Aggregate",
          "Gather"
        ],
        [
          "Seq Scan",
          "Hash",
          "Hash Join",
          "Aggregate",
          "Gather"
        ]
      ],
      "index_shape": [
        "join"
      ],
      "physical_operator": {
        "Hash Join": [
          0.0006963062753623969
        ]
      }
    }
  },
  {
    "query": "-- Functional Query Definition\n-- Approved February 1998\n\n\nselect\nsum(l_extendedprice* (1 - l_discount)) as revenue\nfrom\nlineitem,\npart\nwhere\n(\np_partkey = l_partkey\nand p_brand = 'Brand#41'\nand p_container in ('SM CASE', 'SM BOX', 'SM PACK', 'SM PKG')\nand l_quantity >= 9 and l_quantity <= 9 + 10\nand p_size between 1 and 5\nand l_shipmode in ('AIR', 'AIR REG')\nand l_shipinstruct = 'DELIVER IN PERSON'\n)\nor\n(\np_partkey = l_partkey\nand p_brand = 'Brand#55'\nand p_container in ('MED BAG', 'MED BOX', 'MED PKG', 'MED PACK')\nand l_quantity >= 12 and l_quantity <= 12 + 10\nand p_size between 1 and 10\nand l_shipmode in ('AIR', 'AIR REG')\nand l_shipinstruct = 'DELIVER IN PERSON'\n)\nor\n(\np_partkey = l_partkey\nand p_brand = 'Brand#55'\nand p_container in ('LG CASE', 'LG BOX', 'LG PACK', 'LG PKG')\nand l_quantity >= 21 and l_quantity <= 21 + 10\nand p_size between 1 and 15\nand l_shipmode in ('AIR', 'AIR REG')\nand l_shipinstruct = 'DELIVER IN PERSON'\n) ;\n-- $ID$\n-- TPC-H/TPC-R Potential Part Promotion ",
    "indexes": "part.p_brand",
    "wo plan est": {
      "Node Type": "Aggregate",
      "Strategy": "Plain",
      "Partial Mode": "Finalize",
      "Parallel Aware": false,
      "Async Capable": false,
      "Startup Cost": 1953622.16,
      "Total Cost": 1953622.17,
      "Plan Rows": 1,
      "Plan Width": 32,
      "Plans": [
        {
          "Node Type": "Gather",
          "Parent Relationship": "Outer",
          "Parallel Aware": false,
          "Async Capable": false,
          "Startup Cost": 1953621.94,
          "Total Cost": 1953622.15,
          "Plan Rows": 2,
          "Plan Width": 32,
          "Workers Planned": 2,
          "Single Copy": false,
          "Plans": [
            {
              "Node Type": "Aggregate",
              "Strategy": "Plain",
              "Partial Mode": "Partial",
              "Parent Relationship": "Outer",
              "Parallel Aware": false,
              "Async Capable": false,
              "Startup Cost": 1952621.94,
              "Total Cost": 1952621.95,
              "Plan Rows": 1,
              "Plan Width": 32,
              "Plans": [
                {
                  "Node Type": "Hash Join",
                  "Parent Relationship": "Outer",
                  "Parallel Aware": true,
                  "Async Capable": false,
                  "Join Type": "Inner",
                  "Startup Cost": 76402.18,
                  "Total Cost": 1952618.49,
                  "Plan Rows": 460,
                  "Plan Width": 12,
                  "Inner Unique": false,
                  "Hash Cond": "(lineitem.l_partkey = part.p_partkey)",
                  "Join Filter": "(((part.p_brand = 'Brand#41'::bpchar) AND (part.p_container = ANY ('{\"SM CASE\",\"SM BOX\",\"SM PACK\",\"SM PKG\"}'::bpchar[])) AND (lineitem.l_quantity >= '9'::numeric) AND (lineitem.l_quantity <= '19'::numeric) AND (part.p_size <= 5)) OR ((part.p_brand = 'Brand#55'::bpchar) AND (part.p_container = ANY ('{\"MED BAG\",\"MED BOX\",\"MED PKG\",\"MED PACK\"}'::bpchar[])) AND (lineitem.l_quantity >= '12'::numeric) AND (lineitem.l_quantity <= '22'::numeric) AND (part.p_size <= 10)) OR ((part.p_brand = 'Brand#55'::bpchar) AND (part.p_container = ANY ('{\"LG CASE\",\"LG BOX\",\"LG PACK\",\"LG PKG\"}'::bpchar[])) AND (lineitem.l_quantity >= '21'::numeric) AND (lineitem.l_quantity <= '31'::numeric) AND (part.p_size <= 15)))",
                  "Plans": [
                    {
                      "Node Type": "Seq Scan",
                      "Parent Relationship": "Outer",
                      "Parallel Aware": true,
                      "Async Capable": false,
                      "Relation Name": "lineitem",
                      "Alias": "lineitem",
                      "Startup Cost": 0.0,
                      "Total Cost": 1874399.7,
                      "Plan Rows": 477725,
                      "Plan Width": 21,
                      "Filter": "((l_shipmode = ANY ('{AIR,\"AIR REG\"}'::bpchar[])) AND (l_shipinstruct = 'DELIVER IN PERSON'::bpchar) AND (((l_quantity >= '9'::numeric) AND (l_quantity <= '19'::numeric)) OR ((l_quantity >= '12'::numeric) AND (l_quantity <= '22'::numeric)) OR ((l_quantity >= '21'::numeric) AND (l_quantity <= '31'::numeric))))",
                      "parent": 3,
                      "ID": 4
                    },
                    {
                      "Node Type": "Hash",
                      "Parent Relationship": "Inner",
                      "Parallel Aware": true,
                      "Async Capable": false,
                      "Startup Cost": 76377.36,
                      "Total Cost": 76377.36,
                      "Plan Rows": 1986,
                      "Plan Width": 30,
                      "Plans": [
                        {
                          "Node Type": "Seq Scan",
                          "Parent Relationship": "Outer",
                          "Parallel Aware": true,
                          "Async Capable": false,
                          "Relation Name": "part",
                          "Alias": "part",
                          "Startup Cost": 0.0,
                          "Total Cost": 76377.36,
                          "Plan Rows": 1986,
                          "Plan Width": 30,
                          "Filter": "((p_size >= 1) AND (((p_brand = 'Brand#41'::bpchar) AND (p_container = ANY ('{\"SM CASE\",\"SM BOX\",\"SM PACK\",\"SM PKG\"}'::bpchar[])) AND (p_size <= 5)) OR ((p_brand = 'Brand#55'::bpchar) AND (p_container = ANY ('{\"MED BAG\",\"MED BOX\",\"MED PKG\",\"MED PACK\"}'::bpchar[])) AND (p_size <= 10)) OR ((p_brand = 'Brand#55'::bpchar) AND (p_container = ANY ('{\"LG CASE\",\"LG BOX\",\"LG PACK\",\"LG PKG\"}'::bpchar[])) AND (p_size <= 15))))",
                          "parent": 5,
                          "ID": 6
                        }
                      ],
                      "parent": 3,
                      "ID": 5,
                      "left": 6
                    }
                  ],
                  "parent": 2,
                  "ID": 3,
                  "left": 4,
                  "right": 5
                }
              ],
              "parent": 1,
              "ID": 2,
              "left": 3
            }
          ],
          "parent": 0,
          "ID": 1,
          "left": 2
        }
      ],
      "parent": null,
      "ID": 0,
      "left": 1
    },
    "feat": {
      "utility": 0.07812446930127559,
      "query_shape": [
        [
          "Seq Scan",
          "Hash Join",
          "Aggregate",
          "Gather"
        ],
        [
          "Seq Scan",
          "Hash",
          "Hash Join",
          "Aggregate",
          "Gather"
        ]
      ],
      "index_shape": [
        "join"
      ],
      "physical_operator": {
        "Seq Scan": [
          0.0009930000000000216
        ],
        "Hash Join": [
          0.0006963062753623969
        ]
      }
    }
  },
  {
    "query": "-- Functional Query Definition\n-- Approved February 1998\n\n\nselect\nsum(l_extendedprice* (1 - l_discount)) as revenue\nfrom\nlineitem,\npart\nwhere\n(\np_partkey = l_partkey\nand p_brand = 'Brand#41'\nand p_container in ('SM CASE', 'SM BOX', 'SM PACK', 'SM PKG')\nand l_quantity >= 9 and l_quantity <= 9 + 10\nand p_size between 1 and 5\nand l_shipmode in ('AIR', 'AIR REG')\nand l_shipinstruct = 'DELIVER IN PERSON'\n)\nor\n(\np_partkey = l_partkey\nand p_brand = 'Brand#55'\nand p_container in ('MED BAG', 'MED BOX', 'MED PKG', 'MED PACK')\nand l_quantity >= 12 and l_quantity <= 12 + 10\nand p_size between 1 and 10\nand l_shipmode in ('AIR', 'AIR REG')\nand l_shipinstruct = 'DELIVER IN PERSON'\n)\nor\n(\np_partkey = l_partkey\nand p_brand = 'Brand#55'\nand p_container in ('LG CASE', 'LG BOX', 'LG PACK', 'LG PKG')\nand l_quantity >= 21 and l_quantity <= 21 + 10\nand p_size between 1 and 15\nand l_shipmode in ('AIR', 'AIR REG')\nand l_shipinstruct = 'DELIVER IN PERSON'\n) ;\n-- $ID$\n-- TPC-H/TPC-R Potential Part Promotion ",
    "indexes": "part.p_size",
    "wo plan est": {
      "Node Type": "Aggregate",
      "Strategy": "Plain",
      "Partial Mode": "Finalize",
      "Parallel Aware": false,
      "Async Capable": false,
      "Startup Cost": 1953622.16,
      "Total Cost": 1953622.17,
      "Plan Rows": 1,
      "Plan Width": 32,
      "Plans": [
        {
          "Node Type": "Gather",
          "Parent Relationship": "Outer",
          "Parallel Aware": false,
          "Async Capable": false,
          "Startup Cost": 1953621.94,
          "Total Cost": 1953622.15,
          "Plan Rows": 2,
          "Plan Width": 32,
          "Workers Planned": 2,
          "Single Copy": false,
          "Plans": [
            {
              "Node Type": "Aggregate",
              "Strategy": "Plain",
              "Partial Mode": "Partial",
              "Parent Relationship": "Outer",
              "Parallel Aware": false,
              "Async Capable": false,
              "Startup Cost": 1952621.94,
              "Total Cost": 1952621.95,
              "Plan Rows": 1,
              "Plan Width": 32,
              "Plans": [
                {
                  "Node Type": "Hash Join",
                  "Parent Relationship": "Outer",
                  "Parallel Aware": true,
                  "Async Capable": false,
                  "Join Type": "Inner",
                  "Startup Cost": 76402.18,
                  "Total Cost": 1952618.49,
                  "Plan Rows": 460,
                  "Plan Width": 12,
                  "Inner Unique": false,
                  "Hash Cond": "(lineitem.l_partkey = part.p_partkey)",
                  "Join Filter": "(((part.p_brand = 'Brand#41'::bpchar) AND (part.p_container = ANY ('{\"SM CASE\",\"SM BOX\",\"SM PACK\",\"SM PKG\"}'::bpchar[])) AND (lineitem.l_quantity >= '9'::numeric) AND (lineitem.l_quantity <= '19'::numeric) AND (part.p_size <= 5)) OR ((part.p_brand = 'Brand#55'::bpchar) AND (part.p_container = ANY ('{\"MED BAG\",\"MED BOX\",\"MED PKG\",\"MED PACK\"}'::bpchar[])) AND (lineitem.l_quantity >= '12'::numeric) AND (lineitem.l_quantity <= '22'::numeric) AND (part.p_size <= 10)) OR ((part.p_brand = 'Brand#55'::bpchar) AND (part.p_container = ANY ('{\"LG CASE\",\"LG BOX\",\"LG PACK\",\"LG PKG\"}'::bpchar[])) AND (lineitem.l_quantity >= '21'::numeric) AND (lineitem.l_quantity <= '31'::numeric) AND (part.p_size <= 15)))",
                  "Plans": [
                    {
                      "Node Type": "Seq Scan",
                      "Parent Relationship": "Outer",
                      "Parallel Aware": true,
                      "Async Capable": false,
                      "Relation Name": "lineitem",
                      "Alias": "lineitem",
                      "Startup Cost": 0.0,
                      "Total Cost": 1874399.7,
                      "Plan Rows": 477725,
                      "Plan Width": 21,
                      "Filter": "((l_shipmode = ANY ('{AIR,\"AIR REG\"}'::bpchar[])) AND (l_shipinstruct = 'DELIVER IN PERSON'::bpchar) AND (((l_quantity >= '9'::numeric) AND (l_quantity <= '19'::numeric)) OR ((l_quantity >= '12'::numeric) AND (l_quantity <= '22'::numeric)) OR ((l_quantity >= '21'::numeric) AND (l_quantity <= '31'::numeric))))",
                      "parent": 3,
                      "ID": 4
                    },
                    {
                      "Node Type": "Hash",
                      "Parent Relationship": "Inner",
                      "Parallel Aware": true,
                      "Async Capable": false,
                      "Startup Cost": 76377.36,
                      "Total Cost": 76377.36,
                      "Plan Rows": 1986,
                      "Plan Width": 30,
                      "Plans": [
                        {
                          "Node Type": "Seq Scan",
                          "Parent Relationship": "Outer",
                          "Parallel Aware": true,
                          "Async Capable": false,
                          "Relation Name": "part",
                          "Alias": "part",
                          "Startup Cost": 0.0,
                          "Total Cost": 76377.36,
                          "Plan Rows": 1986,
                          "Plan Width": 30,
                          "Filter": "((p_size >= 1) AND (((p_brand = 'Brand#41'::bpchar) AND (p_container = ANY ('{\"SM CASE\",\"SM BOX\",\"SM PACK\",\"SM PKG\"}'::bpchar[])) AND (p_size <= 5)) OR ((p_brand = 'Brand#55'::bpchar) AND (p_container = ANY ('{\"MED BAG\",\"MED BOX\",\"MED PKG\",\"MED PACK\"}'::bpchar[])) AND (p_size <= 10)) OR ((p_brand = 'Brand#55'::bpchar) AND (p_container = ANY ('{\"LG CASE\",\"LG BOX\",\"LG PACK\",\"LG PKG\"}'::bpchar[])) AND (p_size <= 15))))",
                          "parent": 5,
                          "ID": 6
                        }
                      ],
                      "parent": 3,
                      "ID": 5,
                      "left": 6
                    }
                  ],
                  "parent": 2,
                  "ID": 3,
                  "left": 4,
                  "right": 5
                }
              ],
              "parent": 1,
              "ID": 2,
              "left": 3
            }
          ],
          "parent": 0,
          "ID": 1,
          "left": 2
        }
      ],
      "parent": null,
      "ID": 0,
      "left": 1
    },
    "feat": {
      "utility": 0.07812446930127559,
      "query_shape": [
        [
          "Seq Scan",
          "Hash Join",
          "Aggregate",
          "Gather"
        ],
        [
          "Seq Scan",
          "Hash",
          "Hash Join",
          "Aggregate",
          "Gather"
        ]
      ],
      "index_shape": [
        "join"
      ],
      "physical_operator": {
        "Seq Scan": [
          0.0009930000000000216
        ],
        "Hash Join": [
          0.0006963062753623969
        ]
      }
    }
  },
  {
    "query": "-- Functional Query Definition\n-- Approved February 1998\n\n\nselect\nsum(l_extendedprice* (1 - l_discount)) as revenue\nfrom\nlineitem,\npart\nwhere\n(\np_partkey = l_partkey\nand p_brand = 'Brand#41'\nand p_container in ('SM CASE', 'SM BOX', 'SM PACK', 'SM PKG')\nand l_quantity >= 9 and l_quantity <= 9 + 10\nand p_size between 1 and 5\nand l_shipmode in ('AIR', 'AIR REG')\nand l_shipinstruct = 'DELIVER IN PERSON'\n)\nor\n(\np_partkey = l_partkey\nand p_brand = 'Brand#55'\nand p_container in ('MED BAG', 'MED BOX', 'MED PKG', 'MED PACK')\nand l_quantity >= 12 and l_quantity <= 12 + 10\nand p_size between 1 and 10\nand l_shipmode in ('AIR', 'AIR REG')\nand l_shipinstruct = 'DELIVER IN PERSON'\n)\nor\n(\np_partkey = l_partkey\nand p_brand = 'Brand#55'\nand p_container in ('LG CASE', 'LG BOX', 'LG PACK', 'LG PKG')\nand l_quantity >= 21 and l_quantity <= 21 + 10\nand p_size between 1 and 15\nand l_shipmode in ('AIR', 'AIR REG')\nand l_shipinstruct = 'DELIVER IN PERSON'\n) ;\n-- $ID$\n-- TPC-H/TPC-R Potential Part Promotion ",
    "indexes": "part.p_container",
    "wo plan est": {
      "Node Type": "Aggregate",
      "Strategy": "Plain",
      "Partial Mode": "Finalize",
      "Parallel Aware": false,
      "Async Capable": false,
      "Startup Cost": 1953622.16,
      "Total Cost": 1953622.17,
      "Plan Rows": 1,
      "Plan Width": 32,
      "Plans": [
        {
          "Node Type": "Gather",
          "Parent Relationship": "Outer",
          "Parallel Aware": false,
          "Async Capable": false,
          "Startup Cost": 1953621.94,
          "Total Cost": 1953622.15,
          "Plan Rows": 2,
          "Plan Width": 32,
          "Workers Planned": 2,
          "Single Copy": false,
          "Plans": [
            {
              "Node Type": "Aggregate",
              "Strategy": "Plain",
              "Partial Mode": "Partial",
              "Parent Relationship": "Outer",
              "Parallel Aware": false,
              "Async Capable": false,
              "Startup Cost": 1952621.94,
              "Total Cost": 1952621.95,
              "Plan Rows": 1,
              "Plan Width": 32,
              "Plans": [
                {
                  "Node Type": "Hash Join",
                  "Parent Relationship": "Outer",
                  "Parallel Aware": true,
                  "Async Capable": false,
                  "Join Type": "Inner",
                  "Startup Cost": 76402.18,
                  "Total Cost": 1952618.49,
                  "Plan Rows": 460,
                  "Plan Width": 12,
                  "Inner Unique": false,
                  "Hash Cond": "(lineitem.l_partkey = part.p_partkey)",
                  "Join Filter": "(((part.p_brand = 'Brand#41'::bpchar) AND (part.p_container = ANY ('{\"SM CASE\",\"SM BOX\",\"SM PACK\",\"SM PKG\"}'::bpchar[])) AND (lineitem.l_quantity >= '9'::numeric) AND (lineitem.l_quantity <= '19'::numeric) AND (part.p_size <= 5)) OR ((part.p_brand = 'Brand#55'::bpchar) AND (part.p_container = ANY ('{\"MED BAG\",\"MED BOX\",\"MED PKG\",\"MED PACK\"}'::bpchar[])) AND (lineitem.l_quantity >= '12'::numeric) AND (lineitem.l_quantity <= '22'::numeric) AND (part.p_size <= 10)) OR ((part.p_brand = 'Brand#55'::bpchar) AND (part.p_container = ANY ('{\"LG CASE\",\"LG BOX\",\"LG PACK\",\"LG PKG\"}'::bpchar[])) AND (lineitem.l_quantity >= '21'::numeric) AND (lineitem.l_quantity <= '31'::numeric) AND (part.p_size <= 15)))",
                  "Plans": [
                    {
                      "Node Type": "Seq Scan",
                      "Parent Relationship": "Outer",
                      "Parallel Aware": true,
                      "Async Capable": false,
                      "Relation Name": "lineitem",
                      "Alias": "lineitem",
                      "Startup Cost": 0.0,
                      "Total Cost": 1874399.7,
                      "Plan Rows": 477725,
                      "Plan Width": 21,
                      "Filter": "((l_shipmode = ANY ('{AIR,\"AIR REG\"}'::bpchar[])) AND (l_shipinstruct = 'DELIVER IN PERSON'::bpchar) AND (((l_quantity >= '9'::numeric) AND (l_quantity <= '19'::numeric)) OR ((l_quantity >= '12'::numeric) AND (l_quantity <= '22'::numeric)) OR ((l_quantity >= '21'::numeric) AND (l_quantity <= '31'::numeric))))",
                      "parent": 3,
                      "ID": 4
                    },
                    {
                      "Node Type": "Hash",
                      "Parent Relationship": "Inner",
                      "Parallel Aware": true,
                      "Async Capable": false,
                      "Startup Cost": 76377.36,
                      "Total Cost": 76377.36,
                      "Plan Rows": 1986,
                      "Plan Width": 30,
                      "Plans": [
                        {
                          "Node Type": "Seq Scan",
                          "Parent Relationship": "Outer",
                          "Parallel Aware": true,
                          "Async Capable": false,
                          "Relation Name": "part",
                          "Alias": "part",
                          "Startup Cost": 0.0,
                          "Total Cost": 76377.36,
                          "Plan Rows": 1986,
                          "Plan Width": 30,
                          "Filter": "((p_size >= 1) AND (((p_brand = 'Brand#41'::bpchar) AND (p_container = ANY ('{\"SM CASE\",\"SM BOX\",\"SM PACK\",\"SM PKG\"}'::bpchar[])) AND (p_size <= 5)) OR ((p_brand = 'Brand#55'::bpchar) AND (p_container = ANY ('{\"MED BAG\",\"MED BOX\",\"MED PKG\",\"MED PACK\"}'::bpchar[])) AND (p_size <= 10)) OR ((p_brand = 'Brand#55'::bpchar) AND (p_container = ANY ('{\"LG CASE\",\"LG BOX\",\"LG PACK\",\"LG PKG\"}'::bpchar[])) AND (p_size <= 15))))",
                          "parent": 5,
                          "ID": 6
                        }
                      ],
                      "parent": 3,
                      "ID": 5,
                      "left": 6
                    }
                  ],
                  "parent": 2,
                  "ID": 3,
                  "left": 4,
                  "right": 5
                }
              ],
              "parent": 1,
              "ID": 2,
              "left": 3
            }
          ],
          "parent": 0,
          "ID": 1,
          "left": 2
        }
      ],
      "parent": null,
      "ID": 0,
      "left": 1
    },
    "feat": {
      "utility": 0.07812446930127559,
      "query_shape": [
        [
          "Seq Scan",
          "Hash Join",
          "Aggregate",
          "Gather"
        ],
        [
          "Seq Scan",
          "Hash",
          "Hash Join",
          "Aggregate",
          "Gather"
        ]
      ],
      "index_shape": [
        "join"
      ],
      "physical_operator": {
        "Seq Scan": [
          0.0009930000000000216
        ],
        "Hash Join": [
          0.0006963062753623969
        ]
      }
    }
  },
  {
    "query": "-- Functional Query Definition\n-- Approved February 1998\n\n\nselect\n100.00 * sum(case\nwhen p_type like 'PROMO%'\nthen l_extendedprice * (1 - l_discount)\nelse 0\nend) / sum(l_extendedprice * (1 - l_discount)) as promo_revenue\nfrom\nlineitem,\npart\nwhere\nl_partkey = p_partkey\nand l_shipdate >= date '1995-02-01'\nand l_shipdate < date '1995-02-01' + interval '1' month ;\n-- $ID$\n-- TPC-H/TPC-R Top Supplier ",
    "indexes": "lineitem.l_partkey",
    "wo plan est": {
      "Node Type": "Aggregate",
      "Strategy": "Plain",
      "Partial Mode": "Finalize",
      "Parallel Aware": false,
      "Async Capable": false,
      "Startup Cost": 1581033.49,
      "Total Cost": 1581033.51,
      "Plan Rows": 1,
      "Plan Width": 32,
      "Plans": [
        {
          "Node Type": "Gather",
          "Parent Relationship": "Outer",
          "Parallel Aware": false,
          "Async Capable": false,
          "Startup Cost": 1581033.26,
          "Total Cost": 1581033.47,
          "Plan Rows": 2,
          "Plan Width": 64,
          "Workers Planned": 2,
          "Single Copy": false,
          "Plans": [
            {
              "Node Type": "Aggregate",
              "Strategy": "Plain",
              "Partial Mode": "Partial",
              "Parent Relationship": "Outer",
              "Parallel Aware": false,
              "Async Capable": false,
              "Startup Cost": 1580033.26,
              "Total Cost": 1580033.27,
              "Plan Rows": 1,
              "Plan Width": 64,
              "Plans": [
                {
                  "Node Type": "Hash Join",
                  "Parent Relationship": "Outer",
                  "Parallel Aware": true,
                  "Async Capable": false,
                  "Join Type": "Inner",
                  "Startup Cost": 65408.3,
                  "Total Cost": 1575396.75,
                  "Plan Rows": 264943,
                  "Plan Width": 33,
                  "Inner Unique": false,
                  "Hash Cond": "(lineitem.l_partkey = part.p_partkey)",
                  "Plans": [
                    {
                      "Node Type": "Seq Scan",
                      "Parent Relationship": "Outer",
                      "Parallel Aware": true,
                      "Async Capable": false,
                      "Relation Name": "lineitem",
                      "Alias": "lineitem",
                      "Startup Cost": 0.0,
                      "Total Cost": 1499470.85,
                      "Plan Rows": 274846,
                      "Plan Width": 16,
                      "Filter": "((l_shipdate >= '1995-02-01'::date) AND (l_shipdate < '1995-03-01 00:00:00'::timestamp without time zone))",
                      "parent": 3,
                      "ID": 4
                    },
                    {
                      "Node Type": "Hash",
                      "Parent Relationship": "Inner",
                      "Parallel Aware": true,
                      "Async Capable": false,
                      "Startup Cost": 49295.03,
                      "Total Cost": 49295.03,
                      "Plan Rows": 833302,
                      "Plan Width": 25,
                      "Plans": [
                        {
                          "Node Type": "Seq Scan",
                          "Parent Relationship": "Outer",
                          "Parallel Aware": true,
                          "Async Capable": false,
                          "Relation Name": "part",
                          "Alias": "part",
                          "Startup Cost": 0.0,
                          "Total Cost": 49295.03,
                          "Plan Rows": 833302,
                          "Plan Width": 25,
                          "parent": 5,
                          "ID": 6
                        }
                      ],
                      "parent": 3,
                      "ID": 5,
                      "left": 6
                    }
                  ],
                  "parent": 2,
                  "ID": 3,
                  "left": 4,
                  "right": 5
                }
              ],
              "parent": 1,
              "ID": 2,
              "left": 3
            }
          ],
          "parent": 0,
          "ID": 1,
          "left": 2
        }
      ],
      "parent": null,
      "ID": 0,
      "left": 1
    },
    "feat": {
      "utility": 0.031145456725574044,
      "query_shape": [
        [
          "Seq Scan",
          "Hash Join",
          "Aggregate",
          "Gather"
        ],
        [
          "Seq Scan",
          "Hash",
          "Hash Join",
          "Aggregate",
          "Gather"
        ]
      ],
      "index_shape": [
        "join"
      ],
      "physical_operator": {
        "Hash Join": [
          0.0010755492513658336
        ]
      }
    }
  },
  {
    "query": "-- Functional Query Definition\n-- Approved February 1998\n\n\nselect\n100.00 * sum(case\nwhen p_type like 'PROMO%'\nthen l_extendedprice * (1 - l_discount)\nelse 0\nend) / sum(l_extendedprice * (1 - l_discount)) as promo_revenue\nfrom\nlineitem,\npart\nwhere\nl_partkey = p_partkey\nand l_shipdate >= date '1995-02-01'\nand l_shipdate < date '1995-02-01' + interval '1' month ;\n-- $ID$\n-- TPC-H/TPC-R Top Supplier ",
    "indexes": "lineitem.l_extendedprice",
    "wo plan est": {
      "Node Type": "Aggregate",
      "Strategy": "Plain",
      "Partial Mode": "Finalize",
      "Parallel Aware": false,
      "Async Capable": false,
      "Startup Cost": 1581033.49,
      "Total Cost": 1581033.51,
      "Plan Rows": 1,
      "Plan Width": 32,
      "Plans": [
        {
          "Node Type": "Gather",
          "Parent Relationship": "Outer",
          "Parallel Aware": false,
          "Async Capable": false,
          "Startup Cost": 1581033.26,
          "Total Cost": 1581033.47,
          "Plan Rows": 2,
          "Plan Width": 64,
          "Workers Planned": 2,
          "Single Copy": false,
          "Plans": [
            {
              "Node Type": "Aggregate",
              "Strategy": "Plain",
              "Partial Mode": "Partial",
              "Parent Relationship": "Outer",
              "Parallel Aware": false,
              "Async Capable": false,
              "Startup Cost": 1580033.26,
              "Total Cost": 1580033.27,
              "Plan Rows": 1,
              "Plan Width": 64,
              "Plans": [
                {
                  "Node Type": "Hash Join",
                  "Parent Relationship": "Outer",
                  "Parallel Aware": true,
                  "Async Capable": false,
                  "Join Type": "Inner",
                  "Startup Cost": 65408.3,
                  "Total Cost": 1575396.75,
                  "Plan Rows": 264943,
                  "Plan Width": 33,
                  "Inner Unique": false,
                  "Hash Cond": "(lineitem.l_partkey = part.p_partkey)",
                  "Plans": [
                    {
                      "Node Type": "Seq Scan",
                      "Parent Relationship": "Outer",
                      "Parallel Aware": true,
                      "Async Capable": false,
                      "Relation Name": "lineitem",
                      "Alias": "lineitem",
                      "Startup Cost": 0.0,
                      "Total Cost": 1499470.85,
                      "Plan Rows": 274846,
                      "Plan Width": 16,
                      "Filter": "((l_shipdate >= '1995-02-01'::date) AND (l_shipdate < '1995-03-01 00:00:00'::timestamp without time zone))",
                      "parent": 3,
                      "ID": 4
                    },
                    {
                      "Node Type": "Hash",
                      "Parent Relationship": "Inner",
                      "Parallel Aware": true,
                      "Async Capable": false,
                      "Startup Cost": 49295.03,
                      "Total Cost": 49295.03,
                      "Plan Rows": 833302,
                      "Plan Width": 25,
                      "Plans": [
                        {
                          "Node Type": "Seq Scan",
                          "Parent Relationship": "Outer",
                          "Parallel Aware": true,
                          "Async Capable": false,
                          "Relation Name": "part",
                          "Alias": "part",
                          "Startup Cost": 0.0,
                          "Total Cost": 49295.03,
                          "Plan Rows": 833302,
                          "Plan Width": 25,
                          "parent": 5,
                          "ID": 6
                        }
                      ],
                      "parent": 3,
                      "ID": 5,
                      "left": 6
                    }
                  ],
                  "parent": 2,
                  "ID": 3,
                  "left": 4,
                  "right": 5
                }
              ],
              "parent": 1,
              "ID": 2,
              "left": 3
            }
          ],
          "parent": 0,
          "ID": 1,
          "left": 2
        }
      ],
      "parent": null,
      "ID": 0,
      "left": 1
    },
    "feat": {
      "utility": 0.0,
      "query_shape": [
        [
          "Seq Scan",
          "Hash Join",
          "Aggregate",
          "Gather"
        ],
        [
          "Seq Scan",
          "Hash",
          "Hash Join",
          "Aggregate",
          "Gather"
        ]
      ],
      "index_shape": [],
      "physical_operator": {}
    }
  },
  {
    "query": "-- Functional Query Definition\n-- Approved February 1998\n\n\nselect\n100.00 * sum(case\nwhen p_type like 'PROMO%'\nthen l_extendedprice * (1 - l_discount)\nelse 0\nend) / sum(l_extendedprice * (1 - l_discount)) as promo_revenue\nfrom\nlineitem,\npart\nwhere\nl_partkey = p_partkey\nand l_shipdate >= date '1995-02-01'\nand l_shipdate < date '1995-02-01' + interval '1' month ;\n-- $ID$\n-- TPC-H/TPC-R Top Supplier ",
    "indexes": "lineitem.l_discount",
    "wo plan est": {
      "Node Type": "Aggregate",
      "Strategy": "Plain",
      "Partial Mode": "Finalize",
      "Parallel Aware": false,
      "Async Capable": false,
      "Startup Cost": 1581033.49,
      "Total Cost": 1581033.51,
      "Plan Rows": 1,
      "Plan Width": 32,
      "Plans": [
        {
          "Node Type": "Gather",
          "Parent Relationship": "Outer",
          "Parallel Aware": false,
          "Async Capable": false,
          "Startup Cost": 1581033.26,
          "Total Cost": 1581033.47,
          "Plan Rows": 2,
          "Plan Width": 64,
          "Workers Planned": 2,
          "Single Copy": false,
          "Plans": [
            {
              "Node Type": "Aggregate",
              "Strategy": "Plain",
              "Partial Mode": "Partial",
              "Parent Relationship": "Outer",
              "Parallel Aware": false,
              "Async Capable": false,
              "Startup Cost": 1580033.26,
              "Total Cost": 1580033.27,
              "Plan Rows": 1,
              "Plan Width": 64,
              "Plans": [
                {
                  "Node Type": "Hash Join",
                  "Parent Relationship": "Outer",
                  "Parallel Aware": true,
                  "Async Capable": false,
                  "Join Type": "Inner",
                  "Startup Cost": 65408.3,
                  "Total Cost": 1575396.75,
                  "Plan Rows": 264943,
                  "Plan Width": 33,
                  "Inner Unique": false,
                  "Hash Cond": "(lineitem.l_partkey = part.p_partkey)",
                  "Plans": [
                    {
                      "Node Type": "Seq Scan",
                      "Parent Relationship": "Outer",
                      "Parallel Aware": true,
                      "Async Capable": false,
                      "Relation Name": "lineitem",
                      "Alias": "lineitem",
                      "Startup Cost": 0.0,
                      "Total Cost": 1499470.85,
                      "Plan Rows": 274846,
                      "Plan Width": 16,
                      "Filter": "((l_shipdate >= '1995-02-01'::date) AND (l_shipdate < '1995-03-01 00:00:00'::timestamp without time zone))",
                      "parent": 3,
                      "ID": 4
                    },
                    {
                      "Node Type": "Hash",
                      "Parent Relationship": "Inner",
                      "Parallel Aware": true,
                      "Async Capable": false,
                      "Startup Cost": 49295.03,
                      "Total Cost": 49295.03,
                      "Plan Rows": 833302,
                      "Plan Width": 25,
                      "Plans": [
                        {
                          "Node Type": "Seq Scan",
                          "Parent Relationship": "Outer",
                          "Parallel Aware": true,
                          "Async Capable": false,
                          "Relation Name": "part",
                          "Alias": "part",
                          "Startup Cost": 0.0,
                          "Total Cost": 49295.03,
                          "Plan Rows": 833302,
                          "Plan Width": 25,
                          "parent": 5,
                          "ID": 6
                        }
                      ],
                      "parent": 3,
                      "ID": 5,
                      "left": 6
                    }
                  ],
                  "parent": 2,
                  "ID": 3,
                  "left": 4,
                  "right": 5
                }
              ],
              "parent": 1,
              "ID": 2,
              "left": 3
            }
          ],
          "parent": 0,
          "ID": 1,
          "left": 2
        }
      ],
      "parent": null,
      "ID": 0,
      "left": 1
    },
    "feat": {
      "utility": 0.0,
      "query_shape": [
        [
          "Seq Scan",
          "Hash Join",
          "Aggregate",
          "Gather"
        ],
        [
          "Seq Scan",
          "Hash",
          "Hash Join",
          "Aggregate",
          "Gather"
        ]
      ],
      "index_shape": [],
      "physical_operator": {}
    }
  },
  {
    "query": "-- Functional Query Definition\n-- Approved February 1998\n\n\nselect\n100.00 * sum(case\nwhen p_type like 'PROMO%'\nthen l_extendedprice * (1 - l_discount)\nelse 0\nend) / sum(l_extendedprice * (1 - l_discount)) as promo_revenue\nfrom\nlineitem,\npart\nwhere\nl_partkey = p_partkey\nand l_shipdate >= date '1995-02-01'\nand l_shipdate < date '1995-02-01' + interval '1' month ;\n-- $ID$\n-- TPC-H/TPC-R Top Supplier ",
    "indexes": "lineitem.l_shipdate",
    "wo plan est": {
      "Node Type": "Aggregate",
      "Strategy": "Plain",
      "Partial Mode": "Finalize",
      "Parallel Aware": false,
      "Async Capable": false,
      "Startup Cost": 1581033.49,
      "Total Cost": 1581033.51,
      "Plan Rows": 1,
      "Plan Width": 32,
      "Plans": [
        {
          "Node Type": "Gather",
          "Parent Relationship": "Outer",
          "Parallel Aware": false,
          "Async Capable": false,
          "Startup Cost": 1581033.26,
          "Total Cost": 1581033.47,
          "Plan Rows": 2,
          "Plan Width": 64,
          "Workers Planned": 2,
          "Single Copy": false,
          "Plans": [
            {
              "Node Type": "Aggregate",
              "Strategy": "Plain",
              "Partial Mode": "Partial",
              "Parent Relationship": "Outer",
              "Parallel Aware": false,
              "Async Capable": false,
              "Startup Cost": 1580033.26,
              "Total Cost": 1580033.27,
              "Plan Rows": 1,
              "Plan Width": 64,
              "Plans": [
                {
                  "Node Type": "Hash Join",
                  "Parent Relationship": "Outer",
                  "Parallel Aware": true,
                  "Async Capable": false,
                  "Join Type": "Inner",
                  "Startup Cost": 65408.3,
                  "Total Cost": 1575396.75,
                  "Plan Rows": 264943,
                  "Plan Width": 33,
                  "Inner Unique": false,
                  "Hash Cond": "(lineitem.l_partkey = part.p_partkey)",
                  "Plans": [
                    {
                      "Node Type": "Seq Scan",
                      "Parent Relationship": "Outer",
                      "Parallel Aware": true,
                      "Async Capable": false,
                      "Relation Name": "lineitem",
                      "Alias": "lineitem",
                      "Startup Cost": 0.0,
                      "Total Cost": 1499470.85,
                      "Plan Rows": 274846,
                      "Plan Width": 16,
                      "Filter": "((l_shipdate >= '1995-02-01'::date) AND (l_shipdate < '1995-03-01 00:00:00'::timestamp without time zone))",
                      "parent": 3,
                      "ID": 4
                    },
                    {
                      "Node Type": "Hash",
                      "Parent Relationship": "Inner",
                      "Parallel Aware": true,
                      "Async Capable": false,
                      "Startup Cost": 49295.03,
                      "Total Cost": 49295.03,
                      "Plan Rows": 833302,
                      "Plan Width": 25,
                      "Plans": [
                        {
                          "Node Type": "Seq Scan",
                          "Parent Relationship": "Outer",
                          "Parallel Aware": true,
                          "Async Capable": false,
                          "Relation Name": "part",
                          "Alias": "part",
                          "Startup Cost": 0.0,
                          "Total Cost": 49295.03,
                          "Plan Rows": 833302,
                          "Plan Width": 25,
                          "parent": 5,
                          "ID": 6
                        }
                      ],
                      "parent": 3,
                      "ID": 5,
                      "left": 6
                    }
                  ],
                  "parent": 2,
                  "ID": 3,
                  "left": 4,
                  "right": 5
                }
              ],
              "parent": 1,
              "ID": 2,
              "left": 3
            }
          ],
          "parent": 0,
          "ID": 1,
          "left": 2
        }
      ],
      "parent": null,
      "ID": 0,
      "left": 1
    },
    "feat": {
      "utility": 0.9440673549750895,
      "query_shape": [
        [
          "Seq Scan",
          "Hash Join",
          "Aggregate",
          "Gather"
        ],
        [
          "Seq Scan",
          "Hash",
          "Hash Join",
          "Aggregate",
          "Gather"
        ]
      ],
      "index_shape": [
        "selection"
      ],
      "physical_operator": {
        "Seq Scan": [
          0.004580766666666625
        ]
      }
    }
  },
  {
    "query": "-- Functional Query Definition\n-- Approved February 1998\n\n\nselect\n100.00 * sum(case\nwhen p_type like 'PROMO%'\nthen l_extendedprice * (1 - l_discount)\nelse 0\nend) / sum(l_extendedprice * (1 - l_discount)) as promo_revenue\nfrom\nlineitem,\npart\nwhere\nl_partkey = p_partkey\nand l_shipdate >= date '1995-02-01'\nand l_shipdate < date '1995-02-01' + interval '1' month ;\n-- $ID$\n-- TPC-H/TPC-R Top Supplier ",
    "indexes": "part.p_partkey",
    "wo plan est": {
      "Node Type": "Aggregate",
      "Strategy": "Plain",
      "Partial Mode": "Finalize",
      "Parallel Aware": false,
      "Async Capable": false,
      "Startup Cost": 1581033.49,
      "Total Cost": 1581033.51,
      "Plan Rows": 1,
      "Plan Width": 32,
      "Plans": [
        {
          "Node Type": "Gather",
          "Parent Relationship": "Outer",
          "Parallel Aware": false,
          "Async Capable": false,
          "Startup Cost": 1581033.26,
          "Total Cost": 1581033.47,
          "Plan Rows": 2,
          "Plan Width": 64,
          "Workers Planned": 2,
          "Single Copy": false,
          "Plans": [
            {
              "Node Type": "Aggregate",
              "Strategy": "Plain",
              "Partial Mode": "Partial",
              "Parent Relationship": "Outer",
              "Parallel Aware": false,
              "Async Capable": false,
              "Startup Cost": 1580033.26,
              "Total Cost": 1580033.27,
              "Plan Rows": 1,
              "Plan Width": 64,
              "Plans": [
                {
                  "Node Type": "Hash Join",
                  "Parent Relationship": "Outer",
                  "Parallel Aware": true,
                  "Async Capable": false,
                  "Join Type": "Inner",
                  "Startup Cost": 65408.3,
                  "Total Cost": 1575396.75,
                  "Plan Rows": 264943,
                  "Plan Width": 33,
                  "Inner Unique": false,
                  "Hash Cond": "(lineitem.l_partkey = part.p_partkey)",
                  "Plans": [
                    {
                      "Node Type": "Seq Scan",
                      "Parent Relationship": "Outer",
                      "Parallel Aware": true,
                      "Async Capable": false,
                      "Relation Name": "lineitem",
                      "Alias": "lineitem",
                      "Startup Cost": 0.0,
                      "Total Cost": 1499470.85,
                      "Plan Rows": 274846,
                      "Plan Width": 16,
                      "Filter": "((l_shipdate >= '1995-02-01'::date) AND (l_shipdate < '1995-03-01 00:00:00'::timestamp without time zone))",
                      "parent": 3,
                      "ID": 4
                    },
                    {
                      "Node Type": "Hash",
                      "Parent Relationship": "Inner",
                      "Parallel Aware": true,
                      "Async Capable": false,
                      "Startup Cost": 49295.03,
                      "Total Cost": 49295.03,
                      "Plan Rows": 833302,
                      "Plan Width": 25,
                      "Plans": [
                        {
                          "Node Type": "Seq Scan",
                          "Parent Relationship": "Outer",
                          "Parallel Aware": true,
                          "Async Capable": false,
                          "Relation Name": "part",
                          "Alias": "part",
                          "Startup Cost": 0.0,
                          "Total Cost": 49295.03,
                          "Plan Rows": 833302,
                          "Plan Width": 25,
                          "parent": 5,
                          "ID": 6
                        }
                      ],
                      "parent": 3,
                      "ID": 5,
                      "left": 6
                    }
                  ],
                  "parent": 2,
                  "ID": 3,
                  "left": 4,
                  "right": 5
                }
              ],
              "parent": 1,
              "ID": 2,
              "left": 3
            }
          ],
          "parent": 0,
          "ID": 1,
          "left": 2
        }
      ],
      "parent": null,
      "ID": 0,
      "left": 1
    },
    "feat": {
      "utility": 0.031145456725574044,
      "query_shape": [
        [
          "Seq Scan",
          "Hash Join",
          "Aggregate",
          "Gather"
        ],
        [
          "Seq Scan",
          "Hash",
          "Hash Join",
          "Aggregate",
          "Gather"
        ]
      ],
      "index_shape": [
        "join"
      ],
      "physical_operator": {
        "Hash Join": [
          0.0010755492513658336
        ]
      }
    }
  },
  {
    "query": "-- Functional Query Definition\n-- Approved February 1998\n\n\nselect\n100.00 * sum(case\nwhen p_type like 'PROMO%'\nthen l_extendedprice * (1 - l_discount)\nelse 0\nend) / sum(l_extendedprice * (1 - l_discount)) as promo_revenue\nfrom\nlineitem,\npart\nwhere\nl_partkey = p_partkey\nand l_shipdate >= date '1995-02-01'\nand l_shipdate < date '1995-02-01' + interval '1' month ;\n-- $ID$\n-- TPC-H/TPC-R Top Supplier ",
    "indexes": "part.p_type",
    "wo plan est": {
      "Node Type": "Aggregate",
      "Strategy": "Plain",
      "Partial Mode": "Finalize",
      "Parallel Aware": false,
      "Async Capable": false,
      "Startup Cost": 1581033.49,
      "Total Cost": 1581033.51,
      "Plan Rows": 1,
      "Plan Width": 32,
      "Plans": [
        {
          "Node Type": "Gather",
          "Parent Relationship": "Outer",
          "Parallel Aware": false,
          "Async Capable": false,
          "Startup Cost": 1581033.26,
          "Total Cost": 1581033.47,
          "Plan Rows": 2,
          "Plan Width": 64,
          "Workers Planned": 2,
          "Single Copy": false,
          "Plans": [
            {
              "Node Type": "Aggregate",
              "Strategy": "Plain",
              "Partial Mode": "Partial",
              "Parent Relationship": "Outer",
              "Parallel Aware": false,
              "Async Capable": false,
              "Startup Cost": 1580033.26,
              "Total Cost": 1580033.27,
              "Plan Rows": 1,
              "Plan Width": 64,
              "Plans": [
                {
                  "Node Type": "Hash Join",
                  "Parent Relationship": "Outer",
                  "Parallel Aware": true,
                  "Async Capable": false,
                  "Join Type": "Inner",
                  "Startup Cost": 65408.3,
                  "Total Cost": 1575396.75,
                  "Plan Rows": 264943,
                  "Plan Width": 33,
                  "Inner Unique": false,
                  "Hash Cond": "(lineitem.l_partkey = part.p_partkey)",
                  "Plans": [
                    {
                      "Node Type": "Seq Scan",
                      "Parent Relationship": "Outer",
                      "Parallel Aware": true,
                      "Async Capable": false,
                      "Relation Name": "lineitem",
                      "Alias": "lineitem",
                      "Startup Cost": 0.0,
                      "Total Cost": 1499470.85,
                      "Plan Rows": 274846,
                      "Plan Width": 16,
                      "Filter": "((l_shipdate >= '1995-02-01'::date) AND (l_shipdate < '1995-03-01 00:00:00'::timestamp without time zone))",
                      "parent": 3,
                      "ID": 4
                    },
                    {
                      "Node Type": "Hash",
                      "Parent Relationship": "Inner",
                      "Parallel Aware": true,
                      "Async Capable": false,
                      "Startup Cost": 49295.03,
                      "Total Cost": 49295.03,
                      "Plan Rows": 833302,
                      "Plan Width": 25,
                      "Plans": [
                        {
                          "Node Type": "Seq Scan",
                          "Parent Relationship": "Outer",
                          "Parallel Aware": true,
                          "Async Capable": false,
                          "Relation Name": "part",
                          "Alias": "part",
                          "Startup Cost": 0.0,
                          "Total Cost": 49295.03,
                          "Plan Rows": 833302,
                          "Plan Width": 25,
                          "parent": 5,
                          "ID": 6
                        }
                      ],
                      "parent": 3,
                      "ID": 5,
                      "left": 6
                    }
                  ],
                  "parent": 2,
                  "ID": 3,
                  "left": 4,
                  "right": 5
                }
              ],
              "parent": 1,
              "ID": 2,
              "left": 3
            }
          ],
          "parent": 0,
          "ID": 1,
          "left": 2
        }
      ],
      "parent": null,
      "ID": 0,
      "left": 1
    },
    "feat": {
      "utility": 0.0,
      "query_shape": [
        [
          "Seq Scan",
          "Hash Join",
          "Aggregate",
          "Gather"
        ],
        [
          "Seq Scan",
          "Hash",
          "Hash Join",
          "Aggregate",
          "Gather"
        ]
      ],
      "index_shape": [],
      "physical_operator": {}
    }
  },
  {
    "query": "-- Functional Query Definition\n-- Approved February 1998\n\n\nselect\nps_partkey,\nsum(ps_supplycost * ps_availqty) as value\nfrom\npartsupp,\nsupplier,\nnation\nwhere\nps_suppkey = s_suppkey\nand s_nationkey = n_nationkey\nand n_name = 'VIETNAM'\ngroup by\nps_partkey having\nsum(ps_supplycost * ps_availqty) > (\nselect\nsum(ps_supplycost * ps_availqty) * 0.0000100000\nfrom\npartsupp,\nsupplier,\nnation\nwhere\nps_suppkey = s_suppkey\nand s_nationkey = n_nationkey\nand n_name = 'VIETNAM'\n)\norder by\nvalue desc ;\n-- $ID$\n-- TPC-H/TPC-R Shipping Modes and Order Priority ",
    "indexes": "nation.n_nationkey",
    "wo plan est": {
      "Node Type": "Sort",
      "Parallel Aware": false,
      "Async Capable": false,
      "Startup Cost": 517534.29,
      "Total Cost": 517800.95,
      "Plan Rows": 106664,
      "Plan Width": 36,
      "Sort Key": [
        "(sum((partsupp.ps_supplycost * (partsupp.ps_availqty)::numeric))) DESC"
      ],
      "Plans": [
        {
          "Node Type": "Aggregate",
          "Strategy": "Plain",
          "Partial Mode": "Finalize",
          "Parent Relationship": "InitPlan",
          "Subplan Name": "InitPlan 1 (returns $1)",
          "Parallel Aware": false,
          "Async Capable": false,
          "Startup Cost": 226081.91,
          "Total Cost": 226081.92,
          "Plan Rows": 1,
          "Plan Width": 32,
          "Plans": [
            {
              "Node Type": "Gather",
              "Parent Relationship": "Outer",
              "Parallel Aware": false,
              "Async Capable": false,
              "Startup Cost": 226081.68,
              "Total Cost": 226081.89,
              "Plan Rows": 2,
              "Plan Width": 32,
              "Workers Planned": 2,
              "Single Copy": false,
              "Plans": [
                {
                  "Node Type": "Aggregate",
                  "Strategy": "Plain",
                  "Partial Mode": "Partial",
                  "Parent Relationship": "Outer",
                  "Parallel Aware": false,
                  "Async Capable": false,
                  "Startup Cost": 225081.68,
                  "Total Cost": 225081.69,
                  "Plan Rows": 1,
                  "Plan Width": 32,
                  "Plans": [
                    {
                      "Node Type": "Hash Join",
                      "Parent Relationship": "Outer",
                      "Parallel Aware": true,
                      "Async Capable": false,
                      "Join Type": "Inner",
                      "Startup Cost": 3079.09,
                      "Total Cost": 224081.71,
                      "Plan Rows": 133330,
                      "Plan Width": 10,
                      "Inner Unique": false,
                      "Hash Cond": "(partsupp_1.ps_suppkey = supplier_1.s_suppkey)",
                      "Plans": [
                        {
                          "Node Type": "Seq Scan",
                          "Parent Relationship": "Outer",
                          "Parallel Aware": true,
                          "Async Capable": false,
                          "Relation Name": "partsupp",
                          "Alias": "partsupp_1",
                          "Startup Cost": 0.0,
                          "Total Cost": 207718.58,
                          "Plan Rows": 3333258,
                          "Plan Width": 14,
                          "parent": 4,
                          "ID": 5
                        },
                        {
                          "Node Type": "Hash",
                          "Parent Relationship": "Inner",
                          "Parallel Aware": true,
                          "Async Capable": false,
                          "Startup Cost": 3049.68,
                          "Total Cost": 3049.68,
                          "Plan Rows": 2353,
                          "Plan Width": 4,
                          "Plans": [
                            {
                              "Node Type": "Hash Join",
                              "Parent Relationship": "Outer",
                              "Parallel Aware": false,
                              "Async Capable": false,
                              "Join Type": "Inner",
                              "Startup Cost": 1.32,
                              "Total Cost": 3049.68,
                              "Plan Rows": 2353,
                              "Plan Width": 4,
                              "Inner Unique": false,
                              "Hash Cond": "(supplier_1.s_nationkey = nation_1.n_nationkey)",
                              "Plans": [
                                {
                                  "Node Type": "Seq Scan",
                                  "Parent Relationship": "Outer",
                                  "Parallel Aware": true,
                                  "Async Capable": false,
                                  "Relation Name": "supplier",
                                  "Alias": "supplier_1",
                                  "Startup Cost": 0.0,
                                  "Total Cost": 2804.24,
                                  "Plan Rows": 58824,
                                  "Plan Width": 8,
                                  "parent": 7,
                                  "ID": 8
                                },
                                {
                                  "Node Type": "Hash",
                                  "Parent Relationship": "Inner",
                                  "Parallel Aware": false,
                                  "Async Capable": false,
                                  "Startup Cost": 1.31,
                                  "Total Cost": 1.31,
                                  "Plan Rows": 1,
                                  "Plan Width": 4,
                                  "Plans": [
                                    {
                                      "Node Type": "Seq Scan",
                                      "Parent Relationship": "Outer",
                                      "Parallel Aware": false,
                                      "Async Capable": false,
                                      "Relation Name": "nation",
                                      "Alias": "nation_1",
                                      "Startup Cost": 0.0,
                                      "Total Cost": 1.31,
                                      "Plan Rows": 1,
                                      "Plan Width": 4,
                                      "Filter": "(n_name = 'VIETNAM'::bpchar)",
                                      "parent": 9,
                                      "ID": 10
                                    }
                                  ],
                                  "parent": 7,
                                  "ID": 9,
                                  "left": 10
                                }
                              ],
                              "parent": 6,
                              "ID": 7,
                              "left": 8,
                              "right": 9
                            }
                          ],
                          "parent": 4,
                          "ID": 6,
                          "left": 7
                        }
                      ],
                      "parent": 3,
                      "ID": 4,
                      "left": 5,
                      "right": 6
                    }
                  ],
                  "parent": 2,
                  "ID": 3,
                  "left": 4
                }
              ],
              "parent": 1,
              "ID": 2,
              "left": 3
            }
          ],
          "parent": 0,
          "ID": 1,
          "left": 2
        },
        {
          "Node Type": "Aggregate",
          "Strategy": "Sorted",
          "Partial Mode": "Finalize",
          "Parent Relationship": "Outer",
          "Parallel Aware": false,
          "Async Capable": false,
          "Startup Cost": 238713.21,
          "Total Cost": 279625.48,
          "Plan Rows": 106664,
          "Plan Width": 36,
          "Group Key": [
            "partsupp.ps_partkey"
          ],
          "Filter": "(sum((partsupp.ps_supplycost * (partsupp.ps_availqty)::numeric)) > $1)",
          "Plans": [
            {
              "Node Type": "Gather Merge",
              "Parent Relationship": "Outer",
              "Parallel Aware": false,
              "Async Capable": false,
              "Startup Cost": 238713.21,
              "Total Cost": 272825.64,
              "Plan Rows": 266660,
              "Plan Width": 36,
              "Workers Planned": 2,
              "Plans": [
                {
                  "Node Type": "Aggregate",
                  "Strategy": "Sorted",
                  "Partial Mode": "Partial",
                  "Parent Relationship": "Outer",
                  "Parallel Aware": false,
                  "Async Capable": false,
                  "Startup Cost": 237713.18,
                  "Total Cost": 241046.43,
                  "Plan Rows": 133330,
                  "Plan Width": 36,
                  "Group Key": [
                    "partsupp.ps_partkey"
                  ],
                  "Plans": [
                    {
                      "Node Type": "Sort",
                      "Parent Relationship": "Outer",
                      "Parallel Aware": false,
                      "Async Capable": false,
                      "Startup Cost": 237713.18,
                      "Total Cost": 238046.51,
                      "Plan Rows": 133330,
                      "Plan Width": 14,
                      "Sort Key": [
                        "partsupp.ps_partkey"
                      ],
                      "Plans": [
                        {
                          "Node Type": "Hash Join",
                          "Parent Relationship": "Outer",
                          "Parallel Aware": true,
                          "Async Capable": false,
                          "Join Type": "Inner",
                          "Startup Cost": 3079.09,
                          "Total Cost": 224081.71,
                          "Plan Rows": 133330,
                          "Plan Width": 14,
                          "Inner Unique": false,
                          "Hash Cond": "(partsupp.ps_suppkey = supplier.s_suppkey)",
                          "Plans": [
                            {
                              "Node Type": "Seq Scan",
                              "Parent Relationship": "Outer",
                              "Parallel Aware": true,
                              "Async Capable": false,
                              "Relation Name": "partsupp",
                              "Alias": "partsupp",
                              "Startup Cost": 0.0,
                              "Total Cost": 207718.58,
                              "Plan Rows": 3333258,
                              "Plan Width": 18,
                              "parent": 15,
                              "ID": 16
                            },
                            {
                              "Node Type": "Hash",
                              "Parent Relationship": "Inner",
                              "Parallel Aware": true,
                              "Async Capable": false,
                              "Startup Cost": 3049.68,
                              "Total Cost": 3049.68,
                              "Plan Rows": 2353,
                              "Plan Width": 4,
                              "Plans": [
                                {
                                  "Node Type": "Hash Join",
                                  "Parent Relationship": "Outer",
                                  "Parallel Aware": false,
                                  "Async Capable": false,
                                  "Join Type": "Inner",
                                  "Startup Cost": 1.32,
                                  "Total Cost": 3049.68,
                                  "Plan Rows": 2353,
                                  "Plan Width": 4,
                                  "Inner Unique": false,
                                  "Hash Cond": "(supplier.s_nationkey = nation.n_nationkey)",
                                  "Plans": [
                                    {
                                      "Node Type": "Seq Scan",
                                      "Parent Relationship": "Outer",
                                      "Parallel Aware": true,
                                      "Async Capable": false,
                                      "Relation Name": "supplier",
                                      "Alias": "supplier",
                                      "Startup Cost": 0.0,
                                      "Total Cost": 2804.24,
                                      "Plan Rows": 58824,
                                      "Plan Width": 8,
                                      "parent": 18,
                                      "ID": 19
                                    },
                                    {
                                      "Node Type": "Hash",
                                      "Parent Relationship": "Inner",
                                      "Parallel Aware": false,
                                      "Async Capable": false,
                                      "Startup Cost": 1.31,
                                      "Total Cost": 1.31,
                                      "Plan Rows": 1,
                                      "Plan Width": 4,
                                      "Plans": [
                                        {
                                          "Node Type": "Seq Scan",
                                          "Parent Relationship": "Outer",
                                          "Parallel Aware": false,
                                          "Async Capable": false,
                                          "Relation Name": "nation",
                                          "Alias": "nation",
                                          "Startup Cost": 0.0,
                                          "Total Cost": 1.31,
                                          "Plan Rows": 1,
                                          "Plan Width": 4,
                                          "Filter": "(n_name = 'VIETNAM'::bpchar)",
                                          "parent": 20,
                                          "ID": 21
                                        }
                                      ],
                                      "parent": 18,
                                      "ID": 20,
                                      "left": 21
                                    }
                                  ],
                                  "parent": 17,
                                  "ID": 18,
                                  "left": 19,
                                  "right": 20
                                }
                              ],
                              "parent": 15,
                              "ID": 17,
                              "left": 18
                            }
                          ],
                          "parent": 14,
                          "ID": 15,
                          "left": 16,
                          "right": 17
                        }
                      ],
                      "parent": 13,
                      "ID": 14,
                      "left": 15
                    }
                  ],
                  "parent": 12,
                  "ID": 13,
                  "left": 14
                }
              ],
              "parent": 11,
              "ID": 12,
              "left": 13
            }
          ],
          "parent": 0,
          "ID": 11,
          "left": 12
        }
      ],
      "parent": null,
      "ID": 0,
      "left": 1,
      "right": 11
    },
    "feat": {
      "utility": 4.0478789118763895e-06,
      "query_shape": [
        [
          "Seq Scan",
          "Hash Join",
          "Aggregate",
          "Gather"
        ],
        [
          "Seq Scan",
          "Hash Join",
          "Hash",
          "Aggregate",
          "Gather"
        ],
        [
          "Seq Scan",
          "Hash",
          "Hash Join",
          "Aggregate",
          "Gather"
        ],
        [
          "Seq Scan",
          "Hash Join",
          "Sort",
          "Aggregate",
          "Gather Merge"
        ],
        [
          "Seq Scan",
          "Hash Join",
          "Hash",
          "Sort",
          "Aggregate",
          "Gather Merge"
        ],
        [
          "Seq Scan",
          "Hash",
          "Hash Join",
          "Sort",
          "Aggregate",
          "Gather Merge"
        ]
      ],
      "index_shape": [
        "join"
      ],
      "physical_operator": {
        "Hash Join": [
          0.20000169997917527,
          0.20000169997917527
        ]
      }
    }
  },
  {
    "query": "-- Functional Query Definition\n-- Approved February 1998\n\n\nselect\nps_partkey,\nsum(ps_supplycost * ps_availqty) as value\nfrom\npartsupp,\nsupplier,\nnation\nwhere\nps_suppkey = s_suppkey\nand s_nationkey = n_nationkey\nand n_name = 'VIETNAM'\ngroup by\nps_partkey having\nsum(ps_supplycost * ps_availqty) > (\nselect\nsum(ps_supplycost * ps_availqty) * 0.0000100000\nfrom\npartsupp,\nsupplier,\nnation\nwhere\nps_suppkey = s_suppkey\nand s_nationkey = n_nationkey\nand n_name = 'VIETNAM'\n)\norder by\nvalue desc ;\n-- $ID$\n-- TPC-H/TPC-R Shipping Modes and Order Priority ",
    "indexes": "nation.n_name",
    "wo plan est": {
      "Node Type": "Sort",
      "Parallel Aware": false,
      "Async Capable": false,
      "Startup Cost": 517534.29,
      "Total Cost": 517800.95,
      "Plan Rows": 106664,
      "Plan Width": 36,
      "Sort Key": [
        "(sum((partsupp.ps_supplycost * (partsupp.ps_availqty)::numeric))) DESC"
      ],
      "Plans": [
        {
          "Node Type": "Aggregate",
          "Strategy": "Plain",
          "Partial Mode": "Finalize",
          "Parent Relationship": "InitPlan",
          "Subplan Name": "InitPlan 1 (returns $1)",
          "Parallel Aware": false,
          "Async Capable": false,
          "Startup Cost": 226081.91,
          "Total Cost": 226081.92,
          "Plan Rows": 1,
          "Plan Width": 32,
          "Plans": [
            {
              "Node Type": "Gather",
              "Parent Relationship": "Outer",
              "Parallel Aware": false,
              "Async Capable": false,
              "Startup Cost": 226081.68,
              "Total Cost": 226081.89,
              "Plan Rows": 2,
              "Plan Width": 32,
              "Workers Planned": 2,
              "Single Copy": false,
              "Plans": [
                {
                  "Node Type": "Aggregate",
                  "Strategy": "Plain",
                  "Partial Mode": "Partial",
                  "Parent Relationship": "Outer",
                  "Parallel Aware": false,
                  "Async Capable": false,
                  "Startup Cost": 225081.68,
                  "Total Cost": 225081.69,
                  "Plan Rows": 1,
                  "Plan Width": 32,
                  "Plans": [
                    {
                      "Node Type": "Hash Join",
                      "Parent Relationship": "Outer",
                      "Parallel Aware": true,
                      "Async Capable": false,
                      "Join Type": "Inner",
                      "Startup Cost": 3079.09,
                      "Total Cost": 224081.71,
                      "Plan Rows": 133330,
                      "Plan Width": 10,
                      "Inner Unique": false,
                      "Hash Cond": "(partsupp_1.ps_suppkey = supplier_1.s_suppkey)",
                      "Plans": [
                        {
                          "Node Type": "Seq Scan",
                          "Parent Relationship": "Outer",
                          "Parallel Aware": true,
                          "Async Capable": false,
                          "Relation Name": "partsupp",
                          "Alias": "partsupp_1",
                          "Startup Cost": 0.0,
                          "Total Cost": 207718.58,
                          "Plan Rows": 3333258,
                          "Plan Width": 14,
                          "parent": 4,
                          "ID": 5
                        },
                        {
                          "Node Type": "Hash",
                          "Parent Relationship": "Inner",
                          "Parallel Aware": true,
                          "Async Capable": false,
                          "Startup Cost": 3049.68,
                          "Total Cost": 3049.68,
                          "Plan Rows": 2353,
                          "Plan Width": 4,
                          "Plans": [
                            {
                              "Node Type": "Hash Join",
                              "Parent Relationship": "Outer",
                              "Parallel Aware": false,
                              "Async Capable": false,
                              "Join Type": "Inner",
                              "Startup Cost": 1.32,
                              "Total Cost": 3049.68,
                              "Plan Rows": 2353,
                              "Plan Width": 4,
                              "Inner Unique": false,
                              "Hash Cond": "(supplier_1.s_nationkey = nation_1.n_nationkey)",
                              "Plans": [
                                {
                                  "Node Type": "Seq Scan",
                                  "Parent Relationship": "Outer",
                                  "Parallel Aware": true,
                                  "Async Capable": false,
                                  "Relation Name": "supplier",
                                  "Alias": "supplier_1",
                                  "Startup Cost": 0.0,
                                  "Total Cost": 2804.24,
                                  "Plan Rows": 58824,
                                  "Plan Width": 8,
                                  "parent": 7,
                                  "ID": 8
                                },
                                {
                                  "Node Type": "Hash",
                                  "Parent Relationship": "Inner",
                                  "Parallel Aware": false,
                                  "Async Capable": false,
                                  "Startup Cost": 1.31,
                                  "Total Cost": 1.31,
                                  "Plan Rows": 1,
                                  "Plan Width": 4,
                                  "Plans": [
                                    {
                                      "Node Type": "Seq Scan",
                                      "Parent Relationship": "Outer",
                                      "Parallel Aware": false,
                                      "Async Capable": false,
                                      "Relation Name": "nation",
                                      "Alias": "nation_1",
                                      "Startup Cost": 0.0,
                                      "Total Cost": 1.31,
                                      "Plan Rows": 1,
                                      "Plan Width": 4,
                                      "Filter": "(n_name = 'VIETNAM'::bpchar)",
                                      "parent": 9,
                                      "ID": 10
                                    }
                                  ],
                                  "parent": 7,
                                  "ID": 9,
                                  "left": 10
                                }
                              ],
                              "parent": 6,
                              "ID": 7,
                              "left": 8,
                              "right": 9
                            }
                          ],
                          "parent": 4,
                          "ID": 6,
                          "left": 7
                        }
                      ],
                      "parent": 3,
                      "ID": 4,
                      "left": 5,
                      "right": 6
                    }
                  ],
                  "parent": 2,
                  "ID": 3,
                  "left": 4
                }
              ],
              "parent": 1,
              "ID": 2,
              "left": 3
            }
          ],
          "parent": 0,
          "ID": 1,
          "left": 2
        },
        {
          "Node Type": "Aggregate",
          "Strategy": "Sorted",
          "Partial Mode": "Finalize",
          "Parent Relationship": "Outer",
          "Parallel Aware": false,
          "Async Capable": false,
          "Startup Cost": 238713.21,
          "Total Cost": 279625.48,
          "Plan Rows": 106664,
          "Plan Width": 36,
          "Group Key": [
            "partsupp.ps_partkey"
          ],
          "Filter": "(sum((partsupp.ps_supplycost * (partsupp.ps_availqty)::numeric)) > $1)",
          "Plans": [
            {
              "Node Type": "Gather Merge",
              "Parent Relationship": "Outer",
              "Parallel Aware": false,
              "Async Capable": false,
              "Startup Cost": 238713.21,
              "Total Cost": 272825.64,
              "Plan Rows": 266660,
              "Plan Width": 36,
              "Workers Planned": 2,
              "Plans": [
                {
                  "Node Type": "Aggregate",
                  "Strategy": "Sorted",
                  "Partial Mode": "Partial",
                  "Parent Relationship": "Outer",
                  "Parallel Aware": false,
                  "Async Capable": false,
                  "Startup Cost": 237713.18,
                  "Total Cost": 241046.43,
                  "Plan Rows": 133330,
                  "Plan Width": 36,
                  "Group Key": [
                    "partsupp.ps_partkey"
                  ],
                  "Plans": [
                    {
                      "Node Type": "Sort",
                      "Parent Relationship": "Outer",
                      "Parallel Aware": false,
                      "Async Capable": false,
                      "Startup Cost": 237713.18,
                      "Total Cost": 238046.51,
                      "Plan Rows": 133330,
                      "Plan Width": 14,
                      "Sort Key": [
                        "partsupp.ps_partkey"
                      ],
                      "Plans": [
                        {
                          "Node Type": "Hash Join",
                          "Parent Relationship": "Outer",
                          "Parallel Aware": true,
                          "Async Capable": false,
                          "Join Type": "Inner",
                          "Startup Cost": 3079.09,
                          "Total Cost": 224081.71,
                          "Plan Rows": 133330,
                          "Plan Width": 14,
                          "Inner Unique": false,
                          "Hash Cond": "(partsupp.ps_suppkey = supplier.s_suppkey)",
                          "Plans": [
                            {
                              "Node Type": "Seq Scan",
                              "Parent Relationship": "Outer",
                              "Parallel Aware": true,
                              "Async Capable": false,
                              "Relation Name": "partsupp",
                              "Alias": "partsupp",
                              "Startup Cost": 0.0,
                              "Total Cost": 207718.58,
                              "Plan Rows": 3333258,
                              "Plan Width": 18,
                              "parent": 15,
                              "ID": 16
                            },
                            {
                              "Node Type": "Hash",
                              "Parent Relationship": "Inner",
                              "Parallel Aware": true,
                              "Async Capable": false,
                              "Startup Cost": 3049.68,
                              "Total Cost": 3049.68,
                              "Plan Rows": 2353,
                              "Plan Width": 4,
                              "Plans": [
                                {
                                  "Node Type": "Hash Join",
                                  "Parent Relationship": "Outer",
                                  "Parallel Aware": false,
                                  "Async Capable": false,
                                  "Join Type": "Inner",
                                  "Startup Cost": 1.32,
                                  "Total Cost": 3049.68,
                                  "Plan Rows": 2353,
                                  "Plan Width": 4,
                                  "Inner Unique": false,
                                  "Hash Cond": "(supplier.s_nationkey = nation.n_nationkey)",
                                  "Plans": [
                                    {
                                      "Node Type": "Seq Scan",
                                      "Parent Relationship": "Outer",
                                      "Parallel Aware": true,
                                      "Async Capable": false,
                                      "Relation Name": "supplier",
                                      "Alias": "supplier",
                                      "Startup Cost": 0.0,
                                      "Total Cost": 2804.24,
                                      "Plan Rows": 58824,
                                      "Plan Width": 8,
                                      "parent": 18,
                                      "ID": 19
                                    },
                                    {
                                      "Node Type": "Hash",
                                      "Parent Relationship": "Inner",
                                      "Parallel Aware": false,
                                      "Async Capable": false,
                                      "Startup Cost": 1.31,
                                      "Total Cost": 1.31,
                                      "Plan Rows": 1,
                                      "Plan Width": 4,
                                      "Plans": [
                                        {
                                          "Node Type": "Seq Scan",
                                          "Parent Relationship": "Outer",
                                          "Parallel Aware": false,
                                          "Async Capable": false,
                                          "Relation Name": "nation",
                                          "Alias": "nation",
                                          "Startup Cost": 0.0,
                                          "Total Cost": 1.31,
                                          "Plan Rows": 1,
                                          "Plan Width": 4,
                                          "Filter": "(n_name = 'VIETNAM'::bpchar)",
                                          "parent": 20,
                                          "ID": 21
                                        }
                                      ],
                                      "parent": 18,
                                      "ID": 20,
                                      "left": 21
                                    }
                                  ],
                                  "parent": 17,
                                  "ID": 18,
                                  "left": 19,
                                  "right": 20
                                }
                              ],
                              "parent": 15,
                              "ID": 17,
                              "left": 18
                            }
                          ],
                          "parent": 14,
                          "ID": 15,
                          "left": 16,
                          "right": 17
                        }
                      ],
                      "parent": 13,
                      "ID": 14,
                      "left": 15
                    }
                  ],
                  "parent": 12,
                  "ID": 13,
                  "left": 14
                }
              ],
              "parent": 11,
              "ID": 12,
              "left": 13
            }
          ],
          "parent": 0,
          "ID": 11,
          "left": 12
        }
      ],
      "parent": null,
      "ID": 0,
      "left": 1,
      "right": 11
    },
    "feat": {
      "utility": 4.857465016238383e-06,
      "query_shape": [
        [
          "Seq Scan",
          "Hash Join",
          "Aggregate",
          "Gather"
        ],
        [
          "Seq Scan",
          "Hash Join",
          "Hash",
          "Aggregate",
          "Gather"
        ],
        [
          "Seq Scan",
          "Hash",
          "Hash Join",
          "Aggregate",
          "Gather"
        ],
        [
          "Seq Scan",
          "Hash Join",
          "Sort",
          "Aggregate",
          "Gather Merge"
        ],
        [
          "Seq Scan",
          "Hash Join",
          "Hash",
          "Sort",
          "Aggregate",
          "Gather Merge"
        ],
        [
          "Seq Scan",
          "Hash",
          "Hash Join",
          "Sort",
          "Aggregate",
          "Gather Merge"
        ]
      ],
      "index_shape": [
        "selection"
      ],
      "physical_operator": {
        "Seq Scan": [
          0.040000000000000036,
          0.040000000000000036
        ]
      }
    }
  },
  {
    "query": "-- Functional Query Definition\n-- Approved February 1998\n\n\nselect\nps_partkey,\nsum(ps_supplycost * ps_availqty) as value\nfrom\npartsupp,\nsupplier,\nnation\nwhere\nps_suppkey = s_suppkey\nand s_nationkey = n_nationkey\nand n_name = 'VIETNAM'\ngroup by\nps_partkey having\nsum(ps_supplycost * ps_availqty) > (\nselect\nsum(ps_supplycost * ps_availqty) * 0.0000100000\nfrom\npartsupp,\nsupplier,\nnation\nwhere\nps_suppkey = s_suppkey\nand s_nationkey = n_nationkey\nand n_name = 'VIETNAM'\n)\norder by\nvalue desc ;\n-- $ID$\n-- TPC-H/TPC-R Shipping Modes and Order Priority ",
    "indexes": "partsupp.ps_partkey",
    "wo plan est": {
      "Node Type": "Sort",
      "Parallel Aware": false,
      "Async Capable": false,
      "Startup Cost": 517534.29,
      "Total Cost": 517800.95,
      "Plan Rows": 106664,
      "Plan Width": 36,
      "Sort Key": [
        "(sum((partsupp.ps_supplycost * (partsupp.ps_availqty)::numeric))) DESC"
      ],
      "Plans": [
        {
          "Node Type": "Aggregate",
          "Strategy": "Plain",
          "Partial Mode": "Finalize",
          "Parent Relationship": "InitPlan",
          "Subplan Name": "InitPlan 1 (returns $1)",
          "Parallel Aware": false,
          "Async Capable": false,
          "Startup Cost": 226081.91,
          "Total Cost": 226081.92,
          "Plan Rows": 1,
          "Plan Width": 32,
          "Plans": [
            {
              "Node Type": "Gather",
              "Parent Relationship": "Outer",
              "Parallel Aware": false,
              "Async Capable": false,
              "Startup Cost": 226081.68,
              "Total Cost": 226081.89,
              "Plan Rows": 2,
              "Plan Width": 32,
              "Workers Planned": 2,
              "Single Copy": false,
              "Plans": [
                {
                  "Node Type": "Aggregate",
                  "Strategy": "Plain",
                  "Partial Mode": "Partial",
                  "Parent Relationship": "Outer",
                  "Parallel Aware": false,
                  "Async Capable": false,
                  "Startup Cost": 225081.68,
                  "Total Cost": 225081.69,
                  "Plan Rows": 1,
                  "Plan Width": 32,
                  "Plans": [
                    {
                      "Node Type": "Hash Join",
                      "Parent Relationship": "Outer",
                      "Parallel Aware": true,
                      "Async Capable": false,
                      "Join Type": "Inner",
                      "Startup Cost": 3079.09,
                      "Total Cost": 224081.71,
                      "Plan Rows": 133330,
                      "Plan Width": 10,
                      "Inner Unique": false,
                      "Hash Cond": "(partsupp_1.ps_suppkey = supplier_1.s_suppkey)",
                      "Plans": [
                        {
                          "Node Type": "Seq Scan",
                          "Parent Relationship": "Outer",
                          "Parallel Aware": true,
                          "Async Capable": false,
                          "Relation Name": "partsupp",
                          "Alias": "partsupp_1",
                          "Startup Cost": 0.0,
                          "Total Cost": 207718.58,
                          "Plan Rows": 3333258,
                          "Plan Width": 14,
                          "parent": 4,
                          "ID": 5
                        },
                        {
                          "Node Type": "Hash",
                          "Parent Relationship": "Inner",
                          "Parallel Aware": true,
                          "Async Capable": false,
                          "Startup Cost": 3049.68,
                          "Total Cost": 3049.68,
                          "Plan Rows": 2353,
                          "Plan Width": 4,
                          "Plans": [
                            {
                              "Node Type": "Hash Join",
                              "Parent Relationship": "Outer",
                              "Parallel Aware": false,
                              "Async Capable": false,
                              "Join Type": "Inner",
                              "Startup Cost": 1.32,
                              "Total Cost": 3049.68,
                              "Plan Rows": 2353,
                              "Plan Width": 4,
                              "Inner Unique": false,
                              "Hash Cond": "(supplier_1.s_nationkey = nation_1.n_nationkey)",
                              "Plans": [
                                {
                                  "Node Type": "Seq Scan",
                                  "Parent Relationship": "Outer",
                                  "Parallel Aware": true,
                                  "Async Capable": false,
                                  "Relation Name": "supplier",
                                  "Alias": "supplier_1",
                                  "Startup Cost": 0.0,
                                  "Total Cost": 2804.24,
                                  "Plan Rows": 58824,
                                  "Plan Width": 8,
                                  "parent": 7,
                                  "ID": 8
                                },
                                {
                                  "Node Type": "Hash",
                                  "Parent Relationship": "Inner",
                                  "Parallel Aware": false,
                                  "Async Capable": false,
                                  "Startup Cost": 1.31,
                                  "Total Cost": 1.31,
                                  "Plan Rows": 1,
                                  "Plan Width": 4,
                                  "Plans": [
                                    {
                                      "Node Type": "Seq Scan",
                                      "Parent Relationship": "Outer",
                                      "Parallel Aware": false,
                                      "Async Capable": false,
                                      "Relation Name": "nation",
                                      "Alias": "nation_1",
                                      "Startup Cost": 0.0,
                                      "Total Cost": 1.31,
                                      "Plan Rows": 1,
                                      "Plan Width": 4,
                                      "Filter": "(n_name = 'VIETNAM'::bpchar)",
                                      "parent": 9,
                                      "ID": 10
                                    }
                                  ],
                                  "parent": 7,
                                  "ID": 9,
                                  "left": 10
                                }
                              ],
                              "parent": 6,
                              "ID": 7,
                              "left": 8,
                              "right": 9
                            }
                          ],
                          "parent": 4,
                          "ID": 6,
                          "left": 7
                        }
                      ],
                      "parent": 3,
                      "ID": 4,
                      "left": 5,
                      "right": 6
                    }
                  ],
                  "parent": 2,
                  "ID": 3,
                  "left": 4
                }
              ],
              "parent": 1,
              "ID": 2,
              "left": 3
            }
          ],
          "parent": 0,
          "ID": 1,
          "left": 2
        },
        {
          "Node Type": "Aggregate",
          "Strategy": "Sorted",
          "Partial Mode": "Finalize",
          "Parent Relationship": "Outer",
          "Parallel Aware": false,
          "Async Capable": false,
          "Startup Cost": 238713.21,
          "Total Cost": 279625.48,
          "Plan Rows": 106664,
          "Plan Width": 36,
          "Group Key": [
            "partsupp.ps_partkey"
          ],
          "Filter": "(sum((partsupp.ps_supplycost * (partsupp.ps_availqty)::numeric)) > $1)",
          "Plans": [
            {
              "Node Type": "Gather Merge",
              "Parent Relationship": "Outer",
              "Parallel Aware": false,
              "Async Capable": false,
              "Startup Cost": 238713.21,
              "Total Cost": 272825.64,
              "Plan Rows": 266660,
              "Plan Width": 36,
              "Workers Planned": 2,
              "Plans": [
                {
                  "Node Type": "Aggregate",
                  "Strategy": "Sorted",
                  "Partial Mode": "Partial",
                  "Parent Relationship": "Outer",
                  "Parallel Aware": false,
                  "Async Capable": false,
                  "Startup Cost": 237713.18,
                  "Total Cost": 241046.43,
                  "Plan Rows": 133330,
                  "Plan Width": 36,
                  "Group Key": [
                    "partsupp.ps_partkey"
                  ],
                  "Plans": [
                    {
                      "Node Type": "Sort",
                      "Parent Relationship": "Outer",
                      "Parallel Aware": false,
                      "Async Capable": false,
                      "Startup Cost": 237713.18,
                      "Total Cost": 238046.51,
                      "Plan Rows": 133330,
                      "Plan Width": 14,
                      "Sort Key": [
                        "partsupp.ps_partkey"
                      ],
                      "Plans": [
                        {
                          "Node Type": "Hash Join",
                          "Parent Relationship": "Outer",
                          "Parallel Aware": true,
                          "Async Capable": false,
                          "Join Type": "Inner",
                          "Startup Cost": 3079.09,
                          "Total Cost": 224081.71,
                          "Plan Rows": 133330,
                          "Plan Width": 14,
                          "Inner Unique": false,
                          "Hash Cond": "(partsupp.ps_suppkey = supplier.s_suppkey)",
                          "Plans": [
                            {
                              "Node Type": "Seq Scan",
                              "Parent Relationship": "Outer",
                              "Parallel Aware": true,
                              "Async Capable": false,
                              "Relation Name": "partsupp",
                              "Alias": "partsupp",
                              "Startup Cost": 0.0,
                              "Total Cost": 207718.58,
                              "Plan Rows": 3333258,
                              "Plan Width": 18,
                              "parent": 15,
                              "ID": 16
                            },
                            {
                              "Node Type": "Hash",
                              "Parent Relationship": "Inner",
                              "Parallel Aware": true,
                              "Async Capable": false,
                              "Startup Cost": 3049.68,
                              "Total Cost": 3049.68,
                              "Plan Rows": 2353,
                              "Plan Width": 4,
                              "Plans": [
                                {
                                  "Node Type": "Hash Join",
                                  "Parent Relationship": "Outer",
                                  "Parallel Aware": false,
                                  "Async Capable": false,
                                  "Join Type": "Inner",
                                  "Startup Cost": 1.32,
                                  "Total Cost": 3049.68,
                                  "Plan Rows": 2353,
                                  "Plan Width": 4,
                                  "Inner Unique": false,
                                  "Hash Cond": "(supplier.s_nationkey = nation.n_nationkey)",
                                  "Plans": [
                                    {
                                      "Node Type": "Seq Scan",
                                      "Parent Relationship": "Outer",
                                      "Parallel Aware": true,
                                      "Async Capable": false,
                                      "Relation Name": "supplier",
                                      "Alias": "supplier",
                                      "Startup Cost": 0.0,
                                      "Total Cost": 2804.24,
                                      "Plan Rows": 58824,
                                      "Plan Width": 8,
                                      "parent": 18,
                                      "ID": 19
                                    },
                                    {
                                      "Node Type": "Hash",
                                      "Parent Relationship": "Inner",
                                      "Parallel Aware": false,
                                      "Async Capable": false,
                                      "Startup Cost": 1.31,
                                      "Total Cost": 1.31,
                                      "Plan Rows": 1,
                                      "Plan Width": 4,
                                      "Plans": [
                                        {
                                          "Node Type": "Seq Scan",
                                          "Parent Relationship": "Outer",
                                          "Parallel Aware": false,
                                          "Async Capable": false,
                                          "Relation Name": "nation",
                                          "Alias": "nation",
                                          "Startup Cost": 0.0,
                                          "Total Cost": 1.31,
                                          "Plan Rows": 1,
                                          "Plan Width": 4,
                                          "Filter": "(n_name = 'VIETNAM'::bpchar)",
                                          "parent": 20,
                                          "ID": 21
                                        }
                                      ],
                                      "parent": 18,
                                      "ID": 20,
                                      "left": 21
                                    }
                                  ],
                                  "parent": 17,
                                  "ID": 18,
                                  "left": 19,
                                  "right": 20
                                }
                              ],
                              "parent": 15,
                              "ID": 17,
                              "left": 18
                            }
                          ],
                          "parent": 14,
                          "ID": 15,
                          "left": 16,
                          "right": 17
                        }
                      ],
                      "parent": 13,
                      "ID": 14,
                      "left": 15
                    }
                  ],
                  "parent": 12,
                  "ID": 13,
                  "left": 14
                }
              ],
              "parent": 11,
              "ID": 12,
              "left": 13
            }
          ],
          "parent": 0,
          "ID": 11,
          "left": 12
        }
      ],
      "parent": null,
      "ID": 0,
      "left": 1,
      "right": 11
    },
    "feat": {
      "utility": 0.0,
      "query_shape": [
        [
          "Seq Scan",
          "Hash Join",
          "Aggregate",
          "Gather"
        ],
        [
          "Seq Scan",
          "Hash Join",
          "Hash",
          "Aggregate",
          "Gather"
        ],
        [
          "Seq Scan",
          "Hash",
          "Hash Join",
          "Aggregate",
          "Gather"
        ],
        [
          "Seq Scan",
          "Hash Join",
          "Sort",
          "Aggregate",
          "Gather Merge"
        ],
        [
          "Seq Scan",
          "Hash Join",
          "Hash",
          "Sort",
          "Aggregate",
          "Gather Merge"
        ],
        [
          "Seq Scan",
          "Hash",
          "Hash Join",
          "Sort",
          "Aggregate",
          "Gather Merge"
        ]
      ],
      "index_shape": [
        "order-by"
      ],
      "physical_operator": {
        "Sort": [
          "[1.0000000e+00 4.0009800e+03 8.0009600e+03 1.2000940e+04 1.6000920e+04\n 2.0000900e+04 2.4000880e+04 2.8000860e+04 3.2000840e+04 3.6000820e+04\n 4.0000800e+04 4.4000780e+04 4.8000760e+04 5.2000740e+04 5.6000720e+04\n 6.0000700e+04 6.4000680e+04 6.8000660e+04 7.2000640e+04 7.6000620e+04\n 8.0000600e+04 8.4000580e+04 8.8000560e+04 9.2000540e+04 9.6000520e+04\n 1.0000050e+05 1.0400048e+05 1.0800046e+05 1.1200044e+05 1.1600042e+05\n 1.2000040e+05 1.2400038e+05 1.2800036e+05 1.3200034e+05 1.3600032e+05\n 1.4000030e+05 1.4400028e+05 1.4800026e+05 1.5200024e+05 1.5600022e+05\n 1.6000020e+05 1.6400018e+05 1.6800016e+05 1.7200014e+05 1.7600012e+05\n 1.8000010e+05 1.8400008e+05 1.8800006e+05 1.9200004e+05 1.9600002e+05\n 2.0000000e+05]"
        ],
        "Aggregate": [
          "[1.0000000e+00 4.0009800e+03 8.0009600e+03 1.2000940e+04 1.6000920e+04\n 2.0000900e+04 2.4000880e+04 2.8000860e+04 3.2000840e+04 3.6000820e+04\n 4.0000800e+04 4.4000780e+04 4.8000760e+04 5.2000740e+04 5.6000720e+04\n 6.0000700e+04 6.4000680e+04 6.8000660e+04 7.2000640e+04 7.6000620e+04\n 8.0000600e+04 8.4000580e+04 8.8000560e+04 9.2000540e+04 9.6000520e+04\n 1.0000050e+05 1.0400048e+05 1.0800046e+05 1.1200044e+05 1.1600042e+05\n 1.2000040e+05 1.2400038e+05 1.2800036e+05 1.3200034e+05 1.3600032e+05\n 1.4000030e+05 1.4400028e+05 1.4800026e+05 1.5200024e+05 1.5600022e+05\n 1.6000020e+05 1.6400018e+05 1.6800016e+05 1.7200014e+05 1.7600012e+05\n 1.8000010e+05 1.8400008e+05 1.8800006e+05 1.9200004e+05 1.9600002e+05\n 2.0000000e+05]",
          "[1.0000000e+00 4.0009800e+03 8.0009600e+03 1.2000940e+04 1.6000920e+04\n 2.0000900e+04 2.4000880e+04 2.8000860e+04 3.2000840e+04 3.6000820e+04\n 4.0000800e+04 4.4000780e+04 4.8000760e+04 5.2000740e+04 5.6000720e+04\n 6.0000700e+04 6.4000680e+04 6.8000660e+04 7.2000640e+04 7.6000620e+04\n 8.0000600e+04 8.4000580e+04 8.8000560e+04 9.2000540e+04 9.6000520e+04\n 1.0000050e+05 1.0400048e+05 1.0800046e+05 1.1200044e+05 1.1600042e+05\n 1.2000040e+05 1.2400038e+05 1.2800036e+05 1.3200034e+05 1.3600032e+05\n 1.4000030e+05 1.4400028e+05 1.4800026e+05 1.5200024e+05 1.5600022e+05\n 1.6000020e+05 1.6400018e+05 1.6800016e+05 1.7200014e+05 1.7600012e+05\n 1.8000010e+05 1.8400008e+05 1.8800006e+05 1.9200004e+05 1.9600002e+05\n 2.0000000e+05]"
        ]
      }
    }
  },
  {
    "query": "-- Functional Query Definition\n-- Approved February 1998\n\n\nselect\nps_partkey,\nsum(ps_supplycost * ps_availqty) as value\nfrom\npartsupp,\nsupplier,\nnation\nwhere\nps_suppkey = s_suppkey\nand s_nationkey = n_nationkey\nand n_name = 'VIETNAM'\ngroup by\nps_partkey having\nsum(ps_supplycost * ps_availqty) > (\nselect\nsum(ps_supplycost * ps_availqty) * 0.0000100000\nfrom\npartsupp,\nsupplier,\nnation\nwhere\nps_suppkey = s_suppkey\nand s_nationkey = n_nationkey\nand n_name = 'VIETNAM'\n)\norder by\nvalue desc ;\n-- $ID$\n-- TPC-H/TPC-R Shipping Modes and Order Priority ",
    "indexes": "partsupp.ps_suppkey",
    "wo plan est": {
      "Node Type": "Sort",
      "Parallel Aware": false,
      "Async Capable": false,
      "Startup Cost": 517534.29,
      "Total Cost": 517800.95,
      "Plan Rows": 106664,
      "Plan Width": 36,
      "Sort Key": [
        "(sum((partsupp.ps_supplycost * (partsupp.ps_availqty)::numeric))) DESC"
      ],
      "Plans": [
        {
          "Node Type": "Aggregate",
          "Strategy": "Plain",
          "Partial Mode": "Finalize",
          "Parent Relationship": "InitPlan",
          "Subplan Name": "InitPlan 1 (returns $1)",
          "Parallel Aware": false,
          "Async Capable": false,
          "Startup Cost": 226081.91,
          "Total Cost": 226081.92,
          "Plan Rows": 1,
          "Plan Width": 32,
          "Plans": [
            {
              "Node Type": "Gather",
              "Parent Relationship": "Outer",
              "Parallel Aware": false,
              "Async Capable": false,
              "Startup Cost": 226081.68,
              "Total Cost": 226081.89,
              "Plan Rows": 2,
              "Plan Width": 32,
              "Workers Planned": 2,
              "Single Copy": false,
              "Plans": [
                {
                  "Node Type": "Aggregate",
                  "Strategy": "Plain",
                  "Partial Mode": "Partial",
                  "Parent Relationship": "Outer",
                  "Parallel Aware": false,
                  "Async Capable": false,
                  "Startup Cost": 225081.68,
                  "Total Cost": 225081.69,
                  "Plan Rows": 1,
                  "Plan Width": 32,
                  "Plans": [
                    {
                      "Node Type": "Hash Join",
                      "Parent Relationship": "Outer",
                      "Parallel Aware": true,
                      "Async Capable": false,
                      "Join Type": "Inner",
                      "Startup Cost": 3079.09,
                      "Total Cost": 224081.71,
                      "Plan Rows": 133330,
                      "Plan Width": 10,
                      "Inner Unique": false,
                      "Hash Cond": "(partsupp_1.ps_suppkey = supplier_1.s_suppkey)",
                      "Plans": [
                        {
                          "Node Type": "Seq Scan",
                          "Parent Relationship": "Outer",
                          "Parallel Aware": true,
                          "Async Capable": false,
                          "Relation Name": "partsupp",
                          "Alias": "partsupp_1",
                          "Startup Cost": 0.0,
                          "Total Cost": 207718.58,
                          "Plan Rows": 3333258,
                          "Plan Width": 14,
                          "parent": 4,
                          "ID": 5
                        },
                        {
                          "Node Type": "Hash",
                          "Parent Relationship": "Inner",
                          "Parallel Aware": true,
                          "Async Capable": false,
                          "Startup Cost": 3049.68,
                          "Total Cost": 3049.68,
                          "Plan Rows": 2353,
                          "Plan Width": 4,
                          "Plans": [
                            {
                              "Node Type": "Hash Join",
                              "Parent Relationship": "Outer",
                              "Parallel Aware": false,
                              "Async Capable": false,
                              "Join Type": "Inner",
                              "Startup Cost": 1.32,
                              "Total Cost": 3049.68,
                              "Plan Rows": 2353,
                              "Plan Width": 4,
                              "Inner Unique": false,
                              "Hash Cond": "(supplier_1.s_nationkey = nation_1.n_nationkey)",
                              "Plans": [
                                {
                                  "Node Type": "Seq Scan",
                                  "Parent Relationship": "Outer",
                                  "Parallel Aware": true,
                                  "Async Capable": false,
                                  "Relation Name": "supplier",
                                  "Alias": "supplier_1",
                                  "Startup Cost": 0.0,
                                  "Total Cost": 2804.24,
                                  "Plan Rows": 58824,
                                  "Plan Width": 8,
                                  "parent": 7,
                                  "ID": 8
                                },
                                {
                                  "Node Type": "Hash",
                                  "Parent Relationship": "Inner",
                                  "Parallel Aware": false,
                                  "Async Capable": false,
                                  "Startup Cost": 1.31,
                                  "Total Cost": 1.31,
                                  "Plan Rows": 1,
                                  "Plan Width": 4,
                                  "Plans": [
                                    {
                                      "Node Type": "Seq Scan",
                                      "Parent Relationship": "Outer",
                                      "Parallel Aware": false,
                                      "Async Capable": false,
                                      "Relation Name": "nation",
                                      "Alias": "nation_1",
                                      "Startup Cost": 0.0,
                                      "Total Cost": 1.31,
                                      "Plan Rows": 1,
                                      "Plan Width": 4,
                                      "Filter": "(n_name = 'VIETNAM'::bpchar)",
                                      "parent": 9,
                                      "ID": 10
                                    }
                                  ],
                                  "parent": 7,
                                  "ID": 9,
                                  "left": 10
                                }
                              ],
                              "parent": 6,
                              "ID": 7,
                              "left": 8,
                              "right": 9
                            }
                          ],
                          "parent": 4,
                          "ID": 6,
                          "left": 7
                        }
                      ],
                      "parent": 3,
                      "ID": 4,
                      "left": 5,
                      "right": 6
                    }
                  ],
                  "parent": 2,
                  "ID": 3,
                  "left": 4
                }
              ],
              "parent": 1,
              "ID": 2,
              "left": 3
            }
          ],
          "parent": 0,
          "ID": 1,
          "left": 2
        },
        {
          "Node Type": "Aggregate",
          "Strategy": "Sorted",
          "Partial Mode": "Finalize",
          "Parent Relationship": "Outer",
          "Parallel Aware": false,
          "Async Capable": false,
          "Startup Cost": 238713.21,
          "Total Cost": 279625.48,
          "Plan Rows": 106664,
          "Plan Width": 36,
          "Group Key": [
            "partsupp.ps_partkey"
          ],
          "Filter": "(sum((partsupp.ps_supplycost * (partsupp.ps_availqty)::numeric)) > $1)",
          "Plans": [
            {
              "Node Type": "Gather Merge",
              "Parent Relationship": "Outer",
              "Parallel Aware": false,
              "Async Capable": false,
              "Startup Cost": 238713.21,
              "Total Cost": 272825.64,
              "Plan Rows": 266660,
              "Plan Width": 36,
              "Workers Planned": 2,
              "Plans": [
                {
                  "Node Type": "Aggregate",
                  "Strategy": "Sorted",
                  "Partial Mode": "Partial",
                  "Parent Relationship": "Outer",
                  "Parallel Aware": false,
                  "Async Capable": false,
                  "Startup Cost": 237713.18,
                  "Total Cost": 241046.43,
                  "Plan Rows": 133330,
                  "Plan Width": 36,
                  "Group Key": [
                    "partsupp.ps_partkey"
                  ],
                  "Plans": [
                    {
                      "Node Type": "Sort",
                      "Parent Relationship": "Outer",
                      "Parallel Aware": false,
                      "Async Capable": false,
                      "Startup Cost": 237713.18,
                      "Total Cost": 238046.51,
                      "Plan Rows": 133330,
                      "Plan Width": 14,
                      "Sort Key": [
                        "partsupp.ps_partkey"
                      ],
                      "Plans": [
                        {
                          "Node Type": "Hash Join",
                          "Parent Relationship": "Outer",
                          "Parallel Aware": true,
                          "Async Capable": false,
                          "Join Type": "Inner",
                          "Startup Cost": 3079.09,
                          "Total Cost": 224081.71,
                          "Plan Rows": 133330,
                          "Plan Width": 14,
                          "Inner Unique": false,
                          "Hash Cond": "(partsupp.ps_suppkey = supplier.s_suppkey)",
                          "Plans": [
                            {
                              "Node Type": "Seq Scan",
                              "Parent Relationship": "Outer",
                              "Parallel Aware": true,
                              "Async Capable": false,
                              "Relation Name": "partsupp",
                              "Alias": "partsupp",
                              "Startup Cost": 0.0,
                              "Total Cost": 207718.58,
                              "Plan Rows": 3333258,
                              "Plan Width": 18,
                              "parent": 15,
                              "ID": 16
                            },
                            {
                              "Node Type": "Hash",
                              "Parent Relationship": "Inner",
                              "Parallel Aware": true,
                              "Async Capable": false,
                              "Startup Cost": 3049.68,
                              "Total Cost": 3049.68,
                              "Plan Rows": 2353,
                              "Plan Width": 4,
                              "Plans": [
                                {
                                  "Node Type": "Hash Join",
                                  "Parent Relationship": "Outer",
                                  "Parallel Aware": false,
                                  "Async Capable": false,
                                  "Join Type": "Inner",
                                  "Startup Cost": 1.32,
                                  "Total Cost": 3049.68,
                                  "Plan Rows": 2353,
                                  "Plan Width": 4,
                                  "Inner Unique": false,
                                  "Hash Cond": "(supplier.s_nationkey = nation.n_nationkey)",
                                  "Plans": [
                                    {
                                      "Node Type": "Seq Scan",
                                      "Parent Relationship": "Outer",
                                      "Parallel Aware": true,
                                      "Async Capable": false,
                                      "Relation Name": "supplier",
                                      "Alias": "supplier",
                                      "Startup Cost": 0.0,
                                      "Total Cost": 2804.24,
                                      "Plan Rows": 58824,
                                      "Plan Width": 8,
                                      "parent": 18,
                                      "ID": 19
                                    },
                                    {
                                      "Node Type": "Hash",
                                      "Parent Relationship": "Inner",
                                      "Parallel Aware": false,
                                      "Async Capable": false,
                                      "Startup Cost": 1.31,
                                      "Total Cost": 1.31,
                                      "Plan Rows": 1,
                                      "Plan Width": 4,
                                      "Plans": [
                                        {
                                          "Node Type": "Seq Scan",
                                          "Parent Relationship": "Outer",
                                          "Parallel Aware": false,
                                          "Async Capable": false,
                                          "Relation Name": "nation",
                                          "Alias": "nation",
                                          "Startup Cost": 0.0,
                                          "Total Cost": 1.31,
                                          "Plan Rows": 1,
                                          "Plan Width": 4,
                                          "Filter": "(n_name = 'VIETNAM'::bpchar)",
                                          "parent": 20,
                                          "ID": 21
                                        }
                                      ],
                                      "parent": 18,
                                      "ID": 20,
                                      "left": 21
                                    }
                                  ],
                                  "parent": 17,
                                  "ID": 18,
                                  "left": 19,
                                  "right": 20
                                }
                              ],
                              "parent": 15,
                              "ID": 17,
                              "left": 18
                            }
                          ],
                          "parent": 14,
                          "ID": 15,
                          "left": 16,
                          "right": 17
                        }
                      ],
                      "parent": 13,
                      "ID": 14,
                      "left": 15
                    }
                  ],
                  "parent": 12,
                  "ID": 13,
                  "left": 14
                }
              ],
              "parent": 11,
              "ID": 12,
              "left": 13
            }
          ],
          "parent": 0,
          "ID": 11,
          "left": 12
        }
      ],
      "parent": null,
      "ID": 0,
      "left": 1,
      "right": 11
    },
    "feat": {
      "utility": 5.038997343000708e-06,
      "query_shape": [
        [
          "Seq Scan",
          "Hash Join",
          "Aggregate",
          "Gather"
        ],
        [
          "Seq Scan",
          "Hash Join",
          "Hash",
          "Aggregate",
          "Gather"
        ],
        [
          "Seq Scan",
          "Hash",
          "Hash Join",
          "Aggregate",
          "Gather"
        ],
        [
          "Seq Scan",
          "Hash Join",
          "Sort",
          "Aggregate",
          "Gather Merge"
        ],
        [
          "Seq Scan",
          "Hash Join",
          "Hash",
          "Sort",
          "Aggregate",
          "Gather Merge"
        ],
        [
          "Seq Scan",
          "Hash",
          "Hash Join",
          "Sort",
          "Aggregate",
          "Gather Merge"
        ]
      ],
      "index_shape": [
        "join"
      ],
      "physical_operator": {
        "Hash Join": [
          0.004123049139983979,
          0.004123049139983979
        ]
      }
    }
  },
  {
    "query": "-- Functional Query Definition\n-- Approved February 1998\n\n\nselect\nps_partkey,\nsum(ps_supplycost * ps_availqty) as value\nfrom\npartsupp,\nsupplier,\nnation\nwhere\nps_suppkey = s_suppkey\nand s_nationkey = n_nationkey\nand n_name = 'VIETNAM'\ngroup by\nps_partkey having\nsum(ps_supplycost * ps_availqty) > (\nselect\nsum(ps_supplycost * ps_availqty) * 0.0000100000\nfrom\npartsupp,\nsupplier,\nnation\nwhere\nps_suppkey = s_suppkey\nand s_nationkey = n_nationkey\nand n_name = 'VIETNAM'\n)\norder by\nvalue desc ;\n-- $ID$\n-- TPC-H/TPC-R Shipping Modes and Order Priority ",
    "indexes": "partsupp.ps_availqty",
    "wo plan est": {
      "Node Type": "Sort",
      "Parallel Aware": false,
      "Async Capable": false,
      "Startup Cost": 517534.29,
      "Total Cost": 517800.95,
      "Plan Rows": 106664,
      "Plan Width": 36,
      "Sort Key": [
        "(sum((partsupp.ps_supplycost * (partsupp.ps_availqty)::numeric))) DESC"
      ],
      "Plans": [
        {
          "Node Type": "Aggregate",
          "Strategy": "Plain",
          "Partial Mode": "Finalize",
          "Parent Relationship": "InitPlan",
          "Subplan Name": "InitPlan 1 (returns $1)",
          "Parallel Aware": false,
          "Async Capable": false,
          "Startup Cost": 226081.91,
          "Total Cost": 226081.92,
          "Plan Rows": 1,
          "Plan Width": 32,
          "Plans": [
            {
              "Node Type": "Gather",
              "Parent Relationship": "Outer",
              "Parallel Aware": false,
              "Async Capable": false,
              "Startup Cost": 226081.68,
              "Total Cost": 226081.89,
              "Plan Rows": 2,
              "Plan Width": 32,
              "Workers Planned": 2,
              "Single Copy": false,
              "Plans": [
                {
                  "Node Type": "Aggregate",
                  "Strategy": "Plain",
                  "Partial Mode": "Partial",
                  "Parent Relationship": "Outer",
                  "Parallel Aware": false,
                  "Async Capable": false,
                  "Startup Cost": 225081.68,
                  "Total Cost": 225081.69,
                  "Plan Rows": 1,
                  "Plan Width": 32,
                  "Plans": [
                    {
                      "Node Type": "Hash Join",
                      "Parent Relationship": "Outer",
                      "Parallel Aware": true,
                      "Async Capable": false,
                      "Join Type": "Inner",
                      "Startup Cost": 3079.09,
                      "Total Cost": 224081.71,
                      "Plan Rows": 133330,
                      "Plan Width": 10,
                      "Inner Unique": false,
                      "Hash Cond": "(partsupp_1.ps_suppkey = supplier_1.s_suppkey)",
                      "Plans": [
                        {
                          "Node Type": "Seq Scan",
                          "Parent Relationship": "Outer",
                          "Parallel Aware": true,
                          "Async Capable": false,
                          "Relation Name": "partsupp",
                          "Alias": "partsupp_1",
                          "Startup Cost": 0.0,
                          "Total Cost": 207718.58,
                          "Plan Rows": 3333258,
                          "Plan Width": 14,
                          "parent": 4,
                          "ID": 5
                        },
                        {
                          "Node Type": "Hash",
                          "Parent Relationship": "Inner",
                          "Parallel Aware": true,
                          "Async Capable": false,
                          "Startup Cost": 3049.68,
                          "Total Cost": 3049.68,
                          "Plan Rows": 2353,
                          "Plan Width": 4,
                          "Plans": [
                            {
                              "Node Type": "Hash Join",
                              "Parent Relationship": "Outer",
                              "Parallel Aware": false,
                              "Async Capable": false,
                              "Join Type": "Inner",
                              "Startup Cost": 1.32,
                              "Total Cost": 3049.68,
                              "Plan Rows": 2353,
                              "Plan Width": 4,
                              "Inner Unique": false,
                              "Hash Cond": "(supplier_1.s_nationkey = nation_1.n_nationkey)",
                              "Plans": [
                                {
                                  "Node Type": "Seq Scan",
                                  "Parent Relationship": "Outer",
                                  "Parallel Aware": true,
                                  "Async Capable": false,
                                  "Relation Name": "supplier",
                                  "Alias": "supplier_1",
                                  "Startup Cost": 0.0,
                                  "Total Cost": 2804.24,
                                  "Plan Rows": 58824,
                                  "Plan Width": 8,
                                  "parent": 7,
                                  "ID": 8
                                },
                                {
                                  "Node Type": "Hash",
                                  "Parent Relationship": "Inner",
                                  "Parallel Aware": false,
                                  "Async Capable": false,
                                  "Startup Cost": 1.31,
                                  "Total Cost": 1.31,
                                  "Plan Rows": 1,
                                  "Plan Width": 4,
                                  "Plans": [
                                    {
                                      "Node Type": "Seq Scan",
                                      "Parent Relationship": "Outer",
                                      "Parallel Aware": false,
                                      "Async Capable": false,
                                      "Relation Name": "nation",
                                      "Alias": "nation_1",
                                      "Startup Cost": 0.0,
                                      "Total Cost": 1.31,
                                      "Plan Rows": 1,
                                      "Plan Width": 4,
                                      "Filter": "(n_name = 'VIETNAM'::bpchar)",
                                      "parent": 9,
                                      "ID": 10
                                    }
                                  ],
                                  "parent": 7,
                                  "ID": 9,
                                  "left": 10
                                }
                              ],
                              "parent": 6,
                              "ID": 7,
                              "left": 8,
                              "right": 9
                            }
                          ],
                          "parent": 4,
                          "ID": 6,
                          "left": 7
                        }
                      ],
                      "parent": 3,
                      "ID": 4,
                      "left": 5,
                      "right": 6
                    }
                  ],
                  "parent": 2,
                  "ID": 3,
                  "left": 4
                }
              ],
              "parent": 1,
              "ID": 2,
              "left": 3
            }
          ],
          "parent": 0,
          "ID": 1,
          "left": 2
        },
        {
          "Node Type": "Aggregate",
          "Strategy": "Sorted",
          "Partial Mode": "Finalize",
          "Parent Relationship": "Outer",
          "Parallel Aware": false,
          "Async Capable": false,
          "Startup Cost": 238713.21,
          "Total Cost": 279625.48,
          "Plan Rows": 106664,
          "Plan Width": 36,
          "Group Key": [
            "partsupp.ps_partkey"
          ],
          "Filter": "(sum((partsupp.ps_supplycost * (partsupp.ps_availqty)::numeric)) > $1)",
          "Plans": [
            {
              "Node Type": "Gather Merge",
              "Parent Relationship": "Outer",
              "Parallel Aware": false,
              "Async Capable": false,
              "Startup Cost": 238713.21,
              "Total Cost": 272825.64,
              "Plan Rows": 266660,
              "Plan Width": 36,
              "Workers Planned": 2,
              "Plans": [
                {
                  "Node Type": "Aggregate",
                  "Strategy": "Sorted",
                  "Partial Mode": "Partial",
                  "Parent Relationship": "Outer",
                  "Parallel Aware": false,
                  "Async Capable": false,
                  "Startup Cost": 237713.18,
                  "Total Cost": 241046.43,
                  "Plan Rows": 133330,
                  "Plan Width": 36,
                  "Group Key": [
                    "partsupp.ps_partkey"
                  ],
                  "Plans": [
                    {
                      "Node Type": "Sort",
                      "Parent Relationship": "Outer",
                      "Parallel Aware": false,
                      "Async Capable": false,
                      "Startup Cost": 237713.18,
                      "Total Cost": 238046.51,
                      "Plan Rows": 133330,
                      "Plan Width": 14,
                      "Sort Key": [
                        "partsupp.ps_partkey"
                      ],
                      "Plans": [
                        {
                          "Node Type": "Hash Join",
                          "Parent Relationship": "Outer",
                          "Parallel Aware": true,
                          "Async Capable": false,
                          "Join Type": "Inner",
                          "Startup Cost": 3079.09,
                          "Total Cost": 224081.71,
                          "Plan Rows": 133330,
                          "Plan Width": 14,
                          "Inner Unique": false,
                          "Hash Cond": "(partsupp.ps_suppkey = supplier.s_suppkey)",
                          "Plans": [
                            {
                              "Node Type": "Seq Scan",
                              "Parent Relationship": "Outer",
                              "Parallel Aware": true,
                              "Async Capable": false,
                              "Relation Name": "partsupp",
                              "Alias": "partsupp",
                              "Startup Cost": 0.0,
                              "Total Cost": 207718.58,
                              "Plan Rows": 3333258,
                              "Plan Width": 18,
                              "parent": 15,
                              "ID": 16
                            },
                            {
                              "Node Type": "Hash",
                              "Parent Relationship": "Inner",
                              "Parallel Aware": true,
                              "Async Capable": false,
                              "Startup Cost": 3049.68,
                              "Total Cost": 3049.68,
                              "Plan Rows": 2353,
                              "Plan Width": 4,
                              "Plans": [
                                {
                                  "Node Type": "Hash Join",
                                  "Parent Relationship": "Outer",
                                  "Parallel Aware": false,
                                  "Async Capable": false,
                                  "Join Type": "Inner",
                                  "Startup Cost": 1.32,
                                  "Total Cost": 3049.68,
                                  "Plan Rows": 2353,
                                  "Plan Width": 4,
                                  "Inner Unique": false,
                                  "Hash Cond": "(supplier.s_nationkey = nation.n_nationkey)",
                                  "Plans": [
                                    {
                                      "Node Type": "Seq Scan",
                                      "Parent Relationship": "Outer",
                                      "Parallel Aware": true,
                                      "Async Capable": false,
                                      "Relation Name": "supplier",
                                      "Alias": "supplier",
                                      "Startup Cost": 0.0,
                                      "Total Cost": 2804.24,
                                      "Plan Rows": 58824,
                                      "Plan Width": 8,
                                      "parent": 18,
                                      "ID": 19
                                    },
                                    {
                                      "Node Type": "Hash",
                                      "Parent Relationship": "Inner",
                                      "Parallel Aware": false,
                                      "Async Capable": false,
                                      "Startup Cost": 1.31,
                                      "Total Cost": 1.31,
                                      "Plan Rows": 1,
                                      "Plan Width": 4,
                                      "Plans": [
                                        {
                                          "Node Type": "Seq Scan",
                                          "Parent Relationship": "Outer",
                                          "Parallel Aware": false,
                                          "Async Capable": false,
                                          "Relation Name": "nation",
                                          "Alias": "nation",
                                          "Startup Cost": 0.0,
                                          "Total Cost": 1.31,
                                          "Plan Rows": 1,
                                          "Plan Width": 4,
                                          "Filter": "(n_name = 'VIETNAM'::bpchar)",
                                          "parent": 20,
                                          "ID": 21
                                        }
                                      ],
                                      "parent": 18,
                                      "ID": 20,
                                      "left": 21
                                    }
                                  ],
                                  "parent": 17,
                                  "ID": 18,
                                  "left": 19,
                                  "right": 20
                                }
                              ],
                              "parent": 15,
                              "ID": 17,
                              "left": 18
                            }
                          ],
                          "parent": 14,
                          "ID": 15,
                          "left": 16,
                          "right": 17
                        }
                      ],
                      "parent": 13,
                      "ID": 14,
                      "left": 15
                    }
                  ],
                  "parent": 12,
                  "ID": 13,
                  "left": 14
                }
              ],
              "parent": 11,
              "ID": 12,
              "left": 13
            }
          ],
          "parent": 0,
          "ID": 11,
          "left": 12
        }
      ],
      "parent": null,
      "ID": 0,
      "left": 1,
      "right": 11
    },
    "feat": {
      "utility": 0.0,
      "query_shape": [
        [
          "Seq Scan",
          "Hash Join",
          "Aggregate",
          "Gather"
        ],
        [
          "Seq Scan",
          "Hash Join",
          "Hash",
          "Aggregate",
          "Gather"
        ],
        [
          "Seq Scan",
          "Hash",
          "Hash Join",
          "Aggregate",
          "Gather"
        ],
        [
          "Seq Scan",
          "Hash Join",
          "Sort",
          "Aggregate",
          "Gather Merge"
        ],
        [
          "Seq Scan",
          "Hash Join",
          "Hash",
          "Sort",
          "Aggregate",
          "Gather Merge"
        ],
        [
          "Seq Scan",
          "Hash",
          "Hash Join",
          "Sort",
          "Aggregate",
          "Gather Merge"
        ]
      ],
      "index_shape": [
        "order-by"
      ],
      "physical_operator": {
        "Sort": [
          "[1.000e+00 2.000e+02 4.020e+02 6.020e+02 8.020e+02 1.004e+03 1.203e+03\n 1.402e+03 1.602e+03 1.802e+03 2.003e+03 2.203e+03 2.405e+03 2.608e+03\n 2.810e+03 3.011e+03 3.211e+03 3.409e+03 3.608e+03 3.807e+03 4.006e+03\n 4.206e+03 4.405e+03 4.605e+03 4.801e+03 5.003e+03 5.203e+03 5.402e+03\n 5.602e+03 5.803e+03 6.004e+03 6.204e+03 6.403e+03 6.603e+03 6.804e+03\n 7.001e+03 7.199e+03 7.398e+03 7.597e+03 7.798e+03 8.001e+03 8.201e+03\n 8.400e+03 8.601e+03 8.801e+03 9.005e+03 9.204e+03 9.403e+03 9.600e+03\n 9.799e+03 9.999e+03]"
        ],
        "Aggregate": [
          "[1.000e+00 2.000e+02 4.020e+02 6.020e+02 8.020e+02 1.004e+03 1.203e+03\n 1.402e+03 1.602e+03 1.802e+03 2.003e+03 2.203e+03 2.405e+03 2.608e+03\n 2.810e+03 3.011e+03 3.211e+03 3.409e+03 3.608e+03 3.807e+03 4.006e+03\n 4.206e+03 4.405e+03 4.605e+03 4.801e+03 5.003e+03 5.203e+03 5.402e+03\n 5.602e+03 5.803e+03 6.004e+03 6.204e+03 6.403e+03 6.603e+03 6.804e+03\n 7.001e+03 7.199e+03 7.398e+03 7.597e+03 7.798e+03 8.001e+03 8.201e+03\n 8.400e+03 8.601e+03 8.801e+03 9.005e+03 9.204e+03 9.403e+03 9.600e+03\n 9.799e+03 9.999e+03]"
        ]
      }
    }
  },
  {
    "query": "-- Functional Query Definition\n-- Approved February 1998\n\n\nselect\nps_partkey,\nsum(ps_supplycost * ps_availqty) as value\nfrom\npartsupp,\nsupplier,\nnation\nwhere\nps_suppkey = s_suppkey\nand s_nationkey = n_nationkey\nand n_name = 'VIETNAM'\ngroup by\nps_partkey having\nsum(ps_supplycost * ps_availqty) > (\nselect\nsum(ps_supplycost * ps_availqty) * 0.0000100000\nfrom\npartsupp,\nsupplier,\nnation\nwhere\nps_suppkey = s_suppkey\nand s_nationkey = n_nationkey\nand n_name = 'VIETNAM'\n)\norder by\nvalue desc ;\n-- $ID$\n-- TPC-H/TPC-R Shipping Modes and Order Priority ",
    "indexes": "partsupp.ps_supplycost",
    "wo plan est": {
      "Node Type": "Sort",
      "Parallel Aware": false,
      "Async Capable": false,
      "Startup Cost": 517534.29,
      "Total Cost": 517800.95,
      "Plan Rows": 106664,
      "Plan Width": 36,
      "Sort Key": [
        "(sum((partsupp.ps_supplycost * (partsupp.ps_availqty)::numeric))) DESC"
      ],
      "Plans": [
        {
          "Node Type": "Aggregate",
          "Strategy": "Plain",
          "Partial Mode": "Finalize",
          "Parent Relationship": "InitPlan",
          "Subplan Name": "InitPlan 1 (returns $1)",
          "Parallel Aware": false,
          "Async Capable": false,
          "Startup Cost": 226081.91,
          "Total Cost": 226081.92,
          "Plan Rows": 1,
          "Plan Width": 32,
          "Plans": [
            {
              "Node Type": "Gather",
              "Parent Relationship": "Outer",
              "Parallel Aware": false,
              "Async Capable": false,
              "Startup Cost": 226081.68,
              "Total Cost": 226081.89,
              "Plan Rows": 2,
              "Plan Width": 32,
              "Workers Planned": 2,
              "Single Copy": false,
              "Plans": [
                {
                  "Node Type": "Aggregate",
                  "Strategy": "Plain",
                  "Partial Mode": "Partial",
                  "Parent Relationship": "Outer",
                  "Parallel Aware": false,
                  "Async Capable": false,
                  "Startup Cost": 225081.68,
                  "Total Cost": 225081.69,
                  "Plan Rows": 1,
                  "Plan Width": 32,
                  "Plans": [
                    {
                      "Node Type": "Hash Join",
                      "Parent Relationship": "Outer",
                      "Parallel Aware": true,
                      "Async Capable": false,
                      "Join Type": "Inner",
                      "Startup Cost": 3079.09,
                      "Total Cost": 224081.71,
                      "Plan Rows": 133330,
                      "Plan Width": 10,
                      "Inner Unique": false,
                      "Hash Cond": "(partsupp_1.ps_suppkey = supplier_1.s_suppkey)",
                      "Plans": [
                        {
                          "Node Type": "Seq Scan",
                          "Parent Relationship": "Outer",
                          "Parallel Aware": true,
                          "Async Capable": false,
                          "Relation Name": "partsupp",
                          "Alias": "partsupp_1",
                          "Startup Cost": 0.0,
                          "Total Cost": 207718.58,
                          "Plan Rows": 3333258,
                          "Plan Width": 14,
                          "parent": 4,
                          "ID": 5
                        },
                        {
                          "Node Type": "Hash",
                          "Parent Relationship": "Inner",
                          "Parallel Aware": true,
                          "Async Capable": false,
                          "Startup Cost": 3049.68,
                          "Total Cost": 3049.68,
                          "Plan Rows": 2353,
                          "Plan Width": 4,
                          "Plans": [
                            {
                              "Node Type": "Hash Join",
                              "Parent Relationship": "Outer",
                              "Parallel Aware": false,
                              "Async Capable": false,
                              "Join Type": "Inner",
                              "Startup Cost": 1.32,
                              "Total Cost": 3049.68,
                              "Plan Rows": 2353,
                              "Plan Width": 4,
                              "Inner Unique": false,
                              "Hash Cond": "(supplier_1.s_nationkey = nation_1.n_nationkey)",
                              "Plans": [
                                {
                                  "Node Type": "Seq Scan",
                                  "Parent Relationship": "Outer",
                                  "Parallel Aware": true,
                                  "Async Capable": false,
                                  "Relation Name": "supplier",
                                  "Alias": "supplier_1",
                                  "Startup Cost": 0.0,
                                  "Total Cost": 2804.24,
                                  "Plan Rows": 58824,
                                  "Plan Width": 8,
                                  "parent": 7,
                                  "ID": 8
                                },
                                {
                                  "Node Type": "Hash",
                                  "Parent Relationship": "Inner",
                                  "Parallel Aware": false,
                                  "Async Capable": false,
                                  "Startup Cost": 1.31,
                                  "Total Cost": 1.31,
                                  "Plan Rows": 1,
                                  "Plan Width": 4,
                                  "Plans": [
                                    {
                                      "Node Type": "Seq Scan",
                                      "Parent Relationship": "Outer",
                                      "Parallel Aware": false,
                                      "Async Capable": false,
                                      "Relation Name": "nation",
                                      "Alias": "nation_1",
                                      "Startup Cost": 0.0,
                                      "Total Cost": 1.31,
                                      "Plan Rows": 1,
                                      "Plan Width": 4,
                                      "Filter": "(n_name = 'VIETNAM'::bpchar)",
                                      "parent": 9,
                                      "ID": 10
                                    }
                                  ],
                                  "parent": 7,
                                  "ID": 9,
                                  "left": 10
                                }
                              ],
                              "parent": 6,
                              "ID": 7,
                              "left": 8,
                              "right": 9
                            }
                          ],
                          "parent": 4,
                          "ID": 6,
                          "left": 7
                        }
                      ],
                      "parent": 3,
                      "ID": 4,
                      "left": 5,
                      "right": 6
                    }
                  ],
                  "parent": 2,
                  "ID": 3,
                  "left": 4
                }
              ],
              "parent": 1,
              "ID": 2,
              "left": 3
            }
          ],
          "parent": 0,
          "ID": 1,
          "left": 2
        },
        {
          "Node Type": "Aggregate",
          "Strategy": "Sorted",
          "Partial Mode": "Finalize",
          "Parent Relationship": "Outer",
          "Parallel Aware": false,
          "Async Capable": false,
          "Startup Cost": 238713.21,
          "Total Cost": 279625.48,
          "Plan Rows": 106664,
          "Plan Width": 36,
          "Group Key": [
            "partsupp.ps_partkey"
          ],
          "Filter": "(sum((partsupp.ps_supplycost * (partsupp.ps_availqty)::numeric)) > $1)",
          "Plans": [
            {
              "Node Type": "Gather Merge",
              "Parent Relationship": "Outer",
              "Parallel Aware": false,
              "Async Capable": false,
              "Startup Cost": 238713.21,
              "Total Cost": 272825.64,
              "Plan Rows": 266660,
              "Plan Width": 36,
              "Workers Planned": 2,
              "Plans": [
                {
                  "Node Type": "Aggregate",
                  "Strategy": "Sorted",
                  "Partial Mode": "Partial",
                  "Parent Relationship": "Outer",
                  "Parallel Aware": false,
                  "Async Capable": false,
                  "Startup Cost": 237713.18,
                  "Total Cost": 241046.43,
                  "Plan Rows": 133330,
                  "Plan Width": 36,
                  "Group Key": [
                    "partsupp.ps_partkey"
                  ],
                  "Plans": [
                    {
                      "Node Type": "Sort",
                      "Parent Relationship": "Outer",
                      "Parallel Aware": false,
                      "Async Capable": false,
                      "Startup Cost": 237713.18,
                      "Total Cost": 238046.51,
                      "Plan Rows": 133330,
                      "Plan Width": 14,
                      "Sort Key": [
                        "partsupp.ps_partkey"
                      ],
                      "Plans": [
                        {
                          "Node Type": "Hash Join",
                          "Parent Relationship": "Outer",
                          "Parallel Aware": true,
                          "Async Capable": false,
                          "Join Type": "Inner",
                          "Startup Cost": 3079.09,
                          "Total Cost": 224081.71,
                          "Plan Rows": 133330,
                          "Plan Width": 14,
                          "Inner Unique": false,
                          "Hash Cond": "(partsupp.ps_suppkey = supplier.s_suppkey)",
                          "Plans": [
                            {
                              "Node Type": "Seq Scan",
                              "Parent Relationship": "Outer",
                              "Parallel Aware": true,
                              "Async Capable": false,
                              "Relation Name": "partsupp",
                              "Alias": "partsupp",
                              "Startup Cost": 0.0,
                              "Total Cost": 207718.58,
                              "Plan Rows": 3333258,
                              "Plan Width": 18,
                              "parent": 15,
                              "ID": 16
                            },
                            {
                              "Node Type": "Hash",
                              "Parent Relationship": "Inner",
                              "Parallel Aware": true,
                              "Async Capable": false,
                              "Startup Cost": 3049.68,
                              "Total Cost": 3049.68,
                              "Plan Rows": 2353,
                              "Plan Width": 4,
                              "Plans": [
                                {
                                  "Node Type": "Hash Join",
                                  "Parent Relationship": "Outer",
                                  "Parallel Aware": false,
                                  "Async Capable": false,
                                  "Join Type": "Inner",
                                  "Startup Cost": 1.32,
                                  "Total Cost": 3049.68,
                                  "Plan Rows": 2353,
                                  "Plan Width": 4,
                                  "Inner Unique": false,
                                  "Hash Cond": "(supplier.s_nationkey = nation.n_nationkey)",
                                  "Plans": [
                                    {
                                      "Node Type": "Seq Scan",
                                      "Parent Relationship": "Outer",
                                      "Parallel Aware": true,
                                      "Async Capable": false,
                                      "Relation Name": "supplier",
                                      "Alias": "supplier",
                                      "Startup Cost": 0.0,
                                      "Total Cost": 2804.24,
                                      "Plan Rows": 58824,
                                      "Plan Width": 8,
                                      "parent": 18,
                                      "ID": 19
                                    },
                                    {
                                      "Node Type": "Hash",
                                      "Parent Relationship": "Inner",
                                      "Parallel Aware": false,
                                      "Async Capable": false,
                                      "Startup Cost": 1.31,
                                      "Total Cost": 1.31,
                                      "Plan Rows": 1,
                                      "Plan Width": 4,
                                      "Plans": [
                                        {
                                          "Node Type": "Seq Scan",
                                          "Parent Relationship": "Outer",
                                          "Parallel Aware": false,
                                          "Async Capable": false,
                                          "Relation Name": "nation",
                                          "Alias": "nation",
                                          "Startup Cost": 0.0,
                                          "Total Cost": 1.31,
                                          "Plan Rows": 1,
                                          "Plan Width": 4,
                                          "Filter": "(n_name = 'VIETNAM'::bpchar)",
                                          "parent": 20,
                                          "ID": 21
                                        }
                                      ],
                                      "parent": 18,
                                      "ID": 20,
                                      "left": 21
                                    }
                                  ],
                                  "parent": 17,
                                  "ID": 18,
                                  "left": 19,
                                  "right": 20
                                }
                              ],
                              "parent": 15,
                              "ID": 17,
                              "left": 18
                            }
                          ],
                          "parent": 14,
                          "ID": 15,
                          "left": 16,
                          "right": 17
                        }
                      ],
                      "parent": 13,
                      "ID": 14,
                      "left": 15
                    }
                  ],
                  "parent": 12,
                  "ID": 13,
                  "left": 14
                }
              ],
              "parent": 11,
              "ID": 12,
              "left": 13
            }
          ],
          "parent": 0,
          "ID": 11,
          "left": 12
        }
      ],
      "parent": null,
      "ID": 0,
      "left": 1,
      "right": 11
    },
    "feat": {
      "utility": 0.0,
      "query_shape": [
        [
          "Seq Scan",
          "Hash Join",
          "Aggregate",
          "Gather"
        ],
        [
          "Seq Scan",
          "Hash Join",
          "Hash",
          "Aggregate",
          "Gather"
        ],
        [
          "Seq Scan",
          "Hash",
          "Hash Join",
          "Aggregate",
          "Gather"
        ],
        [
          "Seq Scan",
          "Hash Join",
          "Sort",
          "Aggregate",
          "Gather Merge"
        ],
        [
          "Seq Scan",
          "Hash Join",
          "Hash",
          "Sort",
          "Aggregate",
          "Gather Merge"
        ],
        [
          "Seq Scan",
          "Hash",
          "Hash Join",
          "Sort",
          "Aggregate",
          "Gather Merge"
        ]
      ],
      "index_shape": [
        "order-by"
      ],
      "physical_operator": {
        "Sort": [
          "[   1.       21.2      41.36     61.36     81.36    101.28    121.22\n  141.43    161.31    181.35    201.27    221.06    240.93    260.84\n  280.97    300.97    321.08    340.9     360.75    380.85    400.74\n  420.8158  440.57    460.5454  480.61    500.41    520.43    540.14\n  560.08    580.1     600.      619.84    639.8936  659.94    679.92\n  700.14    720.35    740.22    760.1724  779.93    800.11    820.12\n  840.      859.83    879.71    899.891   919.9     939.94    959.82\n  979.83   1000.    ]"
        ],
        "Aggregate": [
          "[   1.       21.2      41.36     61.36     81.36    101.28    121.22\n  141.43    161.31    181.35    201.27    221.06    240.93    260.84\n  280.97    300.97    321.08    340.9     360.75    380.85    400.74\n  420.8158  440.57    460.5454  480.61    500.41    520.43    540.14\n  560.08    580.1     600.      619.84    639.8936  659.94    679.92\n  700.14    720.35    740.22    760.1724  779.93    800.11    820.12\n  840.      859.83    879.71    899.891   919.9     939.94    959.82\n  979.83   1000.    ]"
        ]
      }
    }
  },
  {
    "query": "-- Functional Query Definition\n-- Approved February 1998\n\n\nselect\nps_partkey,\nsum(ps_supplycost * ps_availqty) as value\nfrom\npartsupp,\nsupplier,\nnation\nwhere\nps_suppkey = s_suppkey\nand s_nationkey = n_nationkey\nand n_name = 'VIETNAM'\ngroup by\nps_partkey having\nsum(ps_supplycost * ps_availqty) > (\nselect\nsum(ps_supplycost * ps_availqty) * 0.0000100000\nfrom\npartsupp,\nsupplier,\nnation\nwhere\nps_suppkey = s_suppkey\nand s_nationkey = n_nationkey\nand n_name = 'VIETNAM'\n)\norder by\nvalue desc ;\n-- $ID$\n-- TPC-H/TPC-R Shipping Modes and Order Priority ",
    "indexes": "supplier.s_suppkey",
    "wo plan est": {
      "Node Type": "Sort",
      "Parallel Aware": false,
      "Async Capable": false,
      "Startup Cost": 517534.29,
      "Total Cost": 517800.95,
      "Plan Rows": 106664,
      "Plan Width": 36,
      "Sort Key": [
        "(sum((partsupp.ps_supplycost * (partsupp.ps_availqty)::numeric))) DESC"
      ],
      "Plans": [
        {
          "Node Type": "Aggregate",
          "Strategy": "Plain",
          "Partial Mode": "Finalize",
          "Parent Relationship": "InitPlan",
          "Subplan Name": "InitPlan 1 (returns $1)",
          "Parallel Aware": false,
          "Async Capable": false,
          "Startup Cost": 226081.91,
          "Total Cost": 226081.92,
          "Plan Rows": 1,
          "Plan Width": 32,
          "Plans": [
            {
              "Node Type": "Gather",
              "Parent Relationship": "Outer",
              "Parallel Aware": false,
              "Async Capable": false,
              "Startup Cost": 226081.68,
              "Total Cost": 226081.89,
              "Plan Rows": 2,
              "Plan Width": 32,
              "Workers Planned": 2,
              "Single Copy": false,
              "Plans": [
                {
                  "Node Type": "Aggregate",
                  "Strategy": "Plain",
                  "Partial Mode": "Partial",
                  "Parent Relationship": "Outer",
                  "Parallel Aware": false,
                  "Async Capable": false,
                  "Startup Cost": 225081.68,
                  "Total Cost": 225081.69,
                  "Plan Rows": 1,
                  "Plan Width": 32,
                  "Plans": [
                    {
                      "Node Type": "Hash Join",
                      "Parent Relationship": "Outer",
                      "Parallel Aware": true,
                      "Async Capable": false,
                      "Join Type": "Inner",
                      "Startup Cost": 3079.09,
                      "Total Cost": 224081.71,
                      "Plan Rows": 133330,
                      "Plan Width": 10,
                      "Inner Unique": false,
                      "Hash Cond": "(partsupp_1.ps_suppkey = supplier_1.s_suppkey)",
                      "Plans": [
                        {
                          "Node Type": "Seq Scan",
                          "Parent Relationship": "Outer",
                          "Parallel Aware": true,
                          "Async Capable": false,
                          "Relation Name": "partsupp",
                          "Alias": "partsupp_1",
                          "Startup Cost": 0.0,
                          "Total Cost": 207718.58,
                          "Plan Rows": 3333258,
                          "Plan Width": 14,
                          "parent": 4,
                          "ID": 5
                        },
                        {
                          "Node Type": "Hash",
                          "Parent Relationship": "Inner",
                          "Parallel Aware": true,
                          "Async Capable": false,
                          "Startup Cost": 3049.68,
                          "Total Cost": 3049.68,
                          "Plan Rows": 2353,
                          "Plan Width": 4,
                          "Plans": [
                            {
                              "Node Type": "Hash Join",
                              "Parent Relationship": "Outer",
                              "Parallel Aware": false,
                              "Async Capable": false,
                              "Join Type": "Inner",
                              "Startup Cost": 1.32,
                              "Total Cost": 3049.68,
                              "Plan Rows": 2353,
                              "Plan Width": 4,
                              "Inner Unique": false,
                              "Hash Cond": "(supplier_1.s_nationkey = nation_1.n_nationkey)",
                              "Plans": [
                                {
                                  "Node Type": "Seq Scan",
                                  "Parent Relationship": "Outer",
                                  "Parallel Aware": true,
                                  "Async Capable": false,
                                  "Relation Name": "supplier",
                                  "Alias": "supplier_1",
                                  "Startup Cost": 0.0,
                                  "Total Cost": 2804.24,
                                  "Plan Rows": 58824,
                                  "Plan Width": 8,
                                  "parent": 7,
                                  "ID": 8
                                },
                                {
                                  "Node Type": "Hash",
                                  "Parent Relationship": "Inner",
                                  "Parallel Aware": false,
                                  "Async Capable": false,
                                  "Startup Cost": 1.31,
                                  "Total Cost": 1.31,
                                  "Plan Rows": 1,
                                  "Plan Width": 4,
                                  "Plans": [
                                    {
                                      "Node Type": "Seq Scan",
                                      "Parent Relationship": "Outer",
                                      "Parallel Aware": false,
                                      "Async Capable": false,
                                      "Relation Name": "nation",
                                      "Alias": "nation_1",
                                      "Startup Cost": 0.0,
                                      "Total Cost": 1.31,
                                      "Plan Rows": 1,
                                      "Plan Width": 4,
                                      "Filter": "(n_name = 'VIETNAM'::bpchar)",
                                      "parent": 9,
                                      "ID": 10
                                    }
                                  ],
                                  "parent": 7,
                                  "ID": 9,
                                  "left": 10
                                }
                              ],
                              "parent": 6,
                              "ID": 7,
                              "left": 8,
                              "right": 9
                            }
                          ],
                          "parent": 4,
                          "ID": 6,
                          "left": 7
                        }
                      ],
                      "parent": 3,
                      "ID": 4,
                      "left": 5,
                      "right": 6
                    }
                  ],
                  "parent": 2,
                  "ID": 3,
                  "left": 4
                }
              ],
              "parent": 1,
              "ID": 2,
              "left": 3
            }
          ],
          "parent": 0,
          "ID": 1,
          "left": 2
        },
        {
          "Node Type": "Aggregate",
          "Strategy": "Sorted",
          "Partial Mode": "Finalize",
          "Parent Relationship": "Outer",
          "Parallel Aware": false,
          "Async Capable": false,
          "Startup Cost": 238713.21,
          "Total Cost": 279625.48,
          "Plan Rows": 106664,
          "Plan Width": 36,
          "Group Key": [
            "partsupp.ps_partkey"
          ],
          "Filter": "(sum((partsupp.ps_supplycost * (partsupp.ps_availqty)::numeric)) > $1)",
          "Plans": [
            {
              "Node Type": "Gather Merge",
              "Parent Relationship": "Outer",
              "Parallel Aware": false,
              "Async Capable": false,
              "Startup Cost": 238713.21,
              "Total Cost": 272825.64,
              "Plan Rows": 266660,
              "Plan Width": 36,
              "Workers Planned": 2,
              "Plans": [
                {
                  "Node Type": "Aggregate",
                  "Strategy": "Sorted",
                  "Partial Mode": "Partial",
                  "Parent Relationship": "Outer",
                  "Parallel Aware": false,
                  "Async Capable": false,
                  "Startup Cost": 237713.18,
                  "Total Cost": 241046.43,
                  "Plan Rows": 133330,
                  "Plan Width": 36,
                  "Group Key": [
                    "partsupp.ps_partkey"
                  ],
                  "Plans": [
                    {
                      "Node Type": "Sort",
                      "Parent Relationship": "Outer",
                      "Parallel Aware": false,
                      "Async Capable": false,
                      "Startup Cost": 237713.18,
                      "Total Cost": 238046.51,
                      "Plan Rows": 133330,
                      "Plan Width": 14,
                      "Sort Key": [
                        "partsupp.ps_partkey"
                      ],
                      "Plans": [
                        {
                          "Node Type": "Hash Join",
                          "Parent Relationship": "Outer",
                          "Parallel Aware": true,
                          "Async Capable": false,
                          "Join Type": "Inner",
                          "Startup Cost": 3079.09,
                          "Total Cost": 224081.71,
                          "Plan Rows": 133330,
                          "Plan Width": 14,
                          "Inner Unique": false,
                          "Hash Cond": "(partsupp.ps_suppkey = supplier.s_suppkey)",
                          "Plans": [
                            {
                              "Node Type": "Seq Scan",
                              "Parent Relationship": "Outer",
                              "Parallel Aware": true,
                              "Async Capable": false,
                              "Relation Name": "partsupp",
                              "Alias": "partsupp",
                              "Startup Cost": 0.0,
                              "Total Cost": 207718.58,
                              "Plan Rows": 3333258,
                              "Plan Width": 18,
                              "parent": 15,
                              "ID": 16
                            },
                            {
                              "Node Type": "Hash",
                              "Parent Relationship": "Inner",
                              "Parallel Aware": true,
                              "Async Capable": false,
                              "Startup Cost": 3049.68,
                              "Total Cost": 3049.68,
                              "Plan Rows": 2353,
                              "Plan Width": 4,
                              "Plans": [
                                {
                                  "Node Type": "Hash Join",
                                  "Parent Relationship": "Outer",
                                  "Parallel Aware": false,
                                  "Async Capable": false,
                                  "Join Type": "Inner",
                                  "Startup Cost": 1.32,
                                  "Total Cost": 3049.68,
                                  "Plan Rows": 2353,
                                  "Plan Width": 4,
                                  "Inner Unique": false,
                                  "Hash Cond": "(supplier.s_nationkey = nation.n_nationkey)",
                                  "Plans": [
                                    {
                                      "Node Type": "Seq Scan",
                                      "Parent Relationship": "Outer",
                                      "Parallel Aware": true,
                                      "Async Capable": false,
                                      "Relation Name": "supplier",
                                      "Alias": "supplier",
                                      "Startup Cost": 0.0,
                                      "Total Cost": 2804.24,
                                      "Plan Rows": 58824,
                                      "Plan Width": 8,
                                      "parent": 18,
                                      "ID": 19
                                    },
                                    {
                                      "Node Type": "Hash",
                                      "Parent Relationship": "Inner",
                                      "Parallel Aware": false,
                                      "Async Capable": false,
                                      "Startup Cost": 1.31,
                                      "Total Cost": 1.31,
                                      "Plan Rows": 1,
                                      "Plan Width": 4,
                                      "Plans": [
                                        {
                                          "Node Type": "Seq Scan",
                                          "Parent Relationship": "Outer",
                                          "Parallel Aware": false,
                                          "Async Capable": false,
                                          "Relation Name": "nation",
                                          "Alias": "nation",
                                          "Startup Cost": 0.0,
                                          "Total Cost": 1.31,
                                          "Plan Rows": 1,
                                          "Plan Width": 4,
                                          "Filter": "(n_name = 'VIETNAM'::bpchar)",
                                          "parent": 20,
                                          "ID": 21
                                        }
                                      ],
                                      "parent": 18,
                                      "ID": 20,
                                      "left": 21
                                    }
                                  ],
                                  "parent": 17,
                                  "ID": 18,
                                  "left": 19,
                                  "right": 20
                                }
                              ],
                              "parent": 15,
                              "ID": 17,
                              "left": 18
                            }
                          ],
                          "parent": 14,
                          "ID": 15,
                          "left": 16,
                          "right": 17
                        }
                      ],
                      "parent": 13,
                      "ID": 14,
                      "left": 15
                    }
                  ],
                  "parent": 12,
                  "ID": 13,
                  "left": 14
                }
              ],
              "parent": 11,
              "ID": 12,
              "left": 13
            }
          ],
          "parent": 0,
          "ID": 11,
          "left": 12
        }
      ],
      "parent": null,
      "ID": 0,
      "left": 1,
      "right": 11
    },
    "feat": {
      "utility": 5.038997343000708e-06,
      "query_shape": [
        [
          "Seq Scan",
          "Hash Join",
          "Aggregate",
          "Gather"
        ],
        [
          "Seq Scan",
          "Hash Join",
          "Hash",
          "Aggregate",
          "Gather"
        ],
        [
          "Seq Scan",
          "Hash",
          "Hash Join",
          "Aggregate",
          "Gather"
        ],
        [
          "Seq Scan",
          "Hash Join",
          "Sort",
          "Aggregate",
          "Gather Merge"
        ],
        [
          "Seq Scan",
          "Hash Join",
          "Hash",
          "Sort",
          "Aggregate",
          "Gather Merge"
        ],
        [
          "Seq Scan",
          "Hash",
          "Hash Join",
          "Sort",
          "Aggregate",
          "Gather Merge"
        ]
      ],
      "index_shape": [
        "join"
      ],
      "physical_operator": {
        "Hash Join": [
          0.004123049139983979,
          0.004123049139983979
        ]
      }
    }
  },
  {
    "query": "-- Functional Query Definition\n-- Approved February 1998\n\n\nselect\nps_partkey,\nsum(ps_supplycost * ps_availqty) as value\nfrom\npartsupp,\nsupplier,\nnation\nwhere\nps_suppkey = s_suppkey\nand s_nationkey = n_nationkey\nand n_name = 'VIETNAM'\ngroup by\nps_partkey having\nsum(ps_supplycost * ps_availqty) > (\nselect\nsum(ps_supplycost * ps_availqty) * 0.0000100000\nfrom\npartsupp,\nsupplier,\nnation\nwhere\nps_suppkey = s_suppkey\nand s_nationkey = n_nationkey\nand n_name = 'VIETNAM'\n)\norder by\nvalue desc ;\n-- $ID$\n-- TPC-H/TPC-R Shipping Modes and Order Priority ",
    "indexes": "supplier.s_nationkey",
    "wo plan est": {
      "Node Type": "Sort",
      "Parallel Aware": false,
      "Async Capable": false,
      "Startup Cost": 517534.29,
      "Total Cost": 517800.95,
      "Plan Rows": 106664,
      "Plan Width": 36,
      "Sort Key": [
        "(sum((partsupp.ps_supplycost * (partsupp.ps_availqty)::numeric))) DESC"
      ],
      "Plans": [
        {
          "Node Type": "Aggregate",
          "Strategy": "Plain",
          "Partial Mode": "Finalize",
          "Parent Relationship": "InitPlan",
          "Subplan Name": "InitPlan 1 (returns $1)",
          "Parallel Aware": false,
          "Async Capable": false,
          "Startup Cost": 226081.91,
          "Total Cost": 226081.92,
          "Plan Rows": 1,
          "Plan Width": 32,
          "Plans": [
            {
              "Node Type": "Gather",
              "Parent Relationship": "Outer",
              "Parallel Aware": false,
              "Async Capable": false,
              "Startup Cost": 226081.68,
              "Total Cost": 226081.89,
              "Plan Rows": 2,
              "Plan Width": 32,
              "Workers Planned": 2,
              "Single Copy": false,
              "Plans": [
                {
                  "Node Type": "Aggregate",
                  "Strategy": "Plain",
                  "Partial Mode": "Partial",
                  "Parent Relationship": "Outer",
                  "Parallel Aware": false,
                  "Async Capable": false,
                  "Startup Cost": 225081.68,
                  "Total Cost": 225081.69,
                  "Plan Rows": 1,
                  "Plan Width": 32,
                  "Plans": [
                    {
                      "Node Type": "Hash Join",
                      "Parent Relationship": "Outer",
                      "Parallel Aware": true,
                      "Async Capable": false,
                      "Join Type": "Inner",
                      "Startup Cost": 3079.09,
                      "Total Cost": 224081.71,
                      "Plan Rows": 133330,
                      "Plan Width": 10,
                      "Inner Unique": false,
                      "Hash Cond": "(partsupp_1.ps_suppkey = supplier_1.s_suppkey)",
                      "Plans": [
                        {
                          "Node Type": "Seq Scan",
                          "Parent Relationship": "Outer",
                          "Parallel Aware": true,
                          "Async Capable": false,
                          "Relation Name": "partsupp",
                          "Alias": "partsupp_1",
                          "Startup Cost": 0.0,
                          "Total Cost": 207718.58,
                          "Plan Rows": 3333258,
                          "Plan Width": 14,
                          "parent": 4,
                          "ID": 5
                        },
                        {
                          "Node Type": "Hash",
                          "Parent Relationship": "Inner",
                          "Parallel Aware": true,
                          "Async Capable": false,
                          "Startup Cost": 3049.68,
                          "Total Cost": 3049.68,
                          "Plan Rows": 2353,
                          "Plan Width": 4,
                          "Plans": [
                            {
                              "Node Type": "Hash Join",
                              "Parent Relationship": "Outer",
                              "Parallel Aware": false,
                              "Async Capable": false,
                              "Join Type": "Inner",
                              "Startup Cost": 1.32,
                              "Total Cost": 3049.68,
                              "Plan Rows": 2353,
                              "Plan Width": 4,
                              "Inner Unique": false,
                              "Hash Cond": "(supplier_1.s_nationkey = nation_1.n_nationkey)",
                              "Plans": [
                                {
                                  "Node Type": "Seq Scan",
                                  "Parent Relationship": "Outer",
                                  "Parallel Aware": true,
                                  "Async Capable": false,
                                  "Relation Name": "supplier",
                                  "Alias": "supplier_1",
                                  "Startup Cost": 0.0,
                                  "Total Cost": 2804.24,
                                  "Plan Rows": 58824,
                                  "Plan Width": 8,
                                  "parent": 7,
                                  "ID": 8
                                },
                                {
                                  "Node Type": "Hash",
                                  "Parent Relationship": "Inner",
                                  "Parallel Aware": false,
                                  "Async Capable": false,
                                  "Startup Cost": 1.31,
                                  "Total Cost": 1.31,
                                  "Plan Rows": 1,
                                  "Plan Width": 4,
                                  "Plans": [
                                    {
                                      "Node Type": "Seq Scan",
                                      "Parent Relationship": "Outer",
                                      "Parallel Aware": false,
                                      "Async Capable": false,
                                      "Relation Name": "nation",
                                      "Alias": "nation_1",
                                      "Startup Cost": 0.0,
                                      "Total Cost": 1.31,
                                      "Plan Rows": 1,
                                      "Plan Width": 4,
                                      "Filter": "(n_name = 'VIETNAM'::bpchar)",
                                      "parent": 9,
                                      "ID": 10
                                    }
                                  ],
                                  "parent": 7,
                                  "ID": 9,
                                  "left": 10
                                }
                              ],
                              "parent": 6,
                              "ID": 7,
                              "left": 8,
                              "right": 9
                            }
                          ],
                          "parent": 4,
                          "ID": 6,
                          "left": 7
                        }
                      ],
                      "parent": 3,
                      "ID": 4,
                      "left": 5,
                      "right": 6
                    }
                  ],
                  "parent": 2,
                  "ID": 3,
                  "left": 4
                }
              ],
              "parent": 1,
              "ID": 2,
              "left": 3
            }
          ],
          "parent": 0,
          "ID": 1,
          "left": 2
        },
        {
          "Node Type": "Aggregate",
          "Strategy": "Sorted",
          "Partial Mode": "Finalize",
          "Parent Relationship": "Outer",
          "Parallel Aware": false,
          "Async Capable": false,
          "Startup Cost": 238713.21,
          "Total Cost": 279625.48,
          "Plan Rows": 106664,
          "Plan Width": 36,
          "Group Key": [
            "partsupp.ps_partkey"
          ],
          "Filter": "(sum((partsupp.ps_supplycost * (partsupp.ps_availqty)::numeric)) > $1)",
          "Plans": [
            {
              "Node Type": "Gather Merge",
              "Parent Relationship": "Outer",
              "Parallel Aware": false,
              "Async Capable": false,
              "Startup Cost": 238713.21,
              "Total Cost": 272825.64,
              "Plan Rows": 266660,
              "Plan Width": 36,
              "Workers Planned": 2,
              "Plans": [
                {
                  "Node Type": "Aggregate",
                  "Strategy": "Sorted",
                  "Partial Mode": "Partial",
                  "Parent Relationship": "Outer",
                  "Parallel Aware": false,
                  "Async Capable": false,
                  "Startup Cost": 237713.18,
                  "Total Cost": 241046.43,
                  "Plan Rows": 133330,
                  "Plan Width": 36,
                  "Group Key": [
                    "partsupp.ps_partkey"
                  ],
                  "Plans": [
                    {
                      "Node Type": "Sort",
                      "Parent Relationship": "Outer",
                      "Parallel Aware": false,
                      "Async Capable": false,
                      "Startup Cost": 237713.18,
                      "Total Cost": 238046.51,
                      "Plan Rows": 133330,
                      "Plan Width": 14,
                      "Sort Key": [
                        "partsupp.ps_partkey"
                      ],
                      "Plans": [
                        {
                          "Node Type": "Hash Join",
                          "Parent Relationship": "Outer",
                          "Parallel Aware": true,
                          "Async Capable": false,
                          "Join Type": "Inner",
                          "Startup Cost": 3079.09,
                          "Total Cost": 224081.71,
                          "Plan Rows": 133330,
                          "Plan Width": 14,
                          "Inner Unique": false,
                          "Hash Cond": "(partsupp.ps_suppkey = supplier.s_suppkey)",
                          "Plans": [
                            {
                              "Node Type": "Seq Scan",
                              "Parent Relationship": "Outer",
                              "Parallel Aware": true,
                              "Async Capable": false,
                              "Relation Name": "partsupp",
                              "Alias": "partsupp",
                              "Startup Cost": 0.0,
                              "Total Cost": 207718.58,
                              "Plan Rows": 3333258,
                              "Plan Width": 18,
                              "parent": 15,
                              "ID": 16
                            },
                            {
                              "Node Type": "Hash",
                              "Parent Relationship": "Inner",
                              "Parallel Aware": true,
                              "Async Capable": false,
                              "Startup Cost": 3049.68,
                              "Total Cost": 3049.68,
                              "Plan Rows": 2353,
                              "Plan Width": 4,
                              "Plans": [
                                {
                                  "Node Type": "Hash Join",
                                  "Parent Relationship": "Outer",
                                  "Parallel Aware": false,
                                  "Async Capable": false,
                                  "Join Type": "Inner",
                                  "Startup Cost": 1.32,
                                  "Total Cost": 3049.68,
                                  "Plan Rows": 2353,
                                  "Plan Width": 4,
                                  "Inner Unique": false,
                                  "Hash Cond": "(supplier.s_nationkey = nation.n_nationkey)",
                                  "Plans": [
                                    {
                                      "Node Type": "Seq Scan",
                                      "Parent Relationship": "Outer",
                                      "Parallel Aware": true,
                                      "Async Capable": false,
                                      "Relation Name": "supplier",
                                      "Alias": "supplier",
                                      "Startup Cost": 0.0,
                                      "Total Cost": 2804.24,
                                      "Plan Rows": 58824,
                                      "Plan Width": 8,
                                      "parent": 18,
                                      "ID": 19
                                    },
                                    {
                                      "Node Type": "Hash",
                                      "Parent Relationship": "Inner",
                                      "Parallel Aware": false,
                                      "Async Capable": false,
                                      "Startup Cost": 1.31,
                                      "Total Cost": 1.31,
                                      "Plan Rows": 1,
                                      "Plan Width": 4,
                                      "Plans": [
                                        {
                                          "Node Type": "Seq Scan",
                                          "Parent Relationship": "Outer",
                                          "Parallel Aware": false,
                                          "Async Capable": false,
                                          "Relation Name": "nation",
                                          "Alias": "nation",
                                          "Startup Cost": 0.0,
                                          "Total Cost": 1.31,
                                          "Plan Rows": 1,
                                          "Plan Width": 4,
                                          "Filter": "(n_name = 'VIETNAM'::bpchar)",
                                          "parent": 20,
                                          "ID": 21
                                        }
                                      ],
                                      "parent": 18,
                                      "ID": 20,
                                      "left": 21
                                    }
                                  ],
                                  "parent": 17,
                                  "ID": 18,
                                  "left": 19,
                                  "right": 20
                                }
                              ],
                              "parent": 15,
                              "ID": 17,
                              "left": 18
                            }
                          ],
                          "parent": 14,
                          "ID": 15,
                          "left": 16,
                          "right": 17
                        }
                      ],
                      "parent": 13,
                      "ID": 14,
                      "left": 15
                    }
                  ],
                  "parent": 12,
                  "ID": 13,
                  "left": 14
                }
              ],
              "parent": 11,
              "ID": 12,
              "left": 13
            }
          ],
          "parent": 0,
          "ID": 11,
          "left": 12
        }
      ],
      "parent": null,
      "ID": 0,
      "left": 1,
      "right": 11
    },
    "feat": {
      "utility": 4.0478789118763895e-06,
      "query_shape": [
        [
          "Seq Scan",
          "Hash Join",
          "Aggregate",
          "Gather"
        ],
        [
          "Seq Scan",
          "Hash Join",
          "Hash",
          "Aggregate",
          "Gather"
        ],
        [
          "Seq Scan",
          "Hash",
          "Hash Join",
          "Aggregate",
          "Gather"
        ],
        [
          "Seq Scan",
          "Hash Join",
          "Sort",
          "Aggregate",
          "Gather Merge"
        ],
        [
          "Seq Scan",
          "Hash Join",
          "Hash",
          "Sort",
          "Aggregate",
          "Gather Merge"
        ],
        [
          "Seq Scan",
          "Hash",
          "Hash Join",
          "Sort",
          "Aggregate",
          "Gather Merge"
        ]
      ],
      "index_shape": [
        "join"
      ],
      "physical_operator": {
        "Hash Join": [
          0.20000169997917527,
          0.20000169997917527
        ]
      }
    }
  }
]