[
  {
    "query": "-- Functional Query Definition\n-- Approved February 1998\n\n\nselect\nl_shipmode,\nsum(case\nwhen o_orderpriority = '1-URGENT'\nor o_orderpriority = '2-HIGH'\nthen 1\nelse 0\nend) as high_line_count,\nsum(case\nwhen o_orderpriority <> '1-URGENT'\nand o_orderpriority <> '2-HIGH'\nthen 1\nelse 0\nend) as low_line_count\nfrom\norders,\nlineitem\nwhere\no_orderkey = l_orderkey\nand l_shipmode in ('AIR', 'MAIL')\nand l_commitdate < l_receiptdate\nand l_shipdate < l_commitdate\nand l_receiptdate >= date '1994-01-01'\nand l_receiptdate < date '1994-01-01' + interval '1' year\ngroup by\nl_shipmode\norder by\nl_shipmode ;\n-- $ID$\n-- TPC-H/TPC-R Customer Distribution ",
    "indexes": "lineitem.l_orderkey",
    "wo plan est": {
      "Node Type": "Aggregate",
      "Strategy": "Sorted",
      "Partial Mode": "Finalize",
      "Parallel Aware": false,
      "Async Capable": false,
      "Startup Cost": 2178472.67,
      "Total Cost": 2180860.61,
      "Plan Rows": 7,
      "Plan Width": 27,
      "Group Key": [
        "lineitem.l_shipmode"
      ],
      "Plans": [
        {
          "Node Type": "Gather Merge",
          "Parent Relationship": "Outer",
          "Parallel Aware": false,
          "Async Capable": false,
          "Startup Cost": 2178472.67,
          "Total Cost": 2180860.43,
          "Plan Rows": 14,
          "Plan Width": 27,
          "Workers Planned": 2,
          "Plans": [
            {
              "Node Type": "Aggregate",
              "Strategy": "Sorted",
              "Partial Mode": "Partial",
              "Parent Relationship": "Outer",
              "Parallel Aware": false,
              "Async Capable": false,
              "Startup Cost": 2177472.64,
              "Total Cost": 2179858.79,
              "Plan Rows": 7,
              "Plan Width": 27,
              "Group Key": [
                "lineitem.l_shipmode"
              ],
              "Plans": [
                {
                  "Node Type": "Sort",
                  "Parent Relationship": "Outer",
                  "Parallel Aware": false,
                  "Async Capable": false,
                  "Startup Cost": 2177472.64,
                  "Total Cost": 2177770.9,
                  "Plan Rows": 119304,
                  "Plan Width": 27,
                  "Sort Key": [
                    "lineitem.l_shipmode"
                  ],
                  "Plans": [
                    {
                      "Node Type": "Hash Join",
                      "Parent Relationship": "Outer",
                      "Parallel Aware": true,
                      "Async Capable": false,
                      "Join Type": "Inner",
                      "Startup Cost": 438146.35,
                      "Total Cost": 2164556.76,
                      "Plan Rows": 119304,
                      "Plan Width": 27,
                      "Inner Unique": false,
                      "Hash Cond": "(lineitem.l_orderkey = orders.o_orderkey)",
                      "Plans": [
                        {
                          "Node Type": "Seq Scan",
                          "Parent Relationship": "Outer",
                          "Parallel Aware": true,
                          "Async Capable": false,
                          "Relation Name": "lineitem",
                          "Alias": "lineitem",
                          "Startup Cost": 0.0,
                          "Total Cost": 1686935.27,
                          "Plan Rows": 119304,
                          "Plan Width": 15,
                          "Filter": "((l_shipmode = ANY ('{AIR,MAIL}'::bpchar[])) AND (l_commitdate < l_receiptdate) AND (l_shipdate < l_commitdate) AND (l_receiptdate >= '1994-01-01'::date) AND (l_receiptdate < '1995-01-01 00:00:00'::timestamp without time zone))",
                          "parent": 4,
                          "ID": 5
                        },
                        {
                          "Node Type": "Hash",
                          "Parent Relationship": "Inner",
                          "Parallel Aware": true,
                          "Async Capable": false,
                          "Startup Cost": 323407.71,
                          "Total Cost": 323407.71,
                          "Plan Rows": 6249571,
                          "Plan Width": 20,
                          "Plans": [
                            {
                              "Node Type": "Seq Scan",
                              "Parent Relationship": "Outer",
                              "Parallel Aware": true,
                              "Async Capable": false,
                              "Relation Name": "orders",
                              "Alias": "orders",
                              "Startup Cost": 0.0,
                              "Total Cost": 323407.71,
                              "Plan Rows": 6249571,
                              "Plan Width": 20,
                              "parent": 6,
                              "ID": 7
                            }
                          ],
                          "parent": 4,
                          "ID": 6,
                          "left": 7
                        }
                      ],
                      "parent": 3,
                      "ID": 4,
                      "left": 5,
                      "right": 6
                    }
                  ],
                  "parent": 2,
                  "ID": 3,
                  "left": 4
                }
              ],
              "parent": 1,
              "ID": 2,
              "left": 3
            }
          ],
          "parent": 0,
          "ID": 1,
          "left": 2
        }
      ],
      "parent": null,
      "ID": 0,
      "left": 1
    },
    "feat": {
      "utility": 0.14823429842039765,
      "query_shape": [
        [
          "Seq Scan",
          "Hash Join",
          "Sort",
          "Aggregate",
          "Gather Merge"
        ],
        [
          "Seq Scan",
          "Hash",
          "Hash Join",
          "Sort",
          "Aggregate",
          "Gather Merge"
        ]
      ],
      "index_shape": [
        "join"
      ],
      "physical_operator": {
        "Hash Join": [
          0.00040001372870675787
        ]
      }
    }
  },
  {
    "query": "-- Functional Query Definition\n-- Approved February 1998\n\n\nselect\nl_shipmode,\nsum(case\nwhen o_orderpriority = '1-URGENT'\nor o_orderpriority = '2-HIGH'\nthen 1\nelse 0\nend) as high_line_count,\nsum(case\nwhen o_orderpriority <> '1-URGENT'\nand o_orderpriority <> '2-HIGH'\nthen 1\nelse 0\nend) as low_line_count\nfrom\norders,\nlineitem\nwhere\no_orderkey = l_orderkey\nand l_shipmode in ('AIR', 'MAIL')\nand l_commitdate < l_receiptdate\nand l_shipdate < l_commitdate\nand l_receiptdate >= date '1994-01-01'\nand l_receiptdate < date '1994-01-01' + interval '1' year\ngroup by\nl_shipmode\norder by\nl_shipmode ;\n-- $ID$\n-- TPC-H/TPC-R Customer Distribution ",
    "indexes": "lineitem.l_shipdate",
    "wo plan est": {
      "Node Type": "Aggregate",
      "Strategy": "Sorted",
      "Partial Mode": "Finalize",
      "Parallel Aware": false,
      "Async Capable": false,
      "Startup Cost": 2178472.67,
      "Total Cost": 2180860.61,
      "Plan Rows": 7,
      "Plan Width": 27,
      "Group Key": [
        "lineitem.l_shipmode"
      ],
      "Plans": [
        {
          "Node Type": "Gather Merge",
          "Parent Relationship": "Outer",
          "Parallel Aware": false,
          "Async Capable": false,
          "Startup Cost": 2178472.67,
          "Total Cost": 2180860.43,
          "Plan Rows": 14,
          "Plan Width": 27,
          "Workers Planned": 2,
          "Plans": [
            {
              "Node Type": "Aggregate",
              "Strategy": "Sorted",
              "Partial Mode": "Partial",
              "Parent Relationship": "Outer",
              "Parallel Aware": false,
              "Async Capable": false,
              "Startup Cost": 2177472.64,
              "Total Cost": 2179858.79,
              "Plan Rows": 7,
              "Plan Width": 27,
              "Group Key": [
                "lineitem.l_shipmode"
              ],
              "Plans": [
                {
                  "Node Type": "Sort",
                  "Parent Relationship": "Outer",
                  "Parallel Aware": false,
                  "Async Capable": false,
                  "Startup Cost": 2177472.64,
                  "Total Cost": 2177770.9,
                  "Plan Rows": 119304,
                  "Plan Width": 27,
                  "Sort Key": [
                    "lineitem.l_shipmode"
                  ],
                  "Plans": [
                    {
                      "Node Type": "Hash Join",
                      "Parent Relationship": "Outer",
                      "Parallel Aware": true,
                      "Async Capable": false,
                      "Join Type": "Inner",
                      "Startup Cost": 438146.35,
                      "Total Cost": 2164556.76,
                      "Plan Rows": 119304,
                      "Plan Width": 27,
                      "Inner Unique": false,
                      "Hash Cond": "(lineitem.l_orderkey = orders.o_orderkey)",
                      "Plans": [
                        {
                          "Node Type": "Seq Scan",
                          "Parent Relationship": "Outer",
                          "Parallel Aware": true,
                          "Async Capable": false,
                          "Relation Name": "lineitem",
                          "Alias": "lineitem",
                          "Startup Cost": 0.0,
                          "Total Cost": 1686935.27,
                          "Plan Rows": 119304,
                          "Plan Width": 15,
                          "Filter": "((l_shipmode = ANY ('{AIR,MAIL}'::bpchar[])) AND (l_commitdate < l_receiptdate) AND (l_shipdate < l_commitdate) AND (l_receiptdate >= '1994-01-01'::date) AND (l_receiptdate < '1995-01-01 00:00:00'::timestamp without time zone))",
                          "parent": 4,
                          "ID": 5
                        },
                        {
                          "Node Type": "Hash",
                          "Parent Relationship": "Inner",
                          "Parallel Aware": true,
                          "Async Capable": false,
                          "Startup Cost": 323407.71,
                          "Total Cost": 323407.71,
                          "Plan Rows": 6249571,
                          "Plan Width": 20,
                          "Plans": [
                            {
                              "Node Type": "Seq Scan",
                              "Parent Relationship": "Outer",
                              "Parallel Aware": true,
                              "Async Capable": false,
                              "Relation Name": "orders",
                              "Alias": "orders",
                              "Startup Cost": 0.0,
                              "Total Cost": 323407.71,
                              "Plan Rows": 6249571,
                              "Plan Width": 20,
                              "parent": 6,
                              "ID": 7
                            }
                          ],
                          "parent": 4,
                          "ID": 6,
                          "left": 7
                        }
                      ],
                      "parent": 3,
                      "ID": 4,
                      "left": 5,
                      "right": 6
                    }
                  ],
                  "parent": 2,
                  "ID": 3,
                  "left": 4
                }
              ],
              "parent": 1,
              "ID": 2,
              "left": 3
            }
          ],
          "parent": 0,
          "ID": 1,
          "left": 2
        }
      ],
      "parent": null,
      "ID": 0,
      "left": 1
    },
    "feat": {
      "utility": 0.771980089048026,
      "query_shape": [
        [
          "Seq Scan",
          "Hash Join",
          "Sort",
          "Aggregate",
          "Gather Merge"
        ],
        [
          "Seq Scan",
          "Hash",
          "Hash Join",
          "Sort",
          "Aggregate",
          "Gather Merge"
        ]
      ],
      "index_shape": [
        "selection"
      ],
      "physical_operator": {
        "Seq Scan": [
          0.0019884000000000013
        ]
      }
    }
  },
  {
    "query": "-- Functional Query Definition\n-- Approved February 1998\n\n\nselect\nl_shipmode,\nsum(case\nwhen o_orderpriority = '1-URGENT'\nor o_orderpriority = '2-HIGH'\nthen 1\nelse 0\nend) as high_line_count,\nsum(case\nwhen o_orderpriority <> '1-URGENT'\nand o_orderpriority <> '2-HIGH'\nthen 1\nelse 0\nend) as low_line_count\nfrom\norders,\nlineitem\nwhere\no_orderkey = l_orderkey\nand l_shipmode in ('AIR', 'MAIL')\nand l_commitdate < l_receiptdate\nand l_shipdate < l_commitdate\nand l_receiptdate >= date '1994-01-01'\nand l_receiptdate < date '1994-01-01' + interval '1' year\ngroup by\nl_shipmode\norder by\nl_shipmode ;\n-- $ID$\n-- TPC-H/TPC-R Customer Distribution ",
    "indexes": "lineitem.l_commitdate",
    "wo plan est": {
      "Node Type": "Aggregate",
      "Strategy": "Sorted",
      "Partial Mode": "Finalize",
      "Parallel Aware": false,
      "Async Capable": false,
      "Startup Cost": 2178472.67,
      "Total Cost": 2180860.61,
      "Plan Rows": 7,
      "Plan Width": 27,
      "Group Key": [
        "lineitem.l_shipmode"
      ],
      "Plans": [
        {
          "Node Type": "Gather Merge",
          "Parent Relationship": "Outer",
          "Parallel Aware": false,
          "Async Capable": false,
          "Startup Cost": 2178472.67,
          "Total Cost": 2180860.43,
          "Plan Rows": 14,
          "Plan Width": 27,
          "Workers Planned": 2,
          "Plans": [
            {
              "Node Type": "Aggregate",
              "Strategy": "Sorted",
              "Partial Mode": "Partial",
              "Parent Relationship": "Outer",
              "Parallel Aware": false,
              "Async Capable": false,
              "Startup Cost": 2177472.64,
              "Total Cost": 2179858.79,
              "Plan Rows": 7,
              "Plan Width": 27,
              "Group Key": [
                "lineitem.l_shipmode"
              ],
              "Plans": [
                {
                  "Node Type": "Sort",
                  "Parent Relationship": "Outer",
                  "Parallel Aware": false,
                  "Async Capable": false,
                  "Startup Cost": 2177472.64,
                  "Total Cost": 2177770.9,
                  "Plan Rows": 119304,
                  "Plan Width": 27,
                  "Sort Key": [
                    "lineitem.l_shipmode"
                  ],
                  "Plans": [
                    {
                      "Node Type": "Hash Join",
                      "Parent Relationship": "Outer",
                      "Parallel Aware": true,
                      "Async Capable": false,
                      "Join Type": "Inner",
                      "Startup Cost": 438146.35,
                      "Total Cost": 2164556.76,
                      "Plan Rows": 119304,
                      "Plan Width": 27,
                      "Inner Unique": false,
                      "Hash Cond": "(lineitem.l_orderkey = orders.o_orderkey)",
                      "Plans": [
                        {
                          "Node Type": "Seq Scan",
                          "Parent Relationship": "Outer",
                          "Parallel Aware": true,
                          "Async Capable": false,
                          "Relation Name": "lineitem",
                          "Alias": "lineitem",
                          "Startup Cost": 0.0,
                          "Total Cost": 1686935.27,
                          "Plan Rows": 119304,
                          "Plan Width": 15,
                          "Filter": "((l_shipmode = ANY ('{AIR,MAIL}'::bpchar[])) AND (l_commitdate < l_receiptdate) AND (l_shipdate < l_commitdate) AND (l_receiptdate >= '1994-01-01'::date) AND (l_receiptdate < '1995-01-01 00:00:00'::timestamp without time zone))",
                          "parent": 4,
                          "ID": 5
                        },
                        {
                          "Node Type": "Hash",
                          "Parent Relationship": "Inner",
                          "Parallel Aware": true,
                          "Async Capable": false,
                          "Startup Cost": 323407.71,
                          "Total Cost": 323407.71,
                          "Plan Rows": 6249571,
                          "Plan Width": 20,
                          "Plans": [
                            {
                              "Node Type": "Seq Scan",
                              "Parent Relationship": "Outer",
                              "Parallel Aware": true,
                              "Async Capable": false,
                              "Relation Name": "orders",
                              "Alias": "orders",
                              "Startup Cost": 0.0,
                              "Total Cost": 323407.71,
                              "Plan Rows": 6249571,
                              "Plan Width": 20,
                              "parent": 6,
                              "ID": 7
                            }
                          ],
                          "parent": 4,
                          "ID": 6,
                          "left": 7
                        }
                      ],
                      "parent": 3,
                      "ID": 4,
                      "left": 5,
                      "right": 6
                    }
                  ],
                  "parent": 2,
                  "ID": 3,
                  "left": 4
                }
              ],
              "parent": 1,
              "ID": 2,
              "left": 3
            }
          ],
          "parent": 0,
          "ID": 1,
          "left": 2
        }
      ],
      "parent": null,
      "ID": 0,
      "left": 1
    },
    "feat": {
      "utility": 0.771980089048026,
      "query_shape": [
        [
          "Seq Scan",
          "Hash Join",
          "Sort",
          "Aggregate",
          "Gather Merge"
        ],
        [
          "Seq Scan",
          "Hash",
          "Hash Join",
          "Sort",
          "Aggregate",
          "Gather Merge"
        ]
      ],
      "index_shape": [
        "selection"
      ],
      "physical_operator": {
        "Seq Scan": [
          0.0019884000000000013
        ]
      }
    }
  },
  {
    "query": "-- Functional Query Definition\n-- Approved February 1998\n\n\nselect\nl_shipmode,\nsum(case\nwhen o_orderpriority = '1-URGENT'\nor o_orderpriority = '2-HIGH'\nthen 1\nelse 0\nend) as high_line_count,\nsum(case\nwhen o_orderpriority <> '1-URGENT'\nand o_orderpriority <> '2-HIGH'\nthen 1\nelse 0\nend) as low_line_count\nfrom\norders,\nlineitem\nwhere\no_orderkey = l_orderkey\nand l_shipmode in ('AIR', 'MAIL')\nand l_commitdate < l_receiptdate\nand l_shipdate < l_commitdate\nand l_receiptdate >= date '1994-01-01'\nand l_receiptdate < date '1994-01-01' + interval '1' year\ngroup by\nl_shipmode\norder by\nl_shipmode ;\n-- $ID$\n-- TPC-H/TPC-R Customer Distribution ",
    "indexes": "lineitem.l_receiptdate",
    "wo plan est": {
      "Node Type": "Aggregate",
      "Strategy": "Sorted",
      "Partial Mode": "Finalize",
      "Parallel Aware": false,
      "Async Capable": false,
      "Startup Cost": 2178472.67,
      "Total Cost": 2180860.61,
      "Plan Rows": 7,
      "Plan Width": 27,
      "Group Key": [
        "lineitem.l_shipmode"
      ],
      "Plans": [
        {
          "Node Type": "Gather Merge",
          "Parent Relationship": "Outer",
          "Parallel Aware": false,
          "Async Capable": false,
          "Startup Cost": 2178472.67,
          "Total Cost": 2180860.43,
          "Plan Rows": 14,
          "Plan Width": 27,
          "Workers Planned": 2,
          "Plans": [
            {
              "Node Type": "Aggregate",
              "Strategy": "Sorted",
              "Partial Mode": "Partial",
              "Parent Relationship": "Outer",
              "Parallel Aware": false,
              "Async Capable": false,
              "Startup Cost": 2177472.64,
              "Total Cost": 2179858.79,
              "Plan Rows": 7,
              "Plan Width": 27,
              "Group Key": [
                "lineitem.l_shipmode"
              ],
              "Plans": [
                {
                  "Node Type": "Sort",
                  "Parent Relationship": "Outer",
                  "Parallel Aware": false,
                  "Async Capable": false,
                  "Startup Cost": 2177472.64,
                  "Total Cost": 2177770.9,
                  "Plan Rows": 119304,
                  "Plan Width": 27,
                  "Sort Key": [
                    "lineitem.l_shipmode"
                  ],
                  "Plans": [
                    {
                      "Node Type": "Hash Join",
                      "Parent Relationship": "Outer",
                      "Parallel Aware": true,
                      "Async Capable": false,
                      "Join Type": "Inner",
                      "Startup Cost": 438146.35,
                      "Total Cost": 2164556.76,
                      "Plan Rows": 119304,
                      "Plan Width": 27,
                      "Inner Unique": false,
                      "Hash Cond": "(lineitem.l_orderkey = orders.o_orderkey)",
                      "Plans": [
                        {
                          "Node Type": "Seq Scan",
                          "Parent Relationship": "Outer",
                          "Parallel Aware": true,
                          "Async Capable": false,
                          "Relation Name": "lineitem",
                          "Alias": "lineitem",
                          "Startup Cost": 0.0,
                          "Total Cost": 1686935.27,
                          "Plan Rows": 119304,
                          "Plan Width": 15,
                          "Filter": "((l_shipmode = ANY ('{AIR,MAIL}'::bpchar[])) AND (l_commitdate < l_receiptdate) AND (l_shipdate < l_commitdate) AND (l_receiptdate >= '1994-01-01'::date) AND (l_receiptdate < '1995-01-01 00:00:00'::timestamp without time zone))",
                          "parent": 4,
                          "ID": 5
                        },
                        {
                          "Node Type": "Hash",
                          "Parent Relationship": "Inner",
                          "Parallel Aware": true,
                          "Async Capable": false,
                          "Startup Cost": 323407.71,
                          "Total Cost": 323407.71,
                          "Plan Rows": 6249571,
                          "Plan Width": 20,
                          "Plans": [
                            {
                              "Node Type": "Seq Scan",
                              "Parent Relationship": "Outer",
                              "Parallel Aware": true,
                              "Async Capable": false,
                              "Relation Name": "orders",
                              "Alias": "orders",
                              "Startup Cost": 0.0,
                              "Total Cost": 323407.71,
                              "Plan Rows": 6249571,
                              "Plan Width": 20,
                              "parent": 6,
                              "ID": 7
                            }
                          ],
                          "parent": 4,
                          "ID": 6,
                          "left": 7
                        }
                      ],
                      "parent": 3,
                      "ID": 4,
                      "left": 5,
                      "right": 6
                    }
                  ],
                  "parent": 2,
                  "ID": 3,
                  "left": 4
                }
              ],
              "parent": 1,
              "ID": 2,
              "left": 3
            }
          ],
          "parent": 0,
          "ID": 1,
          "left": 2
        }
      ],
      "parent": null,
      "ID": 0,
      "left": 1
    },
    "feat": {
      "utility": 0.771980089048026,
      "query_shape": [
        [
          "Seq Scan",
          "Hash Join",
          "Sort",
          "Aggregate",
          "Gather Merge"
        ],
        [
          "Seq Scan",
          "Hash",
          "Hash Join",
          "Sort",
          "Aggregate",
          "Gather Merge"
        ]
      ],
      "index_shape": [
        "selection"
      ],
      "physical_operator": {
        "Seq Scan": [
          0.0019884000000000013
        ]
      }
    }
  },
  {
    "query": "-- Functional Query Definition\n-- Approved February 1998\n\n\nselect\nl_shipmode,\nsum(case\nwhen o_orderpriority = '1-URGENT'\nor o_orderpriority = '2-HIGH'\nthen 1\nelse 0\nend) as high_line_count,\nsum(case\nwhen o_orderpriority <> '1-URGENT'\nand o_orderpriority <> '2-HIGH'\nthen 1\nelse 0\nend) as low_line_count\nfrom\norders,\nlineitem\nwhere\no_orderkey = l_orderkey\nand l_shipmode in ('AIR', 'MAIL')\nand l_commitdate < l_receiptdate\nand l_shipdate < l_commitdate\nand l_receiptdate >= date '1994-01-01'\nand l_receiptdate < date '1994-01-01' + interval '1' year\ngroup by\nl_shipmode\norder by\nl_shipmode ;\n-- $ID$\n-- TPC-H/TPC-R Customer Distribution ",
    "indexes": "lineitem.l_shipmode",
    "wo plan est": {
      "Node Type": "Aggregate",
      "Strategy": "Sorted",
      "Partial Mode": "Finalize",
      "Parallel Aware": false,
      "Async Capable": false,
      "Startup Cost": 2178472.67,
      "Total Cost": 2180860.61,
      "Plan Rows": 7,
      "Plan Width": 27,
      "Group Key": [
        "lineitem.l_shipmode"
      ],
      "Plans": [
        {
          "Node Type": "Gather Merge",
          "Parent Relationship": "Outer",
          "Parallel Aware": false,
          "Async Capable": false,
          "Startup Cost": 2178472.67,
          "Total Cost": 2180860.43,
          "Plan Rows": 14,
          "Plan Width": 27,
          "Workers Planned": 2,
          "Plans": [
            {
              "Node Type": "Aggregate",
              "Strategy": "Sorted",
              "Partial Mode": "Partial",
              "Parent Relationship": "Outer",
              "Parallel Aware": false,
              "Async Capable": false,
              "Startup Cost": 2177472.64,
              "Total Cost": 2179858.79,
              "Plan Rows": 7,
              "Plan Width": 27,
              "Group Key": [
                "lineitem.l_shipmode"
              ],
              "Plans": [
                {
                  "Node Type": "Sort",
                  "Parent Relationship": "Outer",
                  "Parallel Aware": false,
                  "Async Capable": false,
                  "Startup Cost": 2177472.64,
                  "Total Cost": 2177770.9,
                  "Plan Rows": 119304,
                  "Plan Width": 27,
                  "Sort Key": [
                    "lineitem.l_shipmode"
                  ],
                  "Plans": [
                    {
                      "Node Type": "Hash Join",
                      "Parent Relationship": "Outer",
                      "Parallel Aware": true,
                      "Async Capable": false,
                      "Join Type": "Inner",
                      "Startup Cost": 438146.35,
                      "Total Cost": 2164556.76,
                      "Plan Rows": 119304,
                      "Plan Width": 27,
                      "Inner Unique": false,
                      "Hash Cond": "(lineitem.l_orderkey = orders.o_orderkey)",
                      "Plans": [
                        {
                          "Node Type": "Seq Scan",
                          "Parent Relationship": "Outer",
                          "Parallel Aware": true,
                          "Async Capable": false,
                          "Relation Name": "lineitem",
                          "Alias": "lineitem",
                          "Startup Cost": 0.0,
                          "Total Cost": 1686935.27,
                          "Plan Rows": 119304,
                          "Plan Width": 15,
                          "Filter": "((l_shipmode = ANY ('{AIR,MAIL}'::bpchar[])) AND (l_commitdate < l_receiptdate) AND (l_shipdate < l_commitdate) AND (l_receiptdate >= '1994-01-01'::date) AND (l_receiptdate < '1995-01-01 00:00:00'::timestamp without time zone))",
                          "parent": 4,
                          "ID": 5
                        },
                        {
                          "Node Type": "Hash",
                          "Parent Relationship": "Inner",
                          "Parallel Aware": true,
                          "Async Capable": false,
                          "Startup Cost": 323407.71,
                          "Total Cost": 323407.71,
                          "Plan Rows": 6249571,
                          "Plan Width": 20,
                          "Plans": [
                            {
                              "Node Type": "Seq Scan",
                              "Parent Relationship": "Outer",
                              "Parallel Aware": true,
                              "Async Capable": false,
                              "Relation Name": "orders",
                              "Alias": "orders",
                              "Startup Cost": 0.0,
                              "Total Cost": 323407.71,
                              "Plan Rows": 6249571,
                              "Plan Width": 20,
                              "parent": 6,
                              "ID": 7
                            }
                          ],
                          "parent": 4,
                          "ID": 6,
                          "left": 7
                        }
                      ],
                      "parent": 3,
                      "ID": 4,
                      "left": 5,
                      "right": 6
                    }
                  ],
                  "parent": 2,
                  "ID": 3,
                  "left": 4
                }
              ],
              "parent": 1,
              "ID": 2,
              "left": 3
            }
          ],
          "parent": 0,
          "ID": 1,
          "left": 2
        }
      ],
      "parent": null,
      "ID": 0,
      "left": 1
    },
    "feat": {
      "utility": 0.771980089048026,
      "query_shape": [
        [
          "Seq Scan",
          "Hash Join",
          "Sort",
          "Aggregate",
          "Gather Merge"
        ],
        [
          "Seq Scan",
          "Hash",
          "Hash Join",
          "Sort",
          "Aggregate",
          "Gather Merge"
        ]
      ],
      "index_shape": [
        "selection"
      ],
      "physical_operator": {
        "Seq Scan": [
          0.0019884000000000013
        ],
        "Sort": [
          "[0. 0. 0. 0. 0. 0. 0. 0. 0. 0. 0. 0. 0. 0. 0. 0. 0. 0. 0. 0. 0. 0. 0. 0.\n 0. 0. 0. 0. 0. 0. 0. 0. 0. 0. 0. 0. 0. 0. 0. 0. 0. 0. 0. 0. 0. 0. 0. 0.\n 0. 0. 0.]"
        ],
        "Aggregate": [
          "[0. 0. 0. 0. 0. 0. 0. 0. 0. 0. 0. 0. 0. 0. 0. 0. 0. 0. 0. 0. 0. 0. 0. 0.\n 0. 0. 0. 0. 0. 0. 0. 0. 0. 0. 0. 0. 0. 0. 0. 0. 0. 0. 0. 0. 0. 0. 0. 0.\n 0. 0. 0.]",
          "[0. 0. 0. 0. 0. 0. 0. 0. 0. 0. 0. 0. 0. 0. 0. 0. 0. 0. 0. 0. 0. 0. 0. 0.\n 0. 0. 0. 0. 0. 0. 0. 0. 0. 0. 0. 0. 0. 0. 0. 0. 0. 0. 0. 0. 0. 0. 0. 0.\n 0. 0. 0.]"
        ]
      }
    }
  },
  {
    "query": "-- Functional Query Definition\n-- Approved February 1998\n\n\nselect\nl_shipmode,\nsum(case\nwhen o_orderpriority = '1-URGENT'\nor o_orderpriority = '2-HIGH'\nthen 1\nelse 0\nend) as high_line_count,\nsum(case\nwhen o_orderpriority <> '1-URGENT'\nand o_orderpriority <> '2-HIGH'\nthen 1\nelse 0\nend) as low_line_count\nfrom\norders,\nlineitem\nwhere\no_orderkey = l_orderkey\nand l_shipmode in ('AIR', 'MAIL')\nand l_commitdate < l_receiptdate\nand l_shipdate < l_commitdate\nand l_receiptdate >= date '1994-01-01'\nand l_receiptdate < date '1994-01-01' + interval '1' year\ngroup by\nl_shipmode\norder by\nl_shipmode ;\n-- $ID$\n-- TPC-H/TPC-R Customer Distribution ",
    "indexes": "orders.o_orderkey",
    "wo plan est": {
      "Node Type": "Aggregate",
      "Strategy": "Sorted",
      "Partial Mode": "Finalize",
      "Parallel Aware": false,
      "Async Capable": false,
      "Startup Cost": 2178472.67,
      "Total Cost": 2180860.61,
      "Plan Rows": 7,
      "Plan Width": 27,
      "Group Key": [
        "lineitem.l_shipmode"
      ],
      "Plans": [
        {
          "Node Type": "Gather Merge",
          "Parent Relationship": "Outer",
          "Parallel Aware": false,
          "Async Capable": false,
          "Startup Cost": 2178472.67,
          "Total Cost": 2180860.43,
          "Plan Rows": 14,
          "Plan Width": 27,
          "Workers Planned": 2,
          "Plans": [
            {
              "Node Type": "Aggregate",
              "Strategy": "Sorted",
              "Partial Mode": "Partial",
              "Parent Relationship": "Outer",
              "Parallel Aware": false,
              "Async Capable": false,
              "Startup Cost": 2177472.64,
              "Total Cost": 2179858.79,
              "Plan Rows": 7,
              "Plan Width": 27,
              "Group Key": [
                "lineitem.l_shipmode"
              ],
              "Plans": [
                {
                  "Node Type": "Sort",
                  "Parent Relationship": "Outer",
                  "Parallel Aware": false,
                  "Async Capable": false,
                  "Startup Cost": 2177472.64,
                  "Total Cost": 2177770.9,
                  "Plan Rows": 119304,
                  "Plan Width": 27,
                  "Sort Key": [
                    "lineitem.l_shipmode"
                  ],
                  "Plans": [
                    {
                      "Node Type": "Hash Join",
                      "Parent Relationship": "Outer",
                      "Parallel Aware": true,
                      "Async Capable": false,
                      "Join Type": "Inner",
                      "Startup Cost": 438146.35,
                      "Total Cost": 2164556.76,
                      "Plan Rows": 119304,
                      "Plan Width": 27,
                      "Inner Unique": false,
                      "Hash Cond": "(lineitem.l_orderkey = orders.o_orderkey)",
                      "Plans": [
                        {
                          "Node Type": "Seq Scan",
                          "Parent Relationship": "Outer",
                          "Parallel Aware": true,
                          "Async Capable": false,
                          "Relation Name": "lineitem",
                          "Alias": "lineitem",
                          "Startup Cost": 0.0,
                          "Total Cost": 1686935.27,
                          "Plan Rows": 119304,
                          "Plan Width": 15,
                          "Filter": "((l_shipmode = ANY ('{AIR,MAIL}'::bpchar[])) AND (l_commitdate < l_receiptdate) AND (l_shipdate < l_commitdate) AND (l_receiptdate >= '1994-01-01'::date) AND (l_receiptdate < '1995-01-01 00:00:00'::timestamp without time zone))",
                          "parent": 4,
                          "ID": 5
                        },
                        {
                          "Node Type": "Hash",
                          "Parent Relationship": "Inner",
                          "Parallel Aware": true,
                          "Async Capable": false,
                          "Startup Cost": 323407.71,
                          "Total Cost": 323407.71,
                          "Plan Rows": 6249571,
                          "Plan Width": 20,
                          "Plans": [
                            {
                              "Node Type": "Seq Scan",
                              "Parent Relationship": "Outer",
                              "Parallel Aware": true,
                              "Async Capable": false,
                              "Relation Name": "orders",
                              "Alias": "orders",
                              "Startup Cost": 0.0,
                              "Total Cost": 323407.71,
                              "Plan Rows": 6249571,
                              "Plan Width": 20,
                              "parent": 6,
                              "ID": 7
                            }
                          ],
                          "parent": 4,
                          "ID": 6,
                          "left": 7
                        }
                      ],
                      "parent": 3,
                      "ID": 4,
                      "left": 5,
                      "right": 6
                    }
                  ],
                  "parent": 2,
                  "ID": 3,
                  "left": 4
                }
              ],
              "parent": 1,
              "ID": 2,
              "left": 3
            }
          ],
          "parent": 0,
          "ID": 1,
          "left": 2
        }
      ],
      "parent": null,
      "ID": 0,
      "left": 1
    },
    "feat": {
      "utility": 0.14823429842039765,
      "query_shape": [
        [
          "Seq Scan",
          "Hash Join",
          "Sort",
          "Aggregate",
          "Gather Merge"
        ],
        [
          "Seq Scan",
          "Hash",
          "Hash Join",
          "Sort",
          "Aggregate",
          "Gather Merge"
        ]
      ],
      "index_shape": [
        "join"
      ],
      "physical_operator": {
        "Hash Join": [
          0.00040001372870675787
        ]
      }
    }
  },
  {
    "query": "-- Functional Query Definition\n-- Approved February 1998\n\n\nselect\nl_shipmode,\nsum(case\nwhen o_orderpriority = '1-URGENT'\nor o_orderpriority = '2-HIGH'\nthen 1\nelse 0\nend) as high_line_count,\nsum(case\nwhen o_orderpriority <> '1-URGENT'\nand o_orderpriority <> '2-HIGH'\nthen 1\nelse 0\nend) as low_line_count\nfrom\norders,\nlineitem\nwhere\no_orderkey = l_orderkey\nand l_shipmode in ('AIR', 'MAIL')\nand l_commitdate < l_receiptdate\nand l_shipdate < l_commitdate\nand l_receiptdate >= date '1994-01-01'\nand l_receiptdate < date '1994-01-01' + interval '1' year\ngroup by\nl_shipmode\norder by\nl_shipmode ;\n-- $ID$\n-- TPC-H/TPC-R Customer Distribution ",
    "indexes": "orders.o_orderpriority",
    "wo plan est": {
      "Node Type": "Aggregate",
      "Strategy": "Sorted",
      "Partial Mode": "Finalize",
      "Parallel Aware": false,
      "Async Capable": false,
      "Startup Cost": 2178472.67,
      "Total Cost": 2180860.61,
      "Plan Rows": 7,
      "Plan Width": 27,
      "Group Key": [
        "lineitem.l_shipmode"
      ],
      "Plans": [
        {
          "Node Type": "Gather Merge",
          "Parent Relationship": "Outer",
          "Parallel Aware": false,
          "Async Capable": false,
          "Startup Cost": 2178472.67,
          "Total Cost": 2180860.43,
          "Plan Rows": 14,
          "Plan Width": 27,
          "Workers Planned": 2,
          "Plans": [
            {
              "Node Type": "Aggregate",
              "Strategy": "Sorted",
              "Partial Mode": "Partial",
              "Parent Relationship": "Outer",
              "Parallel Aware": false,
              "Async Capable": false,
              "Startup Cost": 2177472.64,
              "Total Cost": 2179858.79,
              "Plan Rows": 7,
              "Plan Width": 27,
              "Group Key": [
                "lineitem.l_shipmode"
              ],
              "Plans": [
                {
                  "Node Type": "Sort",
                  "Parent Relationship": "Outer",
                  "Parallel Aware": false,
                  "Async Capable": false,
                  "Startup Cost": 2177472.64,
                  "Total Cost": 2177770.9,
                  "Plan Rows": 119304,
                  "Plan Width": 27,
                  "Sort Key": [
                    "lineitem.l_shipmode"
                  ],
                  "Plans": [
                    {
                      "Node Type": "Hash Join",
                      "Parent Relationship": "Outer",
                      "Parallel Aware": true,
                      "Async Capable": false,
                      "Join Type": "Inner",
                      "Startup Cost": 438146.35,
                      "Total Cost": 2164556.76,
                      "Plan Rows": 119304,
                      "Plan Width": 27,
                      "Inner Unique": false,
                      "Hash Cond": "(lineitem.l_orderkey = orders.o_orderkey)",
                      "Plans": [
                        {
                          "Node Type": "Seq Scan",
                          "Parent Relationship": "Outer",
                          "Parallel Aware": true,
                          "Async Capable": false,
                          "Relation Name": "lineitem",
                          "Alias": "lineitem",
                          "Startup Cost": 0.0,
                          "Total Cost": 1686935.27,
                          "Plan Rows": 119304,
                          "Plan Width": 15,
                          "Filter": "((l_shipmode = ANY ('{AIR,MAIL}'::bpchar[])) AND (l_commitdate < l_receiptdate) AND (l_shipdate < l_commitdate) AND (l_receiptdate >= '1994-01-01'::date) AND (l_receiptdate < '1995-01-01 00:00:00'::timestamp without time zone))",
                          "parent": 4,
                          "ID": 5
                        },
                        {
                          "Node Type": "Hash",
                          "Parent Relationship": "Inner",
                          "Parallel Aware": true,
                          "Async Capable": false,
                          "Startup Cost": 323407.71,
                          "Total Cost": 323407.71,
                          "Plan Rows": 6249571,
                          "Plan Width": 20,
                          "Plans": [
                            {
                              "Node Type": "Seq Scan",
                              "Parent Relationship": "Outer",
                              "Parallel Aware": true,
                              "Async Capable": false,
                              "Relation Name": "orders",
                              "Alias": "orders",
                              "Startup Cost": 0.0,
                              "Total Cost": 323407.71,
                              "Plan Rows": 6249571,
                              "Plan Width": 20,
                              "parent": 6,
                              "ID": 7
                            }
                          ],
                          "parent": 4,
                          "ID": 6,
                          "left": 7
                        }
                      ],
                      "parent": 3,
                      "ID": 4,
                      "left": 5,
                      "right": 6
                    }
                  ],
                  "parent": 2,
                  "ID": 3,
                  "left": 4
                }
              ],
              "parent": 1,
              "ID": 2,
              "left": 3
            }
          ],
          "parent": 0,
          "ID": 1,
          "left": 2
        }
      ],
      "parent": null,
      "ID": 0,
      "left": 1
    },
    "feat": {
      "utility": 0.0,
      "query_shape": [
        [
          "Seq Scan",
          "Hash Join",
          "Sort",
          "Aggregate",
          "Gather Merge"
        ],
        [
          "Seq Scan",
          "Hash",
          "Hash Join",
          "Sort",
          "Aggregate",
          "Gather Merge"
        ]
      ],
      "index_shape": [],
      "physical_operator": {}
    }
  },
  {
    "query": "-- Functional Query Definition\n-- Approved February 1998\n\n\nselect\nnation,\no_year,\nsum(amount) as sum_profit\nfrom\n(\nselect\nn_name as nation,\nextract(year from o_orderdate) as o_year,\nl_extendedprice * (1 - l_discount) - ps_supplycost * l_quantity as amount\nfrom\npart,\nsupplier,\nlineitem,\npartsupp,\norders,\nnation\nwhere\ns_suppkey = l_suppkey\nand ps_suppkey = l_suppkey\nand ps_partkey = l_partkey\nand p_partkey = l_partkey\nand o_orderkey = l_orderkey\nand s_nationkey = n_nationkey\nand p_name like '%lime%'\n) as profit\ngroup by\nnation,\no_year\norder by\nnation,\no_year desc ;\n-- $ID$\n-- TPC-H/TPC-R Returned Item Reporting ",
    "indexes": "lineitem.l_orderkey",
    "wo plan est": {
      "Node Type": "Aggregate",
      "Strategy": "Sorted",
      "Partial Mode": "Finalize",
      "Parallel Aware": false,
      "Async Capable": false,
      "Startup Cost": 2170040.99,
      "Total Cost": 2170050.68,
      "Plan Rows": 90,
      "Plan Width": 90,
      "Group Key": [
        "nation.n_name",
        "(EXTRACT(year FROM orders.o_orderdate))"
      ],
      "Plans": [
        {
          "Node Type": "Gather Merge",
          "Parent Relationship": "Outer",
          "Parallel Aware": false,
          "Async Capable": false,
          "Startup Cost": 2170040.99,
          "Total Cost": 2170048.8,
          "Plan Rows": 53,
          "Plan Width": 90,
          "Workers Planned": 1,
          "Plans": [
            {
              "Node Type": "Aggregate",
              "Strategy": "Sorted",
              "Partial Mode": "Partial",
              "Parent Relationship": "Outer",
              "Parallel Aware": false,
              "Async Capable": false,
              "Startup Cost": 2169040.98,
              "Total Cost": 2169042.83,
              "Plan Rows": 53,
              "Plan Width": 90,
              "Group Key": [
                "nation.n_name",
                "(EXTRACT(year FROM orders.o_orderdate))"
              ],
              "Plans": [
                {
                  "Node Type": "Sort",
                  "Parent Relationship": "Outer",
                  "Parallel Aware": false,
                  "Async Capable": false,
                  "Startup Cost": 2169040.98,
                  "Total Cost": 2169041.11,
                  "Plan Rows": 53,
                  "Plan Width": 81,
                  "Sort Key": [
                    "nation.n_name",
                    "(EXTRACT(year FROM orders.o_orderdate)) DESC"
                  ],
                  "Plans": [
                    {
                      "Node Type": "Hash Join",
                      "Parent Relationship": "Outer",
                      "Parallel Aware": false,
                      "Async Capable": false,
                      "Join Type": "Inner",
                      "Startup Cost": 2166013.55,
                      "Total Cost": 2169039.46,
                      "Plan Rows": 53,
                      "Plan Width": 81,
                      "Inner Unique": false,
                      "Hash Cond": "(supplier.s_nationkey = nation.n_nationkey)",
                      "Plans": [
                        {
                          "Node Type": "Hash Join",
                          "Parent Relationship": "Outer",
                          "Parallel Aware": true,
                          "Async Capable": false,
                          "Join Type": "Inner",
                          "Startup Cost": 2166011.99,
                          "Total Cost": 2169037.03,
                          "Plan Rows": 53,
                          "Plan Width": 31,
                          "Inner Unique": false,
                          "Hash Cond": "(supplier.s_suppkey = lineitem.l_suppkey)",
                          "Plans": [
                            {
                              "Node Type": "Seq Scan",
                              "Parent Relationship": "Outer",
                              "Parallel Aware": true,
                              "Async Capable": false,
                              "Relation Name": "supplier",
                              "Alias": "supplier",
                              "Startup Cost": 0.0,
                              "Total Cost": 2804.24,
                              "Plan Rows": 58824,
                              "Plan Width": 8,
                              "parent": 5,
                              "ID": 6
                            },
                            {
                              "Node Type": "Hash",
                              "Parent Relationship": "Inner",
                              "Parallel Aware": true,
                              "Async Capable": false,
                              "Startup Cost": 2166011.51,
                              "Total Cost": 2166011.51,
                              "Plan Rows": 38,
                              "Plan Width": 35,
                              "Plans": [
                                {
                                  "Node Type": "Hash Join",
                                  "Parent Relationship": "Outer",
                                  "Parallel Aware": true,
                                  "Async Capable": false,
                                  "Join Type": "Inner",
                                  "Startup Cost": 1819167.75,
                                  "Total Cost": 2166011.51,
                                  "Plan Rows": 38,
                                  "Plan Width": 35,
                                  "Inner Unique": false,
                                  "Hash Cond": "(orders.o_orderkey = lineitem.l_orderkey)",
                                  "Plans": [
                                    {
                                      "Node Type": "Seq Scan",
                                      "Parent Relationship": "Outer",
                                      "Parallel Aware": true,
                                      "Async Capable": false,
                                      "Relation Name": "orders",
                                      "Alias": "orders",
                                      "Startup Cost": 0.0,
                                      "Total Cost": 323407.71,
                                      "Plan Rows": 6249571,
                                      "Plan Width": 8,
                                      "parent": 8,
                                      "ID": 9
                                    },
                                    {
                                      "Node Type": "Hash",
                                      "Parent Relationship": "Inner",
                                      "Parallel Aware": true,
                                      "Async Capable": false,
                                      "Startup Cost": 1819167.28,
                                      "Total Cost": 1819167.28,
                                      "Plan Rows": 38,
                                      "Plan Width": 35,
                                      "Plans": [
                                        {
                                          "Node Type": "Hash Join",
                                          "Parent Relationship": "Outer",
                                          "Parallel Aware": true,
                                          "Async Capable": false,
                                          "Join Type": "Inner",
                                          "Startup Cost": 1546291.11,
                                          "Total Cost": 1819167.28,
                                          "Plan Rows": 38,
                                          "Plan Width": 35,
                                          "Inner Unique": false,
                                          "Hash Cond": "((partsupp.ps_suppkey = lineitem.l_suppkey) AND (partsupp.ps_partkey = lineitem.l_partkey))",
                                          "Plans": [
                                            {
                                              "Node Type": "Seq Scan",
                                              "Parent Relationship": "Outer",
                                              "Parallel Aware": true,
                                              "Async Capable": false,
                                              "Relation Name": "partsupp",
                                              "Alias": "partsupp",
                                              "Startup Cost": 0.0,
                                              "Total Cost": 207718.58,
                                              "Plan Rows": 3333258,
                                              "Plan Width": 14,
                                              "parent": 11,
                                              "ID": 12
                                            },
                                            {
                                              "Node Type": "Hash",
                                              "Parent Relationship": "Inner",
                                              "Parallel Aware": true,
                                              "Async Capable": false,
                                              "Startup Cost": 1524082.29,
                                              "Total Cost": 1524082.29,
                                              "Plan Rows": 973521,
                                              "Plan Width": 33,
                                              "Plans": [
                                                {
                                                  "Node Type": "Hash Join",
                                                  "Parent Relationship": "Outer",
                                                  "Parallel Aware": true,
                                                  "Async Capable": false,
                                                  "Join Type": "Inner",
                                                  "Startup Cost": 51799.14,
                                                  "Total Cost": 1524082.29,
                                                  "Plan Rows": 973521,
                                                  "Plan Width": 33,
                                                  "Inner Unique": false,
                                                  "Hash Cond": "(lineitem.l_partkey = part.p_partkey)",
                                                  "Plans": [
                                                    {
                                                      "Node Type": "Seq Scan",
                                                      "Parent Relationship": "Outer",
                                                      "Parallel Aware": true,
                                                      "Async Capable": false,
                                                      "Relation Name": "lineitem",
                                                      "Alias": "lineitem",
                                                      "Startup Cost": 0.0,
                                                      "Total Cost": 1374494.57,
                                                      "Plan Rows": 24995257,
                                                      "Plan Width": 29,
                                                      "parent": 14,
                                                      "ID": 15
                                                    },
                                                    {
                                                      "Node Type": "Hash",
                                                      "Parent Relationship": "Inner",
                                                      "Parallel Aware": true,
                                                      "Async Capable": false,
                                                      "Startup Cost": 51378.28,
                                                      "Total Cost": 51378.28,
                                                      "Plan Rows": 33669,
                                                      "Plan Width": 4,
                                                      "Plans": [
                                                        {
                                                          "Node Type": "Seq Scan",
                                                          "Parent Relationship": "Outer",
                                                          "Parallel Aware": true,
                                                          "Async Capable": false,
                                                          "Relation Name": "part",
                                                          "Alias": "part",
                                                          "Startup Cost": 0.0,
                                                          "Total Cost": 51378.28,
                                                          "Plan Rows": 33669,
                                                          "Plan Width": 4,
                                                          "Filter": "((p_name)::text ~~ '%lime%'::text)",
                                                          "parent": 16,
                                                          "ID": 17
                                                        }
                                                      ],
                                                      "parent": 14,
                                                      "ID": 16,
                                                      "left": 17
                                                    }
                                                  ],
                                                  "parent": 13,
                                                  "ID": 14,
                                                  "left": 15,
                                                  "right": 16
                                                }
                                              ],
                                              "parent": 11,
                                              "ID": 13,
                                              "left": 14
                                            }
                                          ],
                                          "parent": 10,
                                          "ID": 11,
                                          "left": 12,
                                          "right": 13
                                        }
                                      ],
                                      "parent": 8,
                                      "ID": 10,
                                      "left": 11
                                    }
                                  ],
                                  "parent": 7,
                                  "ID": 8,
                                  "left": 9,
                                  "right": 10
                                }
                              ],
                              "parent": 5,
                              "ID": 7,
                              "left": 8
                            }
                          ],
                          "parent": 4,
                          "ID": 5,
                          "left": 6,
                          "right": 7
                        },
                        {
                          "Node Type": "Hash",
                          "Parent Relationship": "Inner",
                          "Parallel Aware": false,
                          "Async Capable": false,
                          "Startup Cost": 1.25,
                          "Total Cost": 1.25,
                          "Plan Rows": 25,
                          "Plan Width": 30,
                          "Plans": [
                            {
                              "Node Type": "Seq Scan",
                              "Parent Relationship": "Outer",
                              "Parallel Aware": false,
                              "Async Capable": false,
                              "Relation Name": "nation",
                              "Alias": "nation",
                              "Startup Cost": 0.0,
                              "Total Cost": 1.25,
                              "Plan Rows": 25,
                              "Plan Width": 30,
                              "parent": 18,
                              "ID": 19
                            }
                          ],
                          "parent": 4,
                          "ID": 18,
                          "left": 19
                        }
                      ],
                      "parent": 3,
                      "ID": 4,
                      "left": 5,
                      "right": 18
                    }
                  ],
                  "parent": 2,
                  "ID": 3,
                  "left": 4
                }
              ],
              "parent": 1,
              "ID": 2,
              "left": 3
            }
          ],
          "parent": 0,
          "ID": 1,
          "left": 2
        }
      ],
      "parent": null,
      "ID": 0,
      "left": 1
    },
    "feat": {
      "utility": 5.757929961521066e-07,
      "query_shape": [
        [
          "Seq Scan",
          "Hash Join",
          "Sort",
          "Aggregate",
          "Gather Merge"
        ],
        [
          "Seq Scan",
          "Hash Join",
          "Hash",
          "Sort",
          "Aggregate",
          "Gather Merge"
        ],
        [
          "Seq Scan",
          "Hash Join",
          "Hash",
          "Sort",
          "Aggregate",
          "Gather Merge"
        ],
        [
          "Seq Scan",
          "Hash Join",
          "Hash",
          "Sort",
          "Aggregate",
          "Gather Merge"
        ],
        [
          "Seq Scan",
          "Hash",
          "Hash Join",
          "Sort",
          "Aggregate",
          "Gather Merge"
        ],
        [
          "Seq Scan",
          "Hash",
          "Hash Join",
          "Sort",
          "Aggregate",
          "Gather Merge"
        ]
      ],
      "index_shape": [
        "join"
      ],
      "physical_operator": {
        "Hash Join": [
          0.00040001372870675787
        ]
      }
    }
  },
  {
    "query": "-- Functional Query Definition\n-- Approved February 1998\n\n\nselect\nnation,\no_year,\nsum(amount) as sum_profit\nfrom\n(\nselect\nn_name as nation,\nextract(year from o_orderdate) as o_year,\nl_extendedprice * (1 - l_discount) - ps_supplycost * l_quantity as amount\nfrom\npart,\nsupplier,\nlineitem,\npartsupp,\norders,\nnation\nwhere\ns_suppkey = l_suppkey\nand ps_suppkey = l_suppkey\nand ps_partkey = l_partkey\nand p_partkey = l_partkey\nand o_orderkey = l_orderkey\nand s_nationkey = n_nationkey\nand p_name like '%lime%'\n) as profit\ngroup by\nnation,\no_year\norder by\nnation,\no_year desc ;\n-- $ID$\n-- TPC-H/TPC-R Returned Item Reporting ",
    "indexes": "lineitem.l_partkey",
    "wo plan est": {
      "Node Type": "Aggregate",
      "Strategy": "Sorted",
      "Partial Mode": "Finalize",
      "Parallel Aware": false,
      "Async Capable": false,
      "Startup Cost": 2170040.99,
      "Total Cost": 2170050.68,
      "Plan Rows": 90,
      "Plan Width": 90,
      "Group Key": [
        "nation.n_name",
        "(EXTRACT(year FROM orders.o_orderdate))"
      ],
      "Plans": [
        {
          "Node Type": "Gather Merge",
          "Parent Relationship": "Outer",
          "Parallel Aware": false,
          "Async Capable": false,
          "Startup Cost": 2170040.99,
          "Total Cost": 2170048.8,
          "Plan Rows": 53,
          "Plan Width": 90,
          "Workers Planned": 1,
          "Plans": [
            {
              "Node Type": "Aggregate",
              "Strategy": "Sorted",
              "Partial Mode": "Partial",
              "Parent Relationship": "Outer",
              "Parallel Aware": false,
              "Async Capable": false,
              "Startup Cost": 2169040.98,
              "Total Cost": 2169042.83,
              "Plan Rows": 53,
              "Plan Width": 90,
              "Group Key": [
                "nation.n_name",
                "(EXTRACT(year FROM orders.o_orderdate))"
              ],
              "Plans": [
                {
                  "Node Type": "Sort",
                  "Parent Relationship": "Outer",
                  "Parallel Aware": false,
                  "Async Capable": false,
                  "Startup Cost": 2169040.98,
                  "Total Cost": 2169041.11,
                  "Plan Rows": 53,
                  "Plan Width": 81,
                  "Sort Key": [
                    "nation.n_name",
                    "(EXTRACT(year FROM orders.o_orderdate)) DESC"
                  ],
                  "Plans": [
                    {
                      "Node Type": "Hash Join",
                      "Parent Relationship": "Outer",
                      "Parallel Aware": false,
                      "Async Capable": false,
                      "Join Type": "Inner",
                      "Startup Cost": 2166013.55,
                      "Total Cost": 2169039.46,
                      "Plan Rows": 53,
                      "Plan Width": 81,
                      "Inner Unique": false,
                      "Hash Cond": "(supplier.s_nationkey = nation.n_nationkey)",
                      "Plans": [
                        {
                          "Node Type": "Hash Join",
                          "Parent Relationship": "Outer",
                          "Parallel Aware": true,
                          "Async Capable": false,
                          "Join Type": "Inner",
                          "Startup Cost": 2166011.99,
                          "Total Cost": 2169037.03,
                          "Plan Rows": 53,
                          "Plan Width": 31,
                          "Inner Unique": false,
                          "Hash Cond": "(supplier.s_suppkey = lineitem.l_suppkey)",
                          "Plans": [
                            {
                              "Node Type": "Seq Scan",
                              "Parent Relationship": "Outer",
                              "Parallel Aware": true,
                              "Async Capable": false,
                              "Relation Name": "supplier",
                              "Alias": "supplier",
                              "Startup Cost": 0.0,
                              "Total Cost": 2804.24,
                              "Plan Rows": 58824,
                              "Plan Width": 8,
                              "parent": 5,
                              "ID": 6
                            },
                            {
                              "Node Type": "Hash",
                              "Parent Relationship": "Inner",
                              "Parallel Aware": true,
                              "Async Capable": false,
                              "Startup Cost": 2166011.51,
                              "Total Cost": 2166011.51,
                              "Plan Rows": 38,
                              "Plan Width": 35,
                              "Plans": [
                                {
                                  "Node Type": "Hash Join",
                                  "Parent Relationship": "Outer",
                                  "Parallel Aware": true,
                                  "Async Capable": false,
                                  "Join Type": "Inner",
                                  "Startup Cost": 1819167.75,
                                  "Total Cost": 2166011.51,
                                  "Plan Rows": 38,
                                  "Plan Width": 35,
                                  "Inner Unique": false,
                                  "Hash Cond": "(orders.o_orderkey = lineitem.l_orderkey)",
                                  "Plans": [
                                    {
                                      "Node Type": "Seq Scan",
                                      "Parent Relationship": "Outer",
                                      "Parallel Aware": true,
                                      "Async Capable": false,
                                      "Relation Name": "orders",
                                      "Alias": "orders",
                                      "Startup Cost": 0.0,
                                      "Total Cost": 323407.71,
                                      "Plan Rows": 6249571,
                                      "Plan Width": 8,
                                      "parent": 8,
                                      "ID": 9
                                    },
                                    {
                                      "Node Type": "Hash",
                                      "Parent Relationship": "Inner",
                                      "Parallel Aware": true,
                                      "Async Capable": false,
                                      "Startup Cost": 1819167.28,
                                      "Total Cost": 1819167.28,
                                      "Plan Rows": 38,
                                      "Plan Width": 35,
                                      "Plans": [
                                        {
                                          "Node Type": "Hash Join",
                                          "Parent Relationship": "Outer",
                                          "Parallel Aware": true,
                                          "Async Capable": false,
                                          "Join Type": "Inner",
                                          "Startup Cost": 1546291.11,
                                          "Total Cost": 1819167.28,
                                          "Plan Rows": 38,
                                          "Plan Width": 35,
                                          "Inner Unique": false,
                                          "Hash Cond": "((partsupp.ps_suppkey = lineitem.l_suppkey) AND (partsupp.ps_partkey = lineitem.l_partkey))",
                                          "Plans": [
                                            {
                                              "Node Type": "Seq Scan",
                                              "Parent Relationship": "Outer",
                                              "Parallel Aware": true,
                                              "Async Capable": false,
                                              "Relation Name": "partsupp",
                                              "Alias": "partsupp",
                                              "Startup Cost": 0.0,
                                              "Total Cost": 207718.58,
                                              "Plan Rows": 3333258,
                                              "Plan Width": 14,
                                              "parent": 11,
                                              "ID": 12
                                            },
                                            {
                                              "Node Type": "Hash",
                                              "Parent Relationship": "Inner",
                                              "Parallel Aware": true,
                                              "Async Capable": false,
                                              "Startup Cost": 1524082.29,
                                              "Total Cost": 1524082.29,
                                              "Plan Rows": 973521,
                                              "Plan Width": 33,
                                              "Plans": [
                                                {
                                                  "Node Type": "Hash Join",
                                                  "Parent Relationship": "Outer",
                                                  "Parallel Aware": true,
                                                  "Async Capable": false,
                                                  "Join Type": "Inner",
                                                  "Startup Cost": 51799.14,
                                                  "Total Cost": 1524082.29,
                                                  "Plan Rows": 973521,
                                                  "Plan Width": 33,
                                                  "Inner Unique": false,
                                                  "Hash Cond": "(lineitem.l_partkey = part.p_partkey)",
                                                  "Plans": [
                                                    {
                                                      "Node Type": "Seq Scan",
                                                      "Parent Relationship": "Outer",
                                                      "Parallel Aware": true,
                                                      "Async Capable": false,
                                                      "Relation Name": "lineitem",
                                                      "Alias": "lineitem",
                                                      "Startup Cost": 0.0,
                                                      "Total Cost": 1374494.57,
                                                      "Plan Rows": 24995257,
                                                      "Plan Width": 29,
                                                      "parent": 14,
                                                      "ID": 15
                                                    },
                                                    {
                                                      "Node Type": "Hash",
                                                      "Parent Relationship": "Inner",
                                                      "Parallel Aware": true,
                                                      "Async Capable": false,
                                                      "Startup Cost": 51378.28,
                                                      "Total Cost": 51378.28,
                                                      "Plan Rows": 33669,
                                                      "Plan Width": 4,
                                                      "Plans": [
                                                        {
                                                          "Node Type": "Seq Scan",
                                                          "Parent Relationship": "Outer",
                                                          "Parallel Aware": true,
                                                          "Async Capable": false,
                                                          "Relation Name": "part",
                                                          "Alias": "part",
                                                          "Startup Cost": 0.0,
                                                          "Total Cost": 51378.28,
                                                          "Plan Rows": 33669,
                                                          "Plan Width": 4,
                                                          "Filter": "((p_name)::text ~~ '%lime%'::text)",
                                                          "parent": 16,
                                                          "ID": 17
                                                        }
                                                      ],
                                                      "parent": 14,
                                                      "ID": 16,
                                                      "left": 17
                                                    }
                                                  ],
                                                  "parent": 13,
                                                  "ID": 14,
                                                  "left": 15,
                                                  "right": 16
                                                }
                                              ],
                                              "parent": 11,
                                              "ID": 13,
                                              "left": 14
                                            }
                                          ],
                                          "parent": 10,
                                          "ID": 11,
                                          "left": 12,
                                          "right": 13
                                        }
                                      ],
                                      "parent": 8,
                                      "ID": 10,
                                      "left": 11
                                    }
                                  ],
                                  "parent": 7,
                                  "ID": 8,
                                  "left": 9,
                                  "right": 10
                                }
                              ],
                              "parent": 5,
                              "ID": 7,
                              "left": 8
                            }
                          ],
                          "parent": 4,
                          "ID": 5,
                          "left": 6,
                          "right": 7
                        },
                        {
                          "Node Type": "Hash",
                          "Parent Relationship": "Inner",
                          "Parallel Aware": false,
                          "Async Capable": false,
                          "Startup Cost": 1.25,
                          "Total Cost": 1.25,
                          "Plan Rows": 25,
                          "Plan Width": 30,
                          "Plans": [
                            {
                              "Node Type": "Seq Scan",
                              "Parent Relationship": "Outer",
                              "Parallel Aware": false,
                              "Async Capable": false,
                              "Relation Name": "nation",
                              "Alias": "nation",
                              "Startup Cost": 0.0,
                              "Total Cost": 1.25,
                              "Plan Rows": 25,
                              "Plan Width": 30,
                              "parent": 18,
                              "ID": 19
                            }
                          ],
                          "parent": 4,
                          "ID": 18,
                          "left": 19
                        }
                      ],
                      "parent": 3,
                      "ID": 4,
                      "left": 5,
                      "right": 18
                    }
                  ],
                  "parent": 2,
                  "ID": 3,
                  "left": 4
                }
              ],
              "parent": 1,
              "ID": 2,
              "left": 3
            }
          ],
          "parent": 0,
          "ID": 1,
          "left": 2
        }
      ],
      "parent": null,
      "ID": 0,
      "left": 1
    },
    "feat": {
      "utility": 1.1514253163410962e-06,
      "query_shape": [
        [
          "Seq Scan",
          "Hash Join",
          "Sort",
          "Aggregate",
          "Gather Merge"
        ],
        [
          "Seq Scan",
          "Hash Join",
          "Hash",
          "Sort",
          "Aggregate",
          "Gather Merge"
        ],
        [
          "Seq Scan",
          "Hash Join",
          "Hash",
          "Sort",
          "Aggregate",
          "Gather Merge"
        ],
        [
          "Seq Scan",
          "Hash Join",
          "Hash",
          "Sort",
          "Aggregate",
          "Gather Merge"
        ],
        [
          "Seq Scan",
          "Hash",
          "Hash Join",
          "Sort",
          "Aggregate",
          "Gather Merge"
        ],
        [
          "Seq Scan",
          "Hash",
          "Hash Join",
          "Sort",
          "Aggregate",
          "Gather Merge"
        ]
      ],
      "index_shape": [
        "join"
      ],
      "physical_operator": {
        "Hash Join": [
          3.4220367652581323e-06,
          0.0010755454070658543
        ]
      }
    }
  },
  {
    "query": "-- Functional Query Definition\n-- Approved February 1998\n\n\nselect\nnation,\no_year,\nsum(amount) as sum_profit\nfrom\n(\nselect\nn_name as nation,\nextract(year from o_orderdate) as o_year,\nl_extendedprice * (1 - l_discount) - ps_supplycost * l_quantity as amount\nfrom\npart,\nsupplier,\nlineitem,\npartsupp,\norders,\nnation\nwhere\ns_suppkey = l_suppkey\nand ps_suppkey = l_suppkey\nand ps_partkey = l_partkey\nand p_partkey = l_partkey\nand o_orderkey = l_orderkey\nand s_nationkey = n_nationkey\nand p_name like '%lime%'\n) as profit\ngroup by\nnation,\no_year\norder by\nnation,\no_year desc ;\n-- $ID$\n-- TPC-H/TPC-R Returned Item Reporting ",
    "indexes": "lineitem.l_suppkey",
    "wo plan est": {
      "Node Type": "Aggregate",
      "Strategy": "Sorted",
      "Partial Mode": "Finalize",
      "Parallel Aware": false,
      "Async Capable": false,
      "Startup Cost": 2170040.99,
      "Total Cost": 2170050.68,
      "Plan Rows": 90,
      "Plan Width": 90,
      "Group Key": [
        "nation.n_name",
        "(EXTRACT(year FROM orders.o_orderdate))"
      ],
      "Plans": [
        {
          "Node Type": "Gather Merge",
          "Parent Relationship": "Outer",
          "Parallel Aware": false,
          "Async Capable": false,
          "Startup Cost": 2170040.99,
          "Total Cost": 2170048.8,
          "Plan Rows": 53,
          "Plan Width": 90,
          "Workers Planned": 1,
          "Plans": [
            {
              "Node Type": "Aggregate",
              "Strategy": "Sorted",
              "Partial Mode": "Partial",
              "Parent Relationship": "Outer",
              "Parallel Aware": false,
              "Async Capable": false,
              "Startup Cost": 2169040.98,
              "Total Cost": 2169042.83,
              "Plan Rows": 53,
              "Plan Width": 90,
              "Group Key": [
                "nation.n_name",
                "(EXTRACT(year FROM orders.o_orderdate))"
              ],
              "Plans": [
                {
                  "Node Type": "Sort",
                  "Parent Relationship": "Outer",
                  "Parallel Aware": false,
                  "Async Capable": false,
                  "Startup Cost": 2169040.98,
                  "Total Cost": 2169041.11,
                  "Plan Rows": 53,
                  "Plan Width": 81,
                  "Sort Key": [
                    "nation.n_name",
                    "(EXTRACT(year FROM orders.o_orderdate)) DESC"
                  ],
                  "Plans": [
                    {
                      "Node Type": "Hash Join",
                      "Parent Relationship": "Outer",
                      "Parallel Aware": false,
                      "Async Capable": false,
                      "Join Type": "Inner",
                      "Startup Cost": 2166013.55,
                      "Total Cost": 2169039.46,
                      "Plan Rows": 53,
                      "Plan Width": 81,
                      "Inner Unique": false,
                      "Hash Cond": "(supplier.s_nationkey = nation.n_nationkey)",
                      "Plans": [
                        {
                          "Node Type": "Hash Join",
                          "Parent Relationship": "Outer",
                          "Parallel Aware": true,
                          "Async Capable": false,
                          "Join Type": "Inner",
                          "Startup Cost": 2166011.99,
                          "Total Cost": 2169037.03,
                          "Plan Rows": 53,
                          "Plan Width": 31,
                          "Inner Unique": false,
                          "Hash Cond": "(supplier.s_suppkey = lineitem.l_suppkey)",
                          "Plans": [
                            {
                              "Node Type": "Seq Scan",
                              "Parent Relationship": "Outer",
                              "Parallel Aware": true,
                              "Async Capable": false,
                              "Relation Name": "supplier",
                              "Alias": "supplier",
                              "Startup Cost": 0.0,
                              "Total Cost": 2804.24,
                              "Plan Rows": 58824,
                              "Plan Width": 8,
                              "parent": 5,
                              "ID": 6
                            },
                            {
                              "Node Type": "Hash",
                              "Parent Relationship": "Inner",
                              "Parallel Aware": true,
                              "Async Capable": false,
                              "Startup Cost": 2166011.51,
                              "Total Cost": 2166011.51,
                              "Plan Rows": 38,
                              "Plan Width": 35,
                              "Plans": [
                                {
                                  "Node Type": "Hash Join",
                                  "Parent Relationship": "Outer",
                                  "Parallel Aware": true,
                                  "Async Capable": false,
                                  "Join Type": "Inner",
                                  "Startup Cost": 1819167.75,
                                  "Total Cost": 2166011.51,
                                  "Plan Rows": 38,
                                  "Plan Width": 35,
                                  "Inner Unique": false,
                                  "Hash Cond": "(orders.o_orderkey = lineitem.l_orderkey)",
                                  "Plans": [
                                    {
                                      "Node Type": "Seq Scan",
                                      "Parent Relationship": "Outer",
                                      "Parallel Aware": true,
                                      "Async Capable": false,
                                      "Relation Name": "orders",
                                      "Alias": "orders",
                                      "Startup Cost": 0.0,
                                      "Total Cost": 323407.71,
                                      "Plan Rows": 6249571,
                                      "Plan Width": 8,
                                      "parent": 8,
                                      "ID": 9
                                    },
                                    {
                                      "Node Type": "Hash",
                                      "Parent Relationship": "Inner",
                                      "Parallel Aware": true,
                                      "Async Capable": false,
                                      "Startup Cost": 1819167.28,
                                      "Total Cost": 1819167.28,
                                      "Plan Rows": 38,
                                      "Plan Width": 35,
                                      "Plans": [
                                        {
                                          "Node Type": "Hash Join",
                                          "Parent Relationship": "Outer",
                                          "Parallel Aware": true,
                                          "Async Capable": false,
                                          "Join Type": "Inner",
                                          "Startup Cost": 1546291.11,
                                          "Total Cost": 1819167.28,
                                          "Plan Rows": 38,
                                          "Plan Width": 35,
                                          "Inner Unique": false,
                                          "Hash Cond": "((partsupp.ps_suppkey = lineitem.l_suppkey) AND (partsupp.ps_partkey = lineitem.l_partkey))",
                                          "Plans": [
                                            {
                                              "Node Type": "Seq Scan",
                                              "Parent Relationship": "Outer",
                                              "Parallel Aware": true,
                                              "Async Capable": false,
                                              "Relation Name": "partsupp",
                                              "Alias": "partsupp",
                                              "Startup Cost": 0.0,
                                              "Total Cost": 207718.58,
                                              "Plan Rows": 3333258,
                                              "Plan Width": 14,
                                              "parent": 11,
                                              "ID": 12
                                            },
                                            {
                                              "Node Type": "Hash",
                                              "Parent Relationship": "Inner",
                                              "Parallel Aware": true,
                                              "Async Capable": false,
                                              "Startup Cost": 1524082.29,
                                              "Total Cost": 1524082.29,
                                              "Plan Rows": 973521,
                                              "Plan Width": 33,
                                              "Plans": [
                                                {
                                                  "Node Type": "Hash Join",
                                                  "Parent Relationship": "Outer",
                                                  "Parallel Aware": true,
                                                  "Async Capable": false,
                                                  "Join Type": "Inner",
                                                  "Startup Cost": 51799.14,
                                                  "Total Cost": 1524082.29,
                                                  "Plan Rows": 973521,
                                                  "Plan Width": 33,
                                                  "Inner Unique": false,
                                                  "Hash Cond": "(lineitem.l_partkey = part.p_partkey)",
                                                  "Plans": [
                                                    {
                                                      "Node Type": "Seq Scan",
                                                      "Parent Relationship": "Outer",
                                                      "Parallel Aware": true,
                                                      "Async Capable": false,
                                                      "Relation Name": "lineitem",
                                                      "Alias": "lineitem",
                                                      "Startup Cost": 0.0,
                                                      "Total Cost": 1374494.57,
                                                      "Plan Rows": 24995257,
                                                      "Plan Width": 29,
                                                      "parent": 14,
                                                      "ID": 15
                                                    },
                                                    {
                                                      "Node Type": "Hash",
                                                      "Parent Relationship": "Inner",
                                                      "Parallel Aware": true,
                                                      "Async Capable": false,
                                                      "Startup Cost": 51378.28,
                                                      "Total Cost": 51378.28,
                                                      "Plan Rows": 33669,
                                                      "Plan Width": 4,
                                                      "Plans": [
                                                        {
                                                          "Node Type": "Seq Scan",
                                                          "Parent Relationship": "Outer",
                                                          "Parallel Aware": true,
                                                          "Async Capable": false,
                                                          "Relation Name": "part",
                                                          "Alias": "part",
                                                          "Startup Cost": 0.0,
                                                          "Total Cost": 51378.28,
                                                          "Plan Rows": 33669,
                                                          "Plan Width": 4,
                                                          "Filter": "((p_name)::text ~~ '%lime%'::text)",
                                                          "parent": 16,
                                                          "ID": 17
                                                        }
                                                      ],
                                                      "parent": 14,
                                                      "ID": 16,
                                                      "left": 17
                                                    }
                                                  ],
                                                  "parent": 13,
                                                  "ID": 14,
                                                  "left": 15,
                                                  "right": 16
                                                }
                                              ],
                                              "parent": 11,
                                              "ID": 13,
                                              "left": 14
                                            }
                                          ],
                                          "parent": 10,
                                          "ID": 11,
                                          "left": 12,
                                          "right": 13
                                        }
                                      ],
                                      "parent": 8,
                                      "ID": 10,
                                      "left": 11
                                    }
                                  ],
                                  "parent": 7,
                                  "ID": 8,
                                  "left": 9,
                                  "right": 10
                                }
                              ],
                              "parent": 5,
                              "ID": 7,
                              "left": 8
                            }
                          ],
                          "parent": 4,
                          "ID": 5,
                          "left": 6,
                          "right": 7
                        },
                        {
                          "Node Type": "Hash",
                          "Parent Relationship": "Inner",
                          "Parallel Aware": false,
                          "Async Capable": false,
                          "Startup Cost": 1.25,
                          "Total Cost": 1.25,
                          "Plan Rows": 25,
                          "Plan Width": 30,
                          "Plans": [
                            {
                              "Node Type": "Seq Scan",
                              "Parent Relationship": "Outer",
                              "Parallel Aware": false,
                              "Async Capable": false,
                              "Relation Name": "nation",
                              "Alias": "nation",
                              "Startup Cost": 0.0,
                              "Total Cost": 1.25,
                              "Plan Rows": 25,
                              "Plan Width": 30,
                              "parent": 18,
                              "ID": 19
                            }
                          ],
                          "parent": 4,
                          "ID": 18,
                          "left": 19
                        }
                      ],
                      "parent": 3,
                      "ID": 4,
                      "left": 5,
                      "right": 18
                    }
                  ],
                  "parent": 2,
                  "ID": 3,
                  "left": 4
                }
              ],
              "parent": 1,
              "ID": 2,
              "left": 3
            }
          ],
          "parent": 0,
          "ID": 1,
          "left": 2
        }
      ],
      "parent": null,
      "ID": 0,
      "left": 1
    },
    "feat": {
      "utility": 1.1492400098386373e-06,
      "query_shape": [
        [
          "Seq Scan",
          "Hash Join",
          "Sort",
          "Aggregate",
          "Gather Merge"
        ],
        [
          "Seq Scan",
          "Hash Join",
          "Hash",
          "Sort",
          "Aggregate",
          "Gather Merge"
        ],
        [
          "Seq Scan",
          "Hash Join",
          "Hash",
          "Sort",
          "Aggregate",
          "Gather Merge"
        ],
        [
          "Seq Scan",
          "Hash Join",
          "Hash",
          "Sort",
          "Aggregate",
          "Gather Merge"
        ],
        [
          "Seq Scan",
          "Hash",
          "Hash Join",
          "Sort",
          "Aggregate",
          "Gather Merge"
        ],
        [
          "Seq Scan",
          "Hash",
          "Hash Join",
          "Sort",
          "Aggregate",
          "Gather Merge"
        ]
      ],
      "index_shape": [
        "join"
      ],
      "physical_operator": {
        "Hash Join": [
          0.004869326096401473,
          3.4220367652581323e-06
        ]
      }
    }
  },
  {
    "query": "-- Functional Query Definition\n-- Approved February 1998\n\n\nselect\nnation,\no_year,\nsum(amount) as sum_profit\nfrom\n(\nselect\nn_name as nation,\nextract(year from o_orderdate) as o_year,\nl_extendedprice * (1 - l_discount) - ps_supplycost * l_quantity as amount\nfrom\npart,\nsupplier,\nlineitem,\npartsupp,\norders,\nnation\nwhere\ns_suppkey = l_suppkey\nand ps_suppkey = l_suppkey\nand ps_partkey = l_partkey\nand p_partkey = l_partkey\nand o_orderkey = l_orderkey\nand s_nationkey = n_nationkey\nand p_name like '%lime%'\n) as profit\ngroup by\nnation,\no_year\norder by\nnation,\no_year desc ;\n-- $ID$\n-- TPC-H/TPC-R Returned Item Reporting ",
    "indexes": "lineitem.l_quantity",
    "wo plan est": {
      "Node Type": "Aggregate",
      "Strategy": "Sorted",
      "Partial Mode": "Finalize",
      "Parallel Aware": false,
      "Async Capable": false,
      "Startup Cost": 2170040.99,
      "Total Cost": 2170050.68,
      "Plan Rows": 90,
      "Plan Width": 90,
      "Group Key": [
        "nation.n_name",
        "(EXTRACT(year FROM orders.o_orderdate))"
      ],
      "Plans": [
        {
          "Node Type": "Gather Merge",
          "Parent Relationship": "Outer",
          "Parallel Aware": false,
          "Async Capable": false,
          "Startup Cost": 2170040.99,
          "Total Cost": 2170048.8,
          "Plan Rows": 53,
          "Plan Width": 90,
          "Workers Planned": 1,
          "Plans": [
            {
              "Node Type": "Aggregate",
              "Strategy": "Sorted",
              "Partial Mode": "Partial",
              "Parent Relationship": "Outer",
              "Parallel Aware": false,
              "Async Capable": false,
              "Startup Cost": 2169040.98,
              "Total Cost": 2169042.83,
              "Plan Rows": 53,
              "Plan Width": 90,
              "Group Key": [
                "nation.n_name",
                "(EXTRACT(year FROM orders.o_orderdate))"
              ],
              "Plans": [
                {
                  "Node Type": "Sort",
                  "Parent Relationship": "Outer",
                  "Parallel Aware": false,
                  "Async Capable": false,
                  "Startup Cost": 2169040.98,
                  "Total Cost": 2169041.11,
                  "Plan Rows": 53,
                  "Plan Width": 81,
                  "Sort Key": [
                    "nation.n_name",
                    "(EXTRACT(year FROM orders.o_orderdate)) DESC"
                  ],
                  "Plans": [
                    {
                      "Node Type": "Hash Join",
                      "Parent Relationship": "Outer",
                      "Parallel Aware": false,
                      "Async Capable": false,
                      "Join Type": "Inner",
                      "Startup Cost": 2166013.55,
                      "Total Cost": 2169039.46,
                      "Plan Rows": 53,
                      "Plan Width": 81,
                      "Inner Unique": false,
                      "Hash Cond": "(supplier.s_nationkey = nation.n_nationkey)",
                      "Plans": [
                        {
                          "Node Type": "Hash Join",
                          "Parent Relationship": "Outer",
                          "Parallel Aware": true,
                          "Async Capable": false,
                          "Join Type": "Inner",
                          "Startup Cost": 2166011.99,
                          "Total Cost": 2169037.03,
                          "Plan Rows": 53,
                          "Plan Width": 31,
                          "Inner Unique": false,
                          "Hash Cond": "(supplier.s_suppkey = lineitem.l_suppkey)",
                          "Plans": [
                            {
                              "Node Type": "Seq Scan",
                              "Parent Relationship": "Outer",
                              "Parallel Aware": true,
                              "Async Capable": false,
                              "Relation Name": "supplier",
                              "Alias": "supplier",
                              "Startup Cost": 0.0,
                              "Total Cost": 2804.24,
                              "Plan Rows": 58824,
                              "Plan Width": 8,
                              "parent": 5,
                              "ID": 6
                            },
                            {
                              "Node Type": "Hash",
                              "Parent Relationship": "Inner",
                              "Parallel Aware": true,
                              "Async Capable": false,
                              "Startup Cost": 2166011.51,
                              "Total Cost": 2166011.51,
                              "Plan Rows": 38,
                              "Plan Width": 35,
                              "Plans": [
                                {
                                  "Node Type": "Hash Join",
                                  "Parent Relationship": "Outer",
                                  "Parallel Aware": true,
                                  "Async Capable": false,
                                  "Join Type": "Inner",
                                  "Startup Cost": 1819167.75,
                                  "Total Cost": 2166011.51,
                                  "Plan Rows": 38,
                                  "Plan Width": 35,
                                  "Inner Unique": false,
                                  "Hash Cond": "(orders.o_orderkey = lineitem.l_orderkey)",
                                  "Plans": [
                                    {
                                      "Node Type": "Seq Scan",
                                      "Parent Relationship": "Outer",
                                      "Parallel Aware": true,
                                      "Async Capable": false,
                                      "Relation Name": "orders",
                                      "Alias": "orders",
                                      "Startup Cost": 0.0,
                                      "Total Cost": 323407.71,
                                      "Plan Rows": 6249571,
                                      "Plan Width": 8,
                                      "parent": 8,
                                      "ID": 9
                                    },
                                    {
                                      "Node Type": "Hash",
                                      "Parent Relationship": "Inner",
                                      "Parallel Aware": true,
                                      "Async Capable": false,
                                      "Startup Cost": 1819167.28,
                                      "Total Cost": 1819167.28,
                                      "Plan Rows": 38,
                                      "Plan Width": 35,
                                      "Plans": [
                                        {
                                          "Node Type": "Hash Join",
                                          "Parent Relationship": "Outer",
                                          "Parallel Aware": true,
                                          "Async Capable": false,
                                          "Join Type": "Inner",
                                          "Startup Cost": 1546291.11,
                                          "Total Cost": 1819167.28,
                                          "Plan Rows": 38,
                                          "Plan Width": 35,
                                          "Inner Unique": false,
                                          "Hash Cond": "((partsupp.ps_suppkey = lineitem.l_suppkey) AND (partsupp.ps_partkey = lineitem.l_partkey))",
                                          "Plans": [
                                            {
                                              "Node Type": "Seq Scan",
                                              "Parent Relationship": "Outer",
                                              "Parallel Aware": true,
                                              "Async Capable": false,
                                              "Relation Name": "partsupp",
                                              "Alias": "partsupp",
                                              "Startup Cost": 0.0,
                                              "Total Cost": 207718.58,
                                              "Plan Rows": 3333258,
                                              "Plan Width": 14,
                                              "parent": 11,
                                              "ID": 12
                                            },
                                            {
                                              "Node Type": "Hash",
                                              "Parent Relationship": "Inner",
                                              "Parallel Aware": true,
                                              "Async Capable": false,
                                              "Startup Cost": 1524082.29,
                                              "Total Cost": 1524082.29,
                                              "Plan Rows": 973521,
                                              "Plan Width": 33,
                                              "Plans": [
                                                {
                                                  "Node Type": "Hash Join",
                                                  "Parent Relationship": "Outer",
                                                  "Parallel Aware": true,
                                                  "Async Capable": false,
                                                  "Join Type": "Inner",
                                                  "Startup Cost": 51799.14,
                                                  "Total Cost": 1524082.29,
                                                  "Plan Rows": 973521,
                                                  "Plan Width": 33,
                                                  "Inner Unique": false,
                                                  "Hash Cond": "(lineitem.l_partkey = part.p_partkey)",
                                                  "Plans": [
                                                    {
                                                      "Node Type": "Seq Scan",
                                                      "Parent Relationship": "Outer",
                                                      "Parallel Aware": true,
                                                      "Async Capable": false,
                                                      "Relation Name": "lineitem",
                                                      "Alias": "lineitem",
                                                      "Startup Cost": 0.0,
                                                      "Total Cost": 1374494.57,
                                                      "Plan Rows": 24995257,
                                                      "Plan Width": 29,
                                                      "parent": 14,
                                                      "ID": 15
                                                    },
                                                    {
                                                      "Node Type": "Hash",
                                                      "Parent Relationship": "Inner",
                                                      "Parallel Aware": true,
                                                      "Async Capable": false,
                                                      "Startup Cost": 51378.28,
                                                      "Total Cost": 51378.28,
                                                      "Plan Rows": 33669,
                                                      "Plan Width": 4,
                                                      "Plans": [
                                                        {
                                                          "Node Type": "Seq Scan",
                                                          "Parent Relationship": "Outer",
                                                          "Parallel Aware": true,
                                                          "Async Capable": false,
                                                          "Relation Name": "part",
                                                          "Alias": "part",
                                                          "Startup Cost": 0.0,
                                                          "Total Cost": 51378.28,
                                                          "Plan Rows": 33669,
                                                          "Plan Width": 4,
                                                          "Filter": "((p_name)::text ~~ '%lime%'::text)",
                                                          "parent": 16,
                                                          "ID": 17
                                                        }
                                                      ],
                                                      "parent": 14,
                                                      "ID": 16,
                                                      "left": 17
                                                    }
                                                  ],
                                                  "parent": 13,
                                                  "ID": 14,
                                                  "left": 15,
                                                  "right": 16
                                                }
                                              ],
                                              "parent": 11,
                                              "ID": 13,
                                              "left": 14
                                            }
                                          ],
                                          "parent": 10,
                                          "ID": 11,
                                          "left": 12,
                                          "right": 13
                                        }
                                      ],
                                      "parent": 8,
                                      "ID": 10,
                                      "left": 11
                                    }
                                  ],
                                  "parent": 7,
                                  "ID": 8,
                                  "left": 9,
                                  "right": 10
                                }
                              ],
                              "parent": 5,
                              "ID": 7,
                              "left": 8
                            }
                          ],
                          "parent": 4,
                          "ID": 5,
                          "left": 6,
                          "right": 7
                        },
                        {
                          "Node Type": "Hash",
                          "Parent Relationship": "Inner",
                          "Parallel Aware": false,
                          "Async Capable": false,
                          "Startup Cost": 1.25,
                          "Total Cost": 1.25,
                          "Plan Rows": 25,
                          "Plan Width": 30,
                          "Plans": [
                            {
                              "Node Type": "Seq Scan",
                              "Parent Relationship": "Outer",
                              "Parallel Aware": false,
                              "Async Capable": false,
                              "Relation Name": "nation",
                              "Alias": "nation",
                              "Startup Cost": 0.0,
                              "Total Cost": 1.25,
                              "Plan Rows": 25,
                              "Plan Width": 30,
                              "parent": 18,
                              "ID": 19
                            }
                          ],
                          "parent": 4,
                          "ID": 18,
                          "left": 19
                        }
                      ],
                      "parent": 3,
                      "ID": 4,
                      "left": 5,
                      "right": 18
                    }
                  ],
                  "parent": 2,
                  "ID": 3,
                  "left": 4
                }
              ],
              "parent": 1,
              "ID": 2,
              "left": 3
            }
          ],
          "parent": 0,
          "ID": 1,
          "left": 2
        }
      ],
      "parent": null,
      "ID": 0,
      "left": 1
    },
    "feat": {
      "utility": 0.0,
      "query_shape": [
        [
          "Seq Scan",
          "Hash Join",
          "Sort",
          "Aggregate",
          "Gather Merge"
        ],
        [
          "Seq Scan",
          "Hash Join",
          "Hash",
          "Sort",
          "Aggregate",
          "Gather Merge"
        ],
        [
          "Seq Scan",
          "Hash Join",
          "Hash",
          "Sort",
          "Aggregate",
          "Gather Merge"
        ],
        [
          "Seq Scan",
          "Hash Join",
          "Hash",
          "Sort",
          "Aggregate",
          "Gather Merge"
        ],
        [
          "Seq Scan",
          "Hash",
          "Hash Join",
          "Sort",
          "Aggregate",
          "Gather Merge"
        ],
        [
          "Seq Scan",
          "Hash",
          "Hash Join",
          "Sort",
          "Aggregate",
          "Gather Merge"
        ]
      ],
      "index_shape": [],
      "physical_operator": {}
    }
  },
  {
    "query": "-- Functional Query Definition\n-- Approved February 1998\n\n\nselect\nnation,\no_year,\nsum(amount) as sum_profit\nfrom\n(\nselect\nn_name as nation,\nextract(year from o_orderdate) as o_year,\nl_extendedprice * (1 - l_discount) - ps_supplycost * l_quantity as amount\nfrom\npart,\nsupplier,\nlineitem,\npartsupp,\norders,\nnation\nwhere\ns_suppkey = l_suppkey\nand ps_suppkey = l_suppkey\nand ps_partkey = l_partkey\nand p_partkey = l_partkey\nand o_orderkey = l_orderkey\nand s_nationkey = n_nationkey\nand p_name like '%lime%'\n) as profit\ngroup by\nnation,\no_year\norder by\nnation,\no_year desc ;\n-- $ID$\n-- TPC-H/TPC-R Returned Item Reporting ",
    "indexes": "lineitem.l_extendedprice",
    "wo plan est": {
      "Node Type": "Aggregate",
      "Strategy": "Sorted",
      "Partial Mode": "Finalize",
      "Parallel Aware": false,
      "Async Capable": false,
      "Startup Cost": 2170040.99,
      "Total Cost": 2170050.68,
      "Plan Rows": 90,
      "Plan Width": 90,
      "Group Key": [
        "nation.n_name",
        "(EXTRACT(year FROM orders.o_orderdate))"
      ],
      "Plans": [
        {
          "Node Type": "Gather Merge",
          "Parent Relationship": "Outer",
          "Parallel Aware": false,
          "Async Capable": false,
          "Startup Cost": 2170040.99,
          "Total Cost": 2170048.8,
          "Plan Rows": 53,
          "Plan Width": 90,
          "Workers Planned": 1,
          "Plans": [
            {
              "Node Type": "Aggregate",
              "Strategy": "Sorted",
              "Partial Mode": "Partial",
              "Parent Relationship": "Outer",
              "Parallel Aware": false,
              "Async Capable": false,
              "Startup Cost": 2169040.98,
              "Total Cost": 2169042.83,
              "Plan Rows": 53,
              "Plan Width": 90,
              "Group Key": [
                "nation.n_name",
                "(EXTRACT(year FROM orders.o_orderdate))"
              ],
              "Plans": [
                {
                  "Node Type": "Sort",
                  "Parent Relationship": "Outer",
                  "Parallel Aware": false,
                  "Async Capable": false,
                  "Startup Cost": 2169040.98,
                  "Total Cost": 2169041.11,
                  "Plan Rows": 53,
                  "Plan Width": 81,
                  "Sort Key": [
                    "nation.n_name",
                    "(EXTRACT(year FROM orders.o_orderdate)) DESC"
                  ],
                  "Plans": [
                    {
                      "Node Type": "Hash Join",
                      "Parent Relationship": "Outer",
                      "Parallel Aware": false,
                      "Async Capable": false,
                      "Join Type": "Inner",
                      "Startup Cost": 2166013.55,
                      "Total Cost": 2169039.46,
                      "Plan Rows": 53,
                      "Plan Width": 81,
                      "Inner Unique": false,
                      "Hash Cond": "(supplier.s_nationkey = nation.n_nationkey)",
                      "Plans": [
                        {
                          "Node Type": "Hash Join",
                          "Parent Relationship": "Outer",
                          "Parallel Aware": true,
                          "Async Capable": false,
                          "Join Type": "Inner",
                          "Startup Cost": 2166011.99,
                          "Total Cost": 2169037.03,
                          "Plan Rows": 53,
                          "Plan Width": 31,
                          "Inner Unique": false,
                          "Hash Cond": "(supplier.s_suppkey = lineitem.l_suppkey)",
                          "Plans": [
                            {
                              "Node Type": "Seq Scan",
                              "Parent Relationship": "Outer",
                              "Parallel Aware": true,
                              "Async Capable": false,
                              "Relation Name": "supplier",
                              "Alias": "supplier",
                              "Startup Cost": 0.0,
                              "Total Cost": 2804.24,
                              "Plan Rows": 58824,
                              "Plan Width": 8,
                              "parent": 5,
                              "ID": 6
                            },
                            {
                              "Node Type": "Hash",
                              "Parent Relationship": "Inner",
                              "Parallel Aware": true,
                              "Async Capable": false,
                              "Startup Cost": 2166011.51,
                              "Total Cost": 2166011.51,
                              "Plan Rows": 38,
                              "Plan Width": 35,
                              "Plans": [
                                {
                                  "Node Type": "Hash Join",
                                  "Parent Relationship": "Outer",
                                  "Parallel Aware": true,
                                  "Async Capable": false,
                                  "Join Type": "Inner",
                                  "Startup Cost": 1819167.75,
                                  "Total Cost": 2166011.51,
                                  "Plan Rows": 38,
                                  "Plan Width": 35,
                                  "Inner Unique": false,
                                  "Hash Cond": "(orders.o_orderkey = lineitem.l_orderkey)",
                                  "Plans": [
                                    {
                                      "Node Type": "Seq Scan",
                                      "Parent Relationship": "Outer",
                                      "Parallel Aware": true,
                                      "Async Capable": false,
                                      "Relation Name": "orders",
                                      "Alias": "orders",
                                      "Startup Cost": 0.0,
                                      "Total Cost": 323407.71,
                                      "Plan Rows": 6249571,
                                      "Plan Width": 8,
                                      "parent": 8,
                                      "ID": 9
                                    },
                                    {
                                      "Node Type": "Hash",
                                      "Parent Relationship": "Inner",
                                      "Parallel Aware": true,
                                      "Async Capable": false,
                                      "Startup Cost": 1819167.28,
                                      "Total Cost": 1819167.28,
                                      "Plan Rows": 38,
                                      "Plan Width": 35,
                                      "Plans": [
                                        {
                                          "Node Type": "Hash Join",
                                          "Parent Relationship": "Outer",
                                          "Parallel Aware": true,
                                          "Async Capable": false,
                                          "Join Type": "Inner",
                                          "Startup Cost": 1546291.11,
                                          "Total Cost": 1819167.28,
                                          "Plan Rows": 38,
                                          "Plan Width": 35,
                                          "Inner Unique": false,
                                          "Hash Cond": "((partsupp.ps_suppkey = lineitem.l_suppkey) AND (partsupp.ps_partkey = lineitem.l_partkey))",
                                          "Plans": [
                                            {
                                              "Node Type": "Seq Scan",
                                              "Parent Relationship": "Outer",
                                              "Parallel Aware": true,
                                              "Async Capable": false,
                                              "Relation Name": "partsupp",
                                              "Alias": "partsupp",
                                              "Startup Cost": 0.0,
                                              "Total Cost": 207718.58,
                                              "Plan Rows": 3333258,
                                              "Plan Width": 14,
                                              "parent": 11,
                                              "ID": 12
                                            },
                                            {
                                              "Node Type": "Hash",
                                              "Parent Relationship": "Inner",
                                              "Parallel Aware": true,
                                              "Async Capable": false,
                                              "Startup Cost": 1524082.29,
                                              "Total Cost": 1524082.29,
                                              "Plan Rows": 973521,
                                              "Plan Width": 33,
                                              "Plans": [
                                                {
                                                  "Node Type": "Hash Join",
                                                  "Parent Relationship": "Outer",
                                                  "Parallel Aware": true,
                                                  "Async Capable": false,
                                                  "Join Type": "Inner",
                                                  "Startup Cost": 51799.14,
                                                  "Total Cost": 1524082.29,
                                                  "Plan Rows": 973521,
                                                  "Plan Width": 33,
                                                  "Inner Unique": false,
                                                  "Hash Cond": "(lineitem.l_partkey = part.p_partkey)",
                                                  "Plans": [
                                                    {
                                                      "Node Type": "Seq Scan",
                                                      "Parent Relationship": "Outer",
                                                      "Parallel Aware": true,
                                                      "Async Capable": false,
                                                      "Relation Name": "lineitem",
                                                      "Alias": "lineitem",
                                                      "Startup Cost": 0.0,
                                                      "Total Cost": 1374494.57,
                                                      "Plan Rows": 24995257,
                                                      "Plan Width": 29,
                                                      "parent": 14,
                                                      "ID": 15
                                                    },
                                                    {
                                                      "Node Type": "Hash",
                                                      "Parent Relationship": "Inner",
                                                      "Parallel Aware": true,
                                                      "Async Capable": false,
                                                      "Startup Cost": 51378.28,
                                                      "Total Cost": 51378.28,
                                                      "Plan Rows": 33669,
                                                      "Plan Width": 4,
                                                      "Plans": [
                                                        {
                                                          "Node Type": "Seq Scan",
                                                          "Parent Relationship": "Outer",
                                                          "Parallel Aware": true,
                                                          "Async Capable": false,
                                                          "Relation Name": "part",
                                                          "Alias": "part",
                                                          "Startup Cost": 0.0,
                                                          "Total Cost": 51378.28,
                                                          "Plan Rows": 33669,
                                                          "Plan Width": 4,
                                                          "Filter": "((p_name)::text ~~ '%lime%'::text)",
                                                          "parent": 16,
                                                          "ID": 17
                                                        }
                                                      ],
                                                      "parent": 14,
                                                      "ID": 16,
                                                      "left": 17
                                                    }
                                                  ],
                                                  "parent": 13,
                                                  "ID": 14,
                                                  "left": 15,
                                                  "right": 16
                                                }
                                              ],
                                              "parent": 11,
                                              "ID": 13,
                                              "left": 14
                                            }
                                          ],
                                          "parent": 10,
                                          "ID": 11,
                                          "left": 12,
                                          "right": 13
                                        }
                                      ],
                                      "parent": 8,
                                      "ID": 10,
                                      "left": 11
                                    }
                                  ],
                                  "parent": 7,
                                  "ID": 8,
                                  "left": 9,
                                  "right": 10
                                }
                              ],
                              "parent": 5,
                              "ID": 7,
                              "left": 8
                            }
                          ],
                          "parent": 4,
                          "ID": 5,
                          "left": 6,
                          "right": 7
                        },
                        {
                          "Node Type": "Hash",
                          "Parent Relationship": "Inner",
                          "Parallel Aware": false,
                          "Async Capable": false,
                          "Startup Cost": 1.25,
                          "Total Cost": 1.25,
                          "Plan Rows": 25,
                          "Plan Width": 30,
                          "Plans": [
                            {
                              "Node Type": "Seq Scan",
                              "Parent Relationship": "Outer",
                              "Parallel Aware": false,
                              "Async Capable": false,
                              "Relation Name": "nation",
                              "Alias": "nation",
                              "Startup Cost": 0.0,
                              "Total Cost": 1.25,
                              "Plan Rows": 25,
                              "Plan Width": 30,
                              "parent": 18,
                              "ID": 19
                            }
                          ],
                          "parent": 4,
                          "ID": 18,
                          "left": 19
                        }
                      ],
                      "parent": 3,
                      "ID": 4,
                      "left": 5,
                      "right": 18
                    }
                  ],
                  "parent": 2,
                  "ID": 3,
                  "left": 4
                }
              ],
              "parent": 1,
              "ID": 2,
              "left": 3
            }
          ],
          "parent": 0,
          "ID": 1,
          "left": 2
        }
      ],
      "parent": null,
      "ID": 0,
      "left": 1
    },
    "feat": {
      "utility": 0.0,
      "query_shape": [
        [
          "Seq Scan",
          "Hash Join",
          "Sort",
          "Aggregate",
          "Gather Merge"
        ],
        [
          "Seq Scan",
          "Hash Join",
          "Hash",
          "Sort",
          "Aggregate",
          "Gather Merge"
        ],
        [
          "Seq Scan",
          "Hash Join",
          "Hash",
          "Sort",
          "Aggregate",
          "Gather Merge"
        ],
        [
          "Seq Scan",
          "Hash Join",
          "Hash",
          "Sort",
          "Aggregate",
          "Gather Merge"
        ],
        [
          "Seq Scan",
          "Hash",
          "Hash Join",
          "Sort",
          "Aggregate",
          "Gather Merge"
        ],
        [
          "Seq Scan",
          "Hash",
          "Hash Join",
          "Sort",
          "Aggregate",
          "Gather Merge"
        ]
      ],
      "index_shape": [],
      "physical_operator": {}
    }
  },
  {
    "query": "-- Functional Query Definition\n-- Approved February 1998\n\n\nselect\nnation,\no_year,\nsum(amount) as sum_profit\nfrom\n(\nselect\nn_name as nation,\nextract(year from o_orderdate) as o_year,\nl_extendedprice * (1 - l_discount) - ps_supplycost * l_quantity as amount\nfrom\npart,\nsupplier,\nlineitem,\npartsupp,\norders,\nnation\nwhere\ns_suppkey = l_suppkey\nand ps_suppkey = l_suppkey\nand ps_partkey = l_partkey\nand p_partkey = l_partkey\nand o_orderkey = l_orderkey\nand s_nationkey = n_nationkey\nand p_name like '%lime%'\n) as profit\ngroup by\nnation,\no_year\norder by\nnation,\no_year desc ;\n-- $ID$\n-- TPC-H/TPC-R Returned Item Reporting ",
    "indexes": "lineitem.l_discount",
    "wo plan est": {
      "Node Type": "Aggregate",
      "Strategy": "Sorted",
      "Partial Mode": "Finalize",
      "Parallel Aware": false,
      "Async Capable": false,
      "Startup Cost": 2170040.99,
      "Total Cost": 2170050.68,
      "Plan Rows": 90,
      "Plan Width": 90,
      "Group Key": [
        "nation.n_name",
        "(EXTRACT(year FROM orders.o_orderdate))"
      ],
      "Plans": [
        {
          "Node Type": "Gather Merge",
          "Parent Relationship": "Outer",
          "Parallel Aware": false,
          "Async Capable": false,
          "Startup Cost": 2170040.99,
          "Total Cost": 2170048.8,
          "Plan Rows": 53,
          "Plan Width": 90,
          "Workers Planned": 1,
          "Plans": [
            {
              "Node Type": "Aggregate",
              "Strategy": "Sorted",
              "Partial Mode": "Partial",
              "Parent Relationship": "Outer",
              "Parallel Aware": false,
              "Async Capable": false,
              "Startup Cost": 2169040.98,
              "Total Cost": 2169042.83,
              "Plan Rows": 53,
              "Plan Width": 90,
              "Group Key": [
                "nation.n_name",
                "(EXTRACT(year FROM orders.o_orderdate))"
              ],
              "Plans": [
                {
                  "Node Type": "Sort",
                  "Parent Relationship": "Outer",
                  "Parallel Aware": false,
                  "Async Capable": false,
                  "Startup Cost": 2169040.98,
                  "Total Cost": 2169041.11,
                  "Plan Rows": 53,
                  "Plan Width": 81,
                  "Sort Key": [
                    "nation.n_name",
                    "(EXTRACT(year FROM orders.o_orderdate)) DESC"
                  ],
                  "Plans": [
                    {
                      "Node Type": "Hash Join",
                      "Parent Relationship": "Outer",
                      "Parallel Aware": false,
                      "Async Capable": false,
                      "Join Type": "Inner",
                      "Startup Cost": 2166013.55,
                      "Total Cost": 2169039.46,
                      "Plan Rows": 53,
                      "Plan Width": 81,
                      "Inner Unique": false,
                      "Hash Cond": "(supplier.s_nationkey = nation.n_nationkey)",
                      "Plans": [
                        {
                          "Node Type": "Hash Join",
                          "Parent Relationship": "Outer",
                          "Parallel Aware": true,
                          "Async Capable": false,
                          "Join Type": "Inner",
                          "Startup Cost": 2166011.99,
                          "Total Cost": 2169037.03,
                          "Plan Rows": 53,
                          "Plan Width": 31,
                          "Inner Unique": false,
                          "Hash Cond": "(supplier.s_suppkey = lineitem.l_suppkey)",
                          "Plans": [
                            {
                              "Node Type": "Seq Scan",
                              "Parent Relationship": "Outer",
                              "Parallel Aware": true,
                              "Async Capable": false,
                              "Relation Name": "supplier",
                              "Alias": "supplier",
                              "Startup Cost": 0.0,
                              "Total Cost": 2804.24,
                              "Plan Rows": 58824,
                              "Plan Width": 8,
                              "parent": 5,
                              "ID": 6
                            },
                            {
                              "Node Type": "Hash",
                              "Parent Relationship": "Inner",
                              "Parallel Aware": true,
                              "Async Capable": false,
                              "Startup Cost": 2166011.51,
                              "Total Cost": 2166011.51,
                              "Plan Rows": 38,
                              "Plan Width": 35,
                              "Plans": [
                                {
                                  "Node Type": "Hash Join",
                                  "Parent Relationship": "Outer",
                                  "Parallel Aware": true,
                                  "Async Capable": false,
                                  "Join Type": "Inner",
                                  "Startup Cost": 1819167.75,
                                  "Total Cost": 2166011.51,
                                  "Plan Rows": 38,
                                  "Plan Width": 35,
                                  "Inner Unique": false,
                                  "Hash Cond": "(orders.o_orderkey = lineitem.l_orderkey)",
                                  "Plans": [
                                    {
                                      "Node Type": "Seq Scan",
                                      "Parent Relationship": "Outer",
                                      "Parallel Aware": true,
                                      "Async Capable": false,
                                      "Relation Name": "orders",
                                      "Alias": "orders",
                                      "Startup Cost": 0.0,
                                      "Total Cost": 323407.71,
                                      "Plan Rows": 6249571,
                                      "Plan Width": 8,
                                      "parent": 8,
                                      "ID": 9
                                    },
                                    {
                                      "Node Type": "Hash",
                                      "Parent Relationship": "Inner",
                                      "Parallel Aware": true,
                                      "Async Capable": false,
                                      "Startup Cost": 1819167.28,
                                      "Total Cost": 1819167.28,
                                      "Plan Rows": 38,
                                      "Plan Width": 35,
                                      "Plans": [
                                        {
                                          "Node Type": "Hash Join",
                                          "Parent Relationship": "Outer",
                                          "Parallel Aware": true,
                                          "Async Capable": false,
                                          "Join Type": "Inner",
                                          "Startup Cost": 1546291.11,
                                          "Total Cost": 1819167.28,
                                          "Plan Rows": 38,
                                          "Plan Width": 35,
                                          "Inner Unique": false,
                                          "Hash Cond": "((partsupp.ps_suppkey = lineitem.l_suppkey) AND (partsupp.ps_partkey = lineitem.l_partkey))",
                                          "Plans": [
                                            {
                                              "Node Type": "Seq Scan",
                                              "Parent Relationship": "Outer",
                                              "Parallel Aware": true,
                                              "Async Capable": false,
                                              "Relation Name": "partsupp",
                                              "Alias": "partsupp",
                                              "Startup Cost": 0.0,
                                              "Total Cost": 207718.58,
                                              "Plan Rows": 3333258,
                                              "Plan Width": 14,
                                              "parent": 11,
                                              "ID": 12
                                            },
                                            {
                                              "Node Type": "Hash",
                                              "Parent Relationship": "Inner",
                                              "Parallel Aware": true,
                                              "Async Capable": false,
                                              "Startup Cost": 1524082.29,
                                              "Total Cost": 1524082.29,
                                              "Plan Rows": 973521,
                                              "Plan Width": 33,
                                              "Plans": [
                                                {
                                                  "Node Type": "Hash Join",
                                                  "Parent Relationship": "Outer",
                                                  "Parallel Aware": true,
                                                  "Async Capable": false,
                                                  "Join Type": "Inner",
                                                  "Startup Cost": 51799.14,
                                                  "Total Cost": 1524082.29,
                                                  "Plan Rows": 973521,
                                                  "Plan Width": 33,
                                                  "Inner Unique": false,
                                                  "Hash Cond": "(lineitem.l_partkey = part.p_partkey)",
                                                  "Plans": [
                                                    {
                                                      "Node Type": "Seq Scan",
                                                      "Parent Relationship": "Outer",
                                                      "Parallel Aware": true,
                                                      "Async Capable": false,
                                                      "Relation Name": "lineitem",
                                                      "Alias": "lineitem",
                                                      "Startup Cost": 0.0,
                                                      "Total Cost": 1374494.57,
                                                      "Plan Rows": 24995257,
                                                      "Plan Width": 29,
                                                      "parent": 14,
                                                      "ID": 15
                                                    },
                                                    {
                                                      "Node Type": "Hash",
                                                      "Parent Relationship": "Inner",
                                                      "Parallel Aware": true,
                                                      "Async Capable": false,
                                                      "Startup Cost": 51378.28,
                                                      "Total Cost": 51378.28,
                                                      "Plan Rows": 33669,
                                                      "Plan Width": 4,
                                                      "Plans": [
                                                        {
                                                          "Node Type": "Seq Scan",
                                                          "Parent Relationship": "Outer",
                                                          "Parallel Aware": true,
                                                          "Async Capable": false,
                                                          "Relation Name": "part",
                                                          "Alias": "part",
                                                          "Startup Cost": 0.0,
                                                          "Total Cost": 51378.28,
                                                          "Plan Rows": 33669,
                                                          "Plan Width": 4,
                                                          "Filter": "((p_name)::text ~~ '%lime%'::text)",
                                                          "parent": 16,
                                                          "ID": 17
                                                        }
                                                      ],
                                                      "parent": 14,
                                                      "ID": 16,
                                                      "left": 17
                                                    }
                                                  ],
                                                  "parent": 13,
                                                  "ID": 14,
                                                  "left": 15,
                                                  "right": 16
                                                }
                                              ],
                                              "parent": 11,
                                              "ID": 13,
                                              "left": 14
                                            }
                                          ],
                                          "parent": 10,
                                          "ID": 11,
                                          "left": 12,
                                          "right": 13
                                        }
                                      ],
                                      "parent": 8,
                                      "ID": 10,
                                      "left": 11
                                    }
                                  ],
                                  "parent": 7,
                                  "ID": 8,
                                  "left": 9,
                                  "right": 10
                                }
                              ],
                              "parent": 5,
                              "ID": 7,
                              "left": 8
                            }
                          ],
                          "parent": 4,
                          "ID": 5,
                          "left": 6,
                          "right": 7
                        },
                        {
                          "Node Type": "Hash",
                          "Parent Relationship": "Inner",
                          "Parallel Aware": false,
                          "Async Capable": false,
                          "Startup Cost": 1.25,
                          "Total Cost": 1.25,
                          "Plan Rows": 25,
                          "Plan Width": 30,
                          "Plans": [
                            {
                              "Node Type": "Seq Scan",
                              "Parent Relationship": "Outer",
                              "Parallel Aware": false,
                              "Async Capable": false,
                              "Relation Name": "nation",
                              "Alias": "nation",
                              "Startup Cost": 0.0,
                              "Total Cost": 1.25,
                              "Plan Rows": 25,
                              "Plan Width": 30,
                              "parent": 18,
                              "ID": 19
                            }
                          ],
                          "parent": 4,
                          "ID": 18,
                          "left": 19
                        }
                      ],
                      "parent": 3,
                      "ID": 4,
                      "left": 5,
                      "right": 18
                    }
                  ],
                  "parent": 2,
                  "ID": 3,
                  "left": 4
                }
              ],
              "parent": 1,
              "ID": 2,
              "left": 3
            }
          ],
          "parent": 0,
          "ID": 1,
          "left": 2
        }
      ],
      "parent": null,
      "ID": 0,
      "left": 1
    },
    "feat": {
      "utility": 0.0,
      "query_shape": [
        [
          "Seq Scan",
          "Hash Join",
          "Sort",
          "Aggregate",
          "Gather Merge"
        ],
        [
          "Seq Scan",
          "Hash Join",
          "Hash",
          "Sort",
          "Aggregate",
          "Gather Merge"
        ],
        [
          "Seq Scan",
          "Hash Join",
          "Hash",
          "Sort",
          "Aggregate",
          "Gather Merge"
        ],
        [
          "Seq Scan",
          "Hash Join",
          "Hash",
          "Sort",
          "Aggregate",
          "Gather Merge"
        ],
        [
          "Seq Scan",
          "Hash",
          "Hash Join",
          "Sort",
          "Aggregate",
          "Gather Merge"
        ],
        [
          "Seq Scan",
          "Hash",
          "Hash Join",
          "Sort",
          "Aggregate",
          "Gather Merge"
        ]
      ],
      "index_shape": [],
      "physical_operator": {}
    }
  },
  {
    "query": "-- Functional Query Definition\n-- Approved February 1998\n\n\nselect\nnation,\no_year,\nsum(amount) as sum_profit\nfrom\n(\nselect\nn_name as nation,\nextract(year from o_orderdate) as o_year,\nl_extendedprice * (1 - l_discount) - ps_supplycost * l_quantity as amount\nfrom\npart,\nsupplier,\nlineitem,\npartsupp,\norders,\nnation\nwhere\ns_suppkey = l_suppkey\nand ps_suppkey = l_suppkey\nand ps_partkey = l_partkey\nand p_partkey = l_partkey\nand o_orderkey = l_orderkey\nand s_nationkey = n_nationkey\nand p_name like '%lime%'\n) as profit\ngroup by\nnation,\no_year\norder by\nnation,\no_year desc ;\n-- $ID$\n-- TPC-H/TPC-R Returned Item Reporting ",
    "indexes": "nation.n_nationkey",
    "wo plan est": {
      "Node Type": "Aggregate",
      "Strategy": "Sorted",
      "Partial Mode": "Finalize",
      "Parallel Aware": false,
      "Async Capable": false,
      "Startup Cost": 2170040.99,
      "Total Cost": 2170050.68,
      "Plan Rows": 90,
      "Plan Width": 90,
      "Group Key": [
        "nation.n_name",
        "(EXTRACT(year FROM orders.o_orderdate))"
      ],
      "Plans": [
        {
          "Node Type": "Gather Merge",
          "Parent Relationship": "Outer",
          "Parallel Aware": false,
          "Async Capable": false,
          "Startup Cost": 2170040.99,
          "Total Cost": 2170048.8,
          "Plan Rows": 53,
          "Plan Width": 90,
          "Workers Planned": 1,
          "Plans": [
            {
              "Node Type": "Aggregate",
              "Strategy": "Sorted",
              "Partial Mode": "Partial",
              "Parent Relationship": "Outer",
              "Parallel Aware": false,
              "Async Capable": false,
              "Startup Cost": 2169040.98,
              "Total Cost": 2169042.83,
              "Plan Rows": 53,
              "Plan Width": 90,
              "Group Key": [
                "nation.n_name",
                "(EXTRACT(year FROM orders.o_orderdate))"
              ],
              "Plans": [
                {
                  "Node Type": "Sort",
                  "Parent Relationship": "Outer",
                  "Parallel Aware": false,
                  "Async Capable": false,
                  "Startup Cost": 2169040.98,
                  "Total Cost": 2169041.11,
                  "Plan Rows": 53,
                  "Plan Width": 81,
                  "Sort Key": [
                    "nation.n_name",
                    "(EXTRACT(year FROM orders.o_orderdate)) DESC"
                  ],
                  "Plans": [
                    {
                      "Node Type": "Hash Join",
                      "Parent Relationship": "Outer",
                      "Parallel Aware": false,
                      "Async Capable": false,
                      "Join Type": "Inner",
                      "Startup Cost": 2166013.55,
                      "Total Cost": 2169039.46,
                      "Plan Rows": 53,
                      "Plan Width": 81,
                      "Inner Unique": false,
                      "Hash Cond": "(supplier.s_nationkey = nation.n_nationkey)",
                      "Plans": [
                        {
                          "Node Type": "Hash Join",
                          "Parent Relationship": "Outer",
                          "Parallel Aware": true,
                          "Async Capable": false,
                          "Join Type": "Inner",
                          "Startup Cost": 2166011.99,
                          "Total Cost": 2169037.03,
                          "Plan Rows": 53,
                          "Plan Width": 31,
                          "Inner Unique": false,
                          "Hash Cond": "(supplier.s_suppkey = lineitem.l_suppkey)",
                          "Plans": [
                            {
                              "Node Type": "Seq Scan",
                              "Parent Relationship": "Outer",
                              "Parallel Aware": true,
                              "Async Capable": false,
                              "Relation Name": "supplier",
                              "Alias": "supplier",
                              "Startup Cost": 0.0,
                              "Total Cost": 2804.24,
                              "Plan Rows": 58824,
                              "Plan Width": 8,
                              "parent": 5,
                              "ID": 6
                            },
                            {
                              "Node Type": "Hash",
                              "Parent Relationship": "Inner",
                              "Parallel Aware": true,
                              "Async Capable": false,
                              "Startup Cost": 2166011.51,
                              "Total Cost": 2166011.51,
                              "Plan Rows": 38,
                              "Plan Width": 35,
                              "Plans": [
                                {
                                  "Node Type": "Hash Join",
                                  "Parent Relationship": "Outer",
                                  "Parallel Aware": true,
                                  "Async Capable": false,
                                  "Join Type": "Inner",
                                  "Startup Cost": 1819167.75,
                                  "Total Cost": 2166011.51,
                                  "Plan Rows": 38,
                                  "Plan Width": 35,
                                  "Inner Unique": false,
                                  "Hash Cond": "(orders.o_orderkey = lineitem.l_orderkey)",
                                  "Plans": [
                                    {
                                      "Node Type": "Seq Scan",
                                      "Parent Relationship": "Outer",
                                      "Parallel Aware": true,
                                      "Async Capable": false,
                                      "Relation Name": "orders",
                                      "Alias": "orders",
                                      "Startup Cost": 0.0,
                                      "Total Cost": 323407.71,
                                      "Plan Rows": 6249571,
                                      "Plan Width": 8,
                                      "parent": 8,
                                      "ID": 9
                                    },
                                    {
                                      "Node Type": "Hash",
                                      "Parent Relationship": "Inner",
                                      "Parallel Aware": true,
                                      "Async Capable": false,
                                      "Startup Cost": 1819167.28,
                                      "Total Cost": 1819167.28,
                                      "Plan Rows": 38,
                                      "Plan Width": 35,
                                      "Plans": [
                                        {
                                          "Node Type": "Hash Join",
                                          "Parent Relationship": "Outer",
                                          "Parallel Aware": true,
                                          "Async Capable": false,
                                          "Join Type": "Inner",
                                          "Startup Cost": 1546291.11,
                                          "Total Cost": 1819167.28,
                                          "Plan Rows": 38,
                                          "Plan Width": 35,
                                          "Inner Unique": false,
                                          "Hash Cond": "((partsupp.ps_suppkey = lineitem.l_suppkey) AND (partsupp.ps_partkey = lineitem.l_partkey))",
                                          "Plans": [
                                            {
                                              "Node Type": "Seq Scan",
                                              "Parent Relationship": "Outer",
                                              "Parallel Aware": true,
                                              "Async Capable": false,
                                              "Relation Name": "partsupp",
                                              "Alias": "partsupp",
                                              "Startup Cost": 0.0,
                                              "Total Cost": 207718.58,
                                              "Plan Rows": 3333258,
                                              "Plan Width": 14,
                                              "parent": 11,
                                              "ID": 12
                                            },
                                            {
                                              "Node Type": "Hash",
                                              "Parent Relationship": "Inner",
                                              "Parallel Aware": true,
                                              "Async Capable": false,
                                              "Startup Cost": 1524082.29,
                                              "Total Cost": 1524082.29,
                                              "Plan Rows": 973521,
                                              "Plan Width": 33,
                                              "Plans": [
                                                {
                                                  "Node Type": "Hash Join",
                                                  "Parent Relationship": "Outer",
                                                  "Parallel Aware": true,
                                                  "Async Capable": false,
                                                  "Join Type": "Inner",
                                                  "Startup Cost": 51799.14,
                                                  "Total Cost": 1524082.29,
                                                  "Plan Rows": 973521,
                                                  "Plan Width": 33,
                                                  "Inner Unique": false,
                                                  "Hash Cond": "(lineitem.l_partkey = part.p_partkey)",
                                                  "Plans": [
                                                    {
                                                      "Node Type": "Seq Scan",
                                                      "Parent Relationship": "Outer",
                                                      "Parallel Aware": true,
                                                      "Async Capable": false,
                                                      "Relation Name": "lineitem",
                                                      "Alias": "lineitem",
                                                      "Startup Cost": 0.0,
                                                      "Total Cost": 1374494.57,
                                                      "Plan Rows": 24995257,
                                                      "Plan Width": 29,
                                                      "parent": 14,
                                                      "ID": 15
                                                    },
                                                    {
                                                      "Node Type": "Hash",
                                                      "Parent Relationship": "Inner",
                                                      "Parallel Aware": true,
                                                      "Async Capable": false,
                                                      "Startup Cost": 51378.28,
                                                      "Total Cost": 51378.28,
                                                      "Plan Rows": 33669,
                                                      "Plan Width": 4,
                                                      "Plans": [
                                                        {
                                                          "Node Type": "Seq Scan",
                                                          "Parent Relationship": "Outer",
                                                          "Parallel Aware": true,
                                                          "Async Capable": false,
                                                          "Relation Name": "part",
                                                          "Alias": "part",
                                                          "Startup Cost": 0.0,
                                                          "Total Cost": 51378.28,
                                                          "Plan Rows": 33669,
                                                          "Plan Width": 4,
                                                          "Filter": "((p_name)::text ~~ '%lime%'::text)",
                                                          "parent": 16,
                                                          "ID": 17
                                                        }
                                                      ],
                                                      "parent": 14,
                                                      "ID": 16,
                                                      "left": 17
                                                    }
                                                  ],
                                                  "parent": 13,
                                                  "ID": 14,
                                                  "left": 15,
                                                  "right": 16
                                                }
                                              ],
                                              "parent": 11,
                                              "ID": 13,
                                              "left": 14
                                            }
                                          ],
                                          "parent": 10,
                                          "ID": 11,
                                          "left": 12,
                                          "right": 13
                                        }
                                      ],
                                      "parent": 8,
                                      "ID": 10,
                                      "left": 11
                                    }
                                  ],
                                  "parent": 7,
                                  "ID": 8,
                                  "left": 9,
                                  "right": 10
                                }
                              ],
                              "parent": 5,
                              "ID": 7,
                              "left": 8
                            }
                          ],
                          "parent": 4,
                          "ID": 5,
                          "left": 6,
                          "right": 7
                        },
                        {
                          "Node Type": "Hash",
                          "Parent Relationship": "Inner",
                          "Parallel Aware": false,
                          "Async Capable": false,
                          "Startup Cost": 1.25,
                          "Total Cost": 1.25,
                          "Plan Rows": 25,
                          "Plan Width": 30,
                          "Plans": [
                            {
                              "Node Type": "Seq Scan",
                              "Parent Relationship": "Outer",
                              "Parallel Aware": false,
                              "Async Capable": false,
                              "Relation Name": "nation",
                              "Alias": "nation",
                              "Startup Cost": 0.0,
                              "Total Cost": 1.25,
                              "Plan Rows": 25,
                              "Plan Width": 30,
                              "parent": 18,
                              "ID": 19
                            }
                          ],
                          "parent": 4,
                          "ID": 18,
                          "left": 19
                        }
                      ],
                      "parent": 3,
                      "ID": 4,
                      "left": 5,
                      "right": 18
                    }
                  ],
                  "parent": 2,
                  "ID": 3,
                  "left": 4
                }
              ],
              "parent": 1,
              "ID": 2,
              "left": 3
            }
          ],
          "parent": 0,
          "ID": 1,
          "left": 2
        }
      ],
      "parent": null,
      "ID": 0,
      "left": 1
    },
    "feat": {
      "utility": 4.608187307404267e-07,
      "query_shape": [
        [
          "Seq Scan",
          "Hash Join",
          "Sort",
          "Aggregate",
          "Gather Merge"
        ],
        [
          "Seq Scan",
          "Hash Join",
          "Hash",
          "Sort",
          "Aggregate",
          "Gather Merge"
        ],
        [
          "Seq Scan",
          "Hash Join",
          "Hash",
          "Sort",
          "Aggregate",
          "Gather Merge"
        ],
        [
          "Seq Scan",
          "Hash Join",
          "Hash",
          "Sort",
          "Aggregate",
          "Gather Merge"
        ],
        [
          "Seq Scan",
          "Hash",
          "Hash Join",
          "Sort",
          "Aggregate",
          "Gather Merge"
        ],
        [
          "Seq Scan",
          "Hash",
          "Hash Join",
          "Sort",
          "Aggregate",
          "Gather Merge"
        ]
      ],
      "index_shape": [
        "join"
      ],
      "physical_operator": {
        "Hash Join": [
          0.2
        ]
      }
    }
  },
  {
    "query": "-- Functional Query Definition\n-- Approved February 1998\n\n\nselect\nnation,\no_year,\nsum(amount) as sum_profit\nfrom\n(\nselect\nn_name as nation,\nextract(year from o_orderdate) as o_year,\nl_extendedprice * (1 - l_discount) - ps_supplycost * l_quantity as amount\nfrom\npart,\nsupplier,\nlineitem,\npartsupp,\norders,\nnation\nwhere\ns_suppkey = l_suppkey\nand ps_suppkey = l_suppkey\nand ps_partkey = l_partkey\nand p_partkey = l_partkey\nand o_orderkey = l_orderkey\nand s_nationkey = n_nationkey\nand p_name like '%lime%'\n) as profit\ngroup by\nnation,\no_year\norder by\nnation,\no_year desc ;\n-- $ID$\n-- TPC-H/TPC-R Returned Item Reporting ",
    "indexes": "nation.n_name",
    "wo plan est": {
      "Node Type": "Aggregate",
      "Strategy": "Sorted",
      "Partial Mode": "Finalize",
      "Parallel Aware": false,
      "Async Capable": false,
      "Startup Cost": 2170040.99,
      "Total Cost": 2170050.68,
      "Plan Rows": 90,
      "Plan Width": 90,
      "Group Key": [
        "nation.n_name",
        "(EXTRACT(year FROM orders.o_orderdate))"
      ],
      "Plans": [
        {
          "Node Type": "Gather Merge",
          "Parent Relationship": "Outer",
          "Parallel Aware": false,
          "Async Capable": false,
          "Startup Cost": 2170040.99,
          "Total Cost": 2170048.8,
          "Plan Rows": 53,
          "Plan Width": 90,
          "Workers Planned": 1,
          "Plans": [
            {
              "Node Type": "Aggregate",
              "Strategy": "Sorted",
              "Partial Mode": "Partial",
              "Parent Relationship": "Outer",
              "Parallel Aware": false,
              "Async Capable": false,
              "Startup Cost": 2169040.98,
              "Total Cost": 2169042.83,
              "Plan Rows": 53,
              "Plan Width": 90,
              "Group Key": [
                "nation.n_name",
                "(EXTRACT(year FROM orders.o_orderdate))"
              ],
              "Plans": [
                {
                  "Node Type": "Sort",
                  "Parent Relationship": "Outer",
                  "Parallel Aware": false,
                  "Async Capable": false,
                  "Startup Cost": 2169040.98,
                  "Total Cost": 2169041.11,
                  "Plan Rows": 53,
                  "Plan Width": 81,
                  "Sort Key": [
                    "nation.n_name",
                    "(EXTRACT(year FROM orders.o_orderdate)) DESC"
                  ],
                  "Plans": [
                    {
                      "Node Type": "Hash Join",
                      "Parent Relationship": "Outer",
                      "Parallel Aware": false,
                      "Async Capable": false,
                      "Join Type": "Inner",
                      "Startup Cost": 2166013.55,
                      "Total Cost": 2169039.46,
                      "Plan Rows": 53,
                      "Plan Width": 81,
                      "Inner Unique": false,
                      "Hash Cond": "(supplier.s_nationkey = nation.n_nationkey)",
                      "Plans": [
                        {
                          "Node Type": "Hash Join",
                          "Parent Relationship": "Outer",
                          "Parallel Aware": true,
                          "Async Capable": false,
                          "Join Type": "Inner",
                          "Startup Cost": 2166011.99,
                          "Total Cost": 2169037.03,
                          "Plan Rows": 53,
                          "Plan Width": 31,
                          "Inner Unique": false,
                          "Hash Cond": "(supplier.s_suppkey = lineitem.l_suppkey)",
                          "Plans": [
                            {
                              "Node Type": "Seq Scan",
                              "Parent Relationship": "Outer",
                              "Parallel Aware": true,
                              "Async Capable": false,
                              "Relation Name": "supplier",
                              "Alias": "supplier",
                              "Startup Cost": 0.0,
                              "Total Cost": 2804.24,
                              "Plan Rows": 58824,
                              "Plan Width": 8,
                              "parent": 5,
                              "ID": 6
                            },
                            {
                              "Node Type": "Hash",
                              "Parent Relationship": "Inner",
                              "Parallel Aware": true,
                              "Async Capable": false,
                              "Startup Cost": 2166011.51,
                              "Total Cost": 2166011.51,
                              "Plan Rows": 38,
                              "Plan Width": 35,
                              "Plans": [
                                {
                                  "Node Type": "Hash Join",
                                  "Parent Relationship": "Outer",
                                  "Parallel Aware": true,
                                  "Async Capable": false,
                                  "Join Type": "Inner",
                                  "Startup Cost": 1819167.75,
                                  "Total Cost": 2166011.51,
                                  "Plan Rows": 38,
                                  "Plan Width": 35,
                                  "Inner Unique": false,
                                  "Hash Cond": "(orders.o_orderkey = lineitem.l_orderkey)",
                                  "Plans": [
                                    {
                                      "Node Type": "Seq Scan",
                                      "Parent Relationship": "Outer",
                                      "Parallel Aware": true,
                                      "Async Capable": false,
                                      "Relation Name": "orders",
                                      "Alias": "orders",
                                      "Startup Cost": 0.0,
                                      "Total Cost": 323407.71,
                                      "Plan Rows": 6249571,
                                      "Plan Width": 8,
                                      "parent": 8,
                                      "ID": 9
                                    },
                                    {
                                      "Node Type": "Hash",
                                      "Parent Relationship": "Inner",
                                      "Parallel Aware": true,
                                      "Async Capable": false,
                                      "Startup Cost": 1819167.28,
                                      "Total Cost": 1819167.28,
                                      "Plan Rows": 38,
                                      "Plan Width": 35,
                                      "Plans": [
                                        {
                                          "Node Type": "Hash Join",
                                          "Parent Relationship": "Outer",
                                          "Parallel Aware": true,
                                          "Async Capable": false,
                                          "Join Type": "Inner",
                                          "Startup Cost": 1546291.11,
                                          "Total Cost": 1819167.28,
                                          "Plan Rows": 38,
                                          "Plan Width": 35,
                                          "Inner Unique": false,
                                          "Hash Cond": "((partsupp.ps_suppkey = lineitem.l_suppkey) AND (partsupp.ps_partkey = lineitem.l_partkey))",
                                          "Plans": [
                                            {
                                              "Node Type": "Seq Scan",
                                              "Parent Relationship": "Outer",
                                              "Parallel Aware": true,
                                              "Async Capable": false,
                                              "Relation Name": "partsupp",
                                              "Alias": "partsupp",
                                              "Startup Cost": 0.0,
                                              "Total Cost": 207718.58,
                                              "Plan Rows": 3333258,
                                              "Plan Width": 14,
                                              "parent": 11,
                                              "ID": 12
                                            },
                                            {
                                              "Node Type": "Hash",
                                              "Parent Relationship": "Inner",
                                              "Parallel Aware": true,
                                              "Async Capable": false,
                                              "Startup Cost": 1524082.29,
                                              "Total Cost": 1524082.29,
                                              "Plan Rows": 973521,
                                              "Plan Width": 33,
                                              "Plans": [
                                                {
                                                  "Node Type": "Hash Join",
                                                  "Parent Relationship": "Outer",
                                                  "Parallel Aware": true,
                                                  "Async Capable": false,
                                                  "Join Type": "Inner",
                                                  "Startup Cost": 51799.14,
                                                  "Total Cost": 1524082.29,
                                                  "Plan Rows": 973521,
                                                  "Plan Width": 33,
                                                  "Inner Unique": false,
                                                  "Hash Cond": "(lineitem.l_partkey = part.p_partkey)",
                                                  "Plans": [
                                                    {
                                                      "Node Type": "Seq Scan",
                                                      "Parent Relationship": "Outer",
                                                      "Parallel Aware": true,
                                                      "Async Capable": false,
                                                      "Relation Name": "lineitem",
                                                      "Alias": "lineitem",
                                                      "Startup Cost": 0.0,
                                                      "Total Cost": 1374494.57,
                                                      "Plan Rows": 24995257,
                                                      "Plan Width": 29,
                                                      "parent": 14,
                                                      "ID": 15
                                                    },
                                                    {
                                                      "Node Type": "Hash",
                                                      "Parent Relationship": "Inner",
                                                      "Parallel Aware": true,
                                                      "Async Capable": false,
                                                      "Startup Cost": 51378.28,
                                                      "Total Cost": 51378.28,
                                                      "Plan Rows": 33669,
                                                      "Plan Width": 4,
                                                      "Plans": [
                                                        {
                                                          "Node Type": "Seq Scan",
                                                          "Parent Relationship": "Outer",
                                                          "Parallel Aware": true,
                                                          "Async Capable": false,
                                                          "Relation Name": "part",
                                                          "Alias": "part",
                                                          "Startup Cost": 0.0,
                                                          "Total Cost": 51378.28,
                                                          "Plan Rows": 33669,
                                                          "Plan Width": 4,
                                                          "Filter": "((p_name)::text ~~ '%lime%'::text)",
                                                          "parent": 16,
                                                          "ID": 17
                                                        }
                                                      ],
                                                      "parent": 14,
                                                      "ID": 16,
                                                      "left": 17
                                                    }
                                                  ],
                                                  "parent": 13,
                                                  "ID": 14,
                                                  "left": 15,
                                                  "right": 16
                                                }
                                              ],
                                              "parent": 11,
                                              "ID": 13,
                                              "left": 14
                                            }
                                          ],
                                          "parent": 10,
                                          "ID": 11,
                                          "left": 12,
                                          "right": 13
                                        }
                                      ],
                                      "parent": 8,
                                      "ID": 10,
                                      "left": 11
                                    }
                                  ],
                                  "parent": 7,
                                  "ID": 8,
                                  "left": 9,
                                  "right": 10
                                }
                              ],
                              "parent": 5,
                              "ID": 7,
                              "left": 8
                            }
                          ],
                          "parent": 4,
                          "ID": 5,
                          "left": 6,
                          "right": 7
                        },
                        {
                          "Node Type": "Hash",
                          "Parent Relationship": "Inner",
                          "Parallel Aware": false,
                          "Async Capable": false,
                          "Startup Cost": 1.25,
                          "Total Cost": 1.25,
                          "Plan Rows": 25,
                          "Plan Width": 30,
                          "Plans": [
                            {
                              "Node Type": "Seq Scan",
                              "Parent Relationship": "Outer",
                              "Parallel Aware": false,
                              "Async Capable": false,
                              "Relation Name": "nation",
                              "Alias": "nation",
                              "Startup Cost": 0.0,
                              "Total Cost": 1.25,
                              "Plan Rows": 25,
                              "Plan Width": 30,
                              "parent": 18,
                              "ID": 19
                            }
                          ],
                          "parent": 4,
                          "ID": 18,
                          "left": 19
                        }
                      ],
                      "parent": 3,
                      "ID": 4,
                      "left": 5,
                      "right": 18
                    }
                  ],
                  "parent": 2,
                  "ID": 3,
                  "left": 4
                }
              ],
              "parent": 1,
              "ID": 2,
              "left": 3
            }
          ],
          "parent": 0,
          "ID": 1,
          "left": 2
        }
      ],
      "parent": null,
      "ID": 0,
      "left": 1
    },
    "feat": {
      "utility": 0.0,
      "query_shape": [
        [
          "Seq Scan",
          "Hash Join",
          "Sort",
          "Aggregate",
          "Gather Merge"
        ],
        [
          "Seq Scan",
          "Hash Join",
          "Hash",
          "Sort",
          "Aggregate",
          "Gather Merge"
        ],
        [
          "Seq Scan",
          "Hash Join",
          "Hash",
          "Sort",
          "Aggregate",
          "Gather Merge"
        ],
        [
          "Seq Scan",
          "Hash Join",
          "Hash",
          "Sort",
          "Aggregate",
          "Gather Merge"
        ],
        [
          "Seq Scan",
          "Hash",
          "Hash Join",
          "Sort",
          "Aggregate",
          "Gather Merge"
        ],
        [
          "Seq Scan",
          "Hash",
          "Hash Join",
          "Sort",
          "Aggregate",
          "Gather Merge"
        ]
      ],
      "index_shape": [
        "order-by"
      ],
      "physical_operator": {
        "Sort": [
          "[0. 0. 0. 0. 0. 0. 0. 0. 0. 0. 0. 0. 0. 0. 0. 0. 0. 0. 0. 0. 0. 0. 0. 0.\n 0. 0. 0. 0. 0. 0. 0. 0. 0. 0. 0. 0. 0. 0. 0. 0. 0. 0. 0. 0. 0. 0. 0. 0.\n 0. 0. 0.]"
        ],
        "Aggregate": [
          "[0. 0. 0. 0. 0. 0. 0. 0. 0. 0. 0. 0. 0. 0. 0. 0. 0. 0. 0. 0. 0. 0. 0. 0.\n 0. 0. 0. 0. 0. 0. 0. 0. 0. 0. 0. 0. 0. 0. 0. 0. 0. 0. 0. 0. 0. 0. 0. 0.\n 0. 0. 0.]",
          "[0. 0. 0. 0. 0. 0. 0. 0. 0. 0. 0. 0. 0. 0. 0. 0. 0. 0. 0. 0. 0. 0. 0. 0.\n 0. 0. 0. 0. 0. 0. 0. 0. 0. 0. 0. 0. 0. 0. 0. 0. 0. 0. 0. 0. 0. 0. 0. 0.\n 0. 0. 0.]"
        ]
      }
    }
  },
  {
    "query": "-- Functional Query Definition\n-- Approved February 1998\n\n\nselect\nnation,\no_year,\nsum(amount) as sum_profit\nfrom\n(\nselect\nn_name as nation,\nextract(year from o_orderdate) as o_year,\nl_extendedprice * (1 - l_discount) - ps_supplycost * l_quantity as amount\nfrom\npart,\nsupplier,\nlineitem,\npartsupp,\norders,\nnation\nwhere\ns_suppkey = l_suppkey\nand ps_suppkey = l_suppkey\nand ps_partkey = l_partkey\nand p_partkey = l_partkey\nand o_orderkey = l_orderkey\nand s_nationkey = n_nationkey\nand p_name like '%lime%'\n) as profit\ngroup by\nnation,\no_year\norder by\nnation,\no_year desc ;\n-- $ID$\n-- TPC-H/TPC-R Returned Item Reporting ",
    "indexes": "orders.o_orderkey",
    "wo plan est": {
      "Node Type": "Aggregate",
      "Strategy": "Sorted",
      "Partial Mode": "Finalize",
      "Parallel Aware": false,
      "Async Capable": false,
      "Startup Cost": 2170040.99,
      "Total Cost": 2170050.68,
      "Plan Rows": 90,
      "Plan Width": 90,
      "Group Key": [
        "nation.n_name",
        "(EXTRACT(year FROM orders.o_orderdate))"
      ],
      "Plans": [
        {
          "Node Type": "Gather Merge",
          "Parent Relationship": "Outer",
          "Parallel Aware": false,
          "Async Capable": false,
          "Startup Cost": 2170040.99,
          "Total Cost": 2170048.8,
          "Plan Rows": 53,
          "Plan Width": 90,
          "Workers Planned": 1,
          "Plans": [
            {
              "Node Type": "Aggregate",
              "Strategy": "Sorted",
              "Partial Mode": "Partial",
              "Parent Relationship": "Outer",
              "Parallel Aware": false,
              "Async Capable": false,
              "Startup Cost": 2169040.98,
              "Total Cost": 2169042.83,
              "Plan Rows": 53,
              "Plan Width": 90,
              "Group Key": [
                "nation.n_name",
                "(EXTRACT(year FROM orders.o_orderdate))"
              ],
              "Plans": [
                {
                  "Node Type": "Sort",
                  "Parent Relationship": "Outer",
                  "Parallel Aware": false,
                  "Async Capable": false,
                  "Startup Cost": 2169040.98,
                  "Total Cost": 2169041.11,
                  "Plan Rows": 53,
                  "Plan Width": 81,
                  "Sort Key": [
                    "nation.n_name",
                    "(EXTRACT(year FROM orders.o_orderdate)) DESC"
                  ],
                  "Plans": [
                    {
                      "Node Type": "Hash Join",
                      "Parent Relationship": "Outer",
                      "Parallel Aware": false,
                      "Async Capable": false,
                      "Join Type": "Inner",
                      "Startup Cost": 2166013.55,
                      "Total Cost": 2169039.46,
                      "Plan Rows": 53,
                      "Plan Width": 81,
                      "Inner Unique": false,
                      "Hash Cond": "(supplier.s_nationkey = nation.n_nationkey)",
                      "Plans": [
                        {
                          "Node Type": "Hash Join",
                          "Parent Relationship": "Outer",
                          "Parallel Aware": true,
                          "Async Capable": false,
                          "Join Type": "Inner",
                          "Startup Cost": 2166011.99,
                          "Total Cost": 2169037.03,
                          "Plan Rows": 53,
                          "Plan Width": 31,
                          "Inner Unique": false,
                          "Hash Cond": "(supplier.s_suppkey = lineitem.l_suppkey)",
                          "Plans": [
                            {
                              "Node Type": "Seq Scan",
                              "Parent Relationship": "Outer",
                              "Parallel Aware": true,
                              "Async Capable": false,
                              "Relation Name": "supplier",
                              "Alias": "supplier",
                              "Startup Cost": 0.0,
                              "Total Cost": 2804.24,
                              "Plan Rows": 58824,
                              "Plan Width": 8,
                              "parent": 5,
                              "ID": 6
                            },
                            {
                              "Node Type": "Hash",
                              "Parent Relationship": "Inner",
                              "Parallel Aware": true,
                              "Async Capable": false,
                              "Startup Cost": 2166011.51,
                              "Total Cost": 2166011.51,
                              "Plan Rows": 38,
                              "Plan Width": 35,
                              "Plans": [
                                {
                                  "Node Type": "Hash Join",
                                  "Parent Relationship": "Outer",
                                  "Parallel Aware": true,
                                  "Async Capable": false,
                                  "Join Type": "Inner",
                                  "Startup Cost": 1819167.75,
                                  "Total Cost": 2166011.51,
                                  "Plan Rows": 38,
                                  "Plan Width": 35,
                                  "Inner Unique": false,
                                  "Hash Cond": "(orders.o_orderkey = lineitem.l_orderkey)",
                                  "Plans": [
                                    {
                                      "Node Type": "Seq Scan",
                                      "Parent Relationship": "Outer",
                                      "Parallel Aware": true,
                                      "Async Capable": false,
                                      "Relation Name": "orders",
                                      "Alias": "orders",
                                      "Startup Cost": 0.0,
                                      "Total Cost": 323407.71,
                                      "Plan Rows": 6249571,
                                      "Plan Width": 8,
                                      "parent": 8,
                                      "ID": 9
                                    },
                                    {
                                      "Node Type": "Hash",
                                      "Parent Relationship": "Inner",
                                      "Parallel Aware": true,
                                      "Async Capable": false,
                                      "Startup Cost": 1819167.28,
                                      "Total Cost": 1819167.28,
                                      "Plan Rows": 38,
                                      "Plan Width": 35,
                                      "Plans": [
                                        {
                                          "Node Type": "Hash Join",
                                          "Parent Relationship": "Outer",
                                          "Parallel Aware": true,
                                          "Async Capable": false,
                                          "Join Type": "Inner",
                                          "Startup Cost": 1546291.11,
                                          "Total Cost": 1819167.28,
                                          "Plan Rows": 38,
                                          "Plan Width": 35,
                                          "Inner Unique": false,
                                          "Hash Cond": "((partsupp.ps_suppkey = lineitem.l_suppkey) AND (partsupp.ps_partkey = lineitem.l_partkey))",
                                          "Plans": [
                                            {
                                              "Node Type": "Seq Scan",
                                              "Parent Relationship": "Outer",
                                              "Parallel Aware": true,
                                              "Async Capable": false,
                                              "Relation Name": "partsupp",
                                              "Alias": "partsupp",
                                              "Startup Cost": 0.0,
                                              "Total Cost": 207718.58,
                                              "Plan Rows": 3333258,
                                              "Plan Width": 14,
                                              "parent": 11,
                                              "ID": 12
                                            },
                                            {
                                              "Node Type": "Hash",
                                              "Parent Relationship": "Inner",
                                              "Parallel Aware": true,
                                              "Async Capable": false,
                                              "Startup Cost": 1524082.29,
                                              "Total Cost": 1524082.29,
                                              "Plan Rows": 973521,
                                              "Plan Width": 33,
                                              "Plans": [
                                                {
                                                  "Node Type": "Hash Join",
                                                  "Parent Relationship": "Outer",
                                                  "Parallel Aware": true,
                                                  "Async Capable": false,
                                                  "Join Type": "Inner",
                                                  "Startup Cost": 51799.14,
                                                  "Total Cost": 1524082.29,
                                                  "Plan Rows": 973521,
                                                  "Plan Width": 33,
                                                  "Inner Unique": false,
                                                  "Hash Cond": "(lineitem.l_partkey = part.p_partkey)",
                                                  "Plans": [
                                                    {
                                                      "Node Type": "Seq Scan",
                                                      "Parent Relationship": "Outer",
                                                      "Parallel Aware": true,
                                                      "Async Capable": false,
                                                      "Relation Name": "lineitem",
                                                      "Alias": "lineitem",
                                                      "Startup Cost": 0.0,
                                                      "Total Cost": 1374494.57,
                                                      "Plan Rows": 24995257,
                                                      "Plan Width": 29,
                                                      "parent": 14,
                                                      "ID": 15
                                                    },
                                                    {
                                                      "Node Type": "Hash",
                                                      "Parent Relationship": "Inner",
                                                      "Parallel Aware": true,
                                                      "Async Capable": false,
                                                      "Startup Cost": 51378.28,
                                                      "Total Cost": 51378.28,
                                                      "Plan Rows": 33669,
                                                      "Plan Width": 4,
                                                      "Plans": [
                                                        {
                                                          "Node Type": "Seq Scan",
                                                          "Parent Relationship": "Outer",
                                                          "Parallel Aware": true,
                                                          "Async Capable": false,
                                                          "Relation Name": "part",
                                                          "Alias": "part",
                                                          "Startup Cost": 0.0,
                                                          "Total Cost": 51378.28,
                                                          "Plan Rows": 33669,
                                                          "Plan Width": 4,
                                                          "Filter": "((p_name)::text ~~ '%lime%'::text)",
                                                          "parent": 16,
                                                          "ID": 17
                                                        }
                                                      ],
                                                      "parent": 14,
                                                      "ID": 16,
                                                      "left": 17
                                                    }
                                                  ],
                                                  "parent": 13,
                                                  "ID": 14,
                                                  "left": 15,
                                                  "right": 16
                                                }
                                              ],
                                              "parent": 11,
                                              "ID": 13,
                                              "left": 14
                                            }
                                          ],
                                          "parent": 10,
                                          "ID": 11,
                                          "left": 12,
                                          "right": 13
                                        }
                                      ],
                                      "parent": 8,
                                      "ID": 10,
                                      "left": 11
                                    }
                                  ],
                                  "parent": 7,
                                  "ID": 8,
                                  "left": 9,
                                  "right": 10
                                }
                              ],
                              "parent": 5,
                              "ID": 7,
                              "left": 8
                            }
                          ],
                          "parent": 4,
                          "ID": 5,
                          "left": 6,
                          "right": 7
                        },
                        {
                          "Node Type": "Hash",
                          "Parent Relationship": "Inner",
                          "Parallel Aware": false,
                          "Async Capable": false,
                          "Startup Cost": 1.25,
                          "Total Cost": 1.25,
                          "Plan Rows": 25,
                          "Plan Width": 30,
                          "Plans": [
                            {
                              "Node Type": "Seq Scan",
                              "Parent Relationship": "Outer",
                              "Parallel Aware": false,
                              "Async Capable": false,
                              "Relation Name": "nation",
                              "Alias": "nation",
                              "Startup Cost": 0.0,
                              "Total Cost": 1.25,
                              "Plan Rows": 25,
                              "Plan Width": 30,
                              "parent": 18,
                              "ID": 19
                            }
                          ],
                          "parent": 4,
                          "ID": 18,
                          "left": 19
                        }
                      ],
                      "parent": 3,
                      "ID": 4,
                      "left": 5,
                      "right": 18
                    }
                  ],
                  "parent": 2,
                  "ID": 3,
                  "left": 4
                }
              ],
              "parent": 1,
              "ID": 2,
              "left": 3
            }
          ],
          "parent": 0,
          "ID": 1,
          "left": 2
        }
      ],
      "parent": null,
      "ID": 0,
      "left": 1
    },
    "feat": {
      "utility": 5.757929961521066e-07,
      "query_shape": [
        [
          "Seq Scan",
          "Hash Join",
          "Sort",
          "Aggregate",
          "Gather Merge"
        ],
        [
          "Seq Scan",
          "Hash Join",
          "Hash",
          "Sort",
          "Aggregate",
          "Gather Merge"
        ],
        [
          "Seq Scan",
          "Hash Join",
          "Hash",
          "Sort",
          "Aggregate",
          "Gather Merge"
        ],
        [
          "Seq Scan",
          "Hash Join",
          "Hash",
          "Sort",
          "Aggregate",
          "Gather Merge"
        ],
        [
          "Seq Scan",
          "Hash",
          "Hash Join",
          "Sort",
          "Aggregate",
          "Gather Merge"
        ],
        [
          "Seq Scan",
          "Hash",
          "Hash Join",
          "Sort",
          "Aggregate",
          "Gather Merge"
        ]
      ],
      "index_shape": [
        "join"
      ],
      "physical_operator": {
        "Hash Join": [
          0.00040001372870675787
        ]
      }
    }
  },
  {
    "query": "-- Functional Query Definition\n-- Approved February 1998\n\n\nselect\nnation,\no_year,\nsum(amount) as sum_profit\nfrom\n(\nselect\nn_name as nation,\nextract(year from o_orderdate) as o_year,\nl_extendedprice * (1 - l_discount) - ps_supplycost * l_quantity as amount\nfrom\npart,\nsupplier,\nlineitem,\npartsupp,\norders,\nnation\nwhere\ns_suppkey = l_suppkey\nand ps_suppkey = l_suppkey\nand ps_partkey = l_partkey\nand p_partkey = l_partkey\nand o_orderkey = l_orderkey\nand s_nationkey = n_nationkey\nand p_name like '%lime%'\n) as profit\ngroup by\nnation,\no_year\norder by\nnation,\no_year desc ;\n-- $ID$\n-- TPC-H/TPC-R Returned Item Reporting ",
    "indexes": "orders.o_orderdate",
    "wo plan est": {
      "Node Type": "Aggregate",
      "Strategy": "Sorted",
      "Partial Mode": "Finalize",
      "Parallel Aware": false,
      "Async Capable": false,
      "Startup Cost": 2170040.99,
      "Total Cost": 2170050.68,
      "Plan Rows": 90,
      "Plan Width": 90,
      "Group Key": [
        "nation.n_name",
        "(EXTRACT(year FROM orders.o_orderdate))"
      ],
      "Plans": [
        {
          "Node Type": "Gather Merge",
          "Parent Relationship": "Outer",
          "Parallel Aware": false,
          "Async Capable": false,
          "Startup Cost": 2170040.99,
          "Total Cost": 2170048.8,
          "Plan Rows": 53,
          "Plan Width": 90,
          "Workers Planned": 1,
          "Plans": [
            {
              "Node Type": "Aggregate",
              "Strategy": "Sorted",
              "Partial Mode": "Partial",
              "Parent Relationship": "Outer",
              "Parallel Aware": false,
              "Async Capable": false,
              "Startup Cost": 2169040.98,
              "Total Cost": 2169042.83,
              "Plan Rows": 53,
              "Plan Width": 90,
              "Group Key": [
                "nation.n_name",
                "(EXTRACT(year FROM orders.o_orderdate))"
              ],
              "Plans": [
                {
                  "Node Type": "Sort",
                  "Parent Relationship": "Outer",
                  "Parallel Aware": false,
                  "Async Capable": false,
                  "Startup Cost": 2169040.98,
                  "Total Cost": 2169041.11,
                  "Plan Rows": 53,
                  "Plan Width": 81,
                  "Sort Key": [
                    "nation.n_name",
                    "(EXTRACT(year FROM orders.o_orderdate)) DESC"
                  ],
                  "Plans": [
                    {
                      "Node Type": "Hash Join",
                      "Parent Relationship": "Outer",
                      "Parallel Aware": false,
                      "Async Capable": false,
                      "Join Type": "Inner",
                      "Startup Cost": 2166013.55,
                      "Total Cost": 2169039.46,
                      "Plan Rows": 53,
                      "Plan Width": 81,
                      "Inner Unique": false,
                      "Hash Cond": "(supplier.s_nationkey = nation.n_nationkey)",
                      "Plans": [
                        {
                          "Node Type": "Hash Join",
                          "Parent Relationship": "Outer",
                          "Parallel Aware": true,
                          "Async Capable": false,
                          "Join Type": "Inner",
                          "Startup Cost": 2166011.99,
                          "Total Cost": 2169037.03,
                          "Plan Rows": 53,
                          "Plan Width": 31,
                          "Inner Unique": false,
                          "Hash Cond": "(supplier.s_suppkey = lineitem.l_suppkey)",
                          "Plans": [
                            {
                              "Node Type": "Seq Scan",
                              "Parent Relationship": "Outer",
                              "Parallel Aware": true,
                              "Async Capable": false,
                              "Relation Name": "supplier",
                              "Alias": "supplier",
                              "Startup Cost": 0.0,
                              "Total Cost": 2804.24,
                              "Plan Rows": 58824,
                              "Plan Width": 8,
                              "parent": 5,
                              "ID": 6
                            },
                            {
                              "Node Type": "Hash",
                              "Parent Relationship": "Inner",
                              "Parallel Aware": true,
                              "Async Capable": false,
                              "Startup Cost": 2166011.51,
                              "Total Cost": 2166011.51,
                              "Plan Rows": 38,
                              "Plan Width": 35,
                              "Plans": [
                                {
                                  "Node Type": "Hash Join",
                                  "Parent Relationship": "Outer",
                                  "Parallel Aware": true,
                                  "Async Capable": false,
                                  "Join Type": "Inner",
                                  "Startup Cost": 1819167.75,
                                  "Total Cost": 2166011.51,
                                  "Plan Rows": 38,
                                  "Plan Width": 35,
                                  "Inner Unique": false,
                                  "Hash Cond": "(orders.o_orderkey = lineitem.l_orderkey)",
                                  "Plans": [
                                    {
                                      "Node Type": "Seq Scan",
                                      "Parent Relationship": "Outer",
                                      "Parallel Aware": true,
                                      "Async Capable": false,
                                      "Relation Name": "orders",
                                      "Alias": "orders",
                                      "Startup Cost": 0.0,
                                      "Total Cost": 323407.71,
                                      "Plan Rows": 6249571,
                                      "Plan Width": 8,
                                      "parent": 8,
                                      "ID": 9
                                    },
                                    {
                                      "Node Type": "Hash",
                                      "Parent Relationship": "Inner",
                                      "Parallel Aware": true,
                                      "Async Capable": false,
                                      "Startup Cost": 1819167.28,
                                      "Total Cost": 1819167.28,
                                      "Plan Rows": 38,
                                      "Plan Width": 35,
                                      "Plans": [
                                        {
                                          "Node Type": "Hash Join",
                                          "Parent Relationship": "Outer",
                                          "Parallel Aware": true,
                                          "Async Capable": false,
                                          "Join Type": "Inner",
                                          "Startup Cost": 1546291.11,
                                          "Total Cost": 1819167.28,
                                          "Plan Rows": 38,
                                          "Plan Width": 35,
                                          "Inner Unique": false,
                                          "Hash Cond": "((partsupp.ps_suppkey = lineitem.l_suppkey) AND (partsupp.ps_partkey = lineitem.l_partkey))",
                                          "Plans": [
                                            {
                                              "Node Type": "Seq Scan",
                                              "Parent Relationship": "Outer",
                                              "Parallel Aware": true,
                                              "Async Capable": false,
                                              "Relation Name": "partsupp",
                                              "Alias": "partsupp",
                                              "Startup Cost": 0.0,
                                              "Total Cost": 207718.58,
                                              "Plan Rows": 3333258,
                                              "Plan Width": 14,
                                              "parent": 11,
                                              "ID": 12
                                            },
                                            {
                                              "Node Type": "Hash",
                                              "Parent Relationship": "Inner",
                                              "Parallel Aware": true,
                                              "Async Capable": false,
                                              "Startup Cost": 1524082.29,
                                              "Total Cost": 1524082.29,
                                              "Plan Rows": 973521,
                                              "Plan Width": 33,
                                              "Plans": [
                                                {
                                                  "Node Type": "Hash Join",
                                                  "Parent Relationship": "Outer",
                                                  "Parallel Aware": true,
                                                  "Async Capable": false,
                                                  "Join Type": "Inner",
                                                  "Startup Cost": 51799.14,
                                                  "Total Cost": 1524082.29,
                                                  "Plan Rows": 973521,
                                                  "Plan Width": 33,
                                                  "Inner Unique": false,
                                                  "Hash Cond": "(lineitem.l_partkey = part.p_partkey)",
                                                  "Plans": [
                                                    {
                                                      "Node Type": "Seq Scan",
                                                      "Parent Relationship": "Outer",
                                                      "Parallel Aware": true,
                                                      "Async Capable": false,
                                                      "Relation Name": "lineitem",
                                                      "Alias": "lineitem",
                                                      "Startup Cost": 0.0,
                                                      "Total Cost": 1374494.57,
                                                      "Plan Rows": 24995257,
                                                      "Plan Width": 29,
                                                      "parent": 14,
                                                      "ID": 15
                                                    },
                                                    {
                                                      "Node Type": "Hash",
                                                      "Parent Relationship": "Inner",
                                                      "Parallel Aware": true,
                                                      "Async Capable": false,
                                                      "Startup Cost": 51378.28,
                                                      "Total Cost": 51378.28,
                                                      "Plan Rows": 33669,
                                                      "Plan Width": 4,
                                                      "Plans": [
                                                        {
                                                          "Node Type": "Seq Scan",
                                                          "Parent Relationship": "Outer",
                                                          "Parallel Aware": true,
                                                          "Async Capable": false,
                                                          "Relation Name": "part",
                                                          "Alias": "part",
                                                          "Startup Cost": 0.0,
                                                          "Total Cost": 51378.28,
                                                          "Plan Rows": 33669,
                                                          "Plan Width": 4,
                                                          "Filter": "((p_name)::text ~~ '%lime%'::text)",
                                                          "parent": 16,
                                                          "ID": 17
                                                        }
                                                      ],
                                                      "parent": 14,
                                                      "ID": 16,
                                                      "left": 17
                                                    }
                                                  ],
                                                  "parent": 13,
                                                  "ID": 14,
                                                  "left": 15,
                                                  "right": 16
                                                }
                                              ],
                                              "parent": 11,
                                              "ID": 13,
                                              "left": 14
                                            }
                                          ],
                                          "parent": 10,
                                          "ID": 11,
                                          "left": 12,
                                          "right": 13
                                        }
                                      ],
                                      "parent": 8,
                                      "ID": 10,
                                      "left": 11
                                    }
                                  ],
                                  "parent": 7,
                                  "ID": 8,
                                  "left": 9,
                                  "right": 10
                                }
                              ],
                              "parent": 5,
                              "ID": 7,
                              "left": 8
                            }
                          ],
                          "parent": 4,
                          "ID": 5,
                          "left": 6,
                          "right": 7
                        },
                        {
                          "Node Type": "Hash",
                          "Parent Relationship": "Inner",
                          "Parallel Aware": false,
                          "Async Capable": false,
                          "Startup Cost": 1.25,
                          "Total Cost": 1.25,
                          "Plan Rows": 25,
                          "Plan Width": 30,
                          "Plans": [
                            {
                              "Node Type": "Seq Scan",
                              "Parent Relationship": "Outer",
                              "Parallel Aware": false,
                              "Async Capable": false,
                              "Relation Name": "nation",
                              "Alias": "nation",
                              "Startup Cost": 0.0,
                              "Total Cost": 1.25,
                              "Plan Rows": 25,
                              "Plan Width": 30,
                              "parent": 18,
                              "ID": 19
                            }
                          ],
                          "parent": 4,
                          "ID": 18,
                          "left": 19
                        }
                      ],
                      "parent": 3,
                      "ID": 4,
                      "left": 5,
                      "right": 18
                    }
                  ],
                  "parent": 2,
                  "ID": 3,
                  "left": 4
                }
              ],
              "parent": 1,
              "ID": 2,
              "left": 3
            }
          ],
          "parent": 0,
          "ID": 1,
          "left": 2
        }
      ],
      "parent": null,
      "ID": 0,
      "left": 1
    },
    "feat": {
      "utility": 0.0,
      "query_shape": [
        [
          "Seq Scan",
          "Hash Join",
          "Sort",
          "Aggregate",
          "Gather Merge"
        ],
        [
          "Seq Scan",
          "Hash Join",
          "Hash",
          "Sort",
          "Aggregate",
          "Gather Merge"
        ],
        [
          "Seq Scan",
          "Hash Join",
          "Hash",
          "Sort",
          "Aggregate",
          "Gather Merge"
        ],
        [
          "Seq Scan",
          "Hash Join",
          "Hash",
          "Sort",
          "Aggregate",
          "Gather Merge"
        ],
        [
          "Seq Scan",
          "Hash",
          "Hash Join",
          "Sort",
          "Aggregate",
          "Gather Merge"
        ],
        [
          "Seq Scan",
          "Hash",
          "Hash Join",
          "Sort",
          "Aggregate",
          "Gather Merge"
        ]
      ],
      "index_shape": [
        "order-by"
      ],
      "physical_operator": {
        "Sort": [
          "[0. 0. 0. 0. 0. 0. 0. 0. 0. 0. 0. 0. 0. 0. 0. 0. 0. 0. 0. 0. 0. 0. 0. 0.\n 0. 0. 0. 0. 0. 0. 0. 0. 0. 0. 0. 0. 0. 0. 0. 0. 0. 0. 0. 0. 0. 0. 0. 0.\n 0. 0. 0.]"
        ],
        "Aggregate": [
          "[0. 0. 0. 0. 0. 0. 0. 0. 0. 0. 0. 0. 0. 0. 0. 0. 0. 0. 0. 0. 0. 0. 0. 0.\n 0. 0. 0. 0. 0. 0. 0. 0. 0. 0. 0. 0. 0. 0. 0. 0. 0. 0. 0. 0. 0. 0. 0. 0.\n 0. 0. 0.]",
          "[0. 0. 0. 0. 0. 0. 0. 0. 0. 0. 0. 0. 0. 0. 0. 0. 0. 0. 0. 0. 0. 0. 0. 0.\n 0. 0. 0. 0. 0. 0. 0. 0. 0. 0. 0. 0. 0. 0. 0. 0. 0. 0. 0. 0. 0. 0. 0. 0.\n 0. 0. 0.]"
        ]
      }
    }
  },
  {
    "query": "-- Functional Query Definition\n-- Approved February 1998\n\n\nselect\nnation,\no_year,\nsum(amount) as sum_profit\nfrom\n(\nselect\nn_name as nation,\nextract(year from o_orderdate) as o_year,\nl_extendedprice * (1 - l_discount) - ps_supplycost * l_quantity as amount\nfrom\npart,\nsupplier,\nlineitem,\npartsupp,\norders,\nnation\nwhere\ns_suppkey = l_suppkey\nand ps_suppkey = l_suppkey\nand ps_partkey = l_partkey\nand p_partkey = l_partkey\nand o_orderkey = l_orderkey\nand s_nationkey = n_nationkey\nand p_name like '%lime%'\n) as profit\ngroup by\nnation,\no_year\norder by\nnation,\no_year desc ;\n-- $ID$\n-- TPC-H/TPC-R Returned Item Reporting ",
    "indexes": "part.p_partkey",
    "wo plan est": {
      "Node Type": "Aggregate",
      "Strategy": "Sorted",
      "Partial Mode": "Finalize",
      "Parallel Aware": false,
      "Async Capable": false,
      "Startup Cost": 2170040.99,
      "Total Cost": 2170050.68,
      "Plan Rows": 90,
      "Plan Width": 90,
      "Group Key": [
        "nation.n_name",
        "(EXTRACT(year FROM orders.o_orderdate))"
      ],
      "Plans": [
        {
          "Node Type": "Gather Merge",
          "Parent Relationship": "Outer",
          "Parallel Aware": false,
          "Async Capable": false,
          "Startup Cost": 2170040.99,
          "Total Cost": 2170048.8,
          "Plan Rows": 53,
          "Plan Width": 90,
          "Workers Planned": 1,
          "Plans": [
            {
              "Node Type": "Aggregate",
              "Strategy": "Sorted",
              "Partial Mode": "Partial",
              "Parent Relationship": "Outer",
              "Parallel Aware": false,
              "Async Capable": false,
              "Startup Cost": 2169040.98,
              "Total Cost": 2169042.83,
              "Plan Rows": 53,
              "Plan Width": 90,
              "Group Key": [
                "nation.n_name",
                "(EXTRACT(year FROM orders.o_orderdate))"
              ],
              "Plans": [
                {
                  "Node Type": "Sort",
                  "Parent Relationship": "Outer",
                  "Parallel Aware": false,
                  "Async Capable": false,
                  "Startup Cost": 2169040.98,
                  "Total Cost": 2169041.11,
                  "Plan Rows": 53,
                  "Plan Width": 81,
                  "Sort Key": [
                    "nation.n_name",
                    "(EXTRACT(year FROM orders.o_orderdate)) DESC"
                  ],
                  "Plans": [
                    {
                      "Node Type": "Hash Join",
                      "Parent Relationship": "Outer",
                      "Parallel Aware": false,
                      "Async Capable": false,
                      "Join Type": "Inner",
                      "Startup Cost": 2166013.55,
                      "Total Cost": 2169039.46,
                      "Plan Rows": 53,
                      "Plan Width": 81,
                      "Inner Unique": false,
                      "Hash Cond": "(supplier.s_nationkey = nation.n_nationkey)",
                      "Plans": [
                        {
                          "Node Type": "Hash Join",
                          "Parent Relationship": "Outer",
                          "Parallel Aware": true,
                          "Async Capable": false,
                          "Join Type": "Inner",
                          "Startup Cost": 2166011.99,
                          "Total Cost": 2169037.03,
                          "Plan Rows": 53,
                          "Plan Width": 31,
                          "Inner Unique": false,
                          "Hash Cond": "(supplier.s_suppkey = lineitem.l_suppkey)",
                          "Plans": [
                            {
                              "Node Type": "Seq Scan",
                              "Parent Relationship": "Outer",
                              "Parallel Aware": true,
                              "Async Capable": false,
                              "Relation Name": "supplier",
                              "Alias": "supplier",
                              "Startup Cost": 0.0,
                              "Total Cost": 2804.24,
                              "Plan Rows": 58824,
                              "Plan Width": 8,
                              "parent": 5,
                              "ID": 6
                            },
                            {
                              "Node Type": "Hash",
                              "Parent Relationship": "Inner",
                              "Parallel Aware": true,
                              "Async Capable": false,
                              "Startup Cost": 2166011.51,
                              "Total Cost": 2166011.51,
                              "Plan Rows": 38,
                              "Plan Width": 35,
                              "Plans": [
                                {
                                  "Node Type": "Hash Join",
                                  "Parent Relationship": "Outer",
                                  "Parallel Aware": true,
                                  "Async Capable": false,
                                  "Join Type": "Inner",
                                  "Startup Cost": 1819167.75,
                                  "Total Cost": 2166011.51,
                                  "Plan Rows": 38,
                                  "Plan Width": 35,
                                  "Inner Unique": false,
                                  "Hash Cond": "(orders.o_orderkey = lineitem.l_orderkey)",
                                  "Plans": [
                                    {
                                      "Node Type": "Seq Scan",
                                      "Parent Relationship": "Outer",
                                      "Parallel Aware": true,
                                      "Async Capable": false,
                                      "Relation Name": "orders",
                                      "Alias": "orders",
                                      "Startup Cost": 0.0,
                                      "Total Cost": 323407.71,
                                      "Plan Rows": 6249571,
                                      "Plan Width": 8,
                                      "parent": 8,
                                      "ID": 9
                                    },
                                    {
                                      "Node Type": "Hash",
                                      "Parent Relationship": "Inner",
                                      "Parallel Aware": true,
                                      "Async Capable": false,
                                      "Startup Cost": 1819167.28,
                                      "Total Cost": 1819167.28,
                                      "Plan Rows": 38,
                                      "Plan Width": 35,
                                      "Plans": [
                                        {
                                          "Node Type": "Hash Join",
                                          "Parent Relationship": "Outer",
                                          "Parallel Aware": true,
                                          "Async Capable": false,
                                          "Join Type": "Inner",
                                          "Startup Cost": 1546291.11,
                                          "Total Cost": 1819167.28,
                                          "Plan Rows": 38,
                                          "Plan Width": 35,
                                          "Inner Unique": false,
                                          "Hash Cond": "((partsupp.ps_suppkey = lineitem.l_suppkey) AND (partsupp.ps_partkey = lineitem.l_partkey))",
                                          "Plans": [
                                            {
                                              "Node Type": "Seq Scan",
                                              "Parent Relationship": "Outer",
                                              "Parallel Aware": true,
                                              "Async Capable": false,
                                              "Relation Name": "partsupp",
                                              "Alias": "partsupp",
                                              "Startup Cost": 0.0,
                                              "Total Cost": 207718.58,
                                              "Plan Rows": 3333258,
                                              "Plan Width": 14,
                                              "parent": 11,
                                              "ID": 12
                                            },
                                            {
                                              "Node Type": "Hash",
                                              "Parent Relationship": "Inner",
                                              "Parallel Aware": true,
                                              "Async Capable": false,
                                              "Startup Cost": 1524082.29,
                                              "Total Cost": 1524082.29,
                                              "Plan Rows": 973521,
                                              "Plan Width": 33,
                                              "Plans": [
                                                {
                                                  "Node Type": "Hash Join",
                                                  "Parent Relationship": "Outer",
                                                  "Parallel Aware": true,
                                                  "Async Capable": false,
                                                  "Join Type": "Inner",
                                                  "Startup Cost": 51799.14,
                                                  "Total Cost": 1524082.29,
                                                  "Plan Rows": 973521,
                                                  "Plan Width": 33,
                                                  "Inner Unique": false,
                                                  "Hash Cond": "(lineitem.l_partkey = part.p_partkey)",
                                                  "Plans": [
                                                    {
                                                      "Node Type": "Seq Scan",
                                                      "Parent Relationship": "Outer",
                                                      "Parallel Aware": true,
                                                      "Async Capable": false,
                                                      "Relation Name": "lineitem",
                                                      "Alias": "lineitem",
                                                      "Startup Cost": 0.0,
                                                      "Total Cost": 1374494.57,
                                                      "Plan Rows": 24995257,
                                                      "Plan Width": 29,
                                                      "parent": 14,
                                                      "ID": 15
                                                    },
                                                    {
                                                      "Node Type": "Hash",
                                                      "Parent Relationship": "Inner",
                                                      "Parallel Aware": true,
                                                      "Async Capable": false,
                                                      "Startup Cost": 51378.28,
                                                      "Total Cost": 51378.28,
                                                      "Plan Rows": 33669,
                                                      "Plan Width": 4,
                                                      "Plans": [
                                                        {
                                                          "Node Type": "Seq Scan",
                                                          "Parent Relationship": "Outer",
                                                          "Parallel Aware": true,
                                                          "Async Capable": false,
                                                          "Relation Name": "part",
                                                          "Alias": "part",
                                                          "Startup Cost": 0.0,
                                                          "Total Cost": 51378.28,
                                                          "Plan Rows": 33669,
                                                          "Plan Width": 4,
                                                          "Filter": "((p_name)::text ~~ '%lime%'::text)",
                                                          "parent": 16,
                                                          "ID": 17
                                                        }
                                                      ],
                                                      "parent": 14,
                                                      "ID": 16,
                                                      "left": 17
                                                    }
                                                  ],
                                                  "parent": 13,
                                                  "ID": 14,
                                                  "left": 15,
                                                  "right": 16
                                                }
                                              ],
                                              "parent": 11,
                                              "ID": 13,
                                              "left": 14
                                            }
                                          ],
                                          "parent": 10,
                                          "ID": 11,
                                          "left": 12,
                                          "right": 13
                                        }
                                      ],
                                      "parent": 8,
                                      "ID": 10,
                                      "left": 11
                                    }
                                  ],
                                  "parent": 7,
                                  "ID": 8,
                                  "left": 9,
                                  "right": 10
                                }
                              ],
                              "parent": 5,
                              "ID": 7,
                              "left": 8
                            }
                          ],
                          "parent": 4,
                          "ID": 5,
                          "left": 6,
                          "right": 7
                        },
                        {
                          "Node Type": "Hash",
                          "Parent Relationship": "Inner",
                          "Parallel Aware": false,
                          "Async Capable": false,
                          "Startup Cost": 1.25,
                          "Total Cost": 1.25,
                          "Plan Rows": 25,
                          "Plan Width": 30,
                          "Plans": [
                            {
                              "Node Type": "Seq Scan",
                              "Parent Relationship": "Outer",
                              "Parallel Aware": false,
                              "Async Capable": false,
                              "Relation Name": "nation",
                              "Alias": "nation",
                              "Startup Cost": 0.0,
                              "Total Cost": 1.25,
                              "Plan Rows": 25,
                              "Plan Width": 30,
                              "parent": 18,
                              "ID": 19
                            }
                          ],
                          "parent": 4,
                          "ID": 18,
                          "left": 19
                        }
                      ],
                      "parent": 3,
                      "ID": 4,
                      "left": 5,
                      "right": 18
                    }
                  ],
                  "parent": 2,
                  "ID": 3,
                  "left": 4
                }
              ],
              "parent": 1,
              "ID": 2,
              "left": 3
            }
          ],
          "parent": 0,
          "ID": 1,
          "left": 2
        }
      ],
      "parent": null,
      "ID": 0,
      "left": 1
    },
    "feat": {
      "utility": 5.754038740888612e-07,
      "query_shape": [
        [
          "Seq Scan",
          "Hash Join",
          "Sort",
          "Aggregate",
          "Gather Merge"
        ],
        [
          "Seq Scan",
          "Hash Join",
          "Hash",
          "Sort",
          "Aggregate",
          "Gather Merge"
        ],
        [
          "Seq Scan",
          "Hash Join",
          "Hash",
          "Sort",
          "Aggregate",
          "Gather Merge"
        ],
        [
          "Seq Scan",
          "Hash Join",
          "Hash",
          "Sort",
          "Aggregate",
          "Gather Merge"
        ],
        [
          "Seq Scan",
          "Hash",
          "Hash Join",
          "Sort",
          "Aggregate",
          "Gather Merge"
        ],
        [
          "Seq Scan",
          "Hash",
          "Hash Join",
          "Sort",
          "Aggregate",
          "Gather Merge"
        ]
      ],
      "index_shape": [
        "join"
      ],
      "physical_operator": {
        "Hash Join": [
          0.0010755454070658543
        ]
      }
    }
  },
  {
    "query": "-- Functional Query Definition\n-- Approved February 1998\n\n\nselect\nnation,\no_year,\nsum(amount) as sum_profit\nfrom\n(\nselect\nn_name as nation,\nextract(year from o_orderdate) as o_year,\nl_extendedprice * (1 - l_discount) - ps_supplycost * l_quantity as amount\nfrom\npart,\nsupplier,\nlineitem,\npartsupp,\norders,\nnation\nwhere\ns_suppkey = l_suppkey\nand ps_suppkey = l_suppkey\nand ps_partkey = l_partkey\nand p_partkey = l_partkey\nand o_orderkey = l_orderkey\nand s_nationkey = n_nationkey\nand p_name like '%lime%'\n) as profit\ngroup by\nnation,\no_year\norder by\nnation,\no_year desc ;\n-- $ID$\n-- TPC-H/TPC-R Returned Item Reporting ",
    "indexes": "part.p_name",
    "wo plan est": {
      "Node Type": "Aggregate",
      "Strategy": "Sorted",
      "Partial Mode": "Finalize",
      "Parallel Aware": false,
      "Async Capable": false,
      "Startup Cost": 2170040.99,
      "Total Cost": 2170050.68,
      "Plan Rows": 90,
      "Plan Width": 90,
      "Group Key": [
        "nation.n_name",
        "(EXTRACT(year FROM orders.o_orderdate))"
      ],
      "Plans": [
        {
          "Node Type": "Gather Merge",
          "Parent Relationship": "Outer",
          "Parallel Aware": false,
          "Async Capable": false,
          "Startup Cost": 2170040.99,
          "Total Cost": 2170048.8,
          "Plan Rows": 53,
          "Plan Width": 90,
          "Workers Planned": 1,
          "Plans": [
            {
              "Node Type": "Aggregate",
              "Strategy": "Sorted",
              "Partial Mode": "Partial",
              "Parent Relationship": "Outer",
              "Parallel Aware": false,
              "Async Capable": false,
              "Startup Cost": 2169040.98,
              "Total Cost": 2169042.83,
              "Plan Rows": 53,
              "Plan Width": 90,
              "Group Key": [
                "nation.n_name",
                "(EXTRACT(year FROM orders.o_orderdate))"
              ],
              "Plans": [
                {
                  "Node Type": "Sort",
                  "Parent Relationship": "Outer",
                  "Parallel Aware": false,
                  "Async Capable": false,
                  "Startup Cost": 2169040.98,
                  "Total Cost": 2169041.11,
                  "Plan Rows": 53,
                  "Plan Width": 81,
                  "Sort Key": [
                    "nation.n_name",
                    "(EXTRACT(year FROM orders.o_orderdate)) DESC"
                  ],
                  "Plans": [
                    {
                      "Node Type": "Hash Join",
                      "Parent Relationship": "Outer",
                      "Parallel Aware": false,
                      "Async Capable": false,
                      "Join Type": "Inner",
                      "Startup Cost": 2166013.55,
                      "Total Cost": 2169039.46,
                      "Plan Rows": 53,
                      "Plan Width": 81,
                      "Inner Unique": false,
                      "Hash Cond": "(supplier.s_nationkey = nation.n_nationkey)",
                      "Plans": [
                        {
                          "Node Type": "Hash Join",
                          "Parent Relationship": "Outer",
                          "Parallel Aware": true,
                          "Async Capable": false,
                          "Join Type": "Inner",
                          "Startup Cost": 2166011.99,
                          "Total Cost": 2169037.03,
                          "Plan Rows": 53,
                          "Plan Width": 31,
                          "Inner Unique": false,
                          "Hash Cond": "(supplier.s_suppkey = lineitem.l_suppkey)",
                          "Plans": [
                            {
                              "Node Type": "Seq Scan",
                              "Parent Relationship": "Outer",
                              "Parallel Aware": true,
                              "Async Capable": false,
                              "Relation Name": "supplier",
                              "Alias": "supplier",
                              "Startup Cost": 0.0,
                              "Total Cost": 2804.24,
                              "Plan Rows": 58824,
                              "Plan Width": 8,
                              "parent": 5,
                              "ID": 6
                            },
                            {
                              "Node Type": "Hash",
                              "Parent Relationship": "Inner",
                              "Parallel Aware": true,
                              "Async Capable": false,
                              "Startup Cost": 2166011.51,
                              "Total Cost": 2166011.51,
                              "Plan Rows": 38,
                              "Plan Width": 35,
                              "Plans": [
                                {
                                  "Node Type": "Hash Join",
                                  "Parent Relationship": "Outer",
                                  "Parallel Aware": true,
                                  "Async Capable": false,
                                  "Join Type": "Inner",
                                  "Startup Cost": 1819167.75,
                                  "Total Cost": 2166011.51,
                                  "Plan Rows": 38,
                                  "Plan Width": 35,
                                  "Inner Unique": false,
                                  "Hash Cond": "(orders.o_orderkey = lineitem.l_orderkey)",
                                  "Plans": [
                                    {
                                      "Node Type": "Seq Scan",
                                      "Parent Relationship": "Outer",
                                      "Parallel Aware": true,
                                      "Async Capable": false,
                                      "Relation Name": "orders",
                                      "Alias": "orders",
                                      "Startup Cost": 0.0,
                                      "Total Cost": 323407.71,
                                      "Plan Rows": 6249571,
                                      "Plan Width": 8,
                                      "parent": 8,
                                      "ID": 9
                                    },
                                    {
                                      "Node Type": "Hash",
                                      "Parent Relationship": "Inner",
                                      "Parallel Aware": true,
                                      "Async Capable": false,
                                      "Startup Cost": 1819167.28,
                                      "Total Cost": 1819167.28,
                                      "Plan Rows": 38,
                                      "Plan Width": 35,
                                      "Plans": [
                                        {
                                          "Node Type": "Hash Join",
                                          "Parent Relationship": "Outer",
                                          "Parallel Aware": true,
                                          "Async Capable": false,
                                          "Join Type": "Inner",
                                          "Startup Cost": 1546291.11,
                                          "Total Cost": 1819167.28,
                                          "Plan Rows": 38,
                                          "Plan Width": 35,
                                          "Inner Unique": false,
                                          "Hash Cond": "((partsupp.ps_suppkey = lineitem.l_suppkey) AND (partsupp.ps_partkey = lineitem.l_partkey))",
                                          "Plans": [
                                            {
                                              "Node Type": "Seq Scan",
                                              "Parent Relationship": "Outer",
                                              "Parallel Aware": true,
                                              "Async Capable": false,
                                              "Relation Name": "partsupp",
                                              "Alias": "partsupp",
                                              "Startup Cost": 0.0,
                                              "Total Cost": 207718.58,
                                              "Plan Rows": 3333258,
                                              "Plan Width": 14,
                                              "parent": 11,
                                              "ID": 12
                                            },
                                            {
                                              "Node Type": "Hash",
                                              "Parent Relationship": "Inner",
                                              "Parallel Aware": true,
                                              "Async Capable": false,
                                              "Startup Cost": 1524082.29,
                                              "Total Cost": 1524082.29,
                                              "Plan Rows": 973521,
                                              "Plan Width": 33,
                                              "Plans": [
                                                {
                                                  "Node Type": "Hash Join",
                                                  "Parent Relationship": "Outer",
                                                  "Parallel Aware": true,
                                                  "Async Capable": false,
                                                  "Join Type": "Inner",
                                                  "Startup Cost": 51799.14,
                                                  "Total Cost": 1524082.29,
                                                  "Plan Rows": 973521,
                                                  "Plan Width": 33,
                                                  "Inner Unique": false,
                                                  "Hash Cond": "(lineitem.l_partkey = part.p_partkey)",
                                                  "Plans": [
                                                    {
                                                      "Node Type": "Seq Scan",
                                                      "Parent Relationship": "Outer",
                                                      "Parallel Aware": true,
                                                      "Async Capable": false,
                                                      "Relation Name": "lineitem",
                                                      "Alias": "lineitem",
                                                      "Startup Cost": 0.0,
                                                      "Total Cost": 1374494.57,
                                                      "Plan Rows": 24995257,
                                                      "Plan Width": 29,
                                                      "parent": 14,
                                                      "ID": 15
                                                    },
                                                    {
                                                      "Node Type": "Hash",
                                                      "Parent Relationship": "Inner",
                                                      "Parallel Aware": true,
                                                      "Async Capable": false,
                                                      "Startup Cost": 51378.28,
                                                      "Total Cost": 51378.28,
                                                      "Plan Rows": 33669,
                                                      "Plan Width": 4,
                                                      "Plans": [
                                                        {
                                                          "Node Type": "Seq Scan",
                                                          "Parent Relationship": "Outer",
                                                          "Parallel Aware": true,
                                                          "Async Capable": false,
                                                          "Relation Name": "part",
                                                          "Alias": "part",
                                                          "Startup Cost": 0.0,
                                                          "Total Cost": 51378.28,
                                                          "Plan Rows": 33669,
                                                          "Plan Width": 4,
                                                          "Filter": "((p_name)::text ~~ '%lime%'::text)",
                                                          "parent": 16,
                                                          "ID": 17
                                                        }
                                                      ],
                                                      "parent": 14,
                                                      "ID": 16,
                                                      "left": 17
                                                    }
                                                  ],
                                                  "parent": 13,
                                                  "ID": 14,
                                                  "left": 15,
                                                  "right": 16
                                                }
                                              ],
                                              "parent": 11,
                                              "ID": 13,
                                              "left": 14
                                            }
                                          ],
                                          "parent": 10,
                                          "ID": 11,
                                          "left": 12,
                                          "right": 13
                                        }
                                      ],
                                      "parent": 8,
                                      "ID": 10,
                                      "left": 11
                                    }
                                  ],
                                  "parent": 7,
                                  "ID": 8,
                                  "left": 9,
                                  "right": 10
                                }
                              ],
                              "parent": 5,
                              "ID": 7,
                              "left": 8
                            }
                          ],
                          "parent": 4,
                          "ID": 5,
                          "left": 6,
                          "right": 7
                        },
                        {
                          "Node Type": "Hash",
                          "Parent Relationship": "Inner",
                          "Parallel Aware": false,
                          "Async Capable": false,
                          "Startup Cost": 1.25,
                          "Total Cost": 1.25,
                          "Plan Rows": 25,
                          "Plan Width": 30,
                          "Plans": [
                            {
                              "Node Type": "Seq Scan",
                              "Parent Relationship": "Outer",
                              "Parallel Aware": false,
                              "Async Capable": false,
                              "Relation Name": "nation",
                              "Alias": "nation",
                              "Startup Cost": 0.0,
                              "Total Cost": 1.25,
                              "Plan Rows": 25,
                              "Plan Width": 30,
                              "parent": 18,
                              "ID": 19
                            }
                          ],
                          "parent": 4,
                          "ID": 18,
                          "left": 19
                        }
                      ],
                      "parent": 3,
                      "ID": 4,
                      "left": 5,
                      "right": 18
                    }
                  ],
                  "parent": 2,
                  "ID": 3,
                  "left": 4
                }
              ],
              "parent": 1,
              "ID": 2,
              "left": 3
            }
          ],
          "parent": 0,
          "ID": 1,
          "left": 2
        }
      ],
      "parent": null,
      "ID": 0,
      "left": 1
    },
    "feat": {
      "utility": 0.023277498913223536,
      "query_shape": [
        [
          "Seq Scan",
          "Hash Join",
          "Sort",
          "Aggregate",
          "Gather Merge"
        ],
        [
          "Seq Scan",
          "Hash Join",
          "Hash",
          "Sort",
          "Aggregate",
          "Gather Merge"
        ],
        [
          "Seq Scan",
          "Hash Join",
          "Hash",
          "Sort",
          "Aggregate",
          "Gather Merge"
        ],
        [
          "Seq Scan",
          "Hash Join",
          "Hash",
          "Sort",
          "Aggregate",
          "Gather Merge"
        ],
        [
          "Seq Scan",
          "Hash",
          "Hash Join",
          "Sort",
          "Aggregate",
          "Gather Merge"
        ],
        [
          "Seq Scan",
          "Hash",
          "Hash Join",
          "Sort",
          "Aggregate",
          "Gather Merge"
        ]
      ],
      "index_shape": [
        "selection"
      ],
      "physical_operator": {
        "Seq Scan": [
          0.016834499999999974
        ]
      }
    }
  },
  {
    "query": "-- Functional Query Definition\n-- Approved February 1998\n\n\nselect\nnation,\no_year,\nsum(amount) as sum_profit\nfrom\n(\nselect\nn_name as nation,\nextract(year from o_orderdate) as o_year,\nl_extendedprice * (1 - l_discount) - ps_supplycost * l_quantity as amount\nfrom\npart,\nsupplier,\nlineitem,\npartsupp,\norders,\nnation\nwhere\ns_suppkey = l_suppkey\nand ps_suppkey = l_suppkey\nand ps_partkey = l_partkey\nand p_partkey = l_partkey\nand o_orderkey = l_orderkey\nand s_nationkey = n_nationkey\nand p_name like '%lime%'\n) as profit\ngroup by\nnation,\no_year\norder by\nnation,\no_year desc ;\n-- $ID$\n-- TPC-H/TPC-R Returned Item Reporting ",
    "indexes": "partsupp.ps_partkey",
    "wo plan est": {
      "Node Type": "Aggregate",
      "Strategy": "Sorted",
      "Partial Mode": "Finalize",
      "Parallel Aware": false,
      "Async Capable": false,
      "Startup Cost": 2170040.99,
      "Total Cost": 2170050.68,
      "Plan Rows": 90,
      "Plan Width": 90,
      "Group Key": [
        "nation.n_name",
        "(EXTRACT(year FROM orders.o_orderdate))"
      ],
      "Plans": [
        {
          "Node Type": "Gather Merge",
          "Parent Relationship": "Outer",
          "Parallel Aware": false,
          "Async Capable": false,
          "Startup Cost": 2170040.99,
          "Total Cost": 2170048.8,
          "Plan Rows": 53,
          "Plan Width": 90,
          "Workers Planned": 1,
          "Plans": [
            {
              "Node Type": "Aggregate",
              "Strategy": "Sorted",
              "Partial Mode": "Partial",
              "Parent Relationship": "Outer",
              "Parallel Aware": false,
              "Async Capable": false,
              "Startup Cost": 2169040.98,
              "Total Cost": 2169042.83,
              "Plan Rows": 53,
              "Plan Width": 90,
              "Group Key": [
                "nation.n_name",
                "(EXTRACT(year FROM orders.o_orderdate))"
              ],
              "Plans": [
                {
                  "Node Type": "Sort",
                  "Parent Relationship": "Outer",
                  "Parallel Aware": false,
                  "Async Capable": false,
                  "Startup Cost": 2169040.98,
                  "Total Cost": 2169041.11,
                  "Plan Rows": 53,
                  "Plan Width": 81,
                  "Sort Key": [
                    "nation.n_name",
                    "(EXTRACT(year FROM orders.o_orderdate)) DESC"
                  ],
                  "Plans": [
                    {
                      "Node Type": "Hash Join",
                      "Parent Relationship": "Outer",
                      "Parallel Aware": false,
                      "Async Capable": false,
                      "Join Type": "Inner",
                      "Startup Cost": 2166013.55,
                      "Total Cost": 2169039.46,
                      "Plan Rows": 53,
                      "Plan Width": 81,
                      "Inner Unique": false,
                      "Hash Cond": "(supplier.s_nationkey = nation.n_nationkey)",
                      "Plans": [
                        {
                          "Node Type": "Hash Join",
                          "Parent Relationship": "Outer",
                          "Parallel Aware": true,
                          "Async Capable": false,
                          "Join Type": "Inner",
                          "Startup Cost": 2166011.99,
                          "Total Cost": 2169037.03,
                          "Plan Rows": 53,
                          "Plan Width": 31,
                          "Inner Unique": false,
                          "Hash Cond": "(supplier.s_suppkey = lineitem.l_suppkey)",
                          "Plans": [
                            {
                              "Node Type": "Seq Scan",
                              "Parent Relationship": "Outer",
                              "Parallel Aware": true,
                              "Async Capable": false,
                              "Relation Name": "supplier",
                              "Alias": "supplier",
                              "Startup Cost": 0.0,
                              "Total Cost": 2804.24,
                              "Plan Rows": 58824,
                              "Plan Width": 8,
                              "parent": 5,
                              "ID": 6
                            },
                            {
                              "Node Type": "Hash",
                              "Parent Relationship": "Inner",
                              "Parallel Aware": true,
                              "Async Capable": false,
                              "Startup Cost": 2166011.51,
                              "Total Cost": 2166011.51,
                              "Plan Rows": 38,
                              "Plan Width": 35,
                              "Plans": [
                                {
                                  "Node Type": "Hash Join",
                                  "Parent Relationship": "Outer",
                                  "Parallel Aware": true,
                                  "Async Capable": false,
                                  "Join Type": "Inner",
                                  "Startup Cost": 1819167.75,
                                  "Total Cost": 2166011.51,
                                  "Plan Rows": 38,
                                  "Plan Width": 35,
                                  "Inner Unique": false,
                                  "Hash Cond": "(orders.o_orderkey = lineitem.l_orderkey)",
                                  "Plans": [
                                    {
                                      "Node Type": "Seq Scan",
                                      "Parent Relationship": "Outer",
                                      "Parallel Aware": true,
                                      "Async Capable": false,
                                      "Relation Name": "orders",
                                      "Alias": "orders",
                                      "Startup Cost": 0.0,
                                      "Total Cost": 323407.71,
                                      "Plan Rows": 6249571,
                                      "Plan Width": 8,
                                      "parent": 8,
                                      "ID": 9
                                    },
                                    {
                                      "Node Type": "Hash",
                                      "Parent Relationship": "Inner",
                                      "Parallel Aware": true,
                                      "Async Capable": false,
                                      "Startup Cost": 1819167.28,
                                      "Total Cost": 1819167.28,
                                      "Plan Rows": 38,
                                      "Plan Width": 35,
                                      "Plans": [
                                        {
                                          "Node Type": "Hash Join",
                                          "Parent Relationship": "Outer",
                                          "Parallel Aware": true,
                                          "Async Capable": false,
                                          "Join Type": "Inner",
                                          "Startup Cost": 1546291.11,
                                          "Total Cost": 1819167.28,
                                          "Plan Rows": 38,
                                          "Plan Width": 35,
                                          "Inner Unique": false,
                                          "Hash Cond": "((partsupp.ps_suppkey = lineitem.l_suppkey) AND (partsupp.ps_partkey = lineitem.l_partkey))",
                                          "Plans": [
                                            {
                                              "Node Type": "Seq Scan",
                                              "Parent Relationship": "Outer",
                                              "Parallel Aware": true,
                                              "Async Capable": false,
                                              "Relation Name": "partsupp",
                                              "Alias": "partsupp",
                                              "Startup Cost": 0.0,
                                              "Total Cost": 207718.58,
                                              "Plan Rows": 3333258,
                                              "Plan Width": 14,
                                              "parent": 11,
                                              "ID": 12
                                            },
                                            {
                                              "Node Type": "Hash",
                                              "Parent Relationship": "Inner",
                                              "Parallel Aware": true,
                                              "Async Capable": false,
                                              "Startup Cost": 1524082.29,
                                              "Total Cost": 1524082.29,
                                              "Plan Rows": 973521,
                                              "Plan Width": 33,
                                              "Plans": [
                                                {
                                                  "Node Type": "Hash Join",
                                                  "Parent Relationship": "Outer",
                                                  "Parallel Aware": true,
                                                  "Async Capable": false,
                                                  "Join Type": "Inner",
                                                  "Startup Cost": 51799.14,
                                                  "Total Cost": 1524082.29,
                                                  "Plan Rows": 973521,
                                                  "Plan Width": 33,
                                                  "Inner Unique": false,
                                                  "Hash Cond": "(lineitem.l_partkey = part.p_partkey)",
                                                  "Plans": [
                                                    {
                                                      "Node Type": "Seq Scan",
                                                      "Parent Relationship": "Outer",
                                                      "Parallel Aware": true,
                                                      "Async Capable": false,
                                                      "Relation Name": "lineitem",
                                                      "Alias": "lineitem",
                                                      "Startup Cost": 0.0,
                                                      "Total Cost": 1374494.57,
                                                      "Plan Rows": 24995257,
                                                      "Plan Width": 29,
                                                      "parent": 14,
                                                      "ID": 15
                                                    },
                                                    {
                                                      "Node Type": "Hash",
                                                      "Parent Relationship": "Inner",
                                                      "Parallel Aware": true,
                                                      "Async Capable": false,
                                                      "Startup Cost": 51378.28,
                                                      "Total Cost": 51378.28,
                                                      "Plan Rows": 33669,
                                                      "Plan Width": 4,
                                                      "Plans": [
                                                        {
                                                          "Node Type": "Seq Scan",
                                                          "Parent Relationship": "Outer",
                                                          "Parallel Aware": true,
                                                          "Async Capable": false,
                                                          "Relation Name": "part",
                                                          "Alias": "part",
                                                          "Startup Cost": 0.0,
                                                          "Total Cost": 51378.28,
                                                          "Plan Rows": 33669,
                                                          "Plan Width": 4,
                                                          "Filter": "((p_name)::text ~~ '%lime%'::text)",
                                                          "parent": 16,
                                                          "ID": 17
                                                        }
                                                      ],
                                                      "parent": 14,
                                                      "ID": 16,
                                                      "left": 17
                                                    }
                                                  ],
                                                  "parent": 13,
                                                  "ID": 14,
                                                  "left": 15,
                                                  "right": 16
                                                }
                                              ],
                                              "parent": 11,
                                              "ID": 13,
                                              "left": 14
                                            }
                                          ],
                                          "parent": 10,
                                          "ID": 11,
                                          "left": 12,
                                          "right": 13
                                        }
                                      ],
                                      "parent": 8,
                                      "ID": 10,
                                      "left": 11
                                    }
                                  ],
                                  "parent": 7,
                                  "ID": 8,
                                  "left": 9,
                                  "right": 10
                                }
                              ],
                              "parent": 5,
                              "ID": 7,
                              "left": 8
                            }
                          ],
                          "parent": 4,
                          "ID": 5,
                          "left": 6,
                          "right": 7
                        },
                        {
                          "Node Type": "Hash",
                          "Parent Relationship": "Inner",
                          "Parallel Aware": false,
                          "Async Capable": false,
                          "Startup Cost": 1.25,
                          "Total Cost": 1.25,
                          "Plan Rows": 25,
                          "Plan Width": 30,
                          "Plans": [
                            {
                              "Node Type": "Seq Scan",
                              "Parent Relationship": "Outer",
                              "Parallel Aware": false,
                              "Async Capable": false,
                              "Relation Name": "nation",
                              "Alias": "nation",
                              "Startup Cost": 0.0,
                              "Total Cost": 1.25,
                              "Plan Rows": 25,
                              "Plan Width": 30,
                              "parent": 18,
                              "ID": 19
                            }
                          ],
                          "parent": 4,
                          "ID": 18,
                          "left": 19
                        }
                      ],
                      "parent": 3,
                      "ID": 4,
                      "left": 5,
                      "right": 18
                    }
                  ],
                  "parent": 2,
                  "ID": 3,
                  "left": 4
                }
              ],
              "parent": 1,
              "ID": 2,
              "left": 3
            }
          ],
          "parent": 0,
          "ID": 1,
          "left": 2
        }
      ],
      "parent": null,
      "ID": 0,
      "left": 1
    },
    "feat": {
      "utility": 5.76021442252235e-07,
      "query_shape": [
        [
          "Seq Scan",
          "Hash Join",
          "Sort",
          "Aggregate",
          "Gather Merge"
        ],
        [
          "Seq Scan",
          "Hash Join",
          "Hash",
          "Sort",
          "Aggregate",
          "Gather Merge"
        ],
        [
          "Seq Scan",
          "Hash Join",
          "Hash",
          "Sort",
          "Aggregate",
          "Gather Merge"
        ],
        [
          "Seq Scan",
          "Hash Join",
          "Hash",
          "Sort",
          "Aggregate",
          "Gather Merge"
        ],
        [
          "Seq Scan",
          "Hash",
          "Hash Join",
          "Sort",
          "Aggregate",
          "Gather Merge"
        ],
        [
          "Seq Scan",
          "Hash",
          "Hash Join",
          "Sort",
          "Aggregate",
          "Gather Merge"
        ]
      ],
      "index_shape": [
        "join"
      ],
      "physical_operator": {
        "Hash Join": [
          3.4220367652581323e-06
        ]
      }
    }
  },
  {
    "query": "-- Functional Query Definition\n-- Approved February 1998\n\n\nselect\nnation,\no_year,\nsum(amount) as sum_profit\nfrom\n(\nselect\nn_name as nation,\nextract(year from o_orderdate) as o_year,\nl_extendedprice * (1 - l_discount) - ps_supplycost * l_quantity as amount\nfrom\npart,\nsupplier,\nlineitem,\npartsupp,\norders,\nnation\nwhere\ns_suppkey = l_suppkey\nand ps_suppkey = l_suppkey\nand ps_partkey = l_partkey\nand p_partkey = l_partkey\nand o_orderkey = l_orderkey\nand s_nationkey = n_nationkey\nand p_name like '%lime%'\n) as profit\ngroup by\nnation,\no_year\norder by\nnation,\no_year desc ;\n-- $ID$\n-- TPC-H/TPC-R Returned Item Reporting ",
    "indexes": "partsupp.ps_suppkey",
    "wo plan est": {
      "Node Type": "Aggregate",
      "Strategy": "Sorted",
      "Partial Mode": "Finalize",
      "Parallel Aware": false,
      "Async Capable": false,
      "Startup Cost": 2170040.99,
      "Total Cost": 2170050.68,
      "Plan Rows": 90,
      "Plan Width": 90,
      "Group Key": [
        "nation.n_name",
        "(EXTRACT(year FROM orders.o_orderdate))"
      ],
      "Plans": [
        {
          "Node Type": "Gather Merge",
          "Parent Relationship": "Outer",
          "Parallel Aware": false,
          "Async Capable": false,
          "Startup Cost": 2170040.99,
          "Total Cost": 2170048.8,
          "Plan Rows": 53,
          "Plan Width": 90,
          "Workers Planned": 1,
          "Plans": [
            {
              "Node Type": "Aggregate",
              "Strategy": "Sorted",
              "Partial Mode": "Partial",
              "Parent Relationship": "Outer",
              "Parallel Aware": false,
              "Async Capable": false,
              "Startup Cost": 2169040.98,
              "Total Cost": 2169042.83,
              "Plan Rows": 53,
              "Plan Width": 90,
              "Group Key": [
                "nation.n_name",
                "(EXTRACT(year FROM orders.o_orderdate))"
              ],
              "Plans": [
                {
                  "Node Type": "Sort",
                  "Parent Relationship": "Outer",
                  "Parallel Aware": false,
                  "Async Capable": false,
                  "Startup Cost": 2169040.98,
                  "Total Cost": 2169041.11,
                  "Plan Rows": 53,
                  "Plan Width": 81,
                  "Sort Key": [
                    "nation.n_name",
                    "(EXTRACT(year FROM orders.o_orderdate)) DESC"
                  ],
                  "Plans": [
                    {
                      "Node Type": "Hash Join",
                      "Parent Relationship": "Outer",
                      "Parallel Aware": false,
                      "Async Capable": false,
                      "Join Type": "Inner",
                      "Startup Cost": 2166013.55,
                      "Total Cost": 2169039.46,
                      "Plan Rows": 53,
                      "Plan Width": 81,
                      "Inner Unique": false,
                      "Hash Cond": "(supplier.s_nationkey = nation.n_nationkey)",
                      "Plans": [
                        {
                          "Node Type": "Hash Join",
                          "Parent Relationship": "Outer",
                          "Parallel Aware": true,
                          "Async Capable": false,
                          "Join Type": "Inner",
                          "Startup Cost": 2166011.99,
                          "Total Cost": 2169037.03,
                          "Plan Rows": 53,
                          "Plan Width": 31,
                          "Inner Unique": false,
                          "Hash Cond": "(supplier.s_suppkey = lineitem.l_suppkey)",
                          "Plans": [
                            {
                              "Node Type": "Seq Scan",
                              "Parent Relationship": "Outer",
                              "Parallel Aware": true,
                              "Async Capable": false,
                              "Relation Name": "supplier",
                              "Alias": "supplier",
                              "Startup Cost": 0.0,
                              "Total Cost": 2804.24,
                              "Plan Rows": 58824,
                              "Plan Width": 8,
                              "parent": 5,
                              "ID": 6
                            },
                            {
                              "Node Type": "Hash",
                              "Parent Relationship": "Inner",
                              "Parallel Aware": true,
                              "Async Capable": false,
                              "Startup Cost": 2166011.51,
                              "Total Cost": 2166011.51,
                              "Plan Rows": 38,
                              "Plan Width": 35,
                              "Plans": [
                                {
                                  "Node Type": "Hash Join",
                                  "Parent Relationship": "Outer",
                                  "Parallel Aware": true,
                                  "Async Capable": false,
                                  "Join Type": "Inner",
                                  "Startup Cost": 1819167.75,
                                  "Total Cost": 2166011.51,
                                  "Plan Rows": 38,
                                  "Plan Width": 35,
                                  "Inner Unique": false,
                                  "Hash Cond": "(orders.o_orderkey = lineitem.l_orderkey)",
                                  "Plans": [
                                    {
                                      "Node Type": "Seq Scan",
                                      "Parent Relationship": "Outer",
                                      "Parallel Aware": true,
                                      "Async Capable": false,
                                      "Relation Name": "orders",
                                      "Alias": "orders",
                                      "Startup Cost": 0.0,
                                      "Total Cost": 323407.71,
                                      "Plan Rows": 6249571,
                                      "Plan Width": 8,
                                      "parent": 8,
                                      "ID": 9
                                    },
                                    {
                                      "Node Type": "Hash",
                                      "Parent Relationship": "Inner",
                                      "Parallel Aware": true,
                                      "Async Capable": false,
                                      "Startup Cost": 1819167.28,
                                      "Total Cost": 1819167.28,
                                      "Plan Rows": 38,
                                      "Plan Width": 35,
                                      "Plans": [
                                        {
                                          "Node Type": "Hash Join",
                                          "Parent Relationship": "Outer",
                                          "Parallel Aware": true,
                                          "Async Capable": false,
                                          "Join Type": "Inner",
                                          "Startup Cost": 1546291.11,
                                          "Total Cost": 1819167.28,
                                          "Plan Rows": 38,
                                          "Plan Width": 35,
                                          "Inner Unique": false,
                                          "Hash Cond": "((partsupp.ps_suppkey = lineitem.l_suppkey) AND (partsupp.ps_partkey = lineitem.l_partkey))",
                                          "Plans": [
                                            {
                                              "Node Type": "Seq Scan",
                                              "Parent Relationship": "Outer",
                                              "Parallel Aware": true,
                                              "Async Capable": false,
                                              "Relation Name": "partsupp",
                                              "Alias": "partsupp",
                                              "Startup Cost": 0.0,
                                              "Total Cost": 207718.58,
                                              "Plan Rows": 3333258,
                                              "Plan Width": 14,
                                              "parent": 11,
                                              "ID": 12
                                            },
                                            {
                                              "Node Type": "Hash",
                                              "Parent Relationship": "Inner",
                                              "Parallel Aware": true,
                                              "Async Capable": false,
                                              "Startup Cost": 1524082.29,
                                              "Total Cost": 1524082.29,
                                              "Plan Rows": 973521,
                                              "Plan Width": 33,
                                              "Plans": [
                                                {
                                                  "Node Type": "Hash Join",
                                                  "Parent Relationship": "Outer",
                                                  "Parallel Aware": true,
                                                  "Async Capable": false,
                                                  "Join Type": "Inner",
                                                  "Startup Cost": 51799.14,
                                                  "Total Cost": 1524082.29,
                                                  "Plan Rows": 973521,
                                                  "Plan Width": 33,
                                                  "Inner Unique": false,
                                                  "Hash Cond": "(lineitem.l_partkey = part.p_partkey)",
                                                  "Plans": [
                                                    {
                                                      "Node Type": "Seq Scan",
                                                      "Parent Relationship": "Outer",
                                                      "Parallel Aware": true,
                                                      "Async Capable": false,
                                                      "Relation Name": "lineitem",
                                                      "Alias": "lineitem",
                                                      "Startup Cost": 0.0,
                                                      "Total Cost": 1374494.57,
                                                      "Plan Rows": 24995257,
                                                      "Plan Width": 29,
                                                      "parent": 14,
                                                      "ID": 15
                                                    },
                                                    {
                                                      "Node Type": "Hash",
                                                      "Parent Relationship": "Inner",
                                                      "Parallel Aware": true,
                                                      "Async Capable": false,
                                                      "Startup Cost": 51378.28,
                                                      "Total Cost": 51378.28,
                                                      "Plan Rows": 33669,
                                                      "Plan Width": 4,
                                                      "Plans": [
                                                        {
                                                          "Node Type": "Seq Scan",
                                                          "Parent Relationship": "Outer",
                                                          "Parallel Aware": true,
                                                          "Async Capable": false,
                                                          "Relation Name": "part",
                                                          "Alias": "part",
                                                          "Startup Cost": 0.0,
                                                          "Total Cost": 51378.28,
                                                          "Plan Rows": 33669,
                                                          "Plan Width": 4,
                                                          "Filter": "((p_name)::text ~~ '%lime%'::text)",
                                                          "parent": 16,
                                                          "ID": 17
                                                        }
                                                      ],
                                                      "parent": 14,
                                                      "ID": 16,
                                                      "left": 17
                                                    }
                                                  ],
                                                  "parent": 13,
                                                  "ID": 14,
                                                  "left": 15,
                                                  "right": 16
                                                }
                                              ],
                                              "parent": 11,
                                              "ID": 13,
                                              "left": 14
                                            }
                                          ],
                                          "parent": 10,
                                          "ID": 11,
                                          "left": 12,
                                          "right": 13
                                        }
                                      ],
                                      "parent": 8,
                                      "ID": 10,
                                      "left": 11
                                    }
                                  ],
                                  "parent": 7,
                                  "ID": 8,
                                  "left": 9,
                                  "right": 10
                                }
                              ],
                              "parent": 5,
                              "ID": 7,
                              "left": 8
                            }
                          ],
                          "parent": 4,
                          "ID": 5,
                          "left": 6,
                          "right": 7
                        },
                        {
                          "Node Type": "Hash",
                          "Parent Relationship": "Inner",
                          "Parallel Aware": false,
                          "Async Capable": false,
                          "Startup Cost": 1.25,
                          "Total Cost": 1.25,
                          "Plan Rows": 25,
                          "Plan Width": 30,
                          "Plans": [
                            {
                              "Node Type": "Seq Scan",
                              "Parent Relationship": "Outer",
                              "Parallel Aware": false,
                              "Async Capable": false,
                              "Relation Name": "nation",
                              "Alias": "nation",
                              "Startup Cost": 0.0,
                              "Total Cost": 1.25,
                              "Plan Rows": 25,
                              "Plan Width": 30,
                              "parent": 18,
                              "ID": 19
                            }
                          ],
                          "parent": 4,
                          "ID": 18,
                          "left": 19
                        }
                      ],
                      "parent": 3,
                      "ID": 4,
                      "left": 5,
                      "right": 18
                    }
                  ],
                  "parent": 2,
                  "ID": 3,
                  "left": 4
                }
              ],
              "parent": 1,
              "ID": 2,
              "left": 3
            }
          ],
          "parent": 0,
          "ID": 1,
          "left": 2
        }
      ],
      "parent": null,
      "ID": 0,
      "left": 1
    },
    "feat": {
      "utility": 5.76021442252235e-07,
      "query_shape": [
        [
          "Seq Scan",
          "Hash Join",
          "Sort",
          "Aggregate",
          "Gather Merge"
        ],
        [
          "Seq Scan",
          "Hash Join",
          "Hash",
          "Sort",
          "Aggregate",
          "Gather Merge"
        ],
        [
          "Seq Scan",
          "Hash Join",
          "Hash",
          "Sort",
          "Aggregate",
          "Gather Merge"
        ],
        [
          "Seq Scan",
          "Hash Join",
          "Hash",
          "Sort",
          "Aggregate",
          "Gather Merge"
        ],
        [
          "Seq Scan",
          "Hash",
          "Hash Join",
          "Sort",
          "Aggregate",
          "Gather Merge"
        ],
        [
          "Seq Scan",
          "Hash",
          "Hash Join",
          "Sort",
          "Aggregate",
          "Gather Merge"
        ]
      ],
      "index_shape": [
        "join"
      ],
      "physical_operator": {
        "Hash Join": [
          3.4220367652581323e-06
        ]
      }
    }
  },
  {
    "query": "-- Functional Query Definition\n-- Approved February 1998\n\n\nselect\nnation,\no_year,\nsum(amount) as sum_profit\nfrom\n(\nselect\nn_name as nation,\nextract(year from o_orderdate) as o_year,\nl_extendedprice * (1 - l_discount) - ps_supplycost * l_quantity as amount\nfrom\npart,\nsupplier,\nlineitem,\npartsupp,\norders,\nnation\nwhere\ns_suppkey = l_suppkey\nand ps_suppkey = l_suppkey\nand ps_partkey = l_partkey\nand p_partkey = l_partkey\nand o_orderkey = l_orderkey\nand s_nationkey = n_nationkey\nand p_name like '%lime%'\n) as profit\ngroup by\nnation,\no_year\norder by\nnation,\no_year desc ;\n-- $ID$\n-- TPC-H/TPC-R Returned Item Reporting ",
    "indexes": "partsupp.ps_supplycost",
    "wo plan est": {
      "Node Type": "Aggregate",
      "Strategy": "Sorted",
      "Partial Mode": "Finalize",
      "Parallel Aware": false,
      "Async Capable": false,
      "Startup Cost": 2170040.99,
      "Total Cost": 2170050.68,
      "Plan Rows": 90,
      "Plan Width": 90,
      "Group Key": [
        "nation.n_name",
        "(EXTRACT(year FROM orders.o_orderdate))"
      ],
      "Plans": [
        {
          "Node Type": "Gather Merge",
          "Parent Relationship": "Outer",
          "Parallel Aware": false,
          "Async Capable": false,
          "Startup Cost": 2170040.99,
          "Total Cost": 2170048.8,
          "Plan Rows": 53,
          "Plan Width": 90,
          "Workers Planned": 1,
          "Plans": [
            {
              "Node Type": "Aggregate",
              "Strategy": "Sorted",
              "Partial Mode": "Partial",
              "Parent Relationship": "Outer",
              "Parallel Aware": false,
              "Async Capable": false,
              "Startup Cost": 2169040.98,
              "Total Cost": 2169042.83,
              "Plan Rows": 53,
              "Plan Width": 90,
              "Group Key": [
                "nation.n_name",
                "(EXTRACT(year FROM orders.o_orderdate))"
              ],
              "Plans": [
                {
                  "Node Type": "Sort",
                  "Parent Relationship": "Outer",
                  "Parallel Aware": false,
                  "Async Capable": false,
                  "Startup Cost": 2169040.98,
                  "Total Cost": 2169041.11,
                  "Plan Rows": 53,
                  "Plan Width": 81,
                  "Sort Key": [
                    "nation.n_name",
                    "(EXTRACT(year FROM orders.o_orderdate)) DESC"
                  ],
                  "Plans": [
                    {
                      "Node Type": "Hash Join",
                      "Parent Relationship": "Outer",
                      "Parallel Aware": false,
                      "Async Capable": false,
                      "Join Type": "Inner",
                      "Startup Cost": 2166013.55,
                      "Total Cost": 2169039.46,
                      "Plan Rows": 53,
                      "Plan Width": 81,
                      "Inner Unique": false,
                      "Hash Cond": "(supplier.s_nationkey = nation.n_nationkey)",
                      "Plans": [
                        {
                          "Node Type": "Hash Join",
                          "Parent Relationship": "Outer",
                          "Parallel Aware": true,
                          "Async Capable": false,
                          "Join Type": "Inner",
                          "Startup Cost": 2166011.99,
                          "Total Cost": 2169037.03,
                          "Plan Rows": 53,
                          "Plan Width": 31,
                          "Inner Unique": false,
                          "Hash Cond": "(supplier.s_suppkey = lineitem.l_suppkey)",
                          "Plans": [
                            {
                              "Node Type": "Seq Scan",
                              "Parent Relationship": "Outer",
                              "Parallel Aware": true,
                              "Async Capable": false,
                              "Relation Name": "supplier",
                              "Alias": "supplier",
                              "Startup Cost": 0.0,
                              "Total Cost": 2804.24,
                              "Plan Rows": 58824,
                              "Plan Width": 8,
                              "parent": 5,
                              "ID": 6
                            },
                            {
                              "Node Type": "Hash",
                              "Parent Relationship": "Inner",
                              "Parallel Aware": true,
                              "Async Capable": false,
                              "Startup Cost": 2166011.51,
                              "Total Cost": 2166011.51,
                              "Plan Rows": 38,
                              "Plan Width": 35,
                              "Plans": [
                                {
                                  "Node Type": "Hash Join",
                                  "Parent Relationship": "Outer",
                                  "Parallel Aware": true,
                                  "Async Capable": false,
                                  "Join Type": "Inner",
                                  "Startup Cost": 1819167.75,
                                  "Total Cost": 2166011.51,
                                  "Plan Rows": 38,
                                  "Plan Width": 35,
                                  "Inner Unique": false,
                                  "Hash Cond": "(orders.o_orderkey = lineitem.l_orderkey)",
                                  "Plans": [
                                    {
                                      "Node Type": "Seq Scan",
                                      "Parent Relationship": "Outer",
                                      "Parallel Aware": true,
                                      "Async Capable": false,
                                      "Relation Name": "orders",
                                      "Alias": "orders",
                                      "Startup Cost": 0.0,
                                      "Total Cost": 323407.71,
                                      "Plan Rows": 6249571,
                                      "Plan Width": 8,
                                      "parent": 8,
                                      "ID": 9
                                    },
                                    {
                                      "Node Type": "Hash",
                                      "Parent Relationship": "Inner",
                                      "Parallel Aware": true,
                                      "Async Capable": false,
                                      "Startup Cost": 1819167.28,
                                      "Total Cost": 1819167.28,
                                      "Plan Rows": 38,
                                      "Plan Width": 35,
                                      "Plans": [
                                        {
                                          "Node Type": "Hash Join",
                                          "Parent Relationship": "Outer",
                                          "Parallel Aware": true,
                                          "Async Capable": false,
                                          "Join Type": "Inner",
                                          "Startup Cost": 1546291.11,
                                          "Total Cost": 1819167.28,
                                          "Plan Rows": 38,
                                          "Plan Width": 35,
                                          "Inner Unique": false,
                                          "Hash Cond": "((partsupp.ps_suppkey = lineitem.l_suppkey) AND (partsupp.ps_partkey = lineitem.l_partkey))",
                                          "Plans": [
                                            {
                                              "Node Type": "Seq Scan",
                                              "Parent Relationship": "Outer",
                                              "Parallel Aware": true,
                                              "Async Capable": false,
                                              "Relation Name": "partsupp",
                                              "Alias": "partsupp",
                                              "Startup Cost": 0.0,
                                              "Total Cost": 207718.58,
                                              "Plan Rows": 3333258,
                                              "Plan Width": 14,
                                              "parent": 11,
                                              "ID": 12
                                            },
                                            {
                                              "Node Type": "Hash",
                                              "Parent Relationship": "Inner",
                                              "Parallel Aware": true,
                                              "Async Capable": false,
                                              "Startup Cost": 1524082.29,
                                              "Total Cost": 1524082.29,
                                              "Plan Rows": 973521,
                                              "Plan Width": 33,
                                              "Plans": [
                                                {
                                                  "Node Type": "Hash Join",
                                                  "Parent Relationship": "Outer",
                                                  "Parallel Aware": true,
                                                  "Async Capable": false,
                                                  "Join Type": "Inner",
                                                  "Startup Cost": 51799.14,
                                                  "Total Cost": 1524082.29,
                                                  "Plan Rows": 973521,
                                                  "Plan Width": 33,
                                                  "Inner Unique": false,
                                                  "Hash Cond": "(lineitem.l_partkey = part.p_partkey)",
                                                  "Plans": [
                                                    {
                                                      "Node Type": "Seq Scan",
                                                      "Parent Relationship": "Outer",
                                                      "Parallel Aware": true,
                                                      "Async Capable": false,
                                                      "Relation Name": "lineitem",
                                                      "Alias": "lineitem",
                                                      "Startup Cost": 0.0,
                                                      "Total Cost": 1374494.57,
                                                      "Plan Rows": 24995257,
                                                      "Plan Width": 29,
                                                      "parent": 14,
                                                      "ID": 15
                                                    },
                                                    {
                                                      "Node Type": "Hash",
                                                      "Parent Relationship": "Inner",
                                                      "Parallel Aware": true,
                                                      "Async Capable": false,
                                                      "Startup Cost": 51378.28,
                                                      "Total Cost": 51378.28,
                                                      "Plan Rows": 33669,
                                                      "Plan Width": 4,
                                                      "Plans": [
                                                        {
                                                          "Node Type": "Seq Scan",
                                                          "Parent Relationship": "Outer",
                                                          "Parallel Aware": true,
                                                          "Async Capable": false,
                                                          "Relation Name": "part",
                                                          "Alias": "part",
                                                          "Startup Cost": 0.0,
                                                          "Total Cost": 51378.28,
                                                          "Plan Rows": 33669,
                                                          "Plan Width": 4,
                                                          "Filter": "((p_name)::text ~~ '%lime%'::text)",
                                                          "parent": 16,
                                                          "ID": 17
                                                        }
                                                      ],
                                                      "parent": 14,
                                                      "ID": 16,
                                                      "left": 17
                                                    }
                                                  ],
                                                  "parent": 13,
                                                  "ID": 14,
                                                  "left": 15,
                                                  "right": 16
                                                }
                                              ],
                                              "parent": 11,
                                              "ID": 13,
                                              "left": 14
                                            }
                                          ],
                                          "parent": 10,
                                          "ID": 11,
                                          "left": 12,
                                          "right": 13
                                        }
                                      ],
                                      "parent": 8,
                                      "ID": 10,
                                      "left": 11
                                    }
                                  ],
                                  "parent": 7,
                                  "ID": 8,
                                  "left": 9,
                                  "right": 10
                                }
                              ],
                              "parent": 5,
                              "ID": 7,
                              "left": 8
                            }
                          ],
                          "parent": 4,
                          "ID": 5,
                          "left": 6,
                          "right": 7
                        },
                        {
                          "Node Type": "Hash",
                          "Parent Relationship": "Inner",
                          "Parallel Aware": false,
                          "Async Capable": false,
                          "Startup Cost": 1.25,
                          "Total Cost": 1.25,
                          "Plan Rows": 25,
                          "Plan Width": 30,
                          "Plans": [
                            {
                              "Node Type": "Seq Scan",
                              "Parent Relationship": "Outer",
                              "Parallel Aware": false,
                              "Async Capable": false,
                              "Relation Name": "nation",
                              "Alias": "nation",
                              "Startup Cost": 0.0,
                              "Total Cost": 1.25,
                              "Plan Rows": 25,
                              "Plan Width": 30,
                              "parent": 18,
                              "ID": 19
                            }
                          ],
                          "parent": 4,
                          "ID": 18,
                          "left": 19
                        }
                      ],
                      "parent": 3,
                      "ID": 4,
                      "left": 5,
                      "right": 18
                    }
                  ],
                  "parent": 2,
                  "ID": 3,
                  "left": 4
                }
              ],
              "parent": 1,
              "ID": 2,
              "left": 3
            }
          ],
          "parent": 0,
          "ID": 1,
          "left": 2
        }
      ],
      "parent": null,
      "ID": 0,
      "left": 1
    },
    "feat": {
      "utility": 0.0,
      "query_shape": [
        [
          "Seq Scan",
          "Hash Join",
          "Sort",
          "Aggregate",
          "Gather Merge"
        ],
        [
          "Seq Scan",
          "Hash Join",
          "Hash",
          "Sort",
          "Aggregate",
          "Gather Merge"
        ],
        [
          "Seq Scan",
          "Hash Join",
          "Hash",
          "Sort",
          "Aggregate",
          "Gather Merge"
        ],
        [
          "Seq Scan",
          "Hash Join",
          "Hash",
          "Sort",
          "Aggregate",
          "Gather Merge"
        ],
        [
          "Seq Scan",
          "Hash",
          "Hash Join",
          "Sort",
          "Aggregate",
          "Gather Merge"
        ],
        [
          "Seq Scan",
          "Hash",
          "Hash Join",
          "Sort",
          "Aggregate",
          "Gather Merge"
        ]
      ],
      "index_shape": [],
      "physical_operator": {}
    }
  },
  {
    "query": "-- Functional Query Definition\n-- Approved February 1998\n\n\nselect\nnation,\no_year,\nsum(amount) as sum_profit\nfrom\n(\nselect\nn_name as nation,\nextract(year from o_orderdate) as o_year,\nl_extendedprice * (1 - l_discount) - ps_supplycost * l_quantity as amount\nfrom\npart,\nsupplier,\nlineitem,\npartsupp,\norders,\nnation\nwhere\ns_suppkey = l_suppkey\nand ps_suppkey = l_suppkey\nand ps_partkey = l_partkey\nand p_partkey = l_partkey\nand o_orderkey = l_orderkey\nand s_nationkey = n_nationkey\nand p_name like '%lime%'\n) as profit\ngroup by\nnation,\no_year\norder by\nnation,\no_year desc ;\n-- $ID$\n-- TPC-H/TPC-R Returned Item Reporting ",
    "indexes": "supplier.s_suppkey",
    "wo plan est": {
      "Node Type": "Aggregate",
      "Strategy": "Sorted",
      "Partial Mode": "Finalize",
      "Parallel Aware": false,
      "Async Capable": false,
      "Startup Cost": 2170040.99,
      "Total Cost": 2170050.68,
      "Plan Rows": 90,
      "Plan Width": 90,
      "Group Key": [
        "nation.n_name",
        "(EXTRACT(year FROM orders.o_orderdate))"
      ],
      "Plans": [
        {
          "Node Type": "Gather Merge",
          "Parent Relationship": "Outer",
          "Parallel Aware": false,
          "Async Capable": false,
          "Startup Cost": 2170040.99,
          "Total Cost": 2170048.8,
          "Plan Rows": 53,
          "Plan Width": 90,
          "Workers Planned": 1,
          "Plans": [
            {
              "Node Type": "Aggregate",
              "Strategy": "Sorted",
              "Partial Mode": "Partial",
              "Parent Relationship": "Outer",
              "Parallel Aware": false,
              "Async Capable": false,
              "Startup Cost": 2169040.98,
              "Total Cost": 2169042.83,
              "Plan Rows": 53,
              "Plan Width": 90,
              "Group Key": [
                "nation.n_name",
                "(EXTRACT(year FROM orders.o_orderdate))"
              ],
              "Plans": [
                {
                  "Node Type": "Sort",
                  "Parent Relationship": "Outer",
                  "Parallel Aware": false,
                  "Async Capable": false,
                  "Startup Cost": 2169040.98,
                  "Total Cost": 2169041.11,
                  "Plan Rows": 53,
                  "Plan Width": 81,
                  "Sort Key": [
                    "nation.n_name",
                    "(EXTRACT(year FROM orders.o_orderdate)) DESC"
                  ],
                  "Plans": [
                    {
                      "Node Type": "Hash Join",
                      "Parent Relationship": "Outer",
                      "Parallel Aware": false,
                      "Async Capable": false,
                      "Join Type": "Inner",
                      "Startup Cost": 2166013.55,
                      "Total Cost": 2169039.46,
                      "Plan Rows": 53,
                      "Plan Width": 81,
                      "Inner Unique": false,
                      "Hash Cond": "(supplier.s_nationkey = nation.n_nationkey)",
                      "Plans": [
                        {
                          "Node Type": "Hash Join",
                          "Parent Relationship": "Outer",
                          "Parallel Aware": true,
                          "Async Capable": false,
                          "Join Type": "Inner",
                          "Startup Cost": 2166011.99,
                          "Total Cost": 2169037.03,
                          "Plan Rows": 53,
                          "Plan Width": 31,
                          "Inner Unique": false,
                          "Hash Cond": "(supplier.s_suppkey = lineitem.l_suppkey)",
                          "Plans": [
                            {
                              "Node Type": "Seq Scan",
                              "Parent Relationship": "Outer",
                              "Parallel Aware": true,
                              "Async Capable": false,
                              "Relation Name": "supplier",
                              "Alias": "supplier",
                              "Startup Cost": 0.0,
                              "Total Cost": 2804.24,
                              "Plan Rows": 58824,
                              "Plan Width": 8,
                              "parent": 5,
                              "ID": 6
                            },
                            {
                              "Node Type": "Hash",
                              "Parent Relationship": "Inner",
                              "Parallel Aware": true,
                              "Async Capable": false,
                              "Startup Cost": 2166011.51,
                              "Total Cost": 2166011.51,
                              "Plan Rows": 38,
                              "Plan Width": 35,
                              "Plans": [
                                {
                                  "Node Type": "Hash Join",
                                  "Parent Relationship": "Outer",
                                  "Parallel Aware": true,
                                  "Async Capable": false,
                                  "Join Type": "Inner",
                                  "Startup Cost": 1819167.75,
                                  "Total Cost": 2166011.51,
                                  "Plan Rows": 38,
                                  "Plan Width": 35,
                                  "Inner Unique": false,
                                  "Hash Cond": "(orders.o_orderkey = lineitem.l_orderkey)",
                                  "Plans": [
                                    {
                                      "Node Type": "Seq Scan",
                                      "Parent Relationship": "Outer",
                                      "Parallel Aware": true,
                                      "Async Capable": false,
                                      "Relation Name": "orders",
                                      "Alias": "orders",
                                      "Startup Cost": 0.0,
                                      "Total Cost": 323407.71,
                                      "Plan Rows": 6249571,
                                      "Plan Width": 8,
                                      "parent": 8,
                                      "ID": 9
                                    },
                                    {
                                      "Node Type": "Hash",
                                      "Parent Relationship": "Inner",
                                      "Parallel Aware": true,
                                      "Async Capable": false,
                                      "Startup Cost": 1819167.28,
                                      "Total Cost": 1819167.28,
                                      "Plan Rows": 38,
                                      "Plan Width": 35,
                                      "Plans": [
                                        {
                                          "Node Type": "Hash Join",
                                          "Parent Relationship": "Outer",
                                          "Parallel Aware": true,
                                          "Async Capable": false,
                                          "Join Type": "Inner",
                                          "Startup Cost": 1546291.11,
                                          "Total Cost": 1819167.28,
                                          "Plan Rows": 38,
                                          "Plan Width": 35,
                                          "Inner Unique": false,
                                          "Hash Cond": "((partsupp.ps_suppkey = lineitem.l_suppkey) AND (partsupp.ps_partkey = lineitem.l_partkey))",
                                          "Plans": [
                                            {
                                              "Node Type": "Seq Scan",
                                              "Parent Relationship": "Outer",
                                              "Parallel Aware": true,
                                              "Async Capable": false,
                                              "Relation Name": "partsupp",
                                              "Alias": "partsupp",
                                              "Startup Cost": 0.0,
                                              "Total Cost": 207718.58,
                                              "Plan Rows": 3333258,
                                              "Plan Width": 14,
                                              "parent": 11,
                                              "ID": 12
                                            },
                                            {
                                              "Node Type": "Hash",
                                              "Parent Relationship": "Inner",
                                              "Parallel Aware": true,
                                              "Async Capable": false,
                                              "Startup Cost": 1524082.29,
                                              "Total Cost": 1524082.29,
                                              "Plan Rows": 973521,
                                              "Plan Width": 33,
                                              "Plans": [
                                                {
                                                  "Node Type": "Hash Join",
                                                  "Parent Relationship": "Outer",
                                                  "Parallel Aware": true,
                                                  "Async Capable": false,
                                                  "Join Type": "Inner",
                                                  "Startup Cost": 51799.14,
                                                  "Total Cost": 1524082.29,
                                                  "Plan Rows": 973521,
                                                  "Plan Width": 33,
                                                  "Inner Unique": false,
                                                  "Hash Cond": "(lineitem.l_partkey = part.p_partkey)",
                                                  "Plans": [
                                                    {
                                                      "Node Type": "Seq Scan",
                                                      "Parent Relationship": "Outer",
                                                      "Parallel Aware": true,
                                                      "Async Capable": false,
                                                      "Relation Name": "lineitem",
                                                      "Alias": "lineitem",
                                                      "Startup Cost": 0.0,
                                                      "Total Cost": 1374494.57,
                                                      "Plan Rows": 24995257,
                                                      "Plan Width": 29,
                                                      "parent": 14,
                                                      "ID": 15
                                                    },
                                                    {
                                                      "Node Type": "Hash",
                                                      "Parent Relationship": "Inner",
                                                      "Parallel Aware": true,
                                                      "Async Capable": false,
                                                      "Startup Cost": 51378.28,
                                                      "Total Cost": 51378.28,
                                                      "Plan Rows": 33669,
                                                      "Plan Width": 4,
                                                      "Plans": [
                                                        {
                                                          "Node Type": "Seq Scan",
                                                          "Parent Relationship": "Outer",
                                                          "Parallel Aware": true,
                                                          "Async Capable": false,
                                                          "Relation Name": "part",
                                                          "Alias": "part",
                                                          "Startup Cost": 0.0,
                                                          "Total Cost": 51378.28,
                                                          "Plan Rows": 33669,
                                                          "Plan Width": 4,
                                                          "Filter": "((p_name)::text ~~ '%lime%'::text)",
                                                          "parent": 16,
                                                          "ID": 17
                                                        }
                                                      ],
                                                      "parent": 14,
                                                      "ID": 16,
                                                      "left": 17
                                                    }
                                                  ],
                                                  "parent": 13,
                                                  "ID": 14,
                                                  "left": 15,
                                                  "right": 16
                                                }
                                              ],
                                              "parent": 11,
                                              "ID": 13,
                                              "left": 14
                                            }
                                          ],
                                          "parent": 10,
                                          "ID": 11,
                                          "left": 12,
                                          "right": 13
                                        }
                                      ],
                                      "parent": 8,
                                      "ID": 10,
                                      "left": 11
                                    }
                                  ],
                                  "parent": 7,
                                  "ID": 8,
                                  "left": 9,
                                  "right": 10
                                }
                              ],
                              "parent": 5,
                              "ID": 7,
                              "left": 8
                            }
                          ],
                          "parent": 4,
                          "ID": 5,
                          "left": 6,
                          "right": 7
                        },
                        {
                          "Node Type": "Hash",
                          "Parent Relationship": "Inner",
                          "Parallel Aware": false,
                          "Async Capable": false,
                          "Startup Cost": 1.25,
                          "Total Cost": 1.25,
                          "Plan Rows": 25,
                          "Plan Width": 30,
                          "Plans": [
                            {
                              "Node Type": "Seq Scan",
                              "Parent Relationship": "Outer",
                              "Parallel Aware": false,
                              "Async Capable": false,
                              "Relation Name": "nation",
                              "Alias": "nation",
                              "Startup Cost": 0.0,
                              "Total Cost": 1.25,
                              "Plan Rows": 25,
                              "Plan Width": 30,
                              "parent": 18,
                              "ID": 19
                            }
                          ],
                          "parent": 4,
                          "ID": 18,
                          "left": 19
                        }
                      ],
                      "parent": 3,
                      "ID": 4,
                      "left": 5,
                      "right": 18
                    }
                  ],
                  "parent": 2,
                  "ID": 3,
                  "left": 4
                }
              ],
              "parent": 1,
              "ID": 2,
              "left": 3
            }
          ],
          "parent": 0,
          "ID": 1,
          "left": 2
        }
      ],
      "parent": null,
      "ID": 0,
      "left": 1
    },
    "feat": {
      "utility": 5.732185675864022e-07,
      "query_shape": [
        [
          "Seq Scan",
          "Hash Join",
          "Sort",
          "Aggregate",
          "Gather Merge"
        ],
        [
          "Seq Scan",
          "Hash Join",
          "Hash",
          "Sort",
          "Aggregate",
          "Gather Merge"
        ],
        [
          "Seq Scan",
          "Hash Join",
          "Hash",
          "Sort",
          "Aggregate",
          "Gather Merge"
        ],
        [
          "Seq Scan",
          "Hash Join",
          "Hash",
          "Sort",
          "Aggregate",
          "Gather Merge"
        ],
        [
          "Seq Scan",
          "Hash",
          "Hash Join",
          "Sort",
          "Aggregate",
          "Gather Merge"
        ],
        [
          "Seq Scan",
          "Hash",
          "Hash Join",
          "Sort",
          "Aggregate",
          "Gather Merge"
        ]
      ],
      "index_shape": [
        "join"
      ],
      "physical_operator": {
        "Hash Join": [
          0.004869326096401473
        ]
      }
    }
  },
  {
    "query": "-- Functional Query Definition\n-- Approved February 1998\n\n\nselect\nnation,\no_year,\nsum(amount) as sum_profit\nfrom\n(\nselect\nn_name as nation,\nextract(year from o_orderdate) as o_year,\nl_extendedprice * (1 - l_discount) - ps_supplycost * l_quantity as amount\nfrom\npart,\nsupplier,\nlineitem,\npartsupp,\norders,\nnation\nwhere\ns_suppkey = l_suppkey\nand ps_suppkey = l_suppkey\nand ps_partkey = l_partkey\nand p_partkey = l_partkey\nand o_orderkey = l_orderkey\nand s_nationkey = n_nationkey\nand p_name like '%lime%'\n) as profit\ngroup by\nnation,\no_year\norder by\nnation,\no_year desc ;\n-- $ID$\n-- TPC-H/TPC-R Returned Item Reporting ",
    "indexes": "supplier.s_nationkey",
    "wo plan est": {
      "Node Type": "Aggregate",
      "Strategy": "Sorted",
      "Partial Mode": "Finalize",
      "Parallel Aware": false,
      "Async Capable": false,
      "Startup Cost": 2170040.99,
      "Total Cost": 2170050.68,
      "Plan Rows": 90,
      "Plan Width": 90,
      "Group Key": [
        "nation.n_name",
        "(EXTRACT(year FROM orders.o_orderdate))"
      ],
      "Plans": [
        {
          "Node Type": "Gather Merge",
          "Parent Relationship": "Outer",
          "Parallel Aware": false,
          "Async Capable": false,
          "Startup Cost": 2170040.99,
          "Total Cost": 2170048.8,
          "Plan Rows": 53,
          "Plan Width": 90,
          "Workers Planned": 1,
          "Plans": [
            {
              "Node Type": "Aggregate",
              "Strategy": "Sorted",
              "Partial Mode": "Partial",
              "Parent Relationship": "Outer",
              "Parallel Aware": false,
              "Async Capable": false,
              "Startup Cost": 2169040.98,
              "Total Cost": 2169042.83,
              "Plan Rows": 53,
              "Plan Width": 90,
              "Group Key": [
                "nation.n_name",
                "(EXTRACT(year FROM orders.o_orderdate))"
              ],
              "Plans": [
                {
                  "Node Type": "Sort",
                  "Parent Relationship": "Outer",
                  "Parallel Aware": false,
                  "Async Capable": false,
                  "Startup Cost": 2169040.98,
                  "Total Cost": 2169041.11,
                  "Plan Rows": 53,
                  "Plan Width": 81,
                  "Sort Key": [
                    "nation.n_name",
                    "(EXTRACT(year FROM orders.o_orderdate)) DESC"
                  ],
                  "Plans": [
                    {
                      "Node Type": "Hash Join",
                      "Parent Relationship": "Outer",
                      "Parallel Aware": false,
                      "Async Capable": false,
                      "Join Type": "Inner",
                      "Startup Cost": 2166013.55,
                      "Total Cost": 2169039.46,
                      "Plan Rows": 53,
                      "Plan Width": 81,
                      "Inner Unique": false,
                      "Hash Cond": "(supplier.s_nationkey = nation.n_nationkey)",
                      "Plans": [
                        {
                          "Node Type": "Hash Join",
                          "Parent Relationship": "Outer",
                          "Parallel Aware": true,
                          "Async Capable": false,
                          "Join Type": "Inner",
                          "Startup Cost": 2166011.99,
                          "Total Cost": 2169037.03,
                          "Plan Rows": 53,
                          "Plan Width": 31,
                          "Inner Unique": false,
                          "Hash Cond": "(supplier.s_suppkey = lineitem.l_suppkey)",
                          "Plans": [
                            {
                              "Node Type": "Seq Scan",
                              "Parent Relationship": "Outer",
                              "Parallel Aware": true,
                              "Async Capable": false,
                              "Relation Name": "supplier",
                              "Alias": "supplier",
                              "Startup Cost": 0.0,
                              "Total Cost": 2804.24,
                              "Plan Rows": 58824,
                              "Plan Width": 8,
                              "parent": 5,
                              "ID": 6
                            },
                            {
                              "Node Type": "Hash",
                              "Parent Relationship": "Inner",
                              "Parallel Aware": true,
                              "Async Capable": false,
                              "Startup Cost": 2166011.51,
                              "Total Cost": 2166011.51,
                              "Plan Rows": 38,
                              "Plan Width": 35,
                              "Plans": [
                                {
                                  "Node Type": "Hash Join",
                                  "Parent Relationship": "Outer",
                                  "Parallel Aware": true,
                                  "Async Capable": false,
                                  "Join Type": "Inner",
                                  "Startup Cost": 1819167.75,
                                  "Total Cost": 2166011.51,
                                  "Plan Rows": 38,
                                  "Plan Width": 35,
                                  "Inner Unique": false,
                                  "Hash Cond": "(orders.o_orderkey = lineitem.l_orderkey)",
                                  "Plans": [
                                    {
                                      "Node Type": "Seq Scan",
                                      "Parent Relationship": "Outer",
                                      "Parallel Aware": true,
                                      "Async Capable": false,
                                      "Relation Name": "orders",
                                      "Alias": "orders",
                                      "Startup Cost": 0.0,
                                      "Total Cost": 323407.71,
                                      "Plan Rows": 6249571,
                                      "Plan Width": 8,
                                      "parent": 8,
                                      "ID": 9
                                    },
                                    {
                                      "Node Type": "Hash",
                                      "Parent Relationship": "Inner",
                                      "Parallel Aware": true,
                                      "Async Capable": false,
                                      "Startup Cost": 1819167.28,
                                      "Total Cost": 1819167.28,
                                      "Plan Rows": 38,
                                      "Plan Width": 35,
                                      "Plans": [
                                        {
                                          "Node Type": "Hash Join",
                                          "Parent Relationship": "Outer",
                                          "Parallel Aware": true,
                                          "Async Capable": false,
                                          "Join Type": "Inner",
                                          "Startup Cost": 1546291.11,
                                          "Total Cost": 1819167.28,
                                          "Plan Rows": 38,
                                          "Plan Width": 35,
                                          "Inner Unique": false,
                                          "Hash Cond": "((partsupp.ps_suppkey = lineitem.l_suppkey) AND (partsupp.ps_partkey = lineitem.l_partkey))",
                                          "Plans": [
                                            {
                                              "Node Type": "Seq Scan",
                                              "Parent Relationship": "Outer",
                                              "Parallel Aware": true,
                                              "Async Capable": false,
                                              "Relation Name": "partsupp",
                                              "Alias": "partsupp",
                                              "Startup Cost": 0.0,
                                              "Total Cost": 207718.58,
                                              "Plan Rows": 3333258,
                                              "Plan Width": 14,
                                              "parent": 11,
                                              "ID": 12
                                            },
                                            {
                                              "Node Type": "Hash",
                                              "Parent Relationship": "Inner",
                                              "Parallel Aware": true,
                                              "Async Capable": false,
                                              "Startup Cost": 1524082.29,
                                              "Total Cost": 1524082.29,
                                              "Plan Rows": 973521,
                                              "Plan Width": 33,
                                              "Plans": [
                                                {
                                                  "Node Type": "Hash Join",
                                                  "Parent Relationship": "Outer",
                                                  "Parallel Aware": true,
                                                  "Async Capable": false,
                                                  "Join Type": "Inner",
                                                  "Startup Cost": 51799.14,
                                                  "Total Cost": 1524082.29,
                                                  "Plan Rows": 973521,
                                                  "Plan Width": 33,
                                                  "Inner Unique": false,
                                                  "Hash Cond": "(lineitem.l_partkey = part.p_partkey)",
                                                  "Plans": [
                                                    {
                                                      "Node Type": "Seq Scan",
                                                      "Parent Relationship": "Outer",
                                                      "Parallel Aware": true,
                                                      "Async Capable": false,
                                                      "Relation Name": "lineitem",
                                                      "Alias": "lineitem",
                                                      "Startup Cost": 0.0,
                                                      "Total Cost": 1374494.57,
                                                      "Plan Rows": 24995257,
                                                      "Plan Width": 29,
                                                      "parent": 14,
                                                      "ID": 15
                                                    },
                                                    {
                                                      "Node Type": "Hash",
                                                      "Parent Relationship": "Inner",
                                                      "Parallel Aware": true,
                                                      "Async Capable": false,
                                                      "Startup Cost": 51378.28,
                                                      "Total Cost": 51378.28,
                                                      "Plan Rows": 33669,
                                                      "Plan Width": 4,
                                                      "Plans": [
                                                        {
                                                          "Node Type": "Seq Scan",
                                                          "Parent Relationship": "Outer",
                                                          "Parallel Aware": true,
                                                          "Async Capable": false,
                                                          "Relation Name": "part",
                                                          "Alias": "part",
                                                          "Startup Cost": 0.0,
                                                          "Total Cost": 51378.28,
                                                          "Plan Rows": 33669,
                                                          "Plan Width": 4,
                                                          "Filter": "((p_name)::text ~~ '%lime%'::text)",
                                                          "parent": 16,
                                                          "ID": 17
                                                        }
                                                      ],
                                                      "parent": 14,
                                                      "ID": 16,
                                                      "left": 17
                                                    }
                                                  ],
                                                  "parent": 13,
                                                  "ID": 14,
                                                  "left": 15,
                                                  "right": 16
                                                }
                                              ],
                                              "parent": 11,
                                              "ID": 13,
                                              "left": 14
                                            }
                                          ],
                                          "parent": 10,
                                          "ID": 11,
                                          "left": 12,
                                          "right": 13
                                        }
                                      ],
                                      "parent": 8,
                                      "ID": 10,
                                      "left": 11
                                    }
                                  ],
                                  "parent": 7,
                                  "ID": 8,
                                  "left": 9,
                                  "right": 10
                                }
                              ],
                              "parent": 5,
                              "ID": 7,
                              "left": 8
                            }
                          ],
                          "parent": 4,
                          "ID": 5,
                          "left": 6,
                          "right": 7
                        },
                        {
                          "Node Type": "Hash",
                          "Parent Relationship": "Inner",
                          "Parallel Aware": false,
                          "Async Capable": false,
                          "Startup Cost": 1.25,
                          "Total Cost": 1.25,
                          "Plan Rows": 25,
                          "Plan Width": 30,
                          "Plans": [
                            {
                              "Node Type": "Seq Scan",
                              "Parent Relationship": "Outer",
                              "Parallel Aware": false,
                              "Async Capable": false,
                              "Relation Name": "nation",
                              "Alias": "nation",
                              "Startup Cost": 0.0,
                              "Total Cost": 1.25,
                              "Plan Rows": 25,
                              "Plan Width": 30,
                              "parent": 18,
                              "ID": 19
                            }
                          ],
                          "parent": 4,
                          "ID": 18,
                          "left": 19
                        }
                      ],
                      "parent": 3,
                      "ID": 4,
                      "left": 5,
                      "right": 18
                    }
                  ],
                  "parent": 2,
                  "ID": 3,
                  "left": 4
                }
              ],
              "parent": 1,
              "ID": 2,
              "left": 3
            }
          ],
          "parent": 0,
          "ID": 1,
          "left": 2
        }
      ],
      "parent": null,
      "ID": 0,
      "left": 1
    },
    "feat": {
      "utility": 4.608187307404267e-07,
      "query_shape": [
        [
          "Seq Scan",
          "Hash Join",
          "Sort",
          "Aggregate",
          "Gather Merge"
        ],
        [
          "Seq Scan",
          "Hash Join",
          "Hash",
          "Sort",
          "Aggregate",
          "Gather Merge"
        ],
        [
          "Seq Scan",
          "Hash Join",
          "Hash",
          "Sort",
          "Aggregate",
          "Gather Merge"
        ],
        [
          "Seq Scan",
          "Hash Join",
          "Hash",
          "Sort",
          "Aggregate",
          "Gather Merge"
        ],
        [
          "Seq Scan",
          "Hash",
          "Hash Join",
          "Sort",
          "Aggregate",
          "Gather Merge"
        ],
        [
          "Seq Scan",
          "Hash",
          "Hash Join",
          "Sort",
          "Aggregate",
          "Gather Merge"
        ]
      ],
      "index_shape": [
        "join"
      ],
      "physical_operator": {
        "Hash Join": [
          0.2
        ]
      }
    }
  },
  {
    "query": "-- Functional Query Definition\n-- Approved February 1998\n\n\nselect\nps_partkey,\nsum(ps_supplycost * ps_availqty) as value\nfrom\npartsupp,\nsupplier,\nnation\nwhere\nps_suppkey = s_suppkey\nand s_nationkey = n_nationkey\nand n_name = 'UNITED STATES'\ngroup by\nps_partkey having\nsum(ps_supplycost * ps_availqty) > (\nselect\nsum(ps_supplycost * ps_availqty) * 0.0000100000\nfrom\npartsupp,\nsupplier,\nnation\nwhere\nps_suppkey = s_suppkey\nand s_nationkey = n_nationkey\nand n_name = 'UNITED STATES'\n)\norder by\nvalue desc ;\n-- $ID$\n-- TPC-H/TPC-R Shipping Modes and Order Priority ",
    "indexes": "nation.n_nationkey",
    "wo plan est": {
      "Node Type": "Sort",
      "Parallel Aware": false,
      "Async Capable": false,
      "Startup Cost": 517534.29,
      "Total Cost": 517800.95,
      "Plan Rows": 106664,
      "Plan Width": 36,
      "Sort Key": [
        "(sum((partsupp.ps_supplycost * (partsupp.ps_availqty)::numeric))) DESC"
      ],
      "Plans": [
        {
          "Node Type": "Aggregate",
          "Strategy": "Plain",
          "Partial Mode": "Finalize",
          "Parent Relationship": "InitPlan",
          "Subplan Name": "InitPlan 1 (returns $1)",
          "Parallel Aware": false,
          "Async Capable": false,
          "Startup Cost": 226081.91,
          "Total Cost": 226081.92,
          "Plan Rows": 1,
          "Plan Width": 32,
          "Plans": [
            {
              "Node Type": "Gather",
              "Parent Relationship": "Outer",
              "Parallel Aware": false,
              "Async Capable": false,
              "Startup Cost": 226081.68,
              "Total Cost": 226081.89,
              "Plan Rows": 2,
              "Plan Width": 32,
              "Workers Planned": 2,
              "Single Copy": false,
              "Plans": [
                {
                  "Node Type": "Aggregate",
                  "Strategy": "Plain",
                  "Partial Mode": "Partial",
                  "Parent Relationship": "Outer",
                  "Parallel Aware": false,
                  "Async Capable": false,
                  "Startup Cost": 225081.68,
                  "Total Cost": 225081.69,
                  "Plan Rows": 1,
                  "Plan Width": 32,
                  "Plans": [
                    {
                      "Node Type": "Hash Join",
                      "Parent Relationship": "Outer",
                      "Parallel Aware": true,
                      "Async Capable": false,
                      "Join Type": "Inner",
                      "Startup Cost": 3079.09,
                      "Total Cost": 224081.71,
                      "Plan Rows": 133330,
                      "Plan Width": 10,
                      "Inner Unique": false,
                      "Hash Cond": "(partsupp_1.ps_suppkey = supplier_1.s_suppkey)",
                      "Plans": [
                        {
                          "Node Type": "Seq Scan",
                          "Parent Relationship": "Outer",
                          "Parallel Aware": true,
                          "Async Capable": false,
                          "Relation Name": "partsupp",
                          "Alias": "partsupp_1",
                          "Startup Cost": 0.0,
                          "Total Cost": 207718.58,
                          "Plan Rows": 3333258,
                          "Plan Width": 14,
                          "parent": 4,
                          "ID": 5
                        },
                        {
                          "Node Type": "Hash",
                          "Parent Relationship": "Inner",
                          "Parallel Aware": true,
                          "Async Capable": false,
                          "Startup Cost": 3049.68,
                          "Total Cost": 3049.68,
                          "Plan Rows": 2353,
                          "Plan Width": 4,
                          "Plans": [
                            {
                              "Node Type": "Hash Join",
                              "Parent Relationship": "Outer",
                              "Parallel Aware": false,
                              "Async Capable": false,
                              "Join Type": "Inner",
                              "Startup Cost": 1.32,
                              "Total Cost": 3049.68,
                              "Plan Rows": 2353,
                              "Plan Width": 4,
                              "Inner Unique": false,
                              "Hash Cond": "(supplier_1.s_nationkey = nation_1.n_nationkey)",
                              "Plans": [
                                {
                                  "Node Type": "Seq Scan",
                                  "Parent Relationship": "Outer",
                                  "Parallel Aware": true,
                                  "Async Capable": false,
                                  "Relation Name": "supplier",
                                  "Alias": "supplier_1",
                                  "Startup Cost": 0.0,
                                  "Total Cost": 2804.24,
                                  "Plan Rows": 58824,
                                  "Plan Width": 8,
                                  "parent": 7,
                                  "ID": 8
                                },
                                {
                                  "Node Type": "Hash",
                                  "Parent Relationship": "Inner",
                                  "Parallel Aware": false,
                                  "Async Capable": false,
                                  "Startup Cost": 1.31,
                                  "Total Cost": 1.31,
                                  "Plan Rows": 1,
                                  "Plan Width": 4,
                                  "Plans": [
                                    {
                                      "Node Type": "Seq Scan",
                                      "Parent Relationship": "Outer",
                                      "Parallel Aware": false,
                                      "Async Capable": false,
                                      "Relation Name": "nation",
                                      "Alias": "nation_1",
                                      "Startup Cost": 0.0,
                                      "Total Cost": 1.31,
                                      "Plan Rows": 1,
                                      "Plan Width": 4,
                                      "Filter": "(n_name = 'UNITED STATES'::bpchar)",
                                      "parent": 9,
                                      "ID": 10
                                    }
                                  ],
                                  "parent": 7,
                                  "ID": 9,
                                  "left": 10
                                }
                              ],
                              "parent": 6,
                              "ID": 7,
                              "left": 8,
                              "right": 9
                            }
                          ],
                          "parent": 4,
                          "ID": 6,
                          "left": 7
                        }
                      ],
                      "parent": 3,
                      "ID": 4,
                      "left": 5,
                      "right": 6
                    }
                  ],
                  "parent": 2,
                  "ID": 3,
                  "left": 4
                }
              ],
              "parent": 1,
              "ID": 2,
              "left": 3
            }
          ],
          "parent": 0,
          "ID": 1,
          "left": 2
        },
        {
          "Node Type": "Aggregate",
          "Strategy": "Sorted",
          "Partial Mode": "Finalize",
          "Parent Relationship": "Outer",
          "Parallel Aware": false,
          "Async Capable": false,
          "Startup Cost": 238713.21,
          "Total Cost": 279625.48,
          "Plan Rows": 106664,
          "Plan Width": 36,
          "Group Key": [
            "partsupp.ps_partkey"
          ],
          "Filter": "(sum((partsupp.ps_supplycost * (partsupp.ps_availqty)::numeric)) > $1)",
          "Plans": [
            {
              "Node Type": "Gather Merge",
              "Parent Relationship": "Outer",
              "Parallel Aware": false,
              "Async Capable": false,
              "Startup Cost": 238713.21,
              "Total Cost": 272825.64,
              "Plan Rows": 266660,
              "Plan Width": 36,
              "Workers Planned": 2,
              "Plans": [
                {
                  "Node Type": "Aggregate",
                  "Strategy": "Sorted",
                  "Partial Mode": "Partial",
                  "Parent Relationship": "Outer",
                  "Parallel Aware": false,
                  "Async Capable": false,
                  "Startup Cost": 237713.18,
                  "Total Cost": 241046.43,
                  "Plan Rows": 133330,
                  "Plan Width": 36,
                  "Group Key": [
                    "partsupp.ps_partkey"
                  ],
                  "Plans": [
                    {
                      "Node Type": "Sort",
                      "Parent Relationship": "Outer",
                      "Parallel Aware": false,
                      "Async Capable": false,
                      "Startup Cost": 237713.18,
                      "Total Cost": 238046.51,
                      "Plan Rows": 133330,
                      "Plan Width": 14,
                      "Sort Key": [
                        "partsupp.ps_partkey"
                      ],
                      "Plans": [
                        {
                          "Node Type": "Hash Join",
                          "Parent Relationship": "Outer",
                          "Parallel Aware": true,
                          "Async Capable": false,
                          "Join Type": "Inner",
                          "Startup Cost": 3079.09,
                          "Total Cost": 224081.71,
                          "Plan Rows": 133330,
                          "Plan Width": 14,
                          "Inner Unique": false,
                          "Hash Cond": "(partsupp.ps_suppkey = supplier.s_suppkey)",
                          "Plans": [
                            {
                              "Node Type": "Seq Scan",
                              "Parent Relationship": "Outer",
                              "Parallel Aware": true,
                              "Async Capable": false,
                              "Relation Name": "partsupp",
                              "Alias": "partsupp",
                              "Startup Cost": 0.0,
                              "Total Cost": 207718.58,
                              "Plan Rows": 3333258,
                              "Plan Width": 18,
                              "parent": 15,
                              "ID": 16
                            },
                            {
                              "Node Type": "Hash",
                              "Parent Relationship": "Inner",
                              "Parallel Aware": true,
                              "Async Capable": false,
                              "Startup Cost": 3049.68,
                              "Total Cost": 3049.68,
                              "Plan Rows": 2353,
                              "Plan Width": 4,
                              "Plans": [
                                {
                                  "Node Type": "Hash Join",
                                  "Parent Relationship": "Outer",
                                  "Parallel Aware": false,
                                  "Async Capable": false,
                                  "Join Type": "Inner",
                                  "Startup Cost": 1.32,
                                  "Total Cost": 3049.68,
                                  "Plan Rows": 2353,
                                  "Plan Width": 4,
                                  "Inner Unique": false,
                                  "Hash Cond": "(supplier.s_nationkey = nation.n_nationkey)",
                                  "Plans": [
                                    {
                                      "Node Type": "Seq Scan",
                                      "Parent Relationship": "Outer",
                                      "Parallel Aware": true,
                                      "Async Capable": false,
                                      "Relation Name": "supplier",
                                      "Alias": "supplier",
                                      "Startup Cost": 0.0,
                                      "Total Cost": 2804.24,
                                      "Plan Rows": 58824,
                                      "Plan Width": 8,
                                      "parent": 18,
                                      "ID": 19
                                    },
                                    {
                                      "Node Type": "Hash",
                                      "Parent Relationship": "Inner",
                                      "Parallel Aware": false,
                                      "Async Capable": false,
                                      "Startup Cost": 1.31,
                                      "Total Cost": 1.31,
                                      "Plan Rows": 1,
                                      "Plan Width": 4,
                                      "Plans": [
                                        {
                                          "Node Type": "Seq Scan",
                                          "Parent Relationship": "Outer",
                                          "Parallel Aware": false,
                                          "Async Capable": false,
                                          "Relation Name": "nation",
                                          "Alias": "nation",
                                          "Startup Cost": 0.0,
                                          "Total Cost": 1.31,
                                          "Plan Rows": 1,
                                          "Plan Width": 4,
                                          "Filter": "(n_name = 'UNITED STATES'::bpchar)",
                                          "parent": 20,
                                          "ID": 21
                                        }
                                      ],
                                      "parent": 18,
                                      "ID": 20,
                                      "left": 21
                                    }
                                  ],
                                  "parent": 17,
                                  "ID": 18,
                                  "left": 19,
                                  "right": 20
                                }
                              ],
                              "parent": 15,
                              "ID": 17,
                              "left": 18
                            }
                          ],
                          "parent": 14,
                          "ID": 15,
                          "left": 16,
                          "right": 17
                        }
                      ],
                      "parent": 13,
                      "ID": 14,
                      "left": 15
                    }
                  ],
                  "parent": 12,
                  "ID": 13,
                  "left": 14
                }
              ],
              "parent": 11,
              "ID": 12,
              "left": 13
            }
          ],
          "parent": 0,
          "ID": 11,
          "left": 12
        }
      ],
      "parent": null,
      "ID": 0,
      "left": 1,
      "right": 11
    },
    "feat": {
      "utility": 4.0478789118763895e-06,
      "query_shape": [
        [
          "Seq Scan",
          "Hash Join",
          "Aggregate",
          "Gather"
        ],
        [
          "Seq Scan",
          "Hash Join",
          "Hash",
          "Aggregate",
          "Gather"
        ],
        [
          "Seq Scan",
          "Hash",
          "Hash Join",
          "Aggregate",
          "Gather"
        ],
        [
          "Seq Scan",
          "Hash Join",
          "Sort",
          "Aggregate",
          "Gather Merge"
        ],
        [
          "Seq Scan",
          "Hash Join",
          "Hash",
          "Sort",
          "Aggregate",
          "Gather Merge"
        ],
        [
          "Seq Scan",
          "Hash",
          "Hash Join",
          "Sort",
          "Aggregate",
          "Gather Merge"
        ]
      ],
      "index_shape": [
        "join"
      ],
      "physical_operator": {
        "Hash Join": [
          0.20000169997917527,
          0.20000169997917527
        ]
      }
    }
  },
  {
    "query": "-- Functional Query Definition\n-- Approved February 1998\n\n\nselect\nps_partkey,\nsum(ps_supplycost * ps_availqty) as value\nfrom\npartsupp,\nsupplier,\nnation\nwhere\nps_suppkey = s_suppkey\nand s_nationkey = n_nationkey\nand n_name = 'UNITED STATES'\ngroup by\nps_partkey having\nsum(ps_supplycost * ps_availqty) > (\nselect\nsum(ps_supplycost * ps_availqty) * 0.0000100000\nfrom\npartsupp,\nsupplier,\nnation\nwhere\nps_suppkey = s_suppkey\nand s_nationkey = n_nationkey\nand n_name = 'UNITED STATES'\n)\norder by\nvalue desc ;\n-- $ID$\n-- TPC-H/TPC-R Shipping Modes and Order Priority ",
    "indexes": "nation.n_name",
    "wo plan est": {
      "Node Type": "Sort",
      "Parallel Aware": false,
      "Async Capable": false,
      "Startup Cost": 517534.29,
      "Total Cost": 517800.95,
      "Plan Rows": 106664,
      "Plan Width": 36,
      "Sort Key": [
        "(sum((partsupp.ps_supplycost * (partsupp.ps_availqty)::numeric))) DESC"
      ],
      "Plans": [
        {
          "Node Type": "Aggregate",
          "Strategy": "Plain",
          "Partial Mode": "Finalize",
          "Parent Relationship": "InitPlan",
          "Subplan Name": "InitPlan 1 (returns $1)",
          "Parallel Aware": false,
          "Async Capable": false,
          "Startup Cost": 226081.91,
          "Total Cost": 226081.92,
          "Plan Rows": 1,
          "Plan Width": 32,
          "Plans": [
            {
              "Node Type": "Gather",
              "Parent Relationship": "Outer",
              "Parallel Aware": false,
              "Async Capable": false,
              "Startup Cost": 226081.68,
              "Total Cost": 226081.89,
              "Plan Rows": 2,
              "Plan Width": 32,
              "Workers Planned": 2,
              "Single Copy": false,
              "Plans": [
                {
                  "Node Type": "Aggregate",
                  "Strategy": "Plain",
                  "Partial Mode": "Partial",
                  "Parent Relationship": "Outer",
                  "Parallel Aware": false,
                  "Async Capable": false,
                  "Startup Cost": 225081.68,
                  "Total Cost": 225081.69,
                  "Plan Rows": 1,
                  "Plan Width": 32,
                  "Plans": [
                    {
                      "Node Type": "Hash Join",
                      "Parent Relationship": "Outer",
                      "Parallel Aware": true,
                      "Async Capable": false,
                      "Join Type": "Inner",
                      "Startup Cost": 3079.09,
                      "Total Cost": 224081.71,
                      "Plan Rows": 133330,
                      "Plan Width": 10,
                      "Inner Unique": false,
                      "Hash Cond": "(partsupp_1.ps_suppkey = supplier_1.s_suppkey)",
                      "Plans": [
                        {
                          "Node Type": "Seq Scan",
                          "Parent Relationship": "Outer",
                          "Parallel Aware": true,
                          "Async Capable": false,
                          "Relation Name": "partsupp",
                          "Alias": "partsupp_1",
                          "Startup Cost": 0.0,
                          "Total Cost": 207718.58,
                          "Plan Rows": 3333258,
                          "Plan Width": 14,
                          "parent": 4,
                          "ID": 5
                        },
                        {
                          "Node Type": "Hash",
                          "Parent Relationship": "Inner",
                          "Parallel Aware": true,
                          "Async Capable": false,
                          "Startup Cost": 3049.68,
                          "Total Cost": 3049.68,
                          "Plan Rows": 2353,
                          "Plan Width": 4,
                          "Plans": [
                            {
                              "Node Type": "Hash Join",
                              "Parent Relationship": "Outer",
                              "Parallel Aware": false,
                              "Async Capable": false,
                              "Join Type": "Inner",
                              "Startup Cost": 1.32,
                              "Total Cost": 3049.68,
                              "Plan Rows": 2353,
                              "Plan Width": 4,
                              "Inner Unique": false,
                              "Hash Cond": "(supplier_1.s_nationkey = nation_1.n_nationkey)",
                              "Plans": [
                                {
                                  "Node Type": "Seq Scan",
                                  "Parent Relationship": "Outer",
                                  "Parallel Aware": true,
                                  "Async Capable": false,
                                  "Relation Name": "supplier",
                                  "Alias": "supplier_1",
                                  "Startup Cost": 0.0,
                                  "Total Cost": 2804.24,
                                  "Plan Rows": 58824,
                                  "Plan Width": 8,
                                  "parent": 7,
                                  "ID": 8
                                },
                                {
                                  "Node Type": "Hash",
                                  "Parent Relationship": "Inner",
                                  "Parallel Aware": false,
                                  "Async Capable": false,
                                  "Startup Cost": 1.31,
                                  "Total Cost": 1.31,
                                  "Plan Rows": 1,
                                  "Plan Width": 4,
                                  "Plans": [
                                    {
                                      "Node Type": "Seq Scan",
                                      "Parent Relationship": "Outer",
                                      "Parallel Aware": false,
                                      "Async Capable": false,
                                      "Relation Name": "nation",
                                      "Alias": "nation_1",
                                      "Startup Cost": 0.0,
                                      "Total Cost": 1.31,
                                      "Plan Rows": 1,
                                      "Plan Width": 4,
                                      "Filter": "(n_name = 'UNITED STATES'::bpchar)",
                                      "parent": 9,
                                      "ID": 10
                                    }
                                  ],
                                  "parent": 7,
                                  "ID": 9,
                                  "left": 10
                                }
                              ],
                              "parent": 6,
                              "ID": 7,
                              "left": 8,
                              "right": 9
                            }
                          ],
                          "parent": 4,
                          "ID": 6,
                          "left": 7
                        }
                      ],
                      "parent": 3,
                      "ID": 4,
                      "left": 5,
                      "right": 6
                    }
                  ],
                  "parent": 2,
                  "ID": 3,
                  "left": 4
                }
              ],
              "parent": 1,
              "ID": 2,
              "left": 3
            }
          ],
          "parent": 0,
          "ID": 1,
          "left": 2
        },
        {
          "Node Type": "Aggregate",
          "Strategy": "Sorted",
          "Partial Mode": "Finalize",
          "Parent Relationship": "Outer",
          "Parallel Aware": false,
          "Async Capable": false,
          "Startup Cost": 238713.21,
          "Total Cost": 279625.48,
          "Plan Rows": 106664,
          "Plan Width": 36,
          "Group Key": [
            "partsupp.ps_partkey"
          ],
          "Filter": "(sum((partsupp.ps_supplycost * (partsupp.ps_availqty)::numeric)) > $1)",
          "Plans": [
            {
              "Node Type": "Gather Merge",
              "Parent Relationship": "Outer",
              "Parallel Aware": false,
              "Async Capable": false,
              "Startup Cost": 238713.21,
              "Total Cost": 272825.64,
              "Plan Rows": 266660,
              "Plan Width": 36,
              "Workers Planned": 2,
              "Plans": [
                {
                  "Node Type": "Aggregate",
                  "Strategy": "Sorted",
                  "Partial Mode": "Partial",
                  "Parent Relationship": "Outer",
                  "Parallel Aware": false,
                  "Async Capable": false,
                  "Startup Cost": 237713.18,
                  "Total Cost": 241046.43,
                  "Plan Rows": 133330,
                  "Plan Width": 36,
                  "Group Key": [
                    "partsupp.ps_partkey"
                  ],
                  "Plans": [
                    {
                      "Node Type": "Sort",
                      "Parent Relationship": "Outer",
                      "Parallel Aware": false,
                      "Async Capable": false,
                      "Startup Cost": 237713.18,
                      "Total Cost": 238046.51,
                      "Plan Rows": 133330,
                      "Plan Width": 14,
                      "Sort Key": [
                        "partsupp.ps_partkey"
                      ],
                      "Plans": [
                        {
                          "Node Type": "Hash Join",
                          "Parent Relationship": "Outer",
                          "Parallel Aware": true,
                          "Async Capable": false,
                          "Join Type": "Inner",
                          "Startup Cost": 3079.09,
                          "Total Cost": 224081.71,
                          "Plan Rows": 133330,
                          "Plan Width": 14,
                          "Inner Unique": false,
                          "Hash Cond": "(partsupp.ps_suppkey = supplier.s_suppkey)",
                          "Plans": [
                            {
                              "Node Type": "Seq Scan",
                              "Parent Relationship": "Outer",
                              "Parallel Aware": true,
                              "Async Capable": false,
                              "Relation Name": "partsupp",
                              "Alias": "partsupp",
                              "Startup Cost": 0.0,
                              "Total Cost": 207718.58,
                              "Plan Rows": 3333258,
                              "Plan Width": 18,
                              "parent": 15,
                              "ID": 16
                            },
                            {
                              "Node Type": "Hash",
                              "Parent Relationship": "Inner",
                              "Parallel Aware": true,
                              "Async Capable": false,
                              "Startup Cost": 3049.68,
                              "Total Cost": 3049.68,
                              "Plan Rows": 2353,
                              "Plan Width": 4,
                              "Plans": [
                                {
                                  "Node Type": "Hash Join",
                                  "Parent Relationship": "Outer",
                                  "Parallel Aware": false,
                                  "Async Capable": false,
                                  "Join Type": "Inner",
                                  "Startup Cost": 1.32,
                                  "Total Cost": 3049.68,
                                  "Plan Rows": 2353,
                                  "Plan Width": 4,
                                  "Inner Unique": false,
                                  "Hash Cond": "(supplier.s_nationkey = nation.n_nationkey)",
                                  "Plans": [
                                    {
                                      "Node Type": "Seq Scan",
                                      "Parent Relationship": "Outer",
                                      "Parallel Aware": true,
                                      "Async Capable": false,
                                      "Relation Name": "supplier",
                                      "Alias": "supplier",
                                      "Startup Cost": 0.0,
                                      "Total Cost": 2804.24,
                                      "Plan Rows": 58824,
                                      "Plan Width": 8,
                                      "parent": 18,
                                      "ID": 19
                                    },
                                    {
                                      "Node Type": "Hash",
                                      "Parent Relationship": "Inner",
                                      "Parallel Aware": false,
                                      "Async Capable": false,
                                      "Startup Cost": 1.31,
                                      "Total Cost": 1.31,
                                      "Plan Rows": 1,
                                      "Plan Width": 4,
                                      "Plans": [
                                        {
                                          "Node Type": "Seq Scan",
                                          "Parent Relationship": "Outer",
                                          "Parallel Aware": false,
                                          "Async Capable": false,
                                          "Relation Name": "nation",
                                          "Alias": "nation",
                                          "Startup Cost": 0.0,
                                          "Total Cost": 1.31,
                                          "Plan Rows": 1,
                                          "Plan Width": 4,
                                          "Filter": "(n_name = 'UNITED STATES'::bpchar)",
                                          "parent": 20,
                                          "ID": 21
                                        }
                                      ],
                                      "parent": 18,
                                      "ID": 20,
                                      "left": 21
                                    }
                                  ],
                                  "parent": 17,
                                  "ID": 18,
                                  "left": 19,
                                  "right": 20
                                }
                              ],
                              "parent": 15,
                              "ID": 17,
                              "left": 18
                            }
                          ],
                          "parent": 14,
                          "ID": 15,
                          "left": 16,
                          "right": 17
                        }
                      ],
                      "parent": 13,
                      "ID": 14,
                      "left": 15
                    }
                  ],
                  "parent": 12,
                  "ID": 13,
                  "left": 14
                }
              ],
              "parent": 11,
              "ID": 12,
              "left": 13
            }
          ],
          "parent": 0,
          "ID": 11,
          "left": 12
        }
      ],
      "parent": null,
      "ID": 0,
      "left": 1,
      "right": 11
    },
    "feat": {
      "utility": 4.857465016238383e-06,
      "query_shape": [
        [
          "Seq Scan",
          "Hash Join",
          "Aggregate",
          "Gather"
        ],
        [
          "Seq Scan",
          "Hash Join",
          "Hash",
          "Aggregate",
          "Gather"
        ],
        [
          "Seq Scan",
          "Hash",
          "Hash Join",
          "Aggregate",
          "Gather"
        ],
        [
          "Seq Scan",
          "Hash Join",
          "Sort",
          "Aggregate",
          "Gather Merge"
        ],
        [
          "Seq Scan",
          "Hash Join",
          "Hash",
          "Sort",
          "Aggregate",
          "Gather Merge"
        ],
        [
          "Seq Scan",
          "Hash",
          "Hash Join",
          "Sort",
          "Aggregate",
          "Gather Merge"
        ]
      ],
      "index_shape": [
        "selection"
      ],
      "physical_operator": {
        "Seq Scan": [
          0.040000000000000036,
          0.040000000000000036
        ]
      }
    }
  },
  {
    "query": "-- Functional Query Definition\n-- Approved February 1998\n\n\nselect\nps_partkey,\nsum(ps_supplycost * ps_availqty) as value\nfrom\npartsupp,\nsupplier,\nnation\nwhere\nps_suppkey = s_suppkey\nand s_nationkey = n_nationkey\nand n_name = 'UNITED STATES'\ngroup by\nps_partkey having\nsum(ps_supplycost * ps_availqty) > (\nselect\nsum(ps_supplycost * ps_availqty) * 0.0000100000\nfrom\npartsupp,\nsupplier,\nnation\nwhere\nps_suppkey = s_suppkey\nand s_nationkey = n_nationkey\nand n_name = 'UNITED STATES'\n)\norder by\nvalue desc ;\n-- $ID$\n-- TPC-H/TPC-R Shipping Modes and Order Priority ",
    "indexes": "partsupp.ps_partkey",
    "wo plan est": {
      "Node Type": "Sort",
      "Parallel Aware": false,
      "Async Capable": false,
      "Startup Cost": 517534.29,
      "Total Cost": 517800.95,
      "Plan Rows": 106664,
      "Plan Width": 36,
      "Sort Key": [
        "(sum((partsupp.ps_supplycost * (partsupp.ps_availqty)::numeric))) DESC"
      ],
      "Plans": [
        {
          "Node Type": "Aggregate",
          "Strategy": "Plain",
          "Partial Mode": "Finalize",
          "Parent Relationship": "InitPlan",
          "Subplan Name": "InitPlan 1 (returns $1)",
          "Parallel Aware": false,
          "Async Capable": false,
          "Startup Cost": 226081.91,
          "Total Cost": 226081.92,
          "Plan Rows": 1,
          "Plan Width": 32,
          "Plans": [
            {
              "Node Type": "Gather",
              "Parent Relationship": "Outer",
              "Parallel Aware": false,
              "Async Capable": false,
              "Startup Cost": 226081.68,
              "Total Cost": 226081.89,
              "Plan Rows": 2,
              "Plan Width": 32,
              "Workers Planned": 2,
              "Single Copy": false,
              "Plans": [
                {
                  "Node Type": "Aggregate",
                  "Strategy": "Plain",
                  "Partial Mode": "Partial",
                  "Parent Relationship": "Outer",
                  "Parallel Aware": false,
                  "Async Capable": false,
                  "Startup Cost": 225081.68,
                  "Total Cost": 225081.69,
                  "Plan Rows": 1,
                  "Plan Width": 32,
                  "Plans": [
                    {
                      "Node Type": "Hash Join",
                      "Parent Relationship": "Outer",
                      "Parallel Aware": true,
                      "Async Capable": false,
                      "Join Type": "Inner",
                      "Startup Cost": 3079.09,
                      "Total Cost": 224081.71,
                      "Plan Rows": 133330,
                      "Plan Width": 10,
                      "Inner Unique": false,
                      "Hash Cond": "(partsupp_1.ps_suppkey = supplier_1.s_suppkey)",
                      "Plans": [
                        {
                          "Node Type": "Seq Scan",
                          "Parent Relationship": "Outer",
                          "Parallel Aware": true,
                          "Async Capable": false,
                          "Relation Name": "partsupp",
                          "Alias": "partsupp_1",
                          "Startup Cost": 0.0,
                          "Total Cost": 207718.58,
                          "Plan Rows": 3333258,
                          "Plan Width": 14,
                          "parent": 4,
                          "ID": 5
                        },
                        {
                          "Node Type": "Hash",
                          "Parent Relationship": "Inner",
                          "Parallel Aware": true,
                          "Async Capable": false,
                          "Startup Cost": 3049.68,
                          "Total Cost": 3049.68,
                          "Plan Rows": 2353,
                          "Plan Width": 4,
                          "Plans": [
                            {
                              "Node Type": "Hash Join",
                              "Parent Relationship": "Outer",
                              "Parallel Aware": false,
                              "Async Capable": false,
                              "Join Type": "Inner",
                              "Startup Cost": 1.32,
                              "Total Cost": 3049.68,
                              "Plan Rows": 2353,
                              "Plan Width": 4,
                              "Inner Unique": false,
                              "Hash Cond": "(supplier_1.s_nationkey = nation_1.n_nationkey)",
                              "Plans": [
                                {
                                  "Node Type": "Seq Scan",
                                  "Parent Relationship": "Outer",
                                  "Parallel Aware": true,
                                  "Async Capable": false,
                                  "Relation Name": "supplier",
                                  "Alias": "supplier_1",
                                  "Startup Cost": 0.0,
                                  "Total Cost": 2804.24,
                                  "Plan Rows": 58824,
                                  "Plan Width": 8,
                                  "parent": 7,
                                  "ID": 8
                                },
                                {
                                  "Node Type": "Hash",
                                  "Parent Relationship": "Inner",
                                  "Parallel Aware": false,
                                  "Async Capable": false,
                                  "Startup Cost": 1.31,
                                  "Total Cost": 1.31,
                                  "Plan Rows": 1,
                                  "Plan Width": 4,
                                  "Plans": [
                                    {
                                      "Node Type": "Seq Scan",
                                      "Parent Relationship": "Outer",
                                      "Parallel Aware": false,
                                      "Async Capable": false,
                                      "Relation Name": "nation",
                                      "Alias": "nation_1",
                                      "Startup Cost": 0.0,
                                      "Total Cost": 1.31,
                                      "Plan Rows": 1,
                                      "Plan Width": 4,
                                      "Filter": "(n_name = 'UNITED STATES'::bpchar)",
                                      "parent": 9,
                                      "ID": 10
                                    }
                                  ],
                                  "parent": 7,
                                  "ID": 9,
                                  "left": 10
                                }
                              ],
                              "parent": 6,
                              "ID": 7,
                              "left": 8,
                              "right": 9
                            }
                          ],
                          "parent": 4,
                          "ID": 6,
                          "left": 7
                        }
                      ],
                      "parent": 3,
                      "ID": 4,
                      "left": 5,
                      "right": 6
                    }
                  ],
                  "parent": 2,
                  "ID": 3,
                  "left": 4
                }
              ],
              "parent": 1,
              "ID": 2,
              "left": 3
            }
          ],
          "parent": 0,
          "ID": 1,
          "left": 2
        },
        {
          "Node Type": "Aggregate",
          "Strategy": "Sorted",
          "Partial Mode": "Finalize",
          "Parent Relationship": "Outer",
          "Parallel Aware": false,
          "Async Capable": false,
          "Startup Cost": 238713.21,
          "Total Cost": 279625.48,
          "Plan Rows": 106664,
          "Plan Width": 36,
          "Group Key": [
            "partsupp.ps_partkey"
          ],
          "Filter": "(sum((partsupp.ps_supplycost * (partsupp.ps_availqty)::numeric)) > $1)",
          "Plans": [
            {
              "Node Type": "Gather Merge",
              "Parent Relationship": "Outer",
              "Parallel Aware": false,
              "Async Capable": false,
              "Startup Cost": 238713.21,
              "Total Cost": 272825.64,
              "Plan Rows": 266660,
              "Plan Width": 36,
              "Workers Planned": 2,
              "Plans": [
                {
                  "Node Type": "Aggregate",
                  "Strategy": "Sorted",
                  "Partial Mode": "Partial",
                  "Parent Relationship": "Outer",
                  "Parallel Aware": false,
                  "Async Capable": false,
                  "Startup Cost": 237713.18,
                  "Total Cost": 241046.43,
                  "Plan Rows": 133330,
                  "Plan Width": 36,
                  "Group Key": [
                    "partsupp.ps_partkey"
                  ],
                  "Plans": [
                    {
                      "Node Type": "Sort",
                      "Parent Relationship": "Outer",
                      "Parallel Aware": false,
                      "Async Capable": false,
                      "Startup Cost": 237713.18,
                      "Total Cost": 238046.51,
                      "Plan Rows": 133330,
                      "Plan Width": 14,
                      "Sort Key": [
                        "partsupp.ps_partkey"
                      ],
                      "Plans": [
                        {
                          "Node Type": "Hash Join",
                          "Parent Relationship": "Outer",
                          "Parallel Aware": true,
                          "Async Capable": false,
                          "Join Type": "Inner",
                          "Startup Cost": 3079.09,
                          "Total Cost": 224081.71,
                          "Plan Rows": 133330,
                          "Plan Width": 14,
                          "Inner Unique": false,
                          "Hash Cond": "(partsupp.ps_suppkey = supplier.s_suppkey)",
                          "Plans": [
                            {
                              "Node Type": "Seq Scan",
                              "Parent Relationship": "Outer",
                              "Parallel Aware": true,
                              "Async Capable": false,
                              "Relation Name": "partsupp",
                              "Alias": "partsupp",
                              "Startup Cost": 0.0,
                              "Total Cost": 207718.58,
                              "Plan Rows": 3333258,
                              "Plan Width": 18,
                              "parent": 15,
                              "ID": 16
                            },
                            {
                              "Node Type": "Hash",
                              "Parent Relationship": "Inner",
                              "Parallel Aware": true,
                              "Async Capable": false,
                              "Startup Cost": 3049.68,
                              "Total Cost": 3049.68,
                              "Plan Rows": 2353,
                              "Plan Width": 4,
                              "Plans": [
                                {
                                  "Node Type": "Hash Join",
                                  "Parent Relationship": "Outer",
                                  "Parallel Aware": false,
                                  "Async Capable": false,
                                  "Join Type": "Inner",
                                  "Startup Cost": 1.32,
                                  "Total Cost": 3049.68,
                                  "Plan Rows": 2353,
                                  "Plan Width": 4,
                                  "Inner Unique": false,
                                  "Hash Cond": "(supplier.s_nationkey = nation.n_nationkey)",
                                  "Plans": [
                                    {
                                      "Node Type": "Seq Scan",
                                      "Parent Relationship": "Outer",
                                      "Parallel Aware": true,
                                      "Async Capable": false,
                                      "Relation Name": "supplier",
                                      "Alias": "supplier",
                                      "Startup Cost": 0.0,
                                      "Total Cost": 2804.24,
                                      "Plan Rows": 58824,
                                      "Plan Width": 8,
                                      "parent": 18,
                                      "ID": 19
                                    },
                                    {
                                      "Node Type": "Hash",
                                      "Parent Relationship": "Inner",
                                      "Parallel Aware": false,
                                      "Async Capable": false,
                                      "Startup Cost": 1.31,
                                      "Total Cost": 1.31,
                                      "Plan Rows": 1,
                                      "Plan Width": 4,
                                      "Plans": [
                                        {
                                          "Node Type": "Seq Scan",
                                          "Parent Relationship": "Outer",
                                          "Parallel Aware": false,
                                          "Async Capable": false,
                                          "Relation Name": "nation",
                                          "Alias": "nation",
                                          "Startup Cost": 0.0,
                                          "Total Cost": 1.31,
                                          "Plan Rows": 1,
                                          "Plan Width": 4,
                                          "Filter": "(n_name = 'UNITED STATES'::bpchar)",
                                          "parent": 20,
                                          "ID": 21
                                        }
                                      ],
                                      "parent": 18,
                                      "ID": 20,
                                      "left": 21
                                    }
                                  ],
                                  "parent": 17,
                                  "ID": 18,
                                  "left": 19,
                                  "right": 20
                                }
                              ],
                              "parent": 15,
                              "ID": 17,
                              "left": 18
                            }
                          ],
                          "parent": 14,
                          "ID": 15,
                          "left": 16,
                          "right": 17
                        }
                      ],
                      "parent": 13,
                      "ID": 14,
                      "left": 15
                    }
                  ],
                  "parent": 12,
                  "ID": 13,
                  "left": 14
                }
              ],
              "parent": 11,
              "ID": 12,
              "left": 13
            }
          ],
          "parent": 0,
          "ID": 11,
          "left": 12
        }
      ],
      "parent": null,
      "ID": 0,
      "left": 1,
      "right": 11
    },
    "feat": {
      "utility": 0.0,
      "query_shape": [
        [
          "Seq Scan",
          "Hash Join",
          "Aggregate",
          "Gather"
        ],
        [
          "Seq Scan",
          "Hash Join",
          "Hash",
          "Aggregate",
          "Gather"
        ],
        [
          "Seq Scan",
          "Hash",
          "Hash Join",
          "Aggregate",
          "Gather"
        ],
        [
          "Seq Scan",
          "Hash Join",
          "Sort",
          "Aggregate",
          "Gather Merge"
        ],
        [
          "Seq Scan",
          "Hash Join",
          "Hash",
          "Sort",
          "Aggregate",
          "Gather Merge"
        ],
        [
          "Seq Scan",
          "Hash",
          "Hash Join",
          "Sort",
          "Aggregate",
          "Gather Merge"
        ]
      ],
      "index_shape": [
        "order-by"
      ],
      "physical_operator": {
        "Sort": [
          "[1.0000000e+00 4.0009800e+03 8.0009600e+03 1.2000940e+04 1.6000920e+04\n 2.0000900e+04 2.4000880e+04 2.8000860e+04 3.2000840e+04 3.6000820e+04\n 4.0000800e+04 4.4000780e+04 4.8000760e+04 5.2000740e+04 5.6000720e+04\n 6.0000700e+04 6.4000680e+04 6.8000660e+04 7.2000640e+04 7.6000620e+04\n 8.0000600e+04 8.4000580e+04 8.8000560e+04 9.2000540e+04 9.6000520e+04\n 1.0000050e+05 1.0400048e+05 1.0800046e+05 1.1200044e+05 1.1600042e+05\n 1.2000040e+05 1.2400038e+05 1.2800036e+05 1.3200034e+05 1.3600032e+05\n 1.4000030e+05 1.4400028e+05 1.4800026e+05 1.5200024e+05 1.5600022e+05\n 1.6000020e+05 1.6400018e+05 1.6800016e+05 1.7200014e+05 1.7600012e+05\n 1.8000010e+05 1.8400008e+05 1.8800006e+05 1.9200004e+05 1.9600002e+05\n 2.0000000e+05]"
        ],
        "Aggregate": [
          "[1.0000000e+00 4.0009800e+03 8.0009600e+03 1.2000940e+04 1.6000920e+04\n 2.0000900e+04 2.4000880e+04 2.8000860e+04 3.2000840e+04 3.6000820e+04\n 4.0000800e+04 4.4000780e+04 4.8000760e+04 5.2000740e+04 5.6000720e+04\n 6.0000700e+04 6.4000680e+04 6.8000660e+04 7.2000640e+04 7.6000620e+04\n 8.0000600e+04 8.4000580e+04 8.8000560e+04 9.2000540e+04 9.6000520e+04\n 1.0000050e+05 1.0400048e+05 1.0800046e+05 1.1200044e+05 1.1600042e+05\n 1.2000040e+05 1.2400038e+05 1.2800036e+05 1.3200034e+05 1.3600032e+05\n 1.4000030e+05 1.4400028e+05 1.4800026e+05 1.5200024e+05 1.5600022e+05\n 1.6000020e+05 1.6400018e+05 1.6800016e+05 1.7200014e+05 1.7600012e+05\n 1.8000010e+05 1.8400008e+05 1.8800006e+05 1.9200004e+05 1.9600002e+05\n 2.0000000e+05]",
          "[1.0000000e+00 4.0009800e+03 8.0009600e+03 1.2000940e+04 1.6000920e+04\n 2.0000900e+04 2.4000880e+04 2.8000860e+04 3.2000840e+04 3.6000820e+04\n 4.0000800e+04 4.4000780e+04 4.8000760e+04 5.2000740e+04 5.6000720e+04\n 6.0000700e+04 6.4000680e+04 6.8000660e+04 7.2000640e+04 7.6000620e+04\n 8.0000600e+04 8.4000580e+04 8.8000560e+04 9.2000540e+04 9.6000520e+04\n 1.0000050e+05 1.0400048e+05 1.0800046e+05 1.1200044e+05 1.1600042e+05\n 1.2000040e+05 1.2400038e+05 1.2800036e+05 1.3200034e+05 1.3600032e+05\n 1.4000030e+05 1.4400028e+05 1.4800026e+05 1.5200024e+05 1.5600022e+05\n 1.6000020e+05 1.6400018e+05 1.6800016e+05 1.7200014e+05 1.7600012e+05\n 1.8000010e+05 1.8400008e+05 1.8800006e+05 1.9200004e+05 1.9600002e+05\n 2.0000000e+05]"
        ]
      }
    }
  },
  {
    "query": "-- Functional Query Definition\n-- Approved February 1998\n\n\nselect\nps_partkey,\nsum(ps_supplycost * ps_availqty) as value\nfrom\npartsupp,\nsupplier,\nnation\nwhere\nps_suppkey = s_suppkey\nand s_nationkey = n_nationkey\nand n_name = 'UNITED STATES'\ngroup by\nps_partkey having\nsum(ps_supplycost * ps_availqty) > (\nselect\nsum(ps_supplycost * ps_availqty) * 0.0000100000\nfrom\npartsupp,\nsupplier,\nnation\nwhere\nps_suppkey = s_suppkey\nand s_nationkey = n_nationkey\nand n_name = 'UNITED STATES'\n)\norder by\nvalue desc ;\n-- $ID$\n-- TPC-H/TPC-R Shipping Modes and Order Priority ",
    "indexes": "partsupp.ps_suppkey",
    "wo plan est": {
      "Node Type": "Sort",
      "Parallel Aware": false,
      "Async Capable": false,
      "Startup Cost": 517534.29,
      "Total Cost": 517800.95,
      "Plan Rows": 106664,
      "Plan Width": 36,
      "Sort Key": [
        "(sum((partsupp.ps_supplycost * (partsupp.ps_availqty)::numeric))) DESC"
      ],
      "Plans": [
        {
          "Node Type": "Aggregate",
          "Strategy": "Plain",
          "Partial Mode": "Finalize",
          "Parent Relationship": "InitPlan",
          "Subplan Name": "InitPlan 1 (returns $1)",
          "Parallel Aware": false,
          "Async Capable": false,
          "Startup Cost": 226081.91,
          "Total Cost": 226081.92,
          "Plan Rows": 1,
          "Plan Width": 32,
          "Plans": [
            {
              "Node Type": "Gather",
              "Parent Relationship": "Outer",
              "Parallel Aware": false,
              "Async Capable": false,
              "Startup Cost": 226081.68,
              "Total Cost": 226081.89,
              "Plan Rows": 2,
              "Plan Width": 32,
              "Workers Planned": 2,
              "Single Copy": false,
              "Plans": [
                {
                  "Node Type": "Aggregate",
                  "Strategy": "Plain",
                  "Partial Mode": "Partial",
                  "Parent Relationship": "Outer",
                  "Parallel Aware": false,
                  "Async Capable": false,
                  "Startup Cost": 225081.68,
                  "Total Cost": 225081.69,
                  "Plan Rows": 1,
                  "Plan Width": 32,
                  "Plans": [
                    {
                      "Node Type": "Hash Join",
                      "Parent Relationship": "Outer",
                      "Parallel Aware": true,
                      "Async Capable": false,
                      "Join Type": "Inner",
                      "Startup Cost": 3079.09,
                      "Total Cost": 224081.71,
                      "Plan Rows": 133330,
                      "Plan Width": 10,
                      "Inner Unique": false,
                      "Hash Cond": "(partsupp_1.ps_suppkey = supplier_1.s_suppkey)",
                      "Plans": [
                        {
                          "Node Type": "Seq Scan",
                          "Parent Relationship": "Outer",
                          "Parallel Aware": true,
                          "Async Capable": false,
                          "Relation Name": "partsupp",
                          "Alias": "partsupp_1",
                          "Startup Cost": 0.0,
                          "Total Cost": 207718.58,
                          "Plan Rows": 3333258,
                          "Plan Width": 14,
                          "parent": 4,
                          "ID": 5
                        },
                        {
                          "Node Type": "Hash",
                          "Parent Relationship": "Inner",
                          "Parallel Aware": true,
                          "Async Capable": false,
                          "Startup Cost": 3049.68,
                          "Total Cost": 3049.68,
                          "Plan Rows": 2353,
                          "Plan Width": 4,
                          "Plans": [
                            {
                              "Node Type": "Hash Join",
                              "Parent Relationship": "Outer",
                              "Parallel Aware": false,
                              "Async Capable": false,
                              "Join Type": "Inner",
                              "Startup Cost": 1.32,
                              "Total Cost": 3049.68,
                              "Plan Rows": 2353,
                              "Plan Width": 4,
                              "Inner Unique": false,
                              "Hash Cond": "(supplier_1.s_nationkey = nation_1.n_nationkey)",
                              "Plans": [
                                {
                                  "Node Type": "Seq Scan",
                                  "Parent Relationship": "Outer",
                                  "Parallel Aware": true,
                                  "Async Capable": false,
                                  "Relation Name": "supplier",
                                  "Alias": "supplier_1",
                                  "Startup Cost": 0.0,
                                  "Total Cost": 2804.24,
                                  "Plan Rows": 58824,
                                  "Plan Width": 8,
                                  "parent": 7,
                                  "ID": 8
                                },
                                {
                                  "Node Type": "Hash",
                                  "Parent Relationship": "Inner",
                                  "Parallel Aware": false,
                                  "Async Capable": false,
                                  "Startup Cost": 1.31,
                                  "Total Cost": 1.31,
                                  "Plan Rows": 1,
                                  "Plan Width": 4,
                                  "Plans": [
                                    {
                                      "Node Type": "Seq Scan",
                                      "Parent Relationship": "Outer",
                                      "Parallel Aware": false,
                                      "Async Capable": false,
                                      "Relation Name": "nation",
                                      "Alias": "nation_1",
                                      "Startup Cost": 0.0,
                                      "Total Cost": 1.31,
                                      "Plan Rows": 1,
                                      "Plan Width": 4,
                                      "Filter": "(n_name = 'UNITED STATES'::bpchar)",
                                      "parent": 9,
                                      "ID": 10
                                    }
                                  ],
                                  "parent": 7,
                                  "ID": 9,
                                  "left": 10
                                }
                              ],
                              "parent": 6,
                              "ID": 7,
                              "left": 8,
                              "right": 9
                            }
                          ],
                          "parent": 4,
                          "ID": 6,
                          "left": 7
                        }
                      ],
                      "parent": 3,
                      "ID": 4,
                      "left": 5,
                      "right": 6
                    }
                  ],
                  "parent": 2,
                  "ID": 3,
                  "left": 4
                }
              ],
              "parent": 1,
              "ID": 2,
              "left": 3
            }
          ],
          "parent": 0,
          "ID": 1,
          "left": 2
        },
        {
          "Node Type": "Aggregate",
          "Strategy": "Sorted",
          "Partial Mode": "Finalize",
          "Parent Relationship": "Outer",
          "Parallel Aware": false,
          "Async Capable": false,
          "Startup Cost": 238713.21,
          "Total Cost": 279625.48,
          "Plan Rows": 106664,
          "Plan Width": 36,
          "Group Key": [
            "partsupp.ps_partkey"
          ],
          "Filter": "(sum((partsupp.ps_supplycost * (partsupp.ps_availqty)::numeric)) > $1)",
          "Plans": [
            {
              "Node Type": "Gather Merge",
              "Parent Relationship": "Outer",
              "Parallel Aware": false,
              "Async Capable": false,
              "Startup Cost": 238713.21,
              "Total Cost": 272825.64,
              "Plan Rows": 266660,
              "Plan Width": 36,
              "Workers Planned": 2,
              "Plans": [
                {
                  "Node Type": "Aggregate",
                  "Strategy": "Sorted",
                  "Partial Mode": "Partial",
                  "Parent Relationship": "Outer",
                  "Parallel Aware": false,
                  "Async Capable": false,
                  "Startup Cost": 237713.18,
                  "Total Cost": 241046.43,
                  "Plan Rows": 133330,
                  "Plan Width": 36,
                  "Group Key": [
                    "partsupp.ps_partkey"
                  ],
                  "Plans": [
                    {
                      "Node Type": "Sort",
                      "Parent Relationship": "Outer",
                      "Parallel Aware": false,
                      "Async Capable": false,
                      "Startup Cost": 237713.18,
                      "Total Cost": 238046.51,
                      "Plan Rows": 133330,
                      "Plan Width": 14,
                      "Sort Key": [
                        "partsupp.ps_partkey"
                      ],
                      "Plans": [
                        {
                          "Node Type": "Hash Join",
                          "Parent Relationship": "Outer",
                          "Parallel Aware": true,
                          "Async Capable": false,
                          "Join Type": "Inner",
                          "Startup Cost": 3079.09,
                          "Total Cost": 224081.71,
                          "Plan Rows": 133330,
                          "Plan Width": 14,
                          "Inner Unique": false,
                          "Hash Cond": "(partsupp.ps_suppkey = supplier.s_suppkey)",
                          "Plans": [
                            {
                              "Node Type": "Seq Scan",
                              "Parent Relationship": "Outer",
                              "Parallel Aware": true,
                              "Async Capable": false,
                              "Relation Name": "partsupp",
                              "Alias": "partsupp",
                              "Startup Cost": 0.0,
                              "Total Cost": 207718.58,
                              "Plan Rows": 3333258,
                              "Plan Width": 18,
                              "parent": 15,
                              "ID": 16
                            },
                            {
                              "Node Type": "Hash",
                              "Parent Relationship": "Inner",
                              "Parallel Aware": true,
                              "Async Capable": false,
                              "Startup Cost": 3049.68,
                              "Total Cost": 3049.68,
                              "Plan Rows": 2353,
                              "Plan Width": 4,
                              "Plans": [
                                {
                                  "Node Type": "Hash Join",
                                  "Parent Relationship": "Outer",
                                  "Parallel Aware": false,
                                  "Async Capable": false,
                                  "Join Type": "Inner",
                                  "Startup Cost": 1.32,
                                  "Total Cost": 3049.68,
                                  "Plan Rows": 2353,
                                  "Plan Width": 4,
                                  "Inner Unique": false,
                                  "Hash Cond": "(supplier.s_nationkey = nation.n_nationkey)",
                                  "Plans": [
                                    {
                                      "Node Type": "Seq Scan",
                                      "Parent Relationship": "Outer",
                                      "Parallel Aware": true,
                                      "Async Capable": false,
                                      "Relation Name": "supplier",
                                      "Alias": "supplier",
                                      "Startup Cost": 0.0,
                                      "Total Cost": 2804.24,
                                      "Plan Rows": 58824,
                                      "Plan Width": 8,
                                      "parent": 18,
                                      "ID": 19
                                    },
                                    {
                                      "Node Type": "Hash",
                                      "Parent Relationship": "Inner",
                                      "Parallel Aware": false,
                                      "Async Capable": false,
                                      "Startup Cost": 1.31,
                                      "Total Cost": 1.31,
                                      "Plan Rows": 1,
                                      "Plan Width": 4,
                                      "Plans": [
                                        {
                                          "Node Type": "Seq Scan",
                                          "Parent Relationship": "Outer",
                                          "Parallel Aware": false,
                                          "Async Capable": false,
                                          "Relation Name": "nation",
                                          "Alias": "nation",
                                          "Startup Cost": 0.0,
                                          "Total Cost": 1.31,
                                          "Plan Rows": 1,
                                          "Plan Width": 4,
                                          "Filter": "(n_name = 'UNITED STATES'::bpchar)",
                                          "parent": 20,
                                          "ID": 21
                                        }
                                      ],
                                      "parent": 18,
                                      "ID": 20,
                                      "left": 21
                                    }
                                  ],
                                  "parent": 17,
                                  "ID": 18,
                                  "left": 19,
                                  "right": 20
                                }
                              ],
                              "parent": 15,
                              "ID": 17,
                              "left": 18
                            }
                          ],
                          "parent": 14,
                          "ID": 15,
                          "left": 16,
                          "right": 17
                        }
                      ],
                      "parent": 13,
                      "ID": 14,
                      "left": 15
                    }
                  ],
                  "parent": 12,
                  "ID": 13,
                  "left": 14
                }
              ],
              "parent": 11,
              "ID": 12,
              "left": 13
            }
          ],
          "parent": 0,
          "ID": 11,
          "left": 12
        }
      ],
      "parent": null,
      "ID": 0,
      "left": 1,
      "right": 11
    },
    "feat": {
      "utility": 5.038997343000708e-06,
      "query_shape": [
        [
          "Seq Scan",
          "Hash Join",
          "Aggregate",
          "Gather"
        ],
        [
          "Seq Scan",
          "Hash Join",
          "Hash",
          "Aggregate",
          "Gather"
        ],
        [
          "Seq Scan",
          "Hash",
          "Hash Join",
          "Aggregate",
          "Gather"
        ],
        [
          "Seq Scan",
          "Hash Join",
          "Sort",
          "Aggregate",
          "Gather Merge"
        ],
        [
          "Seq Scan",
          "Hash Join",
          "Hash",
          "Sort",
          "Aggregate",
          "Gather Merge"
        ],
        [
          "Seq Scan",
          "Hash",
          "Hash Join",
          "Sort",
          "Aggregate",
          "Gather Merge"
        ]
      ],
      "index_shape": [
        "join"
      ],
      "physical_operator": {
        "Hash Join": [
          0.004123049139983979,
          0.004123049139983979
        ]
      }
    }
  },
  {
    "query": "-- Functional Query Definition\n-- Approved February 1998\n\n\nselect\nps_partkey,\nsum(ps_supplycost * ps_availqty) as value\nfrom\npartsupp,\nsupplier,\nnation\nwhere\nps_suppkey = s_suppkey\nand s_nationkey = n_nationkey\nand n_name = 'UNITED STATES'\ngroup by\nps_partkey having\nsum(ps_supplycost * ps_availqty) > (\nselect\nsum(ps_supplycost * ps_availqty) * 0.0000100000\nfrom\npartsupp,\nsupplier,\nnation\nwhere\nps_suppkey = s_suppkey\nand s_nationkey = n_nationkey\nand n_name = 'UNITED STATES'\n)\norder by\nvalue desc ;\n-- $ID$\n-- TPC-H/TPC-R Shipping Modes and Order Priority ",
    "indexes": "partsupp.ps_availqty",
    "wo plan est": {
      "Node Type": "Sort",
      "Parallel Aware": false,
      "Async Capable": false,
      "Startup Cost": 517534.29,
      "Total Cost": 517800.95,
      "Plan Rows": 106664,
      "Plan Width": 36,
      "Sort Key": [
        "(sum((partsupp.ps_supplycost * (partsupp.ps_availqty)::numeric))) DESC"
      ],
      "Plans": [
        {
          "Node Type": "Aggregate",
          "Strategy": "Plain",
          "Partial Mode": "Finalize",
          "Parent Relationship": "InitPlan",
          "Subplan Name": "InitPlan 1 (returns $1)",
          "Parallel Aware": false,
          "Async Capable": false,
          "Startup Cost": 226081.91,
          "Total Cost": 226081.92,
          "Plan Rows": 1,
          "Plan Width": 32,
          "Plans": [
            {
              "Node Type": "Gather",
              "Parent Relationship": "Outer",
              "Parallel Aware": false,
              "Async Capable": false,
              "Startup Cost": 226081.68,
              "Total Cost": 226081.89,
              "Plan Rows": 2,
              "Plan Width": 32,
              "Workers Planned": 2,
              "Single Copy": false,
              "Plans": [
                {
                  "Node Type": "Aggregate",
                  "Strategy": "Plain",
                  "Partial Mode": "Partial",
                  "Parent Relationship": "Outer",
                  "Parallel Aware": false,
                  "Async Capable": false,
                  "Startup Cost": 225081.68,
                  "Total Cost": 225081.69,
                  "Plan Rows": 1,
                  "Plan Width": 32,
                  "Plans": [
                    {
                      "Node Type": "Hash Join",
                      "Parent Relationship": "Outer",
                      "Parallel Aware": true,
                      "Async Capable": false,
                      "Join Type": "Inner",
                      "Startup Cost": 3079.09,
                      "Total Cost": 224081.71,
                      "Plan Rows": 133330,
                      "Plan Width": 10,
                      "Inner Unique": false,
                      "Hash Cond": "(partsupp_1.ps_suppkey = supplier_1.s_suppkey)",
                      "Plans": [
                        {
                          "Node Type": "Seq Scan",
                          "Parent Relationship": "Outer",
                          "Parallel Aware": true,
                          "Async Capable": false,
                          "Relation Name": "partsupp",
                          "Alias": "partsupp_1",
                          "Startup Cost": 0.0,
                          "Total Cost": 207718.58,
                          "Plan Rows": 3333258,
                          "Plan Width": 14,
                          "parent": 4,
                          "ID": 5
                        },
                        {
                          "Node Type": "Hash",
                          "Parent Relationship": "Inner",
                          "Parallel Aware": true,
                          "Async Capable": false,
                          "Startup Cost": 3049.68,
                          "Total Cost": 3049.68,
                          "Plan Rows": 2353,
                          "Plan Width": 4,
                          "Plans": [
                            {
                              "Node Type": "Hash Join",
                              "Parent Relationship": "Outer",
                              "Parallel Aware": false,
                              "Async Capable": false,
                              "Join Type": "Inner",
                              "Startup Cost": 1.32,
                              "Total Cost": 3049.68,
                              "Plan Rows": 2353,
                              "Plan Width": 4,
                              "Inner Unique": false,
                              "Hash Cond": "(supplier_1.s_nationkey = nation_1.n_nationkey)",
                              "Plans": [
                                {
                                  "Node Type": "Seq Scan",
                                  "Parent Relationship": "Outer",
                                  "Parallel Aware": true,
                                  "Async Capable": false,
                                  "Relation Name": "supplier",
                                  "Alias": "supplier_1",
                                  "Startup Cost": 0.0,
                                  "Total Cost": 2804.24,
                                  "Plan Rows": 58824,
                                  "Plan Width": 8,
                                  "parent": 7,
                                  "ID": 8
                                },
                                {
                                  "Node Type": "Hash",
                                  "Parent Relationship": "Inner",
                                  "Parallel Aware": false,
                                  "Async Capable": false,
                                  "Startup Cost": 1.31,
                                  "Total Cost": 1.31,
                                  "Plan Rows": 1,
                                  "Plan Width": 4,
                                  "Plans": [
                                    {
                                      "Node Type": "Seq Scan",
                                      "Parent Relationship": "Outer",
                                      "Parallel Aware": false,
                                      "Async Capable": false,
                                      "Relation Name": "nation",
                                      "Alias": "nation_1",
                                      "Startup Cost": 0.0,
                                      "Total Cost": 1.31,
                                      "Plan Rows": 1,
                                      "Plan Width": 4,
                                      "Filter": "(n_name = 'UNITED STATES'::bpchar)",
                                      "parent": 9,
                                      "ID": 10
                                    }
                                  ],
                                  "parent": 7,
                                  "ID": 9,
                                  "left": 10
                                }
                              ],
                              "parent": 6,
                              "ID": 7,
                              "left": 8,
                              "right": 9
                            }
                          ],
                          "parent": 4,
                          "ID": 6,
                          "left": 7
                        }
                      ],
                      "parent": 3,
                      "ID": 4,
                      "left": 5,
                      "right": 6
                    }
                  ],
                  "parent": 2,
                  "ID": 3,
                  "left": 4
                }
              ],
              "parent": 1,
              "ID": 2,
              "left": 3
            }
          ],
          "parent": 0,
          "ID": 1,
          "left": 2
        },
        {
          "Node Type": "Aggregate",
          "Strategy": "Sorted",
          "Partial Mode": "Finalize",
          "Parent Relationship": "Outer",
          "Parallel Aware": false,
          "Async Capable": false,
          "Startup Cost": 238713.21,
          "Total Cost": 279625.48,
          "Plan Rows": 106664,
          "Plan Width": 36,
          "Group Key": [
            "partsupp.ps_partkey"
          ],
          "Filter": "(sum((partsupp.ps_supplycost * (partsupp.ps_availqty)::numeric)) > $1)",
          "Plans": [
            {
              "Node Type": "Gather Merge",
              "Parent Relationship": "Outer",
              "Parallel Aware": false,
              "Async Capable": false,
              "Startup Cost": 238713.21,
              "Total Cost": 272825.64,
              "Plan Rows": 266660,
              "Plan Width": 36,
              "Workers Planned": 2,
              "Plans": [
                {
                  "Node Type": "Aggregate",
                  "Strategy": "Sorted",
                  "Partial Mode": "Partial",
                  "Parent Relationship": "Outer",
                  "Parallel Aware": false,
                  "Async Capable": false,
                  "Startup Cost": 237713.18,
                  "Total Cost": 241046.43,
                  "Plan Rows": 133330,
                  "Plan Width": 36,
                  "Group Key": [
                    "partsupp.ps_partkey"
                  ],
                  "Plans": [
                    {
                      "Node Type": "Sort",
                      "Parent Relationship": "Outer",
                      "Parallel Aware": false,
                      "Async Capable": false,
                      "Startup Cost": 237713.18,
                      "Total Cost": 238046.51,
                      "Plan Rows": 133330,
                      "Plan Width": 14,
                      "Sort Key": [
                        "partsupp.ps_partkey"
                      ],
                      "Plans": [
                        {
                          "Node Type": "Hash Join",
                          "Parent Relationship": "Outer",
                          "Parallel Aware": true,
                          "Async Capable": false,
                          "Join Type": "Inner",
                          "Startup Cost": 3079.09,
                          "Total Cost": 224081.71,
                          "Plan Rows": 133330,
                          "Plan Width": 14,
                          "Inner Unique": false,
                          "Hash Cond": "(partsupp.ps_suppkey = supplier.s_suppkey)",
                          "Plans": [
                            {
                              "Node Type": "Seq Scan",
                              "Parent Relationship": "Outer",
                              "Parallel Aware": true,
                              "Async Capable": false,
                              "Relation Name": "partsupp",
                              "Alias": "partsupp",
                              "Startup Cost": 0.0,
                              "Total Cost": 207718.58,
                              "Plan Rows": 3333258,
                              "Plan Width": 18,
                              "parent": 15,
                              "ID": 16
                            },
                            {
                              "Node Type": "Hash",
                              "Parent Relationship": "Inner",
                              "Parallel Aware": true,
                              "Async Capable": false,
                              "Startup Cost": 3049.68,
                              "Total Cost": 3049.68,
                              "Plan Rows": 2353,
                              "Plan Width": 4,
                              "Plans": [
                                {
                                  "Node Type": "Hash Join",
                                  "Parent Relationship": "Outer",
                                  "Parallel Aware": false,
                                  "Async Capable": false,
                                  "Join Type": "Inner",
                                  "Startup Cost": 1.32,
                                  "Total Cost": 3049.68,
                                  "Plan Rows": 2353,
                                  "Plan Width": 4,
                                  "Inner Unique": false,
                                  "Hash Cond": "(supplier.s_nationkey = nation.n_nationkey)",
                                  "Plans": [
                                    {
                                      "Node Type": "Seq Scan",
                                      "Parent Relationship": "Outer",
                                      "Parallel Aware": true,
                                      "Async Capable": false,
                                      "Relation Name": "supplier",
                                      "Alias": "supplier",
                                      "Startup Cost": 0.0,
                                      "Total Cost": 2804.24,
                                      "Plan Rows": 58824,
                                      "Plan Width": 8,
                                      "parent": 18,
                                      "ID": 19
                                    },
                                    {
                                      "Node Type": "Hash",
                                      "Parent Relationship": "Inner",
                                      "Parallel Aware": false,
                                      "Async Capable": false,
                                      "Startup Cost": 1.31,
                                      "Total Cost": 1.31,
                                      "Plan Rows": 1,
                                      "Plan Width": 4,
                                      "Plans": [
                                        {
                                          "Node Type": "Seq Scan",
                                          "Parent Relationship": "Outer",
                                          "Parallel Aware": false,
                                          "Async Capable": false,
                                          "Relation Name": "nation",
                                          "Alias": "nation",
                                          "Startup Cost": 0.0,
                                          "Total Cost": 1.31,
                                          "Plan Rows": 1,
                                          "Plan Width": 4,
                                          "Filter": "(n_name = 'UNITED STATES'::bpchar)",
                                          "parent": 20,
                                          "ID": 21
                                        }
                                      ],
                                      "parent": 18,
                                      "ID": 20,
                                      "left": 21
                                    }
                                  ],
                                  "parent": 17,
                                  "ID": 18,
                                  "left": 19,
                                  "right": 20
                                }
                              ],
                              "parent": 15,
                              "ID": 17,
                              "left": 18
                            }
                          ],
                          "parent": 14,
                          "ID": 15,
                          "left": 16,
                          "right": 17
                        }
                      ],
                      "parent": 13,
                      "ID": 14,
                      "left": 15
                    }
                  ],
                  "parent": 12,
                  "ID": 13,
                  "left": 14
                }
              ],
              "parent": 11,
              "ID": 12,
              "left": 13
            }
          ],
          "parent": 0,
          "ID": 11,
          "left": 12
        }
      ],
      "parent": null,
      "ID": 0,
      "left": 1,
      "right": 11
    },
    "feat": {
      "utility": 0.0,
      "query_shape": [
        [
          "Seq Scan",
          "Hash Join",
          "Aggregate",
          "Gather"
        ],
        [
          "Seq Scan",
          "Hash Join",
          "Hash",
          "Aggregate",
          "Gather"
        ],
        [
          "Seq Scan",
          "Hash",
          "Hash Join",
          "Aggregate",
          "Gather"
        ],
        [
          "Seq Scan",
          "Hash Join",
          "Sort",
          "Aggregate",
          "Gather Merge"
        ],
        [
          "Seq Scan",
          "Hash Join",
          "Hash",
          "Sort",
          "Aggregate",
          "Gather Merge"
        ],
        [
          "Seq Scan",
          "Hash",
          "Hash Join",
          "Sort",
          "Aggregate",
          "Gather Merge"
        ]
      ],
      "index_shape": [
        "order-by"
      ],
      "physical_operator": {
        "Sort": [
          "[1.000e+00 2.000e+02 4.020e+02 6.020e+02 8.020e+02 1.004e+03 1.203e+03\n 1.402e+03 1.602e+03 1.802e+03 2.003e+03 2.203e+03 2.405e+03 2.608e+03\n 2.810e+03 3.011e+03 3.211e+03 3.409e+03 3.608e+03 3.807e+03 4.006e+03\n 4.206e+03 4.405e+03 4.605e+03 4.801e+03 5.003e+03 5.203e+03 5.402e+03\n 5.602e+03 5.803e+03 6.004e+03 6.204e+03 6.403e+03 6.603e+03 6.804e+03\n 7.001e+03 7.199e+03 7.398e+03 7.597e+03 7.798e+03 8.001e+03 8.201e+03\n 8.400e+03 8.601e+03 8.801e+03 9.005e+03 9.204e+03 9.403e+03 9.600e+03\n 9.799e+03 9.999e+03]"
        ],
        "Aggregate": [
          "[1.000e+00 2.000e+02 4.020e+02 6.020e+02 8.020e+02 1.004e+03 1.203e+03\n 1.402e+03 1.602e+03 1.802e+03 2.003e+03 2.203e+03 2.405e+03 2.608e+03\n 2.810e+03 3.011e+03 3.211e+03 3.409e+03 3.608e+03 3.807e+03 4.006e+03\n 4.206e+03 4.405e+03 4.605e+03 4.801e+03 5.003e+03 5.203e+03 5.402e+03\n 5.602e+03 5.803e+03 6.004e+03 6.204e+03 6.403e+03 6.603e+03 6.804e+03\n 7.001e+03 7.199e+03 7.398e+03 7.597e+03 7.798e+03 8.001e+03 8.201e+03\n 8.400e+03 8.601e+03 8.801e+03 9.005e+03 9.204e+03 9.403e+03 9.600e+03\n 9.799e+03 9.999e+03]"
        ]
      }
    }
  },
  {
    "query": "-- Functional Query Definition\n-- Approved February 1998\n\n\nselect\nps_partkey,\nsum(ps_supplycost * ps_availqty) as value\nfrom\npartsupp,\nsupplier,\nnation\nwhere\nps_suppkey = s_suppkey\nand s_nationkey = n_nationkey\nand n_name = 'UNITED STATES'\ngroup by\nps_partkey having\nsum(ps_supplycost * ps_availqty) > (\nselect\nsum(ps_supplycost * ps_availqty) * 0.0000100000\nfrom\npartsupp,\nsupplier,\nnation\nwhere\nps_suppkey = s_suppkey\nand s_nationkey = n_nationkey\nand n_name = 'UNITED STATES'\n)\norder by\nvalue desc ;\n-- $ID$\n-- TPC-H/TPC-R Shipping Modes and Order Priority ",
    "indexes": "partsupp.ps_supplycost",
    "wo plan est": {
      "Node Type": "Sort",
      "Parallel Aware": false,
      "Async Capable": false,
      "Startup Cost": 517534.29,
      "Total Cost": 517800.95,
      "Plan Rows": 106664,
      "Plan Width": 36,
      "Sort Key": [
        "(sum((partsupp.ps_supplycost * (partsupp.ps_availqty)::numeric))) DESC"
      ],
      "Plans": [
        {
          "Node Type": "Aggregate",
          "Strategy": "Plain",
          "Partial Mode": "Finalize",
          "Parent Relationship": "InitPlan",
          "Subplan Name": "InitPlan 1 (returns $1)",
          "Parallel Aware": false,
          "Async Capable": false,
          "Startup Cost": 226081.91,
          "Total Cost": 226081.92,
          "Plan Rows": 1,
          "Plan Width": 32,
          "Plans": [
            {
              "Node Type": "Gather",
              "Parent Relationship": "Outer",
              "Parallel Aware": false,
              "Async Capable": false,
              "Startup Cost": 226081.68,
              "Total Cost": 226081.89,
              "Plan Rows": 2,
              "Plan Width": 32,
              "Workers Planned": 2,
              "Single Copy": false,
              "Plans": [
                {
                  "Node Type": "Aggregate",
                  "Strategy": "Plain",
                  "Partial Mode": "Partial",
                  "Parent Relationship": "Outer",
                  "Parallel Aware": false,
                  "Async Capable": false,
                  "Startup Cost": 225081.68,
                  "Total Cost": 225081.69,
                  "Plan Rows": 1,
                  "Plan Width": 32,
                  "Plans": [
                    {
                      "Node Type": "Hash Join",
                      "Parent Relationship": "Outer",
                      "Parallel Aware": true,
                      "Async Capable": false,
                      "Join Type": "Inner",
                      "Startup Cost": 3079.09,
                      "Total Cost": 224081.71,
                      "Plan Rows": 133330,
                      "Plan Width": 10,
                      "Inner Unique": false,
                      "Hash Cond": "(partsupp_1.ps_suppkey = supplier_1.s_suppkey)",
                      "Plans": [
                        {
                          "Node Type": "Seq Scan",
                          "Parent Relationship": "Outer",
                          "Parallel Aware": true,
                          "Async Capable": false,
                          "Relation Name": "partsupp",
                          "Alias": "partsupp_1",
                          "Startup Cost": 0.0,
                          "Total Cost": 207718.58,
                          "Plan Rows": 3333258,
                          "Plan Width": 14,
                          "parent": 4,
                          "ID": 5
                        },
                        {
                          "Node Type": "Hash",
                          "Parent Relationship": "Inner",
                          "Parallel Aware": true,
                          "Async Capable": false,
                          "Startup Cost": 3049.68,
                          "Total Cost": 3049.68,
                          "Plan Rows": 2353,
                          "Plan Width": 4,
                          "Plans": [
                            {
                              "Node Type": "Hash Join",
                              "Parent Relationship": "Outer",
                              "Parallel Aware": false,
                              "Async Capable": false,
                              "Join Type": "Inner",
                              "Startup Cost": 1.32,
                              "Total Cost": 3049.68,
                              "Plan Rows": 2353,
                              "Plan Width": 4,
                              "Inner Unique": false,
                              "Hash Cond": "(supplier_1.s_nationkey = nation_1.n_nationkey)",
                              "Plans": [
                                {
                                  "Node Type": "Seq Scan",
                                  "Parent Relationship": "Outer",
                                  "Parallel Aware": true,
                                  "Async Capable": false,
                                  "Relation Name": "supplier",
                                  "Alias": "supplier_1",
                                  "Startup Cost": 0.0,
                                  "Total Cost": 2804.24,
                                  "Plan Rows": 58824,
                                  "Plan Width": 8,
                                  "parent": 7,
                                  "ID": 8
                                },
                                {
                                  "Node Type": "Hash",
                                  "Parent Relationship": "Inner",
                                  "Parallel Aware": false,
                                  "Async Capable": false,
                                  "Startup Cost": 1.31,
                                  "Total Cost": 1.31,
                                  "Plan Rows": 1,
                                  "Plan Width": 4,
                                  "Plans": [
                                    {
                                      "Node Type": "Seq Scan",
                                      "Parent Relationship": "Outer",
                                      "Parallel Aware": false,
                                      "Async Capable": false,
                                      "Relation Name": "nation",
                                      "Alias": "nation_1",
                                      "Startup Cost": 0.0,
                                      "Total Cost": 1.31,
                                      "Plan Rows": 1,
                                      "Plan Width": 4,
                                      "Filter": "(n_name = 'UNITED STATES'::bpchar)",
                                      "parent": 9,
                                      "ID": 10
                                    }
                                  ],
                                  "parent": 7,
                                  "ID": 9,
                                  "left": 10
                                }
                              ],
                              "parent": 6,
                              "ID": 7,
                              "left": 8,
                              "right": 9
                            }
                          ],
                          "parent": 4,
                          "ID": 6,
                          "left": 7
                        }
                      ],
                      "parent": 3,
                      "ID": 4,
                      "left": 5,
                      "right": 6
                    }
                  ],
                  "parent": 2,
                  "ID": 3,
                  "left": 4
                }
              ],
              "parent": 1,
              "ID": 2,
              "left": 3
            }
          ],
          "parent": 0,
          "ID": 1,
          "left": 2
        },
        {
          "Node Type": "Aggregate",
          "Strategy": "Sorted",
          "Partial Mode": "Finalize",
          "Parent Relationship": "Outer",
          "Parallel Aware": false,
          "Async Capable": false,
          "Startup Cost": 238713.21,
          "Total Cost": 279625.48,
          "Plan Rows": 106664,
          "Plan Width": 36,
          "Group Key": [
            "partsupp.ps_partkey"
          ],
          "Filter": "(sum((partsupp.ps_supplycost * (partsupp.ps_availqty)::numeric)) > $1)",
          "Plans": [
            {
              "Node Type": "Gather Merge",
              "Parent Relationship": "Outer",
              "Parallel Aware": false,
              "Async Capable": false,
              "Startup Cost": 238713.21,
              "Total Cost": 272825.64,
              "Plan Rows": 266660,
              "Plan Width": 36,
              "Workers Planned": 2,
              "Plans": [
                {
                  "Node Type": "Aggregate",
                  "Strategy": "Sorted",
                  "Partial Mode": "Partial",
                  "Parent Relationship": "Outer",
                  "Parallel Aware": false,
                  "Async Capable": false,
                  "Startup Cost": 237713.18,
                  "Total Cost": 241046.43,
                  "Plan Rows": 133330,
                  "Plan Width": 36,
                  "Group Key": [
                    "partsupp.ps_partkey"
                  ],
                  "Plans": [
                    {
                      "Node Type": "Sort",
                      "Parent Relationship": "Outer",
                      "Parallel Aware": false,
                      "Async Capable": false,
                      "Startup Cost": 237713.18,
                      "Total Cost": 238046.51,
                      "Plan Rows": 133330,
                      "Plan Width": 14,
                      "Sort Key": [
                        "partsupp.ps_partkey"
                      ],
                      "Plans": [
                        {
                          "Node Type": "Hash Join",
                          "Parent Relationship": "Outer",
                          "Parallel Aware": true,
                          "Async Capable": false,
                          "Join Type": "Inner",
                          "Startup Cost": 3079.09,
                          "Total Cost": 224081.71,
                          "Plan Rows": 133330,
                          "Plan Width": 14,
                          "Inner Unique": false,
                          "Hash Cond": "(partsupp.ps_suppkey = supplier.s_suppkey)",
                          "Plans": [
                            {
                              "Node Type": "Seq Scan",
                              "Parent Relationship": "Outer",
                              "Parallel Aware": true,
                              "Async Capable": false,
                              "Relation Name": "partsupp",
                              "Alias": "partsupp",
                              "Startup Cost": 0.0,
                              "Total Cost": 207718.58,
                              "Plan Rows": 3333258,
                              "Plan Width": 18,
                              "parent": 15,
                              "ID": 16
                            },
                            {
                              "Node Type": "Hash",
                              "Parent Relationship": "Inner",
                              "Parallel Aware": true,
                              "Async Capable": false,
                              "Startup Cost": 3049.68,
                              "Total Cost": 3049.68,
                              "Plan Rows": 2353,
                              "Plan Width": 4,
                              "Plans": [
                                {
                                  "Node Type": "Hash Join",
                                  "Parent Relationship": "Outer",
                                  "Parallel Aware": false,
                                  "Async Capable": false,
                                  "Join Type": "Inner",
                                  "Startup Cost": 1.32,
                                  "Total Cost": 3049.68,
                                  "Plan Rows": 2353,
                                  "Plan Width": 4,
                                  "Inner Unique": false,
                                  "Hash Cond": "(supplier.s_nationkey = nation.n_nationkey)",
                                  "Plans": [
                                    {
                                      "Node Type": "Seq Scan",
                                      "Parent Relationship": "Outer",
                                      "Parallel Aware": true,
                                      "Async Capable": false,
                                      "Relation Name": "supplier",
                                      "Alias": "supplier",
                                      "Startup Cost": 0.0,
                                      "Total Cost": 2804.24,
                                      "Plan Rows": 58824,
                                      "Plan Width": 8,
                                      "parent": 18,
                                      "ID": 19
                                    },
                                    {
                                      "Node Type": "Hash",
                                      "Parent Relationship": "Inner",
                                      "Parallel Aware": false,
                                      "Async Capable": false,
                                      "Startup Cost": 1.31,
                                      "Total Cost": 1.31,
                                      "Plan Rows": 1,
                                      "Plan Width": 4,
                                      "Plans": [
                                        {
                                          "Node Type": "Seq Scan",
                                          "Parent Relationship": "Outer",
                                          "Parallel Aware": false,
                                          "Async Capable": false,
                                          "Relation Name": "nation",
                                          "Alias": "nation",
                                          "Startup Cost": 0.0,
                                          "Total Cost": 1.31,
                                          "Plan Rows": 1,
                                          "Plan Width": 4,
                                          "Filter": "(n_name = 'UNITED STATES'::bpchar)",
                                          "parent": 20,
                                          "ID": 21
                                        }
                                      ],
                                      "parent": 18,
                                      "ID": 20,
                                      "left": 21
                                    }
                                  ],
                                  "parent": 17,
                                  "ID": 18,
                                  "left": 19,
                                  "right": 20
                                }
                              ],
                              "parent": 15,
                              "ID": 17,
                              "left": 18
                            }
                          ],
                          "parent": 14,
                          "ID": 15,
                          "left": 16,
                          "right": 17
                        }
                      ],
                      "parent": 13,
                      "ID": 14,
                      "left": 15
                    }
                  ],
                  "parent": 12,
                  "ID": 13,
                  "left": 14
                }
              ],
              "parent": 11,
              "ID": 12,
              "left": 13
            }
          ],
          "parent": 0,
          "ID": 11,
          "left": 12
        }
      ],
      "parent": null,
      "ID": 0,
      "left": 1,
      "right": 11
    },
    "feat": {
      "utility": 0.0,
      "query_shape": [
        [
          "Seq Scan",
          "Hash Join",
          "Aggregate",
          "Gather"
        ],
        [
          "Seq Scan",
          "Hash Join",
          "Hash",
          "Aggregate",
          "Gather"
        ],
        [
          "Seq Scan",
          "Hash",
          "Hash Join",
          "Aggregate",
          "Gather"
        ],
        [
          "Seq Scan",
          "Hash Join",
          "Sort",
          "Aggregate",
          "Gather Merge"
        ],
        [
          "Seq Scan",
          "Hash Join",
          "Hash",
          "Sort",
          "Aggregate",
          "Gather Merge"
        ],
        [
          "Seq Scan",
          "Hash",
          "Hash Join",
          "Sort",
          "Aggregate",
          "Gather Merge"
        ]
      ],
      "index_shape": [
        "order-by"
      ],
      "physical_operator": {
        "Sort": [
          "[   1.       21.2      41.36     61.36     81.36    101.28    121.22\n  141.43    161.31    181.35    201.27    221.06    240.93    260.84\n  280.97    300.97    321.08    340.9     360.75    380.85    400.74\n  420.8158  440.57    460.5454  480.61    500.41    520.43    540.14\n  560.08    580.1     600.      619.84    639.8936  659.94    679.92\n  700.14    720.35    740.22    760.1724  779.93    800.11    820.12\n  840.      859.83    879.71    899.891   919.9     939.94    959.82\n  979.83   1000.    ]"
        ],
        "Aggregate": [
          "[   1.       21.2      41.36     61.36     81.36    101.28    121.22\n  141.43    161.31    181.35    201.27    221.06    240.93    260.84\n  280.97    300.97    321.08    340.9     360.75    380.85    400.74\n  420.8158  440.57    460.5454  480.61    500.41    520.43    540.14\n  560.08    580.1     600.      619.84    639.8936  659.94    679.92\n  700.14    720.35    740.22    760.1724  779.93    800.11    820.12\n  840.      859.83    879.71    899.891   919.9     939.94    959.82\n  979.83   1000.    ]"
        ]
      }
    }
  },
  {
    "query": "-- Functional Query Definition\n-- Approved February 1998\n\n\nselect\nps_partkey,\nsum(ps_supplycost * ps_availqty) as value\nfrom\npartsupp,\nsupplier,\nnation\nwhere\nps_suppkey = s_suppkey\nand s_nationkey = n_nationkey\nand n_name = 'UNITED STATES'\ngroup by\nps_partkey having\nsum(ps_supplycost * ps_availqty) > (\nselect\nsum(ps_supplycost * ps_availqty) * 0.0000100000\nfrom\npartsupp,\nsupplier,\nnation\nwhere\nps_suppkey = s_suppkey\nand s_nationkey = n_nationkey\nand n_name = 'UNITED STATES'\n)\norder by\nvalue desc ;\n-- $ID$\n-- TPC-H/TPC-R Shipping Modes and Order Priority ",
    "indexes": "supplier.s_suppkey",
    "wo plan est": {
      "Node Type": "Sort",
      "Parallel Aware": false,
      "Async Capable": false,
      "Startup Cost": 517534.29,
      "Total Cost": 517800.95,
      "Plan Rows": 106664,
      "Plan Width": 36,
      "Sort Key": [
        "(sum((partsupp.ps_supplycost * (partsupp.ps_availqty)::numeric))) DESC"
      ],
      "Plans": [
        {
          "Node Type": "Aggregate",
          "Strategy": "Plain",
          "Partial Mode": "Finalize",
          "Parent Relationship": "InitPlan",
          "Subplan Name": "InitPlan 1 (returns $1)",
          "Parallel Aware": false,
          "Async Capable": false,
          "Startup Cost": 226081.91,
          "Total Cost": 226081.92,
          "Plan Rows": 1,
          "Plan Width": 32,
          "Plans": [
            {
              "Node Type": "Gather",
              "Parent Relationship": "Outer",
              "Parallel Aware": false,
              "Async Capable": false,
              "Startup Cost": 226081.68,
              "Total Cost": 226081.89,
              "Plan Rows": 2,
              "Plan Width": 32,
              "Workers Planned": 2,
              "Single Copy": false,
              "Plans": [
                {
                  "Node Type": "Aggregate",
                  "Strategy": "Plain",
                  "Partial Mode": "Partial",
                  "Parent Relationship": "Outer",
                  "Parallel Aware": false,
                  "Async Capable": false,
                  "Startup Cost": 225081.68,
                  "Total Cost": 225081.69,
                  "Plan Rows": 1,
                  "Plan Width": 32,
                  "Plans": [
                    {
                      "Node Type": "Hash Join",
                      "Parent Relationship": "Outer",
                      "Parallel Aware": true,
                      "Async Capable": false,
                      "Join Type": "Inner",
                      "Startup Cost": 3079.09,
                      "Total Cost": 224081.71,
                      "Plan Rows": 133330,
                      "Plan Width": 10,
                      "Inner Unique": false,
                      "Hash Cond": "(partsupp_1.ps_suppkey = supplier_1.s_suppkey)",
                      "Plans": [
                        {
                          "Node Type": "Seq Scan",
                          "Parent Relationship": "Outer",
                          "Parallel Aware": true,
                          "Async Capable": false,
                          "Relation Name": "partsupp",
                          "Alias": "partsupp_1",
                          "Startup Cost": 0.0,
                          "Total Cost": 207718.58,
                          "Plan Rows": 3333258,
                          "Plan Width": 14,
                          "parent": 4,
                          "ID": 5
                        },
                        {
                          "Node Type": "Hash",
                          "Parent Relationship": "Inner",
                          "Parallel Aware": true,
                          "Async Capable": false,
                          "Startup Cost": 3049.68,
                          "Total Cost": 3049.68,
                          "Plan Rows": 2353,
                          "Plan Width": 4,
                          "Plans": [
                            {
                              "Node Type": "Hash Join",
                              "Parent Relationship": "Outer",
                              "Parallel Aware": false,
                              "Async Capable": false,
                              "Join Type": "Inner",
                              "Startup Cost": 1.32,
                              "Total Cost": 3049.68,
                              "Plan Rows": 2353,
                              "Plan Width": 4,
                              "Inner Unique": false,
                              "Hash Cond": "(supplier_1.s_nationkey = nation_1.n_nationkey)",
                              "Plans": [
                                {
                                  "Node Type": "Seq Scan",
                                  "Parent Relationship": "Outer",
                                  "Parallel Aware": true,
                                  "Async Capable": false,
                                  "Relation Name": "supplier",
                                  "Alias": "supplier_1",
                                  "Startup Cost": 0.0,
                                  "Total Cost": 2804.24,
                                  "Plan Rows": 58824,
                                  "Plan Width": 8,
                                  "parent": 7,
                                  "ID": 8
                                },
                                {
                                  "Node Type": "Hash",
                                  "Parent Relationship": "Inner",
                                  "Parallel Aware": false,
                                  "Async Capable": false,
                                  "Startup Cost": 1.31,
                                  "Total Cost": 1.31,
                                  "Plan Rows": 1,
                                  "Plan Width": 4,
                                  "Plans": [
                                    {
                                      "Node Type": "Seq Scan",
                                      "Parent Relationship": "Outer",
                                      "Parallel Aware": false,
                                      "Async Capable": false,
                                      "Relation Name": "nation",
                                      "Alias": "nation_1",
                                      "Startup Cost": 0.0,
                                      "Total Cost": 1.31,
                                      "Plan Rows": 1,
                                      "Plan Width": 4,
                                      "Filter": "(n_name = 'UNITED STATES'::bpchar)",
                                      "parent": 9,
                                      "ID": 10
                                    }
                                  ],
                                  "parent": 7,
                                  "ID": 9,
                                  "left": 10
                                }
                              ],
                              "parent": 6,
                              "ID": 7,
                              "left": 8,
                              "right": 9
                            }
                          ],
                          "parent": 4,
                          "ID": 6,
                          "left": 7
                        }
                      ],
                      "parent": 3,
                      "ID": 4,
                      "left": 5,
                      "right": 6
                    }
                  ],
                  "parent": 2,
                  "ID": 3,
                  "left": 4
                }
              ],
              "parent": 1,
              "ID": 2,
              "left": 3
            }
          ],
          "parent": 0,
          "ID": 1,
          "left": 2
        },
        {
          "Node Type": "Aggregate",
          "Strategy": "Sorted",
          "Partial Mode": "Finalize",
          "Parent Relationship": "Outer",
          "Parallel Aware": false,
          "Async Capable": false,
          "Startup Cost": 238713.21,
          "Total Cost": 279625.48,
          "Plan Rows": 106664,
          "Plan Width": 36,
          "Group Key": [
            "partsupp.ps_partkey"
          ],
          "Filter": "(sum((partsupp.ps_supplycost * (partsupp.ps_availqty)::numeric)) > $1)",
          "Plans": [
            {
              "Node Type": "Gather Merge",
              "Parent Relationship": "Outer",
              "Parallel Aware": false,
              "Async Capable": false,
              "Startup Cost": 238713.21,
              "Total Cost": 272825.64,
              "Plan Rows": 266660,
              "Plan Width": 36,
              "Workers Planned": 2,
              "Plans": [
                {
                  "Node Type": "Aggregate",
                  "Strategy": "Sorted",
                  "Partial Mode": "Partial",
                  "Parent Relationship": "Outer",
                  "Parallel Aware": false,
                  "Async Capable": false,
                  "Startup Cost": 237713.18,
                  "Total Cost": 241046.43,
                  "Plan Rows": 133330,
                  "Plan Width": 36,
                  "Group Key": [
                    "partsupp.ps_partkey"
                  ],
                  "Plans": [
                    {
                      "Node Type": "Sort",
                      "Parent Relationship": "Outer",
                      "Parallel Aware": false,
                      "Async Capable": false,
                      "Startup Cost": 237713.18,
                      "Total Cost": 238046.51,
                      "Plan Rows": 133330,
                      "Plan Width": 14,
                      "Sort Key": [
                        "partsupp.ps_partkey"
                      ],
                      "Plans": [
                        {
                          "Node Type": "Hash Join",
                          "Parent Relationship": "Outer",
                          "Parallel Aware": true,
                          "Async Capable": false,
                          "Join Type": "Inner",
                          "Startup Cost": 3079.09,
                          "Total Cost": 224081.71,
                          "Plan Rows": 133330,
                          "Plan Width": 14,
                          "Inner Unique": false,
                          "Hash Cond": "(partsupp.ps_suppkey = supplier.s_suppkey)",
                          "Plans": [
                            {
                              "Node Type": "Seq Scan",
                              "Parent Relationship": "Outer",
                              "Parallel Aware": true,
                              "Async Capable": false,
                              "Relation Name": "partsupp",
                              "Alias": "partsupp",
                              "Startup Cost": 0.0,
                              "Total Cost": 207718.58,
                              "Plan Rows": 3333258,
                              "Plan Width": 18,
                              "parent": 15,
                              "ID": 16
                            },
                            {
                              "Node Type": "Hash",
                              "Parent Relationship": "Inner",
                              "Parallel Aware": true,
                              "Async Capable": false,
                              "Startup Cost": 3049.68,
                              "Total Cost": 3049.68,
                              "Plan Rows": 2353,
                              "Plan Width": 4,
                              "Plans": [
                                {
                                  "Node Type": "Hash Join",
                                  "Parent Relationship": "Outer",
                                  "Parallel Aware": false,
                                  "Async Capable": false,
                                  "Join Type": "Inner",
                                  "Startup Cost": 1.32,
                                  "Total Cost": 3049.68,
                                  "Plan Rows": 2353,
                                  "Plan Width": 4,
                                  "Inner Unique": false,
                                  "Hash Cond": "(supplier.s_nationkey = nation.n_nationkey)",
                                  "Plans": [
                                    {
                                      "Node Type": "Seq Scan",
                                      "Parent Relationship": "Outer",
                                      "Parallel Aware": true,
                                      "Async Capable": false,
                                      "Relation Name": "supplier",
                                      "Alias": "supplier",
                                      "Startup Cost": 0.0,
                                      "Total Cost": 2804.24,
                                      "Plan Rows": 58824,
                                      "Plan Width": 8,
                                      "parent": 18,
                                      "ID": 19
                                    },
                                    {
                                      "Node Type": "Hash",
                                      "Parent Relationship": "Inner",
                                      "Parallel Aware": false,
                                      "Async Capable": false,
                                      "Startup Cost": 1.31,
                                      "Total Cost": 1.31,
                                      "Plan Rows": 1,
                                      "Plan Width": 4,
                                      "Plans": [
                                        {
                                          "Node Type": "Seq Scan",
                                          "Parent Relationship": "Outer",
                                          "Parallel Aware": false,
                                          "Async Capable": false,
                                          "Relation Name": "nation",
                                          "Alias": "nation",
                                          "Startup Cost": 0.0,
                                          "Total Cost": 1.31,
                                          "Plan Rows": 1,
                                          "Plan Width": 4,
                                          "Filter": "(n_name = 'UNITED STATES'::bpchar)",
                                          "parent": 20,
                                          "ID": 21
                                        }
                                      ],
                                      "parent": 18,
                                      "ID": 20,
                                      "left": 21
                                    }
                                  ],
                                  "parent": 17,
                                  "ID": 18,
                                  "left": 19,
                                  "right": 20
                                }
                              ],
                              "parent": 15,
                              "ID": 17,
                              "left": 18
                            }
                          ],
                          "parent": 14,
                          "ID": 15,
                          "left": 16,
                          "right": 17
                        }
                      ],
                      "parent": 13,
                      "ID": 14,
                      "left": 15
                    }
                  ],
                  "parent": 12,
                  "ID": 13,
                  "left": 14
                }
              ],
              "parent": 11,
              "ID": 12,
              "left": 13
            }
          ],
          "parent": 0,
          "ID": 11,
          "left": 12
        }
      ],
      "parent": null,
      "ID": 0,
      "left": 1,
      "right": 11
    },
    "feat": {
      "utility": 5.038997343000708e-06,
      "query_shape": [
        [
          "Seq Scan",
          "Hash Join",
          "Aggregate",
          "Gather"
        ],
        [
          "Seq Scan",
          "Hash Join",
          "Hash",
          "Aggregate",
          "Gather"
        ],
        [
          "Seq Scan",
          "Hash",
          "Hash Join",
          "Aggregate",
          "Gather"
        ],
        [
          "Seq Scan",
          "Hash Join",
          "Sort",
          "Aggregate",
          "Gather Merge"
        ],
        [
          "Seq Scan",
          "Hash Join",
          "Hash",
          "Sort",
          "Aggregate",
          "Gather Merge"
        ],
        [
          "Seq Scan",
          "Hash",
          "Hash Join",
          "Sort",
          "Aggregate",
          "Gather Merge"
        ]
      ],
      "index_shape": [
        "join"
      ],
      "physical_operator": {
        "Hash Join": [
          0.004123049139983979,
          0.004123049139983979
        ]
      }
    }
  },
  {
    "query": "-- Functional Query Definition\n-- Approved February 1998\n\n\nselect\nps_partkey,\nsum(ps_supplycost * ps_availqty) as value\nfrom\npartsupp,\nsupplier,\nnation\nwhere\nps_suppkey = s_suppkey\nand s_nationkey = n_nationkey\nand n_name = 'UNITED STATES'\ngroup by\nps_partkey having\nsum(ps_supplycost * ps_availqty) > (\nselect\nsum(ps_supplycost * ps_availqty) * 0.0000100000\nfrom\npartsupp,\nsupplier,\nnation\nwhere\nps_suppkey = s_suppkey\nand s_nationkey = n_nationkey\nand n_name = 'UNITED STATES'\n)\norder by\nvalue desc ;\n-- $ID$\n-- TPC-H/TPC-R Shipping Modes and Order Priority ",
    "indexes": "supplier.s_nationkey",
    "wo plan est": {
      "Node Type": "Sort",
      "Parallel Aware": false,
      "Async Capable": false,
      "Startup Cost": 517534.29,
      "Total Cost": 517800.95,
      "Plan Rows": 106664,
      "Plan Width": 36,
      "Sort Key": [
        "(sum((partsupp.ps_supplycost * (partsupp.ps_availqty)::numeric))) DESC"
      ],
      "Plans": [
        {
          "Node Type": "Aggregate",
          "Strategy": "Plain",
          "Partial Mode": "Finalize",
          "Parent Relationship": "InitPlan",
          "Subplan Name": "InitPlan 1 (returns $1)",
          "Parallel Aware": false,
          "Async Capable": false,
          "Startup Cost": 226081.91,
          "Total Cost": 226081.92,
          "Plan Rows": 1,
          "Plan Width": 32,
          "Plans": [
            {
              "Node Type": "Gather",
              "Parent Relationship": "Outer",
              "Parallel Aware": false,
              "Async Capable": false,
              "Startup Cost": 226081.68,
              "Total Cost": 226081.89,
              "Plan Rows": 2,
              "Plan Width": 32,
              "Workers Planned": 2,
              "Single Copy": false,
              "Plans": [
                {
                  "Node Type": "Aggregate",
                  "Strategy": "Plain",
                  "Partial Mode": "Partial",
                  "Parent Relationship": "Outer",
                  "Parallel Aware": false,
                  "Async Capable": false,
                  "Startup Cost": 225081.68,
                  "Total Cost": 225081.69,
                  "Plan Rows": 1,
                  "Plan Width": 32,
                  "Plans": [
                    {
                      "Node Type": "Hash Join",
                      "Parent Relationship": "Outer",
                      "Parallel Aware": true,
                      "Async Capable": false,
                      "Join Type": "Inner",
                      "Startup Cost": 3079.09,
                      "Total Cost": 224081.71,
                      "Plan Rows": 133330,
                      "Plan Width": 10,
                      "Inner Unique": false,
                      "Hash Cond": "(partsupp_1.ps_suppkey = supplier_1.s_suppkey)",
                      "Plans": [
                        {
                          "Node Type": "Seq Scan",
                          "Parent Relationship": "Outer",
                          "Parallel Aware": true,
                          "Async Capable": false,
                          "Relation Name": "partsupp",
                          "Alias": "partsupp_1",
                          "Startup Cost": 0.0,
                          "Total Cost": 207718.58,
                          "Plan Rows": 3333258,
                          "Plan Width": 14,
                          "parent": 4,
                          "ID": 5
                        },
                        {
                          "Node Type": "Hash",
                          "Parent Relationship": "Inner",
                          "Parallel Aware": true,
                          "Async Capable": false,
                          "Startup Cost": 3049.68,
                          "Total Cost": 3049.68,
                          "Plan Rows": 2353,
                          "Plan Width": 4,
                          "Plans": [
                            {
                              "Node Type": "Hash Join",
                              "Parent Relationship": "Outer",
                              "Parallel Aware": false,
                              "Async Capable": false,
                              "Join Type": "Inner",
                              "Startup Cost": 1.32,
                              "Total Cost": 3049.68,
                              "Plan Rows": 2353,
                              "Plan Width": 4,
                              "Inner Unique": false,
                              "Hash Cond": "(supplier_1.s_nationkey = nation_1.n_nationkey)",
                              "Plans": [
                                {
                                  "Node Type": "Seq Scan",
                                  "Parent Relationship": "Outer",
                                  "Parallel Aware": true,
                                  "Async Capable": false,
                                  "Relation Name": "supplier",
                                  "Alias": "supplier_1",
                                  "Startup Cost": 0.0,
                                  "Total Cost": 2804.24,
                                  "Plan Rows": 58824,
                                  "Plan Width": 8,
                                  "parent": 7,
                                  "ID": 8
                                },
                                {
                                  "Node Type": "Hash",
                                  "Parent Relationship": "Inner",
                                  "Parallel Aware": false,
                                  "Async Capable": false,
                                  "Startup Cost": 1.31,
                                  "Total Cost": 1.31,
                                  "Plan Rows": 1,
                                  "Plan Width": 4,
                                  "Plans": [
                                    {
                                      "Node Type": "Seq Scan",
                                      "Parent Relationship": "Outer",
                                      "Parallel Aware": false,
                                      "Async Capable": false,
                                      "Relation Name": "nation",
                                      "Alias": "nation_1",
                                      "Startup Cost": 0.0,
                                      "Total Cost": 1.31,
                                      "Plan Rows": 1,
                                      "Plan Width": 4,
                                      "Filter": "(n_name = 'UNITED STATES'::bpchar)",
                                      "parent": 9,
                                      "ID": 10
                                    }
                                  ],
                                  "parent": 7,
                                  "ID": 9,
                                  "left": 10
                                }
                              ],
                              "parent": 6,
                              "ID": 7,
                              "left": 8,
                              "right": 9
                            }
                          ],
                          "parent": 4,
                          "ID": 6,
                          "left": 7
                        }
                      ],
                      "parent": 3,
                      "ID": 4,
                      "left": 5,
                      "right": 6
                    }
                  ],
                  "parent": 2,
                  "ID": 3,
                  "left": 4
                }
              ],
              "parent": 1,
              "ID": 2,
              "left": 3
            }
          ],
          "parent": 0,
          "ID": 1,
          "left": 2
        },
        {
          "Node Type": "Aggregate",
          "Strategy": "Sorted",
          "Partial Mode": "Finalize",
          "Parent Relationship": "Outer",
          "Parallel Aware": false,
          "Async Capable": false,
          "Startup Cost": 238713.21,
          "Total Cost": 279625.48,
          "Plan Rows": 106664,
          "Plan Width": 36,
          "Group Key": [
            "partsupp.ps_partkey"
          ],
          "Filter": "(sum((partsupp.ps_supplycost * (partsupp.ps_availqty)::numeric)) > $1)",
          "Plans": [
            {
              "Node Type": "Gather Merge",
              "Parent Relationship": "Outer",
              "Parallel Aware": false,
              "Async Capable": false,
              "Startup Cost": 238713.21,
              "Total Cost": 272825.64,
              "Plan Rows": 266660,
              "Plan Width": 36,
              "Workers Planned": 2,
              "Plans": [
                {
                  "Node Type": "Aggregate",
                  "Strategy": "Sorted",
                  "Partial Mode": "Partial",
                  "Parent Relationship": "Outer",
                  "Parallel Aware": false,
                  "Async Capable": false,
                  "Startup Cost": 237713.18,
                  "Total Cost": 241046.43,
                  "Plan Rows": 133330,
                  "Plan Width": 36,
                  "Group Key": [
                    "partsupp.ps_partkey"
                  ],
                  "Plans": [
                    {
                      "Node Type": "Sort",
                      "Parent Relationship": "Outer",
                      "Parallel Aware": false,
                      "Async Capable": false,
                      "Startup Cost": 237713.18,
                      "Total Cost": 238046.51,
                      "Plan Rows": 133330,
                      "Plan Width": 14,
                      "Sort Key": [
                        "partsupp.ps_partkey"
                      ],
                      "Plans": [
                        {
                          "Node Type": "Hash Join",
                          "Parent Relationship": "Outer",
                          "Parallel Aware": true,
                          "Async Capable": false,
                          "Join Type": "Inner",
                          "Startup Cost": 3079.09,
                          "Total Cost": 224081.71,
                          "Plan Rows": 133330,
                          "Plan Width": 14,
                          "Inner Unique": false,
                          "Hash Cond": "(partsupp.ps_suppkey = supplier.s_suppkey)",
                          "Plans": [
                            {
                              "Node Type": "Seq Scan",
                              "Parent Relationship": "Outer",
                              "Parallel Aware": true,
                              "Async Capable": false,
                              "Relation Name": "partsupp",
                              "Alias": "partsupp",
                              "Startup Cost": 0.0,
                              "Total Cost": 207718.58,
                              "Plan Rows": 3333258,
                              "Plan Width": 18,
                              "parent": 15,
                              "ID": 16
                            },
                            {
                              "Node Type": "Hash",
                              "Parent Relationship": "Inner",
                              "Parallel Aware": true,
                              "Async Capable": false,
                              "Startup Cost": 3049.68,
                              "Total Cost": 3049.68,
                              "Plan Rows": 2353,
                              "Plan Width": 4,
                              "Plans": [
                                {
                                  "Node Type": "Hash Join",
                                  "Parent Relationship": "Outer",
                                  "Parallel Aware": false,
                                  "Async Capable": false,
                                  "Join Type": "Inner",
                                  "Startup Cost": 1.32,
                                  "Total Cost": 3049.68,
                                  "Plan Rows": 2353,
                                  "Plan Width": 4,
                                  "Inner Unique": false,
                                  "Hash Cond": "(supplier.s_nationkey = nation.n_nationkey)",
                                  "Plans": [
                                    {
                                      "Node Type": "Seq Scan",
                                      "Parent Relationship": "Outer",
                                      "Parallel Aware": true,
                                      "Async Capable": false,
                                      "Relation Name": "supplier",
                                      "Alias": "supplier",
                                      "Startup Cost": 0.0,
                                      "Total Cost": 2804.24,
                                      "Plan Rows": 58824,
                                      "Plan Width": 8,
                                      "parent": 18,
                                      "ID": 19
                                    },
                                    {
                                      "Node Type": "Hash",
                                      "Parent Relationship": "Inner",
                                      "Parallel Aware": false,
                                      "Async Capable": false,
                                      "Startup Cost": 1.31,
                                      "Total Cost": 1.31,
                                      "Plan Rows": 1,
                                      "Plan Width": 4,
                                      "Plans": [
                                        {
                                          "Node Type": "Seq Scan",
                                          "Parent Relationship": "Outer",
                                          "Parallel Aware": false,
                                          "Async Capable": false,
                                          "Relation Name": "nation",
                                          "Alias": "nation",
                                          "Startup Cost": 0.0,
                                          "Total Cost": 1.31,
                                          "Plan Rows": 1,
                                          "Plan Width": 4,
                                          "Filter": "(n_name = 'UNITED STATES'::bpchar)",
                                          "parent": 20,
                                          "ID": 21
                                        }
                                      ],
                                      "parent": 18,
                                      "ID": 20,
                                      "left": 21
                                    }
                                  ],
                                  "parent": 17,
                                  "ID": 18,
                                  "left": 19,
                                  "right": 20
                                }
                              ],
                              "parent": 15,
                              "ID": 17,
                              "left": 18
                            }
                          ],
                          "parent": 14,
                          "ID": 15,
                          "left": 16,
                          "right": 17
                        }
                      ],
                      "parent": 13,
                      "ID": 14,
                      "left": 15
                    }
                  ],
                  "parent": 12,
                  "ID": 13,
                  "left": 14
                }
              ],
              "parent": 11,
              "ID": 12,
              "left": 13
            }
          ],
          "parent": 0,
          "ID": 11,
          "left": 12
        }
      ],
      "parent": null,
      "ID": 0,
      "left": 1,
      "right": 11
    },
    "feat": {
      "utility": 4.0478789118763895e-06,
      "query_shape": [
        [
          "Seq Scan",
          "Hash Join",
          "Aggregate",
          "Gather"
        ],
        [
          "Seq Scan",
          "Hash Join",
          "Hash",
          "Aggregate",
          "Gather"
        ],
        [
          "Seq Scan",
          "Hash",
          "Hash Join",
          "Aggregate",
          "Gather"
        ],
        [
          "Seq Scan",
          "Hash Join",
          "Sort",
          "Aggregate",
          "Gather Merge"
        ],
        [
          "Seq Scan",
          "Hash Join",
          "Hash",
          "Sort",
          "Aggregate",
          "Gather Merge"
        ],
        [
          "Seq Scan",
          "Hash",
          "Hash Join",
          "Sort",
          "Aggregate",
          "Gather Merge"
        ]
      ],
      "index_shape": [
        "join"
      ],
      "physical_operator": {
        "Hash Join": [
          0.20000169997917527,
          0.20000169997917527
        ]
      }
    }
  }
]